0.00, 4311059
0.00, 4306265
0.00, 4289927
0.00, 4254701
0.00, 4250107
0.00, 4053961
0.00, 3852288
0.00, 3804753
0.00, 3790660
0.00, 3785929
0.00, 3577829
0.00, 3416931
0.00, 3409607
0.00, 3247995
0.00, 3028035
0.00, 3021443
0.00, 3013911
0.00, 2990391
0.00, 2969672
0.00, 2929836
0.00, 2924606
0.00, 2910499
0.00, 2878306
0.00, 2795830
0.00, 2746115
0.00, 2722207
0.00, 2633208
0.00, 2584836
0.00, 2539453
0.00, 2529766
0.00, 2527442
0.00, 2494514
0.00, 2432994
0.00, 2419012
0.00, 2410778
0.00, 2384648
0.00, 2328080
0.00, 2326290
0.00, 2319736
0.00, 2305647
0.00, 2283884
0.01, 2199508
0.01, 2179362
0.01, 2165383
0.01, 2151274
0.01, 2148950
0.01, 2089766
0.01, 2077181
0.01, 2065892
0.01, 2053249
0.01, 2052996
0.01, 2039669
0.01, 2016322
0.01, 2003763
