0.00, 4651899
0.00, 4636319
0.00, 4604988
0.00, 4546535
0.00, 4431398
0.00, 4427844
0.00, 3965071
0.00, 3964452
0.00, 3943532
0.00, 3812510
0.00, 3747552
0.00, 3484457
0.00, 3481806
0.00, 3459916
0.00, 3434906
0.00, 3236922
0.00, 3170539
0.00, 2978128
0.00, 2952508
0.00, 2869350
0.00, 2812048
0.00, 2794624
0.00, 2759575
0.00, 2675005
0.00, 2486233
0.00, 2477050
0.00, 2453703
0.00, 2377861
0.00, 2368592
0.00, 2359535
0.00, 2310480
0.00, 2266247
0.00, 2220096
0.00, 2211777
0.00, 2183909
0.00, 2058297
0.01, 2048609
0.01, 2044566
0.01, 2031423
0.84, 2023779
0.88, 2016322
0.91, 2003763
