0.04, 5316937
0.04, 5308285
0.04, 5086551
0.04, 4918566
0.04, 4873063
0.04, 4802270
0.04, 4761948
0.04, 4296927
0.04, 4027239
0.04, 3817608
0.04, 3328717
0.04, 3277820
0.04, 3127650
0.04, 3123396
0.04, 3123209
0.04, 3109178
0.04, 3031292
0.04, 2854633
0.04, 2850344
0.04, 2782575
0.04, 2654575
0.04, 2624198
0.04, 2568655
0.04, 2489760
0.04, 2433821
0.04, 2419880
0.04, 2408864
0.04, 2405880
0.04, 2298549
0.04, 2292411
0.04, 2235593
0.04, 2215668
0.04, 2212573
0.04, 2210783
0.05, 2105089
0.05, 2054590
0.05, 2024508
0.05, 2003763
