0.00, 5363655
0.00, 5312097
0.00, 5173259
0.00, 5168751
0.00, 5082933
0.00, 4878066
0.00, 4852350
0.00, 4830472
0.00, 4765514
0.00, 4525203
0.00, 4375337
0.00, 4352005
0.00, 4342854
0.00, 4334081
0.00, 4315755
0.00, 4234489
0.00, 4218476
0.00, 4177102
0.00, 4043868
0.00, 3988321
0.00, 3913621
0.00, 3910960
0.00, 3715207
0.00, 3594237
0.00, 3582681
0.00, 3420035
0.00, 3249022
0.00, 3098852
0.00, 3057959
0.00, 2995232
0.00, 2981136
0.00, 2818846
0.00, 2817381
0.00, 2795012
0.00, 2657744
0.00, 2645610
0.00, 2570407
0.00, 2563491
0.00, 2490238
0.00, 2414584
0.00, 2404168
0.00, 2355832
0.00, 2340114
0.00, 2110102
0.00, 2023779
0.88, 2016322
0.88, 2003763
