0.03, 4366076
0.03, 4265753
0.03, 4166249
0.03, 3903212
0.03, 3682339
0.03, 3646165
0.03, 3628465
0.03, 3592555
0.03, 3576610
0.03, 3508827
0.03, 3347221
0.03, 3301680
0.03, 3162271
0.03, 3135157
0.03, 3133892
0.03, 2942535
0.03, 2847165
0.03, 2828895
0.03, 2793109
0.03, 2788604
0.03, 2759338
0.03, 2744624
0.03, 2669362
0.03, 2648987
0.03, 2645155
0.03, 2601007
0.03, 2557871
0.03, 2552130
0.03, 2322118
0.03, 2279569
0.03, 2253280
0.03, 2240384
0.03, 2225030
0.03, 2222613
0.03, 2116547
0.03, 2078944
0.03, 2003763
