0.01, 4525082
0.01, 4170486
0.01, 4080081
0.01, 4035829
0.01, 3934318
0.01, 3593197
0.01, 3573553
0.01, 3573348
0.01, 3546722
0.01, 3521817
0.01, 3479974
0.01, 3397498
0.01, 3387064
0.01, 3257408
0.01, 3224635
0.01, 3056317
0.01, 2946101
0.01, 2939207
0.01, 2903684
0.01, 2887030
0.01, 2837071
0.01, 2688300
0.01, 2684621
0.01, 2638627
0.01, 2627533
0.01, 2443527
0.01, 2424786
0.01, 2333495
0.01, 2291734
0.01, 2271274
0.01, 2141468
0.01, 2125142
0.01, 2122818
0.01, 2085284
0.01, 2072409
0.01, 2058468
0.03, 2045909
0.05, 2042058
0.07, 2041839
0.07, 2031423
0.80, 2030052
0.84, 2029184
0.85, 2023779
0.86, 2016322
0.89, 2003763
