0.04, 4612167
0.04, 4252400
0.04, 4016699
0.04, 3982414
0.04, 3776048
0.04, 3624594
0.04, 3410478
0.04, 3347615
0.04, 3345395
0.04, 3294171
0.04, 3260645
0.04, 3242908
0.04, 3158218
0.04, 3152982
0.04, 3139420
0.04, 3015210
0.04, 2968420
0.04, 2805516
0.04, 2766778
0.04, 2715989
0.04, 2682198
0.04, 2682005
0.04, 2662801
0.04, 2642876
0.04, 2623565
0.04, 2511933
0.04, 2497992
0.04, 2495668
0.04, 2487532
0.04, 2427356
0.04, 2299663
0.04, 2289456
0.04, 2282063
0.04, 2237976
0.04, 2162795
0.04, 2125522
0.04, 2030052
0.04, 2003763
