0.00, 4767740
0.00, 4711202
0.00, 4528867
0.00, 4512096
0.00, 4489237
0.00, 4192797
0.00, 4172469
0.00, 4001640
0.00, 3990545
0.00, 3789843
0.00, 3776367
0.00, 3690703
0.00, 3668554
0.00, 3600185
0.00, 3598745
0.00, 3555502
0.00, 3491362
0.00, 3272144
0.00, 3025926
0.00, 2958091
0.00, 2808745
0.00, 2748110
0.00, 2647159
0.00, 2569273
0.00, 2442757
0.00, 2376801
0.00, 2368552
0.00, 2356658
0.00, 2303604
0.00, 2153434
0.00, 2149692
0.00, 2131609
0.00, 2131327
0.00, 2107290
0.00, 2103548
0.00, 2023779
0.85, 2020002
0.90, 2017704
0.90, 2003763
