0.02, 4894063
0.02, 4892881
0.02, 4858049
0.02, 4497629
0.02, 4134586
0.02, 3951818
0.02, 3911151
0.02, 3905431
0.02, 3902044
0.02, 3817262
0.02, 3789292
0.02, 3788613
0.02, 3786303
0.02, 3625070
0.02, 3614176
0.02, 3605219
0.02, 3441335
0.02, 3204012
0.02, 3202353
0.02, 3179019
0.02, 3143260
0.02, 3074689
0.02, 3002771
0.02, 2988865
0.02, 2975041
0.02, 2854553
0.02, 2851031
0.02, 2757572
0.02, 2741179
0.02, 2708896
0.02, 2699499
0.02, 2684376
0.02, 2632337
0.02, 2631659
0.02, 2574766
0.02, 2513907
0.02, 2513418
0.02, 2395598
0.02, 2391503
0.02, 2389044
0.02, 2293043
0.02, 2207870
0.02, 2198241
0.02, 2182002
0.02, 2058888
0.02, 2045745
0.04, 2042058
0.04, 2041839
0.04, 2031423
0.83, 2023779
0.88, 2020002
0.89, 2016322
0.93, 2003763
