0.03, 4691279
0.03, 4611792
0.03, 4310307
0.03, 4073097
0.03, 4045036
0.03, 4034611
0.03, 3920436
0.03, 3905283
0.03, 3896721
0.03, 3777849
0.03, 3701158
0.03, 3612142
0.03, 3427530
0.03, 3420542
0.03, 3420260
0.03, 3246744
0.03, 3050991
0.03, 3038567
0.03, 3031663
0.03, 2912346
0.03, 2880715
0.03, 2822937
0.03, 2788245
0.03, 2774521
0.03, 2717208
0.03, 2686837
0.03, 2669139
0.03, 2644573
0.03, 2612923
0.03, 2482556
0.03, 2341709
0.03, 2302401
0.03, 2183188
0.03, 2142476
0.03, 2136410
0.03, 2129106
0.03, 2066821
0.03, 2016322
0.05, 2003763
