0.00, 4240079
0.00, 4236442
0.00, 4180205
0.00, 4081514
0.00, 4060434
0.00, 3823276
0.00, 3768809
0.00, 3690721
0.00, 3659549
0.00, 3442498
0.00, 3419741
0.00, 3367820
0.00, 3244706
0.00, 3232595
0.00, 3193569
0.00, 3101036
0.00, 3083794
0.00, 3057339
0.00, 2934400
0.00, 2932675
0.00, 2894445
0.00, 2827708
0.00, 2658962
0.00, 2573298
0.00, 2487980
0.00, 2481426
0.00, 2467317
0.00, 2453376
0.00, 2436171
0.00, 2354539
0.00, 2352749
0.00, 2340726
0.00, 2300861
0.00, 2256518
0.00, 2130906
0.00, 2123918
0.01, 2090045
0.01, 2073806
0.01, 2045745
0.05, 2024508
0.05, 2003763
