0.00,4569933
0.00,3708407
0.00,3382449
0.00,3351957
0.00,3214324
0.00,2975697
0.00,2819815
0.00,2860490
0.00,2630478
0.00,2659599
0.00,2630678
0.00,2563712
0.00,2431228
0.00,2310258
0.00,2214788
0.00,2370004
0.00,2611904
0.00,2543023
0.00,2458208
0.00,2609857
0.00,2610667
0.00,2163577
0.00,2296061
0.00,2126444
0.00,2100155
0.00,2083916
0.00,2470035
0.00,2354321
0.00,2481002
0.00,2538821
0.00,2654894
0.00,2597685
0.00,2436827
0.00,2269454
0.00,2068562
0.00,2165999
0.00,2195120
0.00,2166199
0.00,2099233
0.00,2003763
