0.00, 4010432
0.00, 3882724
0.00, 3879401
0.00, 3856748
0.00, 3803694
0.00, 3725022
0.00, 3700141
0.00, 3463128
0.00, 3416802
0.00, 3414782
0.00, 3392504
0.00, 3240582
0.00, 3181500
0.00, 3171075
0.00, 3166982
0.00, 3157512
0.00, 3146615
0.00, 3074520
0.00, 3017933
0.00, 2996274
0.00, 2953475
0.00, 2903516
0.00, 2902094
0.00, 2873198
0.00, 2801623
0.00, 2777131
0.00, 2730273
0.00, 2672344
0.00, 2668602
0.00, 2600908
0.00, 2560127
0.00, 2534516
0.00, 2512413
0.00, 2423567
0.00, 2416854
0.00, 2408620
0.00, 2313150
0.00, 2305980
0.00, 2197497
0.00, 2045009
0.00, 2041763
0.00, 2037509
0.01, 2034414
0.01, 2023779
0.87, 2017704
0.88, 2003763
