0.03, 4614098
0.03, 4610856
0.03, 4306593
0.03, 4270241
0.03, 4253666
0.03, 4008801
0.03, 3610482
0.03, 3595814
0.03, 3531200
0.03, 3497409
0.03, 3361023
0.03, 3355044
0.03, 3269142
0.03, 3116364
0.03, 3109561
0.03, 2996658
0.03, 2992313
0.03, 2988220
0.03, 2980084
0.03, 2972102
0.03, 2904408
0.03, 2779937
0.03, 2743843
0.03, 2720074
0.03, 2691766
0.03, 2658708
0.03, 2588511
0.03, 2425607
0.03, 2406403
0.03, 2389999
0.03, 2228766
0.03, 2210683
0.03, 2196742
0.04, 2111960
0.04, 2097606
0.04, 2034195
0.04, 2023779
0.89, 2016322
0.92, 2003763
