0.00, 4967342
0.00, 4899892
0.00, 4365120
0.00, 4342409
0.00, 4339443
0.00, 3971105
0.00, 3842197
0.00, 3713457
0.00, 3599701
0.00, 3597243
0.00, 3432315
0.00, 3425286
0.00, 3395599
0.00, 3179961
0.01, 3138239
0.01, 3125987
0.01, 3124612
0.01, 2956829
0.01, 2928089
0.01, 2914534
0.01, 2906159
0.01, 2686498
0.01, 2590515
0.01, 2565152
0.01, 2555151
0.01, 2347435
0.01, 2335813
0.01, 2323490
0.01, 2292394
0.01, 2271699
0.01, 2223384
0.01, 2206142
0.01, 2168275
0.01, 2144348
0.01, 2111707
0.01, 2084794
0.02, 2080515
0.09, 2037509
0.09, 2034414
0.80, 2026738
0.81, 2016322
0.82, 2003763
