0.01, 4827004
0.01, 4792474
0.01, 4645895
0.01, 4476746
0.01, 4436480
0.01, 4408329
0.01, 3989010
0.01, 3903237
0.01, 3869731
0.01, 3811153
0.01, 3785791
0.01, 3617140
0.01, 3442234
0.01, 3406448
0.01, 3348332
0.01, 3205734
0.01, 3108638
0.01, 3072694
0.01, 3065425
0.01, 2995030
0.01, 2962252
0.01, 2960745
0.01, 2907695
0.01, 2889162
0.01, 2766104
0.01, 2735301
0.01, 2718394
0.01, 2605849
0.01, 2481313
0.01, 2437977
0.01, 2384046
0.01, 2356217
0.01, 2336546
0.01, 2329995
0.01, 2303470
0.01, 2179657
0.01, 2131342
0.01, 2108466
0.01, 2102787
0.01, 2084794
0.01, 2034414
0.02, 2034195
0.02, 2023779
0.90, 2016322
0.91, 2003763
