0.00, 4627858
0.00, 4616221
0.00, 4478410
0.00, 4467155
0.00, 4114282
0.00, 4111750
0.00, 4102694
0.00, 4097983
0.00, 3946960
0.00, 3866593
0.00, 3533734
0.00, 3530440
0.00, 3515287
0.00, 3494738
0.00, 3458129
0.00, 3437249
0.00, 3241407
0.00, 3218444
0.00, 3083179
0.00, 2894309
0.00, 2881454
0.00, 2876676
0.00, 2695254
0.00, 2681956
0.00, 2681734
0.00, 2607160
0.00, 2568037
0.00, 2558239
0.00, 2550634
0.00, 2330325
0.00, 2193094
0.00, 2134978
0.00, 2083458
0.00, 2067219
0.00, 2045909
0.01, 2003763
