0.00, 4447629
0.00, 4265678
0.00, 4223402
0.00, 4173659
0.00, 4166103
0.00, 3995488
0.00, 3991825
0.00, 3857460
0.00, 3712628
0.00, 3594858
0.00, 3465273
0.00, 3302802
0.00, 3244371
0.00, 2974942
0.00, 2962299
0.00, 2958045
0.00, 2951697
0.00, 2923827
0.00, 2888778
0.00, 2867228
0.00, 2860457
0.00, 2784222
0.00, 2780129
0.00, 2757851
0.00, 2587375
0.00, 2411983
0.00, 2411016
0.00, 2323442
0.00, 2204125
0.00, 2108655
0.00, 2092416
0.00, 2092227
0.00, 2090982
0.00, 2076012
0.00, 2075819
0.00, 2069451
0.00, 2055510
0.00, 2052219
0.00, 2031423
0.86, 2017704
0.86, 2003763
