0.00, 5553145
0.00, 5513258
0.00, 5476132
0.00, 5475453
0.00, 5274183
0.00, 5232635
0.00, 5038962
0.00, 4962082
0.00, 4757176
0.00, 4749319
0.00, 4671852
0.00, 4272723
0.00, 4263829
0.00, 4218593
0.00, 4051078
0.00, 4001197
0.00, 3838366
0.00, 3772598
0.00, 3715283
0.00, 3485271
0.00, 3258341
0.00, 3243465
0.00, 3222581
0.00, 3203127
0.00, 3172976
0.00, 3096741
0.00, 3035993
0.00, 3010362
0.00, 2875793
0.00, 2847580
0.00, 2709120
0.00, 2448355
0.00, 2445371
0.00, 2245461
0.00, 2235785
0.00, 2231440
0.00, 2147064
0.00, 2062282
0.00, 2044281
0.01, 2044092
0.01, 2034195
0.01, 2023779
0.87, 2003763
