0.01, 4848886
0.01, 4842841
0.01, 4753714
0.01, 4586715
0.01, 4486394
0.01, 4458118
0.01, 4446850
0.01, 4268577
0.01, 4163839
0.01, 3989683
0.01, 3935393
0.01, 3723219
0.01, 3599193
0.01, 3577824
0.01, 3362840
0.01, 3349150
0.01, 3338924
0.01, 3301057
0.01, 3114423
0.01, 3045410
0.01, 3013333
0.01, 3012208
0.01, 3009113
0.01, 2967757
0.01, 2940473
0.01, 2845003
0.01, 2841651
0.01, 2685769
0.01, 2578928
0.01, 2550537
0.01, 2439215
0.01, 2430543
0.01, 2379540
0.01, 2350367
0.01, 2309923
0.01, 2298742
0.01, 2241698
0.01, 2196511
0.01, 2046915
0.01, 2030676
0.02, 2016322
0.02, 2003763
