0.01, 3653622
0.01, 3565110
0.01, 3547021
0.01, 3350933
0.01, 3320045
0.01, 3198728
0.01, 3173085
0.01, 3154294
0.01, 3139065
0.01, 3128471
0.01, 3104984
0.01, 3058823
0.01, 3057033
0.01, 3056736
0.01, 3003604
0.01, 2970546
0.01, 2947635
0.01, 2797465
0.01, 2616411
0.01, 2609116
0.01, 2504023
0.01, 2472060
0.01, 2467967
0.01, 2446330
0.01, 2436087
0.01, 2414658
0.01, 2300527
0.01, 2290412
0.01, 2275949
0.01, 2221689
0.01, 2184638
0.01, 2166802
0.01, 2150563
0.01, 2147690
0.01, 2133749
0.01, 2105089
0.01, 2054590
0.01, 2045745
0.86, 2043816
0.86, 2026738
0.89, 2025073
0.89, 2003763
