0.01, 4652569
0.01, 4652502
0.01, 4339802
0.01, 4239328
0.01, 4166367
0.01, 4152365
0.01, 4137341
0.01, 3987908
0.01, 3895924
0.01, 3775639
0.01, 3692638
0.01, 3651167
0.01, 3597554
0.01, 3535946
0.01, 3457241
0.01, 3451336
0.01, 3232721
0.01, 3187826
0.01, 3164289
0.01, 3121065
0.01, 2938308
0.01, 2906584
0.01, 2657034
0.01, 2593231
0.01, 2531723
0.01, 2522454
0.01, 2521937
0.01, 2369449
0.01, 2364730
0.01, 2316767
0.01, 2297717
0.01, 2293463
0.01, 2268905
0.01, 2253173
0.01, 2207129
0.01, 2204034
0.01, 2202244
0.01, 2143913
0.01, 2131763
0.01, 2080515
0.04, 2023779
0.85, 2020002
0.87, 2003763
