0.00, 4522211
0.00, 4448640
0.00, 4231247
0.00, 4054280
0.00, 3748370
0.00, 3561620
0.00, 3239783
0.00, 3235410
0.00, 3022493
0.00, 3008538
0.00, 3000153
0.00, 2971919
0.00, 2932855
0.00, 2932366
0.00, 2893591
0.00, 2795131
0.00, 2784878
0.00, 2646418
0.00, 2594136
0.00, 2503980
0.00, 2489959
0.00, 2457069
0.00, 2453130
0.00, 2339894
0.00, 2339235
0.00, 2325294
0.00, 2254530
0.00, 2252412
0.00, 2240869
0.00, 2225052
0.00, 2208813
0.01, 2199184
0.01, 2136039
0.01, 2086325
0.01, 2058468
0.04, 2055510
0.04, 2052219
0.04, 2031423
0.86, 2016322
0.87, 2003763
