0.00, 4186270
0.00, 4176294
0.00, 4096499
0.00, 4061738
0.00, 4056643
0.00, 3694047
0.00, 3636182
0.00, 3562480
0.00, 3352484
0.00, 3344952
0.00, 3317457
0.00, 3309645
0.00, 3306796
0.00, 3283212
0.00, 3166796
0.00, 3131458
0.00, 3124815
0.00, 3123170
0.00, 3103124
0.00, 3057583
0.00, 3027898
0.00, 2793527
0.00, 2790301
0.00, 2782028
0.00, 2744977
0.00, 2694760
0.00, 2640779
0.00, 2578241
0.00, 2577173
0.00, 2483548
0.00, 2423897
0.00, 2400330
0.00, 2389868
0.00, 2377545
0.00, 2369942
0.00, 2322877
0.00, 2295219
0.00, 2264848
0.00, 2072822
0.01, 2045909
0.01, 2003763
