0.01, 4918339
0.01, 4916179
0.01, 4904973
0.01, 4800700
0.01, 4786613
0.01, 4381824
0.01, 4100495
0.01, 4007026
0.01, 3998635
0.01, 3663438
0.01, 3609409
0.01, 3581527
0.01, 3565346
0.01, 3360479
0.01, 3242644
0.01, 3083587
0.01, 3078445
0.01, 3061026
0.01, 3050422
0.01, 2997929
0.01, 2978413
0.01, 2909584
0.01, 2901193
0.01, 2773043
0.01, 2737133
0.01, 2413280
0.01, 2401129
0.01, 2377935
0.01, 2369799
0.01, 2293957
0.01, 2255949
0.01, 2171573
0.01, 2060805
0.01, 2047662
0.01, 2041839
0.01, 2031423
0.87, 2029184
0.87, 2020002
0.89, 2017704
0.90, 2016322
0.90, 2003763
