0.00, 3876678
0.00, 3834643
0.00, 3812670
0.00, 3803041
0.00, 3786227
0.00, 3783054
0.00, 3711832
0.00, 3546904
0.00, 3546610
0.00, 3528912
0.00, 3473340
0.00, 3411832
0.00, 3353482
0.00, 3052050
0.00, 2997236
0.00, 2935804
0.00, 2898872
0.00, 2883754
0.00, 2771655
0.00, 2765406
0.00, 2707628
0.00, 2704382
0.00, 2590251
0.00, 2586509
0.00, 2485310
0.00, 2434811
0.00, 2422889
0.00, 2383832
0.00, 2356174
0.00, 2339935
0.00, 2289704
0.00, 2238701
0.00, 2201310
0.00, 2153938
0.00, 2068884
0.00, 2058468
0.01, 2045909
0.02, 2003763
