0.00, 5066688
0.01, 4832947
0.01, 4798834
0.01, 4394145
0.01, 4223185
0.01, 4210564
0.01, 4191801
0.01, 4110892
0.01, 3989633
0.01, 3979547
0.01, 3801189
0.01, 3754017
0.01, 3711465
0.01, 3524511
0.01, 3346879
0.01, 3282313
0.01, 3237587
0.01, 3091924
0.01, 3040921
0.01, 3013158
0.01, 2984511
0.01, 2878220
0.01, 2874770
0.01, 2793861
0.01, 2709485
0.01, 2658106
0.01, 2655170
0.01, 2646795
0.01, 2567079
0.01, 2535625
0.01, 2511290
0.01, 2425089
0.01, 2336239
0.01, 2323096
0.01, 2292365
0.01, 2206042
0.01, 2193892
0.01, 2181249
0.01, 2076994
0.01, 2034195
0.01, 2023779
0.85, 2003763
