0.00, 2898493
0.00, 2815556
0.00, 2798722
0.00, 2789417
0.00, 2753597
0.00, 2751785
0.00, 2732863
0.00, 2719367
0.00, 2714615
0.00, 2669643
0.00, 2669535
0.00, 2663558
0.00, 2514165
0.00, 2476316
0.00, 2474378
0.00, 2464150
0.00, 2460894
0.00, 2454162
0.00, 2425027
0.00, 2420123
0.00, 2405712
0.00, 2361884
0.00, 2341267
0.00, 2324469
0.00, 2314667
0.00, 2217939
0.00, 2211854
0.00, 2210186
0.00, 2187031
0.00, 2178374
0.00, 2110794
0.00, 2060191
0.00, 2039930
0.00, 2004750
0.00, 1909819
0.00, 1894006
0.00, 1854998
0.00, 1834901
0.00, 1826915
0.00, 1816981
0.00, 1807064
0.00, 1799359
0.00, 1740046
0.00, 1701985
0.00, 1667292
0.00, 1625113
0.00, 1623585
0.00, 1617977
0.00, 1605835
0.00, 1589840
0.00, 1580425
0.00, 1579050
0.00, 1567987
0.00, 1566379
0.00, 1540451
0.00, 1529551
0.00, 1525539
0.00, 1523666
0.00, 1518154
0.00, 1502304
0.00, 1482464
0.00, 1480455
0.00, 1458396
0.00, 1454201
0.00, 1424553
0.00, 1417567
0.00, 1399214
0.00, 1368057
0.00, 1339107
0.00, 1309543
0.00, 1308620
0.00, 1299472
0.00, 1285710
0.00, 1281155
0.00, 1249397
0.00, 1244321
0.00, 1243143
0.00, 1241102
0.00, 1240474
0.00, 1239199
0.00, 1232620
0.00, 1230740
0.00, 1224254
0.00, 1210804
0.00, 1208103
0.00, 1184611
0.00, 1153861
0.00, 1143890
0.00, 1143614
0.00, 1129292
0.00, 1122507
0.00, 1116834
0.00, 1095207
0.00, 1092307
0.00, 1090740
0.00, 1089318
0.01, 1066625
0.01, 1066192
0.01, 1055137
0.01, 1023523
0.01, 1012901
0.01, 994569
0.01, 992739
0.01, 990252
0.01, 987693
0.01, 973450
0.01, 963241
0.01, 961058
0.01, 954834
0.01, 951500
0.01, 949300
0.01, 946977
0.01, 937580
0.01, 934134
0.02, 924038
0.03, 920278
0.03, 910188
0.07, 909815
0.08, 904281
0.09, 901057
0.10, 900518
0.10, 898524
0.12, 898029
0.13, 897837
0.15, 896710
0.15, 896497
0.15, 895480
0.20, 895477
0.21, 895082
0.21, 894369
0.21, 894159
1.66, 893536
