0.00,2630132
0.00,2420737
0.00,2190717
0.00,2067182
0.00,1999417
0.00,1861110
0.00,1907972
0.00,1866016
0.00,1898311
0.00,1712706
0.00,1724689
0.00,1678843
0.00,1698619
0.00,1648413
0.00,1643478
0.00,1611350
0.00,1524828
0.00,1433272
0.00,1373697
0.00,1350146
0.00,1397865
0.00,1364327
0.00,1298239
0.00,1330888
0.00,1298810
0.00,1306711
0.00,1279170
0.00,1299541
0.00,1232114
0.00,1212243
0.00,1227263
0.00,1193714
0.00,1200305
0.00,1216567
0.00,1164511
0.00,1233907
0.00,1247350
0.00,1194090
0.00,1183224
0.00,1174349
0.00,1141190
0.00,1161664
0.00,1188816
0.00,1154138
0.00,1139023
0.00,1216218
0.00,1171803
0.00,1133796
0.00,1149830
0.00,1173214
0.00,1104123
0.00,1086451
0.00,1063503
0.00,1084120
0.00,1102402
0.00,1117055
0.00,1082160
0.00,1064610
0.00,1043557
0.00,1031160
0.00,1018764
0.00,1007155
0.00,995728
0.00,997916
0.00,985519
0.00,983067
0.00,978461
0.00,975267
0.00,973945
0.00,973244
