0.00,2507604
0.00,2456942
0.00,2413929
0.00,2264500
0.00,2214147
0.00,2263149
0.00,2041477
0.00,2045476
0.00,1925096
0.00,1931127
0.00,1880286
0.00,1934395
0.00,1774449
0.00,1722590
0.00,1720556
0.00,1607936
0.00,1583102
0.00,1681157
0.00,1774015
0.00,1636425
0.00,1569280
0.00,1683338
0.00,1624087
0.00,1473987
0.00,1405132
0.00,1404768
0.00,1301373
0.00,1314595
0.00,1300482
0.00,1236145
0.00,1155782
0.00,1126984
0.00,1133315
0.00,1103331
0.00,1109868
0.00,1067239
0.00,1108618
0.00,1146536
0.00,1183656
0.00,1232373
0.00,1195959
0.00,1219249
0.00,1145379
0.00,1047632
0.00,1141142
0.00,1241462
0.00,1225591
0.00,1169056
0.00,1141571
0.00,1127723
0.00,1097037
0.00,1077970
0.00,1062114
0.00,1032898
0.00,1050689
0.00,1081213
0.00,1092244
0.00,1223340
0.00,1335257
0.00,1245358
0.00,1137228
0.00,1061314
0.00,1014480
0.00,1001454
0.00,1043701
0.00,1083321
0.00,1082347
0.00,1153449
0.00,1108528
0.00,989011
0.00,980786
0.00,978829
0.00,972921
0.00,971025
0.00,969603
0.00,969457
0.00,969411
