0.00, 2805885
0.00, 2715964
0.00, 2646205
0.00, 2627258
0.00, 2602981
0.00, 2601423
0.00, 2581305
0.00, 2518967
0.00, 2508054
0.00, 2483750
0.00, 2472583
0.00, 2438392
0.00, 2405386
0.00, 2367274
0.00, 2364277
0.00, 2360464
0.00, 2360391
0.00, 2352312
0.00, 2341208
0.00, 2341199
0.00, 2327405
0.00, 2286240
0.00, 2268957
0.00, 2247889
0.00, 2246054
0.00, 2236989
0.00, 2219466
0.00, 2207017
0.00, 2189396
0.00, 2169554
0.00, 2159802
0.00, 2114243
0.00, 2110837
0.00, 2084862
0.00, 2084133
0.00, 2064838
0.00, 2063455
0.00, 2049645
0.00, 2048433
0.00, 2043199
0.00, 2023595
0.00, 2009857
0.00, 2009351
0.00, 1973384
0.00, 1972826
0.00, 1955326
0.00, 1930344
0.00, 1924080
0.00, 1903642
0.00, 1890666
0.00, 1837174
0.00, 1821628
0.00, 1739501
0.00, 1738994
0.00, 1735012
0.00, 1723789
0.00, 1702371
0.00, 1699891
0.00, 1663027
0.00, 1605116
0.00, 1604057
0.00, 1547103
0.00, 1538608
0.00, 1532407
0.00, 1531235
0.00, 1528947
0.00, 1513143
0.00, 1504440
0.00, 1502969
0.00, 1501387
0.00, 1491485
0.00, 1478597
0.00, 1460761
0.00, 1460673
0.00, 1451389
0.00, 1432266
0.00, 1429440
0.00, 1415740
0.00, 1378567
0.00, 1377327
0.00, 1345923
0.00, 1327939
0.00, 1138206
0.00, 1124492
0.00, 1096991
0.00, 1095545
0.00, 1091490
0.00, 1090323
0.00, 1089772
0.00, 1083892
0.01, 1083031
0.01, 1082321
0.01, 1079300
0.01, 1053351
0.01, 1044774
0.01, 1034709
0.01, 1034187
0.01, 1033922
0.01, 1031035
0.01, 1026506
0.01, 957608
0.01, 954967
0.01, 953876
0.01, 950642
0.01, 946410
0.01, 944424
0.04, 944267
0.04, 936764
0.04, 933981
0.04, 925361
0.05, 923889
0.05, 920231
0.05, 917047
0.09, 915066
0.09, 909595
0.09, 905937
0.09, 902662
0.12, 900813
0.14, 900144
0.14, 899622
0.14, 895964
0.17, 895157
0.20, 895082
0.20, 894816
0.20, 893959
0.20, 893749
0.21, 893746
0.24, 893536
