0.00,2816138
0.00,2644872
0.00,2562416
0.00,2269123
0.00,2115586
0.00,2089685
0.00,2037097
0.00,1915053
0.00,1786305
0.00,1685735
0.00,1622811
0.00,1590360
0.00,1646396
0.00,1724207
0.00,1877241
0.00,1815418
0.00,1717846
0.00,1602389
0.00,1584559
0.00,1617503
0.00,1643198
0.00,1554752
0.00,1501941
0.00,1350786
0.00,1317871
0.00,1345655
0.00,1424847
0.00,1532492
0.00,1531233
0.00,1381418
0.00,1266995
0.00,1228419
0.00,1312291
0.00,1327444
0.00,1270139
0.00,1201578
0.00,1182367
0.00,1135249
0.00,1130363
0.00,1136897
0.00,1096468
0.00,1080671
0.00,1067198
0.00,1076463
0.00,1038700
0.00,1064148
0.00,1125763
0.00,1125244
0.00,1267648
0.00,1361390
0.00,1283833
0.00,1232481
0.00,1218603
0.00,1173948
0.00,1143000
0.00,1171865
0.00,1226457
0.00,1183598
0.00,1134297
0.00,1080251
0.00,1044860
0.00,1014873
0.00,986056
0.00,1067620
0.00,1179629
0.00,1058714
0.00,967901
0.00,951910
0.00,980040
0.00,964745
0.00,955449
0.00,1039631
0.00,1087306
0.00,937270
0.00,923510
0.00,933714
0.00,914738
0.00,906631
0.00,903903
0.00,903352
0.00,976824
0.00,995690
0.00,1016276
0.00,1070907
0.00,1171640
0.00,1246095
0.00,1141989
0.00,1049187
0.00,1040055
0.00,1013046
0.00,1029121
0.00,1081966
0.00,1054483
0.00,1006609
0.00,1014480
0.00,1051996
0.00,990661
0.00,920251
0.00,903071
0.00,902861
0.00,902890
0.00,898784
0.00,898074
