0.00, 2692746
0.01, 2672118
0.01, 2668264
0.01, 2666170
0.01, 2555884
0.01, 2552617
0.01, 2524912
0.01, 2519390
0.01, 2490734
0.01, 2484047
0.01, 2399317
0.01, 2396579
0.01, 2395569
0.01, 2391373
0.01, 2385271
0.01, 2350884
0.01, 2346666
0.01, 2324338
0.01, 2315453
0.01, 2308899
0.01, 2240526
0.01, 2228270
0.01, 2212780
0.01, 2189968
0.01, 2172667
0.01, 2164328
0.01, 2146327
0.01, 2123822
0.01, 2104064
0.01, 2014686
0.01, 1996848
0.01, 1983635
0.01, 1972778
0.01, 1935012
0.01, 1922526
0.01, 1920691
0.01, 1915393
0.01, 1824516
0.01, 1820930
0.01, 1790987
0.01, 1716582
0.01, 1698944
0.01, 1671966
0.01, 1641629
0.01, 1634849
0.01, 1620370
0.01, 1618670
0.01, 1602487
0.01, 1521663
0.01, 1521412
0.01, 1514934
0.01, 1508580
0.01, 1482475
0.01, 1460030
0.01, 1457024
0.01, 1450479
0.01, 1430399
0.01, 1426761
0.01, 1414631
0.01, 1402835
0.01, 1399807
0.01, 1392991
0.01, 1391125
0.01, 1376518
0.01, 1363660
0.01, 1362906
0.01, 1362385
0.01, 1358882
0.01, 1333932
0.01, 1330646
0.01, 1280260
0.01, 1271568
0.01, 1237069
0.01, 1189321
0.01, 1182232
0.01, 1174743
0.01, 1163676
0.01, 1122304
0.01, 1116518
0.01, 1110380
0.01, 1107667
0.01, 1101293
0.01, 1098018
0.01, 1097115
0.01, 1086563
0.01, 1079144
0.01, 1071314
0.01, 1070821
0.01, 1053165
0.01, 1051777
0.01, 1051746
0.01, 1049598
0.01, 1034946
0.01, 1024668
0.01, 1024053
0.01, 1004323
0.01, 1003998
0.01, 994875
0.01, 992584
0.01, 989720
0.01, 987919
0.01, 973307
0.01, 967921
0.01, 967119
0.01, 966257
0.02, 944320
0.02, 940986
0.02, 938698
0.02, 935946
0.02, 935821
0.03, 931536
0.05, 929798
0.05, 926583
0.06, 924266
0.06, 916699
0.06, 909279
0.07, 906803
0.09, 895566
0.14, 894710
3.22, 894297
3.22, 893746
3.26, 893536
