0.00,2699696
0.00,2492246
0.00,2638944
0.00,2395936
0.00,2225901
0.00,2197189
0.00,2009948
0.00,1881129
0.00,1865425
0.00,1770592
0.00,1684935
0.00,1670846
0.00,1564277
0.00,1595673
0.00,1619242
0.00,1594098
0.00,1665678
0.00,1587134
0.00,1586959
0.00,1745567
0.00,1808412
0.00,1692560
0.00,1592756
0.00,1465085
0.00,1478148
0.00,1444556
0.00,1359526
0.00,1307813
0.00,1313165
0.00,1294757
0.00,1246765
0.00,1275146
0.00,1212006
0.00,1165976
0.00,1138586
0.00,1146936
0.00,1217884
0.00,1183274
0.00,1149321
0.00,1111984
0.00,1139701
0.00,1174576
0.00,1190097
0.00,1159617
0.00,1138013
0.00,1137900
0.00,1117165
0.00,1107402
0.00,1071181
0.00,1039458
0.00,1019028
0.00,1001438
0.00,990537
0.00,975048
0.00,958823
0.00,951819
0.00,945685
0.00,940798
0.00,938598
0.00,939603
0.00,940712
0.00,929262
0.00,924437
0.00,923346
0.00,922645
0.00,922296
0.00,921644
0.00,919741
