0.01, 3083887
0.01, 3044692
0.01, 3038809
0.01, 2965864
0.01, 2964985
0.01, 2956191
0.01, 2916519
0.01, 2855729
0.01, 2842495
0.01, 2771770
0.01, 2748955
0.01, 2735719
0.01, 2711320
0.01, 2711179
0.01, 2537782
0.01, 2507385
0.01, 2473016
0.01, 2349306
0.01, 2326921
0.01, 2319654
0.01, 2319448
0.01, 2265739
0.01, 2263459
0.01, 2256226
0.01, 2211761
0.01, 2180008
0.01, 2169288
0.01, 2162890
0.01, 2162201
0.01, 2142066
0.01, 2136216
0.01, 2135194
0.01, 2109136
0.01, 2106718
0.01, 2094985
0.01, 2094851
0.01, 2018801
0.01, 1973209
0.01, 1930920
0.01, 1866705
0.01, 1842098
0.01, 1796971
0.01, 1721750
0.01, 1721720
0.01, 1711246
0.01, 1686238
0.01, 1679150
0.01, 1676699
0.01, 1619329
0.01, 1619045
0.01, 1616886
0.01, 1616667
0.01, 1589016
0.01, 1588992
0.01, 1584438
0.01, 1578689
0.01, 1576363
0.01, 1491537
0.01, 1462188
0.01, 1445046
0.01, 1441123
0.01, 1438503
0.01, 1397833
0.01, 1384692
0.01, 1378494
0.01, 1377735
0.01, 1364466
0.01, 1343646
0.01, 1323786
0.01, 1323474
0.01, 1314983
0.01, 1314764
0.01, 1290666
0.01, 1285067
0.01, 1282364
0.01, 1275168
0.01, 1271185
0.01, 1270368
0.01, 1263378
0.01, 1205032
0.01, 1202913
0.01, 1197737
0.01, 1192126
0.01, 1165661
0.01, 1160176
0.01, 1144581
0.01, 1125605
0.01, 1106344
0.01, 1102352
0.01, 1073037
0.01, 1070828
0.01, 1062147
0.01, 1060643
0.01, 1046825
0.01, 1036370
0.01, 1034556
0.01, 1019828
0.01, 1019796
0.01, 1018202
0.01, 1017764
0.01, 1001555
0.01, 992498
0.01, 990066
0.01, 986833
0.01, 981824
0.01, 979960
0.01, 977840
0.01, 970049
0.01, 963422
0.01, 962191
0.01, 950306
0.01, 950003
0.01, 949822
0.02, 947166
0.02, 946047
0.02, 945573
0.03, 942529
0.03, 940725
0.03, 938297
0.04, 938220
0.05, 936955
0.05, 932069
0.05, 930517
0.05, 930168
0.05, 922837
0.05, 920640
0.05, 915497
0.05, 913933
0.05, 909396
0.06, 907427
0.08, 906324
0.08, 904001
0.10, 903874
0.10, 903693
0.10, 903407
0.10, 900198
0.10, 897470
0.14, 897371
0.15, 896288
0.16, 895292
0.17, 894159
0.23, 893959
0.24, 893536
