0.00, 2880146
0.00, 2878549
0.00, 2836221
0.00, 2827649
0.00, 2817614
0.00, 2809509
0.00, 2798057
0.00, 2748793
0.00, 2700461
0.00, 2665258
0.00, 2664651
0.00, 2592599
0.00, 2582674
0.00, 2560882
0.00, 2527369
0.00, 2494503
0.00, 2479666
0.00, 2435290
0.00, 2406173
0.00, 2393638
0.00, 2363631
0.00, 2360242
0.00, 2304791
0.00, 2277258
0.00, 2273113
0.00, 2178384
0.00, 2119131
0.00, 2081112
0.00, 2067700
0.00, 2066183
0.00, 1990298
0.00, 1975227
0.00, 1914064
0.00, 1868821
0.00, 1864747
0.00, 1862622
0.00, 1849240
0.00, 1842144
0.00, 1825105
0.00, 1823797
0.00, 1776170
0.00, 1775501
0.00, 1735671
0.00, 1728645
0.00, 1727053
0.00, 1719677
0.00, 1646314
0.00, 1635472
0.00, 1605488
0.00, 1564511
0.00, 1560247
0.00, 1520664
0.00, 1408271
0.00, 1404184
0.01, 1394035
0.01, 1388612
0.01, 1342378
0.01, 1329354
0.01, 1309162
0.01, 1290661
0.01, 1289349
0.01, 1288250
0.01, 1277696
0.01, 1262247
0.01, 1220150
0.01, 1218463
0.01, 1217976
0.01, 1189565
0.01, 1170033
0.01, 1169943
0.01, 1168855
0.01, 1167396
0.01, 1147765
0.01, 1146623
0.01, 1133938
0.01, 1130207
0.01, 1129812
0.01, 1062308
0.01, 1061463
0.01, 1045843
0.01, 1043585
0.01, 1037251
0.01, 1035166
0.01, 1023710
0.01, 1013596
0.01, 1005134
0.01, 997845
0.01, 981950
0.01, 977930
0.01, 975121
0.03, 972451
0.03, 964233
0.03, 950670
0.03, 940412
0.03, 933378
0.03, 929208
0.03, 929079
0.06, 918536
0.07, 916374
0.07, 915988
0.08, 914413
0.08, 913939
0.09, 909449
0.09, 904982
0.09, 904769
0.09, 904218
0.11, 902657
0.12, 902137
0.12, 902095
0.12, 900555
0.14, 898722
0.14, 897576
0.14, 897395
0.14, 897182
0.14, 896213
0.15, 895281
0.16, 895068
0.17, 894858
0.19, 894300
0.19, 893536
