0.00,2548733
0.00,2378997
0.00,2504986
0.00,2187115
0.00,2221202
0.00,2371974
0.00,2176332
0.00,1946111
0.00,1928895
0.00,1840934
0.00,1750862
0.00,1723639
0.00,1647734
0.00,1650877
0.00,1609724
0.00,1583736
0.00,1576282
0.00,1584314
0.00,1558933
0.00,1498460
0.00,1559654
0.00,1398261
0.00,1346038
0.00,1308403
0.00,1269429
0.00,1303422
0.00,1346847
0.00,1343105
0.00,1289320
0.00,1324594
0.00,1363949
0.00,1351830
0.00,1383090
0.00,1438577
0.00,1521645
0.00,1565496
0.00,1657419
0.00,1345671
0.00,1233295
0.00,1407410
0.00,1376873
0.00,1381783
0.00,1332281
0.00,1295752
0.00,1203923
0.00,1188661
0.00,1170066
0.00,1189713
0.00,1144826
0.00,1166885
0.00,1119767
0.00,1089720
0.00,1066820
0.00,1067099
0.00,1065699
0.00,1046190
0.00,1026855
0.00,1019065
0.00,1005544
0.00,1019533
0.00,1042402
0.00,991362
0.00,980983
0.00,972407
0.00,964401
0.00,950266
0.00,943744
0.00,965146
0.00,993188
0.00,938835
0.00,927226
0.00,924080
0.00,922658
0.00,922616
