0.00,2723038
0.00,2461145
0.00,2373565
0.00,2255741
0.00,2085459
0.00,1902456
0.00,1863896
0.00,1785154
0.00,1703841
0.00,1736828
0.00,1693930
0.00,1617545
0.00,1619682
0.00,1655625
0.00,1729163
0.00,1766847
0.00,1767482
0.00,1839281
0.00,1533618
0.00,1566496
0.00,1567011
0.00,1492478
0.00,1429518
0.00,1396627
0.00,1464695
0.00,1391414
0.00,1369821
0.00,1427340
0.00,1411819
0.00,1371598
0.00,1376169
0.00,1341793
0.00,1268118
0.00,1258064
0.00,1320257
0.00,1251918
0.00,1216005
0.00,1259776
0.00,1206647
0.00,1157876
0.00,1172767
0.00,1194670
0.00,1246680
0.00,1336086
0.00,1444832
0.00,1202367
0.00,1170019
0.00,1161273
0.00,1217275
0.00,1218555
0.00,1207490
0.00,1226468
0.00,1228406
0.00,1162685
0.00,1171225
0.00,1243234
0.00,1169343
0.00,1195413
0.00,1231043
0.00,1225288
0.00,1154678
0.00,1118966
0.00,1085081
0.00,1095474
0.00,1079356
0.00,1150489
0.00,1160415
0.00,1156597
0.00,1141116
0.00,1052072
0.00,1083021
0.00,1089418
0.00,1136389
0.00,1116635
0.00,1061096
0.00,1096774
0.00,1030105
0.00,1156057
0.00,1035469
0.00,1004572
0.00,984001
0.00,973000
0.00,974753
0.00,958528
0.00,944606
0.00,934550
0.00,926971
0.00,920776
0.00,914627
0.00,910570
0.00,906912
0.00,903702
0.00,902602
0.00,902051
