0.00,2735352
0.00,2478311
0.00,2533160
0.00,2279010
0.00,2157799
0.00,2104950
0.00,1988020
0.00,1973286
0.00,1944105
0.00,1943406
0.00,1793258
0.00,1877571
0.00,1930383
0.00,1720401
0.00,1750469
0.00,1765246
0.00,1697115
0.00,1653836
0.00,1546206
0.00,1514496
0.00,1456794
0.00,1440074
0.00,1425493
0.00,1428424
0.00,1462588
0.00,1494836
0.00,1552926
0.00,1490954
0.00,1428239
0.00,1401706
0.00,1393530
0.00,1389708
0.00,1335278
0.00,1339744
0.00,1308826
0.00,1242430
0.00,1278728
0.00,1295291
0.00,1318128
0.00,1278100
0.00,1245535
0.00,1231288
0.00,1192657
0.00,1167474
0.00,1125143
0.00,1165378
0.00,1154369
0.00,1123500
0.00,1096509
0.00,1069569
0.00,1088191
0.00,1032155
0.00,1049626
0.00,1037780
0.00,1062087
0.00,1108403
0.00,1035457
0.00,1020365
0.00,1004140
0.00,1005903
0.00,991050
0.00,975560
0.00,967222
0.00,987906
0.00,1019420
0.00,959848
0.00,952684
0.00,967578
0.00,996621
0.00,1016230
0.00,1064414
0.00,1055746
0.00,1038448
0.00,1017986
0.00,1004632
0.00,1016020
0.00,1015255
0.00,1105676
0.00,1170200
0.00,1083991
0.00,1038903
0.00,986300
0.00,958425
0.00,952669
0.00,947802
0.00,943538
0.00,980594
0.00,950351
0.00,932919
0.00,932129
0.00,922725
0.00,919067
0.00,950650
0.00,983788
0.00,936386
0.00,961788
0.00,1026307
0.00,1016965
0.00,994132
0.00,986404
0.00,971691
0.00,957473
0.00,939545
0.00,945897
0.00,945759
0.00,1025802
0.00,1138045
0.00,1089154
0.00,998348
0.00,950481
0.00,917967
0.00,917754
