0.00, 2650840
0.00, 2561730
0.00, 2471857
0.00, 2279803
0.00, 2205687
0.00, 2203006
0.00, 2139147
0.00, 2128774
0.00, 2110587
0.00, 2105507
0.00, 2101432
0.00, 2018839
0.00, 2010067
0.00, 2006692
0.00, 1968012
0.00, 1966185
0.00, 1965523
0.01, 1897135
0.01, 1878100
0.01, 1833714
0.01, 1816328
0.01, 1742048
0.01, 1648610
0.01, 1636633
0.01, 1614784
0.01, 1588758
0.01, 1588666
0.01, 1485578
0.01, 1480513
0.01, 1447640
0.01, 1447617
0.01, 1446947
0.01, 1439972
0.01, 1408702
0.01, 1407088
0.01, 1371145
0.01, 1367470
0.01, 1346623
0.01, 1341179
0.01, 1334994
0.01, 1327942
0.01, 1323421
0.01, 1318123
0.01, 1317351
0.01, 1289335
0.01, 1263527
0.01, 1253257
0.01, 1253209
0.01, 1211799
0.01, 1200952
0.01, 1152184
0.01, 1148709
0.01, 1148502
0.01, 1145941
0.01, 1125131
0.01, 1119093
0.01, 1116161
0.01, 1113014
0.01, 1111568
0.01, 1103233
0.01, 1098069
0.01, 1083597
0.01, 1077273
0.01, 1063142
0.01, 1055326
0.01, 1036822
0.01, 1034865
0.01, 1033856
0.01, 1014416
0.01, 1013744
0.01, 1011204
0.01, 1002289
0.01, 1001738
0.01, 982305
0.01, 978097
0.01, 973504
0.02, 964528
0.02, 956346
0.02, 950860
0.02, 946867
0.02, 943798
0.02, 937324
0.02, 931610
0.04, 930022
0.04, 929354
0.05, 927454
0.05, 924809
0.05, 921903
0.05, 917499
0.05, 911419
0.06, 901972
0.12, 901844
0.12, 898314
0.15, 897934
0.15, 897001
0.15, 896820
0.15, 894620
0.15, 894588
0.15, 894378
0.19, 894369
0.22, 894300
0.22, 893749
3.09, 893746
3.09, 893536
