0.00,2781264
0.00,2508045
0.00,2382931
0.00,2204470
0.00,1938940
0.00,2049917
0.00,1993392
0.00,1923272
0.00,1914031
0.00,1846074
0.00,1756810
0.00,1688146
0.00,1682239
0.00,1635583
0.00,1666465
0.00,1555417
0.00,1533098
0.00,1498498
0.00,1687739
0.00,1703946
0.00,1717863
0.00,1535121
0.00,1448641
0.00,1560827
0.00,1632054
0.00,1743381
0.00,1535150
0.00,1417299
0.00,1373234
0.00,1355626
0.00,1392048
0.00,1413325
0.00,1395788
0.00,1388533
0.00,1405858
0.00,1339827
0.00,1348369
0.00,1370355
0.00,1341486
0.00,1357100
0.00,1355134
0.00,1361525
0.00,1289196
0.00,1309245
0.00,1315265
0.00,1357912
0.00,1381886
0.00,1297871
0.00,1224899
0.00,1264872
0.00,1313565
0.00,1364228
0.00,1333052
0.00,1469008
0.00,1478103
0.00,1486065
0.00,1317447
0.00,1249598
0.00,1177765
0.00,1139738
0.00,1105500
0.00,1117965
0.00,1099948
0.00,1120144
0.00,1094347
0.00,1055480
0.00,1051854
0.00,1031650
0.00,1017278
0.00,998302
0.00,1029827
0.00,1049317
0.00,1088798
0.00,1090168
0.00,1133045
0.00,1146947
0.00,1150356
0.00,1089610
0.00,1108774
0.00,1224363
0.00,1161165
0.00,1082355
0.00,1003163
0.00,983286
0.00,981631
0.00,987986
0.00,964793
0.00,975525
0.00,958099
0.00,964613
0.00,945637
0.00,940583
0.00,940619
0.00,929169
0.00,946191
0.00,999509
0.00,1027168
0.00,1028538
0.00,1071415
0.00,1085317
0.00,1088726
0.00,1061378
0.00,1046207
0.00,1119526
0.00,1142742
0.00,1038245
0.00,932948
0.00,926978
0.00,921271
0.00,919738
0.00,915334
0.00,912140
0.00,909940
0.00,908240
0.00,987392
0.00,976839
0.00,975198
0.00,1008090
0.00,1015895
0.00,984684
0.00,958393
0.00,940744
0.00,974723
0.00,942938
0.00,944962
0.00,987094
0.00,1070497
0.00,1121427
0.00,906464
0.00,931344
0.00,937911
0.00,898231
0.00,897680
0.00,897399
0.00,897189
