0.04,2433708
0.04,2289641
0.04,2266106
0.04,2269942
0.04,2251596
0.04,2254963
0.04,2096709
0.04,1928726
0.04,1823238
0.04,1686693
0.04,1758625
0.04,1589110
0.04,1588437
0.04,1561622
0.04,1563435
0.04,1471347
0.04,1435947
0.04,1453190
0.04,1498835
0.04,1502897
0.04,1604094
0.04,1603485
0.04,1471054
0.04,1379497
0.04,1359268
0.04,1313355
0.04,1287985
0.04,1268970
0.04,1230253
0.04,1214343
0.04,1228259
0.04,1192182
0.04,1141557
0.04,1113325
0.04,1107303
0.04,1062202
0.04,1159976
0.04,1156747
0.04,1186827
0.04,1037918
0.04,1060162
0.04,1037409
0.04,1024243
0.04,1030668
0.04,1085726
0.04,1103686
0.04,1106238
0.04,1089376
0.04,1063812
0.04,1067134
0.04,1033243
0.04,1035912
0.04,1076934
0.04,1045643
0.04,1009822
0.04,995461
0.04,1025216
0.04,996888
0.04,1015510
0.04,959474
0.04,949120
0.04,939120
0.04,931541
0.04,925173
0.04,919228
0.04,914667
0.04,911009
0.04,918789
0.04,907390
0.04,906124
0.04,897537
0.04,896827
0.04,896614
0.04,896404
