0.02,2563297
0.02,2598957
0.02,2442306
0.02,2331999
0.02,2193166
0.02,2105099
0.02,2010231
0.02,1945671
0.02,1822620
0.02,1792892
0.02,1813549
0.02,1743960
0.02,1838217
0.02,1823292
0.02,1757199
0.02,1719397
0.02,1762753
0.02,1786132
0.02,1635994
0.02,1555388
0.02,1486229
0.02,1428043
0.02,1500632
0.02,1483697
0.02,1493949
0.02,1423663
0.02,1437088
0.02,1449874
0.02,1499511
0.02,1372413
0.02,1317825
0.02,1276508
0.02,1258725
0.02,1291533
0.02,1224247
0.02,1204010
0.02,1174015
0.02,1153646
0.02,1189672
0.02,1174977
0.02,1181807
0.02,1161141
0.02,1198802
0.02,1156173
0.02,1105739
0.02,1165609
0.02,1243333
0.02,1310311
0.02,1148841
0.02,1146818
0.02,1088242
0.02,1067940
0.02,1048964
0.02,1030365
0.02,999544
0.02,987961
0.02,996893
0.02,978540
0.02,1001102
0.02,1040696
0.02,1026356
0.02,1037331
0.02,1068372
0.02,1055487
0.02,1041079
0.02,1103131
0.02,1139310
0.02,1120177
0.02,1028504
0.02,988455
0.02,963127
0.02,966397
0.02,973600
0.02,976507
0.02,949110
0.02,944442
0.02,979800
0.02,1045995
0.02,1003629
0.02,995438
0.02,997504
0.02,1022694
0.02,1093354
0.02,1118724
0.02,1082700
0.02,1042740
0.02,1006391
0.02,951433
0.02,974252
0.02,1027424
0.02,1124368
0.02,1159756
0.02,933101
0.02,938120
0.02,932055
0.02,931237
0.02,925511
0.02,919829
