0.00,2537023
0.00,2595761
0.00,2324712
0.00,2284683
0.00,2209483
0.00,2184491
0.00,2113749
0.00,2039885
0.00,2196125
0.00,2195326
0.00,2200254
0.00,1971784
0.00,1977803
0.00,1899536
0.00,1885294
0.00,1905448
0.00,1759516
0.00,1706229
0.00,1682034
0.00,1615983
0.00,1586942
0.00,1592176
0.00,1625162
0.00,1530581
0.00,1603962
0.00,1585218
0.00,1533525
0.00,1464635
0.00,1412159
0.00,1415786
0.00,1355459
0.00,1410259
0.00,1410119
0.00,1310586
0.00,1332531
0.00,1257718
0.00,1258946
0.00,1232117
0.00,1186342
0.00,1255548
0.00,1253605
0.00,1193140
0.00,1141947
0.00,1116494
0.00,1085679
0.00,1104017
0.00,1102134
0.00,1090928
0.00,1053815
0.00,1028006
0.00,1005106
0.00,1027325
0.00,1015075
0.00,1056625
0.00,1033610
0.00,1015965
0.00,985978
0.00,975146
0.00,988783
0.00,1022932
0.00,993804
0.00,977903
0.00,1063023
0.00,1037380
0.00,1039463
0.00,993923
0.00,963108
0.00,951032
0.00,944510
0.00,940474
0.00,962285
0.00,991279
0.00,965176
0.00,943213
0.00,955659
0.00,968354
0.00,996877
0.00,1094753
0.00,1024916
0.00,983198
0.00,936080
0.00,1002616
0.00,1009306
0.00,1062426
0.00,1102965
0.00,1052214
0.00,1003772
0.00,980960
0.00,965412
0.00,924815
0.00,928736
0.00,940377
0.00,939279
0.00,913890
0.00,921609
0.00,939318
0.00,957761
0.00,984871
0.00,1002231
0.00,1031836
0.00,1192639
0.00,1179199
0.00,1110353
0.00,1109609
0.00,1021192
0.00,962547
0.00,967124
0.00,947646
0.00,986931
0.00,991552
0.00,936185
0.00,922548
0.00,912568
0.00,911422
0.00,910432
0.00,927056
0.00,927795
0.00,958352
0.00,987932
0.00,1012400
0.00,1034267
0.00,1098746
0.00,1255470
0.00,1275997
0.00,1087930
0.00,1032825
0.00,997388
0.00,964998
0.00,986576
0.00,1001826
0.00,971313
0.00,918981
0.00,912518
0.00,909731
