0.00,2567051
0.00,2336828
0.00,2464586
0.00,2363468
0.00,2230275
0.00,2088857
0.00,2112500
0.00,2231146
0.00,2131655
0.00,2036408
0.00,1921829
0.00,1771182
0.00,1753588
0.00,1814117
0.00,1808057
0.00,1698941
0.00,1631636
0.00,1573594
0.00,1605778
0.00,1728697
0.00,1789525
0.00,1742913
0.00,1503931
0.00,1582456
0.00,1629527
0.00,1588882
0.00,1426396
0.00,1457014
0.00,1480100
0.00,1469867
0.00,1381903
0.00,1380121
0.00,1319915
0.00,1315758
0.00,1367192
0.00,1286041
0.00,1236087
0.00,1198298
0.00,1195420
0.00,1171947
0.00,1141708
0.00,1150138
0.00,1112349
0.00,1135090
0.00,1083389
0.00,1096692
0.00,1085369
0.00,1103416
0.00,1149870
0.00,1134123
0.00,1056534
0.00,1084267
0.00,1050222
0.00,1025736
0.00,1004663
0.00,985366
0.00,1013891
0.00,983379
0.00,955516
0.00,975702
0.00,1044011
0.00,1015681
0.00,1053221
0.00,1055348
0.00,1063744
0.00,1051129
0.00,1012703
0.00,1040140
0.00,1119623
0.00,1177035
0.00,1060052
0.00,936313
0.00,925277
0.00,918113
0.00,926011
0.00,947498
0.00,1014553
0.00,991328
0.00,1021455
0.00,1029011
0.00,1040027
0.00,1021624
0.00,983198
0.00,1010635
0.00,1090118
0.00,1147530
0.00,1030547
0.00,922468
0.00,925489
0.00,927267
0.00,949422
0.00,941165
0.00,967863
0.00,1020602
0.00,1109019
0.00,1095246
0.00,1073622
0.00,1075308
0.00,1115417
0.00,1154383
0.00,1015614
0.00,938618
0.00,921263
0.00,905887
0.00,899692
0.00,897229
0.00,895029
0.00,894816
0.00,894606
