0.00,2344912
0.00,2383703
0.00,2210048
0.00,2088038
0.00,1942413
0.00,1856917
0.00,1910883
0.00,1944030
0.00,1818675
0.00,1867442
0.00,1692069
0.00,1594934
0.00,1495909
0.00,1601404
0.00,1624276
0.00,1648351
0.00,1523792
0.00,1418179
0.00,1350121
0.00,1292336
0.00,1265236
0.00,1282477
0.00,1260722
0.00,1252311
0.00,1217572
0.00,1188695
0.00,1162773
0.00,1196587
0.00,1157326
0.00,1134372
0.00,1112324
0.00,1118583
0.00,1090710
0.00,1097808
0.00,1084289
0.00,1061335
0.00,1046408
0.00,1074428
0.00,1058364
0.00,1082483
0.00,1135191
0.00,1112344
0.00,1110326
0.00,1038566
0.00,1055741
0.00,1123120
0.00,1086839
0.00,1052742
0.00,1014765
0.00,993135
0.00,972900
0.00,1055300
0.00,1128722
0.00,1178444
0.00,1076912
0.00,1002513
0.00,1063916
0.00,1095509
0.00,1091166
0.00,1034162
0.00,987481
0.00,981598
0.00,1028205
0.00,981206
0.00,992793
0.00,1022158
0.00,995551
0.00,960256
0.00,967582
0.00,948606
0.00,958980
0.00,951491
0.00,1041553
0.00,1175633
0.00,1134386
0.00,1056731
0.00,1044757
0.00,1106932
0.00,1109703
0.00,1021067
0.00,1000517
0.00,1041608
0.00,960807
0.00,970340
0.00,996093
0.00,962827
0.00,958607
0.00,955258
0.00,941693
0.00,936941
0.00,987733
0.00,962632
0.00,937750
0.00,933175
0.00,940955
0.00,929556
0.00,926511
0.00,920566
0.00,916908
0.00,916198
