0.00,2636901
0.00,2417761
0.00,2160468
0.00,1977228
0.00,1926591
0.00,1820554
0.00,1688269
0.00,1670103
0.00,1566970
0.00,1608372
0.00,1535075
0.00,1573961
0.00,1454983
0.00,1433902
0.00,1401152
0.00,1442116
0.00,1412586
0.00,1359222
0.00,1369923
0.00,1346954
0.00,1292695
0.00,1332148
0.00,1289350
0.00,1238431
0.00,1249052
0.00,1207838
0.00,1207644
0.00,1210638
0.00,1201434
0.00,1195132
0.00,1194947
0.00,1186608
0.00,1192008
0.00,1163290
0.00,1170319
0.00,1138807
0.00,1181227
0.00,1233248
0.00,1265684
0.00,1282077
0.00,1155176
0.00,1219385
0.00,1117349
0.00,1070086
0.00,1046207
0.00,1024531
0.00,1051320
0.00,1029234
0.00,1009891
0.00,991873
0.00,980474
0.00,972499
0.00,1007156
0.00,1068920
0.00,1053167
0.00,1077370
0.00,1090426
0.00,1105597
0.00,1162923
0.00,1108253
0.00,1070608
0.00,1077961
0.00,1036485
0.00,1031251
0.00,1044273
0.00,1038915
0.00,1069919
0.00,1003980
0.00,994931
0.00,965782
0.00,980874
0.00,1049207
0.00,1065575
0.00,1070323
0.00,1081436
0.00,1088170
0.00,1136301
0.00,1098460
0.00,1070502
0.00,1072734
0.00,1049574
0.00,1021741
0.00,1023061
0.00,1058416
0.00,1049663
0.00,999888
0.00,958789
0.00,966262
0.00,949557
0.00,945752
0.00,944762
0.00,944211
0.00,944047
