0.00,2374993
0.00,2353490
0.00,2223705
0.00,2122584
0.00,2043598
0.00,2070480
0.00,1951878
0.00,2011269
0.00,1825775
0.00,1912480
0.00,1958641
0.00,1762670
0.00,1735466
0.00,1712771
0.00,1665086
0.00,1688710
0.00,1701744
0.00,1654756
0.00,1632383
0.00,1669878
0.00,1559993
0.00,1685883
0.00,1659024
0.00,1653371
0.00,1562966
0.00,1504773
0.00,1457512
0.00,1393642
0.00,1351836
0.00,1435569
0.00,1375112
0.00,1471952
0.00,1588900
0.00,1613412
0.00,1464434
0.00,1392113
0.00,1370000
0.00,1325758
0.00,1342757
0.00,1317884
0.00,1266416
0.00,1289994
0.00,1258163
0.00,1175804
0.00,1137191
0.00,1175908
0.00,1270918
0.00,1343208
0.00,1170847
0.00,1105740
0.00,1077545
0.00,1091210
0.00,1062706
0.00,1044382
0.00,1025406
0.00,1035943
0.00,1048924
0.00,1009244
0.00,995594
0.00,982566
0.00,971167
0.00,970170
0.00,987488
0.00,1048932
0.00,1056149
0.00,1051786
0.00,1060883
0.00,990569
0.00,1027298
0.00,1018002
0.00,988006
0.00,956199
0.00,950137
0.00,957989
0.00,946234
0.00,943751
0.00,942452
0.00,941467
0.00,940916
0.00,940870
