0.00, 3129621
0.00, 3129504
0.00, 2999155
0.00, 2937930
0.00, 2935991
0.00, 2928275
0.00, 2923022
0.00, 2921776
0.00, 2874103
0.00, 2794559
0.00, 2790724
0.00, 2691380
0.00, 2666195
0.00, 2595264
0.00, 2579605
0.00, 2511245
0.00, 2497348
0.00, 2466921
0.00, 2454075
0.00, 2453095
0.00, 2373174
0.00, 2249941
0.00, 2234921
0.00, 2155826
0.00, 2140616
0.00, 2140079
0.00, 2119893
0.00, 2082045
0.00, 2076485
0.00, 2049805
0.00, 2035221
0.00, 2000520
0.00, 1993967
0.00, 1942025
0.00, 1899912
0.00, 1899444
0.00, 1851348
0.00, 1829162
0.00, 1793146
0.00, 1765198
0.00, 1763908
0.00, 1739741
0.00, 1736010
0.00, 1723673
0.00, 1661431
0.00, 1628318
0.00, 1615921
0.00, 1603047
0.00, 1591446
0.00, 1542733
0.00, 1519897
0.00, 1518202
0.00, 1512180
0.00, 1494290
0.00, 1479305
0.00, 1478178
0.00, 1465315
0.00, 1464106
0.00, 1405440
0.00, 1400656
0.00, 1346811
0.00, 1344309
0.00, 1339852
0.00, 1338417
0.00, 1314747
0.00, 1211060
0.00, 1191805
0.00, 1188984
0.00, 1182482
0.00, 1166866
0.01, 1145826
0.01, 1136244
0.01, 1131770
0.01, 1127058
0.01, 1120281
0.01, 1106781
0.01, 1105145
0.01, 1101014
0.01, 1093884
0.01, 1085834
0.01, 1085810
0.01, 1082405
0.01, 1079727
0.01, 1078306
0.01, 1077428
0.01, 1075170
0.01, 1074053
0.01, 1070054
0.01, 1064729
0.01, 1061402
0.01, 1048207
0.01, 1044500
0.01, 1032546
0.01, 1031975
0.01, 1031696
0.01, 1013929
0.01, 1000216
0.01, 994638
0.01, 982131
0.01, 974347
0.01, 973152
0.01, 969986
0.02, 965241
0.02, 963543
0.02, 960856
0.02, 960818
0.02, 947972
0.03, 947749
0.03, 946649
0.03, 943066
0.03, 940866
0.03, 939800
0.03, 936573
0.04, 930480
0.04, 926897
0.05, 925121
0.05, 917832
0.05, 915791
0.06, 915706
0.06, 913552
0.07, 910269
0.08, 909806
0.09, 907759
0.09, 905232
0.09, 904434
0.10, 903725
0.10, 901490
0.10, 901133
0.10, 900423
0.10, 897098
0.19, 896180
0.19, 895970
0.19, 895619
0.19, 895071
0.24, 894858
1.58, 894591
1.59, 894407
1.59, 894369
1.64, 894300
1.64, 893749
1.64, 893536
