0.00, 2892085
0.00, 2772542
0.00, 2746591
0.00, 2739786
0.00, 2669098
0.00, 2652455
0.00, 2609808
0.00, 2609509
0.00, 2581176
0.00, 2567622
0.00, 2547108
0.00, 2511063
0.00, 2464210
0.00, 2462073
0.00, 2457130
0.00, 2417961
0.00, 2400575
0.00, 2370940
0.00, 2356981
0.00, 2355361
0.00, 2355157
0.00, 2312278
0.00, 2252414
0.00, 2245719
0.00, 2240403
0.00, 2206010
0.00, 2200099
0.00, 2162952
0.00, 2103726
0.00, 2071829
0.00, 2034140
0.00, 2033108
0.00, 2010415
0.00, 1959799
0.00, 1939592
0.00, 1931097
0.00, 1920239
0.00, 1897064
0.00, 1895801
0.00, 1883938
0.00, 1883615
0.00, 1876235
0.00, 1843331
0.00, 1841432
0.00, 1833980
0.00, 1821504
0.00, 1807624
0.00, 1792778
0.00, 1792030
0.00, 1772397
0.00, 1771873
0.00, 1744635
0.00, 1738821
0.00, 1726966
0.00, 1726362
0.00, 1570127
0.00, 1559908
0.00, 1558462
0.00, 1557716
0.00, 1551583
0.00, 1524635
0.00, 1523362
0.00, 1470324
0.00, 1460534
0.00, 1446056
0.00, 1423788
0.00, 1421687
0.00, 1419773
0.00, 1415552
0.01, 1415060
0.01, 1398043
0.01, 1376385
0.01, 1317000
0.01, 1315157
0.01, 1311477
0.01, 1278196
0.01, 1268642
0.01, 1258203
0.01, 1252232
0.01, 1227253
0.01, 1208245
0.01, 1201898
0.01, 1200954
0.01, 1179003
0.01, 1127391
0.01, 1115354
0.01, 1107339
0.01, 1107315
0.01, 1102707
0.01, 1102671
0.01, 1100135
0.01, 1092811
0.01, 1067824
0.01, 1065341
0.01, 1057987
0.01, 1051824
0.01, 1026437
0.01, 1024668
0.01, 1010702
0.01, 998626
0.01, 992331
0.02, 987270
0.02, 977480
0.02, 975776
0.02, 970017
0.02, 952236
0.02, 943345
0.04, 934757
0.06, 933681
0.06, 932815
0.06, 932754
0.06, 931523
0.06, 925685
0.06, 923321
0.06, 913563
0.06, 912968
0.08, 908821
0.08, 908611
0.08, 904641
0.08, 904090
0.08, 903880
0.08, 902245
0.08, 902032
0.12, 895792
0.16, 894591
0.17, 894410
0.17, 894407
0.17, 894369
1.68, 894159
6.12, 893746
6.12, 893536
