0.00,2812959
0.00,2837293
0.00,2635473
0.00,2476602
0.00,2305305
0.00,2255966
0.00,1979892
0.00,1878534
0.00,1769468
0.00,1705918
0.00,1679016
0.00,1639814
0.00,1555174
0.00,1506720
0.00,1521478
0.00,1517000
0.00,1403574
0.00,1402600
0.00,1373089
0.00,1429736
0.00,1405250
0.00,1337985
0.00,1371421
0.00,1384552
0.00,1331559
0.00,1280038
0.00,1311933
0.00,1327641
0.00,1289882
0.00,1324386
0.00,1331003
0.00,1307505
0.00,1232637
0.00,1194574
0.00,1209681
0.00,1180296
0.00,1141021
0.00,1092324
0.00,1072475
0.00,1120794
0.00,1053039
0.00,1037453
0.00,1023171
0.00,1026369
0.00,1010774
0.00,1001162
0.00,993235
0.00,1001592
0.00,1004790
0.00,989195
0.00,991621
0.00,981605
0.00,975237
0.00,972241
0.00,969432
0.00,966949
0.00,964795
0.00,1037852
0.00,1069512
0.00,1007054
0.00,1001909
0.00,998860
0.00,964419
0.00,976652
0.00,1010403
0.00,1034991
0.00,963513
0.00,1012568
0.00,976921
0.00,949326
0.00,942533
0.00,940771
