0.02, 2737118
0.02, 2726656
0.02, 2618454
0.02, 2590877
0.02, 2545896
0.02, 2527571
0.02, 2502142
0.02, 2496316
0.02, 2429005
0.02, 2418277
0.02, 2392475
0.02, 2361822
0.02, 2345040
0.02, 2272702
0.02, 2257205
0.02, 2255290
0.02, 2192545
0.02, 2132340
0.02, 2100562
0.02, 2090885
0.02, 2039182
0.02, 1957316
0.02, 1933865
0.02, 1933344
0.02, 1904884
0.02, 1888649
0.02, 1850646
0.03, 1842220
0.03, 1799875
0.03, 1780409
0.03, 1779979
0.03, 1773186
0.03, 1754887
0.03, 1752538
0.03, 1730844
0.03, 1707141
0.03, 1692350
0.03, 1571235
0.03, 1550076
0.03, 1549489
0.03, 1513944
0.03, 1487174
0.03, 1483651
0.03, 1464935
0.03, 1451013
0.03, 1428007
0.03, 1427968
0.03, 1412302
0.03, 1411762
0.03, 1395610
0.03, 1382911
0.03, 1366323
0.03, 1354803
0.03, 1343290
0.03, 1297515
0.03, 1294138
0.03, 1286494
0.03, 1280877
0.03, 1257076
0.03, 1252958
0.03, 1252931
0.03, 1242864
0.03, 1237035
0.03, 1236334
0.03, 1208164
0.03, 1172788
0.03, 1171814
0.03, 1167085
0.03, 1139322
0.03, 1136268
0.03, 1125896
0.03, 1112645
0.03, 1108228
0.03, 1101765
0.03, 1099514
0.03, 1092853
0.03, 1088175
0.03, 1075077
0.03, 1048612
0.03, 1029115
0.03, 1016285
0.03, 1016041
0.03, 1014967
0.03, 1009831
0.03, 1009495
0.03, 1006935
0.03, 1001622
0.03, 999845
0.03, 999541
0.03, 997764
0.03, 992774
0.03, 990964
0.03, 986558
0.03, 980875
0.04, 980657
0.04, 978795
0.04, 974552
0.04, 966138
0.04, 964955
0.04, 961362
0.04, 949314
0.04, 939034
0.05, 938537
0.05, 938391
0.05, 935357
0.05, 935147
0.05, 923966
0.06, 923791
0.06, 909947
0.06, 902851
0.06, 902732
0.09, 901270
0.11, 898355
0.13, 896521
0.18, 894159
0.27, 893746
0.28, 893536
