0.00,2629397
0.00,2440217
0.00,2511429
0.00,2551602
0.00,2344565
0.00,2218568
0.00,2257275
0.00,2047178
0.00,1937553
0.00,1835717
0.00,1702594
0.00,1725851
0.00,1623399
0.00,1583960
0.00,1687425
0.00,1789376
0.00,1847396
0.00,1680575
0.00,1543701
0.00,1547902
0.00,1505564
0.00,1506929
0.00,1525507
0.00,1510931
0.00,1498921
0.00,1386358
0.00,1399878
0.00,1421847
0.00,1417244
0.00,1341404
0.00,1340485
0.00,1351466
0.00,1379814
0.00,1375644
0.00,1321789
0.00,1371968
0.00,1256329
0.00,1209584
0.00,1173691
0.00,1135552
0.00,1162373
0.00,1142176
0.00,1213435
0.00,1195534
0.00,1110924
0.00,1099884
0.00,1278530
0.00,1380481
0.00,1435749
0.00,1312349
0.00,1151735
0.00,1192956
0.00,1143043
0.00,1161433
0.00,1188125
0.00,1137596
0.00,1176055
0.00,1146376
0.00,1165603
0.00,1093502
0.00,1068617
0.00,1156713
0.00,1187027
0.00,1216340
0.00,1259994
0.00,1307670
0.00,1311215
0.00,1170316
0.00,1111816
0.00,1219279
0.00,1157525
0.00,1193931
0.00,1130841
0.00,1136529
0.00,1123686
0.00,1075885
0.00,1057846
0.00,1059599
0.00,1043374
0.00,1030334
0.00,1035881
0.00,1037086
0.00,1012509
0.00,1014198
0.00,998148
0.00,985110
0.00,972987
0.00,974222
0.00,1004894
0.00,1032223
0.00,1107084
0.00,1169695
0.00,1307693
0.00,1260591
0.00,1082351
0.00,1078271
0.00,1028358
0.00,1046748
0.00,1073440
0.00,1056664
0.00,1069810
0.00,1008631
0.00,1002155
0.00,994138
0.00,961455
0.00,984599
0.00,1017926
0.00,1047066
0.00,1152805
0.00,1279425
0.00,1249679
0.00,1108022
0.00,1078636
0.00,1020051
0.00,1026800
0.00,1051064
0.00,1076078
0.00,1042002
0.00,1045704
0.00,975504
0.00,1017823
0.00,983164
0.00,957009
0.00,955113
0.00,953691
0.00,1001243
0.00,1091395
0.00,1085107
0.00,1093089
0.00,952545
0.00,970730
0.00,1056128
0.00,1125999
0.00,1077451
0.00,1036220
0.00,946999
0.00,946718
