0.00,2831614
0.00,2574348
0.00,2411155
0.00,2224375
0.00,2101012
0.00,2006796
0.00,2187801
0.00,2087182
0.00,1907633
0.00,1767284
0.00,1635166
0.00,1554520
0.00,1547715
0.00,1490818
0.00,1456651
0.00,1393848
0.00,1343643
0.00,1314364
0.00,1317391
0.00,1463402
0.00,1570490
0.00,1458955
0.00,1470584
0.00,1459793
0.00,1303064
0.00,1258182
0.00,1273985
0.00,1292724
0.00,1305567
0.00,1267490
0.00,1238487
0.00,1189470
0.00,1222329
0.00,1194421
0.00,1233053
0.00,1178981
0.00,1128068
0.00,1096644
0.00,1169078
0.00,1169135
0.00,1156741
0.00,1138534
0.00,1117626
0.00,1106258
0.00,1094624
0.00,1088468
0.00,1132041
0.00,1146719
0.00,1074008
0.00,1078621
0.00,1037921
0.00,1014728
0.00,1048683
0.00,1094195
0.00,1248454
0.00,1306429
0.00,1144049
0.00,1087341
0.00,1063102
0.00,1042751
0.00,1032799
0.00,1035650
0.00,1040739
0.00,1024237
0.00,1042670
0.00,1014262
0.00,1053099
0.00,1000607
0.00,1031505
0.00,1049751
0.00,987111
0.00,977277
0.00,1011139
0.00,1032543
0.00,1069848
0.00,1190619
0.00,1167164
0.00,1130952
0.00,1137998
0.00,1047336
0.00,1016618
0.00,1009800
0.00,967185
0.00,953586
0.00,943851
0.00,941290
0.00,939480
0.00,938058
