0.00,2833752
0.00,2748362
0.00,2568030
0.00,2398787
0.00,2279193
0.00,2107476
0.00,2028112
0.00,1982292
0.00,1882949
0.00,1882475
0.00,1770041
0.00,1664040
0.00,1595945
0.00,1582298
0.00,1531788
0.00,1498960
0.00,1491665
0.00,1462420
0.00,1523161
0.00,1443262
0.00,1456005
0.00,1443729
0.00,1534480
0.00,1641913
0.00,1594484
0.00,1527487
0.00,1504331
0.00,1431512
0.00,1400043
0.00,1321317
0.00,1259101
0.00,1247708
0.00,1242501
0.00,1230202
0.00,1224065
0.00,1193360
0.00,1229714
0.00,1216286
0.00,1198623
0.00,1228695
0.00,1216950
0.00,1243794
0.00,1200189
0.00,1202648
0.00,1186262
0.00,1131117
0.00,1075870
0.00,1012930
0.00,996125
0.00,979612
0.00,966047
0.00,953652
0.00,994518
0.00,1032864
0.00,1047981
0.00,1079635
0.00,1100485
0.00,1062338
0.00,1137943
0.00,1116126
0.00,1089961
0.00,1196637
0.00,1283507
0.00,1224895
0.00,1153881
0.00,1096446
0.00,1051175
0.00,1018556
0.00,975885
0.00,947740
0.00,941684
0.00,936462
0.00,932584
0.00,930774
0.00,929012
0.00,928831
0.00,928685
