0.01, 2949989
0.01, 2935613
0.01, 2907822
0.01, 2906405
0.01, 2861970
0.01, 2857257
0.01, 2751908
0.01, 2741610
0.01, 2724767
0.01, 2694628
0.01, 2684834
0.01, 2640075
0.01, 2602825
0.01, 2596738
0.01, 2575789
0.01, 2572197
0.01, 2434704
0.01, 2393139
0.01, 2390690
0.01, 2381420
0.01, 2270692
0.01, 2259872
0.01, 2189107
0.01, 2186654
0.01, 2163414
0.01, 2115620
0.01, 2105778
0.01, 2104283
0.01, 2070556
0.01, 2069254
0.01, 2015788
0.01, 1993662
0.01, 1968488
0.01, 1935238
0.01, 1928094
0.01, 1907624
0.01, 1879942
0.01, 1867510
0.01, 1846360
0.01, 1797766
0.01, 1774557
0.01, 1755778
0.01, 1748607
0.01, 1724738
0.01, 1666281
0.01, 1655552
0.01, 1646526
0.01, 1644530
0.01, 1642433
0.01, 1639815
0.01, 1619223
0.01, 1459401
0.01, 1450428
0.01, 1449301
0.01, 1446542
0.01, 1440640
0.01, 1437734
0.01, 1435236
0.01, 1417896
0.01, 1415830
0.01, 1353058
0.01, 1328399
0.01, 1327430
0.01, 1310682
0.01, 1301035
0.01, 1300960
0.01, 1298265
0.01, 1268900
0.01, 1260852
0.01, 1260745
0.01, 1260240
0.01, 1259273
0.01, 1256655
0.01, 1251903
0.01, 1220304
0.01, 1219047
0.01, 1212174
0.01, 1202174
0.01, 1191589
0.01, 1186833
0.01, 1180232
0.01, 1174635
0.01, 1167107
0.01, 1157171
0.01, 1151270
0.01, 1148085
0.01, 1140718
0.01, 1094620
0.01, 1079362
0.01, 1069004
0.01, 1061313
0.01, 1051325
0.01, 1051294
0.01, 1049870
0.01, 1039125
0.01, 1038944
0.01, 1034584
0.01, 1018478
0.01, 1009632
0.01, 1001964
0.01, 990753
0.01, 990233
0.01, 985759
0.01, 984266
0.01, 974571
0.02, 965764
0.02, 957878
0.03, 951999
0.03, 940049
0.04, 939106
0.04, 925214
0.04, 921556
0.05, 921036
0.06, 920073
0.06, 920042
0.07, 919722
0.07, 919575
0.08, 918886
0.08, 916686
0.08, 914458
0.09, 912382
0.11, 911066
0.11, 909869
0.11, 909318
0.11, 898939
0.12, 897397
0.13, 896075
0.14, 895919
0.15, 895044
0.20, 894858
1.65, 894846
1.65, 893959
1.66, 893746
1.73, 893536
