0.01, 2877331
0.01, 2761304
0.01, 2718367
0.01, 2709083
0.01, 2706571
0.01, 2672628
0.01, 2660217
0.01, 2645394
0.01, 2610701
0.01, 2552821
0.01, 2470519
0.01, 2181514
0.01, 2110961
0.01, 2059186
0.01, 2018546
0.01, 2012898
0.01, 1970725
0.01, 1954790
0.01, 1927830
0.01, 1918169
0.01, 1888014
0.01, 1880849
0.01, 1848107
0.01, 1816560
0.01, 1751275
0.01, 1743320
0.01, 1741876
0.01, 1715669
0.01, 1706938
0.01, 1703340
0.01, 1699289
0.01, 1666659
0.01, 1666292
0.01, 1636623
0.01, 1634833
0.01, 1627165
0.01, 1609072
0.01, 1600298
0.01, 1597432
0.01, 1590294
0.01, 1504357
0.01, 1495182
0.01, 1495087
0.01, 1480145
0.01, 1474565
0.01, 1436680
0.01, 1426651
0.01, 1397161
0.01, 1385093
0.01, 1376778
0.01, 1311828
0.01, 1307354
0.01, 1296269
0.01, 1296060
0.01, 1281747
0.01, 1281466
0.01, 1272237
0.01, 1249968
0.01, 1240739
0.01, 1229878
0.01, 1227050
0.01, 1214887
0.01, 1210437
0.01, 1206444
0.01, 1194943
0.01, 1156126
0.01, 1152021
0.01, 1139762
0.01, 1133388
0.01, 1113891
0.01, 1113883
0.01, 1112921
0.01, 1089010
0.01, 1059684
0.01, 1058851
0.01, 1057235
0.01, 1056809
0.01, 1048347
0.01, 1044304
0.01, 1042652
0.01, 1039318
0.01, 1016013
0.01, 1012006
0.01, 1010189
0.01, 1007931
0.01, 977792
0.01, 962656
0.01, 943425
0.02, 942323
0.02, 932473
0.02, 925764
0.02, 922777
0.02, 919200
0.03, 916283
0.06, 912085
0.09, 909357
0.09, 906690
0.11, 906563
0.11, 902457
0.11, 901256
0.11, 898710
0.12, 896305
0.12, 895754
0.18, 895691
0.19, 895481
0.22, 895409
0.22, 894858
1.57, 894816
1.57, 893746
1.64, 893536
