0.00, 2901507
0.00, 2878221
0.00, 2863139
0.00, 2824684
0.00, 2779899
0.00, 2764484
0.00, 2731629
0.00, 2717922
0.00, 2697437
0.00, 2673893
0.00, 2662158
0.00, 2661738
0.00, 2651457
0.00, 2641185
0.00, 2633832
0.00, 2588471
0.00, 2568898
0.00, 2541112
0.00, 2494086
0.00, 2467023
0.00, 2466872
0.00, 2456912
0.00, 2456766
0.00, 2453510
0.00, 2439667
0.00, 2420341
0.00, 2346339
0.00, 2339040
0.00, 2337817
0.00, 2252145
0.00, 2231619
0.00, 2161774
0.00, 2152651
0.00, 2130450
0.00, 2103126
0.00, 2063278
0.00, 2056376
0.01, 2038813
0.01, 2034520
0.01, 2005554
0.01, 1969308
0.01, 1910386
0.01, 1894561
0.01, 1865983
0.01, 1858682
0.01, 1857526
0.01, 1855492
0.01, 1849931
0.01, 1824211
0.01, 1773067
0.01, 1771111
0.01, 1754685
0.01, 1744690
0.01, 1695238
0.01, 1664730
0.01, 1617725
0.01, 1616804
0.01, 1560652
0.01, 1559393
0.01, 1543328
0.01, 1537272
0.01, 1537173
0.01, 1527903
0.01, 1494419
0.01, 1490597
0.01, 1487539
0.01, 1397897
0.01, 1341876
0.01, 1254664
0.01, 1252994
0.01, 1229448
0.01, 1229017
0.01, 1228765
0.01, 1226637
0.01, 1217462
0.01, 1210723
0.01, 1208691
0.01, 1207091
0.01, 1202846
0.01, 1181418
0.01, 1145641
0.01, 1145318
0.01, 1140276
0.01, 1139013
0.01, 1135242
0.01, 1134404
0.01, 1128519
0.01, 1127068
0.01, 1102371
0.01, 1087152
0.01, 1081950
0.01, 1062874
0.01, 1059618
0.01, 1045741
0.01, 1037863
0.01, 1023391
0.01, 1018985
0.01, 1013312
0.01, 999089
0.01, 994471
0.01, 989064
0.01, 974381
0.01, 969735
0.01, 967582
0.01, 953544
0.02, 952190
0.02, 936080
0.05, 929180
0.05, 925180
0.05, 923272
0.05, 922772
0.05, 919866
0.06, 918853
0.09, 918143
0.09, 915128
0.09, 915003
0.09, 907623
0.09, 905423
0.09, 904991
0.13, 902437
0.13, 899877
0.13, 895732
0.13, 895519
0.17, 895071
0.17, 894858
1.64, 894846
1.65, 894087
1.68, 893749
1.71, 893746
1.71, 893536
