0.01, 2411884
0.01, 2387644
0.01, 2372500
0.01, 2303930
0.01, 2233169
0.01, 2228749
0.01, 2228730
0.01, 2187918
0.01, 2166557
0.01, 2128294
0.01, 2087476
0.01, 2084721
0.01, 2076122
0.01, 2045159
0.01, 2009022
0.01, 2008855
0.01, 1965495
0.01, 1964147
0.01, 1934524
0.01, 1846790
0.01, 1819803
0.01, 1805287
0.01, 1763743
0.01, 1763595
0.01, 1759657
0.01, 1759116
0.01, 1742358
0.01, 1740812
0.01, 1662850
0.01, 1660787
0.01, 1653879
0.01, 1625376
0.01, 1579354
0.01, 1565419
0.01, 1564280
0.01, 1538775
0.01, 1522925
0.01, 1506700
0.01, 1485201
0.01, 1483378
0.01, 1444103
0.01, 1420167
0.01, 1392394
0.01, 1383130
0.01, 1373282
0.01, 1372869
0.01, 1347873
0.01, 1326079
0.01, 1318365
0.01, 1318264
0.01, 1317451
0.01, 1299069
0.01, 1283776
0.01, 1275002
0.01, 1240986
0.01, 1236402
0.01, 1232836
0.01, 1214434
0.01, 1211615
0.01, 1210421
0.01, 1210342
0.01, 1183527
0.01, 1165365
0.01, 1160779
0.01, 1147705
0.01, 1145093
0.01, 1132667
0.01, 1122665
0.01, 1118795
0.01, 1107396
0.01, 1090248
0.01, 1084011
0.01, 1071345
0.01, 1069923
0.01, 1057467
0.01, 1052690
0.01, 1051766
0.01, 1043609
0.01, 1039156
0.01, 1035086
0.01, 1033664
0.01, 1033203
0.01, 1030151
0.01, 1025144
0.01, 1022507
0.02, 1017302
0.02, 1005770
0.02, 1003733
0.02, 987706
0.02, 985475
0.02, 983389
0.02, 978994
0.02, 978964
0.02, 977288
0.03, 971414
0.03, 968605
0.03, 962718
0.03, 948940
0.03, 943165
0.04, 934266
0.06, 927591
0.06, 923863
0.06, 921960
0.07, 921767
0.07, 919829
0.07, 917911
0.07, 915711
0.08, 914748
0.09, 908207
0.09, 907932
0.09, 904349
0.11, 903977
0.11, 903032
0.13, 901798
0.13, 899550
0.14, 899453
0.14, 898902
0.15, 898005
0.15, 897454
0.15, 896916
0.15, 895254
0.16, 894510
0.22, 894369
0.24, 893746
0.24, 893536
