0.01, 3198693
0.01, 3194325
0.01, 3020874
0.01, 2935921
0.01, 2877783
0.01, 2822728
0.01, 2822115
0.01, 2794963
0.01, 2791493
0.01, 2785693
0.01, 2753099
0.01, 2744587
0.01, 2591338
0.01, 2540047
0.01, 2470287
0.01, 2441946
0.01, 2441521
0.01, 2439698
0.01, 2390169
0.01, 2379133
0.01, 2332377
0.01, 2242293
0.01, 2193774
0.01, 2150991
0.01, 2091811
0.01, 2082542
0.01, 2047676
0.01, 2031208
0.01, 2020288
0.01, 2011343
0.01, 2008971
0.01, 2008240
0.01, 2006080
0.01, 2002677
0.01, 1999666
0.01, 1994453
0.01, 1990929
0.01, 1949181
0.01, 1939476
0.01, 1932899
0.01, 1869434
0.01, 1833770
0.01, 1833545
0.01, 1828587
0.01, 1765543
0.01, 1763493
0.01, 1743013
0.01, 1732062
0.01, 1729512
0.01, 1719554
0.01, 1715428
0.01, 1685048
0.01, 1670946
0.01, 1651487
0.01, 1598696
0.01, 1585766
0.01, 1585759
0.01, 1576077
0.01, 1554883
0.01, 1519103
0.01, 1513062
0.01, 1504109
0.01, 1486235
0.01, 1474280
0.01, 1435654
0.01, 1369365
0.01, 1358162
0.01, 1357853
0.01, 1352685
0.01, 1344243
0.01, 1344232
0.01, 1290364
0.01, 1278341
0.01, 1248636
0.01, 1222092
0.01, 1195047
0.01, 1177260
0.01, 1175264
0.01, 1167369
0.01, 1160912
0.01, 1160102
0.01, 1158405
0.01, 1151841
0.01, 1151531
0.01, 1150698
0.01, 1132031
0.01, 1125657
0.01, 1122342
0.01, 1119699
0.01, 1115769
0.01, 1111424
0.01, 1105260
0.01, 1095774
0.01, 1085887
0.01, 1083687
0.01, 1080384
0.01, 1080029
0.01, 1072550
0.01, 1069801
0.01, 1060196
0.01, 1058300
0.01, 1049566
0.01, 1042063
0.01, 1041331
0.01, 1025899
0.01, 1024877
0.01, 994283
0.01, 965092
0.01, 964900
0.03, 946551
0.03, 946050
0.03, 939043
0.04, 937943
0.04, 936604
0.04, 932329
0.06, 927015
0.06, 926981
0.06, 921838
0.06, 920467
0.06, 916023
0.06, 910600
0.06, 908314
0.07, 905157
0.09, 903931
0.09, 903503
0.11, 903289
0.11, 900774
0.11, 900593
0.11, 899447
0.13, 896114
0.14, 895480
0.14, 895267
0.16, 895229
0.17, 894591
0.17, 894410
1.65, 894369
1.66, 893746
1.72, 893536
