0.03, 2685565
0.03, 2606342
0.03, 2601406
0.03, 2545405
0.03, 2409970
0.03, 2373728
0.03, 2315966
0.03, 2236694
0.03, 2225659
0.03, 2215847
0.03, 2207223
0.03, 2205703
0.03, 2174806
0.03, 2144870
0.03, 2100594
0.03, 2085779
0.03, 2075680
0.03, 2065906
0.03, 2051462
0.03, 2010542
0.03, 2010161
0.03, 1995825
0.03, 1970477
0.03, 1964618
0.03, 1944446
0.03, 1865211
0.03, 1848212
0.03, 1824331
0.03, 1791685
0.03, 1755650
0.03, 1698659
0.03, 1691172
0.03, 1687112
0.03, 1678190
0.03, 1648874
0.03, 1544883
0.03, 1517069
0.03, 1502023
0.03, 1495828
0.03, 1459616
0.03, 1459312
0.03, 1458913
0.03, 1449331
0.03, 1424352
0.03, 1409254
0.03, 1392147
0.03, 1354246
0.03, 1320410
0.03, 1316179
0.03, 1310430
0.03, 1287990
0.03, 1271209
0.03, 1265349
0.03, 1250800
0.03, 1233152
0.03, 1212149
0.03, 1186299
0.03, 1184007
0.03, 1175196
0.03, 1154764
0.03, 1148542
0.03, 1143743
0.03, 1143212
0.03, 1143006
0.03, 1104342
0.03, 1103918
0.03, 1096981
0.03, 1084626
0.03, 1081064
0.03, 1076641
0.03, 1072510
0.03, 1055944
0.03, 1042067
0.03, 1034408
0.03, 1015162
0.03, 986819
0.03, 981095
0.03, 978949
0.03, 969715
0.04, 966831
0.04, 941097
0.04, 932241
0.04, 927350
0.07, 924972
0.07, 924156
0.07, 916891
0.07, 915317
0.07, 914766
0.07, 902542
0.11, 899374
0.11, 897174
0.11, 895139
0.17, 894801
0.20, 894407
0.20, 894378
0.23, 894197
0.24, 894087
3.04, 893746
3.04, 893536
