0.05, 2938722
0.05, 2856512
0.05, 2779023
0.05, 2645735
0.05, 2624404
0.05, 2613201
0.05, 2582682
0.05, 2562750
0.05, 2557900
0.05, 2537101
0.05, 2513534
0.05, 2473520
0.05, 2309753
0.05, 2306784
0.05, 2297525
0.05, 2269932
0.05, 2269708
0.05, 2261033
0.05, 2253813
0.05, 2191488
0.05, 2187588
0.05, 2151334
0.05, 2097468
0.05, 2053744
0.05, 2049616
0.05, 2049276
0.05, 1989015
0.05, 1988249
0.05, 1920150
0.05, 1914077
0.05, 1857654
0.05, 1839730
0.05, 1805953
0.05, 1775097
0.05, 1762608
0.05, 1735068
0.05, 1703591
0.05, 1696501
0.05, 1679321
0.05, 1637574
0.05, 1604777
0.05, 1597915
0.05, 1589965
0.05, 1572781
0.05, 1561261
0.05, 1548510
0.05, 1537147
0.05, 1528799
0.05, 1516728
0.06, 1508792
0.06, 1507261
0.06, 1479918
0.06, 1465526
0.06, 1394412
0.06, 1367329
0.06, 1351363
0.06, 1309991
0.06, 1296272
0.06, 1286256
0.06, 1276880
0.06, 1276699
0.06, 1269583
0.06, 1250481
0.06, 1248873
0.06, 1228816
0.06, 1204746
0.06, 1177917
0.06, 1171517
0.06, 1167990
0.06, 1149038
0.06, 1145072
0.06, 1136695
0.06, 1133122
0.06, 1131776
0.06, 1120244
0.06, 1103541
0.06, 1101457
0.06, 1082854
0.06, 1080243
0.06, 1079428
0.06, 1077279
0.06, 1075663
0.06, 1072464
0.06, 1059260
0.06, 1054637
0.06, 1053821
0.06, 1048458
0.06, 1047641
0.06, 1047431
0.06, 1012950
0.06, 1011873
0.06, 1002972
0.06, 1001356
0.06, 993118
0.06, 989005
0.06, 988386
0.06, 986569
0.06, 984774
0.06, 973395
0.06, 967565
0.06, 967558
0.06, 961150
0.06, 955771
0.06, 945771
0.06, 939740
0.07, 935256
0.07, 924078
0.07, 923865
0.08, 921969
0.10, 916598
0.13, 910263
0.13, 909741
0.13, 908740
0.13, 908454
0.14, 906356
0.15, 905197
0.15, 901376
0.15, 900666
0.16, 896970
0.23, 895068
0.30, 894858
1.61, 894369
