0.02, 3094399
0.02, 3087793
0.02, 3085686
0.02, 3000607
0.02, 2951958
0.02, 2881017
0.02, 2839307
0.02, 2793456
0.02, 2729348
0.02, 2691587
0.02, 2614520
0.02, 2610480
0.02, 2592846
0.02, 2573926
0.02, 2512192
0.02, 2416151
0.02, 2410213
0.02, 2375924
0.02, 2330285
0.02, 2296826
0.02, 2280781
0.02, 2280401
0.02, 2227043
0.02, 2184261
0.02, 2183120
0.02, 2150628
0.02, 2140322
0.02, 2131598
0.02, 2102427
0.02, 2072978
0.02, 2062297
0.02, 2054388
0.02, 2042546
0.02, 2038927
0.02, 2015347
0.02, 2004953
0.02, 1957523
0.02, 1930495
0.02, 1917708
0.02, 1914945
0.02, 1902484
0.02, 1874547
0.02, 1864018
0.02, 1833393
0.02, 1827554
0.02, 1778061
0.02, 1771093
0.02, 1770808
0.02, 1721154
0.02, 1717150
0.02, 1697571
0.02, 1691630
0.02, 1556082
0.02, 1551534
0.02, 1532800
0.02, 1520945
0.02, 1503873
0.02, 1499056
0.02, 1475252
0.02, 1474826
0.02, 1454816
0.02, 1445203
0.02, 1424784
0.02, 1416456
0.02, 1359347
0.02, 1325113
0.02, 1311458
0.02, 1288890
0.02, 1260750
0.02, 1257541
0.02, 1257332
0.02, 1249369
0.02, 1245066
0.02, 1241604
0.02, 1233524
0.02, 1231513
0.02, 1209312
0.02, 1195476
0.02, 1194744
0.02, 1188861
0.02, 1187580
0.03, 1179562
0.03, 1157673
0.03, 1137102
0.03, 1134944
0.03, 1133798
0.03, 1130802
0.03, 1130592
0.03, 1129525
0.03, 1104825
0.03, 1099310
0.03, 1097574
0.03, 1090478
0.03, 1082160
0.03, 1081439
0.03, 1080338
0.03, 1061969
0.03, 1060366
0.03, 1049878
0.03, 1033653
0.03, 1027230
0.03, 1022457
0.03, 1016957
0.03, 1014803
0.03, 1006312
0.03, 1000786
0.03, 974560
0.03, 973722
0.03, 972174
0.03, 960384
0.03, 959033
0.03, 948903
0.03, 932046
0.04, 926595
0.04, 924395
0.04, 924185
0.04, 921160
0.06, 918613
0.06, 915188
0.06, 912886
0.07, 912517
0.09, 900344
0.09, 897158
0.15, 896497
0.17, 896002
0.17, 895792
0.17, 895082
0.19, 894846
0.19, 894636
0.22, 894197
0.26, 894159
1.65, 893746
1.70, 893536
