0.00,2646109
0.00,2473050
0.00,2301429
0.00,2235766
0.00,2215560
0.00,2196078
0.00,2214129
0.00,2203138
0.00,2251130
0.00,2150794
0.00,1909111
0.00,1794650
0.00,1752160
0.00,1658895
0.00,1578610
0.00,1598255
0.00,1510626
0.00,1498989
0.00,1550521
0.00,1566955
0.00,1581901
0.00,1604344
0.00,1581080
0.00,1550125
0.00,1458772
0.00,1447239
0.00,1409515
0.00,1391903
0.00,1385759
0.00,1363513
0.00,1402881
0.00,1360409
0.00,1337020
0.00,1303023
0.00,1270106
0.00,1252424
0.00,1222223
0.00,1192236
0.00,1176835
0.00,1191601
0.00,1163890
0.00,1139285
0.00,1135229
0.00,1135565
0.00,1195504
0.00,1230286
0.00,1222873
0.00,1343202
0.00,1268484
0.00,1123252
0.00,1128982
0.00,1065823
0.00,1051800
0.00,1027797
0.00,1003248
0.00,1035870
0.00,1123195
0.00,1152671
0.00,1070929
0.00,980857
0.00,989996
0.00,1022890
0.00,957299
0.00,952969
0.00,977669
0.00,969045
0.00,965608
0.00,939879
0.00,927436
0.00,921763
0.00,929615
0.00,917860
0.00,915377
0.00,912985
0.00,911089
0.00,910876
0.00,910830
