0.04, 2756078
0.04, 2667865
0.04, 2627983
0.04, 2607247
0.04, 2588424
0.04, 2529027
0.04, 2527695
0.04, 2519118
0.04, 2510057
0.04, 2487804
0.04, 2433649
0.04, 2421123
0.04, 2391262
0.04, 2368558
0.04, 2345283
0.04, 2324860
0.04, 2315255
0.04, 2270252
0.04, 2253321
0.04, 2250500
0.04, 2229122
0.04, 2217918
0.04, 2210865
0.04, 2209753
0.04, 2186617
0.04, 2117766
0.04, 2105916
0.04, 2102587
0.04, 2083387
0.04, 1926263
0.04, 1916282
0.04, 1891288
0.04, 1813721
0.04, 1810670
0.04, 1805733
0.04, 1791053
0.04, 1788185
0.04, 1735055
0.04, 1733090
0.04, 1721912
0.04, 1705522
0.04, 1684036
0.04, 1683969
0.04, 1676458
0.04, 1646576
0.04, 1627109
0.04, 1621474
0.04, 1620657
0.04, 1616733
0.04, 1584374
0.04, 1567714
0.04, 1543796
0.04, 1538185
0.04, 1521263
0.04, 1508948
0.04, 1505616
0.04, 1466775
0.04, 1437588
0.04, 1420327
0.04, 1409386
0.04, 1409173
0.04, 1408078
0.04, 1406164
0.04, 1388914
0.04, 1384129
0.04, 1379806
0.04, 1378360
0.04, 1372318
0.04, 1359914
0.04, 1349807
0.04, 1349626
0.04, 1328551
0.04, 1328325
0.04, 1304944
0.04, 1295823
0.04, 1291445
0.04, 1282224
0.04, 1281673
0.04, 1279552
0.04, 1278153
0.04, 1277684
0.04, 1268978
0.04, 1268762
0.04, 1265187
0.04, 1259502
0.04, 1240243
0.04, 1223872
0.04, 1222450
0.04, 1213892
0.04, 1200920
0.04, 1188122
0.04, 1188095
0.04, 1187427
0.04, 1159705
0.04, 1148408
0.04, 1138315
0.04, 1125600
0.04, 1107488
0.04, 1095263
0.04, 1090080
0.04, 1080847
0.04, 1076817
0.04, 1072548
0.04, 1058076
0.04, 1055596
0.04, 1045439
0.04, 1044721
0.04, 1044501
0.04, 1042719
0.04, 1035208
0.04, 1032930
0.04, 1029347
0.04, 1024480
0.04, 1022865
0.04, 1021385
0.04, 1021159
0.04, 1003999
0.04, 999595
0.04, 993214
0.04, 993041
0.04, 993009
0.04, 991708
0.04, 990286
0.04, 988344
0.04, 980305
0.05, 974508
0.05, 967541
0.05, 966275
0.05, 951948
0.05, 946740
0.05, 938910
0.05, 934552
0.05, 930894
0.07, 928192
0.07, 924534
0.09, 920331
0.09, 919935
0.09, 918617
0.09, 915818
0.09, 904782
0.11, 903420
0.14, 901343
0.14, 901133
0.15, 900438
0.15, 899944
0.15, 897977
0.15, 897426
0.15, 897216
0.18, 896593
0.18, 896576
0.19, 895519
0.26, 894858
0.27, 894369
0.28, 894159
2.94, 893749
3.03, 893746
3.03, 893536
