0.02, 2945689
0.02, 2857375
0.02, 2856125
0.02, 2844160
0.02, 2839735
0.02, 2816453
0.02, 2736684
0.02, 2671970
0.02, 2671597
0.02, 2505051
0.02, 2482285
0.02, 2454399
0.02, 2300265
0.02, 2256888
0.02, 2253186
0.02, 2252110
0.02, 2248735
0.02, 2243685
0.02, 2227353
0.02, 2214905
0.02, 2211293
0.02, 2203100
0.02, 2193536
0.02, 2173144
0.02, 2171624
0.02, 2156956
0.02, 2154720
0.02, 2142355
0.02, 2078790
0.02, 2042715
0.02, 2026664
0.02, 1978591
0.02, 1917960
0.02, 1891257
0.02, 1842767
0.02, 1821118
0.02, 1744838
0.02, 1717454
0.02, 1714883
0.02, 1705675
0.02, 1696920
0.02, 1674280
0.02, 1663466
0.02, 1642906
0.02, 1620109
0.02, 1519363
0.02, 1518611
0.02, 1491707
0.02, 1489268
0.02, 1460270
0.02, 1450828
0.02, 1439349
0.02, 1419138
0.02, 1411297
0.02, 1383980
0.02, 1256851
0.02, 1252614
0.02, 1248766
0.02, 1246392
0.02, 1243655
0.02, 1240660
0.02, 1235788
0.02, 1232741
0.02, 1198998
0.02, 1197809
0.02, 1177269
0.02, 1169671
0.02, 1166340
0.02, 1162459
0.02, 1160873
0.02, 1147903
0.02, 1144587
0.02, 1117778
0.02, 1116897
0.02, 1115701
0.02, 1107691
0.02, 1092901
0.02, 1092814
0.02, 1068889
0.02, 1060421
0.02, 1060059
0.02, 1059602
0.02, 1055501
0.02, 1042922
0.02, 1033693
0.02, 1029303
0.02, 1026999
0.02, 1021872
0.03, 1017914
0.03, 998988
0.03, 998623
0.03, 998371
0.03, 995165
0.03, 992730
0.03, 983799
0.04, 975790
0.04, 967127
0.04, 966540
0.04, 964405
0.04, 959515
0.04, 957315
0.05, 943862
0.05, 942148
0.05, 938961
0.05, 938952
0.05, 935326
0.06, 931305
0.06, 924172
0.06, 920415
0.07, 917542
0.11, 915933
0.11, 911876
0.11, 909720
0.11, 907072
0.11, 902819
0.11, 902609
0.11, 902068
0.11, 901876
0.12, 900692
0.15, 894816
0.15, 893746
0.15, 893536
