0.02, 3272351
0.02, 3207035
0.02, 3174385
0.02, 3110683
0.02, 3094880
0.02, 2950037
0.02, 2921524
0.02, 2897111
0.02, 2835021
0.02, 2814625
0.02, 2814091
0.02, 2809976
0.02, 2805170
0.02, 2783203
0.02, 2779091
0.02, 2696665
0.02, 2693517
0.02, 2691576
0.02, 2680775
0.02, 2667871
0.02, 2613899
0.02, 2589716
0.02, 2573424
0.02, 2457012
0.02, 2414967
0.02, 2383064
0.02, 2353759
0.02, 2325329
0.02, 2308193
0.02, 2306329
0.02, 2303587
0.02, 2284858
0.02, 2278512
0.02, 2254011
0.02, 2215954
0.02, 2212368
0.02, 2203923
0.02, 2169885
0.02, 2142312
0.02, 2123733
0.02, 2093483
0.02, 2080544
0.02, 2036837
0.02, 2030216
0.02, 2004919
0.02, 1988375
0.02, 1920555
0.02, 1838250
0.02, 1832920
0.02, 1820986
0.02, 1815814
0.02, 1803650
0.02, 1794444
0.02, 1788898
0.02, 1782162
0.02, 1779890
0.02, 1735155
0.02, 1680384
0.02, 1674178
0.02, 1620216
0.02, 1531698
0.02, 1521173
0.02, 1518713
0.02, 1516080
0.02, 1512448
0.02, 1500933
0.02, 1486530
0.02, 1471358
0.02, 1467206
0.02, 1451222
0.02, 1381648
0.02, 1378282
0.02, 1377433
0.02, 1364432
0.02, 1350373
0.02, 1348757
0.02, 1341065
0.02, 1329741
0.02, 1319564
0.02, 1313159
0.02, 1312361
0.02, 1308674
0.02, 1280675
0.02, 1250443
0.02, 1212486
0.02, 1190675
0.02, 1183545
0.02, 1175832
0.03, 1116601
0.03, 1113738
0.03, 1104897
0.03, 1082782
0.03, 1082140
0.03, 1081421
0.03, 1062754
0.03, 1058798
0.03, 1056238
0.03, 1033031
0.03, 1031794
0.03, 1017089
0.03, 1008456
0.03, 999071
0.03, 970283
0.03, 965792
0.04, 963576
0.04, 952936
0.04, 952286
0.04, 949480
0.04, 945749
0.05, 945194
0.05, 942994
0.05, 942784
0.05, 940800
0.05, 933796
0.05, 932770
0.06, 929935
0.06, 926268
0.07, 922776
0.08, 921026
0.08, 917735
0.08, 907184
0.12, 906216
0.12, 901334
0.12, 901178
0.12, 898450
0.14, 896362
0.16, 895281
0.25, 894858
1.57, 894378
1.57, 894300
1.57, 893749
1.62, 893536
