0.00,2608254
0.00,2525847
0.00,2653807
0.00,2701234
0.00,2450282
0.00,2297599
0.00,2273937
0.00,2157697
0.00,1999408
0.00,1947585
0.00,1829379
0.00,1805309
0.00,1845367
0.00,1735855
0.00,1645493
0.00,1581316
0.00,1562703
0.00,1634382
0.00,1521840
0.00,1651948
0.00,1770336
0.00,1658763
0.00,1571080
0.00,1582924
0.00,1672881
0.00,1540508
0.00,1451709
0.00,1470175
0.00,1417505
0.00,1474908
0.00,1380831
0.00,1312272
0.00,1269686
0.00,1258643
0.00,1230635
0.00,1276498
0.00,1181617
0.00,1173076
0.00,1161137
0.00,1170162
0.00,1180478
0.00,1217753
0.00,1319087
0.00,1288884
0.00,1244140
0.00,1220735
0.00,1207437
0.00,1210487
0.00,1228953
0.00,1208343
0.00,1189872
0.00,1216655
0.00,1210520
0.00,1138771
0.00,1126705
0.00,1172305
0.00,1106992
0.00,1085237
0.00,1050055
0.00,1129710
0.00,1288515
0.00,1274987
0.00,1199239
0.00,1134353
0.00,1110296
0.00,1086913
0.00,1113295
0.00,1141904
0.00,1119880
0.00,1133567
0.00,1119959
0.00,1058498
0.00,1081599
0.00,1081837
0.00,1033018
0.00,1033938
0.00,1014962
0.00,997812
0.00,992198
0.00,995507
0.00,973600
0.00,980122
0.00,983431
0.00,961524
0.00,950078
0.00,956589
0.00,943024
0.00,939979
0.00,930840
0.00,1022621
0.00,1010611
0.00,1051519
0.00,1102193
0.00,1202462
0.00,1271348
0.00,1167804
0.00,1067485
0.00,1030704
0.00,1026448
0.00,1070761
0.00,1107324
0.00,1061102
0.00,1007118
0.00,979593
0.00,928324
0.00,959579
0.00,982883
0.00,1043411
0.00,1079516
0.00,1184525
0.00,1241692
0.00,1138216
0.00,1038212
0.00,1018603
0.00,1033094
0.00,1037543
0.00,1033946
0.00,1052161
0.00,1077902
0.00,1023203
0.00,930054
0.00,920915
0.00,918715
0.00,918047
0.00,925827
0.00,914428
0.00,913718
0.00,913247
0.00,910251
0.00,910041
