0.00,2491583
0.00,2385394
0.00,2258409
0.00,2252595
0.00,2124196
0.00,2002895
0.00,1992228
0.00,1919193
0.00,1897905
0.00,1811569
0.00,1715668
0.00,1661862
0.00,1699810
0.00,1571323
0.00,1507516
0.00,1438404
0.00,1426403
0.00,1406461
0.00,1445607
0.00,1452959
0.00,1481057
0.00,1563917
0.00,1463695
0.00,1539614
0.00,1446083
0.00,1449336
0.00,1456175
0.00,1354199
0.00,1284794
0.00,1239841
0.00,1197440
0.00,1205686
0.00,1244832
0.00,1283575
0.00,1318738
0.00,1324686
0.00,1281722
0.00,1338839
0.00,1296600
0.00,1269027
0.00,1255400
0.00,1166254
0.00,1147768
0.00,1140105
0.00,1092417
0.00,1065667
0.00,1045371
0.00,1048999
0.00,1062869
0.00,1013199
0.00,980685
0.00,1043171
0.00,981001
0.00,967219
0.00,980513
0.00,984576
0.00,948498
0.00,947556
0.00,962460
0.00,980657
0.00,940646
0.00,949706
0.00,955959
0.00,926752
0.00,920690
0.00,918026
0.00,968507
0.00,943425
0.00,918526
0.00,913951
0.00,921731
0.00,910332
0.00,909622
0.00,908921
0.00,908708
