0.00,2739746
0.00,2561717
0.00,2490339
0.00,2340155
0.00,2218651
0.00,2228489
0.00,2193689
0.00,2245251
0.00,2298993
0.00,2278998
0.00,2122718
0.00,1996359
0.00,2000905
0.00,1893632
0.00,1843569
0.00,1714092
0.00,1701489
0.00,1646218
0.00,1573063
0.00,1534570
0.00,1440812
0.00,1391525
0.00,1401206
0.00,1441608
0.00,1505577
0.00,1409947
0.00,1474465
0.00,1417132
0.00,1427584
0.00,1346270
0.00,1294336
0.00,1350853
0.00,1353062
0.00,1269273
0.00,1231989
0.00,1220304
0.00,1199850
0.00,1237249
0.00,1337152
0.00,1395398
0.00,1168743
0.00,1138511
0.00,1124796
0.00,1101603
0.00,1149814
0.00,1106594
0.00,1132369
0.00,1096080
0.00,1054982
0.00,1029861
0.00,1026520
0.00,1023168
0.00,1051668
0.00,1086737
0.00,1054068
0.00,1070402
0.00,1007243
0.00,990811
0.00,977788
0.00,966840
0.00,959676
0.00,974502
0.00,990715
0.00,1005953
0.00,1095072
0.00,1196916
0.00,1265151
0.00,1154780
0.00,1051792
0.00,1025127
0.00,1079102
0.00,1138773
0.00,1103604
0.00,1056652
0.00,1048129
0.00,1042666
0.00,1007913
0.00,1022374
0.00,954947
0.00,949559
0.00,944953
0.00,941295
0.00,938832
0.00,933208
0.00,930826
0.00,928626
0.00,928075
0.00,927865
