0.00, 2951894
0.00, 2911948
0.00, 2868550
0.00, 2758103
0.00, 2638699
0.00, 2637488
0.00, 2591909
0.00, 2589166
0.00, 2569154
0.00, 2537111
0.00, 2501550
0.01, 2496093
0.01, 2485003
0.01, 2463039
0.01, 2437446
0.01, 2365940
0.01, 2188447
0.01, 2156551
0.01, 2119546
0.01, 2014284
0.01, 2011372
0.01, 2005175
0.01, 1998928
0.01, 1985018
0.01, 1984044
0.01, 1936300
0.01, 1917546
0.01, 1915950
0.01, 1825640
0.01, 1815330
0.01, 1758048
0.01, 1736651
0.01, 1728436
0.01, 1726001
0.01, 1722343
0.01, 1694818
0.01, 1691247
0.01, 1682658
0.01, 1671480
0.01, 1666671
0.01, 1655010
0.01, 1642538
0.01, 1641334
0.01, 1628348
0.01, 1625927
0.01, 1600270
0.01, 1585457
0.01, 1554699
0.01, 1553178
0.01, 1522698
0.01, 1521308
0.01, 1520017
0.01, 1512649
0.01, 1506653
0.01, 1491867
0.01, 1491655
0.01, 1483117
0.01, 1482481
0.01, 1459835
0.01, 1453912
0.01, 1446906
0.01, 1439275
0.01, 1435167
0.01, 1434371
0.01, 1419074
0.01, 1394839
0.01, 1325764
0.01, 1325125
0.01, 1323372
0.01, 1319767
0.01, 1302390
0.01, 1283106
0.01, 1265529
0.01, 1264105
0.01, 1258041
0.01, 1257697
0.01, 1252419
0.01, 1241100
0.01, 1228797
0.01, 1157353
0.01, 1149065
0.01, 1140859
0.01, 1137103
0.01, 1136286
0.01, 1132491
0.01, 1128575
0.01, 1124601
0.01, 1117683
0.01, 1116132
0.01, 1115602
0.01, 1106077
0.01, 1102494
0.01, 1082235
0.01, 1068851
0.01, 1064931
0.01, 1052260
0.01, 1030894
0.01, 1027140
0.01, 1014746
0.01, 1008684
0.01, 992727
0.01, 991490
0.01, 989036
0.01, 977377
0.02, 970583
0.02, 964816
0.02, 964160
0.02, 949153
0.02, 943103
0.04, 942364
0.04, 939621
0.05, 934936
0.05, 932727
0.05, 921927
0.05, 920862
0.06, 920414
0.06, 918989
0.07, 917521
0.07, 917240
0.08, 916871
0.09, 910672
0.09, 908975
0.10, 899362
0.14, 898750
0.15, 896970
0.15, 896760
0.15, 896586
0.16, 896554
0.16, 896242
0.17, 896183
0.17, 895970
0.20, 895942
0.23, 895700
0.25, 895691
0.25, 895481
1.64, 894620
1.66, 894407
1.66, 894197
1.69, 894159
1.71, 893746
1.71, 893536
