0.00, 2763061
0.00, 2744341
0.00, 2706852
0.00, 2694313
0.00, 2691233
0.00, 2684534
0.00, 2673714
0.00, 2655313
0.00, 2617510
0.00, 2584532
0.00, 2564794
0.00, 2560890
0.00, 2521677
0.00, 2519002
0.00, 2501782
0.00, 2498658
0.00, 2462549
0.00, 2421184
0.00, 2408592
0.00, 2379487
0.00, 2314910
0.00, 2260565
0.00, 2238410
0.00, 2235542
0.00, 2234274
0.00, 2205423
0.00, 2170104
0.00, 2164672
0.00, 2162429
0.00, 2136774
0.00, 2126639
0.00, 2104541
0.00, 2026866
0.00, 2017494
0.00, 2014771
0.00, 2000841
0.00, 1995627
0.00, 1859426
0.00, 1853879
0.00, 1849069
0.00, 1816068
0.00, 1760959
0.00, 1731445
0.00, 1730802
0.00, 1650289
0.00, 1643866
0.00, 1636442
0.00, 1624827
0.00, 1593251
0.00, 1592843
0.00, 1574550
0.00, 1566956
0.01, 1542883
0.01, 1540083
0.01, 1538752
0.01, 1533183
0.01, 1514917
0.01, 1493145
0.01, 1491911
0.01, 1476182
0.01, 1430330
0.01, 1365010
0.01, 1326893
0.01, 1317882
0.01, 1306441
0.01, 1273886
0.01, 1268179
0.01, 1267849
0.01, 1267110
0.01, 1231584
0.01, 1225096
0.01, 1201184
0.01, 1200505
0.01, 1167200
0.01, 1125278
0.01, 1113494
0.01, 1110340
0.01, 1084141
0.01, 1076779
0.01, 1069799
0.01, 1041836
0.01, 1039809
0.01, 1039265
0.01, 1036055
0.01, 1034363
0.01, 1031290
0.01, 1027908
0.01, 1021334
0.01, 1011223
0.01, 1010513
0.01, 1006473
0.01, 981987
0.01, 978699
0.02, 973584
0.02, 966130
0.02, 951535
0.03, 945929
0.04, 942019
0.04, 936422
0.04, 932368
0.04, 932339
0.04, 930176
0.05, 929012
0.06, 919524
0.06, 918973
0.06, 917827
0.06, 914169
0.06, 913959
0.06, 911280
0.08, 903495
0.11, 899319
0.12, 897855
0.12, 897680
0.13, 897257
0.16, 895171
0.16, 894620
0.19, 894369
0.19, 894159
0.20, 893746
0.23, 893536
