0.00,2692546
0.00,2513856
0.00,2233126
0.00,2053769
0.00,2049186
0.00,2044751
0.00,2008938
0.00,1975485
0.00,1917565
0.00,1884594
0.00,2153122
0.00,1951125
0.00,1887795
0.00,1801111
0.00,1788223
0.00,1765400
0.00,1777439
0.00,1734917
0.00,1759157
0.00,1614838
0.00,1541406
0.00,1553436
0.00,1615362
0.00,1703396
0.00,1471744
0.00,1497870
0.00,1464159
0.00,1425171
0.00,1369886
0.00,1337478
0.00,1324133
0.00,1299298
0.00,1332532
0.00,1258604
0.00,1255184
0.00,1208024
0.00,1283022
0.00,1330995
0.00,1403004
0.00,1476097
0.00,1290858
0.00,1175179
0.00,1197026
0.00,1234529
0.00,1234036
0.00,1218555
0.00,1220204
0.00,1152402
0.00,1164019
0.00,1171978
0.00,1142723
0.00,1122503
0.00,1143327
0.00,1148917
0.00,1142605
0.00,1157938
0.00,1195441
0.00,1151681
0.00,1116760
0.00,1082747
0.00,1098646
0.00,1047999
0.00,1018170
0.00,1054158
0.00,1055387
0.00,1028523
0.00,1101759
0.00,1091327
0.00,1065446
0.00,1019203
0.00,1030630
0.00,1073552
0.00,1229584
0.00,1160120
0.00,1094059
0.00,1041102
0.00,1018755
0.00,988926
0.00,1015870
0.00,1031879
0.00,1191995
0.00,1122883
0.00,1063010
0.00,1014460
0.00,973100
0.00,965936
0.00,963777
0.00,994366
0.00,950145
0.00,954869
0.00,981419
0.00,955035
0.00,943087
0.00,1015695
0.00,1003028
0.00,1023443
0.00,1039242
0.00,1013003
0.00,1002648
0.00,1005240
0.00,991690
0.00,1004011
0.00,1011275
0.00,1015191
0.00,988114
0.00,977022
0.00,965848
0.00,971839
0.00,956807
0.00,1041353
0.00,936385
0.00,934185
0.00,932884
0.00,931184
0.00,1010336
0.00,999783
0.00,998142
0.00,1031034
0.00,1038839
0.00,1007628
0.00,981337
0.00,963688
0.00,983884
0.00,985236
0.00,1157716
0.00,1082700
0.00,1013550
0.00,983875
0.00,929408
0.00,940822
0.00,952716
0.00,966637
0.00,1029478
0.00,1020381
0.00,1024744
0.00,1017527
0.00,1005776
0.00,1037532
0.00,1012171
0.00,1153446
0.00,1089819
0.00,1029299
0.00,985869
0.00,951058
0.00,927697
0.00,921175
0.00,925288
0.00,919429
0.00,915372
0.00,928530
0.00,926220
0.00,922201
0.00,947681
0.00,1014736
0.00,970805
0.00,1016756
0.00,1022400
0.00,1009515
0.00,984612
0.00,965398
0.00,996268
0.00,985164
0.00,1135993
0.00,1086015
0.00,1019954
0.00,969960
0.00,940630
0.00,914821
0.00,914540
0.00,914330
