0.00,2671035
0.00,2455126
0.00,2259387
0.00,2123314
0.00,2006432
0.00,2104236
0.00,2180458
0.00,2222621
0.00,2005527
0.00,1991430
0.00,1813732
0.00,1772897
0.00,1735078
0.00,1651709
0.00,1629509
0.00,1596854
0.00,1528550
0.00,1604185
0.00,1600918
0.00,1725287
0.00,1749015
0.00,1589158
0.00,1462715
0.00,1445899
0.00,1458403
0.00,1374557
0.00,1426679
0.00,1520970
0.00,1462098
0.00,1312626
0.00,1241224
0.00,1229704
0.00,1190523
0.00,1202103
0.00,1259916
0.00,1378769
0.00,1317564
0.00,1199941
0.00,1154134
0.00,1150071
0.00,1123350
0.00,1096202
0.00,1103971
0.00,1061517
0.00,1052651
0.00,1034233
0.00,1011474
0.00,1102827
0.00,1071564
0.00,1061770
0.00,1073282
0.00,1078596
0.00,1034538
0.00,1116147
0.00,1218838
0.00,1159951
0.00,1067047
0.00,1026863
0.00,1023632
0.00,1043314
0.00,994472
0.00,986004
0.00,1086272
0.00,1183312
0.00,1124272
0.00,1032019
0.00,998762
0.00,966248
0.00,991544
0.00,991386
0.00,942581
0.00,936525
0.00,944305
0.00,932906
0.00,929861
0.00,920722
0.00,918522
0.00,922411
0.00,916349
0.00,913353
0.00,912643
