0.07,2884686
0.07,2643862
0.07,2443385
0.07,2320470
0.07,2187435
0.07,1947151
0.07,2014609
0.07,1969131
0.07,1911791
0.07,1873995
0.07,1839356
0.07,1844423
0.07,1875652
0.07,1788135
0.07,1705623
0.07,1728332
0.07,1807755
0.07,1572153
0.07,1529251
0.07,1457809
0.07,1540856
0.07,1386960
0.07,1446032
0.07,1423287
0.07,1327203
0.07,1332544
0.07,1372644
0.07,1348809
0.07,1394242
0.07,1529942
0.07,1578828
0.07,1399424
0.07,1310631
0.07,1324209
0.07,1321849
0.07,1359793
0.07,1330400
0.07,1311713
0.07,1300392
0.07,1281701
0.07,1342344
0.07,1463822
0.07,1402989
0.07,1309133
0.07,1236443
0.07,1193389
0.07,1205450
0.07,1263815
0.07,1232135
0.07,1227875
0.07,1189837
0.07,1158758
0.07,1144307
0.07,1121548
0.07,1185856
0.07,1172285
0.07,1208459
0.07,1263642
0.07,1152705
0.07,1122338
0.07,1129506
0.07,1165682
0.07,1134833
0.07,1132928
0.07,1098980
0.07,1072547
0.07,1054568
0.07,1086147
0.07,1065995
0.07,1024566
0.07,1006976
0.07,1014880
0.07,990326
0.07,989803
0.07,973578
0.07,1011327
0.07,1053755
0.07,1022379
0.07,1017137
0.07,1038479
0.07,1046621
0.07,985265
0.07,986654
0.07,1037097
0.07,992612
0.07,992340
0.07,957653
0.07,956554
0.07,944945
0.07,937526
0.07,930522
0.07,927477
0.07,921532
0.07,917874
0.07,915674
0.07,915123
0.07,914842
0.07,914632
