0.00,2688934
0.00,2344277
0.00,2200709
0.00,2201031
0.00,2075211
0.00,1957863
0.00,1854350
0.00,1839549
0.00,1759798
0.00,1744614
0.00,1673519
0.00,1649154
0.00,1605658
0.00,1555116
0.00,1506226
0.00,1485234
0.00,1425820
0.00,1407764
0.00,1350391
0.00,1397368
0.00,1435108
0.00,1399476
0.00,1377438
0.00,1304643
0.00,1279130
0.00,1256708
0.00,1209733
0.00,1206039
0.00,1227925
0.00,1159867
0.00,1199018
0.00,1169051
0.00,1148809
0.00,1135177
0.00,1109228
0.00,1098966
0.00,1148799
0.00,1146068
0.00,1179932
0.00,1143241
0.00,1138689
0.00,1161871
0.00,1112277
0.00,1111784
0.00,1093349
0.00,1123487
0.00,1085013
0.00,1065324
0.00,1099499
0.00,1061849
0.00,1040656
0.00,1024431
0.00,1011655
0.00,998927
0.00,988002
0.00,1117625
0.00,1288207
0.00,1246499
0.00,1178896
0.00,1112653
0.00,1087413
0.00,1098063
0.00,1113841
0.00,1115558
0.00,1164600
0.00,1126938
0.00,1164282
0.00,1133970
0.00,1055743
0.00,1011006
0.00,976371
0.00,977142
0.00,1082845
0.00,1221852
0.00,1223903
0.00,1145212
0.00,1097316
0.00,1076161
0.00,1069673
0.00,1111966
0.00,1082466
0.00,1104904
0.00,1152938
0.00,1119300
0.00,1150499
0.00,1088529
0.00,1032403
0.00,978180
0.00,966355
0.00,956951
0.00,951225
0.00,945518
0.00,940766
0.00,939069
0.00,937453
0.00,936752
0.00,936201
0.00,936155
