0.01, 2959757
0.01, 2866455
0.01, 2840526
0.01, 2721440
0.01, 2695003
0.01, 2369685
0.01, 2344260
0.01, 2328642
0.01, 2274564
0.01, 2267452
0.01, 2180649
0.01, 2151830
0.01, 2141434
0.01, 2111649
0.01, 2111352
0.01, 2095020
0.01, 2086947
0.01, 2055776
0.01, 2002456
0.01, 1991989
0.01, 1914732
0.01, 1908218
0.01, 1907680
0.01, 1889478
0.01, 1887192
0.01, 1881913
0.01, 1871830
0.01, 1828503
0.01, 1821291
0.01, 1768291
0.01, 1762079
0.01, 1729021
0.01, 1700782
0.01, 1700529
0.01, 1694013
0.01, 1687364
0.01, 1617931
0.01, 1611347
0.01, 1579286
0.01, 1577495
0.01, 1576944
0.01, 1574774
0.01, 1533754
0.01, 1531872
0.01, 1501019
0.01, 1491436
0.01, 1443790
0.01, 1437108
0.01, 1424681
0.01, 1422678
0.01, 1415877
0.01, 1412357
0.01, 1412211
0.01, 1410640
0.01, 1403651
0.01, 1389347
0.01, 1386585
0.01, 1386374
0.01, 1382999
0.01, 1374681
0.01, 1371824
0.01, 1357704
0.01, 1349297
0.01, 1338614
0.01, 1310684
0.01, 1297742
0.01, 1273013
0.01, 1256468
0.01, 1229763
0.01, 1224928
0.01, 1222834
0.01, 1213458
0.01, 1202601
0.01, 1185674
0.01, 1178630
0.01, 1177829
0.01, 1150781
0.01, 1142292
0.01, 1139088
0.01, 1139083
0.01, 1131821
0.01, 1129517
0.01, 1129465
0.01, 1127308
0.01, 1126838
0.01, 1118099
0.01, 1112254
0.01, 1103812
0.01, 1091988
0.01, 1089343
0.01, 1088167
0.01, 1073861
0.01, 1072568
0.01, 1046128
0.01, 1043842
0.01, 1030828
0.01, 1002203
0.01, 990632
0.01, 971880
0.01, 967206
0.01, 962194
0.01, 961728
0.02, 957064
0.02, 953787
0.02, 952931
0.02, 952097
0.02, 949432
0.02, 947978
0.05, 946636
0.05, 946167
0.05, 937946
0.05, 935012
0.07, 934618
0.07, 926057
0.07, 924305
0.07, 920248
0.08, 918453
0.08, 917902
0.08, 914228
0.08, 913061
0.08, 907934
0.10, 904518
0.11, 904248
0.11, 901039
0.12, 900920
0.13, 899584
0.15, 897810
0.15, 897194
0.16, 896381
0.16, 896168
0.16, 895619
0.16, 895409
0.22, 895281
0.22, 895071
0.22, 894858
3.07, 894748
3.07, 894378
4.60, 893959
4.61, 893746
4.61, 893536
