0.02, 3099683
0.02, 2990605
0.02, 2989917
0.02, 2896250
0.02, 2838676
0.02, 2805218
0.02, 2722914
0.02, 2713036
0.02, 2685704
0.02, 2631049
0.02, 2599095
0.02, 2599041
0.02, 2597614
0.02, 2510451
0.02, 2508647
0.02, 2500697
0.02, 2500617
0.02, 2418511
0.02, 2414203
0.02, 2398468
0.02, 2397728
0.02, 2380218
0.02, 2355274
0.02, 2335862
0.02, 2299709
0.02, 2282722
0.02, 2243471
0.02, 2239770
0.02, 2211970
0.02, 2173857
0.02, 2169618
0.02, 2132582
0.02, 2102430
0.02, 2100814
0.02, 2078812
0.02, 1954733
0.02, 1891544
0.02, 1875220
0.02, 1863825
0.02, 1842770
0.02, 1750161
0.02, 1745878
0.02, 1719949
0.02, 1677575
0.02, 1643634
0.02, 1641907
0.02, 1632175
0.02, 1609353
0.02, 1582549
0.02, 1570425
0.02, 1569225
0.02, 1536835
0.02, 1442213
0.02, 1431009
0.02, 1430825
0.02, 1428852
0.02, 1418030
0.02, 1411801
0.02, 1404751
0.02, 1399016
0.02, 1381017
0.02, 1369789
0.02, 1369736
0.02, 1368438
0.02, 1360834
0.02, 1319099
0.02, 1317112
0.02, 1316508
0.02, 1307057
0.02, 1295732
0.02, 1289402
0.02, 1259852
0.02, 1243139
0.02, 1242868
0.02, 1229383
0.02, 1211078
0.02, 1205191
0.02, 1199994
0.02, 1191751
0.02, 1178100
0.02, 1177967
0.02, 1170978
0.02, 1169647
0.03, 1134435
0.03, 1114594
0.03, 1105453
0.03, 1099771
0.03, 1085104
0.03, 1083867
0.03, 1072447
0.03, 1069113
0.03, 1066913
0.03, 1065137
0.03, 1063525
0.03, 1054456
0.03, 1049642
0.03, 1038883
0.03, 1032348
0.03, 1028383
0.03, 1016358
0.03, 1009980
0.03, 1008539
0.03, 1005551
0.03, 1004985
0.03, 996311
0.03, 985690
0.03, 982329
0.03, 978811
0.03, 974670
0.03, 970825
0.03, 966529
0.03, 960587
0.03, 957591
0.03, 952724
0.03, 945635
0.03, 942726
0.05, 938015
0.06, 930797
0.06, 929588
0.07, 919273
0.07, 917728
0.09, 907686
0.11, 906543
0.11, 906021
0.11, 899415
0.14, 898944
0.15, 898616
0.15, 898540
0.16, 896028
0.16, 895477
0.21, 895281
0.25, 895068
0.27, 894858
1.57, 894801
1.57, 894588
1.59, 894369
1.64, 893749
1.64, 893536
