0.02,2856923
0.02,2813134
0.02,2588452
0.02,2467145
0.02,2534313
0.02,2585183
0.02,2131641
0.02,1947428
0.02,1864532
0.02,1862343
0.02,1750221
0.02,1796669
0.02,1918956
0.02,1949255
0.02,1742459
0.02,1656189
0.02,1582987
0.02,1542115
0.02,1536844
0.02,1415590
0.02,1466685
0.02,1349351
0.02,1352155
0.02,1253321
0.02,1303313
0.02,1271815
0.02,1315502
0.02,1279851
0.02,1290740
0.02,1211423
0.02,1283026
0.02,1328420
0.02,1289937
0.02,1207111
0.02,1168480
0.02,1200034
0.02,1173578
0.02,1113563
0.02,1149336
0.02,1098256
0.02,1075115
0.02,1145443
0.02,1237994
0.02,1316089
0.02,1208579
0.02,1166125
0.02,1235375
0.02,1249148
0.02,1114684
0.02,1064916
0.02,1081455
0.02,1067912
0.02,1032173
0.02,1005801
0.02,1011953
0.02,999658
0.02,1000578
0.02,981602
0.02,964012
0.02,947353
0.02,968581
0.02,971630
0.02,930930
0.02,923766
0.02,917710
0.02,919289
0.02,1028465
0.02,1132962
0.02,1109746
0.02,1036427
0.02,1051598
0.02,1078946
0.02,1079288
0.02,1067433
0.02,1009942
0.02,960759
0.02,966889
0.02,941788
0.02,935724
0.02,986694
0.02,991315
0.02,940389
0.02,912331
0.02,922887
0.02,1022002
0.02,1138920
0.02,1082167
0.02,1025305
0.02,1007208
0.02,1055145
0.02,1075142
0.02,1031719
0.02,1051257
0.02,976082
0.02,956783
0.02,946622
0.02,924312
0.02,948553
0.02,956032
0.02,972374
0.02,906649
0.02,904449
0.02,904403
