0.04, 2595477
0.04, 2581200
0.04, 2571130
0.04, 2479280
0.04, 2476330
0.04, 2461901
0.04, 2452679
0.04, 2376248
0.04, 2315108
0.04, 2283523
0.04, 2262672
0.04, 2158009
0.04, 2078071
0.04, 2058594
0.04, 2058370
0.04, 2026001
0.04, 1985529
0.04, 1966084
0.04, 1954389
0.04, 1861849
0.04, 1820714
0.04, 1819517
0.04, 1818494
0.04, 1795366
0.04, 1768430
0.04, 1746967
0.04, 1727628
0.04, 1687509
0.04, 1599296
0.04, 1597374
0.04, 1583167
0.04, 1573781
0.04, 1538733
0.04, 1531276
0.04, 1530390
0.04, 1523514
0.04, 1518313
0.04, 1500575
0.04, 1499018
0.04, 1491395
0.04, 1484896
0.04, 1484432
0.04, 1444621
0.04, 1417762
0.04, 1408892
0.04, 1395435
0.04, 1391304
0.04, 1383077
0.04, 1365067
0.04, 1358300
0.04, 1302461
0.04, 1269180
0.04, 1236190
0.04, 1231486
0.04, 1223510
0.04, 1217461
0.04, 1206909
0.04, 1203290
0.04, 1202897
0.04, 1201983
0.04, 1199265
0.04, 1196671
0.04, 1157948
0.04, 1152491
0.04, 1145249
0.04, 1133271
0.04, 1130698
0.04, 1127014
0.04, 1110243
0.04, 1107138
0.04, 1104577
0.04, 1098718
0.04, 1096476
0.04, 1090308
0.04, 1088262
0.04, 1084119
0.04, 1071690
0.04, 1071464
0.04, 1067336
0.04, 1055857
0.04, 1046055
0.04, 1044639
0.04, 1032653
0.04, 1025523
0.04, 1017407
0.04, 1011127
0.04, 1007434
0.04, 985995
0.04, 983186
0.04, 962610
0.05, 959131
0.05, 954287
0.05, 944060
0.06, 942054
0.06, 941448
0.06, 936119
0.06, 929738
0.06, 928890
0.06, 925472
0.08, 925318
0.08, 923621
0.08, 922326
0.08, 922045
0.08, 921494
0.09, 909657
0.10, 908945
0.10, 907845
0.10, 901937
0.10, 901727
0.10, 899335
0.10, 898906
0.12, 895732
0.16, 894606
0.16, 893536
