0.00, 3127222
0.00, 3120491
0.00, 3071901
0.00, 3058275
0.00, 2896319
0.00, 2857158
0.00, 2804368
0.00, 2768829
0.00, 2613523
0.00, 2563514
0.00, 2560802
0.00, 2514960
0.00, 2482042
0.00, 2477915
0.00, 2464769
0.00, 2371463
0.00, 2365580
0.00, 2355421
0.00, 2293857
0.00, 2276996
0.00, 2273840
0.00, 2251043
0.00, 2239119
0.00, 2221734
0.00, 2181145
0.00, 2179588
0.00, 2058950
0.00, 2044211
0.00, 1977349
0.00, 1947911
0.00, 1914577
0.00, 1841154
0.00, 1834732
0.00, 1812780
0.00, 1810799
0.00, 1765708
0.00, 1755173
0.00, 1668194
0.00, 1647026
0.00, 1643315
0.00, 1625788
0.00, 1553546
0.00, 1509343
0.00, 1505899
0.00, 1497130
0.00, 1474642
0.00, 1450139
0.00, 1422698
0.00, 1400295
0.00, 1374080
0.00, 1372049
0.00, 1362051
0.00, 1361404
0.00, 1334363
0.00, 1324276
0.00, 1320668
0.00, 1314631
0.00, 1306164
0.00, 1303789
0.00, 1288500
0.00, 1287336
0.00, 1271452
0.00, 1264014
0.00, 1263272
0.00, 1260304
0.00, 1213985
0.01, 1191059
0.01, 1181995
0.01, 1175109
0.01, 1170572
0.01, 1169310
0.01, 1156140
0.01, 1139087
0.01, 1137616
0.01, 1132965
0.01, 1125740
0.01, 1108456
0.01, 1097818
0.01, 1096480
0.01, 1094190
0.01, 1067629
0.01, 1058721
0.01, 1057263
0.01, 1035459
0.01, 1032515
0.01, 1026808
0.01, 1021851
0.01, 1017151
0.01, 1009571
0.01, 993058
0.01, 992157
0.01, 991659
0.02, 988321
0.02, 982477
0.02, 979031
0.02, 978643
0.02, 968994
0.03, 968132
0.03, 964817
0.03, 957653
0.03, 957102
0.03, 950590
0.03, 946144
0.03, 945291
0.03, 945137
0.03, 942067
0.03, 935425
0.03, 933249
0.03, 922184
0.06, 921657
0.06, 921366
0.06, 914074
0.06, 912974
0.06, 911947
0.06, 900338
0.10, 899275
0.12, 896761
0.12, 894369
1.76, 894087
1.76, 893746
1.76, 893536
