0.00, 2664489
0.00, 2641448
0.00, 2630063
0.00, 2594104
0.00, 2540937
0.00, 2517784
0.00, 2447381
0.00, 2372070
0.00, 2356805
0.00, 2320886
0.00, 2276928
0.00, 2265325
0.00, 2216512
0.00, 2184335
0.00, 2170599
0.00, 2145117
0.00, 2132931
0.00, 2094857
0.00, 2090227
0.00, 2017973
0.00, 1999794
0.00, 1976748
0.00, 1956955
0.00, 1942817
0.00, 1924171
0.00, 1848703
0.00, 1844787
0.00, 1843631
0.00, 1837109
0.00, 1813963
0.00, 1794597
0.00, 1792067
0.00, 1747534
0.00, 1719961
0.00, 1706151
0.00, 1705656
0.00, 1705650
0.00, 1705267
0.00, 1661010
0.00, 1655507
0.00, 1599471
0.00, 1561128
0.00, 1559834
0.00, 1547133
0.00, 1547007
0.00, 1516474
0.00, 1505168
0.00, 1502398
0.00, 1496094
0.00, 1485245
0.00, 1479584
0.00, 1478757
0.00, 1470705
0.01, 1468429
0.01, 1399338
0.01, 1390910
0.01, 1390312
0.01, 1369893
0.01, 1358678
0.01, 1358374
0.01, 1351076
0.01, 1351015
0.01, 1339789
0.01, 1335839
0.01, 1315543
0.01, 1311235
0.01, 1305856
0.01, 1289861
0.01, 1257669
0.01, 1247549
0.01, 1219618
0.01, 1205717
0.01, 1190767
0.01, 1172648
0.01, 1167002
0.01, 1155998
0.01, 1111590
0.01, 1111196
0.01, 1067452
0.01, 1065948
0.01, 1063084
0.01, 1055668
0.01, 1051232
0.01, 1050245
0.01, 1035235
0.01, 1030397
0.01, 1021549
0.01, 1013480
0.01, 1007590
0.01, 988347
0.01, 982752
0.01, 957281
0.01, 956189
0.01, 942185
0.01, 940267
0.01, 933213
0.05, 930419
0.05, 921718
0.05, 917548
0.06, 915770
0.07, 914440
0.08, 912375
0.09, 905587
0.10, 904463
0.10, 903317
0.10, 902166
0.10, 901956
0.10, 899396
0.15, 898334
0.15, 898176
0.15, 897319
0.16, 897316
0.19, 896875
0.19, 896123
0.19, 895910
0.19, 895700
0.22, 895519
0.25, 895068
0.25, 894858
4.44, 894159
4.47, 894087
4.47, 893536
