0.00,2829585
0.00,2694148
0.00,2633800
0.00,2450132
0.00,2630814
0.00,2379740
0.00,2295605
0.00,2372840
0.00,2198333
0.00,2360788
0.00,2318988
0.00,2146467
0.00,2022876
0.00,1909096
0.00,1832949
0.00,1863898
0.00,1858724
0.00,1860950
0.00,1805954
0.00,1828766
0.00,1855002
0.00,1841801
0.00,1826396
0.00,1791558
0.00,1841265
0.00,1776444
0.00,1686511
0.00,1688815
0.00,1710595
0.00,1713926
0.00,1813381
0.00,1946421
0.00,1716627
0.00,1714045
0.00,1646074
0.00,1566754
0.00,1513885
0.00,1461462
0.00,1396794
0.00,1328308
0.00,1360491
0.00,1448773
0.00,1586164
0.00,1706410
0.00,1558231
0.00,1415169
0.00,1382178
0.00,1399146
0.00,1403269
0.00,1448800
0.00,1389025
0.00,1315441
0.00,1291771
0.00,1249356
0.00,1261350
0.00,1213758
0.00,1192476
0.00,1156989
0.00,1159390
0.00,1144591
0.00,1154816
0.00,1152819
0.00,1165675
0.00,1143587
0.00,1186075
0.00,1118358
0.00,1095599
0.00,1165545
0.00,1171275
0.00,1078566
0.00,1062341
0.00,1047769
0.00,1039825
0.00,1047516
0.00,1069045
0.00,1022040
0.00,1009079
0.00,1075775
0.00,1080714
0.00,1075753
0.00,1070316
0.00,1101268
0.00,1033711
0.00,1029756
0.00,1064156
0.00,1022996
0.00,996916
0.00,989267
0.00,973246
0.00,970820
0.00,962464
0.00,950021
0.00,970923
0.00,1030886
0.00,1040460
0.00,1090507
0.00,1121118
0.00,1192256
0.00,1299090
0.00,1229301
0.00,1120540
0.00,1136484
0.00,1043306
0.00,1017798
0.00,1043619
0.00,975204
0.00,939481
0.00,931975
0.00,919989
0.00,915452
0.00,914901
