0.00, 2728464
0.00, 2707980
0.00, 2682394
0.00, 2674944
0.00, 2650889
0.00, 2649182
0.00, 2632717
0.00, 2520861
0.00, 2429246
0.00, 2426958
0.00, 2410315
0.00, 2380335
0.00, 2379705
0.00, 2334991
0.00, 2318057
0.00, 2272195
0.00, 2268735
0.00, 2238106
0.00, 2235265
0.00, 2209739
0.00, 2192508
0.00, 2097494
0.01, 1998257
0.01, 1992957
0.01, 1861333
0.01, 1842839
0.01, 1813778
0.01, 1813191
0.01, 1812161
0.01, 1786995
0.01, 1639191
0.01, 1636120
0.01, 1618988
0.01, 1549297
0.01, 1508241
0.01, 1507975
0.01, 1476535
0.01, 1433671
0.01, 1432236
0.01, 1412289
0.01, 1389338
0.01, 1369499
0.01, 1366081
0.01, 1357965
0.01, 1333971
0.01, 1326591
0.01, 1314363
0.01, 1288883
0.01, 1286799
0.01, 1285173
0.01, 1277819
0.01, 1268968
0.01, 1263803
0.01, 1263454
0.01, 1248970
0.01, 1248544
0.01, 1241587
0.01, 1240629
0.01, 1235000
0.01, 1228044
0.01, 1224800
0.01, 1219611
0.01, 1185373
0.01, 1180416
0.01, 1173054
0.01, 1150556
0.01, 1131915
0.01, 1130331
0.01, 1128498
0.01, 1124700
0.01, 1117454
0.01, 1101439
0.01, 1077096
0.01, 1075801
0.01, 1072000
0.01, 1059603
0.01, 1054652
0.01, 1048938
0.01, 1047756
0.01, 1027354
0.01, 1026359
0.01, 1017549
0.01, 1017281
0.01, 1016664
0.01, 1016454
0.01, 1013461
0.01, 1010658
0.01, 1010107
0.01, 998459
0.01, 992313
0.01, 990388
0.01, 989886
0.01, 988017
0.01, 944038
0.01, 941752
0.03, 941244
0.03, 938417
0.04, 937916
0.04, 932858
0.04, 932384
0.04, 927926
0.04, 927069
0.04, 926859
0.04, 923610
0.04, 920450
0.04, 919579
0.07, 917483
0.07, 916184
0.07, 915633
0.07, 910589
0.08, 903174
0.10, 901940
0.10, 901418
0.10, 895566
0.13, 894588
0.13, 894378
0.13, 894300
0.13, 894087
1.74, 893746
1.75, 893536
