0.01, 2640189
0.01, 2582699
0.01, 2562756
0.01, 2548148
0.01, 2540215
0.01, 2469780
0.01, 2454704
0.01, 2441564
0.01, 2414089
0.01, 2337117
0.01, 2161531
0.01, 2161209
0.01, 2122555
0.01, 2105267
0.01, 2057527
0.01, 2023707
0.01, 2021277
0.01, 2013217
0.01, 1993993
0.01, 1987931
0.01, 1983106
0.01, 1944671
0.01, 1906327
0.01, 1857649
0.01, 1809337
0.01, 1791552
0.01, 1776407
0.01, 1772352
0.01, 1742494
0.01, 1701876
0.01, 1585171
0.01, 1572914
0.01, 1570177
0.01, 1569447
0.01, 1520563
0.01, 1520449
0.01, 1511900
0.01, 1457889
0.01, 1456855
0.01, 1448053
0.01, 1431774
0.01, 1426476
0.01, 1411186
0.01, 1409706
0.01, 1403196
0.01, 1391579
0.01, 1382477
0.01, 1380256
0.01, 1360288
0.01, 1343833
0.01, 1335010
0.01, 1334207
0.01, 1327304
0.01, 1326086
0.01, 1324560
0.01, 1309187
0.01, 1308224
0.01, 1234273
0.01, 1220931
0.01, 1211419
0.01, 1207445
0.01, 1194903
0.01, 1189772
0.01, 1168970
0.01, 1166401
0.01, 1166098
0.01, 1165114
0.01, 1149355
0.01, 1142032
0.01, 1141729
0.01, 1139363
0.01, 1138894
0.01, 1116655
0.01, 1113945
0.01, 1109128
0.01, 1097678
0.01, 1091979
0.01, 1079655
0.01, 1060019
0.01, 1033368
0.01, 1031168
0.01, 1030930
0.01, 1018693
0.01, 1014110
0.01, 1008344
0.01, 1006003
0.01, 999947
0.01, 997339
0.01, 980383
0.01, 980239
0.02, 973485
0.02, 969074
0.02, 966444
0.02, 964533
0.02, 957234
0.02, 953841
0.03, 951967
0.03, 945690
0.04, 943021
0.04, 940375
0.04, 925126
0.05, 920821
0.05, 920270
0.05, 913937
0.09, 908412
0.11, 907274
0.11, 905080
0.11, 904529
0.12, 903941
0.12, 901676
0.13, 896302
0.17, 895171
0.17, 894961
0.17, 894748
0.17, 894197
1.73, 894159
1.82, 893749
1.82, 893746
1.82, 893536
