0.00,2422594
0.00,2266664
0.00,2285496
0.00,2133870
0.00,2032791
0.00,1933086
0.00,1862682
0.00,1851567
0.00,1822208
0.00,1759060
0.00,1681169
0.00,1596664
0.00,1552683
0.00,1494036
0.00,1475997
0.00,1491484
0.00,1421885
0.00,1451246
0.00,1462801
0.00,1437946
0.00,1363634
0.00,1371997
0.00,1289793
0.00,1330451
0.00,1264830
0.00,1267336
0.00,1219045
0.00,1210757
0.00,1229251
0.00,1181703
0.00,1263746
0.00,1325229
0.00,1381114
0.00,1214751
0.00,1182923
0.00,1201982
0.00,1134592
0.00,1158672
0.00,1219321
0.00,1110462
0.00,1127432
0.00,1114318
0.00,1105184
0.00,1197024
0.00,1167575
0.00,1176380
0.00,1177464
0.00,1157737
0.00,1137691
0.00,1120627
0.00,1129749
0.00,1300249
0.00,1235981
0.00,1146864
0.00,1074583
0.00,1074090
0.00,1042067
0.00,1019167
0.00,1026903
0.00,1035619
0.00,1000522
0.00,1005034
0.00,1025247
0.00,1034689
0.00,1090488
0.00,1194812
0.00,1108836
0.00,977748
0.00,1016585
0.00,964093
0.00,973313
0.00,953526
0.00,990702
0.00,994969
0.00,1017907
0.00,1022648
0.00,1087856
0.00,1309637
0.00,1336657
0.00,1202385
0.00,1192539
0.00,1119110
0.00,1079096
0.00,1045800
0.00,1024268
0.00,1003189
0.00,967663
0.00,960519
0.00,940568
0.00,933177
0.00,930449
0.00,928752
0.00,927330
0.00,926779
0.00,926569
0.00,926523
