0.00,2959522
0.00,2818060
0.00,2951003
0.00,2685047
0.00,2693049
0.00,2728091
0.00,2655048
0.00,2475505
0.00,2279875
0.00,2132455
0.00,2194236
0.00,2292803
0.00,2177166
0.00,2151012
0.00,1999993
0.00,1959785
0.00,1884775
0.00,1900751
0.00,1942367
0.00,1979956
0.00,2039395
0.00,1985121
0.00,1798234
0.00,1679867
0.00,1673228
0.00,1560121
0.00,1512866
0.00,1510302
0.00,1480454
0.00,1412341
0.00,1445863
0.00,1494063
0.00,1517477
0.00,1485600
0.00,1607389
0.00,1605787
0.00,1685639
0.00,1535465
0.00,1453811
0.00,1365885
0.00,1375508
0.00,1540564
0.00,1717518
0.00,1683787
0.00,1560302
0.00,1399276
0.00,1360822
0.00,1384394
0.00,1536537
0.00,1486314
0.00,1469129
0.00,1427535
0.00,1387562
0.00,1401911
0.00,1433196
0.00,1488805
0.00,1371406
0.00,1315703
0.00,1282470
0.00,1251038
0.00,1219737
0.00,1220209
0.00,1189750
0.00,1248096
0.00,1294359
0.00,1315462
0.00,1166008
0.00,1191462
0.00,1143527
0.00,1166622
0.00,1215979
0.00,1217905
0.00,1215090
0.00,1118085
0.00,1122586
0.00,1158569
0.00,1204698
0.00,1189017
0.00,1196851
0.00,1151597
0.00,1167002
0.00,1116259
0.00,1140962
0.00,1087099
0.00,1066215
0.00,1076066
0.00,1075374
0.00,1048296
0.00,1074977
0.00,1112068
0.00,1139275
0.00,1048522
0.00,1103112
0.00,1129024
0.00,1185829
0.00,1107186
0.00,1126174
0.00,1097877
0.00,1070591
0.00,1042704
0.00,1010003
0.00,990614
0.00,979164
0.00,972447
0.00,956222
0.00,954921
0.00,955023
0.00,948501
0.00,947179
0.00,945415
0.00,944714
