0.00, 3122631
0.00, 3122037
0.00, 3059886
0.00, 3040138
0.00, 3031558
0.00, 2982708
0.00, 2934693
0.00, 2924602
0.00, 2906101
0.00, 2880064
0.00, 2858515
0.00, 2816190
0.00, 2779062
0.00, 2704324
0.00, 2669645
0.00, 2584268
0.00, 2510775
0.00, 2474221
0.00, 2473156
0.00, 2451383
0.00, 2443623
0.00, 2420470
0.00, 2401126
0.00, 2367112
0.00, 2355567
0.00, 2310847
0.00, 2310317
0.00, 2302050
0.00, 2270523
0.00, 2250521
0.00, 2240952
0.00, 2196660
0.00, 2191813
0.00, 2023948
0.00, 2005658
0.00, 2002175
0.00, 1978012
0.00, 1957893
0.00, 1950690
0.00, 1935331
0.00, 1932049
0.00, 1910554
0.00, 1897660
0.00, 1877268
0.00, 1853005
0.00, 1849606
0.00, 1789389
0.00, 1767932
0.00, 1763544
0.00, 1763061
0.00, 1753518
0.00, 1745245
0.00, 1730272
0.00, 1531053
0.01, 1522620
0.01, 1519766
0.01, 1480302
0.01, 1471147
0.01, 1460348
0.01, 1454093
0.01, 1433246
0.01, 1428007
0.01, 1413834
0.01, 1411081
0.01, 1403741
0.01, 1385007
0.01, 1363891
0.01, 1337569
0.01, 1319868
0.01, 1312369
0.01, 1300381
0.01, 1269472
0.01, 1226635
0.01, 1225555
0.01, 1220428
0.01, 1220346
0.01, 1216315
0.01, 1215352
0.01, 1178842
0.01, 1160854
0.01, 1153882
0.01, 1121371
0.01, 1097256
0.01, 1089681
0.01, 1088331
0.01, 1080937
0.01, 1080350
0.01, 1078635
0.01, 1069153
0.01, 1062989
0.01, 1060540
0.01, 1057439
0.01, 1056785
0.01, 1034774
0.01, 1018487
0.01, 1018388
0.01, 1002151
0.01, 997284
0.01, 996449
0.01, 984630
0.01, 981050
0.02, 975903
0.02, 963703
0.03, 959088
0.03, 952371
0.03, 952354
0.03, 951098
0.03, 944146
0.03, 941946
0.04, 940893
0.04, 935505
0.04, 929137
0.06, 927266
0.06, 924619
0.06, 920961
0.06, 920410
0.06, 916308
0.06, 915757
0.06, 911220
0.06, 910836
0.06, 903087
0.12, 902860
0.12, 901501
0.12, 901291
0.12, 897346
0.12, 894636
0.14, 894378
0.14, 894197
0.18, 893746
0.18, 893536
