0.00, 2807167
0.00, 2740101
0.00, 2584314
0.00, 2550762
0.00, 2520997
0.00, 2520903
0.00, 2497667
0.00, 2490410
0.00, 2489060
0.00, 2455643
0.00, 2417680
0.00, 2413580
0.00, 2397308
0.00, 2393594
0.00, 2363137
0.00, 2300681
0.01, 2220035
0.01, 2200131
0.01, 2173739
0.01, 2167482
0.01, 2164225
0.01, 2130627
0.01, 2127928
0.01, 2097169
0.01, 2060578
0.01, 2058916
0.01, 2056582
0.01, 2025965
0.01, 1998897
0.01, 1934900
0.01, 1914103
0.01, 1909465
0.01, 1905685
0.01, 1894244
0.01, 1887480
0.01, 1859372
0.01, 1784076
0.01, 1753899
0.01, 1727861
0.01, 1715891
0.01, 1710036
0.01, 1706259
0.01, 1673214
0.01, 1619978
0.01, 1606805
0.01, 1604719
0.01, 1599070
0.01, 1567316
0.01, 1552844
0.01, 1545372
0.01, 1513349
0.01, 1397243
0.01, 1347925
0.01, 1347463
0.01, 1325682
0.01, 1321134
0.01, 1271954
0.01, 1249402
0.01, 1246605
0.01, 1246392
0.01, 1242629
0.01, 1225647
0.01, 1223389
0.01, 1211501
0.01, 1209230
0.01, 1199731
0.01, 1197090
0.01, 1192379
0.01, 1188770
0.01, 1186915
0.01, 1180804
0.01, 1180669
0.01, 1170745
0.01, 1160297
0.01, 1153239
0.01, 1134460
0.01, 1127530
0.01, 1126786
0.01, 1125687
0.01, 1102223
0.01, 1059508
0.01, 1051219
0.01, 1049065
0.01, 1013411
0.01, 1008229
0.01, 962951
0.01, 952951
0.01, 949455
0.02, 945917
0.03, 937052
0.03, 936015
0.03, 932357
0.03, 931006
0.03, 927263
0.03, 927234
0.05, 927043
0.06, 925620
0.06, 911148
0.06, 908646
0.06, 904040
0.10, 903059
0.10, 902115
0.10, 902078
0.13, 900387
0.14, 898785
0.14, 897088
0.15, 897022
0.15, 896841
0.16, 896422
0.16, 895871
0.17, 895690
0.17, 894819
0.17, 894606
0.21, 893749
0.21, 893536
