0.00,2661450
0.00,2387153
0.00,2201666
0.00,2108999
0.00,2066666
0.00,2005893
0.00,1940800
0.00,1933298
0.00,1846036
0.00,1675295
0.00,1674421
0.00,1588786
0.00,1564438
0.00,1544089
0.00,1492737
0.00,1435889
0.00,1433270
0.00,1401368
0.00,1409315
0.00,1398063
0.00,1375557
0.00,1376290
0.00,1343848
0.00,1292655
0.00,1254315
0.00,1196313
0.00,1239965
0.00,1266490
0.00,1240175
0.00,1242210
0.00,1248099
0.00,1286200
0.00,1328392
0.00,1204915
0.00,1284273
0.00,1260101
0.00,1192301
0.00,1181521
0.00,1185358
0.00,1224220
0.00,1222825
0.00,1199052
0.00,1159791
0.00,1118924
0.00,1071121
0.00,1065887
0.00,1078462
0.00,1055213
0.00,1037401
0.00,1052796
0.00,1024096
0.00,1041705
0.00,1029643
0.00,1038855
0.00,1082025
0.00,1032757
0.00,1005216
0.00,990889
0.00,1004918
0.00,1032191
0.00,998198
0.00,978537
0.00,967138
0.00,970275
0.00,1002189
0.00,987598
0.00,947644
0.00,940942
0.00,938520
0.00,945256
0.00,964607
0.00,968213
0.00,979315
0.00,1015983
0.00,1056991
0.00,1099183
0.00,984357
0.00,993282
0.00,1018040
0.00,1008088
0.00,987907
0.00,1016407
0.00,964842
0.00,942840
0.00,930690
0.00,930139
0.00,929675
0.00,929629
