0.00, 2976095
0.00, 2971855
0.00, 2924752
0.00, 2909488
0.00, 2844136
0.00, 2817188
0.00, 2806270
0.00, 2800074
0.00, 2718143
0.00, 2685910
0.00, 2672961
0.00, 2662353
0.00, 2640074
0.00, 2548544
0.00, 2547031
0.00, 2477477
0.00, 2390079
0.00, 2306838
0.00, 2301310
0.00, 2274199
0.00, 2208088
0.00, 2195527
0.00, 2188078
0.00, 2187368
0.00, 2169683
0.00, 2168830
0.00, 2130626
0.00, 2125513
0.00, 2109943
0.00, 2106350
0.00, 2105881
0.00, 1980749
0.00, 1954384
0.00, 1923130
0.00, 1887059
0.00, 1811374
0.00, 1800243
0.00, 1797647
0.00, 1766785
0.00, 1765240
0.00, 1741748
0.00, 1734814
0.00, 1716849
0.00, 1704405
0.00, 1699373
0.00, 1637166
0.00, 1626315
0.00, 1575311
0.00, 1560764
0.00, 1507585
0.00, 1475394
0.00, 1398977
0.00, 1302534
0.00, 1299294
0.00, 1298517
0.00, 1295215
0.00, 1281221
0.00, 1277273
0.00, 1271010
0.00, 1261352
0.00, 1243347
0.00, 1209941
0.00, 1209577
0.01, 1205919
0.01, 1199816
0.01, 1178057
0.01, 1173339
0.01, 1166285
0.01, 1161481
0.01, 1155422
0.01, 1140210
0.01, 1124654
0.01, 1120703
0.01, 1118673
0.01, 1118125
0.01, 1111298
0.01, 1106823
0.01, 1099015
0.01, 1081839
0.01, 1080960
0.01, 1071566
0.01, 1061902
0.01, 1048996
0.01, 1048525
0.01, 1035626
0.01, 1031872
0.01, 1024646
0.01, 1024351
0.01, 1005908
0.01, 1004656
0.01, 989891
0.02, 979468
0.02, 971611
0.02, 966392
0.02, 963149
0.02, 961115
0.02, 951846
0.02, 942598
0.02, 939820
0.04, 939575
0.04, 929973
0.04, 928169
0.05, 918463
0.05, 917753
0.06, 916578
0.06, 914292
0.06, 909124
0.06, 906924
0.06, 905502
0.09, 905214
0.09, 905168
0.11, 901772
0.11, 898543
0.11, 896846
0.11, 896665
0.14, 896213
0.20, 895481
0.26, 895068
0.26, 894858
2.90, 894588
2.90, 894087
2.91, 893536
