0.00, 2547873
0.00, 2532463
0.00, 2496897
0.00, 2440626
0.00, 2440539
0.00, 2404521
0.00, 2393299
0.00, 2346275
0.00, 2323353
0.00, 2279194
0.00, 2265998
0.00, 2255784
0.00, 2242687
0.00, 2225490
0.00, 2224906
0.00, 2219524
0.00, 2208901
0.00, 2201364
0.00, 2178659
0.00, 2177219
0.00, 2159291
0.00, 2119614
0.00, 2048663
0.00, 2048296
0.00, 2030756
0.00, 2029292
0.00, 1999138
0.00, 1968619
0.00, 1960513
0.00, 1956871
0.00, 1956601
0.00, 1942390
0.00, 1929874
0.00, 1765756
0.00, 1762449
0.00, 1759831
0.00, 1751263
0.00, 1739422
0.00, 1705615
0.00, 1682111
0.00, 1658962
0.00, 1644603
0.00, 1642974
0.00, 1620773
0.00, 1591499
0.00, 1541168
0.00, 1529182
0.00, 1520847
0.00, 1514084
0.00, 1508578
0.00, 1486000
0.01, 1478530
0.01, 1412081
0.01, 1405078
0.01, 1389220
0.01, 1381056
0.01, 1344285
0.01, 1343638
0.01, 1316718
0.01, 1312752
0.01, 1275539
0.01, 1275282
0.01, 1270807
0.01, 1253485
0.01, 1253053
0.01, 1250870
0.01, 1250573
0.01, 1214035
0.01, 1212618
0.01, 1193640
0.01, 1148148
0.01, 1132381
0.01, 1116605
0.01, 1102244
0.01, 1099087
0.01, 1076187
0.01, 1071645
0.01, 1063813
0.01, 1055238
0.01, 1048305
0.01, 1048258
0.01, 1030682
0.01, 1025962
0.01, 1025089
0.01, 1022309
0.01, 1014100
0.01, 1009088
0.01, 1006802
0.01, 1006726
0.01, 1004144
0.01, 986696
0.01, 976767
0.01, 975327
0.01, 967219
0.01, 965890
0.01, 955455
0.01, 953747
0.01, 953042
0.01, 945232
0.03, 938309
0.03, 936560
0.03, 925822
0.03, 925612
0.05, 915628
0.05, 914611
0.05, 913178
0.08, 910038
0.08, 909540
0.09, 909136
0.10, 907407
0.11, 906137
0.12, 903734
0.14, 902581
0.14, 902371
0.14, 897025
0.17, 896117
0.17, 896114
0.17, 894159
0.20, 893959
0.28, 893536
