0.00,2352454
0.00,2302952
0.00,2098909
0.00,2140377
0.00,1972214
0.00,1868239
0.00,1782878
0.00,1688831
0.00,1672432
0.00,1614844
0.00,1560139
0.00,1519846
0.00,1562187
0.00,1541829
0.00,1418634
0.00,1323627
0.00,1339196
0.00,1295266
0.00,1236394
0.00,1164579
0.00,1145960
0.00,1142047
0.00,1112885
0.00,1084728
0.00,1146748
0.00,1105567
0.00,1073931
0.00,1069896
0.00,1138820
0.00,1167822
0.00,1128804
0.00,1092165
0.00,1104858
0.00,1149257
0.00,1086342
0.00,1078613
0.00,1103994
0.00,1140015
0.00,1212385
0.00,1283843
0.00,1050951
0.00,1033361
0.00,1016439
0.00,1086715
0.00,1101967
0.00,996999
0.00,982600
0.00,991630
0.00,1000434
0.00,1054675
0.00,1078523
0.00,1071961
0.00,1085802
0.00,1049554
0.00,1152868
0.00,1183772
0.00,1068299
0.00,1027090
0.00,995885
0.00,974571
0.00,971207
0.00,972116
0.00,987195
0.00,1080175
0.00,1125293
0.00,1065815
0.00,1151529
0.00,1195647
0.00,1071827
0.00,1015173
0.00,982574
0.00,955634
0.00,940144
0.00,932638
0.00,924918
0.00,920474
0.00,919175
0.00,917946
0.00,917482
0.00,917436
