0.00,2742724
0.00,2545987
0.00,2355426
0.00,2306763
0.00,2265153
0.00,2195951
0.00,2102332
0.00,2291466
0.00,2203819
0.00,2055868
0.00,1906790
0.00,1930198
0.00,1885594
0.00,1834842
0.00,1756296
0.00,1651534
0.00,1673452
0.00,1763058
0.00,1761808
0.00,1668076
0.00,1568688
0.00,1507061
0.00,1452040
0.00,1484995
0.00,1471668
0.00,1455525
0.00,1450333
0.00,1452454
0.00,1418371
0.00,1401096
0.00,1403131
0.00,1317773
0.00,1331934
0.00,1416339
0.00,1477324
0.00,1518731
0.00,1577925
0.00,1360757
0.00,1315025
0.00,1261181
0.00,1219091
0.00,1171678
0.00,1186900
0.00,1137550
0.00,1107566
0.00,1078386
0.00,1055486
0.00,1044147
0.00,1074357
0.00,1085498
0.00,1135475
0.00,1146502
0.00,1108405
0.00,1025736
0.00,1102314
0.00,1118621
0.00,1276876
0.00,1291863
0.00,1126962
0.00,1081834
0.00,1046136
0.00,1010726
0.00,1006643
0.00,1016675
0.00,993306
0.00,976314
0.00,956115
0.00,996042
0.00,1000993
0.00,1023039
0.00,1140541
0.00,1210426
0.00,1131408
0.00,1085642
0.00,1049113
0.00,998831
0.00,965785
0.00,952597
0.00,950580
0.00,972192
0.00,959786
0.00,983870
0.00,990382
0.00,1020391
0.00,1111053
0.00,1104007
0.00,1140219
0.00,1163674
0.00,1042903
0.00,1001898
0.00,971716
0.00,942739
0.00,933694
0.00,927499
0.00,925737
