0.01,2826834
0.01,2597779
0.01,2454211
0.01,2468271
0.01,2174615
0.01,2155788
0.01,2005001
0.01,2017501
0.01,1890197
0.01,1872480
0.01,1919561
0.01,2076998
0.01,2167186
0.01,1981835
0.01,1833428
0.01,1783973
0.01,1730883
0.01,1735755
0.01,1879551
0.01,1935591
0.01,2025779
0.01,1840428
0.01,1683409
0.01,1632681
0.01,1605707
0.01,1628962
0.01,1588361
0.01,1578016
0.01,1566497
0.01,1554286
0.01,1559394
0.01,1501738
0.01,1391724
0.01,1363185
0.01,1320424
0.01,1298996
0.01,1373937
0.01,1258960
0.01,1246350
0.01,1212866
0.01,1179720
0.01,1155863
0.01,1130164
0.01,1107264
0.01,1119425
0.01,1219977
0.01,1232895
0.01,1313004
0.01,1405267
0.01,1436280
0.01,1339591
0.01,1284734
0.01,1248403
0.01,1202097
0.01,1182271
0.01,1132638
0.01,1086903
0.01,1087088
0.01,1148666
0.01,1146974
0.01,1255302
0.01,1338631
0.01,1257644
0.01,1059506
0.01,1123548
0.01,1140685
0.01,1194535
0.01,1128874
0.01,1142468
0.01,1101411
0.01,1061500
0.01,1022267
0.01,1005236
0.01,988621
0.01,990362
0.01,974767
0.01,977904
0.01,993299
0.01,964599
0.01,979659
0.01,983722
0.01,967187
0.01,961567
0.01,983162
0.01,941902
0.01,933137
0.01,952604
0.01,937469
0.01,933244
0.01,948304
0.01,977431
0.01,952432
0.01,936856
0.01,923568
0.01,937805
0.01,974165
0.01,1019233
0.01,1055762
0.01,1101528
0.01,1180546
0.01,1110661
0.01,993159
0.01,971113
0.01,966162
0.01,939468
0.01,945744
0.01,939501
0.01,930923
0.01,945719
0.01,969155
0.01,935510
0.01,916564
0.01,916013
