0.00,2632131
0.00,2272320
0.00,2218267
0.00,1984478
0.00,1901267
0.00,1974637
0.00,2163075
0.00,2126662
0.00,2100310
0.00,1936650
0.00,2002790
0.00,2066098
0.00,2101318
0.00,1960256
0.00,1848717
0.00,1766444
0.00,1743239
0.00,1716851
0.00,1712605
0.00,1655314
0.00,1583489
0.00,1584727
0.00,1592757
0.00,1438344
0.00,1451614
0.00,1437566
0.00,1424225
0.00,1430954
0.00,1351093
0.00,1370771
0.00,1380437
0.00,1373709
0.00,1386733
0.00,1435653
0.00,1362220
0.00,1292675
0.00,1236959
0.00,1240277
0.00,1230537
0.00,1184493
0.00,1164341
0.00,1130327
0.00,1125544
0.00,1136230
0.00,1108916
0.00,1095069
0.00,1077286
0.00,1040219
0.00,1033751
0.00,1032223
0.00,1017141
0.00,1013541
0.00,1002142
0.00,984048
0.00,967823
0.00,952321
0.00,957262
0.00,962579
0.00,946007
0.00,948342
0.00,971203
0.00,946354
0.00,932233
0.00,925069
0.00,939173
0.00,972444
0.00,943317
0.00,918581
0.00,936812
0.00,972380
0.00,911527
0.00,907869
0.00,905583
0.00,903383
0.00,902682
0.00,902131
