0.00,2900175
0.00,2835998
0.00,2592600
0.00,2314725
0.00,2105229
0.00,2209957
0.00,2211296
0.00,2048791
0.00,1924099
0.00,1923619
0.00,1917017
0.00,2036001
0.00,2111712
0.00,2228037
0.00,1901581
0.00,1829900
0.00,1754318
0.00,1824879
0.00,1798814
0.00,1682598
0.00,1691185
0.00,1659130
0.00,1588617
0.00,1522892
0.00,1458858
0.00,1513629
0.00,1643638
0.00,1776702
0.00,1763764
0.00,1512670
0.00,1488405
0.00,1407287
0.00,1364095
0.00,1321457
0.00,1300217
0.00,1379369
0.00,1470992
0.00,1515177
0.00,1333722
0.00,1576314
0.00,1519229
0.00,1490999
0.00,1459453
0.00,1323571
0.00,1273348
0.00,1436770
0.00,1409401
0.00,1344838
0.00,1239167
0.00,1282929
0.00,1193399
0.00,1148517
0.00,1119817
0.00,1123619
0.00,1095934
0.00,1129645
0.00,1076327
0.00,1057351
0.00,1038405
0.00,1049828
0.00,1086590
0.00,1029455
0.00,1017343
0.00,1003204
0.00,991672
0.00,1074109
0.00,1156371
0.00,1233176
0.00,1305298
0.00,1199956
0.00,1092956
0.00,1088861
0.00,1097872
0.00,1104094
0.00,1082749
0.00,1076109
0.00,1051521
0.00,1049090
0.00,985127
0.00,1012643
0.00,1061993
0.00,1082615
0.00,1147959
0.00,1243601
0.00,1303986
0.00,1212851
0.00,1099520
0.00,1079530
0.00,1076326
0.00,1100673
0.00,1091481
0.00,1101224
0.00,1008138
0.00,1017809
0.00,969563
0.00,1008845
0.00,994890
0.00,1006144
0.00,1060109
0.00,1173243
0.00,1247846
0.00,1169442
0.00,1039308
0.00,1027257
0.00,1052323
0.00,1068821
0.00,1071290
0.00,1046591
0.00,1001058
0.00,959397
0.00,957976
0.00,977374
0.00,999318
0.00,966505
0.00,999627
0.00,958770
0.00,931940
0.00,925238
0.00,950451
0.00,984626
0.00,949058
0.00,942901
0.00,965120
0.00,923773
0.00,938833
0.00,967960
0.00,942961
0.00,926834
0.00,914097
0.00,912675
0.00,912124
0.00,911660
