0.00, 220876
0.00, 220808
0.00, 219932
0.00, 219881
0.00, 219745
0.00, 219654
0.00, 216994
0.00, 214030
0.00, 210678
0.00, 207930
0.00, 206872
0.00, 206504
0.00, 205362
0.00, 203419
0.00, 201653
0.00, 200296
0.00, 200183
0.00, 200176
0.00, 196674
0.00, 184792
0.00, 184783
0.00, 178177
0.00, 175872
0.00, 175742
0.00, 175526
0.00, 175064
0.00, 174851
0.00, 173405
0.00, 172900
0.00, 170502
0.00, 166264
0.00, 161946
0.00, 156919
0.01, 156060
0.03, 152494
0.04, 148547
0.04, 147474
0.04, 146068
0.04, 141272
0.04, 140964
0.11, 139771
0.11, 138342
0.11, 137883
0.11, 136440
0.15, 134915
0.15, 133875
0.15, 133621
0.15, 128629
0.17, 125544
0.17, 124491
0.17, 122756
0.17, 122083
0.17, 120860
0.17, 119859
0.17, 117573
0.27, 115885
0.27, 114364
0.29, 113996
0.29, 113710
0.29, 113507
0.30, 110370
0.30, 109095
0.31, 109004
0.31, 108542
0.31, 107722
0.31, 107095
0.31, 107037
0.33, 104056
0.33, 102675
0.33, 101785
0.34, 100357
0.34, 99865
0.34, 97728
0.34, 97366
0.34, 97284
0.34, 96305
0.34, 95981
0.34, 95869
0.36, 95475
0.38, 94591
0.38, 94188
0.38, 92474
0.40, 92330
0.40, 91246
0.42, 90539
0.43, 87811
0.43, 86391
0.43, 86034
0.43, 85933
0.43, 85681
0.43, 84947
0.43, 84866
0.43, 83963
0.43, 83507
0.43, 83193
0.46, 82191
0.46, 80821
0.46, 80772
0.46, 79868
0.46, 79657
0.49, 79517
0.49, 79281
0.49, 77307
0.49, 77182
0.50, 75679
0.50, 75581
0.50, 74891
0.50, 74443
0.50, 74007
0.50, 72668
0.53, 71858
0.53, 71590
0.53, 71546
0.53, 70934
0.54, 69396
0.54, 69229
0.54, 68697
0.54, 68673
0.56, 68284
0.56, 68250
0.56, 68239
0.56, 67941
0.56, 67816
0.56, 67095
0.57, 66027
0.57, 65229
0.57, 65169
0.58, 63868
0.58, 63774
0.58, 63405
0.58, 63143
0.58, 63085
0.59, 61728
0.61, 61638
0.61, 61519
0.61, 61463
0.61, 60773
0.62, 60666
0.64, 60627
0.64, 60542
0.64, 60103
0.64, 59875
0.64, 59574
0.64, 59455
0.64, 58637
0.64, 58602
0.64, 57297
0.64, 57278
0.64, 57206
0.64, 57205
0.64, 57090
0.65, 56847
0.66, 56617
0.66, 56518
0.69, 56393
0.69, 56123
0.69, 56114
0.69, 56073
0.71, 55482
0.71, 55354
0.71, 55247
0.72, 54797
0.72, 54758
0.72, 54687
0.72, 54526
0.72, 54207
0.72, 54090
0.73, 54065
0.73, 53962
0.74, 53896
0.75, 53864
0.75, 53829
0.79, 53709
0.80, 53665
0.80, 53632
0.80, 53418
0.80, 53389
0.80, 52895
0.80, 52860
0.87, 52657
1.95, 52643
