0.00, 209278
0.00, 209201
0.00, 208683
0.00, 207439
0.00, 207357
0.00, 205364
0.00, 201498
0.00, 201104
0.00, 197240
0.00, 195603
0.00, 194472
0.00, 190422
0.00, 189986
0.00, 186180
0.01, 184658
0.01, 182866
0.01, 181833
0.01, 175505
0.01, 174231
0.01, 172205
0.01, 171582
0.01, 169222
0.01, 164794
0.01, 164674
0.01, 159703
0.01, 156847
0.01, 150968
0.01, 148259
0.01, 148160
0.04, 146387
0.08, 145109
0.08, 145028
0.08, 145026
0.09, 144489
0.09, 144430
0.10, 143557
0.11, 140349
0.12, 139724
0.13, 139485
0.16, 137748
0.16, 137511
0.16, 137470
0.16, 135225
0.19, 135180
0.19, 134437
0.19, 133935
0.19, 132427
0.19, 129993
0.19, 129783
0.19, 129146
0.19, 127559
0.21, 126515
0.22, 124203
0.23, 122210
0.24, 121940
0.24, 120086
0.24, 120063
0.24, 119622
0.24, 118689
0.25, 118369
0.25, 116551
0.27, 116434
0.28, 112436
0.32, 111918
0.32, 111480
0.32, 110734
0.32, 108416
0.33, 107333
0.33, 107321
0.33, 107181
0.33, 105593
0.34, 104942
0.34, 103570
0.34, 101823
0.34, 101671
0.34, 101212
0.34, 99817
0.37, 97743
0.37, 97423
0.37, 96500
0.37, 96465
0.37, 96304
0.37, 95807
0.38, 95269
0.38, 95195
0.38, 95191
0.38, 95111
0.38, 94733
0.38, 93817
0.38, 93657
0.38, 93341
0.38, 93170
0.39, 92897
0.39, 92530
0.39, 91940
0.39, 91690
0.39, 89756
0.39, 88577
0.43, 88569
0.43, 88161
0.43, 87750
0.43, 86584
0.44, 86145
0.44, 85521
0.45, 85112
0.45, 84576
0.45, 83580
0.46, 83572
0.46, 83384
0.46, 81993
0.46, 81025
0.48, 80636
0.48, 78993
0.48, 78937
0.49, 78359
0.49, 77530
0.51, 77454
0.52, 77165
0.52, 75158
0.52, 74456
0.52, 72317
0.52, 71770
0.53, 70984
0.54, 70701
0.55, 70658
0.56, 69593
0.56, 67537
0.56, 67180
0.56, 66872
0.58, 65832
0.58, 65718
0.58, 65407
0.58, 65117
0.58, 64810
0.58, 64363
0.58, 63340
0.60, 63328
0.61, 63033
0.62, 62584
0.62, 62127
0.62, 61803
0.62, 61794
0.62, 61271
0.64, 61213
0.64, 60466
0.64, 60196
0.64, 59653
0.64, 59516
0.64, 58937
0.64, 58910
0.66, 58795
0.66, 58779
0.66, 58621
0.66, 58144
0.66, 58116
0.66, 57487
0.66, 57374
0.67, 56512
0.67, 56244
0.69, 55982
0.69, 55817
0.70, 55623
0.70, 55373
0.72, 55035
0.72, 55029
0.72, 54948
0.72, 54808
0.72, 54449
0.72, 54181
0.72, 54107
0.72, 53947
0.73, 53728
0.77, 53232
0.77, 53221
0.80, 53207
0.80, 52929
0.81, 52740
0.81, 52658
0.88, 52643
