0.00, 216352
0.00, 216092
0.00, 215264
0.00, 214541
0.00, 213479
0.00, 213356
0.00, 213000
0.01, 207720
0.01, 202970
0.01, 201300
0.01, 195020
0.01, 194245
0.01, 193404
0.01, 191821
0.01, 189855
0.01, 187076
0.01, 184318
0.01, 183865
0.01, 183350
0.01, 183099
0.01, 182446
0.01, 181113
0.01, 176209
0.01, 173517
0.01, 169756
0.01, 169324
0.01, 168988
0.01, 164531
0.01, 158398
0.01, 158367
0.02, 156808
0.02, 156416
0.02, 153201
0.02, 152764
0.04, 151700
0.04, 151047
0.04, 150447
0.04, 148505
0.04, 148344
0.04, 145864
0.08, 145414
0.12, 139390
0.12, 138916
0.12, 138846
0.12, 138825
0.12, 138777
0.12, 137936
0.13, 135774
0.17, 135513
0.18, 131532
0.19, 127290
0.19, 127136
0.19, 124822
0.19, 123804
0.19, 123540
0.19, 122834
0.19, 122126
0.19, 122100
0.23, 121909
0.23, 119582
0.23, 119440
0.27, 119314
0.27, 117504
0.27, 114067
0.27, 112650
0.27, 111074
0.30, 110049
0.31, 110002
0.31, 109047
0.31, 108267
0.31, 107925
0.31, 106564
0.31, 106453
0.33, 106151
0.33, 105882
0.33, 105880
0.33, 104508
0.34, 104373
0.34, 102994
0.34, 101271
0.35, 100495
0.35, 99606
0.35, 99125
0.35, 98085
0.35, 97858
0.35, 97365
0.36, 97304
0.39, 96810
0.39, 96595
0.39, 95197
0.39, 94741
0.39, 94678
0.40, 93283
0.40, 91609
0.41, 90532
0.42, 88956
0.43, 88045
0.44, 87585
0.44, 87414
0.44, 86856
0.44, 84489
0.44, 83616
0.44, 83340
0.44, 83008
0.44, 82698
0.46, 82018
0.47, 81457
0.47, 80600
0.47, 80137
0.47, 79954
0.49, 79760
0.49, 79641
0.50, 78792
0.50, 78654
0.50, 77867
0.50, 77242
0.50, 76292
0.52, 75969
0.52, 75373
0.52, 74394
0.52, 73726
0.52, 72931
0.52, 72385
0.52, 71944
0.54, 70948
0.54, 70445
0.54, 70206
0.56, 69792
0.56, 69550
0.56, 68778
0.56, 68319
0.57, 67936
0.57, 66727
0.57, 66363
0.57, 65706
0.57, 65701
0.57, 65515
0.60, 65402
0.60, 64392
0.60, 63063
0.60, 62902
0.60, 62736
0.60, 62584
0.63, 62583
0.63, 61725
0.63, 61213
0.63, 60556
0.65, 59872
0.65, 59582
0.65, 59577
0.65, 58836
0.65, 58679
0.67, 57941
0.67, 57931
0.68, 57766
0.68, 57695
0.68, 56963
0.68, 56822
0.68, 56568
0.70, 56272
0.70, 56082
0.72, 56013
0.72, 55661
0.73, 55620
0.73, 55541
0.73, 55463
0.73, 55348
0.73, 54951
0.73, 54244
0.73, 54218
0.74, 54067
0.76, 53970
0.76, 53524
0.76, 53234
0.76, 52838
2.18, 52824
2.18, 52789
3.25, 52643
