0.00,202297
0.00,198676
0.00,193631
0.00,180068
0.00,170349
0.00,158025
0.00,152945
0.00,149711
0.00,150223
0.00,150532
0.00,141754
0.00,138292
0.00,136532
0.00,135914
0.00,136184
0.00,126544
0.00,126797
0.00,121185
0.00,123282
0.00,116010
0.00,112063
0.00,114820
0.00,109464
0.00,103056
0.00,98597
0.00,95466
0.00,95754
0.00,96841
0.00,105421
0.00,102906
0.00,96219
0.00,92404
0.00,94680
0.00,91557
0.00,89376
0.00,87894
0.00,87784
0.00,87238
0.00,85057
0.00,83157
0.00,81726
0.00,79066
0.00,77975
0.00,76225
0.00,76704
0.00,78082
0.00,74155
0.00,76466
0.00,71947
0.00,69804
0.00,70202
0.00,71012
0.00,70787
0.00,70428
0.00,71262
0.00,69262
0.00,68131
0.00,66922
0.00,65879
0.00,65913
0.00,65193
0.00,68558
0.00,63488
0.00,63597
0.00,62260
0.00,61295
0.00,60775
0.00,60025
0.00,59365
0.00,59174
0.00,58457
0.00,58016
0.00,58894
0.00,59151
0.00,57587
0.00,57857
0.00,57032
0.00,56584
0.00,56162
0.00,56454
0.00,56086
0.00,56266
0.00,55903
0.00,55289
0.00,54978
0.00,54683
0.00,55357
0.00,57412
0.00,58179
0.00,58223
0.00,57112
0.00,56665
0.00,57076
0.00,57188
0.00,58321
0.00,62952
0.00,65522
0.00,57264
0.00,56635
0.00,55775
0.00,54577
0.00,54495
