0.01,194124
0.01,188758
0.01,186885
0.01,178927
0.01,176841
0.01,172900
0.01,160487
0.01,159410
0.01,159169
0.01,150414
0.01,143250
0.01,140863
0.01,141729
0.01,126466
0.01,122114
0.01,121642
0.01,124847
0.01,122769
0.01,118664
0.01,117786
0.01,119543
0.01,114028
0.01,115754
0.01,104470
0.01,105057
0.01,106838
0.01,108106
0.01,108314
0.01,111133
0.01,107402
0.01,103756
0.01,99660
0.01,97604
0.01,96477
0.01,96532
0.01,92446
0.01,92615
0.01,90967
0.01,90506
0.01,88427
0.01,85600
0.01,85238
0.01,86378
0.01,89283
0.01,85108
0.01,83493
0.01,82873
0.01,88734
0.01,89328
0.01,88062
0.01,84076
0.01,83387
0.01,86887
0.01,83187
0.01,84226
0.01,83124
0.01,85641
0.01,84198
0.01,79982
0.01,79913
0.01,76357
0.01,74600
0.01,74007
0.01,73333
0.01,74659
0.01,72901
0.01,73077
0.01,72066
0.01,70595
0.01,69171
0.01,70318
0.01,71130
0.01,72642
0.01,74791
0.01,75618
0.01,78074
0.01,80716
0.01,81615
0.01,80714
0.01,79097
0.01,79753
0.01,78345
0.01,76309
0.01,75194
0.01,72606
0.01,71301
0.01,70771
0.01,68867
0.01,67564
0.01,67865
0.01,67602
0.01,68950
0.01,70315
0.01,69270
0.01,67097
0.01,67953
0.01,70327
0.01,69255
0.01,71380
0.01,70952
0.01,71935
0.01,76188
0.01,77701
0.01,76748
0.01,75467
0.01,76619
0.01,77363
0.01,75099
0.01,73787
0.01,70730
0.01,71205
0.01,69307
0.01,67323
0.01,66959
0.01,68310
0.01,68709
0.01,69195
0.01,69582
0.01,70361
0.01,69114
0.01,68600
0.01,65941
0.01,66777
0.01,67521
0.01,67157
0.01,65518
0.01,65020
0.01,64219
0.01,67076
0.01,67651
0.01,65717
0.01,63294
0.01,63997
0.01,64127
0.01,64181
0.01,62890
0.01,62613
0.01,61651
0.01,61438
0.01,60661
0.01,59886
0.01,59257
0.01,58686
0.01,58229
0.01,57772
0.01,58141
0.01,57325
0.01,56878
0.01,56478
0.01,56183
0.01,58129
0.01,61072
0.01,62042
0.01,60537
0.01,59328
0.01,58614
0.01,60884
0.01,59898
0.01,60028
0.01,59991
0.01,60274
0.01,60634
0.01,61912
0.01,63466
0.01,65172
0.01,64394
0.01,63272
0.01,61653
0.01,59722
0.01,57199
0.01,58397
0.01,60547
0.01,61038
0.01,59722
0.01,59632
0.01,59769
0.01,61125
0.01,61361
0.01,61689
0.01,62099
0.01,62892
0.01,62155
0.01,63309
0.01,62933
0.01,63192
0.01,63659
0.01,63879
0.01,63951
0.01,64496
0.01,61981
0.01,60166
0.01,58914
0.01,58098
0.01,55875
0.01,56840
0.01,57713
0.01,57274
0.01,55533
0.01,54750
0.01,54328
0.01,54833
0.01,54171
0.01,53981
0.01,53841
