0.00, 200413
0.00, 198961
0.00, 198014
0.00, 197967
0.00, 196485
0.00, 196047
0.00, 193105
0.00, 192619
0.00, 191973
0.00, 190862
0.00, 187296
0.01, 187149
0.01, 185924
0.01, 185805
0.01, 181125
0.01, 180384
0.01, 177187
0.01, 177087
0.01, 176850
0.01, 176774
0.01, 176407
0.01, 175579
0.01, 174549
0.01, 174338
0.01, 172254
0.01, 171293
0.01, 169984
0.01, 167258
0.01, 166938
0.01, 166193
0.01, 161778
0.01, 161455
0.01, 158491
0.01, 156057
0.02, 154500
0.02, 153483
0.02, 153366
0.02, 150719
0.02, 150627
0.02, 146960
0.02, 145582
0.05, 145433
0.05, 143841
0.05, 142861
0.05, 137286
0.11, 133972
0.11, 133215
0.17, 131630
0.17, 129629
0.17, 129039
0.20, 126876
0.20, 126752
0.22, 126668
0.22, 125461
0.22, 125152
0.22, 124685
0.23, 123690
0.23, 122555
0.23, 122007
0.25, 121136
0.25, 121090
0.25, 116708
0.25, 116286
0.25, 115841
0.25, 114383
0.28, 113871
0.28, 113802
0.28, 113411
0.29, 112994
0.30, 111817
0.30, 111751
0.30, 111252
0.30, 110892
0.30, 110527
0.31, 110283
0.31, 109433
0.31, 107437
0.31, 104666
0.32, 104619
0.32, 103610
0.32, 101545
0.34, 100651
0.34, 99583
0.35, 99500
0.36, 99466
0.36, 98743
0.36, 96026
0.36, 96010
0.37, 95057
0.39, 94462
0.39, 93123
0.40, 92118
0.40, 91361
0.41, 90867
0.41, 90572
0.41, 90513
0.41, 90497
0.41, 90081
0.41, 89994
0.42, 89940
0.42, 89808
0.43, 89793
0.43, 89056
0.43, 88172
0.43, 87475
0.43, 87385
0.43, 86362
0.43, 83975
0.43, 83869
0.43, 83865
0.43, 83784
0.43, 82109
0.43, 81872
0.43, 81782
0.47, 81228
0.47, 80984
0.47, 80187
0.47, 79949
0.49, 79818
0.49, 79064
0.49, 77675
0.49, 77441
0.50, 75992
0.50, 75591
0.50, 75318
0.50, 75206
0.53, 75143
0.53, 74482
0.53, 72449
0.53, 72320
0.53, 72216
0.53, 72106
0.53, 71180
0.54, 70053
0.54, 69660
0.54, 69409
0.55, 69229
0.55, 68694
0.57, 68689
0.57, 68337
0.58, 67892
0.58, 67575
0.60, 67331
0.60, 67316
0.60, 67303
0.60, 66901
0.61, 66824
0.61, 65928
0.61, 64885
0.61, 64840
0.61, 64742
0.61, 64128
0.61, 63798
0.61, 63370
0.61, 62720
0.62, 62436
0.62, 61733
0.62, 61293
0.62, 60486
0.62, 59750
0.62, 59514
0.62, 59059
0.63, 58358
0.65, 58176
0.66, 57357
0.69, 57232
0.69, 56983
0.70, 56597
0.71, 56469
0.71, 55961
0.71, 55932
0.71, 55881
0.71, 55668
0.71, 55556
0.71, 55296
0.71, 55079
0.74, 54929
0.74, 54822
0.74, 54557
0.74, 54520
0.75, 54126
0.75, 53957
0.76, 53913
0.76, 53586
0.79, 53523
0.79, 53502
0.82, 53447
0.82, 53418
0.82, 53359
0.82, 53324
0.82, 53250
0.83, 53189
0.83, 53156
0.83, 53076
0.84, 53074
0.84, 53041
0.88, 52965
0.91, 52931
0.91, 52896
0.91, 52789
1.07, 52788
1.75, 52658
1.86, 52657
1.90, 52643
