0.00, 232788
0.00, 230470
0.00, 228546
0.00, 226689
0.00, 226677
0.00, 220962
0.00, 220436
0.00, 217028
0.00, 212758
0.00, 211721
0.00, 203706
0.00, 201028
0.00, 200321
0.00, 196521
0.01, 192252
0.01, 192210
0.01, 191138
0.01, 190684
0.01, 184649
0.01, 178470
0.01, 176373
0.01, 173329
0.01, 171068
0.01, 170912
0.01, 169779
0.01, 168981
0.01, 168278
0.01, 167573
0.01, 165502
0.01, 163330
0.01, 160751
0.02, 159579
0.02, 157923
0.02, 157824
0.02, 155643
0.02, 152958
0.02, 151910
0.04, 149265
0.04, 148910
0.04, 143013
0.10, 137859
0.10, 136096
0.10, 135770
0.10, 134315
0.10, 132315
0.10, 132164
0.10, 131946
0.18, 131707
0.18, 127994
0.20, 126257
0.20, 123975
0.20, 123766
0.24, 123466
0.27, 122095
0.27, 122076
0.27, 118541
0.27, 118466
0.27, 118269
0.27, 118091
0.27, 116075
0.27, 111366
0.27, 110158
0.27, 110083
0.27, 108848
0.27, 108684
0.27, 108339
0.27, 108250
0.31, 108034
0.31, 107752
0.31, 106827
0.32, 102147
0.32, 101951
0.32, 99218
0.32, 98414
0.36, 98396
0.36, 97510
0.38, 96940
0.38, 93947
0.38, 93027
0.38, 93008
0.38, 91932
0.38, 91473
0.39, 90215
0.40, 89163
0.40, 88959
0.40, 88610
0.43, 88360
0.44, 87701
0.44, 87016
0.44, 86943
0.44, 86604
0.44, 86198
0.44, 85365
0.45, 85017
0.45, 84614
0.47, 83115
0.47, 82577
0.47, 79987
0.47, 78532
0.48, 77469
0.48, 76977
0.48, 76290
0.51, 75257
0.51, 74801
0.51, 74645
0.51, 74239
0.52, 73261
0.52, 73161
0.52, 72408
0.52, 71932
0.55, 71620
0.55, 71377
0.55, 71138
0.55, 70462
0.55, 70442
0.55, 69229
0.55, 68976
0.55, 68811
0.55, 66912
0.55, 66236
0.55, 65739
0.55, 65307
0.55, 65073
0.58, 64340
0.58, 63878
0.59, 63844
0.59, 62832
0.59, 62824
0.59, 62363
0.59, 61031
0.59, 61010
0.59, 60820
0.59, 60713
0.63, 60550
0.64, 60343
0.64, 60123
0.64, 60092
0.64, 59913
0.65, 59809
0.65, 59724
0.65, 59461
0.66, 59411
0.66, 59010
0.66, 58644
0.66, 58547
0.66, 58009
0.66, 57963
0.67, 57538
0.67, 57519
0.67, 57096
0.67, 56913
0.67, 56257
0.67, 55717
0.68, 55612
0.68, 55294
0.72, 54933
0.72, 54851
0.72, 54562
0.72, 54221
0.74, 53916
0.74, 53870
0.77, 53595
0.78, 53568
0.78, 53535
0.78, 53433
0.78, 53230
0.78, 53094
0.78, 52848
0.79, 52734
0.86, 52672
0.88, 52658
0.92, 52643
