0.02, 192441
0.02, 191814
0.02, 187111
0.02, 186704
0.02, 186518
0.02, 185132
0.02, 185075
0.02, 183417
0.02, 183339
0.02, 182435
0.02, 182168
0.02, 179035
0.02, 178371
0.02, 175502
0.02, 170124
0.02, 168364
0.02, 166624
0.02, 166145
0.02, 166062
0.02, 165180
0.02, 164380
0.02, 164200
0.02, 160368
0.03, 158270
0.03, 157342
0.03, 153507
0.03, 151141
0.03, 149328
0.03, 148875
0.03, 147959
0.03, 147066
0.03, 144532
0.05, 139317
0.05, 137607
0.16, 135301
0.16, 135233
0.16, 135187
0.16, 134282
0.17, 133850
0.17, 133689
0.19, 130195
0.19, 129928
0.20, 125280
0.23, 123508
0.24, 122184
0.24, 121717
0.25, 121233
0.25, 121150
0.25, 120546
0.28, 119198
0.28, 118042
0.28, 114047
0.30, 114029
0.30, 113606
0.30, 112684
0.30, 112631
0.31, 112232
0.31, 110757
0.31, 109785
0.33, 106111
0.33, 105393
0.34, 104876
0.34, 102881
0.34, 102786
0.34, 102695
0.34, 102602
0.34, 100738
0.37, 100302
0.37, 97503
0.38, 95797
0.38, 95518
0.40, 94985
0.40, 94601
0.40, 93115
0.40, 91838
0.41, 91533
0.41, 91367
0.43, 89710
0.43, 89366
0.43, 87689
0.43, 86081
0.43, 84308
0.45, 84081
0.45, 83992
0.45, 83884
0.46, 83686
0.47, 82755
0.48, 82297
0.48, 82002
0.48, 81409
0.50, 81225
0.50, 80160
0.50, 79548
0.50, 77370
0.50, 76539
0.50, 76449
0.51, 76350
0.51, 76050
0.51, 75142
0.51, 74830
0.51, 72594
0.51, 72012
0.51, 70899
0.51, 70290
0.54, 69567
0.54, 68595
0.58, 67978
0.59, 67780
0.59, 66181
0.59, 66173
0.59, 65883
0.59, 65563
0.59, 64761
0.60, 63666
0.60, 63597
0.60, 63254
0.60, 62964
0.61, 62824
0.61, 62710
0.62, 62634
0.62, 62566
0.62, 62561
0.62, 62505
0.62, 62429
0.63, 61768
0.63, 61672
0.63, 61522
0.63, 61340
0.63, 60893
0.64, 60862
0.65, 60671
0.65, 60301
0.65, 59962
0.65, 59528
0.65, 58992
0.65, 58538
0.68, 58398
0.68, 58219
0.68, 57909
0.68, 57606
0.68, 57271
0.68, 57156
0.70, 57112
0.70, 57037
0.70, 56465
0.70, 55894
0.70, 55849
0.71, 55484
0.72, 55436
0.73, 54988
0.73, 54982
0.73, 54951
0.73, 54594
0.75, 54415
0.75, 53948
0.75, 53764
0.75, 53551
0.75, 53547
0.81, 53542
0.82, 53152
0.85, 53032
0.85, 53012
0.88, 52986
0.88, 52879
0.92, 52874
1.94, 52861
1.94, 52754
1.94, 52672
1.95, 52657
4.31, 52643
