0.00,193439
0.00,183448
0.00,180298
0.00,171862
0.00,164566
0.00,167078
0.00,158055
0.00,142844
0.00,144148
0.00,138252
0.00,130831
0.00,118677
0.00,111855
0.00,114810
0.00,115573
0.00,114298
0.00,112651
0.00,110083
0.00,105827
0.00,103764
0.00,100374
0.00,93077
0.00,94631
0.00,93823
0.00,90882
0.00,91232
0.00,93000
0.00,94278
0.00,89788
0.00,93955
0.00,96454
0.00,98158
0.00,95401
0.00,93278
0.00,91278
0.00,92658
0.00,92358
0.00,88023
0.00,85193
0.00,84403
0.00,81791
0.00,80972
0.00,80599
0.00,83969
0.00,81525
0.00,78065
0.00,76554
0.00,74495
0.00,74725
0.00,76528
0.00,76556
0.00,74750
0.00,74615
0.00,75721
0.00,76819
0.00,73348
0.00,72710
0.00,70600
0.00,69117
0.00,70003
0.00,67276
0.00,67554
0.00,67470
0.00,68641
0.00,69245
0.00,70648
0.00,71030
0.00,70968
0.00,70969
0.00,68518
0.00,69039
0.00,68516
0.00,68753
0.00,66097
0.00,66519
0.00,67818
0.00,65536
0.00,64433
0.00,63500
0.00,66090
0.00,70698
0.00,70896
0.00,71441
0.00,72247
0.00,70300
0.00,70995
0.00,70722
0.00,71042
0.00,70519
0.00,68611
0.00,67295
0.00,66272
0.00,66103
0.00,66313
0.00,65271
0.00,62585
0.00,64185
0.00,65955
0.00,67423
0.00,69439
0.00,68070
0.00,68264
0.00,68322
0.00,67820
0.00,69216
0.00,67039
0.00,67356
0.00,66414
0.00,66627
0.00,65457
0.00,64888
0.00,64166
0.00,62403
0.00,61300
0.00,60484
0.00,60947
0.00,62907
0.00,63470
0.00,64047
0.00,61694
0.00,62026
0.00,63438
0.00,65110
0.00,65568
0.00,63768
0.00,64077
0.00,64065
0.00,64602
0.00,65074
0.00,66232
0.00,64364
0.00,62331
0.00,60047
0.00,59071
0.00,58442
0.00,57877
0.00,57315
0.00,56758
0.00,56317
0.00,56022
0.00,55832
0.00,55644
0.00,55478
0.00,55039
0.00,54942
