0.00, 219437
0.00, 218047
0.00, 216487
0.00, 210984
0.00, 205445
0.00, 204048
0.00, 198312
0.00, 195211
0.00, 191536
0.00, 188954
0.00, 185234
0.00, 180931
0.00, 180487
0.01, 179358
0.01, 177880
0.01, 177762
0.01, 177128
0.01, 174100
0.01, 173403
0.01, 171979
0.01, 171835
0.01, 170538
0.01, 167101
0.01, 162048
0.01, 161155
0.01, 159509
0.01, 157097
0.01, 156308
0.01, 154062
0.01, 153990
0.01, 152766
0.02, 151378
0.03, 150429
0.03, 150000
0.03, 148399
0.03, 147264
0.03, 139780
0.13, 138682
0.13, 138239
0.13, 138139
0.15, 137486
0.15, 136216
0.16, 135819
0.16, 135544
0.16, 135035
0.16, 134810
0.16, 131933
0.18, 126029
0.18, 123757
0.18, 117623
0.23, 117402
0.25, 114365
0.27, 113459
0.29, 113321
0.29, 112450
0.30, 110332
0.30, 108631
0.30, 107610
0.30, 104997
0.30, 104953
0.33, 104443
0.33, 103829
0.33, 103510
0.34, 97653
0.34, 96378
0.38, 96054
0.38, 93956
0.38, 93666
0.38, 90330
0.38, 89451
0.38, 88759
0.41, 88600
0.42, 88002
0.44, 86641
0.44, 86242
0.44, 84449
0.44, 83931
0.46, 82932
0.46, 82380
0.47, 81350
0.48, 78659
0.48, 78363
0.48, 78045
0.48, 77381
0.48, 76894
0.49, 76322
0.49, 76297
0.49, 74872
0.49, 73892
0.49, 73733
0.49, 73727
0.51, 73410
0.52, 73242
0.52, 72490
0.52, 72223
0.52, 71956
0.52, 71762
0.52, 70285
0.52, 70023
0.52, 69993
0.54, 69664
0.54, 69450
0.54, 69273
0.54, 68875
0.54, 68694
0.54, 68616
0.54, 68064
0.54, 67559
0.58, 67363
0.58, 67060
0.58, 66646
0.58, 66467
0.58, 66250
0.58, 66203
0.59, 65760
0.59, 65347
0.59, 64696
0.59, 64602
0.59, 64498
0.59, 64464
0.59, 64412
0.59, 64308
0.59, 63533
0.59, 63078
0.59, 63060
0.60, 62932
0.61, 62566
0.61, 62464
0.61, 62412
0.61, 62278
0.61, 62105
0.61, 62011
0.61, 61960
0.61, 61463
0.62, 61325
0.62, 60559
0.62, 60162
0.62, 60125
0.62, 60003
0.65, 59984
0.65, 59910
0.65, 59848
0.65, 59532
0.65, 59260
0.65, 59179
0.65, 58883
0.65, 58732
0.65, 58689
0.65, 57945
0.65, 57709
0.65, 57693
0.65, 57483
0.65, 57241
0.65, 56743
0.68, 56192
0.68, 55835
0.69, 55703
0.69, 55689
0.69, 55336
0.70, 55254
0.70, 55130
0.70, 54931
0.70, 54927
0.70, 54844
0.70, 54757
0.70, 54716
0.70, 54601
0.72, 54531
0.72, 54498
0.72, 54358
0.74, 54242
0.74, 54046
0.74, 53931
0.74, 53791
0.74, 53743
0.79, 53595
0.79, 53326
0.79, 52967
0.79, 52943
0.85, 52941
0.85, 52879
1.97, 52816
1.99, 52788
3.23, 52643
