0.00,208718
0.00,195911
0.00,185345
0.00,186903
0.00,172534
0.00,172780
0.00,157180
0.00,155843
0.00,163127
0.00,159577
0.00,147767
0.00,139360
0.00,137839
0.00,138224
0.00,139468
0.00,136001
0.00,131433
0.00,124127
0.00,121366
0.00,121895
0.00,121709
0.00,118823
0.00,118852
0.00,118388
0.00,113629
0.00,116504
0.00,116326
0.00,114613
0.00,107459
0.00,105030
0.00,103957
0.00,110923
0.00,106355
0.00,99230
0.00,95403
0.00,99477
0.00,94965
0.00,93315
0.00,92975
0.00,92702
0.00,95125
0.00,93080
0.00,89901
0.00,88682
0.00,85382
0.00,83226
0.00,81131
0.00,80389
0.00,79165
0.00,78750
0.00,79448
0.00,81165
0.00,81867
0.00,79163
0.00,77183
0.00,75710
0.00,75546
0.00,75607
0.00,72562
0.00,70097
0.00,69359
0.00,68329
0.00,68625
0.00,68396
0.00,67342
0.00,66530
0.00,67030
0.00,65278
0.00,66803
0.00,69503
0.00,71653
0.00,73145
0.00,73335
0.00,74574
0.00,73429
0.00,71275
0.00,71333
0.00,75223
0.00,76757
0.00,76680
0.00,74102
0.00,73440
0.00,75398
0.00,75257
0.00,73816
0.00,72442
0.00,78736
0.00,75711
0.00,70920
0.00,67435
0.00,65760
0.00,66391
0.00,64516
0.00,64516
0.00,63660
0.00,64155
0.00,64662
0.00,64122
0.00,62422
0.00,64212
0.00,67193
0.00,67800
0.00,68837
0.00,68665
0.00,69437
0.00,69518
0.00,69242
0.00,71171
0.00,73090
0.00,71098
0.00,70565
0.00,71543
0.00,72027
0.00,71020
0.00,69449
0.00,67996
0.00,69230
0.00,69339
0.00,67647
0.00,68510
0.00,76535
0.00,70956
0.00,65030
0.00,62254
0.00,63421
0.00,61516
0.00,61638
0.00,60931
0.00,60358
0.00,61442
0.00,61500
0.00,61140
0.00,60561
0.00,61982
0.00,62447
0.00,61975
0.00,61357
0.00,60821
0.00,63991
0.00,67663
0.00,70059
0.00,63513
0.00,61738
0.00,60394
0.00,61714
0.00,62636
0.00,60628
0.00,59507
0.00,59557
0.00,58745
0.00,58161
0.00,57828
0.00,57493
0.00,61069
0.00,63982
0.00,66382
0.00,57682
0.00,57711
0.01,56879
0.01,56394
0.01,57522
0.01,58875
0.01,62384
0.01,65852
0.01,56540
0.01,56055
0.01,55894
0.01,55784
0.01,56842
0.01,58009
0.01,57517
0.01,57147
0.01,55680
0.01,55078
0.01,55607
0.01,54647
0.01,54460
0.01,54377
