0.01, 194759
0.01, 185021
0.01, 183279
0.01, 181442
0.01, 179342
0.01, 178718
0.01, 175391
0.01, 169612
0.01, 168379
0.01, 165535
0.01, 162102
0.01, 160975
0.02, 158811
0.03, 158196
0.03, 152820
0.03, 151878
0.06, 150634
0.07, 147847
0.09, 147159
0.09, 146436
0.09, 145064
0.09, 143565
0.09, 137265
0.09, 135917
0.16, 135456
0.18, 134829
0.18, 133541
0.18, 132317
0.18, 130991
0.18, 130937
0.18, 126844
0.21, 126803
0.21, 125928
0.21, 125824
0.21, 124240
0.21, 124037
0.23, 120368
0.23, 119597
0.28, 118881
0.28, 118590
0.28, 117836
0.29, 114301
0.29, 114221
0.29, 114185
0.29, 112984
0.31, 111423
0.31, 111113
0.31, 111031
0.31, 105863
0.31, 105406
0.31, 105247
0.32, 102882
0.35, 102701
0.35, 101806
0.35, 100831
0.36, 99281
0.37, 99020
0.37, 98752
0.37, 98080
0.37, 96783
0.37, 95694
0.38, 95402
0.38, 93671
0.38, 93263
0.38, 93097
0.39, 92697
0.40, 92693
0.40, 92304
0.40, 90285
0.42, 88901
0.43, 85781
0.43, 84935
0.46, 83671
0.46, 83404
0.46, 83342
0.46, 82552
0.47, 78632
0.47, 78420
0.47, 78134
0.47, 77681
0.49, 77647
0.49, 76818
0.49, 75480
0.50, 75090
0.52, 74265
0.52, 73333
0.54, 72853
0.54, 72392
0.54, 72390
0.54, 72040
0.54, 72018
0.54, 70907
0.54, 70715
0.54, 69287
0.56, 69243
0.57, 69194
0.57, 68552
0.57, 67965
0.57, 67792
0.57, 67501
0.57, 67138
0.57, 66579
0.57, 66117
0.57, 65808
0.57, 63500
0.57, 63486
0.57, 63088
0.60, 62648
0.61, 62254
0.61, 62038
0.62, 61952
0.62, 61822
0.62, 60855
0.64, 60708
0.64, 60695
0.64, 60067
0.64, 59747
0.66, 59451
0.66, 59260
0.66, 59253
0.66, 58833
0.66, 58805
0.66, 58240
0.67, 58208
0.67, 58125
0.68, 57596
0.68, 57390
0.68, 57210
0.68, 57084
0.69, 56864
0.70, 56850
0.70, 56778
0.70, 56708
0.70, 56156
0.70, 55772
0.70, 55647
0.73, 55400
0.73, 55109
0.73, 54821
0.73, 54732
0.73, 54521
0.73, 54320
0.73, 54258
0.73, 53979
0.73, 53917
0.74, 53912
0.74, 53771
0.76, 53458
0.76, 53268
0.78, 53255
0.82, 53209
0.83, 53173
0.83, 53162
0.84, 53115
0.84, 52889
0.86, 52789
2.05, 52739
2.05, 52719
2.06, 52657
