0.01, 197038
0.01, 196877
0.01, 188162
0.01, 183388
0.01, 181830
0.01, 181049
0.01, 177955
0.01, 177772
0.01, 177566
0.01, 176501
0.01, 176451
0.01, 171875
0.01, 167870
0.01, 165663
0.01, 165651
0.01, 164304
0.01, 163497
0.01, 163363
0.01, 163362
0.02, 159616
0.02, 159507
0.02, 158659
0.03, 155516
0.04, 155132
0.05, 154581
0.05, 153252
0.06, 152829
0.06, 152745
0.06, 151189
0.06, 150955
0.06, 150751
0.08, 150446
0.08, 149349
0.08, 147039
0.09, 145801
0.09, 138350
0.14, 136860
0.14, 134096
0.15, 133893
0.19, 132077
0.19, 131355
0.19, 130069
0.19, 129111
0.20, 127580
0.21, 126923
0.24, 126629
0.24, 125610
0.24, 124659
0.25, 124166
0.26, 123864
0.26, 119516
0.26, 117846
0.26, 117088
0.28, 113939
0.28, 113332
0.28, 113263
0.28, 112979
0.30, 112375
0.30, 109635
0.30, 108451
0.30, 108086
0.32, 107882
0.32, 107283
0.34, 104705
0.34, 103827
0.35, 103785
0.35, 103090
0.35, 102896
0.35, 102633
0.35, 100190
0.36, 99137
0.36, 98759
0.38, 98309
0.38, 97186
0.38, 97182
0.39, 95538
0.39, 95408
0.39, 95377
0.39, 94413
0.41, 94397
0.41, 93825
0.41, 93262
0.41, 91615
0.41, 89457
0.43, 88922
0.43, 87306
0.43, 87305
0.43, 86572
0.43, 84188
0.43, 81263
0.47, 80962
0.47, 80754
0.47, 80160
0.47, 78927
0.47, 78550
0.48, 78415
0.48, 78057
0.48, 77197
0.48, 77078
0.48, 76949
0.50, 76601
0.50, 74147
0.50, 73910
0.50, 73501
0.50, 73109
0.50, 72148
0.54, 72019
0.54, 71995
0.54, 71617
0.54, 70999
0.54, 70965
0.54, 69375
0.54, 68973
0.56, 68201
0.58, 68186
0.58, 67884
0.58, 67493
0.58, 67300
0.58, 67212
0.59, 67144
0.59, 66981
0.59, 66580
0.59, 66362
0.59, 66284
0.59, 65689
0.59, 64689
0.59, 64660
0.61, 64554
0.62, 64288
0.62, 63748
0.62, 63230
0.62, 62846
0.62, 62598
0.62, 62456
0.62, 62321
0.62, 62234
0.62, 61657
0.64, 61256
0.64, 61139
0.64, 60740
0.65, 60470
0.65, 60429
0.65, 60070
0.65, 59433
0.65, 58398
0.65, 58279
0.68, 57557
0.69, 57545
0.69, 57185
0.69, 56751
0.69, 56612
0.69, 56569
0.69, 56568
0.69, 56441
0.69, 56130
0.69, 55974
0.69, 55945
0.69, 55833
0.70, 55639
0.70, 55498
0.70, 55391
0.72, 55085
0.72, 55077
0.73, 55050
0.73, 54933
0.74, 54846
0.74, 54577
0.75, 53923
0.75, 53438
0.75, 53225
0.79, 53089
0.83, 53063
0.83, 52958
0.84, 52910
0.84, 52803
0.85, 52774
1.98, 52734
2.01, 52672
2.03, 52657
2.05, 52643
