0.01, 191440
0.01, 189297
0.01, 189105
0.01, 189082
0.01, 186755
0.01, 182630
0.01, 182215
0.01, 180861
0.01, 180595
0.01, 180520
0.01, 179948
0.01, 178885
0.01, 177300
0.01, 175879
0.01, 175713
0.01, 170540
0.01, 165641
0.01, 164611
0.01, 164009
0.01, 162789
0.01, 162317
0.01, 160512
0.01, 159622
0.02, 158779
0.02, 156156
0.02, 156045
0.03, 155943
0.03, 154428
0.03, 153545
0.05, 150521
0.05, 149152
0.05, 148785
0.05, 147384
0.05, 142912
0.05, 139414
0.15, 136989
0.15, 135430
0.17, 135088
0.17, 135033
0.17, 134080
0.18, 131387
0.20, 128531
0.21, 127367
0.21, 127262
0.21, 126803
0.21, 126308
0.21, 126129
0.24, 125608
0.24, 123556
0.24, 123228
0.24, 122651
0.26, 120939
0.26, 119266
0.26, 119145
0.26, 116710
0.26, 116687
0.28, 116186
0.29, 115253
0.29, 114587
0.30, 111186
0.30, 110514
0.30, 109794
0.31, 109044
0.31, 106329
0.31, 106028
0.31, 105662
0.35, 104142
0.35, 104077
0.35, 103910
0.35, 103644
0.35, 103452
0.35, 103409
0.35, 102549
0.35, 101142
0.35, 101037
0.36, 99767
0.37, 99609
0.37, 98586
0.37, 98353
0.37, 98244
0.37, 97107
0.38, 94766
0.38, 94175
0.38, 92801
0.38, 92433
0.41, 91240
0.41, 90831
0.41, 89397
0.42, 89333
0.43, 88781
0.44, 87800
0.44, 87315
0.44, 84467
0.46, 82888
0.46, 81868
0.46, 81827
0.48, 81603
0.48, 81101
0.49, 80580
0.49, 80016
0.49, 79354
0.49, 78210
0.49, 78080
0.49, 77737
0.49, 77478
0.49, 77045
0.49, 76906
0.50, 76131
0.50, 76022
0.50, 75862
0.50, 75494
0.51, 75430
0.51, 75413
0.51, 75324
0.51, 75125
0.51, 75071
0.51, 74935
0.51, 74641
0.51, 73632
0.51, 72486
0.54, 71463
0.56, 71432
0.56, 71050
0.56, 69408
0.56, 68941
0.56, 68454
0.56, 68169
0.56, 68081
0.56, 67971
0.56, 67506
0.56, 67198
0.58, 67040
0.58, 66709
0.58, 65763
0.59, 65111
0.59, 64567
0.59, 63697
0.59, 63458
0.59, 63222
0.59, 62671
0.59, 62183
0.59, 61454
0.62, 61155
0.62, 60526
0.63, 60267
0.63, 59326
0.63, 59283
0.63, 58957
0.63, 58442
0.63, 58078
0.67, 58060
0.67, 57923
0.67, 57548
0.67, 57076
0.67, 57005
0.67, 56767
0.69, 56754
0.69, 56735
0.69, 56447
0.69, 56419
0.69, 55644
0.69, 55516
0.69, 55401
0.69, 55335
0.69, 55291
0.69, 55103
0.69, 54706
0.69, 54543
0.70, 54111
0.74, 53905
0.74, 53860
0.74, 53222
0.74, 53217
0.74, 53127
0.79, 53030
0.79, 52967
0.86, 52834
0.87, 52725
0.87, 52643
