0.00, 229082
0.00, 224813
0.00, 222082
0.00, 211353
0.00, 208943
0.00, 206312
0.00, 205069
0.00, 200631
0.00, 199848
0.00, 198770
0.00, 198348
0.00, 194670
0.00, 194027
0.00, 193510
0.00, 182554
0.01, 182184
0.01, 180616
0.01, 177908
0.01, 176590
0.01, 170655
0.01, 170543
0.01, 168120
0.01, 167978
0.01, 161297
0.01, 158811
0.01, 153434
0.05, 153421
0.05, 151607
0.05, 151409
0.05, 149928
0.05, 148500
0.05, 147259
0.11, 145971
0.11, 145833
0.11, 142802
0.15, 140944
0.15, 139890
0.15, 139833
0.15, 139783
0.17, 139716
0.17, 138128
0.17, 136082
0.17, 136053
0.17, 134261
0.17, 133177
0.17, 127654
0.18, 126862
0.22, 126737
0.22, 124444
0.22, 124003
0.24, 122491
0.24, 121244
0.26, 120848
0.26, 120754
0.26, 120323
0.26, 119107
0.26, 117977
0.26, 117817
0.26, 116939
0.26, 115423
0.27, 113381
0.27, 113134
0.27, 112398
0.30, 112320
0.30, 111390
0.30, 109944
0.30, 109398
0.30, 107392
0.30, 106735
0.34, 105746
0.34, 104489
0.35, 104400
0.35, 102762
0.36, 101934
0.36, 100768
0.36, 99487
0.36, 98608
0.39, 97772
0.39, 97454
0.39, 96058
0.39, 95190
0.39, 94583
0.39, 94084
0.39, 93768
0.39, 93569
0.42, 92181
0.42, 90666
0.43, 90528
0.43, 89897
0.43, 89700
0.43, 88980
0.43, 88654
0.43, 88171
0.45, 86231
0.45, 86218
0.45, 86194
0.45, 86180
0.45, 84500
0.45, 83583
0.45, 82835
0.45, 82002
0.45, 81755
0.45, 81107
0.45, 80836
0.45, 80633
0.47, 79992
0.47, 79966
0.47, 79594
0.47, 79242
0.47, 78236
0.47, 77776
0.47, 76890
0.47, 76357
0.47, 76155
0.50, 75668
0.51, 75053
0.51, 74950
0.52, 74753
0.52, 74456
0.53, 73654
0.53, 73305
0.53, 73078
0.53, 72791
0.53, 70483
0.55, 69551
0.55, 69112
0.55, 68633
0.55, 68454
0.55, 68333
0.55, 67521
0.55, 66730
0.57, 66624
0.58, 66559
0.58, 66391
0.58, 65696
0.61, 65334
0.61, 64945
0.61, 64803
0.61, 64768
0.61, 63962
0.61, 62888
0.61, 62787
0.61, 62407
0.61, 62363
0.64, 62071
0.64, 62005
0.64, 61997
0.64, 61778
0.64, 61478
0.64, 60688
0.64, 60033
0.65, 59308
0.65, 58937
0.65, 58269
0.65, 58213
0.65, 57420
0.68, 57118
0.70, 57074
0.70, 56930
0.70, 56606
0.70, 56518
0.70, 55675
0.71, 55162
0.74, 55046
0.75, 54988
0.75, 54698
0.75, 54316
0.77, 53768
0.77, 53720
0.78, 53626
0.80, 53481
0.80, 53374
0.83, 53295
0.83, 53260
0.83, 53193
0.83, 53160
0.91, 52874
0.91, 52850
0.91, 52788
3.07, 52719
3.07, 52657
3.12, 52643
