0.03,223018
0.03,213537
0.03,205470
0.03,200679
0.03,187096
0.03,181744
0.03,171881
0.03,163058
0.03,155221
0.03,152501
0.03,152315
0.03,140719
0.03,143519
0.03,142958
0.03,142397
0.03,133654
0.03,127928
0.03,127569
0.03,123105
0.03,126093
0.03,124003
0.03,122655
0.03,122867
0.03,111373
0.03,111451
0.03,114370
0.03,111194
0.03,106234
0.03,104839
0.03,111747
0.03,115233
0.03,105851
0.03,102812
0.03,99448
0.03,100065
0.03,97176
0.03,97122
0.03,98592
0.03,97872
0.03,100253
0.03,96349
0.03,98104
0.03,97047
0.03,100298
0.03,107570
0.03,109531
0.03,97666
0.03,96497
0.03,96198
0.03,96947
0.03,93858
0.03,88838
0.03,89139
0.03,88438
0.03,86431
0.03,83808
0.03,82411
0.03,85456
0.03,82223
0.03,80329
0.03,81380
0.03,81173
0.03,83467
0.03,79240
0.03,77889
0.03,80806
0.03,78379
0.03,81968
0.03,80990
0.03,80321
0.03,77373
0.03,78237
0.03,75234
0.03,75159
0.03,85817
0.03,81338
0.03,74122
0.03,73903
0.03,73663
0.03,73214
0.03,72834
0.03,72225
0.03,76053
0.03,70883
0.03,70367
0.03,68975
0.03,67760
0.03,68883
0.03,67126
0.03,66318
0.03,67121
0.03,65342
0.03,65507
0.03,65723
0.03,64907
0.03,65465
0.03,64991
0.03,65484
0.03,63730
0.03,62999
0.03,62204
0.03,61371
0.03,63433
0.03,64808
0.03,65055
0.03,65085
0.03,63447
0.03,61795
0.03,62502
0.03,60814
0.03,60073
0.03,59506
0.03,60359
0.03,63301
0.03,64333
0.03,63615
0.03,64909
0.03,67390
0.03,66637
0.03,65409
0.03,65029
0.03,65885
0.03,65041
0.03,67191
0.03,66467
0.03,65533
0.03,64490
0.03,62428
0.03,63455
0.03,65740
0.03,65340
0.03,72761
0.03,67942
0.03,63096
0.03,63017
0.03,61128
0.03,58971
0.03,58408
0.03,59419
0.03,59085
0.03,58919
0.03,61871
0.03,64530
0.03,63237
0.03,62747
0.03,64432
0.03,63712
0.03,64422
0.03,62601
0.03,62783
0.03,63463
0.03,64538
0.03,63637
0.03,61845
0.03,61760
0.03,62305
0.03,62103
0.03,62449
0.03,62270
0.03,70131
0.03,67720
0.03,61489
0.03,59404
0.03,57810
0.03,57292
0.03,56869
0.03,56558
0.03,56247
0.03,55957
0.03,55797
0.03,55655
0.03,56160
0.03,55608
0.03,55599
0.03,55203
0.03,56267
0.03,55147
0.03,54725
