0.01, 231846
0.01, 230403
0.01, 229244
0.01, 224489
0.01, 216746
0.01, 216108
0.01, 216067
0.01, 207028
0.01, 206606
0.01, 205391
0.01, 203630
0.01, 202560
0.01, 198101
0.01, 194328
0.01, 191611
0.01, 190786
0.01, 187834
0.01, 187620
0.01, 180664
0.01, 180562
0.01, 179737
0.01, 179265
0.01, 176721
0.01, 171615
0.01, 171159
0.01, 168753
0.01, 164128
0.01, 163433
0.01, 162784
0.01, 161409
0.01, 160063
0.03, 159958
0.03, 157097
0.03, 156651
0.03, 156490
0.03, 154069
0.03, 154042
0.03, 152650
0.03, 152619
0.03, 152203
0.03, 150750
0.03, 148727
0.06, 147647
0.06, 145273
0.12, 144425
0.13, 144159
0.13, 143835
0.15, 137094
0.15, 136791
0.15, 135920
0.16, 135619
0.19, 134938
0.19, 134076
0.19, 132969
0.19, 132767
0.20, 131787
0.20, 131250
0.22, 130464
0.22, 129508
0.22, 129096
0.22, 128058
0.23, 127590
0.23, 126405
0.23, 125698
0.23, 125084
0.24, 124617
0.24, 122842
0.24, 122538
0.24, 122450
0.24, 116922
0.24, 116560
0.29, 116472
0.29, 116222
0.29, 115652
0.29, 114153
0.29, 113914
0.29, 112438
0.29, 111985
0.31, 111853
0.31, 110116
0.31, 109757
0.31, 109435
0.31, 108618
0.31, 107927
0.31, 107242
0.31, 103306
0.31, 101927
0.31, 101711
0.31, 101640
0.34, 101077
0.34, 101048
0.37, 100886
0.37, 100368
0.37, 98249
0.37, 96356
0.37, 96097
0.37, 94749
0.37, 93349
0.37, 93099
0.37, 93053
0.37, 92628
0.37, 92492
0.37, 91601
0.37, 91045
0.37, 90964
0.42, 89504
0.42, 88828
0.42, 88707
0.44, 88642
0.46, 88355
0.46, 87881
0.46, 86383
0.46, 85963
0.46, 85011
0.46, 83492
0.46, 83050
0.47, 82970
0.47, 82561
0.48, 82554
0.48, 82461
0.48, 82248
0.48, 81918
0.48, 80890
0.48, 80314
0.48, 79687
0.49, 79562
0.49, 79176
0.50, 78908
0.50, 76478
0.52, 76244
0.52, 75619
0.52, 75060
0.52, 75031
0.52, 74620
0.52, 74578
0.52, 74514
0.52, 74368
0.52, 74008
0.52, 73686
0.54, 72063
0.54, 71851
0.55, 70831
0.57, 70718
0.57, 70707
0.57, 70537
0.57, 69546
0.57, 69472
0.57, 69348
0.57, 68444
0.57, 67957
0.58, 67738
0.59, 67504
0.59, 66728
0.59, 66404
0.60, 66334
0.60, 65138
0.60, 65099
0.61, 64542
0.62, 64497
0.62, 64407
0.62, 63420
0.62, 63350
0.62, 62789
0.62, 62498
0.62, 62394
0.64, 62328
0.64, 62216
0.64, 61863
0.64, 61590
0.64, 60382
0.64, 60240
0.64, 59795
0.65, 59558
0.66, 59478
0.67, 59314
0.67, 59235
0.67, 59023
0.67, 58231
0.67, 57634
0.67, 57551
0.68, 57465
0.68, 57172
0.68, 56817
0.68, 56812
0.68, 56522
0.68, 56246
0.68, 55993
0.68, 55963
0.68, 55583
0.70, 55551
0.70, 55352
0.73, 55262
0.73, 55253
0.73, 55144
0.73, 54807
0.73, 54712
0.73, 54432
0.73, 54135
0.77, 53696
0.77, 53610
0.77, 53584
0.77, 53477
0.77, 53371
0.77, 53081
0.78, 53064
0.78, 53029
0.83, 52788
0.85, 52774
3.30, 52719
3.30, 52657
3.30, 52643
