0.00, 206539
0.00, 201894
0.00, 200130
0.00, 198772
0.00, 197487
0.00, 196913
0.00, 195223
0.00, 192421
0.00, 191784
0.00, 191731
0.00, 191460
0.00, 191310
0.00, 189332
0.00, 185769
0.00, 183451
0.01, 183032
0.01, 179206
0.01, 176843
0.01, 176475
0.01, 175351
0.01, 174043
0.01, 171223
0.01, 170008
0.01, 169927
0.01, 168175
0.01, 166984
0.01, 166499
0.01, 164174
0.01, 163727
0.01, 162514
0.01, 162326
0.01, 161434
0.02, 161048
0.02, 158848
0.02, 155844
0.02, 155794
0.02, 155578
0.03, 155165
0.03, 153353
0.04, 152032
0.04, 151648
0.04, 151618
0.04, 147678
0.04, 147297
0.04, 146602
0.05, 146122
0.05, 145459
0.05, 144690
0.05, 144563
0.12, 144541
0.12, 142303
0.13, 141248
0.13, 141101
0.13, 139168
0.13, 138517
0.13, 137454
0.14, 137159
0.14, 136731
0.17, 135972
0.17, 135844
0.17, 135209
0.17, 132971
0.17, 132719
0.21, 130894
0.21, 129655
0.24, 128004
0.24, 127223
0.24, 126651
0.24, 125168
0.25, 124898
0.25, 124379
0.25, 122190
0.25, 121588
0.26, 119845
0.26, 116838
0.26, 115759
0.28, 113963
0.28, 113853
0.28, 111984
0.28, 111952
0.29, 111127
0.29, 110816
0.30, 110735
0.30, 110629
0.31, 110365
0.31, 110265
0.31, 106961
0.31, 106493
0.31, 106194
0.31, 105828
0.32, 102685
0.32, 101688
0.32, 100791
0.32, 99176
0.32, 96823
0.32, 96244
0.32, 95135
0.39, 94552
0.39, 94271
0.39, 94242
0.39, 93972
0.39, 92514
0.40, 92124
0.40, 92001
0.40, 91816
0.40, 90983
0.40, 90615
0.40, 90572
0.40, 90293
0.43, 89620
0.43, 88251
0.43, 87522
0.43, 86943
0.43, 86671
0.43, 85262
0.46, 84729
0.46, 83972
0.46, 83842
0.46, 82970
0.46, 81571
0.48, 81481
0.48, 81368
0.48, 80520
0.48, 76902
0.48, 76888
0.48, 76400
0.48, 75567
0.48, 75521
0.49, 73021
0.49, 72392
0.49, 70904
0.56, 70697
0.56, 70364
0.56, 70013
0.56, 69845
0.56, 69021
0.56, 68544
0.57, 68087
0.57, 66925
0.57, 66801
0.59, 66756
0.59, 66587
0.59, 65645
0.59, 65316
0.59, 64799
0.60, 64350
0.60, 63504
0.61, 63369
0.62, 63290
0.62, 63289
0.62, 63025
0.62, 61066
0.62, 60324
0.62, 59954
0.62, 59615
0.63, 59297
0.63, 59243
0.63, 58676
0.63, 57851
0.65, 57621
0.67, 57495
0.67, 57371
0.67, 56716
0.68, 56617
0.68, 56516
0.68, 56300
0.68, 56255
0.71, 55745
0.72, 55143
0.72, 54850
0.72, 54764
0.72, 54738
0.72, 54718
0.73, 54487
0.74, 54444
0.74, 54229
0.76, 53990
0.77, 53874
0.77, 53870
0.77, 53817
0.77, 53755
0.78, 53460
0.79, 53231
0.79, 53180
0.79, 53165
0.82, 53032
0.82, 52950
0.83, 52916
0.83, 52834
0.86, 52643
