0.00,186138
0.00,174891
0.00,174558
0.00,171078
0.00,165344
0.00,157789
0.00,149962
0.00,143907
0.00,137383
0.00,138698
0.00,132864
0.00,127369
0.00,123243
0.00,122220
0.00,118167
0.00,117151
0.00,113461
0.00,113975
0.00,116240
0.00,118322
0.00,111290
0.00,107524
0.00,109215
0.00,112204
0.00,111364
0.00,110677
0.00,109125
0.00,103465
0.00,99508
0.00,105402
0.00,104064
0.00,101192
0.00,97558
0.00,95248
0.00,97852
0.00,92314
0.00,88469
0.00,98739
0.00,91489
0.00,85319
0.00,82540
0.00,81403
0.00,77259
0.00,77067
0.00,75637
0.00,73858
0.00,74263
0.00,71886
0.00,70595
0.00,70395
0.00,71110
0.00,68462
0.00,68372
0.00,68478
0.00,68090
0.00,68682
0.00,66736
0.00,65555
0.00,64414
0.00,64042
0.00,63406
0.00,64251
0.00,63809
0.00,63648
0.00,62297
0.00,61586
0.00,61275
0.00,61723
0.00,59984
0.00,61776
0.00,62146
0.00,62396
0.00,63548
0.00,63271
0.00,65808
0.00,69965
0.00,73301
0.00,65342
0.00,61799
0.00,60763
0.00,61321
0.00,61243
0.00,60945
0.00,60395
0.00,59937
0.00,60446
0.00,60102
0.00,61487
0.00,58858
0.00,60041
0.00,60879
0.00,60879
0.00,60156
0.00,59508
0.00,60602
0.00,60349
0.00,62110
0.00,65638
0.00,68594
0.00,60214
0.00,59297
0.00,58036
0.00,57459
0.00,57036
0.00,56485
0.00,55520
0.00,55273
0.00,56875
0.00,61271
0.00,64018
0.00,55075
0.00,56171
0.00,60669
0.00,63407
0.00,54753
0.00,55340
0.00,55854
0.00,56543
0.00,58667
0.00,59563
0.00,60405
0.00,58879
0.00,57110
0.00,56249
0.00,57010
0.00,56555
0.00,56073
0.00,56148
0.00,54584
0.00,54494
0.00,54940
0.00,55692
0.00,56348
0.00,57232
0.00,58585
0.00,59458
0.00,58690
0.00,56869
0.00,55511
0.00,54882
0.00,54525
0.00,55621
0.00,60119
0.00,62857
0.00,54203
0.01,54121
0.01,53738
0.01,53688
