0.00, 217769
0.00, 216957
0.00, 216937
0.00, 213661
0.00, 208209
0.00, 203785
0.00, 200672
0.00, 199031
0.00, 197741
0.00, 197520
0.00, 196286
0.00, 193836
0.00, 191853
0.00, 190721
0.00, 183894
0.00, 183163
0.00, 182174
0.00, 178357
0.00, 178340
0.01, 177627
0.01, 173571
0.01, 172502
0.01, 166485
0.01, 166152
0.01, 166043
0.01, 165802
0.01, 165199
0.01, 162173
0.01, 162056
0.01, 160130
0.01, 159620
0.01, 153393
0.01, 152061
0.01, 149887
0.07, 149226
0.07, 148194
0.07, 147960
0.07, 143919
0.08, 143247
0.09, 143057
0.09, 141730
0.09, 139234
0.14, 136111
0.17, 135546
0.17, 134755
0.17, 134720
0.19, 134109
0.19, 132605
0.19, 130054
0.19, 127532
0.19, 124621
0.19, 124345
0.19, 123947
0.21, 123104
0.21, 122252
0.21, 121965
0.21, 120749
0.25, 116276
0.29, 114807
0.30, 114032
0.32, 113565
0.32, 113303
0.32, 113076
0.32, 113002
0.32, 112068
0.32, 111661
0.32, 111456
0.32, 110871
0.32, 109809
0.32, 109021
0.33, 107753
0.33, 107457
0.33, 104877
0.35, 103924
0.35, 101389
0.37, 100265
0.37, 98257
0.37, 97936
0.37, 97852
0.37, 97276
0.37, 95573
0.37, 94664
0.39, 92436
0.40, 92061
0.40, 90686
0.40, 90536
0.40, 90449
0.40, 90348
0.40, 89262
0.40, 88849
0.40, 88160
0.43, 87485
0.43, 87437
0.43, 87110
0.43, 85773
0.43, 85184
0.46, 84795
0.46, 83480
0.47, 81557
0.47, 81340
0.47, 79588
0.47, 78073
0.47, 77909
0.49, 77493
0.49, 77200
0.49, 75157
0.49, 74546
0.49, 73827
0.53, 73494
0.53, 72018
0.54, 71682
0.54, 71564
0.55, 71077
0.56, 70969
0.56, 70876
0.56, 70765
0.56, 69791
0.57, 68572
0.57, 67720
0.57, 66653
0.58, 66039
0.59, 65625
0.59, 65258
0.59, 65152
0.59, 64783
0.61, 64762
0.61, 62834
0.61, 62535
0.61, 62329
0.61, 62152
0.61, 62119
0.61, 61823
0.61, 61578
0.61, 61193
0.62, 60987
0.62, 60885
0.62, 60250
0.62, 60235
0.62, 59961
0.65, 59897
0.65, 59847
0.65, 59647
0.65, 59151
0.65, 58697
0.67, 58674
0.67, 58242
0.67, 58190
0.68, 57979
0.68, 57973
0.68, 57781
0.68, 57766
0.68, 57476
0.68, 57381
0.68, 57226
0.68, 56842
0.68, 56759
0.70, 56562
0.72, 55804
0.72, 55730
0.72, 55380
0.72, 55190
0.72, 54744
0.72, 54505
0.72, 54470
0.73, 54231
0.73, 54112
0.73, 53993
0.73, 53624
0.73, 53619
0.77, 53483
0.78, 53481
0.78, 53446
0.79, 53359
0.79, 53324
0.79, 53217
0.80, 53216
0.80, 53144
0.82, 52875
0.88, 52874
0.89, 52838
0.89, 52803
0.95, 52788
0.96, 52774
1.94, 52765
1.94, 52658
3.18, 52657
4.23, 52643
