0.00, 228804
0.00, 222819
0.00, 222748
0.00, 219263
0.00, 219094
0.00, 214513
0.00, 214387
0.00, 214223
0.00, 208942
0.00, 208698
0.00, 206892
0.00, 205907
0.00, 204578
0.00, 199284
0.00, 194783
0.00, 191925
0.00, 190222
0.00, 189897
0.00, 189016
0.00, 187305
0.01, 186896
0.01, 186873
0.01, 186866
0.01, 186522
0.01, 184513
0.01, 184029
0.01, 182861
0.01, 182827
0.01, 181732
0.01, 175937
0.01, 175865
0.01, 174276
0.01, 173697
0.01, 170557
0.01, 169721
0.01, 169152
0.01, 169127
0.01, 168914
0.01, 163074
0.01, 160634
0.01, 157106
0.01, 156199
0.01, 155535
0.01, 151636
0.01, 150070
0.01, 149908
0.01, 149203
0.01, 146311
0.01, 145305
0.01, 144494
0.01, 140782
0.01, 139525
0.11, 139265
0.11, 138992
0.14, 132065
0.14, 131931
0.17, 131105
0.17, 131104
0.17, 131100
0.17, 129697
0.18, 129466
0.20, 128989
0.20, 128402
0.21, 126297
0.21, 124867
0.21, 122260
0.22, 120751
0.22, 119822
0.22, 117093
0.29, 115649
0.29, 115064
0.29, 114060
0.29, 111650
0.30, 108500
0.30, 106121
0.33, 105710
0.33, 104327
0.33, 104273
0.33, 100194
0.36, 99889
0.36, 99137
0.36, 95843
0.36, 95494
0.37, 93735
0.37, 93083
0.41, 92784
0.41, 92302
0.41, 92187
0.41, 91203
0.43, 89766
0.43, 89341
0.43, 88236
0.44, 87895
0.45, 86984
0.45, 86766
0.45, 86740
0.45, 86063
0.45, 84577
0.45, 84440
0.46, 83491
0.46, 83224
0.46, 83089
0.46, 82947
0.46, 82892
0.47, 82818
0.47, 81384
0.47, 81340
0.48, 80981
0.48, 80124
0.48, 80034
0.48, 79962
0.48, 79848
0.48, 79816
0.49, 79043
0.49, 78004
0.49, 77547
0.49, 77374
0.49, 77369
0.49, 76525
0.49, 75627
0.51, 75552
0.51, 75193
0.51, 73905
0.51, 73156
0.51, 72858
0.52, 72492
0.52, 72172
0.52, 71724
0.52, 70830
0.52, 70790
0.52, 70250
0.56, 69959
0.56, 69196
0.56, 68301
0.56, 67563
0.56, 67066
0.56, 66849
0.59, 65713
0.59, 65411
0.59, 64255
0.59, 64212
0.60, 63438
0.61, 63090
0.61, 62889
0.61, 62888
0.61, 62469
0.61, 62441
0.61, 62437
0.62, 61925
0.63, 61512
0.63, 61449
0.63, 61075
0.63, 60753
0.63, 60613
0.63, 60513
0.63, 60399
0.64, 60383
0.64, 60286
0.64, 59625
0.64, 59603
0.64, 59557
0.64, 58767
0.66, 58586
0.67, 58488
0.67, 58279
0.67, 57708
0.67, 57098
0.69, 57030
0.70, 56410
0.70, 56290
0.70, 56098
0.70, 56057
0.70, 55867
0.70, 55686
0.70, 55597
0.70, 55293
0.72, 54993
0.73, 54734
0.73, 54438
0.73, 54096
0.76, 54083
0.76, 53893
0.79, 53582
0.79, 53567
0.79, 53372
0.79, 53079
0.79, 52824
0.85, 52788
2.06, 52725
2.06, 52643
