0.00,205582
0.00,191350
0.00,189060
0.00,188462
0.00,171638
0.00,164906
0.00,156526
0.00,159830
0.00,154700
0.00,142337
0.00,138897
0.00,147470
0.00,132984
0.00,125652
0.00,121969
0.00,125948
0.00,119664
0.00,116350
0.00,113274
0.00,111146
0.00,114912
0.00,118024
0.00,117090
0.00,115290
0.00,115563
0.00,115394
0.00,115147
0.00,119365
0.00,115645
0.00,113031
0.00,124262
0.00,122116
0.00,110676
0.00,106329
0.00,105594
0.00,105003
0.00,102122
0.00,103238
0.00,105050
0.00,104170
0.00,101988
0.00,100096
0.00,99707
0.00,98072
0.00,101106
0.00,104353
0.00,95881
0.00,94786
0.00,92993
0.00,95218
0.00,95447
0.00,99135
0.00,90498
0.00,88213
0.00,88489
0.00,88061
0.00,95863
0.00,99462
0.00,88855
0.00,88017
0.00,87186
0.00,85527
0.00,85752
0.00,87939
0.00,86372
0.00,84847
0.00,84010
0.00,83233
0.00,83214
0.00,82304
0.00,82365
0.00,83973
0.00,84021
0.00,87006
0.00,88390
0.00,79951
0.00,80749
0.00,79722
0.00,77311
0.00,78136
0.00,75486
0.00,75494
0.00,73376
0.00,73149
0.00,72174
0.00,72390
0.00,69540
0.00,68952
0.00,67712
0.00,69982
0.00,70288
0.00,69897
0.00,70369
0.00,70711
0.00,72044
0.00,74157
0.00,77484
0.00,80270
0.00,79788
0.00,79265
0.00,81048
0.00,85922
0.00,88992
0.00,80113
0.00,76987
0.00,75034
0.00,74920
0.00,74848
0.00,72222
0.00,72486
0.00,70461
0.00,69235
0.00,67495
0.00,66713
0.00,67729
0.00,65523
0.00,65944
0.00,67149
0.00,66713
0.00,67297
0.00,65972
0.00,65319
0.00,64080
0.00,63269
0.00,63212
0.00,62626
0.00,61953
0.00,61386
0.00,60818
0.00,59747
0.00,59226
0.00,58626
0.00,67938
0.00,64483
0.00,58141
0.00,59316
0.00,57585
0.00,56703
0.00,56214
0.00,55890
0.00,55600
0.00,56253
0.00,57430
0.00,57454
0.00,56407
0.00,57899
0.00,59432
0.00,60721
0.00,60931
0.00,58935
0.00,57403
0.00,56501
0.00,56923
0.00,55827
0.00,55887
0.00,55443
0.00,55253
0.00,55176
0.01,55167
