0.00,214570
0.00,206272
0.00,193768
0.00,182692
0.00,177952
0.00,177225
0.00,173884
0.00,166511
0.00,168611
0.00,168896
0.00,171751
0.00,171546
0.00,158172
0.00,157146
0.00,148084
0.00,147612
0.00,145723
0.00,145672
0.00,137509
0.00,134491
0.00,136078
0.00,129722
0.00,128214
0.00,126383
0.00,120739
0.00,126563
0.00,123600
0.00,122187
0.00,118963
0.00,115626
0.00,116689
0.00,119781
0.00,122312
0.00,116519
0.00,124462
0.00,122414
0.00,112510
0.00,107093
0.00,105482
0.00,105318
0.00,108549
0.00,107329
0.00,101307
0.00,98701
0.00,99047
0.00,98373
0.00,98882
0.00,97215
0.00,96636
0.00,97862
0.00,99453
0.00,98101
0.00,97663
0.00,101316
0.00,93299
0.00,91455
0.00,89479
0.00,86887
0.00,84513
0.00,84192
0.00,81952
0.00,79948
0.00,80653
0.00,81388
0.00,81105
0.00,80296
0.00,78622
0.00,77041
0.00,78457
0.00,75233
0.00,73479
0.00,73770
0.00,72136
0.00,70483
0.00,69529
0.00,68884
0.00,68430
0.00,67934
0.00,66962
0.00,66743
0.00,68285
0.00,66043
0.00,66333
0.00,68246
0.00,68075
0.00,64486
0.00,64958
0.00,65203
0.00,64592
0.00,67021
0.00,69734
0.00,71350
0.00,71433
0.00,72334
0.00,73206
0.00,75492
0.00,74608
0.00,74140
0.00,75676
0.00,76220
0.00,75585
0.00,73644
0.00,83222
0.00,82816
0.00,78307
0.00,72685
0.00,69815
0.00,67765
0.00,67573
0.00,63073
0.00,62920
0.00,61689
0.00,61281
0.00,60491
0.00,59971
0.00,59482
0.00,59025
0.00,58575
0.00,58178
0.00,57786
0.00,57496
0.00,58580
0.00,57211
0.00,57461
0.00,56805
0.00,56909
0.00,56641
0.00,56469
0.00,57527
0.00,57871
0.00,57058
0.00,56124
0.00,56216
0.00,56007
0.00,55739
0.00,55593
0.00,55371
0.00,55288
0.00,58052
0.00,57858
0.00,57098
0.00,57422
0.00,60157
0.00,63343
0.00,65145
0.00,57060
0.00,56108
0.00,55233
0.00,58113
0.00,57739
0.00,58278
0.00,58339
0.00,58282
0.00,57101
0.00,57095
0.01,57749
0.01,57526
0.01,56990
0.01,55855
0.01,55137
0.01,55093
0.01,54437
0.01,54227
