0.00,176690
0.00,163794
0.00,161396
0.00,160517
0.00,161516
0.00,156341
0.00,150587
0.00,160807
0.00,153208
0.00,140320
0.00,130756
0.00,130966
0.00,133767
0.00,129497
0.00,130318
0.00,123746
0.00,120759
0.00,118661
0.00,117723
0.00,116223
0.00,116090
0.00,112194
0.00,110967
0.00,111346
0.00,108849
0.00,107018
0.00,105163
0.00,111147
0.00,114255
0.00,104417
0.00,103566
0.00,106609
0.00,102047
0.00,101005
0.00,98379
0.00,97479
0.00,98234
0.00,91922
0.00,91940
0.00,91253
0.00,88503
0.00,86806
0.00,85907
0.00,85716
0.00,84271
0.00,85803
0.00,82304
0.00,81017
0.00,81149
0.00,78602
0.00,76939
0.00,76005
0.00,75924
0.00,77613
0.00,80068
0.00,74732
0.00,74683
0.00,73150
0.00,72313
0.00,72653
0.00,71173
0.00,71046
0.00,72723
0.00,70935
0.00,69574
0.00,70380
0.00,72438
0.00,71046
0.00,71352
0.00,71257
0.00,68282
0.00,67283
0.00,67653
0.00,67752
0.00,68078
0.00,70006
0.00,80111
0.00,74065
0.00,66949
0.00,67373
0.00,69638
0.00,66070
0.00,69971
0.00,64608
0.00,63871
0.00,65439
0.00,65724
0.00,64640
0.00,66384
0.00,65402
0.00,64861
0.00,69013
0.00,72202
0.00,63165
0.00,63828
0.00,61769
0.00,61389
0.00,61012
0.00,60342
0.00,60360
0.00,61662
0.00,59403
0.00,59757
0.00,58736
0.00,57633
0.00,57194
0.00,57458
0.00,56829
0.00,58044
0.00,56505
0.00,60382
0.00,60100
0.00,58968
0.00,57905
0.00,57796
0.00,58805
0.00,60177
0.00,60526
0.00,59149
0.00,57751
0.00,57379
0.00,58394
0.00,58971
0.00,59764
0.00,63885
0.00,66110
0.00,57587
0.00,56893
0.00,59739
0.00,59016
0.00,58132
0.00,58108
0.00,57809
0.00,57666
0.00,56954
0.00,58211
0.00,58927
0.00,60389
0.00,60013
0.00,60248
0.00,59151
0.00,57524
0.00,57298
0.00,56906
0.00,57133
0.00,61177
0.00,56007
0.01,55717
0.01,55492
0.01,55301
0.01,54779
0.01,54633
0.01,54176
0.01,54069
0.01,54932
0.01,55618
0.01,56361
0.01,56843
0.01,58944
0.01,59577
0.01,58202
0.01,56337
0.01,55828
0.01,55975
0.01,55283
0.01,55405
0.01,63754
0.01,53980
0.01,53898
0.01,53817
0.01,53608
0.01,53221
0.01,53200
0.01,52932
