0.01,200019
0.01,186760
0.01,172516
0.01,176625
0.01,163120
0.01,164776
0.01,155467
0.01,142172
0.01,140473
0.01,135447
0.01,129883
0.01,126185
0.01,125812
0.01,124525
0.01,122711
0.01,118370
0.01,116115
0.01,109923
0.01,107592
0.01,107264
0.01,108840
0.01,107362
0.01,107892
0.01,108001
0.01,111178
0.01,115598
0.01,120405
0.01,120819
0.01,111166
0.01,107229
0.01,108050
0.01,108853
0.01,105400
0.01,101667
0.01,97323
0.01,96144
0.01,93347
0.01,91621
0.01,88961
0.01,87015
0.01,88889
0.01,86797
0.01,87251
0.01,94624
0.01,91820
0.01,85465
0.01,84843
0.01,85174
0.01,84403
0.01,84624
0.01,81291
0.01,78753
0.01,78093
0.01,87055
0.01,83924
0.01,79814
0.01,76156
0.01,74355
0.01,72804
0.01,71102
0.01,70643
0.01,71753
0.01,70818
0.01,69174
0.01,69032
0.01,69893
0.01,71628
0.01,69972
0.01,69859
0.01,69460
0.01,68586
0.01,77130
0.01,75380
0.01,70101
0.01,69075
0.01,67005
0.01,67130
0.01,65873
0.01,65064
0.01,63965
0.01,66063
0.01,66497
0.01,68222
0.01,68380
0.01,66340
0.01,65409
0.01,62743
0.01,67848
0.01,70410
0.01,61756
0.01,60486
0.01,62226
0.01,63597
0.01,63237
0.01,63370
0.01,62566
0.01,60237
0.01,59436
0.01,59065
0.01,58435
0.01,58683
0.01,59517
0.01,58825
0.01,57840
0.01,58176
0.01,58464
0.01,59718
0.01,61310
0.01,62291
0.01,59569
0.01,58306
0.01,60782
0.01,63695
0.01,67669
0.01,58680
0.01,57638
0.01,56894
0.01,56954
0.01,56510
0.01,56230
0.01,57832
0.01,62228
0.01,64975
0.01,56032
0.01,58516
0.01,62348
0.01,65324
0.01,56012
0.01,55527
0.01,55437
0.01,55649
0.01,55350
0.01,55082
0.01,54975
0.01,54893
