0.00, 231732
0.00, 223145
0.00, 219590
0.00, 214497
0.00, 212637
0.00, 208025
0.00, 205070
0.00, 201663
0.00, 201485
0.00, 200011
0.00, 195266
0.00, 195228
0.00, 188906
0.00, 188745
0.00, 187506
0.00, 186077
0.00, 181171
0.00, 179689
0.00, 177970
0.00, 177826
0.01, 175707
0.01, 175201
0.01, 172361
0.01, 165615
0.01, 165375
0.01, 159261
0.01, 158742
0.01, 155409
0.02, 155109
0.03, 153254
0.03, 152466
0.04, 150133
0.04, 148336
0.04, 147752
0.09, 146722
0.09, 146443
0.09, 146243
0.11, 143458
0.11, 141718
0.14, 139869
0.14, 139314
0.14, 138828
0.14, 138297
0.15, 138284
0.15, 138155
0.15, 137426
0.15, 136016
0.15, 134514
0.15, 134238
0.15, 133436
0.16, 133009
0.17, 131302
0.17, 131180
0.19, 129180
0.21, 129116
0.21, 126978
0.24, 124833
0.24, 122879
0.24, 118944
0.24, 116830
0.24, 116156
0.29, 114681
0.29, 112825
0.29, 111968
0.29, 109997
0.31, 109532
0.31, 108140
0.34, 108053
0.34, 107712
0.34, 106771
0.34, 106477
0.35, 105788
0.35, 104008
0.35, 103591
0.35, 102856
0.36, 102853
0.36, 102458
0.36, 102445
0.36, 100221
0.36, 98055
0.36, 97675
0.36, 97664
0.36, 97621
0.36, 96675
0.36, 96090
0.38, 95421
0.38, 95193
0.38, 94611
0.39, 93658
0.39, 92654
0.39, 91859
0.39, 91671
0.39, 90215
0.39, 89201
0.42, 87212
0.43, 86866
0.43, 85186
0.43, 84686
0.43, 84655
0.45, 84374
0.45, 83915
0.45, 83828
0.45, 82883
0.45, 82874
0.46, 81514
0.46, 81251
0.46, 81109
0.46, 80503
0.46, 80271
0.49, 79650
0.49, 78992
0.49, 78813
0.49, 78035
0.49, 75785
0.49, 74706
0.52, 74511
0.52, 74475
0.52, 73976
0.52, 73952
0.52, 73247
0.54, 72913
0.54, 72722
0.54, 72018
0.55, 70578
0.55, 70266
0.55, 69645
0.55, 68337
0.55, 67937
0.55, 66882
0.57, 64849
0.58, 64184
0.58, 63217
0.62, 63083
0.62, 62993
0.63, 62102
0.63, 62067
0.63, 61673
0.63, 61584
0.63, 61270
0.63, 61107
0.63, 60474
0.63, 59777
0.63, 59543
0.63, 59060
0.63, 58610
0.65, 58484
0.65, 58230
0.65, 57958
0.65, 57513
0.65, 57350
0.65, 56900
0.65, 56355
0.68, 56287
0.68, 56126
0.68, 55885
0.68, 55711
0.68, 55564
0.69, 55305
0.69, 55121
0.69, 54608
0.69, 54526
0.69, 54332
0.69, 54255
0.72, 54080
0.72, 53976
0.73, 53974
0.73, 53928
0.75, 53917
0.76, 53822
0.76, 53532
0.76, 53475
0.76, 53473
0.76, 53469
0.76, 53387
0.78, 53208
0.81, 52965
0.81, 52950
0.82, 52916
0.82, 52834
0.84, 52719
0.84, 52657
3.19, 52643
