0.00,196581
0.00,197389
0.00,191800
0.00,188495
0.00,196469
0.00,185932
0.00,181074
0.00,170174
0.00,163158
0.00,159816
0.00,158510
0.00,149633
0.00,154037
0.00,144392
0.00,137908
0.00,138842
0.00,137280
0.00,125869
0.00,133129
0.00,122033
0.00,119816
0.00,115722
0.00,109610
0.00,108676
0.00,104493
0.00,105568
0.00,104713
0.00,101747
0.00,106666
0.00,102940
0.00,104237
0.00,104789
0.00,104812
0.00,98960
0.00,98438
0.00,96117
0.00,96993
0.00,97560
0.00,91539
0.00,87575
0.00,84841
0.00,82567
0.00,83831
0.00,95882
0.00,92123
0.00,85065
0.00,83776
0.00,83402
0.00,81298
0.00,82195
0.00,82785
0.00,81270
0.00,78549
0.00,86532
0.00,81716
0.00,78213
0.00,77527
0.00,76379
0.00,74571
0.00,73005
0.00,73064
0.00,71426
0.00,71540
0.00,70119
0.00,73006
0.00,72939
0.00,72246
0.00,74413
0.00,74944
0.00,73543
0.00,73049
0.00,70932
0.00,70999
0.00,69326
0.00,68651
0.00,70196
0.00,72757
0.00,72317
0.00,71372
0.00,69287
0.00,68581
0.00,68686
0.00,68509
0.00,67076
0.00,66686
0.00,65606
0.00,64558
0.00,63562
0.00,62716
0.00,62015
0.00,62483
0.00,62221
0.00,61462
0.00,62949
0.00,65408
0.00,65261
0.00,63998
0.00,64030
0.00,64599
0.00,63548
0.00,73311
0.00,69752
0.00,63678
0.00,61634
0.00,61693
0.00,60717
0.00,62009
0.00,64031
0.00,64164
0.00,63251
0.00,62710
0.00,63069
0.00,61702
0.00,61888
0.00,63106
0.00,71933
0.00,67117
0.00,61067
0.00,61067
0.00,60091
0.00,60569
0.00,61614
0.00,63349
0.00,64118
0.00,64538
0.00,64049
0.00,64404
0.00,66106
0.00,68216
0.00,69653
0.00,69026
0.00,66235
0.00,62794
0.00,61699
0.00,59458
0.00,59118
0.00,58560
0.00,59545
0.00,59312
0.00,59004
0.00,59792
0.01,58806
0.01,59230
0.01,67406
0.01,57927
0.01,57511
0.01,57142
0.01,56852
0.01,57504
0.01,56665
0.01,57259
0.01,56294
0.01,56121
0.01,55746
0.01,55478
