0.00, 219734
0.00, 218238
0.00, 216450
0.00, 213579
0.00, 212063
0.00, 212003
0.00, 209673
0.00, 205935
0.00, 203398
0.00, 203057
0.00, 199119
0.00, 197360
0.00, 197049
0.00, 196354
0.00, 195533
0.00, 194586
0.00, 191014
0.00, 181164
0.00, 178878
0.00, 172984
0.00, 169427
0.00, 163441
0.00, 162454
0.01, 161705
0.01, 159964
0.01, 158798
0.01, 158570
0.02, 154641
0.02, 154273
0.02, 152526
0.04, 151485
0.04, 150634
0.05, 149926
0.07, 147244
0.09, 147200
0.09, 144861
0.11, 144788
0.11, 143773
0.11, 143602
0.12, 141895
0.12, 140654
0.13, 139997
0.13, 138905
0.14, 138562
0.14, 137111
0.14, 137057
0.16, 136757
0.16, 134768
0.17, 132639
0.17, 128787
0.21, 127726
0.22, 125904
0.22, 125636
0.22, 124288
0.22, 124049
0.22, 122009
0.22, 120791
0.24, 118850
0.24, 117490
0.25, 115953
0.25, 110940
0.28, 108470
0.28, 106688
0.31, 104196
0.31, 104079
0.33, 102904
0.34, 101246
0.34, 101227
0.34, 101017
0.38, 100932
0.38, 100797
0.38, 100776
0.38, 99127
0.38, 99060
0.39, 98407
0.39, 97910
0.39, 97777
0.39, 97501
0.39, 97339
0.39, 96301
0.39, 95524
0.39, 95466
0.39, 94718
0.39, 94715
0.39, 94095
0.40, 94052
0.40, 94022
0.40, 93753
0.40, 90667
0.40, 88485
0.40, 86154
0.44, 85424
0.44, 84899
0.44, 84629
0.44, 82154
0.44, 81308
0.44, 80528
0.47, 80421
0.47, 79941
0.49, 79687
0.49, 79552
0.49, 78178
0.49, 77845
0.49, 77595
0.49, 77545
0.49, 75778
0.50, 75240
0.50, 74466
0.50, 74302
0.50, 74011
0.50, 73719
0.50, 73259
0.50, 72598
0.50, 72537
0.52, 72116
0.52, 72028
0.52, 70872
0.54, 70864
0.54, 70709
0.54, 70660
0.54, 69673
0.54, 69228
0.54, 69052
0.54, 68132
0.56, 67619
0.56, 67261
0.56, 66824
0.56, 66742
0.56, 66265
0.56, 65257
0.56, 65240
0.56, 64923
0.56, 64823
0.56, 64109
0.56, 63808
0.59, 63802
0.60, 63464
0.60, 62959
0.62, 62179
0.62, 61950
0.62, 60764
0.63, 60030
0.63, 59703
0.64, 59211
0.64, 58912
0.64, 58699
0.64, 58478
0.64, 58396
0.64, 58288
0.64, 58224
0.64, 57864
0.64, 57751
0.64, 57470
0.64, 57306
0.64, 57261
0.67, 57064
0.67, 56906
0.69, 56722
0.69, 56694
0.69, 56290
0.69, 56251
0.69, 55929
0.69, 55886
0.69, 55872
0.69, 55517
0.71, 55159
0.71, 54946
0.71, 54774
0.71, 54745
0.72, 54221
0.72, 53339
0.77, 53030
0.77, 52982
0.80, 52932
0.81, 52895
0.82, 52658
0.84, 52643
