0.00,179945
0.00,164529
0.00,161609
0.00,146948
0.00,142586
0.00,134300
0.00,134892
0.00,136617
0.00,132154
0.00,129586
0.00,124355
0.00,125285
0.00,126405
0.00,123801
0.00,121239
0.00,121495
0.00,122524
0.00,117734
0.00,112304
0.00,115060
0.00,112009
0.00,107661
0.00,106080
0.00,101220
0.00,101417
0.00,101415
0.00,97622
0.00,94853
0.00,91858
0.00,91367
0.00,87655
0.00,90183
0.00,84967
0.00,84405
0.00,84036
0.00,85030
0.00,96591
0.00,89046
0.00,84143
0.00,83296
0.00,82793
0.00,80682
0.00,79636
0.00,78892
0.00,76408
0.00,75157
0.00,73762
0.00,76009
0.00,77115
0.00,76873
0.00,75438
0.00,75781
0.00,85622
0.00,81252
0.00,75658
0.00,74622
0.00,72341
0.00,71339
0.00,72778
0.00,74958
0.00,74582
0.00,71919
0.00,69437
0.00,77229
0.00,68192
0.00,67317
0.00,66171
0.00,64800
0.00,64408
0.00,64441
0.00,65214
0.00,63826
0.00,62737
0.00,62027
0.00,62541
0.00,63091
0.00,64707
0.00,62522
0.00,62961
0.00,63492
0.00,62518
0.00,62042
0.00,62118
0.00,61546
0.00,62147
0.00,62103
0.00,60441
0.00,60426
0.00,68536
0.00,59181
0.00,58320
0.00,58093
0.00,57504
0.00,58980
0.00,61287
0.00,61388
0.00,59896
0.00,58987
0.00,58592
0.00,58828
0.00,59268
0.00,61134
0.00,60888
0.00,59481
0.00,58899
0.00,58863
0.00,57515
0.00,60591
0.00,63281
0.00,62780
0.00,62260
0.00,60963
0.00,60123
0.00,60274
0.00,60872
0.00,59375
0.00,58167
0.00,59185
0.00,59666
0.00,59982
0.00,59918
0.00,60323
0.00,61623
0.00,61229
0.00,60904
0.00,66770
0.00,69716
0.00,60750
0.00,58588
0.00,56735
0.00,58002
0.00,56960
0.00,56020
0.00,55366
0.00,55552
0.00,55515
0.00,54777
0.00,54727
0.00,55257
0.00,55845
0.00,54281
0.00,53957
0.00,53689
0.00,54276
0.00,54790
0.00,55340
0.00,56956
0.00,58165
0.00,59670
0.00,58700
0.00,56589
0.00,55681
0.00,56943
0.00,56738
0.00,63930
0.00,59728
0.00,53520
0.00,53413
