0.00, 218394
0.00, 215687
0.00, 215682
0.00, 215177
0.00, 215159
0.00, 214510
0.00, 213807
0.00, 213152
0.00, 212818
0.00, 208165
0.00, 204298
0.00, 201927
0.00, 199355
0.00, 196781
0.00, 193531
0.00, 192787
0.00, 189282
0.00, 189279
0.00, 186921
0.00, 183219
0.00, 181872
0.01, 180162
0.01, 179933
0.01, 178007
0.01, 176688
0.01, 165006
0.01, 163633
0.01, 162326
0.01, 159168
0.01, 151523
0.01, 151012
0.01, 150113
0.01, 149933
0.01, 149004
0.02, 147316
0.02, 146725
0.03, 146557
0.03, 146200
0.03, 144453
0.07, 144158
0.07, 143432
0.07, 140994
0.07, 138250
0.07, 138038
0.07, 138017
0.11, 137573
0.11, 135532
0.20, 134819
0.21, 133867
0.21, 133642
0.21, 133361
0.21, 131490
0.21, 131322
0.21, 130326
0.22, 126626
0.22, 126132
0.22, 124800
0.22, 124696
0.22, 124008
0.24, 122494
0.24, 121236
0.26, 119676
0.26, 118790
0.26, 118566
0.27, 118467
0.27, 116161
0.28, 115782
0.29, 114921
0.29, 112709
0.29, 111323
0.29, 111269
0.31, 109940
0.31, 109739
0.31, 108106
0.31, 107705
0.31, 103576
0.31, 103496
0.32, 103090
0.32, 102600
0.34, 99789
0.34, 99724
0.34, 99116
0.36, 97059
0.36, 97044
0.36, 97025
0.36, 95667
0.36, 95477
0.36, 95432
0.40, 95425
0.40, 95275
0.40, 94518
0.40, 92431
0.41, 91925
0.41, 90593
0.41, 89080
0.41, 86794
0.41, 86438
0.41, 83601
0.44, 83188
0.45, 81355
0.46, 81224
0.46, 80750
0.46, 80560
0.46, 80109
0.46, 78190
0.46, 77330
0.46, 77311
0.49, 77144
0.49, 76244
0.51, 76128
0.51, 76082
0.51, 74624
0.51, 74622
0.51, 73187
0.51, 72164
0.51, 71217
0.51, 70307
0.51, 69609
0.54, 69561
0.55, 69259
0.55, 68986
0.55, 68302
0.56, 67974
0.56, 67490
0.56, 67444
0.56, 67293
0.56, 66940
0.57, 66850
0.58, 66517
0.58, 66480
0.58, 65936
0.58, 65880
0.58, 65832
0.58, 65453
0.59, 65290
0.59, 65266
0.59, 64955
0.60, 64241
0.60, 64139
0.60, 64114
0.60, 63541
0.60, 63474
0.61, 63435
0.61, 63195
0.61, 62492
0.61, 62181
0.62, 62092
0.62, 62049
0.62, 61857
0.62, 61513
0.62, 61259
0.62, 60812
0.62, 60771
0.62, 60245
0.62, 59630
0.62, 59330
0.62, 57962
0.67, 57903
0.67, 57450
0.67, 56886
0.67, 56874
0.67, 56532
0.67, 56149
0.69, 55998
0.71, 55579
0.71, 55509
0.72, 54975
0.72, 54707
0.72, 54677
0.74, 54433
0.74, 54301
0.74, 54273
0.74, 54238
0.74, 53948
0.77, 53676
0.77, 53670
0.77, 53588
0.77, 53555
0.78, 53455
0.78, 53335
0.78, 53325
0.78, 53035
0.78, 52953
0.78, 52847
0.78, 52740
0.87, 52658
2.02, 52657
