0.00, 213317
0.01, 211754
0.01, 211530
0.01, 211504
0.01, 209720
0.01, 209691
0.01, 209616
0.01, 209407
0.01, 208438
0.01, 204248
0.01, 201478
0.01, 200848
0.01, 200248
0.01, 198399
0.01, 197402
0.01, 195441
0.01, 191644
0.01, 189714
0.01, 185458
0.01, 185390
0.01, 183352
0.01, 176186
0.01, 175979
0.01, 166911
0.01, 166668
0.01, 165243
0.01, 165132
0.01, 163846
0.01, 163472
0.01, 163027
0.01, 162872
0.01, 159416
0.02, 155345
0.04, 154110
0.04, 153217
0.04, 153130
0.04, 152004
0.04, 150686
0.04, 149610
0.05, 146750
0.05, 146670
0.09, 145459
0.09, 144815
0.09, 144410
0.09, 143881
0.09, 139386
0.09, 138452
0.10, 134529
0.18, 131187
0.20, 130636
0.20, 130330
0.20, 129849
0.20, 127382
0.20, 126437
0.20, 126141
0.20, 125875
0.20, 125581
0.21, 125242
0.23, 123705
0.23, 122732
0.23, 122414
0.23, 121490
0.24, 121398
0.24, 120697
0.25, 120432
0.25, 118814
0.25, 118662
0.25, 117738
0.25, 117066
0.28, 116782
0.28, 115328
0.28, 115079
0.28, 114664
0.28, 112643
0.28, 112566
0.28, 111605
0.28, 111498
0.28, 110215
0.28, 109928
0.29, 109769
0.30, 108938
0.30, 108834
0.30, 107034
0.30, 106693
0.32, 105877
0.33, 105795
0.33, 103324
0.33, 102959
0.33, 98853
0.33, 98240
0.38, 98221
0.39, 98015
0.39, 97542
0.39, 96171
0.39, 95137
0.39, 94154
0.40, 93754
0.40, 92163
0.40, 90469
0.40, 90352
0.41, 90058
0.42, 89681
0.42, 89320
0.42, 88799
0.42, 86927
0.42, 86598
0.42, 86565
0.42, 86039
0.43, 84885
0.43, 84612
0.44, 83923
0.44, 83503
0.44, 83101
0.46, 82728
0.46, 82250
0.46, 80433
0.46, 79630
0.48, 78017
0.48, 77895
0.48, 77614
0.48, 77599
0.50, 77102
0.51, 75719
0.51, 75640
0.51, 75137
0.51, 74527
0.51, 74216
0.51, 74086
0.51, 73073
0.52, 72774
0.52, 72377
0.53, 71796
0.53, 71725
0.53, 71564
0.53, 71535
0.53, 71218
0.53, 70310
0.53, 69457
0.53, 69227
0.53, 69186
0.53, 68959
0.54, 68688
0.54, 68650
0.54, 68429
0.54, 68337
0.54, 67061
0.54, 66671
0.54, 66031
0.56, 66016
0.56, 65683
0.56, 65635
0.57, 65145
0.57, 65026
0.57, 64606
0.57, 64512
0.60, 64196
0.61, 63950
0.61, 63361
0.61, 63177
0.61, 63140
0.61, 63054
0.61, 63053
0.62, 62967
0.62, 62798
0.62, 62032
0.62, 61356
0.62, 61119
0.62, 60283
0.62, 60205
0.62, 59913
0.64, 59876
0.64, 59601
0.64, 59486
0.64, 59255
0.64, 58759
0.64, 58478
0.64, 57896
0.64, 57531
0.64, 57283
0.67, 57234
0.68, 56630
0.68, 56063
0.69, 55804
0.69, 55769
0.69, 55707
0.69, 55278
0.69, 54825
0.69, 54661
0.69, 54299
0.69, 53829
0.69, 53718
0.72, 53680
0.72, 53463
0.76, 53391
0.76, 53287
0.79, 53222
0.79, 53160
0.82, 52838
0.83, 52803
0.83, 52789
3.23, 52657
5.65, 52643
