0.00, 218860
0.00, 212672
0.00, 212647
0.00, 210893
0.00, 206434
0.00, 205494
0.00, 205179
0.00, 197073
0.00, 196822
0.00, 196134
0.00, 195541
0.00, 192309
0.00, 191266
0.00, 180482
0.00, 177126
0.01, 167551
0.01, 167491
0.01, 167347
0.01, 162389
0.01, 161669
0.01, 161638
0.01, 160479
0.01, 159025
0.01, 157799
0.01, 156283
0.01, 155135
0.01, 154388
0.03, 154255
0.03, 153994
0.03, 151331
0.03, 150581
0.06, 141931
0.09, 140889
0.09, 138467
0.09, 131422
0.17, 130265
0.17, 129944
0.17, 129699
0.19, 129321
0.19, 128079
0.19, 124182
0.20, 122324
0.20, 120081
0.20, 116527
0.20, 114978
0.28, 111354
0.28, 109837
0.28, 109698
0.28, 109251
0.32, 106579
0.32, 104776
0.32, 102750
0.32, 100988
0.32, 100566
0.32, 99615
0.32, 98862
0.32, 98419
0.38, 96730
0.38, 95355
0.40, 95122
0.40, 93265
0.40, 91048
0.40, 90559
0.41, 90331
0.41, 89473
0.41, 89460
0.41, 87485
0.43, 87243
0.43, 87161
0.43, 86859
0.43, 86533
0.44, 86432
0.44, 86097
0.44, 84443
0.44, 83327
0.46, 82178
0.46, 82016
0.46, 81146
0.47, 80749
0.48, 79772
0.48, 79729
0.48, 78979
0.49, 78489
0.49, 78344
0.49, 77763
0.49, 77478
0.49, 77137
0.51, 73831
0.51, 73664
0.51, 73235
0.51, 72915
0.52, 72396
0.52, 71561
0.52, 70883
0.52, 70629
0.53, 69652
0.53, 69409
0.53, 68492
0.53, 68433
0.53, 68365
0.53, 66038
0.57, 65985
0.58, 65783
0.58, 64477
0.58, 64203
0.58, 63574
0.60, 63467
0.61, 63067
0.61, 63024
0.61, 62868
0.61, 62676
0.61, 62339
0.61, 62153
0.62, 61954
0.62, 61863
0.63, 61178
0.63, 59836
0.63, 59821
0.63, 59497
0.63, 59363
0.63, 58859
0.66, 58664
0.66, 58557
0.66, 58219
0.66, 57662
0.66, 57254
0.66, 57140
0.69, 57092
0.69, 57020
0.69, 56612
0.69, 56478
0.70, 56274
0.70, 55945
0.70, 54906
0.70, 54611
0.70, 54508
0.70, 54448
0.74, 54422
0.74, 54307
0.74, 54201
0.74, 54166
0.74, 53971
0.74, 53876
0.75, 53766
0.76, 53606
0.77, 53420
0.77, 53358
0.79, 53301
0.79, 53220
0.79, 53078
0.80, 53021
0.80, 52958
0.81, 52764
0.81, 52657
5.73, 52643
