0.00,189208
0.00,176472
0.00,174594
0.00,163901
0.00,147427
0.00,143050
0.00,140018
0.00,142769
0.00,143647
0.00,150209
0.00,153620
0.00,133862
0.00,136591
0.00,131629
0.00,127001
0.00,118661
0.00,121272
0.00,123314
0.00,116705
0.00,117257
0.00,113435
0.00,111207
0.00,111339
0.00,122291
0.00,126075
0.00,116035
0.00,115587
0.00,116294
0.00,117170
0.00,114153
0.00,107702
0.00,106045
0.00,107375
0.00,105251
0.00,106199
0.00,107631
0.00,107273
0.00,103046
0.00,101641
0.00,101062
0.00,102732
0.00,100244
0.00,99837
0.00,102891
0.00,98577
0.00,109113
0.00,105966
0.00,97925
0.00,96791
0.00,92942
0.00,89907
0.00,91230
0.00,91080
0.00,86927
0.00,84248
0.00,84687
0.00,81732
0.00,81305
0.00,78317
0.00,76738
0.00,76697
0.00,77507
0.00,75181
0.00,74977
0.00,74888
0.00,74093
0.00,73881
0.00,72527
0.00,72363
0.00,73248
0.00,73238
0.01,70380
0.01,69278
0.01,70052
0.01,71038
0.01,69289
0.01,69922
0.01,73059
0.01,73191
0.01,72961
0.01,72389
0.01,72824
0.01,76174
0.01,78873
0.01,69606
0.01,67772
0.01,64746
0.01,65132
0.01,63702
0.01,65084
0.01,65572
0.01,67221
0.01,65594
0.01,65627
0.01,64334
0.01,63819
0.01,66128
0.01,64870
0.01,63017
0.01,64044
0.01,69326
0.01,70814
0.01,70904
0.01,70711
0.01,71627
0.01,73524
0.01,74079
0.01,76094
0.01,80851
0.01,82929
0.01,75301
0.01,74165
0.01,71660
0.01,69950
0.01,69113
0.01,66966
0.01,66159
0.01,65925
0.01,65009
0.01,65861
0.01,64261
0.01,62631
0.01,62975
0.01,62321
0.01,63494
0.01,64328
0.01,65598
0.01,64535
0.01,63607
0.01,63027
0.01,68636
0.01,71383
0.01,63171
0.01,60981
0.01,62045
0.01,62261
0.01,60585
0.01,62114
0.01,65777
0.01,69245
0.01,59933
0.01,59053
0.01,58246
0.01,57608
0.01,56973
0.01,56472
0.01,55987
0.01,57751
0.01,56620
0.01,55519
0.01,55156
0.01,54764
0.01,54472
0.01,54518
0.01,54250
0.01,54060
