0.00,208230
0.00,193753
0.00,176437
0.00,166494
0.00,167743
0.00,169440
0.00,161432
0.00,153690
0.00,141518
0.00,135061
0.00,128033
0.00,121743
0.00,122428
0.00,122002
0.00,123626
0.00,117449
0.00,120717
0.00,131382
0.00,127781
0.00,124105
0.00,121438
0.00,115072
0.00,111287
0.00,107417
0.00,105530
0.00,104910
0.00,105411
0.00,107018
0.00,106962
0.00,102971
0.00,103260
0.00,101176
0.00,109232
0.00,104647
0.00,98528
0.00,97509
0.00,92658
0.00,92122
0.00,89003
0.00,94314
0.00,96498
0.00,86573
0.00,87458
0.00,87207
0.00,86912
0.00,84879
0.00,86282
0.00,86888
0.00,85252
0.00,83751
0.00,81554
0.00,85081
0.00,85650
0.00,90586
0.00,92211
0.00,83767
0.00,80541
0.00,82914
0.00,80449
0.00,80666
0.00,81622
0.00,79916
0.00,80426
0.00,78056
0.00,75308
0.00,75316
0.00,73528
0.00,74632
0.00,74859
0.00,78591
0.00,79384
0.00,71013
0.00,72781
0.00,72445
0.00,71211
0.00,72125
0.00,73613
0.00,73565
0.00,71853
0.00,72856
0.00,71984
0.00,72269
0.00,72059
0.00,69990
0.00,68941
0.00,67778
0.00,67877
0.00,69736
0.00,70348
0.00,71072
0.00,69973
0.00,67618
0.00,68032
0.00,67006
0.00,66664
0.00,65302
0.00,64310
0.00,73684
0.00,69882
0.00,63186
0.00,62347
0.00,61579
0.00,61485
0.00,60695
0.00,59919
0.00,59334
0.00,59695
0.00,59794
0.00,61653
0.00,62896
0.00,63039
0.00,61948
0.00,61267
0.00,59619
0.00,58873
0.00,58268
0.00,57635
0.00,57067
0.00,58822
0.00,59559
0.00,58601
0.00,59482
0.00,59998
0.00,59497
0.00,59237
0.00,58786
0.00,58414
0.00,57964
0.00,57828
0.00,58221
0.00,58494
0.00,61280
0.00,62352
0.00,60833
0.00,59002
0.00,58721
0.00,57982
0.00,58377
0.00,62181
0.00,56531
0.00,56027
0.00,55544
0.00,57230
0.00,55433
0.00,55138
0.00,54848
0.00,54658
0.00,54518
