0.01, 215855
0.01, 215531
0.01, 212209
0.01, 211159
0.01, 211050
0.01, 210777
0.01, 210772
0.01, 210471
0.01, 205303
0.01, 204474
0.01, 199244
0.01, 198671
0.01, 193615
0.01, 192337
0.01, 189961
0.01, 176453
0.01, 174275
0.01, 172060
0.01, 171339
0.01, 170911
0.01, 170274
0.01, 169701
0.01, 167901
0.01, 162211
0.01, 161654
0.01, 157161
0.01, 155445
0.01, 154050
0.01, 153138
0.01, 152561
0.01, 150574
0.01, 147295
0.01, 145340
0.01, 144591
0.10, 143729
0.10, 143347
0.11, 143158
0.11, 139972
0.11, 135437
0.19, 133225
0.19, 131015
0.19, 129947
0.19, 129354
0.19, 126181
0.22, 125026
0.25, 125021
0.25, 121505
0.25, 120549
0.25, 118367
0.26, 118182
0.28, 117010
0.29, 112651
0.29, 112558
0.31, 111265
0.31, 111196
0.31, 111005
0.32, 110712
0.32, 110646
0.32, 110645
0.32, 109210
0.32, 109194
0.32, 109061
0.32, 107914
0.33, 107628
0.33, 106320
0.33, 105543
0.33, 105098
0.33, 103566
0.34, 103491
0.34, 102867
0.34, 102751
0.35, 101159
0.35, 99836
0.35, 97153
0.35, 96315
0.37, 95867
0.38, 95746
0.38, 95222
0.38, 94536
0.38, 94352
0.39, 93746
0.39, 92485
0.39, 92483
0.39, 91705
0.39, 91150
0.39, 89798
0.39, 87831
0.39, 87633
0.44, 85859
0.44, 85754
0.44, 85562
0.44, 84349
0.45, 84261
0.45, 84139
0.45, 84108
0.45, 82569
0.45, 82259
0.46, 82015
0.46, 81697
0.46, 81471
0.47, 81359
0.47, 80976
0.47, 80511
0.48, 80268
0.48, 79811
0.48, 79780
0.48, 79702
0.48, 79085
0.49, 78946
0.51, 78049
0.51, 77853
0.51, 77646
0.51, 77265
0.51, 77114
0.51, 76609
0.51, 75324
0.51, 75178
0.52, 74893
0.52, 74595
0.52, 74253
0.52, 73787
0.52, 72852
0.54, 71957
0.54, 70581
0.54, 70175
0.54, 70155
0.54, 69538
0.54, 69003
0.54, 68721
0.54, 68388
0.58, 68232
0.58, 67645
0.58, 66369
0.58, 66142
0.58, 65944
0.58, 65837
0.58, 65834
0.58, 65444
0.58, 64825
0.58, 64806
0.58, 63496
0.58, 63103
0.58, 63002
0.58, 62610
0.58, 62604
0.58, 62483
0.58, 62461
0.58, 61875
0.58, 61277
0.63, 60780
0.63, 60469
0.64, 60459
0.64, 59964
0.65, 59657
0.65, 59619
0.65, 59446
0.65, 58940
0.65, 58550
0.65, 58491
0.66, 58141
0.68, 58034
0.68, 57795
0.68, 57770
0.68, 57306
0.68, 57129
0.68, 56797
0.68, 56032
0.68, 55524
0.68, 55365
0.71, 54996
0.71, 54661
0.71, 54263
0.71, 54036
0.71, 53922
0.71, 53891
0.77, 53823
0.78, 53751
0.78, 53678
0.78, 53615
0.78, 53526
0.78, 53273
0.78, 53166
0.78, 52930
0.78, 52910
0.79, 52909
0.84, 52875
0.90, 52809
0.90, 52774
3.07, 52765
3.08, 52658
5.49, 52657
6.58, 52643
