0.00, 233894
0.00, 232689
0.00, 228805
0.00, 227862
0.00, 227857
0.00, 225279
0.00, 222570
0.00, 221992
0.00, 221704
0.00, 218850
0.00, 218125
0.00, 218033
0.00, 217957
0.00, 215565
0.00, 215410
0.00, 215035
0.00, 211431
0.00, 208787
0.00, 208669
0.00, 207385
0.00, 206449
0.00, 203923
0.00, 203709
0.00, 195408
0.00, 189277
0.00, 188828
0.00, 187223
0.00, 186855
0.00, 186201
0.00, 185064
0.00, 182697
0.00, 178431
0.01, 175232
0.01, 174982
0.01, 172851
0.01, 171748
0.01, 171164
0.01, 170611
0.01, 169878
0.01, 169870
0.01, 169423
0.01, 165140
0.01, 165131
0.01, 164572
0.01, 164209
0.01, 162325
0.01, 161956
0.01, 159998
0.01, 157849
0.03, 154369
0.03, 153865
0.03, 150241
0.03, 150198
0.03, 150069
0.05, 146358
0.08, 142452
0.08, 138279
0.08, 136105
0.08, 132860
0.08, 132674
0.08, 131985
0.20, 131414
0.20, 131224
0.20, 127175
0.20, 125241
0.20, 125195
0.20, 121725
0.22, 118944
0.26, 118846
0.26, 118716
0.26, 118381
0.26, 117790
0.26, 117641
0.26, 116515
0.27, 116397
0.27, 115740
0.28, 115146
0.30, 115142
0.30, 114530
0.31, 114310
0.32, 113356
0.32, 113315
0.32, 111812
0.32, 111185
0.32, 111137
0.32, 110860
0.32, 110824
0.32, 106603
0.33, 104166
0.33, 104120
0.33, 102087
0.35, 101149
0.38, 97695
0.38, 97005
0.38, 96544
0.38, 96519
0.38, 94705
0.38, 93674
0.38, 90908
0.38, 90294
0.38, 90188
0.38, 87107
0.41, 86844
0.41, 86359
0.44, 86329
0.44, 86230
0.44, 84591
0.45, 83489
0.45, 82968
0.45, 82473
0.45, 82121
0.45, 81317
0.45, 81175
0.45, 79158
0.49, 78937
0.49, 78719
0.49, 78551
0.49, 78245
0.49, 77977
0.50, 77843
0.50, 77565
0.51, 76996
0.51, 76875
0.51, 76473
0.51, 76236
0.51, 75735
0.51, 75655
0.51, 75383
0.52, 75195
0.52, 74701
0.52, 74669
0.52, 74568
0.52, 74563
0.52, 73188
0.52, 72713
0.52, 72311
0.53, 71968
0.55, 71163
0.55, 70848
0.55, 70477
0.55, 70205
0.55, 69053
0.55, 68570
0.55, 68460
0.56, 67745
0.56, 67513
0.56, 66935
0.56, 66800
0.56, 66722
0.56, 66336
0.58, 66299
0.58, 66013
0.58, 65980
0.58, 65189
0.58, 65036
0.58, 64881
0.59, 64874
0.59, 63839
0.59, 63486
0.59, 63449
0.59, 63402
0.59, 63343
0.59, 63295
0.59, 63052
0.59, 62868
0.60, 61741
0.60, 61629
0.60, 61289
0.60, 61264
0.60, 60482
0.60, 60119
0.65, 59871
0.65, 59629
0.66, 58984
0.66, 58827
0.66, 58772
0.66, 58158
0.66, 57703
0.66, 57390
0.66, 57327
0.66, 56536
0.67, 56315
0.67, 56093
0.67, 55477
0.67, 55155
0.67, 54876
0.67, 54857
0.74, 54850
0.74, 54808
0.74, 54672
0.75, 54632
0.75, 54556
0.75, 54134
0.76, 53898
0.76, 53825
0.76, 53670
0.76, 53618
0.76, 53602
0.76, 53334
0.80, 53246
0.80, 53242
0.80, 53169
0.82, 53069
0.83, 52860
0.84, 52774
0.86, 52740
0.86, 52658
0.96, 52657
3.09, 52643
