0.00,229707
0.00,217176
0.00,204725
0.00,201264
0.00,189490
0.00,175867
0.00,166520
0.00,164609
0.00,148839
0.00,142798
0.00,138942
0.00,139618
0.00,135855
0.00,134790
0.00,136786
0.00,139195
0.00,131030
0.00,129874
0.00,141094
0.00,132358
0.00,124928
0.00,119980
0.00,121837
0.00,121096
0.00,121287
0.00,120867
0.00,121708
0.00,117836
0.00,115272
0.00,117556
0.00,123652
0.00,117958
0.00,113201
0.00,113951
0.00,112669
0.00,114011
0.00,113026
0.00,112248
0.00,109590
0.00,102610
0.00,100368
0.00,97991
0.00,96679
0.00,95449
0.00,95720
0.00,98513
0.00,97220
0.00,100450
0.00,104122
0.00,105599
0.00,104846
0.00,103851
0.00,102212
0.00,100453
0.00,101483
0.00,93301
0.00,91529
0.00,90677
0.00,90263
0.00,87153
0.00,88914
0.00,87284
0.00,87342
0.00,82914
0.00,84318
0.00,93263
0.00,89087
0.00,84627
0.00,77621
0.00,78661
0.00,79540
0.00,80155
0.00,78868
0.00,77529
0.00,77508
0.00,75289
0.00,75621
0.00,74586
0.00,71934
0.00,70679
0.00,69005
0.00,67842
0.00,68323
0.00,66784
0.00,65606
0.00,67297
0.00,66926
0.00,64611
0.00,68898
0.00,63828
0.00,63106
0.00,62473
0.00,63666
0.00,66244
0.00,66228
0.00,62939
0.00,62089
0.00,62238
0.00,61441
0.00,61008
0.00,60007
0.00,59439
0.00,59253
0.00,62414
0.00,65268
0.00,66589
0.00,68875
0.00,68816
0.00,68765
0.00,66712
0.00,66406
0.00,67668
0.00,68857
0.00,73005
0.00,76912
0.00,79410
0.00,72828
0.00,73053
0.00,71293
0.00,68860
0.00,67230
0.00,65724
0.00,64969
0.00,64321
0.00,64176
0.00,63305
0.00,60670
0.00,58686
0.00,58201
0.00,59004
0.00,59719
0.00,60110
0.01,57795
0.01,58370
0.01,56968
0.01,59155
0.01,58302
0.01,58840
0.01,57646
0.01,58949
0.01,60498
0.01,60676
0.01,60315
0.01,60439
0.01,59103
0.01,57555
0.01,57417
0.01,57992
0.01,56590
0.01,56196
0.01,55928
0.01,55706
0.01,55335
0.01,54733
0.01,54280
0.01,53841
0.01,55101
0.01,57597
0.01,57650
0.01,58939
0.01,59149
0.01,57627
0.01,56603
0.01,54879
0.01,54858
0.01,54266
0.01,53661
0.01,54467
0.01,54899
0.01,55729
0.01,57278
0.01,57456
0.01,57095
0.01,57219
0.01,55883
0.01,54335
0.01,54197
0.01,54772
0.01,53370
