0.00,217872
0.00,206436
0.00,203170
0.00,194119
0.00,189615
0.00,188701
0.00,180425
0.00,176887
0.00,180404
0.00,171999
0.00,162233
0.00,153788
0.00,153790
0.00,145141
0.00,139748
0.00,141612
0.00,139317
0.00,133349
0.00,131802
0.00,132731
0.00,122366
0.00,125555
0.00,120310
0.00,123350
0.00,131635
0.00,134330
0.00,120933
0.00,118624
0.00,118687
0.00,120331
0.00,120426
0.00,115603
0.00,110633
0.00,110404
0.00,109876
0.00,110958
0.00,107984
0.00,112403
0.00,109791
0.00,107309
0.00,123258
0.00,120369
0.00,114303
0.00,110344
0.00,108483
0.00,108654
0.00,102709
0.00,102904
0.00,103343
0.00,96570
0.00,97575
0.00,91947
0.00,90226
0.00,87760
0.00,87087
0.00,85746
0.00,83960
0.00,84093
0.00,82499
0.00,79758
0.00,78391
0.00,78199
0.00,80230
0.00,80300
0.00,78819
0.00,77487
0.00,75594
0.00,74863
0.00,74828
0.00,73728
0.00,83858
0.00,81944
0.00,78300
0.00,78330
0.00,75584
0.00,75851
0.00,76068
0.00,77410
0.00,76722
0.00,75247
0.00,73121
0.00,70663
0.00,71715
0.00,71531
0.00,70889
0.00,69368
0.00,69172
0.00,69566
0.00,68865
0.00,69844
0.00,70746
0.00,78032
0.00,75476
0.00,70676
0.00,69277
0.00,71085
0.00,68104
0.00,67831
0.00,68793
0.00,67481
0.00,68996
0.00,71199
0.00,74348
0.00,73889
0.00,71454
0.00,71015
0.00,71015
0.00,68956
0.00,68807
0.00,70015
0.00,69851
0.00,69136
0.00,67262
0.01,67014
0.01,67085
0.01,66926
0.01,66273
0.01,65101
0.01,65594
0.01,64763
0.01,64253
0.01,65430
0.01,64818
0.01,64605
0.01,64055
0.01,65677
0.01,67650
0.01,65899
0.01,65873
0.01,64135
0.01,64545
0.01,64703
0.01,65012
0.01,63727
0.01,62884
0.01,62060
0.01,63319
0.01,65006
0.01,66482
0.01,63492
0.01,62234
0.01,61286
0.01,60509
0.01,59942
0.01,59375
0.01,58807
0.01,59469
0.01,60064
0.01,59469
0.01,58596
0.01,58003
0.01,59973
0.01,61506
0.01,62795
0.01,61343
0.01,58752
0.01,58106
0.01,58202
0.01,58106
0.01,58227
0.01,57450
0.01,56799
0.01,56391
0.01,56035
0.01,55643
0.01,55215
0.01,54916
0.01,54648
0.01,54569
0.01,54276
0.01,54209
0.01,54161
