0.00,214894
0.00,199589
0.00,188216
0.00,173582
0.00,164375
0.00,149218
0.00,135540
0.00,131022
0.00,129342
0.00,127525
0.00,127365
0.00,129692
0.00,127890
0.00,121090
0.00,117130
0.00,111773
0.00,115272
0.00,113169
0.00,104283
0.00,104404
0.00,107009
0.00,105864
0.00,108496
0.00,110157
0.00,108042
0.00,108103
0.00,108634
0.00,107959
0.00,113827
0.00,109844
0.00,103350
0.00,101874
0.00,98372
0.00,100046
0.00,97885
0.00,94091
0.00,90662
0.00,87962
0.00,89453
0.00,90210
0.00,89701
0.00,87013
0.00,85023
0.00,86212
0.00,91063
0.00,89784
0.00,90486
0.00,88575
0.00,86730
0.00,84503
0.00,84620
0.00,84869
0.00,85639
0.00,86767
0.00,85450
0.00,81236
0.00,79472
0.00,81903
0.00,81091
0.00,77236
0.00,76242
0.00,77033
0.00,76664
0.00,75563
0.00,73738
0.00,75178
0.00,77744
0.00,78223
0.00,75219
0.00,73679
0.00,74111
0.00,74916
0.00,73861
0.00,72081
0.00,73385
0.00,74837
0.00,74606
0.00,72261
0.00,70709
0.00,69532
0.00,68925
0.00,67717
0.00,66575
0.00,65742
0.00,68129
0.00,67613
0.00,66732
0.00,66341
0.00,64598
0.00,65589
0.00,65718
0.00,65878
0.00,65251
0.00,63987
0.00,62959
0.00,64317
0.00,63315
0.00,63386
0.00,63382
0.00,64069
0.00,65034
0.00,64842
0.00,61554
0.00,62815
0.00,64819
0.00,63429
0.00,62641
0.00,61143
0.00,61899
0.00,61625
0.00,62322
0.00,63263
0.00,63986
0.00,61541
0.00,59878
0.00,59117
0.00,59847
0.00,60990
0.00,61468
0.00,62314
0.00,62196
0.00,62139
0.00,61147
0.00,60470
0.00,59039
0.00,61815
0.00,61175
0.00,62540
0.00,63089
0.00,63048
0.00,62839
0.00,63359
0.00,63835
0.00,62836
0.00,60637
0.00,59066
0.00,59982
0.00,58133
0.00,57098
0.00,56613
0.00,56404
0.01,55951
0.01,56759
0.01,59479
0.01,59932
0.01,58534
0.01,57410
0.01,56030
0.01,56765
0.01,58384
0.01,59540
0.01,59524
0.01,57258
0.01,55602
0.01,54776
0.01,54508
0.01,54638
0.01,55269
0.01,55023
0.01,54425
0.01,54702
0.01,54109
0.01,53890
0.01,53823
0.01,53775
0.01,53729
