0.04, 219232
0.04, 219054
0.04, 218366
0.04, 218243
0.04, 216313
0.04, 214687
0.04, 212382
0.04, 210914
0.04, 207269
0.04, 207063
0.04, 206894
0.04, 206558
0.04, 206537
0.04, 206167
0.04, 202613
0.04, 202048
0.04, 200466
0.04, 198629
0.04, 198400
0.04, 196603
0.04, 195714
0.04, 192013
0.04, 188644
0.04, 185555
0.04, 184969
0.04, 184814
0.04, 182757
0.04, 181040
0.04, 179928
0.04, 176879
0.04, 176198
0.04, 174875
0.04, 173280
0.04, 171490
0.04, 171325
0.04, 167647
0.04, 166370
0.04, 164267
0.04, 163941
0.04, 163873
0.04, 163294
0.04, 160723
0.04, 159617
0.05, 155684
0.05, 152765
0.07, 151718
0.07, 146616
0.07, 146085
0.10, 145165
0.10, 143285
0.10, 143203
0.12, 142810
0.12, 142426
0.14, 140593
0.14, 139399
0.14, 138200
0.19, 133183
0.19, 131578
0.22, 127653
0.22, 126370
0.22, 125300
0.26, 125012
0.27, 124782
0.27, 123909
0.27, 123195
0.28, 122537
0.28, 122477
0.28, 122444
0.28, 117318
0.28, 116758
0.28, 116654
0.28, 115993
0.28, 115564
0.28, 113998
0.28, 111331
0.33, 109379
0.33, 109085
0.33, 106787
0.35, 106777
0.35, 104282
0.38, 103847
0.38, 103534
0.38, 103397
0.38, 103276
0.38, 102665
0.38, 101589
0.38, 101455
0.38, 101310
0.38, 100378
0.38, 100281
0.38, 99666
0.38, 98118
0.38, 96993
0.38, 96675
0.38, 94889
0.38, 94063
0.42, 92965
0.42, 89569
0.44, 89557
0.44, 88824
0.47, 88120
0.47, 87195
0.47, 86085
0.47, 86038
0.47, 85397
0.48, 84928
0.48, 83702
0.48, 83114
0.48, 82196
0.48, 82025
0.48, 81957
0.49, 81885
0.49, 81663
0.49, 81602
0.49, 81286
0.49, 80246
0.49, 80152
0.50, 80097
0.50, 79009
0.55, 78085
0.55, 76544
0.56, 76522
0.56, 75679
0.56, 75339
0.56, 72048
0.56, 71698
0.56, 71434
0.59, 70728
0.59, 70415
0.59, 69933
0.60, 69928
0.61, 69173
0.61, 69050
0.61, 68371
0.61, 67338
0.61, 66851
0.61, 66822
0.62, 66691
0.62, 66551
0.63, 66494
0.63, 66390
0.63, 66105
0.63, 65980
0.63, 65791
0.63, 65688
0.63, 65401
0.63, 65176
0.63, 65173
0.65, 64810
0.65, 64236
0.65, 63445
0.65, 63220
0.65, 62775
0.65, 62579
0.66, 62489
0.66, 62223
0.66, 62132
0.67, 61994
0.67, 61703
0.67, 61203
0.67, 60847
0.68, 60834
0.68, 60368
0.68, 59872
0.68, 59826
0.68, 59297
0.68, 59280
0.68, 59259
0.68, 58854
0.69, 58608
0.69, 58365
0.69, 58282
0.69, 57603
0.69, 57080
0.69, 57012
0.73, 56873
0.73, 56824
0.74, 56398
0.74, 55985
0.74, 55561
0.74, 55250
0.74, 54861
0.76, 54651
0.76, 54569
0.77, 54516
0.77, 54382
0.77, 54160
0.78, 53743
0.78, 53421
0.78, 53314
0.88, 53185
0.88, 52826
0.88, 52657
0.96, 52643
