0.00,177407
0.00,172444
0.00,160695
0.00,153321
0.00,150817
0.00,151810
0.00,140326
0.00,140024
0.00,132773
0.00,127454
0.00,127278
0.00,122381
0.00,120412
0.00,114766
0.00,108622
0.00,115568
0.00,108511
0.00,106471
0.00,109220
0.00,106203
0.00,105287
0.00,103242
0.00,101532
0.00,102759
0.00,97965
0.00,95654
0.00,94441
0.00,92973
0.00,89958
0.00,89877
0.00,88062
0.00,87551
0.00,84957
0.00,81687
0.00,82431
0.00,80502
0.00,78234
0.00,79271
0.00,78725
0.00,78548
0.00,77723
0.00,76712
0.00,76572
0.00,75481
0.00,74031
0.00,75288
0.00,73728
0.00,73228
0.00,72433
0.00,72706
0.00,76125
0.00,77156
0.00,76635
0.00,75540
0.00,75809
0.00,75803
0.00,74410
0.00,73439
0.00,74448
0.00,75946
0.00,78374
0.00,78661
0.00,75809
0.00,74985
0.00,80823
0.00,87074
0.00,76881
0.00,74266
0.00,71838
0.00,70703
0.00,69564
0.00,71328
0.00,70769
0.00,71617
0.00,75265
0.00,76713
0.00,68089
0.00,68415
0.00,67243
0.00,66611
0.00,65041
0.00,66384
0.00,66867
0.00,68419
0.00,68435
0.00,65830
0.00,65409
0.00,65123
0.00,65805
0.00,65240
0.00,66004
0.00,66520
0.00,66247
0.00,69301
0.00,64058
0.00,66859
0.00,64784
0.00,64187
0.00,63084
0.00,64427
0.00,64910
0.00,66462
0.00,66478
0.00,63873
0.00,63452
0.00,63166
0.00,63848
0.00,63283
0.00,64047
0.00,64563
0.00,64290
0.00,67344
0.00,62101
0.00,61261
0.00,60528
0.00,62514
0.00,64824
0.00,66415
0.00,65576
0.00,63414
0.00,63679
0.00,64177
0.00,65927
0.00,66304
0.00,66194
0.00,64753
0.00,63593
0.00,65383
0.00,64335
0.01,63280
0.01,62757
0.01,63549
0.01,64039
0.01,64738
0.01,75868
0.01,70342
0.01,62121
0.01,62119
0.01,61435
0.01,59869
0.01,60953
0.01,61011
0.01,60035
0.01,60259
0.01,60508
0.01,61955
0.01,63689
0.01,64562
0.01,62283
0.01,60760
0.01,60323
0.01,59631
0.01,59037
0.01,58453
0.01,57936
0.01,57982
0.01,56865
0.01,56445
0.01,58131
0.01,55754
0.01,55529
0.01,55310
0.01,55491
0.01,54652
0.01,54554
0.01,53987
0.01,53708
0.01,53601
0.01,53580
0.01,53312
