0.00,209637
0.00,212274
0.00,194178
0.00,173515
0.00,169184
0.00,170206
0.00,177613
0.00,176378
0.00,158473
0.00,155066
0.00,144780
0.00,140104
0.00,137059
0.00,130992
0.00,130325
0.00,134059
0.00,130940
0.00,128632
0.00,130249
0.00,128124
0.00,120503
0.00,118452
0.00,112196
0.00,107610
0.00,115454
0.00,121383
0.00,114626
0.00,110023
0.00,108041
0.00,108283
0.00,102269
0.00,104359
0.00,107638
0.00,102051
0.00,105364
0.00,104766
0.00,100286
0.00,99615
0.00,99660
0.00,97991
0.00,96415
0.00,96445
0.00,98119
0.00,99605
0.00,96550
0.00,91726
0.00,88646
0.00,92535
0.00,94494
0.00,93220
0.00,92154
0.00,92120
0.00,90249
0.00,90161
0.00,93601
0.00,92010
0.00,87277
0.00,84046
0.00,83579
0.00,84510
0.00,85991
0.00,82801
0.00,80387
0.00,79883
0.00,79857
0.00,79533
0.00,80466
0.00,79265
0.00,78896
0.00,76928
0.00,75738
0.00,79790
0.00,80617
0.00,78187
0.00,79560
0.00,75967
0.00,74526
0.00,73201
0.00,72772
0.00,73638
0.00,72618
0.00,75721
0.00,71156
0.00,70855
0.00,69713
0.00,71853
0.00,74034
0.00,72212
0.00,71615
0.00,73522
0.00,74388
0.00,74521
0.00,74317
0.00,74150
0.00,71388
0.00,73865
0.00,70645
0.00,72168
0.00,67810
0.00,66289
0.00,65181
0.00,64185
0.00,63213
0.00,62254
0.00,61602
0.00,62652
0.00,63010
0.00,64534
0.00,64667
0.00,63944
0.00,61391
0.00,62684
0.00,65233
0.00,68549
0.00,70622
0.00,60481
0.00,59852
0.00,59235
0.00,58667
0.00,60085
0.00,58311
0.00,61532
0.00,56967
0.00,56674
0.00,56249
0.00,55839
0.00,57525
0.00,55148
0.00,54880
0.00,54740
0.00,54690
0.00,54647
0.00,54614
