0.01, 183147
0.01, 181419
0.01, 180703
0.01, 180603
0.01, 179905
0.01, 179377
0.01, 179061
0.01, 178665
0.01, 178627
0.01, 178236
0.01, 175568
0.01, 175133
0.01, 174874
0.01, 170093
0.01, 168281
0.01, 167701
0.02, 166871
0.02, 166141
0.02, 166063
0.02, 161927
0.02, 161670
0.02, 158706
0.02, 154801
0.03, 153520
0.03, 150289
0.03, 149959
0.03, 142883
0.06, 140237
0.07, 139943
0.11, 139491
0.15, 138083
0.16, 137129
0.16, 134781
0.16, 131930
0.18, 128248
0.23, 128197
0.23, 127671
0.23, 125660
0.24, 125329
0.24, 125144
0.24, 124223
0.24, 123819
0.25, 123756
0.26, 121650
0.26, 121160
0.26, 121144
0.26, 118460
0.27, 113732
0.28, 113060
0.31, 111620
0.31, 111374
0.32, 109774
0.32, 109353
0.32, 106578
0.32, 99778
0.32, 98944
0.37, 97881
0.37, 97409
0.37, 97315
0.37, 96758
0.37, 96249
0.37, 95212
0.40, 94715
0.40, 93433
0.41, 92618
0.42, 90844
0.43, 87754
0.43, 87035
0.43, 86939
0.45, 86763
0.46, 86088
0.46, 85802
0.46, 85291
0.46, 84986
0.46, 84023
0.46, 83572
0.46, 81770
0.46, 81240
0.46, 81128
0.46, 80287
0.46, 80210
0.46, 80031
0.46, 79136
0.46, 78777
0.46, 78682
0.46, 77901
0.50, 77777
0.50, 77360
0.50, 76295
0.50, 75295
0.50, 75099
0.50, 74254
0.50, 73958
0.50, 73179
0.50, 72097
0.50, 71516
0.50, 71376
0.50, 70934
0.50, 70722
0.50, 70124
0.50, 68814
0.50, 67842
0.57, 67761
0.57, 67727
0.57, 67598
0.57, 67333
0.58, 66801
0.58, 65964
0.58, 65887
0.58, 65766
0.60, 65623
0.60, 65402
0.60, 65359
0.60, 64368
0.61, 64360
0.63, 64277
0.63, 64164
0.63, 64067
0.63, 63997
0.63, 63253
0.63, 63229
0.63, 62793
0.63, 62449
0.63, 62152
0.64, 62100
0.64, 61608
0.64, 60970
0.64, 60396
0.64, 60370
0.65, 60111
0.65, 60012
0.65, 59839
0.65, 59341
0.65, 59200
0.65, 59090
0.65, 58917
0.65, 58582
0.65, 57782
0.65, 57384
0.65, 56726
0.65, 56343
0.70, 56062
0.70, 55668
0.70, 55586
0.70, 55169
0.70, 55150
0.70, 54536
0.74, 54521
0.74, 53791
0.76, 53785
0.76, 53147
0.76, 53112
0.76, 53064
0.83, 52917
0.83, 52739
2.05, 52658
2.21, 52657
4.19, 52643
