0.01, 221623
0.01, 221282
0.01, 219204
0.01, 214644
0.01, 214416
0.01, 214286
0.01, 213424
0.01, 213079
0.01, 212964
0.01, 212819
0.01, 212158
0.01, 212061
0.01, 203853
0.01, 202999
0.01, 201642
0.01, 197879
0.01, 192086
0.01, 191439
0.01, 191256
0.01, 191179
0.01, 183770
0.01, 183678
0.01, 182606
0.01, 181550
0.01, 180901
0.01, 170963
0.01, 168361
0.01, 167235
0.01, 166207
0.01, 166133
0.01, 166020
0.01, 165444
0.01, 165231
0.01, 161683
0.01, 158257
0.01, 157489
0.03, 156800
0.03, 151188
0.03, 144110
0.13, 143542
0.13, 139298
0.13, 136835
0.13, 135473
0.15, 135205
0.15, 133342
0.15, 132837
0.15, 132756
0.16, 130421
0.16, 128064
0.22, 126870
0.22, 126275
0.25, 124642
0.25, 121031
0.25, 120777
0.25, 118282
0.27, 116924
0.28, 116258
0.29, 113867
0.29, 112344
0.30, 111137
0.30, 110385
0.30, 105613
0.30, 105556
0.32, 103549
0.32, 102738
0.32, 100774
0.32, 99859
0.32, 99698
0.37, 98918
0.37, 98836
0.37, 97763
0.39, 97316
0.39, 97051
0.39, 96454
0.39, 96038
0.39, 95946
0.39, 95195
0.40, 95039
0.40, 94087
0.41, 94036
0.41, 93776
0.41, 93580
0.41, 92891
0.41, 92651
0.41, 91961
0.42, 90696
0.42, 89282
0.43, 89182
0.43, 88690
0.43, 87845
0.44, 87430
0.44, 86338
0.44, 85486
0.44, 84975
0.44, 84385
0.44, 83396
0.44, 83009
0.44, 82676
0.44, 80714
0.47, 80697
0.47, 79757
0.47, 79624
0.47, 79312
0.48, 77900
0.50, 77492
0.50, 77215
0.50, 77201
0.50, 76896
0.51, 76183
0.51, 76173
0.51, 75484
0.53, 75364
0.53, 75243
0.53, 75015
0.53, 74468
0.53, 74434
0.53, 73990
0.53, 73565
0.53, 72971
0.53, 72915
0.53, 72465
0.53, 72078
0.54, 71845
0.54, 70804
0.55, 69519
0.55, 68740
0.55, 67949
0.57, 65969
0.57, 65437
0.58, 65157
0.58, 64995
0.58, 64897
0.58, 64554
0.58, 64118
0.58, 63106
0.62, 63029
0.62, 63004
0.62, 62196
0.62, 62194
0.62, 62087
0.62, 61376
0.62, 61338
0.62, 61200
0.64, 60695
0.64, 60090
0.64, 60077
0.64, 58939
0.64, 58876
0.64, 58872
0.64, 58826
0.67, 57655
0.67, 57548
0.67, 57219
0.67, 57044
0.67, 56677
0.67, 56160
0.67, 55872
0.67, 55486
0.68, 55426
0.72, 55237
0.73, 55174
0.73, 55034
0.73, 54957
0.73, 54198
0.75, 54113
0.75, 54026
0.76, 53493
0.76, 53472
0.78, 53344
0.78, 53288
0.79, 52848
2.09, 52841
2.09, 52779
2.09, 52672
2.12, 52657
5.51, 52643
