0.01,202383
0.01,205698
0.01,194091
0.01,181548
0.01,174203
0.01,174372
0.01,158906
0.01,156190
0.01,160684
0.01,149381
0.01,154040
0.01,148225
0.01,146396
0.01,137900
0.01,131029
0.01,131740
0.01,128698
0.01,132426
0.01,127938
0.01,129440
0.01,128574
0.01,135835
0.01,141204
0.01,138728
0.01,122819
0.01,126326
0.01,124803
0.01,120761
0.01,117199
0.01,109452
0.01,105608
0.01,101627
0.01,103203
0.01,108050
0.01,109954
0.01,109220
0.01,109455
0.01,106225
0.01,105258
0.01,102956
0.01,99397
0.01,100605
0.01,102275
0.01,104652
0.01,104276
0.01,103987
0.01,103759
0.01,102883
0.01,99664
0.01,99649
0.01,100156
0.01,99078
0.01,98241
0.01,97799
0.01,101550
0.01,98972
0.01,99208
0.01,93915
0.01,92241
0.01,90374
0.01,90244
0.01,85478
0.01,84119
0.01,81566
0.01,82000
0.01,78462
0.01,78826
0.01,80006
0.01,79992
0.01,77528
0.01,76574
0.01,78229
0.01,77510
0.01,77121
0.01,75180
0.01,73080
0.01,73820
0.01,70332
0.01,68914
0.01,70574
0.01,70808
0.01,75188
0.01,75839
0.01,77629
0.01,81768
0.01,89585
0.01,86696
0.01,82052
0.01,79837
0.01,80204
0.01,81076
0.01,77684
0.01,76568
0.01,75899
0.01,76240
0.01,77260
0.01,74461
0.01,73820
0.01,73605
0.01,71817
0.01,70010
0.01,69885
0.01,68311
0.01,67317
0.01,67128
0.01,66995
0.01,66078
0.01,66813
0.01,68872
0.01,69401
0.01,70365
0.01,67496
0.01,65885
0.01,65414
0.01,69344
0.01,69354
0.01,70333
0.01,78460
0.01,72587
0.01,65211
0.01,65614
0.01,63712
0.01,63326
0.01,63211
0.01,62389
0.01,61623
0.01,64812
0.01,60863
0.01,64949
0.01,59416
0.01,59253
0.01,58593
0.01,58327
0.01,58159
0.01,57530
0.01,57386
0.01,60151
0.01,62464
0.01,63464
0.01,63719
0.01,64924
0.01,65082
0.01,65727
0.01,66872
0.01,69465
0.01,71652
0.01,74868
0.01,77700
0.01,70949
0.01,71174
0.01,70220
0.01,68763
0.01,65788
0.01,65051
0.01,64181
0.01,63535
0.01,62408
0.01,61764
0.01,59494
0.01,58412
0.01,56770
0.01,57552
0.01,60577
0.01,60129
0.01,57642
0.01,56317
0.01,56594
0.01,55782
0.01,56306
0.01,57785
0.01,59997
0.01,62662
0.01,65396
0.01,56080
0.01,56109
0.01,55277
0.01,54716
0.01,54231
0.01,53961
0.01,53693
0.01,53548
0.01,53481
0.01,53433
0.01,53398
0.01,53365
0.01,53354
