0.02,178437
0.02,167614
0.02,155615
0.02,159327
0.02,150434
0.02,143675
0.02,139933
0.02,132619
0.02,132728
0.02,130395
0.02,130018
0.02,132511
0.02,124902
0.02,121045
0.02,113684
0.02,117075
0.02,116815
0.02,113814
0.02,106163
0.02,105549
0.02,105102
0.02,101846
0.02,100470
0.02,100801
0.02,101892
0.02,96313
0.02,97794
0.02,95914
0.02,93686
0.02,91782
0.02,91553
0.02,88813
0.02,88754
0.02,86545
0.02,84788
0.02,82774
0.02,82776
0.02,80946
0.02,79739
0.02,78585
0.02,76116
0.02,76061
0.02,79781
0.02,75695
0.02,83553
0.02,79830
0.02,73622
0.02,74102
0.02,71817
0.02,71595
0.02,73405
0.02,73678
0.02,74419
0.02,79191
0.02,82966
0.02,76058
0.02,75861
0.02,73859
0.02,71858
0.02,69759
0.02,68653
0.02,67644
0.02,67851
0.02,67995
0.02,67779
0.02,66442
0.02,65261
0.02,64144
0.02,63142
0.02,63801
0.02,65970
0.02,66167
0.02,65265
0.02,70230
0.02,72565
0.02,62426
0.02,61550
0.02,60715
0.02,60046
0.02,59404
0.02,59651
0.02,64097
0.02,67211
0.02,58560
0.02,57983
0.02,60009
0.02,62147
0.02,62906
0.02,63579
0.02,65093
0.02,64897
0.02,67264
0.02,67333
0.02,67232
0.02,67397
0.02,67422
0.02,70319
0.02,72898
0.02,76534
0.02,69534
0.02,66856
0.02,63609
0.02,62892
0.02,62921
0.02,61353
0.02,60236
0.02,58293
0.02,57802
0.02,57301
0.02,56848
0.02,56741
0.02,56341
0.02,56655
0.02,56017
0.02,55701
0.02,55212
0.02,55070
0.02,54930
0.02,54863
