0.00,179233
0.00,166167
0.00,148604
0.00,148956
0.00,142953
0.00,140516
0.00,133312
0.00,129127
0.00,125183
0.00,118346
0.00,114621
0.00,125409
0.00,127746
0.00,118127
0.00,115707
0.00,116017
0.00,116548
0.00,113147
0.00,109208
0.00,110103
0.00,117767
0.00,122727
0.00,111121
0.00,107122
0.00,106039
0.00,103584
0.00,101667
0.00,105644
0.00,112847
0.00,104490
0.00,97997
0.00,94869
0.00,92790
0.00,91109
0.00,89555
0.00,88761
0.00,89865
0.00,84720
0.00,91945
0.00,82239
0.00,83591
0.00,87433
0.00,90427
0.00,90905
0.00,89001
0.00,86994
0.00,85612
0.00,84264
0.00,83900
0.00,84202
0.00,80491
0.00,78869
0.00,80284
0.00,80142
0.00,77995
0.00,76072
0.00,76588
0.00,77765
0.00,76729
0.00,73869
0.00,74905
0.00,75881
0.00,75835
0.00,74389
0.00,72816
0.00,71988
0.00,73565
0.00,72877
0.00,72765
0.00,70798
0.00,69753
0.00,68753
0.00,67760
0.00,66904
0.00,67121
0.00,65916
0.00,66207
0.00,66480
0.00,66034
0.00,67097
0.00,65555
0.00,65854
0.00,64737
0.00,63727
0.00,63274
0.00,63322
0.00,62287
0.00,61608
0.00,62511
0.00,64762
0.00,64852
0.00,63671
0.00,64158
0.00,65621
0.00,66414
0.00,62795
0.00,61638
0.00,63250
0.00,61783
0.00,60773
0.00,64871
0.00,60306
0.00,60421
0.00,64173
0.00,59003
0.00,58644
0.00,58354
0.00,59074
0.00,58464
0.00,59067
0.00,60408
0.00,61096
0.00,61281
0.00,60932
0.00,59137
0.00,59060
0.00,58102
0.00,60451
0.00,60942
0.00,59986
0.00,61117
0.00,60809
0.00,59416
0.00,58253
0.00,57850
0.00,57288
0.00,56938
0.00,56817
0.00,57724
0.00,57834
0.00,57758
0.00,58883
0.00,60005
0.00,62096
0.00,62867
0.00,70746
0.00,69077
0.00,65197
0.00,62352
0.00,62958
0.00,64434
0.00,64041
0.01,63327
0.01,63357
0.01,63912
0.01,62986
0.01,63667
0.01,62449
0.01,62187
0.01,61242
0.01,59095
0.01,58042
0.01,56715
0.01,57200
0.01,58370
0.01,58364
0.01,58164
0.01,59395
0.01,61602
0.01,62084
0.01,62674
0.01,71581
0.01,69571
0.01,65536
0.01,63454
0.01,64780
0.01,64622
0.01,63771
0.01,64012
0.01,63841
0.01,64300
0.01,63869
0.01,62560
0.01,62021
0.01,61459
0.01,60834
0.01,59150
0.01,56572
0.01,56975
0.01,58210
0.01,58942
0.01,58569
0.01,58500
0.01,61098
0.01,61856
0.01,62123
0.01,63742
0.01,72275
0.01,69637
0.01,66818
0.01,65448
0.01,65070
0.01,64582
0.01,64470
0.01,64621
0.01,64310
0.01,65487
0.01,62957
0.01,62247
0.01,61522
0.01,61281
0.01,61190
0.01,58177
0.01,56465
0.01,56384
0.01,55998
0.01,55931
0.01,57436
0.01,58705
0.01,59981
0.01,61961
0.01,69998
0.01,66961
0.01,64043
0.01,61059
0.01,61067
0.01,61625
0.01,62963
0.01,62675
0.01,61764
0.01,62408
0.01,61590
0.01,61874
0.01,62528
0.01,61512
0.01,60951
0.01,58509
0.01,57383
0.01,56079
0.01,56321
0.01,58196
0.01,59405
0.01,61451
0.01,61919
0.01,69798
0.01,68129
0.01,64249
0.01,61404
0.01,62010
0.01,63486
0.01,63093
0.01,62379
0.01,62409
0.01,62964
0.01,62038
0.01,62719
0.01,61501
0.01,61239
0.01,60294
0.01,58147
0.01,56278
0.01,55627
0.01,55560
