0.01, 222682
0.01, 222336
0.01, 221643
0.01, 221088
0.01, 219744
0.01, 213596
0.01, 213028
0.01, 210962
0.01, 210402
0.01, 207785
0.01, 205442
0.01, 203574
0.01, 201065
0.01, 200670
0.01, 200010
0.01, 199323
0.01, 191419
0.01, 191031
0.01, 189812
0.01, 189761
0.01, 188489
0.01, 187892
0.01, 186264
0.01, 185763
0.01, 179562
0.01, 177074
0.01, 174628
0.01, 174497
0.01, 174379
0.01, 172964
0.01, 172407
0.01, 171310
0.01, 171015
0.01, 170651
0.01, 169785
0.01, 167711
0.01, 164530
0.02, 163448
0.02, 163254
0.02, 160909
0.03, 157118
0.03, 152804
0.04, 152191
0.04, 149814
0.04, 147274
0.10, 141336
0.11, 134238
0.20, 132046
0.20, 131165
0.20, 128554
0.20, 125383
0.20, 122909
0.22, 121589
0.22, 121394
0.25, 120439
0.27, 118911
0.27, 118023
0.28, 114678
0.29, 112530
0.29, 111590
0.29, 111456
0.29, 110359
0.32, 109644
0.33, 109547
0.33, 108456
0.33, 108030
0.33, 107250
0.34, 106512
0.34, 106200
0.34, 106148
0.34, 105659
0.34, 102614
0.34, 101117
0.37, 100545
0.38, 99814
0.38, 99596
0.38, 98950
0.38, 98173
0.39, 96157
0.40, 96084
0.40, 95562
0.40, 94335
0.40, 94025
0.40, 92998
0.40, 92567
0.41, 91307
0.41, 90943
0.41, 90916
0.42, 90557
0.42, 89682
0.42, 88402
0.43, 88193
0.43, 88142
0.43, 88002
0.43, 87848
0.44, 86444
0.44, 86395
0.44, 85994
0.46, 85968
0.46, 85126
0.46, 84881
0.46, 83338
0.46, 82401
0.46, 81346
0.48, 80736
0.48, 80635
0.48, 80470
0.48, 78562
0.50, 77796
0.51, 77554
0.51, 76327
0.53, 76069
0.53, 75856
0.53, 75560
0.53, 75289
0.53, 74896
0.53, 74699
0.53, 74537
0.53, 74411
0.54, 74233
0.54, 74162
0.54, 73644
0.54, 72941
0.54, 71630
0.54, 71133
0.54, 70459
0.56, 69748
0.56, 69437
0.56, 69357
0.56, 68628
0.56, 67674
0.56, 67408
0.56, 67084
0.56, 66834
0.57, 66788
0.57, 66627
0.57, 66138
0.57, 65781
0.57, 65600
0.57, 65032
0.59, 64661
0.59, 64497
0.59, 63933
0.59, 63696
0.59, 62412
0.59, 62175
0.62, 62138
0.62, 61991
0.63, 61499
0.63, 61235
0.63, 60895
0.63, 60792
0.63, 59570
0.63, 58780
0.63, 58613
0.63, 58429
0.66, 57828
0.66, 57016
0.66, 56593
0.66, 56004
0.70, 55344
0.70, 55199
0.70, 54901
0.73, 54662
0.73, 54580
0.73, 54448
0.73, 54341
0.73, 54186
0.75, 53976
0.75, 53948
0.75, 53837
0.78, 53514
0.78, 53466
0.78, 53458
0.80, 53449
0.82, 53423
0.83, 53357
0.83, 53167
0.83, 53142
0.83, 52803
0.92, 52801
0.92, 52719
0.93, 52657
3.10, 52643
