0.00,193132
0.00,194017
0.00,186888
0.00,178316
0.00,187008
0.00,165401
0.00,156606
0.00,157774
0.00,148478
0.00,143711
0.00,134350
0.00,134437
0.00,132841
0.00,125885
0.00,122303
0.00,119640
0.00,124749
0.00,118989
0.00,123683
0.00,123446
0.00,116436
0.00,108423
0.00,111552
0.00,110965
0.00,113724
0.00,113279
0.00,109563
0.00,108814
0.00,112650
0.00,122086
0.00,118644
0.00,108948
0.00,113269
0.00,103305
0.00,104512
0.00,110347
0.00,108640
0.00,105042
0.00,98600
0.00,99072
0.00,95360
0.00,93325
0.00,96529
0.00,104450
0.00,101962
0.00,96594
0.00,98754
0.00,100679
0.00,98616
0.00,97825
0.00,93183
0.00,93977
0.00,93415
0.00,93818
0.00,97986
0.00,100402
0.00,108924
0.00,108875
0.00,100957
0.00,92602
0.00,92701
0.00,89115
0.00,85968
0.00,90729
0.00,93985
0.00,84476
0.00,86106
0.00,87539
0.00,85607
0.00,84704
0.00,84460
0.00,87880
0.00,83941
0.00,81257
0.00,80554
0.00,79641
0.00,78305
0.00,76325
0.00,79127
0.00,85896
0.00,89699
0.00,79841
0.00,76956
0.00,75901
0.00,76839
0.00,74118
0.00,74596
0.00,73233
0.00,72741
0.00,71854
0.00,71318
0.00,70143
0.00,72885
0.00,68975
0.00,67964
0.00,67052
0.00,66170
0.00,66706
0.00,65374
0.00,64535
0.00,63748
0.00,64979
0.00,67035
0.00,68039
0.00,79035
0.00,74133
0.00,69029
0.00,64954
0.00,65662
0.00,63352
0.00,63646
0.00,63289
0.00,65058
0.00,64646
0.00,65797
0.00,65227
0.00,65736
0.00,65438
0.00,66498
0.00,64078
0.00,62288
0.00,62407
0.00,62245
0.00,60509
0.00,59544
0.00,59927
0.00,60315
0.00,58783
0.00,58154
0.00,57596
0.00,57070
0.00,56714
0.01,56294
0.01,55848
0.01,55552
0.01,55389
0.01,55302
0.01,55187
0.01,56659
0.01,57831
0.01,57844
0.01,58299
0.01,58698
0.01,70167
0.01,68313
0.01,64111
0.01,63813
0.01,66524
0.01,67883
0.01,69693
0.01,67715
0.01,67190
0.01,66393
0.01,64863
0.01,63971
0.01,65098
0.01,65533
0.01,64238
0.01,61919
0.01,61109
0.01,59229
0.01,58464
0.01,56219
0.01,55080
0.01,64800
0.01,60873
0.01,55036
0.01,54746
0.01,54451
0.01,55554
0.01,59742
0.01,54092
0.01,54081
