0.00, 227973
0.00, 227880
0.00, 224877
0.00, 220488
0.00, 218641
0.00, 216892
0.00, 216776
0.00, 214690
0.00, 212536
0.00, 199721
0.00, 189376
0.00, 186850
0.00, 186809
0.00, 182266
0.00, 181339
0.01, 178802
0.01, 176056
0.01, 175498
0.01, 168495
0.01, 167312
0.01, 167269
0.01, 166599
0.01, 164187
0.01, 162627
0.01, 161676
0.01, 161366
0.01, 161144
0.02, 161128
0.02, 160880
0.02, 159145
0.02, 156354
0.02, 156341
0.02, 150899
0.06, 149769
0.07, 149449
0.07, 148592
0.09, 147712
0.09, 146826
0.09, 146149
0.09, 145894
0.09, 145222
0.09, 144116
0.11, 143276
0.11, 142125
0.11, 141513
0.12, 141468
0.13, 136364
0.13, 135612
0.13, 133586
0.13, 132753
0.13, 132395
0.13, 131240
0.13, 130953
0.13, 130926
0.13, 128912
0.14, 125606
0.22, 124715
0.22, 124090
0.22, 117966
0.22, 117832
0.25, 117510
0.28, 116000
0.28, 115705
0.28, 115132
0.28, 113550
0.28, 113521
0.28, 107684
0.34, 107563
0.34, 105120
0.34, 104772
0.34, 104300
0.36, 100590
0.38, 100022
0.38, 99618
0.38, 99335
0.38, 98640
0.38, 98528
0.40, 98487
0.40, 98449
0.40, 98093
0.40, 97730
0.40, 95590
0.40, 95523
0.40, 94828
0.40, 94538
0.40, 93709
0.40, 92991
0.40, 91066
0.41, 90512
0.41, 89888
0.42, 89471
0.42, 88985
0.42, 88970
0.42, 88562
0.42, 87809
0.42, 85274
0.42, 85222
0.42, 84825
0.44, 84770
0.46, 84355
0.46, 84022
0.46, 83942
0.46, 83264
0.46, 82375
0.47, 81088
0.47, 81049
0.48, 80652
0.48, 80353
0.48, 80014
0.48, 78486
0.49, 78180
0.49, 78135
0.49, 77467
0.49, 76634
0.49, 75768
0.51, 75332
0.51, 73303
0.51, 73119
0.51, 72488
0.51, 72419
0.52, 71889
0.52, 71757
0.52, 71172
0.52, 70743
0.54, 69647
0.54, 69177
0.54, 68991
0.54, 68938
0.54, 68440
0.54, 67959
0.54, 67591
0.54, 67415
0.54, 67173
0.54, 67111
0.54, 66451
0.58, 66266
0.58, 65906
0.58, 65616
0.59, 65600
0.60, 65539
0.60, 65468
0.60, 65367
0.60, 65017
0.60, 65013
0.60, 64790
0.60, 64222
0.60, 63895
0.60, 63705
0.60, 63428
0.60, 62571
0.60, 62460
0.60, 62258
0.60, 61994
0.60, 61748
0.60, 61309
0.60, 60920
0.62, 60722
0.62, 59822
0.65, 59806
0.65, 59723
0.65, 59210
0.66, 58904
0.66, 58784
0.66, 58736
0.66, 58493
0.66, 58038
0.66, 57489
0.66, 57479
0.66, 57096
0.68, 56659
0.68, 56415
0.68, 56032
0.68, 56026
0.68, 55912
0.70, 55891
0.71, 55604
0.71, 54655
0.72, 54154
0.72, 53810
0.77, 53760
0.78, 53697
0.78, 53294
0.79, 53261
0.80, 53232
0.82, 53132
0.87, 53044
0.87, 52996
0.89, 52951
0.89, 52874
0.90, 52823
0.90, 52788
4.21, 52658
4.24, 52657
8.64, 52643
