0.02, 214177
0.02, 212286
0.02, 206088
0.02, 206066
0.02, 204067
0.02, 203415
0.02, 200320
0.02, 198780
0.02, 198742
0.02, 197965
0.02, 193576
0.02, 183793
0.02, 178407
0.02, 176432
0.02, 173959
0.02, 171122
0.02, 164673
0.02, 157233
0.02, 156992
0.02, 153392
0.02, 152974
0.02, 152683
0.02, 152364
0.02, 149070
0.02, 148328
0.04, 148223
0.04, 147501
0.04, 147410
0.10, 145555
0.10, 144681
0.10, 143603
0.10, 141024
0.10, 140639
0.10, 139773
0.14, 138955
0.14, 138898
0.14, 138576
0.14, 138525
0.15, 135901
0.17, 135074
0.19, 134975
0.19, 134173
0.19, 133495
0.19, 133119
0.19, 132375
0.20, 132087
0.20, 131639
0.20, 130318
0.20, 130084
0.21, 129270
0.23, 124735
0.23, 123651
0.25, 121697
0.27, 119928
0.27, 117920
0.28, 117305
0.28, 117192
0.28, 114663
0.28, 113169
0.28, 112607
0.28, 111939
0.28, 110104
0.33, 109790
0.33, 109507
0.33, 108756
0.33, 108435
0.33, 108022
0.33, 107754
0.34, 107521
0.34, 107037
0.34, 106581
0.34, 105232
0.36, 105168
0.36, 104495
0.36, 104482
0.37, 104318
0.37, 104125
0.37, 103534
0.37, 103462
0.37, 103374
0.39, 103097
0.39, 103005
0.39, 102350
0.39, 100440
0.39, 100014
0.39, 98923
0.39, 98352
0.39, 97707
0.40, 97601
0.40, 97146
0.40, 96495
0.40, 95195
0.40, 94618
0.42, 94047
0.42, 93608
0.42, 93583
0.42, 92502
0.43, 92006
0.43, 91963
0.43, 91425
0.43, 91325
0.43, 90349
0.45, 89327
0.45, 88610
0.46, 87621
0.46, 87042
0.46, 86164
0.46, 84399
0.46, 84295
0.46, 84216
0.46, 82446
0.46, 82297
0.46, 82178
0.46, 81925
0.46, 81770
0.46, 79656
0.46, 79582
0.47, 79215
0.47, 79154
0.47, 78332
0.47, 77480
0.52, 77327
0.52, 77095
0.52, 76559
0.52, 75665
0.52, 74923
0.52, 74811
0.54, 74332
0.54, 74157
0.54, 73902
0.54, 73234
0.54, 72692
0.55, 71871
0.55, 71361
0.55, 71221
0.55, 70722
0.55, 70475
0.56, 70468
0.56, 70458
0.56, 70436
0.56, 69901
0.56, 69228
0.57, 68946
0.57, 68350
0.57, 67910
0.58, 67909
0.59, 67853
0.59, 66691
0.59, 66425
0.59, 66266
0.60, 66159
0.60, 66101
0.61, 66001
0.61, 65169
0.61, 64854
0.61, 64262
0.61, 64252
0.61, 63775
0.63, 63064
0.63, 62921
0.63, 62384
0.63, 61558
0.63, 61195
0.63, 60923
0.63, 60434
0.63, 60264
0.64, 60187
0.64, 60148
0.64, 59836
0.66, 59772
0.66, 58914
0.66, 58509
0.66, 58488
0.68, 58296
0.68, 58021
0.68, 57938
0.69, 57930
0.70, 57795
0.70, 57707
0.70, 57069
0.70, 57025
0.70, 56319
0.70, 55827
0.70, 55702
0.70, 55686
0.70, 55677
0.70, 55281
0.74, 55249
0.74, 54210
0.74, 53942
0.74, 53937
0.74, 53669
0.74, 53434
0.74, 53310
0.78, 53295
0.79, 53285
0.79, 53281
0.79, 53209
0.80, 53115
0.81, 53066
0.81, 52938
0.83, 52909
0.83, 52874
2.05, 52658
2.05, 52643
