0.01, 215215
0.01, 213585
0.01, 207471
0.01, 206656
0.01, 200842
0.01, 200521
0.01, 198102
0.01, 197493
0.01, 197392
0.01, 194579
0.01, 191658
0.01, 188685
0.01, 185199
0.01, 184702
0.01, 178978
0.01, 178370
0.01, 177766
0.01, 177645
0.01, 175269
0.01, 174942
0.01, 173941
0.01, 172049
0.01, 171033
0.01, 170168
0.01, 169381
0.01, 169299
0.01, 169001
0.01, 164313
0.01, 163506
0.01, 159891
0.01, 159662
0.02, 158923
0.04, 158682
0.04, 158333
0.04, 158205
0.04, 157805
0.04, 157493
0.04, 152157
0.04, 151505
0.04, 151383
0.04, 145310
0.04, 144595
0.04, 142834
0.09, 141113
0.09, 140010
0.09, 139159
0.09, 138691
0.09, 137345
0.10, 136947
0.10, 136937
0.12, 136558
0.12, 135645
0.17, 135085
0.17, 131083
0.21, 129763
0.21, 129234
0.21, 127017
0.21, 125302
0.25, 125262
0.25, 124853
0.25, 117444
0.27, 117435
0.27, 116849
0.27, 116609
0.27, 115630
0.27, 115573
0.27, 114574
0.27, 113605
0.28, 113516
0.28, 112684
0.28, 111827
0.28, 108914
0.28, 106162
0.28, 105805
0.28, 105544
0.34, 105199
0.34, 104014
0.34, 103650
0.36, 103308
0.36, 101931
0.36, 100961
0.37, 99390
0.37, 98537
0.38, 98511
0.38, 97502
0.38, 96698
0.38, 96284
0.38, 95130
0.38, 93080
0.39, 92320
0.39, 91500
0.42, 91037
0.42, 90407
0.42, 89702
0.43, 89295
0.43, 89100
0.43, 88017
0.43, 87846
0.43, 87478
0.43, 87332
0.43, 87169
0.43, 84970
0.46, 82315
0.47, 81412
0.47, 80956
0.47, 80165
0.50, 79524
0.50, 79201
0.50, 78573
0.50, 78553
0.50, 78259
0.50, 76732
0.50, 75856
0.50, 75556
0.53, 74979
0.53, 74683
0.53, 74475
0.53, 73782
0.53, 73515
0.53, 72537
0.53, 71875
0.53, 71554
0.53, 70362
0.53, 70361
0.53, 70050
0.53, 69743
0.53, 69652
0.55, 69484
0.57, 68928
0.57, 68716
0.57, 68081
0.58, 67740
0.58, 67680
0.58, 67526
0.58, 67279
0.58, 67169
0.58, 67099
0.58, 66994
0.58, 66908
0.58, 66133
0.58, 65120
0.58, 64694
0.58, 64434
0.58, 64369
0.58, 63857
0.60, 63681
0.60, 62920
0.60, 62859
0.60, 62699
0.60, 61366
0.60, 61073
0.64, 60735
0.64, 60369
0.66, 60003
0.66, 59170
0.66, 59088
0.66, 59003
0.67, 58887
0.68, 58846
0.68, 58323
0.68, 58241
0.68, 58171
0.68, 57837
0.68, 57046
0.69, 56960
0.69, 56601
0.69, 56377
0.69, 56335
0.71, 56028
0.71, 55063
0.71, 54807
0.71, 54621
0.71, 54514
0.73, 54452
0.75, 54417
0.75, 54329
0.75, 54039
0.76, 54018
0.76, 53649
0.76, 53582
0.76, 53534
0.78, 53340
0.78, 52779
0.78, 52672
0.89, 52657
