0.00,204489
0.00,183249
0.00,177333
0.00,170617
0.00,162626
0.00,163227
0.00,153418
0.00,154426
0.00,156874
0.00,155852
0.00,162186
0.00,146806
0.00,140309
0.00,134039
0.00,133932
0.00,134765
0.00,135903
0.00,133500
0.00,135031
0.00,139145
0.00,140272
0.00,142534
0.00,128315
0.00,128956
0.00,125142
0.00,119754
0.00,120051
0.00,113322
0.00,108826
0.00,110943
0.00,111639
0.00,106978
0.00,109654
0.00,109196
0.00,106364
0.00,100585
0.00,103093
0.00,102524
0.00,104533
0.00,107943
0.00,107916
0.00,109847
0.00,114955
0.00,117837
0.00,109540
0.00,102801
0.00,101283
0.00,102549
0.00,97017
0.00,97562
0.00,97712
0.00,93319
0.00,89094
0.00,86793
0.00,88510
0.00,89835
0.00,90003
0.00,92822
0.00,89150
0.00,90788
0.00,87575
0.00,88450
0.00,85192
0.00,83162
0.00,81391
0.00,79457
0.00,81061
0.00,80146
0.00,78143
0.00,78203
0.00,75721
0.00,74182
0.00,76498
0.00,77060
0.00,76933
0.00,74433
0.00,72467
0.00,72969
0.00,73169
0.00,74222
0.00,72603
0.00,72355
0.00,74799
0.00,74370
0.00,74566
0.00,79381
0.00,82534
0.00,74707
0.00,75945
0.00,76222
0.00,79409
0.00,79851
0.00,79410
0.00,80371
0.00,80771
0.00,79539
0.00,81109
0.00,79756
0.00,77348
0.01,74517
0.01,71740
0.01,72707
0.01,73727
0.01,70851
0.01,69405
0.01,68690
0.01,67994
0.01,69151
0.01,68115
0.01,68869
0.01,69414
0.01,68439
0.01,67615
0.01,66545
0.01,66122
0.01,64475
0.01,66848
0.01,68711
0.01,68823
0.01,67300
0.01,65614
0.01,66445
0.01,64879
0.01,64210
0.01,63685
0.01,62452
0.01,62401
0.01,62766
0.01,62716
0.01,64755
0.01,65285
0.01,64502
0.01,64451
0.01,67971
0.01,65152
0.01,64995
0.01,64852
0.01,64112
0.01,63462
0.01,62607
0.01,61398
0.01,60769
0.01,61578
0.01,60508
0.01,60809
0.01,61511
0.01,60807
0.01,59770
0.01,59299
0.01,58680
0.01,58134
0.01,57681
0.01,57258
0.01,57171
0.01,56602
0.01,56213
0.01,58671
0.01,57492
0.01,57672
0.01,57776
0.01,58486
0.01,58491
0.01,57914
0.01,58599
0.01,58381
0.01,57323
0.01,56786
0.01,55828
0.01,56336
0.01,58036
0.01,58759
0.01,57148
0.01,58908
0.01,58683
0.01,56628
0.01,56419
0.01,56619
0.01,55670
0.01,55079
0.01,54784
0.01,54505
0.01,56832
0.01,57810
0.01,59239
0.01,61215
0.01,64366
0.01,54824
0.01,55237
0.01,56045
0.01,56307
0.01,56132
0.01,55437
0.01,55821
0.01,59333
0.01,53800
0.01,53223
0.01,53033
0.01,52951
