0.00,189861
0.00,182947
0.00,182085
0.00,171952
0.00,177018
0.00,162955
0.00,157062
0.00,156203
0.00,156069
0.00,148322
0.00,142078
0.00,137265
0.00,136033
0.00,127991
0.00,128616
0.00,125888
0.00,119268
0.00,124381
0.00,124602
0.00,117168
0.00,116364
0.00,119628
0.00,117229
0.00,114051
0.00,114343
0.00,114841
0.00,115824
0.00,117200
0.00,118109
0.00,115726
0.00,112996
0.00,114801
0.00,114465
0.00,116379
0.00,113581
0.00,108617
0.00,109706
0.00,112745
0.00,111173
0.00,110554
0.00,110938
0.00,109898
0.00,105594
0.00,105375
0.00,105071
0.00,103704
0.00,102053
0.00,98937
0.00,94550
0.00,95378
0.00,87627
0.00,88056
0.00,90009
0.00,99332
0.00,92549
0.00,89887
0.00,87573
0.00,87316
0.00,84951
0.00,82763
0.00,82883
0.00,83424
0.00,86862
0.00,86662
0.00,82896
0.00,83752
0.00,87173
0.00,86224
0.00,88138
0.00,85340
0.00,84239
0.00,85206
0.00,84409
0.00,82566
0.00,79104
0.00,76550
0.00,77275
0.00,74769
0.00,73256
0.00,82292
0.00,80648
0.00,80019
0.00,74721
0.00,74292
0.00,75470
0.00,73202
0.00,74035
0.00,75844
0.00,73891
0.00,71552
0.00,72866
0.00,75054
0.00,76437
0.00,73018
0.00,72801
0.00,73825
0.00,74046
0.00,74152
0.00,72922
0.00,70209
0.01,69732
0.01,69899
0.01,68348
0.01,67930
0.01,70808
0.01,71210
0.01,73961
0.01,77049
0.01,80452
0.01,78167
0.01,78150
0.01,77144
0.01,87603
0.01,86600
0.01,81554
0.01,75932
0.01,72796
0.01,75124
0.01,74057
0.01,74316
0.01,75392
0.01,75673
0.01,71287
0.01,70457
0.01,69551
0.01,69717
0.01,69416
0.01,66710
0.01,65527
0.01,65353
0.01,64895
0.01,63720
0.01,62746
0.01,61914
0.01,63711
0.01,65305
0.01,67358
0.01,69443
0.01,69398
0.01,69466
0.01,70630
0.01,71805
0.01,74251
0.01,75307
0.01,75477
0.01,74120
0.01,81855
0.01,80087
0.01,75599
0.01,71808
0.01,69274
0.01,68249
0.01,64835
0.01,64940
0.01,66490
0.01,65906
0.01,63115
0.01,62919
0.01,61500
0.01,60684
0.01,59613
0.01,58444
0.01,57811
0.01,57329
0.01,56876
0.01,56463
0.01,56139
0.01,55846
0.01,55556
0.01,55446
0.01,57054
0.01,59196
0.01,59989
0.01,61886
0.01,64543
0.01,64162
0.01,65335
0.01,67468
0.01,68132
0.01,69932
0.01,69891
0.01,77488
0.01,73980
0.01,69735
0.01,66067
0.01,65792
0.01,64792
0.01,62174
0.01,61703
0.01,61859
0.01,61659
0.01,59453
0.01,57783
0.01,56901
0.01,57265
0.01,55339
0.01,55247
0.01,56171
0.01,55351
0.01,56611
0.01,59107
0.01,59160
0.01,60449
0.01,60659
0.01,59137
0.01,57947
0.01,55861
0.01,55086
0.01,54524
0.01,55330
0.01,55762
0.01,56592
0.01,58141
0.01,58319
0.01,57958
0.01,57184
0.01,56540
0.01,56499
0.01,55451
0.01,55430
0.01,54233
0.01,54160
0.01,54020
