0.00, 236146
0.00, 232881
0.00, 228605
0.00, 226402
0.00, 226265
0.00, 225811
0.00, 225607
0.00, 225264
0.00, 224877
0.00, 217375
0.00, 211220
0.00, 208722
0.00, 208131
0.00, 207842
0.00, 197656
0.00, 195093
0.00, 194867
0.00, 191581
0.00, 191578
0.00, 190681
0.00, 190290
0.00, 189498
0.00, 187855
0.00, 187028
0.00, 185664
0.00, 181075
0.01, 180386
0.01, 175318
0.01, 170112
0.01, 169354
0.01, 169153
0.01, 166508
0.01, 164706
0.01, 163022
0.01, 160008
0.01, 157670
0.01, 156189
0.02, 154422
0.02, 154414
0.02, 152898
0.02, 151590
0.02, 149531
0.02, 146937
0.04, 145583
0.04, 141639
0.05, 139250
0.05, 137485
0.05, 136011
0.05, 135009
0.16, 134882
0.17, 132442
0.20, 131920
0.20, 129738
0.20, 129509
0.21, 127033
0.21, 126558
0.21, 124974
0.21, 123031
0.22, 122534
0.22, 119930
0.22, 119408
0.22, 118292
0.26, 118185
0.26, 117917
0.26, 117119
0.26, 115903
0.26, 113961
0.29, 112775
0.30, 112608
0.30, 112371
0.30, 111674
0.31, 111521
0.32, 111353
0.32, 110039
0.32, 109474
0.32, 105939
0.32, 105226
0.32, 103584
0.32, 103583
0.32, 103173
0.32, 102117
0.32, 101460
0.36, 100727
0.36, 99391
0.38, 99125
0.38, 99119
0.38, 97401
0.38, 96779
0.38, 96057
0.38, 95846
0.38, 91844
0.38, 91546
0.39, 91465
0.39, 90665
0.39, 90276
0.40, 89562
0.41, 89400
0.41, 87988
0.41, 87386
0.41, 87301
0.42, 86156
0.42, 85113
0.42, 84607
0.42, 83188
0.46, 82946
0.46, 82808
0.47, 82605
0.47, 82493
0.47, 81376
0.47, 81015
0.47, 78878
0.47, 78489
0.47, 77052
0.48, 76739
0.48, 76192
0.50, 75351
0.50, 73878
0.50, 73655
0.50, 72590
0.54, 72333
0.54, 71692
0.54, 71578
0.54, 71291
0.54, 70717
0.54, 70366
0.54, 70152
0.54, 69723
0.54, 69363
0.54, 69201
0.54, 67894
0.54, 67135
0.54, 66806
0.54, 66282
0.56, 65519
0.56, 65413
0.56, 64441
0.56, 63995
0.58, 62812
0.58, 62397
0.58, 61967
0.58, 61561
0.62, 60168
0.62, 60048
0.62, 59997
0.62, 59398
0.62, 58991
0.62, 58812
0.62, 57898
0.66, 57300
0.66, 56668
0.66, 56626
0.66, 56028
0.66, 55669
0.67, 55566
0.67, 55275
0.70, 55268
0.70, 55235
0.70, 54778
0.70, 54588
0.70, 54135
0.70, 53333
0.74, 53220
0.76, 53155
0.80, 53043
0.80, 52928
0.88, 52917
0.88, 52657
3.15, 52643
