0.00,193371
0.00,196003
0.00,179636
0.00,162990
0.00,146145
0.00,145609
0.00,144537
0.00,148684
0.00,143029
0.00,135770
0.00,138117
0.00,138485
0.00,141412
0.00,135685
0.00,129992
0.00,132140
0.00,132298
0.00,126652
0.00,127292
0.00,124467
0.00,127307
0.00,124546
0.00,119305
0.00,115024
0.00,110106
0.00,110257
0.00,108186
0.00,109351
0.00,104737
0.00,101615
0.00,100998
0.00,109511
0.00,115019
0.00,100997
0.00,97483
0.00,100267
0.00,103825
0.00,98000
0.00,95152
0.00,92627
0.00,91243
0.00,93470
0.00,96400
0.00,97316
0.00,103956
0.00,105651
0.00,91234
0.00,89890
0.00,89607
0.00,87291
0.00,83763
0.00,83638
0.00,84909
0.00,85156
0.00,82445
0.00,80190
0.00,83280
0.00,88222
0.00,77622
0.00,75631
0.00,79424
0.00,85768
0.00,87126
0.00,76719
0.00,74716
0.00,73272
0.00,73750
0.00,77685
0.00,80411
0.00,83505
0.00,90132
0.00,88671
0.00,85486
0.00,82996
0.00,81036
0.00,81170
0.00,75218
0.00,74867
0.00,76724
0.00,76832
0.00,77294
0.00,75748
0.00,73309
0.00,71865
0.00,71193
0.00,71318
0.00,68668
0.00,67866
0.00,66868
0.00,69121
0.00,71475
0.00,73994
0.00,75153
0.00,77323
0.00,78095
0.00,80498
0.00,78840
0.00,77766
0.00,76658
0.00,76294
0.00,75533
0.00,75686
0.00,75475
0.00,86656
0.00,83583
0.00,77026
0.00,73470
0.00,69907
0.00,69810
0.00,66149
0.00,66364
0.00,65848
0.00,67159
0.00,70227
0.00,74505
0.00,78484
0.00,66717
0.00,67989
0.00,65193
0.00,64862
0.00,65704
0.00,63983
0.00,63759
0.00,62849
0.00,61949
0.00,62565
0.00,64988
0.00,64930
0.00,66121
0.00,64777
0.00,63169
0.00,63225
0.00,60393
0.00,59539
0.00,58617
0.00,57966
0.00,57333
0.00,56701
0.00,56117
0.00,55793
0.00,55500
0.00,55210
0.00,54980
0.00,54873
0.00,57643
0.00,61475
0.00,64451
0.00,55139
0.00,54654
0.00,55750
0.00,60248
0.00,62986
0.00,54332
0.00,54299
0.00,54290
0.00,56242
0.00,58029
0.00,58459
0.00,59487
0.00,61381
0.00,62247
0.00,66750
0.00,71978
0.00,76025
0.00,68645
0.00,68671
0.00,67461
0.00,67079
0.00,66014
0.00,65552
0.00,65606
0.00,63588
0.00,63017
0.00,62306
0.00,60866
0.00,61278
0.00,58328
0.00,56594
0.01,55620
0.01,55035
0.01,54124
0.01,54601
0.01,57200
0.01,57982
0.01,58868
0.01,59843
0.01,61558
0.01,63337
0.01,67251
0.01,72453
0.01,75961
0.01,68458
0.01,67506
0.01,66890
0.01,66969
0.01,66053
0.01,65976
0.01,63627
0.01,62636
0.01,62008
0.01,61438
0.01,61088
0.01,58841
0.01,56792
0.01,55531
0.01,54749
0.01,53812
