0.00,221416
0.00,209069
0.00,182841
0.00,162326
0.00,160688
0.00,159763
0.00,154206
0.00,154631
0.00,145528
0.00,143790
0.00,134677
0.00,130510
0.00,131504
0.00,120493
0.00,112450
0.00,113251
0.00,117500
0.00,112849
0.00,112562
0.00,115406
0.00,111450
0.00,114979
0.00,114565
0.00,113278
0.00,109551
0.00,110040
0.00,112590
0.00,113758
0.00,104501
0.00,104027
0.00,107719
0.00,110097
0.00,109808
0.00,102960
0.00,98070
0.00,101417
0.00,98579
0.00,98671
0.00,96697
0.00,95947
0.00,95612
0.00,94620
0.00,92876
0.00,94582
0.00,91415
0.00,89593
0.00,88774
0.00,90437
0.00,87752
0.00,88610
0.00,85213
0.00,85610
0.00,85112
0.00,85515
0.00,86673
0.00,84228
0.00,84410
0.00,82395
0.00,80555
0.00,78717
0.00,76938
0.00,75953
0.00,77344
0.00,74525
0.00,75164
0.00,75637
0.00,78703
0.00,78249
0.00,86219
0.00,83647
0.00,80197
0.00,76601
0.00,74547
0.00,74830
0.00,74109
0.00,75500
0.00,72681
0.00,71034
0.00,70943
0.00,71076
0.00,70065
0.00,67771
0.00,66829
0.00,66106
0.00,65009
0.00,64818
0.00,64238
0.00,63888
0.00,64961
0.00,64893
0.00,63147
0.00,62356
0.00,63435
0.00,61641
0.00,62135
0.00,62286
0.00,62717
0.00,62461
0.00,62700
0.00,62702
0.00,64536
0.00,65836
0.00,67012
0.00,67317
0.00,72322
0.00,60948
0.00,61656
0.00,61342
0.00,59988
0.00,61898
0.00,59879
0.00,60396
0.00,59317
0.00,58688
0.00,58115
0.00,57658
0.00,57342
0.00,56799
0.00,56169
0.00,55879
0.00,55647
0.00,55600
0.00,57758
0.00,57953
0.00,55687
0.00,56760
0.00,57039
0.00,56183
0.00,55094
0.00,54939
