0.00,193473
0.00,183777
0.00,176029
0.00,161380
0.00,151632
0.00,145064
0.00,134768
0.00,138569
0.00,135680
0.00,126067
0.00,125558
0.00,120377
0.00,119137
0.00,129369
0.00,133000
0.00,123094
0.00,122872
0.00,118645
0.00,111027
0.00,110549
0.00,114238
0.00,118257
0.00,116103
0.00,108640
0.00,110322
0.00,117708
0.00,122244
0.00,122229
0.00,110742
0.00,111213
0.00,112984
0.00,109983
0.00,103253
0.00,103608
0.00,96556
0.00,94030
0.00,91432
0.00,90820
0.00,91463
0.00,92113
0.00,92345
0.00,93201
0.00,89023
0.00,88881
0.00,89232
0.00,89095
0.00,89355
0.00,102207
0.00,97888
0.00,89356
0.00,91018
0.00,86482
0.00,83273
0.00,79935
0.00,85495
0.00,84363
0.00,83570
0.00,80071
0.00,81165
0.00,82289
0.00,83790
0.00,81681
0.00,82253
0.00,79245
0.00,77459
0.00,82568
0.00,84270
0.00,84967
0.00,79527
0.00,79657
0.00,79711
0.00,80479
0.00,81040
0.00,78850
0.00,78323
0.00,76038
0.00,74265
0.00,72658
0.00,79530
0.00,76400
0.00,71025
0.00,69461
0.00,68237
0.00,69311
0.00,67208
0.00,66069
0.00,68881
0.00,70713
0.00,72466
0.00,73729
0.00,76081
0.00,81549
0.00,84044
0.00,76661
0.00,78520
0.00,77072
0.00,74322
0.00,73425
0.00,73844
0.00,73856
0.00,70784
0.00,69010
0.00,69641
0.00,66445
0.00,65992
0.00,66760
0.00,65035
0.00,63746
0.00,65121
0.00,65735
0.00,67461
0.00,75312
0.00,73239
0.00,69639
0.00,66008
0.00,66078
0.00,65145
0.00,63893
0.00,63856
0.00,62700
0.00,63732
0.00,65298
0.00,65655
0.00,64919
0.00,64777
0.00,71969
0.00,67901
0.00,61559
0.00,60594
0.00,59755
0.00,59065
0.00,58405
0.00,58375
0.00,58844
0.00,59884
0.00,59139
0.00,57614
0.00,56981
0.00,59451
0.00,59509
0.00,58507
0.00,57476
0.00,56437
0.00,55974
0.00,55614
0.00,55290
0.00,55498
0.00,54950
0.00,56918
0.00,58387
0.00,59607
0.00,60572
0.00,61425
0.00,64648
0.00,66409
0.00,66467
0.00,67989
0.00,73061
0.00,75337
0.00,68622
0.00,69388
0.00,69066
0.01,67902
0.01,65423
0.01,64068
0.01,63002
0.01,62470
0.01,62785
0.01,60054
0.01,58195
0.01,57948
0.01,56632
0.01,54977
0.01,54835
0.01,54752
0.01,54660
0.01,54639
0.01,54371
