0.00,217005
0.00,201251
0.00,187527
0.00,181991
0.00,183753
0.00,174293
0.00,174206
0.00,178879
0.00,158567
0.00,150259
0.00,146188
0.00,150595
0.00,144185
0.00,137913
0.00,138929
0.00,138103
0.00,129204
0.00,119402
0.00,119088
0.00,116892
0.00,111707
0.00,110300
0.00,120440
0.00,118974
0.00,113006
0.00,109583
0.00,108113
0.00,111784
0.00,109369
0.00,104334
0.00,102955
0.00,100780
0.00,102946
0.00,102953
0.00,99061
0.00,100134
0.00,97608
0.00,94126
0.00,92779
0.00,92295
0.00,89612
0.00,87638
0.00,92673
0.00,90780
0.00,85157
0.00,87143
0.00,95375
0.00,92238
0.00,83751
0.00,82957
0.00,85149
0.00,84911
0.00,80948
0.00,81736
0.00,81293
0.00,81931
0.00,83184
0.00,83531
0.00,80257
0.00,78854
0.00,80378
0.00,81146
0.00,77996
0.00,80343
0.00,80232
0.00,80536
0.00,87851
0.00,84295
0.00,77964
0.00,79342
0.00,75775
0.00,74127
0.00,72532
0.00,73592
0.00,71949
0.00,69689
0.00,68419
0.00,67901
0.00,66756
0.00,67503
0.00,67035
0.00,70459
0.00,69644
0.00,69464
0.00,67950
0.00,66689
0.00,76246
0.00,72335
0.00,66313
0.00,66391
0.00,65430
0.00,65631
0.00,66157
0.00,68392
0.00,69672
0.00,69583
0.00,69181
0.00,66360
0.00,76526
0.00,72002
0.00,66452
0.00,64916
0.00,65351
0.00,66516
0.00,67054
0.00,67028
0.00,66477
0.00,67525
0.00,65548
0.00,66146
0.00,65726
0.00,65050
0.00,73958
0.00,69087
0.00,66281
0.00,64194
0.00,63554
0.00,62940
0.00,64283
0.00,62183
0.01,61693
0.01,61206
0.01,60516
0.01,60063
0.01,60463
0.01,59631
0.01,59307
0.01,59594
0.01,60356
0.01,60845
0.01,62079
0.01,63348
0.01,61481
0.01,60361
0.01,60772
0.01,61257
0.01,60989
0.01,59793
0.01,59285
0.01,58643
0.01,67955
0.01,64500
0.01,58158
0.01,58746
0.01,60048
0.01,59818
0.01,59834
0.01,60787
0.01,62162
0.01,62095
0.01,60984
0.01,58092
0.01,58628
0.01,58972
0.01,59059
0.01,59280
0.01,57504
0.01,57558
0.01,56814
0.01,57910
0.01,62408
0.01,65146
0.01,56492
0.01,57396
0.01,57766
0.01,56991
0.01,57904
0.01,58082
0.01,57199
0.01,56590
0.01,55800
0.01,55450
0.01,58333
0.01,59778
0.01,60660
0.01,61249
0.01,60567
0.01,60082
0.01,60514
0.01,62092
0.01,63689
0.01,65250
0.01,66156
0.01,66275
0.01,65209
0.01,63570
0.01,63336
0.01,62994
0.01,63226
0.01,62902
0.01,60892
0.01,61404
0.01,70139
0.01,66735
0.01,60421
0.01,56932
0.01,56512
0.01,55044
0.01,54733
0.01,54531
0.01,54049
0.01,53934
