0.01, 198524
0.01, 195344
0.01, 190302
0.01, 189674
0.01, 188509
0.01, 188234
0.01, 186987
0.01, 186240
0.01, 184843
0.01, 183533
0.01, 179258
0.01, 178555
0.01, 177723
0.01, 177294
0.01, 176603
0.01, 176136
0.01, 175595
0.01, 174912
0.01, 173551
0.01, 172941
0.01, 172189
0.01, 171824
0.01, 169537
0.01, 169137
0.01, 168915
0.01, 167683
0.01, 167319
0.01, 163622
0.01, 162560
0.01, 161414
0.01, 160746
0.02, 158144
0.02, 157970
0.02, 157335
0.02, 155802
0.02, 152362
0.02, 152310
0.02, 147855
0.02, 145242
0.06, 141190
0.06, 140530
0.10, 139635
0.10, 137133
0.10, 135561
0.10, 134760
0.10, 134552
0.10, 132638
0.11, 131333
0.16, 129667
0.16, 128510
0.23, 127191
0.23, 125913
0.23, 122247
0.23, 118002
0.23, 117599
0.23, 115646
0.23, 115372
0.23, 115348
0.24, 114578
0.24, 113289
0.28, 113261
0.28, 112000
0.28, 111009
0.28, 110927
0.29, 109934
0.29, 109015
0.29, 108906
0.29, 107848
0.29, 107506
0.29, 107405
0.29, 107171
0.29, 106729
0.31, 106555
0.31, 104852
0.31, 104459
0.32, 103765
0.34, 102166
0.34, 101758
0.36, 101275
0.36, 100684
0.36, 100080
0.36, 99184
0.37, 99168
0.37, 98345
0.37, 97533
0.38, 96929
0.39, 95022
0.39, 93988
0.39, 93526
0.40, 91205
0.40, 89941
0.40, 89775
0.40, 89033
0.40, 88686
0.40, 86912
0.40, 86634
0.40, 86470
0.40, 85647
0.42, 85236
0.42, 84667
0.43, 82199
0.46, 82119
0.46, 81668
0.46, 80942
0.46, 80699
0.48, 79776
0.48, 79713
0.48, 79217
0.48, 79087
0.48, 78921
0.50, 78182
0.50, 78062
0.50, 77853
0.50, 77717
0.50, 77234
0.51, 76772
0.51, 76367
0.51, 76351
0.51, 75500
0.51, 74466
0.51, 74042
0.52, 73876
0.52, 72146
0.53, 71638
0.53, 71626
0.53, 71331
0.53, 70917
0.53, 70498
0.54, 70070
0.54, 69700
0.54, 69175
0.54, 69059
0.55, 68914
0.55, 67268
0.55, 66314
0.58, 65908
0.59, 65683
0.59, 65495
0.60, 65173
0.60, 64696
0.61, 64552
0.61, 64366
0.61, 64206
0.61, 63977
0.61, 63937
0.61, 63858
0.62, 63638
0.62, 63166
0.62, 63118
0.62, 62679
0.62, 62369
0.62, 62307
0.62, 62203
0.62, 61253
0.62, 60634
0.62, 60504
0.62, 59925
0.62, 59777
0.64, 59614
0.64, 59553
0.64, 58737
0.66, 58448
0.66, 58180
0.66, 57849
0.66, 57019
0.66, 56660
0.67, 56551
0.68, 56493
0.70, 56491
0.70, 56251
0.70, 56201
0.70, 55785
0.70, 55285
0.74, 55233
0.74, 54923
0.74, 54843
0.76, 54778
0.76, 54557
0.76, 54264
0.76, 53940
0.76, 53825
0.76, 53677
0.76, 53674
0.76, 53592
0.77, 53440
0.78, 53133
0.78, 52865
0.78, 52803
2.05, 52719
2.09, 52643
