0.00, 237214
0.00, 234478
0.00, 224547
0.01, 224414
0.01, 217437
0.01, 211879
0.01, 210457
0.01, 204817
0.01, 197928
0.01, 189975
0.01, 188804
0.01, 187381
0.01, 186591
0.01, 185770
0.01, 182321
0.01, 180610
0.01, 178396
0.01, 178357
0.01, 177769
0.01, 177622
0.01, 177207
0.01, 174537
0.01, 174222
0.01, 172746
0.01, 170426
0.01, 169798
0.01, 167801
0.01, 167735
0.01, 163948
0.01, 163777
0.01, 161519
0.01, 155593
0.02, 154968
0.02, 154355
0.02, 154018
0.02, 147619
0.06, 145577
0.07, 144575
0.07, 142369
0.10, 141769
0.12, 141762
0.13, 141130
0.13, 139471
0.13, 138803
0.13, 136787
0.15, 136395
0.15, 129472
0.15, 128572
0.15, 128128
0.19, 127841
0.19, 127429
0.19, 126135
0.19, 124609
0.19, 124226
0.21, 124108
0.25, 123955
0.25, 123818
0.25, 123701
0.25, 123693
0.25, 123107
0.26, 120280
0.26, 117805
0.26, 116967
0.29, 114510
0.29, 114336
0.29, 113773
0.29, 112521
0.29, 111907
0.30, 108894
0.30, 108093
0.31, 106669
0.34, 106384
0.34, 106344
0.34, 103169
0.34, 102549
0.34, 102176
0.34, 101957
0.34, 101372
0.34, 101118
0.34, 98497
0.34, 97762
0.34, 97505
0.39, 97228
0.39, 96454
0.39, 96181
0.39, 94495
0.39, 94090
0.39, 93848
0.39, 92247
0.40, 91852
0.40, 91839
0.40, 90258
0.40, 89255
0.40, 89004
0.40, 87238
0.42, 83704
0.42, 83462
0.42, 82669
0.42, 82332
0.43, 82234
0.43, 82068
0.43, 80873
0.43, 80027
0.47, 79873
0.47, 79786
0.47, 79392
0.47, 78485
0.47, 78388
0.49, 78337
0.49, 78308
0.49, 78094
0.49, 78030
0.49, 77800
0.49, 77704
0.49, 77472
0.49, 77465
0.50, 77397
0.50, 77256
0.50, 76714
0.51, 75778
0.51, 73920
0.51, 73739
0.51, 73629
0.53, 73584
0.53, 73176
0.53, 73086
0.53, 70778
0.53, 70511
0.53, 69709
0.55, 69185
0.55, 68919
0.55, 68915
0.55, 68389
0.56, 68017
0.56, 67208
0.57, 66995
0.57, 66220
0.57, 65969
0.57, 65524
0.57, 65128
0.57, 65081
0.57, 64834
0.57, 63575
0.57, 62471
0.61, 62180
0.61, 62041
0.63, 61576
0.63, 61418
0.63, 61364
0.63, 61287
0.63, 60975
0.63, 60830
0.63, 60361
0.64, 60313
0.64, 59180
0.64, 59052
0.64, 58736
0.66, 58633
0.66, 58534
0.66, 58285
0.66, 58098
0.66, 57769
0.66, 57247
0.67, 56653
0.67, 55909
0.67, 55842
0.67, 55614
0.69, 55156
0.69, 54817
0.69, 54710
0.69, 54696
0.69, 54635
0.73, 54582
0.73, 54300
0.73, 54296
0.73, 54028
0.74, 53982
0.74, 53596
0.77, 53529
0.77, 53427
0.78, 53384
0.78, 53246
0.78, 53027
0.83, 52930
0.83, 52739
0.86, 52719
0.87, 52672
0.88, 52657
0.97, 52643
