0.01, 246281
0.01, 246266
0.01, 243918
0.01, 243687
0.01, 242371
0.01, 238822
0.01, 236700
0.01, 233860
0.01, 233222
0.01, 232985
0.01, 232976
0.01, 224698
0.01, 222578
0.01, 221479
0.01, 220069
0.01, 218360
0.01, 217905
0.01, 216197
0.01, 207796
0.01, 203674
0.01, 202182
0.01, 196804
0.01, 195347
0.01, 190157
0.01, 189186
0.01, 188915
0.01, 187433
0.01, 186642
0.01, 185731
0.01, 174185
0.01, 173656
0.01, 173229
0.01, 171581
0.01, 169546
0.01, 167109
0.02, 166720
0.02, 165325
0.02, 164502
0.02, 163999
0.02, 163284
0.02, 162519
0.03, 158295
0.03, 156829
0.05, 156156
0.05, 155937
0.05, 153781
0.05, 153270
0.07, 152239
0.07, 151722
0.07, 151126
0.07, 150179
0.07, 149317
0.07, 147657
0.09, 147230
0.09, 141887
0.09, 141774
0.09, 141273
0.09, 140714
0.14, 140321
0.14, 139030
0.14, 138916
0.14, 138865
0.14, 138556
0.14, 137649
0.14, 134960
0.17, 132142
0.17, 131958
0.17, 131706
0.17, 131426
0.17, 130078
0.17, 128346
0.19, 128161
0.19, 127765
0.22, 127331
0.22, 126702
0.22, 125973
0.23, 125413
0.23, 124785
0.23, 124553
0.24, 123006
0.24, 118958
0.28, 117348
0.28, 117109
0.28, 115243
0.28, 115184
0.28, 111611
0.28, 111580
0.30, 110310
0.30, 109811
0.33, 108727
0.33, 107918
0.33, 107427
0.33, 104498
0.33, 104108
0.33, 103982
0.33, 102323
0.33, 102316
0.33, 101935
0.33, 100733
0.33, 100197
0.33, 99959
0.37, 98978
0.37, 97946
0.37, 95024
0.37, 93750
0.37, 93074
0.40, 92657
0.40, 90747
0.40, 86781
0.45, 86367
0.45, 85911
0.45, 85821
0.45, 85478
0.45, 85378
0.46, 83500
0.46, 83253
0.46, 82515
0.46, 82412
0.46, 81307
0.47, 81238
0.49, 80775
0.49, 80302
0.49, 80237
0.49, 80135
0.49, 79532
0.49, 79256
0.49, 78427
0.49, 78308
0.49, 76835
0.49, 76106
0.49, 75584
0.51, 74774
0.52, 74018
0.52, 73667
0.52, 72881
0.52, 72618
0.52, 72471
0.54, 72187
0.54, 72033
0.54, 71405
0.54, 71200
0.54, 70926
0.54, 70309
0.54, 68485
0.54, 67813
0.56, 66455
0.56, 65765
0.56, 63655
0.59, 63515
0.59, 62895
0.61, 62552
0.61, 62006
0.62, 61514
0.62, 61417
0.62, 60605
0.62, 60136
0.62, 59991
0.62, 59979
0.62, 58958
0.64, 58146
0.64, 57988
0.64, 57708
0.64, 57653
0.66, 57375
0.66, 56879
0.66, 56640
0.66, 56079
0.66, 55925
0.70, 55901
0.70, 55839
0.71, 55790
0.71, 55308
0.72, 55048
0.74, 54810
0.74, 54728
0.74, 54710
0.74, 54195
0.74, 54117
0.76, 54026
0.76, 53896
0.77, 53789
0.77, 53772
0.78, 53721
0.78, 53426
0.78, 53355
0.80, 53145
0.84, 53000
0.84, 52809
0.84, 52672
0.86, 52657
0.87, 52643
