0.03, 217952
0.03, 215260
0.03, 214335
0.03, 210539
0.03, 210428
0.03, 210408
0.03, 209622
0.03, 208962
0.03, 201557
0.03, 199749
0.03, 199693
0.03, 196858
0.03, 196818
0.03, 193446
0.03, 189389
0.03, 186979
0.03, 186061
0.03, 185434
0.03, 182219
0.03, 181041
0.03, 180967
0.03, 178357
0.03, 177310
0.03, 167881
0.03, 167696
0.03, 163702
0.03, 162951
0.03, 153086
0.03, 152197
0.03, 148979
0.03, 148458
0.03, 148355
0.03, 146809
0.09, 145842
0.09, 144948
0.13, 143021
0.13, 140798
0.16, 140056
0.16, 138090
0.18, 136646
0.18, 135845
0.18, 134821
0.18, 132862
0.18, 130771
0.20, 129597
0.20, 128780
0.20, 126278
0.28, 122635
0.28, 120987
0.29, 119097
0.29, 118254
0.29, 118243
0.29, 115809
0.29, 115707
0.29, 115193
0.29, 115191
0.29, 115046
0.29, 114036
0.29, 113065
0.29, 113053
0.30, 112648
0.31, 112431
0.31, 112276
0.34, 111488
0.34, 110836
0.35, 109550
0.35, 105798
0.35, 105408
0.36, 105337
0.36, 105300
0.36, 104380
0.36, 103341
0.36, 103151
0.36, 103086
0.36, 103011
0.36, 102912
0.36, 102474
0.38, 99968
0.38, 98935
0.39, 98813
0.39, 98047
0.39, 95100
0.39, 93461
0.42, 92470
0.43, 91464
0.43, 91232
0.44, 90982
0.44, 90874
0.44, 90268
0.44, 89491
0.44, 88714
0.45, 88599
0.45, 88540
0.45, 88010
0.45, 87520
0.45, 87027
0.47, 86985
0.47, 86229
0.47, 86142
0.47, 85159
0.48, 84705
0.48, 83785
0.48, 82525
0.48, 82255
0.48, 81617
0.50, 80924
0.50, 79939
0.50, 79667
0.50, 78527
0.50, 78365
0.50, 77745
0.50, 77215
0.52, 76734
0.52, 75439
0.52, 75234
0.52, 74555
0.55, 74406
0.55, 73693
0.55, 73597
0.55, 73111
0.55, 72876
0.55, 71959
0.56, 71623
0.56, 71227
0.56, 70961
0.56, 70196
0.56, 69814
0.56, 69132
0.56, 68575
0.58, 68497
0.58, 68438
0.58, 68090
0.58, 67987
0.58, 67182
0.58, 66857
0.58, 66628
0.60, 66317
0.60, 65752
0.60, 65467
0.60, 64855
0.60, 64820
0.61, 64728
0.61, 64275
0.61, 63247
0.63, 63080
0.63, 63070
0.63, 62838
0.63, 62111
0.63, 62000
0.66, 60677
0.66, 59776
0.66, 59268
0.67, 58886
0.68, 58362
0.68, 58113
0.69, 58075
0.69, 57751
0.69, 57249
0.71, 55920
0.72, 55531
0.72, 55416
0.72, 55288
0.73, 54346
0.73, 54273
0.73, 54185
0.73, 54034
0.79, 53953
0.79, 53858
0.79, 53542
0.79, 53445
0.80, 53282
0.81, 53238
0.81, 53193
0.81, 53184
0.84, 53134
0.84, 53108
0.84, 53014
0.85, 52942
0.85, 52932
0.88, 52883
0.88, 52847
0.88, 52657
4.37, 52643
