0.00,205598
0.00,196877
0.00,176150
0.00,178521
0.00,163031
0.00,160835
0.00,152488
0.00,153142
0.00,150899
0.00,145942
0.00,137885
0.00,135370
0.00,136418
0.00,136029
0.00,135584
0.00,129906
0.00,125633
0.00,126866
0.00,123929
0.00,121760
0.00,121811
0.00,123671
0.00,111429
0.00,115395
0.00,110622
0.00,105730
0.00,105233
0.00,112239
0.00,107788
0.00,101530
0.00,104525
0.00,105141
0.00,104633
0.00,105239
0.00,98828
0.00,97117
0.00,97838
0.00,96738
0.00,95257
0.00,91548
0.00,90833
0.00,89813
0.00,86172
0.00,85686
0.00,84517
0.00,82896
0.00,83182
0.00,82553
0.00,83909
0.00,81030
0.00,81273
0.00,81212
0.00,82697
0.00,90309
0.00,83859
0.00,86643
0.00,78193
0.00,78099
0.00,76313
0.00,74798
0.00,74042
0.00,74911
0.00,74936
0.00,73750
0.00,72963
0.00,74737
0.00,76103
0.00,75429
0.00,73281
0.00,72356
0.00,74585
0.00,82437
0.00,85718
0.00,73956
0.00,73479
0.00,72601
0.00,72657
0.00,76134
0.00,70771
0.00,71488
0.00,70878
0.00,71661
0.00,71646
0.00,70604
0.00,71051
0.00,72250
0.00,70484
0.00,72327
0.00,73613
0.00,84145
0.00,78648
0.00,69792
0.00,69626
0.00,69044
0.00,67778
0.00,66515
0.00,70660
0.00,69231
0.00,70178
0.00,72041
0.00,71744
0.00,71513
0.00,71214
0.01,71097
0.01,73323
0.01,73798
0.01,73742
0.01,72564
0.01,70708
0.01,68881
0.01,69111
0.01,68169
0.01,67287
0.01,67914
0.01,67984
0.01,68124
0.01,69399
0.01,73570
0.01,75725
0.01,67224
0.01,65281
0.01,64253
0.01,63592
0.01,63416
0.01,65439
0.01,67830
0.01,66880
0.01,68120
0.01,68019
0.01,67432
0.01,68519
0.01,69794
0.01,70244
0.01,70265
0.01,69612
0.01,69988
0.01,67907
0.01,67016
0.01,65317
0.01,63687
0.01,65047
0.01,63676
0.01,64959
0.01,63858
0.01,65236
0.01,66692
0.01,70545
0.01,72020
0.01,62794
0.01,61889
0.01,61020
0.01,60369
0.01,59788
0.01,59244
0.01,59608
0.01,59967
0.01,62047
0.01,64589
0.01,64149
0.01,61204
0.01,60149
0.01,60333
0.01,59518
0.01,68549
0.01,64158
0.01,58752
0.01,58272
0.01,59562
0.01,59665
0.01,60237
0.01,61366
0.01,61141
0.01,62366
0.01,61493
0.01,59921
0.01,59605
0.01,60001
0.01,59273
0.01,60497
0.01,61475
0.01,62904
0.01,65043
0.01,66529
0.01,57912
0.01,58959
0.01,58935
0.01,58338
0.01,59134
0.01,60007
0.01,60565
0.01,59761
0.01,58725
0.01,58086
0.01,57983
0.01,58948
0.01,60250
0.01,59706
0.01,59158
0.01,62311
0.01,56948
0.01,56658
0.01,56499
0.01,56309
0.01,56163
0.01,55706
0.01,55442
0.01,55335
0.01,56094
0.01,55104
0.01,55285
0.01,54446
0.01,53781
0.01,53666
0.01,53633
