0.00,210342
0.00,191172
0.00,171656
0.00,174613
0.00,159001
0.00,150279
0.00,141663
0.00,136285
0.00,135876
0.00,135598
0.00,134855
0.00,126481
0.00,117612
0.00,117618
0.00,119372
0.00,120403
0.00,115814
0.00,114232
0.00,113234
0.00,104743
0.00,102743
0.00,103733
0.00,99280
0.00,97850
0.00,96816
0.00,95698
0.00,96265
0.00,97896
0.00,94123
0.00,90732
0.00,90901
0.00,90029
0.00,88451
0.00,91023
0.00,87225
0.00,87430
0.00,88808
0.00,86605
0.00,85686
0.00,98823
0.00,94346
0.00,88042
0.00,84436
0.00,84381
0.00,85345
0.00,82485
0.00,82857
0.00,86119
0.00,91572
0.00,82129
0.00,82525
0.00,79411
0.00,77942
0.00,76437
0.00,74955
0.00,75090
0.00,73409
0.00,72469
0.00,80645
0.00,71166
0.00,70670
0.00,71573
0.00,71558
0.00,71795
0.00,71878
0.00,72807
0.00,73619
0.00,74615
0.00,73504
0.00,74061
0.00,75628
0.00,74468
0.00,73910
0.00,72747
0.00,69808
0.00,68727
0.00,68841
0.00,69797
0.00,67810
0.00,66933
0.00,66424
0.00,65597
0.00,66559
0.00,65746
0.00,64558
0.00,66479
0.00,64931
0.00,63779
0.00,66853
0.00,66297
0.00,66270
0.00,65401
0.00,66669
0.00,66339
0.00,65487
0.00,64615
0.00,63294
0.00,62545
0.00,62384
0.00,61767
0.00,60789
0.00,60336
0.00,59899
0.00,59684
0.00,59267
0.00,59597
0.00,58860
0.00,59914
0.00,58409
0.00,59574
0.00,58739
0.00,58634
0.00,59561
0.00,59444
0.00,59145
0.00,61039
0.00,61754
0.00,64141
0.00,61534
0.00,59963
0.00,59873
0.00,60064
0.00,63438
0.00,64119
0.00,63225
0.00,63298
0.00,62947
0.00,60107
0.00,59871
0.00,60335
0.00,61821
0.00,60832
0.00,59748
0.00,59044
0.00,58007
0.00,59186
0.00,57378
0.00,56874
0.00,56934
0.00,57079
0.00,56490
0.00,56135
0.00,55842
0.00,55552
0.00,55297
0.00,56533
0.00,55854
0.00,56541
0.00,56873
0.00,56289
0.00,56567
0.00,57686
0.00,56378
0.00,54809
0.00,57414
0.00,59755
0.00,60474
0.00,59873
0.00,56536
0.00,57222
0.00,55621
0.00,56277
0.00,55886
0.00,55265
0.00,54745
0.00,56434
0.00,59608
0.00,60164
0.00,60116
0.00,60281
0.00,56846
0.00,56992
0.00,56066
0.00,56550
0.00,55612
0.00,54643
0.00,54724
0.00,55086
0.00,57269
0.00,59610
0.00,60329
0.00,59728
0.00,56391
0.00,57077
0.00,55476
0.00,56132
0.00,55741
0.00,55120
0.00,54600
0.00,55622
0.00,56161
0.00,56296
0.00,57619
0.00,59362
0.00,55587
0.00,55374
0.00,54777
0.00,56364
0.00,55439
0.00,54002
0.00,54599
0.00,54068
0.00,53993
0.00,53408
0.00,52914
0.00,52879
