0.00,219393
0.00,216292
0.00,202337
0.00,194359
0.00,194475
0.00,189585
0.00,176057
0.00,186990
0.00,176826
0.00,168470
0.00,159556
0.00,150744
0.00,142512
0.00,147109
0.00,131761
0.00,126727
0.00,122716
0.00,116746
0.00,118515
0.00,121696
0.00,120637
0.00,119747
0.00,122133
0.00,121849
0.00,130827
0.00,122434
0.00,111972
0.00,110319
0.00,111871
0.00,105951
0.00,106142
0.00,103997
0.00,105891
0.00,109153
0.00,115819
0.00,112961
0.00,105287
0.00,109090
0.00,108070
0.00,108027
0.00,106677
0.00,109633
0.00,109716
0.00,106094
0.00,100251
0.00,99515
0.00,96987
0.00,97328
0.00,96458
0.00,94230
0.00,93546
0.00,93539
0.00,91154
0.00,90280
0.00,92897
0.00,90294
0.00,88054
0.00,85764
0.00,84913
0.00,83072
0.00,82957
0.00,91161
0.00,96931
0.00,89433
0.00,88930
0.00,87894
0.00,82109
0.00,82317
0.00,82078
0.00,82829
0.00,82063
0.00,83529
0.00,84561
0.00,86197
0.00,80308
0.00,81289
0.00,80510
0.00,80083
0.00,80165
0.00,77298
0.00,81337
0.00,83891
0.00,75237
0.00,73618
0.00,75347
0.00,73849
0.00,72688
0.00,74732
0.00,74542
0.00,72588
0.00,71112
0.00,70186
0.00,68313
0.00,67275
0.00,66039
0.00,66051
0.00,65768
0.00,64800
0.00,65093
0.00,64087
0.00,64532
0.00,63342
0.00,64101
0.00,64552
0.00,66333
0.00,68272
0.00,71815
0.00,82832
0.00,79047
0.00,77358
0.00,75005
0.00,73956
0.00,71789
0.00,71507
0.00,70530
0.00,71000
0.00,72593
0.00,72566
0.00,72162
0.00,71407
0.00,70314
0.00,69215
0.00,67251
0.00,65986
0.00,65070
0.00,63853
0.00,62513
0.00,62689
0.00,62701
0.00,62677
0.00,61709
0.00,60897
0.00,60171
0.00,62774
0.00,62867
0.00,64206
0.00,62648
0.01,60334
0.01,60246
0.01,60099
0.01,60262
0.01,57685
0.01,57611
0.01,57700
0.01,56931
0.01,57217
0.01,57112
0.01,57557
0.01,56995
0.01,56360
0.01,58336
0.01,59869
0.01,61200
0.01,61358
0.01,58173
0.01,56509
0.01,56647
0.01,57913
0.01,57198
0.01,56923
0.01,55880
0.01,55484
0.01,55097
0.01,54580
0.01,54216
0.01,54058
0.01,53868
0.01,55607
0.01,56443
0.01,58762
0.01,59816
0.01,67913
0.01,65851
0.01,64287
0.01,64504
0.01,65146
0.01,64412
0.01,62604
0.01,62330
0.01,63083
0.01,64086
0.01,64662
0.01,64783
0.01,62414
0.01,62046
0.01,61684
0.01,61327
0.01,58607
0.01,56871
0.01,55710
0.01,55242
0.01,53703
0.01,53912
0.01,54770
0.01,57796
0.01,58068
0.01,66553
0.01,64728
0.01,60467
0.01,60154
0.01,62599
0.01,62726
0.01,62755
0.01,62612
0.01,61236
0.01,62349
0.01,63480
0.01,63363
0.01,62421
0.01,62495
0.01,61734
0.01,61905
0.01,59779
0.01,58111
0.01,57250
0.01,56819
0.01,54574
0.01,53435
0.01,53715
0.01,53098
0.01,53063
