0.00, 228426
0.00, 221871
0.00, 215592
0.00, 212282
0.00, 211254
0.00, 211185
0.00, 209728
0.00, 209131
0.00, 206836
0.00, 206204
0.00, 206061
0.00, 201402
0.00, 199580
0.00, 198054
0.00, 197791
0.00, 193101
0.00, 193097
0.00, 192921
0.00, 192430
0.00, 189189
0.00, 188664
0.00, 188642
0.00, 182626
0.00, 178781
0.00, 178568
0.00, 172145
0.00, 170245
0.00, 167490
0.00, 167257
0.00, 163411
0.00, 159588
0.01, 159479
0.01, 159055
0.01, 153297
0.01, 144529
0.01, 143881
0.10, 143026
0.13, 136222
0.13, 135518
0.15, 133973
0.18, 132555
0.18, 128900
0.20, 128783
0.21, 128213
0.21, 124879
0.22, 122555
0.22, 122379
0.22, 121161
0.23, 120178
0.26, 117760
0.26, 115661
0.26, 115300
0.26, 115229
0.26, 114769
0.26, 114297
0.26, 113385
0.26, 111710
0.26, 111061
0.26, 110975
0.26, 110559
0.26, 109511
0.31, 108452
0.31, 108035
0.32, 107882
0.32, 107497
0.33, 106251
0.33, 105617
0.33, 105194
0.33, 103521
0.33, 102998
0.33, 102952
0.33, 101459
0.33, 100566
0.36, 99107
0.37, 97793
0.37, 97242
0.37, 96813
0.38, 95778
0.38, 95430
0.38, 93884
0.39, 93446
0.39, 88766
0.42, 88589
0.42, 88438
0.42, 88123
0.43, 87855
0.43, 87359
0.43, 87305
0.44, 86710
0.44, 86394
0.44, 86117
0.44, 85076
0.44, 83710
0.44, 81612
0.44, 79208
0.44, 79045
0.44, 78819
0.49, 78613
0.50, 78554
0.50, 78268
0.50, 77355
0.50, 77053
0.50, 75411
0.52, 75257
0.52, 74749
0.52, 74539
0.52, 74290
0.52, 74236
0.52, 72681
0.52, 72045
0.53, 71495
0.53, 71202
0.55, 71155
0.55, 71069
0.55, 70195
0.55, 69877
0.55, 69397
0.55, 69150
0.55, 68713
0.55, 66528
0.56, 66378
0.57, 65909
0.59, 65600
0.59, 64917
0.60, 64808
0.61, 64439
0.61, 64339
0.61, 64313
0.61, 64295
0.61, 64244
0.61, 63522
0.61, 63036
0.61, 62973
0.61, 62724
0.61, 62709
0.61, 62619
0.62, 62070
0.62, 61802
0.62, 61519
0.62, 60652
0.62, 60313
0.62, 60296
0.62, 60290
0.62, 60247
0.62, 60047
0.62, 59819
0.63, 58711
0.65, 58704
0.65, 58677
0.66, 57428
0.66, 57409
0.68, 57236
0.68, 56684
0.68, 56462
0.70, 56221
0.71, 56211
0.71, 55918
0.71, 55531
0.71, 55505
0.71, 54950
0.73, 54761
0.75, 54750
0.76, 54734
0.76, 54705
0.76, 54701
0.76, 54433
0.77, 54402
0.77, 54106
0.77, 53916
0.77, 53803
0.78, 53706
0.78, 53599
0.78, 53516
0.81, 53502
0.81, 53204
0.83, 53172
0.83, 53170
0.83, 53082
0.84, 52978
0.85, 52967
0.87, 52875
0.88, 52789
0.88, 52740
0.88, 52658
0.96, 52643
