0.00,234166
0.00,216461
0.00,218794
0.00,215051
0.00,205829
0.00,198383
0.00,196295
0.00,186138
0.00,179324
0.00,178920
0.00,165882
0.00,157369
0.00,153071
0.00,153976
0.00,155607
0.00,160704
0.00,162569
0.00,153490
0.00,141664
0.00,133239
0.00,127597
0.00,128418
0.00,117502
0.00,111919
0.00,110642
0.00,110719
0.00,108993
0.00,112522
0.00,118832
0.00,107074
0.00,106191
0.00,106067
0.00,106003
0.00,103815
0.00,100206
0.00,96707
0.00,98418
0.00,97141
0.00,93532
0.00,93765
0.00,93929
0.00,91720
0.00,90230
0.00,89586
0.00,89852
0.00,89887
0.00,90530
0.00,92174
0.00,96373
0.00,105619
0.00,91283
0.00,92703
0.00,88168
0.00,88028
0.00,88068
0.00,87415
0.00,86300
0.00,83297
0.00,80702
0.00,80062
0.00,83529
0.00,82906
0.00,82247
0.00,80506
0.00,79006
0.00,79844
0.00,79046
0.00,75984
0.00,76738
0.00,78250
0.00,78352
0.00,77213
0.00,77688
0.00,74782
0.00,82746
0.00,81035
0.00,76706
0.00,73996
0.00,71410
0.00,71190
0.00,71222
0.00,72886
0.00,74454
0.00,75671
0.00,73711
0.00,73022
0.00,70649
0.01,68937
0.01,69317
0.01,70477
0.01,71563
0.01,67427
0.01,68470
0.01,70132
0.01,69295
0.01,65796
0.01,65147
0.01,63985
0.01,63821
0.01,63274
0.01,63283
0.01,62432
0.01,63318
0.01,64056
0.01,62853
0.01,63135
0.01,65231
0.01,65201
0.01,63744
0.01,64626
0.01,64766
0.01,65229
0.01,67001
0.01,66152
0.01,62634
0.01,62348
0.01,63169
0.01,61524
0.01,60423
0.01,60784
0.01,60503
0.01,61229
0.01,63073
0.01,63903
0.01,63340
0.01,63492
0.01,61088
0.01,59845
0.01,59152
0.01,58550
0.01,58364
0.01,57797
0.01,57229
0.01,56975
0.01,57125
0.01,57860
0.01,59479
0.01,60309
0.01,60601
0.01,58934
0.01,58575
0.01,57389
0.01,58586
0.01,58600
0.01,60194
0.01,60247
0.01,61536
0.01,61746
0.01,58740
0.01,56800
0.01,57377
0.01,57012
0.01,55700
0.01,55146
0.01,55423
0.01,54611
0.01,54158
0.01,53859
0.01,53580
0.01,53312
0.01,54376
0.01,53256
0.01,52834
