0.00,218014
0.00,215187
0.00,203264
0.00,190400
0.00,185532
0.00,178838
0.00,168745
0.00,165398
0.00,159537
0.00,159118
0.00,153099
0.00,162826
0.00,161708
0.00,153136
0.00,147919
0.00,145539
0.00,144917
0.00,148180
0.00,144069
0.00,139345
0.00,136781
0.00,140390
0.00,132476
0.00,124251
0.00,127414
0.00,119566
0.00,121977
0.00,123052
0.00,121208
0.00,120731
0.00,118148
0.00,113336
0.00,109321
0.00,109913
0.00,103867
0.00,102347
0.00,96538
0.00,98675
0.00,98053
0.00,97553
0.00,96308
0.00,92245
0.00,88287
0.00,88640
0.00,90267
0.00,90297
0.00,90725
0.00,94581
0.00,92194
0.00,91302
0.00,91499
0.00,91506
0.00,90343
0.00,88552
0.00,92594
0.00,87358
0.00,85608
0.00,84018
0.00,81278
0.00,78422
0.00,79171
0.00,79891
0.00,84843
0.00,87202
0.00,86081
0.00,84476
0.00,84512
0.00,86192
0.00,86424
0.00,97946
0.00,95153
0.00,89942
0.00,88315
0.00,88345
0.00,86258
0.00,86778
0.00,79968
0.00,77813
0.00,74876
0.00,72970
0.00,72048
0.00,72783
0.00,73947
0.00,73639
0.00,70545
0.00,76275
0.00,79386
0.00,69705
0.00,69018
0.00,68090
0.00,69752
0.00,68459
0.00,68193
0.00,67559
0.00,66669
0.00,68720
0.00,68966
0.00,68341
0.00,66004
0.00,65322
0.00,66226
0.00,65846
0.00,65572
0.00,68169
0.00,71053
0.00,71974
0.00,71937
0.00,71020
0.00,70341
0.00,68246
0.00,71498
0.00,74433
0.00,76793
0.00,77983
0.00,79016
0.00,77445
0.00,86771
0.00,83450
0.00,77842
0.00,74151
0.00,74483
0.00,73171
0.00,72460
0.00,71212
0.00,70502
0.00,65413
0.00,64403
0.00,65061
0.00,66630
0.00,68273
0.00,69731
0.00,71192
0.00,71480
0.00,71155
0.00,71836
0.00,71604
0.00,71156
0.00,71906
0.00,81930
0.00,81585
0.00,78499
0.00,75970
0.01,74610
0.01,72475
0.01,72277
0.01,70760
0.01,70238
0.01,70335
0.01,69825
0.01,63461
0.01,62975
0.01,62493
0.01,62066
0.01,62149
0.01,61868
0.01,62611
0.01,62828
0.01,63066
0.01,65122
0.01,65508
0.01,65525
0.01,64606
0.01,62472
0.01,63571
0.01,63519
0.01,63030
0.01,61006
0.01,60423
0.01,60036
0.01,60728
0.01,59671
0.01,60907
0.01,59587
0.01,58143
0.01,58777
0.01,58305
0.01,58187
0.01,58257
0.01,58487
0.01,58442
0.01,57150
0.01,56533
0.01,56170
0.01,55778
0.01,55483
0.01,55193
0.01,54991
0.01,54680
0.01,54770
0.01,54560
0.01,54204
0.01,53842
0.01,53807
