0.02,550725
0.02,517064
0.02,498863
0.02,493426
0.02,466899
0.02,470702
0.02,460714
0.02,443388
0.02,433091
0.02,434656
0.02,423209
0.02,425072
0.02,420399
0.02,415864
0.02,407498
0.02,390710
0.02,386503
0.02,391254
0.02,387912
0.02,392330
0.02,394549
0.02,392555
0.02,388731
0.02,381044
0.02,384637
0.02,385979
0.02,378837
0.02,377248
0.02,365490
0.02,347086
0.02,335370
0.02,336552
0.02,335416
0.02,337094
0.02,340271
0.02,336630
0.02,327204
0.02,333618
0.02,330110
0.02,332285
0.02,329314
0.02,328053
0.02,325327
0.02,336663
0.02,322370
0.02,323270
0.02,330568
0.02,327739
0.02,329842
0.02,321094
0.02,322290
0.02,316188
0.02,302318
0.02,297357
0.02,296913
0.02,296003
0.02,293038
0.02,285750
0.02,276152
0.02,270943
0.02,275846
0.02,272511
0.02,259623
0.02,256508
0.02,254102
0.02,248882
0.02,249746
0.02,254649
0.02,251314
0.02,245802
0.02,241297
0.02,235312
0.02,228891
0.02,229634
0.02,224121
0.02,227388
0.02,217033
0.02,212965
0.02,210113
0.02,212642
0.02,217513
0.02,208293
0.02,209332
0.02,213171
0.02,212712
0.02,218096
0.02,215538
0.02,212903
0.02,213964
0.02,204960
0.02,201756
0.02,200187
0.02,202558
0.02,200111
0.02,199828
0.02,196631
0.02,193348
0.02,193044
0.02,190496
0.02,190187
0.02,184857
0.02,180647
0.02,182071
0.02,183945
0.02,183762
0.02,181364
0.02,173987
0.02,173657
0.02,171587
0.02,172810
0.02,175171
0.02,173029
0.02,171119
0.02,169772
0.02,169295
0.02,169886
0.02,172101
0.02,174247
0.02,172338
0.02,172002
0.02,164188
0.02,163987
0.02,165205
0.02,161623
0.02,165544
0.02,163059
0.02,166908
0.02,169580
0.02,166754
0.02,158298
0.02,155466
0.02,155846
0.02,159386
0.02,162202
0.02,152792
0.02,151476
0.02,149056
0.02,146636
0.02,144276
0.02,141240
0.02,146884
0.02,148440
0.02,149669
0.02,144812
0.02,146156
0.02,145644
0.02,142144
0.02,139491
0.02,135955
0.02,137246
0.02,136653
0.02,137412
0.02,137795
0.02,139933
0.02,139646
0.02,139093
0.02,138846
0.02,140325
0.02,141921
0.02,136740
0.02,134051
0.02,135251
0.02,137108
0.02,137611
0.02,140206
0.02,136489
0.02,138170
0.02,137128
0.02,140156
0.02,133944
0.02,131189
0.02,131716
0.02,130596
0.02,128392
0.02,126702
0.02,125116
0.02,123700
0.02,122407
0.02,121154
0.02,121716
0.02,126726
0.02,134052
0.02,134175
0.02,133363
0.02,136321
0.02,141570
0.02,140176
0.02,141735
0.02,141997
0.02,144458
0.02,141952
0.02,142068
0.02,135328
0.02,132437
0.02,134741
0.02,129586
0.02,128127
0.02,124105
0.02,119643
0.02,118456
0.02,117271
0.02,116722
0.02,115983
0.03,114619
0.03,113887
0.03,113170
0.03,112480
0.03,114142
0.03,115177
0.03,114378
0.03,115027
0.03,117053
0.03,119751
0.03,119066
0.03,119382
0.03,117318
0.03,116446
0.03,115553
0.03,113644
0.03,111872
0.03,111279
0.03,110700
0.03,110962
0.03,111496
0.03,112884
0.03,114807
0.03,116897
0.03,116387
0.03,116341
0.03,116446
0.03,117039
0.03,115550
0.03,115140
0.03,112512
0.03,109619
0.03,109963
0.03,109326
0.03,108843
0.03,111832
0.03,114037
0.03,112598
0.03,112727
0.03,114426
0.03,113475
0.03,114936
0.03,114970
0.03,116212
0.03,116606
0.03,116706
0.03,114918
0.03,112769
0.03,112273
0.03,111233
0.03,111040
0.03,109104
0.03,110721
0.03,108581
0.03,108385
0.03,108193
0.03,108059
