0.00,531758
0.00,521476
0.00,519374
0.00,509471
0.00,508622
0.00,489969
0.00,481468
0.00,467104
0.00,440763
0.00,421027
0.00,423724
0.00,403792
0.00,385932
0.00,394385
0.00,395928
0.00,371457
0.00,361901
0.00,356473
0.00,339749
0.00,337180
0.00,339413
0.00,326098
0.00,323577
0.00,323251
0.00,317880
0.00,317007
0.00,306580
0.00,301994
0.00,301867
0.00,303332
0.00,305392
0.00,301256
0.00,305275
0.00,299873
0.00,305243
0.00,308770
0.00,308888
0.00,305918
0.00,309046
0.00,283537
0.00,280485
0.00,280205
0.00,286559
0.00,284350
0.00,273726
0.00,267219
0.00,265073
0.00,258040
0.00,257384
0.00,252395
0.00,251751
0.00,248873
0.00,242737
0.00,239314
0.00,236116
0.00,235691
0.00,246639
0.00,244719
0.00,247491
0.00,244224
0.00,245037
0.00,243052
0.00,246541
0.00,250952
0.00,249021
0.00,239279
0.00,231046
0.00,232621
0.00,230301
0.00,231737
0.00,232443
0.00,229669
0.00,235423
0.00,231503
0.00,228796
0.00,227336
0.00,227290
0.00,231389
0.00,227651
0.00,220207
0.00,221275
0.00,220468
0.00,218172
0.00,218112
0.00,219219
0.00,214452
0.00,220453
0.00,215676
0.00,217173
0.00,222316
0.00,213302
0.00,206634
0.00,206882
0.00,209491
0.00,211719
0.00,207589
0.00,203880
0.00,211442
0.00,206359
0.00,203918
0.00,199199
0.01,198831
0.01,199810
0.01,193366
0.01,194257
0.01,190347
0.01,188307
0.01,187011
0.01,182278
0.01,175987
0.01,172259
0.01,172766
0.01,172466
0.01,173810
0.01,181468
0.01,180163
0.01,175958
0.01,176687
0.01,176016
0.01,172095
0.01,174436
0.01,174788
0.01,168561
0.01,171331
0.01,171459
0.01,169695
0.01,168157
0.01,173316
0.01,173987
0.01,177330
0.01,176143
0.01,174740
0.01,165367
0.01,163057
0.01,162519
0.01,163724
0.01,166629
0.01,170187
0.01,170376
0.01,170230
0.01,175352
0.01,174396
0.01,176952
0.01,169178
0.01,168910
0.01,167913
0.01,163002
0.01,162350
0.01,160992
0.01,167160
0.01,175581
0.01,167355
0.01,164090
0.01,167447
0.01,163995
0.01,160943
0.01,160242
0.01,156977
0.01,157403
0.01,156826
0.01,156620
0.01,154960
0.01,155203
0.01,152430
0.01,147528
0.01,149020
0.01,154970
0.01,154085
0.01,151184
0.01,148230
0.01,148774
0.01,149904
0.01,151714
0.01,151548
0.01,151078
0.01,144034
0.01,146912
0.01,144747
0.01,145228
0.01,141482
0.01,138671
0.01,140545
0.01,139404
0.01,139784
0.01,138057
0.01,137561
0.01,138971
0.01,139554
0.01,143576
0.01,138293
0.01,137671
0.01,137210
0.01,138412
0.01,140852
0.01,141050
0.01,140369
0.01,134353
0.01,131856
0.01,132536
0.01,132900
0.01,134039
0.01,130349
0.01,128635
0.01,129389
0.01,129795
0.01,125781
0.01,139535
0.01,140599
0.01,139100
0.01,136338
0.01,134462
0.01,139371
0.01,140205
0.01,141119
0.01,132175
0.01,129291
0.01,132125
0.01,139827
0.01,139351
0.01,136738
0.01,138186
0.01,139578
0.01,139984
0.01,143802
0.01,141275
0.01,135294
0.01,134112
0.01,133401
0.01,132246
0.01,130545
0.01,127607
0.01,128856
0.01,131138
0.01,130256
0.01,134409
0.01,135909
0.01,135273
0.01,139084
0.01,137526
0.01,137770
0.01,135583
0.01,136797
0.01,133493
0.01,127890
0.01,124613
0.01,124424
0.01,125817
0.01,126696
0.01,129487
0.01,133406
0.01,130365
0.01,125732
0.01,129404
0.01,128957
0.01,128865
0.01,125553
0.01,124140
0.01,125843
0.01,128833
0.01,128320
0.01,132381
0.01,133957
0.01,131017
0.01,131142
0.01,129054
0.01,129394
0.01,125310
0.01,124129
0.01,127473
0.01,132756
0.01,131436
0.01,129703
0.01,129732
0.01,130253
0.01,127164
0.01,122420
0.01,120836
0.01,120817
0.01,119972
0.01,118167
0.01,116724
0.01,117966
0.01,116335
0.01,114408
0.01,115821
0.01,119133
0.01,119225
0.01,119672
0.01,114830
0.01,112821
0.01,111979
0.01,111429
0.01,110774
0.01,110245
0.01,109493
0.01,108970
0.01,108604
0.01,108286
0.01,107945
0.01,108751
0.01,107862
0.01,109492
0.01,110805
0.01,113588
0.01,114872
0.01,116199
0.01,114192
0.01,113705
0.01,115724
0.01,115739
0.01,117869
0.01,116359
0.01,117313
0.01,120047
0.01,118246
0.01,115091
0.01,115060
0.01,113489
0.01,106986
0.01,107364
0.01,109190
0.01,112048
0.01,112979
0.01,113737
0.01,116642
0.01,118865
0.01,117791
0.01,116414
0.01,117479
0.01,121909
0.01,121406
0.01,117355
0.01,118004
0.01,117345
0.01,115554
0.01,109524
0.01,106431
0.01,106239
0.01,106162
0.01,105882
0.01,105840
0.01,105205
0.01,105143
0.01,104968
0.01,104933
0.01,104920
0.01,104723
0.01,104715
