0.00,541263
0.00,526074
0.00,505178
0.00,495486
0.00,482417
0.00,471675
0.00,469183
0.00,469749
0.00,454734
0.00,450647
0.00,435915
0.00,415347
0.00,401422
0.00,377767
0.00,384362
0.00,374894
0.00,373211
0.00,355604
0.00,360962
0.00,364565
0.00,342686
0.00,352832
0.00,355960
0.00,353952
0.00,347510
0.00,332942
0.00,324839
0.00,314737
0.00,314407
0.00,313223
0.00,313164
0.00,306564
0.00,305601
0.00,310196
0.00,317567
0.00,317870
0.00,318068
0.00,305336
0.00,311418
0.00,314166
0.00,315898
0.00,310635
0.00,306798
0.00,302008
0.00,296600
0.00,293204
0.00,292594
0.00,285121
0.00,302587
0.00,302392
0.00,299725
0.00,292227
0.00,293221
0.00,294477
0.00,289661
0.00,285152
0.00,288891
0.00,283103
0.00,290811
0.00,300003
0.00,295513
0.00,292439
0.00,275976
0.00,271050
0.00,258139
0.00,257489
0.00,253997
0.00,253617
0.00,245630
0.00,251514
0.00,247439
0.00,243305
0.00,242069
0.00,233801
0.00,223099
0.00,217631
0.01,213969
0.01,214386
0.01,216082
0.01,214546
0.01,209140
0.01,207887
0.01,203604
0.01,206283
0.01,207158
0.01,214356
0.01,207026
0.01,209972
0.01,216072
0.01,210464
0.01,210862
0.01,205070
0.01,199789
0.01,199527
0.01,198196
0.01,191755
0.01,192613
0.01,195366
0.01,197419
0.01,195890
0.01,194327
0.01,193351
0.01,186894
0.01,182091
0.01,177546
0.01,177525
0.01,180671
0.01,181657
0.01,181456
0.01,180889
0.01,175506
0.01,179446
0.01,175662
0.01,176107
0.01,183416
0.01,184310
0.01,189967
0.01,191627
0.01,188446
0.01,188309
0.01,192088
0.01,199429
0.01,195064
0.01,188871
0.01,183461
0.01,183879
0.01,184186
0.01,192405
0.01,193283
0.01,197955
0.01,196088
0.01,185101
0.01,182505
0.01,184074
0.01,179791
0.01,184026
0.01,184524
0.01,186985
0.01,184204
0.01,183119
0.01,176352
0.01,177302
0.01,174075
0.01,171183
0.01,170110
0.01,167402
0.01,168887
0.01,172759
0.01,184106
0.01,187017
0.01,182802
0.01,182436
0.01,180559
0.01,178991
0.01,182320
0.01,181472
0.01,184651
0.01,189743
0.01,190251
0.01,186421
0.01,184575
0.01,183290
0.01,182600
0.01,176137
0.01,173836
0.01,177909
0.01,173832
0.01,171770
0.01,171650
0.01,167763
0.01,163869
0.01,166124
0.01,163392
0.01,160760
0.01,163439
0.01,167069
0.01,158364
0.01,157598
0.01,158215
0.01,155839
0.01,153330
0.01,159581
0.01,150388
0.01,152645
0.01,147920
0.01,151200
0.01,150195
0.01,149428
0.01,152402
0.01,148792
0.01,151214
0.01,148595
0.01,144665
0.01,143383
0.01,141230
0.01,139114
0.01,138260
0.01,136570
0.01,134666
0.01,133885
0.01,132357
0.01,132369
0.01,132794
0.01,130363
0.01,131926
0.01,133287
0.01,129356
0.01,129624
0.01,129015
0.01,129563
0.01,131218
0.01,135439
0.01,138562
0.01,138606
0.01,137714
0.01,136289
0.01,136041
0.01,133596
0.01,129589
0.01,133349
0.01,140596
0.01,139339
0.01,139939
0.01,148076
0.01,145352
0.01,141370
0.01,139619
0.01,137896
0.01,136388
0.01,131905
0.01,132780
0.01,134408
0.01,128236
0.01,126503
0.01,127328
0.01,128864
0.01,129873
0.01,126799
0.01,124966
0.01,125189
0.01,123396
0.01,122179
0.01,120963
0.01,119798
0.01,118777
0.01,119068
0.01,120883
0.01,122131
0.01,123161
0.01,124112
0.01,122723
0.01,122768
0.01,121650
0.01,122660
0.01,126984
0.01,126595
0.01,124933
0.01,126429
0.01,126944
0.01,126793
0.01,128980
0.01,130167
0.01,136309
0.01,135711
0.01,135872
0.01,143655
0.01,144537
0.01,138531
0.01,132456
0.01,131529
0.01,131774
0.01,134385
0.01,137946
0.01,138836
0.01,138396
0.01,135168
0.01,132331
0.01,129777
0.01,135256
0.01,132717
0.01,128031
0.01,122141
0.01,117922
0.01,119719
0.01,123259
0.01,125567
0.01,131882
0.01,130490
0.01,128651
0.01,125559
0.01,121831
0.01,120244
0.01,118930
0.01,117099
0.01,116018
0.01,115339
0.01,116309
0.01,117154
0.01,117089
0.01,114669
0.01,115294
0.01,115963
0.01,114026
0.01,115034
0.01,112979
0.01,112527
0.01,113593
0.01,113454
0.01,113524
0.01,114498
0.01,114681
0.01,116114
0.01,117667
0.01,119644
0.01,121188
0.01,117407
0.01,117460
0.01,120566
0.01,120920
0.01,119832
0.01,121689
0.01,120318
0.01,122628
0.01,124789
0.01,128395
0.01,129399
0.01,131382
0.01,133134
0.01,136641
0.01,140004
0.01,131670
0.01,128835
0.01,130237
0.01,131633
0.01,131683
0.01,132045
0.01,129365
0.01,127501
0.01,126624
0.01,127863
0.01,126908
0.01,128422
0.01,128406
0.01,119029
0.01,111586
0.01,111056
0.01,110675
0.01,110954
0.01,111881
0.01,114298
0.01,113499
0.01,118112
0.01,121117
0.01,123609
0.01,125069
0.01,120562
0.01,119378
0.01,117460
0.01,114135
0.01,113975
0.01,110338
0.01,113696
0.01,116785
0.01,117276
0.01,116802
0.01,122311
0.01,123754
0.01,117632
0.01,121591
0.01,117977
0.01,115451
0.01,115372
0.01,111656
0.01,108985
0.01,108663
0.01,108355
0.01,108052
0.01,107840
0.01,109117
0.01,108521
0.01,108583
0.01,108399
0.02,108862
0.02,109175
0.02,107694
0.02,108879
0.02,107561
0.02,109328
0.02,110613
0.02,110302
0.02,107014
0.02,106543
0.02,106430
0.02,106394
0.02,106386
