0.00,510617
0.00,478571
0.00,459106
0.00,449790
0.00,450676
0.00,439579
0.00,441776
0.00,438118
0.00,413448
0.00,411891
0.00,402044
0.00,401592
0.00,397325
0.00,396872
0.00,394763
0.00,377698
0.00,361159
0.00,352836
0.00,348954
0.00,338181
0.00,326749
0.00,328376
0.00,328850
0.00,329461
0.00,324262
0.00,320987
0.00,313158
0.00,312235
0.00,311956
0.00,307520
0.00,299724
0.00,299485
0.00,292806
0.00,291439
0.00,292400
0.00,292855
0.00,284556
0.00,270500
0.00,261999
0.00,263244
0.00,269319
0.00,261965
0.00,260170
0.00,249598
0.00,256720
0.00,246861
0.00,239731
0.00,236085
0.00,236888
0.00,236242
0.00,247605
0.00,256174
0.00,255071
0.00,251971
0.00,250123
0.00,243333
0.00,228529
0.00,222500
0.00,218632
0.00,220706
0.00,227122
0.00,235123
0.00,227759
0.00,227828
0.00,229481
0.00,230987
0.00,223312
0.00,216483
0.00,214433
0.00,214991
0.00,218990
0.00,219423
0.00,216517
0.00,212108
0.00,212165
0.00,209889
0.00,206697
0.00,203797
0.00,201310
0.00,209044
0.00,212437
0.01,215006
0.01,211501
0.01,208032
0.01,207925
0.01,212076
0.01,207294
0.01,205402
0.01,205913
0.01,207527
0.01,200092
0.01,197258
0.01,198185
0.01,190552
0.01,189628
0.01,186167
0.01,182477
0.01,183642
0.01,180965
0.01,186668
0.01,189009
0.01,184072
0.01,188589
0.01,187014
0.01,187305
0.01,187277
0.01,187339
0.01,188527
0.01,187300
0.01,184261
0.01,181502
0.01,179348
0.01,182602
0.01,182476
0.01,181027
0.01,179500
0.01,172253
0.01,167737
0.01,166784
0.01,171399
0.01,171558
0.01,168318
0.01,162474
0.01,164749
0.01,167326
0.01,162271
0.01,165860
0.01,161737
0.01,165371
0.01,157358
0.01,154238
0.01,153971
0.01,150648
0.01,147897
0.01,145164
0.01,142322
0.01,143056
0.01,145379
0.01,146666
0.01,145233
0.01,142427
0.01,144074
0.01,142376
0.01,140734
0.01,138594
0.01,137497
0.01,135560
0.01,135844
0.01,134029
0.01,132617
0.01,131298
0.01,130023
0.01,130070
0.01,128472
0.01,127327
0.01,128089
0.01,128333
0.01,126863
0.01,125609
0.01,124647
0.01,123678
0.01,122386
0.01,122561
0.01,121467
0.01,120743
0.01,120040
0.01,119382
0.01,118741
0.01,119746
0.01,119564
0.01,118757
0.01,119259
0.01,120000
0.01,125207
0.01,124031
0.01,124265
0.01,126354
0.01,124483
0.01,130624
0.01,132887
0.01,133664
0.01,126808
0.01,127114
0.01,125820
0.01,120817
0.01,127378
0.01,121432
0.01,117968
0.01,117380
0.01,122108
0.01,123129
0.01,126574
0.01,134899
0.01,135500
0.01,135695
0.01,135026
0.01,131042
0.01,130197
0.01,129380
0.01,129693
0.01,124176
0.01,120447
0.01,120441
0.01,119047
0.01,118747
0.01,115646
0.01,119757
0.01,121171
0.01,122834
0.01,131270
0.01,131807
0.01,131710
0.01,130044
0.01,126504
0.01,127492
0.01,128467
0.01,130969
0.01,132006
0.01,132363
0.01,130931
0.01,122068
0.01,118023
0.01,117474
0.01,114706
0.01,114080
0.01,113526
0.01,113104
0.01,113393
0.01,114660
0.01,115248
0.01,115695
0.01,114408
0.01,113390
0.01,116541
0.01,114625
0.01,118132
0.01,123216
0.01,128012
0.01,121234
0.01,121891
0.01,120402
0.01,118319
0.01,115600
0.01,111733
0.01,111095
0.01,110684
0.01,109908
0.01,110098
0.01,109356
0.01,110025
0.01,110901
0.01,111364
0.01,108889
0.01,108606
0.01,108373
0.01,107964
0.01,109128
0.01,110207
0.01,109197
0.01,109817
0.01,107766
0.01,107579
0.01,107228
0.01,107053
0.01,106881
0.01,106863
0.01,106855
0.01,108840
0.01,110462
0.01,110345
0.01,109324
0.01,109131
0.01,107882
0.01,106672
0.01,107952
0.01,106290
0.01,107403
0.01,108941
0.01,107902
0.01,107259
0.01,106125
