0.03, 457194
0.03, 454427
0.03, 452000
0.03, 451006
0.03, 449787
0.03, 447816
0.03, 447429
0.03, 446358
0.03, 444563
0.03, 444282
0.03, 444041
0.03, 438719
0.03, 433085
0.03, 429061
0.03, 419633
0.04, 413747
0.04, 413541
0.07, 413037
0.07, 412685
0.07, 410046
0.07, 407912
0.07, 404711
0.08, 400481
0.08, 398202
0.08, 397459
0.08, 395170
0.12, 387309
0.12, 384961
0.12, 383009
0.15, 380124
0.15, 380039
0.15, 361609
0.15, 360955
0.15, 357578
0.26, 356350
0.28, 352016
0.31, 350501
0.31, 348893
0.31, 347334
0.31, 347256
0.31, 346193
0.31, 345707
0.31, 342254
0.31, 340963
0.31, 339754
0.32, 337259
0.32, 336302
0.34, 334638
0.34, 334380
0.34, 332301
0.34, 332219
0.34, 328725
0.34, 326502
0.34, 325508
0.35, 321699
0.35, 321043
0.36, 313884
0.37, 306413
0.37, 305774
0.37, 305611
0.38, 305488
0.38, 303003
0.38, 301195
0.38, 299621
0.38, 298445
0.38, 298406
0.38, 297738
0.38, 296039
0.40, 294180
0.40, 293616
0.40, 293238
0.41, 290485
0.41, 290135
0.41, 289547
0.41, 288758
0.41, 287351
0.41, 285143
0.41, 284752
0.41, 284594
0.41, 283255
0.41, 282389
0.41, 281510
0.41, 280316
0.41, 274481
0.41, 272159
0.41, 271745
0.41, 271275
0.45, 265264
0.45, 264326
0.45, 262584
0.45, 259433
0.45, 258590
0.49, 255908
0.49, 255883
0.49, 254423
0.50, 252908
0.51, 252602
0.51, 252473
0.51, 251449
0.51, 249905
0.51, 249055
0.51, 248812
0.51, 248519
0.52, 247491
0.52, 247035
0.52, 246103
0.52, 245668
0.52, 244966
0.52, 244732
0.52, 244591
0.52, 244040
0.53, 242589
0.53, 241395
0.53, 241244
0.53, 239927
0.53, 231843
0.55, 228434
0.55, 227331
0.56, 226040
0.57, 224494
0.57, 224383
0.57, 222736
0.57, 218803
0.57, 218681
0.57, 217888
0.57, 217760
0.58, 217470
0.58, 217285
0.59, 216372
0.59, 214392
0.59, 211901
0.59, 209622
0.59, 209257
0.59, 205302
0.59, 203575
0.59, 203439
0.59, 202573
0.59, 201775
0.59, 200169
0.59, 198990
0.59, 198183
0.59, 196631
0.62, 196550
0.62, 195321
0.62, 195174
0.62, 190758
0.63, 189914
0.63, 188526
0.63, 186670
0.63, 186429
0.63, 185506
0.63, 181931
0.63, 181907
0.66, 181726
0.66, 181486
0.66, 180931
0.66, 179679
0.66, 178689
0.66, 178235
0.66, 177096
0.66, 174954
0.68, 174712
0.68, 174710
0.68, 173990
0.68, 173805
0.69, 173042
0.69, 173024
0.69, 172810
0.69, 172557
0.69, 172506
0.69, 172404
0.69, 171727
0.69, 169493
0.69, 169166
0.69, 168561
0.70, 167947
0.70, 164645
0.70, 163721
0.71, 162514
0.71, 160869
0.71, 159874
0.71, 157817
0.71, 156784
0.73, 156317
0.73, 155945
0.73, 155797
0.74, 154511
0.74, 154493
0.74, 150606
0.74, 150447
0.74, 150301
0.75, 148775
0.75, 148518
0.76, 147972
0.76, 146755
0.76, 146151
0.76, 143487
0.78, 142949
0.78, 140481
0.78, 139927
0.78, 139160
0.78, 138604
0.78, 137515
0.78, 137490
0.78, 136995
0.78, 136875
0.78, 134021
0.81, 133317
0.81, 132358
0.81, 131897
0.81, 131863
0.81, 131671
0.81, 131077
0.81, 130952
0.81, 130667
0.81, 130422
0.81, 129574
0.81, 128556
0.81, 127905
0.82, 126626
0.82, 126344
0.82, 125678
0.82, 124197
0.82, 124028
0.82, 123479
0.82, 123017
0.82, 122090
0.84, 121964
0.86, 121722
0.86, 121371
0.86, 120688
0.88, 120545
0.88, 120303
0.88, 120110
0.88, 119867
0.88, 119473
0.88, 119438
0.88, 118988
0.88, 118940
0.88, 118410
0.88, 118070
0.89, 117329
0.89, 117177
0.89, 116855
0.89, 116153
0.89, 115824
0.89, 114820
0.89, 112754
0.89, 112119
0.93, 110613
0.93, 110163
0.93, 109937
0.93, 109678
0.95, 109146
0.95, 108161
0.95, 108059
0.95, 107864
0.95, 107851
0.95, 107832
0.95, 107769
0.97, 107595
0.97, 107518
0.97, 107115
0.97, 106859
0.97, 105970
0.98, 105937
0.99, 105897
0.99, 105866
1.00, 105377
1.00, 105350
1.02, 104890
1.02, 104854
1.02, 104654
1.02, 104569
1.03, 104061
1.03, 103823
1.16, 103779
1.16, 103746
1.17, 103535
1.17, 103314
1.17, 103072
1.17, 103034
1.18, 102769
1.18, 102707
1.18, 102532
1.18, 102513
1.18, 102505
2.78, 102482
2.80, 102321
2.80, 102286
4.32, 102244
4.32, 102096
4.33, 101675
4.34, 101489
4.35, 101488
4.35, 101471
4.36, 101282
4.37, 101203
4.37, 101064
4.37, 101056
4.37, 100983
4.37, 100956
7.59, 100942
7.59, 100915
7.67, 100898
7.69, 100851
7.69, 100843
7.69, 100774
7.77, 100707
7.81, 100466
7.82, 100458
