0.00, 547102
0.00, 544892
0.00, 542962
0.00, 540666
0.00, 540574
0.00, 540548
0.00, 536999
0.00, 536717
0.00, 521513
0.00, 519623
0.00, 517727
0.00, 507837
0.00, 507504
0.00, 499840
0.00, 493624
0.00, 492067
0.00, 486568
0.00, 486032
0.00, 465163
0.00, 462150
0.00, 452234
0.00, 444431
0.00, 439950
0.01, 438872
0.01, 438320
0.01, 438034
0.01, 434237
0.01, 433588
0.01, 430203
0.01, 413291
0.01, 412173
0.06, 408977
0.07, 405263
0.07, 403482
0.07, 397628
0.07, 393741
0.07, 393289
0.07, 392008
0.07, 388728
0.14, 387001
0.14, 381020
0.16, 374586
0.17, 369778
0.17, 369529
0.17, 367881
0.17, 367120
0.21, 363413
0.21, 361831
0.21, 360511
0.21, 356087
0.21, 352239
0.21, 345775
0.21, 344945
0.21, 343236
0.21, 342581
0.21, 342493
0.28, 337583
0.28, 335402
0.28, 332281
0.28, 331733
0.28, 331171
0.32, 330517
0.32, 327751
0.34, 321406
0.34, 321181
0.35, 313964
0.35, 310033
0.35, 309540
0.35, 308327
0.35, 300664
0.35, 300488
0.37, 298866
0.37, 296853
0.37, 295373
0.37, 295370
0.37, 294750
0.38, 293016
0.40, 292730
0.40, 289500
0.40, 285897
0.42, 285234
0.42, 279055
0.42, 278538
0.43, 277686
0.43, 277104
0.43, 276875
0.43, 275801
0.43, 274630
0.43, 273628
0.43, 272594
0.43, 272279
0.43, 270083
0.43, 267458
0.43, 264334
0.43, 260183
0.45, 259533
0.45, 257842
0.49, 257548
0.49, 256927
0.49, 256494
0.49, 255997
0.49, 254221
0.49, 254201
0.49, 251692
0.49, 251529
0.49, 250607
0.49, 245264
0.49, 245043
0.49, 243804
0.49, 237678
0.50, 233976
0.50, 233061
0.50, 231686
0.50, 228902
0.50, 225024
0.50, 223762
0.50, 221250
0.50, 220753
0.50, 220541
0.50, 219334
0.50, 217572
0.50, 217169
0.50, 215767
0.50, 214269
0.54, 212611
0.54, 209373
0.54, 208074
0.57, 208051
0.57, 207365
0.57, 205953
0.57, 204855
0.57, 203986
0.57, 203628
0.58, 202427
0.58, 200325
0.59, 198221
0.59, 194995
0.59, 194879
0.59, 193238
0.59, 191543
0.59, 189731
0.59, 188413
0.59, 187559
0.59, 187385
0.59, 186139
0.59, 185701
0.59, 184970
0.59, 184768
0.59, 181643
0.59, 180292
0.61, 179580
0.64, 178941
0.64, 177725
0.65, 176812
0.65, 175608
0.65, 175451
0.65, 175233
0.65, 173940
0.67, 173807
0.67, 172758
0.67, 171542
0.67, 170712
0.67, 170536
0.67, 169865
0.67, 166837
0.67, 165381
0.67, 164354
0.67, 163980
0.67, 163256
0.67, 163224
0.67, 162426
0.67, 161951
0.67, 161519
0.69, 159316
0.69, 158107
0.69, 157862
0.69, 157362
0.69, 157218
0.69, 153989
0.70, 153603
0.70, 153149
0.70, 151589
0.70, 150882
0.70, 150361
0.70, 150296
0.70, 148040
0.70, 147870
0.70, 147201
0.70, 147099
0.70, 144226
0.70, 144119
0.70, 144014
0.70, 143038
0.70, 141865
0.70, 141057
0.70, 139363
0.76, 136928
0.76, 136240
0.76, 136221
0.76, 135248
0.76, 131863
0.76, 129751
0.76, 129562
0.76, 129556
0.76, 129300
0.76, 128515
0.76, 127966
0.76, 126761
0.76, 125645
0.76, 124150
0.76, 123089
0.79, 122617
0.79, 122523
0.79, 122284
0.84, 121875
0.84, 121585
0.84, 121520
0.85, 121418
0.85, 121131
0.85, 120727
0.85, 120208
0.85, 120184
0.85, 118981
0.85, 118431
0.85, 118313
0.85, 118291
0.85, 117588
0.85, 116629
0.85, 115388
0.85, 115302
0.85, 115125
0.85, 114833
0.85, 114275
0.85, 114040
0.85, 113981
0.85, 113706
0.85, 112589
0.88, 112390
0.89, 110893
0.89, 110508
0.89, 110113
0.90, 109899
0.92, 109777
0.92, 109742
0.92, 109565
0.92, 109390
0.93, 107862
0.93, 107853
0.93, 107741
0.93, 106860
0.93, 106683
0.96, 106002
0.96, 105551
0.96, 104861
0.96, 104458
1.05, 104235
1.05, 104225
1.05, 104196
1.05, 104057
1.05, 103701
1.05, 103674
1.05, 103023
1.05, 102861
1.07, 102795
1.07, 102759
1.07, 102334
1.07, 102322
1.07, 102259
1.07, 102136
1.07, 102106
1.08, 102081
1.08, 101920
1.08, 101717
1.18, 101558
1.18, 101469
5.87, 101444
5.87, 101252
5.87, 101199
5.87, 101163
7.46, 100944
7.46, 100885
7.46, 100866
7.47, 100836
7.48, 100662
7.48, 100485
7.48, 100458
7.59, 100431
