0.00,549483
0.00,542274
0.00,537001
0.00,520731
0.00,502192
0.00,505031
0.00,500258
0.00,480285
0.00,456653
0.00,454055
0.00,436781
0.00,416036
0.00,397624
0.00,384089
0.00,372941
0.00,360605
0.00,345339
0.00,345335
0.00,344128
0.00,349918
0.00,342612
0.00,340235
0.00,344660
0.00,339734
0.00,345873
0.00,327313
0.00,326935
0.00,313905
0.00,316996
0.00,312044
0.00,301345
0.00,294875
0.00,279602
0.00,269550
0.00,264006
0.00,255696
0.00,259686
0.00,264327
0.00,268703
0.00,278261
0.00,267637
0.00,263175
0.00,266669
0.00,258974
0.00,259881
0.00,255768
0.00,245482
0.00,246515
0.00,245870
0.00,237348
0.00,234821
0.00,228875
0.00,230455
0.00,229322
0.00,222939
0.00,231718
0.00,231820
0.00,230980
0.00,237100
0.00,234324
0.00,245021
0.00,233882
0.00,231876
0.00,229035
0.00,219163
0.00,230196
0.00,230255
0.00,223134
0.00,226658
0.00,234513
0.00,242326
0.00,238371
0.00,237437
0.00,239401
0.00,216770
0.01,215680
0.01,217250
0.01,216862
0.01,216156
0.01,215083
0.01,211494
0.01,210631
0.01,203128
0.01,197590
0.01,190897
0.01,192480
0.01,192930
0.01,191950
0.01,195005
0.01,204457
0.01,205940
0.01,203602
0.01,207659
0.01,209182
0.01,217406
0.01,211202
0.01,211820
0.01,213890
0.01,198701
0.01,190290
0.01,187756
0.01,198581
0.01,195973
0.01,195466
0.01,198715
0.01,187658
0.01,189522
0.01,189326
0.01,182455
0.01,180726
0.01,178360
0.01,174860
0.01,169773
0.01,177730
0.01,173398
0.01,179264
0.01,184725
0.01,179826
0.01,177159
0.01,180687
0.01,184260
0.01,184891
0.01,182933
0.01,182251
0.01,186031
0.01,183341
0.01,179182
0.01,173078
0.01,171518
0.01,170913
0.01,168744
0.01,168638
0.01,166964
0.01,164238
0.01,167751
0.01,176430
0.01,181551
0.01,183281
0.01,182278
0.01,190815
0.01,185707
0.01,184685
0.01,185060
0.01,173578
0.01,172357
0.01,165992
0.01,167842
0.01,169408
0.01,168114
0.01,170478
0.01,170663
0.01,169391
0.01,170756
0.01,165920
0.01,161029
0.01,160812
0.01,159100
0.01,157518
0.01,157478
0.01,159862
0.01,160033
0.01,162672
0.01,170903
0.01,177480
0.01,173730
0.01,173421
0.01,173372
0.01,170022
0.01,167662
0.01,166139
0.01,163579
0.01,162706
0.01,153281
0.01,155883
0.01,163678
0.01,168155
0.01,160350
0.01,161782
0.01,165227
0.01,160421
0.01,155957
0.01,160073
0.01,156997
0.01,153519
0.01,158330
0.01,153479
0.01,151493
0.01,151708
0.01,156102
0.01,158519
0.01,159586
0.01,162073
0.01,162107
0.01,161769
0.01,160309
0.01,152705
0.01,149948
0.01,147295
0.01,147333
0.01,145090
0.01,149023
0.01,150111
0.01,148159
0.01,144321
0.01,142199
0.01,140062
0.01,139683
0.01,138927
0.01,136975
0.01,136392
0.01,136131
0.01,134110
0.01,132553
0.01,130961
0.01,131032
0.01,129519
0.01,128324
0.01,126853
0.01,127121
0.01,125559
0.01,123561
0.01,125831
0.01,127665
0.01,122344
0.01,121158
0.01,119954
0.01,118756
0.01,118993
0.01,117547
0.01,116685
0.01,115911
0.01,116163
0.01,115249
0.01,114606
0.01,115895
0.01,117629
0.01,118796
0.01,119970
0.01,120561
0.01,124199
0.01,129026
0.01,127812
0.01,123524
0.01,121112
0.01,124021
0.01,125496
0.01,122940
0.01,123883
0.01,120249
0.01,120294
0.01,117391
0.01,113968
0.01,118221
0.01,122764
0.01,125695
0.01,128842
0.01,135796
0.01,135137
0.01,130774
0.01,128336
0.01,123498
0.01,116980
0.01,115605
0.01,118304
0.01,115741
0.01,115349
0.01,114989
0.01,112711
0.01,111496
0.01,112616
0.01,112206
0.01,112261
0.01,114410
0.01,111876
0.01,111141
0.01,114299
0.01,112725
0.01,110538
0.01,109997
0.01,109515
0.01,112409
0.01,114721
0.01,115897
0.01,115826
0.01,115964
0.01,118618
0.01,123465
0.01,124565
0.01,126161
0.01,132326
0.01,129042
0.01,126348
0.01,123414
0.01,114851
0.01,112725
0.01,116333
0.01,114164
0.01,110694
0.01,110758
0.01,112095
0.01,113912
0.01,115156
0.01,116758
0.01,117159
0.01,116688
0.01,118981
0.01,123996
0.01,124401
0.01,123009
0.01,129101
0.01,126850
0.01,119708
0.01,117839
0.01,117032
0.01,116848
0.01,113122
0.01,110272
0.01,111836
0.01,107901
0.01,107438
0.01,106888
0.01,106713
0.01,106539
0.01,107220
0.01,106327
0.01,105498
0.01,105531
0.01,108629
0.01,108195
0.01,106373
0.01,107433
0.01,107225
0.01,104462
0.01,103885
0.01,103362
0.01,103120
