0.00,558984
0.00,552743
0.00,556729
0.00,531356
0.00,512422
0.00,505656
0.00,491023
0.00,472883
0.00,472115
0.00,474113
0.00,462516
0.00,466829
0.00,466681
0.00,453424
0.00,435359
0.00,413345
0.00,397244
0.00,396063
0.00,402700
0.00,385827
0.00,384224
0.00,372233
0.00,377190
0.00,374730
0.00,356179
0.00,359383
0.00,354126
0.00,346449
0.00,332429
0.00,327771
0.00,329687
0.00,314797
0.00,312306
0.00,310418
0.00,310486
0.00,309742
0.00,302140
0.00,303349
0.00,312319
0.00,312982
0.00,307712
0.00,294121
0.00,299984
0.00,307309
0.00,307050
0.00,294118
0.00,294057
0.00,304275
0.00,304703
0.00,303884
0.00,280520
0.00,279072
0.00,268944
0.00,264110
0.00,269344
0.00,272847
0.00,267706
0.00,262905
0.00,257910
0.00,265297
0.00,272516
0.00,268701
0.00,268166
0.00,268632
0.00,270341
0.00,267413
0.00,263224
0.00,259193
0.00,258988
0.00,267917
0.00,275616
0.00,278959
0.00,275794
0.00,250861
0.00,251210
0.00,249190
0.00,258642
0.00,251626
0.00,242241
0.00,246779
0.00,245910
0.00,255757
0.00,258133
0.00,253979
0.00,253054
0.00,251365
0.00,246414
0.00,250879
0.01,253675
0.01,247174
0.01,255077
0.01,261221
0.01,261278
0.01,257281
0.01,238071
0.01,244717
0.01,248514
0.01,244025
0.01,240916
0.01,230089
0.01,231924
0.01,235644
0.01,243090
0.01,237765
0.01,236234
0.01,233284
0.01,228607
0.01,227638
0.01,225454
0.01,223662
0.01,225889
0.01,226064
0.01,222454
0.01,214835
0.01,212759
0.01,206748
0.01,206331
0.01,206408
0.01,209002
0.01,212308
0.01,213568
0.01,216194
0.01,215786
0.01,208497
0.01,200522
0.01,197406
0.01,198134
0.01,199399
0.01,202380
0.01,199672
0.01,198894
0.01,198172
0.01,198069
0.01,197697
0.01,192299
0.01,191579
0.01,192154
0.01,198743
0.01,200793
0.01,189352
0.01,194503
0.01,192060
0.01,184180
0.01,181278
0.01,177521
0.01,176006
0.01,172428
0.01,168606
0.01,168585
0.01,171190
0.01,170161
0.01,171598
0.01,167329
0.01,165993
0.01,162478
0.01,159427
0.01,155621
0.01,154874
0.01,153939
0.01,151039
0.01,148501
0.01,145411
0.01,146087
0.01,146810
0.01,150196
0.01,149606
0.01,149468
0.01,147198
0.01,144003
0.01,143098
0.01,143342
0.01,146801
0.01,146416
0.01,147311
0.01,148887
0.01,155546
0.01,156873
0.01,162525
0.01,158137
0.01,157581
0.01,165345
0.01,164408
0.01,163793
0.01,157507
0.01,152862
0.01,148526
0.01,147503
0.01,151428
0.01,150703
0.01,151649
0.01,153046
0.01,149013
0.01,149931
0.01,155485
0.01,153832
0.01,149128
0.01,147632
0.01,138169
0.01,136195
0.01,135126
0.01,135157
0.01,137399
0.01,137363
0.01,134603
0.01,133064
0.01,131690
0.01,130359
0.01,129048
0.01,129592
0.01,127754
0.01,125621
0.01,124343
0.01,123216
0.01,122862
0.01,121470
0.01,120563
0.01,120442
0.01,120992
0.01,120191
0.01,119449
0.01,119527
0.01,118311
0.01,117449
0.01,116811
0.01,116174
0.01,115552
0.01,114998
0.01,114490
0.01,116518
0.01,117577
0.01,119578
0.01,121163
0.01,122706
0.01,124251
0.01,124948
0.01,123825
0.01,125519
0.01,123316
0.01,124811
0.01,129281
0.01,130482
0.01,130402
0.01,129925
0.01,129004
0.01,135650
0.01,135718
0.01,134706
0.01,133459
0.01,130424
0.01,129414
0.01,128950
0.01,131773
0.01,130421
0.01,129101
0.01,127280
0.01,126973
0.01,120390
0.01,116730
0.01,115560
0.01,115714
0.01,116638
0.01,118342
0.01,119472
0.01,120975
0.01,122732
0.01,124902
0.01,124591
0.01,125566
0.01,122673
0.01,122621
0.01,123944
0.01,127656
0.01,128131
0.01,128985
0.01,127174
0.01,127814
0.01,135775
0.01,136335
0.01,134969
0.01,133183
0.01,130208
0.01,129417
0.01,128870
0.01,129350
0.01,128186
0.01,128614
0.01,125788
0.01,125175
0.01,116962
0.01,114297
0.01,112826
0.01,112406
0.01,112124
0.01,111882
0.01,112939
0.01,114270
0.01,114213
0.01,114318
0.01,118486
0.01,119316
0.01,119697
0.01,117231
0.01,115311
0.01,116811
0.01,117219
0.01,118835
0.01,119723
0.01,120235
0.01,120616
0.01,119987
0.01,122196
0.01,128696
0.01,130566
0.01,134955
0.01,133236
0.01,133967
0.01,140729
0.01,138862
0.01,134857
0.01,132284
0.01,126782
0.01,124718
0.01,124465
0.01,128597
0.01,129745
0.01,130210
0.01,128239
0.01,128947
0.01,122757
0.01,118858
0.01,122519
0.01,120662
0.01,117196
0.01,111473
0.01,116568
0.01,115135
0.01,117123
0.01,115375
0.01,113273
0.01,112748
0.01,111177
0.01,111925
0.01,113202
0.01,113319
0.01,115356
0.01,112385
0.01,111044
0.01,109937
0.01,109710
0.01,109514
0.01,109574
0.01,110213
0.01,110591
0.01,109732
0.01,108756
0.01,110034
0.01,111578
0.01,111673
0.01,110551
0.01,110818
0.01,107904
0.01,107782
0.01,108848
0.01,110647
0.01,117011
0.01,119483
0.01,122506
0.01,123853
0.01,123723
0.01,128146
0.01,127041
0.01,124506
0.01,121572
0.01,113009
0.01,110353
0.01,109586
0.01,109285
0.01,109571
0.01,111847
0.01,107245
0.01,107587
0.01,108275
0.01,109445
0.01,110933
0.01,117460
0.01,118187
0.01,118997
0.01,119331
0.01,120324
0.01,125511
0.01,119475
0.01,116226
0.01,115576
0.02,111427
0.02,111045
0.02,112529
0.02,111107
0.02,106937
0.02,106627
0.02,106380
0.02,107302
0.02,106019
0.02,105777
0.02,105664
0.02,105628
0.02,105620
