0.00, 528747
0.00, 526607
0.00, 526550
0.00, 526218
0.00, 526141
0.00, 513900
0.00, 510936
0.00, 508590
0.00, 508526
0.00, 502278
0.00, 496415
0.00, 484142
0.00, 479003
0.01, 471200
0.01, 464977
0.01, 455951
0.01, 449509
0.01, 446335
0.01, 444642
0.01, 444317
0.01, 442189
0.01, 441159
0.01, 438996
0.01, 438497
0.01, 436653
0.01, 432282
0.02, 421796
0.02, 419031
0.02, 413122
0.06, 411106
0.06, 409486
0.06, 407621
0.06, 407439
0.06, 407373
0.07, 400694
0.07, 400295
0.09, 388774
0.11, 388260
0.11, 382573
0.11, 379996
0.11, 371815
0.19, 369615
0.20, 367536
0.20, 363756
0.20, 362497
0.20, 359430
0.24, 358955
0.25, 357539
0.25, 356704
0.26, 354328
0.26, 349811
0.26, 349440
0.26, 345927
0.29, 344946
0.29, 344668
0.29, 344464
0.29, 344233
0.31, 340919
0.31, 334888
0.31, 330773
0.31, 330686
0.31, 328882
0.31, 327548
0.31, 326479
0.31, 325417
0.31, 325145
0.33, 323851
0.33, 322244
0.34, 317474
0.34, 315899
0.37, 313233
0.37, 311445
0.37, 310109
0.37, 309751
0.37, 307791
0.37, 306476
0.37, 302326
0.37, 300724
0.39, 300599
0.40, 299340
0.41, 297966
0.41, 293470
0.41, 289320
0.41, 285945
0.41, 285031
0.42, 284291
0.43, 279946
0.43, 279060
0.43, 277845
0.43, 277673
0.43, 277422
0.45, 275524
0.46, 274191
0.46, 270420
0.46, 270103
0.46, 264415
0.46, 263822
0.46, 262306
0.46, 260244
0.46, 250974
0.46, 250838
0.46, 250830
0.47, 247328
0.47, 246514
0.47, 242140
0.50, 240052
0.50, 238729
0.50, 238036
0.51, 237210
0.51, 230988
0.51, 230455
0.51, 230300
0.51, 229054
0.51, 227521
0.51, 227354
0.51, 227222
0.51, 226704
0.51, 226255
0.52, 224845
0.52, 222888
0.52, 222187
0.52, 221582
0.52, 221429
0.53, 221226
0.53, 219859
0.53, 218055
0.53, 216855
0.53, 215498
0.53, 211638
0.53, 210697
0.53, 210392
0.53, 210004
0.53, 207487
0.56, 206810
0.56, 205936
0.56, 204811
0.56, 204348
0.56, 203237
0.56, 202622
0.56, 199969
0.59, 198642
0.59, 198588
0.59, 198076
0.59, 195887
0.59, 195667
0.59, 195103
0.59, 193417
0.59, 192703
0.59, 188641
0.59, 188492
0.60, 186988
0.60, 185630
0.60, 184376
0.60, 179218
0.64, 177849
0.64, 177364
0.64, 177284
0.64, 173798
0.65, 172615
0.65, 172336
0.65, 170461
0.65, 170378
0.65, 169650
0.68, 169267
0.68, 169178
0.68, 168184
0.68, 166042
0.68, 166004
0.68, 165856
0.68, 165099
0.68, 164850
0.68, 164188
0.68, 163584
0.69, 163480
0.69, 162432
0.69, 162155
0.69, 161503
0.69, 161480
0.69, 160254
0.69, 159554
0.69, 156229
0.69, 155797
0.69, 155109
0.69, 151691
0.69, 149986
0.69, 147752
0.69, 147049
0.69, 144219
0.69, 143039
0.69, 142624
0.69, 141880
0.73, 141554
0.73, 140721
0.73, 140575
0.73, 140273
0.73, 138599
0.73, 138145
0.73, 138108
0.73, 137741
0.73, 137669
0.74, 137604
0.75, 137323
0.75, 136556
0.75, 136296
0.75, 136166
0.76, 135185
0.76, 134711
0.77, 133263
0.77, 132955
0.77, 132511
0.77, 132403
0.77, 131371
0.77, 130781
0.77, 130675
0.77, 130627
0.77, 130426
0.80, 129319
0.81, 128816
0.81, 128749
0.81, 126816
0.81, 126392
0.81, 124889
0.81, 124025
0.81, 123883
0.81, 123621
0.81, 123488
0.81, 121653
0.81, 121635
0.81, 121188
0.85, 121055
0.85, 120786
0.85, 120595
0.85, 120424
0.86, 120142
0.86, 119688
0.87, 119248
0.87, 118693
0.87, 118094
0.87, 117712
0.87, 117524
0.87, 116786
0.87, 114875
0.88, 114154
0.88, 113956
0.88, 113478
0.89, 113018
0.89, 112672
0.89, 112312
0.90, 111416
0.90, 111246
0.90, 110926
0.90, 110818
0.91, 110355
0.92, 109049
0.92, 108916
0.92, 108854
0.92, 108712
0.92, 108635
0.92, 108414
0.92, 107939
0.92, 107917
0.92, 107719
0.92, 107369
0.93, 106349
0.93, 105461
0.93, 105330
0.93, 105210
0.98, 105019
0.98, 104543
0.98, 104451
0.99, 103213
0.99, 102932
1.03, 102564
1.03, 102559
1.05, 102416
1.05, 102321
1.05, 102094
1.05, 101790
1.09, 101754
1.09, 101718
1.09, 101685
1.12, 101635
1.12, 101606
1.12, 101570
1.12, 101379
1.18, 101246
1.18, 101166
1.21, 101130
1.25, 101103
2.69, 101077
4.04, 100981
4.13, 100829
4.14, 100703
4.14, 100619
4.14, 100611
4.27, 100506
4.27, 100498
7.03, 100439
7.13, 100431
