0.00, 587323
0.01, 587216
0.01, 587138
0.01, 583873
0.01, 580551
0.01, 575457
0.01, 574590
0.01, 574126
0.01, 567284
0.01, 566458
0.01, 565852
0.01, 561620
0.01, 558373
0.01, 556760
0.01, 555840
0.01, 546505
0.01, 546364
0.01, 539393
0.01, 538073
0.01, 526142
0.01, 526023
0.01, 525347
0.01, 515820
0.01, 507111
0.01, 498035
0.01, 497526
0.01, 496491
0.01, 496086
0.01, 494994
0.01, 494599
0.01, 490267
0.01, 489032
0.01, 477833
0.01, 477691
0.01, 474114
0.01, 473032
0.01, 468959
0.01, 460062
0.01, 459195
0.01, 449021
0.01, 442997
0.01, 441059
0.01, 438496
0.01, 437266
0.01, 433819
0.01, 432036
0.01, 421030
0.01, 420300
0.03, 413929
0.07, 408046
0.09, 406666
0.09, 406142
0.09, 403687
0.10, 399704
0.11, 397417
0.11, 393984
0.11, 390845
0.11, 390680
0.11, 384531
0.11, 384268
0.11, 376032
0.11, 375766
0.21, 369043
0.22, 361385
0.22, 360042
0.24, 355008
0.24, 352146
0.25, 351714
0.25, 347839
0.25, 343350
0.25, 341969
0.25, 333003
0.30, 331871
0.30, 328058
0.31, 328052
0.31, 327229
0.31, 324789
0.31, 319448
0.31, 318714
0.31, 312767
0.31, 310124
0.31, 309416
0.32, 307361
0.37, 307022
0.38, 306754
0.38, 299829
0.38, 295968
0.38, 295501
0.38, 294965
0.38, 294901
0.39, 293210
0.39, 292003
0.39, 291260
0.40, 290439
0.40, 290422
0.40, 287289
0.40, 285564
0.40, 283970
0.40, 283330
0.40, 283155
0.40, 282694
0.40, 281265
0.40, 280567
0.43, 276274
0.43, 274801
0.44, 271097
0.45, 270790
0.45, 269967
0.45, 269818
0.45, 266989
0.45, 266549
0.46, 254008
0.46, 252104
0.46, 248363
0.46, 247841
0.46, 247832
0.46, 247525
0.46, 244998
0.50, 244158
0.50, 243189
0.50, 240647
0.50, 239799
0.50, 239282
0.50, 235570
0.50, 233903
0.50, 231566
0.50, 231109
0.51, 230173
0.53, 230017
0.54, 229234
0.54, 228263
0.54, 227823
0.54, 226131
0.54, 225402
0.54, 223980
0.54, 221772
0.54, 221745
0.54, 221688
0.55, 221598
0.55, 221167
0.55, 219210
0.55, 218049
0.56, 216979
0.57, 216935
0.57, 216212
0.57, 214634
0.57, 213023
0.57, 212734
0.57, 212551
0.57, 212546
0.57, 210455
0.57, 209084
0.57, 202893
0.58, 202358
0.58, 202144
0.60, 201133
0.60, 200838
0.60, 199246
0.60, 198130
0.60, 198125
0.60, 196239
0.60, 191802
0.60, 191326
0.60, 189741
0.60, 189096
0.62, 187666
0.62, 187325
0.62, 185510
0.62, 184697
0.63, 183777
0.63, 181700
0.63, 181683
0.63, 181164
0.63, 180963
0.63, 180827
0.63, 180824
0.63, 177489
0.63, 174084
0.66, 173973
0.66, 173889
0.66, 173131
0.66, 172711
0.66, 171743
0.66, 171701
0.66, 171602
0.66, 170329
0.66, 168596
0.66, 168205
0.68, 168020
0.68, 165550
0.68, 165540
0.68, 165404
0.68, 162052
0.68, 160746
0.68, 159963
0.68, 159771
0.68, 159677
0.68, 159597
0.68, 157270
0.68, 156562
0.68, 156225
0.68, 155301
0.70, 154168
0.70, 153618
0.70, 153472
0.70, 153189
0.70, 150711
0.73, 150659
0.73, 150038
0.73, 149152
0.73, 148992
0.75, 148276
0.75, 147695
0.75, 146333
0.75, 145977
0.75, 144944
0.76, 144697
0.76, 143749
0.76, 143501
0.77, 143436
0.77, 142610
0.77, 141671
0.77, 141596
0.77, 141341
0.77, 140571
0.77, 140358
0.77, 139646
0.77, 138415
0.77, 138136
0.77, 137132
0.79, 133364
0.79, 133189
0.79, 133017
0.79, 131933
0.79, 131078
0.79, 130205
0.79, 130019
0.79, 129832
0.80, 127933
0.80, 127920
0.80, 127147
0.83, 127040
0.83, 125894
0.83, 125652
0.83, 125375
0.83, 124833
0.83, 123760
0.83, 123734
0.84, 123151
0.86, 122135
0.88, 121361
0.88, 121078
0.88, 119722
0.88, 118380
0.88, 118022
0.88, 117993
0.88, 117957
0.88, 117895
0.88, 117719
0.88, 117158
0.88, 116968
0.88, 116229
0.88, 115693
0.89, 115265
0.89, 114129
0.89, 113457
0.89, 112822
0.89, 111734
0.89, 111198
0.90, 110114
0.90, 109775
0.90, 109040
0.90, 109022
0.90, 108728
0.92, 108526
0.92, 108486
0.94, 108253
0.94, 108053
0.94, 107650
0.94, 106801
0.97, 106397
0.97, 106155
0.97, 106024
0.99, 105869
0.99, 105202
0.99, 104995
0.99, 104950
0.99, 104905
0.99, 104432
0.99, 103891
1.03, 103714
1.03, 103571
1.03, 103109
1.03, 102919
1.03, 102477
1.04, 102442
1.04, 101739
1.04, 101436
1.09, 101418
1.09, 101097
1.10, 100909
1.10, 100901
1.12, 100860
1.12, 100717
1.12, 100709
