0.01, 546088
0.01, 545610
0.01, 541746
0.01, 524610
0.01, 520685
0.01, 519090
0.01, 505608
0.01, 503317
0.01, 502826
0.01, 502031
0.01, 501446
0.01, 495512
0.01, 493106
0.01, 491683
0.01, 490493
0.01, 485720
0.01, 478295
0.01, 476334
0.01, 475517
0.01, 472804
0.01, 471165
0.01, 470410
0.01, 468841
0.01, 462595
0.01, 461376
0.01, 457671
0.01, 456091
0.01, 450433
0.01, 444909
0.01, 439104
0.01, 437734
0.01, 435481
0.02, 430887
0.02, 420887
0.02, 417513
0.02, 413961
0.06, 411820
0.08, 410149
0.09, 402617
0.10, 402151
0.10, 401087
0.10, 399771
0.10, 397290
0.10, 396243
0.10, 393019
0.10, 392262
0.10, 391505
0.10, 382210
0.15, 381702
0.15, 379650
0.18, 378153
0.18, 376550
0.18, 375092
0.22, 375079
0.22, 374428
0.22, 366985
0.23, 365148
0.23, 362451
0.23, 355711
0.23, 354373
0.24, 344196
0.24, 342106
0.24, 339047
0.30, 338256
0.30, 336138
0.31, 334607
0.33, 334367
0.33, 333138
0.33, 332536
0.34, 330408
0.34, 328943
0.34, 327282
0.34, 326255
0.35, 322503
0.35, 319768
0.35, 317930
0.35, 304087
0.35, 303378
0.35, 303365
0.35, 299484
0.35, 298882
0.37, 298030
0.39, 293596
0.39, 289761
0.39, 288465
0.39, 286709
0.40, 286683
0.40, 284133
0.41, 280184
0.41, 279299
0.41, 277112
0.41, 275889
0.41, 274449
0.41, 271830
0.41, 268173
0.45, 268024
0.45, 267641
0.45, 265903
0.46, 263377
0.46, 261239
0.46, 260087
0.46, 258214
0.47, 258011
0.48, 257896
0.48, 253641
0.48, 251692
0.48, 251649
0.48, 248400
0.49, 245567
0.51, 243236
0.51, 243166
0.51, 242934
0.51, 235510
0.51, 235180
0.51, 229270
0.51, 226385
0.54, 226150
0.54, 225985
0.54, 225528
0.54, 224971
0.54, 220919
0.54, 219408
0.54, 219203
0.54, 218690
0.54, 216011
0.54, 215506
0.54, 214961
0.54, 213831
0.54, 213261
0.54, 211676
0.57, 208616
0.57, 207225
0.57, 203635
0.57, 203067
0.57, 201838
0.57, 200115
0.58, 199579
0.58, 199066
0.59, 198737
0.59, 198110
0.59, 195847
0.59, 194917
0.59, 194483
0.59, 194192
0.61, 192280
0.61, 191617
0.61, 190147
0.61, 189841
0.61, 189387
0.61, 188692
0.61, 188384
0.61, 183436
0.61, 182864
0.64, 181541
0.64, 181141
0.64, 181106
0.64, 180845
0.64, 180588
0.64, 180369
0.64, 177538
0.64, 177170
0.64, 176145
0.64, 175611
0.64, 175476
0.64, 174992
0.64, 174287
0.64, 174126
0.64, 174084
0.68, 174080
0.68, 172926
0.68, 172739
0.68, 171514
0.68, 169779
0.68, 169156
0.68, 168623
0.68, 168542
0.68, 167562
0.68, 167132
0.68, 166768
0.68, 166364
0.68, 162600
0.69, 161926
0.69, 161013
0.69, 159962
0.69, 159287
0.69, 158037
0.69, 155813
0.70, 154964
0.70, 153754
0.70, 153643
0.70, 150721
0.74, 148455
0.74, 148349
0.74, 146159
0.74, 145353
0.74, 144935
0.74, 144696
0.74, 143772
0.74, 141860
0.74, 141824
0.75, 141096
0.75, 140899
0.75, 140514
0.75, 138063
0.77, 137091
0.80, 137064
0.80, 136205
0.80, 135894
0.80, 134090
0.80, 132393
0.80, 131622
0.80, 131594
0.80, 130877
0.80, 130621
0.80, 130160
0.80, 130123
0.81, 130021
0.81, 129200
0.81, 128886
0.81, 128340
0.81, 127903
0.81, 126799
0.81, 126472
0.81, 125503
0.81, 124746
0.83, 124562
0.83, 124427
0.83, 123827
0.83, 123800
0.83, 123416
0.83, 123232
0.83, 119983
0.83, 119703
0.84, 118377
0.84, 117477
0.84, 116655
0.91, 115988
0.91, 115904
0.91, 115283
0.92, 115086
0.92, 113753
0.92, 112761
0.92, 111798
0.92, 111486
0.92, 110772
0.92, 110411
0.92, 110297
0.92, 110231
0.92, 110083
0.92, 109672
0.92, 108895
0.94, 108790
0.94, 108785
0.94, 108509
0.94, 108364
0.94, 108120
0.95, 107665
0.97, 107225
0.97, 107076
0.97, 107034
0.97, 106569
0.97, 106550
0.97, 106445
0.97, 106292
0.99, 106244
0.99, 105346
0.99, 105155
0.99, 105127
0.99, 105119
0.99, 104408
0.99, 103964
1.02, 103857
1.07, 103782
1.07, 103617
1.07, 103609
1.07, 103190
1.07, 103026
1.07, 103007
1.08, 102986
1.08, 102744
1.08, 102502
1.08, 102494
1.08, 102319
1.08, 102306
1.08, 102138
1.11, 101835
1.11, 101785
1.11, 101666
1.12, 101515
1.12, 101334
1.13, 101309
1.13, 101117
1.18, 101066
1.22, 100985
1.22, 100977
1.23, 100715
1.24, 100615
