0.00,521657
0.00,505286
0.00,475773
0.00,474279
0.00,462776
0.00,457795
0.00,463681
0.00,445613
0.00,429473
0.00,419149
0.00,423627
0.00,426847
0.00,419660
0.00,405015
0.00,401006
0.00,387395
0.00,375481
0.00,375075
0.00,379536
0.00,376054
0.00,372483
0.00,376683
0.00,376293
0.00,372284
0.00,355064
0.00,333672
0.00,332623
0.00,318783
0.00,316253
0.00,321210
0.00,306839
0.00,306923
0.00,307906
0.00,317088
0.00,306404
0.00,308618
0.00,302477
0.00,311320
0.00,313461
0.00,289411
0.00,288025
0.00,286157
0.00,290742
0.00,287679
0.00,288205
0.00,289169
0.00,279952
0.00,287150
0.00,278655
0.00,277738
0.00,284545
0.00,280585
0.00,283371
0.00,285377
0.00,278367
0.00,274771
0.00,271675
0.00,271288
0.00,265648
0.00,265322
0.00,268420
0.00,272202
0.00,271701
0.00,275287
0.00,266708
0.00,265591
0.00,258447
0.00,258038
0.00,256366
0.00,254435
0.00,255414
0.00,255940
0.00,250387
0.00,253331
0.00,251653
0.00,248494
0.00,249253
0.00,241428
0.00,242874
0.00,241406
0.00,246800
0.00,248673
0.00,240943
0.00,236325
0.00,239469
0.00,232875
0.01,237845
0.01,225171
0.01,224833
0.01,223235
0.01,230000
0.01,233137
0.01,224092
0.01,219108
0.01,222118
0.01,229106
0.01,228113
0.01,219976
0.01,224168
0.01,224885
0.01,215727
0.01,211403
0.01,214816
0.01,212982
0.01,214022
0.01,211966
0.01,216904
0.01,219051
0.01,206301
0.01,204286
0.01,201651
0.01,203324
0.01,205694
0.01,200719
0.01,196283
0.01,195254
0.01,192206
0.01,195391
0.01,200044
0.01,205239
0.01,199191
0.01,186501
0.01,187829
0.01,197309
0.01,191979
0.01,184912
0.01,179790
0.01,176962
0.01,172450
0.01,172791
0.01,173151
0.01,168790
0.01,166994
0.01,163175
0.01,161758
0.01,160519
0.01,155812
0.01,151527
0.01,151243
0.01,148880
0.01,148418
0.01,146168
0.01,146539
0.01,143683
0.01,142458
0.01,143402
0.01,140414
0.01,138190
0.01,137949
0.01,137231
0.01,138833
0.01,139160
0.01,136982
0.01,138998
0.01,135738
0.01,139738
0.01,140089
0.01,143175
0.01,136455
0.01,133807
0.01,134128
0.01,133271
0.01,129699
0.01,127784
0.01,127127
0.01,125153
0.01,123626
0.01,122364
0.01,121107
0.01,121302
0.01,121563
0.01,119890
0.01,121895
0.01,121999
0.01,123916
0.01,125280
0.01,130670
0.01,131288
0.01,130297
0.01,125533
0.01,120898
0.01,121205
0.01,120519
0.01,120252
0.01,118772
0.01,117902
0.01,116792
0.01,115380
0.01,114600
0.01,119596
0.01,125081
0.01,125046
0.01,125682
0.01,127189
0.01,120941
0.01,118769
0.01,119782
0.01,122898
0.01,126801
0.01,125852
0.01,120555
0.01,119580
0.01,118873
0.01,114839
0.01,115701
0.01,115864
0.01,116921
0.01,119337
0.01,121016
0.01,125019
0.01,125394
0.01,124427
0.01,119461
0.01,115981
0.01,116353
0.01,115200
0.01,113592
0.01,113495
0.01,114830
0.01,116784
0.01,121031
0.01,119744
0.01,111462
0.01,110244
0.01,109480
0.01,108843
0.01,108269
0.01,107715
0.01,108603
0.01,109759
0.01,108511
0.01,108005
0.01,106888
0.01,107013
0.01,107209
0.01,107228
0.01,108202
0.01,109102
0.01,113189
0.01,116850
0.01,118419
0.01,115970
0.01,112458
0.01,112563
0.01,113156
0.01,109962
0.01,110858
0.01,106623
0.01,106121
0.01,105635
0.01,105193
0.01,104894
0.01,104702
0.01,104537
0.01,105470
0.01,108902
0.01,108777
0.01,108173
0.01,107133
0.01,106940
0.01,105691
0.01,104481
0.01,104883
0.01,105774
0.01,108169
0.01,106840
0.01,106102
0.01,105794
0.01,104049
0.01,103857
0.01,104984
0.01,107662
0.01,106256
0.01,104984
0.01,105996
0.01,103815
0.01,103938
0.01,105099
0.01,107278
0.01,105752
0.01,106260
0.01,103740
