0.00,567779
0.00,538789
0.00,520613
0.00,501593
0.00,481982
0.00,461852
0.00,456338
0.00,440755
0.00,430535
0.00,411477
0.00,400099
0.00,398785
0.00,395742
0.00,379792
0.00,380799
0.00,375682
0.00,374531
0.00,385874
0.00,389823
0.00,378620
0.00,374593
0.00,375359
0.00,381674
0.00,366115
0.00,365383
0.00,355629
0.00,355944
0.00,359765
0.00,354474
0.00,349027
0.00,344801
0.00,347306
0.00,335290
0.00,323360
0.00,328635
0.00,325647
0.00,322041
0.00,318673
0.00,325067
0.00,319996
0.00,314690
0.00,312091
0.00,313560
0.00,297295
0.00,292707
0.00,284722
0.00,274898
0.00,271442
0.00,261590
0.00,260293
0.00,260465
0.00,260265
0.00,250818
0.00,246367
0.00,244426
0.00,244547
0.00,245230
0.00,245009
0.00,239500
0.00,243948
0.00,246782
0.00,249258
0.00,245935
0.00,245279
0.00,247507
0.00,244908
0.00,241191
0.00,241009
0.00,234247
0.00,237118
0.00,242778
0.00,243091
0.00,239654
0.00,236318
0.00,237838
0.00,237527
0.00,238290
0.00,232746
0.00,234568
0.01,234954
0.01,240078
0.01,232073
0.01,232451
0.01,235015
0.01,235230
0.01,235349
0.01,231771
0.01,227513
0.01,228974
0.01,231859
0.01,229460
0.01,224660
0.01,219324
0.01,216491
0.01,214770
0.01,214613
0.01,213159
0.01,209401
0.01,205594
0.01,211595
0.01,214509
0.01,213836
0.01,214576
0.01,210207
0.01,214743
0.01,209171
0.01,206680
0.01,208965
0.01,208760
0.01,212670
0.01,218011
0.01,218735
0.01,223771
0.01,221854
0.01,216000
0.01,214637
0.01,212745
0.01,217170
0.01,221471
0.01,218696
0.01,220030
0.01,220979
0.01,226113
0.01,219095
0.01,214319
0.01,198551
0.01,197018
0.01,202737
0.01,203417
0.01,203512
0.01,198113
0.01,200380
0.01,196072
0.01,191153
0.01,193894
0.01,197819
0.01,194798
0.01,187999
0.01,187659
0.01,188398
0.01,184954
0.01,181051
0.01,183461
0.01,184336
0.01,182846
0.01,180634
0.01,178616
0.01,177431
0.01,173458
0.01,170455
0.01,169934
0.01,171938
0.01,174289
0.01,165934
0.01,161849
0.01,157631
0.01,158742
0.01,156496
0.01,153969
0.01,151526
0.01,150441
0.01,150414
0.01,147913
0.01,154077
0.01,151859
0.01,156367
0.01,157093
0.01,153175
0.01,155554
0.01,152622
0.01,149174
0.01,145501
0.01,143649
0.01,146128
0.01,152185
0.01,151521
0.01,148513
0.01,150243
0.01,149704
0.01,147559
0.01,152609
0.01,155276
0.01,150220
0.01,151862
0.01,149693
0.01,153419
0.01,158284
0.01,165876
0.01,162365
0.01,164775
0.01,160285
0.01,156080
0.01,152604
0.01,154761
0.01,155182
0.01,156970
0.01,159493
0.01,163344
0.01,163828
0.01,164456
0.01,157736
0.01,156993
0.01,157797
0.01,153003
0.01,156223
0.01,152099
0.01,145542
0.01,141399
0.01,146674
0.01,144761
0.01,140451
0.01,140641
0.01,141002
0.01,140410
0.01,140468
0.01,141143
0.01,143945
0.01,143040
0.01,141515
0.01,144821
0.01,146315
0.01,149064
0.01,159572
0.01,161211
0.01,165808
0.01,159937
0.01,159443
0.01,155216
0.01,149964
0.01,148232
0.01,146836
0.01,141017
0.01,140444
0.01,142321
0.01,141800
0.01,143804
0.01,146155
0.01,137800
0.01,137624
0.01,138940
0.01,135166
0.01,136332
0.01,137833
0.01,136447
0.01,140548
0.01,140246
0.01,141688
0.01,147846
0.01,154606
0.01,152372
0.01,154748
0.01,153456
0.01,152184
0.01,157065
0.01,158576
0.01,155519
0.01,149231
0.01,150627
0.01,149530
0.01,144939
0.01,148357
0.01,136363
0.01,138857
0.01,138394
0.01,133052
0.01,131338
0.01,134937
0.01,134240
0.01,133805
0.01,133471
0.01,137233
0.01,132576
0.01,129641
0.01,128287
0.01,127003
0.01,125982
0.01,125061
0.01,124169
0.01,123307
0.01,122452
0.01,125901
0.01,125532
0.01,123568
0.01,125967
0.01,128371
0.01,127576
0.01,121645
0.01,124023
0.01,123476
0.01,124399
0.01,125194
0.01,122844
0.01,120933
0.01,119956
0.01,122301
0.01,120162
0.01,121222
0.01,118390
0.01,117128
0.01,116388
0.01,115650
0.01,114913
0.01,114368
0.01,118677
0.01,118922
0.01,117670
0.01,119526
0.01,121087
0.01,121866
0.01,123510
0.01,123790
0.01,124899
0.01,126047
0.01,131500
0.01,134670
0.01,136086
0.01,136345
0.01,138340
0.01,136232
0.01,134917
0.01,131866
0.01,127666
0.01,126123
0.01,127359
0.01,129256
0.01,131032
0.01,132733
0.01,134526
0.01,126830
0.01,125449
0.01,126997
0.01,127570
0.01,130765
0.01,132954
0.01,130137
0.01,125489
0.01,120109
0.01,119772
0.01,118172
0.01,113751
0.01,113333
0.01,114422
0.01,112282
0.01,111550
0.01,113006
0.01,115075
0.01,112684
0.01,115408
0.01,116939
0.01,115519
0.01,116614
0.01,117767
0.01,117348
0.01,117916
0.01,119023
0.01,122270
0.01,128879
0.01,131856
0.01,133026
0.01,130508
0.01,131317
0.01,133078
0.01,126947
0.01,127002
0.01,124924
0.01,124078
0.01,121226
0.01,116421
0.01,118206
0.01,118334
0.01,119078
0.01,117201
0.01,111691
0.01,112627
0.01,113104
0.01,115076
0.01,116484
0.01,118656
0.01,116308
0.01,114298
0.01,114391
0.01,114107
0.01,112271
0.01,111019
0.01,109460
0.01,108241
0.01,107379
0.01,107654
0.02,106799
0.02,106269
0.02,105798
0.02,105341
0.02,105120
0.02,104912
0.02,104771
0.02,104637
0.02,104545
