0.00, 574031
0.00, 571664
0.00, 570981
0.00, 569852
0.00, 556305
0.00, 553665
0.00, 547439
0.00, 547257
0.00, 544367
0.00, 539753
0.00, 535809
0.00, 532948
0.00, 511378
0.00, 509733
0.00, 508792
0.00, 508601
0.00, 507291
0.00, 501557
0.00, 499924
0.00, 498792
0.01, 497396
0.01, 490949
0.01, 484516
0.01, 482444
0.01, 471437
0.01, 468917
0.01, 464559
0.01, 464553
0.01, 458818
0.01, 454411
0.01, 437399
0.01, 436437
0.01, 436227
0.01, 432641
0.01, 432155
0.01, 431117
0.01, 429523
0.01, 424397
0.01, 423235
0.01, 418874
0.01, 411674
0.02, 408104
0.02, 394682
0.05, 392374
0.15, 391557
0.16, 390446
0.16, 385226
0.16, 365238
0.21, 364041
0.21, 363073
0.21, 361953
0.21, 360216
0.21, 359977
0.26, 355609
0.26, 354749
0.26, 353299
0.26, 352620
0.26, 350165
0.26, 349649
0.26, 348505
0.26, 347058
0.26, 346559
0.26, 345279
0.26, 344704
0.28, 343001
0.28, 342925
0.28, 342392
0.28, 340563
0.28, 337569
0.28, 335754
0.28, 334296
0.28, 333597
0.30, 329382
0.30, 327066
0.33, 324925
0.33, 318681
0.33, 315222
0.33, 314133
0.33, 312219
0.33, 310956
0.33, 310763
0.33, 310341
0.38, 308434
0.38, 308411
0.38, 302800
0.38, 301559
0.38, 300968
0.39, 298010
0.39, 297874
0.40, 297838
0.40, 295887
0.40, 295872
0.40, 294330
0.40, 288193
0.40, 288025
0.40, 286777
0.40, 285651
0.40, 282829
0.40, 282101
0.40, 278255
0.40, 273587
0.40, 271162
0.40, 269396
0.40, 268454
0.40, 267446
0.40, 266790
0.45, 263043
0.45, 262218
0.45, 261862
0.45, 261390
0.45, 260364
0.45, 259872
0.45, 256678
0.45, 256093
0.45, 255608
0.45, 255503
0.45, 255434
0.45, 253170
0.45, 252520
0.45, 249470
0.45, 248575
0.45, 248432
0.47, 248280
0.47, 247679
0.47, 247674
0.47, 246674
0.47, 246651
0.47, 241420
0.47, 240687
0.47, 240058
0.47, 235284
0.47, 235148
0.47, 230356
0.47, 229392
0.47, 228784
0.47, 228739
0.50, 227943
0.50, 226535
0.50, 226272
0.50, 224313
0.50, 222070
0.50, 221284
0.53, 220283
0.53, 219863
0.53, 218329
0.54, 214520
0.54, 212043
0.54, 209520
0.54, 208306
0.55, 206731
0.55, 202752
0.58, 201379
0.58, 201175
0.58, 198013
0.58, 196991
0.61, 195660
0.61, 194237
0.61, 191903
0.61, 190541
0.61, 189209
0.62, 187753
0.62, 187609
0.62, 185303
0.64, 181903
0.64, 181770
0.64, 179310
0.64, 178237
0.64, 177285
0.64, 176936
0.64, 176917
0.64, 176545
0.64, 175793
0.64, 175128
0.64, 174890
0.64, 174073
0.64, 173808
0.64, 173368
0.64, 170865
0.67, 169606
0.67, 168352
0.67, 167264
0.67, 167216
0.69, 166711
0.69, 165762
0.70, 165504
0.70, 165249
0.70, 163891
0.70, 163481
0.70, 162296
0.70, 160845
0.70, 160639
0.71, 160544
0.71, 159846
0.71, 159377
0.71, 157116
0.71, 155936
0.71, 155930
0.71, 155445
0.71, 155025
0.72, 150067
0.72, 148744
0.72, 146169
0.72, 145368
0.72, 144188
0.74, 143937
0.74, 143193
0.74, 142887
0.74, 142879
0.74, 142516
0.77, 141904
0.77, 141379
0.77, 141136
0.77, 137714
0.77, 137635
0.77, 137368
0.77, 135938
0.77, 135591
0.77, 135345
0.77, 135235
0.79, 134497
0.79, 134060
0.79, 132829
0.79, 132820
0.79, 128069
0.79, 127775
0.79, 127517
0.79, 127500
0.79, 126567
0.81, 126309
0.81, 125499
0.81, 125216
0.81, 125026
0.82, 124631
0.82, 124144
0.82, 124026
0.82, 123899
0.82, 122874
0.82, 122592
0.82, 122352
0.82, 120937
0.82, 120874
0.82, 118423
0.82, 118341
0.82, 117432
0.89, 117093
0.89, 117082
0.89, 115825
0.89, 114981
0.89, 114899
0.89, 114642
0.90, 114407
0.90, 113690
0.90, 113627
0.90, 113434
0.90, 111876
0.92, 111834
0.92, 110799
0.92, 110630
0.92, 110409
0.92, 110402
0.93, 110244
0.93, 109028
0.93, 108937
0.93, 108414
0.94, 108273
0.94, 108262
0.94, 108007
0.94, 107677
0.94, 107524
0.94, 106928
0.94, 106525
0.94, 106424
0.94, 106415
0.94, 105657
0.94, 105592
0.94, 105583
0.95, 105483
0.95, 105404
0.96, 105196
0.96, 104674
0.96, 104545
0.99, 104204
0.99, 104002
0.99, 102811
1.09, 102736
1.09, 102578
1.09, 102540
1.09, 102429
1.10, 102364
1.10, 102351
1.10, 102011
1.11, 101981
1.11, 101973
1.11, 101473
1.11, 101324
1.30, 101313
1.31, 101208
1.31, 101085
1.33, 101077
6.92, 101027
6.92, 100835
6.92, 100808
6.99, 100743
6.99, 100724
7.00, 100716
