0.00, 570642
0.01, 567905
0.01, 565957
0.01, 549443
0.01, 547045
0.01, 544531
0.01, 544508
0.01, 541247
0.01, 540011
0.01, 536913
0.01, 533957
0.01, 532655
0.01, 525095
0.01, 520077
0.01, 513597
0.01, 510536
0.01, 505294
0.01, 504788
0.01, 503466
0.01, 503312
0.01, 502024
0.01, 501310
0.01, 494547
0.01, 494350
0.01, 493517
0.01, 482554
0.01, 480311
0.01, 472587
0.01, 464896
0.01, 456533
0.01, 455699
0.01, 453987
0.01, 450965
0.01, 446166
0.01, 444872
0.01, 435681
0.02, 433567
0.02, 433347
0.02, 430000
0.02, 428574
0.02, 427873
0.02, 424861
0.02, 421031
0.02, 420388
0.02, 405853
0.04, 405280
0.04, 400961
0.11, 397055
0.11, 392369
0.11, 387492
0.11, 386975
0.11, 386929
0.11, 386350
0.11, 384298
0.11, 382175
0.11, 379100
0.11, 366446
0.11, 366146
0.11, 363526
0.11, 362885
0.11, 359590
0.11, 355866
0.25, 349540
0.26, 349536
0.29, 348079
0.29, 339507
0.29, 338012
0.29, 335350
0.31, 333201
0.31, 330193
0.31, 328471
0.31, 327950
0.31, 327583
0.31, 317962
0.31, 316151
0.32, 314885
0.32, 314337
0.33, 313166
0.33, 313038
0.33, 308935
0.33, 305970
0.33, 304209
0.33, 302788
0.33, 301136
0.33, 300656
0.33, 300450
0.37, 300246
0.37, 298345
0.37, 295493
0.37, 293522
0.37, 292781
0.37, 292000
0.37, 288347
0.37, 286962
0.42, 283160
0.42, 277347
0.43, 272713
0.43, 268118
0.43, 268024
0.43, 263421
0.47, 263352
0.47, 263117
0.47, 261513
0.47, 260657
0.47, 259154
0.47, 257316
0.47, 257244
0.47, 250690
0.47, 247717
0.49, 247638
0.49, 247394
0.49, 247075
0.49, 246508
0.49, 245109
0.50, 245063
0.50, 244909
0.50, 243834
0.50, 242791
0.50, 242281
0.50, 241470
0.50, 240950
0.50, 238869
0.50, 238841
0.50, 237961
0.50, 236687
0.50, 235479
0.50, 233027
0.50, 231300
0.50, 231198
0.50, 230497
0.50, 228892
0.50, 227467
0.50, 224987
0.55, 224891
0.55, 222599
0.55, 219019
0.55, 216301
0.55, 215304
0.56, 212518
0.56, 210931
0.57, 208488
0.57, 207676
0.57, 205645
0.57, 204777
0.57, 204347
0.57, 204223
0.57, 203245
0.58, 201325
0.58, 200574
0.58, 200463
0.58, 199582
0.58, 198476
0.58, 197997
0.58, 197675
0.58, 197191
0.58, 195305
0.58, 195176
0.59, 194641
0.59, 194097
0.60, 193013
0.60, 192194
0.62, 191995
0.62, 191323
0.62, 191120
0.62, 188861
0.62, 188400
0.62, 186873
0.62, 186037
0.62, 185206
0.62, 184761
0.62, 184556
0.63, 183070
0.63, 178302
0.63, 177323
0.63, 175409
0.65, 174810
0.66, 174481
0.66, 173328
0.66, 172621
0.66, 168941
0.66, 168079
0.66, 167957
0.66, 167757
0.66, 162906
0.66, 162718
0.66, 162453
0.66, 162320
0.66, 161281
0.68, 160493
0.68, 160398
0.68, 157587
0.68, 156054
0.68, 155461
0.70, 154946
0.70, 152443
0.70, 150793
0.70, 145022
0.70, 144927
0.71, 144843
0.71, 144806
0.71, 144148
0.71, 142429
0.75, 142384
0.75, 142266
0.75, 141849
0.75, 141802
0.76, 140104
0.76, 139699
0.76, 137559
0.76, 135606
0.76, 135055
0.76, 134834
0.78, 134785
0.78, 134275
0.78, 133432
0.78, 133228
0.78, 132150
0.78, 132112
0.78, 132037
0.78, 131189
0.78, 130499
0.78, 129949
0.80, 129550
0.80, 129485
0.80, 129135
0.82, 128010
0.82, 126632
0.82, 124527
0.82, 124389
0.82, 123472
0.82, 123342
0.82, 123315
0.83, 123283
0.83, 123016
0.83, 122631
0.83, 122393
0.83, 121861
0.83, 121469
0.85, 120992
0.86, 120930
0.87, 120123
0.87, 119657
0.87, 119431
0.87, 119198
0.87, 119013
0.87, 118926
0.88, 117896
0.89, 117598
0.89, 117326
0.89, 117009
0.89, 116702
0.89, 116104
0.89, 116088
0.89, 115881
0.89, 115695
0.90, 115609
0.90, 114877
0.90, 114493
0.90, 114395
0.90, 114195
0.90, 114118
0.90, 113991
0.90, 113588
0.90, 113336
0.90, 112834
0.91, 112494
0.92, 111644
0.92, 111100
0.92, 110929
0.92, 110317
0.92, 110035
0.92, 108970
0.92, 108715
0.92, 108471
0.92, 108427
0.92, 107909
0.92, 107841
0.93, 107731
0.99, 107554
1.00, 107417
1.00, 107404
1.00, 106775
1.00, 106590
1.00, 106460
1.00, 105531
1.00, 105457
1.01, 105184
1.01, 104671
1.01, 104484
1.01, 104455
1.01, 104193
1.01, 103804
1.01, 103795
1.01, 103509
1.01, 103473
1.01, 103293
1.01, 103230
1.01, 103212
1.01, 103138
1.03, 102636
1.03, 102280
1.06, 102279
1.06, 102235
1.16, 102231
1.16, 102186
1.16, 102151
1.16, 102098
1.17, 102039
1.25, 102002
1.25, 101940
1.25, 101765
1.32, 101680
3.93, 101404
3.95, 101290
3.96, 100884
3.96, 100676
4.12, 100649
7.10, 100642
7.17, 100623
7.18, 100615
