0.00,480962
0.00,439284
0.00,425686
0.00,422808
0.00,416978
0.00,420070
0.00,421328
0.00,405779
0.00,389196
0.00,392571
0.00,378775
0.00,367925
0.00,365775
0.00,364952
0.00,369812
0.00,374302
0.00,371851
0.00,372636
0.00,372163
0.00,365270
0.00,351877
0.00,351098
0.00,336650
0.00,325436
0.00,315935
0.00,320829
0.00,311702
0.00,313601
0.00,315858
0.00,319678
0.00,321751
0.00,299453
0.00,301124
0.00,299982
0.00,299739
0.00,296046
0.00,299080
0.00,302103
0.00,307738
0.00,295486
0.00,286600
0.00,286175
0.00,290412
0.00,292753
0.00,290545
0.00,279682
0.00,275120
0.00,276890
0.00,278156
0.00,279448
0.00,286714
0.00,283348
0.00,279304
0.00,279737
0.00,274861
0.00,270031
0.00,270014
0.00,258577
0.00,259653
0.00,253228
0.00,251589
0.00,253934
0.00,249362
0.00,254782
0.00,256082
0.00,253009
0.00,256595
0.00,258376
0.00,258063
0.00,258496
0.00,256256
0.00,250346
0.00,242720
0.00,248838
0.00,243515
0.00,235736
0.00,233574
0.00,231850
0.00,230189
0.00,234113
0.01,230750
0.01,225200
0.01,227030
0.01,222045
0.01,219768
0.01,216468
0.01,215954
0.01,215884
0.01,218337
0.01,210263
0.01,208967
0.01,208006
0.01,208381
0.01,210256
0.01,210709
0.01,219581
0.01,214164
0.01,210777
0.01,203102
0.01,200868
0.01,202615
0.01,199178
0.01,200630
0.01,201991
0.01,195573
0.01,205588
0.01,211357
0.01,214246
0.01,215643
0.01,214024
0.01,219436
0.01,220505
0.01,220317
0.01,212100
0.01,208212
0.01,207132
0.01,214659
0.01,209140
0.01,212545
0.01,202187
0.01,193963
0.01,197447
0.01,194177
0.01,196486
0.01,195292
0.01,189871
0.01,189465
0.01,190855
0.01,187059
0.01,187173
0.01,187124
0.01,189378
0.01,182512
0.01,189233
0.01,193458
0.01,195721
0.01,196977
0.01,193780
0.01,195874
0.01,198976
0.01,194685
0.01,185593
0.01,185560
0.01,189019
0.01,190199
0.01,189961
0.01,190666
0.01,195945
0.01,190189
0.01,185225
0.01,178714
0.01,176245
0.01,177385
0.01,177375
0.01,176971
0.01,184648
0.01,189187
0.01,190959
0.01,192643
0.01,192664
0.01,195942
0.01,196095
0.01,194793
0.01,185226
0.01,181923
0.01,181733
0.01,185636
0.01,186102
0.01,188476
0.01,192483
0.01,198731
0.01,199877
0.01,191560
0.01,187032
0.01,191837
0.01,194392
0.01,185920
0.01,181077
0.01,175148
0.01,174111
0.01,179289
0.01,172703
0.01,174735
0.01,176436
0.01,177047
0.01,180827
0.01,185809
0.01,188828
0.01,185065
0.01,190644
0.01,182650
0.01,182498
0.01,177703
0.01,178306
0.01,185338
0.01,176179
0.01,176234
0.01,181323
0.01,184411
0.01,185677
0.01,189871
0.01,198481
0.01,197716
0.01,196207
0.01,192088
0.01,193232
0.01,192891
0.01,190122
0.01,183996
0.01,178284
0.01,178778
0.01,179897
0.01,180187
0.01,178083
0.01,174383
0.01,168391
0.01,171411
0.01,171559
0.01,171103
0.01,173638
0.01,173236
0.01,172506
0.01,169217
0.01,167407
0.01,169829
0.01,175398
0.01,169575
0.01,168057
0.01,164756
0.01,163477
0.01,163956
0.01,160738
0.01,157082
0.01,154394
0.01,152815
0.01,154061
0.01,152356
0.01,151662
0.01,149302
0.01,153312
0.01,154864
0.01,153853
0.01,146480
0.01,143638
0.01,141343
0.01,145731
0.01,147282
0.01,144126
0.01,143676
0.01,146732
0.01,141840
0.01,138694
0.01,141035
0.01,135928
0.01,133390
0.01,131506
0.01,130369
0.01,132718
0.01,131581
0.01,130904
0.01,128054
0.01,126705
0.01,131675
0.01,135783
0.01,138319
0.01,131105
0.01,131376
0.01,136126
0.01,137960
0.01,137997
0.01,140870
0.01,137989
0.01,132390
0.01,131811
0.01,129244
0.01,131461
0.01,134128
0.01,129076
0.01,126445
0.01,124389
0.01,124142
0.01,122728
0.01,121512
0.01,120366
0.01,119520
0.01,119479
0.01,123902
0.01,124296
0.01,121465
0.01,121105
0.01,118836
0.01,118215
0.01,119566
0.01,117598
0.01,118491
0.01,116675
0.01,116071
0.01,115515
0.01,115050
0.01,114469
0.01,114084
0.01,113754
0.01,113463
0.01,113285
0.01,113073
0.01,112862
0.01,112598
0.01,112429
0.01,112316
0.01,112204
0.01,112074
0.01,115654
0.01,114597
0.01,114814
0.01,116850
0.01,119622
0.01,113884
0.01,112030
0.01,115862
0.01,115745
0.01,114757
0.01,114639
0.01,116896
0.01,112526
0.01,110954
0.01,110924
0.01,110910
