0.01,547104
0.01,521645
0.01,483020
0.01,447884
0.01,440508
0.01,437973
0.01,437947
0.01,430423
0.01,415419
0.01,408220
0.01,388558
0.01,391189
0.01,381016
0.01,379129
0.01,377361
0.01,371823
0.01,354174
0.01,351048
0.01,344249
0.01,338451
0.01,330133
0.01,327022
0.01,331158
0.01,329979
0.01,325913
0.01,328157
0.01,327944
0.01,318330
0.01,305245
0.01,300530
0.01,304055
0.01,311860
0.01,315105
0.01,303501
0.01,292601
0.01,288642
0.01,293032
0.01,291187
0.01,294255
0.01,295738
0.01,286766
0.01,283994
0.01,276701
0.01,271991
0.01,269126
0.01,266949
0.01,267938
0.01,259944
0.01,263498
0.01,261487
0.01,258129
0.01,255712
0.01,251298
0.01,254084
0.01,243124
0.01,238770
0.01,236773
0.01,238759
0.01,233378
0.01,232901
0.01,227652
0.01,226405
0.01,225761
0.01,228727
0.01,228487
0.01,222190
0.01,221256
0.01,225759
0.01,224463
0.01,218789
0.01,220026
0.01,220823
0.01,220073
0.01,219919
0.01,212089
0.01,211445
0.01,206627
0.01,207149
0.01,208206
0.01,210888
0.01,208785
0.01,204470
0.01,207331
0.01,205759
0.01,203612
0.01,206846
0.01,221526
0.01,220785
0.01,217184
0.01,202126
0.01,209532
0.01,210477
0.01,214454
0.01,197769
0.01,197369
0.01,196277
0.01,197240
0.01,198273
0.01,201183
0.01,203399
0.01,201255
0.01,199499
0.01,197067
0.01,197238
0.01,195684
0.01,207585
0.01,219239
0.01,219142
0.01,199671
0.01,191896
0.01,194747
0.01,192499
0.01,189007
0.01,198938
0.01,197180
0.01,195187
0.01,196322
0.01,202923
0.01,208193
0.01,202953
0.01,197985
0.01,201242
0.01,193474
0.01,188695
0.01,188293
0.01,183227
0.01,183186
0.01,181272
0.01,177719
0.01,175714
0.01,171789
0.01,174518
0.01,175268
0.01,174204
0.01,176804
0.01,177820
0.01,175908
0.01,178669
0.01,173904
0.01,174532
0.01,170750
0.01,165619
0.01,165001
0.01,162040
0.01,160840
0.01,160301
0.01,160221
0.01,162068
0.01,164713
0.01,165882
0.01,164214
0.01,165731
0.01,170519
0.01,172683
0.01,169409
0.01,167231
0.01,171168
0.01,169181
0.01,173815
0.01,162777
0.01,158830
0.01,157611
0.01,156539
0.01,153988
0.01,151562
0.01,151346
0.01,152051
0.01,156723
0.01,157915
0.01,152654
0.01,149190
0.01,154015
0.01,152375
0.01,151051
0.01,149353
0.01,148245
0.01,148612
0.01,145846
0.01,143472
0.01,141293
0.01,139004
0.01,136409
0.01,134818
0.01,134019
0.01,132535
0.01,133971
0.01,134373
0.01,133541
0.01,135822
0.01,136367
0.01,135845
0.01,136629
0.01,140984
0.01,142455
0.01,140502
0.02,133113
0.02,139388
0.02,145187
0.02,146260
0.02,154177
0.02,156554
0.02,155428
0.02,154890
0.02,150441
0.02,150940
0.02,152253
0.02,145418
0.02,145626
0.02,145870
0.02,145235
0.02,143398
0.02,143017
0.02,140284
0.02,137509
0.02,133763
0.02,132962
0.02,133082
0.02,133926
0.02,130288
0.02,132094
0.02,132133
0.02,132890
0.02,134124
0.02,133634
0.02,134342
0.02,137804
0.02,134852
0.02,138895
0.02,135920
0.02,136499
0.02,140813
0.02,145268
0.02,146484
0.02,145329
0.02,147962
0.02,139927
0.02,129634
0.02,133567
0.02,135054
0.02,132712
0.02,133160
0.02,134042
0.02,136808
0.02,136641
0.02,138726
0.02,144084
0.02,141656
0.02,144505
0.02,148689
0.02,148014
0.02,147251
0.02,150678
0.02,149281
0.02,146964
0.02,142340
0.02,149303
0.02,151454
0.02,143000
0.02,137822
0.02,138150
0.02,137880
0.02,138933
0.02,137775
0.02,138972
0.02,133705
0.02,133999
0.02,131785
0.02,130695
0.02,132565
0.02,127822
0.02,125660
0.02,123622
0.02,121998
0.02,120508
0.02,119140
0.02,122876
0.02,127870
0.02,129251
0.02,127986
0.02,131660
0.02,132288
0.02,133874
0.02,134043
0.02,141176
0.02,143536
0.02,140507
0.02,141500
0.02,135530
0.02,133109
0.02,131868
0.02,126706
0.02,128372
0.02,125820
0.02,124644
0.02,120403
0.02,123013
0.02,122283
0.02,119986
0.02,121684
0.02,120001
0.02,120313
0.02,120617
0.02,118823
0.02,116156
0.02,117136
0.02,114793
0.02,117025
0.02,126448
0.02,133404
0.02,132040
0.02,132157
0.02,131782
0.02,130470
0.02,127030
0.02,130015
0.02,129187
0.02,128807
0.02,131154
0.02,128052
0.02,126142
0.02,124412
0.02,126594
0.02,126346
0.02,126558
0.02,126411
0.02,122432
0.02,120747
0.02,120164
0.02,114569
0.02,115645
0.02,113518
0.02,112648
0.02,115816
0.02,119288
0.02,123690
0.02,123204
0.02,123127
0.02,127756
0.02,130335
0.02,131530
0.02,131334
0.02,125128
0.02,120695
0.02,116697
0.02,115156
0.02,113356
0.02,113684
0.02,116225
0.02,116793
0.02,114219
0.02,111324
0.02,110592
0.02,113426
0.02,114442
0.02,114174
0.02,114843
0.02,114981
0.02,116608
0.02,114061
0.02,110141
0.02,110096
0.02,109523
0.02,108982
0.02,108581
0.02,107965
0.02,107372
0.02,108934
0.02,108959
0.02,106934
0.02,109455
0.02,111539
0.02,112415
0.02,109042
0.02,106060
0.02,104692
0.02,104483
0.02,104383
0.02,103607
0.02,103241
0.02,102919
0.02,102677
0.02,102564
