0.01, 606059
0.01, 601959
0.01, 601089
0.01, 600086
0.01, 595800
0.01, 574707
0.01, 567775
0.01, 552875
0.01, 550955
0.01, 547035
0.01, 546154
0.01, 541810
0.01, 541335
0.01, 535156
0.01, 533922
0.01, 533158
0.01, 532296
0.01, 530824
0.01, 530023
0.01, 523166
0.01, 521010
0.01, 519943
0.01, 517654
0.01, 516668
0.01, 514205
0.01, 509225
0.01, 508660
0.01, 508390
0.01, 505574
0.01, 501470
0.01, 496360
0.01, 485535
0.01, 482230
0.01, 479578
0.01, 477976
0.01, 477389
0.01, 469892
0.01, 469154
0.01, 451674
0.01, 449607
0.01, 445701
0.01, 436402
0.01, 433262
0.01, 433040
0.01, 429059
0.02, 427347
0.02, 426059
0.02, 424139
0.02, 423948
0.02, 421420
0.03, 418789
0.03, 418719
0.03, 410602
0.03, 410399
0.03, 410280
0.03, 409844
0.03, 407052
0.03, 406720
0.03, 405915
0.09, 405360
0.09, 399316
0.09, 396473
0.13, 395649
0.13, 394549
0.14, 391856
0.14, 381878
0.16, 376495
0.16, 376456
0.16, 375829
0.16, 373020
0.16, 372868
0.16, 363020
0.16, 361439
0.16, 358355
0.16, 357145
0.16, 356372
0.16, 355528
0.16, 355469
0.16, 352904
0.16, 347977
0.25, 347073
0.25, 344423
0.27, 343232
0.27, 342208
0.27, 340118
0.30, 336117
0.30, 335352
0.31, 335284
0.31, 331641
0.31, 330016
0.31, 329026
0.31, 325632
0.31, 325513
0.31, 325410
0.31, 324269
0.34, 323828
0.34, 321386
0.34, 321138
0.34, 321028
0.34, 319867
0.34, 319065
0.34, 317439
0.34, 316543
0.34, 315289
0.34, 315082
0.34, 310621
0.35, 310245
0.37, 309338
0.37, 308488
0.37, 305370
0.37, 305269
0.37, 298039
0.37, 297924
0.37, 295518
0.37, 295414
0.37, 295177
0.41, 291894
0.41, 290382
0.41, 289870
0.41, 287139
0.41, 285598
0.41, 284766
0.41, 282122
0.41, 281525
0.41, 281093
0.43, 279615
0.43, 279575
0.43, 275059
0.44, 274211
0.44, 272920
0.44, 272915
0.45, 272391
0.45, 271201
0.45, 270899
0.45, 270244
0.46, 269785
0.46, 269274
0.46, 268106
0.46, 267864
0.46, 267823
0.46, 267450
0.46, 265565
0.46, 264414
0.46, 264118
0.47, 262831
0.47, 262709
0.47, 262026
0.47, 260638
0.47, 256891
0.47, 256542
0.50, 256079
0.50, 254855
0.50, 254349
0.50, 249495
0.50, 248824
0.50, 246097
0.50, 244014
0.50, 243694
0.50, 243639
0.50, 241403
0.50, 240717
0.50, 238904
0.50, 238582
0.52, 238235
0.52, 238210
0.52, 237483
0.52, 236251
0.52, 235753
0.52, 233748
0.53, 230080
0.53, 229451
0.53, 228244
0.53, 228086
0.53, 225263
0.53, 224052
0.54, 219728
0.55, 218832
0.55, 217781
0.55, 214666
0.55, 214486
0.55, 214404
0.55, 207709
0.57, 206512
0.58, 205750
0.58, 204978
0.58, 202262
0.58, 197703
0.58, 196845
0.61, 194887
0.61, 194210
0.61, 192681
0.61, 192205
0.61, 191623
0.61, 190627
0.61, 189174
0.62, 185589
0.62, 184496
0.62, 182396
0.62, 181354
0.63, 179520
0.63, 179460
0.63, 178945
0.64, 178223
0.64, 177649
0.64, 177092
0.64, 175123
0.64, 175071
0.64, 173753
0.64, 173438
0.64, 173429
0.65, 171845
0.65, 171499
0.65, 171130
0.65, 170007
0.65, 169784
0.65, 168782
0.65, 168630
0.65, 166570
0.65, 164472
0.65, 162925
0.65, 161671
0.65, 160172
0.65, 160157
0.65, 159569
0.65, 159497
0.65, 159174
0.65, 158813
0.70, 156991
0.70, 156949
0.71, 156027
0.71, 153821
0.71, 153701
0.71, 151821
0.71, 151691
0.72, 151597
0.72, 151076
0.72, 150803
0.72, 150648
0.73, 150645
0.73, 149737
0.73, 148880
0.74, 147243
0.75, 145978
0.75, 145535
0.75, 145088
0.75, 144739
0.75, 144273
0.75, 144081
0.76, 143523
0.76, 143325
0.76, 141937
0.76, 140291
0.76, 140272
0.77, 139881
0.77, 138983
0.77, 138461
0.77, 138253
0.77, 136322
0.77, 136167
0.77, 135845
0.77, 135785
0.77, 135040
0.77, 135020
0.79, 132464
0.79, 132067
0.79, 131382
0.79, 129090
0.79, 128890
0.79, 128296
0.79, 128218
0.79, 127998
0.79, 126452
0.79, 126340
0.79, 126097
0.81, 125812
0.83, 125775
0.83, 125323
0.83, 124560
0.83, 124266
0.83, 123840
0.83, 123382
0.83, 122662
0.83, 122252
0.83, 122196
0.83, 121688
0.84, 120665
0.84, 119462
0.86, 119064
0.86, 119000
0.87, 118964
0.87, 118524
0.87, 117886
0.87, 117882
0.87, 117809
0.87, 117292
0.87, 117142
0.87, 116922
0.87, 116801
0.87, 116500
0.87, 116415
0.87, 115811
0.87, 115267
0.87, 114300
0.87, 113778
0.89, 113733
0.89, 113638
0.89, 113049
0.89, 112734
0.89, 112132
0.89, 111938
0.90, 111908
0.90, 111843
0.91, 111539
0.91, 110647
0.91, 110103
0.93, 109157
0.94, 109139
0.94, 108893
0.94, 108205
0.94, 107491
0.94, 107341
0.94, 106517
0.94, 106134
0.94, 104969
0.94, 104888
1.01, 104734
1.01, 103713
1.01, 103705
1.01, 103665
1.04, 103210
1.04, 102516
1.06, 102075
1.14, 101819
1.16, 101485
1.16, 101294
1.16, 101267
2.72, 101203
2.72, 101130
2.79, 101055
2.79, 101020
2.79, 100828
2.81, 100717
2.86, 100709
4.27, 100642
4.34, 100615
