0.00,530384
0.00,504097
0.00,479364
0.00,479536
0.00,459789
0.00,450766
0.00,448422
0.00,440185
0.00,430856
0.00,420589
0.00,398090
0.00,399292
0.00,377135
0.00,372396
0.00,367829
0.00,358396
0.00,347950
0.00,344466
0.00,339082
0.00,335279
0.00,334711
0.00,336351
0.00,347291
0.00,340730
0.00,340907
0.00,338562
0.00,333926
0.00,333136
0.00,322960
0.00,332618
0.00,323747
0.00,304891
0.00,299421
0.00,297945
0.00,288419
0.00,279467
0.00,273099
0.00,284546
0.00,270548
0.00,262379
0.00,260225
0.00,252422
0.00,251294
0.00,248873
0.00,243575
0.00,243540
0.00,237499
0.00,234122
0.00,233250
0.00,231824
0.00,226099
0.00,221347
0.00,214709
0.00,213736
0.00,206373
0.00,216997
0.00,216624
0.00,203078
0.00,198138
0.00,192945
0.00,190201
0.00,192196
0.00,187867
0.00,194037
0.00,192408
0.00,195206
0.00,198649
0.00,202771
0.00,200582
0.00,195909
0.00,193037
0.00,190806
0.00,183701
0.00,189686
0.00,187476
0.00,185813
0.00,191440
0.00,192919
0.00,191679
0.00,187633
0.00,177396
0.00,180936
0.00,179870
0.00,178052
0.00,176022
0.01,173695
0.01,176293
0.01,177827
0.01,171712
0.01,174445
0.01,175700
0.01,177304
0.01,176551
0.01,174893
0.01,168847
0.01,166699
0.01,165115
0.01,164109
0.01,166283
0.01,161351
0.01,159592
0.01,160090
0.01,162906
0.01,161470
0.01,157907
0.01,155028
0.01,156216
0.01,158713
0.01,165371
0.01,167809
0.01,169201
0.01,167802
0.01,168214
0.01,166550
0.01,165207
0.01,172160
0.01,176096
0.01,174582
0.01,172721
0.01,166972
0.01,167059
0.01,164564
0.01,158805
0.01,157187
0.01,158275
0.01,158850
0.01,153696
0.01,155580
0.01,158262
0.01,157520
0.01,156947
0.01,155378
0.01,153706
0.01,151066
0.01,153233
0.01,156298
0.01,153447
0.01,154027
0.01,152763
0.01,149750
0.01,152239
0.01,150125
0.01,153370
0.01,155128
0.01,155938
0.01,153719
0.01,155622
0.01,154378
0.01,146941
0.01,142998
0.01,144819
0.01,143332
0.01,142928
0.01,140807
0.01,138782
0.01,136525
0.01,134338
0.01,133382
0.01,131348
0.01,131276
0.01,135664
0.01,138239
0.01,135763
0.01,133593
0.01,134280
0.01,135562
0.01,136448
0.01,138335
0.01,135398
0.01,134935
0.01,132143
0.01,134632
0.01,135950
0.01,134135
0.01,135914
0.01,133993
0.01,131512
0.01,135819
0.01,136916
0.01,132417
0.01,129349
0.01,132101
0.01,134493
0.01,133273
0.01,128889
0.01,128491
0.01,126901
0.01,125317
0.01,124956
0.01,123778
0.01,121994
0.01,121027
0.01,120148
0.01,119825
0.01,118957
0.01,123773
0.01,121966
0.01,118210
0.01,117930
0.01,119524
0.01,118093
0.01,118450
0.01,118830
0.01,121526
0.01,118167
0.01,116921
0.01,116969
0.01,119018
0.01,116761
0.01,115701
0.01,115049
0.01,116128
0.01,113928
0.01,113225
0.01,112671
0.01,112130
0.01,111708
0.01,111301
0.01,110915
0.01,110531
0.01,110716
0.01,110162
0.01,109843
0.01,109549
0.01,109285
0.01,111155
0.01,109028
0.01,108064
0.01,109748
0.01,112366
0.01,109559
0.01,112853
0.01,114343
0.01,115078
0.01,118230
0.01,120655
0.01,120093
0.01,117533
0.01,115646
0.01,116383
0.01,115874
0.01,116368
0.01,118106
0.01,115968
0.01,113414
0.01,110658
0.01,109532
0.01,109663
0.01,111320
0.01,114007
0.01,114310
0.01,113831
0.01,111673
0.01,112575
0.01,108051
0.01,108350
0.01,109779
0.01,110769
0.01,110718
0.01,112233
0.01,113495
0.01,117736
0.01,119092
0.01,120219
0.01,116509
0.01,114260
0.01,114882
0.01,114772
0.01,114941
0.01,116879
0.01,116477
0.01,113967
0.01,111275
0.01,109860
0.01,110431
0.01,110564
0.01,113836
0.01,113774
0.01,112897
0.01,111817
0.01,111036
0.01,110276
0.01,107394
0.01,107175
0.01,106983
0.01,106920
0.01,106729
0.01,106697
0.01,106672
0.01,106654
