0.01, 540106
0.01, 538385
0.01, 536695
0.01, 534845
0.01, 531692
0.01, 523543
0.01, 521794
0.01, 515926
0.01, 515330
0.01, 500242
0.01, 495558
0.01, 492839
0.01, 488008
0.01, 487982
0.01, 484391
0.01, 482907
0.01, 480240
0.01, 479638
0.01, 471128
0.01, 470059
0.01, 467840
0.01, 465234
0.01, 463174
0.01, 460086
0.01, 459949
0.01, 450593
0.01, 445320
0.01, 444721
0.01, 443326
0.01, 442179
0.01, 441262
0.01, 441188
0.01, 435908
0.01, 435782
0.01, 434639
0.01, 433431
0.01, 431046
0.01, 427585
0.01, 423963
0.03, 421597
0.03, 418007
0.03, 415846
0.03, 414461
0.03, 403640
0.03, 398202
0.03, 388684
0.03, 386913
0.03, 385870
0.06, 383949
0.10, 378771
0.10, 375701
0.10, 370742
0.10, 367617
0.19, 365136
0.24, 359604
0.25, 354455
0.25, 348631
0.29, 348476
0.29, 348459
0.29, 348086
0.29, 346029
0.29, 344350
0.29, 343713
0.29, 342315
0.29, 340171
0.29, 338506
0.30, 335943
0.30, 334646
0.30, 334169
0.30, 332705
0.30, 332575
0.30, 329046
0.31, 326541
0.31, 325303
0.32, 320863
0.32, 319157
0.36, 317405
0.37, 315992
0.37, 315138
0.37, 313105
0.37, 313064
0.37, 312570
0.37, 310981
0.37, 310105
0.37, 307639
0.37, 291774
0.37, 290480
0.37, 290258
0.37, 289577
0.37, 289078
0.37, 283324
0.42, 283061
0.42, 279879
0.42, 279844
0.42, 277863
0.42, 277686
0.42, 272467
0.42, 271905
0.42, 270596
0.42, 269417
0.46, 268863
0.46, 267726
0.46, 266779
0.47, 266512
0.47, 265953
0.47, 263678
0.48, 259451
0.48, 258509
0.49, 258304
0.49, 256856
0.49, 256226
0.49, 254538
0.49, 254205
0.50, 250891
0.50, 247893
0.50, 245920
0.51, 245326
0.52, 244072
0.52, 243055
0.52, 242768
0.53, 242536
0.53, 236376
0.53, 235459
0.53, 234737
0.53, 231714
0.53, 230149
0.53, 229510
0.53, 229039
0.54, 227622
0.54, 225384
0.56, 224147
0.56, 222524
0.56, 219117
0.56, 218317
0.56, 217435
0.56, 215431
0.56, 213064
0.56, 212631
0.56, 212472
0.57, 211618
0.57, 209263
0.57, 208817
0.57, 205354
0.58, 204018
0.58, 200269
0.58, 195803
0.58, 193482
0.61, 192985
0.61, 190356
0.61, 189270
0.61, 189136
0.62, 188140
0.62, 186785
0.62, 185646
0.62, 185397
0.62, 185307
0.62, 184905
0.64, 184839
0.64, 184731
0.64, 184622
0.65, 184364
0.65, 183103
0.65, 182667
0.66, 182202
0.66, 181432
0.66, 179520
0.66, 179391
0.66, 178758
0.66, 178213
0.66, 177508
0.66, 176744
0.66, 173720
0.66, 173602
0.66, 173190
0.66, 169686
0.66, 168125
0.66, 167857
0.69, 166858
0.69, 166218
0.69, 165357
0.69, 164636
0.69, 164258
0.69, 163714
0.69, 161886
0.70, 160627
0.70, 160579
0.70, 159798
0.70, 159631
0.70, 157617
0.70, 157570
0.70, 156647
0.70, 156028
0.70, 154781
0.70, 153349
0.70, 152649
0.70, 151447
0.70, 149510
0.70, 148848
0.74, 148445
0.74, 148436
0.74, 147009
0.74, 146986
0.74, 146604
0.74, 146172
0.74, 146142
0.74, 144941
0.74, 143963
0.76, 142585
0.76, 141539
0.76, 141371
0.76, 139257
0.76, 138951
0.76, 138440
0.76, 137328
0.76, 137089
0.76, 136693
0.76, 135379
0.79, 135373
0.79, 134815
0.79, 134495
0.79, 133746
0.79, 133238
0.80, 132632
0.81, 132433
0.81, 131052
0.81, 129877
0.82, 129864
0.82, 128338
0.82, 127977
0.83, 127372
0.83, 126725
0.83, 126560
0.83, 126122
0.83, 124639
0.83, 124514
0.83, 123879
0.83, 122174
0.83, 120669
0.83, 120237
0.84, 119902
0.84, 119455
0.84, 118961
0.84, 118258
0.88, 118245
0.89, 118171
0.89, 117944
0.89, 115313
0.89, 115099
0.89, 114002
0.90, 113760
0.90, 113484
0.90, 112087
0.90, 111526
0.91, 111463
0.91, 111174
0.91, 111137
0.91, 111129
0.91, 110283
0.91, 110100
0.91, 109939
0.91, 109706
0.91, 109510
0.91, 108807
0.91, 108767
0.91, 108425
0.91, 108346
0.91, 108141
0.91, 107086
0.91, 107023
0.91, 106056
1.02, 105966
1.02, 105011
1.03, 104624
1.04, 104605
1.04, 104294
1.04, 104040
1.04, 103366
1.04, 103139
1.04, 102864
1.09, 102860
1.09, 102825
1.13, 102750
1.13, 102715
1.13, 102540
1.18, 102455
1.18, 102420
1.19, 102352
1.19, 102342
2.72, 102326
2.74, 102252
2.74, 102122
2.76, 102062
2.77, 102018
2.77, 101895
2.77, 101832
2.77, 101769
2.80, 101629
2.80, 101567
2.80, 101456
2.80, 101333
2.80, 101305
2.81, 101200
2.82, 101190
2.82, 101104
2.82, 101077
5.95, 101005
5.97, 100650
6.03, 100615
