0.00,537219
0.00,499173
0.00,500357
0.00,499959
0.00,478393
0.00,455541
0.00,440597
0.00,427423
0.00,426643
0.00,406955
0.00,389480
0.00,367269
0.00,355391
0.00,349693
0.00,334186
0.00,327316
0.00,336639
0.00,330445
0.00,316886
0.00,313586
0.00,319990
0.00,325496
0.00,320815
0.00,311654
0.00,310599
0.00,294607
0.00,285904
0.00,282072
0.00,270640
0.00,272165
0.00,265970
0.00,257364
0.00,251249
0.00,247529
0.00,241630
0.00,239033
0.00,238519
0.00,235599
0.00,229970
0.00,228541
0.00,223594
0.00,218767
0.00,216627
0.00,218877
0.00,220128
0.00,220167
0.00,220728
0.00,221878
0.00,218696
0.00,217795
0.00,214607
0.00,209001
0.00,210517
0.00,215978
0.00,210722
0.00,211729
0.00,210943
0.00,207498
0.00,205928
0.00,206961
0.00,206389
0.00,206658
0.00,208916
0.00,207515
0.00,201907
0.00,198083
0.00,189852
0.00,192992
0.00,191600
0.00,187196
0.00,184884
0.00,184726
0.00,181873
0.00,175124
0.00,186304
0.00,190070
0.00,194642
0.00,194590
0.00,191899
0.00,192391
0.00,191536
0.00,193093
0.00,195343
0.00,192370
0.00,191687
0.00,193949
0.00,188766
0.00,191192
0.00,182799
0.00,181419
0.00,182718
0.00,186344
0.01,173031
0.01,174125
0.01,173657
0.01,175100
0.01,182653
0.01,187274
0.01,185140
0.01,178180
0.01,175833
0.01,175615
0.01,177961
0.01,181712
0.01,190984
0.01,189495
0.01,189022
0.01,184527
0.01,186854
0.01,186836
0.01,186583
0.01,188399
0.01,186807
0.01,181163
0.01,182904
0.01,180684
0.01,178292
0.01,170741
0.01,172394
0.01,168972
0.01,170103
0.01,165884
0.01,169795
0.01,168265
0.01,166552
0.01,163329
0.01,162820
0.01,165620
0.01,164864
0.01,164645
0.01,163756
0.01,165299
0.01,165314
0.01,165934
0.01,168375
0.01,167542
0.01,168483
0.01,167572
0.01,168354
0.01,168759
0.01,173778
0.01,178210
0.01,173660
0.01,167546
0.01,167130
0.01,168094
0.01,167665
0.01,169815
0.01,171535
0.01,180005
0.01,177290
0.01,179754
0.01,183059
0.01,186592
0.01,183503
0.01,182479
0.01,167890
0.01,171885
0.01,172469
0.01,166508
0.01,165665
0.01,158355
0.01,155254
0.01,152657
0.01,150944
0.01,150175
0.01,148223
0.01,146420
0.01,144621
0.01,142016
0.01,142079
0.01,141601
0.01,140008
0.01,141773
0.01,138446
0.01,137657
0.01,135892
0.01,136947
0.01,139829
0.01,140878
0.01,140359
0.01,142479
0.01,143297
0.01,141817
0.01,141682
0.01,142831
0.01,141282
0.01,141370
0.01,142077
0.01,141670
0.01,140014
0.01,144188
0.01,147298
0.01,143792
0.01,140455
0.01,143942
0.01,144439
0.01,147728
0.01,150345
0.01,157667
0.01,159494
0.01,157732
0.01,151715
0.01,150031
0.01,149870
0.01,145337
0.01,145072
0.01,140852
0.01,135104
0.01,133210
0.01,131737
0.01,129140
0.01,129080
0.01,127712
0.01,129139
0.01,129346
0.01,131225
0.01,133263
0.01,131978
0.01,129767
0.01,130262
0.01,131729
0.01,133838
0.01,131596
0.01,129332
0.01,128752
0.01,130713
0.01,130695
0.01,131116
0.01,130033
0.01,129777
0.01,130615
0.01,130556
0.01,132650
0.01,136333
0.01,137505
0.01,143536
0.01,142086
0.01,138031
0.01,132803
0.01,133542
0.01,133352
0.01,138958
0.01,137163
0.01,132750
0.01,137088
0.01,139037
0.01,139294
0.01,134087
0.01,130548
0.01,125109
0.01,124071
0.01,123321
0.01,121819
0.01,124333
0.01,124584
0.01,123223
0.01,129134
0.01,134640
0.01,137105
0.01,137093
0.01,130901
0.01,125012
0.01,123852
0.01,122974
0.01,122523
0.01,120787
0.01,123770
0.01,127025
0.01,125940
0.01,124439
0.01,123659
0.01,125946
0.01,125490
0.01,127824
0.01,132134
0.01,134463
0.01,134521
0.01,127293
0.01,125469
0.01,120204
0.01,119553
0.01,120618
0.01,119583
0.01,120734
0.01,122578
0.01,122770
0.01,121076
0.01,121612
0.01,122839
0.01,125003
0.01,122591
0.01,123926
0.01,127991
0.01,129549
0.01,129335
0.01,124105
0.01,127507
0.01,125685
0.01,121123
0.01,126050
0.01,129727
0.01,130356
0.01,134610
0.01,132943
0.01,129107
0.01,126562
0.01,123563
0.01,123841
0.01,119704
0.01,118160
0.01,117193
0.01,116282
0.01,115507
0.01,114875
0.01,114247
0.01,113825
0.01,113459
0.01,113132
0.01,115633
0.01,118173
0.01,121306
0.01,117989
0.01,113144
0.01,115024
0.01,116330
0.01,117499
0.01,121481
0.01,122678
0.01,128709
0.01,127259
0.01,123204
0.01,116947
0.01,118469
0.01,125083
0.01,123785
0.01,120854
0.01,124831
0.01,122337
0.01,120679
0.01,123009
0.01,116321
0.01,113403
0.01,111557
0.01,112326
0.01,113772
0.01,115924
0.01,114641
0.01,116736
0.01,117132
0.01,114411
0.01,115941
0.01,120036
0.01,121942
0.01,121928
0.01,116239
0.01,114198
0.01,113893
0.01,114970
0.01,116104
0.01,117559
0.01,121919
0.01,131053
0.01,127097
0.01,121741
0.01,119170
0.01,115021
0.01,113112
0.01,114834
0.01,111026
0.01,110289
0.01,114484
0.01,114984
0.01,113165
0.01,123677
0.01,127917
0.01,127972
0.01,123452
0.01,116568
0.01,112998
0.01,112039
0.01,111727
0.01,113326
0.01,109999
0.01,112262
0.01,112161
0.01,112110
0.01,117878
0.01,121050
0.01,124324
0.01,124670
0.01,118478
0.01,112589
0.01,111429
0.01,110551
0.01,110100
0.01,108364
0.01,108082
0.01,107851
0.01,107660
0.01,107485
0.01,107316
0.01,107281
