0.01, 564047
0.01, 556360
0.01, 546170
0.01, 542525
0.01, 538356
0.01, 532256
0.01, 522702
0.01, 522295
0.01, 514902
0.01, 514694
0.01, 510704
0.01, 507597
0.01, 504219
0.01, 499771
0.01, 493311
0.01, 493043
0.01, 492540
0.01, 491856
0.01, 480567
0.01, 480298
0.01, 477545
0.01, 464199
0.01, 463151
0.01, 462988
0.01, 458846
0.01, 456087
0.01, 455719
0.01, 455679
0.01, 450197
0.01, 448754
0.01, 436705
0.01, 433962
0.02, 425661
0.02, 416840
0.02, 414050
0.02, 413194
0.06, 408530
0.06, 405939
0.06, 403881
0.06, 398406
0.06, 397159
0.09, 394921
0.09, 389059
0.09, 387618
0.14, 387443
0.14, 381207
0.14, 373719
0.15, 373251
0.15, 373058
0.21, 368000
0.21, 367768
0.21, 365429
0.21, 365096
0.21, 357058
0.21, 352859
0.21, 351005
0.29, 350752
0.29, 348906
0.29, 346364
0.30, 345161
0.30, 340649
0.30, 337330
0.30, 336873
0.30, 336000
0.33, 332055
0.35, 316884
0.37, 315933
0.37, 315464
0.37, 315369
0.37, 314544
0.37, 311879
0.37, 311413
0.37, 306927
0.37, 303150
0.37, 302196
0.37, 302173
0.37, 300660
0.38, 298900
0.38, 298296
0.38, 296879
0.38, 293813
0.38, 288405
0.38, 284958
0.38, 283011
0.38, 278443
0.38, 275161
0.38, 275071
0.38, 274850
0.38, 271700
0.46, 270036
0.47, 268137
0.47, 267148
0.47, 266826
0.48, 265875
0.48, 264977
0.48, 260111
0.48, 258817
0.48, 257580
0.48, 256325
0.48, 255171
0.48, 254210
0.48, 253209
0.49, 252054
0.49, 249329
0.49, 248553
0.49, 247459
0.49, 246753
0.49, 243113
0.50, 242933
0.50, 242432
0.50, 242085
0.51, 240470
0.52, 238963
0.52, 238812
0.52, 238646
0.53, 233324
0.53, 232957
0.53, 231966
0.53, 231525
0.53, 231297
0.53, 229781
0.53, 228383
0.53, 226193
0.53, 223708
0.54, 223273
0.54, 220181
0.54, 219685
0.56, 218870
0.56, 218544
0.56, 218326
0.56, 217825
0.56, 217214
0.56, 215774
0.56, 214708
0.56, 212432
0.56, 211625
0.56, 207168
0.56, 206628
0.56, 205975
0.60, 205623
0.60, 204263
0.60, 203306
0.60, 203266
0.60, 201133
0.61, 200947
0.61, 199731
0.61, 195350
0.61, 194141
0.62, 191850
0.62, 190001
0.62, 188020
0.62, 186532
0.62, 184214
0.62, 182544
0.62, 181060
0.66, 179272
0.66, 179215
0.66, 177500
0.67, 176095
0.67, 175367
0.67, 174685
0.67, 174498
0.67, 173543
0.67, 173106
0.67, 171670
0.67, 171358
0.67, 170809
0.67, 170655
0.67, 170507
0.67, 170057
0.67, 169509
0.67, 168503
0.68, 165787
0.68, 163765
0.68, 161857
0.68, 161130
0.68, 160292
0.68, 159515
0.70, 158753
0.70, 158331
0.70, 156790
0.70, 156706
0.70, 156196
0.72, 156121
0.73, 155751
0.73, 154784
0.73, 154521
0.73, 154239
0.73, 154165
0.73, 153640
0.73, 152047
0.73, 151912
0.73, 151774
0.73, 151654
0.73, 150794
0.73, 149960
0.73, 148110
0.73, 144612
0.77, 144353
0.77, 142482
0.77, 141822
0.77, 141343
0.77, 140634
0.77, 139604
0.77, 138755
0.78, 137480
0.78, 137297
0.78, 136278
0.78, 135918
0.78, 135882
0.82, 135827
0.82, 135435
0.82, 134016
0.82, 133644
0.82, 132957
0.82, 132902
0.82, 131212
0.82, 130859
0.82, 130560
0.82, 130557
0.82, 130020
0.82, 129535
0.82, 129439
0.82, 129089
0.82, 128479
0.82, 128014
0.82, 127460
0.82, 126084
0.84, 126074
0.84, 124906
0.84, 124764
0.84, 123968
0.84, 123796
0.84, 123445
0.84, 121998
0.84, 121411
0.86, 121252
0.86, 121032
0.86, 120909
0.88, 120836
0.88, 120082
0.88, 119596
0.88, 119120
0.88, 118521
0.88, 117583
0.88, 116887
0.89, 116704
0.89, 115901
0.89, 115837
0.89, 115765
0.89, 115539
0.91, 114253
0.91, 114122
0.91, 112563
0.91, 112186
0.91, 111898
0.92, 111798
0.94, 111490
0.94, 111309
0.94, 111297
0.94, 110473
0.94, 109945
0.94, 109833
0.94, 109467
0.94, 108098
0.98, 107525
0.98, 107173
0.98, 106879
0.98, 106299
0.98, 105821
1.01, 105677
1.03, 105490
1.04, 105186
1.04, 105095
1.04, 104883
1.04, 104692
1.04, 104340
1.04, 104159
1.04, 104120
1.05, 104050
1.05, 103882
1.05, 103460
1.05, 103424
1.05, 103243
1.05, 102969
1.05, 102647
1.07, 102590
1.07, 102521
1.07, 102514
1.07, 102268
1.07, 102041
1.09, 101904
1.09, 101696
1.09, 101067
1.09, 100773
1.09, 100630
1.17, 100550
1.17, 100458
1.22, 100439
1.28, 100431
