0.01, 498010
0.01, 495711
0.01, 493564
0.01, 490733
0.01, 488943
0.01, 488881
0.01, 485133
0.01, 484920
0.01, 484902
0.01, 480508
0.01, 479278
0.01, 463713
0.01, 454060
0.01, 450707
0.01, 449965
0.01, 433154
0.01, 429697
0.01, 428716
0.03, 426151
0.03, 419752
0.03, 418785
0.03, 412951
0.03, 412378
0.03, 411490
0.03, 410307
0.03, 404632
0.07, 401085
0.09, 400911
0.09, 399366
0.09, 399153
0.11, 395215
0.11, 392971
0.11, 384188
0.11, 379765
0.11, 375322
0.11, 372282
0.11, 372147
0.14, 367682
0.17, 366815
0.19, 365172
0.24, 360873
0.24, 360416
0.24, 359823
0.24, 356762
0.25, 356190
0.25, 349262
0.25, 349182
0.25, 348853
0.25, 347155
0.28, 346426
0.28, 345518
0.28, 335319
0.28, 323356
0.32, 322063
0.32, 320639
0.32, 316682
0.32, 312669
0.35, 305660
0.35, 304864
0.35, 299935
0.35, 297429
0.35, 292821
0.35, 290730
0.35, 288682
0.35, 285055
0.35, 284437
0.35, 283094
0.35, 281836
0.35, 278326
0.35, 276297
0.35, 274080
0.42, 267207
0.42, 266815
0.42, 265269
0.42, 262162
0.42, 261934
0.46, 261185
0.46, 260954
0.46, 258533
0.46, 257315
0.47, 255798
0.47, 253660
0.47, 253085
0.48, 252365
0.48, 252196
0.50, 251069
0.50, 250775
0.50, 250283
0.51, 249510
0.51, 249388
0.51, 248557
0.51, 248304
0.51, 246613
0.51, 245165
0.51, 244201
0.51, 244082
0.51, 243339
0.51, 242075
0.51, 242012
0.51, 241994
0.52, 241916
0.52, 241593
0.52, 241153
0.54, 240917
0.54, 238918
0.54, 237269
0.54, 237257
0.54, 236254
0.54, 235774
0.54, 234413
0.54, 233533
0.54, 228482
0.54, 226150
0.54, 224592
0.54, 223597
0.56, 221451
0.56, 217915
0.56, 216995
0.56, 214662
0.56, 214440
0.56, 213582
0.56, 213055
0.56, 210837
0.59, 210077
0.59, 207335
0.59, 206437
0.59, 205426
0.59, 204689
0.59, 201940
0.60, 201124
0.60, 200399
0.60, 199021
0.61, 198102
0.61, 197212
0.61, 197083
0.61, 195873
0.62, 195361
0.62, 192076
0.62, 190112
0.62, 189474
0.62, 188406
0.62, 188358
0.64, 188344
0.64, 188299
0.64, 187226
0.65, 186780
0.65, 186376
0.65, 186324
0.65, 185325
0.65, 184404
0.65, 183086
0.65, 179973
0.65, 179517
0.65, 178403
0.65, 177129
0.65, 175180
0.67, 174519
0.67, 174144
0.67, 173690
0.67, 172975
0.67, 172844
0.67, 172148
0.67, 172076
0.67, 171895
0.67, 171827
0.67, 170797
0.67, 169338
0.67, 169336
0.67, 169278
0.67, 169134
0.67, 168888
0.67, 166865
0.67, 166753
0.68, 165806
0.68, 164013
0.68, 163325
0.68, 162773
0.68, 162406
0.68, 162089
0.68, 161306
0.68, 158589
0.68, 157679
0.69, 157156
0.70, 157054
0.72, 156089
0.72, 155244
0.72, 153868
0.72, 153394
0.72, 152589
0.72, 152408
0.72, 152315
0.72, 147139
0.72, 146932
0.72, 146594
0.72, 145046
0.72, 144751
0.72, 144004
0.75, 143195
0.76, 142119
0.76, 141954
0.76, 141343
0.76, 139585
0.76, 139583
0.76, 139158
0.76, 138859
0.76, 138721
0.76, 138361
0.76, 137218
0.76, 136276
0.76, 135981
0.77, 135734
0.77, 135495
0.77, 134576
0.77, 133790
0.78, 133216
0.79, 132301
0.81, 131285
0.81, 130813
0.81, 128867
0.81, 128308
0.81, 127887
0.81, 126678
0.81, 126603
0.81, 126559
0.81, 125705
0.83, 125296
0.83, 124343
0.83, 124160
0.84, 122868
0.86, 122431
0.86, 122326
0.86, 122053
0.86, 121064
0.86, 120751
0.86, 120592
0.86, 119607
0.86, 119026
0.86, 117956
0.87, 117019
0.87, 116516
0.87, 116515
0.87, 115846
0.87, 114641
0.90, 114487
0.90, 114093
0.90, 113491
0.90, 111923
0.92, 111875
0.92, 111530
0.93, 110888
0.93, 110439
0.93, 110031
0.93, 109332
0.93, 108889
0.93, 108427
0.95, 107404
0.96, 106088
0.96, 105766
0.97, 105518
0.97, 105395
0.97, 105252
0.97, 104951
0.97, 104760
0.97, 104102
0.97, 103800
0.97, 103773
0.99, 103692
1.00, 103599
1.00, 103400
1.04, 102819
1.05, 102576
1.06, 102497
1.07, 102274
1.08, 102078
1.08, 101920
1.08, 101882
1.09, 101837
1.09, 101481
1.09, 101239
1.09, 101212
2.83, 101071
2.86, 101070
2.86, 101043
2.86, 100930
2.88, 100717
2.91, 100709
