0.06,572239
0.06,531570
0.06,514821
0.06,502770
0.06,473937
0.06,476444
0.06,480367
0.06,458342
0.06,440401
0.06,424687
0.06,407213
0.06,383720
0.06,386905
0.06,392780
0.06,384117
0.06,369630
0.06,364692
0.06,371237
0.06,354256
0.06,346218
0.06,342526
0.06,352432
0.06,333529
0.06,336760
0.06,330033
0.06,327703
0.06,320700
0.06,315511
0.06,315898
0.06,311470
0.06,305653
0.06,292319
0.06,303296
0.06,308793
0.06,308212
0.06,296071
0.06,292967
0.06,283133
0.06,281248
0.06,281172
0.06,277063
0.06,271345
0.06,266603
0.06,265700
0.06,255616
0.06,252961
0.06,242545
0.06,237791
0.06,233666
0.06,231236
0.06,230243
0.06,226919
0.06,237776
0.06,224194
0.06,224180
0.06,212759
0.06,208694
0.06,210777
0.06,210257
0.06,206200
0.06,206038
0.06,201083
0.06,198087
0.06,193607
0.06,195013
0.06,192424
0.06,190168
0.06,195205
0.06,203238
0.06,200984
0.06,201292
0.06,200974
0.06,202620
0.06,201893
0.06,203175
0.06,203423
0.06,203434
0.06,193788
0.06,194447
0.06,196618
0.06,195008
0.06,201840
0.06,205000
0.06,204403
0.06,196054
0.06,196526
0.06,196793
0.06,190566
0.06,181567
0.06,178140
0.06,180448
0.06,178049
0.06,176830
0.06,179006
0.06,178499
0.06,175580
0.06,173391
0.06,168074
0.06,168357
0.06,169616
0.06,164517
0.06,167534
0.06,164841
0.06,160938
0.06,158661
0.06,155164
0.06,156375
0.06,158931
0.06,158258
0.06,164555
0.06,158997
0.06,156070
0.06,156402
0.06,156304
0.06,151824
0.06,155434
0.06,155183
0.06,153513
0.06,154163
0.06,154091
0.06,157465
0.06,156108
0.06,152439
0.06,151146
0.06,148258
0.06,146760
0.06,145171
0.06,142745
0.06,140362
0.06,139537
0.06,143022
0.06,144076
0.06,146605
0.06,143892
0.06,141387
0.06,139659
0.06,138404
0.06,134306
0.06,136537
0.06,137193
0.07,136630
0.07,137900
0.07,136796
0.07,133506
0.07,133443
0.07,132922
0.07,132000
0.07,132330
0.07,134216
0.07,130281
0.07,129085
0.07,129633
0.07,130259
0.07,131205
0.07,128609
0.07,136321
0.07,142825
0.07,141162
0.07,140555
0.07,140066
0.07,140710
0.07,146126
0.07,145963
0.07,144832
0.07,144816
0.07,145601
0.07,154052
0.07,151823
0.07,148481
0.07,144776
0.07,138676
0.07,133933
0.07,130284
0.07,131342
0.07,134244
0.07,132770
0.07,131903
0.07,127249
0.07,126083
0.07,127532
0.07,124003
0.07,126986
0.07,128356
0.07,131288
0.07,131824
0.07,130639
0.07,129228
0.07,127735
0.07,126383
0.07,129340
0.07,124419
0.07,123390
0.07,123919
0.07,122782
0.07,122437
0.07,121135
0.07,124043
0.07,119876
0.07,118717
0.07,117725
0.07,119214
0.07,116739
0.07,115808
0.07,115637
0.07,114905
0.07,114178
0.07,113475
0.07,112785
0.07,112362
0.07,113454
0.07,116091
0.07,113792
0.07,114726
0.07,117677
0.07,120031
0.07,121112
0.07,122575
0.07,126006
0.07,131512
0.07,133596
0.07,134011
0.07,135841
0.07,136475
0.07,137666
0.07,137258
0.07,136649
0.07,132932
0.07,133105
0.07,137631
0.07,136017
0.07,129869
0.07,128563
0.07,124668
0.07,123382
0.07,125405
0.07,123812
0.07,132638
0.07,130387
0.07,127055
0.07,119100
0.07,117133
0.07,115840
0.07,114188
0.07,112906
0.07,111465
0.07,110702
0.07,110245
0.07,109884
0.07,109530
0.07,109279
0.07,109149
