0.00, 579590
0.00, 572613
0.00, 567742
0.00, 556717
0.00, 554365
0.00, 552551
0.00, 546684
0.00, 546610
0.00, 541387
0.00, 540827
0.00, 540771
0.00, 535420
0.00, 534131
0.00, 530359
0.00, 528690
0.00, 520378
0.00, 519551
0.00, 518519
0.00, 513954
0.00, 503944
0.00, 497249
0.00, 496863
0.00, 492054
0.00, 490355
0.00, 490305
0.00, 487164
0.00, 486566
0.00, 483806
0.00, 480641
0.00, 480257
0.00, 478478
0.00, 477245
0.00, 475756
0.01, 473359
0.01, 468117
0.01, 464220
0.01, 463835
0.01, 462885
0.01, 458416
0.01, 456818
0.01, 453381
0.01, 452277
0.01, 448922
0.01, 448491
0.01, 447938
0.01, 443787
0.01, 435964
0.01, 430804
0.01, 427048
0.01, 417062
0.01, 417031
0.01, 413992
0.03, 409572
0.06, 408747
0.07, 406984
0.08, 406770
0.09, 404858
0.09, 399435
0.09, 396877
0.10, 392791
0.10, 386353
0.10, 385833
0.14, 385161
0.15, 379944
0.15, 378499
0.15, 371625
0.18, 370719
0.18, 369219
0.18, 369027
0.18, 368606
0.20, 365993
0.20, 364050
0.20, 363847
0.25, 361869
0.25, 360501
0.25, 353688
0.26, 349990
0.26, 349489
0.26, 349240
0.26, 349104
0.26, 348947
0.26, 333141
0.26, 329075
0.26, 327730
0.26, 327375
0.32, 321105
0.34, 320781
0.34, 314873
0.34, 309818
0.39, 309729
0.39, 309344
0.39, 309220
0.39, 308775
0.39, 308726
0.39, 308574
0.39, 308140
0.39, 306708
0.39, 306261
0.39, 300095
0.39, 300067
0.39, 298119
0.40, 293987
0.40, 293718
0.40, 291452
0.40, 289149
0.40, 287384
0.40, 287245
0.41, 284523
0.41, 283016
0.41, 280793
0.41, 280477
0.44, 278147
0.44, 278145
0.44, 276180
0.46, 275555
0.46, 275372
0.46, 273791
0.46, 272057
0.46, 270312
0.46, 268972
0.46, 268966
0.46, 266052
0.46, 265635
0.46, 265279
0.47, 264949
0.47, 264609
0.47, 264380
0.47, 262605
0.47, 260424
0.47, 259548
0.47, 256933
0.47, 251403
0.47, 250980
0.47, 249317
0.50, 248605
0.50, 247759
0.50, 247128
0.50, 245658
0.50, 244444
0.50, 242346
0.50, 241782
0.50, 239282
0.50, 239279
0.50, 236837
0.51, 236263
0.51, 235651
0.51, 235384
0.52, 234893
0.52, 234829
0.52, 231682
0.52, 230338
0.53, 227988
0.54, 227706
0.54, 226610
0.54, 224001
0.54, 223675
0.54, 223616
0.54, 222056
0.54, 219478
0.54, 219241
0.55, 216840
0.55, 213372
0.55, 208443
0.55, 204863
0.60, 203829
0.60, 200501
0.60, 199382
0.60, 195802
0.60, 194604
0.60, 191828
0.61, 191311
0.61, 188333
0.61, 187838
0.61, 186354
0.61, 184219
0.61, 183745
0.61, 183439
0.61, 181362
0.63, 181051
0.63, 180295
0.63, 179643
0.65, 175506
0.65, 173458
0.65, 172624
0.65, 172381
0.65, 172308
0.65, 171836
0.65, 171802
0.65, 170905
0.65, 170700
0.65, 168293
0.65, 166577
0.65, 165797
0.65, 165422
0.65, 164069
0.65, 163365
0.65, 162850
0.69, 162459
0.69, 161681
0.69, 160484
0.69, 160433
0.69, 159424
0.69, 158769
0.69, 158280
0.69, 156865
0.69, 155998
0.69, 155281
0.69, 155126
0.69, 154072
0.69, 153833
0.69, 153456
0.69, 153212
0.69, 152930
0.69, 151940
0.69, 151341
0.69, 149151
0.69, 148565
0.69, 146444
0.73, 145403
0.73, 143005
0.73, 141876
0.73, 141569
0.76, 141116
0.76, 141071
0.76, 139855
0.76, 139257
0.76, 139256
0.76, 139200
0.76, 138720
0.78, 138035
0.78, 136922
0.78, 136340
0.78, 135395
0.78, 135149
0.78, 134821
0.78, 134736
0.78, 134120
0.78, 133933
0.78, 133921
0.80, 133347
0.80, 133227
0.80, 131996
0.80, 131943
0.80, 131395
0.80, 131199
0.80, 130458
0.80, 129958
0.80, 129713
0.80, 127331
0.84, 126089
0.84, 125608
0.84, 125174
0.84, 124362
0.84, 124101
0.84, 122780
0.84, 121342
0.84, 120866
0.85, 120442
0.85, 120277
0.85, 120124
0.85, 119797
0.86, 118896
0.86, 118425
0.87, 118385
0.87, 118324
0.87, 118012
0.87, 117850
0.87, 117798
0.87, 115580
0.87, 115098
0.88, 114920
0.88, 114843
0.88, 114785
0.88, 114459
0.88, 113886
0.89, 113656
0.89, 113215
0.89, 112752
0.89, 112252
0.89, 110640
0.90, 110054
0.91, 109016
0.91, 107680
0.99, 107662
0.99, 107355
1.00, 107331
1.00, 107046
1.00, 106894
1.00, 106832
1.01, 106807
1.01, 106769
1.01, 106567
1.01, 106131
1.02, 105572
1.02, 105236
1.02, 105077
1.02, 104906
1.02, 104865
1.02, 104586
1.02, 103960
1.04, 103815
1.04, 103135
1.04, 102944
1.07, 102776
1.07, 102444
1.07, 102078
1.16, 101956
1.16, 101797
1.16, 101618
1.16, 101376
1.21, 101219
1.21, 101106
1.22, 101014
1.22, 101006
1.22, 100863
2.77, 100649
