0.01,522658
0.01,503091
0.01,494341
0.01,490767
0.01,488250
0.01,492614
0.01,472038
0.01,458411
0.01,455020
0.01,450218
0.01,454886
0.01,440638
0.01,440257
0.01,432619
0.01,430986
0.01,437106
0.01,429417
0.01,414136
0.01,397912
0.01,392620
0.01,372161
0.01,365608
0.01,365561
0.01,369071
0.01,367917
0.01,368184
0.01,367458
0.01,366870
0.01,350124
0.01,336639
0.01,326573
0.01,321892
0.01,324241
0.01,318026
0.01,316756
0.01,306563
0.01,305408
0.01,290465
0.01,288421
0.01,283897
0.01,276585
0.01,273071
0.01,266360
0.01,264826
0.01,257865
0.01,265799
0.01,270094
0.01,267002
0.01,262661
0.01,256155
0.01,254003
0.01,250475
0.01,248586
0.01,239809
0.01,238089
0.01,238099
0.01,240940
0.01,247939
0.01,240582
0.01,234062
0.01,236621
0.01,232463
0.01,225826
0.01,227289
0.01,224822
0.01,224699
0.01,223368
0.01,219474
0.01,219007
0.01,213481
0.01,214183
0.01,216461
0.01,209673
0.01,210707
0.01,201482
0.01,202075
0.01,197695
0.01,201599
0.01,200585
0.01,204928
0.01,202293
0.01,200441
0.01,193304
0.01,190462
0.01,188957
0.01,191358
0.01,193972
0.01,192137
0.01,188904
0.01,187429
0.01,183732
0.01,186016
0.01,189663
0.01,189712
0.01,189067
0.01,189829
0.01,199186
0.01,196651
0.01,196523
0.01,196667
0.01,197477
0.01,195706
0.01,192846
0.01,192574
0.01,187901
0.01,185751
0.01,183628
0.01,184298
0.01,188670
0.01,191970
0.01,188695
0.01,189250
0.01,183592
0.01,178258
0.01,182323
0.01,184939
0.01,183546
0.01,178272
0.01,180097
0.01,178539
0.01,183809
0.01,186909
0.01,190441
0.01,191895
0.01,191253
0.01,190104
0.01,188763
0.01,191030
0.01,191948
0.01,192617
0.01,194302
0.01,195631
0.01,197120
0.01,196242
0.01,191095
0.01,196608
0.01,196689
0.01,193093
0.01,185966
0.01,185261
0.01,181209
0.01,180865
0.01,181352
0.01,181045
0.01,178686
0.01,177027
0.01,172243
0.01,167298
0.01,168357
0.01,169837
0.01,166020
0.01,169614
0.01,175226
0.01,172815
0.01,163400
0.01,160165
0.01,157664
0.01,162944
0.01,163572
0.01,167817
0.01,162330
0.01,158243
0.01,155195
0.01,157412
0.01,163859
0.01,162108
0.01,162212
0.01,155348
0.01,157436
0.01,152335
0.01,152747
0.01,151203
0.01,149860
0.01,149907
0.01,151009
0.01,155991
0.01,158956
0.01,165221
0.01,163879
0.01,168057
0.01,170188
0.01,173397
0.01,171959
0.01,167645
0.01,168397
0.01,163501
0.01,165733
0.01,170306
0.01,171415
0.01,171850
0.01,172009
0.01,171398
0.01,170589
0.01,166522
0.01,165017
0.01,160417
0.01,153487
0.01,153829
0.01,157889
0.01,154853
0.01,150799
0.01,149183
0.01,148398
0.01,146080
0.01,144069
0.01,144777
0.01,141829
0.01,141317
0.01,142188
0.01,141874
0.01,140795
0.01,141244
0.01,142039
0.01,142888
0.01,144133
0.01,144198
0.01,144539
0.01,144916
0.01,146288
0.01,143289
0.01,140629
0.01,139629
0.01,140102
0.01,138034
0.01,136548
0.01,138034
0.01,141584
0.01,146338
0.01,146773
0.01,152705
0.01,152837
0.01,156468
0.01,159873
0.01,162115
0.01,159391
0.01,154487
0.01,155747
0.01,152558
0.01,155280
0.01,157200
0.01,158740
0.01,158083
0.01,159529
0.01,159576
0.01,156935
0.01,153733
0.01,154336
0.01,152221
0.01,146487
0.01,146453
0.01,146149
0.01,144067
0.01,140330
0.01,135330
0.01,135397
0.01,137764
0.01,135985
0.01,136253
0.01,133891
0.01,131360
0.01,131996
0.01,129135
0.01,127530
0.01,126002
0.01,124531
0.01,123247
0.01,122559
0.01,124819
0.01,121029
0.01,120503
0.01,119797
0.01,118612
0.01,120481
0.01,123372
0.01,124701
0.01,123268
0.01,122457
0.01,122770
0.01,123819
0.01,122629
0.01,125123
0.01,122769
0.01,120776
0.01,119156
0.01,117531
0.01,117283
0.02,116378
0.02,115920
0.02,116177
0.02,117120
0.02,119635
0.02,120547
0.02,121399
0.02,120746
0.02,122110
0.02,121102
0.02,120437
0.02,118814
0.02,117613
0.02,117241
0.02,118184
0.02,115093
0.02,115769
0.02,117364
0.02,118674
0.02,121581
0.02,121119
0.02,121329
0.02,120719
0.02,120413
0.02,119484
0.02,117892
0.02,115780
0.02,115961
0.02,115064
0.02,115553
0.02,113514
0.02,112860
0.02,112084
0.02,111347
0.02,110661
0.02,110024
0.02,109425
0.02,108871
0.02,109100
0.02,108326
0.02,111358
0.02,117767
0.02,119339
0.02,127022
0.02,132119
0.02,131230
0.02,129509
0.02,128494
0.02,123226
0.02,123335
0.02,124035
0.02,119017
0.02,118833
0.02,123604
0.02,130900
0.02,132274
0.02,134565
0.02,132990
0.02,133485
0.02,131310
0.02,129355
0.02,128204
0.02,123514
0.02,116807
0.02,116851
0.02,118743
0.02,119765
0.02,116420
0.02,116100
0.02,115287
0.02,114415
0.02,113042
0.02,111233
0.02,111469
0.02,111374
0.02,109597
0.02,108464
0.02,107826
0.02,107364
0.02,107086
0.02,106963
0.02,106886
0.02,108154
0.02,114251
0.02,117701
0.02,120330
0.02,130741
0.02,131654
0.02,132629
0.02,129103
0.02,123308
0.02,121141
0.02,119771
0.02,118722
0.02,117569
0.02,121196
0.02,128629
0.02,130935
0.02,131893
0.02,132685
0.02,132789
0.02,130302
0.02,129392
0.02,126619
0.02,122943
0.02,118068
0.02,118634
0.02,115889
0.02,114919
0.02,117899
0.02,115558
0.02,114618
0.02,113974
0.02,113330
0.02,111397
0.02,110413
0.02,109817
0.02,109406
0.02,107904
0.02,107280
0.02,106849
0.02,106651
