0.00,507838
0.00,503650
0.00,471097
0.00,448771
0.00,443928
0.00,444327
0.00,446063
0.00,423737
0.00,413278
0.00,400645
0.00,389635
0.00,380705
0.00,372245
0.00,362563
0.00,349085
0.00,338066
0.00,336119
0.00,335886
0.00,334871
0.00,339051
0.00,336036
0.00,331264
0.00,319495
0.00,321685
0.00,315090
0.00,316958
0.00,315524
0.00,305619
0.00,312998
0.00,311840
0.00,307441
0.00,301525
0.00,302012
0.00,283100
0.00,280514
0.00,282193
0.00,283111
0.00,284013
0.00,271833
0.00,263925
0.00,267501
0.00,266624
0.00,266318
0.00,267217
0.00,270286
0.00,263017
0.00,265342
0.00,259716
0.00,251480
0.00,245022
0.00,243087
0.00,239954
0.00,239686
0.00,237087
0.01,236837
0.01,241273
0.01,237678
0.01,228112
0.01,220378
0.01,215964
0.01,214703
0.01,207010
0.01,206660
0.01,196239
0.01,195280
0.01,191274
0.01,197907
0.01,191401
0.01,188775
0.01,190224
0.01,189004
0.01,192427
0.01,184712
0.01,193401
0.01,193447
0.01,193484
0.01,185572
0.01,178271
0.01,180799
0.01,179966
0.01,181903
0.01,175308
0.01,171602
0.01,173174
0.01,170374
0.01,172826
0.01,168370
0.01,169054
0.01,166392
0.01,164032
0.01,161237
0.01,158469
0.01,157227
0.01,160006
0.01,159401
0.01,165314
0.01,162344
0.01,164511
0.01,160467
0.01,161971
0.01,163534
0.01,164103
0.01,166227
0.01,155056
0.01,156459
0.01,155047
0.01,153337
0.01,154217
0.01,150938
0.01,153192
0.01,149620
0.01,151479
0.01,147431
0.01,145668
0.01,142949
0.01,144794
0.01,147164
0.01,147530
0.01,144714
0.01,143274
0.01,144327
0.01,142609
0.01,142751
0.01,140754
0.01,141493
0.01,138824
0.01,137204
0.01,140490
0.01,134340
0.01,135829
0.01,137842
0.01,141194
0.01,151506
0.01,154520
0.01,154339
0.01,160885
0.01,156206
0.01,157871
0.01,156662
0.01,154294
0.01,151271
0.01,150735
0.01,149424
0.01,142790
0.01,141770
0.01,147266
0.01,150464
0.01,147520
0.01,147517
0.01,142567
0.01,139578
0.01,138206
0.01,135381
0.01,135696
0.01,137034
0.01,136726
0.01,139145
0.01,139281
0.01,141467
0.01,140331
0.01,135483
0.01,138011
0.01,140815
0.01,139399
0.01,140271
0.01,137887
0.01,141198
0.01,139115
0.01,139376
0.01,139433
0.01,135929
0.01,132375
0.01,133280
0.01,135336
0.01,133441
0.01,134274
0.01,133394
0.01,130507
0.01,129783
0.01,128924
0.01,127278
0.01,125897
0.01,127400
0.01,125808
0.01,124637
0.01,123416
0.01,122330
0.01,121397
0.01,120486
0.01,119722
0.01,119048
0.01,117810
0.01,116807
0.01,116088
0.01,115415
0.01,117070
0.01,116627
0.01,116014
0.01,116337
0.01,121445
0.01,119845
0.01,117720
0.01,115400
0.01,116468
0.01,120233
0.01,119357
0.01,117273
0.01,114981
0.01,116404
0.01,117323
0.01,117605
0.01,116495
0.01,117545
0.01,117578
0.01,118731
0.01,119334
0.01,119866
0.01,118865
0.01,117014
0.01,114635
0.01,116257
0.01,118701
0.01,117866
0.01,118008
0.01,117390
0.01,113532
0.01,112621
0.01,111969
0.01,111377
0.01,110823
0.01,111952
0.01,112883
0.01,110386
0.01,110083
0.01,109994
0.01,109752
0.01,109343
0.01,111356
0.01,109160
0.01,110275
0.01,108613
0.01,108756
0.01,109964
0.01,110021
0.01,110592
0.01,108436
0.01,108862
0.01,110053
0.01,108804
0.01,107594
0.01,107419
0.01,107270
0.01,107190
