0.01, 511985
0.01, 498837
0.01, 497128
0.01, 496878
0.01, 488944
0.01, 484605
0.01, 481642
0.01, 478523
0.01, 474305
0.01, 467382
0.01, 463312
0.01, 462804
0.01, 462075
0.01, 459656
0.01, 457040
0.01, 455137
0.01, 455092
0.02, 454145
0.02, 441544
0.02, 440199
0.02, 435894
0.02, 432105
0.02, 429648
0.02, 427400
0.02, 427071
0.03, 426620
0.03, 426545
0.04, 424966
0.05, 421478
0.05, 419746
0.05, 418422
0.05, 414930
0.05, 414727
0.06, 411359
0.06, 408692
0.06, 403311
0.06, 403286
0.06, 395651
0.06, 395117
0.12, 389342
0.12, 383011
0.12, 382963
0.18, 382126
0.18, 376476
0.18, 373429
0.18, 370894
0.18, 370143
0.22, 368818
0.22, 361277
0.24, 359769
0.26, 359259
0.26, 357555
0.26, 356200
0.27, 350057
0.27, 346357
0.27, 342208
0.27, 340336
0.27, 337678
0.30, 334587
0.30, 333816
0.31, 331562
0.31, 328205
0.31, 328181
0.31, 324928
0.31, 324888
0.33, 323194
0.33, 322276
0.33, 321646
0.34, 321191
0.34, 315050
0.34, 313867
0.34, 311061
0.34, 307557
0.34, 303521
0.34, 302311
0.34, 300555
0.34, 299367
0.34, 290200
0.39, 288697
0.39, 285284
0.39, 280636
0.45, 279712
0.45, 278794
0.45, 278785
0.45, 277575
0.45, 271934
0.45, 269798
0.45, 269048
0.45, 268432
0.45, 268389
0.45, 267124
0.45, 265688
0.45, 263394
0.46, 263060
0.46, 261407
0.47, 261358
0.47, 260913
0.47, 258941
0.48, 258928
0.48, 257752
0.48, 256015
0.48, 252297
0.48, 249733
0.48, 248716
0.48, 237527
0.48, 234899
0.51, 234894
0.51, 233840
0.51, 233063
0.51, 232639
0.51, 230015
0.51, 229956
0.51, 229417
0.51, 227608
0.54, 227401
0.54, 226793
0.55, 225369
0.55, 223541
0.55, 222836
0.55, 221499
0.55, 220914
0.55, 217597
0.57, 217078
0.57, 214938
0.57, 214169
0.57, 212481
0.57, 210445
0.57, 208909
0.58, 208474
0.59, 207919
0.59, 206550
0.59, 206465
0.59, 205390
0.59, 204894
0.59, 204577
0.59, 202964
0.59, 200010
0.59, 199758
0.60, 197933
0.60, 197499
0.60, 196541
0.60, 195949
0.61, 194471
0.61, 193813
0.61, 193496
0.61, 193164
0.61, 191077
0.61, 190478
0.61, 189298
0.61, 188343
0.61, 187693
0.62, 185407
0.62, 185021
0.62, 184654
0.63, 183011
0.63, 181299
0.64, 180914
0.64, 180718
0.64, 179180
0.64, 177377
0.64, 176594
0.64, 175997
0.64, 175757
0.64, 175043
0.64, 174671
0.64, 174564
0.64, 174298
0.67, 173735
0.67, 171492
0.67, 170701
0.67, 170040
0.67, 169997
0.67, 169039
0.67, 168810
0.67, 168678
0.67, 168523
0.68, 166992
0.69, 166539
0.69, 165344
0.70, 165167
0.70, 163885
0.70, 163719
0.70, 163675
0.70, 162655
0.70, 162451
0.70, 161200
0.70, 160932
0.70, 160755
0.70, 160558
0.70, 159889
0.70, 159473
0.70, 158811
0.70, 157834
0.70, 156471
0.70, 155529
0.70, 155230
0.70, 154927
0.71, 154447
0.71, 154147
0.71, 153047
0.71, 150804
0.71, 150286
0.71, 150056
0.72, 149901
0.72, 148882
0.75, 148371
0.75, 147919
0.75, 146419
0.75, 145464
0.75, 143556
0.75, 143271
0.75, 143165
0.75, 140597
0.75, 139626
0.77, 138787
0.77, 138059
0.77, 136565
0.77, 135631
0.77, 134269
0.77, 134104
0.77, 134067
0.77, 134001
0.77, 133974
0.77, 133919
0.77, 133489
0.77, 132871
0.77, 132167
0.80, 131744
0.80, 131442
0.80, 129691
0.80, 129612
0.80, 129481
0.80, 128873
0.80, 128145
0.80, 127660
0.80, 127424
0.83, 127095
0.83, 126270
0.83, 125633
0.83, 124113
0.83, 124064
0.83, 123285
0.83, 123020
0.83, 122938
0.83, 122852
0.83, 121151
0.85, 120939
0.85, 120190
0.85, 120149
0.85, 119900
0.85, 118836
0.85, 118685
0.85, 118645
0.85, 118644
0.85, 118126
0.85, 117351
0.85, 117043
0.85, 116325
0.85, 116208
0.85, 115893
0.85, 115596
0.85, 114079
0.85, 113335
0.85, 111579
0.85, 111092
0.89, 111013
0.89, 110563
0.89, 110428
0.89, 110408
0.89, 110324
0.89, 109989
0.89, 109889
0.89, 109614
0.92, 109590
0.92, 109333
0.92, 109298
0.92, 109297
0.93, 109294
0.93, 108823
0.93, 108282
0.93, 108033
0.94, 107948
0.94, 106981
0.94, 106346
0.94, 106276
0.94, 106267
0.94, 105233
0.94, 104995
0.94, 104872
0.94, 103812
0.94, 103283
1.01, 103241
1.01, 103110
1.01, 103075
1.01, 102900
1.03, 102787
1.03, 102243
1.04, 102213
1.12, 102154
1.13, 102041
1.13, 101918
1.16, 101856
1.20, 101812
1.25, 101799
1.25, 101764
1.25, 101744
1.26, 101677
1.28, 101641
2.54, 101558
2.56, 101461
2.56, 101219
2.63, 101175
2.63, 101112
2.63, 101076
2.65, 101040
2.65, 101004
2.65, 100912
2.77, 100885
