0.00, 619902
0.00, 603730
0.00, 596236
0.00, 592628
0.00, 589902
0.00, 583487
0.01, 582303
0.01, 579130
0.01, 578560
0.01, 573556
0.01, 568337
0.01, 546199
0.01, 544901
0.01, 538928
0.01, 536656
0.01, 531114
0.01, 523585
0.01, 519285
0.01, 516045
0.01, 500703
0.01, 494878
0.01, 484091
0.01, 483482
0.01, 479581
0.01, 474773
0.01, 473849
0.01, 470974
0.01, 470629
0.01, 463768
0.01, 463396
0.01, 457399
0.01, 456370
0.01, 454237
0.01, 454161
0.01, 453771
0.01, 444664
0.01, 442465
0.01, 442349
0.01, 436718
0.01, 425301
0.01, 422739
0.02, 420105
0.02, 419705
0.02, 418038
0.02, 410326
0.02, 403316
0.09, 401264
0.09, 398597
0.12, 398192
0.13, 397692
0.13, 395603
0.13, 391773
0.13, 391034
0.13, 379457
0.13, 378467
0.13, 377497
0.13, 371752
0.13, 371420
0.13, 356155
0.13, 356126
0.19, 354697
0.27, 353033
0.27, 349315
0.27, 348529
0.28, 345944
0.28, 345551
0.28, 344917
0.28, 341201
0.30, 339788
0.30, 336415
0.31, 332363
0.31, 331247
0.31, 327722
0.31, 319915
0.31, 314851
0.31, 312627
0.31, 308099
0.35, 306585
0.37, 305749
0.37, 304104
0.37, 303115
0.37, 302623
0.37, 302555
0.37, 299811
0.37, 297218
0.38, 295773
0.38, 295007
0.38, 290837
0.39, 290788
0.41, 286869
0.41, 285424
0.41, 285147
0.41, 284159
0.41, 279244
0.41, 278050
0.41, 277217
0.43, 275095
0.43, 274395
0.43, 274340
0.43, 270571
0.43, 265695
0.43, 263790
0.43, 263322
0.43, 260809
0.43, 260081
0.43, 255433
0.43, 252567
0.43, 248930
0.43, 245263
0.43, 243398
0.43, 241254
0.46, 239364
0.46, 239053
0.48, 236654
0.48, 236191
0.52, 235783
0.52, 235650
0.52, 232160
0.52, 230832
0.52, 230402
0.52, 230166
0.52, 229339
0.52, 224944
0.52, 223816
0.52, 223515
0.53, 222024
0.53, 220910
0.54, 219695
0.54, 218697
0.54, 211077
0.55, 210416
0.56, 209731
0.56, 209511
0.56, 208291
0.56, 207974
0.56, 206672
0.56, 206557
0.56, 204392
0.56, 203247
0.56, 201724
0.56, 200252
0.56, 199834
0.56, 197835
0.59, 196439
0.59, 195697
0.60, 193339
0.60, 193335
0.60, 192636
0.60, 190586
0.60, 189496
0.60, 189094
0.60, 188779
0.60, 188516
0.62, 187920
0.62, 187462
0.62, 187419
0.62, 186566
0.62, 185903
0.62, 185769
0.62, 185543
0.62, 184954
0.62, 180255
0.62, 180242
0.62, 179598
0.62, 179247
0.62, 176498
0.62, 176438
0.62, 175322
0.62, 174777
0.62, 174337
0.62, 174123
0.62, 173485
0.62, 172468
0.62, 172254
0.62, 171994
0.63, 171856
0.63, 170194
0.63, 167976
0.65, 167970
0.65, 166085
0.65, 165896
0.65, 165791
0.68, 165187
0.68, 164910
0.68, 162897
0.68, 159227
0.68, 156350
0.68, 156256
0.68, 154321
0.68, 153452
0.68, 153274
0.68, 151842
0.68, 151463
0.68, 150897
0.68, 149595
0.73, 145568
0.73, 145366
0.73, 143669
0.73, 142578
0.73, 141997
0.73, 141655
0.74, 140712
0.74, 140695
0.75, 140520
0.75, 140263
0.75, 140194
0.76, 139087
0.76, 138134
0.76, 137631
0.76, 135957
0.77, 135516
0.77, 135043
0.77, 133733
0.77, 133400
0.77, 132925
0.77, 131657
0.77, 130943
0.80, 130723
0.80, 126924
0.80, 125996
0.80, 125747
0.80, 125193
0.80, 123956
0.82, 123327
0.82, 122924
0.82, 122593
0.82, 122017
0.82, 121207
0.82, 120994
0.83, 118932
0.83, 118631
0.83, 118574
0.83, 117980
0.83, 117065
0.88, 117055
0.88, 116237
0.88, 115296
0.89, 114693
0.89, 114429
0.89, 114420
0.89, 112863
0.89, 112835
0.89, 112751
0.89, 112236
0.89, 112048
0.89, 111126
0.89, 110926
0.90, 110778
0.90, 109725
0.90, 109622
0.90, 109616
0.90, 109300
0.90, 109285
0.90, 109203
0.90, 108863
0.90, 108814
0.92, 108598
0.92, 108378
0.92, 108342
0.95, 108247
0.95, 107688
0.95, 106368
0.95, 106058
0.95, 106053
0.95, 105884
0.95, 105865
0.95, 105839
0.95, 105303
0.95, 105294
0.95, 104147
0.95, 104050
0.95, 103663
1.01, 103659
1.01, 103463
1.01, 103340
1.01, 103278
1.01, 102807
1.05, 102790
1.05, 102763
1.05, 102746
1.06, 102735
1.06, 102617
1.06, 102542
1.06, 102378
1.08, 102211
1.08, 102203
1.08, 102156
1.08, 102043
1.08, 101951
1.08, 101950
1.09, 101567
1.09, 101543
1.09, 101301
1.09, 100863
1.09, 100817
1.09, 100790
1.14, 100615
