0.00,545750
0.00,526391
0.00,514538
0.00,496594
0.00,490728
0.00,487029
0.00,480039
0.00,456460
0.00,447903
0.00,443234
0.00,442806
0.00,445042
0.00,432847
0.00,421910
0.00,411491
0.00,408621
0.00,395399
0.00,387229
0.00,391325
0.00,393011
0.00,382224
0.00,375876
0.00,355220
0.00,348760
0.00,333494
0.00,319515
0.00,320731
0.00,326089
0.00,306060
0.00,295381
0.00,293844
0.00,291545
0.00,281845
0.00,274595
0.00,275985
0.00,279743
0.00,285185
0.00,284293
0.00,286908
0.00,281500
0.00,279624
0.00,280148
0.00,272212
0.00,268932
0.00,270575
0.00,270574
0.00,266161
0.00,254348
0.00,249131
0.00,245924
0.00,242469
0.00,240810
0.00,238172
0.00,234621
0.00,233510
0.00,225451
0.00,223801
0.00,217222
0.00,213890
0.00,211785
0.00,211941
0.00,215431
0.00,217120
0.00,219604
0.00,224235
0.00,227932
0.00,225711
0.00,221699
0.00,222079
0.00,214899
0.00,214773
0.00,210809
0.00,208681
0.00,208819
0.00,209532
0.00,211184
0.00,212142
0.00,211708
0.00,203551
0.00,203515
0.00,201212
0.00,196441
0.00,199159
0.00,198333
0.00,194174
0.00,196759
0.00,198372
0.00,193002
0.00,191813
0.00,191706
0.00,193276
0.00,187514
0.00,182586
0.00,183431
0.00,183094
0.00,179494
0.00,177339
0.00,174603
0.01,170634
0.01,167510
0.01,164913
0.01,162036
0.01,161946
0.01,161560
0.01,162409
0.01,165253
0.01,157991
0.01,157062
0.01,159409
0.01,162421
0.01,164685
0.01,160868
0.01,160677
0.01,161458
0.01,156462
0.01,152278
0.01,154575
0.01,152935
0.01,155680
0.01,156796
0.01,154207
0.01,150099
0.01,149240
0.01,150433
0.01,149938
0.01,148587
0.01,149526
0.01,149350
0.01,145313
0.01,142391
0.01,142477
0.01,144930
0.01,150981
0.01,152758
0.01,151466
0.01,148990
0.01,148202
0.01,147138
0.01,148447
0.01,148106
0.01,151848
0.01,154049
0.01,150638
0.01,147976
0.01,148093
0.01,149235
0.01,148543
0.01,146524
0.01,142920
0.01,142422
0.01,142843
0.01,141370
0.01,141469
0.01,141917
0.01,147911
0.01,145772
0.01,141595
0.01,140650
0.01,140756
0.01,139487
0.01,137516
0.01,135915
0.01,134933
0.01,135510
0.01,136854
0.01,138251
0.01,140942
0.01,149266
0.01,152183
0.01,160921
0.01,157558
0.01,146416
0.01,139519
0.01,135792
0.01,136363
0.01,137910
0.01,137817
0.01,137315
0.01,135931
0.01,134549
0.01,136616
0.01,137722
0.01,138749
0.01,139857
0.01,141669
0.01,143530
0.01,147629
0.01,144584
0.01,139201
0.01,138634
0.01,140140
0.01,137954
0.01,138252
0.01,140202
0.01,142514
0.01,139123
0.01,139081
0.01,138012
0.01,137193
0.01,135039
0.01,134961
0.01,137418
0.01,137956
0.01,138558
0.01,138526
0.01,136620
0.01,137050
0.01,132415
0.01,130819
0.01,129453
0.01,128199
0.01,130648
0.01,128409
0.01,126968
0.01,130885
0.01,132228
0.01,129599
0.01,129743
0.01,128632
0.01,127517
0.01,128494
0.01,132897
0.01,131943
0.01,129109
0.01,129064
0.01,126202
0.01,125301
0.01,130821
0.01,133246
0.01,131730
0.01,128367
0.01,127548
0.01,124576
0.01,123017
0.01,121802
0.01,122652
0.01,121529
0.01,123030
0.01,119295
0.01,119947
0.01,119989
0.01,122215
0.01,121157
0.01,119395
0.01,118600
0.01,118762
0.01,117318
0.01,117505
0.01,121032
0.01,121414
0.01,121935
0.01,122612
0.01,122861
0.01,123052
0.01,119748
0.01,118853
0.01,121031
0.01,115998
0.01,118655
0.01,118514
0.01,119475
0.01,121168
0.01,121124
0.01,120360
0.01,119862
0.01,118084
0.01,119460
0.01,115457
0.01,113353
0.01,112365
0.01,111398
0.01,110661
0.01,109945
0.01,112776
0.01,113285
0.01,111578
0.01,109270
0.01,110607
0.01,111479
0.01,109422
0.01,107319
0.01,106756
0.01,106258
0.01,105800
0.01,105329
0.01,105026
0.01,104851
0.01,104630
0.01,104553
0.01,104518
0.01,104491
0.01,103955
0.01,103947
