0.03, 550151
0.03, 549412
0.03, 540034
0.03, 539208
0.03, 534310
0.03, 528609
0.03, 521349
0.03, 515046
0.03, 512774
0.03, 510370
0.03, 495651
0.03, 494289
0.03, 485534
0.03, 478560
0.03, 476122
0.03, 475572
0.03, 472563
0.03, 466910
0.03, 456825
0.04, 448113
0.04, 446650
0.04, 442108
0.04, 440947
0.04, 440836
0.04, 438360
0.04, 437913
0.04, 435008
0.04, 433029
0.05, 429538
0.05, 427531
0.05, 425635
0.05, 423969
0.05, 421253
0.05, 420600
0.05, 419248
0.05, 418144
0.05, 410368
0.05, 404764
0.05, 401913
0.05, 398099
0.05, 396583
0.11, 391427
0.11, 389248
0.11, 386808
0.18, 386111
0.18, 383808
0.18, 381865
0.18, 377381
0.18, 376708
0.18, 374572
0.19, 373937
0.19, 373227
0.19, 373117
0.19, 372578
0.19, 372571
0.19, 372392
0.19, 369909
0.19, 368752
0.19, 368609
0.22, 368571
0.22, 367045
0.24, 359418
0.25, 356872
0.25, 356550
0.26, 348759
0.27, 345278
0.27, 342784
0.27, 334613
0.34, 334143
0.34, 331616
0.34, 329731
0.35, 327452
0.36, 324678
0.36, 324387
0.36, 323387
0.36, 320631
0.36, 320605
0.36, 319612
0.37, 314885
0.37, 314584
0.37, 312702
0.37, 311039
0.37, 309499
0.38, 307663
0.38, 307373
0.40, 305676
0.40, 303934
0.40, 302291
0.40, 301697
0.40, 296607
0.40, 294839
0.40, 294391
0.40, 292409
0.40, 291354
0.40, 288805
0.40, 288617
0.40, 286773
0.41, 286195
0.41, 281372
0.41, 275666
0.42, 273572
0.46, 273337
0.46, 272549
0.46, 271664
0.46, 269454
0.46, 266316
0.46, 259623
0.48, 256094
0.48, 253916
0.48, 252095
0.48, 248389
0.48, 246630
0.48, 244602
0.49, 239974
0.53, 239393
0.53, 238549
0.53, 238388
0.53, 237787
0.53, 237241
0.54, 237066
0.54, 235513
0.54, 235004
0.54, 229784
0.54, 228822
0.54, 226069
0.54, 225276
0.54, 225079
0.54, 223552
0.54, 222885
0.54, 219927
0.54, 219268
0.54, 214627
0.56, 214012
0.58, 212559
0.58, 212017
0.58, 209968
0.58, 209360
0.58, 208357
0.58, 205417
0.58, 205076
0.62, 203952
0.62, 192328
0.62, 190816
0.62, 190562
0.62, 190519
0.62, 189759
0.62, 189129
0.62, 188955
0.62, 188187
0.62, 187764
0.64, 186142
0.64, 185737
0.64, 182959
0.64, 181667
0.64, 180612
0.64, 179096
0.64, 178812
0.67, 177033
0.67, 176804
0.67, 176507
0.67, 171794
0.69, 171164
0.69, 170009
0.69, 168556
0.69, 167982
0.69, 167590
0.69, 164588
0.69, 164531
0.69, 164385
0.70, 163655
0.70, 162082
0.71, 160114
0.71, 158876
0.72, 156829
0.74, 156335
0.74, 156104
0.74, 155702
0.74, 153237
0.74, 151409
0.74, 150984
0.74, 150527
0.74, 148839
0.74, 148550
0.74, 147004
0.74, 146511
0.74, 144557
0.75, 144490
0.75, 143389
0.75, 143253
0.75, 142037
0.75, 141382
0.75, 141018
0.75, 140432
0.75, 139840
0.75, 139751
0.75, 138831
0.75, 138736
0.75, 138322
0.75, 136958
0.79, 136813
0.79, 135882
0.79, 135359
0.79, 134707
0.79, 133800
0.79, 133394
0.79, 132987
0.80, 132824
0.81, 132363
0.81, 129762
0.81, 129438
0.81, 128719
0.81, 128437
0.81, 128129
0.83, 127744
0.83, 126862
0.83, 125810
0.84, 125172
0.84, 124853
0.84, 123206
0.84, 121791
0.84, 120851
0.84, 120643
0.86, 119435
0.86, 118865
0.86, 117719
0.86, 117528
0.86, 117311
0.88, 116842
0.88, 116646
0.88, 115915
0.88, 115873
0.88, 115681
0.90, 115327
0.90, 115240
0.90, 114703
0.92, 113881
0.92, 113363
0.92, 112694
0.92, 112432
0.92, 112178
0.92, 112160
0.92, 111992
0.92, 111633
0.92, 111150
0.92, 110313
0.93, 110144
0.93, 109760
0.93, 109747
0.93, 109688
0.93, 109310
0.93, 108820
0.93, 108449
0.93, 108084
0.93, 106387
0.99, 106354
0.99, 105804
1.00, 105098
1.00, 104974
1.01, 104369
1.01, 104347
1.01, 104306
1.01, 104243
1.08, 104228
1.08, 103940
1.08, 103885
1.08, 103866
1.08, 103828
1.08, 103793
1.08, 103687
1.08, 103582
1.08, 103470
1.08, 103177
1.08, 103112
1.08, 103080
1.08, 103053
1.08, 103035
1.09, 103030
1.09, 102853
1.09, 102708
1.09, 102531
1.13, 102430
1.15, 102242
1.16, 102239
1.17, 102231
1.18, 102089
1.20, 101692
1.20, 101645
1.20, 101454
1.21, 101436
4.35, 101431
4.35, 101340
4.35, 101313
4.35, 101200
4.35, 101108
4.45, 101089
4.45, 101081
8.71, 100918
8.74, 100852
8.74, 100844
8.75, 100677
8.75, 100669
8.77, 100642
8.78, 100623
8.80, 100615
