0.03, 543552
0.03, 542706
0.03, 532449
0.03, 531626
0.03, 527499
0.03, 518306
0.03, 517876
0.03, 516705
0.03, 512947
0.03, 506513
0.03, 503340
0.03, 500298
0.03, 498486
0.03, 488614
0.03, 485217
0.03, 484398
0.03, 477471
0.03, 476161
0.03, 471069
0.03, 466725
0.03, 466403
0.03, 459629
0.04, 457595
0.04, 456636
0.04, 456517
0.04, 455070
0.04, 453678
0.04, 445736
0.04, 444206
0.04, 426784
0.04, 424826
0.04, 421889
0.04, 420567
0.05, 407660
0.05, 407119
0.06, 402354
0.06, 399626
0.06, 394940
0.06, 394163
0.06, 393446
0.06, 393279
0.06, 391063
0.13, 390792
0.13, 389158
0.13, 388974
0.13, 380850
0.18, 376907
0.19, 375658
0.20, 368891
0.20, 367970
0.20, 367513
0.20, 362158
0.26, 361301
0.26, 360649
0.26, 359395
0.26, 358206
0.29, 357638
0.29, 357487
0.30, 353320
0.31, 349074
0.31, 348796
0.31, 347587
0.31, 344610
0.31, 344328
0.31, 344027
0.31, 341967
0.31, 341661
0.31, 338279
0.31, 335647
0.33, 328456
0.33, 322458
0.33, 319181
0.33, 318940
0.35, 314645
0.35, 314543
0.35, 306747
0.38, 304042
0.40, 301385
0.40, 300028
0.41, 298126
0.41, 294964
0.41, 294928
0.41, 294852
0.42, 291773
0.42, 289555
0.42, 286985
0.42, 285390
0.42, 280288
0.42, 279957
0.42, 278164
0.42, 278013
0.49, 275540
0.49, 273295
0.49, 271541
0.49, 269316
0.49, 266945
0.49, 266228
0.49, 263801
0.49, 256375
0.49, 255999
0.49, 255959
0.49, 255563
0.49, 252845
0.49, 252245
0.49, 251661
0.49, 250853
0.49, 249296
0.51, 248814
0.51, 246283
0.52, 245923
0.52, 245879
0.52, 245327
0.52, 243816
0.54, 243373
0.54, 241983
0.54, 241487
0.54, 240058
0.54, 239635
0.54, 237173
0.54, 236546
0.54, 235693
0.54, 234497
0.55, 234350
0.55, 233601
0.55, 233586
0.55, 233009
0.55, 230799
0.55, 230690
0.55, 226949
0.56, 226815
0.56, 226063
0.56, 222118
0.56, 221940
0.58, 217471
0.58, 216096
0.58, 209735
0.58, 208214
0.58, 206416
0.58, 204867
0.58, 203455
0.58, 202546
0.62, 198438
0.62, 197361
0.62, 195219
0.62, 194937
0.62, 194753
0.64, 194690
0.64, 194574
0.64, 192120
0.64, 190293
0.64, 189171
0.64, 187826
0.64, 186967
0.64, 185396
0.64, 185188
0.65, 182316
0.65, 180697
0.65, 180164
0.65, 180134
0.65, 179936
0.65, 177955
0.65, 176577
0.65, 176238
0.65, 175049
0.65, 174729
0.65, 173964
0.67, 173913
0.69, 172840
0.69, 172059
0.69, 171631
0.70, 170578
0.70, 170143
0.70, 169978
0.70, 169975
0.71, 168791
0.71, 166624
0.71, 165276
0.71, 163223
0.71, 163196
0.72, 158971
0.72, 157622
0.72, 157478
0.72, 157193
0.72, 156870
0.74, 156711
0.74, 156648
0.74, 156248
0.74, 155884
0.74, 154687
0.74, 153616
0.75, 153031
0.75, 152460
0.75, 151894
0.75, 151796
0.75, 151670
0.75, 151179
0.75, 148174
0.77, 147560
0.77, 147013
0.77, 146924
0.77, 146882
0.77, 145112
0.77, 144470
0.77, 142912
0.77, 141076
0.77, 140579
0.78, 140435
0.78, 139315
0.80, 138981
0.80, 138776
0.80, 136560
0.80, 135334
0.80, 132276
0.82, 131612
0.82, 131151
0.82, 131010
0.82, 131006
0.82, 130914
0.82, 130716
0.85, 128897
0.85, 128872
0.85, 127787
0.85, 127342
0.85, 127290
0.87, 126353
0.87, 122903
0.89, 122797
0.89, 122690
0.89, 122633
0.89, 122310
0.89, 119911
0.89, 119179
0.89, 119133
0.89, 118500
0.89, 118369
0.89, 118205
0.90, 117906
0.91, 117843
0.91, 117624
0.91, 117558
0.91, 116997
0.91, 116923
0.91, 116529
0.91, 115049
0.92, 114999
0.92, 114226
0.92, 114086
0.93, 114082
0.93, 113217
0.93, 112643
0.93, 112463
0.94, 112179
0.94, 111435
0.94, 111254
0.97, 110677
0.97, 109300
0.97, 109077
0.98, 108968
0.99, 108104
0.99, 107827
1.00, 107338
1.00, 107019
1.00, 106392
1.01, 106244
1.01, 106197
1.01, 106074
1.01, 105864
1.01, 105315
1.06, 105219
1.08, 105157
1.08, 104226
1.08, 103963
1.12, 103801
1.12, 103792
1.12, 103631
1.14, 103353
1.16, 103231
1.20, 103206
1.20, 103014
1.26, 102967
2.60, 102897
2.60, 102286
2.63, 101917
2.67, 101714
2.67, 101684
2.67, 101511
2.67, 101500
2.69, 101486
2.70, 101454
2.70, 101398
2.71, 101382
2.72, 101354
2.72, 101168
2.87, 101136
5.75, 101133
7.27, 101125
7.31, 101048
7.31, 101021
7.31, 100642
7.31, 100615
8.95, 100525
8.95, 100506
8.96, 100498
