0.00,536017
0.00,517667
0.00,522578
0.00,497387
0.00,478233
0.00,471079
0.00,447819
0.00,442752
0.00,416621
0.00,418426
0.00,408263
0.00,405275
0.00,394367
0.00,388432
0.00,395279
0.00,377856
0.00,380559
0.00,370759
0.00,373355
0.00,356250
0.00,344589
0.00,344562
0.00,348990
0.00,343686
0.00,346333
0.00,350437
0.00,347868
0.00,330379
0.00,331890
0.00,328953
0.00,329199
0.00,333321
0.00,330738
0.00,332148
0.00,333270
0.00,327096
0.00,317539
0.00,315913
0.00,308714
0.00,300340
0.00,301417
0.00,299445
0.00,293385
0.00,283885
0.00,277873
0.00,282455
0.00,277252
0.00,278042
0.00,274986
0.00,268595
0.00,282264
0.00,284878
0.00,285298
0.00,269106
0.00,270421
0.00,267161
0.00,267527
0.00,259496
0.00,260279
0.00,266488
0.00,258473
0.00,259679
0.00,268027
0.00,268670
0.00,273567
0.00,270958
0.00,266439
0.00,263295
0.00,263361
0.00,256490
0.00,268034
0.00,269367
0.00,270630
0.00,267659
0.00,263067
0.00,247145
0.00,242565
0.00,243943
0.00,240419
0.00,243939
0.00,240520
0.01,234018
0.01,231544
0.01,232460
0.01,232282
0.01,225502
0.01,222477
0.01,222731
0.01,224734
0.01,233992
0.01,226549
0.01,227254
0.01,224272
0.01,215528
0.01,216244
0.01,213972
0.01,217115
0.01,216772
0.01,212080
0.01,218711
0.01,213607
0.01,215408
0.01,212177
0.01,217248
0.01,215093
0.01,215760
0.01,213817
0.01,209039
0.01,209149
0.01,208554
0.01,206288
0.01,204181
0.01,207980
0.01,211841
0.01,207946
0.01,210080
0.01,204549
0.01,206569
0.01,205689
0.01,210061
0.01,206123
0.01,205894
0.01,210332
0.01,208939
0.01,218703
0.01,219707
0.01,223917
0.01,225616
0.01,229042
0.01,226831
0.01,213084
0.01,211089
0.01,214057
0.01,222671
0.01,218312
0.01,212345
0.01,208273
0.01,207389
0.01,204248
0.01,199079
0.01,193095
0.01,193607
0.01,197237
0.01,194597
0.01,197689
0.01,194636
0.01,185251
0.01,183960
0.01,185906
0.01,181970
0.01,184643
0.01,177764
0.01,177164
0.01,173397
0.01,176931
0.01,167368
0.01,167625
0.01,168310
0.01,165370
0.01,163952
0.01,162065
0.01,160597
0.01,162773
0.01,166964
0.01,164675
0.01,162272
0.01,158844
0.01,160656
0.01,161001
0.01,165267
0.01,163091
0.01,161062
0.01,156206
0.01,155373
0.01,152941
0.01,151657
0.01,152906
0.01,152516
0.01,154607
0.01,148842
0.01,149116
0.01,153565
0.01,152344
0.01,151856
0.01,145720
0.01,149416
0.01,145885
0.01,146193
0.01,142561
0.01,140775
0.01,138422
0.01,135897
0.01,139467
0.01,143307
0.01,146955
0.01,142763
0.01,144614
0.01,148878
0.01,147984
0.01,151912
0.01,158038
0.01,156284
0.01,153580
0.01,152537
0.01,156191
0.01,158991
0.01,157832
0.01,161082
0.01,154580
0.01,149503
0.01,146216
0.01,143744
0.01,137739
0.01,137674
0.01,143123
0.01,146692
0.01,149688
0.01,146807
0.01,134601
0.01,134384
0.01,138473
0.01,132599
0.01,131354
0.01,131183
0.01,130595
0.01,127953
0.01,126281
0.01,128282
0.01,129907
0.01,133051
0.01,136135
0.01,135335
0.01,135178
0.01,133165
0.01,124589
0.01,125180
0.01,123085
0.01,124960
0.01,128226
0.01,130238
0.01,129358
0.01,133037
0.01,131091
0.01,131615
0.01,133904
0.01,138864
0.01,141240
0.01,137754
0.01,140371
0.01,147379
0.01,145240
0.01,145448
0.01,147890
0.01,146773
0.01,144853
0.01,140463
0.01,147216
0.01,143205
0.01,141202
0.01,141041
0.01,137269
0.01,135810
0.01,132675
0.01,128765
0.01,124059
0.01,125205
0.01,126527
0.01,128273
0.01,128775
0.01,128379
0.01,127367
0.01,133339
0.01,138190
0.01,131411
0.01,126908
0.01,121738
0.01,122383
0.01,122810
0.01,126922
0.01,127082
0.01,126806
0.01,127584
0.01,123943
0.01,123209
0.01,121766
0.01,121280
0.01,119718
0.01,119837
0.01,119762
0.01,121488
0.01,122255
0.01,118816
0.01,120737
0.01,122927
0.01,126073
0.01,131085
0.01,133715
0.01,130877
0.01,134201
0.01,138380
0.01,138031
0.01,141048
0.01,144212
0.01,144355
0.01,137745
0.01,131893
0.01,126704
0.01,123989
0.01,122450
0.01,123689
0.01,126355
0.01,127175
0.01,125780
0.01,120967
0.01,117022
0.01,116055
0.01,115281
0.01,114528
0.01,114830
0.01,113906
0.01,113594
0.01,112903
0.01,112481
0.01,112169
0.01,113098
0.01,111861
0.01,111576
0.01,111432
0.01,110878
0.01,110651
0.01,110464
0.01,114998
0.01,116918
0.01,117884
0.01,117205
0.01,117895
0.01,117705
0.01,117360
0.01,119047
0.01,119895
0.01,121183
0.01,118958
0.01,116670
0.01,116999
0.01,122612
0.01,121228
0.01,122961
0.01,123040
0.01,124107
0.01,123462
0.01,124232
0.01,122797
0.01,123629
0.01,119865
0.01,122135
0.01,120850
0.01,117917
0.01,117443
0.01,116723
0.01,119026
0.01,121005
0.01,119367
0.01,119642
0.01,119255
0.01,115602
0.01,112549
0.01,112971
0.01,117294
0.01,118576
0.01,112581
0.01,110300
0.01,112818
0.01,113392
0.01,116508
0.01,117227
0.01,118325
0.01,118107
0.01,119954
0.01,121728
0.01,124924
0.01,126985
0.01,132482
0.01,130502
0.01,125323
0.01,127318
0.01,125368
0.01,124184
0.02,122655
0.02,119646
0.02,117551
0.02,120259
0.02,123764
0.02,124020
0.02,123201
0.02,125686
0.02,126855
0.02,130107
0.02,127856
0.02,117005
0.02,113643
0.02,113468
0.02,114247
0.02,112943
0.02,109962
0.02,109759
0.02,110453
0.02,113623
0.02,115393
0.02,112493
0.02,113949
0.02,117100
0.02,120386
0.02,122685
0.02,128671
0.02,128976
0.02,124014
0.02,123520
0.02,123915
0.02,122211
0.02,121312
0.02,122801
0.02,119569
0.02,123920
0.02,127395
0.02,127534
0.02,127270
0.02,128423
0.02,129869
0.02,131586
0.02,128509
0.02,122569
0.02,122519
0.02,121569
0.02,119400
0.02,112361
0.02,109718
0.02,111635
0.02,108318
0.02,107927
0.02,107792
0.02,107679
0.02,107634
0.02,107485
0.02,107450
