0.00, 548155
0.00, 545401
0.00, 542835
0.00, 536049
0.00, 524895
0.00, 524407
0.00, 524133
0.00, 522726
0.01, 516996
0.01, 516919
0.01, 511415
0.01, 510741
0.01, 508491
0.01, 497463
0.01, 495803
0.01, 494555
0.01, 493543
0.01, 482455
0.01, 477471
0.01, 477405
0.01, 464926
0.01, 462644
0.01, 460029
0.01, 459702
0.01, 457569
0.01, 452633
0.01, 451540
0.01, 445706
0.01, 433441
0.01, 423842
0.01, 411316
0.03, 408445
0.03, 404091
0.07, 404043
0.07, 402087
0.08, 401234
0.09, 398734
0.10, 398484
0.10, 398483
0.10, 398282
0.11, 395137
0.11, 393745
0.11, 389473
0.11, 389146
0.11, 389143
0.11, 388344
0.11, 387144
0.11, 378199
0.15, 376626
0.15, 374164
0.15, 373852
0.15, 372330
0.16, 370624
0.16, 368606
0.16, 365408
0.16, 357467
0.16, 355934
0.25, 350861
0.25, 337050
0.25, 334727
0.25, 333917
0.30, 333722
0.30, 331902
0.30, 330613
0.30, 329147
0.30, 323758
0.30, 322434
0.30, 318208
0.33, 314907
0.33, 314140
0.35, 313179
0.35, 311542
0.36, 311125
0.36, 309432
0.38, 305409
0.39, 304047
0.39, 302671
0.39, 302454
0.40, 300621
0.41, 299354
0.41, 294886
0.41, 294485
0.41, 286033
0.41, 285800
0.42, 282947
0.42, 282206
0.42, 282120
0.42, 280825
0.42, 278954
0.42, 278419
0.43, 276666
0.43, 275793
0.43, 273775
0.43, 272539
0.43, 270867
0.43, 270663
0.43, 270297
0.43, 268807
0.43, 268663
0.44, 268366
0.44, 266948
0.44, 266731
0.44, 266151
0.44, 264535
0.44, 264525
0.45, 260092
0.45, 258783
0.45, 258363
0.45, 255069
0.45, 254369
0.45, 253725
0.45, 253514
0.45, 249022
0.45, 245513
0.45, 244848
0.50, 243947
0.50, 243802
0.50, 240796
0.50, 240333
0.51, 238681
0.51, 238653
0.51, 237442
0.51, 235287
0.51, 233455
0.54, 231502
0.54, 227558
0.54, 227456
0.54, 226149
0.54, 225862
0.54, 225757
0.54, 223716
0.54, 221438
0.54, 219664
0.54, 219458
0.56, 218065
0.56, 213481
0.56, 213051
0.56, 212431
0.56, 210168
0.56, 209463
0.56, 208385
0.57, 207796
0.57, 205695
0.57, 205429
0.57, 203923
0.57, 200981
0.57, 200015
0.59, 198944
0.59, 198761
0.59, 195231
0.60, 194393
0.60, 193403
0.60, 193392
0.60, 192900
0.61, 192548
0.61, 189861
0.61, 187542
0.61, 186682
0.61, 186218
0.61, 185234
0.61, 183515
0.61, 182161
0.61, 180929
0.62, 180508
0.64, 179590
0.65, 176133
0.65, 173206
0.65, 172731
0.65, 171282
0.66, 171213
0.66, 170124
0.66, 169566
0.66, 169244
0.67, 166316
0.67, 164804
0.67, 164442
0.67, 162794
0.67, 159348
0.70, 159284
0.72, 158865
0.72, 158001
0.72, 157106
0.72, 156202
0.72, 155939
0.72, 155360
0.72, 153731
0.72, 153612
0.72, 150878
0.72, 145806
0.72, 145355
0.72, 144922
0.72, 144855
0.72, 144681
0.72, 144181
0.73, 143613
0.73, 143418
0.73, 142781
0.73, 140835
0.73, 140543
0.73, 140514
0.73, 140167
0.75, 139298
0.75, 138978
0.75, 138830
0.75, 138099
0.77, 137255
0.77, 136100
0.77, 136063
0.77, 135147
0.77, 134186
0.77, 133469
0.77, 133248
0.77, 132801
0.77, 132464
0.78, 131975
0.78, 131855
0.78, 130966
0.78, 127942
0.78, 127603
0.78, 126820
0.78, 126729
0.78, 126436
0.78, 126045
0.80, 124967
0.81, 124147
0.81, 123905
0.81, 123130
0.81, 122731
0.81, 122401
0.82, 122006
0.82, 121979
0.82, 118730
0.82, 117930
0.82, 117559
0.82, 116730
0.82, 116652
0.82, 115879
0.87, 115312
0.87, 114855
0.87, 113740
0.87, 113309
0.87, 113262
0.87, 112909
0.88, 110591
0.88, 110552
0.90, 110335
0.90, 109775
0.90, 109712
0.90, 109348
0.90, 109311
0.90, 109242
0.90, 108539
0.90, 108406
0.96, 108195
0.96, 107953
0.96, 107726
0.96, 107594
0.96, 106845
0.99, 106836
1.00, 106470
1.00, 106453
1.00, 105878
1.00, 105852
1.00, 105387
1.00, 105362
1.00, 105232
1.00, 104256
1.00, 104014
1.00, 103891
1.04, 103743
1.04, 103702
1.04, 103075
1.05, 103040
1.05, 102905
1.05, 102817
1.05, 102725
1.10, 102330
1.10, 102206
1.17, 102185
1.21, 102161
1.31, 102134
1.36, 102125
1.36, 102123
1.36, 102087
1.48, 101934
2.40, 101923
2.40, 101774
2.41, 101404
2.41, 101377
2.41, 101196
2.41, 100918
2.41, 100907
2.43, 100835
2.43, 100816
2.44, 100716
4.10, 100650
4.13, 100642
10.21, 100458
