0.00,497172
0.00,477923
0.00,450174
0.00,452419
0.00,432250
0.00,433105
0.00,433008
0.00,405718
0.00,391118
0.00,383353
0.00,369827
0.00,366837
0.00,352117
0.00,354000
0.00,339779
0.00,336371
0.00,326563
0.00,317266
0.00,321511
0.00,321010
0.00,326855
0.00,325558
0.00,321950
0.00,326488
0.00,302493
0.00,304240
0.00,304630
0.00,301455
0.00,299176
0.00,284998
0.00,288818
0.00,288261
0.00,274553
0.00,273323
0.00,264826
0.00,275481
0.00,277396
0.00,278916
0.00,273155
0.00,280093
0.00,269487
0.00,265722
0.00,261044
0.00,267774
0.00,263131
0.00,267925
0.00,268224
0.00,263922
0.00,262874
0.00,263532
0.00,251841
0.00,256153
0.00,261193
0.00,258428
0.00,259432
0.00,256136
0.00,254766
0.00,259584
0.00,259840
0.00,257264
0.00,252472
0.00,252656
0.00,253778
0.00,253012
0.00,258901
0.00,255412
0.00,261495
0.00,261784
0.00,262353
0.00,264265
0.00,262233
0.00,252339
0.00,242576
0.00,245903
0.00,231390
0.00,229639
0.00,228087
0.00,224123
0.00,217949
0.00,216883
0.00,213621
0.00,213725
0.00,209549
0.00,211182
0.00,208529
0.00,202985
0.00,201396
0.00,203277
0.00,203658
0.00,204790
0.00,205682
0.00,206113
0.00,203464
0.01,202078
0.01,196473
0.01,196324
0.01,192039
0.01,187132
0.01,189322
0.01,194607
0.01,193829
0.01,191486
0.01,194284
0.01,185411
0.01,183989
0.01,183618
0.01,183870
0.01,181111
0.01,182230
0.01,181722
0.01,174667
0.01,172415
0.01,173062
0.01,174590
0.01,178557
0.01,176647
0.01,176320
0.01,178276
0.01,177220
0.01,175522
0.01,176589
0.01,174275
0.01,174326
0.01,171362
0.01,167987
0.01,167630
0.01,175383
0.01,183520
0.01,181311
0.01,186879
0.01,186506
0.01,193897
0.01,194490
0.01,191181
0.01,189493
0.01,185751
0.01,179556
0.01,182205
0.01,180574
0.01,174365
0.01,178341
0.01,178308
0.01,178902
0.01,182200
0.01,177915
0.01,171387
0.01,177761
0.01,178047
0.01,179896
0.01,174917
0.01,169135
0.01,169007
0.01,173463
0.01,170546
0.01,169584
0.01,163766
0.01,168089
0.01,170851
0.01,172353
0.01,175647
0.01,180918
0.01,177720
0.01,182442
0.01,182936
0.01,189029
0.01,189467
0.01,181335
0.01,178624
0.01,173699
0.01,168624
0.01,171837
0.01,169278
0.01,171112
0.01,176449
0.01,176832
0.01,175983
0.01,181745
0.01,174242
0.01,170849
0.01,174480
0.01,173075
0.01,171193
0.01,172858
0.01,168625
0.01,168318
0.01,165393
0.01,161611
0.01,162658
0.01,159243
0.01,160118
0.01,158569
0.01,158109
0.01,162131
0.01,160189
0.01,160279
0.01,160307
0.01,160284
0.01,154681
0.01,154509
0.01,155178
0.01,155656
0.01,155921
0.01,155039
0.01,157187
0.01,157733
0.01,157226
0.01,148690
0.01,149067
0.01,142892
0.01,142423
0.01,140343
0.01,139972
0.01,138079
0.01,145743
0.01,149544
0.01,149496
0.01,147939
0.01,138041
0.01,136713
0.01,140271
0.01,148092
0.01,149735
0.01,145162
0.01,142983
0.01,135991
0.01,138197
0.01,138688
0.01,135312
0.01,133420
0.01,132663
0.01,133885
0.01,139151
0.01,139769
0.01,139674
0.01,144359
0.01,143719
0.01,145706
0.01,148578
0.01,150530
0.01,153912
0.01,153446
0.01,145250
0.01,141094
0.01,140577
0.01,137335
0.01,137890
0.01,140021
0.01,137649
0.01,135754
0.01,133203
0.01,135304
0.01,140948
0.01,143607
0.01,140380
0.01,138707
0.01,137515
0.01,137529
0.01,140582
0.01,137314
0.01,138736
0.01,140298
0.01,144833
0.01,143697
0.01,142380
0.01,138427
0.01,133237
0.01,131693
0.01,132177
0.01,129476
0.01,127025
0.01,125474
0.01,124292
0.01,125506
0.01,123158
0.01,122132
0.01,121138
0.01,121895
0.01,123106
0.01,124894
0.01,128370
0.01,128214
0.01,126234
0.01,126075
0.01,127279
0.01,129303
0.01,128694
0.01,134059
0.01,132459
0.01,132328
0.01,135964
0.01,137438
0.01,138715
0.01,134064
0.01,127107
0.01,121365
0.01,122399
0.01,125664
0.01,126030
0.01,127723
0.01,126871
0.01,127601
0.01,128493
0.01,136969
0.01,133454
0.01,133343
0.01,137628
0.01,139993
0.01,143372
0.01,142704
0.01,135643
0.01,129125
0.01,124600
0.01,128444
0.01,132172
0.01,125971
0.01,125306
0.01,128385
0.01,126088
0.01,124343
0.01,120091
0.01,118066
0.01,118716
0.01,116362
0.01,118055
0.01,120730
0.01,118303
0.01,113513
0.01,115946
0.01,114685
0.01,112185
0.01,111681
0.01,113526
0.01,115485
0.01,115800
0.01,122069
0.01,130048
0.01,128193
0.01,127899
0.01,128542
0.01,132087
0.01,137089
0.01,135746
0.01,135316
0.01,132872
0.01,130878
0.01,130285
0.01,134828
0.01,140056
0.01,139890
0.01,137759
0.01,137182
0.01,131543
0.01,128624
0.01,127405
0.01,122195
0.01,120733
0.01,116232
0.01,116219
0.01,110785
0.01,109962
0.01,111182
0.01,109245
0.01,108148
0.01,107523
0.01,107023
0.01,106649
0.01,106343
0.01,106147
0.01,106532
0.01,105801
0.01,105481
0.01,105306
0.01,105142
0.01,106157
0.01,104893
0.01,104742
0.01,104593
0.01,104450
0.01,104327
0.01,104179
0.01,104116
0.01,103925
0.01,103917
