0.00,500704
0.00,476008
0.00,473618
0.00,454935
0.00,446122
0.00,444574
0.00,444200
0.00,426396
0.00,409375
0.00,416282
0.00,403502
0.00,402552
0.00,400351
0.00,377981
0.00,363703
0.00,346033
0.00,333573
0.00,334676
0.00,319387
0.00,310324
0.00,307968
0.00,307584
0.00,304069
0.00,303816
0.00,305178
0.00,317209
0.00,317960
0.00,306313
0.00,305358
0.00,299622
0.00,290323
0.00,284715
0.00,291912
0.00,279613
0.00,282692
0.00,282888
0.00,275556
0.00,273846
0.00,270696
0.00,270493
0.00,257547
0.00,249452
0.00,245505
0.00,241517
0.00,234832
0.00,232877
0.00,235144
0.00,232845
0.00,235891
0.00,234092
0.00,231053
0.00,230907
0.00,233773
0.00,238522
0.00,243570
0.00,246729
0.00,239659
0.00,241874
0.00,242153
0.00,235327
0.00,233199
0.00,236780
0.00,231181
0.00,239653
0.00,237656
0.00,226825
0.00,229790
0.00,243305
0.00,236979
0.00,224305
0.00,226247
0.00,234612
0.01,229144
0.01,212759
0.01,211901
0.01,216450
0.01,213011
0.01,207324
0.01,206808
0.01,208387
0.01,207582
0.01,196952
0.01,193592
0.01,191797
0.01,194103
0.01,192353
0.01,191673
0.01,197893
0.01,202517
0.01,204644
0.01,203733
0.01,199409
0.01,191448
0.01,189926
0.01,192652
0.01,193466
0.01,186056
0.01,184651
0.01,179699
0.01,176548
0.01,180057
0.01,181011
0.01,184781
0.01,189547
0.01,194653
0.01,197030
0.01,193065
0.01,184227
0.01,175967
0.01,177814
0.01,179728
0.01,174657
0.01,171851
0.01,176032
0.01,184091
0.01,185129
0.01,184793
0.01,183515
0.01,182326
0.01,180531
0.01,182735
0.01,179593
0.01,180091
0.01,176712
0.01,166666
0.01,166533
0.01,170132
0.01,171113
0.01,170916
0.01,166628
0.01,168723
0.01,168320
0.01,171879
0.01,175254
0.01,173605
0.01,173043
0.01,171081
0.01,166620
0.01,162991
0.01,162722
0.01,159166
0.01,160227
0.01,161585
0.01,161248
0.01,158296
0.01,162449
0.01,160004
0.01,156474
0.01,157596
0.01,160660
0.01,156081
0.01,157986
0.01,157089
0.01,155173
0.01,154465
0.01,155993
0.01,159036
0.01,163996
0.01,166089
0.01,160883
0.01,160157
0.01,157983
0.01,155090
0.01,152405
0.01,153987
0.01,154806
0.01,152777
0.01,152650
0.01,150434
0.01,151108
0.01,150850
0.01,152644
0.01,150559
0.01,145339
0.01,147853
0.01,153615
0.01,163134
0.01,163987
0.01,168346
0.01,171975
0.01,170583
0.01,168545
0.01,160824
0.01,160701
0.01,158605
0.01,158147
0.01,155172
0.01,156398
0.01,156389
0.01,154105
0.01,147118
0.01,145107
0.01,149413
0.01,149136
0.01,148579
0.01,148104
0.01,145124
0.01,149440
0.01,146828
0.01,147852
0.01,152000
0.01,150185
0.01,148952
0.01,148170
0.01,147460
0.01,141790
0.01,140765
0.01,138464
0.01,138445
0.01,137244
0.01,137813
0.01,135124
0.01,137500
0.01,143978
0.01,142246
0.01,135449
0.01,138639
0.01,144506
0.01,143046
0.01,143881
0.01,133473
0.01,132070
0.01,132261
0.01,130293
0.01,130642
0.01,128706
0.01,126675
0.01,126913
0.01,124832
0.01,123387
0.01,122125
0.01,120158
0.01,120664
0.01,119441
0.01,117519
0.01,116586
0.01,116740
0.01,116459
0.01,117554
0.01,119965
0.01,128935
0.01,134063
0.01,133352
0.01,136009
0.01,136686
0.01,139807
0.01,140346
0.01,139067
0.01,131403
0.01,128898
0.01,128555
0.01,126080
0.01,126867
0.01,125967
0.01,129118
0.01,130694
0.01,128644
0.01,119351
0.01,116720
0.01,115535
0.01,115441
0.01,115393
0.01,116650
0.01,116308
0.01,116857
0.01,114438
0.01,116228
0.01,116734
0.01,119408
0.01,116885
0.01,115717
0.01,113653
0.01,113018
0.01,112536
0.01,112069
0.01,112250
0.01,111700
0.01,111076
0.01,112675
0.01,115731
0.01,118572
0.01,120109
0.01,120179
0.01,127862
0.01,133468
0.01,133928
0.01,136782
0.01,135791
0.01,134017
0.01,131101
0.01,126731
0.01,124447
0.01,124810
0.01,130807
0.01,132406
0.01,134423
0.01,133831
0.01,136357
0.01,138143
0.01,136795
0.01,129797
0.01,126373
0.01,124780
0.01,124655
0.01,120129
0.01,115623
0.01,115983
0.01,118316
0.01,118363
0.01,117041
0.01,117696
0.01,120859
0.01,119298
0.01,116991
0.01,121639
0.01,119446
0.01,117154
0.01,110690
0.01,110316
0.01,109904
0.01,109585
0.01,109700
0.01,109279
0.01,108923
0.01,108681
0.01,108483
0.01,108350
0.01,108387
0.01,107750
0.01,107395
0.01,107333
0.01,107158
