0.01, 532531
0.01, 529535
0.01, 525193
0.01, 515105
0.01, 513629
0.01, 512274
0.01, 491780
0.01, 490637
0.01, 490029
0.01, 489800
0.01, 488351
0.01, 481358
0.01, 480925
0.01, 480241
0.01, 479555
0.01, 477565
0.01, 477508
0.01, 477188
0.01, 471856
0.01, 468772
0.01, 459478
0.01, 459210
0.01, 455846
0.01, 455562
0.01, 455131
0.01, 452496
0.01, 451247
0.01, 448582
0.01, 447573
0.01, 447404
0.01, 437017
0.01, 435346
0.01, 434537
0.01, 433777
0.01, 432233
0.01, 428123
0.02, 424890
0.03, 422702
0.03, 418346
0.03, 409030
0.07, 406882
0.09, 404468
0.09, 402752
0.09, 400379
0.09, 394785
0.09, 390881
0.13, 390085
0.13, 379533
0.13, 379419
0.13, 374428
0.21, 371283
0.21, 369996
0.21, 368901
0.21, 361698
0.21, 361570
0.21, 361099
0.21, 358576
0.21, 355617
0.24, 351686
0.26, 351624
0.26, 350203
0.27, 349787
0.27, 349729
0.27, 346472
0.27, 345677
0.27, 344499
0.27, 342487
0.27, 338390
0.27, 333563
0.28, 330915
0.28, 328794
0.31, 324149
0.31, 316798
0.31, 312407
0.34, 311906
0.34, 311373
0.34, 310271
0.34, 305929
0.34, 303072
0.34, 293535
0.38, 289408
0.38, 288922
0.41, 287581
0.41, 285678
0.41, 285284
0.41, 284042
0.41, 280027
0.41, 275939
0.41, 275637
0.42, 272424
0.42, 272134
0.42, 270206
0.44, 267908
0.44, 264278
0.44, 263636
0.44, 258290
0.46, 257932
0.46, 255300
0.46, 255290
0.46, 254333
0.46, 254206
0.48, 254091
0.49, 252193
0.49, 251497
0.49, 246856
0.49, 246107
0.49, 245492
0.49, 243988
0.49, 240641
0.49, 239264
0.50, 235976
0.50, 235606
0.51, 231967
0.51, 230614
0.51, 229720
0.51, 229468
0.52, 227346
0.52, 225344
0.52, 224423
0.52, 223703
0.52, 222574
0.52, 221976
0.52, 221866
0.52, 219611
0.52, 215330
0.52, 211998
0.55, 210934
0.55, 209238
0.55, 207635
0.55, 206518
0.55, 203871
0.55, 201942
0.57, 199381
0.57, 197209
0.57, 195257
0.57, 194911
0.57, 192970
0.59, 192232
0.59, 190649
0.59, 190245
0.59, 189905
0.59, 186418
0.63, 184112
0.63, 181443
0.63, 180532
0.63, 179144
0.63, 177968
0.63, 177734
0.63, 177718
0.63, 177355
0.63, 177306
0.63, 174533
0.65, 173040
0.65, 172800
0.65, 170842
0.65, 170249
0.65, 169823
0.65, 168010
0.65, 167724
0.65, 167612
0.65, 165848
0.68, 165776
0.68, 164642
0.69, 159756
0.69, 158994
0.69, 157438
0.70, 157251
0.70, 156722
0.70, 155727
0.70, 154217
0.70, 153826
0.72, 149593
0.72, 148136
0.72, 147868
0.72, 147769
0.72, 146880
0.72, 145706
0.72, 145345
0.72, 144032
0.72, 143097
0.72, 142055
0.74, 139633
0.75, 139272
0.76, 138747
0.77, 138078
0.77, 137185
0.77, 136794
0.77, 135607
0.77, 135156
0.77, 134939
0.77, 134761
0.77, 134405
0.77, 133573
0.77, 132236
0.77, 131312
0.77, 131073
0.77, 130800
0.77, 130009
0.81, 128809
0.81, 128567
0.81, 128481
0.81, 127820
0.81, 127093
0.81, 126062
0.81, 124832
0.81, 124719
0.81, 124538
0.81, 124197
0.81, 123316
0.81, 122392
0.81, 122290
0.81, 121845
0.82, 121810
0.82, 121173
0.82, 120952
0.82, 120481
0.82, 120475
0.85, 119408
0.85, 118617
0.85, 118436
0.85, 118331
0.85, 117137
0.85, 117058
0.85, 116823
0.85, 116559
0.88, 116361
0.88, 116000
0.88, 115321
0.88, 115244
0.88, 115216
0.88, 114081
0.88, 113369
0.88, 111932
0.88, 110537
0.90, 110511
0.90, 110350
0.90, 110120
0.90, 110085
0.90, 109560
0.92, 109541
0.92, 108870
0.92, 108834
0.93, 106898
0.93, 106723
0.93, 106630
0.93, 106595
0.93, 106353
0.93, 105933
0.98, 105876
0.98, 105638
0.98, 105593
0.98, 104969
0.98, 104866
0.98, 104836
0.98, 104801
0.98, 104229
0.98, 104038
0.98, 104003
0.98, 103481
0.98, 103221
0.99, 103073
1.02, 103005
1.03, 102877
1.03, 102762
1.03, 102735
1.03, 102544
1.03, 102387
1.07, 102171
1.07, 102047
1.11, 101726
1.14, 101676
1.15, 101537
1.15, 101519
1.26, 101453
1.32, 101434
1.35, 101426
3.83, 101406
7.04, 101272
7.04, 101256
7.11, 101015
7.11, 100952
7.11, 100923
7.12, 100782
7.13, 100642
7.29, 100615
