0.00, 557987
0.00, 557241
0.00, 550887
0.00, 550049
0.00, 549841
0.00, 544960
0.00, 541776
0.00, 540460
0.00, 535524
0.00, 535000
0.00, 530841
0.00, 530730
0.00, 529215
0.00, 523692
0.00, 523432
0.00, 523146
0.00, 520306
0.00, 519337
0.00, 518274
0.00, 508808
0.00, 505536
0.00, 504390
0.00, 502522
0.00, 501046
0.00, 499242
0.00, 487493
0.00, 486954
0.01, 486832
0.01, 484765
0.01, 479497
0.01, 473884
0.01, 472887
0.01, 464008
0.01, 457586
0.01, 452360
0.01, 448876
0.01, 444775
0.01, 441612
0.01, 437690
0.02, 433180
0.02, 431094
0.02, 430439
0.02, 428957
0.03, 428548
0.03, 428270
0.03, 427771
0.03, 427458
0.03, 425832
0.03, 415611
0.06, 412744
0.06, 411022
0.06, 410815
0.06, 397631
0.06, 397572
0.11, 396831
0.11, 392514
0.11, 388819
0.11, 387586
0.11, 387397
0.11, 385323
0.11, 384693
0.11, 383400
0.11, 378297
0.11, 375522
0.11, 371371
0.14, 360075
0.14, 351746
0.14, 349602
0.19, 348755
0.19, 346601
0.23, 345665
0.26, 345648
0.26, 341990
0.26, 338358
0.31, 335215
0.32, 332238
0.32, 331746
0.32, 330874
0.32, 330065
0.32, 329959
0.32, 328808
0.32, 326441
0.32, 322213
0.32, 317600
0.32, 312867
0.36, 311786
0.36, 310025
0.36, 308712
0.37, 305537
0.37, 304347
0.37, 304173
0.37, 303743
0.37, 299288
0.37, 296156
0.37, 294214
0.37, 293248
0.37, 292247
0.40, 291943
0.40, 290314
0.40, 290289
0.40, 290288
0.40, 287936
0.40, 286732
0.40, 286352
0.40, 283120
0.40, 274776
0.43, 272277
0.43, 272126
0.44, 267527
0.44, 266182
0.44, 264012
0.44, 262908
0.44, 258527
0.44, 258470
0.44, 257826
0.44, 255280
0.44, 254251
0.44, 253247
0.44, 252151
0.44, 250831
0.49, 248957
0.50, 248421
0.50, 245945
0.50, 245639
0.51, 243861
0.51, 242429
0.51, 238963
0.52, 234727
0.52, 231730
0.52, 231012
0.52, 230235
0.52, 230024
0.52, 229239
0.52, 226859
0.52, 225135
0.52, 220469
0.52, 218708
0.57, 218636
0.57, 216658
0.57, 216649
0.57, 216622
0.57, 215802
0.57, 215153
0.57, 215079
0.57, 212601
0.57, 212594
0.57, 212059
0.57, 211499
0.57, 211212
0.57, 208628
0.57, 207639
0.57, 207465
0.57, 206390
0.57, 200876
0.57, 199026
0.57, 198987
0.57, 197152
0.57, 196660
0.57, 195774
0.57, 194240
0.57, 190491
0.60, 190312
0.60, 189651
0.60, 189237
0.60, 188422
0.60, 188258
0.60, 187108
0.62, 186889
0.62, 185121
0.62, 182461
0.62, 181882
0.62, 180807
0.62, 180033
0.62, 179960
0.63, 178485
0.63, 177960
0.63, 175698
0.65, 175000
0.65, 174478
0.65, 173052
0.65, 172753
0.65, 172306
0.65, 171507
0.65, 171326
0.65, 169255
0.65, 168977
0.66, 167295
0.66, 167217
0.66, 166919
0.66, 166277
0.66, 165231
0.66, 164694
0.68, 162960
0.68, 162903
0.68, 160845
0.68, 159813
0.68, 159563
0.68, 159303
0.68, 156923
0.68, 156423
0.68, 153490
0.68, 153389
0.68, 152182
0.68, 152149
0.69, 152147
0.69, 151738
0.69, 151242
0.69, 150629
0.71, 149978
0.71, 148880
0.71, 148043
0.71, 147961
0.71, 146615
0.71, 146590
0.71, 145528
0.71, 144984
0.71, 143685
0.74, 143003
0.75, 141170
0.75, 140294
0.76, 138826
0.76, 138616
0.77, 138163
0.77, 138126
0.77, 136805
0.77, 136388
0.78, 135737
0.78, 134438
0.78, 134166
0.78, 133882
0.78, 133399
0.78, 132825
0.78, 132715
0.79, 131204
0.79, 130680
0.80, 130606
0.80, 130502
0.80, 129095
0.80, 128339
0.80, 128315
0.80, 128305
0.81, 128219
0.81, 128142
0.81, 126590
0.81, 125797
0.81, 125643
0.81, 125603
0.81, 124813
0.81, 124600
0.81, 124482
0.81, 124455
0.81, 124323
0.81, 124259
0.81, 124169
0.81, 123272
0.81, 122671
0.81, 121127
0.81, 120824
0.81, 119451
0.81, 119443
0.81, 118972
0.87, 118745
0.87, 118572
0.87, 118516
0.87, 117445
0.87, 115762
0.87, 115564
0.87, 115169
0.87, 114659
0.87, 114462
0.87, 114281
0.89, 113947
0.92, 113571
0.92, 113344
0.92, 112712
0.92, 112082
0.92, 112008
0.92, 111956
0.92, 111842
0.92, 111435
0.92, 111305
0.92, 110774
0.92, 110609
0.92, 110434
0.92, 110332
0.92, 109414
0.92, 109139
0.92, 108931
0.92, 108448
0.92, 107745
0.92, 107253
0.98, 106985
0.98, 106958
0.98, 106441
0.98, 104710
0.98, 104468
0.98, 104014
0.98, 103349
0.98, 102597
1.06, 102543
1.06, 102357
1.06, 102265
1.07, 102202
1.07, 102011
1.09, 101673
1.09, 101473
1.13, 101330
1.14, 101322
1.16, 101102
1.19, 101067
1.28, 100935
1.28, 100927
