0.00, 579360
0.00, 576742
0.00, 575127
0.00, 573161
0.00, 558915
0.00, 557887
0.00, 556776
0.00, 553117
0.00, 552694
0.00, 552274
0.00, 546821
0.00, 545533
0.00, 540306
0.00, 535497
0.00, 517708
0.00, 514111
0.00, 511965
0.00, 508507
0.00, 503784
0.00, 502965
0.00, 500526
0.00, 500275
0.01, 490633
0.01, 489913
0.01, 486670
0.01, 485535
0.01, 479237
0.01, 476938
0.01, 475724
0.01, 461601
0.01, 461068
0.01, 460206
0.01, 453531
0.01, 450748
0.01, 443843
0.01, 443480
0.01, 431178
0.02, 423459
0.02, 422572
0.02, 421542
0.02, 421065
0.02, 418910
0.02, 417833
0.02, 410855
0.03, 409679
0.03, 399874
0.03, 396619
0.03, 396159
0.03, 388118
0.03, 385019
0.03, 383425
0.03, 378303
0.03, 364607
0.21, 361015
0.21, 360088
0.26, 359166
0.26, 354607
0.26, 352640
0.28, 350643
0.28, 346300
0.28, 345504
0.28, 343110
0.28, 341788
0.30, 337077
0.32, 336633
0.32, 333948
0.32, 331610
0.32, 331518
0.32, 325162
0.35, 323119
0.35, 322934
0.35, 322750
0.35, 321385
0.36, 317694
0.36, 315773
0.36, 314238
0.36, 312609
0.37, 310349
0.37, 310165
0.37, 305819
0.38, 304220
0.38, 298215
0.38, 298022
0.38, 297191
0.38, 296578
0.40, 295770
0.40, 295056
0.41, 294250
0.41, 293885
0.41, 292538
0.41, 292205
0.41, 287395
0.41, 284446
0.41, 284101
0.41, 282822
0.41, 282557
0.41, 280829
0.41, 274778
0.44, 272372
0.44, 271716
0.44, 271599
0.44, 271292
0.44, 266341
0.44, 264595
0.47, 262529
0.47, 262252
0.47, 260459
0.47, 259964
0.47, 259311
0.47, 259111
0.48, 256115
0.48, 255320
0.48, 254022
0.48, 251032
0.48, 248733
0.48, 248144
0.48, 247381
0.48, 245694
0.51, 244379
0.52, 244332
0.52, 244079
0.52, 243372
0.52, 240739
0.52, 234811
0.52, 231804
0.52, 231179
0.54, 229848
0.54, 227955
0.54, 226781
0.54, 226513
0.54, 218103
0.54, 213330
0.54, 212205
0.54, 210043
0.54, 208621
0.54, 203131
0.56, 202606
0.58, 202553
0.58, 199355
0.58, 198682
0.58, 198388
0.58, 198105
0.58, 197425
0.58, 197094
0.58, 195059
0.58, 194025
0.58, 193322
0.59, 192908
0.59, 192774
0.59, 191162
0.59, 190330
0.59, 190262
0.59, 184545
0.59, 183227
0.64, 183017
0.64, 179296
0.64, 179115
0.64, 177926
0.64, 177891
0.64, 177782
0.64, 177315
0.64, 177302
0.64, 176318
0.64, 176131
0.64, 171897
0.64, 170744
0.64, 170670
0.64, 169309
0.64, 167679
0.66, 167344
0.66, 167227
0.67, 165968
0.68, 165204
0.68, 164798
0.68, 164453
0.68, 164244
0.68, 163585
0.69, 163277
0.69, 163026
0.69, 162401
0.69, 162291
0.69, 161170
0.69, 159276
0.69, 158489
0.69, 158085
0.69, 157056
0.69, 156422
0.70, 152112
0.70, 151301
0.72, 149624
0.73, 148693
0.73, 148127
0.73, 148082
0.73, 147505
0.73, 147425
0.73, 145589
0.73, 145467
0.75, 145362
0.75, 144986
0.75, 144571
0.77, 144567
0.77, 144157
0.77, 143921
0.77, 143430
0.77, 143200
0.77, 142000
0.77, 141883
0.77, 141832
0.77, 141707
0.77, 141595
0.77, 141531
0.77, 141221
0.78, 140472
0.78, 139886
0.78, 139369
0.78, 139121
0.79, 138669
0.79, 138258
0.79, 138229
0.79, 137258
0.79, 137221
0.79, 136101
0.79, 133678
0.80, 133423
0.80, 132914
0.80, 132161
0.80, 130192
0.80, 129348
0.81, 126251
0.81, 126037
0.81, 125968
0.81, 125944
0.83, 125786
0.83, 124616
0.83, 124289
0.83, 123347
0.83, 123126
0.83, 122672
0.83, 122111
0.84, 121916
0.84, 120896
0.84, 120235
0.84, 119883
0.84, 119041
0.84, 118762
0.84, 117320
0.87, 116829
0.87, 116586
0.87, 116347
0.87, 116064
0.88, 115804
0.89, 115527
0.89, 115087
0.89, 114678
0.89, 114338
0.89, 113639
0.89, 113497
0.89, 112724
0.89, 111580
0.89, 110279
0.90, 109488
0.90, 108493
0.96, 108357
0.96, 107723
0.97, 106747
0.98, 106698
0.98, 106632
0.98, 106506
0.98, 106203
0.98, 106116
0.98, 105289
0.98, 104322
0.98, 103546
0.98, 103038
0.98, 103023
1.11, 102985
1.12, 102948
1.13, 102373
1.13, 102346
1.13, 101579
1.16, 101573
1.16, 101381
1.18, 101345
2.82, 101300
2.82, 101119
2.82, 101092
2.83, 101065
2.89, 100964
2.89, 100872
2.97, 100734
2.97, 100677
2.97, 100669
3.11, 100642
