0.00,527249
0.00,494398
0.00,477457
0.00,466247
0.00,462857
0.00,448846
0.00,456667
0.00,445120
0.00,433672
0.00,412242
0.00,402993
0.00,377430
0.00,362414
0.00,363834
0.00,363095
0.00,362731
0.00,367289
0.00,341330
0.00,329239
0.00,335916
0.00,331222
0.00,315270
0.00,313880
0.00,310592
0.00,312700
0.00,312051
0.00,306078
0.00,304750
0.00,305210
0.00,297182
0.00,287760
0.00,292969
0.00,288584
0.00,281720
0.00,286207
0.00,285274
0.00,287613
0.00,285957
0.00,283697
0.00,277615
0.00,279897
0.00,277882
0.00,264848
0.00,258399
0.00,262038
0.00,251707
0.00,246767
0.00,246062
0.00,241453
0.00,238760
0.00,230458
0.00,229626
0.00,229930
0.00,224669
0.00,233367
0.00,233390
0.00,232636
0.00,228665
0.00,222807
0.00,227929
0.00,227722
0.00,219887
0.00,212722
0.00,211896
0.00,211399
0.00,207736
0.00,208411
0.00,208715
0.00,204441
0.00,201856
0.00,213149
0.00,224621
0.00,224764
0.00,221759
0.00,218540
0.00,212373
0.00,213582
0.00,212484
0.00,211042
0.00,205839
0.00,214736
0.00,214007
0.01,213980
0.01,217526
0.01,206081
0.01,205819
0.01,211852
0.01,213316
0.01,207032
0.01,209102
0.01,208452
0.01,202795
0.01,197218
0.01,197479
0.01,191997
0.01,187466
0.01,186451
0.01,185832
0.01,184217
0.01,182538
0.01,183574
0.01,179844
0.01,178221
0.01,175717
0.01,176371
0.01,178901
0.01,177322
0.01,177842
0.01,170698
0.01,168487
0.01,165162
0.01,168014
0.01,174622
0.01,172576
0.01,170016
0.01,165455
0.01,163094
0.01,160172
0.01,160131
0.01,160047
0.01,158169
0.01,159911
0.01,160142
0.01,158793
0.01,160537
0.01,158118
0.01,154905
0.01,153945
0.01,155244
0.01,156085
0.01,157600
0.01,161525
0.01,161699
0.01,158927
0.01,155847
0.01,155449
0.01,152170
0.01,153064
0.01,157145
0.01,159940
0.01,160431
0.01,164330
0.01,171052
0.01,173086
0.01,172644
0.01,168945
0.01,165576
0.01,163542
0.01,165084
0.01,161036
0.01,164371
0.01,171720
0.01,172408
0.01,170696
0.01,168891
0.01,165848
0.01,160777
0.01,157421
0.01,157143
0.01,158580
0.01,162946
0.01,163250
0.01,161134
0.01,157692
0.01,160633
0.01,156413
0.01,148309
0.01,147767
0.01,148279
0.01,147977
0.01,143342
0.01,143393
0.01,145637
0.01,147418
0.01,148303
0.01,147167
0.01,148019
0.01,149126
0.01,150892
0.01,151916
0.01,157048
0.01,161459
0.01,160927
0.01,157325
0.01,150276
0.01,152813
0.01,155051
0.01,146784
0.01,140703
0.01,142580
0.01,144326
0.01,148156
0.01,148196
0.01,141915
0.01,136965
0.01,137135
0.01,141540
0.01,144445
0.01,142565
0.01,139141
0.01,134575
0.01,134717
0.01,134468
0.01,135232
0.01,133884
0.01,133200
0.01,134538
0.01,134874
0.01,136632
0.01,140312
0.01,139586
0.01,142381
0.01,138010
0.01,137826
0.01,136338
0.01,136556
0.01,137869
0.01,137944
0.01,142960
0.01,140472
0.01,137933
0.01,136721
0.01,140383
0.01,138878
0.01,138713
0.01,134700
0.01,132295
0.01,134346
0.01,130576
0.01,130065
0.01,131724
0.01,137059
0.01,139698
0.01,141455
0.01,140796
0.01,142963
0.01,144508
0.01,146564
0.01,147249
0.01,145989
0.01,140570
0.01,136095
0.01,139200
0.01,139904
0.01,141755
0.01,150014
0.01,152187
0.01,151784
0.01,147559
0.01,144611
0.01,142951
0.01,138442
0.01,128206
0.01,127382
0.01,125820
0.01,129228
0.01,130750
0.01,124456
0.01,124753
0.01,125031
0.01,127140
0.01,126933
0.01,124859
0.01,123515
0.01,124976
0.01,128040
0.01,126706
0.01,122428
0.01,128437
0.01,125798
0.01,124840
0.01,126237
0.01,124711
0.01,124766
0.01,120802
0.01,119510
0.01,118865
0.01,117665
0.01,116356
0.01,114865
0.01,116794
0.01,115502
0.01,114010
0.01,112748
0.01,111907
0.01,113690
0.01,113249
0.01,111445
0.01,113530
0.01,113168
0.01,114358
0.01,115206
0.01,112213
0.01,110616
0.01,109913
0.01,109286
0.01,109323
0.01,108686
0.01,107995
0.01,107459
0.01,106959
0.01,106651
0.01,106304
0.01,106077
0.01,105856
0.01,106655
0.01,106669
0.01,105659
0.01,105225
0.01,105411
0.01,106074
0.01,105006
0.01,104893
