0.02, 593052
0.02, 592876
0.02, 587227
0.02, 574829
0.02, 572693
0.02, 567147
0.02, 557130
0.02, 556364
0.02, 554791
0.02, 544325
0.02, 534266
0.02, 532944
0.02, 532882
0.02, 529122
0.02, 529072
0.02, 523413
0.02, 519567
0.02, 517327
0.02, 516702
0.02, 512729
0.03, 504624
0.03, 504332
0.03, 489750
0.03, 487501
0.03, 476586
0.03, 474014
0.03, 470909
0.03, 466445
0.03, 463143
0.03, 462531
0.03, 461210
0.03, 457039
0.03, 455385
0.03, 452773
0.03, 449504
0.03, 446815
0.03, 445929
0.03, 442494
0.03, 442105
0.03, 441531
0.03, 441202
0.03, 440610
0.03, 439417
0.03, 436278
0.03, 434923
0.04, 434768
0.04, 434233
0.04, 433967
0.04, 432798
0.04, 430506
0.04, 429806
0.04, 423619
0.04, 423589
0.05, 421220
0.06, 405854
0.06, 403234
0.06, 400596
0.09, 396818
0.09, 396107
0.09, 395191
0.14, 392365
0.17, 391062
0.17, 390897
0.17, 387007
0.18, 382590
0.18, 382330
0.20, 378875
0.20, 374468
0.20, 374378
0.20, 373467
0.21, 372419
0.21, 372074
0.23, 368101
0.23, 366340
0.23, 359500
0.23, 358241
0.23, 352652
0.26, 347899
0.26, 342728
0.26, 341749
0.26, 339680
0.26, 339148
0.26, 336896
0.32, 336402
0.32, 335380
0.32, 333846
0.32, 333770
0.32, 330994
0.32, 330871
0.32, 327866
0.32, 324022
0.37, 323215
0.37, 321794
0.37, 321591
0.37, 319639
0.37, 318600
0.37, 316153
0.37, 312970
0.39, 312402
0.39, 312268
0.39, 307170
0.39, 297758
0.39, 297511
0.39, 296503
0.39, 296052
0.41, 293712
0.42, 291220
0.42, 288543
0.42, 286189
0.42, 285894
0.42, 283899
0.42, 282214
0.42, 280209
0.42, 279963
0.42, 279730
0.42, 278349
0.42, 276003
0.42, 275735
0.45, 273874
0.45, 272973
0.45, 272959
0.45, 266802
0.45, 264578
0.45, 264215
0.45, 263643
0.45, 262761
0.47, 261024
0.47, 256392
0.47, 255456
0.47, 254466
0.49, 254127
0.49, 253098
0.51, 252387
0.51, 250017
0.51, 247450
0.51, 246594
0.51, 243911
0.51, 241859
0.51, 240662
0.51, 240318
0.51, 238940
0.52, 237546
0.53, 236090
0.53, 235555
0.53, 233766
0.53, 233352
0.53, 232545
0.54, 231276
0.54, 231200
0.54, 231074
0.54, 230121
0.54, 228811
0.58, 228566
0.58, 228502
0.58, 228434
0.58, 226464
0.58, 226414
0.58, 224860
0.58, 224047
0.58, 221088
0.58, 218762
0.58, 217858
0.58, 212500
0.59, 211921
0.59, 210934
0.59, 209422
0.59, 208800
0.59, 208563
0.59, 207464
0.59, 206046
0.59, 205324
0.59, 202051
0.60, 201807
0.60, 199921
0.60, 199178
0.60, 198351
0.62, 198147
0.62, 197869
0.62, 196586
0.62, 196186
0.62, 195805
0.62, 194552
0.62, 193662
0.62, 191817
0.62, 191213
0.64, 190540
0.64, 190465
0.64, 189885
0.64, 189344
0.64, 189007
0.64, 186203
0.64, 184648
0.64, 182612
0.64, 182604
0.64, 180719
0.64, 179895
0.64, 179663
0.64, 177443
0.64, 175258
0.64, 173557
0.64, 172749
0.68, 172256
0.68, 172176
0.68, 171217
0.69, 170341
0.69, 169454
0.69, 169149
0.69, 168795
0.69, 168646
0.69, 166898
0.69, 164735
0.69, 162282
0.69, 160833
0.69, 158349
0.69, 155596
0.69, 154434
0.70, 153123
0.72, 152131
0.72, 151931
0.72, 151541
0.72, 151447
0.72, 150457
0.72, 150388
0.72, 150373
0.72, 149832
0.73, 149473
0.73, 149438
0.73, 149359
0.73, 147162
0.73, 147075
0.73, 146894
0.76, 146514
0.76, 145350
0.76, 144454
0.76, 144330
0.76, 143506
0.76, 142876
0.76, 141425
0.76, 141098
0.76, 140091
0.78, 139999
0.78, 139893
0.78, 139221
0.78, 138489
0.78, 138160
0.78, 137568
0.78, 137156
0.78, 135534
0.80, 133692
0.80, 133080
0.82, 132766
0.82, 131634
0.82, 131097
0.83, 131071
0.83, 130908
0.83, 129944
0.83, 129122
0.83, 128273
0.83, 125412
0.84, 125250
0.84, 123977
0.84, 123947
0.88, 123727
0.88, 122906
0.88, 122723
0.88, 122137
0.88, 121621
0.89, 121091
0.89, 120623
0.89, 120613
0.89, 119846
0.89, 119808
0.89, 119286
0.89, 118974
0.89, 117684
0.89, 117481
0.89, 117348
0.91, 117298
0.91, 117215
0.91, 117040
0.91, 116807
0.91, 116765
0.91, 116133
0.92, 115798
0.92, 115783
0.92, 115545
0.92, 115439
0.92, 115326
0.92, 114058
0.93, 113907
0.93, 113610
0.93, 113007
0.93, 112749
0.93, 112496
0.93, 111594
0.93, 111234
0.93, 111109
0.93, 110787
0.94, 110330
0.94, 109447
0.94, 108654
0.94, 108619
0.99, 108555
0.99, 108389
0.99, 108353
0.99, 108230
0.99, 107650
0.99, 107506
0.99, 106924
0.99, 106916
0.99, 106750
0.99, 105384
0.99, 105219
0.99, 105181
0.99, 104632
0.99, 104606
1.02, 104573
1.02, 104004
1.03, 103919
1.03, 103798
1.03, 103515
1.03, 102458
1.03, 102378
1.03, 102203
1.13, 102131
1.13, 101769
1.18, 101538
1.18, 101347
2.84, 101295
2.84, 101281
2.85, 101189
2.85, 101003
2.85, 100860
4.34, 100834
4.34, 100807
4.35, 100623
