0.04, 568550
0.04, 566189
0.04, 553924
0.04, 548188
0.04, 546349
0.04, 541995
0.04, 536933
0.04, 534739
0.04, 526738
0.04, 521906
0.04, 518214
0.04, 518078
0.04, 514147
0.04, 512149
0.04, 507404
0.04, 497079
0.04, 491630
0.04, 491005
0.04, 489677
0.04, 478138
0.04, 476617
0.04, 463435
0.04, 453672
0.04, 451287
0.04, 448956
0.04, 446663
0.04, 441362
0.05, 439245
0.05, 437646
0.05, 435524
0.06, 432955
0.06, 430842
0.06, 420697
0.06, 419581
0.06, 416690
0.06, 414542
0.06, 414155
0.08, 413141
0.08, 412447
0.08, 411345
0.08, 409988
0.08, 404488
0.09, 403286
0.09, 402600
0.13, 402205
0.13, 398403
0.17, 393029
0.17, 389977
0.18, 389863
0.19, 387371
0.20, 386283
0.20, 383714
0.20, 383547
0.20, 381185
0.20, 379246
0.20, 378250
0.22, 378162
0.23, 372421
0.23, 372338
0.26, 369367
0.27, 369077
0.27, 368426
0.27, 368120
0.27, 368005
0.28, 365733
0.28, 365506
0.28, 365064
0.28, 364424
0.28, 361955
0.28, 357597
0.30, 348322
0.30, 347944
0.30, 331709
0.30, 331339
0.34, 327441
0.34, 324668
0.35, 324595
0.35, 324151
0.37, 323914
0.37, 319690
0.37, 315346
0.37, 312360
0.37, 310424
0.38, 308018
0.38, 301521
0.38, 296744
0.38, 296393
0.38, 290668
0.38, 286484
0.38, 285783
0.45, 282661
0.45, 281430
0.46, 279157
0.46, 278047
0.47, 276766
0.47, 276387
0.47, 275331
0.47, 269805
0.47, 268942
0.47, 268182
0.47, 268101
0.47, 266486
0.48, 266171
0.48, 264890
0.49, 264058
0.49, 259437
0.49, 259173
0.51, 258151
0.51, 256767
0.51, 256266
0.51, 255268
0.51, 255092
0.51, 253959
0.51, 253462
0.51, 252168
0.51, 251022
0.51, 248674
0.54, 244986
0.54, 242975
0.54, 239808
0.55, 239218
0.55, 239081
0.55, 237038
0.55, 236831
0.55, 236821
0.55, 235831
0.55, 234911
0.55, 233617
0.57, 231959
0.57, 230912
0.57, 230735
0.57, 228859
0.57, 227641
0.57, 226581
0.57, 223127
0.57, 222616
0.57, 221692
0.57, 221178
0.57, 217199
0.57, 214977
0.57, 213400
0.57, 207905
0.57, 207197
0.57, 205680
0.57, 204103
0.62, 201799
0.62, 201733
0.62, 201689
0.62, 199857
0.62, 199468
0.62, 199465
0.62, 199280
0.62, 196462
0.62, 195143
0.63, 194977
0.63, 194347
0.63, 192203
0.63, 191768
0.63, 188756
0.63, 188223
0.65, 186107
0.65, 185642
0.65, 184559
0.65, 183671
0.65, 182933
0.65, 182154
0.65, 181784
0.65, 181425
0.65, 181411
0.65, 180367
0.65, 178882
0.65, 176862
0.65, 176148
0.65, 175833
0.65, 175790
0.65, 175109
0.66, 174846
0.66, 173618
0.71, 173432
0.71, 172837
0.71, 172133
0.71, 170956
0.71, 169445
0.72, 166906
0.73, 166247
0.73, 166126
0.73, 165908
0.73, 165850
0.73, 165725
0.73, 165612
0.73, 165420
0.73, 162798
0.73, 161923
0.73, 161609
0.73, 161469
0.73, 160557
0.73, 160210
0.73, 160083
0.73, 159484
0.73, 158958
0.74, 158219
0.74, 158084
0.74, 157383
0.74, 157128
0.75, 156042
0.75, 154970
0.75, 154923
0.75, 154193
0.75, 154022
0.75, 152659
0.75, 152059
0.75, 151193
0.75, 149163
0.77, 147510
0.77, 147030
0.79, 146679
0.79, 144544
0.79, 144347
0.79, 143593
0.79, 143181
0.79, 143157
0.79, 142515
0.79, 142352
0.79, 141380
0.79, 140550
0.79, 140181
0.79, 138364
0.79, 137449
0.79, 136879
0.79, 136776
0.79, 136624
0.81, 136603
0.81, 135683
0.81, 134948
0.81, 132734
0.81, 132704
0.81, 132696
0.81, 132471
0.83, 131958
0.83, 131775
0.83, 131648
0.83, 130899
0.83, 130129
0.83, 130047
0.83, 129910
0.83, 128734
0.83, 126904
0.83, 126135
0.83, 126115
0.83, 125985
0.83, 125773
0.83, 125488
0.85, 125481
0.85, 123569
0.85, 123435
0.85, 122556
0.85, 122394
0.88, 122227
0.88, 121949
0.89, 120846
0.89, 120763
0.89, 120483
0.89, 119865
0.90, 119674
0.90, 118512
0.90, 118505
0.90, 118114
0.90, 117637
0.92, 117593
0.92, 117274
0.95, 116845
0.95, 115870
0.95, 115140
0.96, 114795
0.96, 114726
0.96, 113297
0.96, 111621
0.96, 111555
0.96, 111355
0.96, 110983
0.96, 110573
0.96, 109335
0.97, 109314
0.97, 108888
0.97, 108338
0.97, 107711
0.97, 107516
1.00, 107121
1.00, 106816
1.00, 105480
1.00, 104976
1.00, 104130
1.04, 104048
1.06, 103929
1.06, 103467
1.07, 103326
1.07, 103043
1.08, 102980
1.15, 102919
1.15, 102705
1.15, 102635
1.15, 102502
1.15, 102290
1.15, 102101
1.16, 102048
1.16, 102001
1.16, 101683
1.16, 101630
1.21, 101625
1.21, 101617
1.21, 101323
1.21, 100974
1.21, 100913
1.21, 100905
1.21, 100792
1.26, 100770
1.26, 100649
