0.00,532328
0.00,509481
0.00,488941
0.00,470659
0.00,463696
0.00,451704
0.00,453279
0.00,435303
0.00,423985
0.00,422967
0.00,406650
0.00,411419
0.00,403228
0.00,386239
0.00,379779
0.00,368981
0.00,355234
0.00,345681
0.00,352020
0.00,349810
0.00,346036
0.00,338513
0.00,340260
0.00,338004
0.00,320328
0.00,315321
0.00,296523
0.00,304370
0.00,303098
0.00,290606
0.00,298734
0.00,301156
0.00,289500
0.00,280840
0.00,284453
0.00,280289
0.00,274019
0.00,272838
0.00,265950
0.00,266318
0.00,269193
0.00,265050
0.00,268938
0.00,270182
0.00,260013
0.00,258537
0.00,253241
0.00,251557
0.00,243219
0.00,236767
0.00,232770
0.00,232969
0.00,230066
0.00,229833
0.00,235099
0.00,231891
0.00,224781
0.00,221637
0.00,220789
0.00,215405
0.00,215637
0.01,213336
0.01,207624
0.01,207153
0.01,209665
0.01,210799
0.01,203213
0.01,203398
0.01,207368
0.01,214111
0.01,210819
0.01,216769
0.01,216239
0.01,213916
0.01,202665
0.01,202301
0.01,201782
0.01,210948
0.01,201359
0.01,202416
0.01,199913
0.01,202677
0.01,195606
0.01,191349
0.01,193682
0.01,196471
0.01,198327
0.01,191867
0.01,189966
0.01,186677
0.01,183770
0.01,179741
0.01,175597
0.01,179685
0.01,184260
0.01,190850
0.01,192991
0.01,196434
0.01,196894
0.01,194167
0.01,193007
0.01,189144
0.01,185198
0.01,183347
0.01,180166
0.01,182872
0.01,187652
0.01,191395
0.01,192997
0.01,192249
0.01,187053
0.01,183600
0.01,180371
0.01,181277
0.01,176671
0.01,175342
0.01,177037
0.01,174711
0.01,176017
0.01,175125
0.01,175517
0.01,175326
0.01,172127
0.01,168345
0.01,170436
0.01,168104
0.01,165894
0.01,168541
0.01,170561
0.01,167557
0.01,167718
0.01,167468
0.01,165440
0.01,161973
0.01,156994
0.01,154464
0.01,155894
0.01,152024
0.01,151655
0.01,155026
0.01,160069
0.01,158602
0.01,158346
0.01,158405
0.01,157867
0.01,152409
0.01,150500
0.01,147414
0.01,149914
0.01,156904
0.01,164330
0.01,166752
0.01,169657
0.01,166516
0.01,166121
0.01,162852
0.01,161301
0.01,156357
0.01,154241
0.01,150068
0.01,142937
0.01,143899
0.01,142352
0.01,142905
0.01,140829
0.01,138828
0.01,137100
0.01,138543
0.01,140962
0.01,143474
0.01,142945
0.01,137606
0.01,136966
0.01,135018
0.01,133488
0.01,134492
0.01,132053
0.01,135372
0.01,138068
0.01,138162
0.01,138620
0.01,142164
0.01,140919
0.01,141013
0.01,140005
0.01,139766
0.01,141379
0.01,138271
0.01,134376
0.01,130638
0.01,134563
0.01,142162
0.01,145559
0.01,142625
0.01,143510
0.01,141880
0.01,139446
0.01,144020
0.01,143237
0.01,141874
0.01,145051
0.01,146051
0.01,147995
0.01,143894
0.01,134775
0.01,133576
0.01,130402
0.01,131346
0.01,130125
0.01,130787
0.01,129973
0.01,133672
0.01,134514
0.01,137849
0.01,136619
0.01,131613
0.01,132103
0.01,127415
0.01,129186
0.01,136072
0.01,136344
0.01,137599
0.01,128479
0.01,126224
0.01,128844
0.01,129522
0.01,128590
0.01,126868
0.01,127898
0.01,128626
0.01,129624
0.01,129812
0.01,130594
0.01,132068
0.01,132701
0.01,134425
0.01,136315
0.01,138719
0.01,140636
0.01,143597
0.01,142940
0.01,141513
0.01,141075
0.01,141896
0.01,139353
0.01,143768
0.01,145477
0.01,142775
0.01,138172
0.01,135670
0.01,135628
0.01,139777
0.01,134490
0.01,130489
0.01,129067
0.01,125042
0.01,127504
0.01,129157
0.01,127623
0.01,132239
0.01,131382
0.01,129732
0.01,128723
0.01,129004
0.01,129815
0.01,130266
0.01,135792
0.01,139301
0.01,142966
0.01,145775
0.01,146048
0.01,147419
0.01,148233
0.01,142492
0.01,147376
0.01,151683
0.01,151322
0.01,148312
0.01,144701
0.01,143085
0.01,143584
0.01,140628
0.01,143862
0.01,146573
0.01,145873
0.01,150018
0.01,145009
0.01,142254
0.01,135154
0.01,127004
0.01,126241
0.01,124458
0.01,122757
0.01,121890
0.01,120912
0.01,119905
0.01,119138
0.01,120522
0.01,119289
0.01,120222
0.01,118036
0.01,118223
0.01,119546
0.01,116875
0.01,116976
0.01,118113
0.01,115674
0.01,114867
0.01,113583
0.01,112898
0.01,114640
0.01,114189
0.01,118266
0.01,120576
0.01,117951
0.01,112221
0.01,112012
0.01,113824
0.01,114167
0.01,115157
0.01,115496
0.01,116701
0.01,125033
0.01,127794
0.01,121527
0.01,118556
0.01,115983
0.01,114442
0.01,113988
0.01,117802
0.01,119490
0.01,118287
0.01,113380
0.01,112982
0.01,111452
0.01,111014
0.01,113479
0.01,113553
0.01,115275
0.01,116588
0.01,120862
0.01,121255
0.01,120102
0.01,124927
0.01,125400
0.01,124332
0.01,120249
0.01,116712
0.01,116865
0.01,117412
0.01,115835
0.01,115553
0.01,112043
0.01,111620
0.01,111550
0.01,110400
0.01,109967
0.01,111083
0.01,110708
0.01,110964
0.01,112769
0.01,113888
0.01,115354
0.01,123572
0.01,130750
0.01,130732
0.01,133071
0.01,135271
0.01,133298
0.01,133494
0.01,140175
0.01,139500
0.01,133365
0.01,132078
0.01,131317
0.01,128918
0.01,129584
0.01,127124
0.01,130119
0.01,130952
0.01,130939
0.01,134486
0.01,132556
0.01,128927
0.01,120987
0.01,116063
0.01,114381
0.01,109906
0.01,109406
0.01,109000
0.01,108618
0.01,108012
0.01,107638
0.01,107226
0.01,106933
0.01,106482
0.01,106193
0.01,105972
0.01,105793
0.01,105701
0.01,105627
0.01,105619
