0.00, 482626
0.00, 477978
0.00, 463585
0.00, 461682
0.00, 460554
0.00, 457967
0.00, 454915
0.01, 449781
0.01, 448675
0.01, 444909
0.01, 443724
0.01, 440155
0.01, 435615
0.01, 431090
0.01, 430489
0.01, 426793
0.01, 418110
0.01, 417934
0.01, 408660
0.01, 406859
0.01, 406823
0.01, 405180
0.07, 402520
0.07, 399515
0.11, 398918
0.13, 398686
0.13, 397682
0.13, 397500
0.14, 395246
0.15, 392358
0.17, 389852
0.17, 387028
0.17, 384737
0.18, 379269
0.18, 376260
0.19, 375059
0.19, 373023
0.19, 367990
0.19, 365128
0.22, 359845
0.22, 359535
0.22, 358386
0.22, 358308
0.23, 357994
0.23, 357856
0.23, 349357
0.23, 342991
0.28, 338013
0.28, 337453
0.28, 335858
0.28, 335280
0.28, 333129
0.30, 327826
0.30, 322518
0.33, 322064
0.34, 318120
0.34, 314128
0.34, 314126
0.34, 310658
0.34, 304979
0.34, 303535
0.34, 301679
0.34, 299430
0.34, 299322
0.36, 298979
0.36, 298492
0.36, 294326
0.40, 293257
0.40, 285622
0.40, 285617
0.40, 283404
0.40, 283255
0.42, 281395
0.42, 281046
0.42, 278060
0.42, 277789
0.42, 277149
0.42, 275524
0.42, 274439
0.42, 274410
0.44, 274265
0.44, 273809
0.44, 271087
0.44, 259325
0.44, 257943
0.44, 251332
0.46, 242107
0.46, 240468
0.46, 239743
0.51, 237857
0.51, 235573
0.51, 234792
0.51, 233529
0.51, 232781
0.51, 232273
0.51, 232019
0.51, 231358
0.51, 228097
0.53, 228084
0.53, 227966
0.54, 224873
0.54, 224196
0.54, 217981
0.54, 217939
0.55, 217204
0.55, 213952
0.55, 212952
0.55, 209480
0.55, 208618
0.55, 208042
0.55, 207607
0.55, 207254
0.55, 207053
0.55, 204719
0.55, 198674
0.55, 195549
0.55, 194684
0.55, 194035
0.55, 192861
0.55, 192401
0.59, 191018
0.59, 190370
0.59, 189247
0.59, 189104
0.63, 188380
0.63, 186650
0.63, 185026
0.63, 185011
0.63, 183327
0.63, 182723
0.63, 182404
0.63, 181719
0.63, 180762
0.63, 179823
0.63, 179516
0.64, 179433
0.64, 178450
0.64, 177192
0.64, 176428
0.64, 175234
0.64, 175083
0.64, 174777
0.66, 173090
0.66, 173082
0.66, 169786
0.66, 167891
0.66, 167806
0.66, 167655
0.66, 164087
0.66, 163902
0.66, 162853
0.66, 162614
0.66, 162112
0.66, 161659
0.66, 161517
0.66, 159392
0.66, 159325
0.71, 159239
0.71, 157493
0.71, 157094
0.71, 156290
0.71, 154826
0.71, 154124
0.71, 154018
0.71, 153842
0.71, 153388
0.71, 152457
0.71, 150638
0.71, 150524
0.71, 150500
0.71, 150185
0.71, 149663
0.72, 149299
0.72, 148731
0.72, 148543
0.72, 148386
0.72, 147443
0.72, 145416
0.72, 143991
0.72, 143486
0.72, 141478
0.72, 141369
0.72, 139863
0.74, 139481
0.74, 138563
0.74, 137824
0.74, 137007
0.74, 136531
0.74, 134122
0.74, 133532
0.77, 133415
0.77, 132929
0.77, 132886
0.77, 132156
0.77, 130912
0.77, 130495
0.77, 130453
0.77, 129273
0.83, 128388
0.83, 128134
0.83, 128094
0.83, 126911
0.83, 126674
0.83, 125633
0.83, 125052
0.83, 124936
0.83, 124042
0.83, 123513
0.83, 123505
0.83, 122505
0.83, 122259
0.83, 121335
0.84, 120313
0.87, 120266
0.87, 119763
0.87, 119731
0.87, 119227
0.87, 118976
0.87, 117714
0.87, 117340
0.88, 116401
0.88, 116141
0.88, 115438
0.88, 114926
0.88, 114840
0.88, 112897
0.88, 111958
0.88, 111148
0.88, 111067
0.88, 110785
0.88, 110113
0.88, 109476
0.88, 109346
0.88, 109304
0.88, 109282
0.88, 108837
0.88, 108075
0.96, 107953
0.96, 107614
0.96, 106669
0.96, 106666
0.97, 106345
0.98, 104969
0.98, 104322
1.01, 104136
1.01, 104015
1.04, 103655
1.04, 103637
1.07, 103470
1.07, 103139
1.09, 103091
1.09, 103022
1.12, 102995
1.13, 102787
1.13, 102573
1.13, 102493
1.13, 102344
1.13, 102193
1.13, 102112
1.13, 102080
1.18, 102041
1.18, 102033
1.18, 101998
1.25, 101947
1.25, 101897
1.25, 101867
1.25, 101829
1.25, 101714
1.25, 101682
1.26, 101658
1.26, 101640
1.26, 101459
1.26, 101392
1.26, 101385
1.27, 101350
1.27, 101342
2.54, 101160
2.54, 101152
2.54, 101089
2.54, 100898
2.63, 100800
2.64, 100657
2.78, 100649
7.23, 100642
13.02, 100633
13.10, 100577
13.11, 100571
13.11, 100485
13.11, 100458
13.21, 100439
13.25, 100431
