0.00,551027
0.00,524488
0.00,521443
0.00,500422
0.00,488488
0.00,483139
0.00,466629
0.00,463722
0.00,444677
0.00,430905
0.00,413839
0.00,401268
0.00,384686
0.00,394285
0.00,397559
0.00,382410
0.00,382928
0.00,374519
0.00,374737
0.00,375948
0.00,383356
0.00,384899
0.00,380436
0.00,371492
0.00,353238
0.00,354667
0.00,355628
0.00,356951
0.00,350857
0.00,335483
0.00,330469
0.00,318340
0.00,321447
0.00,325283
0.00,326760
0.00,325894
0.00,324783
0.00,322340
0.00,308849
0.00,297575
0.00,300773
0.00,287360
0.00,277418
0.00,267640
0.00,261752
0.00,256309
0.00,256310
0.00,256555
0.00,252030
0.00,253967
0.00,255874
0.00,252490
0.00,248867
0.00,245472
0.00,246538
0.00,251266
0.00,256241
0.00,253624
0.00,248865
0.00,243404
0.00,246730
0.00,242704
0.00,240547
0.00,242739
0.00,248070
0.00,251465
0.00,248972
0.00,247651
0.00,244154
0.00,244512
0.00,238777
0.00,246070
0.00,246038
0.00,237115
0.00,236468
0.00,235994
0.00,230060
0.00,220441
0.00,218284
0.00,218277
0.01,214347
0.01,214981
0.01,216992
0.01,223941
0.01,221432
0.01,210330
0.01,204871
0.01,199614
0.01,193518
0.01,194384
0.01,192457
0.01,194106
0.01,191869
0.01,187264
0.01,182893
0.01,176948
0.01,180164
0.01,186519
0.01,187929
0.01,187392
0.01,193700
0.01,191402
0.01,187270
0.01,187030
0.01,185257
0.01,179493
0.01,179295
0.01,179883
0.01,182269
0.01,182575
0.01,178791
0.01,175201
0.01,172755
0.01,173519
0.01,174773
0.01,168717
0.01,165860
0.01,161291
0.01,161821
0.01,157295
0.01,156802
0.01,156538
0.01,153162
0.01,153210
0.01,155206
0.01,155732
0.01,153077
0.01,150780
0.01,148538
0.01,150698
0.01,150700
0.01,146155
0.01,146743
0.01,148178
0.01,145289
0.01,145390
0.01,144253
0.01,142100
0.01,142853
0.01,145100
0.01,144365
0.01,144865
0.01,147537
0.01,150808
0.01,149689
0.01,145691
0.01,145176
0.01,145820
0.01,149517
0.01,143485
0.01,149662
0.01,157138
0.01,156016
0.01,155994
0.01,155948
0.01,156322
0.01,153085
0.01,151165
0.01,150939
0.01,147517
0.01,148791
0.01,151223
0.01,154532
0.01,154994
0.01,148671
0.01,149209
0.01,145867
0.01,140016
0.01,140495
0.01,141842
0.01,143156
0.01,144129
0.01,144560
0.01,145291
0.01,141916
0.01,141824
0.01,143879
0.01,139486
0.01,137504
0.01,135083
0.01,133146
0.01,135800
0.01,138292
0.01,144411
0.01,149766
0.01,147863
0.01,146473
0.01,144659
0.01,144579
0.01,144311
0.01,144045
0.01,142699
0.01,140070
0.01,145969
0.01,145307
0.01,136325
0.01,137203
0.01,137044
0.01,131593
0.01,129982
0.01,128425
0.01,126979
0.01,125611
0.01,124436
0.01,123056
0.01,120849
0.01,119612
0.01,123246
0.01,125544
0.01,122395
0.01,122635
0.01,125715
0.01,126543
0.01,127878
0.01,133022
0.01,133082
0.01,131510
0.01,126247
0.01,125802
0.01,127001
0.01,122956
0.01,122000
0.01,119291
0.01,118270
0.01,117795
0.01,116841
0.01,116381
0.01,117638
0.01,116258
0.01,115509
0.01,114810
0.01,113968
0.01,114488
0.01,113278
0.01,112641
0.01,112006
0.01,111456
0.01,111839
0.01,113080
0.01,113605
0.01,113423
0.01,112049
0.01,110974
0.01,111675
0.01,110580
0.01,110206
0.01,109821
0.01,109455
0.01,110417
0.01,108936
0.01,108617
0.01,109139
0.01,108235
0.01,107600
0.01,108406
0.01,108264
0.01,108630
0.01,110566
0.01,109928
0.01,108849
0.01,107393
0.01,108977
0.01,108092
0.01,106774
0.01,108237
0.01,107398
0.01,106227
0.01,105816
0.01,105736
0.01,105674
0.01,105499
