0.02, 556434
0.02, 549594
0.02, 547011
0.02, 546488
0.02, 544836
0.02, 543505
0.02, 536590
0.02, 536557
0.02, 535704
0.02, 532466
0.02, 528855
0.02, 523030
0.02, 518985
0.02, 513595
0.02, 513350
0.02, 510821
0.02, 505508
0.02, 500503
0.02, 488620
0.02, 485218
0.02, 484755
0.02, 481414
0.02, 478575
0.02, 477342
0.02, 465621
0.02, 464572
0.02, 464161
0.02, 463634
0.03, 462636
0.03, 447924
0.03, 433337
0.03, 429792
0.03, 422936
0.03, 421974
0.03, 419611
0.03, 419266
0.03, 413249
0.03, 410744
0.03, 404628
0.07, 404184
0.09, 399837
0.12, 396887
0.15, 384866
0.15, 383331
0.15, 380845
0.15, 377834
0.15, 377303
0.16, 370681
0.18, 370164
0.23, 370018
0.23, 364998
0.23, 355794
0.23, 355499
0.23, 345236
0.29, 339713
0.29, 339064
0.29, 335159
0.29, 332690
0.29, 324923
0.36, 324648
0.36, 323260
0.36, 322753
0.36, 317108
0.37, 313713
0.37, 312772
0.37, 308922
0.37, 308409
0.37, 306992
0.37, 305649
0.37, 303496
0.37, 302277
0.37, 302202
0.37, 300388
0.37, 299707
0.37, 299442
0.38, 296459
0.40, 292593
0.40, 290071
0.40, 289984
0.40, 289460
0.42, 288875
0.43, 286816
0.43, 280711
0.44, 278996
0.44, 275248
0.44, 272528
0.45, 266830
0.45, 266150
0.45, 265328
0.46, 264712
0.46, 263924
0.46, 262233
0.46, 257152
0.46, 254837
0.50, 252438
0.50, 252070
0.50, 250654
0.50, 249763
0.50, 247556
0.50, 246969
0.50, 241835
0.50, 240635
0.50, 240619
0.50, 239975
0.50, 238861
0.50, 238665
0.50, 238119
0.50, 236315
0.50, 234358
0.50, 233761
0.50, 231407
0.50, 229633
0.50, 225921
0.50, 218125
0.50, 216142
0.50, 212701
0.50, 211233
0.60, 210540
0.60, 210246
0.60, 210149
0.60, 210044
0.60, 209463
0.60, 209415
0.60, 208401
0.60, 207799
0.60, 207719
0.60, 207304
0.60, 205334
0.60, 204644
0.60, 203848
0.60, 201033
0.60, 199367
0.60, 198683
0.61, 198242
0.61, 197964
0.61, 195506
0.61, 194724
0.61, 194656
0.61, 194237
0.61, 191818
0.61, 186257
0.61, 185118
0.61, 184887
0.65, 184778
0.65, 182262
0.65, 175664
0.65, 172609
0.66, 172260
0.66, 171711
0.66, 171705
0.66, 171679
0.66, 170841
0.66, 170413
0.67, 170272
0.67, 169525
0.67, 169060
0.67, 168693
0.67, 168043
0.67, 167091
0.67, 165020
0.67, 163810
0.67, 162691
0.67, 162165
0.67, 161776
0.67, 160853
0.67, 159648
0.71, 158215
0.71, 156083
0.71, 155964
0.71, 155101
0.71, 154479
0.71, 153301
0.71, 153208
0.71, 153091
0.71, 152895
0.71, 151427
0.71, 151323
0.71, 150906
0.71, 150050
0.73, 150008
0.73, 149834
0.73, 149403
0.73, 148475
0.73, 148185
0.73, 147853
0.74, 145344
0.74, 145104
0.74, 144504
0.74, 144149
0.74, 142491
0.74, 140471
0.77, 139780
0.77, 139414
0.77, 138982
0.77, 138706
0.77, 138007
0.80, 137390
0.80, 137265
0.80, 137198
0.80, 136996
0.80, 136592
0.80, 135897
0.80, 135479
0.80, 135360
0.80, 135248
0.80, 134755
0.80, 134147
0.80, 133160
0.81, 132635
0.81, 131666
0.81, 131265
0.81, 131139
0.81, 130672
0.81, 129703
0.81, 129493
0.81, 128592
0.81, 128246
0.81, 127292
0.81, 126939
0.81, 126912
0.81, 126598
0.81, 125488
0.81, 125407
0.81, 125219
0.81, 124801
0.81, 124334
0.81, 123834
0.81, 123581
0.81, 123078
0.81, 122958
0.81, 122459
0.81, 122388
0.81, 121241
0.81, 121154
0.81, 120769
0.81, 119485
0.81, 119359
0.81, 119115
0.81, 118939
0.81, 118918
0.81, 118123
0.89, 116766
0.89, 115855
0.89, 115641
0.89, 115350
0.89, 115247
0.89, 114964
0.89, 114589
0.89, 113867
0.89, 113286
0.89, 113147
0.90, 113138
0.90, 112614
0.90, 111897
0.90, 111631
0.90, 111426
0.92, 111191
0.92, 110487
0.94, 110363
0.94, 109564
0.96, 109469
0.96, 109353
0.96, 109073
0.96, 108494
0.96, 108008
0.96, 106792
0.97, 106524
0.97, 106430
0.97, 106213
0.97, 106038
0.97, 105444
0.97, 105406
0.97, 105364
0.97, 104661
0.97, 104504
0.97, 104282
1.04, 104125
1.04, 104089
1.04, 103832
1.06, 103824
1.06, 103643
1.06, 103593
1.06, 103381
1.06, 103120
1.06, 102899
1.06, 102580
1.06, 102276
1.06, 102108
1.06, 101900
1.06, 101887
1.07, 101708
1.12, 101506
1.12, 101312
1.15, 101214
1.16, 101203
1.16, 101011
1.16, 100820
7.74, 100793
7.75, 100755
7.75, 100728
7.75, 100715
7.75, 100707
7.75, 100615
