0.01, 577951
0.01, 563468
0.01, 559347
0.01, 551239
0.01, 541832
0.01, 540305
0.01, 540193
0.01, 534520
0.01, 527480
0.01, 526696
0.01, 526523
0.01, 525485
0.01, 522571
0.01, 522521
0.01, 521868
0.01, 507571
0.01, 498832
0.01, 495701
0.01, 493952
0.01, 490426
0.01, 486018
0.01, 485869
0.01, 476343
0.01, 475263
0.01, 467727
0.01, 464665
0.01, 461943
0.01, 443395
0.01, 440708
0.02, 436972
0.02, 436054
0.02, 434698
0.02, 428889
0.04, 419756
0.04, 419650
0.04, 419303
0.05, 416667
0.05, 412706
0.05, 411047
0.05, 408511
0.10, 406863
0.10, 406723
0.10, 406702
0.10, 406188
0.10, 405626
0.10, 401663
0.10, 399481
0.10, 399107
0.10, 398858
0.12, 398447
0.12, 395005
0.15, 386314
0.15, 386116
0.16, 381738
0.16, 376330
0.16, 372083
0.19, 371256
0.19, 370262
0.22, 369460
0.22, 363343
0.23, 355768
0.23, 355176
0.27, 352902
0.27, 352215
0.27, 349517
0.27, 347245
0.28, 344874
0.28, 337187
0.28, 333648
0.30, 328184
0.30, 325051
0.30, 321208
0.34, 318821
0.34, 317263
0.34, 316896
0.34, 314892
0.34, 310755
0.34, 309146
0.34, 308723
0.35, 308080
0.35, 299822
0.35, 296800
0.35, 295630
0.35, 288452
0.35, 286703
0.41, 285720
0.41, 283241
0.41, 268751
0.41, 268644
0.45, 265058
0.45, 263071
0.45, 261240
0.45, 260500
0.45, 254102
0.45, 252517
0.45, 250525
0.50, 246193
0.50, 245448
0.50, 242382
0.50, 240345
0.50, 238236
0.50, 236105
0.50, 232617
0.50, 232570
0.50, 232276
0.52, 228949
0.52, 228334
0.53, 227308
0.53, 224415
0.53, 223600
0.53, 220468
0.56, 217897
0.56, 217570
0.57, 217411
0.57, 211939
0.57, 209868
0.57, 209681
0.57, 209659
0.57, 209314
0.57, 209206
0.58, 208931
0.58, 207273
0.58, 206311
0.59, 206227
0.59, 205503
0.59, 203566
0.59, 203391
0.59, 201641
0.59, 200877
0.59, 200111
0.59, 200099
0.59, 199066
0.59, 197511
0.59, 197404
0.59, 195560
0.59, 192276
0.59, 192047
0.59, 189531
0.59, 186983
0.59, 186964
0.62, 186380
0.63, 185813
0.63, 185112
0.63, 183582
0.63, 182276
0.63, 180607
0.65, 179595
0.66, 178822
0.66, 178059
0.66, 177731
0.66, 175428
0.66, 175190
0.66, 175133
0.66, 175036
0.66, 173748
0.66, 172606
0.66, 172425
0.66, 171658
0.66, 171365
0.66, 171020
0.67, 170778
0.67, 170422
0.67, 168967
0.67, 168849
0.67, 168841
0.67, 168658
0.67, 167526
0.67, 167336
0.67, 167330
0.67, 167216
0.67, 167093
0.67, 165936
0.67, 165592
0.67, 165234
0.67, 163870
0.67, 161889
0.67, 161452
0.67, 161403
0.67, 159323
0.67, 158039
0.67, 158011
0.67, 157084
0.67, 155817
0.71, 155742
0.71, 154234
0.71, 153547
0.71, 153333
0.71, 152630
0.71, 152364
0.72, 152255
0.72, 152206
0.72, 151954
0.72, 151066
0.72, 150826
0.72, 150697
0.72, 149918
0.72, 149917
0.72, 149415
0.72, 147282
0.72, 146391
0.74, 145673
0.74, 145134
0.74, 143772
0.74, 142944
0.74, 138992
0.74, 138135
0.74, 135699
0.74, 135530
0.74, 135023
0.74, 134011
0.74, 132014
0.80, 131905
0.80, 131504
0.80, 131326
0.80, 130713
0.80, 129551
0.80, 129431
0.80, 127724
0.80, 126293
0.80, 125422
0.80, 124936
0.80, 123976
0.80, 123921
0.80, 123078
0.83, 122640
0.84, 122220
0.84, 121628
0.84, 121472
0.85, 120491
0.85, 118896
0.85, 118493
0.85, 118318
0.88, 118222
0.89, 118200
0.89, 118061
0.89, 117368
0.89, 116859
0.90, 116785
0.90, 116207
0.90, 115994
0.90, 115395
0.90, 113627
0.90, 113067
0.91, 112985
0.91, 112792
0.91, 112028
0.91, 111902
0.92, 111754
0.92, 110972
0.92, 110777
0.93, 110485
0.93, 109658
0.93, 108719
0.95, 108704
0.95, 107991
0.95, 107905
0.95, 107612
0.95, 107583
0.95, 107151
0.95, 106709
0.98, 106628
0.98, 106278
0.98, 106177
0.99, 106060
0.99, 106024
1.00, 105983
1.00, 105718
1.00, 105709
1.00, 105570
1.00, 105383
1.01, 105374
1.01, 105367
1.01, 104958
1.01, 104533
1.02, 104289
1.02, 103325
1.02, 102898
1.02, 101981
1.02, 101550
1.08, 101513
1.08, 101382
1.10, 101242
1.10, 101241
1.10, 101075
1.13, 101043
1.14, 101015
1.14, 100988
1.14, 100933
1.20, 100864
1.23, 100728
1.25, 100623
4.25, 100615
