0.00, 568114
0.00, 567849
0.00, 567602
0.00, 562153
0.00, 554445
0.00, 543470
0.00, 542309
0.00, 537851
0.00, 530948
0.00, 530899
0.00, 530718
0.00, 528740
0.00, 528158
0.00, 527587
0.00, 527286
0.00, 525388
0.00, 524079
0.00, 522111
0.00, 516978
0.00, 511915
0.00, 508735
0.00, 506767
0.00, 506478
0.01, 497966
0.01, 496193
0.01, 492919
0.01, 475773
0.01, 475571
0.01, 475392
0.01, 469341
0.01, 462415
0.01, 460943
0.01, 459484
0.01, 455225
0.01, 454961
0.01, 449267
0.01, 448055
0.01, 446524
0.01, 445924
0.01, 445239
0.01, 439173
0.01, 438790
0.01, 437837
0.01, 434701
0.01, 429585
0.01, 424113
0.01, 416814
0.01, 408265
0.01, 407487
0.01, 405779
0.01, 400729
0.01, 400418
0.01, 393254
0.04, 385768
0.10, 384921
0.10, 384198
0.16, 383489
0.16, 379280
0.18, 379163
0.21, 366453
0.21, 365950
0.21, 361716
0.21, 358516
0.22, 354124
0.22, 350503
0.22, 348201
0.26, 347528
0.26, 339728
0.26, 338759
0.26, 335462
0.28, 330580
0.31, 325504
0.31, 323934
0.31, 323424
0.34, 314758
0.34, 314611
0.37, 312973
0.37, 309250
0.37, 307482
0.39, 307037
0.39, 305817
0.39, 303723
0.39, 301554
0.39, 299908
0.39, 299520
0.39, 290062
0.39, 288155
0.39, 286022
0.39, 284908
0.40, 279050
0.40, 278837
0.40, 276663
0.40, 275104
0.40, 272482
0.42, 271749
0.42, 267716
0.42, 267242
0.45, 266767
0.45, 265600
0.45, 264049
0.45, 263216
0.49, 263199
0.49, 262625
0.49, 260512
0.49, 259054
0.49, 255566
0.49, 254862
0.49, 254319
0.50, 252090
0.50, 250920
0.50, 250798
0.50, 249967
0.50, 249748
0.50, 249529
0.50, 249516
0.50, 244826
0.50, 243423
0.50, 243070
0.50, 238954
0.50, 235986
0.50, 235241
0.50, 233128
0.52, 232808
0.52, 231912
0.52, 231392
0.52, 231283
0.52, 230219
0.53, 230030
0.53, 229141
0.53, 228045
0.53, 226096
0.53, 225642
0.54, 225423
0.55, 220703
0.55, 216428
0.58, 215848
0.58, 214859
0.58, 213419
0.58, 209074
0.58, 208976
0.58, 207430
0.58, 207201
0.58, 207162
0.58, 206457
0.58, 206062
0.58, 204138
0.58, 200564
0.59, 200366
0.59, 196656
0.59, 192625
0.59, 192245
0.59, 191021
0.59, 191010
0.59, 190486
0.59, 188856
0.59, 188093
0.60, 187160
0.61, 186775
0.61, 186319
0.61, 185236
0.61, 185117
0.61, 184808
0.61, 184105
0.64, 182093
0.64, 179918
0.66, 179852
0.66, 179808
0.66, 179662
0.66, 178481
0.66, 177764
0.66, 176838
0.66, 176630
0.66, 176091
0.66, 174613
0.66, 169408
0.68, 168736
0.68, 168690
0.68, 168333
0.68, 166384
0.68, 164876
0.68, 163136
0.68, 162041
0.68, 161419
0.68, 160444
0.68, 159029
0.71, 158717
0.71, 158690
0.71, 156767
0.71, 155734
0.71, 153637
0.71, 153122
0.71, 152318
0.71, 150922
0.71, 149070
0.71, 147442
0.75, 147166
0.75, 142739
0.75, 142446
0.76, 141812
0.76, 141672
0.76, 141218
0.76, 140505
0.76, 139553
0.76, 137649
0.76, 136464
0.76, 135221
0.76, 134382
0.81, 132966
0.81, 131044
0.81, 130259
0.81, 128146
0.81, 127147
0.83, 127026
0.84, 126136
0.84, 125527
0.84, 124049
0.84, 123121
0.84, 122958
0.84, 122928
0.84, 122923
0.84, 122638
0.84, 121509
0.86, 119353
0.86, 119101
0.86, 118299
0.86, 118152
0.86, 117680
0.86, 117242
0.86, 116905
0.87, 116854
0.87, 115917
0.87, 115525
0.87, 114547
0.91, 113996
0.91, 113389
0.91, 112720
0.91, 112040
0.91, 111153
0.91, 110691
0.93, 110493
0.93, 110084
0.93, 109523
0.93, 109340
0.93, 109208
0.93, 109108
0.96, 108740
0.96, 107938
0.96, 107717
0.97, 107324
0.98, 107071
0.98, 107046
0.98, 106832
0.98, 106252
0.98, 106018
0.98, 105827
0.98, 105473
0.98, 105410
1.02, 105293
1.02, 104996
1.02, 103940
1.02, 103893
1.03, 103752
1.03, 103577
1.05, 103288
1.05, 103261
1.06, 103204
1.08, 102773
1.11, 102271
1.11, 102224
1.12, 102125
1.13, 102105
1.16, 101989
1.17, 101830
1.17, 101795
1.18, 101705
1.19, 101620
1.19, 101509
4.41, 101475
4.47, 101453
4.47, 101418
4.53, 101410
7.17, 101261
7.20, 101226
7.22, 101199
8.67, 101130
8.68, 101082
8.68, 101000
8.68, 100990
8.68, 100898
8.69, 100890
8.72, 100870
8.72, 100695
8.73, 100552
8.73, 100544
8.73, 100531
8.77, 100523
8.79, 100431
