0.00,518885
0.00,494132
0.00,480363
0.00,473106
0.00,459375
0.00,449872
0.00,439710
0.00,427368
0.00,421806
0.00,410497
0.00,406883
0.00,410183
0.00,393540
0.00,397210
0.00,399284
0.00,398837
0.00,376098
0.00,358145
0.00,349085
0.00,341606
0.00,329289
0.00,327222
0.00,327946
0.00,331926
0.00,323521
0.00,324819
0.00,323198
0.00,327389
0.00,313102
0.00,305703
0.00,298338
0.00,296733
0.00,283807
0.00,279763
0.00,270411
0.00,266507
0.00,261282
0.00,259603
0.00,256929
0.00,254820
0.00,270649
0.00,263382
0.00,260728
0.00,260367
0.00,264735
0.00,261806
0.00,261761
0.00,265643
0.00,257315
0.00,250011
0.00,241640
0.00,232828
0.00,224658
0.00,225515
0.00,224383
0.00,223694
0.00,224267
0.00,225372
0.00,229727
0.00,228614
0.00,229898
0.00,219849
0.00,216846
0.00,217381
0.00,218267
0.00,212237
0.00,211621
0.00,210306
0.00,206798
0.00,214124
0.00,216634
0.00,226809
0.00,227457
0.00,219999
0.00,210682
0.00,210143
0.00,207688
0.00,214539
0.00,210695
0.00,213812
0.00,210954
0.00,201962
0.00,201220
0.00,202331
0.00,200866
0.00,198939
0.00,194914
0.00,191042
0.00,191265
0.00,190395
0.00,185582
0.00,189046
0.00,194713
0.00,195413
0.00,202515
0.00,200279
0.00,199509
0.00,196141
0.00,187898
0.00,186339
0.00,178931
0.01,177341
0.01,178900
0.01,177756
0.01,181052
0.01,175636
0.01,176128
0.01,177158
0.01,177064
0.01,178228
0.01,172739
0.01,173289
0.01,175990
0.01,186415
0.01,181184
0.01,186337
0.01,188679
0.01,185505
0.01,184887
0.01,184501
0.01,180468
0.01,182764
0.01,185156
0.01,182543
0.01,181982
0.01,183502
0.01,181328
0.01,180918
0.01,176548
0.01,176920
0.01,175916
0.01,168445
0.01,172876
0.01,166650
0.01,169608
0.01,163146
0.01,164082
0.01,163329
0.01,163854
0.01,161098
0.01,159261
0.01,160746
0.01,159247
0.01,158045
0.01,156778
0.01,153599
0.01,151561
0.01,148938
0.01,147394
0.01,149408
0.01,143902
0.01,143504
0.01,146377
0.01,148137
0.01,147639
0.01,147593
0.01,147804
0.01,146482
0.01,144581
0.01,141721
0.01,142072
0.01,142234
0.01,141296
0.01,146347
0.01,146972
0.01,148660
0.01,152686
0.01,158888
0.01,164584
0.01,161049
0.01,158627
0.01,158896
0.01,160413
0.01,163049
0.01,162186
0.01,161823
0.01,158492
0.01,157965
0.01,158303
0.01,156638
0.01,153567
0.01,141310
0.01,141514
0.01,137238
0.01,135439
0.01,133746
0.01,135064
0.01,133109
0.01,134023
0.01,134840
0.01,137486
0.01,141629
0.01,141997
0.01,141713
0.01,143936
0.01,145091
0.01,144494
0.01,137392
0.01,137909
0.01,135591
0.01,135721
0.01,131703
0.01,129215
0.01,130235
0.01,131108
0.01,132224
0.01,133100
0.01,134582
0.01,132799
0.01,131509
0.01,131187
0.01,132952
0.01,128388
0.01,129385
0.01,128985
0.01,126743
0.01,126524
0.01,125454
0.01,124414
0.01,123386
0.01,123154
0.01,122187
0.01,121250
0.01,120467
0.01,119696
0.01,118925
0.01,118172
0.01,117432
0.01,116742
0.01,116105
0.01,118190
0.01,121081
0.01,121879
0.01,123422
0.01,126948
0.01,133049
0.01,137621
0.01,135275
0.01,131600
0.01,130218
0.01,132480
0.01,137404
0.01,137555
0.01,138566
0.01,138496
0.01,144903
0.01,145100
0.01,144393
0.01,142804
0.01,138947
0.01,137358
0.01,137102
0.01,134127
0.01,133513
0.01,130342
0.01,125527
0.01,128928
0.01,127074
0.01,126209
0.01,121729
0.01,120709
0.01,115694
0.01,116256
0.01,119359
0.01,120963
0.01,122960
0.01,124092
0.01,126907
0.01,132106
0.01,137152
0.01,133703
0.01,129655
0.01,130119
0.01,132933
0.01,137247
0.01,139146
0.01,139163
0.01,137810
0.01,144094
0.01,146300
0.01,143816
0.01,141455
0.01,137454
0.01,137898
0.01,135945
0.01,131278
0.01,130329
0.01,128796
0.01,128506
0.01,127462
0.01,125515
0.01,121570
0.01,120475
0.01,118926
0.01,115041
0.01,114820
0.01,114811
0.01,115448
0.01,115893
0.01,117107
0.01,119998
0.01,120796
0.01,122339
0.01,125865
0.01,131966
0.01,136538
0.01,134192
0.01,130517
0.01,129135
0.01,131397
0.01,136321
0.01,136472
0.01,137483
0.01,137413
0.01,143820
0.01,144017
0.01,143310
0.01,141721
0.01,137864
0.01,136275
0.01,136019
0.01,133044
0.01,132430
0.01,129259
0.01,124444
0.01,127845
0.01,125991
0.01,125126
0.01,120646
0.01,119626
0.01,114611
0.01,115316
0.01,114330
0.01,116026
0.01,116764
0.01,118124
0.01,120302
0.01,121928
0.01,121589
0.01,120702
0.01,123407
0.01,130334
0.01,130535
0.01,129223
0.01,127469
0.01,133895
0.01,136057
0.01,128906
0.01,126011
0.01,125156
0.01,125415
0.01,127730
0.01,124017
0.01,120806
0.01,120546
0.01,121486
0.01,120037
0.01,120689
0.01,117204
0.01,113781
0.01,114940
0.01,118201
0.01,119146
0.01,118738
0.01,120413
0.01,125168
0.01,124989
0.01,124135
0.01,121828
0.01,123661
0.01,124621
0.01,120919
0.01,118720
0.01,120161
0.01,125223
0.01,127982
0.01,121787
0.01,117777
0.01,123368
0.01,121421
0.01,118188
0.01,117198
0.01,114657
0.01,112963
0.01,116728
0.01,117431
0.01,113806
0.01,111914
0.01,111970
0.01,113978
0.01,116552
0.01,119961
0.01,121475
0.01,123088
0.01,124782
0.01,126016
0.01,125900
0.01,129817
0.01,136059
0.01,138201
0.01,134865
0.01,133882
0.01,130927
0.01,133328
0.01,130987
0.01,125909
0.01,121155
0.01,120443
0.02,121498
0.02,121529
0.02,123859
0.02,120733
0.02,117718
0.02,116160
0.02,111685
0.02,113483
0.02,115632
0.02,117346
0.02,120109
0.02,121056
0.02,120224
0.02,119627
0.02,121999
0.02,127659
0.02,129460
0.02,134283
0.02,134642
0.02,131104
0.02,126852
0.02,122996
0.02,123590
0.02,126017
0.02,125127
0.02,122720
0.02,114575
0.02,113094
0.02,117217
0.02,114476
0.02,114063
0.02,112991
0.02,110565
0.02,114776
0.02,114186
0.02,112099
0.02,110785
0.02,113546
0.02,113860
0.02,112328
0.02,111076
0.02,111678
0.02,111482
0.02,111787
0.02,112161
0.02,112368
0.02,112123
0.02,114833
0.02,117113
0.02,118391
0.02,118294
0.02,119000
0.02,122180
0.02,128114
0.02,134477
0.02,132941
0.02,130991
0.02,130849
0.02,130732
0.02,132082
0.02,132494
0.02,135589
0.02,130036
0.02,129323
0.02,126417
0.02,125949
0.02,127926
0.02,123949
0.02,123454
0.02,122026
0.02,117405
0.02,115461
0.02,113271
0.02,109432
0.02,108594
0.02,108562
0.02,108256
