0.00,555997
0.00,534532
0.00,531059
0.00,518796
0.00,500262
0.00,492403
0.00,476835
0.00,464520
0.00,461453
0.00,442189
0.00,431772
0.00,414180
0.00,414741
0.00,386404
0.00,373459
0.00,373893
0.00,358149
0.00,353290
0.00,344505
0.00,346065
0.00,344526
0.00,341414
0.00,337737
0.00,323573
0.00,322299
0.00,320593
0.00,314931
0.00,308802
0.00,323669
0.00,324442
0.00,313328
0.00,305774
0.00,302891
0.00,305690
0.00,315181
0.00,313967
0.00,310664
0.00,305671
0.00,302335
0.00,306189
0.00,305384
0.00,308217
0.00,298105
0.00,302995
0.00,287891
0.00,289475
0.00,287894
0.00,282988
0.00,275342
0.00,278776
0.00,281843
0.00,280259
0.00,275664
0.00,271183
0.00,263644
0.00,264182
0.00,259129
0.00,255737
0.00,247217
0.00,248259
0.00,251599
0.00,249027
0.00,240526
0.00,232916
0.00,225684
0.00,229793
0.00,235347
0.00,230342
0.01,227767
0.01,227165
0.01,219456
0.01,218116
0.01,219274
0.01,225966
0.01,223458
0.01,221474
0.01,221144
0.01,223012
0.01,218602
0.01,217440
0.01,218306
0.01,214395
0.01,212425
0.01,208791
0.01,204461
0.01,203422
0.01,198461
0.01,193757
0.01,189616
0.01,189213
0.01,189145
0.01,188268
0.01,186583
0.01,187461
0.01,183982
0.01,187498
0.01,189723
0.01,194082
0.01,191435
0.01,186642
0.01,196537
0.01,183996
0.01,184300
0.01,180293
0.01,175050
0.01,171977
0.01,175285
0.01,177038
0.01,185420
0.01,183800
0.01,180949
0.01,177138
0.01,183206
0.01,182285
0.01,180997
0.01,171818
0.01,177168
0.01,175989
0.01,172323
0.01,170328
0.01,169027
0.01,172909
0.01,172461
0.01,165917
0.01,169845
0.01,167514
0.01,167667
0.01,169072
0.01,177980
0.01,182909
0.01,187380
0.01,185752
0.01,173102
0.01,171704
0.01,173697
0.01,171114
0.01,166484
0.01,167128
0.01,171735
0.01,177720
0.01,178524
0.01,177808
0.01,176569
0.01,177967
0.01,178401
0.01,179173
0.01,185031
0.01,189494
0.01,191928
0.01,184409
0.01,183465
0.01,179770
0.01,175919
0.01,170070
0.01,172104
0.01,169902
0.01,162934
0.01,163600
0.01,164349
0.01,163533
0.01,163251
0.01,163880
0.01,165849
0.01,169530
0.01,168227
0.01,169191
0.01,166164
0.01,164330
0.01,169402
0.01,172291
0.01,176432
0.01,162893
0.01,159596
0.01,158600
0.01,164756
0.01,166090
0.01,166735
0.01,166905
0.01,170621
0.01,168978
0.01,166176
0.01,165710
0.01,166564
0.01,167369
0.01,167998
0.01,171867
0.01,171759
0.01,168844
0.01,163052
0.01,164407
0.01,167267
0.01,167604
0.01,170481
0.01,165442
0.01,171272
0.01,165607
0.01,161250
0.01,163245
0.01,166715
0.01,165971
0.01,157411
0.01,165796
0.01,162006
0.01,166310
0.01,170441
0.01,168669
0.01,167958
0.01,170396
0.01,167179
0.01,167848
0.01,162460
0.01,158702
0.01,153684
0.01,154657
0.01,150157
0.01,147706
0.01,145738
0.01,144381
0.01,145520
0.01,143596
0.01,144833
0.01,143280
0.01,145917
0.01,141757
0.01,142045
0.01,140207
0.01,142444
0.01,146524
0.01,149625
0.01,150523
0.01,159691
0.01,160771
0.01,159002
0.01,155920
0.01,150114
0.01,153741
0.01,154210
0.01,150511
0.01,146007
0.01,139707
0.01,139330
0.01,140518
0.01,137120
0.01,137340
0.01,137684
0.01,138118
0.01,137768
0.01,138725
0.01,143986
0.01,144790
0.01,143089
0.01,142332
0.01,147864
0.01,146293
0.01,143099
0.01,140379
0.01,141245
0.01,146815
0.01,145214
0.01,137249
0.01,138842
0.01,142443
0.01,138332
0.01,135193
0.01,134407
0.01,132848
0.01,132625
0.01,130450
0.01,131795
0.01,132135
0.01,129872
0.01,128526
0.01,127279
0.01,126063
0.01,124884
0.01,123762
0.01,124209
0.01,122294
0.01,123194
0.01,121479
0.01,120518
0.01,119626
0.01,118879
0.01,121982
0.01,120325
0.01,118047
0.01,117307
0.01,116604
0.01,115967
0.01,115354
0.01,115391
0.01,114754
0.01,114227
0.01,113733
0.01,114185
0.01,113252
0.01,112805
0.01,112582
0.01,111847
0.01,111418
0.01,115552
0.01,119213
0.01,120729
0.01,120281
0.01,116974
0.01,122893
0.01,122025
0.01,119489
0.01,117796
0.01,118507
0.01,117838
0.01,120663
0.01,121722
0.01,122555
0.01,123568
0.01,128119
0.01,126073
0.01,125934
0.01,123345
0.01,118286
0.01,116209
0.01,113250
0.01,113827
0.01,115727
0.01,115964
0.01,115162
0.01,118044
0.01,120133
0.01,122036
0.01,126913
0.01,126424
0.01,122114
0.01,122906
0.01,123921
0.01,123182
0.01,122620
0.01,115075
0.01,114156
0.01,112842
0.01,111011
0.01,111180
0.01,110771
0.01,110550
0.01,110382
0.01,111205
0.01,110272
0.01,110684
0.01,110173
0.01,109654
0.01,109591
0.01,109400
0.01,109338
0.01,109163
