0.00, 637948
0.00, 636891
0.00, 632754
0.00, 628432
0.00, 626965
0.00, 625457
0.00, 620508
0.00, 616267
0.00, 614300
0.00, 611068
0.00, 610440
0.00, 609369
0.00, 601298
0.00, 596032
0.00, 595548
0.00, 588984
0.00, 584647
0.00, 584422
0.00, 574843
0.01, 574463
0.01, 564023
0.01, 563289
0.01, 550789
0.01, 550583
0.01, 550518
0.01, 547505
0.01, 538494
0.01, 537690
0.01, 531715
0.01, 526441
0.01, 524557
0.01, 523306
0.01, 515058
0.01, 513645
0.01, 513368
0.01, 512833
0.01, 507225
0.01, 504737
0.01, 504517
0.01, 496504
0.01, 495079
0.01, 492884
0.01, 491080
0.01, 478109
0.01, 473991
0.01, 472944
0.01, 470628
0.01, 470212
0.01, 466323
0.01, 456672
0.01, 455789
0.01, 454620
0.01, 451402
0.01, 450354
0.01, 450339
0.01, 446100
0.01, 433968
0.01, 426733
0.03, 423967
0.03, 421505
0.03, 420148
0.03, 419141
0.05, 417786
0.05, 413010
0.06, 403330
0.06, 402227
0.09, 393139
0.09, 392146
0.09, 391511
0.09, 388806
0.09, 386685
0.09, 382515
0.09, 381646
0.15, 380014
0.15, 379592
0.16, 379580
0.16, 376741
0.16, 376536
0.16, 373687
0.16, 373327
0.20, 371498
0.20, 368465
0.20, 367828
0.22, 358567
0.22, 358358
0.22, 353639
0.22, 353131
0.24, 349295
0.24, 346367
0.24, 341670
0.24, 339478
0.24, 338838
0.24, 338736
0.24, 335926
0.28, 334332
0.28, 334141
0.31, 331480
0.31, 330829
0.31, 329619
0.31, 329339
0.31, 328880
0.31, 327244
0.31, 325905
0.31, 324386
0.31, 322544
0.31, 317512
0.31, 317138
0.34, 314378
0.34, 314183
0.36, 310206
0.36, 306187
0.36, 303746
0.36, 300982
0.36, 299870
0.36, 292295
0.36, 292061
0.41, 291553
0.41, 290708
0.41, 281893
0.41, 281519
0.41, 280200
0.41, 279969
0.43, 271124
0.43, 271086
0.43, 269564
0.43, 266018
0.43, 262044
0.46, 258797
0.46, 252170
0.46, 251472
0.46, 250478
0.46, 249138
0.49, 248315
0.49, 248280
0.50, 247110
0.50, 244370
0.50, 243313
0.50, 241240
0.50, 240791
0.51, 239019
0.51, 237435
0.51, 237379
0.51, 236029
0.51, 235663
0.51, 232005
0.51, 231893
0.51, 228304
0.53, 227678
0.53, 227255
0.54, 222409
0.54, 222019
0.55, 221503
0.55, 218723
0.55, 218722
0.55, 216647
0.55, 210711
0.58, 207877
0.58, 207618
0.58, 207105
0.58, 202166
0.59, 201971
0.59, 201873
0.59, 198193
0.59, 196130
0.60, 195023
0.60, 194946
0.60, 194866
0.60, 194330
0.60, 194301
0.60, 192815
0.60, 191831
0.60, 191680
0.60, 191114
0.60, 189773
0.60, 189633
0.60, 185460
0.63, 185161
0.63, 184771
0.63, 183960
0.63, 182006
0.63, 180954
0.63, 179229
0.63, 177650
0.63, 174693
0.63, 173391
0.63, 170094
0.66, 168953
0.66, 165497
0.66, 165459
0.69, 162583
0.69, 162478
0.71, 162123
0.71, 161974
0.71, 161841
0.71, 161257
0.71, 159680
0.71, 159524
0.71, 159450
0.71, 159382
0.71, 158179
0.71, 157460
0.71, 156637
0.71, 156487
0.71, 155223
0.71, 153835
0.71, 150107
0.71, 149700
0.73, 149251
0.73, 149247
0.73, 145798
0.73, 144498
0.73, 142830
0.73, 142551
0.73, 141346
0.73, 140292
0.73, 140197
0.73, 139979
0.73, 139265
0.73, 139203
0.73, 138704
0.77, 137476
0.77, 136499
0.77, 135796
0.78, 135162
0.78, 134014
0.78, 133552
0.78, 133487
0.78, 133149
0.78, 132190
0.79, 131934
0.79, 131561
0.79, 131493
0.79, 131251
0.79, 130321
0.79, 128205
0.79, 127122
0.79, 126713
0.79, 125910
0.79, 125604
0.79, 124417
0.79, 124274
0.79, 123798
0.79, 123249
0.79, 122688
0.79, 122348
0.80, 122157
0.84, 121998
0.84, 121377
0.84, 121223
0.84, 120137
0.84, 119700
0.84, 119676
0.84, 118874
0.87, 118747
0.87, 118606
0.88, 118133
0.88, 117973
0.88, 117428
0.88, 117297
0.88, 116954
0.88, 116580
0.88, 115671
0.88, 114118
0.88, 112575
0.89, 112085
0.89, 112056
0.89, 111682
0.89, 111539
0.89, 110913
0.89, 110769
0.89, 110571
0.89, 109744
0.89, 109725
0.90, 108555
0.90, 108266
0.91, 108143
0.91, 108124
0.92, 107943
0.92, 107853
0.94, 107790
0.94, 107775
0.95, 107051
0.95, 106685
0.95, 106396
0.96, 105941
0.97, 105857
0.97, 105055
0.97, 104383
0.98, 104330
0.98, 104224
0.98, 103997
0.98, 103599
0.98, 103073
0.98, 102743
0.98, 102565
1.04, 101751
1.04, 101640
1.04, 101497
1.14, 101495
1.14, 101462
1.15, 101213
1.15, 101205
1.15, 101179
1.15, 101168
1.15, 101141
1.15, 101003
1.15, 100958
1.16, 100815
1.16, 100807
1.16, 100642
1.29, 100623
1.32, 100615
2.62, 100614
2.62, 100439
2.62, 100431
