0.00, 548795
0.00, 544897
0.00, 543095
0.00, 540123
0.00, 524570
0.00, 523789
0.00, 522047
0.00, 521388
0.00, 520385
0.00, 520041
0.00, 517290
0.00, 510306
0.00, 510255
0.00, 509877
0.00, 509755
0.00, 508779
0.00, 507723
0.00, 501485
0.00, 488314
0.00, 487980
0.00, 487494
0.00, 486934
0.01, 486832
0.01, 484814
0.01, 478619
0.01, 467342
0.01, 463176
0.01, 462201
0.01, 462075
0.01, 457280
0.01, 457275
0.01, 453954
0.01, 450964
0.01, 449925
0.01, 449096
0.01, 445189
0.01, 442519
0.01, 440791
0.02, 432994
0.02, 428613
0.03, 424345
0.03, 416373
0.03, 414551
0.05, 413980
0.05, 413893
0.05, 396499
0.05, 393533
0.05, 392452
0.15, 388507
0.18, 388144
0.18, 385653
0.18, 385616
0.18, 385222
0.18, 384943
0.18, 380060
0.19, 379231
0.19, 377116
0.19, 373200
0.19, 372040
0.19, 364432
0.19, 360790
0.19, 360683
0.19, 358796
0.19, 356370
0.27, 347726
0.27, 347523
0.27, 345843
0.28, 344826
0.30, 343822
0.30, 342321
0.30, 341784
0.30, 341664
0.31, 341555
0.31, 339688
0.31, 334143
0.31, 333277
0.32, 328418
0.32, 328288
0.32, 326760
0.32, 326703
0.33, 323135
0.33, 321118
0.33, 320819
0.33, 315210
0.33, 310765
0.33, 310432
0.33, 309931
0.33, 306559
0.33, 305517
0.33, 305353
0.37, 300740
0.37, 298640
0.37, 295167
0.37, 293784
0.37, 292050
0.37, 291939
0.37, 288519
0.40, 283706
0.40, 280103
0.42, 278159
0.42, 277971
0.42, 275599
0.42, 270621
0.43, 268556
0.43, 267052
0.43, 266581
0.43, 262332
0.43, 258231
0.46, 257316
0.46, 256797
0.46, 256426
0.46, 255414
0.46, 252892
0.48, 252802
0.48, 252761
0.48, 252527
0.49, 251355
0.49, 251336
0.50, 249746
0.50, 248425
0.51, 239791
0.51, 237526
0.51, 235876
0.51, 235466
0.51, 234678
0.52, 234232
0.52, 232057
0.52, 231045
0.52, 228690
0.52, 228069
0.52, 227877
0.53, 225387
0.53, 224615
0.53, 224555
0.53, 224331
0.53, 223916
0.53, 223606
0.53, 222731
0.53, 222329
0.53, 219487
0.53, 217533
0.53, 216553
0.53, 216404
0.53, 216224
0.53, 215483
0.56, 214464
0.56, 211918
0.56, 210401
0.57, 207292
0.57, 204233
0.57, 204011
0.58, 203321
0.59, 197914
0.59, 197640
0.59, 196327
0.59, 194398
0.60, 193407
0.60, 191692
0.60, 190986
0.60, 189292
0.60, 187582
0.60, 186081
0.60, 183786
0.60, 181555
0.60, 180755
0.60, 176742
0.63, 176517
0.63, 176342
0.63, 174563
0.63, 174020
0.66, 173508
0.66, 173506
0.66, 172705
0.66, 172151
0.66, 171748
0.66, 171737
0.66, 169606
0.66, 169156
0.66, 168276
0.66, 167858
0.66, 164860
0.66, 164501
0.66, 164282
0.66, 163578
0.67, 163071
0.67, 163013
0.67, 162968
0.67, 162816
0.67, 162781
0.67, 161795
0.67, 161269
0.67, 160859
0.67, 158566
0.67, 158242
0.67, 157689
0.67, 157078
0.67, 157016
0.67, 156723
0.67, 155637
0.67, 155089
0.71, 155030
0.71, 153024
0.71, 151275
0.71, 150929
0.72, 150635
0.72, 150553
0.72, 148919
0.72, 148259
0.72, 147761
0.72, 147305
0.72, 146956
0.72, 144971
0.72, 142920
0.72, 142217
0.75, 141705
0.75, 140304
0.75, 140188
0.75, 138892
0.75, 138630
0.76, 138403
0.76, 138029
0.76, 137634
0.76, 137555
0.76, 137267
0.76, 137009
0.76, 135768
0.79, 135599
0.79, 134021
0.79, 133867
0.79, 133396
0.79, 133357
0.79, 132994
0.79, 132985
0.79, 131824
0.80, 131659
0.80, 130833
0.80, 130611
0.80, 130504
0.80, 130398
0.80, 130114
0.81, 130008
0.81, 129586
0.81, 129004
0.81, 128933
0.81, 128921
0.82, 127742
0.82, 126945
0.82, 126126
0.82, 126015
0.82, 125971
0.82, 125378
0.82, 125260
0.82, 123661
0.83, 123285
0.83, 122775
0.85, 121458
0.85, 121010
0.85, 120588
0.85, 120207
0.85, 119307
0.85, 119299
0.85, 119158
0.85, 118549
0.87, 118316
0.87, 116953
0.87, 116805
0.87, 115239
0.87, 114669
0.87, 113914
0.87, 113477
0.87, 112150
0.92, 112076
0.92, 111809
0.92, 111399
0.92, 110977
0.92, 109438
0.92, 109234
0.92, 109005
0.92, 107754
0.95, 107274
0.96, 106604
0.96, 106564
0.96, 106142
0.96, 105738
0.96, 105698
0.96, 105192
0.96, 105184
0.96, 104630
0.96, 104170
0.96, 104038
0.97, 103844
0.97, 103695
1.03, 103188
1.03, 103126
1.03, 102765
1.03, 102763
1.04, 102370
1.04, 102247
1.04, 102211
1.07, 102206
1.09, 102036
1.15, 101969
1.17, 101963
1.17, 101880
1.18, 101764
1.18, 101737
1.22, 101652
5.72, 101624
5.76, 101587
5.86, 101552
7.18, 101432
7.19, 101371
7.19, 101279
7.19, 101136
7.19, 101109
7.19, 100918
7.22, 100650
7.22, 100642
10.27, 100525
10.34, 100498
