0.00, 540319
0.00, 540015
0.00, 539057
0.00, 534722
0.00, 529257
0.00, 517887
0.00, 517646
0.00, 517265
0.00, 510796
0.00, 509710
0.00, 509078
0.00, 505745
0.00, 503473
0.00, 500926
0.00, 500258
0.00, 498630
0.00, 495546
0.00, 491575
0.00, 485543
0.00, 477433
0.00, 477283
0.00, 467365
0.00, 466265
0.00, 465772
0.00, 465573
0.00, 460109
0.00, 458265
0.00, 443372
0.01, 438010
0.01, 436222
0.01, 427287
0.01, 426259
0.01, 423823
0.01, 422360
0.01, 417730
0.01, 414305
0.01, 401840
0.01, 401031
0.05, 396279
0.06, 396249
0.06, 391180
0.09, 390134
0.09, 388070
0.09, 387199
0.16, 386945
0.17, 384113
0.18, 378845
0.18, 373459
0.21, 372815
0.22, 372152
0.24, 370971
0.24, 370803
0.24, 359346
0.24, 354595
0.24, 354415
0.26, 350721
0.28, 350715
0.29, 349770
0.29, 346919
0.29, 343894
0.29, 329796
0.32, 325639
0.34, 323931
0.34, 322352
0.34, 321129
0.35, 320955
0.36, 319407
0.36, 318179
0.36, 314884
0.36, 313861
0.36, 312432
0.36, 310098
0.36, 308323
0.36, 307559
0.37, 306069
0.39, 305344
0.39, 304958
0.39, 302267
0.39, 301876
0.40, 301542
0.40, 298660
0.40, 297146
0.41, 289655
0.41, 288828
0.41, 288060
0.41, 283264
0.41, 281874
0.41, 280628
0.41, 276436
0.43, 274905
0.44, 273974
0.44, 272681
0.44, 267221
0.44, 265532
0.46, 263647
0.47, 261334
0.47, 259954
0.47, 258293
0.47, 256815
0.47, 256605
0.47, 255095
0.47, 253355
0.47, 251110
0.47, 250782
0.49, 250573
0.49, 246811
0.51, 246340
0.51, 246216
0.51, 243531
0.51, 240401
0.52, 239643
0.52, 239156
0.52, 238714
0.52, 238111
0.52, 237718
0.52, 235270
0.52, 234559
0.52, 234429
0.52, 233461
0.52, 232165
0.53, 232090
0.53, 231419
0.53, 229971
0.53, 229625
0.53, 227855
0.53, 227814
0.53, 227121
0.53, 225579
0.53, 225162
0.53, 223029
0.53, 221327
0.53, 219595
0.53, 218469
0.53, 215525
0.53, 214426
0.53, 212873
0.53, 209125
0.53, 208812
0.53, 206273
0.53, 206106
0.59, 205542
0.59, 199613
0.59, 194887
0.59, 193928
0.59, 191602
0.59, 191499
0.59, 191466
0.60, 190796
0.60, 189201
0.62, 189099
0.62, 189073
0.62, 189034
0.62, 187568
0.62, 185697
0.62, 182594
0.62, 182104
0.63, 181692
0.65, 180984
0.65, 179976
0.65, 179968
0.65, 177806
0.65, 177591
0.65, 177145
0.65, 176451
0.66, 175620
0.66, 175300
0.66, 175106
0.66, 172636
0.66, 172268
0.66, 171750
0.66, 171343
0.68, 170498
0.68, 169651
0.68, 169182
0.68, 168748
0.68, 168090
0.68, 166105
0.68, 165640
0.68, 165134
0.68, 165033
0.68, 164854
0.68, 162954
0.68, 162342
0.68, 161516
0.68, 161106
0.69, 160647
0.69, 160545
0.70, 160196
0.70, 159325
0.70, 159317
0.70, 158604
0.70, 158463
0.70, 157731
0.70, 156538
0.70, 155652
0.70, 153549
0.70, 152799
0.70, 152209
0.72, 152195
0.72, 151289
0.72, 150872
0.72, 149973
0.72, 147725
0.72, 147104
0.72, 147047
0.72, 146809
0.72, 146561
0.72, 145035
0.72, 144815
0.72, 144198
0.72, 142020
0.72, 141386
0.73, 141211
0.73, 140729
0.73, 140531
0.75, 140289
0.75, 140208
0.75, 139528
0.75, 139326
0.75, 138549
0.77, 138103
0.77, 137999
0.77, 137079
0.77, 136962
0.77, 136131
0.77, 134741
0.77, 133059
0.77, 133028
0.77, 131394
0.77, 130199
0.77, 129390
0.77, 128927
0.77, 127759
0.77, 127568
0.77, 127393
0.79, 127390
0.82, 126126
0.82, 125703
0.82, 125517
0.82, 125103
0.82, 122517
0.84, 122291
0.84, 122106
0.84, 120329
0.84, 120089
0.84, 118527
0.84, 117816
0.84, 117230
0.86, 117196
0.88, 116891
0.88, 116888
0.88, 116296
0.88, 115631
0.88, 115596
0.88, 115046
0.88, 113767
0.88, 113325
0.88, 112948
0.93, 112739
0.93, 112647
0.93, 112079
0.93, 111772
0.93, 111100
0.93, 108774
0.93, 108291
0.93, 108241
0.93, 107793
0.93, 107644
0.94, 106914
0.94, 106553
0.96, 106523
0.96, 106393
0.96, 105984
0.96, 105684
0.97, 105291
0.97, 105256
0.97, 105229
0.97, 105022
0.97, 104481
0.97, 104134
0.97, 103929
0.97, 103117
1.10, 102908
1.10, 102737
1.10, 102459
1.10, 102367
1.10, 102314
1.10, 101712
1.11, 101580
1.13, 101544
1.13, 101431
1.19, 101387
1.30, 101378
1.31, 101338
1.32, 101219
1.32, 101166
1.32, 101130
2.56, 100997
2.62, 100860
2.83, 100833
8.18, 100747
14.52, 100743
14.58, 100724
14.58, 100716
