0.02, 569958
0.02, 559285
0.02, 557455
0.02, 553484
0.02, 547381
0.02, 530685
0.02, 525476
0.02, 522342
0.02, 521834
0.02, 496493
0.02, 494932
0.02, 478731
0.02, 469977
0.02, 467883
0.02, 464618
0.02, 454131
0.02, 453155
0.03, 452114
0.03, 451790
0.03, 445924
0.03, 444571
0.03, 442544
0.03, 441343
0.03, 439238
0.03, 438927
0.03, 433981
0.03, 431065
0.03, 429494
0.03, 426106
0.03, 424185
0.04, 415234
0.04, 413652
0.04, 412754
0.04, 406553
0.05, 404635
0.05, 399340
0.09, 394413
0.11, 393597
0.11, 389238
0.11, 389228
0.12, 388178
0.12, 384939
0.12, 384628
0.14, 382467
0.14, 378212
0.16, 377296
0.23, 376919
0.23, 373309
0.23, 371915
0.23, 371553
0.23, 371502
0.24, 368866
0.24, 367794
0.24, 360724
0.24, 356013
0.24, 349727
0.24, 348878
0.24, 348435
0.26, 348212
0.26, 348053
0.30, 342330
0.30, 341116
0.32, 335613
0.32, 333813
0.32, 333379
0.32, 331200
0.32, 324860
0.32, 324233
0.32, 319309
0.32, 318466
0.37, 314644
0.37, 311625
0.38, 308707
0.38, 303816
0.38, 300195
0.38, 299907
0.38, 299749
0.38, 289508
0.42, 285000
0.42, 284551
0.42, 281289
0.42, 280779
0.46, 280602
0.46, 278937
0.46, 278474
0.46, 278348
0.46, 276269
0.46, 274483
0.46, 273664
0.48, 271502
0.49, 263491
0.49, 261720
0.50, 258297
0.50, 256735
0.51, 254381
0.51, 249855
0.51, 249048
0.51, 246749
0.51, 245536
0.53, 245505
0.53, 242614
0.53, 240622
0.53, 238337
0.53, 237846
0.53, 236415
0.53, 233638
0.53, 233305
0.53, 232076
0.53, 229112
0.53, 227612
0.58, 225718
0.58, 225312
0.58, 223033
0.58, 222483
0.58, 220275
0.58, 219899
0.58, 219722
0.58, 219487
0.58, 218414
0.58, 216770
0.58, 215004
0.58, 214047
0.58, 212239
0.58, 212077
0.58, 211935
0.59, 210406
0.59, 209783
0.59, 207770
0.59, 206318
0.59, 205952
0.60, 204725
0.60, 204144
0.60, 202965
0.61, 202578
0.62, 200782
0.62, 199567
0.62, 199179
0.62, 198939
0.62, 198509
0.62, 198431
0.62, 198366
0.62, 196931
0.63, 194958
0.63, 193849
0.63, 193591
0.64, 192007
0.64, 191070
0.64, 190293
0.64, 190082
0.64, 189761
0.64, 188449
0.64, 187491
0.64, 185990
0.64, 185518
0.64, 184614
0.64, 183885
0.64, 183776
0.65, 183557
0.66, 182924
0.66, 182181
0.66, 181332
0.66, 179064
0.66, 176824
0.66, 173282
0.66, 173245
0.66, 172754
0.68, 172173
0.68, 171089
0.68, 166132
0.68, 165525
0.72, 164626
0.72, 163868
0.72, 163558
0.72, 162974
0.72, 161796
0.72, 161733
0.72, 161704
0.73, 160290
0.73, 160081
0.73, 159139
0.73, 158832
0.73, 158690
0.73, 157355
0.73, 156078
0.73, 154653
0.73, 154427
0.73, 153045
0.73, 152808
0.73, 151321
0.73, 150988
0.73, 150280
0.73, 150262
0.73, 150096
0.75, 149062
0.76, 148085
0.76, 147944
0.76, 147873
0.76, 147444
0.76, 146765
0.76, 144992
0.78, 144508
0.78, 144457
0.78, 143431
0.78, 143342
0.78, 142365
0.78, 142356
0.78, 142354
0.78, 141617
0.78, 141428
0.78, 141146
0.78, 140487
0.78, 139317
0.79, 138218
0.79, 136916
0.79, 136424
0.79, 136084
0.79, 135457
0.79, 134582
0.80, 132930
0.80, 132692
0.81, 131915
0.81, 131798
0.81, 130090
0.83, 129853
0.83, 129472
0.83, 129471
0.84, 128307
0.84, 128007
0.85, 127851
0.85, 127732
0.85, 127369
0.85, 127349
0.85, 126847
0.86, 126055
0.86, 125789
0.86, 125484
0.87, 124957
0.87, 124559
0.87, 124397
0.87, 124119
0.87, 123497
0.87, 123475
0.87, 123339
0.87, 123266
0.87, 123265
0.87, 121571
0.87, 121181
0.89, 120395
0.89, 119818
0.89, 119661
0.89, 118818
0.89, 118311
0.89, 118114
0.89, 118080
0.92, 117951
0.92, 117443
0.93, 117420
0.93, 117232
0.93, 116918
0.93, 116886
0.93, 116837
0.93, 116228
0.93, 116192
0.93, 115137
0.93, 114983
0.93, 114890
0.95, 114850
0.96, 114116
0.96, 113943
0.96, 113896
0.96, 113259
0.96, 112866
0.96, 111971
0.96, 111789
0.96, 111645
0.96, 111594
0.98, 111433
0.98, 111069
0.98, 110528
0.98, 109504
0.98, 109461
0.98, 109456
0.99, 109372
0.99, 109328
0.99, 109276
0.99, 109092
0.99, 108818
0.99, 108576
0.99, 108044
0.99, 107191
0.99, 107153
0.99, 107087
0.99, 106677
0.99, 106560
0.99, 106040
0.99, 106004
0.99, 105686
1.00, 105359
1.00, 105351
1.02, 105207
1.02, 105144
1.02, 105090
1.02, 104797
1.05, 103710
1.05, 103558
1.05, 103409
1.07, 103164
1.09, 103083
1.10, 102753
1.10, 102717
1.15, 102546
1.15, 102456
1.15, 102393
1.18, 102107
1.19, 102056
1.19, 101865
1.19, 101421
1.20, 101394
2.80, 101333
2.80, 101327
2.88, 101289
2.89, 101184
2.89, 101176
2.92, 100927
