0.00, 570622
0.00, 566632
0.00, 551547
0.00, 549915
0.00, 537956
0.00, 532290
0.00, 525522
0.00, 523682
0.00, 516103
0.00, 514310
0.00, 512536
0.00, 504398
0.00, 501312
0.00, 497267
0.00, 493639
0.00, 492081
0.00, 488769
0.00, 477344
0.00, 470809
0.00, 468798
0.01, 467468
0.01, 463982
0.01, 462387
0.01, 462238
0.01, 458887
0.01, 458191
0.01, 438427
0.01, 436998
0.01, 430894
0.01, 429968
0.01, 423049
0.03, 422606
0.04, 421680
0.04, 413769
0.04, 412662
0.04, 411126
0.06, 410669
0.07, 409338
0.07, 407485
0.07, 405253
0.07, 404886
0.09, 401968
0.09, 399632
0.09, 399381
0.14, 397784
0.14, 397681
0.14, 395993
0.14, 390322
0.14, 381120
0.14, 379260
0.18, 378471
0.18, 371455
0.21, 370063
0.21, 367488
0.22, 364477
0.22, 364457
0.22, 362906
0.22, 359273
0.22, 358841
0.22, 358705
0.22, 357142
0.22, 356228
0.22, 350882
0.22, 349505
0.22, 348562
0.25, 347945
0.25, 346379
0.25, 341747
0.25, 340006
0.27, 332992
0.27, 331888
0.27, 328936
0.27, 327483
0.30, 327082
0.30, 326312
0.30, 324043
0.30, 319749
0.30, 318707
0.36, 315407
0.36, 315255
0.36, 315168
0.36, 311242
0.36, 310424
0.36, 309345
0.36, 306256
0.36, 302133
0.38, 299975
0.38, 290923
0.41, 282337
0.41, 281509
0.42, 280869
0.42, 279580
0.42, 279174
0.42, 272878
0.42, 270867
0.42, 270115
0.42, 266685
0.42, 264717
0.45, 263817
0.45, 263779
0.45, 260448
0.45, 256266
0.45, 255816
0.45, 255511
0.45, 251101
0.50, 248564
0.52, 248308
0.52, 241385
0.52, 240013
0.52, 238556
0.52, 238271
0.52, 236933
0.52, 235806
0.52, 235099
0.52, 233916
0.52, 231944
0.52, 230105
0.52, 228159
0.52, 226279
0.52, 222313
0.52, 213120
0.52, 212845
0.57, 211535
0.57, 209411
0.57, 208824
0.57, 208131
0.58, 206098
0.58, 205438
0.58, 202258
0.58, 202177
0.58, 199958
0.58, 199704
0.59, 198348
0.59, 198232
0.59, 197941
0.59, 197500
0.59, 197386
0.59, 193801
0.59, 192639
0.59, 191523
0.59, 189396
0.63, 187644
0.63, 187272
0.64, 186978
0.64, 184085
0.64, 182915
0.64, 182479
0.64, 182449
0.64, 182286
0.64, 179107
0.64, 177494
0.64, 177459
0.64, 176953
0.65, 176829
0.65, 174828
0.65, 174712
0.65, 173718
0.66, 173468
0.67, 171832
0.67, 170067
0.68, 169637
0.68, 169123
0.68, 167207
0.68, 165942
0.69, 165824
0.69, 162824
0.69, 159269
0.69, 158588
0.69, 156766
0.69, 156230
0.69, 155576
0.69, 154501
0.69, 154301
0.69, 154071
0.69, 154062
0.69, 153701
0.69, 153482
0.70, 152762
0.70, 152273
0.70, 151821
0.70, 151497
0.70, 150556
0.70, 148449
0.70, 148346
0.70, 148060
0.70, 147564
0.70, 147508
0.70, 144708
0.70, 143788
0.74, 143474
0.74, 141678
0.74, 141660
0.74, 140188
0.74, 139605
0.74, 139277
0.74, 138439
0.76, 137462
0.76, 136919
0.77, 136906
0.77, 136858
0.77, 136838
0.77, 136638
0.77, 136553
0.77, 136534
0.77, 136361
0.77, 135279
0.77, 134333
0.77, 133510
0.77, 132140
0.78, 131785
0.78, 131399
0.78, 129894
0.80, 129062
0.80, 128347
0.80, 127551
0.80, 127479
0.80, 127150
0.80, 127017
0.80, 126964
0.80, 126591
0.80, 126302
0.81, 125404
0.81, 124099
0.81, 123169
0.81, 121685
0.81, 120420
0.81, 119744
0.81, 119266
0.81, 118590
0.81, 117511
0.86, 117446
0.86, 116330
0.86, 115554
0.86, 115147
0.86, 115049
0.86, 114984
0.86, 114617
0.87, 114024
0.87, 113786
0.88, 113046
0.90, 113018
0.91, 112896
0.91, 112751
0.91, 112708
0.91, 111835
0.92, 111639
0.92, 110544
0.92, 110517
0.92, 110106
0.92, 110015
0.92, 109720
0.94, 108982
0.94, 108725
0.94, 108570
0.94, 108293
0.94, 108253
0.94, 108132
0.94, 108069
0.94, 107872
0.94, 107441
0.98, 107071
0.98, 106326
0.98, 106145
0.98, 105046
0.98, 104752
0.98, 104225
0.99, 104168
1.03, 103647
1.03, 103328
1.03, 102245
1.04, 102144
1.17, 102136
1.17, 102135
1.18, 101994
1.18, 101750
1.18, 101723
1.18, 101548
1.24, 101543
1.27, 101431
7.06, 101427
7.15, 101368
7.15, 101360
7.18, 101350
7.24, 101342
8.52, 101248
8.54, 101240
9.94, 101136
9.94, 101128
10.01, 100945
10.02, 100918
10.03, 100899
10.03, 100891
10.04, 100864
