0.00,494390
0.00,488633
0.00,472690
0.00,460865
0.00,446921
0.00,446571
0.00,427826
0.00,422490
0.00,405580
0.00,401207
0.00,389324
0.00,400915
0.00,396634
0.00,395645
0.00,376142
0.00,371257
0.00,358113
0.00,342531
0.00,329468
0.00,327121
0.00,329308
0.00,324218
0.00,322774
0.00,327417
0.00,329923
0.00,315508
0.00,328835
0.00,322141
0.00,316266
0.00,303742
0.00,304109
0.00,306473
0.00,307903
0.00,296474
0.00,295723
0.00,291278
0.00,289617
0.00,278300
0.00,270760
0.00,256550
0.00,258226
0.00,260788
0.00,270645
0.00,271010
0.00,269149
0.00,269376
0.00,260148
0.00,259892
0.00,256783
0.00,256702
0.00,249833
0.00,246644
0.00,245256
0.00,236427
0.00,230402
0.00,232443
0.00,223719
0.00,222222
0.00,222648
0.00,223187
0.00,221096
0.00,223315
0.00,221684
0.00,219087
0.00,221262
0.00,216831
0.00,211353
0.00,206050
0.00,206666
0.00,200197
0.00,195409
0.00,195995
0.00,194600
0.00,191057
0.00,190154
0.00,192102
0.00,193252
0.00,193551
0.00,194166
0.00,189027
0.01,188122
0.01,187021
0.01,193532
0.01,194756
0.01,195104
0.01,191060
0.01,186380
0.01,185481
0.01,185495
0.01,186631
0.01,188850
0.01,190000
0.01,187731
0.01,181581
0.01,180731
0.01,183367
0.01,183727
0.01,181867
0.01,180217
0.01,180708
0.01,179851
0.01,182019
0.01,183714
0.01,180855
0.01,175411
0.01,171919
0.01,170754
0.01,170616
0.01,166949
0.01,168343
0.01,168236
0.01,165314
0.01,163345
0.01,160860
0.01,160020
0.01,159997
0.01,160122
0.01,156655
0.01,156422
0.01,154786
0.01,152710
0.01,159321
0.01,159146
0.01,152625
0.01,156521
0.01,158667
0.01,155777
0.01,156975
0.01,154548
0.01,152940
0.01,152531
0.01,155164
0.01,154301
0.01,152872
0.01,148712
0.01,146418
0.01,145799
0.01,145683
0.01,145381
0.01,144066
0.01,143025
0.01,141293
0.01,140322
0.01,138879
0.01,137521
0.01,136253
0.01,134998
0.01,134890
0.01,138558
0.01,143446
0.01,143297
0.01,139210
0.01,133802
0.01,137060
0.01,136773
0.01,136014
0.01,137484
0.01,137341
0.01,132163
0.01,131086
0.01,129870
0.01,128978
0.01,129622
0.01,131165
0.01,129863
0.01,130514
0.01,130972
0.01,132535
0.01,132435
0.01,133735
0.01,132116
0.01,132207
0.01,133235
0.01,133233
0.01,131099
0.01,130566
0.01,128018
0.01,132563
0.01,134081
0.01,134445
0.01,135135
0.01,133581
0.01,132708
0.01,129765
0.01,127472
0.01,128408
0.01,131249
0.01,132745
0.01,133387
0.01,131877
0.01,131308
0.01,132418
0.01,132409
0.01,130614
0.01,128741
0.01,127535
0.01,128095
0.01,128105
0.01,125944
0.01,124809
0.01,125390
0.01,126321
0.01,123824
0.01,122891
0.01,125599
0.01,131050
0.01,134684
0.01,139933
0.01,142184
0.01,135711
0.01,133874
0.01,131598
0.01,136111
0.01,134825
0.01,131607
0.01,127803
0.01,130251
0.01,130293
0.01,129320
0.01,130584
0.01,135037
0.01,136215
0.01,137423
0.01,139137
0.01,139957
0.01,134924
0.01,133942
0.01,134147
0.01,136575
0.01,130260
0.01,131446
0.01,128676
0.01,128138
0.01,130047
0.01,130101
0.01,130719
0.01,128287
0.01,126737
0.01,124263
0.01,123990
0.01,123626
0.01,124261
0.01,130636
0.01,131286
0.01,133554
0.01,138058
0.01,134204
0.01,134291
0.01,131639
0.01,133148
0.01,131975
0.01,130217
0.01,127776
0.01,129400
0.01,127933
0.01,127594
0.01,128632
0.01,132429
0.01,133303
0.01,136036
0.01,137695
0.01,136816
0.01,135578
0.01,136749
0.01,135175
0.01,136361
0.01,131369
0.01,132123
0.01,129426
0.01,129312
0.01,129949
0.01,129971
0.01,129862
0.01,128873
0.01,128220
0.01,125229
0.01,124211
0.01,122203
0.01,124387
0.01,124979
0.01,125006
0.01,122313
0.01,121667
0.01,121166
0.01,124956
0.01,123091
0.01,120973
0.01,120142
0.01,119297
0.01,118513
0.01,117739
0.01,117007
0.01,116588
0.01,116021
0.01,116250
0.01,115476
0.01,116598
0.01,118824
0.01,119844
0.01,119427
0.01,120617
0.01,121548
0.01,121849
0.01,122726
0.01,121522
0.01,122283
0.01,119157
0.01,116608
0.01,116527
0.01,115000
0.01,114376
0.01,114012
0.01,117820
0.01,116118
0.01,121677
0.01,123075
0.01,124878
0.01,126504
0.01,124627
0.01,124842
0.01,122751
0.01,124815
0.01,123260
0.01,119438
0.01,119265
0.01,120383
0.01,120121
0.01,119227
0.01,119741
0.01,121467
0.01,120959
0.01,123339
0.01,123224
0.01,120658
0.01,118714
0.01,121247
0.01,120594
0.01,122464
0.01,120482
0.01,122687
0.01,120371
0.01,122123
0.01,121019
0.01,121523
0.01,124063
0.01,125038
0.01,121610
0.01,119264
0.01,118120
0.01,116365
0.01,115082
0.01,113275
0.01,114195
0.01,119148
0.01,114898
0.01,113044
0.01,116675
0.01,113772
0.01,112200
0.01,112412
0.01,113036
0.01,114604
0.01,116476
0.01,115624
0.01,116312
0.01,117969
0.01,119185
0.01,119345
0.01,119069
0.01,119847
0.01,116743
0.01,115441
0.01,113531
0.01,113819
0.01,111981
0.01,111813
0.01,111664
0.01,111279
0.01,111243
0.01,111393
0.01,110166
