0.00, 546841
0.00, 538921
0.00, 535543
0.00, 531418
0.00, 526825
0.00, 523069
0.00, 518779
0.00, 516140
0.00, 515276
0.00, 506949
0.00, 506352
0.00, 500203
0.00, 499295
0.00, 496138
0.00, 493572
0.00, 491229
0.00, 486009
0.00, 484962
0.00, 484547
0.00, 478947
0.00, 478941
0.00, 464351
0.00, 456731
0.01, 453571
0.01, 446489
0.01, 443051
0.01, 441801
0.01, 436173
0.02, 435557
0.02, 430588
0.02, 429598
0.02, 423527
0.04, 422901
0.04, 419623
0.04, 418867
0.05, 415589
0.05, 411099
0.05, 406629
0.05, 400928
0.05, 399903
0.05, 395332
0.12, 385096
0.15, 384025
0.15, 374851
0.20, 372562
0.20, 372075
0.20, 368197
0.21, 367809
0.21, 367471
0.23, 364845
0.23, 363874
0.23, 363079
0.24, 358573
0.24, 358481
0.24, 356058
0.24, 352496
0.25, 349282
0.25, 343750
0.25, 339920
0.29, 335791
0.29, 335543
0.29, 326645
0.30, 325220
0.30, 322088
0.30, 320702
0.30, 316273
0.30, 315502
0.30, 315169
0.31, 313392
0.34, 311713
0.35, 311525
0.37, 311275
0.37, 310655
0.37, 309908
0.37, 309714
0.37, 309120
0.37, 306461
0.37, 301471
0.37, 297714
0.37, 297442
0.37, 293797
0.37, 291587
0.37, 289369
0.38, 289270
0.38, 288367
0.38, 284800
0.38, 284706
0.38, 283565
0.39, 282644
0.41, 280212
0.41, 278423
0.41, 277156
0.41, 276673
0.41, 275164
0.41, 272841
0.41, 272640
0.44, 270695
0.44, 269861
0.44, 269829
0.44, 267718
0.44, 267529
0.44, 266417
0.47, 263991
0.47, 261681
0.47, 259637
0.47, 258362
0.47, 255991
0.47, 253348
0.47, 250147
0.48, 249596
0.48, 248979
0.48, 248648
0.48, 247479
0.48, 243876
0.48, 242598
0.48, 242481
0.51, 240327
0.51, 235503
0.51, 235349
0.51, 234231
0.51, 234163
0.51, 234024
0.51, 232985
0.51, 230588
0.51, 230243
0.53, 227802
0.53, 224501
0.53, 222343
0.53, 220282
0.53, 218563
0.53, 217388
0.56, 216366
0.56, 214353
0.56, 212830
0.56, 211433
0.56, 208838
0.56, 208381
0.56, 208232
0.56, 208029
0.56, 207263
0.56, 205837
0.56, 205575
0.56, 205270
0.56, 204962
0.56, 204144
0.56, 204078
0.56, 203484
0.56, 202753
0.56, 201911
0.56, 201551
0.56, 201117
0.56, 199894
0.56, 199800
0.56, 199280
0.56, 198427
0.56, 196681
0.56, 195460
0.56, 192109
0.56, 191387
0.56, 190709
0.56, 190288
0.59, 189314
0.59, 187948
0.60, 186694
0.60, 184029
0.60, 183290
0.60, 181655
0.60, 181567
0.60, 181408
0.60, 180448
0.60, 179566
0.60, 179083
0.64, 176607
0.64, 176524
0.64, 173921
0.64, 173815
0.66, 173788
0.66, 173349
0.66, 173329
0.66, 171367
0.67, 170867
0.67, 170862
0.67, 170817
0.67, 170330
0.67, 169195
0.67, 168740
0.67, 166531
0.67, 165126
0.67, 164076
0.68, 163876
0.68, 163389
0.68, 163313
0.68, 160972
0.69, 159231
0.69, 158999
0.69, 156645
0.69, 155859
0.69, 155476
0.69, 153779
0.71, 153770
0.71, 153471
0.71, 152603
0.71, 152269
0.71, 151708
0.71, 150313
0.71, 149194
0.71, 148605
0.71, 148531
0.71, 148097
0.71, 147067
0.73, 146675
0.73, 146484
0.75, 146439
0.75, 144209
0.75, 143901
0.75, 142964
0.75, 142863
0.75, 142513
0.75, 140933
0.75, 140502
0.75, 140492
0.77, 139523
0.77, 138945
0.77, 138912
0.78, 136689
0.79, 136358
0.79, 136282
0.79, 134931
0.79, 134883
0.79, 134632
0.79, 133988
0.79, 133114
0.79, 133049
0.79, 132111
0.79, 129639
0.79, 129313
0.79, 128943
0.79, 126976
0.80, 126191
0.80, 126026
0.80, 124559
0.80, 122192
0.80, 121649
0.80, 121038
0.81, 120505
0.85, 120373
0.85, 120344
0.85, 118360
0.85, 117586
0.85, 117304
0.86, 117146
0.86, 117107
0.86, 116698
0.86, 116469
0.86, 115779
0.86, 115541
0.86, 114801
0.86, 114616
0.86, 114339
0.86, 113970
0.89, 113950
0.89, 113576
0.91, 113508
0.91, 111249
0.91, 111073
0.91, 110728
0.91, 109346
0.93, 109268
0.93, 109088
0.93, 108693
0.93, 108101
0.94, 106238
0.94, 105553
0.94, 104954
1.02, 104772
1.08, 104673
1.08, 104458
1.08, 104395
1.08, 104360
1.08, 104118
1.08, 104117
1.08, 104116
1.08, 103895
1.09, 103566
1.09, 103509
1.09, 103023
1.09, 102978
1.09, 102977
1.10, 102756
1.10, 102748
1.12, 102698
1.12, 102671
1.14, 102450
1.15, 102442
1.16, 102405
1.16, 102397
1.21, 102307
1.23, 102278
1.23, 102270
2.65, 102121
2.65, 101940
2.65, 101762
2.65, 101651
2.66, 101478
2.66, 101270
2.66, 101157
2.72, 101075
2.72, 100669
2.74, 100642
4.30, 100623
4.30, 100615
10.10, 100466
10.10, 100458
10.15, 100439
10.15, 100431
