0.00, 564763
0.00, 549862
0.00, 548694
0.00, 526327
0.00, 518262
0.00, 510307
0.00, 508355
0.00, 502911
0.00, 500803
0.00, 497023
0.00, 494037
0.00, 489186
0.00, 488707
0.00, 482160
0.00, 477590
0.01, 476344
0.01, 476296
0.01, 471446
0.01, 463801
0.01, 460991
0.01, 460339
0.01, 456618
0.01, 450573
0.01, 450374
0.01, 444179
0.01, 442409
0.01, 442116
0.01, 441290
0.01, 439963
0.01, 438089
0.01, 436209
0.01, 432529
0.01, 430425
0.01, 427494
0.01, 424192
0.01, 416768
0.04, 412403
0.04, 410690
0.04, 410433
0.04, 409101
0.08, 408861
0.08, 405554
0.08, 404282
0.08, 394876
0.08, 392449
0.10, 390295
0.15, 383784
0.15, 382937
0.15, 377564
0.15, 373426
0.15, 372621
0.15, 372460
0.15, 370788
0.15, 369165
0.15, 368838
0.15, 356050
0.15, 356010
0.27, 348680
0.27, 347307
0.27, 344448
0.27, 339887
0.30, 338307
0.30, 336970
0.30, 330487
0.33, 328368
0.33, 328303
0.33, 326461
0.33, 325443
0.33, 325320
0.33, 325249
0.34, 324113
0.34, 323821
0.34, 322772
0.34, 320348
0.34, 316567
0.34, 314758
0.34, 311896
0.34, 304720
0.34, 298907
0.34, 294174
0.34, 284969
0.34, 284148
0.34, 284058
0.41, 281754
0.41, 279786
0.41, 278948
0.41, 270812
0.42, 270393
0.42, 267507
0.42, 267203
0.42, 265181
0.44, 263316
0.44, 262590
0.47, 262174
0.48, 259210
0.48, 258350
0.49, 258241
0.49, 254985
0.49, 249240
0.49, 248370
0.51, 248161
0.51, 248133
0.51, 247529
0.51, 244723
0.51, 243141
0.51, 238849
0.51, 235525
0.51, 232950
0.51, 232701
0.51, 231802
0.51, 228152
0.51, 225704
0.51, 224846
0.51, 223700
0.51, 221528
0.51, 219970
0.51, 219520
0.55, 219256
0.55, 218802
0.55, 218352
0.55, 216982
0.55, 216354
0.55, 216207
0.55, 215027
0.55, 212446
0.55, 209405
0.55, 203067
0.58, 202215
0.58, 201411
0.58, 200372
0.59, 196746
0.60, 195567
0.60, 193751
0.60, 193731
0.60, 193534
0.61, 193275
0.61, 191517
0.62, 190121
0.63, 186898
0.63, 185637
0.63, 185633
0.63, 184859
0.63, 184549
0.63, 182575
0.63, 181811
0.63, 180830
0.63, 180789
0.63, 179499
0.63, 179247
0.63, 178908
0.63, 178859
0.65, 178092
0.65, 176788
0.66, 176720
0.66, 175677
0.66, 175550
0.66, 169208
0.66, 167961
0.66, 166872
0.66, 165511
0.66, 165426
0.66, 163478
0.66, 163021
0.66, 161261
0.66, 160688
0.69, 159441
0.69, 158902
0.71, 158875
0.71, 157839
0.71, 157661
0.72, 156804
0.72, 155422
0.72, 154655
0.72, 154340
0.72, 153988
0.72, 152829
0.72, 152367
0.72, 152092
0.72, 151980
0.72, 150148
0.72, 149960
0.72, 149571
0.72, 149485
0.72, 148782
0.72, 148064
0.72, 147640
0.72, 147218
0.72, 146861
0.74, 145701
0.74, 144898
0.74, 144746
0.74, 144639
0.75, 143190
0.75, 143148
0.75, 142477
0.75, 142061
0.75, 142060
0.76, 140268
0.76, 139997
0.76, 139152
0.76, 139128
0.76, 139072
0.76, 138463
0.76, 137639
0.76, 136907
0.76, 136811
0.76, 136556
0.76, 135866
0.77, 134977
0.77, 132475
0.77, 132117
0.77, 131543
0.77, 131358
0.77, 131035
0.77, 130480
0.80, 130380
0.80, 129492
0.80, 128710
0.80, 128440
0.80, 128194
0.80, 128043
0.80, 127940
0.80, 127284
0.80, 127226
0.80, 126848
0.80, 126341
0.80, 126050
0.80, 125768
0.80, 124921
0.81, 124849
0.81, 124767
0.81, 123488
0.81, 122966
0.81, 122080
0.81, 120986
0.87, 120719
0.87, 120689
0.87, 120679
0.87, 120555
0.87, 120539
0.87, 119757
0.88, 119293
0.88, 118559
0.88, 118288
0.88, 117595
0.88, 116895
0.88, 116313
0.88, 115736
0.88, 114281
0.88, 113779
0.88, 112886
0.88, 112780
0.88, 111919
0.88, 111533
0.92, 109516
0.94, 109296
0.96, 108873
0.96, 107859
0.97, 107633
0.97, 107212
0.97, 107179
0.97, 107133
0.97, 106580
0.97, 106542
0.97, 106535
0.97, 106348
0.97, 106328
0.97, 105100
0.97, 104292
0.97, 104133
0.97, 103983
0.98, 103936
0.98, 103390
0.98, 103237
0.98, 103226
1.03, 103030
1.04, 102935
1.06, 102363
1.06, 102360
1.06, 102349
1.15, 102240
1.20, 102233
1.23, 102231
1.23, 102154
1.23, 102119
1.23, 102083
1.28, 102069
1.28, 102053
1.30, 102002
1.30, 101984
1.31, 101968
1.31, 101948
2.52, 101933
2.53, 101847
2.53, 101839
2.53, 101641
2.54, 101569
2.54, 101104
2.54, 101012
2.54, 100837
2.54, 100716
7.56, 100669
7.57, 100642
7.58, 100623
7.60, 100615
