0.00,483194
0.00,455219
0.00,452479
0.00,433365
0.00,414927
0.00,396013
0.00,377150
0.00,358206
0.00,361847
0.00,360409
0.00,354416
0.00,343436
0.00,352259
0.00,329514
0.00,319923
0.00,312816
0.00,303554
0.00,292853
0.00,295272
0.00,293262
0.00,295791
0.00,297278
0.00,292596
0.00,291563
0.00,301241
0.00,285210
0.00,293617
0.00,296435
0.00,293285
0.00,289038
0.00,299000
0.00,299524
0.00,301554
0.00,296033
0.00,289690
0.00,281865
0.00,280225
0.00,274739
0.00,275725
0.00,276082
0.00,272003
0.00,268226
0.00,265581
0.00,259638
0.00,257160
0.00,251318
0.00,248661
0.00,247130
0.00,246011
0.00,246055
0.00,250061
0.00,245880
0.00,248734
0.00,238634
0.00,237606
0.00,241710
0.00,238802
0.00,232212
0.00,225434
0.00,232178
0.00,241683
0.00,238837
0.00,234308
0.00,234621
0.00,229519
0.00,227754
0.00,227386
0.00,230462
0.00,232715
0.00,233240
0.00,233375
0.00,232466
0.00,229585
0.00,227582
0.00,233793
0.00,229086
0.00,234763
0.00,239627
0.00,241064
0.00,237834
0.00,228432
0.00,219476
0.01,215641
0.01,216970
0.01,228409
0.01,237673
0.01,237711
0.01,231804
0.01,235059
0.01,230052
0.01,227107
0.01,225071
0.01,218740
0.01,218789
0.01,215792
0.01,213336
0.01,215478
0.01,208406
0.01,205736
0.01,208764
0.01,209407
0.01,208837
0.01,204210
0.01,199163
0.01,199985
0.01,203075
0.01,200600
0.01,196027
0.01,195622
0.01,195232
0.01,199781
0.01,198452
0.01,199651
0.01,193644
0.01,198169
0.01,196870
0.01,190950
0.01,186740
0.01,186168
0.01,180593
0.01,180089
0.01,176451
0.01,172751
0.01,173882
0.01,177240
0.01,174788
0.01,173654
0.01,173369
0.01,172219
0.01,177250
0.01,178007
0.01,172373
0.01,173360
0.01,171012
0.01,170812
0.01,172005
0.01,172168
0.01,169895
0.01,172481
0.01,172625
0.01,175844
0.01,175986
0.01,170458
0.01,165514
0.01,162526
0.01,161139
0.01,161326
0.01,162813
0.01,165113
0.01,164006
0.01,161464
0.01,155944
0.01,156163
0.01,153880
0.01,153772
0.01,151439
0.01,148907
0.01,146867
0.01,153626
0.01,147345
0.01,144838
0.01,142433
0.01,140523
0.01,144535
0.01,146873
0.01,148017
0.01,142504
0.01,146711
0.01,152128
0.01,146107
0.01,148254
0.01,146004
0.01,145090
0.01,159858
0.01,160605
0.01,163487
0.01,158966
0.01,152807
0.01,148772
0.01,146859
0.01,140726
0.01,139563
0.01,141538
0.01,137335
0.01,137999
0.01,135140
0.01,134739
0.01,134209
0.01,132723
0.01,135290
0.01,142555
0.01,148076
0.01,146783
0.01,143513
0.01,139998
0.01,138029
0.01,137219
0.01,136619
0.01,136464
0.01,132424
0.01,135890
0.01,135536
0.01,130457
0.01,128786
0.01,127458
0.01,126138
0.01,124864
0.01,123651
0.01,124804
0.01,127361
0.01,129437
0.01,129153
0.01,132727
0.01,133761
0.01,133038
0.01,136044
0.01,139103
0.01,137098
0.01,136325
0.01,134665
0.01,136360
0.01,134793
0.01,132692
0.01,131777
0.01,131247
0.01,128643
0.01,122228
0.01,123352
0.01,121717
0.01,120520
0.01,123116
0.01,120886
0.01,122155
0.01,120877
0.01,119614
0.01,118436
0.01,117553
0.01,116691
0.01,119048
0.01,118587
0.01,116375
0.01,118634
0.01,117185
0.01,117470
0.01,114795
0.01,115589
0.01,112906
0.01,112813
0.01,111789
0.01,111756
0.01,114951
0.01,119673
0.01,121587
0.01,121853
0.01,121561
0.01,124455
0.01,123295
0.01,125021
0.01,125495
0.01,124764
0.01,123934
0.01,123931
0.01,123675
0.01,122090
0.01,118429
0.01,119144
0.01,116425
0.01,114969
0.01,113622
0.01,110823
0.01,110358
0.01,109911
0.01,109502
0.01,109151
0.01,108857
0.01,108413
0.01,108165
0.01,107880
0.01,107651
0.01,107483
0.01,107420
0.01,107229
