0.00, 576558
0.00, 575272
0.00, 564047
0.00, 563599
0.00, 562795
0.00, 562609
0.00, 560255
0.00, 558407
0.00, 553805
0.00, 538245
0.00, 532216
0.00, 528780
0.00, 522227
0.00, 521089
0.00, 513252
0.00, 511599
0.00, 509312
0.00, 508045
0.00, 504352
0.00, 499699
0.00, 498215
0.00, 493356
0.00, 488522
0.00, 486157
0.00, 481455
0.00, 464459
0.01, 453329
0.01, 447452
0.01, 445921
0.01, 439622
0.02, 435590
0.02, 433594
0.02, 431529
0.02, 430538
0.02, 430184
0.02, 421680
0.02, 418237
0.04, 416571
0.04, 413934
0.04, 410381
0.05, 406317
0.07, 403151
0.07, 400342
0.09, 399396
0.09, 394875
0.12, 390143
0.12, 384308
0.12, 379816
0.13, 376853
0.16, 372198
0.16, 371386
0.16, 370541
0.23, 367049
0.23, 366932
0.23, 359399
0.24, 355631
0.24, 352916
0.26, 352608
0.27, 351951
0.28, 350690
0.28, 349543
0.28, 347921
0.28, 347174
0.28, 346331
0.28, 343229
0.28, 339769
0.32, 338995
0.32, 338630
0.32, 334423
0.32, 326246
0.34, 323182
0.34, 319379
0.35, 317734
0.35, 308368
0.35, 307494
0.35, 303591
0.38, 301924
0.38, 300203
0.38, 296983
0.38, 296158
0.40, 295948
0.40, 294628
0.40, 292882
0.40, 290896
0.40, 288731
0.40, 288220
0.41, 288084
0.42, 287108
0.43, 283743
0.43, 282098
0.43, 280902
0.43, 279244
0.43, 278796
0.43, 276031
0.43, 273463
0.43, 269882
0.43, 269119
0.43, 268199
0.44, 263497
0.44, 263126
0.44, 262134
0.46, 260253
0.46, 260008
0.46, 257191
0.46, 256566
0.46, 256500
0.46, 255296
0.46, 254019
0.46, 253356
0.49, 252849
0.49, 250230
0.49, 249507
0.49, 249116
0.49, 247253
0.49, 246005
0.49, 245982
0.49, 241809
0.49, 238223
0.49, 238063
0.49, 236949
0.49, 235944
0.53, 235729
0.53, 234339
0.53, 234282
0.53, 233906
0.53, 227904
0.53, 227217
0.53, 227009
0.53, 226317
0.53, 223594
0.53, 222975
0.53, 218189
0.53, 216335
0.53, 215775
0.53, 215214
0.53, 214331
0.56, 213167
0.58, 210802
0.58, 210721
0.58, 207960
0.58, 205228
0.58, 204833
0.58, 204638
0.58, 204599
0.58, 204207
0.58, 203514
0.58, 202495
0.59, 202334
0.59, 202250
0.59, 201854
0.59, 201468
0.59, 199347
0.59, 198612
0.59, 196501
0.59, 194451
0.59, 194316
0.59, 192181
0.59, 190183
0.59, 186904
0.61, 186073
0.61, 186062
0.61, 183566
0.63, 183197
0.63, 181309
0.64, 180761
0.65, 180734
0.65, 180265
0.65, 178559
0.66, 178135
0.66, 177759
0.66, 177410
0.66, 175885
0.66, 174741
0.66, 174266
0.66, 173759
0.66, 173257
0.66, 171213
0.66, 171040
0.66, 170907
0.66, 170579
0.66, 169946
0.66, 164016
0.66, 163428
0.66, 163312
0.66, 163124
0.66, 162360
0.66, 161779
0.66, 161502
0.66, 161361
0.66, 160087
0.66, 158755
0.66, 157692
0.66, 157411
0.72, 153852
0.74, 152539
0.74, 151849
0.74, 150916
0.74, 149758
0.74, 148823
0.74, 147678
0.74, 146723
0.74, 145889
0.74, 145586
0.74, 144365
0.74, 143340
0.74, 142600
0.74, 142284
0.75, 142223
0.75, 141185
0.75, 140552
0.75, 139829
0.77, 138679
0.79, 138081
0.80, 137156
0.80, 136545
0.80, 136174
0.80, 135260
0.80, 134673
0.80, 133880
0.80, 133321
0.83, 133229
0.83, 132607
0.83, 132302
0.83, 131473
0.83, 128255
0.83, 128083
0.83, 127451
0.83, 127265
0.83, 124360
0.83, 124289
0.83, 124104
0.84, 123714
0.84, 122656
0.84, 122542
0.84, 121839
0.84, 120622
0.84, 120317
0.84, 118549
0.84, 118365
0.84, 117885
0.87, 117768
0.87, 117216
0.87, 116565
0.89, 115866
0.89, 115388
0.89, 115010
0.89, 115001
0.89, 114694
0.89, 114677
0.89, 114343
0.89, 113609
0.89, 113043
0.89, 112505
0.89, 112449
0.89, 112194
0.90, 111573
0.90, 111515
0.90, 111221
0.90, 111073
0.91, 110720
0.92, 110628
0.92, 110591
0.92, 110296
0.92, 109629
0.92, 109494
0.94, 108610
0.94, 108523
0.94, 108205
0.95, 108090
0.95, 108013
0.95, 107376
0.95, 107303
0.95, 106545
0.96, 106161
0.96, 106134
0.96, 105993
0.98, 105733
0.98, 105603
0.98, 105081
0.99, 104967
0.99, 104840
0.99, 104748
0.99, 104237
0.99, 104045
0.99, 103671
1.00, 103322
1.00, 102547
1.09, 102337
1.10, 102144
1.10, 102089
1.10, 102032
1.10, 101738
1.11, 101734
1.11, 101557
1.12, 101491
1.12, 101485
1.14, 101410
1.14, 101261
1.17, 101236
1.17, 101229
1.17, 101202
1.17, 101031
1.18, 100789
1.20, 100766
1.20, 100623
1.21, 100615
