0.00,533824
0.00,512473
0.00,500769
0.00,475419
0.00,469426
0.00,452489
0.00,453670
0.00,444396
0.00,428286
0.00,404320
0.00,387929
0.00,386961
0.00,380121
0.00,382815
0.00,364246
0.00,354758
0.00,353486
0.00,341462
0.00,335310
0.00,334265
0.00,329472
0.00,323737
0.00,318267
0.00,315456
0.00,330178
0.00,314348
0.00,318351
0.00,328580
0.00,322630
0.00,321150
0.00,312603
0.00,301555
0.00,302395
0.00,289161
0.00,286641
0.00,288160
0.00,283554
0.00,281629
0.00,271036
0.00,269622
0.00,260805
0.00,259784
0.00,256300
0.00,258409
0.00,263923
0.00,256383
0.00,267563
0.00,263604
0.00,269014
0.00,259169
0.00,255686
0.00,270805
0.00,259932
0.00,263755
0.00,260205
0.00,249991
0.00,252071
0.00,256682
0.00,252906
0.00,251773
0.00,243707
0.00,246497
0.00,244069
0.00,251647
0.00,245872
0.00,247836
0.00,254394
0.00,251020
0.00,261049
0.00,254432
0.00,249680
0.00,256143
0.00,252036
0.00,252615
0.00,243095
0.00,243610
0.00,244975
0.00,251448
0.00,245728
0.00,244568
0.01,237205
0.01,232718
0.01,226005
0.01,230938
0.01,225255
0.01,223900
0.01,218061
0.01,212589
0.01,207159
0.01,205111
0.01,206110
0.01,200543
0.01,203605
0.01,202122
0.01,196008
0.01,196827
0.01,195657
0.01,197197
0.01,192504
0.01,193879
0.01,193821
0.01,195913
0.01,191224
0.01,191826
0.01,191891
0.01,192990
0.01,195186
0.01,199371
0.01,204282
0.01,203223
0.01,210179
0.01,198652
0.01,193049
0.01,194740
0.01,195597
0.01,197606
0.01,193543
0.01,200753
0.01,202324
0.01,210128
0.01,213437
0.01,208375
0.01,209743
0.01,200473
0.01,196853
0.01,201082
0.01,201462
0.01,194487
0.01,185510
0.01,183866
0.01,185552
0.01,178363
0.01,173015
0.01,173826
0.01,176252
0.01,176416
0.01,176652
0.01,169487
0.01,173702
0.01,175940
0.01,172022
0.01,175620
0.01,175463
0.01,173850
0.01,180485
0.01,182516
0.01,183969
0.01,182698
0.01,178103
0.01,176940
0.01,170743
0.01,168412
0.01,165350
0.01,163357
0.01,158408
0.01,155514
0.01,157087
0.01,152640
0.01,154767
0.01,150165
0.01,148635
0.01,146303
0.01,144021
0.01,142317
0.01,146005
0.01,145198
0.01,144747
0.01,142152
0.01,140400
0.01,147996
0.01,146757
0.01,152848
0.01,156929
0.01,158420
0.01,154470
0.01,152357
0.01,150695
0.01,149221
0.01,154140
0.01,156969
0.01,151997
0.01,151279
0.01,145594
0.01,149280
0.01,148866
0.01,149997
0.01,150958
0.01,150537
0.01,154027
0.01,148262
0.01,145816
0.01,149045
0.01,145901
0.01,139256
0.01,138825
0.01,135187
0.01,132232
0.01,130526
0.01,131651
0.01,129841
0.01,129999
0.01,130536
0.01,132547
0.01,133997
0.01,141380
0.01,144581
0.01,137642
0.01,136223
0.01,137551
0.01,136166
0.01,134404
0.01,128559
0.01,128725
0.01,126954
0.01,125738
0.01,126605
0.01,125529
0.01,125949
0.01,123981
0.01,122896
0.01,122681
0.01,121714
0.01,124580
0.01,126987
0.01,126562
0.01,131197
0.01,128413
0.01,126480
0.01,125430
0.01,123640
0.01,126641
0.01,128630
0.01,124771
0.01,122387
0.01,123584
0.01,126931
0.01,128500
0.01,126315
0.01,123184
0.01,127825
0.01,127696
0.01,124198
0.01,123114
0.01,125938
0.01,129328
0.01,130885
0.01,126372
0.01,121997
0.01,122178
0.01,132844
0.01,136045
0.01,129106
0.01,129968
0.01,128943
0.01,126730
0.01,125868
0.01,120023
0.01,127722
0.01,129705
0.01,131409
0.01,132869
0.01,126482
0.01,124918
0.01,125457
0.01,117553
0.01,116315
0.01,116479
0.01,116501
0.01,115098
0.01,116719
0.01,114260
0.01,113484
0.01,112781
0.01,112144
0.01,111542
0.01,110943
0.01,111008
0.01,110428
0.01,109950
0.01,110245
0.01,111456
0.01,112290
0.01,112873
0.01,114483
0.01,116482
0.01,118505
0.01,120802
0.01,125776
0.01,130010
0.01,122448
0.01,126307
0.01,133525
0.01,131875
0.01,132373
0.01,135509
0.01,134584
0.01,134287
0.01,131486
0.01,135123
0.01,136975
0.01,137972
0.01,136102
0.01,126529
0.01,125099
0.01,122545
0.01,123941
0.01,126203
0.01,123053
0.01,118037
0.01,113350
0.01,113300
0.01,115477
0.01,113003
0.01,109741
0.01,109121
0.01,110140
0.01,111310
0.01,110188
0.01,110118
0.01,112199
0.01,115080
0.01,118306
0.01,124313
0.01,126342
0.01,121323
0.01,125767
0.01,130736
0.01,129999
0.01,131829
0.01,134235
0.01,133661
0.01,133189
0.01,130235
0.01,134504
0.01,136091
0.01,138073
0.01,137902
0.01,127857
0.01,125002
0.01,124616
0.01,125896
0.01,126187
0.01,124772
0.01,119511
0.01,113376
0.01,110797
0.01,112188
0.01,112667
0.01,113479
0.01,108474
0.01,107974
0.01,107608
0.01,107237
0.01,106758
0.01,106436
0.01,106177
0.01,107097
0.01,112587
0.01,115294
0.01,105946
0.01,109922
0.01,112694
0.01,106956
0.01,105102
0.01,104989
