0.00,564752
0.00,524327
0.00,508434
0.00,490802
0.00,457338
0.00,458512
0.00,441885
0.00,420647
0.00,402172
0.00,392860
0.00,403729
0.00,387589
0.00,376966
0.00,373965
0.00,370137
0.00,371012
0.00,357766
0.00,355133
0.00,342506
0.00,336757
0.00,336971
0.00,330317
0.00,332975
0.00,343844
0.00,341392
0.00,339671
0.00,329194
0.00,330776
0.00,332449
0.00,341826
0.00,338458
0.00,325719
0.00,327212
0.00,320338
0.00,310368
0.00,313879
0.00,316989
0.00,310895
0.00,313467
0.00,310039
0.00,308605
0.00,317207
0.00,320236
0.00,312199
0.00,310060
0.00,305724
0.00,295979
0.00,300508
0.00,307181
0.00,305275
0.00,289864
0.00,287805
0.00,278285
0.00,277428
0.00,270849
0.00,273689
0.00,265139
0.01,260488
0.01,260375
0.01,264884
0.01,257767
0.01,254048
0.01,250370
0.01,246227
0.01,244703
0.01,241847
0.01,242268
0.01,242354
0.01,238755
0.01,232972
0.01,235271
0.01,228684
0.01,226969
0.01,235338
0.01,235863
0.01,237195
0.01,231610
0.01,229433
0.01,227413
0.01,222611
0.01,228360
0.01,222667
0.01,225059
0.01,228976
0.01,226717
0.01,223688
0.01,224312
0.01,216705
0.01,219115
0.01,222173
0.01,222962
0.01,217053
0.01,212839
0.01,212531
0.01,208515
0.01,209474
0.01,209293
0.01,212619
0.01,206354
0.01,205978
0.01,199929
0.01,198271
0.01,195808
0.01,194458
0.01,194656
0.01,198389
0.01,196469
0.01,197892
0.01,198091
0.01,201572
0.01,203496
0.01,207011
0.01,199491
0.01,201944
0.01,201236
0.01,207779
0.01,203669
0.01,202376
0.01,197730
0.01,198227
0.01,187742
0.01,185500
0.01,183128
0.01,181050
0.01,181558
0.01,177595
0.01,174558
0.01,174401
0.01,175824
0.01,178048
0.01,177213
0.01,170619
0.01,169702
0.01,167440
0.01,170878
0.01,175724
0.01,176389
0.01,178162
0.01,182992
0.01,187889
0.01,182728
0.01,177033
0.01,176252
0.01,181511
0.01,188179
0.01,188198
0.01,183996
0.01,178582
0.01,177758
0.01,168214
0.01,166703
0.01,165785
0.01,158639
0.01,164022
0.01,157588
0.01,158265
0.01,158481
0.01,154274
0.01,157619
0.01,157665
0.01,159057
0.01,165514
0.01,164839
0.01,165030
0.01,160685
0.01,165673
0.01,167494
0.01,168521
0.01,163937
0.01,165802
0.01,173432
0.01,171169
0.01,169215
0.01,172285
0.01,162779
0.01,157728
0.01,154907
0.01,154226
0.01,152537
0.01,149464
0.01,148729
0.01,156450
0.01,157815
0.01,156436
0.01,150659
0.01,148313
0.01,147802
0.01,148391
0.01,145477
0.01,150975
0.01,153122
0.01,158273
0.01,166156
0.01,161856
0.01,161693
0.01,161106
0.01,152656
0.01,153398
0.01,153903
0.01,155969
0.01,155876
0.01,159688
0.01,165831
0.01,168071
0.01,167773
0.01,166381
0.01,168918
0.01,166099
0.01,163413
0.01,161115
0.01,156856
0.01,152154
0.01,151992
0.01,151587
0.01,151835
0.01,151582
0.01,151379
0.01,147490
0.01,143393
0.01,142648
0.01,142427
0.01,140249
0.01,138096
0.01,135980
0.01,137855
0.01,138322
0.01,142581
0.01,139797
0.01,140526
0.01,139399
0.01,138681
0.01,136308
0.01,140014
0.01,138754
0.01,131807
0.01,131104
0.01,129373
0.01,130180
0.01,129553
0.01,132584
0.01,134355
0.01,137062
0.01,136524
0.01,138514
0.01,139966
0.01,140066
0.01,140055
0.01,140502
0.01,139044
0.01,138217
0.01,138901
0.01,133840
0.01,129894
0.01,127655
0.01,127876
0.01,128468
0.01,128637
0.01,131700
0.01,133041
0.01,135146
0.01,136171
0.01,131022
0.01,127632
0.01,125672
0.01,123958
0.01,122758
0.01,121175
0.01,121474
0.01,122522
0.01,119951
0.01,120313
0.01,121179
0.01,118357
0.01,117129
0.01,115928
0.01,116297
0.01,118056
0.01,118419
0.01,115403
0.01,115094
0.01,113187
0.01,112250
0.01,111326
0.01,111465
0.01,111307
0.01,113157
0.01,114375
0.01,116461
0.01,118490
0.01,121074
0.01,118480
0.01,117827
0.01,112140
0.01,110573
0.01,112510
0.01,111943
0.01,112970
0.01,114587
0.01,116955
0.01,115510
0.01,115604
0.01,114899
0.01,114643
0.01,113637
0.01,109697
0.01,109455
0.01,108928
0.01,108426
0.01,107927
0.01,107456
0.01,108217
0.01,106953
0.01,106544
0.01,106152
0.01,105845
0.01,105632
0.01,105436
0.01,105273
0.01,106653
0.01,105099
0.01,104767
0.01,104575
0.01,104539
0.01,104521
0.01,104513
0.01,104512
