0.05, 530690
0.05, 527737
0.05, 526484
0.05, 526236
0.05, 523403
0.05, 519619
0.05, 519573
0.05, 506577
0.05, 506468
0.05, 506028
0.05, 504730
0.05, 502576
0.05, 500967
0.05, 500894
0.05, 499380
0.05, 499234
0.05, 490297
0.05, 484553
0.05, 478519
0.05, 474855
0.05, 472109
0.05, 465628
0.05, 465335
0.05, 464278
0.05, 464208
0.05, 461491
0.05, 459757
0.05, 457330
0.05, 455089
0.05, 454939
0.05, 452576
0.05, 440917
0.05, 438636
0.05, 434132
0.05, 428656
0.05, 426886
0.05, 426514
0.05, 424209
0.05, 415007
0.05, 410094
0.05, 409701
0.07, 402022
0.14, 400582
0.14, 398900
0.14, 398624
0.14, 397632
0.14, 395388
0.14, 392841
0.14, 392141
0.14, 391439
0.14, 391298
0.14, 390885
0.15, 389520
0.19, 383206
0.19, 380596
0.19, 378590
0.22, 378342
0.22, 373601
0.22, 372779
0.22, 371315
0.22, 370046
0.22, 369313
0.27, 368434
0.27, 366768
0.27, 365762
0.27, 363608
0.27, 357572
0.29, 356925
0.29, 354618
0.29, 352102
0.29, 351086
0.30, 345723
0.30, 344770
0.30, 342218
0.32, 341380
0.33, 336940
0.33, 334876
0.33, 330643
0.33, 318516
0.33, 317211
0.36, 317030
0.36, 316665
0.37, 311525
0.37, 305899
0.37, 305645
0.41, 302138
0.41, 300289
0.42, 299257
0.42, 299055
0.42, 298596
0.42, 291652
0.42, 288337
0.42, 287070
0.42, 284400
0.42, 281835
0.45, 279480
0.45, 275177
0.45, 270650
0.45, 269966
0.45, 266266
0.45, 265950
0.45, 257180
0.45, 257034
0.45, 255709
0.45, 254261
0.47, 251270
0.47, 249420
0.47, 249229
0.49, 248809
0.49, 248318
0.49, 246994
0.49, 245085
0.49, 242984
0.49, 242242
0.49, 240364
0.49, 237322
0.49, 237294
0.55, 236857
0.55, 236738
0.55, 234698
0.55, 233889
0.55, 224034
0.55, 223537
0.55, 220899
0.55, 218746
0.55, 218673
0.55, 215720
0.58, 215151
0.58, 210417
0.58, 205163
0.58, 204789
0.58, 203856
0.60, 203128
0.60, 203027
0.60, 202827
0.60, 202314
0.60, 201603
0.60, 201237
0.61, 199252
0.61, 198623
0.61, 196262
0.64, 193525
0.64, 190956
0.64, 190748
0.64, 189871
0.64, 189802
0.64, 189309
0.64, 189248
0.65, 187688
0.65, 186130
0.65, 185735
0.65, 185082
0.66, 184959
0.66, 180752
0.66, 180717
0.66, 179678
0.66, 179659
0.66, 179423
0.66, 178612
0.66, 178484
0.66, 177729
0.66, 177204
0.66, 175457
0.66, 174001
0.66, 172760
0.66, 170514
0.66, 170444
0.69, 169949
0.69, 169846
0.69, 167446
0.69, 165938
0.69, 164546
0.69, 163537
0.69, 163335
0.69, 162304
0.69, 161289
0.73, 160498
0.73, 159202
0.73, 158798
0.75, 157162
0.75, 155275
0.75, 154425
0.75, 153940
0.75, 153767
0.75, 153275
0.75, 152956
0.75, 152486
0.75, 151317
0.75, 148286
0.75, 147263
0.75, 146532
0.75, 145752
0.75, 145418
0.75, 145345
0.75, 144567
0.75, 144250
0.75, 143921
0.75, 140906
0.75, 140063
0.80, 137979
0.80, 137841
0.80, 136309
0.80, 136012
0.80, 135458
0.80, 135252
0.80, 133238
0.80, 132506
0.80, 131885
0.80, 131731
0.80, 130983
0.80, 130745
0.80, 129828
0.83, 129007
0.83, 128709
0.83, 128600
0.83, 128404
0.85, 127338
0.85, 127188
0.86, 127010
0.86, 126037
0.86, 124882
0.86, 124290
0.87, 124052
0.87, 123801
0.87, 123408
0.87, 122356
0.87, 122049
0.87, 121534
0.87, 121324
0.87, 120515
0.87, 119502
0.90, 119345
0.90, 118916
0.90, 118323
0.90, 118159
0.90, 118036
0.90, 117987
0.90, 117729
0.90, 117711
0.90, 117329
0.90, 116593
0.91, 116413
0.91, 114972
0.91, 114257
0.91, 114219
0.91, 113988
0.91, 113791
0.91, 112945
0.91, 112861
0.91, 112821
0.91, 111988
0.91, 111453
0.91, 110788
0.93, 110553
0.93, 110057
0.94, 109537
0.94, 108914
0.94, 108693
0.94, 106967
0.98, 106502
0.98, 106117
0.99, 105757
0.99, 104945
0.99, 104449
0.99, 104121
1.00, 103710
1.00, 102858
1.09, 102819
1.09, 102598
1.09, 102506
1.09, 102334
1.11, 102168
1.11, 102143
1.12, 101952
1.12, 101762
1.13, 101463
1.13, 101427
1.13, 101335
1.13, 101286
1.14, 101197
1.14, 101180
1.15, 101013
1.16, 100800
1.16, 100657
1.16, 100633
1.16, 100550
1.16, 100466
1.20, 100439
1.23, 100431
