0.02, 598124
0.02, 574959
0.02, 568833
0.02, 567150
0.02, 566320
0.02, 565484
0.02, 563578
0.02, 561225
0.02, 555188
0.02, 555063
0.02, 552357
0.02, 548929
0.02, 537725
0.02, 535358
0.02, 535079
0.02, 533374
0.02, 528749
0.02, 524919
0.02, 514551
0.02, 513718
0.02, 503265
0.02, 501320
0.02, 496367
0.02, 496309
0.02, 494645
0.02, 489301
0.02, 485457
0.02, 485430
0.02, 478696
0.02, 473159
0.02, 472081
0.02, 470162
0.02, 466750
0.02, 465592
0.02, 463367
0.02, 458286
0.02, 457473
0.02, 452187
0.03, 449817
0.03, 448307
0.03, 446164
0.03, 442724
0.03, 442610
0.03, 440595
0.03, 440216
0.03, 437908
0.03, 437372
0.03, 436999
0.03, 435356
0.03, 433226
0.04, 433179
0.04, 432794
0.04, 430379
0.04, 424991
0.04, 417967
0.04, 415111
0.06, 401725
0.06, 394360
0.06, 392100
0.08, 390937
0.08, 388523
0.08, 387012
0.08, 385281
0.08, 379378
0.08, 376396
0.08, 376368
0.08, 374850
0.08, 373568
0.08, 373545
0.19, 372589
0.19, 368335
0.19, 368014
0.21, 367693
0.21, 364018
0.21, 358276
0.21, 354769
0.26, 353548
0.26, 352823
0.27, 352341
0.27, 351799
0.28, 351390
0.28, 346686
0.30, 343208
0.30, 342450
0.31, 341255
0.31, 336493
0.32, 333689
0.33, 332768
0.35, 332183
0.35, 331126
0.35, 327709
0.35, 322057
0.35, 321519
0.35, 318270
0.36, 317039
0.38, 316907
0.39, 315990
0.39, 311918
0.39, 309687
0.39, 309380
0.39, 307982
0.39, 307641
0.39, 305291
0.39, 303924
0.39, 301573
0.39, 300606
0.39, 296033
0.39, 294864
0.39, 291469
0.39, 289719
0.39, 281620
0.39, 277570
0.39, 277002
0.39, 276470
0.39, 275324
0.39, 274829
0.39, 273674
0.45, 271616
0.45, 271272
0.45, 268822
0.47, 268711
0.47, 263790
0.47, 263572
0.47, 262989
0.48, 262923
0.48, 262504
0.48, 262203
0.49, 260865
0.49, 260718
0.49, 260587
0.49, 258778
0.49, 254128
0.49, 254110
0.49, 253232
0.49, 250052
0.50, 248128
0.50, 245308
0.50, 244665
0.50, 244594
0.53, 242461
0.53, 240987
0.53, 239135
0.53, 237643
0.53, 236648
0.53, 234579
0.53, 234476
0.53, 233931
0.53, 233656
0.53, 230483
0.55, 228646
0.55, 225865
0.55, 224767
0.55, 223814
0.55, 222713
0.55, 222081
0.55, 220238
0.55, 218003
0.55, 217730
0.55, 216531
0.55, 216200
0.55, 216038
0.55, 215322
0.55, 215244
0.55, 214224
0.55, 213965
0.55, 206120
0.55, 205073
0.55, 204876
0.55, 204372
0.60, 204220
0.60, 204165
0.60, 204106
0.60, 202512
0.60, 201479
0.60, 199590
0.60, 199209
0.60, 198805
0.60, 197450
0.60, 188781
0.61, 187803
0.61, 184692
0.61, 183666
0.61, 183422
0.65, 182327
0.65, 180279
0.66, 179698
0.66, 179583
0.66, 178764
0.66, 178534
0.66, 177713
0.66, 176776
0.66, 175949
0.66, 174996
0.67, 174385
0.68, 174365
0.68, 174130
0.68, 173661
0.68, 173343
0.68, 173193
0.68, 167729
0.68, 166411
0.68, 166261
0.68, 165883
0.68, 165753
0.68, 165396
0.68, 164598
0.68, 163946
0.68, 163356
0.68, 162722
0.68, 160572
0.70, 159164
0.71, 158069
0.71, 157836
0.71, 155750
0.71, 155529
0.73, 155507
0.73, 154273
0.74, 154041
0.74, 153700
0.74, 153503
0.74, 153292
0.74, 152413
0.74, 150789
0.74, 149952
0.75, 148651
0.75, 148316
0.75, 147969
0.75, 147847
0.75, 147521
0.75, 147134
0.75, 146848
0.75, 146359
0.75, 146126
0.75, 145555
0.75, 145254
0.75, 144500
0.75, 144175
0.75, 143061
0.75, 142064
0.75, 141930
0.75, 140356
0.75, 139497
0.75, 138047
0.75, 136216
0.75, 135259
0.75, 135064
0.75, 134839
0.75, 134760
0.75, 133030
0.75, 132405
0.75, 131629
0.81, 130256
0.81, 129917
0.81, 129695
0.81, 129242
0.81, 129109
0.81, 128957
0.81, 128548
0.81, 128407
0.81, 128079
0.81, 127944
0.81, 127309
0.81, 126773
0.81, 126558
0.83, 126406
0.83, 126058
0.83, 125654
0.83, 125133
0.83, 124520
0.83, 123621
0.83, 123459
0.83, 122122
0.84, 120999
0.84, 119781
0.84, 119189
0.87, 118719
0.91, 118053
0.91, 117895
0.91, 117817
0.91, 117684
0.91, 117597
0.91, 117586
0.91, 117358
0.91, 116756
0.91, 116406
0.91, 116300
0.91, 115436
0.92, 115206
0.92, 115065
0.92, 115058
0.92, 114990
0.92, 114888
0.92, 114712
0.93, 114330
0.93, 114118
0.93, 113735
0.93, 113468
0.93, 112685
0.93, 112364
0.93, 111896
0.93, 111621
0.93, 111591
0.94, 110854
0.94, 110708
0.94, 110681
0.94, 110485
0.94, 110186
0.94, 110059
0.94, 109839
0.94, 109532
0.95, 109217
0.96, 109063
0.97, 108639
0.97, 108293
0.97, 108139
0.97, 107987
0.97, 107979
0.97, 107250
0.97, 107170
0.98, 107089
0.98, 106733
0.98, 105983
0.98, 105471
0.99, 105412
0.99, 105272
0.99, 104613
0.99, 104543
1.00, 104494
1.00, 104079
1.00, 104071
1.02, 103751
1.02, 103469
1.02, 103431
1.06, 103275
1.06, 102651
1.06, 102292
1.06, 102180
1.07, 102038
1.08, 102011
1.08, 101846
1.09, 101502
1.09, 101260
1.09, 101252
1.09, 101139
1.16, 100898
1.16, 100890
1.19, 100863
