0.00, 578970
0.00, 564451
0.00, 563479
0.00, 561786
0.00, 559360
0.00, 557600
0.00, 550396
0.00, 534303
0.00, 530807
0.00, 528077
0.00, 521260
0.00, 520755
0.00, 518640
0.00, 518548
0.00, 516638
0.00, 513418
0.00, 512999
0.00, 509173
0.00, 502917
0.00, 497684
0.01, 494754
0.01, 493969
0.01, 487948
0.01, 471190
0.01, 465391
0.01, 464334
0.01, 457994
0.01, 456438
0.01, 455190
0.01, 449866
0.01, 441896
0.01, 441041
0.01, 439965
0.01, 431760
0.01, 429452
0.02, 429284
0.02, 421698
0.02, 419405
0.02, 416369
0.03, 415760
0.03, 415261
0.03, 412353
0.03, 407920
0.03, 397304
0.03, 396457
0.03, 388397
0.17, 386963
0.17, 382536
0.17, 381415
0.17, 378808
0.17, 377804
0.19, 377408
0.19, 376763
0.19, 375957
0.19, 371331
0.19, 370630
0.23, 366780
0.23, 366737
0.23, 362814
0.23, 358314
0.26, 351999
0.26, 351822
0.26, 351117
0.26, 350909
0.29, 348027
0.29, 343898
0.29, 340135
0.31, 334783
0.31, 332473
0.31, 330520
0.31, 329780
0.31, 327942
0.31, 326756
0.33, 323308
0.34, 319002
0.34, 313260
0.36, 310179
0.36, 309121
0.36, 308742
0.36, 307722
0.36, 304814
0.36, 302344
0.36, 301598
0.36, 298443
0.36, 290325
0.41, 289640
0.41, 283326
0.41, 283316
0.41, 282267
0.41, 282013
0.41, 277155
0.41, 277148
0.41, 275267
0.41, 273160
0.41, 271546
0.42, 271086
0.44, 270889
0.44, 269664
0.44, 267431
0.44, 267194
0.44, 265543
0.45, 264297
0.45, 264116
0.45, 262961
0.45, 261547
0.45, 260980
0.45, 260911
0.45, 259007
0.45, 257475
0.47, 256666
0.47, 256658
0.47, 252733
0.47, 251930
0.47, 250313
0.47, 249624
0.48, 247146
0.48, 241820
0.48, 238200
0.48, 237614
0.52, 236027
0.52, 235375
0.52, 232983
0.52, 229094
0.52, 228408
0.52, 228092
0.52, 226635
0.52, 224872
0.52, 224760
0.52, 221404
0.52, 220769
0.52, 219615
0.52, 215015
0.52, 214731
0.56, 214073
0.56, 213537
0.58, 213243
0.58, 210399
0.58, 207472
0.58, 205570
0.58, 203682
0.58, 203625
0.58, 202282
0.58, 200941
0.58, 200033
0.61, 199472
0.61, 199443
0.61, 198733
0.61, 198159
0.61, 196961
0.61, 196414
0.61, 194723
0.61, 193672
0.61, 193213
0.61, 192425
0.61, 190347
0.61, 189131
0.61, 188736
0.61, 186263
0.61, 184351
0.61, 181876
0.62, 181239
0.62, 180996
0.63, 179812
0.63, 177618
0.65, 173584
0.65, 171025
0.65, 170293
0.65, 169783
0.65, 169551
0.65, 168779
0.65, 167366
0.65, 166899
0.65, 166462
0.65, 165193
0.65, 165168
0.65, 164306
0.65, 163470
0.67, 163259
0.67, 162588
0.67, 162391
0.67, 162258
0.67, 161494
0.67, 161380
0.67, 161129
0.67, 161052
0.67, 160480
0.67, 159791
0.67, 158122
0.69, 157767
0.69, 157649
0.69, 157630
0.71, 156627
0.71, 155388
0.71, 154533
0.71, 153627
0.71, 153253
0.71, 153065
0.72, 152827
0.72, 152520
0.72, 150967
0.72, 150380
0.72, 149215
0.72, 148975
0.72, 148730
0.72, 148175
0.72, 147368
0.72, 147253
0.73, 146835
0.73, 146596
0.73, 145197
0.73, 143732
0.73, 143555
0.75, 143547
0.75, 141909
0.75, 140461
0.75, 139157
0.76, 138135
0.76, 137532
0.76, 137158
0.76, 136788
0.76, 133355
0.76, 132987
0.78, 131964
0.78, 131882
0.78, 131755
0.78, 131707
0.78, 131321
0.78, 131125
0.78, 130400
0.78, 130141
0.80, 130098
0.80, 130065
0.80, 130010
0.81, 128494
0.81, 128191
0.81, 127466
0.81, 127374
0.82, 126843
0.82, 126261
0.82, 125294
0.82, 124954
0.82, 124868
0.82, 124458
0.82, 122672
0.82, 122443
0.84, 121357
0.84, 120430
0.84, 120329
0.84, 120324
0.84, 119526
0.87, 116727
0.87, 116533
0.87, 116266
0.87, 116056
0.87, 115674
0.87, 115484
0.89, 115461
0.89, 115310
0.89, 114384
0.89, 114295
0.89, 112803
0.89, 112002
0.89, 111764
0.89, 111545
0.89, 111416
0.89, 110676
0.89, 110495
0.89, 109966
0.90, 109595
0.90, 109543
0.94, 108095
0.94, 107903
0.97, 107800
0.97, 107492
0.97, 107087
0.97, 106616
0.97, 105991
0.97, 105959
0.98, 105692
0.98, 105628
0.98, 105589
0.98, 105449
0.99, 105028
0.99, 104867
0.99, 104822
0.99, 104281
1.03, 104173
1.03, 103702
1.03, 103506
1.03, 103277
1.03, 103266
1.03, 103065
1.03, 103014
1.06, 102913
1.06, 102553
1.09, 102063
1.09, 102062
1.11, 101622
1.11, 101530
1.11, 101337
1.11, 101043
1.12, 100935
1.12, 100843
1.21, 100736
1.21, 100623
1.21, 100615
5.89, 100439
5.93, 100431
