0.00,484477
0.00,458332
0.00,449685
0.00,431057
0.00,434513
0.00,436289
0.00,414858
0.00,396483
0.00,391092
0.00,369122
0.00,373995
0.00,357788
0.00,357217
0.00,341827
0.00,330000
0.00,322686
0.00,311988
0.00,305888
0.00,305971
0.00,298362
0.00,303055
0.00,301964
0.00,295511
0.00,282230
0.00,288503
0.00,285629
0.00,281179
0.00,281530
0.00,278206
0.00,269000
0.00,268546
0.00,266720
0.00,261462
0.00,254361
0.00,254082
0.00,257685
0.00,253215
0.00,251141
0.00,244270
0.00,240341
0.00,233867
0.00,226490
0.00,237425
0.00,241319
0.00,232228
0.00,229577
0.00,226884
0.00,220468
0.00,216343
0.00,214161
0.00,212165
0.00,209166
0.00,209583
0.00,210662
0.00,206653
0.00,201130
0.00,204029
0.00,198892
0.00,197629
0.00,194093
0.00,192079
0.00,193096
0.00,188770
0.00,190652
0.00,190061
0.00,184099
0.00,180035
0.00,185820
0.00,182933
0.00,179407
0.00,179689
0.00,183571
0.00,182140
0.00,180044
0.00,180748
0.00,181998
0.01,181709
0.01,182105
0.01,178479
0.01,183468
0.01,182216
0.01,176071
0.01,174078
0.01,174687
0.01,173914
0.01,175706
0.01,175589
0.01,173566
0.01,172574
0.01,171026
0.01,168713
0.01,168262
0.01,164791
0.01,166108
0.01,168165
0.01,163046
0.01,162186
0.01,162524
0.01,160440
0.01,158068
0.01,159223
0.01,164230
0.01,165158
0.01,158869
0.01,158636
0.01,159973
0.01,155432
0.01,156115
0.01,155022
0.01,152403
0.01,156948
0.01,155751
0.01,155238
0.01,153916
0.01,155002
0.01,156530
0.01,156291
0.01,160547
0.01,164414
0.01,164551
0.01,168195
0.01,165861
0.01,164767
0.01,164258
0.01,166296
0.01,164117
0.01,162357
0.01,168524
0.01,171275
0.01,169503
0.01,169569
0.01,166652
0.01,162193
0.01,159857
0.01,161735
0.01,156726
0.01,152446
0.01,151659
0.01,149409
0.01,148641
0.01,150584
0.01,154945
0.01,155973
0.01,156377
0.01,158256
0.01,152602
0.01,145059
0.01,144191
0.01,142473
0.01,140325
0.01,138829
0.01,137435
0.01,136070
0.01,134800
0.01,132613
0.01,131403
0.01,130347
0.01,132958
0.01,132956
0.01,134811
0.01,136181
0.01,134773
0.01,133440
0.01,131184
0.01,130695
0.01,131329
0.01,137406
0.01,137594
0.01,139912
0.01,137184
0.01,137065
0.01,134852
0.01,133943
0.01,134069
0.01,134310
0.01,128957
0.01,129800
0.01,130029
0.01,129654
0.01,129914
0.01,130884
0.01,129683
0.01,130237
0.01,131540
0.01,128263
0.01,130272
0.01,130803
0.01,129902
0.01,131138
0.01,134706
0.01,134363
0.01,132663
0.01,135142
0.01,131370
0.01,136980
0.01,138032
0.01,132963
0.01,132994
0.01,127672
0.01,126816
0.01,125676
0.01,124392
0.01,123327
0.01,124337
0.01,124987
0.01,127233
0.01,127168
0.01,129050
0.01,129627
0.01,126356
0.01,122288
0.01,121306
0.01,120227
0.01,119360
0.01,118519
0.01,117691
0.01,116868
0.01,117574
0.01,122298
0.01,125347
0.01,120614
0.01,120269
0.01,116049
0.01,116684
0.01,115137
0.01,114338
0.01,113648
0.01,112990
0.01,112353
0.01,112926
0.01,113311
0.01,115156
0.01,118015
0.01,119610
0.01,121397
0.01,129164
0.01,135017
0.01,134275
0.01,137204
0.01,138422
0.01,137544
0.01,131065
0.01,129152
0.01,119660
0.01,116003
0.01,118787
0.01,117673
0.01,120245
0.01,121988
0.01,121456
0.01,120728
0.01,118339
0.01,114704
0.01,111809
0.01,117913
0.01,117917
0.01,116458
0.01,117969
0.01,119747
0.01,120969
0.01,117823
0.01,118555
0.01,116540
0.01,114696
0.01,111850
0.01,111468
0.01,112215
0.01,114150
0.01,113796
0.01,114670
0.01,111629
0.01,111796
0.01,110124
0.01,113323
0.01,114010
0.01,113428
0.01,115434
0.01,118936
0.01,115656
0.01,113373
0.01,113375
0.01,110938
0.01,110922
0.01,117150
0.01,115794
0.01,113396
0.01,114772
0.01,108830
0.01,107932
0.01,107467
0.01,107038
0.01,106711
0.01,106433
0.01,108739
0.01,108210
0.01,110393
0.01,110463
0.01,112588
0.01,113450
0.01,116864
0.01,121140
0.01,120381
0.01,118515
0.01,115103
0.01,115948
0.01,116250
0.01,112348
0.01,111910
0.01,111005
0.01,112420
0.01,113575
0.01,114631
0.01,116446
0.01,120736
0.01,126466
0.01,127449
0.01,128681
0.01,129098
0.01,126780
0.01,125012
0.01,122302
0.01,120284
0.01,114541
0.01,116286
0.01,116425
0.01,115824
0.01,122019
0.01,124209
0.01,127116
0.01,126203
0.01,118344
0.01,112171
0.01,106300
0.01,106238
0.01,106063
0.01,106005
0.01,106400
0.01,108630
0.01,109049
0.01,105952
0.01,106589
0.01,108261
0.01,105772
0.01,104973
0.01,104937
