0.00, 548866
0.00, 548711
0.00, 543991
0.00, 543449
0.00, 541514
0.00, 535053
0.00, 521954
0.00, 520298
0.01, 513964
0.01, 510239
0.01, 505938
0.01, 504958
0.01, 496986
0.01, 495866
0.01, 485362
0.01, 477627
0.01, 477347
0.01, 476147
0.01, 471964
0.01, 468409
0.01, 466122
0.01, 464444
0.01, 461273
0.01, 455731
0.01, 455383
0.01, 453857
0.01, 451006
0.01, 440927
0.01, 437823
0.01, 435204
0.01, 434072
0.01, 431343
0.02, 423079
0.02, 420264
0.02, 416807
0.02, 412777
0.02, 411648
0.07, 409379
0.09, 408249
0.09, 407556
0.09, 407290
0.09, 406386
0.09, 404057
0.09, 402792
0.09, 399601
0.09, 398150
0.11, 394521
0.11, 391182
0.15, 378739
0.15, 378629
0.15, 377809
0.20, 375255
0.20, 371242
0.20, 362630
0.23, 357395
0.23, 356947
0.23, 353387
0.23, 352300
0.23, 349997
0.23, 349400
0.23, 348003
0.29, 346664
0.29, 340598
0.29, 336189
0.29, 335936
0.29, 325075
0.29, 323908
0.29, 322687
0.34, 322603
0.34, 315329
0.34, 314932
0.34, 312254
0.34, 311736
0.35, 308780
0.35, 305578
0.35, 304623
0.37, 300332
0.37, 297689
0.37, 297030
0.38, 296881
0.38, 295216
0.38, 293175
0.38, 291772
0.39, 289468
0.39, 287965
0.39, 286802
0.39, 283910
0.41, 281030
0.41, 280621
0.41, 280325
0.41, 279848
0.41, 278710
0.41, 277677
0.41, 274918
0.45, 267436
0.45, 266622
0.45, 266369
0.46, 265820
0.46, 264188
0.46, 263836
0.46, 262215
0.46, 259342
0.46, 255904
0.46, 255860
0.46, 250770
0.47, 249751
0.47, 245559
0.47, 239587
0.51, 239424
0.51, 239388
0.51, 239252
0.51, 236180
0.51, 233509
0.51, 233213
0.51, 232839
0.51, 230556
0.51, 229531
0.51, 228389
0.51, 227998
0.51, 227016
0.51, 225397
0.53, 223510
0.53, 222388
0.54, 221633
0.54, 220578
0.55, 217592
0.55, 216760
0.55, 211719
0.55, 210677
0.55, 210422
0.56, 209858
0.56, 208834
0.56, 208511
0.59, 208139
0.59, 205918
0.59, 205778
0.59, 205497
0.59, 205445
0.59, 203634
0.59, 203342
0.59, 203006
0.59, 199994
0.59, 199218
0.59, 198774
0.59, 196639
0.59, 196223
0.59, 195995
0.59, 195432
0.59, 195422
0.59, 194899
0.59, 194632
0.59, 193867
0.59, 192280
0.59, 191705
0.61, 190950
0.61, 190852
0.61, 188885
0.61, 186467
0.63, 186406
0.63, 184657
0.63, 184365
0.63, 182543
0.63, 181752
0.63, 181539
0.63, 179997
0.63, 177356
0.63, 176885
0.63, 176692
0.63, 176598
0.63, 174679
0.63, 171607
0.63, 169942
0.63, 168992
0.63, 168265
0.68, 168088
0.68, 167394
0.68, 166338
0.68, 165539
0.68, 165303
0.68, 165099
0.68, 164538
0.68, 163757
0.68, 162115
0.68, 161843
0.68, 161645
0.69, 157173
0.70, 154524
0.70, 153606
0.70, 153163
0.70, 150217
0.70, 149320
0.70, 148681
0.70, 148206
0.72, 147060
0.72, 146901
0.72, 146453
0.72, 144942
0.72, 144915
0.72, 143428
0.72, 143045
0.72, 142849
0.72, 141451
0.72, 140732
0.74, 140348
0.74, 139658
0.74, 139331
0.74, 139043
0.74, 138739
0.74, 138735
0.74, 138261
0.76, 137578
0.77, 137469
0.77, 137048
0.77, 136907
0.77, 136065
0.79, 135176
0.79, 135142
0.79, 134790
0.79, 133982
0.80, 133598
0.80, 133076
0.81, 132135
0.81, 131981
0.81, 131414
0.81, 130235
0.81, 130190
0.81, 130057
0.81, 129619
0.81, 128768
0.82, 128616
0.82, 128551
0.82, 128105
0.82, 127391
0.82, 126475
0.82, 125925
0.82, 125775
0.82, 125414
0.82, 124579
0.82, 123583
0.84, 122178
0.84, 121752
0.84, 120663
0.84, 118305
0.84, 117645
0.84, 117055
0.84, 116240
0.87, 115821
0.87, 115486
0.87, 115425
0.87, 115173
0.87, 114953
0.87, 114412
0.87, 112460
0.88, 112337
0.88, 111829
0.88, 111429
0.89, 111422
0.89, 111056
0.92, 110132
0.92, 109955
0.93, 109764
0.93, 109728
0.93, 109344
0.93, 109287
0.93, 108988
0.93, 108855
0.93, 108533
0.93, 108282
0.94, 107876
0.94, 107405
0.94, 107236
0.94, 107225
0.94, 106691
0.96, 106595
0.96, 106292
0.96, 106013
0.97, 105908
0.97, 105397
0.97, 105264
0.97, 104890
1.00, 104806
1.00, 104614
1.02, 104519
1.02, 104161
1.02, 104100
1.02, 104013
1.03, 103977
1.03, 103915
1.03, 103913
1.03, 103708
1.03, 103663
1.03, 103622
1.03, 103573
1.03, 103251
1.03, 102921
1.13, 102628
1.13, 102562
1.13, 102407
1.13, 102178
1.13, 101921
1.13, 101808
1.14, 101800
1.37, 101713
1.38, 101705
3.82, 101456
3.82, 101115
3.82, 101042
3.82, 100850
3.82, 100828
3.97, 100550
3.98, 100458
4.08, 100431
