0.00,589390
0.00,573962
0.00,544805
0.00,533484
0.00,526883
0.00,498456
0.00,466073
0.00,463454
0.00,437106
0.00,436871
0.00,421863
0.00,421624
0.00,418918
0.00,398914
0.00,395223
0.00,379564
0.00,379592
0.00,378505
0.00,359564
0.00,343461
0.00,339868
0.00,340559
0.00,334731
0.00,336412
0.00,318709
0.00,322119
0.00,321834
0.00,321650
0.00,317192
0.00,309327
0.00,313859
0.00,305947
0.00,306568
0.00,300374
0.00,296411
0.00,312995
0.00,309375
0.00,301014
0.00,299327
0.00,300365
0.00,302283
0.00,297001
0.00,296151
0.00,292485
0.00,292910
0.00,286259
0.00,284174
0.00,278848
0.00,273838
0.00,261271
0.00,258199
0.00,257795
0.00,256374
0.00,256591
0.00,257118
0.00,255734
0.00,250494
0.00,247547
0.00,241020
0.00,241322
0.00,232484
0.00,231897
0.00,228671
0.00,220041
0.00,224324
0.00,218252
0.00,220014
0.00,222209
0.00,219413
0.00,216068
0.00,218788
0.00,219661
0.01,221464
0.01,219236
0.01,212534
0.01,207592
0.01,202106
0.01,198688
0.01,193872
0.01,189271
0.01,185385
0.01,183620
0.01,182991
0.01,180476
0.01,178292
0.01,176279
0.01,173411
0.01,173728
0.01,178891
0.01,180905
0.01,170201
0.01,167831
0.01,169963
0.01,169231
0.01,169450
0.01,172596
0.01,170199
0.01,166863
0.01,167212
0.01,168268
0.01,159885
0.01,161482
0.01,164705
0.01,162450
0.01,160692
0.01,164841
0.01,164433
0.01,167203
0.01,164282
0.01,163828
0.01,160605
0.01,155944
0.01,155524
0.01,159438
0.01,154350
0.01,153657
0.01,154667
0.01,150702
0.01,149079
0.01,151957
0.01,153593
0.01,147850
0.01,148753
0.01,146330
0.01,148186
0.01,147397
0.01,147755
0.01,147887
0.01,146851
0.01,147696
0.01,147848
0.01,148751
0.01,142613
0.01,142346
0.01,145810
0.01,148345
0.01,150121
0.01,148582
0.01,146134
0.01,138607
0.01,137111
0.01,140361
0.01,141193
0.01,142403
0.01,133615
0.01,133460
0.01,133517
0.01,134283
0.01,131420
0.01,131438
0.01,129566
0.01,127610
0.01,125801
0.01,125963
0.01,127026
0.01,123952
0.01,124452
0.01,124446
0.01,127935
0.01,130733
0.01,132639
0.01,134524
0.01,138385
0.01,144335
0.01,142259
0.01,140458
0.01,141520
0.01,145886
0.01,145254
0.01,138934
0.01,142287
0.01,144449
0.01,137586
0.01,142104
0.01,141791
0.01,141550
0.01,141794
0.01,143229
0.01,141080
0.01,138374
0.01,137511
0.01,130909
0.01,129585
0.01,128453
0.01,123390
0.01,121978
0.01,120604
0.01,119387
0.01,121208
0.01,125351
0.01,128311
0.01,127665
0.01,132582
0.01,140557
0.01,138792
0.01,136287
0.01,136556
0.01,142057
0.01,141808
0.01,139589
0.01,141990
0.01,142349
0.01,138993
0.01,137605
0.01,133263
0.01,137038
0.01,137414
0.01,142533
0.01,141672
0.01,136676
0.01,133430
0.01,128647
0.01,128397
0.01,126095
0.01,119654
0.01,118307
0.01,120200
0.01,122111
0.01,123139
0.01,129330
0.01,135239
0.01,134791
0.01,132213
0.01,133952
0.01,139829
0.01,137872
0.01,134445
0.01,137625
0.01,144989
0.01,144139
0.01,144015
0.01,142098
0.01,137958
0.01,136059
0.01,135777
0.01,133106
0.01,136209
0.01,136189
0.01,132934
0.01,131265
0.01,128354
0.01,121366
0.01,120167
0.01,120362
0.01,118104
0.01,116884
0.01,115909
0.01,115088
0.01,114368
0.01,113767
0.01,113897
0.01,115159
0.01,118031
0.01,121573
0.01,121891
0.01,121078
0.01,119839
0.01,121598
0.01,122446
0.01,126415
0.01,130154
0.01,127159
0.01,128671
0.01,130013
0.01,127641
0.01,124630
0.01,123180
0.01,130401
0.01,129688
0.01,128011
0.01,130093
0.01,132620
0.01,127480
0.01,128830
0.01,128189
0.01,126474
0.01,126124
0.01,129481
0.01,129486
0.01,125768
0.01,119472
0.01,114213
0.01,113028
0.01,112429
0.01,112102
0.01,112875
0.01,111782
0.01,111074
0.01,110431
0.01,111273
0.01,113015
0.01,112381
0.01,109518
0.01,112148
0.01,112356
0.01,109047
0.01,108732
0.01,108823
0.01,108128
0.01,107930
0.01,107738
0.01,107641
0.01,107606
0.01,107601
0.01,107416
0.01,107566
0.01,107037
