0.01,562607
0.01,540209
0.01,538327
0.01,507766
0.01,497899
0.01,495484
0.01,475691
0.01,456781
0.01,441960
0.01,437947
0.01,432476
0.01,419216
0.01,419839
0.01,419780
0.01,405393
0.01,407569
0.01,394122
0.01,402248
0.01,404245
0.01,384839
0.01,386851
0.01,383170
0.01,366596
0.01,358074
0.01,352889
0.01,348893
0.01,348170
0.01,353132
0.01,336562
0.01,327771
0.01,314728
0.01,297963
0.01,281689
0.01,277321
0.01,279885
0.01,262055
0.01,251023
0.01,241707
0.01,240537
0.01,234409
0.01,239324
0.01,232524
0.01,234425
0.01,233390
0.01,229211
0.01,221797
0.01,216128
0.01,213933
0.01,212603
0.01,208451
0.01,212183
0.01,211710
0.01,210184
0.01,212026
0.01,210687
0.01,206547
0.01,205780
0.01,201053
0.01,204985
0.01,206967
0.01,199099
0.01,199490
0.01,199831
0.01,196816
0.01,193315
0.01,199258
0.01,196499
0.01,197668
0.01,205183
0.01,199011
0.01,196094
0.01,192146
0.01,190650
0.01,189296
0.01,184354
0.01,181786
0.01,178745
0.01,179088
0.01,177065
0.01,179361
0.01,180214
0.01,178062
0.01,175498
0.01,178202
0.01,180186
0.01,178879
0.01,174391
0.01,177495
0.01,179816
0.01,181007
0.01,181895
0.01,178279
0.01,177464
0.01,180761
0.01,181324
0.01,178026
0.01,174604
0.01,167056
0.01,167925
0.01,165601
0.01,164837
0.01,165093
0.01,162875
0.01,163496
0.01,162559
0.01,159184
0.01,157740
0.01,158924
0.01,157794
0.01,154933
0.01,158626
0.01,161456
0.01,163613
0.01,165554
0.01,169325
0.01,166955
0.01,160737
0.01,156929
0.01,159451
0.01,162307
0.01,162287
0.01,162570
0.01,163956
0.01,162537
0.01,158273
0.01,158548
0.01,157828
0.01,155327
0.01,152646
0.01,152278
0.01,150435
0.01,151886
0.01,149018
0.01,147721
0.01,149097
0.01,152829
0.01,155696
0.01,153274
0.01,156462
0.01,157562
0.01,153291
0.01,150051
0.01,147828
0.01,149638
0.01,148592
0.01,149636
0.01,146288
0.01,144542
0.01,142821
0.01,141097
0.01,139421
0.01,137796
0.01,146721
0.01,145355
0.01,145448
0.01,145164
0.01,144732
0.01,147593
0.01,148041
0.01,143272
0.01,143357
0.01,145338
0.01,143285
0.01,143513
0.01,141367
0.01,141228
0.01,140495
0.01,139592
0.01,139737
0.01,143659
0.01,142474
0.01,146607
0.01,146538
0.01,147825
0.01,151512
0.01,151532
0.01,153071
0.01,144476
0.01,140289
0.01,141421
0.01,140035
0.01,141890
0.01,144587
0.01,146605
0.01,144680
0.01,141930
0.01,139084
0.01,138004
0.01,136205
0.01,134790
0.01,133424
0.01,132084
0.01,131268
0.01,130047
0.01,128862
0.01,127691
0.01,127217
0.01,126051
0.01,126738
0.01,130243
0.01,131484
0.01,129104
0.01,131091
0.01,129067
0.01,129986
0.01,130460
0.01,131116
0.01,129780
0.01,124753
0.01,125555
0.01,128320
0.01,134318
0.01,132804
0.01,130521
0.01,130872
0.01,134847
0.01,136394
0.01,132510
0.01,124392
0.01,127945
0.01,129551
0.01,128924
0.01,130997
0.01,133715
0.01,131564
0.01,128757
0.01,125494
0.01,122416
0.01,120916
0.01,119467
0.01,119573
0.01,118891
0.02,120747
0.02,121757
0.02,123493
0.02,124344
0.02,126788
0.02,128000
0.02,127498
0.02,124262
0.02,124601
0.02,120140
0.02,118929
0.02,117257
0.02,116371
0.02,116915
0.02,114392
0.02,113327
0.02,112454
0.02,111953
0.02,111188
0.02,110551
0.02,109959
0.02,109382
0.02,109592
0.02,114575
0.02,116417
0.02,115214
0.02,114370
0.02,112100
0.02,118763
0.02,119450
0.02,114598
0.02,112911
0.02,115106
0.02,116427
0.02,118473
0.02,116455
0.02,114394
0.02,113220
0.02,112496
0.02,113122
0.02,112618
0.02,112355
0.02,110532
0.02,114059
0.02,117300
0.02,114394
0.02,113050
0.02,116884
0.02,119886
0.02,121085
0.02,120580
0.02,119548
0.02,117278
0.02,115980
0.02,113602
0.02,112567
0.02,112071
0.02,111031
0.02,110316
0.02,108753
0.02,108203
0.02,109785
0.02,111884
0.02,114359
0.02,116609
0.02,113853
0.02,111147
0.02,107752
0.02,107332
0.02,115017
0.02,123975
0.02,126896
0.02,126727
0.02,125779
0.02,121563
0.02,121320
0.02,120804
0.02,114696
0.02,111880
0.02,112235
0.02,113748
0.02,111693
0.02,109403
0.02,108441
0.02,108418
0.02,108619
0.02,108797
0.02,108578
0.02,108937
0.02,108701
0.02,112414
0.02,116687
0.02,115391
0.02,117355
0.02,119930
0.02,121837
0.02,121810
0.02,115037
0.02,111171
0.02,111302
0.02,113364
0.02,110688
0.02,107957
0.02,106081
0.02,108554
0.02,117736
0.02,120648
0.02,120663
0.02,120651
0.02,119245
0.02,120292
0.02,119823
0.02,113689
0.02,111819
0.02,111733
0.02,111437
0.02,110342
0.02,109975
0.02,107568
0.02,106147
0.02,106083
0.02,106929
0.02,105635
0.02,105582
0.02,106363
0.02,109982
0.02,113416
0.02,113129
0.02,111860
0.02,115184
0.02,118918
0.02,118858
0.02,114542
0.02,112071
0.02,109544
0.02,108446
0.02,108398
0.02,109498
0.02,106921
0.02,104345
0.02,103964
0.02,105879
0.02,103590
0.02,103148
0.02,102956
0.02,102921
0.02,102920
