0.00,546830
0.00,515089
0.00,504454
0.00,497950
0.00,489904
0.00,481211
0.00,463503
0.00,459684
0.00,460595
0.00,446364
0.00,441317
0.00,415569
0.00,415651
0.00,414411
0.00,394529
0.00,384140
0.00,382505
0.00,378325
0.00,377365
0.00,383076
0.00,375991
0.00,373928
0.00,375050
0.00,360402
0.00,355435
0.00,365000
0.00,372377
0.00,365080
0.00,350266
0.00,356120
0.00,346245
0.00,348513
0.00,345974
0.00,337065
0.00,324403
0.00,316765
0.00,303053
0.00,298145
0.00,292495
0.00,285538
0.00,281795
0.00,282019
0.00,275365
0.00,279536
0.00,276009
0.00,277152
0.00,280246
0.00,282774
0.00,295161
0.00,287226
0.00,286806
0.00,287437
0.00,282098
0.00,274481
0.00,269448
0.00,267807
0.00,266555
0.00,265451
0.00,270673
0.00,276589
0.00,270914
0.00,263531
0.00,255315
0.00,249417
0.00,249276
0.00,252239
0.00,253099
0.00,249908
0.00,246230
0.00,244651
0.00,238649
0.00,238293
0.00,235822
0.00,234467
0.00,235818
0.00,235267
0.00,234906
0.00,231334
0.00,231789
0.00,235242
0.00,229893
0.00,232430
0.00,225386
0.00,225273
0.01,218702
0.01,218720
0.01,220876
0.01,219731
0.01,213585
0.01,212048
0.01,202980
0.01,207712
0.01,215732
0.01,221617
0.01,223967
0.01,223473
0.01,217416
0.01,213284
0.01,208083
0.01,206119
0.01,198243
0.01,198579
0.01,210098
0.01,206915
0.01,207717
0.01,202796
0.01,197214
0.01,197365
0.01,197664
0.01,192133
0.01,198537
0.01,199541
0.01,202224
0.01,203730
0.01,206243
0.01,210439
0.01,210756
0.01,206698
0.01,201469
0.01,197715
0.01,187195
0.01,187272
0.01,185917
0.01,187298
0.01,191996
0.01,185928
0.01,186071
0.01,183708
0.01,181139
0.01,182929
0.01,176897
0.01,172684
0.01,175504
0.01,176428
0.01,175733
0.01,176155
0.01,171788
0.01,176887
0.01,173330
0.01,167302
0.01,166003
0.01,162620
0.01,168971
0.01,169285
0.01,174657
0.01,178124
0.01,177051
0.01,175748
0.01,163099
0.01,163714
0.01,160909
0.01,159856
0.01,158307
0.01,156751
0.01,153344
0.01,153919
0.01,156262
0.01,156808
0.01,157615
0.01,150455
0.01,155781
0.01,158786
0.01,155844
0.01,153033
0.01,155699
0.01,154629
0.01,153089
0.01,147189
0.01,145093
0.01,144411
0.01,144380
0.01,144174
0.01,144702
0.01,145883
0.01,148796
0.01,152637
0.01,153218
0.01,156637
0.01,161366
0.01,164079
0.01,170118
0.01,169776
0.01,164605
0.01,167304
0.01,161485
0.01,162573
0.01,158974
0.01,161145
0.01,164364
0.01,164356
0.01,161760
0.01,158777
0.01,151408
0.01,147631
0.01,150630
0.01,148642
0.01,145852
0.01,141715
0.01,143358
0.01,144365
0.01,139360
0.01,136959
0.01,137133
0.01,135029
0.01,137751
0.01,138630
0.01,136889
0.01,133328
0.01,132842
0.01,132645
0.01,131118
0.01,128672
0.01,128928
0.01,130386
0.01,127173
0.01,125947
0.01,125840
0.01,124474
0.01,125695
0.01,125384
0.01,127698
0.01,128075
0.01,126976
0.01,123757
0.01,124251
0.01,124448
0.01,122249
0.01,123285
0.01,120810
0.01,119527
0.01,118311
0.01,117126
0.01,116010
0.01,114951
0.01,113932
0.01,113040
0.01,114704
0.01,116576
0.01,115044
0.01,113819
0.01,113442
0.01,112996
0.01,114506
0.01,118458
0.01,119090
0.01,118523
0.01,115271
0.01,114262
0.01,114528
0.01,113346
0.01,111463
0.01,110814
0.01,110215
0.01,109661
0.01,109183
0.01,108718
0.01,108286
0.01,107978
0.01,107685
0.01,107234
0.01,106952
0.01,112159
0.01,110478
0.01,106754
0.01,106345
0.01,106081
0.01,106049
0.01,106031
