0.00,522720
0.00,514449
0.00,501395
0.00,488321
0.00,473478
0.00,469830
0.00,471854
0.00,468203
0.00,467055
0.00,445013
0.00,455416
0.00,440621
0.00,418063
0.00,413983
0.00,407079
0.00,395634
0.00,394283
0.00,394925
0.00,377124
0.00,379655
0.00,379479
0.00,375712
0.00,378285
0.00,359456
0.00,338578
0.00,325377
0.00,327966
0.00,329224
0.00,322382
0.00,325448
0.00,309515
0.00,312496
0.00,306821
0.00,311895
0.00,314211
0.00,310450
0.00,301529
0.00,298130
0.00,294788
0.00,294159
0.00,289001
0.00,295415
0.00,292587
0.00,292933
0.00,288549
0.00,287325
0.00,274418
0.00,272229
0.00,265259
0.00,261726
0.00,260493
0.00,259114
0.00,254351
0.00,253951
0.00,244244
0.00,245356
0.00,242138
0.00,245185
0.00,249033
0.00,251578
0.00,251187
0.00,257430
0.00,255961
0.00,258641
0.00,258699
0.00,255749
0.00,252867
0.00,243731
0.00,245358
0.00,243622
0.00,238769
0.00,239885
0.00,236234
0.00,227870
0.00,221228
0.00,222140
0.00,218238
0.00,216399
0.00,217556
0.00,216364
0.00,215815
0.00,209600
0.00,200005
0.00,204001
0.00,194280
0.00,193774
0.00,193915
0.00,208149
0.01,211947
0.01,210017
0.01,202902
0.01,199970
0.01,199668
0.01,197686
0.01,201281
0.01,200449
0.01,194971
0.01,192298
0.01,192273
0.01,191043
0.01,189797
0.01,187082
0.01,194006
0.01,187635
0.01,187242
0.01,188007
0.01,183478
0.01,182526
0.01,180210
0.01,178619
0.01,175986
0.01,174613
0.01,171412
0.01,169590
0.01,172517
0.01,168660
0.01,168615
0.01,170444
0.01,172980
0.01,169248
0.01,171498
0.01,166396
0.01,165385
0.01,164481
0.01,165297
0.01,161245
0.01,160811
0.01,157985
0.01,155260
0.01,154189
0.01,152681
0.01,155968
0.01,152954
0.01,152442
0.01,152190
0.01,153603
0.01,152012
0.01,152055
0.01,153227
0.01,152326
0.01,153146
0.01,149103
0.01,150316
0.01,152565
0.01,151894
0.01,151538
0.01,151142
0.01,146263
0.01,143837
0.01,143993
0.01,141496
0.01,141961
0.01,143635
0.01,143724
0.01,145068
0.01,144878
0.01,148041
0.01,151145
0.01,151367
0.01,152029
0.01,150499
0.01,151421
0.01,151824
0.01,145170
0.01,142657
0.01,143111
0.01,141297
0.01,140533
0.01,138041
0.01,143664
0.01,143610
0.01,142663
0.01,145221
0.01,144847
0.01,144351
0.01,145148
0.01,145810
0.01,145874
0.01,138689
0.01,143832
0.01,140455
0.01,139248
0.01,138067
0.01,135572
0.01,136763
0.01,136417
0.01,134486
0.01,134900
0.01,133681
0.01,136049
0.01,132220
0.01,130374
0.01,128537
0.01,126799
0.01,125148
0.01,130500
0.01,133493
0.01,135356
0.01,136241
0.01,128909
0.01,128784
0.01,124647
0.01,123103
0.01,124494
0.01,126361
0.01,123951
0.01,122857
0.01,121469
0.01,120095
0.01,120322
0.01,118899
0.01,117708
0.01,116205
0.01,116370
0.01,117624
0.01,116717
0.01,120091
0.01,121733
0.01,123400
0.01,126216
0.01,125101
0.01,123758
0.01,123071
0.01,122283
0.01,118790
0.01,117187
0.01,116634
0.01,115401
0.01,117231
0.01,119818
0.01,121380
0.01,124140
0.01,125721
0.01,124747
0.01,125291
0.01,121918
0.01,119675
0.01,118702
0.01,118288
0.01,117624
0.01,115623
0.01,114241
0.01,113614
0.01,112997
0.01,112055
0.01,113160
0.01,117051
0.01,118368
0.01,118140
0.01,115417
0.01,113827
0.01,116424
0.01,116197
0.01,114073
0.01,112297
0.01,111495
0.01,112266
0.01,113261
0.01,111787
0.01,111555
0.01,112367
0.01,112269
0.01,112539
0.01,111071
0.01,110853
0.01,111897
0.01,110185
0.01,109791
0.01,109312
0.01,108901
0.01,108535
0.01,108170
0.01,108633
0.01,109024
0.01,108228
0.01,109296
0.01,108886
0.01,108790
0.01,109867
0.01,106198
0.01,106856
0.01,108958
0.01,111265
0.01,112372
0.01,114020
0.01,114560
0.01,114384
0.01,111048
0.01,110531
0.01,107970
0.01,106785
0.01,105829
0.01,104658
0.01,103702
0.01,105525
0.01,106771
0.01,105621
0.01,105353
0.01,103934
0.01,103067
0.01,102876
0.01,102655
0.01,102620
0.01,102593
