0.00, 567252
0.00, 547931
0.00, 545346
0.00, 544737
0.00, 542850
0.00, 539988
0.00, 536710
0.00, 534717
0.00, 529503
0.00, 525912
0.00, 521197
0.00, 518708
0.00, 517956
0.01, 515251
0.01, 511921
0.01, 507077
0.01, 496403
0.01, 494478
0.01, 486453
0.01, 481608
0.01, 472892
0.01, 472792
0.01, 471344
0.01, 469725
0.01, 469446
0.01, 468478
0.01, 459475
0.01, 451248
0.01, 445422
0.01, 442195
0.01, 441206
0.01, 438450
0.01, 433971
0.01, 419271
0.01, 418905
0.01, 418022
0.01, 417968
0.01, 416066
0.04, 415629
0.07, 407351
0.07, 406303
0.07, 406219
0.07, 399563
0.07, 397306
0.07, 396972
0.10, 390406
0.10, 390334
0.10, 389809
0.10, 388132
0.10, 388120
0.12, 387736
0.12, 384815
0.18, 382042
0.18, 381308
0.18, 380862
0.18, 380774
0.18, 380517
0.19, 376779
0.19, 368874
0.19, 368192
0.19, 366250
0.22, 365677
0.22, 363001
0.22, 361247
0.22, 360202
0.23, 354035
0.23, 350965
0.23, 348427
0.23, 348277
0.26, 345846
0.27, 344764
0.27, 342830
0.27, 341580
0.30, 326343
0.30, 318369
0.30, 317943
0.30, 316152
0.30, 311672
0.37, 311143
0.37, 303961
0.37, 298721
0.37, 297799
0.37, 297518
0.37, 293820
0.37, 292845
0.39, 292394
0.39, 290525
0.39, 290169
0.39, 288092
0.39, 287320
0.39, 286120
0.39, 274551
0.39, 273129
0.39, 271477
0.45, 270220
0.45, 267666
0.45, 265785
0.45, 262318
0.45, 259134
0.45, 258147
0.45, 256241
0.45, 253764
0.45, 251122
0.45, 244636
0.45, 242826
0.48, 242774
0.48, 242741
0.49, 241827
0.51, 235890
0.53, 235856
0.53, 234789
0.54, 232634
0.54, 230045
0.54, 227752
0.54, 224480
0.54, 222778
0.54, 222649
0.54, 222520
0.54, 221877
0.54, 219030
0.54, 219002
0.54, 218565
0.54, 218441
0.54, 218429
0.54, 217202
0.54, 215280
0.57, 214497
0.57, 213736
0.57, 211777
0.57, 210423
0.57, 207314
0.57, 205087
0.57, 198964
0.57, 198319
0.59, 196368
0.60, 195922
0.60, 195691
0.60, 193264
0.60, 193207
0.60, 192691
0.60, 188800
0.60, 188109
0.60, 187832
0.60, 186755
0.61, 184363
0.61, 183766
0.61, 180293
0.61, 179467
0.61, 175923
0.64, 173502
0.64, 170072
0.64, 169661
0.64, 169562
0.69, 169224
0.69, 167987
0.69, 165654
0.69, 165238
0.69, 162088
0.69, 159892
0.70, 159591
0.70, 156470
0.70, 156284
0.70, 155851
0.70, 155843
0.70, 154028
0.70, 152899
0.70, 152861
0.70, 152801
0.70, 152711
0.70, 152696
0.71, 152498
0.71, 152216
0.71, 152007
0.73, 150825
0.73, 148970
0.73, 147964
0.73, 147855
0.73, 147785
0.73, 147299
0.73, 147118
0.73, 147114
0.73, 146453
0.73, 145669
0.74, 145151
0.74, 145045
0.74, 144747
0.74, 144257
0.74, 144156
0.74, 142479
0.74, 141233
0.74, 140232
0.74, 139840
0.74, 139346
0.75, 138866
0.75, 138587
0.75, 137100
0.75, 136530
0.75, 135576
0.77, 134893
0.77, 134340
0.77, 134222
0.77, 133844
0.77, 133759
0.77, 132307
0.78, 132071
0.80, 128282
0.80, 125936
0.85, 125437
0.85, 124188
0.85, 124028
0.85, 124002
0.85, 123699
0.85, 123502
0.85, 123405
0.85, 122814
0.85, 121841
0.85, 121343
0.85, 121304
0.85, 120835
0.85, 120579
0.85, 118465
0.85, 118371
0.85, 117950
0.86, 117000
0.86, 116683
0.86, 116187
0.86, 115103
0.86, 114950
0.86, 114228
0.86, 113579
0.86, 113552
0.87, 112817
0.87, 112408
0.87, 112126
0.87, 111819
0.87, 111114
0.87, 111068
0.87, 110781
0.90, 109849
0.90, 109825
0.90, 109789
0.90, 108591
0.93, 107219
0.93, 107210
0.93, 106966
0.97, 106489
0.97, 105849
0.97, 105255
0.97, 105192
0.97, 103706
0.98, 103499
0.98, 103489
1.03, 103301
1.03, 103203
1.03, 102953
1.03, 102772
1.03, 102743
1.04, 102643
1.04, 102093
1.06, 102004
1.10, 101873
1.11, 101768
1.11, 101130
1.21, 101030
1.21, 101003
1.21, 100887
1.21, 100860
2.74, 100830
2.75, 100709
4.21, 100666
4.21, 100582
4.21, 100439
4.21, 100431
