0.02, 560284
0.02, 556564
0.02, 555191
0.02, 545781
0.02, 540824
0.02, 538251
0.02, 530672
0.02, 519252
0.02, 518696
0.02, 517551
0.02, 517205
0.02, 513478
0.02, 513090
0.02, 508439
0.02, 506703
0.02, 496163
0.02, 496064
0.02, 491137
0.02, 476029
0.02, 471997
0.02, 470047
0.02, 469532
0.02, 468348
0.02, 467854
0.02, 466410
0.02, 465984
0.02, 465505
0.02, 455680
0.02, 452957
0.02, 450660
0.02, 447323
0.02, 444522
0.03, 439833
0.03, 439651
0.03, 438002
0.03, 437396
0.03, 426831
0.04, 426284
0.04, 423103
0.04, 419341
0.04, 419204
0.05, 410675
0.05, 404896
0.07, 403367
0.07, 395056
0.07, 394805
0.07, 391570
0.07, 390081
0.07, 387654
0.13, 377966
0.13, 376240
0.13, 376224
0.13, 369806
0.13, 367540
0.13, 366428
0.18, 363668
0.18, 362795
0.18, 362087
0.18, 361168
0.18, 354661
0.18, 352629
0.30, 349701
0.30, 348763
0.30, 347016
0.30, 345722
0.30, 339647
0.30, 339202
0.30, 334401
0.30, 329476
0.30, 328264
0.30, 325393
0.30, 323917
0.30, 323536
0.30, 316821
0.30, 316253
0.36, 309575
0.36, 299468
0.36, 299457
0.36, 295952
0.40, 295121
0.40, 292943
0.40, 292414
0.40, 292382
0.40, 292123
0.40, 291647
0.41, 291212
0.41, 289369
0.41, 285857
0.41, 278405
0.46, 272721
0.47, 267049
0.47, 266063
0.48, 263012
0.48, 262355
0.48, 261993
0.48, 261974
0.48, 261317
0.48, 260594
0.48, 257075
0.48, 256005
0.49, 255592
0.49, 252940
0.49, 252882
0.50, 252755
0.50, 248771
0.51, 248431
0.51, 248220
0.51, 247073
0.51, 246766
0.51, 245558
0.51, 245333
0.51, 241751
0.51, 239378
0.51, 237137
0.51, 236018
0.51, 232893
0.51, 232517
0.51, 232514
0.51, 230494
0.51, 227104
0.51, 224179
0.51, 223459
0.56, 222022
0.56, 216310
0.56, 213748
0.56, 211705
0.56, 210275
0.56, 210022
0.56, 208535
0.56, 203224
0.56, 203150
0.56, 201911
0.56, 201747
0.56, 201218
0.56, 200676
0.56, 199436
0.56, 197737
0.58, 197484
0.58, 196616
0.61, 196369
0.62, 195208
0.62, 195112
0.63, 194793
0.63, 193783
0.63, 193510
0.63, 192519
0.63, 192489
0.63, 190560
0.63, 188357
0.63, 186860
0.63, 185330
0.63, 183447
0.63, 180816
0.63, 178742
0.63, 176335
0.63, 174424
0.63, 173918
0.66, 172573
0.66, 170951
0.66, 170640
0.67, 170309
0.68, 169339
0.68, 168757
0.68, 167790
0.68, 166044
0.68, 164650
0.70, 163618
0.70, 163366
0.70, 163027
0.70, 162276
0.70, 161845
0.70, 161721
0.70, 161507
0.70, 160598
0.70, 160303
0.70, 159280
0.70, 157830
0.70, 157586
0.70, 157530
0.71, 157516
0.71, 157045
0.71, 156683
0.71, 156291
0.71, 156146
0.71, 154246
0.71, 154225
0.71, 152113
0.71, 151563
0.71, 150034
0.74, 146629
0.74, 146436
0.74, 145480
0.74, 145250
0.74, 144989
0.74, 144271
0.74, 144160
0.74, 142671
0.74, 142549
0.74, 142430
0.74, 142081
0.74, 141363
0.77, 140362
0.78, 140009
0.78, 140007
0.78, 139285
0.78, 139106
0.79, 137435
0.79, 136750
0.79, 136229
0.79, 135019
0.79, 134611
0.79, 134394
0.79, 134153
0.80, 134128
0.80, 133707
0.80, 131008
0.80, 130787
0.80, 130559
0.80, 129171
0.80, 127525
0.80, 126076
0.80, 122367
0.85, 122271
0.85, 121032
0.87, 120994
0.88, 120436
0.88, 119071
0.88, 117670
0.88, 117363
0.88, 117347
0.88, 117040
0.88, 116940
0.88, 115918
0.88, 115194
0.88, 115030
0.88, 114832
0.90, 114015
0.90, 113753
0.90, 113720
0.90, 113121
0.90, 113021
0.90, 111202
0.90, 110875
0.90, 109786
0.90, 109734
0.90, 109669
0.90, 109109
0.98, 108988
0.98, 108569
0.98, 107777
0.98, 107732
0.98, 106794
0.98, 106652
0.98, 106616
0.98, 106413
0.98, 106400
0.98, 106359
1.02, 106242
1.02, 105461
1.02, 104907
1.02, 104727
1.05, 104463
1.06, 104432
1.06, 104240
1.06, 103848
1.07, 103712
1.07, 102869
1.07, 102267
1.07, 102201
1.07, 102174
1.08, 101993
1.12, 101701
1.12, 101493
1.12, 101485
1.16, 101377
1.16, 101350
1.16, 101042
1.16, 100830
1.17, 100709
