0.02, 549890
0.02, 547437
0.02, 546443
0.02, 546434
0.02, 543589
0.02, 536544
0.02, 526531
0.02, 523717
0.02, 522600
0.02, 518715
0.02, 515738
0.02, 514881
0.02, 512985
0.02, 503773
0.02, 502593
0.02, 502316
0.02, 500937
0.02, 483318
0.02, 482983
0.02, 481432
0.02, 475721
0.02, 473067
0.02, 469432
0.02, 465331
0.02, 464935
0.02, 463517
0.02, 462496
0.02, 456684
0.02, 454502
0.02, 452966
0.02, 450785
0.02, 449673
0.02, 449048
0.02, 449020
0.02, 446958
0.02, 435379
0.02, 434611
0.02, 432840
0.02, 432086
0.02, 429696
0.03, 420594
0.04, 418578
0.04, 413949
0.04, 413435
0.06, 411089
0.07, 410776
0.07, 402623
0.12, 396816
0.12, 382949
0.12, 375126
0.13, 373624
0.20, 365045
0.20, 359564
0.20, 359109
0.20, 357328
0.26, 355004
0.26, 353461
0.26, 352992
0.26, 348548
0.26, 345016
0.26, 340174
0.30, 337000
0.30, 336567
0.30, 330220
0.30, 325808
0.30, 323908
0.30, 321413
0.37, 321156
0.37, 320876
0.37, 320208
0.38, 319603
0.38, 318406
0.38, 317305
0.38, 315414
0.38, 315366
0.38, 314847
0.38, 312667
0.38, 310272
0.38, 308549
0.38, 308354
0.38, 304922
0.38, 304521
0.39, 300827
0.39, 298222
0.39, 297895
0.39, 296974
0.39, 295112
0.39, 294546
0.41, 292823
0.41, 292809
0.41, 290974
0.41, 288914
0.41, 286919
0.41, 286545
0.41, 285673
0.41, 281441
0.43, 281179
0.44, 280031
0.45, 277941
0.45, 276321
0.45, 274177
0.45, 270551
0.45, 267867
0.45, 262720
0.49, 261955
0.49, 260608
0.49, 257410
0.49, 255417
0.50, 253860
0.50, 253413
0.50, 252516
0.50, 250882
0.50, 250533
0.50, 250092
0.50, 249476
0.50, 247630
0.50, 245647
0.50, 245070
0.50, 242063
0.50, 241569
0.50, 240579
0.51, 238705
0.51, 233929
0.51, 232769
0.51, 230956
0.51, 227376
0.52, 227086
0.54, 224722
0.54, 224636
0.54, 224633
0.54, 221938
0.54, 221802
0.54, 221664
0.54, 221659
0.54, 221170
0.57, 219652
0.57, 218560
0.58, 218337
0.58, 217423
0.60, 215992
0.60, 214870
0.61, 214019
0.61, 211691
0.61, 210493
0.61, 208540
0.61, 207855
0.61, 207254
0.61, 206946
0.61, 206181
0.61, 205564
0.61, 204918
0.61, 204569
0.61, 203028
0.61, 200896
0.61, 200029
0.61, 200026
0.61, 198901
0.61, 198654
0.61, 195196
0.63, 194609
0.63, 193756
0.63, 192075
0.63, 191864
0.63, 191236
0.63, 190438
0.63, 190194
0.63, 187800
0.63, 186075
0.63, 181615
0.63, 177602
0.63, 176156
0.67, 175912
0.67, 173816
0.67, 172097
0.67, 171322
0.67, 171233
0.67, 170013
0.67, 168716
0.67, 167972
0.67, 167042
0.67, 166136
0.67, 165964
0.68, 162888
0.68, 162071
0.68, 162050
0.68, 161290
0.68, 160807
0.68, 160526
0.68, 159639
0.71, 158001
0.71, 156553
0.71, 156287
0.71, 155556
0.71, 155376
0.71, 153483
0.71, 152655
0.71, 151178
0.71, 150643
0.73, 149346
0.73, 148999
0.73, 147478
0.73, 147387
0.73, 147288
0.73, 146328
0.76, 146193
0.76, 145254
0.76, 145250
0.76, 144950
0.76, 143496
0.76, 141962
0.76, 140418
0.76, 140300
0.76, 140168
0.77, 139571
0.77, 138939
0.77, 138159
0.77, 137882
0.77, 136909
0.79, 135945
0.79, 135385
0.79, 134642
0.79, 133135
0.79, 133096
0.81, 131305
0.81, 130661
0.81, 130419
0.81, 129233
0.81, 128349
0.82, 128279
0.82, 128261
0.82, 127711
0.82, 124466
0.83, 123100
0.83, 122071
0.83, 122042
0.83, 121007
0.83, 120801
0.83, 120751
0.83, 120727
0.83, 120251
0.84, 119917
0.85, 119812
0.88, 118932
0.89, 118647
0.89, 118093
0.89, 117139
0.89, 116893
0.89, 116338
0.91, 115973
0.91, 115937
0.91, 114682
0.91, 112730
0.91, 112252
0.91, 112022
0.91, 111761
0.92, 111433
0.92, 109095
0.92, 108829
0.92, 107692
0.92, 107527
0.95, 107259
0.95, 106525
0.95, 106304
0.96, 106099
0.96, 106013
0.96, 104565
1.04, 104077
1.04, 103810
1.04, 103479
1.04, 103093
1.05, 103060
1.05, 103019
1.05, 102828
1.05, 102687
1.05, 102651
1.05, 102589
1.11, 102513
1.11, 102321
1.12, 102274
1.12, 102199
1.12, 102164
1.14, 102117
1.14, 102116
1.15, 102064
1.15, 101653
1.19, 101648
1.19, 101473
1.22, 101399
1.23, 101392
1.26, 101287
1.28, 101279
2.70, 101219
2.84, 101192
4.17, 101141
5.78, 100992
5.79, 100912
7.44, 100797
7.51, 100790
7.51, 100782
7.52, 100677
7.52, 100669
7.54, 100642
