0.00, 532008
0.00, 531042
0.00, 522456
0.01, 518865
0.01, 509455
0.01, 506118
0.01, 483492
0.01, 481498
0.01, 475334
0.01, 471768
0.01, 471363
0.01, 471131
0.01, 469774
0.01, 469739
0.01, 463676
0.01, 460829
0.01, 457822
0.01, 453805
0.01, 451352
0.01, 447345
0.01, 444660
0.01, 443446
0.01, 442811
0.01, 435701
0.01, 428521
0.01, 420226
0.01, 417729
0.01, 417569
0.01, 417313
0.01, 412312
0.03, 401476
0.03, 398288
0.11, 396635
0.11, 396555
0.11, 396548
0.11, 395008
0.12, 394557
0.12, 393396
0.13, 389095
0.13, 388510
0.13, 381765
0.15, 379736
0.15, 379007
0.15, 377945
0.15, 377857
0.18, 370819
0.18, 366678
0.18, 364596
0.18, 364315
0.22, 364075
0.22, 363722
0.22, 363267
0.24, 361169
0.24, 346975
0.26, 346063
0.28, 344801
0.28, 344798
0.28, 343259
0.28, 339786
0.29, 332330
0.29, 329082
0.29, 328332
0.32, 325341
0.32, 322757
0.32, 322686
0.32, 320122
0.32, 311823
0.36, 306875
0.36, 306476
0.36, 303577
0.36, 300894
0.36, 299395
0.36, 298000
0.38, 297319
0.38, 295769
0.38, 295650
0.38, 294096
0.40, 294020
0.42, 292192
0.42, 290244
0.42, 288880
0.42, 287233
0.42, 285322
0.42, 282260
0.42, 280831
0.42, 278824
0.42, 276915
0.42, 276557
0.43, 276149
0.43, 276124
0.44, 274903
0.44, 274372
0.44, 270657
0.44, 270369
0.44, 268236
0.44, 267424
0.44, 265593
0.44, 265348
0.44, 265165
0.44, 262479
0.44, 261437
0.44, 261226
0.44, 260546
0.44, 256032
0.46, 253471
0.46, 253206
0.47, 252923
0.50, 251948
0.51, 250530
0.51, 248554
0.51, 248511
0.51, 248095
0.51, 246299
0.51, 245819
0.51, 245378
0.51, 244584
0.51, 244197
0.51, 243877
0.51, 242138
0.51, 241034
0.52, 239713
0.52, 238048
0.52, 237234
0.52, 235666
0.52, 235077
0.53, 234865
0.53, 231852
0.53, 231183
0.53, 230159
0.53, 229836
0.53, 227146
0.53, 225845
0.54, 225446
0.54, 224254
0.55, 218680
0.55, 216399
0.55, 214653
0.57, 211174
0.57, 211107
0.57, 210569
0.58, 210302
0.58, 209852
0.58, 209733
0.58, 199010
0.58, 196871
0.58, 196702
0.58, 195509
0.58, 195398
0.58, 191100
0.58, 186634
0.58, 186564
0.60, 186189
0.60, 185593
0.60, 184361
0.60, 183552
0.60, 182642
0.62, 181965
0.63, 179762
0.64, 179680
0.64, 179132
0.64, 179048
0.64, 177246
0.64, 176043
0.64, 173793
0.66, 172728
0.66, 172156
0.66, 170618
0.66, 170599
0.66, 170499
0.69, 170057
0.69, 166536
0.69, 165490
0.69, 165270
0.69, 163240
0.69, 162518
0.70, 160160
0.70, 157593
0.70, 154544
0.70, 153674
0.71, 152975
0.71, 151811
0.71, 151448
0.71, 150336
0.71, 149712
0.71, 149459
0.71, 148963
0.71, 146676
0.71, 146462
0.71, 143020
0.71, 143014
0.74, 141804
0.74, 141598
0.74, 139289
0.76, 138393
0.77, 137836
0.77, 137697
0.77, 137543
0.77, 137471
0.77, 137395
0.77, 137183
0.77, 136967
0.77, 136753
0.77, 136442
0.77, 136440
0.77, 135609
0.77, 134891
0.77, 133441
0.77, 132799
0.77, 132788
0.79, 130811
0.80, 130307
0.80, 129251
0.80, 127555
0.80, 127431
0.82, 124986
0.82, 124063
0.83, 123825
0.83, 123474
0.83, 122648
0.85, 122499
0.85, 122296
0.85, 120931
0.85, 120726
0.85, 120176
0.85, 119988
0.85, 119885
0.85, 119621
0.85, 118652
0.85, 117886
0.85, 117192
0.85, 115639
0.88, 115468
0.88, 115386
0.88, 113158
0.88, 112707
0.89, 112600
0.89, 112359
0.89, 112266
0.89, 112088
0.89, 111109
0.91, 110098
0.93, 109960
0.93, 109658
0.93, 109631
0.93, 108903
0.93, 108655
0.93, 108554
0.95, 108540
0.95, 108526
0.95, 108395
0.95, 108138
0.95, 108036
0.95, 107943
0.95, 107516
0.95, 106279
0.95, 104924
0.95, 104617
0.96, 104432
0.96, 103830
0.96, 103729
0.96, 103542
1.06, 103461
1.06, 103253
1.08, 102474
1.08, 102047
1.08, 101843
1.09, 101794
1.14, 101748
1.14, 101701
1.14, 101650
1.14, 101611
1.14, 101543
6.04, 101405
6.05, 101251
6.05, 101095
6.05, 101092
6.10, 101068
6.11, 100979
7.55, 100877
7.68, 100642
13.78, 100623
13.78, 100615
