0.02, 518755
0.02, 515590
0.02, 509338
0.02, 505314
0.02, 503887
0.02, 503713
0.02, 500138
0.02, 500092
0.02, 497225
0.02, 496334
0.02, 489991
0.02, 489628
0.02, 483666
0.02, 482476
0.02, 480123
0.02, 468003
0.02, 466305
0.02, 466015
0.02, 459547
0.02, 456444
0.02, 455518
0.02, 449787
0.03, 444027
0.03, 439475
0.03, 439426
0.03, 437605
0.03, 432314
0.03, 431962
0.03, 428798
0.03, 428412
0.03, 428369
0.03, 423525
0.03, 415809
0.04, 414273
0.04, 413237
0.06, 406322
0.06, 401557
0.06, 400435
0.06, 392636
0.06, 391344
0.06, 390426
0.08, 389683
0.18, 389218
0.18, 388991
0.18, 387255
0.18, 386783
0.21, 386239
0.21, 382970
0.21, 382286
0.21, 378281
0.21, 377839
0.21, 374316
0.21, 372317
0.21, 365074
0.21, 364672
0.23, 362539
0.23, 362431
0.23, 360827
0.24, 357805
0.25, 354378
0.25, 353628
0.25, 350883
0.25, 347569
0.25, 344433
0.25, 343143
0.25, 340144
0.25, 334097
0.25, 333853
0.25, 333303
0.25, 330094
0.25, 327335
0.33, 326988
0.33, 325340
0.33, 320593
0.33, 315210
0.36, 313385
0.37, 308392
0.37, 305743
0.37, 305477
0.37, 303522
0.39, 302629
0.41, 294869
0.41, 294552
0.41, 290787
0.41, 290096
0.41, 290012
0.41, 289045
0.41, 286037
0.41, 282990
0.41, 282685
0.41, 281307
0.41, 272829
0.41, 272759
0.41, 271233
0.41, 270551
0.48, 270408
0.48, 269273
0.48, 264631
0.48, 262611
0.48, 260546
0.48, 258652
0.48, 258650
0.48, 256819
0.48, 252641
0.50, 250212
0.50, 250054
0.50, 248672
0.50, 247803
0.50, 245249
0.50, 244861
0.50, 244411
0.50, 243743
0.52, 242556
0.52, 237097
0.52, 235322
0.52, 235063
0.52, 234717
0.52, 230767
0.54, 229550
0.54, 229296
0.54, 228162
0.54, 227790
0.54, 226334
0.56, 225745
0.56, 225224
0.56, 224534
0.56, 224461
0.56, 224440
0.56, 223862
0.56, 222559
0.56, 221074
0.56, 220942
0.56, 220714
0.57, 216927
0.57, 214570
0.57, 213900
0.58, 212120
0.59, 211982
0.59, 211423
0.59, 211051
0.59, 210623
0.59, 208547
0.59, 208433
0.59, 207994
0.59, 207586
0.59, 207493
0.59, 207336
0.60, 206427
0.60, 205686
0.60, 197200
0.60, 196545
0.60, 194781
0.60, 194515
0.60, 190411
0.60, 190290
0.60, 190210
0.60, 185940
0.61, 185867
0.61, 185497
0.61, 185348
0.65, 185337
0.65, 180782
0.65, 177057
0.65, 175180
0.66, 174448
0.66, 174283
0.66, 174250
0.66, 174076
0.66, 173874
0.66, 172775
0.67, 172757
0.67, 167590
0.67, 167297
0.70, 166824
0.70, 165192
0.71, 164686
0.71, 163158
0.71, 163150
0.71, 160943
0.71, 159789
0.71, 159296
0.71, 159273
0.71, 159207
0.71, 159184
0.71, 158970
0.71, 157927
0.71, 157638
0.71, 156010
0.71, 155824
0.71, 154804
0.72, 154720
0.72, 154581
0.72, 152660
0.72, 152271
0.72, 151715
0.72, 151316
0.72, 150296
0.72, 149539
0.76, 149174
0.76, 148835
0.76, 146624
0.76, 146510
0.76, 145463
0.76, 144242
0.76, 143524
0.76, 142821
0.76, 142785
0.76, 141723
0.76, 140797
0.76, 140181
0.76, 139461
0.76, 139253
0.76, 138027
0.76, 137687
0.76, 136649
0.78, 135647
0.78, 135270
0.78, 134641
0.78, 132486
0.78, 132451
0.78, 132174
0.78, 131690
0.78, 131411
0.78, 130808
0.78, 130680
0.78, 128348
0.78, 127087
0.83, 126187
0.83, 125497
0.83, 123910
0.83, 123777
0.83, 123208
0.83, 122276
0.84, 122101
0.86, 121862
0.86, 121071
0.86, 119939
0.86, 118868
0.86, 118570
0.90, 118080
0.90, 118067
0.90, 117601
0.90, 117562
0.90, 117493
0.90, 116094
0.90, 115763
0.90, 115327
0.90, 113142
0.90, 112786
0.90, 112456
0.90, 111815
0.90, 111507
0.90, 111307
0.91, 111274
0.91, 111009
0.91, 108999
0.91, 108925
0.91, 108419
0.91, 108162
0.91, 108142
0.96, 107747
0.97, 107687
0.97, 107598
0.97, 107412
0.98, 106362
0.98, 106208
0.98, 105977
1.02, 105904
1.03, 105855
1.03, 105563
1.03, 105527
1.03, 105497
1.03, 105255
1.04, 105130
1.05, 105042
1.05, 104633
1.05, 104458
1.05, 103876
1.05, 103875
1.05, 103623
1.05, 103473
1.05, 103443
1.05, 103368
1.05, 102946
1.05, 102725
1.13, 102389
1.13, 102337
1.15, 102332
1.15, 102090
1.15, 101681
1.16, 101674
1.17, 101611
1.17, 101584
1.17, 101393
1.17, 101363
1.23, 101250
2.75, 101110
2.75, 101003
2.75, 100812
2.75, 100642
