0.00,554482
0.00,524240
0.00,510397
0.00,511357
0.00,492529
0.00,479818
0.00,467469
0.00,466004
0.00,455519
0.00,433530
0.00,431359
0.00,429713
0.00,418208
0.00,415720
0.00,387374
0.00,381960
0.00,380657
0.00,370330
0.00,357660
0.00,343364
0.00,344246
0.00,338956
0.00,324161
0.00,308981
0.00,304175
0.00,304276
0.00,301763
0.00,304156
0.00,298088
0.00,287079
0.00,284341
0.00,284736
0.00,291564
0.00,294051
0.00,292119
0.00,279493
0.00,280488
0.00,279912
0.00,283664
0.00,288524
0.00,279975
0.00,276718
0.00,274213
0.00,271235
0.00,270994
0.00,264576
0.00,267356
0.00,255152
0.00,259048
0.00,263615
0.00,261189
0.00,265341
0.00,264224
0.00,262658
0.00,257323
0.00,255749
0.00,250532
0.00,249486
0.00,245393
0.00,240641
0.00,237953
0.01,234108
0.01,235627
0.01,226835
0.01,224037
0.01,223631
0.01,218045
0.01,217501
0.01,219569
0.01,221266
0.01,220729
0.01,210499
0.01,215830
0.01,222992
0.01,226711
0.01,226388
0.01,222105
0.01,223374
0.01,220393
0.01,211138
0.01,216599
0.01,221243
0.01,221864
0.01,217085
0.01,216508
0.01,213895
0.01,210602
0.01,206266
0.01,206261
0.01,204499
0.01,202297
0.01,202458
0.01,198686
0.01,194027
0.01,191128
0.01,193663
0.01,190898
0.01,189446
0.01,191406
0.01,194591
0.01,193117
0.01,186169
0.01,184078
0.01,188833
0.01,193102
0.01,188889
0.01,183333
0.01,182269
0.01,174818
0.01,172824
0.01,175240
0.01,175865
0.01,175177
0.01,173657
0.01,168701
0.01,166163
0.01,165024
0.01,164955
0.01,164136
0.01,158526
0.01,160013
0.01,169521
0.01,169874
0.01,166384
0.01,166643
0.01,163504
0.01,158892
0.01,159893
0.01,161004
0.01,155969
0.01,157256
0.01,153917
0.01,151636
0.01,149561
0.01,147545
0.01,147227
0.01,147607
0.01,145558
0.01,144385
0.01,142905
0.01,143967
0.01,140866
0.01,139771
0.01,140518
0.01,141266
0.01,140324
0.01,137356
0.01,138721
0.01,139790
0.01,138561
0.01,139795
0.01,135560
0.01,134029
0.01,136595
0.01,135753
0.01,135316
0.01,133602
0.01,133149
0.01,134272
0.01,131602
0.01,131568
0.01,130113
0.01,128069
0.01,126854
0.01,125653
0.01,124519
0.01,126025
0.01,133933
0.01,135151
0.01,135945
0.01,133905
0.01,134026
0.01,132632
0.01,133680
0.01,134160
0.01,132227
0.01,129891
0.01,128628
0.01,129380
0.01,128090
0.01,125639
0.01,127131
0.01,128212
0.01,130333
0.01,129642
0.01,129585
0.01,126570
0.01,124654
0.01,125046
0.01,128687
0.01,133233
0.01,135081
0.01,135879
0.01,134704
0.01,134001
0.01,132811
0.01,134687
0.01,132776
0.01,130448
0.01,128199
0.01,124862
0.01,127626
0.01,125906
0.01,125079
0.01,127989
0.01,128704
0.01,129473
0.01,127278
0.01,127610
0.01,123964
0.01,122504
0.01,121710
0.01,120941
0.01,120234
0.01,119586
0.01,118972
0.01,118311
0.01,117875
0.01,117282
0.01,116719
0.01,116275
0.01,116000
0.01,117258
0.01,116619
0.01,115534
0.01,114977
0.01,114410
0.01,114496
0.01,118427
0.01,119070
0.01,118063
0.01,118576
0.01,117520
0.01,118721
0.01,117785
0.01,121341
0.01,125830
0.01,126689
0.01,123791
0.01,123557
0.01,122622
0.01,123307
0.01,123299
0.01,123013
0.01,122477
0.01,120710
0.01,122875
0.01,121696
0.01,120048
0.01,120624
0.01,120416
0.01,120313
0.01,119288
0.01,119074
0.01,119103
0.01,116343
0.01,114502
0.01,114065
0.01,113890
0.01,113669
0.01,117511
0.01,119208
0.01,117375
0.01,115936
0.01,115017
0.01,116092
0.01,114843
0.01,115335
0.01,116255
0.01,117439
0.01,118952
0.01,117318
0.01,116929
0.01,116551
0.01,117082
0.01,114503
0.01,113475
0.01,114405
0.01,112265
0.01,112407
0.01,112923
0.01,111640
0.01,111527
