0.00,475035
0.00,472126
0.00,459506
0.00,452578
0.00,447806
0.00,424462
0.00,409465
0.00,396488
0.00,397088
0.00,385502
0.00,377764
0.00,380088
0.00,370695
0.00,372339
0.00,370238
0.00,362787
0.00,357938
0.00,348768
0.00,339278
0.00,337054
0.00,341244
0.00,339926
0.00,323263
0.00,316923
0.00,313830
0.00,307742
0.00,307742
0.00,303811
0.00,306904
0.00,299490
0.00,299161
0.00,295338
0.00,285965
0.00,290179
0.00,293279
0.00,290505
0.00,285712
0.00,294105
0.00,289328
0.00,276414
0.00,277335
0.00,284598
0.00,271903
0.00,263310
0.00,260749
0.00,248506
0.00,243410
0.00,235081
0.00,232227
0.00,238005
0.00,252781
0.00,253764
0.00,253514
0.00,244294
0.00,241418
0.00,242414
0.00,239710
0.00,233554
0.00,233638
0.00,235788
0.00,231947
0.00,232125
0.00,230142
0.00,228478
0.00,223683
0.00,218293
0.00,218270
0.00,214815
0.00,215708
0.00,211351
0.00,207423
0.00,208610
0.00,214582
0.00,210137
0.00,212545
0.00,203902
0.00,202342
0.00,195826
0.00,197698
0.00,199827
0.00,200787
0.00,196002
0.00,191839
0.00,188858
0.00,190863
0.00,186804
0.00,182080
0.00,175796
0.00,172122
0.00,171142
0.00,174687
0.00,175271
0.00,173955
0.01,178598
0.01,180609
0.01,182332
0.01,171702
0.01,166577
0.01,166887
0.01,163529
0.01,165445
0.01,168460
0.01,166831
0.01,163644
0.01,159871
0.01,160830
0.01,161297
0.01,162288
0.01,165403
0.01,162818
0.01,160680
0.01,161953
0.01,164245
0.01,164838
0.01,162783
0.01,159278
0.01,160904
0.01,158003
0.01,155050
0.01,151479
0.01,148658
0.01,150746
0.01,152867
0.01,153774
0.01,155354
0.01,151576
0.01,151230
0.01,156162
0.01,158120
0.01,150812
0.01,150871
0.01,153660
0.01,154377
0.01,154147
0.01,154255
0.01,154306
0.01,154670
0.01,158223
0.01,158544
0.01,159922
0.01,154644
0.01,147605
0.01,145525
0.01,148059
0.01,144154
0.01,143883
0.01,140489
0.01,141037
0.01,146203
0.01,154595
0.01,157308
0.01,154585
0.01,151172
0.01,152667
0.01,153333
0.01,142713
0.01,142756
0.01,145924
0.01,147206
0.01,148816
0.01,153290
0.01,154155
0.01,150994
0.01,151899
0.01,152755
0.01,150209
0.01,144861
0.01,145200
0.01,143021
0.01,143781
0.01,141716
0.01,143835
0.01,141809
0.01,145592
0.01,144530
0.01,142723
0.01,141062
0.01,142882
0.01,141282
0.01,136477
0.01,132898
0.01,133505
0.01,136379
0.01,137783
0.01,135777
0.01,136294
0.01,138953
0.01,144943
0.01,142631
0.01,144943
0.01,149804
0.01,153554
0.01,156115
0.01,156637
0.01,152667
0.01,152149
0.01,152341
0.01,144403
0.01,145523
0.01,146078
0.01,148901
0.01,144662
0.01,144871
0.01,141312
0.01,139340
0.01,141498
0.01,143021
0.01,145413
0.01,141910
0.01,137380
0.01,141349
0.01,138005
0.01,137467
0.01,138237
0.01,136361
0.01,135681
0.01,133218
0.01,132936
0.01,133091
0.01,130574
0.01,130776
0.01,128145
0.01,127279
0.01,125836
0.01,124402
0.01,131281
0.01,134154
0.01,135181
0.01,133743
0.01,133651
0.01,133970
0.01,131567
0.01,132128
0.01,135740
0.01,138315
0.01,140361
0.01,146633
0.01,152247
0.01,152610
0.01,150698
0.01,144941
0.01,145670
0.01,145090
0.01,139493
0.01,135952
0.01,134468
0.01,132045
0.01,128136
0.01,131628
0.01,131454
0.01,132682
0.01,134989
0.01,133547
0.01,133599
0.01,131210
0.01,130337
0.01,130349
0.01,128870
0.01,129023
0.01,129100
0.01,129353
0.01,124485
0.01,124270
0.01,122181
0.01,120990
0.01,119835
0.01,118853
0.01,117637
0.01,116664
0.01,115375
0.01,114575
0.01,116815
0.01,116752
0.01,117835
0.01,116733
0.01,116413
0.01,118401
0.01,122093
0.01,121912
0.01,117528
0.01,115516
0.01,115707
0.01,117088
0.01,114728
0.01,115539
0.01,116762
0.01,116227
0.01,117264
0.01,117511
0.01,115374
0.01,120052
0.01,121221
0.01,120519
0.01,116457
0.01,114792
0.01,116839
0.01,113510
0.01,113834
0.01,114560
0.01,117499
0.01,119973
0.01,118148
0.01,115692
0.01,112602
0.01,113222
0.01,111326
0.01,112978
0.01,110539
0.01,109940
0.01,109475
0.01,109070
0.01,108703
0.01,108078
0.01,107720
0.01,107491
0.01,107270
0.01,107076
0.01,108114
0.01,106850
0.01,107865
0.01,106601
0.01,106442
0.01,106299
0.01,106207
0.01,106133
0.01,106071
0.01,105896
0.01,105846
0.01,105819
0.01,105809
0.01,105764
