0.00,551381
0.00,528186
0.00,510325
0.00,475124
0.00,453918
0.00,451690
0.00,445921
0.00,437947
0.00,418067
0.00,421216
0.00,414731
0.00,405443
0.00,399023
0.00,397061
0.00,396062
0.00,396078
0.00,374841
0.00,359572
0.00,360415
0.00,373344
0.00,375309
0.00,357419
0.00,345012
0.00,342825
0.00,340813
0.00,338188
0.00,340105
0.00,339410
0.00,331304
0.00,335120
0.00,337972
0.00,338749
0.00,332830
0.00,331778
0.00,328425
0.00,325032
0.00,324015
0.00,316889
0.00,322077
0.00,317700
0.00,323345
0.00,311679
0.00,303718
0.00,293994
0.00,283994
0.00,283570
0.00,280486
0.00,277069
0.00,270022
0.00,270805
0.00,268140
0.00,271997
0.00,269631
0.00,254061
0.00,253093
0.00,248798
0.00,245782
0.00,242621
0.00,234109
0.00,229987
0.00,230436
0.00,221130
0.00,223173
0.00,220469
0.00,214492
0.00,215150
0.01,215727
0.01,214566
0.01,216191
0.01,219692
0.01,218382
0.01,217924
0.01,217880
0.01,216088
0.01,210871
0.01,204199
0.01,202387
0.01,208141
0.01,209982
0.01,212678
0.01,215972
0.01,218044
0.01,221308
0.01,217053
0.01,217500
0.01,212328
0.01,216530
0.01,217617
0.01,216945
0.01,216914
0.01,210429
0.01,208636
0.01,208515
0.01,208360
0.01,211342
0.01,213890
0.01,210925
0.01,212673
0.01,206651
0.01,198549
0.01,197838
0.01,195190
0.01,190532
0.01,193400
0.01,196973
0.01,194065
0.01,191317
0.01,191093
0.01,190640
0.01,187583
0.01,190893
0.01,193234
0.01,186405
0.01,186843
0.01,189657
0.01,181710
0.01,180106
0.01,183362
0.01,175761
0.01,172597
0.01,177325
0.01,173344
0.01,171002
0.01,166776
0.01,168894
0.01,166385
0.01,164867
0.01,164055
0.01,163319
0.01,165343
0.01,167475
0.01,166841
0.01,156716
0.01,154063
0.01,156428
0.01,155839
0.01,153771
0.01,157709
0.01,163192
0.01,162232
0.01,164104
0.01,163524
0.01,161483
0.01,162435
0.01,164172
0.01,163565
0.01,159772
0.01,154750
0.01,150942
0.01,153046
0.01,155349
0.01,156426
0.01,156388
0.01,164565
0.01,170314
0.01,170980
0.01,169398
0.01,168811
0.01,168921
0.01,168017
0.01,166049
0.01,166886
0.01,168419
0.01,169267
0.01,164884
0.01,168454
0.01,159832
0.01,156092
0.01,158370
0.01,163731
0.01,160468
0.01,155044
0.01,157518
0.01,155216
0.01,147393
0.01,144979
0.01,146086
0.01,146128
0.01,146597
0.01,148142
0.01,150876
0.01,144182
0.01,143105
0.01,145020
0.01,147342
0.01,146777
0.01,145235
0.01,143771
0.01,142938
0.01,141790
0.01,141533
0.01,139501
0.01,137002
0.01,137273
0.01,135171
0.01,132911
0.01,131301
0.01,129758
0.01,128303
0.01,126608
0.01,125211
0.01,124473
0.01,126330
0.01,128665
0.01,127910
0.01,127365
0.01,123167
0.01,121926
0.01,120708
0.01,119545
0.01,117867
0.01,118983
0.01,116958
0.01,115951
0.01,114819
0.01,115916
0.01,115019
0.01,113991
0.01,116144
0.01,119673
0.01,121063
0.01,119810
0.01,116358
0.01,117734
0.01,117427
0.01,116740
0.01,117160
0.01,115766
0.01,116709
0.01,119648
0.01,126352
0.01,124888
0.01,124752
0.01,129662
0.01,133482
0.01,137171
0.01,132106
0.01,126528
0.01,125414
0.01,119808
0.01,118604
0.01,121014
0.01,118050
0.01,116989
0.01,114519
0.01,113122
0.01,115762
0.01,118722
0.01,118722
0.01,116608
0.01,113605
0.01,114901
0.01,116680
0.01,112028
0.01,111979
0.01,112072
0.01,113015
0.01,115954
0.01,122658
0.01,121194
0.01,121058
0.01,125968
0.01,129788
0.01,133477
0.01,128412
0.01,122834
0.01,121720
0.01,116114
0.01,114910
0.01,117320
0.01,114356
0.01,113295
0.01,110825
0.01,109428
0.01,108724
0.01,108021
0.01,107384
0.01,106839
0.01,106192
0.01,105909
0.01,105729
0.01,107346
0.01,105206
0.01,105014
0.01,104849
0.01,104757
0.01,105711
0.01,104695
0.01,103771
0.01,106893
0.01,107204
0.01,107486
0.01,108667
0.01,110351
0.01,111529
0.01,113283
0.01,113881
0.01,113993
0.01,114886
0.01,115554
0.01,112450
0.01,110396
0.01,110530
0.01,112867
0.01,113107
0.01,110729
0.01,109904
0.01,112182
0.01,114264
0.01,115288
0.01,116011
0.01,118550
0.01,128920
0.01,132538
0.01,128939
0.01,124165
0.01,122697
0.01,119962
0.01,113528
0.01,111386
0.01,111607
0.01,112684
0.01,114663
0.01,112640
0.01,111947
0.01,111855
0.01,111310
0.01,107109
0.01,103605
0.01,103591
0.01,103583
