0.00,522603
0.00,515339
0.00,503662
0.00,492155
0.00,469680
0.00,456303
0.00,437929
0.00,433617
0.00,415770
0.00,407147
0.00,397959
0.00,393092
0.00,379038
0.00,388027
0.00,365219
0.00,376363
0.00,366397
0.00,368134
0.00,367898
0.00,366491
0.00,363744
0.00,360909
0.00,359470
0.00,352581
0.00,350556
0.00,345985
0.00,332278
0.00,320585
0.00,309987
0.00,297656
0.00,303645
0.00,307863
0.00,303122
0.00,301446
0.00,281148
0.00,269431
0.00,262647
0.00,263133
0.00,250989
0.00,243534
0.00,241477
0.00,237422
0.00,240588
0.00,246997
0.00,248295
0.00,252671
0.00,252119
0.00,244817
0.00,236011
0.00,227213
0.00,221290
0.00,223444
0.00,216756
0.00,215145
0.00,209066
0.00,203549
0.00,202515
0.00,203264
0.00,204847
0.00,202370
0.00,203819
0.00,199974
0.00,201859
0.00,208060
0.00,208144
0.00,215866
0.00,216387
0.00,216550
0.00,216003
0.00,207054
0.00,206835
0.00,204720
0.00,200148
0.00,198258
0.00,200828
0.00,200345
0.00,200198
0.00,193701
0.00,186595
0.00,188748
0.00,182938
0.00,181888
0.00,183887
0.00,181418
0.00,183590
0.00,182915
0.00,184877
0.00,186122
0.00,187182
0.00,187489
0.00,180462
0.00,180407
0.01,176923
0.01,178192
0.01,173549
0.01,171901
0.01,172755
0.01,172608
0.01,174341
0.01,172090
0.01,168954
0.01,168943
0.01,167556
0.01,166912
0.01,168452
0.01,175256
0.01,175343
0.01,174370
0.01,178783
0.01,183466
0.01,187381
0.01,190354
0.01,189341
0.01,186777
0.01,179263
0.01,184687
0.01,189568
0.01,189244
0.01,183735
0.01,181171
0.01,185954
0.01,184522
0.01,181628
0.01,181743
0.01,180869
0.01,182282
0.01,178724
0.01,179863
0.01,181529
0.01,172553
0.01,164058
0.01,162038
0.01,159293
0.01,157390
0.01,156816
0.01,157030
0.01,153326
0.01,153523
0.01,152161
0.01,152891
0.01,157128
0.01,156819
0.01,157263
0.01,149991
0.01,147446
0.01,147815
0.01,146767
0.01,144844
0.01,143254
0.01,141613
0.01,140658
0.01,141024
0.01,140083
0.01,138284
0.01,141750
0.01,144397
0.01,142681
0.01,139863
0.01,143684
0.01,138621
0.01,142239
0.01,143423
0.01,142104
0.01,134967
0.01,132744
0.01,132857
0.01,135734
0.01,132293
0.01,132362
0.01,135428
0.01,136716
0.01,138294
0.01,138934
0.01,139504
0.01,140818
0.01,145675
0.01,142370
0.01,140382
0.01,136258
0.01,137907
0.01,143056
0.01,141139
0.01,137775
0.01,140695
0.01,141109
0.01,141568
0.01,139157
0.01,133365
0.01,133731
0.01,133531
0.01,132421
0.01,128800
0.01,127671
0.01,130672
0.01,128633
0.01,129305
0.01,130095
0.01,130630
0.01,125972
0.01,124710
0.01,125165
0.01,123131
0.01,121643
0.01,120269
0.01,121230
0.01,118919
0.01,117172
0.01,116409
0.01,116835
0.01,118134
0.01,120662
0.01,119853
0.01,123596
0.01,129763
0.01,129954
0.01,128832
0.01,133735
0.01,136157
0.01,138734
0.01,140052
0.01,138045
0.01,141223
0.01,138755
0.01,137145
0.01,136493
0.01,137506
0.01,135983
0.01,133173
0.01,132896
0.01,132652
0.01,132863
0.01,130684
0.01,130233
0.01,123186
0.01,116741
0.01,114991
0.01,113787
0.01,112587
0.01,111939
0.01,111951
0.01,111060
0.01,110423
0.01,109788
0.01,109157
0.01,108583
0.01,108029
0.01,108047
0.01,107480
0.01,106972
0.01,106111
0.01,108598
0.01,107777
0.01,106263
0.01,105626
0.01,105155
0.01,104828
0.01,106401
0.01,107808
0.01,107673
0.01,105053
0.01,104582
0.01,104405
0.01,104010
0.01,103835
0.01,103705
0.01,103933
0.01,105426
0.01,107311
0.01,106704
0.01,104084
0.01,103613
0.01,103521
0.01,103476
