0.00,546856
0.00,533599
0.00,498874
0.00,497395
0.00,479624
0.00,473479
0.00,454305
0.00,454067
0.00,443393
0.00,449948
0.00,441259
0.00,419794
0.00,389271
0.00,388767
0.00,382176
0.00,364106
0.00,365450
0.00,356518
0.00,363450
0.00,353955
0.00,335883
0.00,337450
0.00,329614
0.00,312698
0.00,308596
0.00,305202
0.00,303806
0.00,308269
0.00,308455
0.00,306652
0.00,307789
0.00,298083
0.00,295266
0.00,286824
0.00,282472
0.00,284085
0.00,279288
0.00,273984
0.00,271866
0.00,267014
0.00,261620
0.00,248282
0.00,243594
0.00,238853
0.00,236249
0.00,238748
0.00,236044
0.00,233301
0.00,226958
0.00,225379
0.00,217133
0.00,214504
0.00,212212
0.00,219117
0.00,224303
0.00,227365
0.00,230028
0.00,226212
0.00,223585
0.00,227631
0.00,208538
0.00,214023
0.00,213241
0.00,214057
0.00,216564
0.00,211635
0.00,208276
0.00,201788
0.00,200791
0.00,190539
0.00,192953
0.00,189815
0.00,189363
0.00,193298
0.00,193014
0.00,188973
0.00,185712
0.00,185672
0.00,189445
0.00,186398
0.01,181177
0.01,180052
0.01,180036
0.01,176735
0.01,177187
0.01,182958
0.01,183124
0.01,177096
0.01,178316
0.01,173772
0.01,169612
0.01,165742
0.01,164287
0.01,162719
0.01,164222
0.01,166177
0.01,167766
0.01,164146
0.01,163465
0.01,163291
0.01,161795
0.01,159118
0.01,159599
0.01,161482
0.01,162154
0.01,160838
0.01,160408
0.01,162048
0.01,167141
0.01,164229
0.01,165262
0.01,166643
0.01,168113
0.01,167071
0.01,161438
0.01,161890
0.01,165155
0.01,165831
0.01,166505
0.01,164581
0.01,165871
0.01,161618
0.01,159614
0.01,161444
0.01,155649
0.01,156588
0.01,153015
0.01,151912
0.01,155629
0.01,153721
0.01,152632
0.01,154536
0.01,154733
0.01,155376
0.01,153253
0.01,151643
0.01,147708
0.01,148329
0.01,152722
0.01,151314
0.01,153437
0.01,154499
0.01,156168
0.01,156913
0.01,150700
0.01,148560
0.01,146841
0.01,148148
0.01,146573
0.01,149749
0.01,149836
0.01,154415
0.01,152291
0.01,151618
0.01,148665
0.01,148151
0.01,147987
0.01,147736
0.01,145267
0.01,148459
0.01,144640
0.01,146538
0.01,147011
0.01,144330
0.01,147330
0.01,147803
0.01,143264
0.01,142244
0.01,140307
0.01,138557
0.01,136810
0.01,135435
0.01,137084
0.01,135100
0.01,133795
0.01,134911
0.01,132192
0.01,131093
0.01,129818
0.01,134543
0.01,132286
0.01,130657
0.01,132230
0.01,131053
0.01,133132
0.01,132054
0.01,136309
0.01,141939
0.01,144227
0.01,142346
0.01,136799
0.01,136944
0.01,138287
0.01,142491
0.01,142509
0.01,141241
0.01,143595
0.01,144073
0.01,145055
0.01,137577
0.01,138563
0.01,138414
0.01,137963
0.01,136124
0.01,139453
0.01,138196
0.01,137906
0.01,139092
0.01,137094
0.01,136904
0.01,134810
0.01,131508
0.01,131549
0.01,133808
0.01,131823
0.01,131251
0.01,130003
0.01,129056
0.01,127636
0.01,127883
0.01,131717
0.01,132697
0.01,130496
0.01,131321
0.01,128975
0.01,127620
0.01,128813
0.01,133842
0.01,139472
0.01,141760
0.01,139879
0.01,134332
0.01,134477
0.01,135820
0.01,140024
0.01,140042
0.01,138774
0.01,141128
0.01,141606
0.01,142588
0.01,135110
0.01,136096
0.01,135947
0.01,135496
0.01,133657
0.01,136986
0.01,135729
0.01,135439
0.01,136625
0.01,134627
0.01,134437
0.01,132343
0.01,129041
0.01,129082
0.01,131341
0.01,129356
0.01,129819
0.01,127763
0.01,125925
0.01,125214
0.01,123836
0.01,122405
0.01,120927
0.01,121036
0.01,124495
0.01,122264
0.01,125191
0.01,125113
0.01,122195
0.01,122320
0.01,122671
0.01,120277
0.01,118593
0.01,122507
0.01,122105
0.01,120216
0.01,118295
0.01,119162
0.01,117111
0.01,115582
0.01,117445
0.01,119062
0.01,119592
0.01,120277
0.01,122315
0.01,123899
0.01,120665
0.01,119481
0.01,118504
0.01,119531
0.01,120506
0.01,119109
0.01,117615
0.01,115140
0.01,117346
0.01,118022
0.01,118098
0.01,118066
0.01,119184
0.01,120774
0.01,124228
0.01,121009
0.01,121100
0.01,118701
0.01,118921
0.01,117162
0.01,116534
0.01,114338
0.01,113567
0.01,112827
0.01,116975
0.01,118208
0.01,119110
0.01,117733
0.01,116529
0.01,115729
0.01,117365
0.01,114812
0.01,113919
0.01,117038
0.01,117831
0.01,112099
0.01,118530
0.01,118750
0.01,117361
0.01,115541
0.01,120268
0.01,121523
0.01,117804
0.01,116613
0.01,116234
0.01,113594
0.01,110917
0.01,111208
0.01,111485
0.01,113002
0.01,113141
0.01,112878
0.01,108541
0.01,107851
0.01,107310
0.01,106810
0.01,106415
0.01,106038
0.01,105664
0.01,105279
0.01,105130
0.01,105391
0.01,104650
0.01,104472
0.01,104260
0.01,104560
0.01,104129
0.01,104006
0.01,103893
0.01,103857
0.01,103830
