0.00,543589
0.00,533478
0.00,525616
0.00,510579
0.00,510109
0.00,498527
0.00,482668
0.00,472526
0.00,438415
0.00,422429
0.00,406818
0.00,390015
0.00,392953
0.00,397084
0.00,376847
0.00,375839
0.00,377176
0.00,371752
0.00,364247
0.00,371497
0.00,364665
0.00,360828
0.00,350402
0.00,339362
0.00,325525
0.00,327893
0.00,325240
0.00,322244
0.00,325358
0.00,324104
0.00,324023
0.00,326368
0.00,338077
0.00,337727
0.00,318782
0.00,326426
0.00,331982
0.00,325553
0.00,323293
0.00,322382
0.00,327680
0.00,317132
0.00,308304
0.00,304685
0.00,312528
0.00,316819
0.00,315118
0.00,308121
0.00,302245
0.00,296632
0.00,295364
0.00,290523
0.00,283142
0.00,279937
0.00,280701
0.00,281872
0.00,280946
0.00,285318
0.00,289438
0.00,274776
0.00,276878
0.00,271271
0.00,285662
0.00,275012
0.00,267426
0.00,264318
0.00,265429
0.00,258176
0.00,246995
0.00,249027
0.00,242044
0.00,237341
0.00,240925
0.00,240068
0.00,239935
0.00,238006
0.00,233560
0.00,233480
0.00,229854
0.00,225289
0.00,232918
0.00,243971
0.00,245241
0.00,237670
0.01,238129
0.01,230995
0.01,225827
0.01,224026
0.01,222703
0.01,234225
0.01,234193
0.01,228708
0.01,230235
0.01,228642
0.01,233794
0.01,224252
0.01,224355
0.01,225259
0.01,222860
0.01,223819
0.01,226176
0.01,228693
0.01,219194
0.01,221290
0.01,222284
0.01,220451
0.01,227900
0.01,225127
0.01,218668
0.01,213271
0.01,212068
0.01,208066
0.01,203358
0.01,204897
0.01,206755
0.01,200108
0.01,194426
0.01,190199
0.01,191233
0.01,188925
0.01,189279
0.01,186770
0.01,182934
0.01,181804
0.01,177944
0.01,174910
0.01,180789
0.01,174457
0.01,176637
0.01,176153
0.01,177307
0.01,174937
0.01,171890
0.01,174977
0.01,184932
0.01,192412
0.01,187455
0.01,181128
0.01,183819
0.01,186824
0.01,185217
0.01,180037
0.01,188627
0.01,186834
0.01,189009
0.01,188875
0.01,184456
0.01,182895
0.01,181812
0.01,174688
0.01,172949
0.01,174832
0.01,176943
0.01,176206
0.01,180192
0.01,187681
0.01,192186
0.01,185491
0.01,175610
0.01,175962
0.01,172584
0.01,171879
0.01,168418
0.01,169583
0.01,168967
0.01,167907
0.01,167425
0.01,165181
0.01,164694
0.01,166747
0.01,166738
0.01,172270
0.01,170140
0.01,168873
0.01,167630
0.01,170522
0.01,178752
0.01,175361
0.01,172629
0.01,175985
0.01,181646
0.01,182106
0.01,175192
0.01,174301
0.01,174149
0.01,175879
0.01,173689
0.01,167904
0.01,161812
0.01,163625
0.01,165414
0.01,167175
0.01,167699
0.01,173371
0.01,171526
0.01,165356
0.01,156688
0.01,153665
0.01,154663
0.01,153434
0.01,154839
0.01,155376
0.01,150858
0.01,154769
0.01,157692
0.01,159300
0.01,159483
0.01,158612
0.01,147232
0.01,148486
0.01,146453
0.01,147870
0.01,144040
0.01,145001
0.01,142660
0.01,140648
0.01,140779
0.01,139384
0.01,137300
0.01,134833
0.01,132364
0.01,130479
0.01,128993
0.01,129066
0.01,128237
0.01,126839
0.01,128048
0.01,125287
0.01,128348
0.01,128075
0.01,132268
0.01,135932
0.01,140288
0.01,137880
0.01,136457
0.01,133275
0.01,131466
0.01,134297
0.01,133562
0.01,131723
0.01,133337
0.01,133233
0.01,128655
0.01,129485
0.01,132390
0.01,130127
0.01,130062
0.01,133348
0.01,138645
0.01,138458
0.01,140280
0.01,143877
0.01,146452
0.01,145964
0.01,141624
0.01,134043
0.01,140438
0.01,140374
0.01,137434
0.01,135567
0.01,134723
0.01,135364
0.01,129064
0.01,126509
0.01,126095
0.01,123284
0.01,122626
0.01,127796
0.01,129568
0.01,124735
0.01,121563
0.01,120565
0.01,120176
0.01,122470
0.01,123668
0.01,125373
0.01,129351
0.01,130210
0.01,129393
0.01,130410
0.01,127123
0.01,128198
0.01,132478
0.01,133538
0.01,131251
0.01,126413
0.01,127420
0.01,126826
0.01,125260
0.01,127648
0.01,124277
0.01,124386
0.01,127241
0.01,128687
0.01,134727
0.01,135027
0.01,135084
0.01,137922
0.01,139225
0.01,139400
0.01,135367
0.01,133264
0.01,135277
0.01,134530
0.01,132419
0.01,129857
0.01,128472
0.01,128637
0.01,125027
0.01,121663
0.01,123124
0.01,119282
0.01,118627
0.01,117804
0.01,117132
0.01,116495
0.01,116601
0.01,118327
0.01,120243
0.01,119839
0.01,116681
0.01,115692
0.01,115427
0.01,120298
0.01,125021
0.01,126960
0.01,124855
0.01,120109
0.01,120935
0.01,124589
0.01,122082
0.01,122814
0.01,120462
0.01,117078
0.01,118097
0.01,118671
0.01,120653
0.01,119615
0.01,116507
0.01,117818
0.01,119443
0.01,122587
0.01,125671
0.01,124871
0.01,124316
0.01,121935
0.01,114891
0.01,116226
0.01,114741
0.01,113524
0.01,112591
0.01,111919
0.01,111266
0.01,110712
0.01,110171
0.01,109695
0.01,109209
0.01,108752
0.01,108345
0.01,108992
0.01,107975
0.01,107810
0.01,106587
0.01,106221
0.01,106618
0.01,110715
0.01,113959
0.01,114818
0.01,111782
0.01,112154
0.01,114166
0.01,112613
0.01,112994
0.01,110027
0.01,110483
0.01,112385
0.01,113711
0.01,117788
0.01,111853
0.01,107505
0.01,108004
0.01,109648
0.01,112471
0.01,117797
0.01,118812
0.01,118555
0.01,114113
0.01,107115
0.01,105902
0.01,105694
0.01,105498
0.01,105364
0.01,105188
