0.00,514338
0.00,485608
0.00,480881
0.00,461901
0.00,426327
0.00,418148
0.00,391150
0.00,380578
0.00,382623
0.00,379199
0.00,379322
0.00,355528
0.00,342403
0.00,346767
0.00,333617
0.00,331890
0.00,327400
0.00,324460
0.00,316481
0.00,308933
0.00,302817
0.00,302589
0.00,299315
0.00,292307
0.00,293552
0.00,289773
0.00,289638
0.00,302028
0.00,293170
0.00,288694
0.00,293689
0.00,285273
0.00,276226
0.00,273956
0.00,268468
0.00,266616
0.00,263978
0.00,266494
0.00,259719
0.00,252051
0.00,240015
0.00,244550
0.00,235295
0.00,232827
0.00,232090
0.00,232097
0.00,225622
0.00,233874
0.00,223118
0.00,224093
0.00,224442
0.00,220174
0.00,213481
0.00,221061
0.00,215211
0.00,217192
0.00,213072
0.00,210173
0.00,208050
0.00,207149
0.00,204866
0.00,204651
0.00,206108
0.00,213330
0.00,212272
0.00,211139
0.00,216922
0.00,217314
0.00,219506
0.00,221534
0.00,219308
0.00,208104
0.00,211790
0.00,203823
0.00,202735
0.00,200034
0.00,202163
0.01,199035
0.01,199694
0.01,199753
0.01,194586
0.01,201105
0.01,199051
0.01,197905
0.01,210109
0.01,201285
0.01,194347
0.01,190910
0.01,190722
0.01,190177
0.01,190471
0.01,189854
0.01,185480
0.01,183352
0.01,185075
0.01,177948
0.01,173800
0.01,170150
0.01,166314
0.01,165684
0.01,164517
0.01,164284
0.01,161917
0.01,159053
0.01,158172
0.01,170836
0.01,172934
0.01,174013
0.01,175220
0.01,175979
0.01,177230
0.01,176327
0.01,179126
0.01,180658
0.01,177747
0.01,172310
0.01,172157
0.01,167168
0.01,165285
0.01,165266
0.01,173408
0.01,176435
0.01,180578
0.01,182226
0.01,171743
0.01,169165
0.01,165778
0.01,161628
0.01,162602
0.01,162596
0.01,161784
0.01,162333
0.01,161184
0.01,156825
0.01,159165
0.01,156713
0.01,163288
0.01,161479
0.01,156137
0.01,162337
0.01,158863
0.01,166552
0.01,160275
0.01,157963
0.01,155158
0.01,156841
0.01,158124
0.01,156158
0.01,152935
0.01,155195
0.01,155410
0.01,157693
0.01,160036
0.01,162834
0.01,158825
0.01,158272
0.01,158257
0.01,155005
0.01,154103
0.01,153595
0.01,155751
0.01,152499
0.01,149891
0.01,147411
0.01,150137
0.01,146839
0.01,150536
0.01,148570
0.01,147285
0.01,143701
0.01,141170
0.01,143863
0.01,149728
0.01,155638
0.01,156158
0.01,166351
0.01,168784
0.01,165797
0.01,164157
0.01,160546
0.01,157686
0.01,158013
0.01,159155
0.01,161267
0.01,164113
0.01,159742
0.01,157805
0.01,161976
0.01,162658
0.01,160147
0.01,154917
0.01,153050
0.01,155864
0.01,151785
0.01,145821
0.01,140641
0.01,140163
0.01,143362
0.01,144190
0.01,142185
0.01,141036
0.01,138544
0.01,143385
0.01,145017
0.01,145417
0.01,146061
0.01,153913
0.01,157307
0.01,163794
0.01,162104
0.01,162150
0.01,156857
0.01,155807
0.01,150058
0.01,142065
0.01,141911
0.01,139574
0.01,136968
0.01,139926
0.01,142064
0.01,142828
0.01,144933
0.01,149421
0.01,151027
0.01,151335
0.01,148415
0.01,151537
0.01,148904
0.01,138929
0.01,140263
0.01,144169
0.01,141734
0.01,146597
0.01,143127
0.01,144758
0.01,139893
0.01,138555
0.01,134599
0.01,133544
0.01,134676
0.01,131808
0.01,133125
0.01,132461
0.01,136361
0.01,134989
0.01,133532
0.01,134809
0.01,137186
0.01,135379
0.01,134628
0.01,135186
0.01,136146
0.01,135191
0.01,132132
0.01,130092
0.01,130652
0.01,132966
0.01,134175
0.01,136047
0.01,140154
0.01,138638
0.01,135546
0.01,132974
0.01,134600
0.01,140520
0.01,140654
0.01,147750
0.01,148179
0.01,150648
0.01,155467
0.01,155720
0.01,156455
0.01,156619
0.01,151666
0.01,151163
0.01,147523
0.01,144842
0.01,148357
0.01,150525
0.01,150265
0.01,151158
0.01,151597
0.01,150201
0.01,146331
0.01,138180
0.01,134389
0.01,135436
0.01,135720
0.01,132823
0.01,131760
0.01,132361
0.01,130390
0.01,128481
0.01,128094
0.01,129303
0.01,127529
0.01,131589
0.01,130769
0.01,125831
0.01,124233
0.01,123042
0.01,123849
0.01,124580
0.01,124421
0.01,125241
0.01,122838
0.01,124688
0.01,126881
0.01,125866
0.01,127826
0.01,126261
0.01,125337
0.01,122164
0.01,122649
0.01,120459
0.01,123088
0.01,122312
0.01,120987
0.01,121036
0.01,120655
0.01,118962
0.01,119703
0.01,122308
0.01,123916
0.01,122924
0.01,119824
0.01,118051
0.01,117302
0.01,116000
0.01,116380
0.01,115164
0.01,114356
0.01,113619
0.01,112887
0.01,112266
0.01,112236
0.01,111229
0.01,110807
0.01,110459
0.01,110132
0.01,110055
0.01,109834
0.01,109620
0.01,109399
0.01,109851
0.01,108650
0.01,110599
0.01,108459
0.01,108290
0.01,109268
0.01,108312
0.01,110425
0.01,114343
0.01,115077
0.01,116051
0.01,114465
0.01,116162
0.01,114315
0.01,112849
0.01,111522
0.01,110082
0.01,108160
0.01,108580
0.01,109467
0.01,110847
0.01,114456
0.01,114369
0.01,115163
0.01,114629
0.01,115507
0.01,112454
0.01,109956
0.01,109470
0.01,107908
0.01,107846
0.01,107671
0.01,109701
0.01,111479
0.01,107644
0.01,109001
0.01,108689
0.01,110288
0.01,106961
