0.02, 7806423
0.02, 7796545
0.02, 7775259
0.02, 7685446
0.02, 7622131
0.02, 7516538
0.02, 7493365
0.02, 7421680
0.02, 7222275
0.02, 7061485
0.02, 7059077
0.02, 7058225
0.02, 7009348
0.02, 6924592
0.02, 6808787
0.02, 6806887
0.02, 6795855
0.02, 6658977
0.02, 6649462
0.02, 6581972
0.02, 6474626
0.02, 6415335
0.02, 6326824
0.02, 6045614
0.02, 5974111
0.02, 5960265
0.02, 5900174
0.02, 5838042
0.02, 5833684
0.02, 5832893
0.02, 5788447
0.02, 5770606
0.02, 5750951
0.02, 5730887
0.02, 5730088
0.02, 5722682
0.02, 5610562
0.02, 5551027
0.02, 5497522
0.02, 5470152
0.02, 5468383
0.02, 5460505
0.02, 5347233
0.02, 5337004
0.02, 5317463
0.02, 5315310
0.02, 5266649
0.02, 5262223
0.02, 5207948
0.02, 5206248
0.02, 5172714
0.02, 5157774
0.02, 5133672
0.02, 4931674
0.02, 4930248
0.02, 4920325
0.02, 4845933
0.02, 4762158
0.02, 4631134
0.02, 4629983
0.02, 4612044
0.02, 4577549
0.02, 4536748
0.02, 4528463
0.02, 4451683
0.02, 4364620
0.02, 4358581
0.02, 4353663
0.02, 4338638
0.02, 4283305
0.02, 4193341
0.02, 4190558
0.02, 4175312
0.02, 4171674
0.02, 4109638
0.02, 3995901
0.02, 3979172
0.02, 3921351
0.02, 3901013
0.02, 3896876
0.02, 3863111
0.02, 3849411
0.02, 3847091
0.02, 3827703
0.02, 3817191
0.02, 3804340
0.02, 3768055
0.02, 3753496
0.02, 3744413
0.02, 3727863
0.02, 3717365
0.02, 3705400
0.02, 3704350
0.02, 3670645
0.02, 3596574
0.02, 3581485
0.02, 3517796
0.02, 3498795
0.02, 3495235
0.02, 3460339
0.02, 3456155
0.02, 3449352
0.02, 3318621
0.02, 3314958
0.02, 3303342
0.02, 3223691
0.02, 3197101
0.02, 3195383
0.02, 3170095
0.02, 3115539
0.02, 3110353
0.02, 3078985
0.02, 3078900
0.02, 3009190
0.02, 2956773
0.02, 2955667
0.02, 2955425
0.02, 2949024
0.02, 2864775
0.02, 2834122
0.02, 2833363
0.02, 2704776
0.02, 2647080
0.02, 2638509
0.02, 2635029
0.02, 2625718
0.02, 2604006
0.02, 2596147
0.02, 2594345
0.02, 2578476
0.02, 2566596
0.02, 2560117
0.02, 2534881
0.02, 2517627
0.02, 2487920
0.02, 2486387
0.02, 2484305
0.02, 2479374
0.02, 2475472
0.02, 2469534
0.02, 2451224
0.02, 2445699
0.02, 2418146
0.02, 2411770
0.02, 2377162
0.02, 2344289
0.02, 2249351
0.02, 2231784
0.02, 2208129
0.02, 2205566
0.02, 2197176
0.02, 2184147
0.02, 2183189
0.02, 2179798
0.02, 2175582
0.02, 2163328
0.02, 2123489
0.02, 2118359
0.02, 2113276
0.02, 2109723
0.03, 2101746
0.03, 2098999
0.03, 2083398
0.03, 2028881
0.03, 2023952
0.03, 2009005
0.03, 2003501
0.03, 1996863
0.03, 1989349
0.04, 1987056
0.04, 1985887
0.04, 1982024
0.04, 1976273
0.04, 1950952
0.04, 1950298
0.04, 1943486
0.04, 1936383
0.04, 1910692
0.05, 1897929
0.05, 1897928
0.05, 1894066
0.05, 1880173
0.05, 1877498
0.09, 1875961
0.09, 1875571
0.09, 1848820
0.09, 1848359
0.09, 1848356
0.09, 1846614
0.09, 1828605
0.09, 1821395
0.09, 1804832
0.11, 1802633
0.11, 1794014
0.11, 1793410
0.12, 1778696
0.15, 1775034
0.15, 1773621
0.15, 1772170
0.15, 1768196
0.15, 1763840
0.15, 1760124
0.15, 1759345
0.15, 1758341
0.15, 1758193
0.15, 1749496
0.15, 1748088
0.17, 1747927
0.17, 1746383
0.17, 1744824
0.17, 1731660
0.17, 1722247
0.17, 1719620
0.17, 1710603
0.17, 1703810
0.17, 1701904
0.17, 1697069
0.18, 1684091
0.18, 1677521
0.18, 1676603
0.18, 1661026
0.18, 1658315
0.20, 1657602
0.20, 1655904
0.20, 1650114
0.20, 1647225
0.20, 1640216
0.23, 1638706
0.23, 1635353
0.23, 1632829
0.23, 1625724
0.23, 1610344
0.26, 1608135
0.26, 1607930
0.26, 1600290
0.26, 1596306
0.26, 1594975
0.26, 1594260
0.28, 1591066
0.28, 1589279
0.29, 1588141
0.29, 1586591
0.29, 1584991
0.29, 1580045
0.33, 1579147
0.33, 1577640
0.34, 1576684
0.35, 1569047
0.35, 1567039
0.35, 1566958
0.42, 1563794
0.42, 1562562
0.50, 1561431
0.50, 1559515
5.77, 1559479
5.77, 1558593
5.77, 1558247
5.77, 1558107
5.84, 1557617
5.84, 1556934
5.85, 1555702
5.85, 1555060
