0.00, 6850669
0.00, 6695472
0.00, 6643389
0.00, 6547467
0.00, 6540767
0.00, 6538424
0.00, 6497575
0.00, 6475090
0.00, 6457641
0.00, 6314598
0.00, 6308726
0.00, 6237723
0.00, 6134192
0.00, 6085709
0.00, 6065543
0.00, 6040012
0.00, 6026194
0.00, 6009527
0.00, 6008479
0.01, 5905503
0.01, 5894580
0.01, 5887027
0.01, 5839871
0.01, 5776531
0.01, 5775133
0.01, 5751790
0.01, 5703875
0.01, 5512259
0.01, 5503718
0.01, 5500165
0.01, 5463721
0.01, 5430268
0.01, 5430128
0.01, 5328529
0.01, 5328199
0.01, 5268061
0.01, 5250313
0.01, 5173116
0.01, 5033267
0.01, 4868906
0.01, 4868714
0.01, 4860669
0.01, 4846593
0.01, 4795470
0.01, 4784574
0.01, 4752947
0.01, 4742765
0.01, 4729822
0.01, 4651605
0.01, 4632556
0.01, 4580616
0.01, 4565537
0.01, 4561496
0.01, 4523372
0.01, 4485874
0.01, 4482082
0.01, 4480329
0.01, 4458130
0.01, 4317100
0.01, 4283231
0.01, 4268346
0.01, 4020041
0.01, 4018586
0.01, 3858541
0.01, 3781581
0.01, 3750689
0.01, 3747781
0.01, 3729007
0.01, 3641742
0.01, 3632855
0.01, 3607683
0.01, 3605711
0.01, 3583564
0.01, 3577072
0.01, 3575152
0.01, 3467999
0.01, 3437586
0.01, 3434500
0.01, 3404392
0.01, 3396217
0.01, 3380464
0.01, 3351767
0.01, 3346413
0.01, 3343932
0.01, 3329562
0.01, 3312343
0.01, 3293813
0.01, 3255974
0.01, 3208231
0.01, 3207717
0.01, 3187596
0.01, 3154926
0.01, 3136462
0.01, 3101085
0.01, 3078024
0.01, 3038286
0.01, 3025243
0.01, 3023424
0.01, 3007478
0.01, 2995769
0.01, 2919849
0.01, 2919464
0.01, 2882134
0.01, 2877856
0.01, 2841608
0.01, 2807909
0.01, 2787676
0.01, 2771294
0.01, 2760708
0.01, 2748040
0.01, 2727490
0.01, 2628280
0.01, 2627657
0.01, 2624588
0.01, 2616171
0.01, 2613870
0.01, 2610955
0.01, 2601485
0.01, 2593717
0.01, 2579642
0.01, 2579142
0.01, 2554912
0.01, 2554902
0.01, 2551628
0.01, 2544654
0.01, 2527652
0.01, 2514827
0.01, 2504426
0.01, 2480095
0.01, 2475769
0.01, 2472856
0.01, 2463666
0.01, 2434547
0.01, 2419734
0.01, 2409747
0.01, 2404329
0.01, 2399494
0.01, 2393895
0.01, 2362345
0.01, 2347917
0.01, 2316387
0.01, 2306031
0.01, 2290125
0.01, 2278973
0.01, 2276389
0.01, 2270705
0.01, 2262708
0.01, 2262570
0.01, 2232850
0.01, 2221017
0.01, 2205376
0.01, 2203444
0.01, 2176645
0.01, 2148591
0.02, 2142955
0.02, 2142281
0.02, 2131939
0.02, 2123048
0.02, 2119223
0.02, 2118363
0.02, 2109250
0.02, 2081181
0.02, 2038526
0.02, 2035640
0.03, 2025279
0.03, 2024046
0.03, 2014576
0.03, 2009896
0.03, 1998975
0.03, 1988966
0.03, 1978876
0.03, 1978497
0.03, 1974034
0.03, 1958957
0.03, 1958776
0.03, 1948812
0.03, 1947304
0.03, 1940139
0.03, 1915150
0.03, 1914947
0.04, 1909120
0.06, 1905228
0.06, 1899096
0.07, 1897673
0.07, 1895721
0.07, 1874519
0.07, 1865279
0.07, 1858320
0.07, 1849075
0.07, 1847515
0.07, 1847119
0.08, 1838238
0.08, 1832011
0.08, 1823169
0.10, 1819268
0.10, 1815040
0.10, 1804090
0.10, 1802759
0.10, 1795258
0.10, 1784752
0.10, 1773481
0.10, 1772340
0.10, 1754559
0.10, 1742333
0.11, 1736033
0.12, 1735242
0.12, 1735232
0.12, 1733990
0.12, 1723873
0.12, 1713891
0.12, 1713111
0.12, 1707172
0.18, 1699755
0.18, 1694794
0.18, 1693710
0.18, 1689267
0.18, 1686471
0.20, 1683712
0.21, 1677207
0.21, 1674820
0.21, 1671962
0.21, 1667613
0.21, 1661967
0.22, 1656364
0.22, 1650126
0.22, 1644682
0.22, 1635969
0.22, 1634887
0.22, 1629492
0.24, 1629367
0.24, 1627718
0.24, 1608555
0.24, 1608380
0.24, 1604256
0.24, 1602716
0.29, 1598051
0.29, 1597477
0.29, 1595966
0.31, 1594608
0.31, 1592600
0.31, 1590899
0.32, 1590437
0.32, 1588887
0.32, 1588290
0.32, 1584217
0.33, 1582945
0.33, 1582495
0.33, 1582155
0.33, 1581062
0.33, 1580864
0.34, 1578935
0.34, 1568245
0.35, 1567574
0.35, 1565880
0.38, 1561020
0.38, 1560378
0.38, 1560157
0.40, 1559515
4.21, 1559479
4.21, 1559339
4.21, 1558107
4.29, 1557155
4.29, 1556934
4.29, 1556292
4.31, 1555923
4.31, 1555702
4.32, 1555060
