0.00,7275017
0.00,6890194
0.00,6707377
0.00,6427113
0.00,6408083
0.00,6109363
0.00,5860767
0.00,5739848
0.00,5660622
0.00,5423865
0.00,5362351
0.00,5283242
0.00,5056391
0.00,4826469
0.00,4615495
0.00,4422652
0.00,4495514
0.00,4326395
0.00,4218740
0.00,4142554
0.00,4020147
0.00,3946157
0.00,3887121
0.00,3741219
0.00,3789532
0.00,3883802
0.00,4027266
0.00,3977418
0.00,3952185
0.00,4038098
0.00,4011968
0.00,3719023
0.00,3416350
0.00,3413455
0.00,3385824
0.00,3288250
0.00,3278386
0.00,3304637
0.00,3240786
0.00,3083724
0.00,3112147
0.00,3135709
0.00,3165334
0.00,3193958
0.00,3156410
0.00,3072464
0.00,2954289
0.00,2920043
0.00,2894042
0.00,2955078
0.00,2876162
0.00,2822753
0.00,2845307
0.00,2842325
0.00,2921657
0.00,2866323
0.00,2991536
0.00,3098454
0.00,3125367
0.00,3048773
0.00,2868757
0.00,2738135
0.00,2807214
0.00,2815694
0.00,2821352
0.00,2948424
0.00,2974593
0.00,2935674
0.00,2936716
0.00,2768718
0.00,2662579
0.00,2660401
0.00,2644481
0.00,2660348
0.00,2801323
0.00,2770566
0.00,2647155
0.00,2646669
0.00,2684805
0.00,2746911
0.00,2733702
0.00,2650850
0.00,2506684
0.01,2515546
0.01,2459414
0.01,2479169
0.01,2425870
0.01,2405097
0.01,2474221
0.01,2529198
0.01,2571166
0.01,2641277
0.01,2723732
0.01,2657028
0.01,2596041
0.01,2585982
0.01,2633865
0.01,2573436
0.01,2372784
0.01,2396471
0.01,2411925
0.01,2354398
0.01,2345023
0.01,2300739
0.01,2268315
0.01,2261114
0.01,2267742
0.01,2246003
0.01,2212877
0.01,2176162
0.01,2139472
0.01,2130520
0.01,2152717
0.01,2251350
0.01,2417776
0.01,2482929
0.01,2423657
0.01,2479056
0.01,2493769
0.01,2480341
0.01,2445343
0.01,2538677
0.01,2507326
0.01,2269856
0.01,2214851
0.01,2114735
0.01,2290163
0.01,2384483
0.01,2319287
0.01,2303744
0.01,2400672
0.01,2385644
0.01,2304210
0.01,2411149
0.01,2599346
0.01,2543482
0.01,2512261
0.01,2475024
0.01,2466572
0.01,2260713
0.01,2081372
0.01,2082005
0.01,2056819
0.01,2027016
0.01,2018056
0.01,2004912
0.01,1979122
0.01,1955827
0.01,1933811
0.01,1941269
0.01,1919100
0.01,1918001
0.01,1898229
0.01,1892119
0.01,1873771
0.01,1889487
0.01,1885591
0.01,1892722
0.01,1903484
0.01,1891539
0.01,1960430
0.01,1923559
0.01,1913275
0.01,1967279
0.01,2050515
0.01,2087068
0.01,2063303
0.01,2163041
0.01,2279172
0.01,2321940
0.01,2280887
0.01,2297676
0.01,2329761
0.01,2174362
0.01,2013478
0.01,2028121
0.01,1917980
0.01,1905285
0.01,1856310
0.01,1874185
0.01,1857688
0.01,1834817
0.01,1817269
0.01,1801814
0.01,1780425
0.01,1791403
0.01,1809794
0.01,1800113
0.01,1803134
0.01,1766786
0.01,1756063
0.01,1745751
0.01,1725883
0.01,1714933
0.01,1705464
0.01,1696189
0.01,1687501
0.01,1681544
0.01,1662169
0.01,1662418
0.01,1657188
0.01,1652487
0.01,1647956
0.01,1639065
0.01,1634744
0.01,1635955
0.01,1631506
0.01,1626590
0.01,1623407
0.01,1620489
0.01,1636340
0.01,1660580
0.01,1663548
0.01,1647822
0.01,1648396
0.01,1677116
0.01,1731062
0.01,1731671
0.01,1718128
0.01,1710507
0.01,1780986
0.01,1849630
0.01,1842679
0.01,1925973
0.01,2024987
0.01,2063685
0.01,2115672
0.01,2077695
0.01,2068999
0.01,1936924
0.01,1776040
0.01,1790683
0.01,1680542
0.01,1667847
0.01,1618872
0.01,1633527
0.01,1647909
0.01,1643569
0.01,1639447
0.01,1674540
0.01,1716785
0.01,1731521
0.01,1727040
0.01,1726100
0.01,1789997
0.01,1796054
0.01,1835296
0.01,1844931
0.01,1981520
0.01,2040641
0.01,2090179
0.01,2113253
0.01,2071982
0.01,2020472
0.01,1777818
0.01,1706134
0.01,1694568
0.01,1663623
0.01,1613347
0.01,1612484
0.01,1611842
