0.00,6805706
0.00,6483431
0.00,6454548
0.00,6309733
0.00,5975606
0.00,5582968
0.00,5215353
0.00,5205395
0.00,5170971
0.00,5144687
0.00,5094985
0.00,4853583
0.00,4766561
0.00,4508538
0.00,4464768
0.00,4287538
0.00,4403591
0.00,4043877
0.00,4100656
0.00,3999395
0.00,4055673
0.00,3816477
0.00,3747530
0.00,3669855
0.00,3533912
0.00,3426338
0.00,3348868
0.00,3405004
0.00,3317214
0.00,3336927
0.00,3334961
0.00,3238183
0.00,3088734
0.00,2987313
0.00,2988320
0.00,3052900
0.00,3054308
0.00,3014419
0.00,3146623
0.00,3117322
0.00,3216331
0.00,3072343
0.00,3058931
0.00,3066733
0.00,3106740
0.00,3184390
0.00,3155001
0.00,3121057
0.00,3113374
0.00,3071519
0.00,2995420
0.00,3151784
0.00,3147955
0.00,3197439
0.00,3197080
0.00,3068845
0.00,3008302
0.00,2915653
0.00,3005492
0.00,3168685
0.00,3033442
0.00,2964169
0.00,3043780
0.00,3002481
0.00,3033701
0.00,2914785
0.00,2836278
0.00,2804285
0.00,2736079
0.00,2711861
0.00,2757987
0.00,2773578
0.00,2745044
0.00,2846490
0.00,2781814
0.00,2779062
0.00,2693573
0.00,2718816
0.00,2691495
0.00,2681679
0.00,2674035
0.00,2606777
0.00,2639686
0.00,2665743
0.00,2673456
0.00,2635588
0.00,2750787
0.00,2747138
0.00,2850962
0.00,2826634
0.00,2846623
0.00,2874944
0.00,2827884
0.00,2795920
0.00,2767896
0.00,2685697
0.00,2607537
0.00,2617240
0.00,2591962
0.00,2689715
0.00,2700299
0.00,2765113
0.01,2841175
0.01,2871537
0.01,2614714
0.01,2496621
0.01,2505630
0.01,2510207
0.01,2486657
0.01,2448552
0.01,2599552
0.01,2648427
0.01,2544799
0.01,2441151
0.01,2348639
0.01,2348255
0.01,2389449
0.01,2348526
0.01,2383907
0.01,2283218
0.01,2227796
0.01,2194212
0.01,2182094
0.01,2255752
0.01,2281065
0.01,2313581
0.01,2229741
0.01,2262800
0.01,2302829
0.01,2236624
0.01,2125824
0.01,2076928
0.01,2038097
0.01,2196961
0.01,2269944
0.01,2354053
0.01,2398839
0.01,2311799
0.01,2264387
0.01,2286183
0.01,2187729
0.01,2021951
0.01,1992196
0.01,1988517
0.01,1981228
0.01,1940393
0.01,1909839
0.01,1892219
0.01,1894256
0.01,1900431
0.01,1902499
0.01,1899467
0.01,1939464
0.01,1968486
0.01,1941715
0.01,1905851
0.01,1885190
0.01,1869975
0.01,1876636
0.01,1854292
0.01,1874465
0.01,1832753
0.01,1813784
0.01,1784705
0.01,1787349
0.01,1767959
0.01,1758087
0.01,1757099
0.01,1747739
0.01,1758594
0.01,1787477
0.01,1784450
0.01,1790749
0.01,1840596
0.01,1819214
0.01,1924219
0.01,1979356
0.01,2060841
0.01,2100034
0.01,2042499
0.01,2043392
0.01,2099736
0.01,1917891
0.01,1794117
0.01,1766147
0.01,1734921
0.01,1735809
0.01,1713301
0.01,1702611
0.01,1692647
0.01,1683548
0.01,1670779
0.01,1663543
0.01,1656388
0.01,1649965
0.01,1643265
0.01,1638741
0.01,1641101
0.01,1630414
0.01,1624423
0.01,1624263
0.01,1619983
0.01,1614877
0.01,1699714
0.01,1740498
0.01,1780403
0.01,1784190
0.01,1804887
0.01,1799503
0.01,1768737
0.01,1732334
0.01,1672249
0.01,1655002
0.01,1632471
0.01,1638945
0.01,1638418
0.01,1685890
0.01,1705985
0.01,1717441
0.01,1759950
0.01,1730998
0.01,1813284
0.01,1886101
0.01,1972794
0.01,2006996
0.01,1929786
0.01,1922043
0.01,1983377
0.01,1852738
0.01,1708490
0.01,1727862
0.01,1710063
0.01,1750024
0.01,1728540
0.01,1648600
0.01,1611963
0.01,1609581
0.01,1607846
0.01,1593379
0.01,1591842
