0.00,7224305
0.00,6826398
0.00,6685184
0.00,6421774
0.00,6404840
0.00,6285751
0.00,6316072
0.00,5951086
0.00,5635602
0.00,5343413
0.00,5311296
0.00,5076864
0.00,4863918
0.00,4565936
0.00,4618143
0.00,4385450
0.00,4236203
0.00,4211280
0.00,4300397
0.00,4252101
0.00,4269216
0.00,4328111
0.00,4294715
0.00,4309488
0.00,3995844
0.00,3934426
0.00,3895558
0.00,3878801
0.00,3904092
0.00,3836347
0.00,3795043
0.00,3805629
0.00,3795961
0.00,3868645
0.00,3734475
0.00,3682251
0.00,3697856
0.00,3664744
0.00,3537791
0.00,3441111
0.00,3472493
0.00,3532952
0.00,3685676
0.00,3739891
0.00,3552473
0.00,3480447
0.00,3340863
0.00,3233700
0.00,3227130
0.00,3203294
0.00,3233785
0.00,3171656
0.00,3158572
0.00,3245958
0.00,3142531
0.00,3122169
0.00,3060281
0.00,3096713
0.00,3223237
0.00,3163739
0.00,3267048
0.00,3374763
0.00,3328896
0.00,3278913
0.00,3250004
0.00,3299049
0.00,3037226
0.00,2963334
0.00,3001617
0.00,2948757
0.00,3138927
0.00,3066893
0.00,3031879
0.00,2941969
0.00,2858270
0.00,2733720
0.00,2718267
0.00,2639937
0.00,2718292
0.00,2804406
0.00,2886918
0.00,2946545
0.00,2851923
0.00,2928387
0.00,2922325
0.00,2779860
0.00,2660629
0.00,2591120
0.00,2614887
0.00,2623539
0.00,2686482
0.00,2598042
0.00,2577934
0.00,2557823
0.00,2628902
0.00,2639712
0.00,2676679
0.00,2713639
0.00,2625580
0.00,2660326
0.00,2529693
0.00,2417861
0.00,2403756
0.00,2432051
0.00,2386455
0.00,2360462
0.00,2293404
0.00,2313956
0.00,2235626
0.00,2232287
0.00,2261641
0.00,2243839
0.01,2293105
0.01,2309118
0.01,2333829
0.01,2346886
0.01,2448844
0.01,2581343
0.01,2625641
0.01,2566645
0.01,2378480
0.01,2443946
0.01,2471020
0.01,2397520
0.01,2451551
0.01,2277850
0.01,2216472
0.01,2159520
0.01,2140093
0.01,2099669
0.01,2093422
0.01,2121444
0.01,2227753
0.01,2171388
0.01,2191259
0.01,2199944
0.01,2284776
0.01,2405099
0.01,2457269
0.01,2505418
0.01,2525609
0.01,2514093
0.01,2306050
0.01,2179313
0.01,2238179
0.01,2212686
0.01,2126633
0.01,2039442
0.01,2084475
0.01,2190750
0.01,2211039
0.01,2280313
0.01,2262540
0.01,2268304
0.01,2248906
0.01,2148288
0.01,2174202
0.01,2194642
0.01,2279499
0.01,2429516
0.01,2391633
0.01,2371974
0.01,2365576
0.01,2278518
0.01,2218912
0.01,2256889
0.01,2132645
0.01,1992962
0.01,2007186
0.01,2010310
0.01,1982652
0.01,1966105
0.01,1951713
0.01,1950225
0.01,1923285
0.01,1899907
0.01,1879086
0.01,1867166
0.01,1892005
0.01,1913786
0.01,1875653
0.01,1863867
0.01,1846366
0.01,1852619
0.01,1835861
0.01,1823175
0.01,1815064
0.01,1799454
0.01,1805938
0.01,1811818
0.01,1833392
0.01,1809901
0.01,1799137
0.01,1785718
0.01,1809219
0.01,1772881
0.01,1775601
0.01,1790562
0.01,1802892
0.01,1812476
0.01,1801754
0.01,1774754
0.01,1770120
0.01,1757672
0.01,1742398
0.01,1732463
0.01,1723002
0.01,1714951
0.01,1743492
0.01,1719444
0.01,1722115
0.01,1707301
0.01,1720659
0.01,1699207
0.01,1692066
0.01,1687540
0.01,1762496
0.01,1709018
0.01,1679215
0.01,1653038
0.01,1639992
0.01,1629269
0.01,1627719
0.01,1638661
0.01,1665755
0.01,1701865
0.01,1729411
0.01,1738223
0.01,1750381
0.01,1729028
0.01,1729727
0.01,1719101
0.01,1743713
0.01,1733400
0.01,1741176
0.01,1847308
0.01,1886693
0.01,1908693
0.01,1931828
0.01,1904737
0.01,1892719
0.01,1825832
0.01,1832361
0.01,1823014
0.01,1910899
0.01,1977505
0.01,2056890
0.01,2026906
0.01,1998925
0.01,1911336
0.01,1816791
0.01,1810522
0.01,1759325
0.01,1721249
0.01,1637034
0.01,1626311
0.01,1622217
0.01,1621074
0.01,1620211
