0.00, 7394168
0.00, 7268295
0.00, 7231347
0.00, 7214271
0.00, 7209785
0.00, 7206143
0.00, 7190455
0.00, 7129075
0.00, 7121512
0.00, 7042018
0.00, 6918568
0.00, 6892198
0.00, 6861074
0.00, 6791198
0.00, 6714405
0.00, 6690513
0.00, 6650939
0.00, 6639842
0.00, 6582999
0.00, 6569685
0.00, 6527267
0.00, 6503862
0.00, 6456516
0.00, 6438532
0.00, 6211426
0.00, 6079619
0.00, 5891784
0.00, 5882975
0.00, 5722992
0.00, 5714299
0.00, 5713266
0.00, 5695475
0.00, 5693520
0.00, 5693425
0.00, 5639079
0.00, 5346801
0.00, 5297274
0.00, 5091164
0.00, 5058822
0.00, 4773719
0.00, 4760067
0.00, 4756272
0.00, 4736219
0.00, 4660406
0.00, 4660349
0.00, 4629670
0.00, 4554837
0.00, 4542212
0.00, 4442472
0.00, 4425089
0.00, 4420346
0.00, 4393577
0.00, 4370347
0.00, 4338859
0.00, 4336488
0.00, 4197885
0.00, 4167564
0.00, 4112167
0.00, 4079937
0.00, 4029189
0.00, 3996854
0.00, 3991349
0.00, 3990876
0.00, 3988704
0.00, 3987045
0.00, 3929898
0.00, 3916731
0.00, 3915031
0.00, 3890594
0.00, 3889559
0.01, 3857112
0.01, 3853953
0.01, 3830982
0.01, 3830335
0.01, 3810586
0.01, 3791379
0.01, 3782263
0.01, 3754856
0.01, 3754407
0.01, 3753474
0.01, 3748761
0.01, 3719014
0.01, 3718169
0.01, 3708535
0.01, 3704631
0.01, 3692926
0.01, 3682440
0.01, 3677181
0.01, 3660531
0.01, 3654031
0.01, 3650023
0.01, 3648578
0.01, 3622304
0.01, 3618168
0.01, 3584955
0.01, 3545512
0.01, 3538877
0.01, 3492087
0.01, 3475544
0.01, 3463799
0.01, 3455030
0.01, 3452725
0.01, 3430710
0.01, 3425235
0.01, 3399629
0.01, 3290581
0.01, 3288208
0.01, 3256845
0.01, 3243643
0.01, 3240993
0.01, 3122434
0.01, 3101254
0.01, 3095040
0.01, 3087247
0.01, 3084232
0.01, 3083089
0.01, 3041893
0.01, 3014927
0.01, 3006425
0.01, 2990457
0.01, 2984051
0.01, 2947570
0.01, 2941070
0.01, 2914925
0.01, 2911861
0.01, 2877527
0.01, 2872722
0.01, 2847980
0.01, 2838768
0.01, 2822736
0.01, 2807137
0.01, 2807021
0.01, 2802417
0.01, 2760048
0.01, 2664063
0.01, 2656972
0.01, 2640925
0.01, 2638349
0.01, 2626747
0.01, 2608170
0.01, 2590815
0.01, 2585153
0.01, 2579732
0.01, 2579651
0.01, 2575835
0.01, 2573722
0.01, 2572619
0.01, 2565025
0.01, 2552534
0.01, 2512741
0.01, 2508131
0.01, 2480720
0.01, 2475322
0.01, 2469834
0.01, 2452714
0.01, 2437316
0.01, 2434819
0.01, 2410268
0.01, 2394014
0.01, 2392222
0.01, 2365982
0.01, 2348474
0.01, 2340899
0.01, 2337975
0.01, 2334847
0.01, 2327619
0.01, 2322674
0.01, 2315486
0.01, 2307360
0.01, 2285801
0.01, 2281435
0.01, 2274011
0.01, 2258274
0.01, 2253910
0.01, 2231765
0.01, 2209447
0.01, 2208678
0.01, 2192897
0.01, 2184184
0.01, 2183089
0.02, 2177975
0.02, 2169651
0.02, 2161507
0.02, 2160521
0.02, 2114923
0.02, 2112120
0.02, 2108310
0.02, 2097076
0.02, 2088639
0.02, 2084557
0.02, 2082642
0.02, 2067436
0.02, 2063568
0.02, 2058962
0.02, 2049845
0.02, 2030907
0.02, 2025820
0.02, 2007754
0.02, 2006036
0.02, 2005661
0.02, 1994938
0.02, 1994748
0.02, 1990952
0.02, 1974236
0.04, 1947785
0.04, 1939725
0.04, 1934843
0.04, 1927265
0.04, 1922293
0.04, 1919651
0.04, 1915834
0.04, 1907140
0.05, 1902240
0.05, 1901253
0.05, 1898848
0.05, 1896353
0.05, 1893573
0.05, 1890152
0.05, 1887415
0.06, 1886019
0.08, 1880823
0.08, 1872642
0.08, 1868143
0.08, 1850986
0.08, 1833461
0.10, 1832029
0.10, 1831279
0.10, 1819274
0.10, 1816608
0.10, 1803954
0.10, 1796844
0.10, 1795604
0.10, 1793004
0.10, 1777183
0.10, 1766004
0.10, 1765609
0.13, 1763686
0.13, 1756148
0.13, 1749317
0.13, 1743728
0.13, 1741395
0.13, 1731843
0.13, 1728783
0.13, 1728709
0.13, 1727656
0.13, 1721077
0.13, 1712716
0.13, 1712119
0.18, 1707930
0.19, 1706204
0.19, 1706020
0.19, 1705887
0.19, 1704712
0.19, 1703031
0.19, 1698885
0.19, 1697366
0.19, 1681025
0.19, 1680679
0.20, 1679036
0.21, 1677144
0.23, 1669415
0.24, 1661591
0.24, 1654249
0.24, 1654135
0.25, 1652420
0.25, 1647815
0.25, 1646619
0.25, 1637158
0.25, 1636299
0.25, 1635251
0.26, 1632548
0.32, 1632058
0.32, 1630326
0.34, 1628051
0.34, 1626819
0.36, 1624322
0.36, 1616232
0.38, 1614536
0.42, 1613680
0.42, 1611701
0.42, 1610007
0.42, 1609753
0.42, 1609306
0.42, 1609279
0.43, 1609025
2.11, 1604608
2.11, 1597525
2.11, 1596780
2.11, 1596037
2.11, 1590421
2.14, 1589946
2.14, 1583744
2.14, 1582016
2.14, 1579591
2.14, 1576673
2.25, 1570763
2.28, 1570453
2.28, 1569641
2.28, 1569088
2.29, 1568550
2.29, 1566542
2.29, 1566080
2.29, 1563985
2.30, 1563526
2.30, 1562294
2.31, 1561431
2.33, 1561389
2.33, 1560747
2.34, 1560378
2.37, 1559515
4.04, 1555702
4.17, 1555060
