0.00, 7562770
0.00, 7326373
0.00, 7312723
0.00, 7296791
0.00, 7164547
0.00, 7124536
0.00, 7120645
0.00, 6924453
0.00, 6910135
0.00, 6828024
0.00, 6817833
0.00, 6739435
0.00, 6716776
0.00, 6680046
0.00, 6674932
0.00, 6656264
0.00, 6557073
0.00, 6546809
0.00, 6522920
0.00, 6495879
0.00, 6487071
0.00, 6297107
0.00, 6202810
0.00, 6127858
0.00, 6110970
0.00, 5960859
0.00, 5890634
0.00, 5860174
0.00, 5837764
0.00, 5815690
0.00, 5775740
0.00, 5759751
0.00, 5752000
0.00, 5728709
0.00, 5664953
0.00, 5644279
0.00, 5618494
0.00, 5617012
0.00, 5576498
0.00, 5568973
0.00, 5525233
0.00, 5521937
0.00, 5508268
0.00, 5459831
0.00, 5452258
0.00, 5450850
0.00, 5438778
0.00, 5175889
0.00, 5069207
0.00, 5051714
0.00, 4952577
0.00, 4925776
0.00, 4886083
0.01, 4872771
0.01, 4678756
0.01, 4651574
0.01, 4571954
0.01, 4555427
0.01, 4516802
0.01, 4498829
0.01, 4497069
0.01, 4475808
0.01, 4465283
0.01, 4442219
0.01, 4337495
0.01, 4324743
0.01, 4317701
0.01, 4313221
0.01, 4225091
0.01, 4222886
0.01, 4218776
0.01, 4215687
0.01, 4205891
0.01, 4178989
0.01, 4174595
0.01, 4146119
0.01, 4077816
0.01, 4025749
0.01, 4014715
0.01, 4007035
0.01, 3999973
0.01, 3989857
0.01, 3947087
0.01, 3899653
0.01, 3844853
0.01, 3834015
0.01, 3833585
0.01, 3805157
0.01, 3805021
0.01, 3717380
0.01, 3696793
0.01, 3654783
0.01, 3618068
0.01, 3555714
0.01, 3520959
0.01, 3515313
0.01, 3462099
0.01, 3457698
0.01, 3456711
0.01, 3455951
0.01, 3455039
0.01, 3245716
0.01, 3236169
0.01, 3209973
0.01, 3161608
0.01, 3158978
0.01, 3154840
0.01, 3134311
0.01, 3129257
0.01, 3122423
0.01, 3109183
0.01, 3089453
0.01, 3074815
0.01, 3063229
0.01, 3062563
0.01, 3055995
0.01, 3029750
0.01, 2997760
0.01, 2996087
0.01, 2993517
0.01, 2955758
0.01, 2898116
0.01, 2897004
0.01, 2835920
0.01, 2813411
0.01, 2796138
0.01, 2695442
0.01, 2677787
0.01, 2675125
0.01, 2653713
0.01, 2647411
0.01, 2611769
0.01, 2607071
0.01, 2578083
0.01, 2567244
0.01, 2543759
0.01, 2509961
0.01, 2508613
0.01, 2502828
0.01, 2490194
0.01, 2475711
0.01, 2437878
0.01, 2433325
0.01, 2420211
0.01, 2407919
0.01, 2405632
0.01, 2405385
0.01, 2395418
0.01, 2371678
0.01, 2370229
0.01, 2369796
0.01, 2363260
0.01, 2340936
0.01, 2339179
0.01, 2335639
0.01, 2333320
0.01, 2307353
0.01, 2306098
0.01, 2304443
0.01, 2295377
0.01, 2257457
0.01, 2235882
0.01, 2235804
0.01, 2219730
0.01, 2209340
0.01, 2206615
0.02, 2201536
0.02, 2159926
0.02, 2143186
0.02, 2137397
0.02, 2121037
0.02, 2114632
0.02, 2106818
0.02, 2101477
0.02, 2091525
0.02, 2090285
0.02, 2080487
0.02, 2062833
0.02, 2049928
0.02, 2049542
0.02, 2042424
0.02, 2024645
0.02, 2021899
0.02, 2004570
0.02, 1970456
0.02, 1942892
0.03, 1934619
0.03, 1916736
0.03, 1897652
0.03, 1894592
0.08, 1893459
0.08, 1891484
0.08, 1889161
0.08, 1886055
0.08, 1884066
0.08, 1881021
0.08, 1875606
0.08, 1870040
0.08, 1862750
0.08, 1846604
0.08, 1846270
0.08, 1844659
0.09, 1840698
0.09, 1819157
0.09, 1817064
0.09, 1810827
0.09, 1807609
0.09, 1798053
0.09, 1796923
0.09, 1790841
0.09, 1765526
0.10, 1759775
0.12, 1756004
0.14, 1753243
0.14, 1749450
0.14, 1739620
0.14, 1732875
0.14, 1721058
0.14, 1721042
0.15, 1717565
0.15, 1709880
0.15, 1706962
0.15, 1696239
0.15, 1688078
0.15, 1683454
0.15, 1677378
0.15, 1676088
0.18, 1671866
0.18, 1670640
0.18, 1665486
0.18, 1638930
0.18, 1627021
0.24, 1621980
0.24, 1615042
0.24, 1614411
0.24, 1614293
0.24, 1610430
0.24, 1609351
0.24, 1608602
0.25, 1607144
0.25, 1605775
0.25, 1602832
0.25, 1600373
0.25, 1598960
0.28, 1596901
0.28, 1582744
0.28, 1578036
0.31, 1574972
0.32, 1574867
0.32, 1574388
0.32, 1571362
0.32, 1567295
0.34, 1562435
0.34, 1556934
0.34, 1555702
6.43, 1555060
