0.00, 7331615
0.00, 7307008
0.00, 7305040
0.00, 7292211
0.00, 7286657
0.00, 7271630
0.00, 7239073
0.00, 7206169
0.00, 7045377
0.00, 7016586
0.00, 7015524
0.00, 6993587
0.00, 6969395
0.00, 6853521
0.00, 6780726
0.00, 6626948
0.00, 6524767
0.00, 6524649
0.00, 6462102
0.00, 6453039
0.00, 6427360
0.00, 6212621
0.00, 6157377
0.00, 6031130
0.00, 6030640
0.00, 6013476
0.00, 5989672
0.00, 5917626
0.00, 5916832
0.00, 5780099
0.00, 5663396
0.00, 5626386
0.00, 5569274
0.00, 5534557
0.00, 5526263
0.00, 5477121
0.00, 5461768
0.00, 5431106
0.00, 5418834
0.00, 5417029
0.00, 5247698
0.00, 5209904
0.00, 5194046
0.00, 5184539
0.00, 5114796
0.00, 5060365
0.00, 5009793
0.00, 4997649
0.00, 4969221
0.01, 4949882
0.01, 4860618
0.01, 4833136
0.01, 4831109
0.01, 4622679
0.01, 4548931
0.01, 4541109
0.01, 4529321
0.01, 4464880
0.01, 4454217
0.01, 4453287
0.01, 4432221
0.01, 4407861
0.01, 4337704
0.01, 4337419
0.01, 4331376
0.01, 4330111
0.01, 4317123
0.01, 4305157
0.01, 4219698
0.01, 4157305
0.01, 4111781
0.01, 4108309
0.01, 4079434
0.01, 4058793
0.01, 4028845
0.01, 4028146
0.01, 4017505
0.01, 3748793
0.01, 3714448
0.01, 3709047
0.01, 3704276
0.01, 3700841
0.01, 3692652
0.01, 3685981
0.01, 3674905
0.01, 3673438
0.01, 3666771
0.01, 3664782
0.01, 3622436
0.01, 3618817
0.01, 3601446
0.01, 3569783
0.01, 3562376
0.01, 3559165
0.01, 3534712
0.01, 3525137
0.01, 3504020
0.01, 3497672
0.01, 3475018
0.01, 3474801
0.01, 3461629
0.01, 3459088
0.01, 3454778
0.01, 3448217
0.01, 3438319
0.01, 3423508
0.01, 3412763
0.01, 3406433
0.01, 3405720
0.01, 3388394
0.01, 3376911
0.01, 3349960
0.01, 3349706
0.01, 3342410
0.01, 3331081
0.01, 3328067
0.01, 3318901
0.01, 3290109
0.01, 3275464
0.01, 3262749
0.01, 3245496
0.01, 3236717
0.01, 3181927
0.01, 3127637
0.01, 3123525
0.01, 3102671
0.01, 3071697
0.01, 3023735
0.01, 3013114
0.01, 2994484
0.01, 2924927
0.01, 2917770
0.01, 2912015
0.01, 2898868
0.01, 2889358
0.01, 2888808
0.01, 2880176
0.01, 2870939
0.01, 2855873
0.01, 2792892
0.01, 2790792
0.01, 2771521
0.01, 2771399
0.01, 2636004
0.01, 2628938
0.01, 2627622
0.01, 2620322
0.01, 2560936
0.01, 2525374
0.01, 2525357
0.01, 2483624
0.01, 2478129
0.01, 2460338
0.01, 2351729
0.01, 2345058
0.01, 2342110
0.01, 2335619
0.01, 2334313
0.01, 2326134
0.01, 2315411
0.01, 2298943
0.01, 2270256
0.01, 2269006
0.01, 2266571
0.01, 2264094
0.01, 2263576
0.01, 2257890
0.01, 2238515
0.01, 2234091
0.01, 2232560
0.01, 2176418
0.01, 2176263
0.01, 2148473
0.01, 2135700
0.01, 2127867
0.01, 2125391
0.01, 2118452
0.01, 2108300
0.01, 2095973
0.01, 2087878
0.01, 2076641
0.01, 2059760
0.01, 2028075
0.01, 2008420
0.02, 2007595
0.02, 1992076
0.03, 1990107
0.03, 1988678
0.03, 1985244
0.03, 1958555
0.03, 1953699
0.03, 1950195
0.03, 1944636
0.03, 1930866
0.04, 1920965
0.04, 1913497
0.04, 1911747
0.04, 1911496
0.04, 1903139
0.06, 1901313
0.06, 1888315
0.06, 1885211
0.06, 1876155
0.06, 1864377
0.06, 1860197
0.06, 1853497
0.06, 1853415
0.08, 1852377
0.08, 1827540
0.08, 1817704
0.08, 1806350
0.08, 1800046
0.08, 1798737
0.11, 1797395
0.11, 1789310
0.11, 1785754
0.12, 1777568
0.12, 1773439
0.12, 1762046
0.12, 1761742
0.12, 1759432
0.12, 1757029
0.12, 1756166
0.14, 1755109
0.14, 1753877
0.14, 1740044
0.14, 1730313
0.14, 1729355
0.14, 1706448
0.14, 1704557
0.14, 1693086
0.19, 1689453
0.19, 1687435
0.19, 1685881
0.20, 1675593
0.20, 1662961
0.20, 1662733
0.20, 1662291
0.20, 1659888
0.20, 1652781
0.20, 1641683
0.20, 1636922
0.23, 1634084
0.23, 1632297
0.24, 1624645
0.24, 1623726
0.24, 1622270
0.24, 1621761
0.25, 1615838
0.25, 1615684
0.25, 1611555
0.25, 1608442
0.25, 1606748
0.25, 1604756
0.25, 1593166
0.27, 1592290
0.29, 1585723
0.29, 1585581
0.29, 1584049
0.29, 1580998
0.29, 1577111
0.29, 1569423
0.31, 1568024
0.34, 1566819
0.34, 1565553
0.35, 1563590
0.37, 1562629
0.39, 1561158
0.39, 1560239
0.40, 1560166
0.40, 1558695
0.40, 1557463
0.45, 1555923
0.45, 1555060
