0.02,7092705
0.02,6830430
0.02,6887724
0.02,6620538
0.02,6291112
0.02,6278840
0.02,6137419
0.02,5905700
0.02,5821776
0.02,5821843
0.02,5749668
0.02,5831362
0.02,5816580
0.02,5464637
0.02,5091346
0.02,4856080
0.02,4624240
0.02,4521304
0.02,4269759
0.02,4092618
0.02,3850878
0.02,3863973
0.02,3822839
0.02,3945913
0.02,3835618
0.02,3604946
0.02,3620602
0.02,3429030
0.02,3408246
0.02,3298069
0.02,3314411
0.02,3415347
0.02,3455034
0.02,3216702
0.02,3170416
0.02,3023451
0.02,3030586
0.02,2912894
0.02,2838765
0.02,2842558
0.02,2821657
0.02,2812115
0.02,2784992
0.02,2794289
0.02,2681234
0.02,2624919
0.02,2547790
0.03,2639581
0.03,2629835
0.03,2596305
0.03,2543170
0.03,2576086
0.03,2564858
0.03,2475624
0.03,2402935
0.03,2344641
0.03,2297446
0.03,2246183
0.03,2257976
0.03,2265977
0.03,2202955
0.03,2184830
0.03,2190819
0.03,2185232
0.03,2218854
0.03,2185485
0.03,2159668
0.03,2129459
0.03,2097297
0.03,2062488
0.03,2058228
0.03,2029573
0.03,2011514
0.03,2017278
0.03,2039737
0.03,2071704
0.03,1986790
0.03,1987487
0.03,1962138
0.03,1943672
0.03,1938049
0.03,1947434
0.03,1975736
0.03,1997333
0.03,2049877
0.03,2019719
0.03,1971654
0.03,2005124
0.03,1995268
0.03,1991546
0.03,1915187
0.03,1896299
0.03,1894121
0.03,1935916
0.03,1966619
0.03,1985721
0.03,1992499
0.03,1900113
0.03,1870911
0.03,1841623
0.03,1817765
0.03,1836731
0.03,1914686
0.03,2051893
0.03,2154231
0.03,2173361
0.03,2189862
0.03,2148877
0.03,2015902
0.03,1995266
0.03,2012492
0.03,2055613
0.03,2067179
0.03,2139044
0.03,2154930
0.03,2114952
0.03,2075269
0.03,2021765
0.03,1880535
0.03,1865670
0.03,1858227
0.03,1842421
0.03,1861993
0.03,1884419
0.03,1855628
0.03,1840119
0.03,1830684
0.03,1804061
0.03,1783881
0.03,1767532
0.03,1774663
0.03,1754136
0.03,1743446
0.03,1733113
0.03,1734261
0.03,1723099
0.03,1713169
0.03,1702049
0.03,1692469
0.03,1679009
0.03,1692450
0.03,1692909
0.03,1670592
0.03,1686435
0.03,1687665
0.03,1842202
0.03,1940473
0.03,2030689
0.03,2046236
0.03,2063258
0.03,2020751
0.03,1939483
0.03,1874794
0.03,1822276
0.03,1922998
0.03,1928200
0.03,1995349
0.03,2010528
0.03,1967166
0.03,1909961
0.03,1827183
0.03,1729653
0.03,1747011
0.03,1756011
0.03,1735174
0.03,1749141
0.03,1747504
0.03,1723208
0.03,1682933
0.03,1670447
0.03,1693836
0.03,1684772
0.03,1671412
0.03,1659605
0.03,1651868
0.03,1646367
0.03,1641261
0.03,1661693
0.03,1658960
0.03,1639519
0.03,1636930
0.03,1664900
0.03,1669240
0.03,1654858
0.03,1634678
0.03,1663649
0.03,1677985
0.03,1680489
0.03,1666431
0.03,1627082
0.03,1630878
0.03,1625377
0.03,1624145
0.03,1658973
0.03,1658832
0.03,1648187
0.03,1628212
0.03,1626517
0.03,1620424
0.03,1615318
0.03,1611454
0.03,1639307
0.03,1632204
0.03,1656707
0.03,1664984
0.03,1805198
0.03,1893420
0.03,1969253
0.03,1991245
0.03,2009018
0.03,1970996
0.03,1891210
0.03,1820544
0.03,1747662
0.03,1831809
0.03,1831806
0.03,1938213
0.03,1940073
0.03,1889096
0.03,1803773
0.03,1757936
0.03,1693924
0.03,1723728
0.03,1717283
0.03,1708535
0.03,1696577
0.03,1675633
0.03,1656074
0.03,1633229
0.03,1629440
0.03,1635633
0.03,1638750
0.03,1629695
0.03,1610591
