0.00,6748059
0.00,6396579
0.00,6329888
0.00,6056441
0.00,5661973
0.00,5465440
0.00,5376039
0.00,5250294
0.00,5173579
0.00,5189580
0.00,5183933
0.00,4953169
0.00,5034743
0.00,4787294
0.00,4845356
0.00,4627973
0.00,4486468
0.00,4451631
0.00,4425298
0.00,4504326
0.00,4243364
0.00,4268222
0.00,4170730
0.00,4255598
0.00,4108777
0.00,4156314
0.00,4160729
0.00,4194096
0.00,4089858
0.00,4064408
0.00,3989173
0.00,4009323
0.00,4094191
0.00,3996389
0.00,3998817
0.00,4004732
0.00,4107765
0.00,3846747
0.00,3684759
0.00,3636969
0.00,3742599
0.00,3759885
0.00,3682794
0.00,3698004
0.00,3622802
0.00,3571021
0.00,3429064
0.00,3558542
0.00,3573188
0.00,3539789
0.00,3574314
0.00,3380834
0.00,3423001
0.00,3381753
0.00,3405894
0.00,3394253
0.00,3314054
0.00,3327931
0.00,3228611
0.00,3294207
0.00,3291170
0.00,3449365
0.00,3436201
0.00,3540026
0.00,3508008
0.00,3411539
0.00,3392330
0.00,3163381
0.00,3139186
0.00,3145562
0.00,3116107
0.00,3145393
0.00,3020357
0.00,3075446
0.00,3048671
0.00,3014122
0.00,3008058
0.00,2914132
0.00,3156536
0.00,3154999
0.00,3086167
0.00,3079088
0.00,3083137
0.00,3189364
0.00,3100642
0.00,3067456
0.00,3014626
0.00,3015613
0.00,3077696
0.00,2928758
0.00,3001392
0.00,2876191
0.00,2916252
0.00,2979436
0.00,2834448
0.00,2751864
0.00,2773281
0.00,2912280
0.00,2889272
0.00,3053644
0.00,2961607
0.00,2738988
0.00,2622288
0.00,2643901
0.00,2576143
0.00,2504564
0.00,2530320
0.00,2442990
0.00,2514885
0.00,2526596
0.01,2506481
0.01,2479460
0.01,2436985
0.01,2444108
0.01,2413348
0.01,2360647
0.01,2308493
0.01,2318216
0.01,2374653
0.01,2256494
0.01,2226347
0.01,2209022
0.01,2195653
0.01,2178440
0.01,2168092
0.01,2160070
0.01,2127331
0.01,2128925
0.01,2109417
0.01,2066086
0.01,2068816
0.01,2094257
0.01,2153833
0.01,2118029
0.01,2105095
0.01,2070400
0.01,2026250
0.01,2112780
0.01,2180360
0.01,2207636
0.01,2204083
0.01,2255282
0.01,2229419
0.01,2184130
0.01,2298300
0.01,2402677
0.01,2356398
0.01,2338506
0.01,2401695
0.01,2380635
0.01,2285205
0.01,2211577
0.01,2128207
0.01,2184122
0.01,2162711
0.01,2141289
0.01,2117009
0.01,2164622
0.01,2165117
0.01,2164899
0.01,2177380
0.01,2202430
0.01,2223011
0.01,2182181
0.01,2128749
0.01,1993243
0.01,1993755
0.01,2039526
0.01,2004278
0.01,1960581
0.01,1952690
0.01,1923758
0.01,2036545
0.01,2006181
0.01,2062212
0.01,2102241
0.01,2077978
0.01,2029001
0.01,1966369
0.01,1952704
0.01,1918061
0.01,1881965
0.01,1854162
0.01,1828951
0.01,1805467
0.01,1806159
0.01,1893135
0.01,1918653
0.01,1945706
0.01,1972572
0.01,1934503
0.01,1852091
0.01,1816548
0.01,1782345
0.01,1805652
0.01,1812401
0.01,1795076
0.01,1797806
0.01,1822209
0.01,1861000
0.01,1882571
0.01,1952319
0.01,2038480
0.01,2068467
0.01,2084371
0.01,2032353
0.01,2035218
0.01,1995976
0.01,2091203
0.01,2145118
0.01,2083274
0.01,2102154
0.01,2117278
0.01,1977313
0.01,1950630
0.01,2029936
0.01,2038787
0.01,2100306
0.01,2062054
0.01,2017262
0.01,1874371
0.01,1780489
0.01,1764655
0.01,1818133
0.01,1848626
0.01,1734512
0.01,1712964
0.01,1717416
0.01,1690238
0.01,1679515
0.01,1669118
0.01,1658887
0.01,1648106
0.01,1637132
0.01,1628410
0.01,1619914
0.01,1615471
0.01,1610719
0.01,1608316
0.01,1605934
0.01,1604147
0.01,1602412
0.01,1587945
0.01,1586408
0.01,1586358
