0.00,6967848
0.00,6912647
0.00,6537404
0.00,6453555
0.00,6021390
0.00,5735533
0.00,5514446
0.00,5523036
0.00,5266816
0.00,5149278
0.00,5200221
0.00,5256445
0.00,5251725
0.00,5158053
0.00,4944887
0.00,4869380
0.00,4925852
0.00,5011650
0.00,4900286
0.00,4795848
0.00,4880211
0.00,4799565
0.00,4521023
0.00,4520078
0.00,4520107
0.00,4101044
0.00,3921657
0.00,3618941
0.00,3596222
0.00,3603592
0.00,3462610
0.00,3520891
0.00,3495510
0.00,3316347
0.00,3202668
0.00,3355454
0.00,3360434
0.00,3290668
0.00,3277613
0.00,3339536
0.00,3202355
0.00,3213041
0.00,3189879
0.00,3085238
0.00,3053185
0.00,2949914
0.00,2888514
0.00,2847750
0.00,2843285
0.00,2776135
0.00,2880143
0.00,2870947
0.00,2904964
0.00,2832833
0.00,2877292
0.00,2967872
0.00,3153776
0.00,3142693
0.00,3206849
0.00,3048418
0.00,2885291
0.00,2816002
0.00,2754588
0.00,2771602
0.00,2887381
0.00,2831595
0.00,2849756
0.00,2924539
0.00,2879026
0.00,2809746
0.00,2854313
0.00,2870433
0.00,2817273
0.00,2706716
0.00,2717952
0.00,2738386
0.00,2701103
0.00,2673584
0.00,2602807
0.00,2539084
0.00,2476047
0.00,2460866
0.00,2458056
0.00,2392024
0.00,2377919
0.00,2361756
0.00,2308426
0.00,2295392
0.00,2216847
0.00,2204232
0.00,2176835
0.00,2305884
0.00,2324718
0.00,2335300
0.00,2342430
0.00,2526041
0.00,2492476
0.00,2432971
0.00,2326107
0.00,2165538
0.00,2237957
0.00,2306069
0.00,2266956
0.00,2244158
0.00,2165002
0.00,2144524
0.00,2170368
0.00,2300677
0.00,2363246
0.00,2348509
0.00,2373578
0.00,2509445
0.00,2475534
0.00,2464485
0.00,2288320
0.00,2118250
0.00,2122525
0.00,2100901
0.00,2063946
0.01,2036912
0.01,2056577
0.01,2002700
0.01,2008017
0.01,2004929
0.01,1980359
0.01,1982016
0.01,2095133
0.01,2096262
0.01,2169135
0.01,2198644
0.01,2290195
0.01,2321486
0.01,2257968
0.01,2224783
0.01,2243218
0.01,2183610
0.01,2244928
0.01,2218311
0.01,2251258
0.01,2267245
0.01,2191878
0.01,2164776
0.01,2117069
0.01,2258320
0.01,2393804
0.01,2391675
0.01,2375986
0.01,2283103
0.01,2258413
0.01,2223355
0.01,2144954
0.01,2053405
0.01,2058260
0.01,2024359
0.01,2004924
0.01,1972549
0.01,1950457
0.01,1951174
0.01,1922562
0.01,1923030
0.01,1907364
0.01,1886482
0.01,1892506
0.01,1853561
0.01,1824832
0.01,1878646
0.01,1927564
0.01,1953908
0.01,2089247
0.01,2082081
0.01,2073421
0.01,1926864
0.01,1881202
0.01,1805197
0.01,1809339
0.01,1805951
0.01,1785296
0.01,1784218
0.01,1802115
0.01,1796701
0.01,1805185
0.01,1818917
0.01,1806323
0.01,1804823
0.01,1791025
0.01,1765434
0.01,1783727
0.01,1783606
0.01,1735252
0.01,1737479
0.01,1760474
0.01,1765064
0.01,1751838
0.01,1782187
0.01,1763410
0.01,1881175
0.01,1944363
0.01,1975088
0.01,2022192
0.01,2113704
0.01,2067227
0.01,2039034
0.01,1876780
0.01,1719673
0.01,1745154
0.01,1750771
0.01,1785883
0.01,1791137
0.01,1905930
0.01,1966807
0.01,1975378
0.01,1964338
0.01,2035324
0.01,2020254
0.01,2003344
0.01,1885589
0.01,1732741
0.01,1725212
0.01,1698272
0.01,1682314
0.01,1699274
0.01,1728958
0.01,1911849
0.01,1984622
0.01,1975638
0.01,1992959
0.01,2025089
0.01,1990209
0.01,1799905
0.01,1671563
0.01,1672175
0.01,1748659
0.01,1794360
0.01,1925580
0.01,1980322
0.01,1922961
0.01,1933388
0.01,1851239
0.01,1693698
0.01,1654988
0.01,1681645
0.01,1687979
0.01,1748654
0.01,1780316
0.01,1797780
0.01,1857399
0.01,1951825
0.01,1996179
0.01,1977648
0.01,1973585
0.01,1882670
0.01,1847584
0.01,1879023
0.01,1958980
0.01,1973880
0.01,2051180
0.01,2067097
0.01,2092469
0.01,1995552
0.01,1878617
0.01,1912168
0.01,1898136
0.01,1920792
0.01,1873204
0.01,1846807
0.01,1811806
0.01,1714960
0.01,1693122
0.01,1682067
0.01,1706266
0.01,1684222
0.01,1661046
0.01,1645450
0.01,1637573
0.01,1630418
0.01,1624477
0.01,1630565
0.01,1619615
0.01,1613610
0.01,1611207
0.01,1609420
0.01,1607820
0.01,1606407
0.01,1605537
0.01,1607116
0.01,1599361
0.01,1594255
0.01,1593392
0.01,1592753
0.01,1587574
