0.00,7144500
0.00,6805098
0.00,6750958
0.00,6663727
0.00,6215580
0.00,5907928
0.00,5779661
0.00,5718711
0.00,5736079
0.00,5337814
0.00,5276686
0.00,5243023
0.00,4964633
0.00,5033532
0.00,4737616
0.00,4695050
0.00,4573970
0.00,4223994
0.00,4183809
0.00,4314848
0.00,4383926
0.00,4224718
0.00,4387271
0.00,4296782
0.00,4007234
0.00,3962884
0.00,3871034
0.00,3903877
0.00,3952696
0.00,3792713
0.00,3783765
0.00,3742849
0.00,3759940
0.00,3868784
0.00,3770788
0.00,3571628
0.00,3588813
0.00,3601245
0.00,3619824
0.00,3478590
0.00,3543749
0.00,3394154
0.00,3395510
0.00,3298282
0.00,3326002
0.00,3075971
0.00,3011296
0.00,3052276
0.00,3111949
0.00,3171644
0.00,3168085
0.00,3026320
0.00,3062987
0.00,2858220
0.00,2873292
0.00,2900369
0.00,2973586
0.00,2906734
0.00,3028738
0.00,3065597
0.00,2984271
0.00,3081469
0.00,3087422
0.00,3098362
0.00,2764639
0.00,2719483
0.00,2716318
0.00,2683255
0.00,2656925
0.00,2646279
0.00,2701071
0.00,2674713
0.00,2709927
0.00,2709780
0.00,2784709
0.00,2684114
0.00,2662528
0.00,2703786
0.00,2945272
0.00,2918651
0.00,2980157
0.00,3021241
0.00,3039081
0.00,2806687
0.00,2716689
0.00,2686457
0.01,2603285
0.01,2610802
0.01,2542871
0.01,2541322
0.01,2530062
0.01,2491109
0.01,2483283
0.01,2394655
0.01,2467523
0.01,2460997
0.01,2548652
0.01,2641147
0.01,2669215
0.01,2511993
0.01,2481861
0.01,2493390
0.01,2585670
0.01,2563150
0.01,2600808
0.01,2617169
0.01,2629118
0.01,2502278
0.01,2398510
0.01,2357672
0.01,2277223
0.01,2340535
0.01,2359566
0.01,2278300
0.01,2231594
0.01,2233388
0.01,2225163
0.01,2222410
0.01,2179298
0.01,2214684
0.01,2213997
0.01,2168655
0.01,2154395
0.01,2118412
0.01,2066258
0.01,2100265
0.01,2166409
0.01,2215946
0.01,2334586
0.01,2289529
0.01,2282463
0.01,2272300
0.01,2266970
0.01,2058699
0.01,2040297
0.01,2047855
0.01,2057032
0.01,2030897
0.01,2005188
0.01,1994150
0.01,1968095
0.01,1950597
0.01,1943937
0.01,1931930
0.01,1914968
0.01,1896587
0.01,1904549
0.01,1878802
0.01,1993473
0.01,2014124
0.01,1989416
0.01,1993927
0.01,1956963
0.01,1963283
0.01,1869996
0.01,1877979
0.01,1847425
0.01,1852844
0.01,1838231
0.01,1859692
0.01,1888244
0.01,1913530
0.01,1894878
0.01,1850561
0.01,1845486
0.01,1824500
0.01,1803782
0.01,1790586
0.01,1821996
0.01,1796388
0.01,1799426
0.01,1778035
0.01,1831368
0.01,1816761
0.01,1765498
0.01,1766876
0.01,1805350
0.01,1879113
0.01,1912832
0.01,2031280
0.01,2102495
0.01,2165012
0.01,2157709
0.01,2155324
0.01,2063178
0.01,1946010
0.01,1942104
0.01,1888644
0.01,1889219
0.01,1905391
0.01,1908005
0.01,1988686
0.01,2019653
0.01,2019708
0.01,2025091
0.01,1987832
0.01,1990997
0.01,1887331
0.01,1838219
0.01,1764393
0.01,1741154
0.01,1730821
0.01,1730565
0.01,1724203
0.01,1726428
0.01,1745081
0.01,1727460
0.01,1702401
0.01,1699532
0.01,1700882
0.01,1688441
0.01,1681188
0.01,1677930
0.01,1748434
0.01,1796468
0.01,1815973
0.01,1866497
0.01,1828155
0.01,1817481
0.01,1703741
0.01,1671909
0.01,1682719
0.01,1702508
0.01,1691240
0.01,1685413
0.01,1655334
0.01,1650228
0.01,1645223
0.01,1645884
0.01,1640730
0.01,1636636
0.01,1633280
0.01,1630362
0.01,1643484
0.01,1674024
0.01,1666070
0.01,1645901
0.01,1628335
0.01,1627103
0.01,1626240
0.01,1631914
0.01,1630679
0.01,1653125
0.01,1665769
0.01,1653563
0.01,1626013
0.01,1639243
0.01,1658706
0.01,1669924
0.01,1652999
0.01,1624308
