0.02,6965798
0.02,6788326
0.02,6488941
0.02,6145799
0.02,5725797
0.02,5720422
0.02,5566655
0.02,5636226
0.02,5457125
0.02,5067024
0.02,5136481
0.02,5199642
0.02,4932869
0.02,4787857
0.02,4717208
0.02,4835186
0.02,4784111
0.02,4792730
0.02,4748235
0.02,4642632
0.02,4686582
0.02,4675910
0.02,4719362
0.02,4788613
0.02,4619433
0.02,4475549
0.02,4419020
0.02,4326304
0.02,4137034
0.02,4152299
0.02,4279340
0.02,4307801
0.02,4312696
0.02,4153445
0.02,4093437
0.02,4020616
0.02,3993275
0.02,4050415
0.02,4010103
0.02,3885663
0.02,3893596
0.02,3785141
0.02,3831079
0.02,3658017
0.02,3637173
0.02,3627977
0.02,3738464
0.02,3793549
0.02,3816490
0.02,3600013
0.02,3473148
0.02,3461688
0.02,3525787
0.02,3390805
0.02,3303267
0.02,3457976
0.02,3498506
0.02,3386101
0.02,3305573
0.02,3374642
0.02,3213660
0.02,3155763
0.02,3239037
0.02,3108887
0.02,3071886
0.02,3079687
0.02,3097329
0.02,3117919
0.02,3008187
0.02,3036409
0.02,3026504
0.02,3048616
0.02,3017961
0.02,2985321
0.02,3043496
0.02,2920243
0.02,2841136
0.02,2721901
0.02,2558052
0.02,2609006
0.02,2543380
0.02,2513494
0.02,2443164
0.02,2383666
0.02,2328196
0.02,2334254
0.02,2342590
0.02,2307717
0.02,2245785
0.02,2222359
0.02,2222464
0.02,2266378
0.02,2202042
0.02,2222725
0.02,2233689
0.02,2223265
0.02,2241858
0.02,2227029
0.02,2195380
0.02,2153552
0.02,2107915
0.02,2129826
0.02,2337190
0.02,2411278
0.02,2470362
0.02,2497567
0.02,2430273
0.02,2418446
0.02,2407436
0.02,2255706
0.02,2127247
0.02,2183902
0.02,2273661
0.02,2350284
0.02,2315918
0.02,2272505
0.02,2245572
0.02,2270633
0.02,2168955
0.02,2179982
0.02,2137721
0.02,2110977
0.02,2097129
0.02,2129793
0.02,2214360
0.02,2229538
0.02,2224655
0.02,2204375
0.02,2198244
0.02,2091654
0.02,2101152
0.02,2075916
0.02,2074817
0.02,2040048
0.02,2032256
0.02,2022334
0.02,2010200
0.02,2015249
0.02,2020674
0.02,1944826
0.02,1912117
0.02,2099310
0.02,2192047
0.02,2287206
0.02,2312418
0.02,2326215
0.02,2234514
0.02,2170279
0.02,2091165
0.02,2028973
0.02,2059922
0.02,2042293
0.02,1977149
0.02,1965047
0.02,1955057
0.02,1951723
0.02,1972549
0.02,1982107
0.02,1968884
0.02,1955875
0.02,1975586
0.02,1906421
0.02,1944687
0.02,1980073
0.02,2064103
0.02,2008202
0.02,2009342
0.02,1976530
0.02,1925982
0.02,1850851
0.02,1847642
0.02,1828454
0.02,1812018
0.02,1815056
0.02,1793665
0.02,1776553
0.02,1760221
0.02,1789561
0.02,1877037
0.02,1910148
0.03,1901360
0.03,1906727
0.03,1874069
0.03,1863759
0.03,1770330
0.03,1746076
0.03,1733690
0.03,1721668
0.03,1761950
0.03,1821358
0.03,1870137
0.03,1909228
0.03,1885842
0.03,1864316
0.03,1893178
0.03,2015804
0.03,2076622
0.03,2131553
0.03,2133833
0.03,2127270
0.03,2045023
0.03,1977726
0.03,1896955
0.03,1836034
0.03,1859205
0.03,1814380
0.03,1800727
0.03,1782381
0.03,1855547
0.03,1934642
0.03,1948410
0.03,1980773
0.03,1890436
0.03,1855632
0.03,1746050
0.03,1757615
0.03,1761138
0.03,1759355
0.03,1725646
0.03,1710060
0.03,1699616
0.03,1689568
0.03,1682413
0.03,1675272
0.03,1669916
0.03,1665394
0.03,1657920
0.03,1679813
0.03,1663228
0.03,1653953
0.03,1651550
0.03,1650013
0.03,1649150
0.03,1650005
0.03,1646876
0.03,1641770
