0.01, 7055933
0.01, 7048451
0.01, 6901829
0.01, 6804617
0.01, 6769707
0.01, 6762468
0.01, 6727842
0.01, 6727410
0.01, 6666524
0.01, 6185675
0.01, 6184711
0.01, 6161122
0.01, 6117476
0.01, 6111964
0.01, 6111076
0.01, 6093044
0.01, 6091424
0.01, 5934693
0.01, 5891108
0.01, 5890447
0.01, 5883860
0.01, 5727134
0.01, 5687783
0.01, 5664127
0.01, 5640335
0.01, 5611666
0.01, 5489668
0.01, 5488759
0.01, 5458454
0.01, 5445927
0.01, 5404643
0.01, 5394986
0.01, 5271761
0.01, 5260166
0.01, 5254386
0.01, 5220811
0.01, 5218541
0.01, 5218019
0.01, 5214480
0.01, 5111901
0.01, 4790778
0.01, 4753131
0.01, 4665339
0.01, 4664611
0.01, 4645252
0.01, 4587572
0.01, 4580965
0.01, 4572612
0.01, 4526043
0.01, 4521072
0.01, 4505208
0.01, 4504370
0.01, 4411828
0.01, 4401304
0.01, 4381699
0.01, 4381333
0.01, 4314303
0.01, 4308455
0.01, 4264656
0.01, 4261128
0.01, 4257217
0.01, 4160061
0.01, 4096226
0.01, 4089317
0.01, 4088740
0.01, 4085385
0.01, 4084775
0.01, 4063500
0.01, 4044193
0.01, 3950617
0.01, 3922314
0.01, 3894396
0.01, 3893515
0.01, 3882638
0.01, 3878369
0.01, 3875604
0.01, 3836375
0.01, 3805304
0.01, 3792425
0.01, 3760997
0.01, 3748259
0.01, 3731418
0.01, 3725397
0.01, 3670287
0.01, 3609811
0.01, 3602130
0.01, 3600015
0.01, 3597831
0.01, 3587913
0.01, 3572466
0.01, 3545172
0.01, 3478047
0.01, 3465212
0.01, 3430512
0.01, 3371372
0.01, 3353184
0.01, 3312423
0.01, 3311092
0.01, 3298618
0.01, 3293944
0.01, 3271254
0.01, 3234299
0.01, 3214323
0.01, 3184113
0.01, 3182790
0.01, 3182730
0.01, 3181999
0.01, 3175135
0.01, 3159015
0.01, 3123449
0.01, 3121887
0.01, 3113380
0.01, 3098538
0.01, 3046264
0.01, 2997368
0.01, 2995866
0.01, 2985290
0.01, 2969411
0.01, 2937713
0.01, 2934126
0.01, 2930285
0.01, 2926659
0.01, 2895108
0.01, 2890611
0.01, 2881567
0.01, 2878567
0.01, 2851844
0.01, 2843972
0.01, 2825617
0.01, 2819577
0.01, 2760842
0.01, 2760462
0.01, 2746860
0.01, 2703699
0.01, 2703074
0.01, 2700639
0.01, 2700536
0.01, 2679934
0.01, 2678407
0.01, 2656905
0.01, 2654129
0.01, 2651945
0.01, 2619497
0.01, 2618584
0.01, 2617335
0.01, 2608445
0.01, 2592338
0.01, 2585604
0.01, 2527308
0.01, 2517960
0.01, 2506680
0.01, 2473516
0.01, 2468872
0.01, 2467757
0.01, 2463629
0.01, 2453453
0.01, 2360859
0.01, 2359298
0.01, 2354743
0.01, 2337077
0.01, 2317686
0.01, 2308128
0.01, 2269128
0.01, 2259822
0.01, 2259501
0.01, 2246089
0.01, 2242438
0.01, 2239684
0.01, 2220910
0.01, 2184772
0.01, 2183500
0.01, 2168182
0.01, 2154192
0.02, 2148932
0.02, 2138181
0.02, 2089281
0.02, 2050410
0.02, 2048232
0.03, 2030422
0.03, 2021199
0.03, 2018061
0.03, 2011077
0.03, 1990530
0.03, 1988718
0.03, 1979010
0.04, 1971157
0.04, 1969241
0.04, 1966397
0.04, 1962838
0.04, 1960966
0.04, 1951083
0.04, 1940932
0.04, 1940839
0.04, 1938147
0.04, 1937117
0.04, 1895558
0.04, 1892811
0.04, 1891291
0.05, 1875598
0.05, 1863596
0.05, 1845752
0.09, 1840318
0.10, 1838175
0.10, 1837312
0.10, 1815969
0.10, 1779524
0.10, 1771296
0.10, 1760642
0.10, 1760489
0.10, 1759896
0.10, 1754090
0.10, 1753778
0.10, 1744754
0.10, 1733677
0.10, 1727248
0.11, 1723036
0.11, 1714304
0.15, 1705479
0.15, 1700811
0.15, 1700172
0.15, 1698686
0.15, 1692270
0.15, 1691234
0.15, 1675734
0.15, 1668367
0.16, 1648570
0.16, 1638473
0.16, 1635174
0.21, 1634376
0.23, 1630185
0.23, 1622738
0.23, 1620066
0.23, 1614985
0.23, 1611658
0.26, 1609285
0.27, 1598832
0.27, 1597073
0.27, 1592624
0.28, 1591734
0.28, 1582442
0.28, 1581631
0.28, 1580790
0.29, 1576360
0.30, 1574322
0.30, 1572693
0.30, 1568252
0.30, 1567389
0.30, 1567300
0.30, 1565483
0.33, 1564729
0.36, 1559428
0.41, 1558565
0.44, 1556976
0.44, 1555060
