0.00, 7056639
0.00, 6994992
0.00, 6993615
0.00, 6905168
0.00, 6878939
0.00, 6837705
0.00, 6626896
0.00, 6569271
0.00, 6497854
0.00, 6381644
0.00, 6353569
0.00, 6311920
0.00, 6284919
0.00, 6239676
0.00, 6232559
0.00, 6155865
0.00, 6148426
0.00, 6144760
0.00, 6117698
0.00, 6035825
0.00, 5990271
0.00, 5856202
0.00, 5834364
0.00, 5827166
0.00, 5736113
0.00, 5724965
0.00, 5697895
0.00, 5684837
0.00, 5680719
0.00, 5675003
0.00, 5618253
0.00, 5615921
0.00, 5615434
0.00, 5589898
0.00, 5554161
0.00, 5451412
0.00, 5450684
0.00, 5413597
0.00, 5408402
0.00, 5337899
0.00, 5273775
0.00, 5217839
0.01, 5203358
0.01, 5179391
0.01, 5119913
0.01, 5072561
0.01, 5047367
0.01, 4842332
0.01, 4710718
0.01, 4700807
0.01, 4667770
0.01, 4649654
0.01, 4612074
0.01, 4549067
0.01, 4540940
0.01, 4511488
0.01, 4490302
0.01, 4473646
0.01, 4437060
0.01, 4382253
0.01, 4362165
0.01, 4311948
0.01, 4300225
0.01, 4283113
0.01, 4185350
0.01, 4175434
0.01, 4166067
0.01, 4160022
0.01, 4127456
0.01, 4115727
0.01, 4080078
0.01, 4019499
0.01, 4017014
0.01, 4016619
0.01, 3997385
0.01, 3989385
0.01, 3965257
0.01, 3938261
0.01, 3918888
0.01, 3901040
0.01, 3896400
0.01, 3892332
0.01, 3888684
0.01, 3812226
0.01, 3810985
0.01, 3681742
0.01, 3632827
0.01, 3541781
0.01, 3515662
0.01, 3493783
0.01, 3445679
0.01, 3399929
0.01, 3389372
0.01, 3389153
0.01, 3325679
0.01, 3321858
0.01, 3315412
0.01, 3307217
0.01, 3253476
0.01, 3216302
0.01, 3209355
0.01, 3206676
0.01, 3139255
0.01, 3114561
0.01, 3108109
0.01, 3095215
0.01, 3086518
0.01, 3079919
0.01, 3010360
0.01, 2990901
0.01, 2989010
0.01, 2879121
0.01, 2836673
0.01, 2828245
0.01, 2809626
0.01, 2798679
0.01, 2793043
0.01, 2759738
0.01, 2750299
0.01, 2727047
0.01, 2711838
0.01, 2695467
0.01, 2672075
0.01, 2647920
0.01, 2645337
0.01, 2632748
0.01, 2618490
0.01, 2615744
0.01, 2590131
0.01, 2587960
0.01, 2585741
0.01, 2567331
0.01, 2500110
0.01, 2469894
0.01, 2467553
0.01, 2463890
0.01, 2439533
0.01, 2428824
0.01, 2419952
0.01, 2410892
0.01, 2401245
0.01, 2360448
0.01, 2330162
0.01, 2312115
0.01, 2309968
0.01, 2258430
0.01, 2256692
0.01, 2256575
0.01, 2256401
0.01, 2251007
0.01, 2241679
0.01, 2227560
0.01, 2219776
0.01, 2189794
0.01, 2188651
0.01, 2185441
0.01, 2181885
0.01, 2164536
0.01, 2151749
0.01, 2144323
0.01, 2118288
0.02, 2114822
0.02, 2110604
0.02, 2077650
0.02, 2076879
0.03, 2065086
0.03, 2052324
0.03, 2025355
0.03, 2024355
0.03, 2019274
0.03, 2017776
0.03, 2017033
0.03, 2016910
0.03, 2016840
0.03, 2013036
0.03, 1991984
0.03, 1971823
0.03, 1960419
0.03, 1957647
0.03, 1947638
0.03, 1943855
0.03, 1938175
0.03, 1936517
0.04, 1929249
0.04, 1920190
0.04, 1915666
0.04, 1908348
0.04, 1893605
0.04, 1891872
0.04, 1887025
0.04, 1876693
0.04, 1867764
0.04, 1859739
0.04, 1854274
0.04, 1837315
0.04, 1826792
0.08, 1825104
0.08, 1823686
0.10, 1817953
0.10, 1810742
0.10, 1782883
0.10, 1770775
0.13, 1761369
0.13, 1760045
0.13, 1756297
0.13, 1756166
0.15, 1746139
0.15, 1723850
0.15, 1713695
0.15, 1700310
0.16, 1695716
0.16, 1695615
0.17, 1690094
0.17, 1687924
0.17, 1674957
0.17, 1673174
0.17, 1671652
0.17, 1663711
0.19, 1650018
0.19, 1649385
0.19, 1649301
0.19, 1647172
0.19, 1635808
0.20, 1629305
0.20, 1624074
0.20, 1623881
0.20, 1622937
0.21, 1615290
0.21, 1604957
0.23, 1599232
0.23, 1592192
0.23, 1587093
0.23, 1585572
0.23, 1583972
0.23, 1578471
0.25, 1577223
0.27, 1575552
0.27, 1574910
0.28, 1573767
0.29, 1566774
0.29, 1565592
0.35, 1561357
0.37, 1559752
0.39, 1559530
0.39, 1558695
0.39, 1557463
0.39, 1555060
