0.00, 7409173
0.00, 7404415
0.00, 7357766
0.00, 7357568
0.00, 7164490
0.00, 7066845
0.00, 6966043
0.00, 6758490
0.00, 6618754
0.00, 6604303
0.00, 6591485
0.00, 6546018
0.00, 6539916
0.00, 6513334
0.00, 6511812
0.00, 6387765
0.00, 6335634
0.00, 6322002
0.00, 6309955
0.00, 6241093
0.00, 6210927
0.00, 6177072
0.00, 6134677
0.00, 6131976
0.00, 6104620
0.00, 6093295
0.00, 6078717
0.00, 5979986
0.00, 5977684
0.00, 5902245
0.00, 5760435
0.00, 5745903
0.00, 5736780
0.00, 5470320
0.00, 5437630
0.00, 5428193
0.00, 5427368
0.00, 5424482
0.00, 5421055
0.00, 5395118
0.00, 5342288
0.00, 5342210
0.01, 5314232
0.01, 5241401
0.01, 5238789
0.01, 5229030
0.01, 5139067
0.01, 5134601
0.01, 5133926
0.01, 5127483
0.01, 5054938
0.01, 4978319
0.01, 4975243
0.01, 4719805
0.01, 4554850
0.01, 4547315
0.01, 4471468
0.01, 4469300
0.01, 4460404
0.01, 4460270
0.01, 4447377
0.01, 4442638
0.01, 4435177
0.01, 4374070
0.01, 4366176
0.01, 4263579
0.01, 4204522
0.01, 4171693
0.01, 4170896
0.01, 4143936
0.01, 4067938
0.01, 4052733
0.01, 4050128
0.01, 4029240
0.01, 3981547
0.01, 3980155
0.01, 3959408
0.01, 3938472
0.01, 3927037
0.01, 3898827
0.01, 3866774
0.01, 3751832
0.01, 3641843
0.01, 3623413
0.01, 3610438
0.01, 3609807
0.01, 3594856
0.01, 3544183
0.01, 3494751
0.01, 3480487
0.01, 3470987
0.01, 3466084
0.01, 3440643
0.01, 3437489
0.01, 3428821
0.01, 3420832
0.01, 3395238
0.01, 3387899
0.01, 3383179
0.01, 3369877
0.01, 3243373
0.01, 3221181
0.01, 3196064
0.01, 3183263
0.01, 3170554
0.01, 3143642
0.01, 3090912
0.01, 3075111
0.01, 3042979
0.01, 3027044
0.01, 2898362
0.01, 2878367
0.01, 2873540
0.01, 2871584
0.01, 2852653
0.01, 2847856
0.01, 2841044
0.01, 2835382
0.01, 2815685
0.01, 2815509
0.01, 2804786
0.01, 2793575
0.01, 2702455
0.01, 2685316
0.01, 2679597
0.01, 2667852
0.01, 2644147
0.01, 2643770
0.01, 2612159
0.01, 2573789
0.01, 2561187
0.01, 2525600
0.01, 2497043
0.01, 2489541
0.01, 2486436
0.01, 2482694
0.01, 2480719
0.01, 2478319
0.01, 2473064
0.01, 2418218
0.01, 2416747
0.01, 2396452
0.01, 2396385
0.01, 2394946
0.01, 2394713
0.01, 2365520
0.01, 2360043
0.01, 2355839
0.01, 2338123
0.01, 2336874
0.01, 2312287
0.01, 2308898
0.01, 2308850
0.01, 2238876
0.01, 2236014
0.01, 2211909
0.01, 2192435
0.01, 2190952
0.01, 2153561
0.02, 2135960
0.02, 2124165
0.02, 2108864
0.02, 2100368
0.02, 2097691
0.02, 2093532
0.02, 2090169
0.02, 2083857
0.02, 2079774
0.02, 2076527
0.02, 2072247
0.02, 2058765
0.03, 2053641
0.03, 2053456
0.03, 2021308
0.03, 2020819
0.03, 2017622
0.03, 2015883
0.03, 2007383
0.03, 2003091
0.03, 2002837
0.03, 1992675
0.03, 1979530
0.03, 1977017
0.03, 1955066
0.03, 1950855
0.05, 1941008
0.05, 1938918
0.05, 1935280
0.05, 1932717
0.06, 1912933
0.06, 1901795
0.08, 1898963
0.08, 1897761
0.08, 1889518
0.08, 1887128
0.08, 1887056
0.08, 1883955
0.08, 1881855
0.08, 1872423
0.08, 1861154
0.08, 1859198
0.08, 1841962
0.08, 1825643
0.08, 1813617
0.08, 1809038
0.08, 1804034
0.08, 1803489
0.08, 1799612
0.08, 1786710
0.08, 1779902
0.08, 1768900
0.13, 1753221
0.13, 1749087
0.13, 1745768
0.14, 1741029
0.14, 1736753
0.14, 1734473
0.14, 1732091
0.14, 1718977
0.14, 1718243
0.14, 1710542
0.14, 1710134
0.14, 1707944
0.16, 1703785
0.17, 1695731
0.17, 1681113
0.17, 1677921
0.17, 1676689
0.17, 1675861
0.17, 1675118
0.18, 1674541
0.18, 1668017
0.18, 1660986
0.18, 1657089
0.20, 1652853
0.20, 1646556
0.20, 1643344
0.20, 1642054
0.21, 1633733
0.21, 1629284
0.22, 1625740
0.22, 1625308
0.22, 1618247
0.22, 1616042
0.22, 1613531
0.22, 1613325
0.22, 1613071
0.22, 1608444
0.25, 1607558
0.25, 1597230
0.25, 1596094
0.25, 1591082
0.29, 1585336
0.29, 1585249
0.29, 1585160
0.29, 1580717
0.29, 1578314
0.29, 1577968
0.29, 1570328
0.35, 1569980
0.40, 1567197
0.40, 1564790
8.00, 1563226
8.02, 1562207
8.02, 1560467
8.05, 1560080
8.05, 1559623
8.06, 1558084
8.07, 1557839
8.07, 1555923
8.09, 1555702
9.97, 1555060
