0.00,6868048
0.00,6566167
0.00,6638171
0.00,6622911
0.00,6502535
0.00,6217855
0.00,5870058
0.00,5783611
0.00,5605188
0.00,5356423
0.00,5367339
0.00,5191003
0.00,5050049
0.00,5078728
0.00,4793993
0.00,4731444
0.00,4568467
0.00,4440781
0.00,4217551
0.00,4235542
0.00,4194852
0.00,4202739
0.00,4215922
0.00,4278330
0.00,4073328
0.00,4157225
0.00,4211938
0.00,4048073
0.00,4012561
0.00,4054674
0.00,3946284
0.00,3815594
0.00,3911917
0.00,3808884
0.00,3714412
0.00,3692693
0.00,3580013
0.00,3667238
0.00,3462589
0.00,3429329
0.00,3452702
0.00,3421958
0.00,3289743
0.00,3251140
0.00,3313230
0.00,3335054
0.00,3448363
0.00,3426888
0.00,3363519
0.00,3425499
0.00,3429008
0.00,3408173
0.00,3270285
0.00,3150073
0.00,3087776
0.00,3137162
0.00,3001222
0.00,2992421
0.00,3050616
0.00,2970507
0.00,3130025
0.00,3205537
0.00,3178807
0.00,3142733
0.00,3234997
0.00,3239073
0.00,3191256
0.00,3128380
0.00,3027529
0.00,3045789
0.00,2963906
0.00,2938458
0.00,2968468
0.00,2966397
0.00,2903230
0.00,2837595
0.00,2862486
0.00,2827658
0.00,2830167
0.00,2721324
0.00,2640730
0.00,2703838
0.00,2738048
0.00,2808686
0.00,2752107
0.00,2649058
0.00,2738483
0.00,2682364
0.00,2646239
0.00,2666129
0.00,2706344
0.00,2671632
0.00,2679779
0.00,2695837
0.00,2666643
0.00,2644343
0.00,2722462
0.00,2560083
0.00,2547481
0.01,2582778
0.01,2615834
0.01,2660260
0.01,2496944
0.01,2419759
0.01,2362505
0.01,2481367
0.01,2540505
0.01,2533395
0.01,2675240
0.01,2663196
0.01,2656689
0.01,2604450
0.01,2507254
0.01,2521653
0.01,2608288
0.01,2612136
0.01,2581100
0.01,2504530
0.01,2484919
0.01,2481923
0.01,2454971
0.01,2391741
0.01,2306666
0.01,2297929
0.01,2392774
0.01,2471344
0.01,2587090
0.01,2627396
0.01,2585927
0.01,2548413
0.01,2498490
0.01,2424701
0.01,2353994
0.01,2340369
0.01,2242644
0.01,2225529
0.01,2178915
0.01,2211277
0.01,2139546
0.01,2106894
0.01,2094707
0.01,2058622
0.01,2082059
0.01,2051685
0.01,2004347
0.01,2076653
0.01,2084860
0.01,2070906
0.01,2159824
0.01,2155321
0.01,2175339
0.01,2134813
0.01,2152713
0.01,2154737
0.01,2111808
0.01,2053632
0.01,1968739
0.01,1938104
0.01,2028414
0.01,2020740
0.01,2066482
0.01,2074983
0.01,2112124
0.01,2176833
0.01,2148918
0.01,2155105
0.01,2126424
0.01,2074054
0.01,2058023
0.01,2085688
0.01,2078758
0.01,2018954
0.01,1958707
0.01,1913218
0.01,1898138
0.01,1879144
0.01,1906424
0.01,1946216
0.01,1947954
0.01,1937610
0.01,1997231
0.01,2050281
0.01,2096591
0.01,2133917
0.01,2182292
0.01,2187347
0.01,2115339
0.01,2053770
0.01,1990313
0.01,1924288
0.01,1863188
0.01,1860085
0.01,1817980
0.01,1800246
0.01,1805849
0.01,1793105
0.01,1805699
0.01,1854716
0.01,1874768
0.01,1919928
0.01,1942207
0.01,2017039
0.01,2074894
0.01,2155881
0.01,2197070
0.01,2185253
0.01,2226037
0.01,2157899
0.01,2114192
0.01,2019120
0.01,2014830
0.01,2106539
0.01,2172119
0.01,2131190
0.01,2177488
0.01,2118115
0.01,2034965
0.01,1992761
0.01,1852698
0.01,1810338
0.01,1774791
0.01,1759001
0.01,1743080
0.01,1725545
0.01,1710581
0.01,1699677
0.01,1689031
0.01,1680637
0.01,1673176
0.01,1665770
0.01,1658615
0.01,1651915
0.01,1643396
0.01,1652789
0.01,1681493
0.01,1718452
0.01,1778352
0.01,1806983
0.01,1811045
0.01,1824731
0.01,1861740
0.01,1916030
0.01,1925399
0.01,1960577
0.01,1974704
0.01,1984451
0.01,2030971
0.01,2009716
0.01,2008959
0.01,2004336
0.01,1912569
0.01,1923178
0.01,1836785
0.01,1816977
0.01,1823319
0.01,1926428
0.01,1993721
0.01,2066500
0.01,2059918
0.01,2041587
0.01,1961046
0.01,1842452
0.01,1637386
0.01,1677687
0.01,1691695
0.01,1733905
0.01,1756710
0.01,1800501
0.01,1800650
0.01,1791153
0.01,1795561
0.01,1839875
0.01,1906590
0.01,1937306
0.01,2052628
0.01,2094751
0.01,2111308
0.01,2090989
0.01,1992613
0.01,1971795
0.01,1855159
0.01,1795157
0.01,1816132
0.01,1915642
0.01,1976849
0.01,2070938
0.01,2063807
0.01,2052298
0.01,1990902
0.01,1905559
0.01,1833352
0.01,1664861
0.01,1630805
0.01,1627631
0.01,1625071
0.01,1623176
0.01,1621944
