0.01, 7118765
0.01, 7042794
0.01, 6924391
0.01, 6853901
0.01, 6773385
0.01, 6760752
0.01, 6703942
0.01, 6518862
0.01, 6509855
0.01, 6502524
0.01, 6479036
0.01, 6464389
0.01, 6440606
0.01, 6408818
0.01, 6380590
0.01, 6359084
0.01, 6351267
0.01, 6332341
0.01, 6290575
0.01, 6289028
0.01, 6266495
0.01, 6229853
0.01, 6216070
0.01, 6187021
0.01, 6185643
0.01, 6089979
0.01, 6072385
0.01, 6067936
0.01, 6044129
0.01, 6032800
0.01, 5991168
0.01, 5950843
0.01, 5614924
0.01, 5597873
0.01, 5597711
0.01, 5589105
0.01, 5565360
0.01, 5540598
0.01, 5523694
0.01, 5501615
0.01, 5472905
0.01, 5424404
0.01, 5408041
0.01, 5402861
0.01, 5395766
0.01, 5348754
0.01, 5251757
0.01, 5220464
0.01, 5172305
0.01, 5143491
0.01, 5142274
0.01, 5023305
0.01, 5018744
0.01, 4844939
0.01, 4843357
0.01, 4817518
0.01, 4650250
0.01, 4633290
0.01, 4632633
0.01, 4606910
0.01, 4549563
0.01, 4548156
0.01, 4545706
0.01, 4503746
0.01, 4322253
0.01, 4318753
0.01, 4294074
0.01, 4277802
0.01, 4247694
0.01, 4230907
0.01, 4156999
0.01, 4080828
0.01, 4079411
0.01, 4060474
0.01, 4052516
0.01, 4049844
0.01, 4026081
0.01, 4007968
0.01, 3996186
0.01, 3992085
0.01, 3893186
0.01, 3870752
0.01, 3867114
0.01, 3856915
0.01, 3850766
0.01, 3844145
0.01, 3802422
0.01, 3764593
0.01, 3742629
0.01, 3724366
0.01, 3697476
0.01, 3666130
0.01, 3642818
0.01, 3468485
0.01, 3457293
0.01, 3389675
0.01, 3386786
0.01, 3118050
0.01, 3110928
0.01, 3070839
0.01, 3070789
0.01, 3067526
0.01, 3066933
0.01, 3066348
0.01, 3042688
0.01, 3040589
0.01, 3003465
0.01, 2956287
0.01, 2925996
0.01, 2918123
0.01, 2905110
0.01, 2902469
0.01, 2900496
0.01, 2888543
0.01, 2880023
0.01, 2879109
0.01, 2866358
0.01, 2863872
0.01, 2832717
0.01, 2831552
0.01, 2795688
0.01, 2748065
0.01, 2743062
0.01, 2722186
0.01, 2676732
0.01, 2648797
0.01, 2619704
0.01, 2617947
0.01, 2534885
0.01, 2531927
0.01, 2500246
0.01, 2489244
0.01, 2474368
0.01, 2468587
0.01, 2396162
0.01, 2368808
0.01, 2352441
0.01, 2307550
0.01, 2304598
0.01, 2299355
0.01, 2297540
0.01, 2297296
0.01, 2296296
0.01, 2288915
0.01, 2282836
0.01, 2275814
0.01, 2267589
0.01, 2266070
0.01, 2255107
0.01, 2227624
0.01, 2217468
0.01, 2175817
0.01, 2174837
0.01, 2169041
0.01, 2167076
0.02, 2158161
0.02, 2143200
0.02, 2134424
0.02, 2104889
0.02, 2095446
0.02, 2093075
0.02, 2071557
0.02, 2055131
0.02, 2046516
0.03, 2038731
0.03, 2020384
0.03, 2010282
0.03, 1996021
0.03, 1980667
0.03, 1978680
0.03, 1950520
0.03, 1942324
0.03, 1926141
0.03, 1917238
0.03, 1910366
0.03, 1893042
0.05, 1881689
0.06, 1876781
0.06, 1869501
0.06, 1857581
0.06, 1849959
0.07, 1846261
0.08, 1839650
0.08, 1837457
0.08, 1835930
0.08, 1824267
0.09, 1811803
0.09, 1811212
0.09, 1809306
0.09, 1808581
0.09, 1788698
0.09, 1780729
0.11, 1766148
0.11, 1749418
0.11, 1748590
0.11, 1742074
0.12, 1737941
0.12, 1734702
0.12, 1727999
0.12, 1725938
0.12, 1712425
0.12, 1709538
0.16, 1706879
0.16, 1696565
0.16, 1694616
0.16, 1692103
0.17, 1692049
0.18, 1691906
0.18, 1683599
0.18, 1681425
0.18, 1672994
0.19, 1671512
0.19, 1663966
0.20, 1663558
0.20, 1662909
0.20, 1660375
0.20, 1649473
0.20, 1648337
0.20, 1640907
0.21, 1640357
0.21, 1626253
0.21, 1624525
0.21, 1620076
0.21, 1618476
0.21, 1617897
0.21, 1616360
0.21, 1615634
0.21, 1609624
0.21, 1608887
0.21, 1606750
0.24, 1601328
0.24, 1598945
0.28, 1592653
0.28, 1591790
0.31, 1588290
0.31, 1588099
0.31, 1586818
0.31, 1586664
0.38, 1585777
0.38, 1585230
0.38, 1584002
0.38, 1582827
0.38, 1581414
0.38, 1579498
0.40, 1579349
0.44, 1578801
0.45, 1578520
2.14, 1577378
2.14, 1571323
2.18, 1570559
2.21, 1570091
2.21, 1567688
2.27, 1563983
2.27, 1563344
2.27, 1562702
2.27, 1562562
2.44, 1562433
2.44, 1559515
8.88, 1558480
8.90, 1555702
8.93, 1555060
