0.00,7145369
0.00,6783019
0.00,6340598
0.00,6099170
0.00,6002507
0.00,6046405
0.00,5877116
0.00,5553623
0.00,5520225
0.00,5437566
0.00,5318893
0.00,5070621
0.00,4941505
0.00,4709790
0.00,4571066
0.00,4506214
0.00,4606872
0.00,4642831
0.00,4757675
0.00,4394459
0.00,4364998
0.00,4281812
0.00,4259890
0.00,4393723
0.00,4351114
0.00,4455895
0.00,4208609
0.00,4221795
0.00,4192538
0.00,4175898
0.00,4250887
0.00,4053911
0.00,3768559
0.00,3779874
0.00,3803960
0.00,3795664
0.00,3629060
0.00,3715896
0.00,3757730
0.00,3824806
0.00,3721007
0.00,3565755
0.00,3360435
0.00,3249341
0.00,3194147
0.00,3410626
0.00,3416980
0.00,3424179
0.00,3409818
0.00,3361936
0.00,3252103
0.00,3085292
0.00,2965382
0.00,2931559
0.00,2966806
0.00,3012329
0.00,2908333
0.00,2933565
0.00,2899495
0.00,2841241
0.00,2851505
0.00,2784954
0.00,2755611
0.00,2692167
0.00,2636900
0.00,2702242
0.00,2703214
0.00,2898859
0.00,2861814
0.00,2626262
0.00,2557796
0.00,2636123
0.00,2685881
0.00,2743754
0.00,2667107
0.00,2718561
0.00,2856942
0.00,2846951
0.00,2890212
0.00,2777631
0.00,2774111
0.00,2727832
0.00,2653951
0.00,2470053
0.00,2529880
0.00,2499986
0.00,2456791
0.00,2400006
0.00,2385458
0.00,2416288
0.00,2412379
0.00,2299440
0.00,2327452
0.00,2338450
0.00,2336661
0.00,2305133
0.00,2210847
0.00,2194411
0.00,2142257
0.00,2109885
0.00,2062828
0.00,2023828
0.00,2036748
0.00,2125465
0.00,2104314
0.00,2119258
0.01,2115515
0.01,2106730
0.01,2033107
0.01,2049176
0.01,2067349
0.01,1990237
0.01,2065350
0.01,2088797
0.01,2227379
0.01,2257830
0.01,2278535
0.01,2298243
0.01,2100576
0.01,1976038
0.01,1943329
0.01,1942070
0.01,1966017
0.01,1975563
0.01,1912539
0.01,1883028
0.01,1908095
0.01,1898070
0.01,1861714
0.01,1870096
0.01,1868254
0.01,1992201
0.01,2093477
0.01,2133250
0.01,2172501
0.01,2175378
0.01,2103369
0.01,2019277
0.01,1952878
0.01,1903382
0.01,1948696
0.01,1936726
0.01,1987783
0.01,1993450
0.01,1957272
0.01,1832794
0.01,1847090
0.01,1844383
0.01,1841035
0.01,1964982
0.01,2066258
0.01,2106031
0.01,2145282
0.01,2148159
0.01,2076150
0.01,1992058
0.01,1925659
0.01,1876163
0.01,1921477
0.01,1909507
0.01,1960564
0.01,1966231
0.01,1930053
0.01,1805575
0.01,1785577
0.01,1766924
0.01,1765441
0.01,1786631
0.01,1786772
0.01,1750757
0.01,1736630
0.01,1763789
0.01,1753651
0.01,1780976
0.01,1800236
0.01,1881590
0.01,1934011
0.01,2024914
0.01,2110255
0.01,2055791
0.01,2036425
0.01,1918653
0.01,1834254
0.01,1773713
0.01,1816332
0.01,1805694
0.01,1857815
0.01,1876671
0.01,1860613
0.01,1807298
0.01,1723170
0.01,1712193
0.01,1701860
0.01,1691777
0.01,1704217
0.01,1681759
0.01,1665768
0.01,1657046
0.01,1649891
0.01,1643191
0.01,1645074
0.01,1664560
0.01,1684199
0.01,1665168
0.01,1653100
0.01,1633532
0.01,1658508
0.01,1662769
0.01,1669052
0.01,1636403
0.01,1653363
0.01,1621044
0.01,1616950
0.01,1630594
0.01,1656851
0.01,1648488
0.01,1637319
0.01,1654044
0.01,1689139
0.01,1710200
0.01,1814748
0.01,1871978
0.01,1916423
0.01,1951288
0.01,1938881
0.01,1887838
0.01,1799361
0.01,1732962
0.01,1678673
0.01,1706121
0.01,1712402
0.01,1768649
0.01,1747655
0.01,1737442
0.01,1612878
0.01,1610496
0.01,1610049
0.01,1609768
0.01,1609561
