0.00, 6883705
0.00, 6808054
0.00, 6792481
0.00, 6738832
0.00, 6615453
0.00, 6589828
0.00, 6526079
0.00, 6248466
0.00, 6172554
0.00, 6148837
0.00, 6073965
0.00, 6012016
0.00, 5956194
0.00, 5955428
0.00, 5944270
0.00, 5854655
0.00, 5849210
0.00, 5845529
0.00, 5833677
0.00, 5803348
0.00, 5797929
0.00, 5772070
0.00, 5766426
0.00, 5687547
0.00, 5685728
0.00, 5667078
0.00, 5656066
0.00, 5652328
0.00, 5535777
0.00, 5513932
0.00, 5434282
0.00, 5364892
0.00, 5203462
0.00, 5190648
0.00, 5187481
0.00, 5186944
0.00, 5136242
0.00, 5009718
0.00, 4976422
0.00, 4955155
0.00, 4868159
0.00, 4782747
0.00, 4735732
0.00, 4696707
0.00, 4691990
0.00, 4688610
0.00, 4593771
0.00, 4582835
0.00, 4558036
0.00, 4468457
0.00, 4445756
0.00, 4434521
0.00, 4219297
0.00, 4214774
0.00, 4214189
0.00, 4198985
0.00, 4179167
0.00, 4156475
0.00, 4086426
0.00, 4077283
0.00, 4071131
0.00, 4066766
0.00, 4054395
0.00, 4039659
0.00, 4014808
0.00, 4004589
0.00, 4002160
0.00, 3926147
0.00, 3923784
0.00, 3910887
0.00, 3900279
0.00, 3879083
0.00, 3876332
0.00, 3856757
0.00, 3836216
0.00, 3832232
0.00, 3757855
0.00, 3735314
0.00, 3734490
0.00, 3724315
0.00, 3672339
0.00, 3669893
0.00, 3669398
0.00, 3663398
0.00, 3649503
0.00, 3624915
0.00, 3593291
0.00, 3574295
0.00, 3539045
0.00, 3522070
0.00, 3521542
0.00, 3518749
0.00, 3518563
0.00, 3498839
0.00, 3497788
0.00, 3485996
0.00, 3400564
0.00, 3389504
0.00, 3362391
0.00, 3338933
0.00, 3298645
0.00, 3249749
0.00, 3234942
0.00, 3219818
0.00, 3210500
0.00, 3172265
0.00, 3159616
0.00, 3158796
0.00, 3104986
0.01, 3079678
0.01, 3059846
0.01, 3045020
0.01, 2974023
0.01, 2952869
0.01, 2939063
0.01, 2927627
0.01, 2901865
0.01, 2882637
0.01, 2839946
0.01, 2817571
0.01, 2801474
0.01, 2724494
0.01, 2717987
0.01, 2717962
0.01, 2714849
0.01, 2709827
0.01, 2681224
0.01, 2678492
0.01, 2661319
0.01, 2648247
0.01, 2602097
0.01, 2596611
0.01, 2566121
0.01, 2559022
0.01, 2535047
0.01, 2528080
0.01, 2518060
0.01, 2489730
0.01, 2476811
0.01, 2475316
0.01, 2473792
0.01, 2471036
0.01, 2438344
0.01, 2438343
0.01, 2426940
0.01, 2410461
0.01, 2401831
0.01, 2391325
0.01, 2387954
0.01, 2362800
0.01, 2310126
0.01, 2292537
0.01, 2284648
0.01, 2280365
0.01, 2278310
0.01, 2268567
0.01, 2265682
0.01, 2219693
0.01, 2209478
0.01, 2208202
0.01, 2202805
0.01, 2196245
0.01, 2195997
0.01, 2190624
0.01, 2183740
0.01, 2177011
0.01, 2174428
0.01, 2168476
0.01, 2151180
0.01, 2122175
0.01, 2112775
0.01, 2105578
0.01, 2102998
0.02, 2102379
0.02, 2068135
0.02, 2058147
0.02, 2047834
0.02, 2037676
0.02, 2007013
0.02, 2001267
0.02, 2000489
0.02, 1991079
0.03, 1978963
0.03, 1973711
0.03, 1970528
0.03, 1963493
0.03, 1958987
0.03, 1946456
0.04, 1935722
0.04, 1931699
0.04, 1928014
0.04, 1927281
0.04, 1900703
0.04, 1892844
0.04, 1886187
0.04, 1881502
0.04, 1876826
0.04, 1866767
0.05, 1861814
0.05, 1848962
0.05, 1847092
0.05, 1845605
0.05, 1844324
0.05, 1835852
0.05, 1829051
0.07, 1827724
0.07, 1825472
0.07, 1815731
0.07, 1807826
0.07, 1795984
0.07, 1785402
0.07, 1779902
0.07, 1772610
0.09, 1769155
0.09, 1754663
0.09, 1751837
0.09, 1749455
0.09, 1748941
0.09, 1741956
0.13, 1719124
0.15, 1713335
0.15, 1708160
0.15, 1703934
0.15, 1698470
0.15, 1688339
0.15, 1682950
0.16, 1679699
0.16, 1679387
0.18, 1678394
0.18, 1678003
0.18, 1665867
0.18, 1663331
0.18, 1661984
0.18, 1654344
0.18, 1653489
0.19, 1652187
0.21, 1648849
0.22, 1643682
0.22, 1643326
0.22, 1643033
0.22, 1639005
0.22, 1635122
0.22, 1626802
0.22, 1621917
0.22, 1621342
0.22, 1616029
0.22, 1615196
0.22, 1605443
0.24, 1599973
0.26, 1599762
0.26, 1593228
0.26, 1592468
0.26, 1586463
0.26, 1582776
0.28, 1582262
0.28, 1581087
0.32, 1578767
0.33, 1577452
0.34, 1575942
0.34, 1574026
0.37, 1572039
0.40, 1571547
0.40, 1570684
0.44, 1570251
0.45, 1568672
0.45, 1567497
2.21, 1567382
2.23, 1565965
2.23, 1564790
4.07, 1563129
4.07, 1560747
4.10, 1559515
9.68, 1559210
9.68, 1557797
9.68, 1557155
9.68, 1556292
9.70, 1555060
