0.00,7125089
0.00,6831724
0.00,6695496
0.00,6715274
0.00,6627232
0.00,6293373
0.00,5980285
0.00,5717932
0.00,5720611
0.00,5503683
0.00,5322043
0.00,5188669
0.00,5186522
0.00,5237373
0.00,5123072
0.00,4930074
0.00,4596620
0.00,4579833
0.00,4464879
0.00,4431662
0.00,4344157
0.00,4186794
0.00,4209014
0.00,4165271
0.00,4361359
0.00,4296247
0.00,4234678
0.00,4095241
0.00,3909542
0.00,4093671
0.00,4045803
0.00,4050432
0.00,4063196
0.00,3868022
0.00,3969261
0.00,3957074
0.00,3886685
0.00,3856295
0.00,3786078
0.00,3798439
0.00,3657584
0.00,3576870
0.00,3482982
0.00,3512363
0.00,3445884
0.00,3419631
0.00,3396595
0.00,3269944
0.00,3245452
0.00,3199328
0.00,3158041
0.00,3152408
0.00,3054282
0.00,3082477
0.00,3019174
0.00,2934172
0.00,2925077
0.00,2947146
0.00,2970954
0.00,3044353
0.00,3132190
0.00,3088342
0.00,3074244
0.00,3052004
0.00,2977364
0.00,2929773
0.00,2901486
0.00,2854124
0.00,2784137
0.00,2704147
0.00,2696325
0.00,2687432
0.00,2707548
0.00,2763131
0.00,2719979
0.00,2659027
0.00,2691736
0.00,2762648
0.00,2779552
0.00,2667508
0.00,2663583
0.00,2595149
0.00,2580289
0.00,2528077
0.00,2497231
0.00,2575729
0.00,2728925
0.00,2722626
0.00,2751869
0.00,2771213
0.00,2760111
0.00,2660043
0.00,2650337
0.00,2525272
0.00,2485982
0.00,2446462
0.00,2401082
0.00,2505397
0.00,2581818
0.00,2650981
0.00,2611058
0.00,2698891
0.01,2693192
0.01,2623900
0.01,2669773
0.01,2782228
0.01,2718374
0.01,2726395
0.01,2804826
0.01,2817420
0.01,2551976
0.01,2357107
0.01,2310820
0.01,2338112
0.01,2344331
0.01,2313450
0.01,2233086
0.01,2193305
0.01,2159895
0.01,2141008
0.01,2119361
0.01,2109146
0.01,2135667
0.01,2079698
0.01,2022746
0.01,1987937
0.01,1969801
0.01,2045147
0.01,2016940
0.01,1978414
0.01,1940838
0.01,1914260
0.01,1922698
0.01,1890695
0.01,1888414
0.01,1876273
0.01,1869737
0.01,1856472
0.01,1946119
0.01,2012998
0.01,2056569
0.01,2087175
0.01,2123651
0.01,2081410
0.01,2059485
0.01,2052872
0.01,1993790
0.01,1979289
0.01,1922999
0.01,2032174
0.01,2100991
0.01,2189582
0.01,2221816
0.01,2161551
0.01,2142246
0.01,2035757
0.01,1951004
0.01,1867600
0.01,1871637
0.01,1903880
0.01,1863436
0.01,1832005
0.01,1805065
0.01,1786458
0.01,1771912
0.01,1758792
0.01,1781533
0.01,1780801
0.01,1800660
0.01,1863613
0.01,1938687
0.01,1947393
0.01,1981938
0.01,2052943
0.01,2026004
0.01,1985224
0.01,1926334
0.01,1913413
0.01,1916570
0.01,1858733
0.01,1950614
0.01,2023292
0.01,2090090
0.01,2089685
0.01,2067284
0.01,2057746
0.01,1996239
0.01,1962180
0.01,1781431
0.01,1777927
0.01,1742224
0.01,1734695
0.01,1702092
0.01,1710573
0.01,1675438
0.01,1663760
0.01,1653427
0.01,1681534
0.01,1669734
0.01,1681175
0.01,1681037
0.01,1719499
0.01,1732049
0.01,1727327
0.01,1753744
0.01,1752232
0.01,1809511
0.01,1851978
0.01,1896419
0.01,1927211
0.01,1979103
0.01,1981258
0.01,1931845
0.01,1905662
0.01,1887070
0.01,1860688
0.01,1764430
0.01,1818257
0.01,1866669
0.01,1903538
0.01,1938094
0.01,1919661
0.01,1968941
0.01,1911840
0.01,1836212
0.01,1689423
0.01,1646063
0.01,1638908
0.01,1638785
0.01,1632488
0.01,1627211
0.01,1621201
0.01,1624170
0.01,1618115
0.01,1616152
0.01,1615289
0.01,1614470
