0.00,6793449
0.00,6455190
0.00,6129214
0.00,5856164
0.00,5589560
0.00,5119900
0.00,4894057
0.00,4637599
0.00,4624953
0.00,4605910
0.00,4538796
0.00,4564387
0.00,4487795
0.00,4407887
0.00,4533122
0.00,4498815
0.00,4224333
0.00,4111513
0.00,3972417
0.00,3947232
0.00,4220286
0.00,4159499
0.00,4072009
0.00,3957790
0.00,3930531
0.00,3777389
0.00,3746523
0.00,3641195
0.00,3638666
0.00,3719231
0.00,3880845
0.00,3789758
0.00,3843853
0.00,3854922
0.00,3695882
0.00,3678179
0.00,3668158
0.00,3457548
0.00,3444728
0.00,3358463
0.00,3245885
0.00,3254676
0.00,3304614
0.00,3308929
0.00,3426596
0.00,3579312
0.00,3642506
0.00,3585382
0.00,3418641
0.00,3408407
0.00,3277316
0.00,3194910
0.00,3205925
0.00,3229907
0.00,3239612
0.00,3262248
0.00,3257393
0.00,3292964
0.00,3111897
0.00,3043214
0.00,2981545
0.00,2923375
0.00,2940364
0.00,2800694
0.00,2915812
0.00,3081477
0.00,3118964
0.00,3107961
0.00,3038924
0.00,2985277
0.00,2939464
0.00,2812606
0.00,2747135
0.00,2668805
0.00,2637539
0.00,2598200
0.00,2613647
0.00,2622182
0.00,2681066
0.00,2712720
0.00,2685141
0.00,2653794
0.00,2677346
0.00,2725281
0.00,2644322
0.00,2727910
0.00,2862250
0.00,2779592
0.00,2829818
0.00,2828577
0.00,2596136
0.00,2641403
0.00,2680981
0.00,2653764
0.00,2591012
0.00,2527183
0.00,2477395
0.00,2567179
0.00,2597968
0.00,2587432
0.00,2645723
0.00,2730168
0.00,2685762
0.01,2733428
0.01,2576968
0.01,2386256
0.01,2369068
0.01,2435148
0.01,2421558
0.01,2507888
0.01,2500342
0.01,2341207
0.01,2302497
0.01,2297075
0.01,2258939
0.01,2254499
0.01,2256773
0.01,2268744
0.01,2276528
0.01,2269875
0.01,2216711
0.01,2214844
0.01,2205684
0.01,2337304
0.01,2378021
0.01,2421169
0.01,2501778
0.01,2560732
0.01,2510399
0.01,2457426
0.01,2326407
0.01,2165097
0.01,2173558
0.01,2204390
0.01,2161952
0.01,2150801
0.01,2138495
0.01,2143679
0.01,2088838
0.01,2082270
0.01,2073030
0.01,2022656
0.01,1996634
0.01,1979949
0.01,1959251
0.01,1954550
0.01,1928334
0.01,1906891
0.01,1968099
0.01,2038041
0.01,1927424
0.01,2006337
0.01,1952065
0.01,1939311
0.01,1897771
0.01,1875684
0.01,1851703
0.01,1832724
0.01,1830561
0.01,1805611
0.01,1792836
0.01,1767707
0.01,1770745
0.01,1749354
0.01,1760173
0.01,1731603
0.01,1714269
0.01,1700142
0.01,1700191
0.01,1688702
0.01,1705683
0.01,1728328
0.01,1747623
0.01,1750611
0.01,1741528
0.01,1738999
0.01,1744530
0.01,1743120
0.01,1839156
0.01,1835019
0.01,1852817
0.01,1850779
0.01,1781831
0.01,1795764
0.01,1777230
0.01,1905907
0.01,2020781
0.01,2020981
0.01,2023000
0.01,1938787
0.01,1871868
0.01,1720698
0.01,1678397
0.01,1670642
0.01,1663600
0.01,1655912
0.01,1649902
0.01,1654198
0.01,1655346
0.01,1680991
0.01,1678534
0.01,1669384
0.01,1668621
0.01,1655153
0.01,1629125
0.01,1636840
0.01,1655140
0.01,1673782
0.01,1669590
0.01,1732729
0.01,1885284
0.01,1885635
0.01,1933883
0.01,1954162
0.01,1974186
0.01,1777777
0.01,1620152
0.01,1619074
0.01,1606443
0.01,1602579
0.01,1600154
0.01,1597898
0.01,1596755
0.01,1595892
0.01,1595406
