0.00, 7699676
0.00, 7592185
0.00, 7570684
0.00, 7564199
0.00, 7563079
0.00, 7496061
0.00, 7387566
0.00, 7379885
0.00, 7352689
0.00, 7338363
0.00, 7213868
0.00, 7201901
0.00, 7112034
0.00, 7104954
0.00, 7081636
0.00, 6831815
0.00, 6803992
0.00, 6693129
0.00, 6659414
0.00, 6657308
0.00, 6526999
0.00, 6464042
0.00, 6463487
0.00, 6448202
0.00, 6348274
0.00, 6344683
0.00, 6338545
0.00, 6296466
0.00, 6237096
0.00, 6156669
0.00, 6152780
0.00, 6151741
0.00, 5917240
0.00, 5846340
0.00, 5768358
0.00, 5697920
0.00, 5664773
0.00, 5651077
0.00, 5633001
0.00, 5575729
0.00, 5564193
0.00, 5526816
0.00, 5516779
0.00, 5440249
0.00, 5435965
0.00, 5411390
0.00, 5399449
0.00, 5351931
0.00, 5337194
0.00, 5306750
0.00, 5291483
0.00, 5287669
0.00, 5235848
0.00, 5212251
0.00, 5195381
0.00, 5160990
0.00, 5152450
0.00, 5139109
0.00, 5109626
0.00, 5099284
0.00, 5083540
0.00, 5078389
0.00, 5068921
0.00, 5020609
0.00, 5020003
0.00, 4992633
0.00, 4831170
0.00, 4817781
0.00, 4750140
0.00, 4733296
0.00, 4599624
0.00, 4590764
0.00, 4501390
0.00, 4466931
0.00, 4407816
0.00, 4390893
0.00, 4371223
0.00, 4343338
0.00, 4313704
0.00, 4312771
0.00, 4286549
0.01, 4234610
0.01, 4234459
0.01, 4191741
0.01, 4155435
0.01, 4078920
0.01, 4038947
0.01, 4027208
0.01, 3993164
0.01, 3992373
0.01, 3991937
0.01, 3935545
0.01, 3923058
0.01, 3726745
0.01, 3711601
0.01, 3682508
0.01, 3637223
0.01, 3633763
0.01, 3632446
0.01, 3586876
0.01, 3572497
0.01, 3558583
0.01, 3363734
0.01, 3360019
0.01, 3322797
0.01, 3312978
0.01, 3311089
0.01, 3297721
0.01, 3296091
0.01, 3276989
0.01, 3216285
0.01, 3202803
0.01, 3186210
0.01, 3176673
0.01, 3147963
0.01, 3121040
0.01, 3119557
0.01, 3108907
0.01, 3101877
0.01, 3087748
0.01, 3077450
0.01, 3073440
0.01, 3067810
0.01, 3066833
0.01, 3063079
0.01, 3045725
0.01, 3041518
0.01, 3038927
0.01, 3026519
0.01, 2994657
0.01, 2958156
0.01, 2953735
0.01, 2951909
0.01, 2938053
0.01, 2866056
0.01, 2849629
0.01, 2844838
0.01, 2792684
0.01, 2787798
0.01, 2778965
0.01, 2766654
0.01, 2762604
0.01, 2757563
0.01, 2757309
0.01, 2754036
0.01, 2702916
0.01, 2699936
0.01, 2695972
0.01, 2690455
0.01, 2681129
0.01, 2679850
0.01, 2667786
0.01, 2659008
0.01, 2650156
0.01, 2622783
0.01, 2613413
0.01, 2526069
0.01, 2501845
0.01, 2501255
0.01, 2444141
0.01, 2431163
0.01, 2418811
0.01, 2395051
0.01, 2392299
0.01, 2354293
0.01, 2339544
0.01, 2327341
0.01, 2326336
0.01, 2323258
0.01, 2322313
0.01, 2286542
0.01, 2276047
0.01, 2262602
0.01, 2258572
0.01, 2257421
0.01, 2255992
0.01, 2251634
0.01, 2249620
0.01, 2248804
0.01, 2244375
0.01, 2217329
0.01, 2217179
0.01, 2208234
0.01, 2205959
0.01, 2142653
0.01, 2141950
0.01, 2140743
0.01, 2133705
0.01, 2124635
0.01, 2109957
0.01, 2104055
0.01, 2102334
0.02, 2085369
0.02, 2084661
0.02, 2071700
0.02, 2071493
0.02, 2046996
0.02, 2045209
0.02, 1992124
0.03, 1966403
0.03, 1954451
0.03, 1952536
0.03, 1947123
0.03, 1937951
0.03, 1934414
0.03, 1912554
0.03, 1910649
0.03, 1901515
0.05, 1897416
0.06, 1894542
0.06, 1894383
0.06, 1891566
0.06, 1871955
0.08, 1861440
0.10, 1859380
0.10, 1859165
0.10, 1852747
0.10, 1849128
0.10, 1841427
0.10, 1838435
0.10, 1835306
0.10, 1826068
0.10, 1821229
0.11, 1806091
0.11, 1804904
0.11, 1804499
0.12, 1801293
0.12, 1799945
0.13, 1787326
0.13, 1784227
0.13, 1779504
0.13, 1776040
0.13, 1769784
0.13, 1769278
0.13, 1766105
0.13, 1763334
0.13, 1741977
0.13, 1741505
0.13, 1739341
0.16, 1732229
0.16, 1731218
0.17, 1716170
0.17, 1712148
0.17, 1689393
0.17, 1682917
0.17, 1677887
0.17, 1670474
0.17, 1670039
0.17, 1661720
0.18, 1652927
0.22, 1646118
0.23, 1643415
0.24, 1640041
0.24, 1633883
0.25, 1624090
0.25, 1623195
0.25, 1621057
0.25, 1610757
0.25, 1609971
0.25, 1609956
0.25, 1604403
0.25, 1599830
0.26, 1598387
0.26, 1587697
0.28, 1586705
0.28, 1582214
0.29, 1581803
0.29, 1578752
0.32, 1577955
0.32, 1575552
0.32, 1573057
0.33, 1571923
0.33, 1567869
0.33, 1567721
0.35, 1567520
0.35, 1566878
0.36, 1566819
0.36, 1562576
0.36, 1560660
0.36, 1559797
0.41, 1558565
0.46, 1555060
