0.01,7067249
0.01,6719443
0.01,6686054
0.01,6293888
0.01,6153660
0.01,6151726
0.01,5786077
0.01,5569112
0.01,5280427
0.01,5090477
0.01,5074714
0.01,5006912
0.01,4969258
0.01,4921669
0.01,5000184
0.01,4685933
0.01,4685996
0.01,4590466
0.01,4237453
0.01,4249489
0.01,4177813
0.01,4051778
0.01,3902893
0.01,3841655
0.01,3692737
0.01,3520510
0.01,3530443
0.01,3461081
0.01,3490398
0.01,3413171
0.01,3546527
0.01,3571272
0.01,3464369
0.01,3457817
0.01,3320160
0.01,3209370
0.01,3169490
0.01,3181623
0.01,3205968
0.01,3179429
0.01,3314951
0.01,3229057
0.01,3203509
0.01,3271895
0.01,3222783
0.01,3224392
0.01,3310614
0.01,3098352
0.01,3149952
0.01,3182413
0.01,3165988
0.01,3173751
0.01,3257105
0.01,3155620
0.01,3146024
0.01,3116625
0.01,3075354
0.01,2941354
0.01,2932312
0.01,2936255
0.01,2964454
0.01,3057736
0.01,3073502
0.01,3183525
0.01,2962005
0.01,3003058
0.01,3033824
0.01,2891767
0.01,2942047
0.01,2897432
0.01,2799317
0.01,2779509
0.01,2827864
0.01,2801235
0.01,2771042
0.01,2753388
0.01,2711550
0.01,2688459
0.01,2714460
0.01,2730779
0.01,2724804
0.01,2671077
0.01,2651164
0.01,2558883
0.01,2554782
0.01,2490053
0.01,2478402
0.01,2514025
0.01,2517176
0.01,2566577
0.01,2557961
0.01,2552904
0.01,2632540
0.01,2619983
0.01,2608371
0.01,2514683
0.01,2457530
0.01,2397161
0.01,2373867
0.01,2374877
0.01,2352229
0.01,2278820
0.01,2292043
0.01,2236616
0.01,2194745
0.01,2253908
0.01,2278129
0.01,2287820
0.01,2213633
0.01,2167321
0.01,2201092
0.01,2231416
0.01,2265204
0.01,2277575
0.01,2233435
0.01,2139795
0.01,2123462
0.01,2094427
0.01,2061492
0.01,2185433
0.01,2197165
0.01,2273460
0.01,2333550
0.01,2309465
0.01,2262811
0.01,2284043
0.01,2211790
0.01,2160559
0.01,2068107
0.01,2058466
0.01,2047445
0.01,2073266
0.01,2054706
0.01,2104740
0.01,2142985
0.01,2185969
0.01,2183604
0.01,2043276
0.01,1996036
0.01,2015595
0.01,2059680
0.01,2047991
0.01,2006369
0.01,1986658
0.01,1955116
0.01,1960617
0.01,1943796
0.01,1919519
0.01,1899394
0.01,1887276
0.01,1886187
0.01,1904438
0.01,1873944
0.01,1874809
0.01,1874072
0.01,1893560
0.01,1844317
0.01,1824368
0.01,1793888
0.01,1779651
0.01,1769318
0.01,1759006
0.01,1749076
0.01,1740255
0.01,1733555
0.01,1725036
0.01,1742801
0.01,1718454
0.01,1715635
0.01,1701790
0.01,1698635
0.01,1694270
0.01,1691147
0.01,1685137
0.01,1682086
0.01,1679683
0.01,1677868
0.01,1854570
0.01,1927685
0.01,1862749
0.01,1906623
0.01,1902526
0.01,2081289
0.01,2048022
0.01,2008309
0.01,1959557
0.01,1924862
0.01,2018064
0.01,2027056
0.01,1983694
0.01,1926489
0.01,1897816
0.01,1867573
0.01,1852541
0.01,1842592
0.01,1843315
0.01,1817076
0.01,1765116
0.01,1748930
0.01,1721626
0.01,1723531
0.01,1740932
0.01,1735003
0.01,1725327
0.01,1712423
0.01,1709749
0.01,1701024
0.01,1726432
0.01,1727157
0.01,1709401
0.01,1680196
0.01,1665729
0.01,1660569
0.01,1653108
0.01,1647492
0.01,1642317
0.01,1640188
0.01,1638956
0.01,1637781
