0.00, 7080821
0.01, 6989448
0.01, 6953704
0.01, 6868155
0.01, 6558081
0.01, 6519644
0.01, 6478448
0.01, 6468715
0.01, 6463608
0.01, 6459904
0.01, 6449942
0.01, 6347513
0.01, 6327317
0.01, 6323979
0.01, 6315540
0.01, 6314448
0.01, 6302252
0.01, 6292635
0.01, 6275453
0.01, 6272961
0.01, 6163652
0.01, 6147546
0.01, 6107613
0.01, 5861274
0.01, 5853029
0.01, 5849461
0.01, 5800768
0.01, 5758478
0.01, 5699065
0.01, 5682241
0.01, 5661860
0.01, 5552639
0.01, 5552143
0.01, 5548825
0.01, 5398846
0.01, 5351950
0.01, 5348930
0.01, 5319239
0.01, 5309994
0.01, 5246483
0.01, 5179511
0.01, 5107993
0.01, 5107919
0.01, 5098201
0.01, 5071654
0.01, 5009595
0.01, 5004468
0.01, 4991998
0.01, 4980966
0.01, 4891752
0.01, 4887050
0.01, 4884614
0.01, 4853006
0.01, 4839410
0.01, 4833393
0.01, 4716284
0.01, 4715813
0.01, 4700321
0.01, 4568494
0.01, 4564231
0.01, 4549891
0.01, 4534545
0.01, 4470598
0.01, 4440387
0.01, 4392441
0.01, 4387529
0.01, 4385729
0.01, 4085823
0.01, 4081547
0.01, 4077641
0.01, 4046576
0.01, 4032278
0.01, 4020062
0.01, 4000573
0.01, 3928754
0.01, 3861204
0.01, 3860995
0.01, 3828361
0.01, 3824127
0.01, 3761200
0.01, 3628788
0.01, 3571030
0.01, 3570528
0.01, 3564305
0.01, 3530482
0.01, 3524092
0.01, 3518190
0.01, 3509450
0.01, 3475675
0.01, 3417113
0.01, 3361244
0.01, 3356169
0.01, 3279362
0.01, 3270388
0.01, 3257315
0.01, 3250551
0.01, 3250353
0.01, 3240042
0.01, 3222431
0.01, 3215892
0.01, 3160485
0.01, 3160414
0.01, 3148025
0.01, 3110996
0.01, 3091175
0.01, 3072403
0.01, 3012860
0.01, 2985339
0.01, 2982250
0.01, 2981611
0.01, 2973574
0.01, 2949750
0.01, 2911894
0.01, 2890486
0.01, 2885333
0.01, 2882709
0.01, 2870523
0.01, 2814636
0.01, 2805861
0.01, 2731310
0.01, 2731208
0.01, 2704481
0.01, 2690555
0.01, 2686121
0.01, 2681954
0.01, 2625649
0.01, 2617274
0.01, 2615229
0.01, 2612499
0.01, 2601567
0.01, 2589063
0.01, 2586378
0.01, 2575597
0.01, 2569635
0.01, 2567400
0.01, 2561674
0.01, 2560684
0.01, 2483699
0.01, 2479835
0.01, 2459338
0.01, 2457513
0.01, 2422079
0.01, 2414297
0.01, 2408673
0.01, 2406222
0.01, 2391154
0.01, 2375436
0.01, 2371698
0.01, 2365401
0.01, 2364228
0.01, 2349417
0.01, 2296896
0.01, 2292925
0.01, 2292894
0.01, 2287842
0.01, 2264110
0.01, 2256565
0.01, 2242483
0.01, 2241669
0.01, 2237917
0.01, 2222479
0.01, 2217326
0.01, 2212006
0.01, 2211837
0.01, 2202647
0.01, 2179907
0.01, 2176271
0.01, 2175033
0.01, 2136983
0.01, 2130356
0.01, 2124866
0.01, 2124514
0.01, 2118589
0.01, 2113628
0.01, 2110015
0.02, 2105068
0.02, 2083642
0.02, 2078214
0.02, 2061025
0.02, 2043955
0.02, 2021613
0.02, 2017572
0.02, 2012635
0.02, 2011992
0.03, 1999221
0.03, 1997826
0.03, 1992501
0.03, 1988074
0.03, 1979803
0.03, 1978679
0.03, 1972139
0.03, 1944246
0.05, 1935069
0.05, 1931789
0.05, 1915622
0.05, 1914763
0.06, 1905338
0.06, 1905184
0.06, 1904967
0.06, 1894099
0.06, 1888377
0.06, 1887844
0.06, 1880590
0.06, 1867031
0.06, 1807325
0.06, 1794204
0.11, 1791805
0.11, 1789482
0.13, 1781258
0.13, 1771250
0.13, 1770745
0.13, 1769184
0.13, 1767508
0.13, 1761512
0.13, 1761377
0.13, 1759539
0.13, 1751698
0.13, 1749506
0.13, 1743172
0.13, 1739186
0.13, 1737884
0.13, 1737536
0.13, 1736128
0.13, 1733400
0.15, 1732263
0.16, 1713138
0.16, 1706984
0.16, 1706148
0.16, 1703723
0.16, 1690482
0.16, 1664322
0.17, 1658587
0.17, 1656205
0.17, 1655286
0.21, 1654527
0.21, 1650871
0.23, 1650547
0.23, 1631882
0.24, 1627241
0.24, 1626134
0.25, 1623526
0.25, 1621948
0.25, 1621233
0.25, 1617190
0.25, 1603852
0.25, 1602688
0.30, 1593625
0.30, 1588572
0.31, 1585518
0.31, 1582507
0.33, 1582443
0.33, 1578825
0.33, 1578184
0.33, 1577810
0.34, 1568024
0.34, 1567382
0.35, 1564490
0.38, 1560098
0.38, 1559612
0.39, 1555702
0.43, 1555060
