0.00, 6803221
0.00, 6779894
0.00, 6776019
0.00, 6670074
0.00, 6658931
0.00, 6570040
0.00, 6555474
0.00, 6541077
0.00, 6471948
0.00, 6433819
0.00, 6433516
0.00, 6365177
0.00, 6349439
0.00, 6332979
0.00, 6272951
0.00, 6181840
0.00, 6178279
0.00, 6174182
0.00, 6172820
0.00, 6152389
0.00, 6145738
0.00, 6143690
0.00, 6058569
0.00, 6051918
0.00, 6049005
0.00, 6005675
0.00, 6003688
0.00, 5951050
0.00, 5942510
0.00, 5764728
0.00, 5746909
0.00, 5714066
0.00, 5691238
0.00, 5618888
0.00, 5529501
0.00, 5521723
0.00, 5507907
0.00, 5395247
0.00, 5392812
0.00, 5380453
0.00, 5379259
0.00, 5360492
0.00, 5343529
0.00, 5294391
0.00, 5269494
0.00, 5269054
0.00, 5256124
0.00, 5244224
0.00, 5156302
0.00, 4995216
0.00, 4944722
0.00, 4909992
0.00, 4677465
0.00, 4607556
0.00, 4567734
0.00, 4555094
0.00, 4512422
0.00, 4396641
0.00, 4376666
0.00, 4368374
0.00, 4354692
0.00, 4309945
0.00, 4305551
0.00, 4293267
0.00, 4279063
0.01, 4199462
0.01, 4196901
0.01, 4194066
0.01, 4180327
0.01, 4120274
0.01, 4050708
0.01, 4049706
0.01, 4031990
0.01, 4031967
0.01, 3967216
0.01, 3828139
0.01, 3805928
0.01, 3694672
0.01, 3629274
0.01, 3625600
0.01, 3575866
0.01, 3551053
0.01, 3507658
0.01, 3495791
0.01, 3440183
0.01, 3405793
0.01, 3341701
0.01, 3328201
0.01, 3318203
0.01, 3312686
0.01, 3223701
0.01, 3158349
0.01, 3152637
0.01, 3118184
0.01, 3096642
0.01, 3093391
0.01, 3087248
0.01, 3084442
0.01, 3058791
0.01, 3018965
0.01, 3009342
0.01, 2998391
0.01, 2988219
0.01, 2935938
0.01, 2927426
0.01, 2927338
0.01, 2866846
0.01, 2833112
0.01, 2824325
0.01, 2815497
0.01, 2799932
0.01, 2782832
0.01, 2767375
0.01, 2730739
0.01, 2723116
0.01, 2679571
0.01, 2678617
0.01, 2662752
0.01, 2653861
0.01, 2646855
0.01, 2641570
0.01, 2638202
0.01, 2631934
0.01, 2574205
0.01, 2569487
0.01, 2552934
0.01, 2544758
0.01, 2541372
0.01, 2537452
0.01, 2528755
0.01, 2517905
0.01, 2512776
0.01, 2485263
0.01, 2483474
0.01, 2452795
0.01, 2436339
0.01, 2393903
0.01, 2275490
0.01, 2274879
0.01, 2274069
0.01, 2253600
0.02, 2251739
0.02, 2235126
0.02, 2203999
0.02, 2199550
0.02, 2196639
0.02, 2184855
0.02, 2183936
0.02, 2169574
0.02, 2166673
0.02, 2157613
0.02, 2154434
0.02, 2151693
0.02, 2148492
0.02, 2125959
0.02, 2119277
0.02, 2115719
0.02, 2105205
0.02, 2103746
0.02, 2086870
0.02, 2067922
0.02, 2067434
0.02, 2057686
0.02, 2052590
0.02, 2037929
0.02, 2021017
0.02, 2013302
0.02, 1985868
0.02, 1965355
0.02, 1962263
0.02, 1956322
0.02, 1947818
0.02, 1938294
0.02, 1894245
0.06, 1874548
0.08, 1865348
0.08, 1848945
0.08, 1829384
0.08, 1826675
0.08, 1822623
0.08, 1814962
0.08, 1814407
0.08, 1802236
0.08, 1800478
0.08, 1797828
0.10, 1795065
0.10, 1781115
0.10, 1768220
0.10, 1760393
0.10, 1760264
0.10, 1757416
0.10, 1742456
0.10, 1729760
0.11, 1729215
0.11, 1726925
0.17, 1725007
0.17, 1724283
0.17, 1719851
0.17, 1717683
0.17, 1713519
0.17, 1711370
0.17, 1711044
0.17, 1698839
0.17, 1697010
0.17, 1691617
0.17, 1679809
0.17, 1677063
0.17, 1667758
0.20, 1659885
0.20, 1658462
0.20, 1654131
0.20, 1643088
0.20, 1641846
0.20, 1639014
0.21, 1631317
0.21, 1626565
0.23, 1626457
0.23, 1625498
0.23, 1624635
0.23, 1618338
0.23, 1600017
0.23, 1597918
0.28, 1590246
0.28, 1588727
0.28, 1586647
0.28, 1584065
0.34, 1583640
0.35, 1580675
0.36, 1580349
0.36, 1575641
0.38, 1575394
0.38, 1574927
0.38, 1570960
0.39, 1570154
0.39, 1569785
0.40, 1569263
0.40, 1568982
0.40, 1568901
0.40, 1567247
0.45, 1567161
0.45, 1566519
3.95, 1563423
3.95, 1562781
3.95, 1560378
4.03, 1560366
4.03, 1557155
4.04, 1556976
4.04, 1555060
