0.00,6927415
0.00,6807936
0.00,6503921
0.00,6464770
0.00,6273854
0.00,5942288
0.00,5791457
0.00,5760066
0.00,5518116
0.00,5248868
0.00,5281089
0.00,5176252
0.00,5289624
0.00,5211081
0.00,5187832
0.00,5283825
0.00,5126686
0.00,4786622
0.00,4770261
0.00,4857088
0.00,4833293
0.00,4686888
0.00,4481702
0.00,4386467
0.00,4298042
0.00,4332715
0.00,4354757
0.00,4150034
0.00,4282149
0.00,3904106
0.00,3768318
0.00,3674267
0.00,3586733
0.00,3431850
0.00,3571468
0.00,3592055
0.00,3620007
0.00,3548242
0.00,3528693
0.00,3579538
0.00,3554704
0.00,3268443
0.00,3305888
0.00,3268828
0.00,3127333
0.00,3079279
0.00,2993999
0.00,2945594
0.00,2973315
0.00,3147471
0.00,3086821
0.00,3124584
0.00,3080630
0.00,3088678
0.00,3093765
0.00,3089447
0.00,3060991
0.00,3056329
0.00,3120136
0.00,3056741
0.00,2919330
0.00,2883959
0.00,2776348
0.00,2726858
0.00,2647675
0.00,2564197
0.00,2572594
0.00,2512718
0.00,2681478
0.00,2774207
0.00,2864505
0.00,2824174
0.00,2770905
0.00,2721133
0.00,2707242
0.00,2608580
0.00,2431959
0.00,2364752
0.00,2323537
0.00,2305865
0.00,2270108
0.00,2228840
0.00,2242305
0.00,2225637
0.00,2270027
0.00,2286331
0.00,2239516
0.00,2297075
0.00,2316419
0.00,2331901
0.00,2376641
0.00,2402624
0.00,2409006
0.00,2404031
0.00,2252588
0.00,2165826
0.00,2122719
0.00,2128340
0.00,2080836
0.00,2061086
0.00,2025716
0.00,2063152
0.00,2017963
0.00,2021838
0.00,2043787
0.00,2037676
0.00,2046326
0.00,2077056
0.00,2140706
0.00,2230206
0.00,2201815
0.00,2176137
0.00,2126721
0.00,2149006
0.00,2192350
0.00,2077142
0.00,2069377
0.00,2070858
0.00,2125228
0.00,2234616
0.00,2251815
0.00,2268698
0.00,2335643
0.00,2295462
0.00,2266171
0.00,2279366
0.00,2275316
0.00,2311307
0.00,2368592
0.00,2168435
0.00,2111666
0.00,1970540
0.00,1976448
0.00,2012615
0.00,2041248
0.00,1946310
0.00,1963960
0.00,1922248
0.00,1899882
0.00,1884518
0.00,1867943
0.00,1848595
0.00,1858552
0.00,1829144
0.00,1850724
0.00,1863449
0.00,2015161
0.00,2076249
0.00,2141958
0.00,2176983
0.00,2204323
0.00,2237698
0.00,2172158
0.00,2188149
0.00,2160538
0.01,2092833
0.01,2072599
0.01,2008128
0.01,1988311
0.01,1906184
0.01,1943443
0.01,1999243
0.01,1973750
0.01,1887697
0.01,1829440
0.01,1850184
0.01,1945987
0.01,2043003
0.01,2089138
0.01,2138615
0.01,2253003
0.01,2265029
0.01,2231854
0.01,2189598
0.01,2137315
0.01,2118522
0.01,1893990
0.01,1992694
0.01,2059403
0.01,2145044
0.01,2189178
0.01,2094998
0.01,2119643
0.01,2058801
0.01,1925541
0.01,1802042
0.01,1805146
0.01,1781692
0.01,1767225
0.01,1761919
0.01,1765099
0.01,1753162
0.01,1744440
0.01,1748147
0.01,1753941
0.01,1781582
0.01,1788910
0.01,1829271
0.01,1840803
0.01,1903432
0.01,1986684
0.01,2031208
0.01,2070933
0.01,2096297
0.01,2123637
0.01,2157012
0.01,2091472
0.01,2107463
0.01,2079852
0.01,2012147
0.01,1991913
0.01,1927442
0.01,1907625
0.01,1825498
0.01,1862757
0.01,1918557
0.01,1893064
0.01,1807011
0.01,1748754
0.01,1732720
0.01,1718253
0.01,1717126
0.01,1735761
0.01,1732938
0.01,1753326
0.01,1746672
0.01,1706262
0.01,1699107
0.01,1692148
0.01,1682873
0.01,1752974
0.01,1784173
0.01,1793691
0.01,1724604
0.01,1676214
0.01,1669987
0.01,1664086
0.01,1662579
0.01,1660692
0.01,1651801
0.01,1647358
0.01,1665112
0.01,1668314
0.01,1666840
0.01,1686014
0.01,1679375
0.01,1686715
0.01,1687443
0.01,1696314
0.01,1685042
0.01,1678411
0.01,1670698
0.01,1708028
0.01,1861564
0.01,1876858
0.01,1920975
0.01,1893823
0.01,1880509
0.01,1897867
0.01,1832762
0.01,1822257
0.01,1812625
0.01,1833213
0.01,1891268
0.01,1971242
0.01,2001952
0.01,2027625
0.01,2060503
0.01,2058993
0.01,1983957
0.01,1991187
0.01,1928132
0.01,1679976
0.01,1643107
0.01,1677697
0.01,1657534
0.01,1660572
0.01,1639181
0.01,1636130
0.01,1633727
0.01,1632033
0.01,1631170
0.01,1630398
