0.00,6461936
0.00,6127315
0.00,5678263
0.00,5551645
0.00,5466746
0.00,5351454
0.00,5397752
0.00,5093599
0.00,5193988
0.00,5163072
0.00,5194970
0.00,4750563
0.00,4861432
0.00,4713179
0.00,4477316
0.00,4557560
0.00,4576496
0.00,4505861
0.00,4532581
0.00,4218070
0.00,4272810
0.00,4129817
0.00,3952046
0.00,3856903
0.00,3704056
0.00,3574160
0.00,3469250
0.00,3465277
0.00,3472595
0.00,3493554
0.00,3615815
0.00,3446126
0.00,3631415
0.00,3568992
0.00,3474902
0.00,3415324
0.00,3421923
0.00,3436561
0.00,3323086
0.00,3308060
0.00,3206868
0.00,3139730
0.00,3181178
0.00,3147866
0.00,3080443
0.00,3080490
0.00,3161658
0.00,3152209
0.00,3095235
0.00,3070372
0.00,2938117
0.00,2902407
0.00,2770470
0.00,2826121
0.00,2767870
0.00,2743994
0.00,2747922
0.00,2622998
0.00,2663593
0.00,2651800
0.00,2626716
0.00,2684846
0.00,2713529
0.00,2632848
0.00,2594753
0.00,2534067
0.00,2695451
0.00,2638604
0.00,2575017
0.00,2702661
0.00,2772871
0.00,2795906
0.00,2783208
0.00,2788951
0.00,2602062
0.00,2679436
0.00,2672564
0.00,2567824
0.00,2587153
0.00,2467586
0.00,2469654
0.00,2410811
0.00,2350494
0.00,2303797
0.00,2284144
0.00,2258522
0.00,2245687
0.00,2202337
0.00,2120656
0.00,2083941
0.00,2050510
0.00,2054366
0.00,2043174
0.00,2040031
0.00,2013488
0.00,2014875
0.00,1987743
0.00,1963426
0.00,2041098
0.00,2053991
0.00,2032194
0.00,1992357
0.00,1952506
0.00,2021696
0.00,1917392
0.00,1869120
0.00,1846082
0.00,1847711
0.00,1827318
0.00,1825666
0.00,1795587
0.00,1777050
0.00,1765199
0.00,1764457
0.00,1751083
0.01,1770138
0.01,1797060
0.01,1831274
0.01,1810473
0.01,1795333
0.01,1794304
0.01,1791307
0.01,1767840
0.01,1787780
0.01,1781619
0.01,1731066
0.01,1788495
0.01,1843573
0.01,1856135
0.01,1967779
0.01,1990634
0.01,2039589
0.01,1906137
0.01,1750829
0.01,1710384
0.01,1713816
0.01,1708640
0.01,1725751
0.01,1771006
0.01,1786871
0.01,1736120
0.01,1742338
0.01,1739105
0.01,1715369
0.01,1724202
0.01,1736018
0.01,1735445
0.01,1734024
0.01,1767858
0.01,1755732
0.01,1882686
0.01,1938604
0.01,2038748
0.01,2079582
0.01,2046017
0.01,2003661
0.01,1924928
0.01,1849182
0.01,1692331
0.01,1677696
0.01,1667363
0.01,1676331
0.01,1688149
0.01,1685017
0.01,1678144
0.01,1698011
0.01,1722269
0.01,1710245
0.01,1711557
0.01,1743079
0.01,1745376
0.01,1875043
0.01,1927914
0.01,2001525
0.01,2031165
0.01,2000955
0.01,1962870
0.01,1902115
0.01,1847947
0.01,1701158
0.01,1674545
0.01,1657798
0.01,1693007
0.01,1702760
0.01,1687633
0.01,1706621
0.01,1706877
0.01,1717726
0.01,1728388
0.01,1769515
0.01,1740036
0.01,1843363
0.01,1912539
0.01,2003018
0.01,2044588
0.01,2017927
0.01,2003190
0.01,1917356
0.01,1830055
0.01,1681512
0.01,1666727
0.01,1645690
0.01,1628035
0.01,1619322
0.01,1611358
0.01,1604203
0.01,1598301
0.01,1593195
0.01,1588487
0.01,1606849
0.01,1613067
0.01,1729149
0.01,1768009
0.01,1789854
0.01,1819248
0.01,1878431
0.01,1832236
0.01,1852471
0.01,1922844
0.01,1996498
0.01,2047390
0.01,2011981
0.01,2021004
0.01,1933647
0.01,1869139
0.01,1800878
0.01,1858847
0.01,1871120
0.01,1911897
0.01,1878135
0.01,1812527
0.01,1750916
0.01,1686015
0.01,1662365
0.01,1647422
0.01,1633855
0.01,1612763
0.01,1614639
0.01,1584560
0.01,1586753
0.01,1580698
0.01,1578690
0.01,1577458
