0.00,6943562
0.00,6779588
0.00,6178808
0.00,6067155
0.00,5733112
0.00,5494086
0.00,5563819
0.00,5521105
0.00,5615008
0.00,5389751
0.00,5388827
0.00,5334226
0.00,5106107
0.00,4837023
0.00,4848618
0.00,4802481
0.00,4589837
0.00,4685026
0.00,4376608
0.00,4174194
0.00,4132880
0.00,4171286
0.00,4020322
0.00,3852678
0.00,3947400
0.00,3700009
0.00,3800494
0.00,3830545
0.00,3775424
0.00,3746513
0.00,3744463
0.00,3786153
0.00,3697498
0.00,3567048
0.00,3549837
0.00,3434591
0.00,3401743
0.00,3348034
0.00,3282150
0.00,3274792
0.00,3214413
0.00,3071543
0.00,3091593
0.00,3191761
0.00,3257142
0.00,3175000
0.00,3133545
0.00,3148303
0.00,3122203
0.00,3082182
0.00,3062983
0.00,3079171
0.00,3154060
0.00,3108613
0.00,3128110
0.00,3236816
0.00,3264556
0.01,3335744
0.01,3356751
0.01,3313964
0.01,3213812
0.01,2980872
0.01,2986912
0.01,3034252
0.01,2878452
0.01,3002726
0.01,2975414
0.01,3020211
0.01,2919589
0.01,2890802
0.01,2873248
0.01,2873915
0.01,2762488
0.01,2808682
0.01,2817002
0.01,2750384
0.01,2717303
0.01,2793918
0.01,2834694
0.01,2820991
0.01,2694479
0.01,2795431
0.01,2890260
0.01,2850674
0.01,2877714
0.01,2901396
0.01,2882608
0.01,2803007
0.01,2625141
0.01,2529429
0.01,2493725
0.01,2503824
0.01,2475643
0.01,2427892
0.01,2412032
0.01,2358292
0.01,2367053
0.01,2383994
0.01,2351586
0.01,2413128
0.01,2545204
0.01,2610964
0.01,2667789
0.01,2693456
0.01,2672206
0.01,2670509
0.01,2584313
0.01,2522904
0.01,2385057
0.01,2349661
0.01,2370662
0.01,2283332
0.01,2296092
0.01,2307008
0.01,2297865
0.01,2267570
0.01,2284299
0.01,2220318
0.01,2169617
0.01,2136925
0.01,2090745
0.01,2090546
0.01,2069534
0.01,2041823
0.01,2001326
0.01,1975737
0.01,1980830
0.01,1953027
0.01,1956225
0.01,1931765
0.01,1899259
0.01,1897658
0.01,1863696
0.01,1842516
0.01,1837882
0.01,1871937
0.01,1885370
0.01,1863383
0.01,1822760
0.01,1822044
0.01,1816591
0.01,1790567
0.01,1776100
0.01,1810211
0.01,1809337
0.01,1848460
0.01,1824289
0.01,1781183
0.01,1761729
0.01,1761968
0.01,1765746
0.01,1786614
0.01,1793565
0.01,1799378
0.01,1782065
0.01,1744378
0.01,1730011
0.01,1719438
0.01,1709124
0.01,1732219
0.01,1826714
0.01,1869857
0.01,1889493
0.01,1898402
0.01,1883617
0.01,1923489
0.01,1840021
0.01,1840278
0.01,1837053
0.01,1786441
0.01,1777643
0.01,1778204
0.01,1836050
0.01,1864960
0.01,1974347
0.01,2035957
0.01,2121317
0.01,2131755
0.01,2116753
0.01,2065069
0.01,2004478
0.01,1939672
0.01,1834358
0.01,1824269
0.01,1767384
0.01,1761329
0.01,1778673
0.01,1814538
0.01,1788511
0.01,1745902
0.01,1700769
0.01,1711199
0.01,1742016
0.01,1743815
0.01,1826298
0.01,1853652
0.01,1895164
0.01,1963434
0.01,1931979
0.01,1938711
0.01,1853104
0.01,1813592
0.01,1792220
0.01,1753611
0.01,1768275
0.01,1797041
0.01,1841866
0.01,1859751
0.01,1964219
0.01,2049065
0.01,2125583
0.01,2125140
0.01,2137193
0.01,2077360
0.01,1983553
0.01,1904386
0.01,1792350
0.01,1805078
0.01,1767595
0.01,1712634
0.01,1782946
0.01,1774350
0.01,1731741
0.01,1686608
0.01,1674947
0.01,1667837
0.01,1662115
0.01,1657131
0.01,1658773
0.01,1665544
0.01,1692156
0.01,1651537
0.01,1656713
0.01,1653051
0.01,1652589
0.01,1641899
0.01,1636667
0.01,1698587
0.01,1658231
0.01,1664744
0.01,1634109
0.01,1656002
0.01,1640456
0.01,1630142
0.01,1627890
0.01,1626340
0.01,1625698
