0.00, 7430183
0.00, 7403500
0.00, 7367082
0.00, 7357998
0.00, 7337986
0.00, 7217454
0.00, 7193603
0.00, 7189728
0.00, 7178213
0.00, 7163008
0.00, 7094043
0.00, 6998079
0.00, 6981024
0.00, 6960582
0.00, 6783366
0.00, 6689604
0.00, 6677579
0.00, 6628499
0.00, 6619287
0.00, 6590881
0.00, 6527769
0.00, 6522512
0.00, 6483252
0.00, 6479639
0.00, 6401931
0.00, 6385405
0.00, 6330325
0.00, 5981216
0.00, 5979935
0.00, 5777643
0.00, 5709265
0.00, 5655899
0.00, 5581243
0.00, 5576578
0.00, 5566671
0.00, 5505545
0.00, 5498993
0.00, 5490159
0.00, 5483015
0.00, 5481838
0.00, 5433432
0.00, 5419097
0.00, 5243163
0.00, 5232939
0.00, 5229477
0.00, 5219279
0.00, 5204135
0.00, 5152152
0.00, 5144774
0.00, 5100699
0.00, 5071107
0.00, 5067215
0.00, 5019908
0.00, 4993090
0.00, 4961862
0.00, 4943740
0.00, 4938760
0.00, 4936463
0.00, 4797574
0.00, 4790038
0.00, 4767465
0.00, 4764197
0.00, 4741889
0.00, 4724681
0.00, 4717537
0.00, 4707302
0.00, 4677886
0.00, 4635853
0.00, 4631835
0.00, 4626758
0.00, 4504611
0.00, 4504234
0.00, 4499491
0.00, 4495924
0.00, 4452280
0.00, 4449914
0.01, 4426422
0.01, 4413151
0.01, 4386324
0.01, 4375349
0.01, 4362425
0.01, 4341034
0.01, 4340852
0.01, 4307302
0.01, 4304533
0.01, 4303950
0.01, 4272035
0.01, 4266729
0.01, 4239428
0.01, 4228306
0.01, 4225515
0.01, 4208122
0.01, 4167409
0.01, 4142573
0.01, 4087382
0.01, 4006452
0.01, 3964265
0.01, 3959103
0.01, 3926119
0.01, 3771485
0.01, 3682820
0.01, 3667489
0.01, 3497127
0.01, 3481786
0.01, 3480918
0.01, 3469185
0.01, 3455148
0.01, 3417620
0.01, 3415885
0.01, 3380155
0.01, 3368195
0.01, 3366724
0.01, 3355684
0.01, 3344641
0.01, 3316012
0.01, 3273731
0.01, 3255384
0.01, 3253177
0.01, 3250657
0.01, 3156477
0.01, 3152420
0.01, 3100001
0.01, 3088407
0.01, 3074309
0.01, 3064563
0.01, 3038342
0.01, 3027845
0.01, 3026396
0.01, 3014488
0.01, 2998841
0.01, 2982132
0.01, 2967724
0.01, 2783864
0.01, 2730456
0.01, 2697771
0.01, 2678715
0.01, 2671931
0.01, 2632226
0.01, 2606932
0.01, 2592050
0.01, 2588496
0.01, 2577607
0.01, 2570482
0.01, 2562454
0.01, 2559760
0.01, 2555355
0.01, 2543799
0.01, 2530317
0.01, 2503904
0.01, 2492489
0.01, 2463255
0.01, 2457408
0.01, 2455172
0.01, 2416703
0.01, 2416220
0.01, 2405182
0.01, 2398423
0.01, 2379551
0.01, 2377174
0.01, 2357143
0.01, 2352170
0.01, 2297977
0.01, 2297398
0.01, 2278081
0.01, 2249174
0.01, 2243843
0.01, 2243051
0.01, 2242946
0.01, 2232398
0.01, 2227754
0.01, 2222090
0.01, 2220842
0.01, 2216445
0.01, 2210640
0.01, 2197184
0.01, 2188148
0.01, 2177815
0.02, 2161404
0.02, 2155312
0.02, 2137235
0.02, 2132985
0.02, 2094275
0.02, 2066426
0.02, 2049433
0.02, 2036779
0.02, 2031747
0.02, 2006392
0.02, 2004842
0.02, 2002033
0.02, 2000944
0.02, 1989766
0.02, 1987841
0.02, 1985777
0.03, 1956731
0.03, 1946290
0.03, 1941082
0.03, 1934350
0.03, 1909294
0.03, 1892993
0.03, 1887371
0.03, 1883813
0.03, 1881001
0.06, 1859728
0.07, 1848830
0.08, 1846233
0.09, 1841332
0.09, 1820941
0.09, 1811794
0.10, 1807046
0.10, 1786820
0.10, 1776311
0.10, 1774912
0.10, 1772544
0.11, 1772274
0.11, 1769056
0.11, 1760968
0.13, 1755136
0.14, 1752212
0.14, 1752027
0.14, 1748356
0.14, 1743362
0.14, 1742922
0.14, 1725492
0.14, 1711945
0.14, 1703311
0.15, 1701957
0.19, 1696053
0.20, 1691769
0.20, 1691085
0.20, 1683593
0.20, 1680737
0.24, 1677410
0.24, 1676492
0.24, 1673309
0.24, 1669215
0.24, 1664898
0.24, 1661155
0.24, 1651370
0.24, 1641481
0.24, 1639724
0.25, 1639569
0.25, 1639479
0.25, 1637213
0.25, 1632575
0.25, 1628207
0.25, 1622975
0.32, 1617380
0.32, 1616670
0.33, 1616201
0.33, 1613522
0.33, 1613496
0.34, 1613158
0.34, 1611271
0.34, 1609671
0.37, 1608929
0.37, 1607918
0.37, 1607696
0.37, 1606096
0.39, 1605225
0.39, 1603531
0.39, 1602334
0.42, 1600929
0.44, 1600054
0.44, 1598360
0.49, 1597933
0.50, 1595182
2.08, 1591913
2.08, 1585228
2.08, 1584057
2.08, 1582965
2.08, 1580408
2.08, 1578240
2.10, 1578167
2.11, 1574366
2.14, 1573684
2.14, 1569877
2.16, 1568605
2.17, 1568292
2.17, 1564992
2.17, 1563760
2.17, 1561638
2.17, 1560996
2.17, 1558593
2.17, 1558247
2.21, 1557155
2.21, 1556292
2.21, 1555060
