0.01, 6853506
0.01, 6730962
0.01, 6696392
0.01, 6629076
0.01, 6606916
0.01, 6603874
0.01, 6534258
0.01, 6451918
0.01, 6451766
0.01, 6430207
0.01, 6428530
0.01, 6426699
0.01, 6342738
0.01, 6311088
0.01, 6089772
0.01, 6040066
0.01, 5955981
0.01, 5931504
0.01, 5904932
0.01, 5902389
0.01, 5884535
0.01, 5872611
0.01, 5835906
0.01, 5814029
0.01, 5794807
0.01, 5742411
0.01, 5698901
0.01, 5656066
0.01, 5587588
0.01, 5556834
0.01, 5541217
0.01, 5532505
0.01, 5532493
0.01, 5514603
0.01, 5468688
0.01, 5452573
0.01, 5398044
0.01, 5380603
0.01, 5363243
0.01, 5361974
0.01, 5321560
0.01, 5309050
0.01, 5153706
0.01, 5124227
0.01, 5120805
0.01, 5091641
0.01, 5063328
0.01, 5028379
0.01, 5027044
0.01, 5019263
0.01, 4930371
0.01, 4912701
0.01, 4907758
0.01, 4894557
0.01, 4859544
0.01, 4851891
0.01, 4793188
0.01, 4562557
0.01, 4493051
0.01, 4490068
0.01, 4473326
0.01, 4467973
0.01, 4420002
0.01, 4400113
0.01, 4394286
0.01, 4388990
0.01, 4354700
0.01, 4348733
0.01, 4148536
0.01, 4127132
0.01, 4115128
0.01, 4107003
0.01, 4080837
0.01, 3948387
0.01, 3907780
0.01, 3899991
0.01, 3767090
0.01, 3765295
0.01, 3734808
0.01, 3691624
0.01, 3687450
0.01, 3581548
0.01, 3571806
0.01, 3552475
0.01, 3490123
0.01, 3486906
0.01, 3463771
0.01, 3463584
0.01, 3462679
0.01, 3427611
0.01, 3407648
0.01, 3405280
0.01, 3393554
0.01, 3330639
0.01, 3318032
0.01, 3307373
0.01, 3128566
0.01, 3113625
0.01, 3097229
0.01, 3076940
0.01, 3049520
0.01, 2947143
0.01, 2946095
0.01, 2929354
0.01, 2861256
0.01, 2856825
0.01, 2847211
0.01, 2711433
0.01, 2669524
0.01, 2652448
0.01, 2651130
0.01, 2647709
0.01, 2646494
0.01, 2640370
0.01, 2638537
0.01, 2614532
0.01, 2604761
0.01, 2593846
0.01, 2587940
0.01, 2583980
0.01, 2582310
0.01, 2566289
0.01, 2549160
0.01, 2547358
0.01, 2533321
0.01, 2490695
0.01, 2460731
0.01, 2458889
0.01, 2457419
0.01, 2446896
0.01, 2445759
0.01, 2444759
0.01, 2414449
0.01, 2410078
0.01, 2406215
0.01, 2406204
0.01, 2388554
0.01, 2387600
0.01, 2387402
0.01, 2375905
0.01, 2344459
0.01, 2337649
0.01, 2320188
0.01, 2305255
0.01, 2299322
0.01, 2278340
0.01, 2220849
0.01, 2206885
0.01, 2179008
0.01, 2177003
0.01, 2175433
0.01, 2169904
0.02, 2147195
0.02, 2139999
0.02, 2139734
0.02, 2135826
0.02, 2127451
0.02, 2113671
0.02, 2089922
0.02, 2084967
0.02, 2080962
0.02, 2071514
0.02, 2066467
0.02, 2050826
0.02, 2041386
0.02, 2039472
0.02, 2033886
0.02, 2033662
0.02, 2031187
0.02, 2013354
0.02, 2012113
0.02, 2004489
0.03, 1990452
0.03, 1989747
0.03, 1989321
0.03, 1978379
0.03, 1973894
0.03, 1963561
0.04, 1954112
0.04, 1953995
0.04, 1953623
0.05, 1953206
0.05, 1931202
0.05, 1915046
0.05, 1913486
0.05, 1913258
0.05, 1901707
0.05, 1881338
0.08, 1876944
0.08, 1873035
0.08, 1871582
0.08, 1864656
0.08, 1861309
0.08, 1853515
0.08, 1838692
0.08, 1833043
0.08, 1819657
0.10, 1818409
0.10, 1811554
0.10, 1799830
0.11, 1797125
0.11, 1788957
0.11, 1788898
0.13, 1777277
0.13, 1765585
0.13, 1754041
0.13, 1751888
0.13, 1750877
0.13, 1744798
0.14, 1740324
0.14, 1733804
0.14, 1732874
0.14, 1709808
0.14, 1702347
0.14, 1691790
0.14, 1688655
0.16, 1675267
0.16, 1659264
0.20, 1657109
0.20, 1645940
0.20, 1638019
0.20, 1629923
0.20, 1627779
0.20, 1617974
0.26, 1609576
0.26, 1595084
0.26, 1593852
0.26, 1591898
0.26, 1574253
0.26, 1572337
0.31, 1572267
0.31, 1570324
0.33, 1569000
0.33, 1568358
0.36, 1565853
0.39, 1565834
0.39, 1561330
0.39, 1560984
0.39, 1560121
0.39, 1559981
0.40, 1559110
0.40, 1555923
0.43, 1555060
