0.00,6730199
0.00,6412008
0.00,6096168
0.00,5930847
0.00,5586988
0.00,5381939
0.00,5166973
0.00,4974795
0.00,5011326
0.00,5064053
0.00,5085340
0.00,4921223
0.00,4703304
0.00,4665673
0.00,4677524
0.00,4876667
0.00,4869706
0.00,4865102
0.00,4817401
0.00,4775429
0.00,4410013
0.00,4145251
0.00,4095983
0.00,3962948
0.00,3946711
0.00,3768844
0.00,3696212
0.00,3764042
0.00,3640804
0.00,3722672
0.00,3718834
0.00,3680801
0.00,3534361
0.00,3569840
0.00,3673166
0.00,3496241
0.00,3499925
0.00,3584682
0.00,3642531
0.00,3676650
0.00,3578376
0.00,3465879
0.00,3567311
0.00,3527456
0.00,3513963
0.00,3661510
0.00,3635809
0.00,3619221
0.00,3554120
0.00,3505348
0.00,3352074
0.00,3288541
0.00,3200197
0.00,3115893
0.00,2977133
0.00,2989246
0.00,2957959
0.00,2901406
0.00,2837107
0.00,2779707
0.00,2713998
0.00,2751503
0.00,2791282
0.00,2746503
0.00,2648822
0.00,2724789
0.00,2696951
0.00,2633969
0.00,2679239
0.00,2548967
0.00,2580281
0.00,2517203
0.00,2520066
0.00,2544370
0.00,2561631
0.00,2577729
0.00,2565507
0.00,2533625
0.01,2654152
0.01,2636903
0.01,2750581
0.01,2801993
0.01,2833672
0.01,2802439
0.01,2738877
0.01,2739394
0.01,2828631
0.01,2844388
0.01,2823124
0.01,2798967
0.01,2729269
0.01,2710743
0.01,2700460
0.01,2512228
0.01,2583304
0.01,2574876
0.01,2461887
0.01,2425878
0.01,2373724
0.01,2323765
0.01,2289991
0.01,2372643
0.01,2365943
0.01,2339858
0.01,2348119
0.01,2331975
0.01,2348607
0.01,2308104
0.01,2210607
0.01,2171607
0.01,2177220
0.01,2235785
0.01,2182979
0.01,2230321
0.01,2156198
0.01,2163807
0.01,2180605
0.01,2135821
0.01,2120084
0.01,2202935
0.01,2268705
0.01,2269986
0.01,2384522
0.01,2361717
0.01,2415802
0.01,2314965
0.01,2226357
0.01,2180434
0.01,2171116
0.01,2282562
0.01,2393816
0.01,2364312
0.01,2423253
0.01,2419432
0.01,2432940
0.01,2319005
0.01,2093827
0.01,2128884
0.01,2142853
0.01,2163754
0.01,2171924
0.01,2162243
0.01,2211389
0.01,2214015
0.01,2165041
0.01,2194143
0.01,2172257
0.01,2216116
0.01,2187463
0.01,2132301
0.01,2214322
0.01,2332782
0.01,2328369
0.01,2370088
0.01,2370816
0.01,2424160
0.01,2302135
0.01,2223323
0.01,2062372
0.01,2084425
0.01,2069227
0.01,2180596
0.01,2272642
0.01,2140253
0.01,2213541
0.01,2076872
0.01,2045783
0.01,2002852
0.01,1995422
0.01,2030363
0.01,2035851
0.01,2057620
0.01,1972706
0.01,1993765
0.01,2020767
0.01,1995943
0.01,1948215
0.01,1927035
0.01,1955009
0.01,1925576
0.01,1922393
0.01,1904897
0.01,1877623
0.01,1897093
0.01,1893489
0.01,1884912
0.01,1884812
0.01,1935521
0.01,1962007
0.01,1973011
0.01,1951372
0.01,1906606
0.01,1858334
0.01,1832198
0.01,1814556
0.01,1799101
0.01,1790264
0.01,1775797
0.01,1761401
0.01,1804221
0.01,1811683
0.01,1862890
0.01,1836235
0.01,1857314
0.01,1873673
0.01,1921350
0.01,1883523
0.01,1811425
0.01,1747694
0.01,1759076
0.01,1777293
0.01,1835713
0.01,1857247
0.01,1872245
0.01,1888689
0.01,1927448
0.01,1944386
0.01,1904147
0.01,1872061
0.01,1823002
0.01,1772044
0.01,1733587
0.01,1723254
0.01,1713416
0.01,1706261
0.01,1699219
0.01,1691758
0.01,1709061
0.01,1695129
0.01,1745484
0.01,1742291
0.01,1751563
0.01,1818483
0.01,1832814
0.01,1834794
0.01,1826802
0.01,1816384
0.01,1794859
0.01,1919759
0.01,1988280
0.01,2046047
0.01,2090844
0.01,2103674
0.01,2115068
0.01,2010427
0.01,1988055
0.01,1976401
0.01,2011414
0.01,2045630
0.01,2142959
0.01,2183565
0.01,2123680
0.01,2056452
0.01,2012551
0.01,1963989
0.01,1821115
0.01,1795711
0.01,1790771
0.01,1772021
0.01,1708200
0.01,1683279
0.01,1699865
0.01,1726721
0.01,1723293
0.01,1712984
0.01,1721718
0.01,1710209
0.01,1705143
0.01,1853239
0.01,1933176
0.01,2000315
0.01,2058764
0.01,2017299
0.01,1985195
0.01,1893579
0.01,1745438
0.01,1664733
0.01,1661445
0.01,1669506
0.01,1658556
0.01,1652551
0.01,1659981
0.01,1660384
0.01,1650308
0.01,1628917
0.01,1626492
0.01,1624089
0.01,1622539
0.01,1621396
0.01,1620533
