0.00, 6902502
0.00, 6902495
0.00, 6878513
0.00, 6819512
0.00, 6815910
0.00, 6809082
0.00, 6801995
0.00, 6777263
0.00, 6772933
0.00, 6770981
0.00, 6768889
0.00, 6768407
0.00, 6740636
0.00, 6666737
0.00, 6659669
0.00, 6654913
0.00, 6574282
0.00, 6572731
0.00, 6429363
0.00, 6419104
0.00, 6383287
0.00, 6292487
0.00, 6262756
0.00, 6143528
0.00, 6076114
0.00, 6031464
0.00, 5894552
0.00, 5876902
0.00, 5841177
0.00, 5767677
0.00, 5762020
0.00, 5746487
0.00, 5709151
0.00, 5683133
0.00, 5679856
0.00, 5634254
0.01, 5570365
0.01, 5448434
0.01, 5303171
0.01, 5279201
0.01, 5227240
0.01, 5173971
0.01, 5148607
0.01, 5132158
0.01, 5131468
0.01, 5060248
0.01, 4989103
0.01, 4956283
0.01, 4950215
0.01, 4837144
0.01, 4772202
0.01, 4665948
0.01, 4652770
0.01, 4634944
0.01, 4618072
0.01, 4597960
0.01, 4487664
0.01, 4479547
0.01, 4476030
0.01, 4468790
0.01, 4436756
0.01, 4430689
0.01, 4270411
0.01, 4256833
0.01, 4239551
0.01, 4237229
0.01, 4214139
0.01, 4205158
0.01, 4205044
0.01, 4200162
0.01, 4174215
0.01, 4155388
0.01, 4142951
0.01, 4140011
0.01, 4120539
0.01, 4028427
0.01, 3988288
0.01, 3973268
0.01, 3972315
0.01, 3968034
0.01, 3944388
0.01, 3911851
0.01, 3893680
0.01, 3874735
0.01, 3873463
0.01, 3811979
0.01, 3810005
0.01, 3777100
0.01, 3762574
0.01, 3748379
0.01, 3739810
0.01, 3739662
0.01, 3702583
0.01, 3671501
0.01, 3662557
0.01, 3639534
0.01, 3586884
0.01, 3537965
0.01, 3479148
0.01, 3459357
0.01, 3458921
0.01, 3458408
0.01, 3448732
0.01, 3443819
0.01, 3424343
0.01, 3390514
0.01, 3341367
0.01, 3228031
0.01, 3225776
0.01, 3225736
0.01, 3223024
0.01, 3219564
0.01, 3217528
0.01, 3200831
0.01, 3198024
0.01, 3121425
0.01, 3107514
0.01, 3104500
0.01, 3081642
0.01, 3019470
0.01, 3012280
0.01, 3008318
0.01, 3004337
0.01, 2975091
0.01, 2963275
0.01, 2945207
0.01, 2879327
0.01, 2855561
0.01, 2848099
0.01, 2846770
0.01, 2823835
0.01, 2779041
0.01, 2745405
0.01, 2705734
0.01, 2703582
0.01, 2684693
0.01, 2682143
0.01, 2677307
0.01, 2675614
0.01, 2674790
0.01, 2674651
0.01, 2632294
0.01, 2624097
0.01, 2617949
0.01, 2615827
0.01, 2610674
0.01, 2608520
0.01, 2595034
0.01, 2586240
0.01, 2546709
0.01, 2539048
0.01, 2537951
0.01, 2525344
0.01, 2521315
0.01, 2500340
0.01, 2495509
0.01, 2495253
0.01, 2476664
0.01, 2422108
0.01, 2374453
0.01, 2345246
0.01, 2340950
0.01, 2299716
0.01, 2295332
0.01, 2260721
0.01, 2254909
0.01, 2248492
0.01, 2218126
0.01, 2210128
0.01, 2185680
0.01, 2172886
0.01, 2051070
0.02, 2041748
0.02, 2037640
0.02, 2025841
0.02, 1982109
0.02, 1979718
0.02, 1972510
0.02, 1959531
0.04, 1954948
0.05, 1953592
0.05, 1945619
0.05, 1942061
0.05, 1933865
0.05, 1926274
0.05, 1921684
0.05, 1907188
0.05, 1907091
0.05, 1895450
0.06, 1894609
0.06, 1894501
0.07, 1891607
0.07, 1882247
0.07, 1860440
0.07, 1852035
0.07, 1843915
0.07, 1837746
0.07, 1832319
0.07, 1831727
0.07, 1822420
0.08, 1821767
0.08, 1818025
0.08, 1818014
0.08, 1818006
0.08, 1808618
0.08, 1807105
0.08, 1806836
0.08, 1806796
0.08, 1803815
0.09, 1794323
0.09, 1790627
0.09, 1781083
0.09, 1777819
0.10, 1777293
0.10, 1767329
0.10, 1763530
0.13, 1760637
0.13, 1727307
0.13, 1716838
0.15, 1688941
0.15, 1686533
0.19, 1678619
0.19, 1677750
0.19, 1666072
0.20, 1661018
0.21, 1650818
0.21, 1645895
0.21, 1639741
0.25, 1639547
0.25, 1638299
0.25, 1636603
0.25, 1632079
0.25, 1626900
0.25, 1626674
0.27, 1615696
0.27, 1607335
0.27, 1605735
0.27, 1602674
0.27, 1602311
0.27, 1601079
0.27, 1600773
0.27, 1600695
0.28, 1597061
0.28, 1589906
0.30, 1588046
0.30, 1587404
0.31, 1587008
0.31, 1583452
0.31, 1582818
0.31, 1578110
0.31, 1575707
0.31, 1574863
0.32, 1572460
0.32, 1570920
0.32, 1566835
0.32, 1564827
0.36, 1563946
0.41, 1563659
0.41, 1560741
0.41, 1558105
0.41, 1555702
0.41, 1555060
