0.00,6997988
0.00,6846105
0.00,6496613
0.00,6467819
0.00,6506635
0.00,6504114
0.00,6179048
0.00,5824146
0.00,5581288
0.00,5285032
0.00,5173897
0.00,4983408
0.00,4825594
0.00,4807909
0.00,4810600
0.00,4585731
0.00,4340649
0.00,4519465
0.00,4159362
0.00,4122605
0.00,4095398
0.00,4003096
0.00,3724814
0.00,3636926
0.00,3715430
0.00,3734953
0.00,3808230
0.00,3854487
0.00,3738889
0.00,3631582
0.00,3681575
0.00,3589146
0.00,3671578
0.00,3707278
0.00,3536921
0.00,3533091
0.00,3653475
0.00,3705902
0.00,3673861
0.00,3677383
0.00,3634164
0.00,3689756
0.00,3716725
0.00,3496054
0.00,3364424
0.00,3390200
0.00,3314800
0.00,3268857
0.00,3245709
0.00,3214558
0.00,3228322
0.00,3135567
0.00,3158453
0.00,3068455
0.00,2997269
0.00,3097597
0.00,3133346
0.00,2907525
0.00,2917373
0.00,2864242
0.00,2876426
0.00,2780323
0.00,2791196
0.00,2855085
0.00,2869020
0.00,2775075
0.00,2771692
0.00,2750431
0.00,2738218
0.00,2645589
0.00,2676816
0.00,2645474
0.00,2689235
0.00,2727956
0.00,2726842
0.00,2839562
0.00,2922925
0.00,2967744
0.00,2927620
0.00,2744007
0.00,2567149
0.00,2555980
0.00,2512323
0.00,2443663
0.00,2470875
0.00,2480661
0.00,2481613
0.00,2528735
0.00,2395093
0.00,2417857
0.00,2334379
0.00,2283875
0.00,2284664
0.00,2331724
0.00,2360028
0.00,2401138
0.00,2430309
0.00,2422170
0.00,2386038
0.00,2332539
0.00,2339798
0.00,2201449
0.00,2203227
0.00,2207668
0.00,2323583
0.00,2398657
0.00,2486895
0.00,2506432
0.00,2498299
0.00,2447112
0.00,2378683
0.00,2356979
0.00,2187503
0.00,2141676
0.01,2110335
0.01,2067860
0.01,2058055
0.01,2014741
0.01,1990760
0.01,1967281
0.01,1950285
0.01,1927127
0.01,1992372
0.01,1971606
0.01,1915616
0.01,1892900
0.01,1871320
0.01,1940274
0.01,1956387
0.01,1932017
0.01,1914802
0.01,1922505
0.01,1897681
0.01,1849953
0.01,1868803
0.01,1838792
0.01,1819366
0.01,1801816
0.01,1785074
0.01,1759116
0.01,1797758
0.01,1808705
0.01,1839773
0.01,1902592
0.01,1907392
0.01,1934690
0.01,1970468
0.01,1911805
0.01,1855368
0.01,1745627
0.01,1733819
0.01,1723486
0.01,1713172
0.01,1703555
0.01,1694094
0.01,1685733
0.01,1690689
0.01,1708295
0.01,1677660
0.01,1684763
0.01,1656910
0.01,1649420
0.01,1642265
0.01,1638171
0.01,1635768
0.01,1633760
0.01,1632210
0.01,1631347
0.01,1630596
0.01,1630138
0.01,1629691
0.01,1629388
0.01,1628549
0.01,1628327
