0.00,7461375
0.00,6936627
0.00,6554250
0.00,6509386
0.00,6315745
0.00,6259316
0.00,5971389
0.00,5876173
0.00,5685527
0.00,5324059
0.00,5300439
0.00,5364217
0.00,5234545
0.00,5239132
0.00,5119933
0.00,5247393
0.00,5125628
0.00,5150237
0.00,5177321
0.00,5107026
0.00,4989143
0.00,4878578
0.00,4873899
0.00,4869832
0.00,4970424
0.00,4772405
0.00,4686169
0.00,4436561
0.00,4432295
0.00,4468297
0.00,4599149
0.00,4586581
0.00,4645643
0.00,4464451
0.00,4493800
0.00,4260661
0.00,4145962
0.00,4252100
0.00,4217300
0.00,4049391
0.00,4013163
0.00,4097873
0.00,4128277
0.00,3951971
0.00,3773804
0.00,3681028
0.00,3578002
0.00,3644179
0.00,3613947
0.00,3572933
0.00,3533727
0.00,3404770
0.00,3283107
0.00,3149347
0.00,3212641
0.00,3043802
0.00,3083625
0.00,2995651
0.00,2994600
0.00,2991036
0.00,2992161
0.00,3031984
0.00,2833404
0.00,2941766
0.00,2877042
0.00,2914470
0.00,2979462
0.00,3021558
0.00,3094923
0.00,3137800
0.00,3124633
0.00,3145466
0.00,3033319
0.00,2776109
0.00,2788487
0.00,2795668
0.00,2732646
0.00,2623696
0.00,2544661
0.00,2557987
0.00,2568043
0.00,2618612
0.00,2582570
0.00,2478694
0.00,2427378
0.00,2352705
0.00,2303387
0.00,2293780
0.00,2292330
0.00,2345628
0.00,2317133
0.00,2226652
0.00,2189937
0.00,2192345
0.00,2290095
0.00,2277252
0.00,2259058
0.00,2296605
0.00,2276920
0.00,2153402
0.00,2120336
0.00,2128243
0.00,2131406
0.00,2117518
0.00,2099394
0.00,2054933
0.00,2025130
0.00,1979997
0.00,1971770
0.00,1937043
0.01,1935952
0.01,1910760
0.01,1907701
0.01,1885412
0.01,1871683
0.01,1857124
0.01,1842097
0.01,1843104
0.01,1918921
0.01,1986581
0.01,1990830
0.01,1984904
0.01,1994567
0.01,2056115
0.01,2074807
0.01,2086401
0.01,2158771
0.01,2136054
0.01,2080087
0.01,1998082
0.01,2010322
0.01,2019498
0.01,2058571
0.01,2048151
0.01,2069408
0.01,2067559
0.01,2117027
0.01,2097469
0.01,2105440
0.01,2084761
0.01,1989513
0.01,1841149
0.01,1835660
0.01,1874566
0.01,1791088
0.01,1774705
0.01,1786557
0.01,1773471
0.01,1784771
0.01,1786988
0.01,1772478
0.01,1758236
0.01,1748428
0.01,1766034
0.01,1735399
0.01,1723377
0.01,1716347
0.01,1710042
0.01,1732579
0.01,1704726
0.01,1719667
0.01,1703082
0.01,1693807
0.01,1688628
0.01,1729897
0.01,1714114
0.01,1692404
0.01,1692766
0.01,1704834
0.01,1721005
0.01,1697212
0.01,1676191
0.01,1667836
0.01,1663357
0.01,1659387
0.01,1681895
0.01,1663125
0.01,1666151
0.01,1669663
0.01,1662879
0.01,1656422
0.01,1670562
0.01,1662525
0.01,1658734
0.01,1680246
0.01,1676626
0.01,1667726
0.01,1654512
0.01,1648443
0.01,1642388
0.01,1641213
0.01,1640350
0.01,1639903
0.01,1639622
0.01,1639575
0.01,1718692
0.01,1756867
0.01,1763782
0.01,1776329
0.01,1649689
0.01,1639116
0.01,1715347
0.01,1743436
0.01,1752358
0.01,1684557
0.01,1635477
