0.00, 8081058
0.00, 8018998
0.00, 7950543
0.00, 7867066
0.00, 7866839
0.00, 7842154
0.00, 7825138
0.00, 7803846
0.00, 7771453
0.00, 7694504
0.00, 7692293
0.00, 7666568
0.00, 7658809
0.00, 7654284
0.00, 7646711
0.00, 7592384
0.00, 7517690
0.00, 7428084
0.00, 7426435
0.00, 7416410
0.00, 7388397
0.00, 7331400
0.00, 7170404
0.00, 6990105
0.00, 6980285
0.00, 6956307
0.00, 6900780
0.00, 6841945
0.00, 6798675
0.00, 6793540
0.00, 6721543
0.00, 6656789
0.00, 6642001
0.00, 6594109
0.00, 6577487
0.00, 6571583
0.00, 6535981
0.00, 6498582
0.00, 6391647
0.00, 6363596
0.00, 6329301
0.00, 6303293
0.00, 6053914
0.00, 6043223
0.00, 6035627
0.00, 5972379
0.00, 5951377
0.00, 5949323
0.00, 5718507
0.00, 5680777
0.00, 5653460
0.00, 5534728
0.00, 5288321
0.00, 5199165
0.00, 5166704
0.00, 5089968
0.00, 5087275
0.00, 5086833
0.00, 5078700
0.00, 5062746
0.00, 5032933
0.00, 5031612
0.00, 5017826
0.00, 4977200
0.00, 4971695
0.00, 4965754
0.00, 4944044
0.00, 4943914
0.00, 4838773
0.00, 4791567
0.00, 4767477
0.00, 4755746
0.00, 4713469
0.00, 4710113
0.00, 4705361
0.00, 4650428
0.00, 4636666
0.00, 4517987
0.00, 4445370
0.00, 4437818
0.00, 4430907
0.00, 4427573
0.00, 4414267
0.00, 4398457
0.00, 4397965
0.00, 4391888
0.00, 4390854
0.00, 4379546
0.01, 4344737
0.01, 4321894
0.01, 4320433
0.01, 4288355
0.01, 4005443
0.01, 3973786
0.01, 3937440
0.01, 3899478
0.01, 3896255
0.01, 3894320
0.01, 3854690
0.01, 3791540
0.01, 3786702
0.01, 3780039
0.01, 3729683
0.01, 3707669
0.01, 3692563
0.01, 3689795
0.01, 3675209
0.01, 3604355
0.01, 3568222
0.01, 3559226
0.01, 3522701
0.01, 3512997
0.01, 3486122
0.01, 3466693
0.01, 3464271
0.01, 3442052
0.01, 3415508
0.01, 3391921
0.01, 3216565
0.01, 3194403
0.01, 3157516
0.01, 3155545
0.01, 3151025
0.01, 3138296
0.01, 3083071
0.01, 2986102
0.01, 2870070
0.01, 2868579
0.01, 2865887
0.01, 2776054
0.01, 2722508
0.01, 2711436
0.01, 2644464
0.01, 2640321
0.01, 2619329
0.01, 2613537
0.01, 2610103
0.01, 2597250
0.01, 2594664
0.01, 2585184
0.01, 2584070
0.01, 2581117
0.01, 2574899
0.01, 2574712
0.01, 2560442
0.01, 2554706
0.01, 2546451
0.01, 2544482
0.01, 2496673
0.01, 2486035
0.01, 2446591
0.01, 2437983
0.01, 2428400
0.01, 2422312
0.01, 2380318
0.01, 2378318
0.01, 2324679
0.01, 2316501
0.01, 2306521
0.01, 2298863
0.01, 2292774
0.01, 2287869
0.01, 2286982
0.01, 2286820
0.01, 2250161
0.01, 2246835
0.01, 2228203
0.01, 2217702
0.01, 2188309
0.01, 2186983
0.01, 2186444
0.01, 2179875
0.01, 2161137
0.01, 2154584
0.02, 2150242
0.02, 2123270
0.02, 2122835
0.02, 2096500
0.02, 2092610
0.02, 2076348
0.02, 2053401
0.02, 2051237
0.02, 2004289
0.02, 1993232
0.02, 1979984
0.02, 1965274
0.02, 1955020
0.02, 1929996
0.02, 1923036
0.04, 1922607
0.04, 1920632
0.04, 1899819
0.06, 1887563
0.07, 1875459
0.08, 1868459
0.08, 1864975
0.08, 1856276
0.09, 1837075
0.10, 1834387
0.10, 1831436
0.10, 1823918
0.10, 1820211
0.10, 1812843
0.10, 1808953
0.10, 1803333
0.11, 1796683
0.11, 1761369
0.11, 1753555
0.11, 1751574
0.14, 1749482
0.14, 1743696
0.14, 1728463
0.14, 1726010
0.14, 1721515
0.15, 1714592
0.15, 1711203
0.15, 1710461
0.15, 1707771
0.15, 1701507
0.15, 1699143
0.15, 1697911
0.16, 1689613
0.16, 1671811
0.16, 1671116
0.16, 1666757
0.16, 1665702
0.16, 1657803
0.20, 1649134
0.20, 1646084
0.20, 1643682
0.20, 1639944
0.21, 1637804
0.21, 1634507
0.22, 1627823
0.22, 1619703
0.22, 1608787
0.25, 1607766
0.25, 1601860
0.26, 1599836
0.26, 1595135
0.26, 1588461
0.27, 1586359
0.27, 1583977
0.27, 1581492
0.29, 1580362
0.30, 1577937
0.30, 1576243
0.30, 1575449
0.30, 1573869
0.30, 1572883
0.31, 1572793
0.32, 1571561
0.32, 1559530
0.36, 1555702
0.36, 1555060
