0.00,7547156
0.00,7133756
0.00,7099261
0.00,6587895
0.00,6028474
0.00,5786807
0.00,5816925
0.00,5498384
0.00,5218693
0.00,5111880
0.00,4925228
0.00,4896823
0.00,4667758
0.00,4455277
0.00,4437898
0.00,4266052
0.00,4022349
0.00,3934772
0.00,3893426
0.00,3740502
0.00,3861278
0.00,3874561
0.00,3701781
0.00,3712438
0.00,3647602
0.00,3677600
0.00,3763869
0.00,3857507
0.00,3665125
0.00,3526095
0.00,3517064
0.00,3468498
0.00,3408346
0.00,3269608
0.00,3273208
0.00,3255580
0.00,3122881
0.00,3172062
0.00,3096239
0.00,3164790
0.00,3157131
0.00,3076567
0.00,3167273
0.00,3134322
0.00,2971961
0.00,2894399
0.00,2954752
0.00,2808424
0.00,2729538
0.00,2743084
0.00,2739897
0.00,2814579
0.00,2862315
0.00,2881867
0.00,2825150
0.00,2797149
0.00,2738685
0.00,2723085
0.00,2641615
0.00,2588079
0.00,2533144
0.00,2478390
0.00,2538076
0.00,2562436
0.00,2392683
0.00,2416063
0.00,2437090
0.00,2448426
0.00,2401325
0.00,2342535
0.00,2269564
0.00,2258293
0.00,2247278
0.00,2210822
0.00,2269322
0.00,2269746
0.00,2295649
0.00,2268876
0.00,2213474
0.00,2223205
0.00,2162888
0.00,2197137
0.00,2233812
0.00,2198369
0.00,2175158
0.00,2119493
0.00,2159027
0.00,2148386
0.00,2152173
0.00,2188035
0.00,2229139
0.00,2220957
0.00,2095190
0.00,2083455
0.00,2059020
0.00,2047208
0.00,2049456
0.00,2045617
0.00,2042534
0.00,2015956
0.00,1968836
0.00,1957610
0.00,1933395
0.00,1917552
0.00,1924976
0.00,1895364
0.00,1876319
0.00,1871074
0.00,1887608
0.00,1879039
0.00,1886127
0.00,1882189
0.00,1885879
0.00,1851481
0.00,1838541
0.00,1841567
0.00,1819764
0.00,1807891
0.00,1792840
0.00,1807197
0.00,1820262
0.00,1822612
0.01,1842874
0.01,1916493
0.01,1987580
0.01,1966795
0.01,1995017
0.01,2041071
0.01,2048366
0.01,2017833
0.01,1999910
0.01,1956130
0.01,1950082
0.01,1870157
0.01,1807980
0.01,1810263
0.01,1809742
0.01,1810135
0.01,1798035
0.01,1792389
0.01,1790869
0.01,1777316
0.01,1762394
0.01,1742599
0.01,1731448
0.01,1721987
0.01,1713265
0.01,1776869
0.01,1753601
0.01,1799820
0.01,1784893
0.01,1857976
0.01,1877715
0.01,1860549
0.01,1838563
0.01,1749589
0.01,1758674
0.01,1816471
0.01,1811568
0.01,1796961
0.01,1814221
0.01,1874497
0.01,1837931
0.01,1820093
0.01,1711775
0.01,1728537
0.01,1729105
0.01,1750324
0.01,1817574
0.01,1893759
0.01,1920865
0.01,1936908
0.01,1975229
0.01,1974423
0.01,1952522
0.01,1928499
0.01,1872564
0.01,1843952
0.01,1787986
0.01,1747206
0.01,1722862
0.01,1706060
0.01,1714440
0.01,1695371
0.01,1727443
0.01,1726113
0.01,1718618
0.01,1751459
0.01,1811849
0.01,1895000
0.01,1909854
0.01,1918123
0.01,1952134
0.01,1955806
0.01,1941353
0.01,1913412
0.01,1859621
0.01,1839456
0.01,1790164
0.01,1721480
0.01,1714508
0.01,1707271
0.01,1695695
0.01,1678019
0.01,1663552
0.01,1652460
0.01,1652774
0.01,1645826
0.01,1644850
0.01,1637057
0.01,1630614
0.01,1625113
0.01,1619859
0.01,1614680
0.01,1610237
0.01,1607177
0.01,1605577
0.01,1604714
0.01,1605569
0.01,1602440
0.01,1597334
