0.00, 7257416
0.00, 7255321
0.00, 7226465
0.00, 7209452
0.00, 7084419
0.00, 6873878
0.00, 6760781
0.00, 6758551
0.00, 6737311
0.00, 6604525
0.00, 6574081
0.00, 6570899
0.00, 6536744
0.00, 6447776
0.00, 6204558
0.00, 6077700
0.00, 6077655
0.00, 5875694
0.00, 5874230
0.00, 5766222
0.00, 5754704
0.00, 5586349
0.00, 5533137
0.00, 5527037
0.00, 5514571
0.00, 5512950
0.00, 5481972
0.00, 5383280
0.00, 5368739
0.00, 5366192
0.00, 5220494
0.00, 5214217
0.00, 5212593
0.00, 5180461
0.00, 5176313
0.01, 5173315
0.01, 5147524
0.01, 4962030
0.01, 4905394
0.01, 4806397
0.01, 4786013
0.01, 4767893
0.01, 4751651
0.01, 4721173
0.01, 4693936
0.01, 4691068
0.01, 4607549
0.01, 4544940
0.01, 4526709
0.01, 4498542
0.01, 4496988
0.01, 4487008
0.01, 4470349
0.01, 4394784
0.01, 4334555
0.01, 4327649
0.01, 4293574
0.01, 4075207
0.01, 4042291
0.01, 3977757
0.01, 3955211
0.01, 3946545
0.01, 3942530
0.01, 3925675
0.01, 3925317
0.01, 3902297
0.01, 3886245
0.01, 3884190
0.01, 3781590
0.01, 3680601
0.01, 3595206
0.01, 3585683
0.01, 3576564
0.01, 3536541
0.01, 3502431
0.01, 3492827
0.01, 3488506
0.01, 3469744
0.01, 3468420
0.01, 3421097
0.01, 3404111
0.01, 3384847
0.01, 3365663
0.01, 3360889
0.01, 3338960
0.01, 3299392
0.01, 3284602
0.01, 3232721
0.01, 3228761
0.01, 3208179
0.01, 3124760
0.01, 3109130
0.01, 3105918
0.01, 2981551
0.01, 2969939
0.01, 2962639
0.01, 2929907
0.01, 2817391
0.01, 2756110
0.01, 2731218
0.01, 2722249
0.01, 2720230
0.01, 2715414
0.01, 2641114
0.01, 2630035
0.01, 2610739
0.01, 2599601
0.01, 2575133
0.01, 2561709
0.01, 2541831
0.01, 2536248
0.01, 2530368
0.01, 2520631
0.01, 2517569
0.01, 2485444
0.01, 2393073
0.01, 2389497
0.01, 2384103
0.01, 2376478
0.01, 2374028
0.01, 2371553
0.01, 2346247
0.01, 2333343
0.01, 2329448
0.01, 2329214
0.01, 2327139
0.01, 2303705
0.01, 2303532
0.01, 2291893
0.01, 2248769
0.01, 2242575
0.01, 2237228
0.01, 2230083
0.01, 2228491
0.01, 2209891
0.01, 2198816
0.02, 2197563
0.02, 2194089
0.02, 2180374
0.02, 2175118
0.02, 2172203
0.02, 2161804
0.02, 2122258
0.02, 2119537
0.02, 2118138
0.02, 2116185
0.02, 2111747
0.02, 2109136
0.02, 2089260
0.02, 2088852
0.02, 2088378
0.02, 2087659
0.02, 2082413
0.02, 2077605
0.02, 2076233
0.02, 2074408
0.02, 2062386
0.02, 2030657
0.02, 2026666
0.03, 2011933
0.03, 1999087
0.03, 1998223
0.03, 1988403
0.03, 1986212
0.03, 1972100
0.03, 1963597
0.04, 1951476
0.04, 1951359
0.04, 1951282
0.05, 1929872
0.05, 1914627
0.05, 1907943
0.05, 1904280
0.05, 1882058
0.05, 1849554
0.05, 1843543
0.08, 1837462
0.08, 1830401
0.08, 1827998
0.08, 1807507
0.08, 1797104
0.10, 1796674
0.10, 1787130
0.10, 1785122
0.10, 1784244
0.10, 1780561
0.10, 1770021
0.12, 1766562
0.12, 1765358
0.12, 1754560
0.12, 1749555
0.12, 1746880
0.13, 1738670
0.15, 1733750
0.15, 1733724
0.15, 1725299
0.15, 1725034
0.15, 1722793
0.15, 1712742
0.18, 1708956
0.18, 1708084
0.18, 1704095
0.18, 1702087
0.20, 1700852
0.20, 1698927
0.21, 1697152
0.21, 1694290
0.21, 1691069
0.21, 1685665
0.22, 1683987
0.22, 1683976
0.22, 1680246
0.22, 1680153
0.22, 1678983
0.24, 1677767
0.24, 1677125
0.24, 1665773
0.24, 1664664
0.24, 1663699
0.24, 1654410
0.24, 1650381
0.24, 1649520
0.28, 1648232
0.28, 1639127
0.28, 1628665
0.28, 1628474
0.28, 1624918
0.28, 1623531
0.28, 1620613
0.30, 1619712
0.31, 1618655
0.38, 1617198
0.38, 1616335
0.38, 1614881
0.39, 1612508
0.39, 1611866
0.40, 1609937
0.40, 1608302
0.41, 1605460
0.46, 1603206
0.48, 1602925
2.07, 1602762
2.09, 1600768
2.11, 1594645
2.11, 1593604
2.11, 1592741
2.11, 1588710
2.13, 1587871
2.13, 1586301
2.13, 1583898
2.13, 1573758
2.16, 1573704
2.16, 1571301
2.16, 1570438
2.16, 1569846
2.18, 1563882
2.18, 1561966
2.20, 1561019
2.20, 1556292
2.20, 1555060
