0.00,7093201
0.00,6696105
0.00,6204849
0.00,6247088
0.00,6141679
0.00,5952966
0.00,5805635
0.00,5593317
0.00,5264582
0.00,5310310
0.00,5375394
0.00,5392828
0.00,5158243
0.00,5076221
0.00,5180850
0.00,4927072
0.00,4979488
0.00,5043793
0.00,4985489
0.00,5027779
0.00,4951171
0.00,5052864
0.00,4602313
0.00,4662045
0.00,4584923
0.00,4477386
0.00,4465085
0.00,4344840
0.00,4139379
0.00,4071927
0.00,3913077
0.00,3850195
0.00,4026606
0.00,3999254
0.00,4052746
0.00,4008890
0.00,4071669
0.00,3937043
0.00,3984671
0.00,3855819
0.00,3703095
0.00,3735369
0.00,3560080
0.00,3661619
0.00,3682818
0.00,3664207
0.00,3576708
0.00,3435708
0.00,3348028
0.00,3369437
0.00,3372302
0.00,3218968
0.00,3104753
0.00,2940076
0.00,2957101
0.00,2903452
0.00,2889158
0.00,2829318
0.00,2855232
0.00,2802831
0.00,2669537
0.00,2674700
0.00,2718177
0.00,2805992
0.00,2911180
0.00,2767361
0.00,2641374
0.00,2553677
0.00,2559605
0.00,2471585
0.00,2547516
0.00,2574219
0.00,2652023
0.00,2663725
0.00,2659114
0.00,2683369
0.00,2497816
0.00,2504124
0.00,2479651
0.00,2502533
0.00,2498640
0.00,2408342
0.00,2458866
0.00,2422266
0.00,2383636
0.00,2373060
0.00,2437160
0.00,2474868
0.00,2363063
0.00,2289007
0.00,2264021
0.01,2279087
0.01,2282632
0.01,2236643
0.01,2189177
0.01,2205904
0.01,2216231
0.01,2257815
0.01,2254719
0.01,2233531
0.01,2229064
0.01,2198046
0.01,2134315
0.01,2094946
0.01,2081338
0.01,2046032
0.01,2062806
0.01,2029451
0.01,2095438
0.01,2134734
0.01,2258209
0.01,2311664
0.01,2358979
0.01,2277319
0.01,2135411
0.01,2012973
0.01,2054366
0.01,1987583
0.01,1956643
0.01,1966178
0.01,1993002
0.01,1986990
0.01,1966394
0.01,2020254
0.01,2048813
0.01,2035944
0.01,2037570
0.01,2158651
0.01,2195563
0.01,2114603
0.01,1944240
0.01,1949148
0.01,1930632
0.01,1972025
0.01,1905242
0.01,1945201
0.01,2042391
0.01,2039677
0.01,2082688
0.01,2100096
0.01,2070367
0.01,2060291
0.01,2014787
0.01,1992842
0.01,1935398
0.01,1967704
0.01,1912367
0.01,1891037
0.01,1867499
0.01,1846284
0.01,1827081
0.01,1809250
0.01,1835986
0.01,1795367
0.01,1777383
0.01,1764752
0.01,1774680
0.01,1797433
0.01,1768658
0.01,1752744
0.01,1744708
0.01,1734018
0.01,1724557
0.01,1716278
0.01,1682629
0.01,1674835
0.01,1662663
0.01,1655632
0.01,1665168
0.01,1649563
0.01,1683548
0.01,1670998
0.01,1643757
0.01,1637300
0.01,1631207
0.01,1625706
0.01,1622646
0.01,1620243
0.01,1618268
0.01,1649345
0.01,1644215
0.01,1664802
0.01,1695868
0.01,1715577
0.01,1723365
0.01,1742191
0.01,1745300
0.01,1752636
0.01,1762674
0.01,1779080
0.01,1837673
0.01,1892436
0.01,1922850
0.01,1938372
0.01,1895505
0.01,1894820
0.01,1842607
0.01,1939984
0.01,2046055
0.01,1996663
0.01,1986401
0.01,1934938
0.01,2006177
0.01,1960185
0.01,1909899
0.01,1879842
0.01,1956514
0.01,1880310
0.01,1832905
0.01,1764823
0.01,1619378
0.01,1616352
0.01,1614815
0.01,1613402
0.01,1612539
0.01,1611942
