0.00, 7401964
0.00, 7263107
0.00, 7229249
0.00, 7222371
0.00, 7220970
0.00, 7146761
0.00, 7058179
0.00, 7001036
0.00, 6971432
0.00, 6971214
0.00, 6969995
0.00, 6785888
0.00, 6716205
0.00, 6687122
0.00, 6631282
0.00, 6596109
0.00, 6554456
0.00, 6511299
0.00, 6467644
0.00, 6392359
0.00, 6389379
0.00, 6382878
0.00, 6253944
0.00, 6239118
0.00, 6208913
0.00, 6205600
0.00, 6113886
0.00, 6037382
0.00, 5994427
0.00, 5989482
0.00, 5967917
0.00, 5950159
0.00, 5947582
0.00, 5857580
0.00, 5701702
0.00, 5699113
0.00, 5511222
0.00, 5464081
0.00, 5454171
0.00, 5400423
0.00, 5395319
0.01, 5266828
0.01, 5169379
0.01, 5167295
0.01, 5141266
0.01, 5044045
0.01, 5036353
0.01, 5020732
0.01, 4862743
0.01, 4787197
0.01, 4783914
0.01, 4709376
0.01, 4705829
0.01, 4701842
0.01, 4572204
0.01, 4565915
0.01, 4564293
0.01, 4522879
0.01, 4424710
0.01, 4401369
0.01, 4378317
0.01, 4363357
0.01, 4350784
0.01, 4346656
0.01, 4329814
0.01, 4229214
0.01, 4179048
0.01, 4158325
0.01, 4095974
0.01, 4092694
0.01, 3995217
0.01, 3978016
0.01, 3976742
0.01, 3975792
0.01, 3956436
0.01, 3941033
0.01, 3939456
0.01, 3936289
0.01, 3917712
0.01, 3901030
0.01, 3859334
0.01, 3828846
0.01, 3828262
0.01, 3823963
0.01, 3820078
0.01, 3810710
0.01, 3799832
0.01, 3741453
0.01, 3733801
0.01, 3724052
0.01, 3695063
0.01, 3646335
0.01, 3635542
0.01, 3625209
0.01, 3613362
0.01, 3606894
0.01, 3596432
0.01, 3581107
0.01, 3471289
0.01, 3408615
0.01, 3397278
0.01, 3312285
0.01, 3312154
0.01, 3296542
0.01, 3267384
0.01, 3171019
0.01, 3117116
0.01, 3110431
0.01, 3104973
0.01, 3093418
0.01, 3089077
0.01, 3058339
0.01, 3008063
0.01, 2985689
0.01, 2982933
0.01, 2982759
0.01, 2956985
0.01, 2947725
0.01, 2894877
0.01, 2853688
0.01, 2853546
0.01, 2846228
0.01, 2834517
0.01, 2829695
0.01, 2806971
0.01, 2753021
0.01, 2748217
0.01, 2689943
0.01, 2683958
0.01, 2682588
0.01, 2668342
0.01, 2644848
0.01, 2644619
0.01, 2626883
0.01, 2623959
0.01, 2612755
0.01, 2572848
0.01, 2571828
0.01, 2555914
0.01, 2535450
0.01, 2531007
0.01, 2528458
0.01, 2518820
0.01, 2503371
0.01, 2489384
0.01, 2482976
0.01, 2475631
0.01, 2452959
0.01, 2436943
0.01, 2427599
0.01, 2378279
0.01, 2369934
0.01, 2368718
0.01, 2357015
0.01, 2350225
0.01, 2331492
0.01, 2327384
0.01, 2295382
0.01, 2264084
0.01, 2256877
0.01, 2248384
0.01, 2193794
0.02, 2193457
0.02, 2182841
0.02, 2169577
0.02, 2160914
0.02, 2158162
0.02, 2153944
0.02, 2095809
0.02, 2093156
0.02, 2090510
0.02, 2087417
0.02, 2085263
0.02, 2075835
0.02, 2072553
0.04, 2072075
0.04, 2054608
0.04, 2034428
0.04, 2031702
0.04, 2003771
0.04, 2000461
0.04, 1962875
0.04, 1962836
0.04, 1960468
0.04, 1953043
0.05, 1939281
0.05, 1933494
0.05, 1926286
0.05, 1919217
0.05, 1890902
0.05, 1890646
0.05, 1845305
0.05, 1835240
0.05, 1830722
0.05, 1828727
0.07, 1828621
0.08, 1811970
0.08, 1808786
0.08, 1799198
0.08, 1798130
0.08, 1795748
0.08, 1788070
0.08, 1788047
0.08, 1782999
0.08, 1777783
0.08, 1776830
0.10, 1773083
0.12, 1768498
0.12, 1765299
0.12, 1750832
0.12, 1739604
0.12, 1722224
0.12, 1721314
0.12, 1714549
0.16, 1709781
0.18, 1703974
0.18, 1703332
0.18, 1699326
0.18, 1693849
0.18, 1685136
0.19, 1679854
0.19, 1664602
0.19, 1651127
0.22, 1650564
0.22, 1650262
0.22, 1649443
0.22, 1644886
0.23, 1640656
0.23, 1635477
0.24, 1633379
0.24, 1629753
0.24, 1628203
0.24, 1627680
0.24, 1620731
0.25, 1617194
0.25, 1615841
0.25, 1602355
0.25, 1591458
0.25, 1591178
0.27, 1589303
0.28, 1588609
0.29, 1588597
0.30, 1587730
0.30, 1581766
0.30, 1572091
0.30, 1564451
0.30, 1559558
0.30, 1558695
0.39, 1557155
0.41, 1556565
0.41, 1555923
0.44, 1555702
0.44, 1555060
