0.00,7609685
0.00,6884416
0.00,6805081
0.00,6666836
0.00,6430855
0.00,6121520
0.00,5808586
0.00,5519070
0.00,5123262
0.00,5032911
0.00,4797194
0.00,4767093
0.00,4850795
0.00,4733469
0.00,4728858
0.00,4590591
0.00,4794454
0.00,4461338
0.00,4486898
0.00,4437116
0.00,4300033
0.00,4162607
0.00,4268396
0.00,4159426
0.00,4145455
0.00,4237630
0.00,4396547
0.00,4187071
0.00,4247807
0.00,3948180
0.00,3774323
0.00,3608770
0.00,3416872
0.00,3419166
0.00,3444118
0.00,3415745
0.00,3258510
0.00,3255282
0.00,3247226
0.00,3234163
0.00,3292517
0.00,3102185
0.00,3080926
0.00,3070532
0.00,3134375
0.00,3113950
0.00,2966138
0.00,2855908
0.00,2812778
0.00,2762694
0.00,2788765
0.00,2779832
0.00,2772690
0.00,2714247
0.00,2658242
0.00,2658054
0.00,2685423
0.00,2720829
0.00,2570809
0.00,2537853
0.00,2537721
0.00,2481382
0.00,2489198
0.00,2425257
0.00,2411298
0.00,2449465
0.00,2487765
0.00,2501556
0.00,2498378
0.00,2504055
0.00,2488959
0.00,2537892
0.00,2533526
0.00,2633797
0.00,2547670
0.00,2501652
0.00,2659136
0.00,2712467
0.00,2709829
0.00,2677364
0.00,2362156
0.00,2376797
0.00,2437880
0.00,2378674
0.00,2343741
0.00,2326642
0.00,2281509
0.00,2319578
0.00,2297544
0.00,2287786
0.00,2357036
0.00,2432187
0.00,2472899
0.00,2501043
0.00,2479930
0.00,2426892
0.00,2430735
0.00,2393521
0.00,2343896
0.00,2311471
0.00,2329737
0.00,2347630
0.00,2333865
0.00,2326737
0.00,2356955
0.00,2364708
0.00,2389013
0.00,2419702
0.00,2523488
0.00,2477642
0.01,2489278
0.01,2554703
0.01,2597022
0.01,2547056
0.01,2556974
0.01,2320542
0.01,2274174
0.01,2237459
0.01,2219111
0.01,2197297
0.01,2184223
0.01,2124427
0.01,2115545
0.01,2111371
0.01,2084183
0.01,2058473
0.01,2058482
0.01,2028466
0.01,2023043
0.01,2047956
0.01,2017948
0.01,2005519
0.01,1994732
0.01,1976214
0.01,2026757
0.01,2015702
0.01,2150375
0.01,2185967
0.01,2238273
0.01,2330469
0.01,2041309
0.01,1954699
0.01,1961088
0.01,1962346
0.01,2012647
0.01,2026530
0.01,2004292
0.01,2024426
0.01,2057053
0.01,2003056
0.01,1980239
0.01,1996196
0.01,1999370
0.01,1972718
0.01,1978894
0.01,1947258
0.01,1926422
0.01,1907430
0.01,1905910
0.01,1891182
0.01,1874372
0.01,1860819
0.01,1848049
0.01,1838588
0.01,1842299
0.01,1834190
0.01,1845661
0.01,1823656
0.01,1816068
0.01,1804082
0.01,1798976
0.01,1820790
0.01,1795043
0.01,1803607
0.01,1782216
0.01,1778657
0.01,1910605
0.01,1814278
0.01,1946907
0.01,2053750
0.01,2129790
0.01,2110915
0.01,2133867
0.01,2046514
0.01,1963471
0.01,1831352
0.01,1830004
0.01,1777613
0.01,1833680
0.01,1793073
0.01,1769708
0.01,1735055
0.01,1698340
0.01,1758795
0.01,1786884
0.01,1796402
0.01,1815088
0.01,1783701
0.01,1802746
0.01,1717984
0.01,1753662
0.01,1766337
0.01,1741224
0.01,1700715
0.01,1700478
0.01,1684635
0.01,1662845
0.01,1644068
0.01,1651011
0.01,1699675
0.01,1725556
0.01,1749972
0.01,1701459
0.01,1677650
0.01,1646766
0.01,1631802
0.01,1625359
0.01,1617308
0.01,1612782
0.01,1624085
0.01,1614516
0.01,1608506
0.01,1607643
0.01,1606900
0.01,1605757
