0.00,7100408
0.00,7049900
0.00,6920072
0.00,6490375
0.00,6226278
0.00,6209352
0.00,6075175
0.00,6146601
0.00,5632907
0.00,5477397
0.00,5380186
0.00,5393663
0.00,5428146
0.00,5285767
0.00,4944885
0.00,4701827
0.00,4429493
0.00,4448029
0.00,4357884
0.00,4531785
0.00,4644128
0.00,4452793
0.00,4416739
0.00,4470997
0.00,4430379
0.00,4336811
0.00,4142306
0.00,4203082
0.00,4177426
0.00,4245353
0.00,4094751
0.00,4103611
0.00,4083669
0.00,4148388
0.00,3916403
0.00,3656621
0.00,3464386
0.00,3518777
0.00,3450855
0.00,3421834
0.00,3705977
0.00,3640594
0.00,3591158
0.00,3446064
0.00,3476546
0.00,3551372
0.00,3456077
0.00,3354122
0.00,3342130
0.00,3134564
0.00,3164111
0.00,3318711
0.00,3274169
0.00,3267800
0.00,3208316
0.00,3175809
0.00,2979049
0.00,2978425
0.00,2923476
0.00,2927061
0.00,3023133
0.00,3141380
0.00,3147733
0.00,3144319
0.00,3155414
0.00,3146016
0.00,2902067
0.00,2758157
0.00,2746139
0.00,2743072
0.00,2895296
0.00,2885239
0.00,2833654
0.00,2738079
0.00,2714378
0.00,2706203
0.00,2735960
0.00,2799227
0.00,2725191
0.00,2700802
0.00,2848679
0.00,2861791
0.00,2896105
0.00,2878355
0.00,2863946
0.00,2744884
0.00,2621052
0.00,2684389
0.00,2659747
0.00,2654283
0.00,2637969
0.00,2670960
0.00,2712709
0.00,2781890
0.00,2904379
0.00,2922139
0.00,2951668
0.00,2871695
0.00,2787454
0.00,2567601
0.01,2500917
0.01,2685274
0.01,2790020
0.01,2786346
0.01,2764574
0.01,2702810
0.01,2490368
0.01,2495418
0.01,2387710
0.01,2378093
0.01,2366324
0.01,2352661
0.01,2324346
0.01,2313177
0.01,2335941
0.01,2252463
0.01,2358586
0.01,2391467
0.01,2457786
0.01,2389104
0.01,2245984
0.01,2205539
0.01,2258856
0.01,2292732
0.01,2296762
0.01,2347057
0.01,2295465
0.01,2281029
0.01,2433311
0.01,2428320
0.01,2536561
0.01,2566812
0.01,2617732
0.01,2580021
0.01,2497681
0.01,2419367
0.01,2364435
0.01,2271009
0.01,2263862
0.01,2246714
0.01,2181947
0.01,2153112
0.01,2220960
0.01,2289443
0.01,2312925
0.01,2306346
0.01,2231858
0.01,2220120
0.01,2122349
0.01,2143449
0.01,2098151
0.01,2075711
0.01,2124915
0.01,2248921
0.01,2312441
0.01,2347639
0.01,2397397
0.01,2441729
0.01,2438366
0.01,2337078
0.01,2252618
0.01,2144086
0.01,2080421
0.01,2049247
0.01,2046288
0.01,2078443
0.01,2080112
0.01,2018126
0.01,1978757
0.01,1950651
0.01,1989828
0.01,2008511
0.01,2096186
0.01,2069898
0.01,2118386
0.01,2160863
0.01,2174099
0.01,2189623
0.01,2237185
0.01,2230264
0.01,2106606
0.01,2127933
0.01,2067523
0.01,2055019
0.01,2055339
0.01,2044368
0.01,2054196
0.01,2114692
0.01,2143532
0.01,2117018
0.01,2207194
0.01,2196732
0.01,2258350
0.01,2249843
0.01,2265925
0.01,2191194
0.01,2109251
0.01,1922768
0.01,1928552
0.01,1930633
0.01,1896168
0.01,1870227
0.01,1852314
0.01,1934456
0.01,1870288
0.01,1830152
0.01,1881804
0.01,1907232
0.01,1839252
0.01,1799883
0.01,1808853
0.01,1770662
0.01,1762749
0.01,1780995
0.01,1791699
0.01,1774617
0.01,1763614
0.01,1741440
0.01,1736290
0.01,1721427
0.01,1721114
0.01,1708483
0.01,1737818
0.01,1768798
0.01,1871655
0.01,1909208
0.01,1958661
0.01,2004980
0.01,2031532
0.01,2008593
0.01,1959357
0.01,1913059
0.01,1882079
0.01,1872716
0.01,1814690
0.01,1804729
0.01,1739649
0.01,1754454
0.01,1772838
0.01,1787124
0.01,1807204
0.01,1835672
0.01,1926454
0.01,1975540
0.01,2071734
0.01,2081260
0.01,2052253
0.01,1976106
0.01,1953299
0.01,1814636
0.01,1695964
0.01,1684362
0.01,1675262
0.01,1694146
0.01,1664567
0.01,1656879
0.01,1676128
0.01,1660582
0.01,1737642
0.01,1681498
0.01,1661920
0.01,1644480
0.01,1634166
0.01,1629640
0.01,1625749
0.01,1637823
0.01,1681926
0.01,1716027
0.01,1749573
0.01,1705356
0.01,1672084
0.01,1623188
0.01,1638104
0.01,1721055
0.01,1702551
0.01,1730143
0.01,1725139
0.01,1695397
0.01,1617850
0.01,1615516
0.01,1615069
0.01,1614694
0.01,1614321
