0.03, 7195594
0.03, 7094341
0.03, 7082207
0.03, 6980695
0.03, 6930940
0.03, 6900597
0.03, 6866158
0.03, 6783862
0.03, 6745093
0.03, 6713967
0.03, 6711636
0.03, 6620764
0.03, 6614488
0.03, 6569095
0.03, 6545437
0.03, 6444461
0.03, 6306211
0.03, 6265808
0.03, 6015556
0.03, 6006346
0.03, 5954543
0.03, 5899453
0.03, 5878799
0.03, 5857921
0.03, 5842247
0.03, 5823961
0.03, 5804693
0.03, 5803201
0.03, 5791234
0.03, 5787553
0.03, 5770180
0.03, 5723653
0.03, 5715286
0.03, 5711512
0.03, 5661362
0.03, 5659615
0.03, 5648278
0.03, 5647419
0.03, 5644124
0.03, 5602537
0.03, 5507137
0.03, 5499628
0.03, 5476813
0.03, 5469893
0.03, 5444703
0.03, 5234152
0.03, 5221294
0.03, 5051486
0.03, 5036835
0.03, 4963866
0.03, 4862087
0.03, 4812850
0.03, 4795798
0.03, 4777757
0.03, 4756249
0.03, 4725152
0.03, 4685881
0.03, 4643299
0.03, 4625678
0.03, 4566321
0.03, 4542393
0.03, 4542274
0.03, 4528027
0.03, 4522313
0.03, 4429266
0.03, 4423167
0.03, 4384859
0.03, 4347654
0.03, 4239525
0.03, 4231031
0.03, 4222612
0.03, 4185516
0.03, 4121581
0.03, 4105097
0.03, 4081759
0.03, 4070941
0.03, 4060353
0.03, 3773035
0.03, 3748625
0.03, 3717836
0.03, 3708278
0.03, 3707406
0.03, 3682881
0.03, 3679488
0.03, 3679004
0.03, 3658312
0.03, 3650221
0.03, 3643763
0.03, 3615136
0.03, 3610082
0.03, 3610065
0.03, 3602899
0.03, 3510825
0.03, 3509024
0.03, 3497661
0.03, 3458846
0.03, 3458249
0.03, 3453311
0.03, 3439756
0.03, 3439430
0.03, 3434159
0.03, 3382196
0.03, 3375602
0.03, 3369630
0.03, 3358785
0.03, 3338361
0.03, 3297170
0.03, 3286586
0.03, 3272318
0.03, 3258187
0.03, 3249090
0.03, 3248986
0.03, 3248408
0.03, 3239442
0.03, 3237204
0.03, 3224326
0.03, 3219099
0.03, 3206128
0.03, 3199886
0.03, 3194751
0.03, 3165179
0.03, 3157299
0.03, 3131668
0.03, 3131051
0.03, 3124471
0.03, 3068993
0.03, 3052637
0.03, 2996808
0.03, 2976088
0.03, 2965215
0.03, 2945538
0.03, 2938173
0.03, 2936743
0.03, 2931268
0.03, 2923107
0.03, 2918802
0.03, 2917085
0.03, 2902264
0.03, 2883347
0.03, 2877594
0.03, 2740105
0.03, 2739981
0.03, 2710994
0.03, 2691349
0.03, 2655472
0.03, 2648652
0.03, 2577617
0.03, 2576229
0.03, 2556086
0.03, 2533165
0.03, 2532075
0.03, 2530370
0.03, 2511339
0.03, 2493863
0.03, 2493641
0.03, 2479168
0.03, 2478737
0.03, 2467473
0.03, 2456945
0.03, 2448409
0.03, 2420402
0.03, 2419558
0.03, 2397192
0.03, 2381103
0.03, 2350934
0.03, 2339532
0.03, 2337037
0.03, 2316939
0.03, 2280689
0.03, 2267076
0.03, 2246705
0.03, 2245756
0.03, 2242895
0.03, 2242740
0.04, 2230039
0.04, 2229782
0.04, 2220437
0.04, 2218816
0.04, 2196365
0.04, 2182874
0.04, 2182792
0.04, 2173676
0.04, 2154608
0.04, 2137047
0.04, 2136811
0.04, 2122061
0.04, 2117019
0.04, 2110762
0.04, 2101675
0.04, 2095345
0.04, 2078216
0.04, 2074347
0.04, 2055621
0.04, 2047363
0.04, 2037146
0.04, 2031787
0.04, 2030825
0.04, 2029962
0.04, 2006141
0.04, 2005689
0.04, 1998276
0.04, 1974947
0.04, 1974894
0.04, 1971079
0.04, 1959930
0.04, 1955250
0.04, 1929717
0.04, 1927133
0.07, 1919811
0.07, 1905393
0.07, 1895310
0.07, 1893902
0.07, 1887594
0.07, 1886849
0.07, 1886505
0.08, 1877717
0.09, 1843843
0.09, 1842387
0.09, 1828421
0.09, 1826372
0.09, 1820427
0.09, 1809513
0.10, 1804943
0.12, 1775294
0.12, 1770675
0.12, 1764168
0.13, 1763917
0.13, 1763368
0.13, 1760510
0.13, 1759685
0.16, 1755079
0.16, 1750781
0.16, 1746735
0.16, 1740832
0.18, 1739125
0.18, 1735288
0.18, 1709800
0.18, 1704691
0.18, 1703841
0.18, 1702393
0.18, 1698951
0.18, 1696912
0.18, 1696254
0.18, 1694811
0.21, 1686152
0.22, 1671503
0.23, 1669554
0.23, 1662886
0.23, 1659860
0.23, 1649170
0.23, 1643540
0.23, 1636229
0.23, 1634235
0.23, 1633214
0.23, 1632344
0.24, 1625139
0.24, 1625039
0.24, 1611835
0.26, 1608078
0.29, 1604264
0.29, 1602943
0.29, 1601768
0.29, 1596046
0.29, 1588709
0.36, 1584961
0.40, 1582209
0.42, 1582098
0.46, 1580480
0.47, 1579716
0.59, 1574184
0.59, 1573698
0.59, 1573390
0.59, 1572215
0.59, 1570983
0.60, 1570120
2.12, 1566519
2.15, 1564790
5.80, 1561897
5.80, 1559515
7.84, 1558970
7.88, 1558105
7.88, 1557463
7.89, 1555060
