0.00, 7654347
0.00, 7594528
0.00, 7563460
0.00, 7482378
0.00, 7421661
0.00, 7359624
0.00, 7359116
0.00, 7252929
0.00, 7105768
0.00, 7101733
0.00, 7085057
0.00, 7071948
0.00, 7070123
0.00, 7052704
0.00, 6925653
0.00, 6912529
0.00, 6811922
0.00, 6741133
0.00, 6738042
0.00, 6602398
0.00, 6599530
0.00, 6540059
0.00, 6495766
0.00, 6467298
0.00, 6455554
0.00, 6364623
0.00, 6318883
0.00, 6228555
0.00, 6199611
0.00, 6151242
0.00, 6151205
0.00, 6151127
0.00, 6074823
0.00, 5894846
0.00, 5871373
0.00, 5863840
0.00, 5850047
0.00, 5833557
0.00, 5814134
0.00, 5805463
0.00, 5778693
0.00, 5766819
0.00, 5665041
0.00, 5645454
0.00, 5598191
0.00, 5597803
0.00, 5476830
0.00, 5440971
0.01, 5425394
0.01, 5395106
0.01, 5394513
0.01, 5352226
0.01, 5300641
0.01, 5244297
0.01, 5237255
0.01, 5162945
0.01, 5102621
0.01, 4831166
0.01, 4829481
0.01, 4820336
0.01, 4817239
0.01, 4805265
0.01, 4791264
0.01, 4771330
0.01, 4700010
0.01, 4685215
0.01, 4607716
0.01, 4502362
0.01, 4501909
0.01, 4447467
0.01, 4446870
0.01, 4443047
0.01, 4394536
0.01, 4390036
0.01, 4381462
0.01, 4364152
0.01, 4315938
0.01, 4315546
0.01, 4310095
0.01, 4300158
0.01, 4300030
0.01, 4296386
0.01, 4293032
0.01, 4291540
0.01, 4277692
0.01, 4161110
0.01, 4141788
0.01, 4112812
0.01, 4106593
0.01, 4086336
0.01, 4071125
0.01, 4049921
0.01, 4042065
0.01, 4032594
0.01, 4021953
0.01, 4021571
0.01, 4020021
0.01, 3904778
0.01, 3872519
0.01, 3872405
0.01, 3860372
0.01, 3805383
0.01, 3798439
0.01, 3766657
0.01, 3765076
0.01, 3761418
0.01, 3750675
0.01, 3742592
0.01, 3707653
0.01, 3593289
0.01, 3538587
0.01, 3511993
0.01, 3466771
0.01, 3411319
0.01, 3411027
0.01, 3403298
0.01, 3379473
0.01, 3366999
0.01, 3354220
0.01, 3349442
0.01, 3342956
0.01, 3342247
0.01, 3319743
0.01, 3307222
0.01, 3293726
0.01, 3284250
0.01, 3273496
0.01, 3270772
0.01, 3265888
0.01, 3258949
0.01, 3228811
0.01, 3228148
0.01, 3213050
0.01, 3212131
0.01, 3211568
0.01, 3191581
0.01, 3190871
0.01, 3181619
0.01, 3177840
0.01, 3137329
0.01, 3131167
0.01, 3109623
0.01, 3109386
0.01, 3090370
0.01, 3077924
0.01, 3065081
0.01, 3055648
0.01, 3049953
0.01, 3020370
0.01, 3003909
0.01, 2999451
0.01, 2997897
0.01, 2979512
0.01, 2932507
0.01, 2929553
0.01, 2917697
0.01, 2909342
0.01, 2900243
0.01, 2899565
0.01, 2889259
0.01, 2887341
0.01, 2877497
0.01, 2876528
0.01, 2864490
0.01, 2841362
0.01, 2840472
0.01, 2836862
0.01, 2832847
0.01, 2809451
0.01, 2806540
0.01, 2732466
0.01, 2725720
0.01, 2724176
0.01, 2705979
0.01, 2685341
0.01, 2659090
0.01, 2658051
0.01, 2634221
0.01, 2634084
0.01, 2627467
0.01, 2619856
0.01, 2619829
0.01, 2614482
0.01, 2562285
0.01, 2559903
0.01, 2556068
0.01, 2553687
0.01, 2553037
0.01, 2547937
0.01, 2546981
0.01, 2531823
0.01, 2529828
0.01, 2518207
0.01, 2495128
0.01, 2493036
0.01, 2492198
0.01, 2479342
0.01, 2479305
0.01, 2456071
0.01, 2447928
0.01, 2445853
0.01, 2436162
0.01, 2435472
0.01, 2417964
0.01, 2404850
0.01, 2360438
0.01, 2316364
0.01, 2295184
0.01, 2284356
0.01, 2277651
0.01, 2272438
0.01, 2272253
0.01, 2270351
0.01, 2266986
0.01, 2249688
0.01, 2242938
0.01, 2241595
0.01, 2239620
0.01, 2239313
0.01, 2229183
0.01, 2206828
0.01, 2199679
0.01, 2197890
0.01, 2178529
0.01, 2164727
0.01, 2161032
0.01, 2160767
0.01, 2159419
0.01, 2155574
0.01, 2155040
0.01, 2149787
0.01, 2114112
0.01, 2111542
0.01, 2108884
0.01, 2085866
0.02, 2083878
0.02, 2082417
0.02, 2079169
0.02, 2071868
0.02, 2058726
0.02, 2053646
0.02, 2053471
0.02, 2053025
0.02, 2049406
0.02, 2045835
0.02, 2045758
0.02, 2042770
0.02, 2041833
0.02, 2035919
0.02, 2026973
0.02, 2015491
0.02, 2003538
0.03, 1997948
0.03, 1997635
0.03, 1993553
0.03, 1988980
0.03, 1986953
0.03, 1972716
0.03, 1968078
0.03, 1959406
0.04, 1948162
0.04, 1943740
0.04, 1936999
0.04, 1921545
0.04, 1921297
0.06, 1908229
0.06, 1897786
0.06, 1897378
0.06, 1889301
0.06, 1882858
0.06, 1870740
0.06, 1869921
0.07, 1844302
0.10, 1843686
0.10, 1841394
0.10, 1832984
0.10, 1825285
0.10, 1817957
0.10, 1817931
0.10, 1816549
0.10, 1807324
0.10, 1804423
0.10, 1793205
0.10, 1791470
0.10, 1791381
0.10, 1781971
0.10, 1776453
0.10, 1767831
0.10, 1764702
0.10, 1764216
0.13, 1758376
0.13, 1751044
0.13, 1736170
0.13, 1736039
0.13, 1716356
0.13, 1715115
0.13, 1713950
0.13, 1709396
0.15, 1704648
0.17, 1703844
0.17, 1697110
0.17, 1696499
0.18, 1691038
0.18, 1688897
0.18, 1684747
0.18, 1682917
0.18, 1675457
0.18, 1656353
0.18, 1653836
0.18, 1646806
0.18, 1645159
0.18, 1644905
0.18, 1631750
0.18, 1627042
0.18, 1626911
0.18, 1626188
0.23, 1622807
0.23, 1620404
0.24, 1618586
0.24, 1616100
0.25, 1614825
0.25, 1609172
0.25, 1608372
0.25, 1606809
0.25, 1602947
0.27, 1602571
0.27, 1601824
0.27, 1601486
0.27, 1600343
0.27, 1597354
0.27, 1583872
0.28, 1580629
0.28, 1573526
0.28, 1572663
0.30, 1571595
0.30, 1569466
0.33, 1561025
0.37, 1560070
0.41, 1559428
0.42, 1558565
2.28, 1556292
2.30, 1555923
2.39, 1555060
