0.03, 7720155
0.03, 7655294
0.03, 7617832
0.03, 7594645
0.03, 7583813
0.03, 7583415
0.03, 7528397
0.03, 7407643
0.03, 7389899
0.03, 7366698
0.03, 7330905
0.03, 7328471
0.03, 7137156
0.03, 7133687
0.03, 7110510
0.03, 7109619
0.03, 6973875
0.03, 6964297
0.03, 6866692
0.03, 6653032
0.03, 6527552
0.03, 6420445
0.03, 6353879
0.03, 6265952
0.03, 6146856
0.03, 6030606
0.03, 5980997
0.03, 5975037
0.03, 5958615
0.03, 5901695
0.03, 5721510
0.03, 5573760
0.03, 5570145
0.03, 5528885
0.03, 5524354
0.03, 5523545
0.03, 5518009
0.03, 5510960
0.03, 5508643
0.03, 5428149
0.03, 5378516
0.03, 5280997
0.03, 5231200
0.03, 5226412
0.03, 5224552
0.03, 5223768
0.03, 5152573
0.03, 5084576
0.03, 4994580
0.03, 4990925
0.03, 4893891
0.03, 4884552
0.03, 4858880
0.03, 4803883
0.03, 4779159
0.03, 4775685
0.03, 4750347
0.03, 4739456
0.03, 4737462
0.03, 4735419
0.03, 4670081
0.03, 4666282
0.03, 4654199
0.03, 4649859
0.03, 4424183
0.03, 4394828
0.03, 4368662
0.03, 4353775
0.03, 4335812
0.03, 4335323
0.03, 4333500
0.03, 4329131
0.03, 4325227
0.03, 4278989
0.03, 4276988
0.03, 4231199
0.03, 4003246
0.03, 3951978
0.03, 3930614
0.03, 3886265
0.03, 3861051
0.03, 3843275
0.03, 3775817
0.03, 3771705
0.03, 3763462
0.03, 3702373
0.03, 3623303
0.03, 3513618
0.03, 3497415
0.03, 3463367
0.03, 3441010
0.03, 3423202
0.03, 3417596
0.03, 3415574
0.03, 3384270
0.03, 3382226
0.03, 3377662
0.03, 3371866
0.03, 3371718
0.03, 3343220
0.03, 3341919
0.03, 3320145
0.03, 3317824
0.03, 3292858
0.03, 3282333
0.03, 3099486
0.03, 3082869
0.03, 3078279
0.03, 3071869
0.03, 3065829
0.03, 3045503
0.03, 3042926
0.03, 3014546
0.03, 2981879
0.03, 2964988
0.03, 2934031
0.03, 2854269
0.03, 2832221
0.03, 2822080
0.03, 2818480
0.03, 2806445
0.03, 2768318
0.03, 2758564
0.03, 2732452
0.03, 2726996
0.03, 2718421
0.03, 2716920
0.03, 2711462
0.03, 2689860
0.03, 2649371
0.03, 2649358
0.03, 2636420
0.03, 2622918
0.03, 2612955
0.03, 2601358
0.03, 2542648
0.03, 2501577
0.03, 2482840
0.03, 2471280
0.03, 2449347
0.03, 2442772
0.03, 2417227
0.03, 2410316
0.03, 2409209
0.03, 2404688
0.03, 2365306
0.03, 2341754
0.03, 2331321
0.03, 2305145
0.03, 2294573
0.03, 2280281
0.03, 2277936
0.03, 2274953
0.03, 2271357
0.03, 2267074
0.03, 2263010
0.03, 2262216
0.04, 2261952
0.04, 2247303
0.04, 2229243
0.04, 2197537
0.04, 2173981
0.04, 2169685
0.04, 2161510
0.04, 2161429
0.04, 2150775
0.04, 2146257
0.04, 2146115
0.04, 2132911
0.04, 2096499
0.04, 2023021
0.05, 2020908
0.05, 1996665
0.05, 1981373
0.05, 1965742
0.05, 1955905
0.05, 1953915
0.08, 1946232
0.08, 1924177
0.08, 1900978
0.08, 1892917
0.08, 1882562
0.08, 1880618
0.08, 1880464
0.08, 1879080
0.08, 1866782
0.09, 1855310
0.09, 1854069
0.09, 1853616
0.09, 1835579
0.09, 1831468
0.10, 1816704
0.10, 1814521
0.10, 1803204
0.11, 1786652
0.11, 1778140
0.11, 1774895
0.14, 1765244
0.14, 1764792
0.14, 1764397
0.14, 1761685
0.14, 1759283
0.14, 1753582
0.14, 1751574
0.15, 1739809
0.17, 1736481
0.17, 1735902
0.17, 1726637
0.17, 1720084
0.17, 1712539
0.17, 1709877
0.17, 1708292
0.19, 1703765
0.19, 1702614
0.19, 1695607
0.19, 1692915
0.19, 1674851
0.19, 1674801
0.19, 1673443
0.21, 1665738
0.21, 1665645
0.21, 1665270
0.21, 1657205
0.21, 1655665
0.21, 1649359
0.21, 1639722
0.21, 1636513
0.24, 1636281
0.24, 1635951
0.24, 1631820
0.25, 1627964
0.27, 1624860
0.28, 1622933
0.28, 1621560
0.28, 1617984
0.28, 1617973
0.28, 1610120
0.28, 1604981
0.29, 1604742
0.29, 1603558
0.29, 1594987
0.29, 1591144
0.34, 1590456
0.34, 1585865
0.35, 1585410
0.35, 1583494
0.37, 1582631
0.37, 1581399
0.37, 1579849
0.37, 1577446
0.37, 1576999
0.41, 1576120
0.41, 1574106
0.41, 1572931
0.41, 1570112
0.42, 1568104
0.43, 1567372
0.43, 1565364
0.49, 1561523
0.50, 1559515
2.22, 1558889
2.22, 1558247
2.28, 1557463
2.29, 1555702
5.98, 1555060
