0.01, 7349328
0.01, 7344206
0.01, 7341525
0.01, 7265675
0.01, 7235654
0.01, 7227163
0.01, 7177409
0.01, 7176679
0.01, 7162655
0.01, 7157148
0.01, 7106756
0.01, 7082812
0.01, 6903937
0.01, 6903674
0.01, 6803239
0.01, 6802627
0.01, 6786831
0.01, 6756614
0.01, 6742957
0.01, 6736790
0.01, 6686702
0.01, 6685723
0.01, 6651090
0.01, 6594255
0.01, 6516929
0.01, 6371337
0.01, 6371118
0.01, 6309084
0.01, 6284687
0.01, 6208445
0.01, 6206133
0.01, 6151473
0.01, 6087455
0.01, 6052326
0.01, 5919205
0.01, 5873413
0.01, 5838154
0.01, 5824351
0.01, 5777505
0.01, 5761107
0.01, 5435040
0.01, 5408944
0.01, 5395851
0.01, 5207513
0.01, 5201478
0.01, 5187608
0.01, 5185287
0.01, 5180597
0.01, 5167601
0.01, 5163855
0.01, 5137046
0.01, 5023741
0.01, 4958584
0.01, 4956866
0.01, 4925220
0.01, 4920210
0.01, 4912848
0.01, 4816658
0.01, 4814559
0.01, 4796563
0.01, 4781088
0.01, 4769097
0.01, 4694526
0.01, 4654628
0.01, 4635729
0.01, 4627687
0.01, 4604181
0.01, 4594594
0.01, 4580645
0.01, 4554930
0.01, 4533669
0.01, 4524087
0.01, 4504585
0.01, 4458744
0.01, 4434487
0.01, 4434415
0.01, 4390862
0.01, 4275106
0.01, 4237474
0.01, 4209849
0.01, 4195838
0.01, 4140780
0.01, 3985629
0.01, 3791986
0.01, 3791679
0.01, 3767451
0.01, 3709270
0.01, 3701770
0.01, 3668071
0.01, 3665702
0.01, 3648727
0.01, 3642146
0.01, 3624722
0.01, 3590781
0.01, 3559731
0.01, 3530941
0.01, 3517373
0.01, 3499548
0.01, 3471168
0.01, 3452846
0.01, 3440170
0.01, 3422316
0.01, 3359227
0.01, 3328013
0.01, 3265410
0.01, 3262512
0.01, 3260148
0.01, 3249667
0.01, 3190026
0.01, 3188284
0.01, 3181759
0.01, 3175179
0.01, 3145386
0.01, 3125785
0.01, 3084099
0.01, 3070935
0.01, 3066047
0.01, 3065746
0.01, 3047442
0.01, 3046695
0.01, 3035671
0.01, 3032396
0.01, 3023794
0.01, 3019429
0.01, 3011011
0.01, 3001411
0.01, 2929815
0.01, 2916440
0.01, 2913628
0.01, 2891848
0.01, 2873162
0.01, 2861124
0.01, 2834372
0.01, 2788594
0.01, 2755616
0.01, 2746122
0.01, 2715891
0.01, 2682804
0.01, 2682103
0.01, 2656157
0.02, 2655124
0.02, 2650243
0.02, 2648763
0.02, 2625234
0.02, 2623795
0.02, 2564885
0.02, 2555423
0.02, 2541727
0.02, 2493795
0.02, 2492255
0.02, 2450593
0.02, 2435332
0.02, 2422343
0.02, 2420118
0.02, 2409041
0.02, 2376796
0.02, 2376176
0.02, 2350744
0.02, 2345236
0.02, 2339599
0.02, 2333786
0.02, 2328446
0.02, 2304672
0.02, 2294777
0.02, 2281274
0.02, 2280083
0.02, 2267992
0.02, 2251657
0.02, 2244713
0.02, 2219283
0.02, 2210409
0.02, 2208864
0.02, 2203601
0.02, 2198448
0.02, 2178882
0.02, 2173865
0.02, 2169090
0.02, 2168368
0.02, 2163710
0.02, 2158211
0.02, 2155180
0.02, 2152158
0.02, 2150207
0.02, 2144627
0.02, 2143128
0.03, 2120150
0.03, 2114203
0.03, 2112041
0.03, 2106137
0.03, 2105232
0.03, 2103007
0.03, 2094827
0.03, 2089431
0.03, 2068962
0.03, 2056892
0.03, 2052377
0.03, 2043741
0.03, 2042833
0.03, 2039269
0.04, 2027567
0.04, 2012736
0.04, 2008251
0.04, 2003399
0.04, 1991300
0.04, 1986476
0.04, 1985371
0.04, 1980156
0.04, 1977690
0.04, 1972444
0.05, 1970045
0.05, 1966764
0.05, 1952201
0.05, 1934709
0.05, 1915903
0.05, 1911476
0.05, 1903638
0.05, 1886646
0.05, 1883837
0.05, 1880784
0.05, 1863340
0.05, 1863256
0.05, 1851638
0.05, 1850998
0.09, 1843163
0.09, 1842054
0.09, 1837207
0.09, 1831268
0.09, 1828668
0.09, 1825185
0.09, 1817417
0.09, 1774197
0.09, 1768774
0.14, 1765093
0.14, 1761784
0.14, 1754397
0.14, 1752069
0.14, 1747964
0.14, 1747765
0.14, 1745847
0.16, 1730998
0.16, 1730917
0.16, 1726851
0.16, 1723349
0.17, 1719145
0.19, 1714522
0.19, 1714243
0.19, 1708016
0.19, 1704201
0.19, 1703877
0.19, 1689368
0.19, 1686308
0.22, 1682990
0.22, 1682082
0.22, 1681749
0.22, 1669915
0.22, 1668815
0.23, 1666053
0.23, 1664011
0.23, 1663936
0.23, 1663294
0.23, 1661724
0.24, 1658334
0.24, 1656082
0.24, 1650297
0.24, 1643628
0.26, 1641174
0.26, 1631642
0.26, 1631186
0.26, 1629853
0.26, 1628939
0.27, 1627431
0.27, 1625801
0.27, 1612173
0.27, 1611598
0.27, 1609963
0.27, 1602255
0.27, 1599790
0.29, 1597488
0.29, 1594570
0.29, 1594114
0.29, 1592607
0.30, 1584923
0.30, 1579168
0.31, 1578187
0.34, 1576655
0.34, 1575790
0.34, 1573408
0.34, 1571599
0.34, 1566493
0.34, 1564090
0.34, 1558565
0.37, 1557978
0.37, 1555060
