0.00, 7285588
0.00, 7281680
0.00, 7271308
0.00, 7241022
0.00, 7110050
0.00, 7078658
0.00, 7078291
0.00, 6917661
0.00, 6801257
0.00, 6710963
0.00, 6656888
0.00, 6602356
0.00, 6489566
0.00, 6390998
0.00, 6243409
0.00, 6183737
0.00, 6130515
0.00, 6107191
0.00, 6106752
0.00, 6041396
0.00, 6034584
0.00, 5961968
0.00, 5907531
0.00, 5898241
0.00, 5846280
0.00, 5830699
0.00, 5780845
0.00, 5777723
0.00, 5599550
0.00, 5562089
0.00, 5561446
0.00, 5553600
0.00, 5531455
0.00, 5471421
0.00, 5259570
0.00, 5256986
0.00, 5243572
0.00, 5134533
0.00, 5044909
0.00, 5029561
0.00, 5027161
0.00, 5025627
0.00, 4956802
0.00, 4934659
0.00, 4906215
0.00, 4869617
0.00, 4869098
0.00, 4843391
0.00, 4831028
0.00, 4795871
0.00, 4779258
0.00, 4776796
0.00, 4771905
0.00, 4757207
0.00, 4749975
0.00, 4747736
0.00, 4718601
0.00, 4608077
0.00, 4580507
0.00, 4537090
0.00, 4526380
0.00, 4413691
0.00, 4339041
0.00, 4328418
0.00, 4306193
0.00, 4264830
0.00, 4105306
0.00, 4099827
0.00, 4065626
0.00, 4054210
0.00, 4026321
0.00, 4025578
0.00, 3917404
0.00, 3886713
0.01, 3836921
0.01, 3827015
0.01, 3820898
0.01, 3820373
0.01, 3712649
0.01, 3671740
0.01, 3667838
0.01, 3666512
0.01, 3660967
0.01, 3649978
0.01, 3646199
0.01, 3624492
0.01, 3609814
0.01, 3580767
0.01, 3560057
0.01, 3554331
0.01, 3553652
0.01, 3521116
0.01, 3483445
0.01, 3480972
0.01, 3420124
0.01, 3321438
0.01, 3313996
0.01, 3280662
0.01, 3280323
0.01, 3267171
0.01, 3251625
0.01, 3223983
0.01, 3201815
0.01, 3142929
0.01, 3142730
0.01, 3136022
0.01, 3128256
0.01, 3101006
0.01, 3084324
0.01, 3062103
0.01, 3058682
0.01, 3058453
0.01, 3048125
0.01, 3028262
0.01, 3024363
0.01, 3017877
0.01, 3004471
0.01, 2994138
0.01, 2964521
0.01, 2955145
0.01, 2926562
0.01, 2922425
0.01, 2897880
0.01, 2880904
0.01, 2872019
0.01, 2859048
0.01, 2857488
0.01, 2853067
0.01, 2847368
0.01, 2839438
0.01, 2838475
0.01, 2836281
0.01, 2808503
0.01, 2799365
0.01, 2730383
0.01, 2726266
0.01, 2708009
0.01, 2698842
0.01, 2695250
0.01, 2664124
0.01, 2661162
0.01, 2661067
0.01, 2602381
0.01, 2599688
0.01, 2592516
0.01, 2575691
0.01, 2572072
0.01, 2571500
0.01, 2554491
0.01, 2539473
0.01, 2524178
0.01, 2472288
0.01, 2468481
0.01, 2467893
0.01, 2454176
0.01, 2434557
0.01, 2397986
0.01, 2382822
0.01, 2372900
0.01, 2349560
0.01, 2348495
0.01, 2340770
0.01, 2308175
0.01, 2302710
0.01, 2297178
0.01, 2292127
0.01, 2274178
0.01, 2268030
0.02, 2250435
0.02, 2247361
0.02, 2246709
0.02, 2240888
0.02, 2236896
0.02, 2210783
0.02, 2209533
0.02, 2203277
0.02, 2194206
0.02, 2179981
0.02, 2179528
0.02, 2179220
0.02, 2169051
0.02, 2102720
0.02, 2087036
0.02, 2082514
0.02, 2074836
0.02, 2073163
0.02, 2069986
0.02, 2053056
0.02, 2052152
0.02, 1996162
0.02, 1993963
0.02, 1993518
0.02, 1987347
0.02, 1987171
0.02, 1975003
0.02, 1961973
0.02, 1947977
0.02, 1930381
0.02, 1914713
0.02, 1908944
0.02, 1905623
0.02, 1896337
0.02, 1887062
0.05, 1885402
0.05, 1884995
0.05, 1880274
0.05, 1875670
0.05, 1873969
0.05, 1873558
0.05, 1866706
0.05, 1854426
0.05, 1846889
0.05, 1843145
0.05, 1835990
0.05, 1816121
0.05, 1809887
0.09, 1808217
0.11, 1801682
0.11, 1786484
0.12, 1780014
0.12, 1771016
0.12, 1751524
0.12, 1749216
0.12, 1740437
0.12, 1725049
0.12, 1724546
0.12, 1719437
0.13, 1714142
0.13, 1710205
0.13, 1710083
0.13, 1706817
0.16, 1704505
0.16, 1704018
0.16, 1699483
0.16, 1694008
0.16, 1693415
0.16, 1686714
0.16, 1681767
0.16, 1671329
0.16, 1663297
0.18, 1662305
0.18, 1661819
0.18, 1661488
0.18, 1656935
0.18, 1654822
0.19, 1653227
0.19, 1652695
0.20, 1651762
0.20, 1648861
0.20, 1641706
0.20, 1641701
0.21, 1641478
0.21, 1635428
0.21, 1629693
0.21, 1623522
0.21, 1619808
0.23, 1616064
0.24, 1614932
0.25, 1611294
0.25, 1605284
0.27, 1601172
0.27, 1598575
0.27, 1595452
0.27, 1595449
0.27, 1594313
0.27, 1588258
0.27, 1583032
0.28, 1578325
0.28, 1576409
0.32, 1570001
0.35, 1569801
0.35, 1565439
0.35, 1565134
0.36, 1564736
0.36, 1561698
0.36, 1560098
0.37, 1558247
0.42, 1558107
0.45, 1557797
0.47, 1556565
0.47, 1555702
0.48, 1555060
