0.00,7078782
0.00,6871857
0.00,6804250
0.00,6800765
0.00,6799868
0.00,6483045
0.00,6292409
0.00,6213289
0.00,6021709
0.00,6070929
0.00,5814184
0.00,5679914
0.00,5410682
0.00,5599369
0.00,5452804
0.00,5345657
0.00,5000051
0.00,5023479
0.00,5171088
0.00,4926018
0.00,4796361
0.00,4749548
0.00,4861053
0.00,4658288
0.00,4322848
0.00,4234368
0.00,4246805
0.00,4267010
0.00,4040212
0.00,4058130
0.00,4164660
0.00,4057969
0.00,4086433
0.00,3937824
0.00,3907755
0.00,3799834
0.00,3958268
0.00,3945078
0.00,3972491
0.00,3870536
0.00,3696890
0.00,3605830
0.00,3627998
0.00,3624138
0.00,3626027
0.00,3700801
0.00,3577343
0.00,3596435
0.00,3720667
0.00,3448168
0.00,3384750
0.00,3310110
0.00,3277684
0.00,3247403
0.00,3128391
0.00,3140997
0.00,3018851
0.00,3007939
0.00,3035614
0.00,3173350
0.00,3135606
0.00,3042191
0.00,3027594
0.00,2982742
0.00,3075156
0.00,3077949
0.00,3106570
0.00,3089807
0.00,3174822
0.00,2962902
0.00,2976463
0.00,2903421
0.00,2925458
0.00,2897242
0.00,3007951
0.00,3082241
0.00,3001508
0.00,2899425
0.00,2923405
0.00,2924327
0.00,2947192
0.00,2947270
0.00,2974652
0.00,2901239
0.00,2905396
0.00,3005849
0.00,3049947
0.00,3066502
0.00,2994797
0.00,2955612
0.00,2950434
0.00,2953817
0.00,3072359
0.00,2936640
0.00,3024316
0.00,2799010
0.00,2693256
0.00,2678644
0.00,2590544
0.00,2606652
0.00,2634675
0.00,2557375
0.00,2583105
0.00,2490990
0.00,2544148
0.00,2464499
0.00,2587527
0.00,2722733
0.00,2661215
0.00,2706805
0.00,2765661
0.00,2669777
0.00,2632552
0.00,2621881
0.01,2494557
0.01,2443658
0.01,2367099
0.01,2428881
0.01,2363379
0.01,2336448
0.01,2337557
0.01,2447139
0.01,2386315
0.01,2369488
0.01,2390213
0.01,2432517
0.01,2459638
0.01,2455728
0.01,2480987
0.01,2496082
0.01,2354282
0.01,2410942
0.01,2447561
0.01,2531770
0.01,2612148
0.01,2662112
0.01,2572995
0.01,2562302
0.01,2599504
0.01,2454211
0.01,2293927
0.01,2333912
0.01,2394360
0.01,2439563
0.01,2488335
0.01,2533944
0.01,2611520
0.01,2607042
0.01,2535288
0.01,2476615
0.01,2523707
0.01,2599738
0.01,2575918
0.01,2355304
0.01,2245307
0.01,2168371
0.01,2165727
0.01,2172511
0.01,2196543
0.01,2234300
0.01,2260948
0.01,2342778
0.01,2381693
0.01,2367448
0.01,2408488
0.01,2410771
0.01,2481149
0.01,2357364
0.01,2424117
0.01,2550724
0.01,2564855
0.01,2555268
0.01,2558452
0.01,2459127
0.01,2434574
0.01,2123607
0.01,2108039
0.01,2124615
0.01,2126433
0.01,2123996
0.01,2094048
0.01,2095370
0.01,2055329
0.01,2037776
0.01,2039451
0.01,2004079
0.01,1971475
0.01,1971486
0.01,1940932
0.01,2002315
0.01,1989070
0.01,2009798
0.01,2016752
0.01,2122395
0.01,2162989
0.01,2174301
0.01,2190122
0.01,2173245
0.01,2170175
0.01,2138833
0.01,2242726
0.01,2347611
0.01,2246891
0.01,2253677
0.01,2258431
0.01,2176906
0.01,2142955
0.01,2067440
0.01,1965623
0.01,1924252
0.01,1900271
0.01,1878512
0.01,1857512
0.01,1839857
0.01,1844704
0.01,1880665
0.01,1883163
0.01,1868202
0.01,1858150
0.01,1886246
0.01,1867491
0.01,1925433
0.01,1910451
0.01,1923050
0.01,1921189
0.01,1948763
0.01,1951416
0.01,2045219
0.01,2081510
0.01,2097387
0.01,2122406
0.01,2115960
0.01,2113674
0.01,2049128
0.01,2129469
0.01,2246339
0.01,2143867
0.01,2126820
0.01,2185213
0.01,2221522
0.01,2166706
0.01,1946321
0.01,1844754
0.01,1805385
0.01,1863520
0.01,1877627
0.01,1879663
0.01,1896442
0.01,1962968
0.01,1949138
0.01,1957422
0.01,1981296
0.01,2054194
0.01,2086895
0.01,2120442
0.01,2131382
0.01,2133855
0.01,2180375
0.01,2086867
0.01,2103861
0.01,2162560
0.01,2139145
0.01,2061471
0.01,1887017
0.01,1786790
0.01,1961964
0.01,2105351
0.01,2163316
0.01,2117653
0.01,2117134
0.01,2185297
0.01,2057402
0.01,1919041
0.01,1956863
0.01,1943238
0.01,1949683
0.01,1930297
0.01,1928509
0.01,1879391
0.01,1778492
0.01,1769494
0.01,1852406
0.01,1788238
0.01,1748102
0.01,1741449
0.01,1784071
0.01,1819030
0.01,1852576
0.01,1808359
0.01,1775087
0.01,1726191
0.01,1711227
0.01,1698573
0.01,1701480
0.01,1724060
0.01,1722799
0.01,1709982
0.01,1710908
0.01,1731372
0.01,1750371
0.01,1740496
0.01,1718062
0.01,1713481
0.01,1764392
0.01,1764864
0.01,1875658
0.01,1981189
0.01,2057390
0.01,2079952
0.01,2003171
0.01,1940624
0.01,1977925
0.01,1688450
0.01,1678436
0.01,1668894
0.01,1662664
0.01,1656763
0.01,1703644
0.01,1773538
0.01,1799867
0.01,1935597
0.01,1931638
0.01,1980376
0.01,1846924
0.01,1649436
0.01,1672743
0.01,1744899
0.01,1897454
0.01,1949393
0.01,2008092
0.01,1984677
0.01,1907166
0.01,1765258
0.01,1632322
0.01,1617855
0.01,1612676
0.01,1610068
0.01,1611057
0.01,1603833
0.01,1618201
0.01,1690032
0.01,1704148
0.01,1691917
0.01,1607125
0.01,1599970
0.01,1607941
0.01,1651579
0.01,1685680
0.01,1719226
0.01,1675009
0.01,1641737
0.01,1592841
0.01,1589923
0.01,1589151
0.01,1588509
