0.00,7011996
0.00,6667348
0.00,6476574
0.00,6238046
0.00,6096222
0.00,5596639
0.00,5358074
0.00,5321419
0.00,5283804
0.00,5060532
0.00,4974612
0.00,5005673
0.00,4900239
0.00,4958995
0.00,4659187
0.00,4456074
0.00,4273880
0.00,4102424
0.00,4127716
0.00,3940345
0.00,3952968
0.00,3838819
0.00,3711610
0.00,3556089
0.00,3403081
0.00,3405041
0.00,3463964
0.00,3192224
0.00,3452027
0.00,3402034
0.00,3248869
0.00,3103641
0.00,3038680
0.00,3036145
0.00,2940540
0.00,2978905
0.00,2944458
0.00,2998597
0.00,2915299
0.00,2852896
0.00,2802455
0.00,2697537
0.00,2669098
0.00,2671597
0.00,2577375
0.00,2529300
0.00,2429276
0.00,2425550
0.00,2413030
0.00,2439069
0.00,2544956
0.00,2626770
0.00,2699932
0.00,2732978
0.00,2694096
0.00,2729598
0.00,2745611
0.00,2609967
0.00,2478353
0.00,2626003
0.00,2625604
0.00,2619126
0.00,2643676
0.00,2606825
0.00,2488815
0.00,2367616
0.00,2318641
0.00,2288904
0.00,2486626
0.00,2569104
0.00,2520152
0.00,2456479
0.00,2457112
0.00,2418873
0.00,2438888
0.00,2470756
0.00,2397562
0.00,2378072
0.00,2288274
0.00,2326092
0.00,2432465
0.00,2520006
0.00,2445266
0.00,2559164
0.00,2549075
0.00,2536986
0.00,2376225
0.00,2205545
0.00,2197199
0.00,2243018
0.00,2155688
0.00,2144419
0.00,2127088
0.00,2074772
0.00,2073695
0.00,2085404
0.00,2047865
0.00,2027886
0.00,2025031
0.00,2018938
0.00,1992883
0.01,1967360
0.01,1936725
0.01,1911518
0.01,1888565
0.01,1961026
0.01,1933108
0.01,1856452
0.01,1869140
0.01,1839084
0.01,1905936
0.01,1917182
0.01,1922160
0.01,1932843
0.01,1950122
0.01,1980231
0.01,1955377
0.01,1942499
0.01,1931866
0.01,1978052
0.01,1931402
0.01,1925262
0.01,1989350
0.01,2004602
0.01,2062135
0.01,2102955
0.01,2082668
0.01,2174125
0.01,2204304
0.01,2246618
0.01,2197448
0.01,2257865
0.01,2360942
0.01,2278153
0.01,2280093
0.01,2180981
0.01,2088366
0.01,1854132
0.01,1817263
0.01,1818674
0.01,1891135
0.01,1863217
0.01,1807227
0.01,1787749
0.01,1777413
0.01,1766662
0.01,1756329
0.01,1781520
0.01,1771165
0.01,1746026
0.01,1734875
0.01,1757420
0.01,1754015
0.01,1758636
0.01,1726345
0.01,1714710
0.01,1712703
0.01,1736010
0.01,1695466
0.01,1687502
0.01,1679708
0.01,1714972
0.01,1683534
0.01,1665749
0.01,1658594
0.01,1652151
0.01,1645915
0.01,1640061
0.01,1635437
0.01,1635277
0.01,1630997
0.01,1625891
0.01,1667776
0.01,1692542
0.01,1668048
0.01,1663320
0.01,1687444
0.01,1696349
0.01,1699463
0.01,1709130
0.01,1723372
0.01,1759606
0.01,1785065
0.01,1779495
0.01,1781060
0.01,1786607
0.01,1802718
0.01,1797480
0.01,1786368
0.01,1768553
0.01,1804182
0.01,1926066
0.01,1941598
0.01,2045550
0.01,2087673
0.01,2104818
0.01,2083498
0.01,1976078
0.01,1964523
0.01,1867989
0.01,1753293
0.01,1803798
0.01,1719830
0.01,1641841
0.01,1623727
0.01,1622127
0.01,1620714
0.01,1619306
0.01,1614782
0.01,1613919
