0.00, 7819757
0.00, 7779531
0.00, 7750254
0.00, 7713743
0.00, 7708186
0.00, 7685978
0.00, 7683350
0.00, 7629773
0.00, 7570095
0.00, 7530105
0.00, 7457664
0.00, 7422339
0.00, 7413751
0.00, 7409260
0.00, 7404352
0.00, 7382965
0.00, 7367762
0.00, 7287052
0.00, 7281255
0.00, 7277116
0.00, 7253541
0.00, 7146112
0.00, 7141335
0.00, 7117683
0.00, 6978351
0.00, 6928292
0.00, 6921869
0.00, 6781700
0.00, 6657255
0.00, 6606000
0.00, 6589656
0.00, 6579896
0.00, 6319388
0.00, 6309499
0.00, 6306348
0.00, 6237943
0.00, 6096372
0.00, 5961674
0.00, 5942733
0.00, 5888496
0.00, 5842470
0.00, 5802297
0.00, 5753717
0.00, 5749854
0.00, 5723652
0.00, 5673830
0.00, 5640528
0.00, 5623312
0.00, 5613947
0.00, 5596537
0.00, 5441669
0.00, 5418733
0.00, 5379658
0.00, 5342011
0.00, 5292929
0.00, 5217510
0.00, 5212080
0.00, 5210574
0.00, 5204900
0.00, 5066654
0.00, 5040510
0.00, 5000364
0.00, 4896860
0.00, 4864410
0.00, 4839851
0.00, 4835554
0.00, 4811822
0.00, 4796796
0.00, 4792606
0.00, 4670900
0.00, 4585967
0.00, 4582780
0.00, 4500242
0.00, 4479286
0.00, 4467211
0.00, 4427733
0.00, 4410672
0.00, 4208412
0.00, 4203635
0.00, 4202363
0.00, 4106458
0.00, 4091503
0.00, 4086404
0.00, 4080418
0.00, 4055599
0.00, 4053579
0.00, 3824350
0.00, 3730453
0.00, 3620743
0.00, 3600587
0.00, 3592103
0.00, 3555466
0.00, 3550474
0.00, 3394397
0.00, 3372081
0.00, 3361283
0.00, 3351259
0.00, 3343560
0.00, 3334151
0.00, 3317665
0.00, 3300691
0.00, 3292027
0.00, 3245529
0.00, 3243965
0.00, 3243420
0.00, 3237949
0.00, 3216829
0.01, 3152888
0.01, 3149327
0.01, 3136873
0.01, 3135408
0.01, 3119800
0.01, 3060395
0.01, 3055554
0.01, 3026900
0.01, 2979262
0.01, 2977768
0.01, 2874363
0.01, 2855889
0.01, 2848323
0.01, 2815181
0.01, 2809560
0.01, 2806541
0.01, 2788345
0.01, 2779544
0.01, 2761411
0.01, 2752370
0.01, 2725304
0.01, 2675052
0.01, 2642640
0.01, 2640465
0.01, 2622734
0.01, 2596908
0.01, 2561935
0.01, 2560349
0.01, 2533971
0.01, 2526012
0.01, 2498852
0.01, 2495311
0.01, 2408004
0.01, 2407958
0.01, 2357616
0.01, 2356778
0.01, 2343713
0.01, 2342919
0.01, 2298545
0.01, 2249134
0.01, 2249010
0.01, 2225914
0.01, 2221839
0.01, 2187030
0.01, 2181229
0.01, 2171061
0.01, 2162651
0.01, 2162099
0.01, 2158396
0.01, 2153797
0.01, 2144042
0.01, 2142449
0.01, 2141897
0.01, 2136794
0.01, 2131305
0.01, 2109486
0.01, 2088802
0.01, 2088554
0.01, 2074622
0.02, 2058669
0.02, 2046359
0.02, 2038977
0.02, 2035166
0.02, 2034920
0.02, 2025913
0.02, 2020807
0.02, 2013842
0.02, 2007034
0.02, 1985926
0.02, 1981051
0.02, 1970528
0.03, 1964247
0.03, 1960411
0.05, 1939842
0.05, 1935523
0.05, 1927478
0.05, 1925583
0.05, 1924328
0.05, 1894693
0.05, 1878361
0.06, 1875887
0.06, 1868316
0.06, 1848472
0.07, 1844654
0.07, 1834209
0.07, 1827054
0.07, 1824810
0.07, 1818831
0.07, 1816451
0.07, 1806424
0.09, 1793122
0.09, 1793077
0.09, 1792621
0.09, 1790879
0.09, 1781323
0.09, 1781063
0.11, 1777811
0.11, 1774235
0.11, 1773988
0.11, 1768878
0.11, 1764485
0.11, 1760028
0.11, 1742063
0.11, 1736341
0.13, 1723962
0.13, 1711163
0.13, 1699115
0.13, 1685912
0.13, 1680011
0.19, 1673234
0.19, 1672046
0.19, 1666038
0.19, 1661668
0.19, 1655684
0.21, 1650002
0.21, 1633265
0.24, 1628287
0.24, 1626839
0.25, 1623708
0.25, 1611077
0.25, 1610123
0.26, 1606063
0.26, 1594385
0.26, 1593552
0.26, 1593359
0.26, 1591443
0.27, 1589796
0.27, 1588511
0.27, 1585077
0.28, 1584917
0.28, 1584275
0.29, 1578481
0.36, 1578466
0.36, 1577896
0.36, 1571532
0.36, 1570300
0.36, 1567382
0.51, 1567161
0.54, 1566800
0.56, 1566519
1.99, 1566474
2.10, 1566049
2.10, 1564541
2.10, 1564055
2.10, 1562309
2.10, 1561352
2.11, 1561289
2.11, 1559235
2.12, 1558593
2.12, 1558247
2.12, 1558107
2.14, 1558105
2.14, 1556976
2.15, 1555060
