0.00,6772270
0.00,6536563
0.00,6211558
0.00,5939003
0.00,5983141
0.00,5722285
0.00,5433468
0.00,5448055
0.00,5168599
0.00,5203300
0.00,5232083
0.00,4842157
0.00,4916316
0.00,4797494
0.00,4747692
0.00,4751050
0.00,4623106
0.00,4448470
0.00,4522037
0.00,4422165
0.00,4536885
0.00,4411805
0.00,4343641
0.00,4354004
0.00,4287416
0.00,4263082
0.00,4198429
0.00,4367467
0.00,4378049
0.00,4365983
0.00,4378682
0.00,4068579
0.00,3964873
0.00,3820508
0.00,3796777
0.00,3874231
0.00,3818949
0.00,3836104
0.00,3903356
0.00,3769185
0.00,3679891
0.00,3544858
0.00,3644315
0.00,3560522
0.00,3495349
0.00,3531992
0.00,3494625
0.00,3539408
0.00,3594828
0.00,3564541
0.00,3636126
0.00,3728549
0.00,3693988
0.00,3694711
0.00,3675841
0.00,3692868
0.00,3413847
0.00,3346707
0.00,3351649
0.00,3320472
0.00,3363032
0.00,3162255
0.00,3045941
0.00,2943239
0.00,2974814
0.00,2998899
0.00,3101143
0.00,3019398
0.00,2862073
0.00,2929748
0.00,2997752
0.00,2898288
0.00,2856829
0.00,2789255
0.00,2845119
0.00,2832321
0.00,2830011
0.00,2809584
0.00,2838391
0.00,2836865
0.00,2994212
0.00,3037396
0.00,2998130
0.00,2961497
0.00,3031460
0.01,3111336
0.01,2993615
0.01,2975532
0.01,2855043
0.01,2718585
0.01,2627408
0.01,2613579
0.01,2649945
0.01,2793314
0.01,2823918
0.01,2797282
0.01,2724679
0.01,2763767
0.01,2576435
0.01,2557217
0.01,2632769
0.01,2647687
0.01,2756005
0.01,2702630
0.01,2772782
0.01,2703958
0.01,2660670
0.01,2566157
0.01,2445302
0.01,2483354
0.01,2513518
0.01,2520989
0.01,2492748
0.01,2543521
0.01,2607210
0.01,2574224
0.01,2525857
0.01,2514728
0.01,2764743
0.01,2646040
0.01,2670088
0.01,2638664
0.01,2594410
0.01,2530669
0.01,2376261
0.01,2415393
0.01,2463506
0.01,2433587
0.01,2448124
0.01,2517634
0.01,2538783
0.01,2630989
0.01,2588201
0.01,2716910
0.01,2708984
0.01,2571210
0.01,2572944
0.01,2511766
0.01,2641225
0.01,2434142
0.01,2362928
0.01,2331983
0.01,2261083
0.01,2203020
0.01,2155292
0.01,2108214
0.01,2070342
0.01,2051994
0.01,2077655
0.01,2064144
0.01,2079823
0.01,2099182
0.01,2071196
0.01,2060873
0.01,2080023
0.01,2068493
0.01,2085018
0.01,2053484
0.01,2012429
0.01,1996865
0.01,1984119
0.01,2006344
0.01,2009721
0.01,2009615
0.01,2003520
0.01,2020045
0.01,1972150
0.01,1954334
0.01,1963464
0.01,1914819
0.01,1879555
0.01,1872436
0.01,1854304
0.01,1864102
0.01,1858259
0.01,1828675
0.01,1810561
0.01,1773846
0.01,1792521
0.01,1786894
0.01,1757239
0.01,1737671
0.01,1733526
0.01,1732590
0.01,1711199
0.01,1696726
0.01,1684025
0.01,1699413
0.01,1728192
0.01,1727793
0.01,1761701
0.01,1763287
0.01,1757005
0.01,1790675
0.01,1804835
0.01,1811549
0.01,1832850
0.01,1838102
0.01,1816223
0.01,1826959
0.01,1810786
0.01,1839632
0.01,1852757
0.01,1947081
0.01,1970231
0.01,2022078
0.01,2000950
0.01,2021415
0.01,1991905
0.01,1943445
0.01,1935349
0.01,1895604
0.01,1984304
0.01,2000585
0.01,2025487
0.01,1827820
0.01,1670573
0.01,1662148
0.01,1654184
0.01,1648462
0.01,1643478
0.01,1641285
0.01,1639685
0.01,1638135
0.01,1636674
0.01,1634271
0.01,1633096
0.01,1632233
0.01,1658934
0.01,1652460
0.01,1674991
0.01,1644324
0.01,1695555
0.01,1700715
0.01,1697671
0.01,1689590
0.01,1719387
0.01,1731479
0.01,1754836
0.01,1792798
0.01,1808272
0.01,1851035
0.01,1848997
0.01,1820638
0.01,1816694
0.01,1837867
0.01,1882308
0.01,1939513
0.01,1959627
0.01,1952326
0.01,1925823
0.01,1789348
0.01,1822307
0.01,1798420
0.01,1920563
0.01,2000892
0.01,2023454
0.01,1986607
0.01,1911869
0.01,1789793
0.01,1631952
0.01,1631671
