0.00,7497375
0.00,7495268
0.00,7245857
0.00,6979549
0.00,6435097
0.00,6010716
0.00,5986144
0.00,5836635
0.00,5730671
0.00,5496745
0.00,5115978
0.00,4884174
0.00,4622803
0.00,4293115
0.00,4108582
0.00,3914324
0.00,3769286
0.00,3619468
0.00,3558420
0.00,3422813
0.00,3405570
0.00,3431227
0.00,3380327
0.00,3446735
0.00,3425455
0.00,3316170
0.00,3287259
0.00,3174501
0.00,3134570
0.00,3106500
0.00,2998195
0.00,3016497
0.00,2951304
0.00,2887887
0.00,2991749
0.00,3083504
0.00,3034041
0.00,2762621
0.00,2720774
0.00,2704013
0.00,2621568
0.00,2612412
0.00,2561440
0.00,2615555
0.00,2603579
0.00,2592007
0.00,2600468
0.00,2620202
0.00,2609647
0.00,2570327
0.00,2552923
0.00,2596759
0.00,2461257
0.00,2459907
0.00,2396544
0.00,2412123
0.00,2482103
0.00,2395689
0.00,2368012
0.00,2388564
0.00,2313300
0.00,2259501
0.00,2240275
0.00,2196637
0.00,2206757
0.00,2155441
0.00,2170096
0.00,2115908
0.00,2077077
0.00,2056466
0.00,2031606
0.00,2030440
0.00,2027268
0.00,2005735
0.00,1990750
0.00,2000108
0.00,1959173
0.00,1950497
0.00,1939129
0.00,1924458
0.00,1975040
0.00,1966704
0.00,1906177
0.00,1904065
0.00,1912759
0.00,1904056
0.00,1859224
0.00,1833205
0.00,1918918
0.00,2021596
0.00,2102190
0.00,2116441
0.00,2120800
0.00,2204325
0.00,1964512
0.00,1809451
0.00,1821774
0.00,1862018
0.00,1941409
0.00,1878087
0.00,1874397
0.00,1902814
0.00,1922738
0.00,1943996
0.00,1872490
0.00,1976405
0.00,2101348
0.00,2050187
0.00,2077410
0.00,1903338
0.01,1848111
0.01,1788093
0.01,1803093
0.01,1807336
0.01,1829018
0.01,1902189
0.01,1850657
0.01,1846226
0.01,1887199
0.01,1903992
0.01,1911737
0.01,1843281
0.01,1956177
0.01,2035636
0.01,2032717
0.01,1945034
0.01,1853429
0.01,1769466
0.01,1769508
0.01,1834764
0.01,1827830
0.01,1866417
0.01,2018972
0.01,2070911
0.01,2067571
0.01,1870846
0.01,1831288
0.01,1753840
0.01,1747259
0.01,1733732
0.01,1720500
0.01,1708535
0.01,1707708
0.01,1696758
0.01,1698482
0.01,1695687
0.01,1706294
0.01,1726120
0.01,1740305
0.01,1752487
0.01,1751770
0.01,1774603
0.01,1764140
0.01,1900784
0.01,1963474
0.01,1975469
0.01,1996043
0.01,2057145
0.01,2017108
0.01,1989608
0.01,1837296
0.01,1687531
0.01,1671985
0.01,1727975
0.01,1755893
0.01,1683432
0.01,1684338
0.01,1711780
0.01,1728817
0.01,1705420
0.01,1682680
0.01,1689612
0.01,1694898
0.01,1697735
0.01,1659163
0.01,1642183
0.01,1631869
0.01,1639786
0.01,1647368
0.01,1645894
0.01,1653682
0.01,1645958
0.01,1642527
0.01,1641092
0.01,1669043
0.01,1662366
0.01,1667414
0.01,1671115
0.01,1712118
0.01,1714582
0.01,1830662
0.01,1890696
0.01,1899267
0.01,1909870
0.01,1965730
0.01,1968499
0.01,1950148
0.01,1809295
0.01,1660878
0.01,1622161
0.01,1633460
0.01,1648007
0.01,1644815
0.01,1628011
0.01,1625216
0.01,1635823
0.01,1655649
0.01,1669834
0.01,1682016
0.01,1681299
0.01,1704132
0.01,1693669
0.01,1830313
0.01,1893003
0.01,1904998
0.01,1925572
0.01,1986674
0.01,1946637
0.01,1919137
0.01,1801382
0.01,1644608
0.01,1644700
0.01,1614065
0.01,1606101
0.01,1598946
0.01,1593092
0.01,1597113
0.01,1590965
0.01,1589271
0.01,1587858
