0.04, 7052906
0.04, 6984392
0.04, 6903067
0.04, 6782457
0.04, 6772635
0.04, 6703557
0.04, 6600033
0.04, 6538484
0.04, 6522881
0.04, 6429053
0.04, 6410441
0.04, 6263244
0.04, 6259598
0.04, 6219295
0.04, 6178653
0.04, 5987675
0.04, 5952789
0.04, 5943582
0.04, 5934159
0.04, 5768678
0.04, 5747688
0.04, 5737020
0.04, 5588966
0.04, 5583818
0.04, 5566957
0.04, 5562958
0.04, 5467148
0.04, 5438030
0.04, 5381641
0.04, 5375336
0.04, 5255396
0.04, 5214189
0.04, 5194533
0.04, 5184209
0.04, 5112072
0.04, 5079713
0.04, 4867918
0.04, 4858975
0.04, 4812875
0.04, 4805028
0.04, 4802505
0.04, 4765125
0.04, 4762566
0.04, 4755426
0.04, 4751595
0.04, 4575901
0.04, 4572578
0.04, 4528492
0.04, 4514361
0.04, 4500900
0.04, 4497033
0.04, 4450982
0.04, 4422190
0.04, 4405891
0.04, 4390902
0.04, 4363900
0.04, 4300426
0.04, 4286706
0.04, 4233826
0.04, 4205560
0.04, 4167542
0.04, 4163163
0.04, 4096402
0.04, 4094296
0.04, 4063288
0.04, 4046103
0.04, 4043894
0.04, 3963289
0.04, 3957073
0.04, 3952881
0.04, 3945537
0.04, 3920088
0.04, 3903674
0.04, 3890511
0.04, 3880117
0.04, 3848589
0.04, 3829214
0.04, 3742618
0.04, 3728338
0.04, 3715145
0.04, 3712476
0.04, 3693278
0.04, 3656309
0.04, 3649227
0.04, 3626926
0.04, 3586141
0.04, 3520462
0.04, 3489819
0.04, 3476973
0.04, 3469971
0.04, 3446281
0.04, 3437409
0.04, 3418060
0.04, 3406319
0.04, 3330422
0.04, 3326170
0.04, 3294533
0.04, 3293568
0.04, 3271172
0.04, 3258838
0.04, 3234489
0.04, 3213813
0.04, 3197915
0.04, 3191677
0.04, 3184684
0.04, 3183076
0.04, 3160979
0.04, 3159539
0.04, 3137814
0.04, 3113882
0.04, 3072146
0.04, 3016147
0.04, 3001005
0.04, 2992784
0.04, 2986432
0.04, 2982269
0.04, 2976719
0.04, 2970324
0.04, 2970303
0.04, 2970243
0.04, 2809090
0.04, 2804394
0.04, 2802559
0.04, 2802357
0.04, 2799572
0.04, 2776015
0.04, 2773344
0.04, 2744161
0.04, 2663482
0.04, 2654882
0.04, 2642267
0.04, 2612518
0.04, 2606940
0.04, 2582799
0.04, 2570594
0.04, 2568477
0.04, 2519155
0.04, 2513277
0.04, 2511777
0.04, 2458654
0.04, 2448644
0.04, 2430326
0.04, 2426663
0.04, 2426322
0.04, 2415852
0.04, 2413875
0.04, 2390648
0.04, 2378335
0.04, 2363359
0.04, 2357994
0.04, 2312733
0.04, 2302236
0.04, 2297789
0.04, 2290280
0.04, 2279814
0.04, 2247248
0.04, 2238805
0.04, 2237344
0.04, 2231608
0.04, 2226389
0.04, 2218832
0.04, 2212377
0.04, 2192127
0.04, 2189792
0.05, 2165044
0.05, 2160808
0.05, 2160077
0.05, 2150302
0.05, 2130570
0.05, 2105410
0.05, 2104990
0.05, 2101070
0.05, 2098974
0.05, 2094375
0.05, 2091444
0.05, 2086496
0.05, 2081055
0.05, 2070284
0.05, 2067826
0.05, 2059245
0.05, 2044135
0.05, 2040568
0.05, 2038535
0.05, 2029476
0.05, 2026866
0.05, 2020325
0.05, 2008882
0.05, 2004329
0.05, 1988629
0.05, 1985939
0.05, 1978818
0.05, 1963928
0.05, 1946105
0.05, 1937482
0.05, 1934909
0.05, 1922474
0.05, 1903400
0.06, 1892667
0.06, 1890229
0.06, 1882688
0.07, 1882117
0.07, 1878364
0.07, 1871635
0.07, 1835526
0.07, 1799934
0.07, 1786890
0.13, 1776630
0.13, 1768883
0.13, 1765632
0.15, 1764863
0.16, 1759570
0.16, 1749316
0.16, 1749220
0.16, 1747035
0.16, 1743178
0.16, 1735539
0.17, 1734643
0.17, 1734135
0.17, 1728644
0.17, 1724697
0.17, 1717075
0.19, 1709196
0.20, 1705561
0.20, 1696991
0.20, 1692164
0.20, 1683385
0.20, 1683359
0.21, 1682589
0.22, 1678875
0.22, 1659958
0.22, 1656095
0.22, 1649142
0.25, 1643688
0.25, 1620054
0.26, 1609285
0.26, 1609192
0.26, 1609061
0.28, 1607580
0.30, 1607556
0.30, 1599388
0.30, 1597066
0.30, 1595011
0.30, 1593191
0.30, 1592328
0.30, 1591753
0.30, 1590766
0.32, 1586479
0.32, 1584939
0.32, 1574842
0.37, 1574124
0.38, 1572837
0.38, 1571988
0.38, 1570388
0.38, 1569525
0.39, 1569256
0.40, 1569199
0.40, 1568336
4.25, 1567821
4.25, 1567667
4.27, 1567208
4.29, 1565347
4.29, 1564389
4.29, 1561986
4.29, 1561344
4.29, 1559428
4.29, 1558565
6.29, 1555702
6.36, 1555060
