0.00,7010161
0.00,6970874
0.00,6616542
0.00,6439237
0.00,6105903
0.00,5853425
0.00,5815007
0.00,5547885
0.00,5401101
0.00,5271946
0.00,5027068
0.00,5033438
0.00,5039169
0.00,5111845
0.00,4951149
0.00,4731818
0.00,4708579
0.00,4677635
0.00,4578990
0.00,4481591
0.00,4430567
0.00,4324094
0.00,4065010
0.00,3909885
0.00,3745353
0.00,3668834
0.00,3673681
0.00,3654916
0.00,3598397
0.00,3599090
0.00,3627401
0.00,3589400
0.00,3583353
0.00,3536159
0.00,3381414
0.00,3284369
0.00,3204375
0.00,3099411
0.00,3069923
0.00,2961612
0.00,2881146
0.00,2770507
0.00,2714237
0.00,2776824
0.00,2665133
0.00,2673746
0.00,2644392
0.00,2701632
0.00,2597064
0.00,2610796
0.00,2614108
0.00,2636010
0.00,2541396
0.00,2556228
0.00,2563536
0.00,2700839
0.00,2774123
0.00,2771264
0.00,2811454
0.00,2886935
0.00,2877704
0.00,2744185
0.00,2635964
0.00,2578192
0.00,2539480
0.00,2510889
0.00,2509177
0.00,2554411
0.00,2444560
0.00,2464198
0.00,2385199
0.00,2348603
0.00,2301233
0.00,2360976
0.00,2394521
0.00,2382597
0.00,2394958
0.00,2363460
0.00,2397378
0.00,2513667
0.00,2524482
0.00,2555683
0.00,2643825
0.00,2772077
0.00,2724702
0.00,2570611
0.00,2367710
0.00,2254103
0.00,2252204
0.00,2249631
0.00,2227095
0.00,2199040
0.00,2152386
0.00,2140339
0.00,2110447
0.00,2083124
0.00,2056184
0.00,2066825
0.00,2048363
0.00,2049553
0.00,2061525
0.00,2055078
0.00,2080239
0.00,2120624
0.00,2209849
0.00,2132258
0.00,2187768
0.00,2231195
0.00,2247915
0.00,2313656
0.00,2380113
0.01,2431111
0.01,2367493
0.01,2333614
0.01,2193167
0.01,2058718
0.01,2019349
0.01,1997292
0.01,1992619
0.01,1990019
0.01,1960548
0.01,1935790
0.01,1956047
0.01,1966386
0.01,1978138
0.01,2021932
0.01,2060647
0.01,2087098
0.01,2081942
0.01,2083376
0.01,2056454
0.01,1980102
0.01,1920244
0.01,2051037
0.01,2153896
0.01,2130598
0.01,2107716
0.01,2122011
0.01,2110228
0.01,2055764
0.01,2030336
0.01,1972958
0.01,1969167
0.01,2006994
0.01,2031212
0.01,2049878
0.01,2014093
0.01,2060164
0.01,2112203
0.01,2120463
0.01,2109880
0.01,2225768
0.01,2288259
0.01,2211104
0.01,2085148
0.01,2024505
0.01,1961047
0.01,1876832
0.01,1898189
0.01,1940668
0.01,1966959
0.01,1990118
0.01,2020323
0.01,2024031
0.01,2031521
0.01,2020741
0.01,2126286
0.01,2169788
0.01,2147692
0.01,2116662
0.01,2121592
0.01,2066384
0.01,1990309
0.01,1953629
0.01,1917892
0.01,1999474
0.01,2038165
0.01,2055304
0.01,2088068
0.01,2095411
0.01,2170407
0.01,2232416
0.01,2232826
0.01,2254317
0.01,2223089
0.01,2067904
0.01,1854885
0.01,1844076
0.01,1830392
0.01,1819669
0.01,1840559
0.01,1836912
0.01,1830226
0.01,1823931
0.01,1809144
0.01,1798736
0.01,1788564
0.01,1778804
0.01,1791245
0.01,1780049
0.01,1758834
0.01,1761894
0.01,1749957
0.01,1737125
0.01,1740953
0.01,1689637
0.01,1675170
0.01,1669269
0.01,1663963
0.01,1659255
0.01,1751374
0.01,1799058
0.01,1816872
0.01,1763035
0.01,1681315
0.01,1644678
0.01,1644518
0.01,1640238
0.01,1635132
0.01,1631949
0.01,1628794
0.01,1624429
0.01,1622735
0.01,1622363
