0.00,6975813
0.00,6994889
0.00,6619915
0.00,5962608
0.00,5907404
0.00,5755321
0.00,5846697
0.00,5827574
0.00,5388001
0.00,5430229
0.00,5465628
0.00,5317582
0.00,5188826
0.00,5072487
0.00,4690137
0.00,4513306
0.00,4309488
0.00,3964183
0.00,4039450
0.00,3820000
0.00,3849070
0.00,3733548
0.00,3762281
0.00,3748706
0.00,3777776
0.00,3432028
0.00,3421103
0.00,3351265
0.00,3359350
0.00,3220241
0.00,3384330
0.00,3376868
0.00,3453593
0.00,3456286
0.00,3438103
0.00,3431231
0.00,3407354
0.00,3225272
0.00,3431130
0.00,3275360
0.00,3471543
0.00,3420937
0.00,3358958
0.00,3238543
0.00,3103121
0.00,3004395
0.00,2955513
0.00,2900969
0.00,2918854
0.00,2880139
0.00,2940086
0.00,2906613
0.00,2858541
0.00,2861076
0.00,2899324
0.00,2946484
0.00,2926445
0.00,2915520
0.00,2711580
0.00,2644497
0.00,2668105
0.00,2577195
0.00,2614359
0.00,2581023
0.00,2604631
0.00,2513721
0.00,2478483
0.00,2460503
0.00,2409405
0.00,2357524
0.00,2375414
0.00,2527844
0.00,2561853
0.00,2466602
0.00,2466132
0.00,2527183
0.00,2607882
0.00,2469561
0.00,2427887
0.00,2421159
0.00,2426946
0.00,2400643
0.00,2376272
0.00,2347061
0.00,2334698
0.00,2303534
0.00,2254476
0.00,2272826
0.00,2214930
0.00,2162880
0.00,2088388
0.00,2076807
0.00,2018895
0.00,2004650
0.00,1955033
0.00,1924059
0.00,1887190
0.00,1872935
0.00,1850886
0.00,1886186
0.00,1935432
0.00,2006330
0.00,2023950
0.00,2048922
0.00,2061425
0.00,2114758
0.00,2136139
0.00,2151401
0.00,2186626
0.00,2161217
0.00,2115426
0.00,2083898
0.00,2107916
0.00,2136670
0.00,2141029
0.00,2224554
0.00,2140907
0.00,2053248
0.00,1964246
0.00,1829680
0.00,1855338
0.00,1875911
0.00,1860228
0.00,1863379
0.00,1847825
0.00,1831915
0.00,1805699
0.00,1813619
0.00,1797160
0.01,1802960
0.01,1839938
0.01,1848335
0.01,1921133
0.01,1956943
0.01,2043305
0.01,2078855
0.01,2104039
0.01,2134696
0.01,2111389
0.01,2045334
0.01,1984835
0.01,2044234
0.01,2031033
0.01,2041780
0.01,2128659
0.01,2123048
0.01,2087493
0.01,1955134
0.01,1891986
0.01,1783488
0.01,1766797
0.01,1751818
0.01,1741485
0.01,1733661
0.01,1721724
0.01,1714569
0.01,1707619
0.01,1696764
0.01,1690709
0.01,1684855
0.01,1710642
0.01,1719712
0.01,1735957
0.01,1738461
0.01,1780345
0.01,1820070
0.01,1840803
0.01,1858727
0.01,1846065
0.01,1898255
0.01,1920656
0.01,1896633
0.01,1890249
0.01,1946906
0.01,1982323
0.01,2093091
0.01,2117271
0.01,2144700
0.01,2121617
0.01,2003338
0.01,1960044
0.01,1862546
0.01,1891452
0.01,1855145
0.01,1791550
0.01,1679577
0.01,1695342
0.01,1717414
0.01,1757296
0.01,1791779
0.01,1806896
0.01,1837908
0.01,1850451
0.01,1833744
0.01,1827211
0.01,1818674
0.01,1826201
0.01,1822465
0.01,1844032
0.01,1903541
0.01,1978314
0.01,2026629
0.01,2026908
0.01,2051769
0.01,2076084
0.01,2008217
0.01,2022133
0.01,1930820
0.01,1960708
0.01,2018260
0.01,1882951
0.01,1766035
0.01,1688046
0.01,1669932
0.01,1663993
0.01,1671423
0.01,1671826
0.01,1661750
0.01,1640359
0.01,1638946
0.01,1638083
0.01,1637340
0.01,1636197
0.01,1635555
0.01,1635529
0.01,1633126
