0.01, 7171944
0.01, 7153065
0.01, 7151272
0.01, 7106503
0.01, 6989149
0.01, 6966266
0.01, 6961668
0.01, 6927680
0.01, 6757088
0.01, 6736655
0.01, 6657266
0.01, 6598776
0.01, 6590321
0.01, 6545282
0.01, 6524098
0.01, 6512219
0.01, 6475030
0.01, 6429444
0.01, 6407029
0.01, 6382839
0.01, 6263698
0.01, 6135653
0.01, 6075176
0.01, 6056580
0.01, 6015091
0.01, 5995719
0.01, 5852011
0.01, 5838496
0.01, 5805933
0.01, 5678180
0.01, 5668976
0.01, 5546487
0.01, 5535411
0.01, 5399826
0.01, 5293990
0.01, 5281202
0.01, 5281110
0.01, 5250308
0.01, 5240670
0.01, 5221239
0.01, 5176641
0.01, 5066492
0.01, 5066267
0.01, 5007196
0.01, 5003824
0.01, 4941691
0.01, 4924248
0.01, 4892379
0.01, 4880379
0.01, 4836487
0.01, 4830573
0.01, 4829268
0.01, 4819565
0.01, 4813817
0.01, 4772729
0.01, 4768205
0.01, 4694560
0.01, 4693165
0.01, 4638628
0.01, 4635303
0.01, 4630307
0.01, 4622823
0.01, 4559039
0.01, 4537344
0.01, 4509085
0.01, 4474633
0.01, 4449417
0.01, 4445218
0.01, 4432882
0.01, 4393149
0.01, 4322649
0.01, 4319720
0.01, 4249686
0.01, 4248859
0.01, 4215751
0.01, 4139373
0.01, 4088899
0.01, 4070631
0.01, 4069733
0.01, 4034654
0.01, 4026705
0.01, 3991204
0.01, 3984944
0.01, 3976002
0.01, 3975569
0.01, 3974657
0.01, 3955341
0.01, 3823328
0.01, 3822785
0.01, 3810849
0.01, 3807962
0.01, 3752857
0.01, 3738857
0.01, 3705903
0.01, 3703124
0.01, 3673942
0.01, 3670431
0.01, 3546581
0.01, 3519194
0.01, 3517387
0.01, 3504481
0.01, 3469378
0.01, 3459365
0.01, 3453720
0.01, 3416917
0.01, 3400557
0.01, 3357606
0.01, 3349532
0.01, 3349196
0.01, 3348500
0.01, 3334291
0.01, 3331591
0.01, 3314467
0.01, 3311757
0.01, 3295723
0.01, 3284335
0.01, 3261427
0.01, 3259848
0.01, 3254347
0.01, 3201274
0.01, 3193701
0.01, 3156321
0.01, 3143129
0.01, 2943875
0.01, 2903549
0.01, 2895151
0.01, 2867660
0.01, 2754944
0.01, 2736708
0.01, 2727520
0.01, 2725518
0.01, 2716742
0.01, 2712588
0.01, 2703450
0.01, 2678710
0.01, 2670229
0.01, 2597920
0.01, 2597294
0.01, 2576849
0.01, 2555833
0.01, 2553143
0.01, 2547354
0.01, 2545092
0.01, 2543818
0.01, 2538415
0.01, 2527941
0.01, 2525830
0.01, 2497620
0.01, 2495909
0.01, 2494471
0.01, 2491029
0.01, 2487538
0.01, 2453429
0.01, 2445807
0.01, 2445161
0.01, 2433344
0.01, 2408378
0.01, 2406252
0.01, 2404877
0.01, 2385367
0.01, 2362825
0.01, 2360054
0.01, 2353614
0.01, 2346374
0.01, 2332408
0.01, 2326981
0.01, 2323850
0.01, 2322262
0.01, 2321259
0.01, 2310945
0.01, 2296865
0.01, 2292502
0.01, 2261934
0.01, 2254269
0.01, 2249745
0.01, 2243322
0.01, 2238159
0.01, 2232838
0.01, 2225070
0.01, 2220707
0.01, 2202923
0.01, 2189610
0.01, 2188423
0.01, 2186124
0.01, 2150169
0.01, 2137841
0.01, 2124237
0.01, 2119886
0.02, 2099366
0.02, 2094351
0.02, 2094147
0.02, 2093334
0.02, 2083199
0.02, 2059904
0.02, 2055788
0.02, 2054543
0.02, 2045392
0.02, 2032564
0.02, 2025987
0.03, 2018746
0.03, 2018283
0.03, 2014519
0.03, 2012332
0.03, 1995356
0.04, 1995025
0.04, 1978078
0.04, 1967201
0.05, 1960780
0.05, 1959462
0.05, 1946507
0.05, 1940903
0.05, 1929263
0.07, 1927506
0.07, 1921458
0.07, 1919275
0.07, 1914837
0.07, 1911094
0.07, 1909782
0.07, 1890648
0.07, 1850731
0.07, 1849105
0.09, 1845155
0.09, 1835025
0.09, 1831214
0.10, 1815418
0.10, 1804793
0.10, 1787901
0.10, 1783651
0.10, 1781670
0.10, 1772480
0.11, 1757126
0.11, 1753451
0.15, 1748653
0.15, 1728641
0.15, 1717938
0.15, 1711955
0.16, 1711557
0.16, 1710918
0.16, 1705688
0.16, 1699789
0.16, 1697589
0.16, 1697539
0.16, 1696126
0.16, 1695013
0.18, 1694009
0.18, 1687368
0.18, 1678819
0.18, 1666077
0.18, 1664092
0.18, 1663620
0.18, 1658758
0.18, 1654388
0.18, 1651465
0.19, 1651337
0.19, 1649821
0.22, 1647021
0.22, 1644957
0.23, 1641705
0.23, 1635285
0.23, 1634628
0.23, 1632874
0.23, 1625050
0.23, 1622647
0.23, 1621866
0.23, 1621503
0.23, 1615630
0.23, 1614793
0.23, 1614507
0.25, 1611916
0.25, 1606054
0.28, 1598811
0.28, 1598303
0.28, 1598149
0.28, 1597837
0.28, 1596694
0.28, 1589233
0.28, 1582548
0.32, 1576175
0.32, 1573793
0.32, 1570782
0.32, 1570036
0.32, 1568804
0.33, 1568422
0.35, 1566850
0.35, 1565987
0.36, 1565724
0.37, 1562374
0.37, 1561802
0.37, 1560202
0.38, 1559456
0.38, 1558749
0.38, 1558107
0.42, 1557617
0.42, 1555702
0.43, 1555060
