0.01, 7440247
0.01, 7405778
0.01, 7399551
0.01, 7391748
0.01, 7146779
0.01, 7054997
0.01, 7054564
0.01, 6991751
0.01, 6921413
0.01, 6919088
0.01, 6916534
0.01, 6894843
0.01, 6800244
0.01, 6797195
0.01, 6710639
0.01, 6709585
0.01, 6705210
0.01, 6664874
0.01, 6467836
0.01, 6457393
0.01, 6374988
0.01, 6362545
0.01, 6087701
0.01, 6065274
0.01, 6021518
0.01, 5974509
0.01, 5864502
0.01, 5858163
0.01, 5852291
0.01, 5649188
0.01, 5641418
0.01, 5606123
0.01, 5596241
0.01, 5590522
0.01, 5406661
0.01, 5390409
0.01, 5386715
0.01, 5352967
0.01, 5314302
0.01, 5287822
0.01, 5177900
0.01, 5172473
0.01, 5164815
0.01, 5150806
0.01, 5063236
0.01, 4894666
0.01, 4824470
0.01, 4798130
0.01, 4785654
0.01, 4780275
0.01, 4748550
0.01, 4650749
0.01, 4608590
0.01, 4560011
0.01, 4495101
0.01, 4494155
0.01, 4446468
0.01, 4431150
0.01, 4399367
0.01, 4316076
0.01, 4268652
0.01, 4266566
0.01, 4254264
0.01, 4171928
0.01, 4160085
0.01, 4121566
0.01, 4079414
0.01, 4069576
0.01, 4069073
0.01, 4064093
0.01, 4054364
0.01, 4052800
0.01, 4040262
0.01, 3995844
0.01, 3981253
0.01, 3864543
0.01, 3851956
0.01, 3774622
0.01, 3696413
0.01, 3675909
0.01, 3661291
0.01, 3633347
0.01, 3608035
0.01, 3607519
0.01, 3599565
0.01, 3599150
0.01, 3584417
0.01, 3563837
0.01, 3484267
0.01, 3461257
0.01, 3405434
0.01, 3404215
0.01, 3382440
0.01, 3324905
0.01, 3321296
0.01, 3299541
0.01, 3289200
0.01, 3286174
0.01, 3265075
0.01, 3225589
0.01, 3196304
0.01, 3169924
0.01, 3160606
0.01, 3139084
0.01, 3122796
0.01, 3122558
0.01, 3115300
0.01, 3103244
0.01, 3089303
0.01, 3082480
0.01, 3060789
0.01, 3050538
0.01, 3007872
0.01, 2904512
0.01, 2883207
0.01, 2871785
0.01, 2867757
0.01, 2852207
0.01, 2846847
0.01, 2764737
0.01, 2675507
0.01, 2665956
0.01, 2656997
0.01, 2656656
0.01, 2655260
0.01, 2647712
0.01, 2639980
0.01, 2636682
0.01, 2622234
0.01, 2613720
0.01, 2613056
0.01, 2567065
0.01, 2562182
0.01, 2551503
0.01, 2550651
0.01, 2541121
0.01, 2526102
0.01, 2524586
0.01, 2479871
0.01, 2443634
0.01, 2431016
0.01, 2426969
0.01, 2416636
0.01, 2415129
0.01, 2363741
0.01, 2363019
0.01, 2349996
0.01, 2334470
0.01, 2322782
0.01, 2312827
0.01, 2312686
0.01, 2308217
0.01, 2285667
0.01, 2257625
0.01, 2244713
0.01, 2233173
0.01, 2232143
0.01, 2228618
0.01, 2225004
0.01, 2223607
0.02, 2202557
0.02, 2202322
0.02, 2136385
0.02, 2122570
0.02, 2121124
0.02, 2118206
0.02, 2110885
0.02, 2086032
0.02, 2056393
0.02, 2051763
0.02, 2049980
0.02, 2039524
0.02, 2011846
0.03, 2003842
0.04, 1998628
0.04, 1972704
0.04, 1962454
0.05, 1961701
0.05, 1952622
0.05, 1945439
0.05, 1945141
0.05, 1926960
0.05, 1912207
0.05, 1911990
0.06, 1906066
0.06, 1875508
0.06, 1852547
0.06, 1851027
0.07, 1850681
0.08, 1850593
0.08, 1850455
0.09, 1835704
0.09, 1832148
0.09, 1826973
0.09, 1810864
0.09, 1803768
0.09, 1800891
0.09, 1797007
0.09, 1794913
0.09, 1783787
0.09, 1783785
0.10, 1782893
0.10, 1760730
0.10, 1758995
0.11, 1757995
0.11, 1751047
0.11, 1748408
0.11, 1738227
0.11, 1727971
0.11, 1712462
0.11, 1699843
0.11, 1697462
0.16, 1694305
0.16, 1692049
0.16, 1690406
0.16, 1672937
0.16, 1666640
0.16, 1666068
0.16, 1663865
0.17, 1659142
0.17, 1653959
0.17, 1643781
0.17, 1640733
0.17, 1639870
0.17, 1637639
0.17, 1637199
0.18, 1635724
0.21, 1633427
0.21, 1633229
0.23, 1628270
0.23, 1619151
0.23, 1612365
0.23, 1608487
0.24, 1607436
0.24, 1606293
0.25, 1599555
0.25, 1592087
0.25, 1592038
0.25, 1582745
0.25, 1580489
0.25, 1578660
0.29, 1576383
0.29, 1573601
0.34, 1573542
0.34, 1571624
0.36, 1569264
0.36, 1569005
0.36, 1565368
0.37, 1561123
0.45, 1556934
0.45, 1556292
0.45, 1555060
