0.00,6706636
0.00,6492877
0.00,6501921
0.00,6450393
0.00,6288726
0.00,6345712
0.00,6031169
0.00,5753515
0.00,5758688
0.00,5767077
0.00,5467155
0.00,5077832
0.00,4981161
0.00,4691341
0.00,4573898
0.00,4322494
0.00,4304154
0.00,4358413
0.00,4474302
0.00,4325648
0.00,4117932
0.00,3944918
0.00,3842232
0.00,3612407
0.00,3597949
0.00,3449585
0.00,3331699
0.00,3174710
0.00,3253320
0.00,3334187
0.00,3279818
0.00,3205953
0.00,3088303
0.00,3020867
0.00,2927158
0.00,3006481
0.00,2962834
0.00,2845451
0.00,2762044
0.00,2738045
0.00,2670749
0.00,2698277
0.00,2747661
0.00,2742887
0.00,2607920
0.00,2686590
0.00,2687672
0.00,2695667
0.00,2615960
0.00,2603198
0.00,2570695
0.00,2532582
0.00,2572834
0.00,2584047
0.00,2477782
0.00,2436986
0.00,2386710
0.00,2338266
0.00,2338275
0.00,2377181
0.00,2293703
0.00,2218446
0.00,2290141
0.00,2258385
0.00,2250392
0.00,2231562
0.00,2147591
0.00,2131634
0.00,2132084
0.00,2075712
0.00,2014967
0.00,2047516
0.00,2016721
0.00,2049494
0.00,2105772
0.00,2058552
0.00,2016499
0.00,1984760
0.00,1996701
0.00,2168495
0.00,2310601
0.00,2337206
0.00,2346169
0.00,2307319
0.00,2238251
0.00,2142662
0.00,2173346
0.00,2160096
0.00,2116719
0.00,2194946
0.00,2190807
0.00,2078920
0.00,2092128
0.00,2073176
0.00,2052184
0.00,2056001
0.00,2076649
0.00,2052760
0.00,2030084
0.00,1991815
0.00,1973835
0.00,1977731
0.00,1983396
0.00,1988156
0.00,1956362
0.01,1927326
0.01,1924006
0.01,1891138
0.01,1863930
0.01,1874110
0.01,1871622
0.01,1867108
0.01,1837502
0.01,1811801
0.01,1784197
0.01,1754478
0.01,1805622
0.01,1819582
0.01,1970685
0.01,2083140
0.01,2082160
0.01,2071845
0.01,2023694
0.01,1956657
0.01,1868505
0.01,1886182
0.01,1915106
0.01,1995601
0.01,2018645
0.01,1988924
0.01,1982140
0.01,1952540
0.01,1912984
0.01,1842680
0.01,1842799
0.01,1862328
0.01,1801289
0.01,1775914
0.01,1783804
0.01,1753646
0.01,1765536
0.01,1764514
0.01,1761197
0.01,1732345
0.01,1717966
0.01,1706158
0.01,1695435
0.01,1710981
0.01,1701788
0.01,1737007
0.01,1767804
0.01,1925999
0.01,2056284
0.01,2052563
0.01,2057730
0.01,1990711
0.01,1925683
0.01,1827601
0.01,1831878
0.01,1840295
0.01,1936223
0.01,1955723
0.01,1968946
0.01,1973659
0.01,1930767
0.01,1892595
0.01,1819891
0.01,1814962
0.01,1818600
0.01,1797991
0.01,1696687
0.01,1695275
0.01,1703691
0.01,1676249
0.01,1668265
0.01,1672523
0.01,1658152
0.01,1673232
0.01,1654044
0.01,1643904
0.01,1637668
0.01,1631838
0.01,1628655
0.01,1630175
0.01,1627194
0.01,1641425
0.01,1638099
0.01,1624869
0.01,1621251
0.01,1618848
0.01,1617440
0.01,1612916
0.01,1612677
0.01,1611534
