0.00,6936290
0.00,6586692
0.00,6526649
0.00,6261529
0.00,5946743
0.00,5745971
0.00,5709139
0.00,5412325
0.00,5390110
0.00,5440521
0.00,5314542
0.00,5078944
0.00,4786609
0.00,4770520
0.00,4836294
0.00,4738980
0.00,4600827
0.00,4451209
0.00,4168732
0.00,4078932
0.00,4105476
0.00,4196877
0.00,4195548
0.00,3967092
0.00,3860666
0.00,3823244
0.00,3650098
0.00,3606573
0.00,3644266
0.00,3421799
0.00,3277656
0.00,3287022
0.00,3347474
0.00,3296495
0.00,3263146
0.00,3105910
0.00,3079449
0.00,3063471
0.00,2952609
0.00,3052247
0.00,3057496
0.00,3049554
0.00,3058537
0.00,3133745
0.00,3060760
0.00,3045438
0.00,2954476
0.00,2848980
0.00,2838457
0.00,2826251
0.00,2737224
0.00,2716274
0.00,2707058
0.00,2754663
0.00,2625845
0.00,2547289
0.00,2453896
0.00,2502035
0.00,2516110
0.00,2443077
0.00,2401406
0.00,2388170
0.00,2330871
0.00,2319044
0.00,2272214
0.00,2248620
0.00,2207705
0.00,2219148
0.00,2169082
0.00,2130810
0.00,2085677
0.00,2048808
0.00,2037351
0.00,2051326
0.00,2040239
0.00,2000122
0.00,1992121
0.00,1990328
0.00,1974784
0.00,1966866
0.00,1967837
0.00,1980920
0.00,1951598
0.00,1931624
0.00,1961175
0.00,1984612
0.00,1954238
0.00,1906900
0.00,1881598
0.00,1860383
0.00,1863350
0.00,1883958
0.00,1843417
0.00,1850617
0.00,1827069
0.00,1829709
0.00,1902170
0.00,1874252
0.00,1818262
0.00,1837058
0.00,1837357
0.00,1839549
0.00,1792476
0.00,1801192
0.00,1773420
0.00,1756845
0.00,1744823
0.00,1733015
0.00,1720970
0.00,1710637
0.00,1701000
0.00,1691539
0.00,1684384
0.00,1678888
0.00,1671094
0.00,1658922
0.00,1653136
0.00,1648856
0.00,1643750
0.00,1639633
0.00,1636528
0.00,1634125
0.00,1631805
0.00,1629900
0.00,1627982
0.00,1626569
