0.01, 7317467
0.01, 7314685
0.01, 7206133
0.01, 7200647
0.01, 7143453
0.01, 7039859
0.01, 7035009
0.01, 6986094
0.01, 6936996
0.01, 6862266
0.01, 6828332
0.01, 6809377
0.01, 6807322
0.01, 6793203
0.01, 6770160
0.01, 6755683
0.01, 6631915
0.01, 6630128
0.01, 6567202
0.01, 6567111
0.01, 6440679
0.01, 6398549
0.01, 6396872
0.01, 6396587
0.01, 6391877
0.01, 6369764
0.01, 6368469
0.01, 6359980
0.01, 6257406
0.01, 6237635
0.01, 6235207
0.01, 6234312
0.01, 6204850
0.01, 6188537
0.01, 6173951
0.01, 6117019
0.01, 6025281
0.01, 6010178
0.01, 6003807
0.01, 5900018
0.01, 5865157
0.01, 5855948
0.01, 5841293
0.01, 5824053
0.01, 5754912
0.01, 5714874
0.01, 5713108
0.01, 5709456
0.01, 5702838
0.01, 5688364
0.01, 5682362
0.01, 5598200
0.01, 5595018
0.01, 5590798
0.01, 5589465
0.01, 5575862
0.01, 5541617
0.01, 5523466
0.01, 5423379
0.01, 5401617
0.01, 5368909
0.01, 5364655
0.01, 5337370
0.01, 5203685
0.01, 5170961
0.01, 5165662
0.01, 5157092
0.01, 5089973
0.01, 5080330
0.01, 5016053
0.01, 5016030
0.01, 5001824
0.01, 4995386
0.01, 4985652
0.01, 4942403
0.01, 4593910
0.01, 4565902
0.01, 4557415
0.01, 4541872
0.01, 4540563
0.01, 4502691
0.01, 4502642
0.01, 4501324
0.01, 4475620
0.01, 4466141
0.01, 4413093
0.01, 4389433
0.01, 4238987
0.01, 4215679
0.01, 4116399
0.01, 4054979
0.01, 4034340
0.01, 3886151
0.01, 3874718
0.01, 3864847
0.01, 3861451
0.01, 3692410
0.01, 3593043
0.01, 3572267
0.01, 3558875
0.01, 3552229
0.01, 3526983
0.01, 3519842
0.01, 3502182
0.01, 3486633
0.01, 3464763
0.01, 3424514
0.01, 3419202
0.01, 3387013
0.01, 3239774
0.01, 3219685
0.01, 3200052
0.01, 3187907
0.01, 3139565
0.01, 3121705
0.01, 3109637
0.01, 2954301
0.01, 2953340
0.01, 2886953
0.01, 2857842
0.01, 2820393
0.01, 2786974
0.01, 2757929
0.01, 2710001
0.01, 2697750
0.01, 2666435
0.01, 2652994
0.01, 2634350
0.01, 2633712
0.01, 2627349
0.01, 2606580
0.01, 2585234
0.01, 2492836
0.01, 2459985
0.01, 2445755
0.01, 2437943
0.01, 2435735
0.01, 2413256
0.01, 2413170
0.01, 2403967
0.01, 2392198
0.01, 2384675
0.01, 2369804
0.01, 2368028
0.01, 2360524
0.01, 2342928
0.01, 2338130
0.01, 2330429
0.01, 2317400
0.01, 2304633
0.01, 2303763
0.01, 2249206
0.01, 2240228
0.01, 2227566
0.01, 2218340
0.01, 2191440
0.01, 2167604
0.01, 2162079
0.01, 2156443
0.01, 2150580
0.01, 2145249
0.01, 2141359
0.02, 2135852
0.02, 2124127
0.02, 2116058
0.02, 2112462
0.02, 2108405
0.02, 2090369
0.02, 2080359
0.02, 2080231
0.02, 2078884
0.02, 2076948
0.02, 2072109
0.02, 2072059
0.02, 2061987
0.02, 2053803
0.02, 2045352
0.02, 2043825
0.02, 2034839
0.02, 2016079
0.03, 2011184
0.03, 2010303
0.03, 2008703
0.03, 2008375
0.04, 2004530
0.04, 1997233
0.04, 1992965
0.04, 1966404
0.06, 1946255
0.06, 1936885
0.06, 1931315
0.06, 1918038
0.07, 1917750
0.07, 1917639
0.07, 1915744
0.07, 1899061
0.07, 1894319
0.07, 1891921
0.07, 1890607
0.07, 1879642
0.07, 1878641
0.07, 1864066
0.07, 1862580
0.08, 1859434
0.08, 1845848
0.08, 1830452
0.08, 1828555
0.08, 1823903
0.08, 1807561
0.10, 1804652
0.10, 1802580
0.13, 1797890
0.13, 1794323
0.13, 1771796
0.13, 1765983
0.13, 1758040
0.13, 1757981
0.13, 1755954
0.14, 1755339
0.14, 1747012
0.16, 1744616
0.16, 1744523
0.16, 1739749
0.17, 1739444
0.17, 1738031
0.18, 1726899
0.18, 1719733
0.18, 1715120
0.20, 1715009
0.20, 1711954
0.20, 1703185
0.20, 1693675
0.20, 1691715
0.20, 1681898
0.20, 1679938
0.20, 1677578
0.20, 1660953
0.20, 1648956
0.20, 1642883
0.20, 1640734
0.20, 1640541
0.20, 1624550
0.21, 1611938
0.21, 1596881
0.27, 1594909
0.27, 1593882
0.27, 1587539
0.27, 1587029
0.28, 1584760
0.28, 1582844
0.32, 1580591
0.32, 1577402
0.32, 1576707
0.32, 1572258
0.33, 1571725
0.33, 1569469
0.35, 1566483
0.35, 1563565
0.40, 1562252
0.40, 1561020
0.40, 1560378
0.41, 1560157
0.42, 1559515
4.15, 1558760
4.15, 1558755
4.15, 1558674
4.15, 1556292
9.95, 1555702
9.96, 1555060
