0.36, 7722801
0.36, 7702633
0.36, 7643896
0.36, 7609902
0.36, 7590674
0.36, 7419102
0.36, 7388489
0.36, 7335339
0.36, 7300571
0.36, 7296606
0.36, 7170461
0.36, 7130357
0.36, 7105284
0.36, 7098251
0.36, 7015224
0.36, 6959154
0.36, 6954586
0.36, 6907996
0.36, 6885601
0.36, 6853740
0.36, 6831774
0.36, 6676121
0.36, 6673340
0.36, 6673186
0.36, 6668970
0.36, 6601270
0.36, 6586911
0.36, 6586361
0.36, 6532725
0.36, 6526214
0.36, 6497889
0.36, 6494643
0.36, 6404795
0.36, 6387456
0.36, 6360326
0.36, 6349463
0.36, 6311233
0.36, 6110768
0.36, 6004961
0.36, 5998645
0.36, 5965613
0.36, 5887667
0.36, 5823104
0.36, 5773046
0.36, 5432598
0.36, 5431672
0.36, 5406058
0.36, 5340558
0.36, 5340524
0.36, 5308257
0.36, 5306555
0.36, 5284673
0.36, 5267451
0.36, 5148536
0.36, 5112756
0.36, 5102710
0.36, 4863052
0.36, 4795894
0.36, 4791666
0.36, 4722920
0.36, 4699881
0.36, 4699607
0.36, 4668263
0.36, 4652969
0.36, 4634439
0.36, 4618381
0.36, 4606443
0.36, 4589897
0.36, 4587166
0.36, 4582796
0.36, 4430366
0.36, 4428014
0.36, 4415988
0.36, 4388858
0.36, 4380748
0.36, 4311444
0.36, 4307053
0.36, 4296595
0.36, 4291971
0.36, 4204583
0.36, 4201856
0.36, 3955811
0.36, 3913816
0.36, 3913076
0.36, 3911661
0.36, 3905045
0.36, 3894332
0.36, 3879124
0.36, 3864352
0.36, 3820521
0.36, 3768460
0.36, 3760767
0.36, 3757508
0.36, 3620877
0.36, 3610199
0.36, 3563773
0.36, 3541852
0.37, 3533498
0.37, 3533134
0.37, 3471444
0.37, 3450757
0.37, 3434829
0.37, 3362338
0.37, 3352780
0.37, 3351767
0.37, 3348800
0.37, 3339881
0.37, 3318878
0.37, 3289938
0.37, 3284280
0.37, 3283787
0.37, 3273682
0.37, 3260903
0.37, 3240164
0.37, 3178558
0.37, 3114333
0.37, 3094943
0.37, 3092425
0.37, 3092233
0.37, 3080896
0.37, 3033787
0.37, 3011309
0.37, 2952172
0.37, 2938069
0.37, 2914593
0.37, 2871665
0.37, 2843825
0.37, 2838521
0.37, 2812449
0.37, 2806833
0.37, 2776188
0.37, 2752318
0.37, 2748568
0.37, 2708474
0.37, 2707652
0.37, 2702309
0.37, 2701696
0.37, 2698471
0.37, 2695935
0.37, 2670174
0.37, 2669193
0.37, 2657449
0.37, 2549309
0.37, 2520638
0.37, 2514972
0.37, 2504751
0.37, 2469509
0.37, 2426477
0.37, 2420060
0.37, 2416186
0.37, 2414813
0.37, 2393932
0.37, 2388294
0.37, 2372447
0.37, 2370786
0.37, 2345944
0.37, 2332064
0.37, 2297279
0.37, 2293456
0.37, 2285211
0.37, 2274260
0.37, 2263361
0.37, 2257354
0.37, 2249705
0.37, 2247893
0.37, 2239966
0.37, 2237962
0.37, 2209146
0.37, 2194123
0.37, 2191837
0.38, 2183155
0.38, 2172322
0.38, 2171105
0.38, 2169065
0.38, 2167297
0.38, 2166105
0.38, 2135683
0.38, 2130576
0.38, 2111375
0.38, 2102076
0.38, 2098293
0.38, 2096648
0.38, 2094315
0.38, 2067286
0.38, 2062304
0.38, 2056508
0.38, 2051865
0.38, 2046254
0.38, 2043933
0.39, 2035369
0.39, 2022576
0.39, 1985137
0.39, 1975481
0.39, 1972351
0.39, 1966191
0.39, 1964266
0.40, 1961375
0.40, 1958240
0.40, 1886455
0.41, 1885115
0.42, 1884141
0.42, 1883270
0.42, 1877893
0.42, 1864805
0.42, 1863268
0.42, 1853981
0.42, 1841766
0.43, 1840253
0.44, 1830762
0.44, 1819004
0.44, 1780245
0.49, 1776820
0.49, 1770534
0.49, 1770413
0.50, 1750363
0.50, 1748312
0.50, 1736022
0.50, 1721534
0.53, 1717870
0.54, 1713430
0.54, 1706364
0.54, 1703698
0.54, 1702938
0.55, 1697014
0.55, 1692940
0.56, 1691102
0.56, 1685092
0.56, 1674333
0.56, 1673654
0.58, 1669430
0.58, 1663931
0.58, 1663208
0.58, 1656053
0.58, 1654912
0.58, 1645217
0.58, 1644354
0.61, 1644053
0.61, 1642453
0.61, 1642136
0.61, 1640536
0.61, 1635169
0.61, 1634306
0.62, 1632358
0.62, 1631689
0.63, 1629084
0.63, 1627402
0.64, 1626796
0.64, 1626221
0.64, 1626196
0.65, 1625394
0.66, 1623728
0.66, 1620219
0.67, 1618824
0.67, 1616421
0.68, 1610977
0.68, 1610209
0.68, 1607462
0.75, 1600668
0.75, 1599493
0.77, 1596073
2.65, 1595751
2.66, 1594519
2.67, 1593656
6.35, 1591398
6.35, 1584946
6.35, 1573404
6.35, 1571150
6.35, 1567793
6.35, 1566930
6.46, 1565938
6.46, 1565423
6.46, 1563020
6.50, 1562562
6.54, 1561431
6.54, 1559515
8.31, 1557978
8.33, 1556565
8.33, 1555702
8.39, 1555060
