0.00, 7595595
0.00, 7587723
0.00, 7559698
0.00, 7427709
0.00, 7409711
0.00, 7369299
0.00, 7252423
0.00, 7251469
0.00, 7199525
0.00, 7194787
0.00, 7085894
0.00, 7037834
0.00, 6997311
0.00, 6985373
0.00, 6975639
0.00, 6899150
0.00, 6897424
0.00, 6832504
0.00, 6562735
0.00, 6479010
0.00, 6466471
0.00, 6465300
0.00, 6452084
0.00, 6352117
0.00, 6268661
0.00, 6198014
0.00, 6183476
0.00, 6131976
0.00, 6127528
0.00, 6088503
0.00, 6021504
0.00, 5977962
0.00, 5957217
0.00, 5953460
0.00, 5937310
0.00, 5875716
0.00, 5868480
0.00, 5807046
0.00, 5774526
0.00, 5752151
0.00, 5747782
0.00, 5615027
0.00, 5614902
0.00, 5528313
0.00, 5292954
0.00, 5289714
0.00, 5286133
0.00, 5272812
0.00, 5258807
0.00, 5255002
0.00, 5228899
0.00, 5215833
0.00, 5122565
0.00, 5070565
0.00, 5043915
0.00, 5030254
0.00, 5012232
0.00, 4984225
0.00, 4958287
0.00, 4806280
0.00, 4763057
0.00, 4732682
0.00, 4731883
0.00, 4703921
0.00, 4695625
0.00, 4695125
0.00, 4680306
0.00, 4641626
0.00, 4485002
0.00, 4441003
0.00, 4440570
0.00, 4429469
0.00, 4418089
0.00, 4362589
0.00, 4228512
0.00, 4228027
0.00, 4226136
0.00, 4225303
0.00, 4208507
0.00, 4205544
0.00, 4196285
0.00, 4179522
0.00, 4144287
0.00, 4121523
0.00, 4107201
0.00, 3993235
0.00, 3986621
0.00, 3984008
0.01, 3950589
0.01, 3946560
0.01, 3761336
0.01, 3735985
0.01, 3733319
0.01, 3724752
0.01, 3604795
0.01, 3574018
0.01, 3554877
0.01, 3554310
0.01, 3548623
0.01, 3544924
0.01, 3537574
0.01, 3501697
0.01, 3492609
0.01, 3485509
0.01, 3483234
0.01, 3481594
0.01, 3470627
0.01, 3469600
0.01, 3426736
0.01, 3414687
0.01, 3351505
0.01, 3320386
0.01, 3314337
0.01, 3311249
0.01, 3289551
0.01, 3252098
0.01, 3229953
0.01, 3221198
0.01, 3194170
0.01, 3182945
0.01, 3069237
0.01, 3055591
0.01, 3052439
0.01, 3027828
0.01, 3019564
0.01, 3018293
0.01, 2940447
0.01, 2935889
0.01, 2935206
0.01, 2926865
0.01, 2852547
0.01, 2852153
0.01, 2827895
0.01, 2812239
0.01, 2800208
0.01, 2726875
0.01, 2724835
0.01, 2670446
0.01, 2656137
0.01, 2653523
0.01, 2636406
0.01, 2620567
0.01, 2567352
0.01, 2549421
0.01, 2515452
0.01, 2489184
0.01, 2467863
0.01, 2465097
0.01, 2419332
0.01, 2397319
0.01, 2391125
0.01, 2387357
0.01, 2370019
0.01, 2352694
0.01, 2343344
0.01, 2341898
0.01, 2339992
0.01, 2339155
0.01, 2325773
0.01, 2325459
0.01, 2324272
0.01, 2317930
0.01, 2309775
0.01, 2307231
0.01, 2304735
0.01, 2285621
0.01, 2285504
0.01, 2282524
0.01, 2276653
0.02, 2262622
0.02, 2257478
0.02, 2252076
0.02, 2203455
0.02, 2200178
0.02, 2175901
0.02, 2175028
0.02, 2162272
0.02, 2131746
0.02, 2130920
0.02, 2130002
0.02, 2105922
0.02, 2097450
0.02, 2095918
0.02, 2087493
0.02, 2081837
0.02, 2078584
0.02, 2078189
0.02, 2075898
0.02, 2064451
0.02, 2028848
0.02, 2016378
0.02, 1995798
0.02, 1989257
0.02, 1987998
0.02, 1985985
0.02, 1985119
0.02, 1978945
0.02, 1957216
0.02, 1918335
0.02, 1915319
0.02, 1907170
0.03, 1903524
0.03, 1894218
0.03, 1890060
0.06, 1882217
0.06, 1878961
0.06, 1874354
0.06, 1869990
0.06, 1854017
0.07, 1845031
0.07, 1843862
0.07, 1793419
0.07, 1792619
0.07, 1792224
0.08, 1787824
0.08, 1784500
0.09, 1763462
0.12, 1748949
0.12, 1747123
0.12, 1737877
0.12, 1729267
0.12, 1725992
0.12, 1717598
0.14, 1712794
0.14, 1706701
0.14, 1700524
0.14, 1687893
0.17, 1680073
0.17, 1670690
0.17, 1669354
0.17, 1659092
0.18, 1654599
0.20, 1654295
0.20, 1654009
0.20, 1645506
0.22, 1641407
0.22, 1636825
0.22, 1623605
0.22, 1620662
0.24, 1618100
0.24, 1615273
0.25, 1613821
0.27, 1607636
0.27, 1606563
0.28, 1606137
0.28, 1605298
0.28, 1603521
0.28, 1602925
0.28, 1602844
0.28, 1601862
0.28, 1600308
0.28, 1598244
0.28, 1586924
0.35, 1578938
0.36, 1575933
0.36, 1572882
0.36, 1572240
0.38, 1571348
0.39, 1570070
0.41, 1568248
0.42, 1567715
0.49, 1567073
0.49, 1564790
2.14, 1562675
2.14, 1558749
2.20, 1556934
2.20, 1556292
2.27, 1555060
