0.00,7368946
0.00,7140268
0.00,6867519
0.00,6634066
0.00,6368294
0.00,6252667
0.00,6137234
0.00,6017969
0.00,6123816
0.00,5583810
0.00,5714799
0.00,5690143
0.00,5600981
0.00,5182117
0.00,5135383
0.00,5324424
0.00,5233590
0.00,5017562
0.00,4858115
0.00,4637773
0.00,4500888
0.00,4331588
0.00,4338965
0.00,4177071
0.00,4165931
0.00,4181533
0.00,3947540
0.00,3788477
0.00,3845958
0.00,3863485
0.00,3860178
0.00,3894434
0.00,3921577
0.00,3707603
0.00,3574355
0.00,3407646
0.00,3396515
0.00,3472532
0.00,3596113
0.00,3617151
0.00,3405272
0.00,3369565
0.00,3480483
0.00,3530562
0.00,3539717
0.00,3627479
0.00,3590649
0.00,3531404
0.00,3419348
0.00,3176176
0.00,3097482
0.00,3172952
0.00,3203872
0.00,3155044
0.00,3104798
0.00,3074751
0.00,2990680
0.00,2903990
0.00,2842966
0.00,2774590
0.00,2731614
0.00,2701331
0.00,2609711
0.00,2544332
0.00,2591336
0.00,2721074
0.00,2771956
0.00,2750111
0.00,2737142
0.00,2702027
0.00,2574383
0.00,2573175
0.00,2669485
0.00,2756932
0.00,2828563
0.00,2756365
0.00,2829759
0.00,2783597
0.00,2670577
0.00,2486190
0.00,2423570
0.00,2491609
0.00,2424040
0.00,2397408
0.00,2443072
0.00,2463984
0.00,2490485
0.00,2608964
0.00,2624243
0.00,2559455
0.00,2517703
0.00,2340907
0.00,2293175
0.00,2290101
0.00,2260419
0.00,2290929
0.00,2310147
0.00,2336974
0.00,2337080
0.00,2335031
0.00,2346983
0.00,2260012
0.00,2287970
0.00,2281137
0.00,2257230
0.00,2213082
0.00,2178831
0.00,2121454
0.00,2087805
0.00,2044288
0.00,2031052
0.00,2032270
0.00,1992499
0.00,1965291
0.00,1949745
0.00,1956875
0.00,2001315
0.00,1914979
0.00,1880891
0.00,1883354
0.00,1882441
0.00,1887657
0.00,1939460
0.00,2012538
0.00,2077402
0.00,2100403
0.00,2152061
0.01,2203454
0.01,2177016
0.01,2192863
0.01,2210539
0.01,2222583
0.01,2148853
0.01,2136834
0.01,2140646
0.01,2042837
0.01,2045836
0.01,2182293
0.01,2271427
0.01,2277104
0.01,2272350
0.01,2179559
0.01,2170353
0.01,2138016
0.01,2060476
0.01,1939252
0.01,1897087
0.01,1877871
0.01,1859964
0.01,1840510
0.01,1858132
0.01,1857385
0.01,1848371
0.01,1811566
0.01,1816948
0.01,1826513
0.01,1837389
0.01,1844714
0.01,1869746
0.01,1848610
0.01,1841718
0.01,1805752
0.01,1797794
0.01,1777716
0.01,1777480
0.01,1786972
0.01,1782075
0.01,1772450
0.01,1778078
0.01,1788361
0.01,1761543
0.01,1751910
0.01,1770667
0.01,1824792
0.01,1874329
0.01,2023534
0.01,2053985
0.01,2013739
0.01,2018002
0.01,2019091
0.01,1891770
0.01,1739484
0.01,1728761
0.01,1718447
0.01,1709734
0.01,1768380
0.01,1822739
0.01,1854640
0.01,1848862
0.01,1820586
0.01,1932540
0.01,1888666
0.01,1802746
0.01,1749705
0.01,1723445
0.01,1688636
0.01,1684421
0.01,1747173
0.01,1791037
0.01,1781147
0.01,1727762
0.01,1676360
0.01,1671128
0.01,1665949
0.01,1661122
0.01,1657789
0.01,1669022
0.01,1706002
0.01,1725805
0.01,1743614
0.01,1768186
0.01,1797949
0.01,1847625
0.01,1865812
0.01,1974715
0.01,2027185
0.01,2094413
0.01,2154298
0.01,2113692
0.01,2105982
0.01,1991870
0.01,1962838
0.01,1943967
0.01,2020859
0.01,2109237
0.01,2109717
0.01,2087206
0.01,2016293
0.01,1929295
0.01,1865968
0.01,1776451
0.01,1738018
0.01,1731992
0.01,1703916
0.01,1702598
0.01,1717344
0.01,1687383
0.01,1660366
0.01,1730184
0.01,1758599
0.01,1767489
0.01,1786828
0.01,1766256
0.01,1774434
0.01,1667904
0.01,1697352
0.01,1726963
0.01,1766680
0.01,1670353
0.01,1633638
0.01,1643732
0.01,1677340
0.01,1670331
0.01,1645617
0.01,1642148
0.01,1721997
0.01,1730136
0.01,1723598
0.01,1638806
0.01,1631651
0.01,1633936
0.01,1696048
0.01,1750877
0.01,1782138
0.01,1764405
0.01,1735270
0.01,1737290
0.01,1739967
0.01,1686291
0.01,1685687
0.01,1681872
0.01,1629718
0.01,1654045
0.01,1626611
0.01,1673466
0.01,1743360
0.01,1769689
0.01,1905419
0.01,1901460
0.01,1950198
0.01,1816746
0.01,1661438
0.01,1620993
0.01,1644300
0.01,1716456
0.01,1869011
0.01,1920950
0.01,1979649
0.01,1956234
0.01,1921649
0.01,1733523
0.01,1603879
0.01,1602329
0.01,1606127
0.01,1600679
0.01,1599504
0.01,1613336
0.01,1621093
0.01,1615158
0.01,1613765
0.01,1657403
0.01,1691504
0.01,1725050
0.01,1680833
0.01,1647561
0.01,1598665
0.01,1601276
0.01,1609505
0.01,1643402
0.01,1636978
0.01,1611746
0.01,1616011
0.01,1687842
0.01,1701958
0.01,1689727
0.01,1604935
0.01,1597780
