0.02, 7478618
0.02, 7475346
0.02, 7468858
0.02, 7318319
0.02, 7183022
0.02, 7047807
0.02, 7044759
0.02, 6979512
0.02, 6908959
0.02, 6706812
0.02, 6553023
0.02, 6548440
0.02, 6425650
0.02, 6423623
0.02, 6380929
0.02, 6253169
0.02, 6217916
0.02, 6214287
0.02, 6209650
0.02, 6201097
0.02, 6194468
0.02, 6189468
0.02, 6144482
0.02, 6089739
0.02, 6088309
0.02, 5936779
0.02, 5880491
0.02, 5874477
0.02, 5873850
0.02, 5835423
0.02, 5745365
0.02, 5731456
0.02, 5679779
0.02, 5676323
0.02, 5668257
0.02, 5603497
0.02, 5580880
0.02, 5425047
0.02, 5416684
0.02, 5283687
0.02, 5196073
0.02, 5178899
0.02, 5172801
0.02, 5118783
0.02, 5088793
0.02, 5068520
0.02, 5051973
0.02, 5032478
0.02, 4970709
0.02, 4967406
0.02, 4951531
0.02, 4948744
0.02, 4945505
0.02, 4881228
0.02, 4879333
0.02, 4819565
0.02, 4790947
0.02, 4783765
0.02, 4775992
0.02, 4728306
0.02, 4648939
0.02, 4592010
0.02, 4578438
0.02, 4545568
0.02, 4303422
0.02, 4290300
0.02, 4243511
0.02, 4233107
0.02, 4222464
0.02, 4208242
0.02, 4189302
0.02, 4094351
0.02, 4075287
0.02, 4074015
0.02, 4052576
0.02, 4010297
0.02, 3935173
0.02, 3934799
0.02, 3925983
0.02, 3921465
0.02, 3888686
0.02, 3756553
0.02, 3742327
0.02, 3736685
0.02, 3731026
0.02, 3715414
0.02, 3710724
0.02, 3660455
0.02, 3653726
0.02, 3502391
0.02, 3500304
0.02, 3497774
0.02, 3468315
0.02, 3458358
0.02, 3444100
0.02, 3424052
0.02, 3282147
0.02, 3268341
0.02, 3250685
0.02, 3250233
0.02, 3245686
0.02, 3245367
0.02, 3227105
0.02, 3223231
0.02, 3214806
0.02, 3196222
0.02, 3185601
0.02, 3183383
0.02, 3173738
0.02, 3154342
0.02, 3151003
0.02, 3144546
0.02, 3131841
0.02, 3122845
0.02, 3116648
0.02, 3112706
0.02, 3098360
0.02, 3092476
0.02, 3078080
0.02, 3054590
0.02, 3049087
0.02, 3046803
0.02, 3036148
0.02, 3032226
0.02, 3022979
0.02, 2998491
0.02, 2913874
0.02, 2913128
0.02, 2883255
0.02, 2883174
0.02, 2865277
0.02, 2786540
0.02, 2761854
0.02, 2755564
0.02, 2733929
0.02, 2715320
0.02, 2694047
0.02, 2691793
0.02, 2684853
0.02, 2648626
0.02, 2638150
0.02, 2637750
0.02, 2632580
0.02, 2574001
0.02, 2562385
0.02, 2550454
0.02, 2550434
0.03, 2545559
0.03, 2515242
0.03, 2513277
0.03, 2499361
0.03, 2496480
0.03, 2494508
0.03, 2493958
0.03, 2489712
0.03, 2489290
0.03, 2488659
0.03, 2482435
0.03, 2482206
0.03, 2435929
0.03, 2435792
0.03, 2423985
0.03, 2404134
0.03, 2390123
0.03, 2368737
0.03, 2367332
0.03, 2367183
0.03, 2366619
0.03, 2325908
0.03, 2324059
0.03, 2320163
0.03, 2319741
0.03, 2314596
0.03, 2305039
0.03, 2265832
0.03, 2263294
0.03, 2255648
0.03, 2254583
0.03, 2243358
0.03, 2217385
0.03, 2210651
0.03, 2209545
0.03, 2200346
0.03, 2199646
0.03, 2199220
0.03, 2191557
0.03, 2181402
0.03, 2178822
0.03, 2144439
0.03, 2134204
0.03, 2134203
0.03, 2110668
0.03, 2100470
0.03, 2099135
0.03, 2095088
0.03, 2076092
0.03, 2070430
0.03, 2066510
0.03, 2049823
0.03, 2040328
0.04, 2029042
0.04, 2002681
0.04, 2001766
0.04, 1993769
0.04, 1988406
0.04, 1980529
0.04, 1973503
0.04, 1972947
0.04, 1972135
0.04, 1958607
0.04, 1958149
0.04, 1941330
0.04, 1934768
0.04, 1931488
0.05, 1923552
0.05, 1915317
0.05, 1909221
0.05, 1880170
0.05, 1872464
0.06, 1871021
0.06, 1868576
0.06, 1867212
0.06, 1864984
0.06, 1864033
0.06, 1863340
0.06, 1860315
0.09, 1850840
0.09, 1847819
0.09, 1820385
0.09, 1819782
0.09, 1814494
0.12, 1810167
0.12, 1809318
0.14, 1803529
0.14, 1793619
0.14, 1782975
0.14, 1780996
0.14, 1775499
0.14, 1772364
0.14, 1772143
0.14, 1770911
0.14, 1768860
0.14, 1763642
0.14, 1763436
0.14, 1761821
0.14, 1761078
0.14, 1759257
0.14, 1748490
0.16, 1748175
0.16, 1720852
0.16, 1715677
0.16, 1714834
0.16, 1713222
0.16, 1711018
0.19, 1705269
0.19, 1700533
0.19, 1700017
0.19, 1689845
0.19, 1679012
0.19, 1672715
0.19, 1667868
0.19, 1666636
0.19, 1658449
0.19, 1655248
0.19, 1645484
0.19, 1644396
0.19, 1640469
0.20, 1634997
0.20, 1632677
0.20, 1625641
0.20, 1621168
0.20, 1614806
0.20, 1614395
0.21, 1611978
0.26, 1605884
0.26, 1601859
0.26, 1600859
0.26, 1596486
0.26, 1595844
0.26, 1592591
0.27, 1587543
0.27, 1583660
0.32, 1582079
0.33, 1579831
0.33, 1578968
0.34, 1576688
0.34, 1573998
0.34, 1569032
0.34, 1567539
0.34, 1566716
0.34, 1565484
0.48, 1564501
2.23, 1563946
2.24, 1563399
2.27, 1562636
2.27, 1561994
2.27, 1561693
2.28, 1557797
2.28, 1557155
2.28, 1556292
2.28, 1555923
8.34, 1555702
8.35, 1555060
