0.00,7237306
0.00,6938657
0.00,6639667
0.00,6467634
0.00,6239853
0.00,5896334
0.00,5667388
0.00,5327113
0.00,5001036
0.00,4814962
0.00,4567642
0.00,4662431
0.00,4687250
0.00,4663888
0.00,4641132
0.00,4656894
0.00,4559933
0.00,4398806
0.00,4320653
0.00,4181168
0.00,3981689
0.00,3978760
0.00,4006422
0.00,3822084
0.00,3723712
0.00,3562424
0.00,3535779
0.00,3540857
0.00,3416708
0.00,3289431
0.00,3231195
0.00,3214752
0.00,3167745
0.00,3112172
0.00,3022551
0.00,3007744
0.00,2986168
0.00,2991105
0.00,2944104
0.00,2911992
0.00,2885249
0.00,2763571
0.00,2690321
0.00,2663523
0.00,2628314
0.00,2567974
0.00,2528085
0.00,2567611
0.00,2578938
0.00,2590683
0.00,2591944
0.00,2516710
0.00,2539125
0.00,2553639
0.00,2560933
0.00,2547524
0.00,2585009
0.00,2595753
0.00,2650628
0.00,2635988
0.00,2611862
0.00,2467898
0.00,2422167
0.00,2391414
0.00,2351898
0.00,2352789
0.00,2368718
0.00,2390714
0.00,2402773
0.00,2455248
0.00,2438913
0.00,2383972
0.00,2388972
0.00,2386156
0.00,2323608
0.00,2342587
0.00,2241831
0.00,2229007
0.00,2203533
0.00,2205806
0.00,2148279
0.00,2113773
0.00,2279506
0.00,2330962
0.00,2385777
0.00,2397720
0.00,2440010
0.00,2424771
0.00,2384635
0.00,2283172
0.00,2200110
0.00,2233806
0.00,2285982
0.00,2311189
0.00,2361418
0.00,2366324
0.00,2325851
0.00,2230594
0.00,2149713
0.00,2132310
0.00,2105388
0.00,2104240
0.00,2107424
0.00,2106944
0.00,2061403
0.00,2029418
0.00,1999615
0.00,1973868
0.00,1949144
0.00,2006289
0.00,2014428
0.00,1971261
0.00,1944979
0.00,1912375
0.00,1899535
0.00,1878355
0.00,1858488
0.00,1841224
0.00,1854460
0.00,1868779
0.00,1866884
0.00,1906452
0.00,1920473
0.00,1997318
0.00,2011273
0.01,2034105
0.01,2049469
0.01,2080555
0.01,2073442
0.01,2033435
0.01,1999697
0.01,1941567
0.01,1905468
0.01,1855274
0.01,1833618
0.01,1826551
0.01,1797550
0.01,1788845
0.01,1775434
0.01,1760967
0.01,1768583
0.01,1759117
0.01,1740409
0.01,1769822
0.01,1739342
0.01,1721902
0.01,1711131
0.01,1707733
0.01,1700578
0.01,1702735
0.01,1693488
0.01,1686788
0.01,1680103
0.01,1707155
0.01,1764491
0.01,1832078
0.01,1847756
0.01,1869412
0.01,1905189
0.01,1900040
0.01,1887348
0.01,1873503
0.01,1833780
0.01,1809751
0.01,1746059
0.01,1723145
0.01,1702138
0.01,1690879
0.01,1709713
0.01,1758391
0.01,1775930
0.01,1792880
0.01,1820593
0.01,1783568
0.01,1733518
0.01,1715506
0.01,1670373
0.01,1671830
0.01,1666767
0.01,1686210
0.01,1686409
0.01,1715807
0.01,1678064
0.01,1698772
0.01,1757526
0.01,1693358
0.01,1653222
0.01,1679603
0.01,1698893
0.01,1749433
0.01,1771931
0.01,1800000
0.01,1830766
0.01,1813447
0.01,1804819
0.01,1804876
0.01,1779552
0.01,1746700
0.01,1643226
0.01,1669659
0.01,1685135
0.01,1739262
0.01,1755055
0.01,1799106
0.01,1831993
0.01,1827452
0.01,1796686
0.01,1785653
0.01,1765236
0.01,1746286
0.01,1679513
0.01,1634188
0.01,1667123
0.01,1660166
0.01,1667243
0.01,1679464
0.01,1729071
0.01,1745293
0.01,1784082
0.01,1829417
0.01,1839271
0.01,1824331
0.01,1802680
0.01,1758700
0.01,1738202
0.01,1669579
0.01,1636923
0.01,1622445
0.01,1616543
0.01,1628100
0.01,1626516
0.01,1636534
0.01,1612894
0.01,1615329
0.01,1611377
0.01,1627600
0.01,1652710
0.01,1704391
0.01,1723855
0.01,1757394
0.01,1807450
0.01,1801400
0.01,1786134
0.01,1773490
0.01,1732780
0.01,1713830
0.01,1647057
0.01,1601732
0.01,1622894
0.01,1640504
0.01,1637702
0.01,1616417
0.01,1614593
0.01,1592835
0.01,1584996
0.01,1622162
0.01,1619183
0.01,1636839
0.01,1649084
0.01,1720925
0.01,1743145
0.01,1754295
0.01,1781331
0.01,1788271
0.01,1778265
0.01,1770048
0.01,1729169
0.01,1705140
0.01,1641448
0.01,1609407
0.01,1596695
0.01,1596278
0.01,1587862
0.01,1568836
0.01,1725630
0.01,1778493
0.01,1853532
0.01,1908930
0.01,1956184
0.01,1948484
0.01,1846818
0.01,1752836
0.01,1808390
0.01,1904924
0.01,1917075
0.01,2024312
0.01,2044631
0.01,2028074
0.01,1985951
0.01,1889316
0.01,1857706
0.01,1784261
0.01,1744696
0.01,1731660
0.01,1732331
0.01,1720249
0.01,1681010
0.01,1662826
0.01,1675968
0.01,1667556
0.01,1652258
0.01,1614720
0.01,1616018
0.01,1611804
0.01,1589304
0.01,1567992
0.01,1564128
0.01,1561077
0.01,1558674
0.01,1556292
0.01,1555060
