0.02,6652013
0.03,6433782
0.03,6129757
0.03,5950678
0.03,5881359
0.03,5851835
0.03,6023926
0.03,5860685
0.03,5546052
0.03,5257296
0.03,5079666
0.03,4992511
0.03,5005283
0.03,4931410
0.03,4831224
0.03,4780594
0.03,4600338
0.03,4429947
0.03,4336119
0.03,4180658
0.03,4017545
0.03,4123107
0.03,4062640
0.03,3986090
0.03,3785922
0.03,3753353
0.03,3776919
0.03,3766345
0.03,3616500
0.03,3663903
0.03,3615249
0.03,3635100
0.03,3600525
0.03,3692358
0.03,3732452
0.03,3800817
0.03,3730450
0.03,3767861
0.03,3698140
0.03,3568032
0.03,3445292
0.03,3364761
0.03,3395023
0.03,3332443
0.03,3435550
0.03,3384146
0.03,3224363
0.03,3237925
0.03,3177815
0.03,3146236
0.03,2990711
0.03,2905955
0.03,2974774
0.03,2838496
0.03,2757210
0.03,2796726
0.03,2803811
0.03,2771521
0.03,2681321
0.03,2883307
0.03,2863507
0.03,2875026
0.03,2851136
0.03,2737183
0.03,2680437
0.03,2696513
0.03,2713625
0.03,2702422
0.03,2669829
0.03,2632305
0.03,2581316
0.03,2545183
0.03,2501600
0.03,2480202
0.03,2454520
0.03,2402181
0.03,2377613
0.03,2579201
0.03,2701997
0.03,2756878
0.03,2691651
0.03,2645121
0.03,2610014
0.03,2572351
0.03,2511167
0.03,2436887
0.03,2422008
0.03,2376578
0.03,2491906
0.03,2444819
0.03,2445984
0.03,2431801
0.03,2425891
0.03,2385598
0.03,2376780
0.03,2341829
0.03,2291081
0.03,2275885
0.03,2336537
0.03,2246191
0.03,2194928
0.03,2167662
0.03,2124646
0.03,2092042
0.03,2121505
0.03,2171382
0.03,2186282
0.03,2151660
0.03,2178541
0.03,2167380
0.03,2077147
0.03,2039431
0.03,2012853
0.03,2040768
0.03,1939092
0.03,1924859
0.03,1955246
0.03,1937255
0.03,1907228
0.03,1889626
0.03,1874080
0.03,1858231
0.03,1832219
0.03,1811101
0.03,1819925
0.03,1841647
0.03,1814162
0.03,1799338
0.03,1805877
0.03,1787261
0.03,1781305
0.03,1769644
0.03,1815586
0.03,1832696
0.03,1843620
0.03,1898386
0.03,1924924
0.03,1945593
0.03,1985212
0.03,1968432
0.03,1927375
0.03,1969648
0.03,1909045
0.03,1964473
0.03,1995566
0.03,2027602
0.03,2138153
0.03,2128913
0.03,2137470
0.03,1996939
0.03,1894480
0.03,1836532
0.03,1829574
0.03,1779242
0.03,1844720
0.03,1787402
0.03,1768917
0.03,1749542
0.03,1732102
0.03,1742001
0.03,1765544
0.03,1732973
0.03,1719279
0.03,1708965
0.03,1699001
0.03,1690505
0.03,1684418
0.03,1678516
0.03,1672662
0.03,1675448
0.03,1667835
0.03,1690192
0.03,1709223
0.03,1701789
0.03,1697536
0.03,1661549
0.03,1661852
0.03,1667503
0.03,1670359
0.03,1664403
0.03,1654439
0.03,1650118
0.03,1646024
0.03,1658128
0.03,1678180
0.03,1687688
0.03,1672191
0.03,1643500
0.03,1641806
0.03,1640393
0.03,1639161
