0.00, 7299821
0.00, 7124890
0.00, 7095440
0.00, 7069729
0.00, 6976819
0.00, 6952552
0.00, 6872942
0.00, 6863646
0.00, 6862201
0.00, 6842632
0.00, 6841998
0.00, 6794266
0.00, 6591228
0.00, 6533466
0.00, 6493090
0.00, 6356138
0.00, 6099447
0.00, 5995906
0.00, 5995376
0.00, 5993807
0.00, 5993765
0.00, 5959227
0.00, 5831586
0.00, 5794780
0.00, 5794445
0.00, 5648942
0.00, 5558785
0.00, 5479918
0.00, 5477718
0.00, 5477597
0.00, 5470149
0.00, 5389624
0.00, 5378612
0.00, 5370752
0.00, 5358981
0.00, 5344780
0.00, 5325954
0.00, 5236419
0.00, 5067444
0.00, 4977066
0.00, 4975452
0.00, 4874320
0.00, 4839516
0.00, 4833481
0.00, 4816329
0.00, 4766470
0.00, 4756647
0.00, 4747394
0.00, 4690725
0.00, 4680977
0.00, 4676184
0.00, 4675787
0.00, 4661903
0.00, 4640680
0.00, 4585989
0.00, 4582417
0.00, 4574363
0.00, 4535501
0.00, 4488303
0.00, 4413195
0.00, 4297753
0.00, 4275750
0.00, 4232998
0.00, 4227496
0.00, 4212682
0.00, 4184786
0.00, 4140604
0.00, 4078764
0.00, 4073877
0.00, 4070419
0.00, 4065676
0.00, 4023732
0.00, 3974107
0.00, 3904209
0.00, 3897651
0.00, 3893764
0.00, 3850555
0.00, 3808242
0.00, 3806787
0.00, 3746141
0.00, 3718217
0.00, 3711672
0.00, 3548640
0.00, 3534069
0.01, 3473337
0.01, 3447820
0.01, 3374983
0.01, 3361809
0.01, 3340149
0.01, 3328788
0.01, 3309423
0.01, 3300426
0.01, 3289219
0.01, 3287734
0.01, 3254085
0.01, 3210105
0.01, 3202864
0.01, 3142583
0.01, 3090762
0.01, 3090439
0.01, 3089879
0.01, 3020889
0.01, 3013533
0.01, 3010118
0.01, 3001010
0.01, 2997238
0.01, 2997082
0.01, 2927960
0.01, 2880276
0.01, 2866928
0.01, 2846477
0.01, 2842037
0.01, 2806403
0.01, 2786113
0.01, 2764722
0.01, 2754770
0.01, 2727505
0.01, 2726047
0.01, 2725889
0.01, 2721894
0.01, 2708051
0.01, 2707580
0.01, 2683613
0.01, 2670434
0.01, 2669537
0.01, 2665918
0.01, 2662650
0.01, 2643231
0.01, 2591786
0.01, 2584142
0.01, 2581379
0.01, 2575608
0.01, 2568349
0.01, 2564633
0.01, 2517138
0.01, 2513233
0.01, 2503361
0.01, 2491341
0.01, 2469982
0.01, 2401143
0.01, 2371642
0.01, 2366043
0.01, 2349897
0.01, 2342768
0.01, 2339351
0.01, 2295332
0.01, 2289917
0.01, 2237414
0.01, 2236288
0.01, 2219516
0.02, 2184846
0.02, 2180530
0.02, 2169919
0.02, 2155309
0.02, 2135775
0.02, 2128609
0.02, 2127434
0.02, 2126368
0.02, 2112185
0.02, 2105721
0.02, 2087388
0.02, 2085390
0.02, 2079673
0.02, 2057037
0.02, 2055880
0.02, 2010330
0.02, 1996962
0.02, 1972665
0.02, 1966876
0.02, 1962997
0.02, 1950186
0.02, 1940676
0.02, 1937601
0.04, 1932959
0.05, 1920918
0.05, 1912782
0.05, 1907868
0.05, 1905715
0.05, 1894320
0.05, 1894227
0.05, 1882517
0.05, 1878444
0.06, 1871031
0.07, 1860191
0.07, 1858187
0.07, 1836523
0.07, 1836016
0.08, 1828953
0.08, 1828699
0.08, 1821882
0.08, 1817956
0.08, 1817950
0.08, 1814561
0.08, 1794612
0.12, 1792793
0.12, 1787899
0.13, 1784044
0.13, 1781401
0.13, 1781156
0.13, 1771612
0.13, 1770290
0.14, 1769818
0.14, 1745217
0.14, 1740584
0.14, 1739089
0.14, 1726550
0.14, 1720107
0.14, 1714385
0.14, 1707016
0.14, 1691937
0.14, 1687187
0.14, 1678846
0.15, 1678248
0.15, 1675768
0.15, 1660312
0.22, 1654787
0.22, 1653052
0.22, 1651502
0.23, 1649166
0.23, 1649154
0.23, 1645887
0.24, 1644783
0.24, 1644757
0.24, 1641706
0.24, 1640011
0.24, 1638048
0.28, 1635259
0.28, 1634480
0.29, 1632467
0.29, 1631129
0.29, 1627476
0.29, 1626269
0.29, 1624293
0.31, 1622805
0.31, 1622747
0.31, 1618221
0.31, 1616741
0.31, 1615109
0.39, 1612362
0.39, 1611996
0.43, 1610804
0.44, 1609648
0.44, 1609276
0.44, 1607582
0.44, 1607236
0.44, 1606719
0.44, 1606373
0.46, 1604574
0.46, 1604293
0.46, 1603711
0.48, 1603430
0.48, 1603055
3.84, 1601826
3.84, 1600286
3.84, 1598370
3.84, 1592315
3.85, 1589042
3.85, 1582627
3.89, 1582231
3.89, 1579974
3.89, 1579425
3.90, 1575506
3.94, 1574323
3.94, 1572407
3.94, 1566858
3.96, 1563526
3.96, 1562884
3.96, 1561610
3.98, 1561302
3.98, 1560660
3.98, 1559428
3.98, 1558565
4.04, 1556976
4.05, 1556565
4.05, 1555702
4.09, 1555060
