0.00,7230704
0.00,6839046
0.00,6709542
0.00,6873326
0.00,6393789
0.00,6092491
0.00,5789623
0.00,5645300
0.00,5372982
0.00,4892452
0.00,4819173
0.00,4682812
0.00,4684590
0.00,4763259
0.00,4554196
0.00,4693248
0.00,4525448
0.00,4330363
0.00,4155813
0.00,4087538
0.00,4260780
0.00,4238874
0.00,4161801
0.00,4210380
0.00,4345389
0.00,4126120
0.00,3827303
0.00,3781203
0.00,3868285
0.00,3664499
0.00,3757602
0.00,3704058
0.00,3506996
0.00,3389093
0.00,3425442
0.00,3416533
0.00,3337465
0.00,3307480
0.00,3214029
0.00,3327404
0.00,3516717
0.00,3400376
0.01,3297809
0.01,3372394
0.01,3509445
0.01,3363653
0.01,3280354
0.01,3318728
0.01,3527878
0.01,3525201
0.01,3565698
0.01,3445360
0.01,3294881
0.01,3101213
0.01,3058374
0.01,3148388
0.01,3128058
0.01,3118359
0.01,2930993
0.01,2961478
0.01,2932977
0.01,2857427
0.01,2796099
0.01,2794353
0.01,2876621
0.01,2869050
0.01,3047014
0.01,3003544
0.01,3061440
0.01,3075904
0.01,3177792
0.01,3109346
0.01,3038816
0.01,2922311
0.01,2935845
0.01,2977560
0.01,2947506
0.01,2866908
0.01,2885849
0.01,2713549
0.01,2709118
0.01,2585132
0.01,2680395
0.01,2708119
0.01,2799433
0.01,2727185
0.01,2732646
0.01,2756676
0.01,2864574
0.01,2648176
0.01,2479890
0.01,2407509
0.01,2352328
0.01,2372880
0.01,2297616
0.01,2250660
0.01,2260780
0.01,2209464
0.01,2194901
0.01,2151360
0.01,2148732
0.01,2114855
0.01,2091243
0.01,2069578
0.01,2110811
0.01,2204757
0.01,2228686
0.01,2226899
0.01,2225326
0.01,2298449
0.01,2315212
0.01,2294316
0.01,2294212
0.01,2262611
0.01,2302014
0.01,2188182
0.01,2174758
0.01,2183614
0.01,2127230
0.01,2207662
0.01,2231237
0.01,2234019
0.01,2176047
0.01,2156723
0.01,2154813
0.01,2095558
0.01,2172319
0.01,2215838
0.01,2169650
0.01,2101694
0.01,2037753
0.01,2033281
0.01,2020871
0.01,1997302
0.01,1967757
0.01,1940044
0.01,1942294
0.01,1968430
0.01,1954910
0.01,2054734
0.01,2067540
0.01,2079557
0.01,2085110
0.01,2081876
0.01,2073272
0.01,1985047
0.01,1940382
0.01,1908302
0.01,1895576
0.01,1873342
0.01,1854400
0.01,1885830
0.01,1912593
0.01,2053118
0.01,2105335
0.01,2096373
0.01,2137389
0.01,2194103
0.01,2151399
0.01,2123895
0.01,2025436
0.01,1835764
0.01,1817629
0.01,1816015
0.01,1843934
0.01,1803025
0.01,1790581
0.01,1803247
0.01,1820258
0.01,1762443
0.01,1776358
0.01,1745804
0.01,1724413
0.01,1766556
0.01,1813118
0.01,1757265
0.01,1759625
0.01,1800033
0.01,1783755
0.01,1782558
0.01,1776512
0.01,1808637
0.01,1800811
0.01,1922660
0.01,1986721
0.01,1998736
0.01,1983705
0.01,2087040
0.01,2064332
0.01,2022796
0.01,1898776
0.01,1706481
0.01,1696895
0.01,1694488
0.01,1709022
0.01,1724743
0.01,1744345
0.01,1772458
0.01,1710198
0.01,1711020
0.01,1735549
0.01,1736541
0.01,1734134
0.01,1735651
0.01,1772634
0.01,1761489
0.01,1871679
0.01,1977210
0.01,1991461
0.01,1991815
0.01,2080106
0.01,2000816
0.01,1973946
0.01,1684471
0.01,1678174
0.01,1672320
0.01,1667612
0.01,1662911
0.01,1671135
0.01,1694232
0.01,1730679
0.01,1705741
0.01,1699820
0.01,1703328
0.01,1668697
0.01,1676713
0.01,1672891
0.01,1680814
0.01,1687146
0.01,1690081
0.01,1758403
0.01,1910958
0.01,1961412
0.01,1958553
0.01,1928011
0.01,1999860
0.01,1803451
0.01,1645826
0.01,1707858
0.01,1738091
0.01,1754452
0.01,1765203
0.01,1741940
0.01,1744838
0.01,1747515
0.01,1742552
0.01,1704049
0.01,1643120
0.01,1692826
0.01,1744805
0.01,1771149
0.01,1906488
0.01,1905043
0.01,1889524
0.01,1739008
0.01,1699886
0.01,1622438
0.01,1616584
0.01,1613249
0.01,1610846
0.01,1620940
0.01,1654548
0.01,1647539
0.01,1607537
0.01,1666683
0.01,1713525
0.01,1709327
0.01,1650878
0.01,1599476
0.01,1597926
0.01,1596513
0.01,1603121
0.01,1626570
0.01,1641075
0.01,1638113
0.01,1657636
0.01,1625728
0.01,1677380
0.01,1702808
0.01,1634828
0.01,1595459
0.01,1597990
0.01,1606214
0.01,1629311
0.01,1665758
0.01,1640820
0.01,1634899
0.01,1638407
0.01,1639660
0.01,1652489
0.01,1695123
0.01,1686776
0.01,1811652
0.01,1827504
0.01,1882687
0.01,1926926
0.01,1957256
0.01,1917711
0.01,1917285
0.01,1788396
0.01,1618352
0.01,1636119
0.01,1594407
0.01,1596331
0.01,1602621
0.01,1612484
0.01,1647519
0.01,1653465
0.01,1641420
0.01,1647746
0.01,1651561
0.01,1650585
0.01,1684685
0.01,1689817
0.01,1809049
0.01,1834987
0.01,1883399
0.01,1936528
0.01,1966168
0.01,1935958
0.01,1897873
0.01,1780118
0.01,1623344
0.01,1623355
0.01,1592801
0.01,1591938
0.01,1591299
0.01,1586120
