0.00, 7727520
0.00, 7420710
0.00, 7414225
0.00, 7381862
0.00, 7122238
0.00, 7122227
0.00, 6963511
0.00, 6958210
0.00, 6870351
0.00, 6869499
0.00, 6843349
0.00, 6812453
0.00, 6766405
0.00, 6681183
0.00, 6680888
0.00, 6674627
0.00, 6669379
0.00, 6518630
0.00, 6463808
0.00, 6288098
0.00, 6275299
0.00, 6272359
0.00, 6271229
0.00, 6225169
0.00, 6221385
0.00, 6215402
0.00, 6150258
0.00, 6054975
0.00, 5950332
0.00, 5927431
0.00, 5895186
0.00, 5894759
0.00, 5884250
0.00, 5876264
0.00, 5873165
0.00, 5864665
0.00, 5827458
0.00, 5786459
0.00, 5726114
0.00, 5714339
0.00, 5601812
0.00, 5425187
0.00, 5400653
0.00, 5357616
0.00, 5302387
0.00, 5256291
0.00, 5179907
0.00, 5156105
0.00, 5133006
0.00, 5022951
0.00, 4989110
0.00, 4986602
0.00, 4983929
0.00, 4976970
0.00, 4976000
0.00, 4953929
0.00, 4944891
0.00, 4919360
0.00, 4915426
0.00, 4915103
0.00, 4837243
0.00, 4831658
0.00, 4827467
0.00, 4626162
0.00, 4551811
0.00, 4507549
0.00, 4481938
0.00, 4464002
0.00, 4392150
0.00, 4375831
0.00, 4355524
0.00, 4118426
0.00, 4116872
0.00, 4109951
0.00, 4064380
0.00, 4063935
0.00, 4053082
0.00, 4049331
0.00, 4021114
0.00, 3996975
0.00, 3923336
0.00, 3915450
0.00, 3914635
0.00, 3905011
0.00, 3882106
0.00, 3877782
0.00, 3605163
0.00, 3596921
0.00, 3567814
0.00, 3528091
0.00, 3526905
0.00, 3504994
0.00, 3440106
0.00, 3371860
0.00, 3363011
0.00, 3340572
0.00, 3312952
0.00, 3276400
0.00, 3251829
0.00, 3207982
0.00, 3166438
0.00, 3143872
0.01, 3125295
0.01, 3118976
0.01, 3106933
0.01, 3104759
0.01, 3031547
0.01, 3029822
0.01, 3000508
0.01, 2997438
0.01, 2968424
0.01, 2963228
0.01, 2911882
0.01, 2908402
0.01, 2848584
0.01, 2781186
0.01, 2779851
0.01, 2737465
0.01, 2724942
0.01, 2720090
0.01, 2710050
0.01, 2708282
0.01, 2676551
0.01, 2614331
0.01, 2593307
0.01, 2582676
0.01, 2568213
0.01, 2550729
0.01, 2540641
0.01, 2536599
0.01, 2526202
0.01, 2514914
0.01, 2466234
0.01, 2450913
0.01, 2447880
0.01, 2428206
0.01, 2426695
0.01, 2377154
0.01, 2350247
0.01, 2335813
0.01, 2268991
0.01, 2264552
0.01, 2263004
0.01, 2245975
0.01, 2219725
0.01, 2219183
0.01, 2215184
0.01, 2176687
0.01, 2175888
0.01, 2146678
0.01, 2145542
0.01, 2138164
0.01, 2133316
0.01, 2132971
0.01, 2129722
0.01, 2114724
0.01, 2089773
0.01, 2084638
0.01, 2084514
0.01, 2068659
0.01, 2060469
0.01, 2058934
0.01, 2058315
0.01, 2046371
0.01, 2039789
0.01, 2039354
0.01, 2038348
0.01, 2037510
0.02, 2037466
0.02, 2033289
0.02, 2027797
0.02, 2016141
0.03, 2009936
0.03, 2008450
0.03, 2007182
0.03, 1998766
0.03, 1991100
0.04, 1984370
0.04, 1979579
0.05, 1979425
0.05, 1974989
0.05, 1970615
0.05, 1969470
0.05, 1968453
0.05, 1967169
0.05, 1960701
0.05, 1955595
0.05, 1954745
0.05, 1952209
0.05, 1912041
0.05, 1905840
0.05, 1904464
0.05, 1899885
0.05, 1891218
0.05, 1889606
0.05, 1885082
0.05, 1873260
0.06, 1870129
0.06, 1867439
0.06, 1861440
0.06, 1858180
0.08, 1844080
0.08, 1838145
0.09, 1837818
0.09, 1834439
0.09, 1833570
0.09, 1832238
0.09, 1823689
0.09, 1810312
0.09, 1807555
0.09, 1802627
0.09, 1800328
0.09, 1799890
0.09, 1788382
0.10, 1787552
0.10, 1766052
0.10, 1754900
0.10, 1751744
0.12, 1736394
0.13, 1734595
0.13, 1733770
0.13, 1731322
0.14, 1731106
0.14, 1722592
0.14, 1706462
0.17, 1704464
0.17, 1701402
0.17, 1700251
0.17, 1696342
0.17, 1681637
0.17, 1671331
0.17, 1668552
0.18, 1667986
0.22, 1665713
0.22, 1659407
0.22, 1654823
0.22, 1647850
0.22, 1641757
0.25, 1640461
0.25, 1639033
0.27, 1638562
0.27, 1637699
0.27, 1636005
0.27, 1630309
0.30, 1629141
0.30, 1628187
0.31, 1622040
0.31, 1620160
0.31, 1612196
0.33, 1610516
0.35, 1608987
0.35, 1607397
0.43, 1606549
0.44, 1606367
0.44, 1604732
0.45, 1603538
0.45, 1603496
0.45, 1602264
0.45, 1601983
0.52, 1601034
2.03, 1591901
2.04, 1591506
2.04, 1587356
2.10, 1587304
2.10, 1582845
2.10, 1581166
2.10, 1581111
2.10, 1580549
2.10, 1578631
2.10, 1571585
2.13, 1567497
2.17, 1567073
2.19, 1564790
4.10, 1564396
4.10, 1563319
4.11, 1561993
4.12, 1561223
4.12, 1559787
4.12, 1558924
4.12, 1555060
