0.00, 7490926
0.00, 7352718
0.00, 7214998
0.00, 7089387
0.00, 7071694
0.00, 7051192
0.00, 7043458
0.00, 6932877
0.00, 6923568
0.00, 6789263
0.00, 6786882
0.00, 6776604
0.00, 6739910
0.00, 6725592
0.00, 6684051
0.00, 6670918
0.00, 6670027
0.00, 6648375
0.00, 6455831
0.00, 6453490
0.00, 6373849
0.00, 6323217
0.00, 6302476
0.00, 6288114
0.00, 6190433
0.00, 6190033
0.00, 6128414
0.00, 6127667
0.00, 6013579
0.00, 5935898
0.00, 5885258
0.00, 5858624
0.00, 5680678
0.00, 5626109
0.00, 5617743
0.00, 5464485
0.00, 5451026
0.00, 5420843
0.00, 5387334
0.00, 5298622
0.00, 5281635
0.00, 5039812
0.00, 5037509
0.00, 5018885
0.00, 4901607
0.00, 4868795
0.00, 4824946
0.00, 4820354
0.00, 4802407
0.00, 4788072
0.00, 4717857
0.00, 4716090
0.00, 4710295
0.00, 4619739
0.00, 4592133
0.00, 4579409
0.00, 4575272
0.00, 4573689
0.00, 4563729
0.00, 4528628
0.00, 4515983
0.00, 4449088
0.00, 4335160
0.00, 4288637
0.00, 4277613
0.00, 4242187
0.00, 4237878
0.00, 4236856
0.00, 4227045
0.00, 4217231
0.00, 4194943
0.00, 4179711
0.00, 4149412
0.00, 4138758
0.00, 4135847
0.00, 4135590
0.00, 4095725
0.00, 4095141
0.00, 4081549
0.00, 4039571
0.00, 4035892
0.00, 4028825
0.00, 4028486
0.00, 4011486
0.00, 3880263
0.00, 3851416
0.00, 3845319
0.00, 3840996
0.00, 3826299
0.00, 3804363
0.00, 3799465
0.00, 3793270
0.00, 3755341
0.00, 3755126
0.00, 3746958
0.00, 3746043
0.00, 3720547
0.00, 3706755
0.00, 3665723
0.00, 3410156
0.00, 3375412
0.00, 3307060
0.00, 3306758
0.00, 3293651
0.00, 3285101
0.00, 3221471
0.00, 3188319
0.00, 3168929
0.00, 3164588
0.00, 3140935
0.00, 3135692
0.00, 3121014
0.00, 3033730
0.00, 3018539
0.00, 3017042
0.00, 2996176
0.00, 2996054
0.00, 2987822
0.00, 2979984
0.00, 2978388
0.00, 2929401
0.00, 2923753
0.00, 2902720
0.00, 2849542
0.01, 2839795
0.01, 2829047
0.01, 2798781
0.01, 2761028
0.01, 2728858
0.01, 2717070
0.01, 2708262
0.01, 2702790
0.01, 2700040
0.01, 2695253
0.01, 2692474
0.01, 2681703
0.01, 2644055
0.01, 2637791
0.01, 2581547
0.01, 2567451
0.01, 2563510
0.01, 2562831
0.01, 2562489
0.01, 2525369
0.01, 2517738
0.01, 2513217
0.01, 2509655
0.01, 2502262
0.01, 2488871
0.01, 2486397
0.01, 2485194
0.01, 2482015
0.01, 2460476
0.01, 2453313
0.01, 2449410
0.01, 2430987
0.01, 2392156
0.01, 2370377
0.01, 2276528
0.01, 2243414
0.01, 2230659
0.01, 2229830
0.01, 2204017
0.01, 2159085
0.01, 2157182
0.01, 2153008
0.01, 2145775
0.01, 2137439
0.01, 2120165
0.01, 2118305
0.01, 2115634
0.01, 2092443
0.01, 2091127
0.01, 2071747
0.01, 2057595
0.02, 2055709
0.02, 2051062
0.02, 2041930
0.02, 2033481
0.02, 2013419
0.02, 2013210
0.02, 2007619
0.02, 2006538
0.02, 1998580
0.02, 1958135
0.02, 1947691
0.03, 1929215
0.03, 1922842
0.03, 1918388
0.05, 1895727
0.05, 1895658
0.05, 1890690
0.05, 1890683
0.05, 1887864
0.07, 1885697
0.07, 1856838
0.07, 1850467
0.07, 1849037
0.07, 1845986
0.08, 1843869
0.08, 1843738
0.08, 1843590
0.08, 1843224
0.09, 1823036
0.10, 1801672
0.10, 1800214
0.11, 1797082
0.11, 1795753
0.11, 1792847
0.11, 1783349
0.11, 1765050
0.11, 1763535
0.13, 1759845
0.13, 1757915
0.13, 1740393
0.14, 1733426
0.14, 1731569
0.14, 1727544
0.14, 1726895
0.14, 1724418
0.14, 1723850
0.14, 1723796
0.14, 1716756
0.14, 1713401
0.14, 1707420
0.14, 1707266
0.14, 1703996
0.14, 1700631
0.14, 1689199
0.16, 1688672
0.18, 1687749
0.18, 1680836
0.18, 1671361
0.19, 1667588
0.21, 1661329
0.21, 1650921
0.21, 1647035
0.21, 1637844
0.21, 1633810
0.21, 1617890
0.21, 1613526
0.21, 1611144
0.21, 1608445
0.22, 1607496
0.22, 1605706
0.24, 1597056
0.25, 1592727
0.25, 1592441
0.25, 1592245
0.25, 1590866
0.25, 1588213
0.25, 1587660
0.25, 1584044
0.28, 1583352
0.28, 1582489
0.28, 1573682
0.28, 1570843
0.28, 1569357
0.32, 1569087
0.32, 1568662
0.32, 1564664
0.33, 1563500
0.33, 1563411
0.33, 1562723
0.41, 1561278
0.42, 1558674
0.42, 1557155
0.42, 1555923
4.14, 1555702
4.16, 1555060
