0.00,6965029
0.00,6437156
0.00,6140671
0.00,5971673
0.00,5561063
0.00,5196315
0.00,5202437
0.00,5008816
0.00,4804672
0.00,4727507
0.00,4624179
0.00,4727786
0.00,4649530
0.00,4434495
0.00,4263702
0.00,4160476
0.00,3950012
0.00,3811809
0.00,3859511
0.00,3968145
0.00,3856443
0.00,3753652
0.00,3606863
0.00,3614635
0.00,3554345
0.00,3506460
0.00,3375641
0.00,3353157
0.00,3343803
0.00,3346030
0.00,3376720
0.00,3458417
0.00,3467775
0.00,3376358
0.00,3311259
0.00,3294610
0.00,3268716
0.00,3172159
0.00,3193961
0.00,3079666
0.00,3067683
0.00,2868381
0.00,2802775
0.00,2722491
0.00,2680499
0.00,2663415
0.00,2753896
0.00,2808194
0.00,2688195
0.00,2667489
0.00,2718009
0.00,2730790
0.00,2804246
0.00,2888561
0.00,2704821
0.00,2653210
0.00,2547939
0.00,2538897
0.00,2568606
0.00,2582416
0.00,2561648
0.00,2518703
0.00,2481242
0.00,2449037
0.00,2404389
0.00,2361428
0.00,2449443
0.00,2459852
0.00,2477834
0.00,2524711
0.00,2415558
0.00,2363917
0.00,2333560
0.00,2421495
0.00,2486361
0.00,2402225
0.00,2401996
0.00,2368088
0.00,2377994
0.00,2287053
0.00,2223761
0.00,2182709
0.00,2219484
0.00,2228190
0.00,2205078
0.00,2211727
0.00,2259336
0.00,2332449
0.01,2346914
0.01,2249759
0.01,2213567
0.01,2199264
0.01,2112571
0.01,2112401
0.01,2048937
0.01,2022780
0.01,1994793
0.01,1966059
0.01,1949974
0.01,1968933
0.01,2014374
0.01,2006826
0.01,1988829
0.01,2023137
0.01,2009025
0.01,1945023
0.01,1939808
0.01,1909289
0.01,1899229
0.01,1929023
0.01,1978357
0.01,2013619
0.01,2023801
0.01,2016966
0.01,2001447
0.01,1986670
0.01,1966174
0.01,1966303
0.01,1930611
0.01,1882914
0.01,1861161
0.01,1841389
0.01,1844099
0.01,1822333
0.01,1898525
0.01,1832761
0.01,1786251
0.01,1767674
0.01,1755354
0.01,1739899
0.01,1726372
0.01,1714625
0.01,1703154
0.01,1692840
0.01,1684683
0.01,1675140
0.01,1666452
0.01,1659297
0.01,1655298
0.01,1656522
0.01,1649062
0.01,1643956
0.01,1663465
0.01,1639118
0.01,1633057
0.01,1629874
0.01,1628731
0.01,1628660
