0.00, 7543847
0.00, 7488403
0.00, 7441267
0.00, 7355536
0.00, 7185910
0.00, 7170810
0.00, 7160971
0.00, 6989641
0.00, 6928231
0.00, 6917573
0.00, 6911554
0.00, 6823525
0.01, 6820625
0.01, 6804632
0.01, 6786823
0.01, 6767664
0.01, 6532546
0.01, 6443629
0.01, 6423844
0.01, 6350475
0.01, 6315918
0.01, 6308808
0.01, 6229990
0.01, 6221178
0.01, 6208241
0.01, 6183806
0.01, 6170288
0.01, 6160147
0.01, 6145277
0.01, 6123889
0.01, 5806143
0.01, 5696993
0.01, 5690719
0.01, 5647644
0.01, 5539797
0.01, 5531989
0.01, 5444486
0.01, 5334692
0.01, 5280520
0.01, 5251743
0.01, 5219541
0.01, 5078349
0.01, 5045808
0.01, 5035299
0.01, 4991315
0.01, 4909780
0.01, 4906770
0.01, 4899455
0.01, 4885778
0.01, 4831372
0.01, 4734643
0.01, 4705243
0.01, 4702512
0.01, 4684828
0.01, 4553060
0.01, 4524033
0.01, 4496484
0.01, 4459680
0.01, 4370892
0.01, 4289418
0.01, 4263396
0.01, 4240752
0.01, 4221360
0.01, 4184410
0.01, 4182471
0.01, 4088212
0.01, 4078287
0.01, 4041776
0.01, 3970088
0.01, 3904977
0.01, 3863947
0.01, 3786340
0.01, 3769446
0.01, 3498528
0.01, 3496352
0.01, 3335498
0.01, 3323263
0.01, 3284453
0.01, 3279860
0.01, 3234783
0.01, 3189153
0.01, 3166167
0.01, 3144929
0.01, 3126202
0.01, 3121266
0.01, 3102825
0.01, 3102584
0.01, 3092445
0.01, 3058755
0.01, 3047727
0.01, 2993760
0.01, 2985990
0.01, 2935486
0.01, 2932381
0.01, 2927445
0.01, 2923059
0.01, 2922831
0.01, 2912088
0.01, 2909551
0.01, 2892070
0.01, 2866012
0.01, 2798200
0.01, 2791164
0.01, 2790349
0.01, 2780011
0.01, 2776957
0.01, 2749043
0.01, 2716551
0.01, 2683196
0.01, 2652850
0.01, 2651924
0.01, 2636100
0.01, 2631084
0.01, 2626455
0.01, 2595500
0.01, 2594459
0.01, 2540284
0.01, 2535018
0.01, 2527503
0.01, 2486963
0.01, 2485732
0.01, 2467296
0.01, 2390385
0.01, 2369202
0.01, 2306381
0.01, 2265708
0.01, 2248087
0.01, 2242050
0.01, 2222455
0.01, 2218863
0.01, 2194157
0.01, 2173055
0.01, 2168167
0.01, 2153518
0.01, 2152597
0.01, 2088414
0.01, 2086259
0.01, 2085913
0.01, 2080436
0.01, 2076710
0.01, 2062307
0.02, 2058195
0.02, 2050393
0.02, 2036046
0.02, 2018424
0.03, 1998585
0.03, 1993966
0.03, 1962492
0.03, 1955664
0.03, 1950760
0.03, 1932851
0.03, 1929561
0.04, 1927313
0.04, 1881814
0.04, 1877950
0.04, 1872636
0.04, 1868698
0.04, 1858524
0.04, 1846541
0.04, 1844829
0.04, 1843998
0.06, 1839254
0.06, 1836597
0.08, 1835157
0.08, 1826166
0.08, 1824629
0.08, 1814012
0.08, 1813459
0.08, 1800206
0.08, 1799463
0.08, 1793710
0.08, 1792468
0.08, 1789442
0.08, 1756469
0.08, 1729463
0.15, 1727996
0.15, 1723924
0.15, 1716096
0.15, 1714856
0.16, 1713370
0.16, 1704578
0.17, 1688701
0.17, 1687912
0.17, 1666048
0.17, 1665967
0.18, 1660945
0.18, 1658931
0.18, 1647909
0.18, 1645983
0.18, 1641601
0.18, 1635807
0.20, 1626157
0.20, 1620509
0.20, 1596546
0.21, 1596406
0.21, 1590541
0.29, 1589645
0.29, 1589198
0.29, 1587658
0.30, 1586133
0.30, 1585898
0.31, 1582881
0.31, 1582438
0.31, 1579890
0.32, 1578720
0.32, 1577233
0.32, 1574138
0.36, 1572417
0.36, 1568023
0.37, 1564205
0.39, 1563707
0.39, 1563065
0.39, 1556934
0.40, 1555702
0.42, 1555060
