0.01, 6929531
0.01, 6880572
0.01, 6879417
0.01, 6857981
0.01, 6825003
0.01, 6737916
0.01, 6731827
0.01, 6635404
0.01, 6623746
0.01, 6380350
0.01, 6313919
0.01, 6291652
0.01, 6223051
0.01, 6208014
0.01, 6206356
0.01, 6069478
0.01, 5951424
0.02, 5922308
0.02, 5898051
0.02, 5891390
0.02, 5847722
0.02, 5768831
0.02, 5520013
0.02, 5462846
0.02, 5435653
0.02, 5389626
0.02, 5251302
0.02, 5214254
0.02, 5123382
0.02, 5092627
0.02, 4977014
0.02, 4958133
0.02, 4870305
0.02, 4867070
0.02, 4858974
0.02, 4857337
0.02, 4808744
0.02, 4805215
0.02, 4803626
0.02, 4608640
0.02, 4579591
0.02, 4573981
0.02, 4396101
0.02, 4360321
0.02, 4349504
0.02, 4320767
0.02, 4229636
0.02, 4141347
0.02, 4108470
0.02, 4037218
0.02, 3878740
0.02, 3861699
0.02, 3776731
0.02, 3760869
0.02, 3704294
0.02, 3665658
0.02, 3661271
0.02, 3616055
0.02, 3511778
0.02, 3497198
0.02, 3488033
0.02, 3485717
0.02, 3431175
0.02, 3426685
0.02, 3425029
0.02, 3404041
0.02, 3400608
0.02, 3397130
0.02, 3345316
0.02, 3338938
0.02, 3332280
0.02, 3325530
0.02, 3298604
0.02, 3267494
0.02, 3206244
0.02, 3200214
0.02, 3161431
0.02, 3099767
0.02, 3096034
0.02, 3083950
0.02, 3083654
0.02, 3064570
0.02, 3051279
0.02, 3048889
0.02, 3043233
0.02, 3042267
0.02, 3016517
0.02, 3012221
0.02, 3012123
0.02, 3002156
0.02, 2982920
0.02, 2980892
0.02, 2972354
0.02, 2964504
0.02, 2953076
0.02, 2939782
0.02, 2923097
0.02, 2920619
0.02, 2909705
0.02, 2886946
0.02, 2847773
0.02, 2832018
0.02, 2827682
0.02, 2826238
0.02, 2818570
0.02, 2807734
0.02, 2801890
0.02, 2770701
0.02, 2758278
0.02, 2726327
0.02, 2700149
0.02, 2690932
0.02, 2690030
0.02, 2688673
0.02, 2667406
0.02, 2657560
0.02, 2653181
0.02, 2622845
0.02, 2615212
0.02, 2611100
0.02, 2606956
0.02, 2598241
0.02, 2526539
0.02, 2518622
0.02, 2507186
0.02, 2500043
0.02, 2489775
0.02, 2479410
0.02, 2477357
0.02, 2458827
0.02, 2429461
0.02, 2421007
0.02, 2381201
0.02, 2380171
0.02, 2379066
0.02, 2370807
0.02, 2370715
0.02, 2328794
0.02, 2304447
0.02, 2277529
0.02, 2241880
0.03, 2233769
0.03, 2233601
0.03, 2232651
0.03, 2222518
0.03, 2207718
0.03, 2198263
0.03, 2193031
0.03, 2150563
0.03, 2140101
0.03, 2132425
0.03, 2128654
0.03, 2127745
0.03, 2115806
0.03, 2096126
0.03, 2062278
0.03, 2058064
0.03, 2056693
0.03, 2056624
0.03, 2046529
0.03, 2046432
0.03, 2040468
0.03, 2015489
0.03, 2003071
0.03, 2003018
0.03, 1980343
0.04, 1979775
0.04, 1973697
0.04, 1957661
0.04, 1948165
0.04, 1910909
0.06, 1907302
0.07, 1905944
0.07, 1889753
0.07, 1865670
0.07, 1865082
0.07, 1856797
0.07, 1839528
0.07, 1827803
0.09, 1826487
0.09, 1822768
0.09, 1821245
0.09, 1820568
0.09, 1816367
0.09, 1803608
0.09, 1799121
0.09, 1797414
0.10, 1791556
0.10, 1785803
0.10, 1781854
0.10, 1773633
0.11, 1771776
0.11, 1770675
0.11, 1768927
0.11, 1763471
0.11, 1758939
0.11, 1757355
0.11, 1745449
0.15, 1742234
0.18, 1740030
0.19, 1739354
0.19, 1737963
0.19, 1736696
0.19, 1715884
0.19, 1713502
0.19, 1712038
0.19, 1709468
0.19, 1702452
0.19, 1695731
0.21, 1685384
0.21, 1684615
0.21, 1683496
0.23, 1681039
0.23, 1679310
0.23, 1677649
0.24, 1671507
0.24, 1668456
0.24, 1666993
0.24, 1659478
0.26, 1642985
0.26, 1639007
0.28, 1638870
0.28, 1634587
0.28, 1632129
0.28, 1631966
0.28, 1628039
0.30, 1625692
0.30, 1625561
0.31, 1619212
0.31, 1618499
0.31, 1604261
0.31, 1603317
0.32, 1597237
0.32, 1596494
0.32, 1593576
0.34, 1585794
0.34, 1580647
0.35, 1579716
0.35, 1577810
0.35, 1576353
0.37, 1574302
0.37, 1573070
0.43, 1572483
0.43, 1572329
0.46, 1572177
0.46, 1571996
0.46, 1571730
0.47, 1570175
0.47, 1569533
2.19, 1568514
2.19, 1568488
2.19, 1566085
2.19, 1557155
10.19, 1555702
10.26, 1555060
