0.00,4149883
0.00,3662256
0.00,3693592
0.00,3209930
0.00,2833624
0.00,2505725
0.00,2283139
0.00,2550906
0.00,2474183
0.00,2421969
0.00,2415604
0.00,1950755
0.00,1835894
0.00,2023871
0.00,1977823
0.00,2046725
0.00,2298078
0.00,2149618
0.00,2145882
0.00,2146191
0.00,1800859
0.00,1737341
0.00,1741416
0.00,1687945
0.00,1665313
0.00,1626133
0.00,1577237
0.00,1546103
0.00,1797924
0.00,1784404
0.00,1799483
0.00,2047274
0.00,1989950
0.00,1958686
0.00,1912432
0.00,1565696
0.00,1521522
0.00,1511526
0.00,1495376
0.00,1477682
0.00,1492386
0.00,1503431
0.00,1477929
0.00,1462036
0.00,1451872
0.00,1444684
0.00,1443944
0.00,1443376
