0.00, 4141096
0.00, 4132626
0.00, 4120136
0.00, 4116898
0.00, 4088283
0.00, 4080254
0.00, 4067836
0.00, 4018299
0.00, 3919523
0.00, 3919365
0.00, 3606164
0.00, 3595852
0.00, 3590431
0.00, 3578766
0.00, 3549824
0.00, 3549676
0.00, 3541870
0.00, 3513686
0.00, 3500547
0.00, 3456292
0.00, 3412122
0.00, 3379750
0.00, 3273850
0.00, 3267170
0.01, 3251966
0.01, 3245749
0.01, 3124932
0.01, 3115247
0.01, 3107101
0.01, 3103035
0.01, 3063202
0.01, 3027610
0.01, 3027193
0.01, 3022157
0.01, 2893371
0.01, 2883802
0.01, 2871378
0.01, 2861093
0.01, 2858275
0.01, 2825591
0.01, 2783898
0.01, 2775930
0.01, 2768851
0.01, 2714844
0.01, 2458017
0.01, 2456376
0.01, 2239941
0.01, 2174344
0.01, 2149495
0.01, 2140833
0.01, 2135980
0.01, 2123910
0.01, 1821760
0.01, 1765104
0.01, 1762843
0.01, 1756038
0.01, 1729913
0.01, 1725543
0.01, 1711195
0.01, 1704901
0.01, 1697393
0.01, 1696805
0.01, 1683844
0.01, 1681685
0.01, 1671670
0.01, 1553448
0.01, 1545510
0.01, 1520327
0.01, 1518250
0.01, 1510386
0.01, 1494403
0.01, 1493654
0.01, 1492331
0.01, 1488773
0.01, 1467488
0.01, 1467352
0.01, 1466063
0.01, 1448448
0.01, 1434378
0.01, 1428282
0.02, 1422185
0.02, 1417755
0.02, 1416128
0.02, 1408171
0.02, 1402882
0.02, 1400517
0.04, 1400073
0.06, 1399417
0.08, 1396549
0.08, 1395981
