0.00, 4180498
0.00, 4177978
0.01, 4116323
0.01, 4108965
0.01, 4107320
0.01, 4104873
0.01, 4101505
0.01, 4098312
0.01, 4089011
0.01, 3960354
0.01, 3949582
0.01, 3944898
0.01, 3897862
0.01, 3573596
0.01, 3368070
0.01, 3351887
0.01, 3344552
0.01, 3293001
0.01, 3287495
0.01, 3275721
0.01, 3238069
0.01, 3236506
0.01, 3236244
0.01, 3229863
0.01, 3229017
0.01, 3147885
0.01, 3035805
0.01, 3028046
0.01, 2994633
0.01, 2985652
0.01, 2969521
0.01, 2919247
0.01, 2907696
0.01, 2885219
0.01, 2825796
0.01, 2767961
0.01, 2602950
0.01, 2601964
0.01, 2600818
0.01, 2584746
0.01, 2566272
0.01, 2559648
0.01, 2537509
0.01, 2533837
0.01, 2527479
0.01, 2516248
0.01, 2467848
0.01, 2463514
0.01, 2456111
0.01, 2445463
0.01, 2396193
0.01, 2382906
0.01, 2379622
0.01, 2372688
0.01, 2218315
0.01, 2216156
0.01, 2087370
0.01, 2074930
0.01, 2068506
0.01, 1989223
0.01, 1987885
0.01, 1969103
0.01, 1964273
0.01, 1928949
0.01, 1920420
0.01, 1914793
0.01, 1911606
0.01, 1882690
0.01, 1881900
0.01, 1858689
0.01, 1845780
0.01, 1725462
0.01, 1673006
0.01, 1672602
0.01, 1660959
0.01, 1659511
0.01, 1659226
0.01, 1657848
0.01, 1641006
0.01, 1637924
0.01, 1634472
0.01, 1598762
0.01, 1569878
0.01, 1565374
0.01, 1563584
0.01, 1544095
0.01, 1538742
0.01, 1526032
0.01, 1511139
0.01, 1510983
0.01, 1510677
0.01, 1507258
0.01, 1498723
0.01, 1496460
0.01, 1484390
0.01, 1480802
0.01, 1479444
0.01, 1478424
0.01, 1475330
0.01, 1472165
0.01, 1464155
0.01, 1454267
0.01, 1449262
0.01, 1448797
0.01, 1448663
0.01, 1446768
0.01, 1442163
0.01, 1440276
0.01, 1440079
0.01, 1439133
0.01, 1427207
0.01, 1422331
0.01, 1419640
0.01, 1415270
0.02, 1413300
0.03, 1411736
0.03, 1406254
0.03, 1405969
0.04, 1405283
0.04, 1400541
0.05, 1398849
0.05, 1398281
0.05, 1395981
