0.00,4275498
0.00,3425752
0.00,3469415
0.00,2947339
0.00,2946470
0.00,2798968
0.00,2412926
0.00,2984888
0.00,2533655
0.00,2391402
0.00,2168186
0.00,2088770
0.00,2438478
0.00,1956295
0.00,1842890
0.00,1834973
0.00,1706459
0.00,1845391
0.00,2106673
0.00,2067854
0.00,2027703
0.00,2186729
0.00,1900136
0.00,2120479
0.00,1647600
0.00,1598330
0.00,1557065
0.00,1532929
0.00,1507568
0.00,1529600
0.00,1494591
0.00,1509949
0.00,1487111
0.00,1473479
0.00,1453344
0.00,1443099
0.00,1459908
0.00,1473125
0.00,1490764
0.00,1549671
0.00,1704650
0.00,1851777
0.00,1896123
0.00,2217425
0.00,1771685
0.00,1437481
0.00,1457922
0.00,1476080
0.00,1499330
0.00,1598690
0.00,1957519
0.00,1602037
0.00,1637239
0.00,1481239
0.00,1518818
0.00,1421145
0.00,1467888
0.00,1518234
0.00,1484041
0.00,1489988
0.00,1526276
0.00,1681255
0.00,1828162
0.00,1871884
0.00,2193124
0.00,1748290
0.00,1414086
0.00,1409716
0.00,1407352
0.00,1406784
