0.00,3583086
0.00,3216548
0.00,2755550
0.00,2659453
0.00,2775513
0.00,2834680
0.00,2631991
0.00,2618984
0.00,2714172
0.00,2760880
0.00,2448095
0.00,2571985
0.00,2479502
0.00,2466495
0.00,2561683
0.00,2608391
0.00,2090488
0.00,1993950
0.00,1861927
0.00,1755213
0.00,1894630
0.00,2079556
0.00,2081304
0.00,2112461
0.00,2233391
0.00,2012527
0.00,1951777
0.00,1825466
0.00,2224555
0.00,1824080
0.00,1643752
0.00,1588955
0.00,1624607
0.00,1537929
0.00,1555707
0.00,1515331
0.00,1517884
0.00,1518220
0.00,1499010
0.00,1483027
0.00,1465687
0.00,1452439
0.00,1444377
0.00,1437346
0.00,1430755
0.00,1425369
0.00,1421040
0.00,1416948
0.00,1413684
0.00,1406869
0.00,1404569
0.00,1404001
