0.00, 4186698
0.00, 4181147
0.00, 4139530
0.00, 3768947
0.00, 3765946
0.00, 3762420
0.00, 3752388
0.00, 3740666
0.00, 3640773
0.00, 3625513
0.00, 3625276
0.00, 3584250
0.00, 3489505
0.00, 3465051
0.00, 3452940
0.00, 3452017
0.00, 3445782
0.00, 3438259
0.00, 3253655
0.00, 3252629
0.00, 3238485
0.00, 3218686
0.00, 3204208
0.00, 3149450
0.00, 2991392
0.00, 2985340
0.00, 2967480
0.00, 2851685
0.00, 2847292
0.00, 2846212
0.00, 2831958
0.00, 2828250
0.00, 2827654
0.00, 2510387
0.00, 2504143
0.00, 2483647
0.00, 2473103
0.00, 2468234
0.00, 2460941
0.00, 2459317
0.00, 2134446
0.00, 2130354
0.00, 2106194
0.00, 2070225
0.00, 2065809
0.00, 2054407
0.00, 2039705
0.00, 2037583
0.00, 2025460
0.00, 2023256
0.00, 1840001
0.00, 1833759
0.00, 1829912
0.00, 1820226
0.00, 1816143
0.00, 1802263
0.00, 1739536
0.00, 1664851
0.00, 1653553
0.00, 1616468
0.00, 1611140
0.00, 1574684
0.00, 1562750
0.00, 1545055
0.01, 1539503
0.01, 1533029
0.01, 1530794
0.01, 1526763
0.01, 1524235
0.01, 1518700
0.01, 1516242
0.01, 1513858
0.01, 1508110
0.01, 1487633
0.01, 1487408
0.01, 1476760
0.01, 1474737
0.01, 1472350
0.01, 1469436
0.01, 1469385
0.01, 1466429
0.01, 1459237
0.01, 1456286
0.01, 1455811
0.01, 1455116
0.01, 1453790
0.01, 1448566
0.01, 1441704
0.01, 1437883
0.01, 1433007
0.01, 1428204
0.01, 1424940
0.01, 1416955
0.01, 1416387
0.01, 1413179
0.02, 1409673
0.03, 1401653
0.03, 1400517
0.04, 1398999
0.04, 1397685
0.04, 1397117
0.04, 1395981
