0.00,3957086
0.00,3562091
0.00,3631201
0.00,3512890
0.00,3102276
0.00,2785631
0.00,2632039
0.00,2640656
0.00,2384810
0.00,2544178
0.00,2676278
0.00,2515083
0.00,2998944
0.00,2288640
0.00,2535789
0.00,1989907
0.00,1852199
0.00,1870202
0.00,1817188
0.00,1809436
0.00,1747564
0.00,1709667
0.00,1690471
0.00,1786912
0.00,1657917
0.00,1813917
0.00,1774328
0.00,2110305
0.00,1721953
0.00,1635481
0.00,1629156
0.00,1607871
0.00,1612699
0.00,1564990
0.00,1529947
0.00,1557034
0.00,1542247
0.00,1511250
0.00,1495083
0.00,1486065
0.00,1466455
0.00,1451473
0.00,1463585
0.00,1480603
0.00,1441846
0.00,1433899
0.00,1427657
0.00,1422941
0.00,1414706
0.00,1411903
