0.00,3881177
0.00,4005018
0.00,3447817
0.00,3031308
0.00,3045118
0.00,2718146
0.00,2776245
0.00,2613680
0.00,2444379
0.00,2200764
0.00,2405282
0.00,2514342
0.00,2393947
0.00,2425938
0.00,2292083
0.00,2310109
0.00,2097383
0.00,2016662
0.00,1975747
0.00,1996114
0.00,2404753
0.00,2030687
0.00,2024488
0.00,2113667
0.00,2169892
0.00,2304601
0.00,2400463
0.00,2207058
0.00,2231161
0.00,2119781
0.00,1904002
0.00,1926355
0.00,1889332
0.00,2272659
0.00,1909388
0.00,1947559
0.00,2010535
0.00,1792960
0.00,1859675
0.00,1735050
0.00,1685780
0.00,1681779
0.00,1675256
0.00,1676093
0.00,1715085
0.00,2062553
0.00,2041275
0.00,2370960
0.00,2046887
0.00,1681253
0.00,1591016
0.00,1588457
0.00,1586699
0.00,1542847
0.00,1610283
0.00,1955848
0.00,1978759
0.00,2003006
0.00,2065219
0.00,1861708
0.00,1794731
0.00,1699743
0.00,1838278
0.00,1510009
0.00,1552870
0.00,1874625
0.00,1877519
0.00,1883028
0.00,1979036
0.00,1795139
0.00,1729909
0.00,1699765
0.00,1644253
0.00,1913282
0.00,1592453
0.00,1499891
0.00,1483696
0.00,1474543
0.00,1464238
0.00,1456291
0.00,1449232
0.00,1454839
0.00,1445416
0.00,1438344
0.00,1437604
