0.00,3852531
0.00,3317047
0.00,3277802
0.00,3272440
0.00,3272102
0.00,2909546
0.00,2600433
0.00,2590287
0.00,2352166
0.00,2240663
0.00,2349039
0.00,2338514
0.00,2544399
0.00,2458942
0.00,2515929
0.00,2553034
0.00,2095842
0.00,2455351
0.00,2112434
0.00,2154139
0.00,2223164
0.00,2409142
0.00,2368010
0.00,2412540
0.00,2145612
0.00,1954697
0.00,1870843
0.00,1731167
0.00,1785850
0.00,1879622
0.00,2078835
0.00,2051358
0.00,2089759
0.00,2469056
0.00,1766079
0.00,1661953
0.00,1637273
0.00,1594812
0.00,1579803
0.00,1531066
0.00,1583181
0.00,1766613
0.00,1966398
0.00,1976853
0.00,1967300
0.00,2040572
0.00,1749688
0.00,1651543
0.00,1504515
0.00,1479622
0.00,1463639
0.00,1459680
0.00,1446830
0.00,1480343
0.00,1470361
0.00,1469958
0.00,1500445
0.00,1550654
0.00,1547814
0.00,1605910
0.00,1962178
0.00,1549014
0.00,1514377
0.00,1548732
0.00,1566853
0.00,1442018
0.00,1442205
0.00,1473970
0.00,1505240
0.00,1504361
0.00,1522198
0.00,1548177
0.00,1615640
0.00,1876662
0.00,2234874
0.00,1733563
0.00,1650426
0.00,1420168
0.00,1431315
0.00,1451319
0.00,1450241
0.00,1451170
0.00,1498600
0.00,1655084
0.00,1848784
0.00,1870215
0.00,1859694
0.00,1952808
0.00,1754290
0.00,1593450
0.00,1426178
0.00,1410195
0.00,1405825
0.00,1402561
0.00,1397685
0.00,1426494
0.00,1445548
0.00,1438561
0.00,1442159
0.00,1456254
0.00,1513686
0.00,1675336
0.00,1858730
0.00,1854590
0.00,1862873
0.00,1864036
0.00,1649773
0.00,1869985
0.00,1396549
0.00,1395981
