0.00, 3842802
0.00, 3685104
0.00, 3293579
0.00, 3077404
0.00, 3070729
0.00, 3068598
0.01, 3068550
0.01, 2779408
0.01, 2555254
0.01, 2549915
0.01, 2504567
0.01, 2501146
0.01, 2467357
0.01, 2445745
0.01, 2445028
0.01, 2443545
0.01, 2420915
0.01, 2412569
0.01, 2403866
0.01, 2375731
0.01, 2363428
0.01, 2267697
0.01, 2252851
0.01, 2200310
0.01, 2191684
0.01, 2170118
0.01, 1981392
0.01, 1857033
0.01, 1856932
0.01, 1855071
0.01, 1848124
0.01, 1637348
0.01, 1621515
0.01, 1561052
0.01, 1560458
0.01, 1545832
0.01, 1528331
0.01, 1522713
0.01, 1519673
0.01, 1517812
0.01, 1515456
0.01, 1497558
0.01, 1489708
0.01, 1487514
0.01, 1486332
0.01, 1477439
0.01, 1467148
0.01, 1467121
0.01, 1466235
0.01, 1462085
0.01, 1459513
0.01, 1458945
0.01, 1457673
0.01, 1453303
0.01, 1444134
0.01, 1436648
0.01, 1433830
0.01, 1430274
0.02, 1422735
0.02, 1420435
0.02, 1411655
0.02, 1410307
0.02, 1410151
0.02, 1407878
0.04, 1407576
0.04, 1407174
0.04, 1407136
0.05, 1400614
0.06, 1397685
0.07, 1395981
