0.00,3789290
0.00,3307032
0.00,2895022
0.00,2712330
0.00,2658411
0.00,2934087
0.00,2227344
0.00,2492242
0.00,2185365
0.00,2049354
0.00,2011143
0.00,1910841
0.00,2004975
0.00,1886072
0.00,1804314
0.00,1732542
0.00,1701760
0.00,1733566
0.00,1808926
0.00,2116443
0.00,1984874
0.00,1905866
0.00,1775322
0.00,1639311
0.00,1597590
0.00,1583545
0.00,1557851
0.00,1576159
0.00,1612105
0.00,1621225
0.00,1631146
0.00,1644726
0.00,1983780
0.00,2351696
0.00,1849010
0.00,1765932
0.00,1535674
0.00,1527459
0.00,1511476
0.00,1522880
0.00,1510765
0.00,1482679
0.00,1485166
0.00,1483488
0.00,1515931
0.00,1549706
0.00,1888601
0.00,1918359
0.00,1920890
0.00,2014004
0.00,1777210
0.00,1742288
0.00,1654646
0.00,1487374
0.00,1471391
0.00,1460743
0.00,1485408
0.00,1522919
0.00,1871120
0.00,1864019
0.00,1866652
0.00,1942034
0.00,1727312
0.00,1720000
0.00,1743870
0.00,1605466
0.00,1875259
0.00,1528725
0.00,1454203
0.00,1448300
0.00,1443398
0.00,1438669
0.00,1434389
0.00,1433649
