0.00, 4043176
0.00, 3890553
0.00, 3888878
0.00, 3887143
0.00, 3855108
0.00, 3816501
0.00, 3787937
0.00, 3732674
0.00, 3697940
0.00, 3676136
0.00, 3591572
0.00, 3591448
0.00, 3580781
0.00, 3522820
0.00, 3522693
0.00, 3522588
0.00, 3415192
0.01, 3377551
0.01, 3332705
0.01, 3189194
0.01, 3011835
0.01, 3008896
0.01, 2990799
0.01, 2829004
0.01, 2823798
0.01, 2776387
0.01, 2728987
0.01, 2683053
0.01, 2592298
0.01, 2566292
0.01, 2465201
0.01, 2431810
0.01, 2382572
0.01, 2366651
0.01, 2306484
0.01, 1981613
0.01, 1978281
0.01, 1968053
0.01, 1967608
0.01, 1966132
0.01, 1964658
0.01, 1923151
0.01, 1916909
0.01, 1906449
0.01, 1780688
0.01, 1746360
0.01, 1737053
0.01, 1734930
0.01, 1644693
0.01, 1639421
0.01, 1632125
0.01, 1627525
0.01, 1595080
0.01, 1590496
0.01, 1585853
0.01, 1577351
0.01, 1575968
0.01, 1575606
0.01, 1558123
0.01, 1555197
0.01, 1551530
0.01, 1530473
0.01, 1522042
0.01, 1513874
0.01, 1513841
0.01, 1513538
0.01, 1509168
0.01, 1507842
0.01, 1502872
0.01, 1492476
0.01, 1484191
0.01, 1479630
0.01, 1477048
0.01, 1476422
0.01, 1473073
0.01, 1467007
0.01, 1451892
0.01, 1451808
0.01, 1449947
0.01, 1449775
0.01, 1435341
0.01, 1433951
0.01, 1428533
0.01, 1426687
0.01, 1423819
0.01, 1422695
0.02, 1414700
0.02, 1412990
0.02, 1402307
0.04, 1401182
0.05, 1399985
0.06, 1396549
0.09, 1395981
