0.00, 4383187
0.00, 4324784
0.00, 4321195
0.00, 4003788
0.00, 3778699
0.00, 3776986
0.00, 3771990
0.00, 3768921
0.00, 3758558
0.00, 3677480
0.00, 3644613
0.00, 3576427
0.00, 3544635
0.00, 3515408
0.00, 3503838
0.00, 3476690
0.00, 3475293
0.00, 3413032
0.00, 3012179
0.00, 2976228
0.00, 2973424
0.00, 2972426
0.00, 2822389
0.00, 2769065
0.00, 2737730
0.00, 2737278
0.00, 2736630
0.00, 2712175
0.00, 2563496
0.00, 2520376
0.00, 2513613
0.00, 2426910
0.00, 2425842
0.00, 2395997
0.00, 2385769
0.00, 2384883
0.00, 2370942
0.00, 2368771
0.00, 2352105
0.00, 2344588
0.00, 2330641
0.00, 2293076
0.00, 2274755
0.00, 2272753
0.00, 2267005
0.00, 2263160
0.00, 2250814
0.00, 2245194
0.00, 2243305
0.00, 2230163
0.00, 2229966
0.00, 2169905
0.00, 2168579
0.00, 2167741
0.00, 2164193
0.00, 1941613
0.00, 1940105
0.00, 1655363
0.00, 1652297
0.01, 1648626
0.01, 1640034
0.01, 1638717
0.01, 1635329
0.01, 1623529
0.01, 1620811
0.01, 1615061
0.01, 1603370
0.01, 1585526
0.01, 1584402
0.01, 1580332
0.01, 1575754
0.01, 1568307
0.01, 1559821
0.01, 1548820
0.01, 1546520
0.01, 1533811
0.01, 1529441
0.01, 1525461
0.01, 1524409
0.01, 1499422
0.01, 1490991
0.01, 1457341
0.01, 1449885
0.01, 1428505
0.01, 1424313
0.01, 1422040
0.01, 1409350
0.02, 1406931
0.02, 1406363
0.02, 1404587
0.04, 1400614
0.04, 1400046
0.04, 1399985
0.07, 1399973
0.07, 1398999
0.09, 1398849
0.09, 1398281
0.09, 1397117
0.09, 1395981
