0.00, 4095778
0.00, 4050486
0.00, 4038338
0.00, 4030741
0.00, 4030171
0.00, 4028019
0.00, 3968614
0.00, 3964443
0.00, 3955637
0.00, 3938116
0.00, 3589811
0.00, 3467086
0.00, 3459036
0.00, 3455978
0.00, 3425283
0.00, 3401719
0.00, 3371352
0.00, 3268542
0.00, 3263995
0.00, 3249774
0.00, 3225538
0.00, 2973692
0.00, 2972414
0.00, 2947069
0.00, 2924695
0.00, 2891849
0.00, 2882454
0.00, 2879636
0.00, 2874733
0.00, 2870771
0.00, 2860183
0.00, 2591976
0.00, 2576132
0.00, 2572832
0.00, 2512841
0.00, 2487959
0.00, 2458930
0.00, 2451638
0.00, 2357959
0.00, 2245450
0.00, 2225861
0.00, 2221104
0.00, 2193972
0.00, 2192669
0.00, 1992263
0.00, 1871963
0.00, 1824809
0.00, 1821847
0.00, 1814496
0.00, 1785557
0.00, 1777552
0.00, 1775042
0.00, 1764394
0.00, 1761497
0.00, 1744970
0.00, 1734809
0.00, 1722142
0.00, 1710072
0.00, 1702776
0.00, 1518858
0.01, 1514729
0.01, 1477077
0.01, 1473508
0.01, 1465958
0.01, 1460072
0.01, 1452750
0.01, 1448451
0.01, 1447010
0.01, 1437038
0.01, 1436910
0.01, 1434848
0.01, 1431972
0.01, 1420426
0.01, 1405325
0.01, 1404011
0.03, 1402314
0.04, 1400857
0.05, 1399417
0.07, 1398281
0.07, 1395981
