0.01, 4424634
0.01, 4415894
0.01, 3953035
0.01, 3943862
0.01, 3850643
0.01, 3843187
0.01, 3819542
0.01, 3784790
0.01, 3750205
0.01, 3593222
0.01, 3592270
0.01, 3591104
0.01, 3583811
0.01, 3568954
0.01, 3563734
0.01, 3549363
0.01, 3548961
0.01, 3210594
0.01, 3112352
0.01, 3048381
0.01, 3024856
0.01, 2651928
0.01, 2350832
0.01, 2335166
0.01, 2310020
0.01, 2238897
0.01, 2225782
0.01, 2184762
0.01, 2180045
0.01, 2177155
0.01, 2150126
0.01, 2148662
0.01, 2115750
0.01, 2107067
0.01, 2005089
0.01, 1915180
0.01, 1907503
0.01, 1903654
0.01, 1880120
0.01, 1875840
0.01, 1869839
0.01, 1858745
0.01, 1822914
0.01, 1820827
0.01, 1817581
0.01, 1691380
0.01, 1690669
0.01, 1689428
0.01, 1601563
0.01, 1593796
0.01, 1580708
0.01, 1575741
0.01, 1560217
0.01, 1557643
0.01, 1535280
0.01, 1499890
0.01, 1488824
0.01, 1488038
0.01, 1477320
0.01, 1474012
0.01, 1462258
0.01, 1462059
0.01, 1456375
0.01, 1456168
0.01, 1448841
0.01, 1447334
0.01, 1445294
0.01, 1444900
0.01, 1443039
0.01, 1441242
0.01, 1424017
0.01, 1416821
0.01, 1415688
0.01, 1414942
0.02, 1414772
0.02, 1414633
0.02, 1413309
0.02, 1412704
0.03, 1407813
0.03, 1405743
0.03, 1404607
0.03, 1401831
0.03, 1396549
0.06, 1395981
