0.01,3895454
0.01,3901521
0.01,3483026
0.01,2967584
0.01,2976659
0.01,3079245
0.01,2525473
0.01,2244186
0.01,2056466
0.01,1984766
0.01,2040655
0.01,1916030
0.01,1892088
0.01,1882881
0.01,1758756
0.01,1709045
0.01,1715832
0.01,2068952
0.01,1689682
0.01,1771444
0.01,1649246
0.01,1644118
0.01,1608992
0.01,1574530
0.01,1539240
0.01,1561722
0.01,1578043
0.01,1595232
0.01,1532569
0.01,1519545
0.01,1501106
0.01,1489787
0.01,1487969
0.01,1474111
0.01,1459156
0.01,1444459
0.01,1430669
0.01,1420505
0.01,1413317
0.01,1410961
0.01,1406869
0.01,1404569
0.01,1404001
