0.02, 4378856
0.02, 4365603
0.02, 4355495
0.02, 4336887
0.02, 4332932
0.02, 4286646
0.02, 4275883
0.02, 4227642
0.02, 4004619
0.02, 3993821
0.02, 3464678
0.02, 3413774
0.02, 3410938
0.02, 3400599
0.02, 3364885
0.02, 3073144
0.02, 3063992
0.02, 2946867
0.02, 2934952
0.02, 2921726
0.02, 2853949
0.02, 2852679
0.02, 2828382
0.02, 2391178
0.02, 2333154
0.02, 2325637
0.02, 2118842
0.02, 2108435
0.02, 2106028
0.02, 2104397
0.02, 2100115
0.02, 2092933
0.02, 2084294
0.02, 2079135
0.02, 2076815
0.02, 2074178
0.02, 2058705
0.02, 2019109
0.02, 2005952
0.02, 1985590
0.02, 1982120
0.02, 1981807
0.02, 1979791
0.02, 1959118
0.02, 1942803
0.02, 1879508
0.02, 1813904
0.02, 1813807
0.02, 1765135
0.02, 1763643
0.02, 1752672
0.02, 1750137
0.02, 1739811
0.02, 1728089
0.02, 1720221
0.02, 1706803
0.02, 1702433
0.02, 1697749
0.02, 1694543
0.02, 1676682
0.02, 1646316
0.02, 1639584
0.02, 1631214
0.02, 1627797
0.02, 1627417
0.02, 1620752
0.02, 1615835
0.02, 1607451
0.02, 1603421
0.02, 1568381
0.02, 1565419
0.02, 1555425
0.02, 1546799
0.02, 1544577
0.02, 1531002
0.02, 1512119
0.02, 1506427
0.02, 1506023
0.02, 1502678
0.02, 1502054
0.02, 1497889
0.02, 1486445
0.02, 1484993
0.02, 1482125
0.02, 1475603
0.02, 1473929
0.02, 1470345
0.02, 1468072
0.02, 1467829
0.02, 1430465
0.02, 1429015
0.02, 1427154
0.02, 1411171
0.02, 1410474
0.02, 1410161
0.03, 1406866
0.04, 1405883
0.05, 1405571
0.05, 1402307
0.08, 1401303
0.08, 1400614
0.09, 1398281
0.10, 1397685
0.10, 1396549
0.11, 1395981
