0.00,3924731
0.00,3506791
0.00,3074445
0.00,3138555
0.00,2782324
0.00,2726236
0.00,2715387
0.00,2591584
0.00,2533338
0.00,2330499
0.00,2317753
0.00,2117953
0.00,1959692
0.00,1855829
0.00,2195131
0.00,1884881
0.00,1746635
0.00,1717726
0.00,1655472
0.00,1655381
0.00,1699286
0.00,1642500
0.00,1605444
0.00,1947953
0.00,1975332
0.00,1969680
0.00,2057124
0.00,1874876
0.00,1818349
0.00,1783797
0.00,1722127
0.00,2005278
0.00,1647715
0.00,1576049
0.00,1595874
0.00,1675768
0.00,2001787
0.00,1961670
0.00,1984128
0.00,2356014
0.00,1652277
0.00,1547594
0.00,1540274
0.00,1524623
0.00,1507929
0.00,1491837
0.00,1476855
0.00,1466550
0.00,1457246
0.00,1450424
0.00,1447273
0.00,1449076
0.00,1438912
0.00,1438172
0.00,1437604
