0.00,3265414
0.00,2977557
0.00,2644022
0.00,2519442
0.00,2540445
0.00,2699716
0.00,2341488
0.00,2121062
0.00,1947182
0.00,1851865
0.00,2199448
0.00,1853960
0.00,1769495
0.00,1716143
0.00,1666873
0.00,1661974
0.00,1639823
0.00,1664241
0.00,1652161
0.00,1668196
0.00,1651897
0.00,1605872
0.00,1600123
0.00,1570332
0.00,1614973
0.00,1539392
0.00,1542379
0.00,1513430
0.00,1528143
0.00,1506314
0.00,1483043
0.00,1471139
0.00,1451894
0.00,1435911
0.00,1423061
0.00,1422748
0.00,1417330
0.00,1414066
0.00,1411701
0.00,1409401
