0.00,3401127
0.00,3450104
0.00,2976457
0.00,2969830
0.00,2993793
0.00,2745600
0.00,2457161
0.00,2200659
0.00,1977566
0.00,1925550
0.00,1852332
0.00,1859394
0.00,2202086
0.00,1795308
0.00,1659098
0.00,1613496
0.00,1617629
0.00,1624239
0.00,1626895
0.00,1615393
0.00,1564118
0.00,1537867
0.00,1547478
0.00,1509659
0.00,1504543
0.00,1488432
0.00,1480094
0.00,1469446
0.00,1463547
0.00,1477993
0.00,1484859
0.00,1457007
0.00,1464928
0.00,1450361
0.00,1470829
0.00,1440982
0.00,1427695
0.00,1422819
0.00,1420519
0.00,1426418
0.00,1414393
0.00,1412532
0.00,1396549
0.00,1395981
