0.00,3708232
0.00,3258202
0.00,3372984
0.00,3254717
0.00,2591418
0.00,2261445
0.00,2296270
0.00,2286441
0.00,2403949
0.00,2542230
0.00,2423248
0.00,2386238
0.00,2056265
0.00,1799394
0.00,1741484
0.00,2197492
0.00,1842532
0.00,1808064
0.00,1714670
0.00,1699688
0.00,1631162
0.00,1623104
0.00,1556515
0.00,1645074
0.00,1516079
0.00,1524769
0.00,1571503
0.00,1721571
0.00,1917126
0.00,1916026
0.00,1966757
0.00,2011380
0.00,1835885
0.00,1790100
0.00,1636575
0.00,1508951
0.00,1487207
0.00,1472151
0.00,1459220
0.00,1451758
0.00,1441843
0.00,1426888
0.00,1414695
0.00,1412339
0.00,1429254
0.00,1446843
0.00,1473135
0.00,1614905
0.00,1818063
0.00,1825164
0.00,1823950
0.00,1918840
0.00,1755999
0.00,1712145
0.00,1546353
0.00,1838896
0.00,1482769
0.00,1408247
0.00,1405947
