0.01,4055380
0.01,3674302
0.01,3627775
0.01,3745353
0.01,3273526
0.01,3326045
0.01,2903403
0.01,2432176
0.01,2624413
0.01,2723074
0.01,2650287
0.01,2629831
0.01,2249777
0.01,2041780
0.01,1993261
0.01,2099819
0.01,2042600
0.01,2124978
0.01,2245877
0.01,2368997
0.01,2336922
0.01,2295695
0.01,1939078
0.01,1838180
0.01,1760773
0.01,1740827
0.01,1696043
0.01,1675227
0.01,1758074
0.01,1635876
0.01,1673455
0.01,1575782
0.01,1561924
0.01,1553654
0.01,1573264
0.01,1589212
0.01,1562552
0.01,1563598
0.01,1586387
0.01,1591703
0.01,1550137
0.01,1545757
0.01,1505976
0.01,1476234
0.01,1460280
0.01,1454323
0.01,1458140
0.01,1444964
0.01,1612236
0.01,1768252
0.01,1972251
0.01,1901918
0.01,1889365
0.01,1876609
0.01,1653008
0.01,1504665
0.01,1467623
0.01,1464924
0.01,1464563
0.01,1457344
0.01,1445466
0.01,1428981
0.01,1419803
0.01,1412795
0.01,1408425
0.01,1404333
