0.00,3183744
0.00,2934546
0.00,3176324
0.00,2619608
0.00,2405572
0.00,2606744
0.00,2609558
0.00,2571380
0.00,2568390
0.00,2782083
0.00,2203988
0.00,2442630
0.00,2010898
0.00,1884647
0.00,1849207
0.00,1854528
0.00,1792617
0.00,2210790
0.00,1696764
0.00,1662127
0.00,1696482
0.00,1714603
0.00,1589768
0.00,1545048
0.00,1532273
0.00,1522175
0.00,1527897
0.00,1571607
0.00,1724754
0.00,1957199
0.00,1962237
0.00,1962181
0.00,2042444
0.00,1838570
0.00,1675420
0.00,1515990
0.00,1497953
0.00,1481970
0.00,1527896
0.00,1675355
0.00,1885097
0.00,1886197
0.00,1880374
0.00,1949739
0.00,1804516
0.00,1766172
0.00,1599577
0.00,1882318
0.00,1541679
0.00,1468180
0.00,1464221
0.00,1451371
0.00,1440801
0.00,1431960
0.00,1454597
0.00,1470119
0.00,1468680
0.00,1424494
0.00,1420124
0.00,1416860
0.00,1421968
0.00,1414104
