0.00, 4279285
0.00, 3842064
0.00, 3790076
0.00, 3771126
0.00, 3765764
0.00, 3741553
0.00, 3738246
0.00, 3735460
0.00, 3683301
0.00, 3664763
0.00, 3285843
0.00, 3264246
0.00, 3245224
0.00, 3241373
0.00, 3230747
0.00, 3025275
0.00, 3013575
0.00, 3012446
0.00, 3005092
0.00, 2989806
0.00, 2986372
0.00, 2977810
0.00, 2716723
0.00, 2495166
0.00, 2394932
0.00, 2105221
0.00, 2079232
0.00, 2025488
0.00, 2022153
0.00, 2019745
0.00, 2016012
0.00, 1998412
0.00, 1968924
0.00, 1964493
0.00, 1818762
0.00, 1809744
0.00, 1801775
0.00, 1799586
0.00, 1790492
0.00, 1790132
0.00, 1773566
0.00, 1773282
0.00, 1755737
0.00, 1744800
0.00, 1743681
0.00, 1742593
0.00, 1668071
0.00, 1662908
0.00, 1659982
0.00, 1646816
0.00, 1627448
0.00, 1624134
0.00, 1619265
0.00, 1581545
0.00, 1575005
0.00, 1570635
0.01, 1514536
0.01, 1508525
0.01, 1499459
0.01, 1498431
0.01, 1495782
0.01, 1488891
0.01, 1452144
0.01, 1447270
0.01, 1446638
0.01, 1445259
0.01, 1433967
0.01, 1423739
0.01, 1415308
0.01, 1415290
0.01, 1414679
0.01, 1412516
0.02, 1408781
0.02, 1405517
0.03, 1404802
0.03, 1402882
0.05, 1398281
0.07, 1397117
0.07, 1395981
