0.00, 4375974
0.00, 4343417
0.00, 4316871
0.00, 4093719
0.00, 4060949
0.00, 4048688
0.00, 4046775
0.00, 4044323
0.00, 4024461
0.00, 3992478
0.00, 3979698
0.00, 3937070
0.00, 3880903
0.00, 3692854
0.00, 3621418
0.00, 3618879
0.00, 3616288
0.00, 3606763
0.00, 3495521
0.00, 3484230
0.00, 3455438
0.00, 3417678
0.00, 3417392
0.00, 3402952
0.00, 3397337
0.00, 3381435
0.00, 3374347
0.00, 3353347
0.01, 3349428
0.01, 3301096
0.01, 3227031
0.01, 3016991
0.01, 2967442
0.01, 2876651
0.01, 2777563
0.01, 2635805
0.01, 2601949
0.01, 2592348
0.01, 2492929
0.01, 2483375
0.01, 2481253
0.01, 2469514
0.01, 2436688
0.01, 2299553
0.01, 2282013
0.01, 2259490
0.01, 2257595
0.01, 2247527
0.01, 2247514
0.01, 2241812
0.01, 2169453
0.01, 1862066
0.01, 1860711
0.01, 1744185
0.01, 1733253
0.01, 1729842
0.01, 1713121
0.01, 1700266
0.01, 1693127
0.01, 1684297
0.01, 1680473
0.01, 1651462
0.01, 1648746
0.01, 1648740
0.01, 1648158
0.01, 1626414
0.01, 1606705
0.01, 1554227
0.01, 1553658
0.01, 1550394
0.01, 1548447
0.01, 1495730
0.01, 1495317
0.01, 1492580
0.01, 1491684
0.01, 1484887
0.01, 1476680
0.01, 1468742
0.01, 1462120
0.01, 1458291
0.01, 1449156
0.01, 1441754
0.01, 1437684
0.01, 1433314
0.01, 1430050
0.01, 1426107
0.01, 1415816
0.01, 1415425
0.01, 1415361
0.01, 1414847
0.02, 1413676
0.02, 1410939
0.02, 1410166
0.02, 1409311
0.02, 1406866
0.03, 1406613
0.03, 1405095
0.04, 1404077
0.04, 1401209
0.04, 1400073
0.06, 1398849
0.06, 1396549
0.06, 1395981
