0.03, 4040500
0.03, 4030195
0.03, 4030177
0.03, 3740976
0.03, 3711180
0.03, 3692501
0.03, 3655100
0.03, 3413147
0.03, 3288960
0.03, 3228899
0.03, 3226231
0.03, 3209673
0.03, 3037711
0.03, 3033918
0.03, 3003104
0.03, 3000955
0.03, 2999375
0.03, 2983245
0.03, 2610691
0.03, 2600714
0.03, 2414179
0.03, 2354407
0.03, 2344384
0.03, 2343815
0.03, 2321377
0.03, 2292034
0.03, 2285802
0.03, 2259956
0.03, 2236282
0.03, 2224514
0.03, 2054744
0.03, 2049726
0.03, 1847448
0.03, 1846662
0.03, 1838839
0.03, 1756825
0.03, 1743261
0.03, 1720182
0.03, 1669742
0.03, 1665159
0.03, 1662310
0.03, 1660092
0.03, 1632645
0.03, 1621507
0.03, 1620234
0.03, 1591591
0.03, 1590319
0.03, 1583269
0.03, 1582373
0.03, 1550125
0.03, 1533957
0.03, 1499930
0.03, 1495108
0.03, 1488866
0.03, 1457745
0.03, 1456926
0.03, 1438091
0.03, 1430324
0.03, 1429756
0.03, 1417731
0.03, 1410909
0.04, 1404131
0.04, 1402882
0.04, 1402314
0.06, 1395981
