0.00,4362672
0.00,3542919
0.00,3110852
0.00,2888307
0.00,2994456
0.00,3001686
0.00,2746661
0.00,2600379
0.00,2621030
0.00,2329843
0.00,2064882
0.00,1952674
0.00,1859517
0.00,1812346
0.00,1770859
0.00,1775346
0.00,1774983
0.00,1760928
0.00,1710457
0.00,1743777
0.00,1747279
0.00,1875195
0.00,1947671
0.00,1970941
0.00,2159959
0.00,2070270
0.00,1998413
0.00,1665530
0.00,2093100
0.00,1749988
0.00,1664444
0.00,1602597
0.00,1609346
0.00,1641033
0.00,1670246
0.00,1538223
0.00,1607413
0.00,1775349
0.00,1973985
0.00,1982520
0.00,1958360
0.00,2047888
0.00,1761445
0.00,1983862
0.00,1510983
0.00,1495701
0.00,1470340
0.00,1495033
0.00,1528405
0.00,1678036
0.00,1863029
0.00,1850334
0.00,1872140
0.00,1992045
0.00,1814938
0.00,1738531
0.00,1592750
0.00,1868037
0.00,1454062
0.00,1486370
0.00,1647789
0.00,1852314
0.00,1854450
0.00,1843966
0.00,1931143
0.00,1750960
0.00,1735020
0.00,1610993
0.00,1863014
0.00,1527864
0.00,1447964
0.00,1437970
0.00,1456211
0.00,1503741
0.00,1654997
0.00,1842175
0.00,1837720
0.00,1821644
0.00,1941924
0.00,1777318
0.00,1733464
0.00,1566887
0.00,1860384
0.00,1501232
0.00,1429566
0.00,1420673
0.00,1412506
0.00,1414334
0.00,1404043
0.00,1399973
0.00,1398849
0.00,1396549
0.00,1395981
