0.00, 4478272
0.00, 4407731
0.00, 4313632
0.00, 4297787
0.00, 4290897
0.00, 4160987
0.00, 4146028
0.00, 4071857
0.00, 4010384
0.00, 3991430
0.00, 3554896
0.00, 3173751
0.00, 3154323
0.00, 3146123
0.00, 3142331
0.00, 3137157
0.00, 3126796
0.00, 3106250
0.00, 3075188
0.00, 3068823
0.00, 3067368
0.00, 3053749
0.00, 3001928
0.00, 2962846
0.00, 2956171
0.00, 2955949
0.00, 2942470
0.00, 2932797
0.00, 2925882
0.01, 2848743
0.01, 2828390
0.01, 2826588
0.01, 2818761
0.01, 2818499
0.01, 2800021
0.01, 2692665
0.01, 2658566
0.01, 2499251
0.01, 2089617
0.01, 2088509
0.01, 2084513
0.01, 2055552
0.01, 2040074
0.01, 2037585
0.01, 1988454
0.01, 1974348
0.01, 1942830
0.01, 1933750
0.01, 1811552
0.01, 1811120
0.01, 1796711
0.01, 1788188
0.01, 1787628
0.01, 1786117
0.01, 1779084
0.01, 1766077
0.01, 1728370
0.01, 1709121
0.01, 1519020
0.01, 1513681
0.01, 1497659
0.01, 1494116
0.01, 1480481
0.01, 1440346
0.01, 1435976
0.01, 1434214
0.01, 1433184
0.01, 1433093
0.01, 1431718
0.01, 1430321
0.01, 1429640
0.01, 1428534
0.01, 1425151
0.01, 1424027
0.02, 1419941
0.02, 1414876
0.02, 1412705
0.02, 1409769
0.02, 1408514
0.02, 1405796
0.04, 1404077
0.04, 1403091
0.04, 1400517
0.07, 1395981
