0.00,3407233
0.00,3310812
0.00,2969962
0.00,3000968
0.00,2612220
0.00,2538001
0.00,2727510
0.00,2812366
0.00,2700081
0.00,2685241
0.00,2319182
0.00,2538760
0.00,2524120
0.00,2598929
0.00,2513855
0.00,2346392
0.00,2117178
0.00,2017649
0.00,1954974
0.00,1964348
0.00,2378734
0.00,1970126
0.00,1887030
0.00,1831440
0.00,1779721
0.00,1823543
0.00,1766228
0.00,1826853
0.00,2177909
0.00,1790482
0.00,1728778
0.00,1715882
0.00,1688532
0.00,1651478
0.00,1683148
0.00,1607266
0.00,1695825
0.00,1566830
0.00,1545666
0.00,1526284
0.00,1508496
0.00,1509665
0.00,1518927
0.00,1496513
0.00,1483050
0.00,1463348
0.00,1448393
0.00,1441362
0.00,1434354
0.00,1430025
0.00,1427725
0.00,1425864
0.00,1409881
0.00,1409313
