0.00,3868842
0.00,3676177
0.00,3675787
0.00,3273860
0.00,2865723
0.00,2672238
0.00,2453032
0.00,2272137
0.00,2272001
0.00,2576559
0.00,2083251
0.00,1951228
0.00,1833854
0.00,1741683
0.00,1731977
0.00,1743544
0.00,1768533
0.00,1768735
0.00,2165425
0.00,1705423
0.00,1699725
0.00,1691187
0.00,1669257
0.00,1699414
0.00,1635051
0.00,1721698
0.00,1596863
0.00,1596602
0.00,1599646
0.00,1565923
0.00,1559441
0.00,1545865
0.00,1535426
0.00,1539100
0.00,1522067
0.00,1506022
0.00,1508732
0.00,1538508
0.00,1548941
0.00,1977842
0.00,1642021
0.00,1634295
0.00,1760741
0.00,1786010
0.00,1970093
0.00,1858606
0.00,1859920
0.00,1849724
0.00,1638330
0.00,1489018
0.00,1466570
0.00,1456351
0.00,1448487
0.00,1442245
0.00,1436627
0.00,1457758
0.00,1435327
0.00,1478736
0.00,1484986
0.00,1500517
0.00,1911159
0.00,1561850
0.00,1545289
0.00,1693508
0.00,1728432
0.00,1895550
0.00,1796144
0.00,1786622
0.00,1755872
0.00,1422040
0.00,1419675
0.00,1417814
0.00,1401831
