0.00, 4546167
0.00, 4503040
0.00, 4456241
0.00, 4444396
0.01, 4433051
0.01, 4432840
0.01, 4420167
0.01, 4307099
0.01, 4288968
0.01, 4273605
0.01, 4135846
0.01, 4134344
0.01, 3976453
0.01, 3934284
0.01, 3926709
0.01, 3916088
0.01, 3905959
0.01, 3564152
0.01, 3559159
0.01, 3383722
0.01, 3383141
0.01, 3325413
0.01, 3100348
0.01, 3058747
0.01, 3021347
0.01, 2759378
0.01, 2759308
0.01, 2752276
0.01, 2680930
0.01, 2663947
0.01, 2330100
0.01, 2324684
0.01, 2287499
0.01, 2273648
0.01, 2270332
0.01, 2267265
0.01, 2251089
0.01, 2248333
0.01, 2130043
0.01, 2126721
0.01, 2108788
0.01, 2108410
0.01, 2096633
0.01, 2094398
0.01, 2082810
0.01, 2068014
0.01, 2065169
0.01, 2063767
0.01, 2052754
0.01, 2044941
0.01, 1876221
0.01, 1869330
0.01, 1831479
0.01, 1828856
0.01, 1823321
0.01, 1810670
0.01, 1804721
0.01, 1802931
0.01, 1789664
0.01, 1762128
0.01, 1735833
0.01, 1733262
0.01, 1728892
0.01, 1681411
0.01, 1681024
0.01, 1665582
0.01, 1599188
0.01, 1597987
0.01, 1580733
0.01, 1576472
0.01, 1567149
0.01, 1561751
0.01, 1557281
0.01, 1548455
0.01, 1523600
0.01, 1516841
0.01, 1515717
0.01, 1505385
0.01, 1501790
0.01, 1497420
0.01, 1481747
0.01, 1477063
0.01, 1471581
0.01, 1470212
0.01, 1447988
0.01, 1439557
0.01, 1439173
0.01, 1434584
0.01, 1433707
0.01, 1432761
0.01, 1421469
0.01, 1413726
0.02, 1408878
0.02, 1408310
0.02, 1399417
0.05, 1399405
0.08, 1395981
