0.00,4029499
0.00,3846675
0.00,3386655
0.00,3542001
0.00,2954551
0.00,2745799
0.00,2499580
0.00,2515623
0.00,2269404
0.00,2518417
0.00,1941847
0.00,1871875
0.00,1797783
0.00,1750691
0.00,1691646
0.00,1648806
0.00,1682867
0.00,1616152
0.00,1701033
0.00,1576017
0.00,1551217
0.00,1536325
0.00,1531556
0.00,1503218
0.00,1567709
0.00,1581641
0.00,1560351
0.00,1643227
0.00,2014393
0.00,1660522
0.00,1558084
0.00,1523651
0.00,1608532
0.00,1483516
0.00,1489717
0.00,1516433
0.00,1511621
0.00,1597528
0.00,1972518
0.00,1640422
0.00,1705984
0.00,1745042
0.00,1944402
0.00,1842299
0.00,1786387
0.00,1639303
0.00,1455160
0.00,1440527
0.00,1437040
0.00,1478098
0.00,1470740
0.00,1466186
0.00,1498274
0.00,1506818
0.00,1599591
0.00,1966885
0.00,1604079
0.00,1687951
0.00,1700538
0.00,1845982
0.00,1585626
0.00,1425803
0.00,1416202
0.00,1405201
0.00,1401109
0.00,1399973
0.00,1398849
0.00,1396549
0.00,1395981
