0.02,3471946
0.02,3391477
0.02,2944426
0.02,2547296
0.02,2336287
0.02,2409055
0.02,2549890
0.02,2655693
0.02,2236154
0.02,2073781
0.02,1941199
0.02,1848350
0.02,1857794
0.02,1847080
0.02,1742294
0.02,1713242
0.02,1707960
0.02,1746720
0.02,1681947
0.02,1646733
0.02,1679665
0.02,1630760
0.02,1625945
0.02,1604279
0.02,1571828
0.02,1575653
0.02,1545864
0.02,1524882
0.02,1523022
0.02,1503390
0.02,1484817
0.02,1790551
0.02,1875380
0.02,2287070
0.02,1920220
0.02,1614418
0.02,1580834
0.02,1558705
0.02,1554198
0.02,1533454
0.02,1504486
0.02,1499385
0.02,1484411
0.02,1486446
0.02,1474512
0.02,1467324
0.02,1460400
0.02,1456308
0.02,1453044
0.02,1448168
0.02,1446307
0.02,1430324
0.02,1429584
