0.00,4167854
0.00,3740240
0.00,3129106
0.00,3229921
0.00,2602906
0.00,2340906
0.00,2128788
0.00,2015647
0.00,2027672
0.00,2335283
0.00,1925998
0.00,1835243
0.00,1801767
0.00,1756199
0.00,1721584
0.00,1753743
0.00,1654733
0.00,1806028
0.00,2005153
0.00,2003035
0.00,1995743
0.00,2089231
0.00,1922936
0.00,1882827
0.00,1722912
0.00,1716374
0.00,2046072
0.00,1695554
0.00,1687907
0.00,1633206
0.00,1644191
0.00,1592907
0.00,1552867
0.00,1524801
0.00,1498483
0.00,1498558
0.00,1479090
0.00,1462929
0.00,1481843
0.00,1475914
0.00,1460298
0.00,1478814
0.00,1485801
0.00,1453213
0.00,1443558
0.00,1428543
0.00,1425279
0.00,1423418
0.00,1407435
0.00,1406299
0.00,1405175
0.00,1402875
0.00,1402307
