0.00, 4567540
0.00, 4546563
0.00, 4361623
0.00, 4295999
0.00, 4138367
0.00, 4132634
0.00, 4098077
0.00, 4087089
0.00, 3933089
0.00, 3926746
0.00, 3902960
0.00, 3892263
0.00, 3826001
0.00, 3799053
0.00, 3797741
0.00, 3778727
0.00, 3720969
0.00, 3712041
0.00, 3612594
0.00, 3611667
0.00, 3610481
0.00, 3542673
0.00, 3515052
0.00, 3509872
0.00, 3500033
0.00, 3479155
0.00, 3148821
0.00, 3135635
0.00, 3090211
0.00, 3059253
0.00, 3057883
0.00, 2956478
0.00, 2924051
0.00, 2917442
0.00, 2914594
0.00, 2914001
0.00, 2892115
0.00, 2889345
0.00, 2790179
0.00, 2738082
0.00, 2685816
0.00, 2683100
0.00, 2674958
0.00, 2673862
0.00, 2657693
0.00, 2650493
0.00, 2624010
0.00, 2596231
0.00, 2577675
0.01, 2572742
0.01, 2567929
0.01, 2567740
0.01, 2565443
0.01, 2548782
0.01, 2541404
0.01, 2534373
0.01, 2432692
0.01, 2431796
0.01, 2418905
0.01, 2083119
0.01, 2081706
0.01, 2061167
0.01, 2050047
0.01, 2015747
0.01, 1990008
0.01, 1988419
0.01, 1914920
0.01, 1887746
0.01, 1882224
0.01, 1870078
0.01, 1864147
0.01, 1862757
0.01, 1687713
0.01, 1682762
0.01, 1680187
0.01, 1566984
0.01, 1517714
0.01, 1504864
0.01, 1476413
0.01, 1469786
0.01, 1464033
0.01, 1458564
0.01, 1458216
0.01, 1452061
0.01, 1445003
0.01, 1441658
0.01, 1440534
0.01, 1433379
0.01, 1415976
0.01, 1406315
0.01, 1400073
0.01, 1395981
