0.00,4168593
0.00,3623659
0.00,2847337
0.00,2862256
0.00,2828673
0.00,2902122
0.00,2656865
0.00,2646002
0.00,2991767
0.00,2484426
0.00,2501518
0.00,2402221
0.00,2162391
0.00,2223402
0.00,2440817
0.00,2310480
0.00,1945933
0.00,1797533
0.00,1713267
0.00,1669148
0.00,1614807
0.00,1733814
0.00,2050968
0.00,1759343
0.00,1815302
0.00,1841314
0.00,1981212
0.00,1891696
0.00,1943425
0.00,1981101
0.00,1564165
0.00,1567161
0.00,1522975
0.00,1526362
0.00,1482690
0.00,1473535
0.00,1524112
0.00,1576329
0.00,1711715
0.00,1894598
0.00,1897116
0.00,1836013
0.00,1918889
0.00,2016656
0.00,1440376
0.00,1432429
0.00,1424262
0.00,1419546
0.00,1425896
0.00,1444358
0.00,1467043
0.00,1612650
0.00,1794439
0.00,1832395
0.00,1868089
0.00,1972817
0.00,1755353
0.00,1693869
0.00,1553326
0.00,1745059
0.00,1416790
0.00,1415666
0.00,1413366
