0.00,3059472
0.00,2999318
0.00,2811331
0.00,2519839
0.00,2452157
0.00,2261129
0.00,2102135
0.00,1975528
0.00,2329742
0.00,2170804
0.00,2320847
0.00,2682402
0.00,1995750
0.00,1869377
0.00,1711983
0.00,1749562
0.00,1643149
0.00,1601218
0.00,1613604
0.00,1599574
0.00,1562968
0.00,1593055
0.00,1608300
0.00,1655776
0.00,2125812
0.00,1883386
0.00,1797892
0.00,1582763
0.00,1533493
0.00,1504120
0.00,1488137
0.00,1475362
0.00,1483874
0.00,1455272
0.00,1443700
0.00,1456326
0.00,1432621
0.00,1442767
0.00,1418501
0.00,1413785
0.00,1411420
