0.01, 4221061
0.01, 4219500
0.01, 4144067
0.01, 4124904
0.01, 4124828
0.01, 4067107
0.01, 4014603
0.01, 3991723
0.01, 3989970
0.01, 3982529
0.01, 3598307
0.01, 3536593
0.01, 3460911
0.01, 3426813
0.01, 3412172
0.01, 3394896
0.01, 3378740
0.01, 3300770
0.01, 3274176
0.01, 3270225
0.01, 3269483
0.01, 3170971
0.01, 3160459
0.01, 3158329
0.01, 3089821
0.01, 3089019
0.01, 3083702
0.01, 3083214
0.01, 3044442
0.01, 2992535
0.01, 2984950
0.01, 2683842
0.01, 2679472
0.01, 2627570
0.01, 2623270
0.01, 2296862
0.01, 2296510
0.01, 2277877
0.01, 2276713
0.01, 2266273
0.01, 2243910
0.01, 2232064
0.01, 2182218
0.01, 2178160
0.01, 2135538
0.01, 1996339
0.01, 1987785
0.01, 1739264
0.01, 1710752
0.01, 1703625
0.01, 1701658
0.01, 1697616
0.01, 1694135
0.01, 1674000
0.01, 1623702
0.01, 1611157
0.01, 1610368
0.01, 1606062
0.01, 1583824
0.01, 1579916
0.01, 1579176
0.01, 1458828
0.01, 1456528
0.01, 1453672
0.01, 1449410
0.01, 1436642
0.01, 1429106
0.01, 1428428
0.01, 1426774
0.01, 1425520
0.01, 1406613
0.01, 1406515
0.02, 1401299
0.02, 1399985
0.04, 1399973
0.04, 1399405
0.09, 1398849
0.09, 1398281
0.09, 1397117
0.10, 1395981
