0.00,4296142
0.00,3454945
0.00,3066021
0.00,2990795
0.00,2843620
0.00,2405593
0.00,2502728
0.00,2469012
0.00,2533528
0.00,2576016
0.00,2174558
0.00,2052360
0.00,2046893
0.00,1968790
0.00,1977195
0.00,1909401
0.00,1881730
0.00,1821541
0.00,1769634
0.00,1785990
0.00,1713483
0.00,2105671
0.00,1711442
0.00,1633405
0.00,1579325
0.00,1531753
0.00,1556472
0.00,1494142
0.00,1474674
0.00,1481505
0.00,1506403
0.00,1470571
0.00,1462118
0.00,1455965
0.00,1444673
0.00,1448150
0.00,1461477
0.00,1434846
0.00,1441605
0.00,1437608
0.00,1427380
0.00,1485073
0.00,1638066
0.00,1838775
0.00,1839875
0.00,1827143
0.00,1909724
0.00,1735629
0.00,1718908
0.00,1582972
0.00,1852816
0.00,1522553
0.00,1429805
0.00,1421858
0.00,1417174
0.00,1411692
0.00,1407322
