0.00,3492401
0.00,3043252
0.00,2970504
0.00,2772440
0.00,2362150
0.00,2270109
0.00,2145274
0.00,2140554
0.00,2022765
0.00,2365545
0.00,1925991
0.00,2246224
0.00,1922484
0.00,1815479
0.00,1770619
0.00,1743360
0.00,2054619
0.00,2063603
0.00,2091070
0.00,2135906
0.00,1923192
0.00,2222342
0.00,1687209
0.00,1683986
0.00,1782052
0.00,2134001
0.00,1972282
0.00,1840372
0.00,1792473
0.00,1625203
0.00,1623114
0.00,1607939
0.00,1752329
0.00,2073833
0.00,1748746
0.00,1753476
0.00,1805137
0.00,1848069
0.00,1991084
0.00,1575409
0.00,1669475
0.00,2043372
0.00,1699025
0.00,1751237
0.00,1789922
0.00,1858543
0.00,2030241
0.00,1929741
0.00,1922748
0.00,1931732
0.00,1610039
0.00,1555338
0.00,1537561
0.00,1521539
0.00,1505556
0.00,1491863
0.00,1481558
0.00,1473042
0.00,1465854
0.00,1481966
0.00,1502529
0.00,1592634
0.00,1943144
0.00,1637934
0.00,1725333
0.00,1695261
0.00,1706534
0.00,1953108
0.00,1839777
0.00,1831060
0.00,1834127
0.00,1494928
0.00,1459039
0.00,1452448
0.00,1447706
0.00,1444792
0.00,1442436
0.00,1438344
0.00,1437604
