0.01, 4105310
0.01, 4057921
0.01, 4044719
0.01, 4042895
0.01, 3926459
0.01, 3503376
0.01, 3500861
0.01, 3495254
0.01, 3478787
0.01, 3437053
0.01, 3375419
0.01, 3371660
0.01, 3193372
0.01, 3191685
0.01, 3191459
0.01, 3133747
0.01, 3124295
0.01, 3106486
0.01, 3102877
0.01, 3100542
0.01, 3100010
0.01, 3081185
0.01, 2889583
0.01, 2884381
0.01, 2876598
0.01, 2869385
0.01, 2850565
0.01, 2829958
0.01, 2829831
0.01, 2737016
0.01, 2736036
0.01, 2696804
0.01, 2695059
0.01, 2499056
0.01, 2494510
0.01, 2490952
0.01, 2463819
0.01, 2456672
0.01, 2433757
0.01, 2432263
0.01, 2424399
0.01, 2414127
0.01, 2396146
0.01, 2390753
0.01, 2384372
0.01, 2354290
0.01, 2351208
0.01, 2317110
0.01, 2315954
0.01, 2255707
0.01, 2186558
0.01, 2157383
0.01, 2132205
0.01, 2131775
0.01, 2125043
0.01, 2098091
0.01, 1998663
0.01, 1972291
0.01, 1962603
0.01, 1934802
0.01, 1928447
0.01, 1926095
0.01, 1692357
0.01, 1673117
0.01, 1672050
0.01, 1665581
0.01, 1611567
0.01, 1603622
0.01, 1587639
0.01, 1583573
0.01, 1580041
0.01, 1579108
0.01, 1573804
0.01, 1557821
0.01, 1552295
0.01, 1544072
0.01, 1539160
0.01, 1539121
0.01, 1520961
0.01, 1520493
0.01, 1508924
0.01, 1507870
0.01, 1505597
0.01, 1505111
0.01, 1504412
0.01, 1501148
0.01, 1488511
0.01, 1486211
0.01, 1448534
0.01, 1441832
0.01, 1436414
0.01, 1434886
0.01, 1426207
0.01, 1408803
0.02, 1405442
0.04, 1405417
0.04, 1400541
0.04, 1399417
0.10, 1395981
