0.00, 4045994
0.00, 4045227
0.00, 3943880
0.00, 3858196
0.00, 3840865
0.00, 3653589
0.00, 3616881
0.00, 3608309
0.00, 3606929
0.00, 3468006
0.00, 3053937
0.00, 2984652
0.00, 2980729
0.00, 2974987
0.00, 2902463
0.00, 2867952
0.00, 2841592
0.00, 2825867
0.00, 2816480
0.00, 2739490
0.00, 2694301
0.00, 2681733
0.00, 2671705
0.00, 2667579
0.00, 2662849
0.00, 2623147
0.00, 2610959
0.00, 2562145
0.00, 2554023
0.00, 2553753
0.00, 2545611
0.00, 2544134
0.01, 2519531
0.01, 2508589
0.01, 2500413
0.01, 2478313
0.01, 2478098
0.01, 2475106
0.01, 2469203
0.01, 2468083
0.01, 2419222
0.01, 2108996
0.01, 2108409
0.01, 2104583
0.01, 1988436
0.01, 1987065
0.01, 1968527
0.01, 1965499
0.01, 1944749
0.01, 1943840
0.01, 1742801
0.01, 1734634
0.01, 1729428
0.01, 1676945
0.01, 1676539
0.01, 1670542
0.01, 1667053
0.01, 1656060
0.01, 1643210
0.01, 1594393
0.01, 1547797
0.01, 1538451
0.01, 1534690
0.01, 1510708
0.01, 1509309
0.01, 1503916
0.01, 1479872
0.01, 1449507
0.01, 1448404
0.01, 1444767
0.01, 1438584
0.01, 1433166
0.01, 1425302
0.01, 1421232
0.01, 1416531
0.01, 1414856
0.02, 1412461
0.02, 1403157
0.03, 1400619
0.03, 1400351
0.07, 1399417
0.07, 1397685
0.08, 1395981
