0.03, 4076150
0.03, 4075657
0.03, 4060855
0.03, 3995801
0.03, 3995483
0.03, 3927184
0.03, 3837801
0.03, 3442309
0.03, 3436879
0.03, 3436390
0.03, 3430413
0.03, 3181010
0.03, 3136000
0.03, 3075621
0.03, 3060787
0.03, 3052209
0.03, 3050208
0.03, 3032662
0.03, 3010480
0.03, 3002969
0.03, 2753900
0.03, 2691949
0.03, 2605545
0.03, 2547953
0.03, 2545039
0.03, 2533456
0.03, 2483641
0.03, 2405289
0.03, 2402846
0.03, 2354007
0.03, 2351541
0.03, 2346122
0.03, 1997122
0.03, 1990590
0.03, 1990021
0.03, 1962951
0.03, 1953605
0.03, 1952209
0.03, 1950866
0.03, 1842967
0.03, 1812760
0.03, 1627677
0.03, 1627478
0.03, 1620722
0.03, 1619731
0.03, 1615256
0.03, 1603267
0.03, 1595950
0.03, 1592293
0.03, 1578712
0.03, 1559080
0.03, 1556405
0.03, 1538412
0.03, 1534044
0.03, 1529936
0.03, 1506957
0.03, 1498982
0.03, 1473621
0.03, 1471379
0.03, 1469205
0.03, 1467507
0.03, 1466169
0.03, 1465141
0.03, 1461863
0.03, 1458946
0.03, 1454854
0.03, 1448300
0.03, 1441893
0.04, 1439367
0.04, 1434757
0.04, 1430477
0.04, 1428857
0.04, 1423940
0.04, 1422954
0.04, 1419869
0.04, 1418517
0.04, 1413707
0.04, 1413139
0.04, 1409554
0.04, 1408171
0.05, 1404609
0.06, 1404326
0.06, 1403875
0.07, 1400073
0.07, 1399985
0.07, 1397117
0.11, 1396549
0.11, 1395981
