0.00,3740106
0.00,3283005
0.00,3314433
0.00,2854068
0.00,2583603
0.00,2684162
0.00,2809523
0.00,2566914
0.00,2546446
0.00,2316188
0.00,2032460
0.00,2317877
0.00,1860394
0.00,1821604
0.00,1730701
0.00,1731202
0.00,1743386
0.00,1668130
0.00,1642153
0.00,1593477
0.00,1620977
0.00,1664376
0.00,1647187
0.00,1638222
0.00,1647275
0.00,1548779
0.00,1529297
0.00,1518732
0.00,1499264
0.00,1493845
0.00,1478596
0.00,1473779
0.00,1456217
0.00,1444517
0.00,1435339
0.00,1427394
0.00,1420322
0.00,1653910
0.00,1657550
0.00,1663220
0.00,1617568
0.00,1954216
0.00,1586922
0.00,1500740
0.00,1467773
0.00,1482332
0.00,1465441
0.00,1452887
0.00,1443339
0.00,1414080
0.00,1410816
0.00,1404001
