0.00, 4249559
0.00, 4238546
0.00, 4229967
0.00, 4211982
0.00, 4019354
0.00, 3997907
0.00, 3996351
0.00, 3948822
0.00, 3943817
0.00, 3939672
0.00, 3923757
0.00, 3535317
0.00, 3535242
0.00, 3222239
0.00, 3216804
0.00, 3214475
0.00, 3203269
0.00, 3157515
0.00, 2923161
0.00, 2885218
0.00, 2837744
0.00, 2836471
0.00, 2832552
0.00, 2824690
0.00, 2821304
0.00, 2821018
0.00, 2817945
0.00, 2816549
0.00, 2812964
0.00, 2688129
0.00, 2681932
0.00, 2679669
0.00, 2672668
0.00, 2670137
0.00, 2647401
0.00, 2580212
0.00, 2544602
0.00, 2542982
0.00, 2540208
0.00, 2510441
0.00, 2503224
0.00, 2457745
0.00, 2454678
0.00, 2448754
0.00, 2041052
0.00, 2033725
0.00, 1989500
0.00, 1855678
0.00, 1851475
0.00, 1844680
0.00, 1842803
0.00, 1805904
0.00, 1802112
0.00, 1779020
0.00, 1773900
0.00, 1769478
0.00, 1704408
0.01, 1702990
0.01, 1699099
0.01, 1682572
0.01, 1681094
0.01, 1652359
0.01, 1649643
0.01, 1633639
0.01, 1630464
0.01, 1630388
0.01, 1622221
0.01, 1569420
0.01, 1568225
0.01, 1560447
0.01, 1480250
0.01, 1467824
0.01, 1460699
0.01, 1457047
0.01, 1448820
0.01, 1445639
0.01, 1441999
0.01, 1441600
0.01, 1436682
0.01, 1435970
0.01, 1431948
0.01, 1429656
0.01, 1422900
0.01, 1414493
0.02, 1408808
0.02, 1404716
0.03, 1403157
0.04, 1402285
0.06, 1400046
0.07, 1395981
