0.00, 4565595
0.00, 4295795
0.00, 4295134
0.00, 4284865
0.00, 3924469
0.00, 3920681
0.00, 3900420
0.00, 3846095
0.00, 3843122
0.00, 3790622
0.00, 3781835
0.00, 3699805
0.00, 3693003
0.00, 3690626
0.00, 3688605
0.00, 3678932
0.00, 3279590
0.00, 3254366
0.00, 3225237
0.00, 3222251
0.01, 3162170
0.01, 3153139
0.01, 3145057
0.01, 3123701
0.01, 3090057
0.01, 3087163
0.01, 3080084
0.01, 3051135
0.01, 3030034
0.01, 3001100
0.01, 2999297
0.01, 2947650
0.01, 2944397
0.01, 2930832
0.01, 2918319
0.01, 2898597
0.01, 2894093
0.01, 2891989
0.01, 2886316
0.01, 2884148
0.01, 2718583
0.01, 2687019
0.01, 2679903
0.01, 2656990
0.01, 2649670
0.01, 2646303
0.01, 2631061
0.01, 2622535
0.01, 2615738
0.01, 2552413
0.01, 2312583
0.01, 1972286
0.01, 1944845
0.01, 1942984
0.01, 1922875
0.01, 1789256
0.01, 1771851
0.01, 1757968
0.01, 1661653
0.01, 1646956
0.01, 1613394
0.01, 1584943
0.01, 1581279
0.01, 1572173
0.01, 1555761
0.01, 1555089
0.01, 1512545
0.01, 1509110
0.01, 1504740
0.01, 1493181
0.01, 1489014
0.01, 1484922
0.01, 1473215
0.01, 1461145
0.01, 1458781
0.01, 1453470
0.01, 1446684
0.01, 1438737
0.01, 1430570
0.01, 1426478
0.01, 1426430
0.01, 1422052
0.01, 1417682
0.01, 1410693
0.02, 1409274
0.03, 1406633
0.03, 1404050
0.03, 1400614
0.03, 1400046
0.05, 1399405
0.08, 1398281
0.08, 1395981
