0.00,4170186
0.00,3749405
0.00,3301612
0.00,3385770
0.00,2954928
0.00,2563544
0.00,2280347
0.00,2097991
0.00,2263691
0.00,2452457
0.00,2360463
0.00,2382604
0.00,2406444
0.00,1991100
0.00,1844072
0.00,1778557
0.00,1760634
0.00,1801966
0.00,2271815
0.00,2025246
0.00,1946238
0.00,1731590
0.00,1721556
0.00,1669649
0.00,1627989
0.00,1606860
0.00,1564807
0.00,1548564
0.00,1520069
0.00,1502169
0.00,1544738
0.00,1553778
0.00,1510704
0.00,1496987
0.00,1481004
0.00,1516084
0.00,1664752
0.00,1864970
0.00,1875433
0.00,1876098
0.00,1951445
0.00,1773918
0.00,1734521
0.00,1640412
0.00,1908590
0.00,1590973
0.00,1484610
0.00,1457588
0.00,1457246
0.00,1443021
0.00,1431753
0.00,1438485
0.00,1481987
0.00,1638095
0.00,1826247
0.00,1839319
0.00,1826422
0.00,1923487
0.00,1746297
0.00,1712541
0.00,1606229
0.00,1851783
0.00,1509617
0.00,1414913
0.00,1409010
0.00,1404134
0.00,1399405
0.00,1398281
0.00,1395981
