0.00, 4231446
0.00, 4215225
0.00, 4133337
0.00, 4111627
0.00, 4093860
0.00, 4079688
0.00, 3862978
0.00, 3858574
0.00, 3857365
0.00, 3648768
0.00, 3605608
0.00, 3595673
0.00, 3224790
0.00, 3151424
0.00, 3035715
0.00, 3023192
0.00, 3001411
0.00, 2990567
0.00, 2858106
0.00, 2849026
0.00, 2848903
0.00, 2841576
0.00, 2818104
0.00, 2811132
0.00, 2793993
0.00, 2793712
0.00, 2788581
0.00, 2463035
0.00, 2444424
0.00, 2361112
0.00, 2355154
0.00, 2328376
0.00, 2328186
0.00, 2278911
0.00, 2230672
0.00, 2230184
0.00, 2225148
0.00, 2212642
0.00, 2207223
0.00, 2200981
0.00, 2190404
0.00, 2181574
0.00, 2166799
0.00, 2147098
0.00, 2099352
0.00, 2085648
0.00, 2073811
0.00, 2068820
0.00, 2054035
0.00, 2051718
0.00, 2048135
0.00, 1806507
0.00, 1798176
0.01, 1797611
0.01, 1784749
0.01, 1784050
0.01, 1779905
0.01, 1778591
0.01, 1773973
0.01, 1766852
0.01, 1569567
0.01, 1567226
0.01, 1564926
0.01, 1554905
0.01, 1543965
0.01, 1540541
0.01, 1535550
0.01, 1528045
0.01, 1522206
0.01, 1515282
0.01, 1512098
0.01, 1509733
0.01, 1504615
0.01, 1501378
0.01, 1497542
0.01, 1492639
0.01, 1489441
0.01, 1485483
0.01, 1482015
0.01, 1481379
0.01, 1477651
0.01, 1472589
0.01, 1470224
0.01, 1469382
0.01, 1468258
0.01, 1468156
0.01, 1464053
0.01, 1462310
0.01, 1460420
0.01, 1454047
0.01, 1449955
0.01, 1433972
0.01, 1429462
0.01, 1428015
0.01, 1425323
0.01, 1414031
0.02, 1410926
0.02, 1408174
0.03, 1407855
0.03, 1404314
0.03, 1404159
0.04, 1403157
0.04, 1398281
0.04, 1397117
0.05, 1395981
