0.00, 4678298
0.00, 4660124
0.00, 4636709
0.00, 4618001
0.00, 4599026
0.00, 4267072
0.00, 3803250
0.00, 3794618
0.00, 3756773
0.00, 3755421
0.00, 3743791
0.00, 3724442
0.00, 3723334
0.00, 3723194
0.00, 3637757
0.00, 3598625
0.00, 3585810
0.00, 3464130
0.00, 3409614
0.00, 3355947
0.00, 3210765
0.00, 3201201
0.00, 3166047
0.00, 3110475
0.00, 3007301
0.00, 2982010
0.00, 2976491
0.00, 2600407
0.00, 2579728
0.00, 2578934
0.00, 2509496
0.00, 2473437
0.00, 2472502
0.00, 2303102
0.00, 2296968
0.00, 2292425
0.00, 2104530
0.00, 2037930
0.00, 2030253
0.00, 2003848
0.00, 1988995
0.00, 1984391
0.00, 1965356
0.00, 1891993
0.00, 1887831
0.00, 1887630
0.00, 1880761
0.00, 1878937
0.00, 1854714
0.00, 1851877
0.00, 1847674
0.00, 1842115
0.00, 1798690
0.00, 1776108
0.00, 1770722
0.01, 1747238
0.01, 1744324
0.01, 1690019
0.01, 1689487
0.01, 1668781
0.01, 1667261
0.01, 1666532
0.01, 1657368
0.01, 1657213
0.01, 1652099
0.01, 1645865
0.01, 1634918
0.01, 1626230
0.01, 1622275
0.01, 1611040
0.01, 1604633
0.01, 1604101
0.01, 1591969
0.01, 1566608
0.01, 1561694
0.01, 1553801
0.01, 1539843
0.01, 1533920
0.01, 1533416
0.01, 1532738
0.01, 1528642
0.01, 1524843
0.01, 1513549
0.01, 1509613
0.01, 1508914
0.01, 1493944
0.01, 1486756
0.01, 1480208
0.01, 1478986
0.01, 1469385
0.01, 1459882
0.01, 1440365
0.01, 1437051
0.01, 1432852
0.01, 1422624
0.01, 1422302
0.01, 1419434
0.01, 1411993
0.01, 1405400
0.01, 1405182
0.02, 1401653
0.04, 1401182
0.06, 1399405
0.06, 1398281
0.07, 1397117
0.08, 1395981
