0.01, 4477490
0.01, 4400536
0.01, 4225709
0.01, 4223889
0.01, 4036925
0.01, 4021074
0.01, 3987942
0.01, 3871146
0.01, 3855134
0.01, 3825510
0.01, 3824269
0.01, 3786396
0.01, 3772107
0.01, 3546803
0.01, 3262987
0.01, 3238515
0.01, 3232106
0.01, 3213064
0.01, 3171054
0.01, 3149441
0.01, 3103873
0.01, 3083292
0.01, 3078758
0.01, 3049516
0.01, 3031487
0.01, 3030612
0.01, 3029120
0.01, 3026252
0.01, 2995922
0.01, 2965435
0.01, 2964888
0.01, 2961919
0.01, 2929173
0.01, 2919543
0.01, 2909301
0.01, 2900553
0.01, 2899343
0.01, 2564796
0.01, 2562397
0.01, 2559339
0.01, 2545770
0.01, 2533831
0.01, 2520986
0.01, 2248625
0.01, 2245280
0.01, 2227087
0.01, 2187157
0.01, 2141058
0.01, 2132378
0.01, 2105260
0.01, 2101360
0.01, 2100657
0.01, 2087998
0.01, 2082231
0.01, 2074714
0.01, 2070137
0.01, 2055723
0.01, 2029183
0.01, 2028986
0.01, 2024756
0.01, 2010978
0.01, 2010446
0.01, 1864902
0.01, 1856815
0.01, 1792161
0.01, 1784050
0.01, 1778432
0.01, 1775539
0.01, 1744165
0.01, 1733447
0.01, 1633286
0.01, 1629276
0.01, 1564902
0.01, 1559393
0.01, 1551876
0.01, 1549509
0.01, 1549326
0.01, 1534481
0.01, 1532620
0.01, 1532088
0.01, 1521579
0.01, 1515558
0.01, 1475465
0.01, 1456736
0.02, 1441350
0.02, 1430256
0.02, 1428702
0.02, 1427512
0.02, 1423055
0.02, 1421789
0.02, 1414316
0.03, 1411400
0.03, 1410438
0.03, 1406311
0.03, 1401209
0.03, 1399985
0.05, 1397117
0.05, 1395981
