0.01, 4298308
0.01, 4292647
0.01, 4254317
0.01, 4201038
0.01, 4107607
0.01, 3942781
0.01, 3902225
0.01, 3733550
0.01, 3733321
0.01, 3720559
0.01, 3684170
0.01, 3493543
0.01, 3117899
0.01, 3115925
0.01, 3115555
0.01, 3095295
0.01, 3056771
0.01, 3028329
0.01, 3019806
0.01, 2976047
0.01, 2960581
0.01, 2922479
0.01, 2921839
0.01, 2866927
0.01, 2838684
0.01, 2831829
0.01, 2828458
0.01, 2817006
0.01, 2648767
0.01, 2626828
0.01, 2577639
0.01, 2543092
0.01, 2446931
0.01, 2425000
0.01, 2420258
0.01, 2395346
0.01, 2080299
0.01, 2080191
0.01, 2078563
0.01, 2071800
0.01, 2071077
0.01, 2069156
0.01, 2045212
0.01, 2039490
0.01, 2035974
0.01, 2034134
0.01, 2032618
0.01, 2032616
0.01, 2027235
0.01, 2025198
0.01, 2021168
0.01, 2007195
0.01, 1990749
0.01, 1980726
0.01, 1970428
0.01, 1823400
0.01, 1822086
0.01, 1814175
0.01, 1802957
0.01, 1787870
0.01, 1779121
0.01, 1770577
0.01, 1760181
0.01, 1757773
0.01, 1751749
0.01, 1749087
0.01, 1745638
0.01, 1743668
0.01, 1740742
0.01, 1520832
0.01, 1514981
0.01, 1514241
0.01, 1494609
0.01, 1493093
0.01, 1490791
0.01, 1487992
0.01, 1482217
0.01, 1479635
0.01, 1478649
0.01, 1477838
0.01, 1471707
0.01, 1468421
0.01, 1465955
0.01, 1432352
0.01, 1431406
0.01, 1422986
0.01, 1417299
0.01, 1416353
0.01, 1408489
0.01, 1403359
0.02, 1402817
0.05, 1400614
0.07, 1396549
0.07, 1395981
