0.02, 4196857
0.02, 4173813
0.02, 3944823
0.02, 3929562
0.02, 3890618
0.02, 3770602
0.02, 3747798
0.02, 3724441
0.02, 3699796
0.02, 3661077
0.02, 3631557
0.02, 3579642
0.02, 3558509
0.02, 3556697
0.02, 3421448
0.02, 3388541
0.02, 3339134
0.02, 3321048
0.02, 3309108
0.02, 3178722
0.02, 3133624
0.02, 3094024
0.02, 3068832
0.02, 3033860
0.02, 3000636
0.02, 2953369
0.02, 2952266
0.02, 2951733
0.02, 2951401
0.02, 2902086
0.02, 2860339
0.02, 2857143
0.02, 2534813
0.02, 2460210
0.02, 2444021
0.02, 2431829
0.02, 2420116
0.02, 2419569
0.02, 2372848
0.02, 2345212
0.02, 2337707
0.02, 2333356
0.02, 2328711
0.02, 2227588
0.02, 2223316
0.02, 2160604
0.02, 2154218
0.02, 2152609
0.02, 2119678
0.02, 2112508
0.02, 2085512
0.02, 2077419
0.02, 1928736
0.02, 1904627
0.02, 1892618
0.02, 1885904
0.02, 1882911
0.02, 1881778
0.02, 1866843
0.02, 1830901
0.02, 1827077
0.02, 1819560
0.02, 1819025
0.02, 1769755
0.02, 1752968
0.02, 1751581
0.02, 1747909
0.02, 1715283
0.02, 1691150
0.02, 1688152
0.02, 1683534
0.02, 1678416
0.02, 1664705
0.02, 1664094
0.02, 1653805
0.02, 1554738
0.02, 1551143
0.02, 1485555
0.03, 1468890
0.03, 1454772
0.03, 1450657
0.03, 1442611
0.03, 1435135
0.03, 1425283
0.03, 1423010
0.03, 1422165
0.03, 1420731
0.03, 1412867
0.03, 1411303
0.03, 1409003
0.04, 1405391
0.04, 1402346
0.05, 1399973
0.08, 1396549
0.11, 1395981
