0.00,3671839
0.00,3274147
0.00,2872138
0.00,2629966
0.00,2524048
0.00,2551685
0.00,2578927
0.00,2555216
0.00,2315488
0.00,2164760
0.00,2055083
0.00,1961709
0.00,2077457
0.00,2257711
0.00,2263577
0.00,2254828
0.00,2356420
0.00,2176355
0.00,2097294
0.00,1885155
0.00,1893319
0.00,2233672
0.00,1745739
0.00,1782072
0.00,1897820
0.00,2078074
0.00,2083940
0.00,2075191
0.00,2176783
0.00,1996718
0.00,2000399
0.00,1721002
0.00,1676137
0.00,1650376
0.00,1608454
0.00,1604138
0.00,1579637
0.00,1571139
0.00,1553565
0.00,1537250
0.00,1528735
0.00,1533203
0.00,1535257
0.00,1523479
0.00,1535622
0.00,1534813
0.00,1504785
0.00,1507557
0.00,1492308
0.00,1485249
0.00,1479007
0.00,1474265
