0.00,3587583
0.00,3570321
0.00,2785894
0.00,2479978
0.00,2224215
0.00,2128732
0.00,2010069
0.00,1957701
0.00,1953553
0.00,1925463
0.00,1881586
0.00,2298930
0.00,1935527
0.00,1835170
0.00,1887161
0.00,2186774
0.00,1782981
0.00,1803379
0.00,2206467
0.00,1759037
0.00,1761092
0.00,1709749
0.00,1672652
0.00,1657842
0.00,1605935
0.00,1593562
0.00,1550721
0.00,1518859
0.00,1493498
0.00,1473558
0.00,1460376
0.00,1449728
0.00,1443913
0.00,1466472
0.00,1467668
0.00,1443479
0.00,1427387
0.00,1411506
0.00,1407136
0.00,1408964
0.00,1404684
0.00,1400614
0.00,1400046
