0.00,3913322
0.00,3439910
0.00,3064939
0.00,3178545
0.00,2946776
0.00,2822074
0.00,3030346
0.00,2926268
0.00,2846555
0.00,2858308
0.00,2526273
0.00,2332079
0.00,2240546
0.00,2262797
0.00,2892718
0.00,2483814
0.00,2476529
0.00,2472841
0.00,2310120
0.00,2142002
0.00,1982023
0.00,2100085
0.00,2130881
0.00,2342169
0.00,2174909
0.00,2164740
0.00,2245242
0.00,2080812
0.00,1869624
0.00,1790207
0.00,1717143
0.00,1772636
0.00,2245767
0.00,2007747
0.00,1920111
0.00,1705463
0.00,1653556
0.00,1646057
0.00,1665004
0.00,1626561
0.00,1620799
0.00,1576195
0.00,1528363
0.00,1579166
0.00,1720909
0.00,1880435
0.00,1879469
0.00,1891520
0.00,1990611
0.00,1823389
0.00,1778180
0.00,1677330
0.00,1936979
0.00,1602279
0.00,1491531
0.00,1467986
0.00,1485411
0.00,1533741
0.00,1669331
0.00,1876993
0.00,1876347
0.00,1910392
0.00,1996459
0.00,1792948
0.00,1743475
0.00,1591783
0.00,1787362
0.00,1459093
0.00,1459550
0.00,1482849
0.00,1531735
0.00,1564259
0.00,1705113
0.00,1919541
0.00,1921462
0.00,1852373
0.00,1926512
0.00,2024279
0.00,1447999
0.00,1444209
0.00,1471785
0.00,1498878
0.00,1656362
0.00,1844943
0.00,1883545
0.00,1880456
0.00,1957346
0.00,1770425
0.00,1709106
0.00,1452374
0.00,1427013
0.00,1420379
0.00,1417115
0.00,1410293
0.00,1407425
0.00,1406301
0.00,1404001
