0.00,4194002
0.00,3636258
0.00,3218372
0.00,2993721
0.00,2592383
0.00,2811431
0.00,2766724
0.00,2341313
0.00,2407445
0.00,2156719
0.00,1962497
0.00,1831818
0.00,1774100
0.00,1740885
0.00,1690267
0.00,2146816
0.00,1819375
0.00,1667580
0.00,1687662
0.00,1682123
0.00,1662214
0.00,1672812
0.00,1663293
0.00,1641148
0.00,1632584
0.00,1594277
0.00,1732064
0.00,2089276
0.00,1740003
0.00,1645880
0.00,1653124
0.00,1619236
0.00,1650964
0.00,1551954
0.00,1541819
0.00,1528957
0.00,1482240
0.00,1460226
0.00,1448519
0.00,1439626
0.00,1431679
0.00,1433355
0.00,1454770
0.00,1423976
0.00,1413456
0.00,1408199
0.00,1403470
0.00,1402346
0.00,1400046
