0.01, 4417385
0.01, 4416187
0.01, 4375456
0.01, 4338853
0.01, 4334761
0.01, 4333097
0.01, 4238244
0.01, 4039364
0.01, 4009866
0.01, 4001915
0.01, 3645728
0.01, 3626018
0.01, 3391605
0.01, 3322151
0.01, 3308750
0.01, 3300362
0.01, 3275049
0.01, 3274671
0.01, 3123668
0.01, 3109533
0.01, 3101807
0.01, 3090484
0.01, 3046507
0.01, 3036399
0.01, 2768426
0.01, 2668000
0.01, 2612875
0.01, 2577932
0.01, 2573619
0.01, 2549712
0.01, 2221203
0.01, 2203325
0.01, 2130231
0.01, 2090596
0.01, 2088232
0.01, 1972677
0.01, 1971988
0.01, 1971778
0.01, 1857220
0.01, 1857064
0.01, 1666725
0.01, 1597732
0.01, 1589908
0.01, 1589835
0.01, 1579210
0.01, 1573804
0.01, 1567924
0.01, 1563065
0.01, 1536061
0.01, 1534038
0.01, 1532056
0.01, 1530773
0.01, 1530563
0.01, 1512946
0.01, 1497388
0.01, 1475425
0.01, 1467908
0.01, 1457063
0.01, 1451633
0.01, 1446949
0.01, 1444869
0.01, 1440607
0.01, 1437343
0.01, 1432895
0.01, 1431909
0.01, 1430082
0.01, 1428671
0.01, 1428309
0.01, 1427117
0.01, 1425791
0.01, 1414979
0.01, 1402941
0.01, 1399985
0.01, 1398849
0.02, 1398281
0.02, 1395981
