0.03, 4762210
0.03, 4729319
0.03, 4723941
0.03, 4696707
0.03, 4656547
0.03, 4636399
0.03, 4554490
0.03, 4554330
0.03, 4429132
0.03, 4342694
0.03, 4285219
0.03, 4275033
0.03, 4271888
0.03, 3908860
0.03, 3903186
0.03, 3887254
0.03, 3813790
0.03, 3624861
0.03, 3612343
0.03, 3597404
0.03, 3376906
0.03, 3329724
0.03, 3329570
0.03, 3321882
0.03, 3312645
0.03, 3305172
0.03, 3186096
0.03, 3177761
0.03, 3167560
0.03, 3162463
0.03, 3138308
0.03, 3136086
0.03, 3105675
0.03, 2742005
0.03, 2728669
0.03, 2689369
0.03, 2687715
0.03, 2663587
0.03, 2655288
0.03, 2632448
0.03, 2614016
0.03, 2608522
0.03, 2605975
0.03, 2605547
0.03, 2585343
0.03, 2582991
0.03, 2579785
0.03, 2569442
0.03, 2569160
0.03, 2540664
0.03, 2520645
0.03, 2488749
0.03, 2484727
0.03, 2465018
0.03, 2459663
0.03, 2293517
0.03, 2260438
0.03, 2233719
0.03, 2154130
0.03, 2152460
0.03, 2152366
0.03, 2143516
0.03, 2111381
0.03, 2107255
0.03, 2104855
0.03, 2099142
0.03, 2088914
0.03, 2081575
0.03, 2042946
0.03, 2036622
0.03, 2035888
0.03, 2025445
0.03, 2018413
0.03, 1988901
0.03, 1982629
0.03, 1974376
0.03, 1657067
0.03, 1648894
0.03, 1642294
0.03, 1614354
0.03, 1613639
0.03, 1606699
0.03, 1599904
0.03, 1599425
0.03, 1598727
0.03, 1597778
0.03, 1593186
0.03, 1581415
0.03, 1574088
0.03, 1554784
0.03, 1544735
0.03, 1540621
0.03, 1539167
0.03, 1535097
0.03, 1469291
0.03, 1459965
0.03, 1452957
0.03, 1450521
0.03, 1435090
0.04, 1426399
0.04, 1419103
0.04, 1418444
0.04, 1414985
0.04, 1414188
0.04, 1413775
0.04, 1410261
0.04, 1409992
0.04, 1407458
0.04, 1404989
0.04, 1404689
0.04, 1404148
0.04, 1395981
