0.01, 4337772
0.01, 4331314
0.01, 4331202
0.01, 4245568
0.01, 4242926
0.01, 4017146
0.01, 4016030
0.01, 4003588
0.01, 3984556
0.01, 3957154
0.01, 3956340
0.01, 3740479
0.01, 3694763
0.01, 3692243
0.01, 3685809
0.01, 3665322
0.01, 3662451
0.01, 3656904
0.01, 3636795
0.01, 3610210
0.01, 3114630
0.01, 3108647
0.01, 3081052
0.01, 3032379
0.01, 3024276
0.01, 2992905
0.01, 2893830
0.01, 2893249
0.01, 2661616
0.01, 2634782
0.01, 2633368
0.01, 2612028
0.01, 2579375
0.01, 2502465
0.01, 2448595
0.01, 2446944
0.01, 2404214
0.01, 2388129
0.01, 2387440
0.01, 2366038
0.01, 2250069
0.01, 2186897
0.01, 2183073
0.01, 1863116
0.01, 1857489
0.01, 1841321
0.01, 1841108
0.01, 1819030
0.01, 1779185
0.01, 1771850
0.01, 1770048
0.01, 1639197
0.01, 1637684
0.01, 1637466
0.01, 1624168
0.01, 1619802
0.01, 1618376
0.01, 1616515
0.01, 1613170
0.01, 1592493
0.01, 1591867
0.01, 1563170
0.01, 1550668
0.01, 1548807
0.01, 1547017
0.01, 1539739
0.01, 1539596
0.01, 1531649
0.01, 1513883
0.01, 1505936
0.01, 1504097
0.01, 1501034
0.01, 1490775
0.01, 1486957
0.01, 1482428
0.01, 1481688
0.01, 1457130
0.01, 1439064
0.01, 1432872
0.01, 1431926
0.02, 1420090
0.02, 1419431
0.02, 1418307
0.02, 1412345
0.02, 1408739
0.02, 1407603
0.02, 1402346
0.03, 1400351
0.03, 1395981
