0.00,4005019
0.00,3094428
0.00,3070599
0.00,3179376
0.00,2858318
0.00,2493296
0.00,2210207
0.00,2057402
0.00,1898683
0.00,1831313
0.00,1869609
0.00,2207099
0.00,2568654
0.00,2063572
0.00,1985887
0.00,1755629
0.00,1723628
0.00,1724258
0.00,1727306
0.00,1744423
0.00,1721108
0.00,1657595
0.00,1736135
0.00,2026216
0.00,1717311
0.00,1872156
0.00,1865554
0.00,2014310
0.00,1750396
0.00,1591831
0.00,1605074
0.00,1653533
0.00,1722836
0.00,1975500
0.00,2341363
0.00,1833467
0.00,1755782
0.00,1525524
0.00,1505864
0.00,1510842
0.00,1525404
0.00,1554239
0.00,1709018
0.00,1923356
0.00,1937720
0.00,1928973
0.00,2037007
0.00,1825075
0.00,1664235
0.00,1464997
0.00,1452352
0.00,1500578
0.00,1532362
0.00,1518515
0.00,1548390
0.00,1568815
0.00,1638118
0.00,1898604
0.00,2256828
0.00,1748808
0.00,1671064
0.00,1440806
0.00,1475889
0.00,1498409
0.00,1518195
0.00,1543973
0.00,1712149
0.00,1905462
0.00,1846157
0.00,1861117
0.00,2239525
0.00,1535788
0.00,1431105
0.00,1423160
0.00,1416918
0.00,1413654
0.00,1406839
