0.01, 4081778
0.01, 4076716
0.01, 4066532
0.01, 3998373
0.01, 3906775
0.01, 3900488
0.01, 3861265
0.01, 3834962
0.01, 3829016
0.01, 3803665
0.01, 3800415
0.01, 3786936
0.01, 3589129
0.01, 3572133
0.01, 3415552
0.01, 3392791
0.01, 3306202
0.01, 3289550
0.01, 3282887
0.01, 3150424
0.01, 3139286
0.01, 3136836
0.01, 3136521
0.01, 3125805
0.01, 3107385
0.01, 3067683
0.01, 3059722
0.01, 2995020
0.01, 2879403
0.01, 2879397
0.01, 2875944
0.01, 2534436
0.01, 2507755
0.01, 2423715
0.01, 2403557
0.01, 2402305
0.01, 2274562
0.01, 2268937
0.01, 2259685
0.01, 2248629
0.01, 2247773
0.01, 2239711
0.01, 2237469
0.01, 2219048
0.01, 2207780
0.01, 1884993
0.01, 1878685
0.01, 1854632
0.01, 1849214
0.01, 1846519
0.01, 1843538
0.01, 1835097
0.01, 1831001
0.01, 1827621
0.01, 1825020
0.01, 1808074
0.01, 1806227
0.01, 1772075
0.01, 1762729
0.01, 1706539
0.01, 1686698
0.01, 1665461
0.01, 1656392
0.01, 1650371
0.01, 1646734
0.01, 1641257
0.01, 1639648
0.01, 1638868
0.01, 1638299
0.01, 1625847
0.01, 1617624
0.01, 1613916
0.01, 1613348
0.01, 1600854
0.01, 1596969
0.01, 1596942
0.01, 1595458
0.01, 1593079
0.01, 1451373
0.01, 1439364
0.01, 1429261
0.01, 1424077
0.01, 1418431
0.01, 1413236
0.02, 1411163
0.03, 1405283
0.03, 1404147
0.03, 1400723
0.04, 1396549
0.07, 1395981
