0.01, 4682555
0.01, 4666313
0.01, 4654365
0.01, 4603132
0.01, 4599431
0.01, 4533830
0.01, 4044548
0.01, 3971474
0.01, 3961743
0.01, 3842278
0.01, 3429047
0.01, 3421771
0.01, 3413977
0.01, 3381713
0.01, 3301306
0.01, 3281046
0.01, 3139013
0.01, 3134316
0.01, 3055945
0.01, 2953386
0.01, 2769616
0.01, 2721352
0.01, 2694642
0.01, 2688102
0.01, 2688011
0.01, 2656809
0.01, 2653344
0.01, 2651505
0.01, 2648102
0.01, 2640928
0.01, 2612146
0.01, 2612057
0.01, 2561617
0.01, 2557231
0.01, 2545427
0.01, 2545351
0.01, 2535544
0.01, 2533032
0.01, 2483402
0.01, 2471752
0.01, 2452120
0.01, 2449267
0.01, 2438875
0.01, 2382698
0.01, 2378208
0.01, 2366084
0.01, 2355418
0.01, 2341692
0.01, 2184331
0.01, 2181826
0.01, 2180451
0.01, 2118004
0.01, 2071760
0.01, 2054918
0.01, 2039285
0.01, 2037148
0.01, 2029390
0.01, 2025169
0.01, 2020775
0.01, 1993771
0.01, 1979292
0.01, 1976655
0.01, 1964538
0.01, 1963213
0.01, 1933731
0.01, 1930358
0.01, 1867055
0.01, 1864708
0.01, 1863370
0.01, 1851346
0.01, 1848082
0.01, 1842185
0.01, 1841336
0.01, 1791226
0.01, 1786509
0.01, 1784274
0.01, 1782378
0.01, 1781129
0.01, 1729813
0.01, 1728411
0.01, 1678596
0.01, 1630722
0.01, 1630142
0.01, 1619426
0.01, 1616339
0.01, 1608828
0.01, 1603410
0.01, 1600209
0.01, 1568214
0.01, 1565941
0.01, 1564322
0.01, 1549131
0.01, 1539063
0.01, 1533210
0.01, 1529068
0.01, 1527101
0.01, 1526249
0.01, 1524185
0.01, 1451826
0.01, 1451238
0.01, 1445041
0.01, 1443254
0.01, 1438808
0.01, 1437018
0.01, 1436584
0.01, 1435804
0.01, 1414901
0.02, 1409644
0.02, 1407194
0.02, 1403385
0.05, 1402307
0.06, 1399417
0.06, 1397685
0.09, 1395981
