0.00,3889579
0.00,3407512
0.00,2632654
0.00,2572870
0.00,2612321
0.00,2354749
0.00,2341328
0.00,2115944
0.00,2468148
0.00,1998845
0.00,2022429
0.00,1893434
0.00,1844416
0.00,2222295
0.00,1810400
0.00,1858300
0.00,1989045
0.00,1809860
0.00,1837599
0.00,1738589
0.00,1879236
0.00,2081100
0.00,2095889
0.00,2128679
0.00,2216432
0.00,2026532
0.00,1835715
0.00,2008293
0.00,1665556
0.00,1715899
0.00,1677376
0.00,1829112
0.00,1996127
0.00,2012404
0.00,2023409
0.00,2140183
0.00,1948924
0.00,1907928
0.00,1622182
0.00,1588166
0.00,1554901
0.00,1533472
0.00,1544946
0.00,1567597
0.00,1625373
0.00,1598824
0.00,1647740
0.00,1734921
0.00,2324345
0.00,1963357
0.00,1800299
0.00,1742045
0.00,1511787
0.00,1558506
0.00,1547582
0.00,1580058
0.00,1593427
0.00,2037977
0.00,1662409
0.00,1561607
0.00,1568356
0.00,1600043
0.00,1629256
0.00,1497233
0.00,1511461
0.00,1532663
0.00,1540019
0.00,1559202
0.00,1586413
0.00,1992481
0.00,1579130
0.00,1567321
0.00,1731401
0.00,1582522
0.00,1470314
0.00,1462624
0.00,1457102
0.00,1452418
0.00,1455813
0.00,1495520
0.00,1521312
0.00,1557600
0.00,1714516
0.00,1919057
0.00,1923977
0.00,1881639
0.00,2253830
0.00,1677674
0.00,1445410
0.00,1472432
0.00,1512021
0.00,1522544
0.00,1544673
0.00,1559718
0.00,1724276
0.00,1877396
0.00,2254190
0.00,1843907
0.00,1754390
0.00,1438351
0.00,1435483
0.00,1434359
0.00,1432059
