0.00,3750352
0.00,3235629
0.00,3150273
0.00,3178546
0.00,2746703
0.00,2883066
0.00,2625903
0.00,2796903
0.00,2789287
0.00,2372911
0.00,2175007
0.00,2484416
0.00,2848863
0.00,2347358
0.00,2446374
0.00,2034157
0.00,1960065
0.00,1886107
0.00,1828226
0.00,1829465
0.00,1863820
0.00,1881941
0.00,1757106
0.00,2184053
0.00,1718667
0.00,1713776
0.00,1668640
0.00,1660851
0.00,1675363
0.00,1593952
0.00,1568495
0.00,1546870
0.00,1521509
0.00,1494562
0.00,1476134
0.00,1459885
0.00,1447815
0.00,1435790
0.00,1432395
0.00,1423554
0.00,1420052
0.00,1426638
0.00,1426713
0.00,1407245
0.00,1402875
0.00,1402307
