0.00,4177760
0.00,3636136
0.00,3715029
0.00,3035621
0.00,2679468
0.00,2497385
0.00,2555298
0.00,2264468
0.00,2229625
0.00,2266165
0.00,2027604
0.00,1904585
0.00,1841732
0.00,2258248
0.00,1906578
0.00,1724973
0.00,1688849
0.00,1648756
0.00,1793829
0.00,1706835
0.00,2072326
0.00,1720656
0.00,1674876
0.00,1624364
0.00,1579081
0.00,1579797
0.00,1543855
0.00,1574217
0.00,1590542
0.00,1602168
0.00,1531226
0.00,1524651
0.00,1520780
0.00,1498681
0.00,1499468
0.00,1516985
0.00,1480585
0.00,1464424
0.00,1448441
0.00,1437547
0.00,1429702
0.00,1424717
0.00,1417645
0.00,1415905
0.00,1411163
