0.01, 4472174
0.01, 4466665
0.01, 4221492
0.01, 4213465
0.01, 4206950
0.01, 4200462
0.01, 3949469
0.01, 3911316
0.01, 3660640
0.01, 3600192
0.01, 3474281
0.01, 3444027
0.01, 3382338
0.01, 3378525
0.01, 3363532
0.01, 3359784
0.01, 3358139
0.01, 3335250
0.01, 3253289
0.01, 3252744
0.01, 2792820
0.01, 2381697
0.01, 2234709
0.01, 2189833
0.01, 2145085
0.01, 2143298
0.01, 2136624
0.01, 2132846
0.01, 2129031
0.01, 2107993
0.01, 2102431
0.01, 2073795
0.01, 2048110
0.01, 2040929
0.01, 1856786
0.01, 1853925
0.01, 1666543
0.01, 1665095
0.01, 1663894
0.01, 1658035
0.01, 1654013
0.01, 1645933
0.01, 1642758
0.01, 1639494
0.01, 1632769
0.01, 1623943
0.01, 1614639
0.01, 1612902
0.01, 1608958
0.01, 1604168
0.01, 1565731
0.01, 1556326
0.01, 1551473
0.01, 1544147
0.01, 1543422
0.01, 1540241
0.01, 1530139
0.01, 1518059
0.01, 1516733
0.01, 1510628
0.01, 1503111
0.01, 1501250
0.01, 1496114
0.01, 1494315
0.01, 1491948
0.01, 1488226
0.01, 1485782
0.01, 1481439
0.01, 1475708
0.01, 1464428
0.01, 1462405
0.01, 1456163
0.01, 1455274
0.01, 1448243
0.01, 1447825
0.01, 1446879
0.01, 1443206
0.01, 1437140
0.01, 1422143
0.01, 1421773
0.01, 1420787
0.02, 1419620
0.02, 1419082
0.02, 1417077
0.02, 1416023
0.02, 1409057
0.02, 1404984
0.03, 1400619
0.05, 1400517
0.06, 1399417
0.06, 1399405
0.06, 1395981
