0.00,3481504
0.00,3266524
0.00,2466857
0.00,2673719
0.00,2633289
0.00,2632076
0.00,2213633
0.00,2059260
0.00,2042755
0.00,2144179
0.00,2217751
0.00,2201172
0.00,2324979
0.00,2438706
0.00,2411507
0.00,2378649
0.00,1994576
0.00,1936666
0.00,1904159
0.00,2255017
0.00,1825317
0.00,1776438
0.00,1737336
0.00,1735107
0.00,1681150
0.00,1658493
0.00,1651247
0.00,1628715
0.00,1613314
0.00,1608140
0.00,1788208
0.00,1837994
0.00,1655846
0.00,1713590
0.00,1588755
0.00,1555803
0.00,1536171
0.00,1510810
0.00,1495730
0.00,1485082
0.00,1474777
0.00,1466317
0.00,1460919
0.00,1460581
0.00,1498715
0.00,1533745
0.00,1592024
0.00,1918746
0.00,1919916
0.00,1854162
0.00,1925901
0.00,2010580
0.00,1525352
0.00,1447388
0.00,1445023
