0.00, 4780819
0.00, 4417592
0.00, 4408375
0.00, 4374075
0.00, 4308998
0.00, 4257754
0.00, 3921418
0.00, 3856530
0.01, 3817957
0.01, 3814099
0.01, 3742749
0.01, 3690999
0.01, 3678541
0.01, 3669386
0.01, 3483164
0.01, 3331318
0.01, 3325919
0.01, 3323078
0.01, 2912551
0.01, 2909202
0.01, 2831123
0.01, 2794725
0.01, 2760270
0.01, 2736913
0.01, 2722612
0.01, 2623286
0.01, 2608840
0.01, 2584436
0.01, 2577735
0.01, 2434171
0.01, 2344983
0.01, 2342464
0.01, 2330998
0.01, 2323974
0.01, 2317643
0.01, 2296383
0.01, 2167296
0.01, 2159908
0.01, 1921630
0.01, 1890895
0.01, 1835050
0.01, 1834273
0.01, 1829625
0.01, 1828487
0.01, 1810034
0.01, 1801066
0.01, 1790583
0.01, 1789218
0.01, 1779498
0.01, 1729154
0.01, 1707477
0.01, 1701591
0.01, 1646443
0.01, 1644841
0.01, 1640426
0.01, 1638626
0.01, 1636655
0.01, 1633512
0.01, 1596663
0.01, 1579201
0.01, 1560376
0.01, 1559863
0.01, 1526543
0.01, 1520692
0.01, 1517225
0.01, 1517134
0.01, 1516291
0.01, 1467112
0.01, 1462733
0.01, 1446750
0.01, 1436724
0.01, 1426496
0.01, 1422404
0.01, 1418659
0.01, 1416767
0.01, 1413113
0.03, 1411854
0.03, 1409737
0.03, 1407519
0.03, 1403443
0.04, 1400857
0.06, 1398281
0.06, 1396549
0.07, 1395981
