0.00,3571514
0.00,3205121
0.00,2851307
0.00,2569306
0.00,2546169
0.00,2244275
0.00,2226876
0.00,2273364
0.00,2043106
0.00,2071853
0.00,2187012
0.00,2187370
0.00,2445430
0.00,2289978
0.00,2298963
0.00,2313943
0.00,1904746
0.00,1821021
0.00,1731835
0.00,1737506
0.00,1752502
0.00,1672126
0.00,1717277
0.00,1848987
0.00,1913678
0.00,1714846
0.00,1769229
0.00,1644394
0.00,1632005
0.00,1613419
0.00,1597794
0.00,1587936
0.00,1772983
0.00,1842021
0.00,1887590
0.00,2072826
0.00,1950159
0.00,1947086
0.00,1576342
0.00,1552906
0.00,1530578
0.00,1510946
0.00,1505484
0.00,1515068
0.00,1532543
0.00,1516878
0.00,1489838
0.00,1479533
0.00,1470692
0.00,1462232
0.00,1456750
0.00,1732071
0.00,1728967
0.00,1741977
0.00,1981539
0.00,1910821
0.00,1894145
0.00,1845655
0.00,1523731
0.00,1493531
0.00,1490832
0.00,1504617
0.00,1492883
0.00,1454889
0.00,1622161
0.00,1707863
0.00,1731311
0.00,1975811
0.00,1885487
0.00,1896749
0.00,1875256
0.00,1509773
0.00,1471453
0.00,1465328
0.00,1482758
0.00,1487881
0.00,1454799
0.00,1438906
