0.00,4087128
0.00,3543435
0.00,3152519
0.00,2948594
0.00,2980990
0.00,2601302
0.00,2785878
0.00,2689352
0.00,2681464
0.00,2713860
0.00,2259100
0.00,2061199
0.00,1931255
0.00,1779750
0.00,1703044
0.00,2034254
0.00,1694045
0.00,1817762
0.00,1657895
0.00,1551181
0.00,1569779
0.00,1498695
0.00,1468920
0.00,1467908
0.00,1571288
0.00,1731305
0.00,1916284
0.00,1901600
0.00,1894997
0.00,1994246
0.00,1712534
0.00,1616605
0.00,1454151
0.00,1441085
0.00,1508644
0.00,1566092
0.00,1693175
0.00,1877107
0.00,1872184
0.00,1896463
0.00,1897626
0.00,1683363
0.00,1903575
0.00,1430139
0.00,1416549
0.00,1408611
0.00,1405743
0.00,1403443
0.00,1402307
