0.00, 4192183
0.00, 4143735
0.00, 3896740
0.00, 3530040
0.00, 3459486
0.00, 3451503
0.00, 3407345
0.00, 3391252
0.00, 3313809
0.00, 3311704
0.00, 3298475
0.00, 3208943
0.00, 3204630
0.00, 3183555
0.00, 3150853
0.00, 3143214
0.00, 3092996
0.00, 2913384
0.00, 2892723
0.00, 2889431
0.00, 2862724
0.00, 2862388
0.00, 2689852
0.00, 2688610
0.00, 2688424
0.00, 2688234
0.00, 2688141
0.00, 2661100
0.00, 2654353
0.00, 2638123
0.00, 2598066
0.00, 2280430
0.00, 2255510
0.00, 2253334
0.00, 2251782
0.01, 2251232
0.01, 2250025
0.01, 2138042
0.01, 2120819
0.01, 2119731
0.01, 2092754
0.01, 2076881
0.01, 2052093
0.01, 2050858
0.01, 2044056
0.01, 2026164
0.01, 2023019
0.01, 1986556
0.01, 1895949
0.01, 1888761
0.01, 1793486
0.01, 1792370
0.01, 1781778
0.01, 1779278
0.01, 1474158
0.01, 1473132
0.01, 1469916
0.01, 1461485
0.01, 1461353
0.01, 1457670
0.01, 1452202
0.01, 1438412
0.01, 1435148
0.01, 1426173
0.01, 1413891
0.02, 1411607
0.02, 1404050
0.02, 1401750
0.02, 1401182
0.02, 1400046
0.04, 1398849
0.04, 1397685
0.06, 1395981
