0.00, 3535921
0.01, 3534243
0.01, 3532891
0.01, 3529277
0.01, 3438711
0.01, 3435065
0.01, 3422355
0.01, 3413200
0.01, 3230448
0.01, 3163816
0.01, 2956641
0.01, 2954203
0.01, 2950844
0.01, 2942559
0.01, 2930066
0.01, 2921999
0.01, 2919939
0.01, 2904311
0.01, 2902343
0.01, 2873674
0.01, 2714241
0.01, 2693566
0.01, 2568825
0.01, 2536042
0.01, 2467306
0.01, 2457362
0.01, 2413371
0.01, 2223019
0.01, 2217058
0.01, 2216200
0.01, 2215552
0.01, 2211850
0.01, 2196809
0.01, 2194321
0.01, 2190055
0.01, 1854657
0.01, 1837163
0.01, 1826666
0.01, 1811130
0.01, 1809578
0.01, 1805293
0.01, 1791820
0.01, 1741715
0.01, 1741239
0.01, 1734346
0.01, 1719534
0.01, 1707504
0.01, 1636272
0.01, 1633690
0.01, 1613152
0.01, 1606261
0.01, 1604947
0.01, 1604401
0.01, 1603545
0.01, 1596730
0.01, 1596071
0.01, 1595291
0.01, 1594033
0.01, 1577941
0.01, 1567109
0.01, 1553666
0.01, 1551472
0.01, 1541784
0.01, 1538254
0.01, 1534211
0.01, 1527090
0.01, 1524859
0.01, 1519956
0.01, 1518601
0.01, 1514428
0.01, 1511437
0.01, 1506568
0.01, 1506405
0.01, 1505172
0.01, 1489720
0.01, 1487755
0.01, 1485142
0.01, 1476996
0.01, 1476028
0.01, 1449436
0.01, 1446618
0.01, 1443285
0.01, 1441495
0.01, 1440181
0.01, 1439741
0.01, 1434151
0.02, 1427883
0.02, 1408661
0.02, 1406735
0.03, 1405308
0.03, 1405283
0.04, 1403927
0.05, 1401831
0.05, 1399405
0.07, 1398849
0.07, 1398281
0.08, 1395981
