0.00,3748611
0.00,3334372
0.00,2918375
0.00,2929006
0.00,2772253
0.00,2646636
0.00,2417452
0.00,2231587
0.00,2295903
0.00,2243885
0.00,2278538
0.00,2013940
0.00,1912646
0.00,1817362
0.00,1855766
0.00,1771057
0.00,1725698
0.00,1676182
0.00,1667605
0.00,1806649
0.00,2128153
0.00,1773369
0.00,1889057
0.00,1857969
0.00,2043425
0.00,1960356
0.00,1808778
0.00,1626171
0.00,1593579
0.00,1680016
0.00,1555391
0.00,1658053
0.00,2017808
0.00,1675707
0.00,1785665
0.00,1823129
0.00,1992873
0.00,1895443
0.00,1902735
0.00,1919190
0.00,1736665
0.00,1554219
0.00,1517970
0.00,1510331
0.00,1493888
0.00,1484659
0.00,1467986
0.00,1452003
0.00,1439153
0.00,1428989
0.00,1427103
0.00,1416387
0.00,1414031
0.00,1409939
0.00,1408815
0.00,1406515
0.00,1405947
