0.01,4147839
0.01,3748177
0.01,3825610
0.01,3392996
0.01,3394907
0.01,3270057
0.01,2851203
0.01,2640083
0.01,2656962
0.01,2379670
0.01,2329087
0.01,2362858
0.01,2090852
0.01,2054525
0.01,1930735
0.01,2335419
0.01,1977431
0.01,1870121
0.01,1807842
0.01,1776946
0.01,1950635
0.01,1845570
0.01,2125368
0.01,1817848
0.01,1756236
0.01,1694829
0.01,1640125
0.01,1623825
0.01,1585114
0.01,1575031
0.01,1544821
0.01,1579608
0.01,1560993
0.01,1533381
0.01,1576065
0.01,1556338
0.01,1534955
0.01,1513484
0.01,1514414
0.01,1487954
0.01,1481076
0.01,1509333
0.01,1464881
0.01,1480530
0.01,1488698
0.01,1446343
0.01,1442384
0.01,1429534
0.01,1418520
0.01,1409627
0.01,1405257
0.01,1401993
0.01,1397117
0.01,1395981
