0.00,3338990
0.00,2954232
0.00,2920335
0.00,2845351
0.00,2797613
0.00,2508679
0.00,2375957
0.00,2234853
0.00,2131229
0.00,2006604
0.00,1950389
0.00,1970883
0.00,2300483
0.00,1923639
0.00,1827068
0.00,1784635
0.00,2112705
0.00,2108936
0.00,2156009
0.00,2223315
0.00,2013461
0.00,1975903
0.00,1936749
0.00,1814384
0.00,1888751
0.00,2165065
0.00,1747033
0.00,1700581
0.00,1679279
0.00,1649967
0.00,1657250
0.00,1645226
0.00,1618804
0.00,1653344
0.00,1660800
0.00,1720278
0.00,2056575
0.00,2067239
0.00,2030002
0.00,2401993
0.00,1825837
0.00,1573941
0.00,1550479
0.00,1540174
0.00,1530072
0.00,1518295
0.00,1520168
0.00,1510411
0.00,1492203
0.00,1480620
0.00,1474734
0.00,1469832
0.00,1467971
0.00,1451988
0.00,1450248
0.00,1473666
0.00,1479472
0.00,1499017
0.00,1539348
0.00,1557177
0.00,1551302
0.00,1605838
0.00,1956072
0.00,1619986
0.00,1550360
0.00,1639427
0.00,1514032
0.00,1445506
0.00,1444766
