0.01, 6993840
0.01, 6990696
0.01, 6986327
0.01, 6984067
0.01, 6920563
0.01, 6911479
0.01, 6905129
0.01, 6878678
0.01, 6876582
0.01, 6859563
0.01, 6858965
0.01, 6855699
0.01, 6844306
0.01, 6843414
0.01, 6841189
0.01, 6839884
0.01, 6838964
0.01, 6834973
0.01, 6827538
0.01, 6807234
0.01, 6801473
0.01, 6800031
0.01, 6783028
0.01, 6777429
0.01, 6777118
0.01, 6774514
0.01, 6772772
0.01, 6760647
0.01, 6649565
0.01, 6641268
0.01, 6638067
0.01, 6516539
0.01, 6450645
0.01, 6428991
0.01, 6421397
0.01, 6398475
0.01, 6358684
0.01, 6357805
0.01, 6260917
0.01, 6244014
0.01, 6243385
0.01, 6243290
0.01, 6171551
0.01, 6162096
0.01, 6151042
0.01, 6131097
0.01, 6108429
0.01, 6082593
0.01, 6055681
0.01, 6049216
0.01, 6046298
0.01, 5987996
0.01, 5979553
0.01, 5977624
0.01, 5977025
0.01, 5970388
0.01, 5961247
0.02, 5958892
0.02, 5952329
0.02, 5921719
0.02, 5921250
0.02, 5921166
0.02, 5894431
0.02, 5882444
0.02, 5848937
0.02, 5840897
0.02, 5818856
0.02, 5803759
0.02, 5789471
0.02, 5779995
0.02, 5779370
0.02, 5770633
0.02, 5767073
0.03, 5763724
0.03, 5750201
0.03, 5729463
0.03, 5718844
0.03, 5708850
0.03, 5678436
0.03, 5677998
0.03, 5677203
0.03, 5675543
0.03, 5671799
0.03, 5671689
0.03, 5582579
0.03, 5557880
0.03, 5531795
0.03, 5466640
0.03, 5453746
0.03, 5445399
0.03, 5413491
0.03, 5409538
0.03, 5402408
0.03, 5273390
0.03, 5270335
0.03, 5269884
0.03, 5267316
0.03, 5255865
0.03, 5252921
0.03, 5251101
0.03, 5158344
0.03, 5154947
0.03, 5147895
0.03, 5144424
0.03, 5141154
0.03, 5134309
0.03, 5115882
0.03, 5107138
0.03, 5106280
0.03, 5105762
0.03, 5104725
0.03, 5102872
0.03, 5101189
0.03, 5090668
0.03, 5086922
0.03, 5079730
0.03, 5076004
0.03, 5061693
0.12, 5056639
0.12, 5055976
0.12, 5021271
0.12, 4978686
0.12, 4941535
0.12, 4937865
0.19, 4933488
0.19, 4918869
0.19, 4898739
0.19, 4867999
0.19, 4866602
0.22, 4862731
0.22, 4861113
0.22, 4836864
0.22, 4829136
0.22, 4786819
0.24, 4781815
0.24, 4781632
0.24, 4765834
0.24, 4764150
0.24, 4751458
0.26, 4749337
0.26, 4724308
0.26, 4723862
0.28, 4700790
0.28, 4696557
0.28, 4694579
0.28, 4667293
0.28, 4664942
0.28, 4662400
0.28, 4645789
0.28, 4626089
0.28, 4623665
0.28, 4620193
0.28, 4614379
0.28, 4594955
0.28, 4547546
0.28, 4545472
0.28, 4540517
0.32, 4539566
0.35, 4527330
0.35, 4507221
0.35, 4505417
0.35, 4498437
0.35, 4495920
0.35, 4493201
0.35, 4491956
0.35, 4482167
0.35, 4454421
0.35, 4454406
0.35, 4446742
0.36, 4441091
0.36, 4407662
0.36, 4381379
0.36, 4370764
0.40, 4365574
0.40, 4365030
0.40, 4353359
0.40, 4349153
0.40, 4331581
0.40, 4329714
0.40, 4322936
0.43, 4320161
0.44, 4236982
0.44, 4202649
0.44, 4188961
0.44, 4186956
0.44, 4176415
0.44, 4175364
0.44, 4139146
0.51, 4128012
0.51, 4127973
0.51, 4127036
0.51, 4108705
0.51, 4093832
0.51, 4065487
0.51, 4063354
0.51, 4058160
0.55, 4044080
0.55, 4037675
0.55, 4031648
0.55, 4009582
0.55, 3999486
0.55, 3970009
0.55, 3965229
0.55, 3960597
0.55, 3950754
0.55, 3950251
0.55, 3928359
0.55, 3924679
0.55, 3915005
0.55, 3911758
0.55, 3891983
0.55, 3860633
0.55, 3846464
0.55, 3842930
0.55, 3842464
0.55, 3833586
0.55, 3831899
0.55, 3821450
0.55, 3804308
0.55, 3763769
0.57, 3732953
0.57, 3728384
0.57, 3727966
0.57, 3713965
0.57, 3713386
0.57, 3701216
0.58, 3687779
0.58, 3685697
0.58, 3681576
0.58, 3678948
0.58, 3657589
0.58, 3657287
0.58, 3638812
0.58, 3608298
0.58, 3574909
0.58, 3574655
0.58, 3573666
0.58, 3573640
0.58, 3570874
0.58, 3564303
0.58, 3554577
0.58, 3552149
0.58, 3540767
0.58, 3501763
0.58, 3487988
0.58, 3486998
0.65, 3485290
0.65, 3472243
0.65, 3472046
0.65, 3467251
0.65, 3452119
0.65, 3449889
0.65, 3423921
0.65, 3393978
0.65, 3378471
0.65, 3377704
0.71, 3364840
0.71, 3302443
0.71, 3297777
0.71, 3283409
0.71, 3265925
0.71, 3261940
0.71, 3259345
0.71, 3237133
0.71, 3232603
0.71, 3211028
0.71, 3208461
0.71, 3206340
0.72, 3197104
0.72, 3196922
0.72, 3181562
0.72, 3175847
0.72, 3126393
0.72, 3107757
0.72, 3083210
0.72, 3082721
0.72, 3082103
0.72, 3026870
0.82, 3016417
0.82, 2995148
0.82, 2987082
0.82, 2967374
0.82, 2965245
0.82, 2938040
0.82, 2927546
0.82, 2908156
0.82, 2906958
0.82, 2903183
0.82, 2902412
0.82, 2901998
0.82, 2892355
0.82, 2883241
0.82, 2882439
0.82, 2872208
0.82, 2864833
0.83, 2856903
0.83, 2852777
0.83, 2843775
0.83, 2843738
0.83, 2839551
0.83, 2837963
0.83, 2830033
0.83, 2827334
0.83, 2807290
0.83, 2804583
0.83, 2803656
0.83, 2802085
0.83, 2792950
0.83, 2784715
0.83, 2783441
0.83, 2779952
0.83, 2774026
0.92, 2736623
0.92, 2735421
0.92, 2735280
0.92, 2733633
0.92, 2724153
0.92, 2723641
0.92, 2723383
0.92, 2720851
0.92, 2719042
0.92, 2716386
0.92, 2707353
0.92, 2705497
0.92, 2705322
0.92, 2704702
0.92, 2704701
0.92, 2697264
0.92, 2691974
0.92, 2691459
0.92, 2687739
0.92, 2679024
0.92, 2671354
0.92, 2668835
0.93, 2667116
0.93, 2660682
0.93, 2659445
0.97, 2657986
0.97, 2653503
0.97, 2649483
0.97, 2647196
0.97, 2645951
0.97, 2644583
0.97, 2618977
0.97, 2613777
0.97, 2613762
1.01, 2612040
1.01, 2603926
1.01, 2603312
1.01, 2603075
1.01, 2601079
1.01, 2599057
1.01, 2598818
1.01, 2573518
1.01, 2571168
1.01, 2570289
1.01, 2568896
1.01, 2567944
1.01, 2563088
1.03, 2561672
1.03, 2560373
1.03, 2551943
1.03, 2545519
1.03, 2543982
1.03, 2540129
1.03, 2538195
1.03, 2528888
1.03, 2522967
1.03, 2512710
1.03, 2510040
1.03, 2495904
1.03, 2488687
1.03, 2487753
1.04, 2481289
1.04, 2481286
1.05, 2478227
1.05, 2472034
1.05, 2466490
1.05, 2465956
1.05, 2459110
1.06, 2458915
1.06, 2451302
1.06, 2448982
1.06, 2445527
1.06, 2442531
1.06, 2441042
1.06, 2431913
1.06, 2425249
1.06, 2422843
1.06, 2417855
1.06, 2416807
1.06, 2397072
1.06, 2394581
1.06, 2394535
1.06, 2392185
1.06, 2389838
1.06, 2381120
1.06, 2367125
1.06, 2352300
1.06, 2350538
1.06, 2344246
1.06, 2343293
1.06, 2342848
1.06, 2329775
1.07, 2319175
1.07, 2311484
1.07, 2310100
1.07, 2308729
1.07, 2305342
1.07, 2298526
1.07, 2289899
1.07, 2282996
1.07, 2282162
1.07, 2281274
1.07, 2279737
1.07, 2278092
1.07, 2272562
1.07, 2267322
1.07, 2259623
1.07, 2255928
1.07, 2252506
1.07, 2241850
1.07, 2241260
1.09, 2240997
1.09, 2240321
1.09, 2239497
1.09, 2239339
1.09, 2237068
1.11, 2190981
1.11, 2182532
1.11, 2182139
1.11, 2179072
1.11, 2170613
1.11, 2167217
1.11, 2161703
1.11, 2147509
1.11, 2145165
1.11, 2141742
1.11, 2140685
1.11, 2135329
1.11, 2134213
1.11, 2132238
1.11, 2125274
1.11, 2118709
1.11, 2114911
1.11, 2106448
1.11, 2102978
1.11, 2097594
1.11, 2092758
1.20, 2080815
1.20, 2069824
1.20, 2067869
1.20, 2066876
1.20, 2062016
1.20, 2060943
1.20, 2060306
1.20, 2059169
1.20, 2051000
1.20, 2049951
1.20, 2049266
1.20, 2046189
1.20, 2045025
1.20, 2034288
1.20, 2034132
1.20, 2013707
1.20, 2009567
1.20, 2006795
1.20, 1994705
1.20, 1994296
1.20, 1983305
1.21, 1981865
1.21, 1981396
1.21, 1976825
1.21, 1960360
1.21, 1959169
1.21, 1952937
1.21, 1950482
1.21, 1949796
1.21, 1939421
1.21, 1936676
1.21, 1935987
1.21, 1934315
1.21, 1931901
1.21, 1931738
1.21, 1917280
1.30, 1911025
1.30, 1906262
1.30, 1898292
1.30, 1893863
1.30, 1892080
1.30, 1890447
1.30, 1882353
1.30, 1877421
1.30, 1876217
1.30, 1875631
1.30, 1872647
1.30, 1869486
1.30, 1868533
1.30, 1867624
1.30, 1866775
1.30, 1863703
1.30, 1862898
1.30, 1860575
1.30, 1858391
1.30, 1857190
1.30, 1841210
1.30, 1838983
1.30, 1838719
1.30, 1833869
1.30, 1832889
1.30, 1829413
1.30, 1825774
1.30, 1809726
1.30, 1808433
1.31, 1803725
1.31, 1803413
1.31, 1794792
1.31, 1786296
1.31, 1783698
1.35, 1769821
1.35, 1763981
1.35, 1763437
1.35, 1759585
1.35, 1759465
1.35, 1753410
1.35, 1741666
1.35, 1731684
1.35, 1731594
1.35, 1729887
1.35, 1727742
1.35, 1727474
1.35, 1727400
1.35, 1725036
1.35, 1724282
1.37, 1723854
1.37, 1722841
1.37, 1719707
1.37, 1719146
1.37, 1716304
1.37, 1710623
1.37, 1707913
1.37, 1702291
1.39, 1700997
1.40, 1681579
1.40, 1680069
1.40, 1676589
1.40, 1676198
1.41, 1671352
1.41, 1670925
1.41, 1642942
1.41, 1636876
1.41, 1636533
1.41, 1635239
1.41, 1631960
1.41, 1631563
1.41, 1621929
1.41, 1619019
1.41, 1614103
1.41, 1613344
1.41, 1612741
1.41, 1608770
1.41, 1597696
1.41, 1589504
1.41, 1584011
1.41, 1575513
1.41, 1564661
1.41, 1564047
1.41, 1563031
1.41, 1561478
1.41, 1553449
1.41, 1542971
1.41, 1539742
1.41, 1538704
1.41, 1537508
1.41, 1535091
1.41, 1534284
1.41, 1530093
1.45, 1529974
1.45, 1527758
1.45, 1524901
1.45, 1522681
1.45, 1520079
1.45, 1516325
1.45, 1512711
1.45, 1508909
1.45, 1494590
1.45, 1493583
1.45, 1486067
1.45, 1481063
1.45, 1478709
1.45, 1476349
1.45, 1475561
1.45, 1464852
1.45, 1463491
1.45, 1463120
1.45, 1462835
1.45, 1462817
1.45, 1461493
1.45, 1456878
1.45, 1454286
1.45, 1454179
1.45, 1448603
1.45, 1443947
1.45, 1443859
1.45, 1432932
1.45, 1430933
1.60, 1429672
1.60, 1428521
1.60, 1425663
1.60, 1425090
1.60, 1424536
1.60, 1420359
1.60, 1415654
1.60, 1409618
1.60, 1408520
1.60, 1406263
1.60, 1400837
1.60, 1395240
1.60, 1395144
1.60, 1393274
1.60, 1391053
1.61, 1390813
1.61, 1381655
1.65, 1381537
1.65, 1381313
1.65, 1380618
1.65, 1380215
1.65, 1373155
1.65, 1371497
1.65, 1364679
1.65, 1360067
1.65, 1358911
1.65, 1358423
1.65, 1358025
1.65, 1357467
1.65, 1355837
1.65, 1355681
1.65, 1355018
1.66, 1354733
1.66, 1351508
1.66, 1350729
1.66, 1341578
1.66, 1336161
1.66, 1334872
1.66, 1331645
1.66, 1329504
1.66, 1329307
1.66, 1328170
1.66, 1327818
1.66, 1326593
1.66, 1325145
1.66, 1317323
1.66, 1313724
1.66, 1305818
1.66, 1305358
1.66, 1298572
1.66, 1289845
1.66, 1289564
1.66, 1289251
1.66, 1283053
1.66, 1282473
1.66, 1281757
1.67, 1278218
1.68, 1277384
1.68, 1271252
1.68, 1270943
1.68, 1266649
1.68, 1266433
1.68, 1260657
1.68, 1257736
1.68, 1254725
1.68, 1246323
1.73, 1243890
1.73, 1243441
1.73, 1243183
1.73, 1238825
1.73, 1236625
1.73, 1234303
1.73, 1231350
1.73, 1229437
1.73, 1229002
1.73, 1224055
1.73, 1223969
1.73, 1220879
1.74, 1220863
1.74, 1213970
1.74, 1212208
1.74, 1211679
1.74, 1207664
1.74, 1206527
1.74, 1205166
1.74, 1204285
1.74, 1203154
1.74, 1203133
1.74, 1200277
1.74, 1198910
1.74, 1195390
1.74, 1193819
1.74, 1192208
1.74, 1191776
1.74, 1189391
1.74, 1186888
1.74, 1179420
1.74, 1177463
1.74, 1176472
1.74, 1176433
1.74, 1173426
1.74, 1171777
1.74, 1169842
1.75, 1169585
1.75, 1167561
1.75, 1167112
1.75, 1163309
1.75, 1161730
1.75, 1161390
1.75, 1159502
1.75, 1156460
1.75, 1156076
1.75, 1155176
1.75, 1154425
1.81, 1151931
1.81, 1147954
1.81, 1142428
1.81, 1141861
1.81, 1135513
1.81, 1134633
1.81, 1132457
1.81, 1131055
1.81, 1128478
1.81, 1125653
1.81, 1125247
1.81, 1124989
1.81, 1122382
1.81, 1119349
1.81, 1118159
1.81, 1115778
1.81, 1112933
1.81, 1111124
1.81, 1109253
1.81, 1107196
1.81, 1103882
1.82, 1098426
1.83, 1097726
1.83, 1089884
1.83, 1087889
1.83, 1084677
1.83, 1083671
1.83, 1079883
1.83, 1077991
1.83, 1075449
1.83, 1075007
1.83, 1074640
1.83, 1074614
1.83, 1073171
1.83, 1072369
1.83, 1071302
1.83, 1071240
1.83, 1070402
1.83, 1069789
1.83, 1069672
1.83, 1069004
1.83, 1068169
1.83, 1066300
1.83, 1066196
1.83, 1063355
1.83, 1060142
1.83, 1060001
1.83, 1058402
1.83, 1054614
1.83, 1053183
1.83, 1052228
1.83, 1052160
1.83, 1051649
1.83, 1051541
1.83, 1047551
1.83, 1047176
1.90, 1044352
1.94, 1044044
1.94, 1043282
1.94, 1041740
1.94, 1041447
1.94, 1041337
1.94, 1038752
1.96, 1037934
1.96, 1036876
1.96, 1035495
1.96, 1030622
1.96, 1028590
1.96, 1026814
1.96, 1026666
2.00, 1023214
2.00, 1022516
2.01, 1020973
2.01, 1020075
2.01, 1020069
2.01, 1016374
2.01, 1015860
2.01, 1014572
2.01, 1006216
2.01, 1005942
2.01, 1002426
2.01, 1001132
2.01, 998949
2.01, 998916
2.01, 997666
2.01, 997399
2.01, 997007
2.01, 995732
2.01, 994656
2.02, 993926
2.02, 993769
2.02, 993331
2.02, 993269
2.02, 990103
2.03, 989844
2.03, 989256
2.03, 984336
2.03, 983881
2.03, 980086
2.03, 979740
2.03, 979209
2.03, 978992
2.03, 978123
2.03, 976572
2.07, 976350
2.07, 974295
2.07, 972777
2.07, 972497
2.07, 971715
2.07, 971536
2.07, 970787
2.07, 970769
2.08, 969359
2.08, 968878
2.08, 968722
2.08, 965705
2.08, 963512
2.08, 963333
2.08, 962256
2.10, 960563
2.10, 957781
2.10, 956976
2.10, 956275
2.10, 953603
2.10, 953571
2.10, 946858
2.10, 946073
2.10, 945159
2.10, 943555
2.10, 942475
2.11, 942345
2.11, 940737
2.11, 940603
2.11, 935656
2.11, 934380
2.11, 925866
2.11, 925343
2.11, 924714
2.11, 922025
2.12, 921197
2.12, 921147
2.12, 918834
2.12, 918593
2.12, 917044
2.12, 913455
2.12, 913390
2.15, 912515
2.17, 911765
2.17, 910455
2.17, 910414
2.18, 908664
2.18, 904184
2.18, 903639
2.18, 899112
2.18, 897587
2.18, 894496
2.18, 894101
2.18, 893921
2.18, 893136
2.18, 892570
2.18, 892323
2.18, 891620
2.18, 891464
2.18, 888808
2.18, 887375
2.18, 887172
2.18, 883968
2.18, 882486
2.19, 881238
2.19, 879290
2.19, 878187
2.19, 877049
2.19, 876746
2.19, 872611
2.19, 872358
2.21, 871235
2.21, 871043
2.21, 870458
2.21, 870051
2.24, 869535
2.29, 869286
2.29, 867909
2.29, 865133
2.29, 865121
2.29, 863412
2.29, 860539
2.29, 860418
2.29, 859898
2.29, 859070
2.29, 858904
2.29, 858676
2.29, 856720
2.29, 856158
2.29, 854834
2.29, 852784
2.29, 852532
2.29, 851798
2.29, 851588
2.29, 847851
2.29, 846271
2.29, 844989
2.29, 844724
2.29, 844591
2.33, 843267
2.33, 842598
2.33, 842476
2.33, 840540
2.33, 840095
2.33, 838989
2.33, 838593
2.33, 838305
2.33, 837911
2.33, 837586
2.33, 836897
2.34, 836336
2.35, 833958
2.35, 832948
2.35, 831288
2.35, 830376
2.35, 830329
2.35, 829436
2.35, 829216
2.35, 829162
2.35, 827280
2.35, 826212
2.35, 825982
2.35, 825469
2.37, 825273
2.41, 824294
2.41, 824007
2.41, 823332
2.45, 822715
2.45, 822231
2.45, 820676
2.45, 819909
2.45, 819525
2.45, 819383
2.45, 817688
2.45, 817374
2.45, 814922
2.45, 813749
2.45, 813607
2.45, 809217
2.45, 808024
2.45, 807233
2.45, 807065
2.45, 805853
2.45, 805179
2.45, 804263
2.46, 801886
2.46, 801355
2.46, 800098
2.46, 799704
2.49, 799053
2.49, 798473
2.49, 798326
2.49, 797327
2.49, 795153
2.49, 793766
2.49, 793597
2.51, 793536
2.51, 791553
2.52, 790700
2.52, 790461
2.52, 788700
2.52, 787746
2.52, 787520
2.52, 786912
2.52, 785311
2.52, 785292
2.52, 783845
2.52, 783796
2.52, 781582
2.52, 781174
2.52, 780510
2.52, 780422
2.52, 779092
2.53, 778817
2.53, 777513
2.53, 776864
2.53, 776607
2.53, 776202
2.53, 775481
2.53, 773944
2.53, 773011
2.53, 770494
2.53, 769287
2.54, 768684
2.54, 766619
2.54, 765139
2.54, 764786
2.54, 764568
2.54, 763316
2.54, 763273
2.54, 762744
2.54, 760999
2.55, 759174
2.55, 758716
2.55, 758606
2.55, 758279
2.55, 757239
2.55, 757236
2.56, 755374
2.60, 754965
2.60, 751293
2.61, 750727
2.61, 750416
2.61, 749614
2.61, 749128
2.61, 746837
2.61, 746436
2.61, 744537
2.61, 744074
2.62, 743568
2.62, 743293
2.63, 743106
2.63, 743050
2.63, 743039
2.63, 742928
2.63, 740446
2.64, 738290
2.64, 736320
2.65, 735859
2.65, 735570
2.65, 734974
2.65, 733274
2.65, 732961
2.67, 732701
2.68, 731306
2.68, 730875
2.68, 729168
2.68, 728404
2.68, 727313
2.68, 726025
2.68, 724782
2.68, 724323
2.68, 724311
2.68, 723254
2.77, 722153
2.77, 721984
2.77, 721704
2.78, 721540
2.78, 721300
2.78, 720414
2.78, 718783
2.78, 718601
2.78, 718502
2.78, 718275
2.78, 718052
2.78, 716002
2.78, 715666
2.78, 715387
2.78, 715003
2.78, 714528
2.78, 714229
2.78, 712994
2.78, 712165
2.79, 711610
2.79, 710108
2.79, 709595
2.80, 709172
2.87, 709137
2.87, 708460
2.87, 707707
2.87, 707429
2.87, 705747
2.87, 705320
2.87, 705170
2.87, 704898
2.87, 704336
2.87, 704165
2.87, 703526
2.87, 703477
2.88, 700917
2.88, 700179
2.88, 699203
2.88, 698968
2.88, 698931
2.88, 698880
2.88, 698875
2.88, 698575
2.88, 698231
2.88, 698123
2.89, 697678
2.89, 695979
2.90, 695442
2.90, 695371
2.90, 694098
2.90, 693905
2.90, 693552
2.92, 693550
2.92, 692815
2.92, 692798
2.92, 692207
2.92, 691799
2.92, 691384
2.99, 689747
2.99, 689364
2.99, 688746
2.99, 688410
3.00, 688216
3.00, 687674
3.00, 687141
3.01, 686870
3.01, 685978
3.02, 685906
3.02, 685848
3.02, 685397
3.02, 684223
3.02, 683395
3.03, 683002
3.03, 682613
3.03, 682506
3.07, 682002
3.11, 681976
3.11, 681175
3.13, 680614
3.17, 680038
3.17, 679817
3.18, 679535
3.18, 678798
3.18, 678339
3.24, 678021
3.25, 677871
3.25, 677845
3.25, 677598
3.25, 677128
3.25, 677011
3.26, 676907
3.26, 676790
3.26, 676310
3.26, 676023
3.26, 675718
3.27, 675076
3.27, 674107
3.27, 674066
3.27, 673966
3.27, 673954
3.28, 673929
3.28, 673503
3.28, 673452
3.29, 673316
3.29, 672986
3.29, 672664
3.29, 672519
3.29, 672275
3.29, 671089
3.29, 670917
3.29, 670591
3.29, 669989
3.40, 669802
3.40, 669273
3.40, 669254
3.40, 669249
3.44, 668639
3.44, 667879
3.44, 667819
3.44, 667636
3.45, 667245
3.46, 667054
3.52, 667004
3.52, 666906
3.53, 666729
3.53, 666669
3.53, 666305
3.54, 666289
3.54, 666253
3.54, 666225
3.55, 666041
3.55, 665966
3.56, 665930
3.56, 665664
3.74, 665497
3.74, 664996
3.76, 664968
3.78, 664296
3.80, 664188
3.91, 664108
3.91, 664048
3.97, 663877
3.98, 663849
3.98, 663846
3.98, 663516
3.99, 663456
3.99, 663243
4.02, 662821
4.02, 662714
4.02, 662681
4.04, 661892
4.04, 661890
4.05, 661774
4.05, 661771
4.06, 661525
4.22, 661482
4.37, 661467
4.39, 661422
4.46, 661419
16.25, 661225
16.26, 660949
16.26, 660689
16.27, 660657
16.27, 660591
16.28, 660317
16.28, 660073
16.52, 660043
16.54, 660015
16.56, 659955
16.65, 659951
16.87, 659935
16.89, 659813
16.98, 659753
