0.01, 7218148
0.01, 7203983
0.01, 7183328
0.01, 7168445
0.01, 7163753
0.01, 7158150
0.01, 7146336
0.01, 7040717
0.01, 7024015
0.01, 7013303
0.01, 7009202
0.01, 7002252
0.01, 6986276
0.01, 6973226
0.01, 6948136
0.01, 6924855
0.01, 6924549
0.01, 6916223
0.01, 6895936
0.01, 6886629
0.01, 6882255
0.01, 6881352
0.01, 6864027
0.01, 6854659
0.01, 6851615
0.01, 6846129
0.01, 6837145
0.01, 6805796
0.01, 6692661
0.01, 6692630
0.01, 6639673
0.01, 6625866
0.01, 6620701
0.01, 6620699
0.01, 6538556
0.01, 6538177
0.01, 6531595
0.01, 6521381
0.01, 6510829
0.01, 6505289
0.01, 6492200
0.01, 6475313
0.01, 6475111
0.01, 6353807
0.01, 6323502
0.01, 6321819
0.01, 6319178
0.01, 6313377
0.01, 6311375
0.01, 6245301
0.01, 6242954
0.01, 6237026
0.01, 6213798
0.01, 6207089
0.01, 6134111
0.01, 6131662
0.01, 6130078
0.01, 6121589
0.01, 6118733
0.01, 6118588
0.01, 6107451
0.01, 6106641
0.01, 6099664
0.01, 6095708
0.01, 6076894
0.01, 6057792
0.01, 6012080
0.01, 6011735
0.01, 5986689
0.01, 5980861
0.01, 5955589
0.01, 5953119
0.01, 5945261
0.01, 5938240
0.01, 5937529
0.01, 5930108
0.01, 5919627
0.01, 5863325
0.01, 5850125
0.01, 5849752
0.01, 5849123
0.01, 5846582
0.01, 5842699
0.01, 5832120
0.01, 5787618
0.01, 5724150
0.01, 5719528
0.01, 5714945
0.01, 5706354
0.01, 5657380
0.01, 5594167
0.01, 5594104
0.02, 5589916
0.02, 5583233
0.02, 5575623
0.02, 5544978
0.02, 5541176
0.02, 5531973
0.02, 5529812
0.02, 5508292
0.02, 5502328
0.02, 5501847
0.02, 5452800
0.02, 5450954
0.02, 5411312
0.02, 5401924
0.02, 5388404
0.02, 5345743
0.02, 5342627
0.02, 5313959
0.02, 5300828
0.02, 5198364
0.02, 5171821
0.02, 5114761
0.05, 5113540
0.05, 5098769
0.05, 5080471
0.05, 5076710
0.05, 5071854
0.05, 5059678
0.05, 5046067
0.05, 5041127
0.05, 4976809
0.05, 4970469
0.05, 4953815
0.05, 4944991
0.05, 4943278
0.05, 4940274
0.05, 4935922
0.05, 4931924
0.05, 4919779
0.23, 4915634
0.23, 4915181
0.23, 4886800
0.23, 4875995
0.23, 4874064
0.23, 4870571
0.23, 4867800
0.23, 4862066
0.23, 4862062
0.24, 4757200
0.24, 4735501
0.24, 4734373
0.24, 4658360
0.24, 4656626
0.24, 4651396
0.24, 4648028
0.28, 4646727
0.28, 4646626
0.33, 4617325
0.33, 4612722
0.33, 4609775
0.34, 4604747
0.34, 4580088
0.34, 4551685
0.34, 4545894
0.34, 4515856
0.34, 4514548
0.35, 4472183
0.40, 4460027
0.40, 4451485
0.40, 4450475
0.40, 4442138
0.40, 4438751
0.40, 4431742
0.40, 4427205
0.40, 4425970
0.40, 4424276
0.40, 4420448
0.40, 4411633
0.40, 4402699
0.40, 4376424
0.40, 4374211
0.40, 4364483
0.40, 4356997
0.40, 4329383
0.40, 4326128
0.40, 4322547
0.42, 4305625
0.42, 4294339
0.42, 4285319
0.42, 4275242
0.42, 4259113
0.42, 4252195
0.45, 4246420
0.45, 4245271
0.49, 4230231
0.49, 4216874
0.49, 4184072
0.49, 4168624
0.49, 4160411
0.49, 4147591
0.49, 4130200
0.49, 4124341
0.49, 4110768
0.49, 4095611
0.49, 4090722
0.49, 4089275
0.50, 4064955
0.50, 4040781
0.50, 4026594
0.50, 4025471
0.51, 3990323
0.54, 3990117
0.54, 3986334
0.54, 3941513
0.54, 3938560
0.54, 3927422
0.54, 3921731
0.54, 3859271
0.54, 3846204
0.54, 3830146
0.54, 3827742
0.54, 3804810
0.54, 3798136
0.54, 3793573
0.54, 3761630
0.54, 3745532
0.54, 3738710
0.58, 3737755
0.58, 3736620
0.58, 3733226
0.58, 3721070
0.58, 3715427
0.61, 3713829
0.61, 3713670
0.62, 3709334
0.62, 3693340
0.62, 3679002
0.62, 3675249
0.62, 3668484
0.62, 3667448
0.62, 3666055
0.62, 3665932
0.62, 3659805
0.62, 3614805
0.68, 3612265
0.68, 3600028
0.68, 3587012
0.68, 3569834
0.68, 3569672
0.68, 3561242
0.68, 3555397
0.68, 3506144
0.68, 3418513
0.68, 3411094
0.68, 3358684
0.68, 3326607
0.68, 3322814
0.68, 3311051
0.68, 3308360
0.68, 3299941
0.68, 3285540
0.68, 3281070
0.72, 3278399
0.72, 3270423
0.72, 3265607
0.72, 3265116
0.72, 3244507
0.72, 3238686
0.72, 3201975
0.72, 3182280
0.72, 3178936
0.72, 3177852
0.72, 3154694
0.72, 3154528
0.72, 3149838
0.72, 3149559
0.72, 3149078
0.76, 3129950
0.76, 3129837
0.76, 3121203
0.76, 3120963
0.76, 3111486
0.76, 3106309
0.76, 3105565
0.76, 3093941
0.76, 3091906
0.76, 3091549
0.76, 3087501
0.76, 3080633
0.76, 3077105
0.76, 3073661
0.76, 3071057
0.76, 3067512
0.76, 3066622
0.76, 3066086
0.80, 3061865
0.80, 3061093
0.80, 3046651
0.80, 3046013
0.80, 3040146
0.80, 3037855
0.82, 3028879
0.82, 3028036
0.82, 3015538
0.82, 3012919
0.82, 3011024
0.82, 2996127
0.82, 2974371
0.82, 2972643
0.82, 2969275
0.82, 2960217
0.82, 2959467
0.82, 2958490
0.82, 2957384
0.83, 2940436
0.83, 2940095
0.83, 2936687
0.83, 2934082
0.83, 2927330
0.83, 2916571
0.83, 2914715
0.83, 2913497
0.83, 2913320
0.85, 2909256
0.85, 2908582
0.85, 2906917
0.87, 2906291
0.87, 2903015
0.87, 2881625
0.87, 2866735
0.87, 2859395
0.87, 2851069
0.87, 2846084
0.87, 2845263
0.87, 2844778
0.87, 2831599
0.87, 2827773
0.87, 2815768
0.87, 2809969
0.87, 2807689
0.87, 2801943
0.87, 2797417
0.87, 2796333
0.87, 2795483
0.87, 2775091
0.87, 2772310
0.88, 2751668
0.88, 2751468
0.88, 2750370
0.94, 2742543
0.94, 2736808
0.94, 2727749
0.94, 2727381
0.94, 2713676
0.94, 2711899
0.94, 2701765
0.94, 2701720
0.94, 2699907
0.94, 2673114
0.94, 2673100
0.94, 2667587
0.94, 2663872
0.94, 2662086
0.94, 2661936
0.94, 2658953
0.94, 2646924
0.94, 2646274
0.94, 2619520
0.94, 2582723
0.95, 2576344
0.95, 2554858
0.95, 2553174
0.95, 2547127
0.95, 2534816
0.95, 2534158
0.95, 2524660
0.95, 2521159
0.95, 2518430
0.95, 2515575
0.95, 2498480
1.02, 2494362
1.02, 2489107
1.02, 2488425
1.02, 2487093
1.02, 2480103
1.02, 2478774
1.03, 2478648
1.03, 2462921
1.03, 2455092
1.03, 2454543
1.03, 2437082
1.03, 2416953
1.03, 2411468
1.03, 2409857
1.03, 2407438
1.03, 2407382
1.03, 2393166
1.03, 2387790
1.03, 2386059
1.03, 2382397
1.03, 2380865
1.03, 2380758
1.03, 2380024
1.03, 2365981
1.03, 2360808
1.03, 2359175
1.03, 2359120
1.03, 2349630
1.03, 2341889
1.03, 2337022
1.03, 2332896
1.06, 2327913
1.06, 2324729
1.06, 2322790
1.06, 2319826
1.06, 2313908
1.06, 2307824
1.07, 2302023
1.07, 2301979
1.07, 2297724
1.07, 2296636
1.08, 2285763
1.09, 2280510
1.09, 2273110
1.09, 2270274
1.10, 2268721
1.11, 2265574
1.11, 2254861
1.11, 2247900
1.11, 2243252
1.11, 2240688
1.11, 2240591
1.11, 2237594
1.11, 2237445
1.11, 2236338
1.11, 2235279
1.11, 2234124
1.11, 2228296
1.11, 2228253
1.11, 2219773
1.11, 2218257
1.11, 2213283
1.11, 2207171
1.11, 2206651
1.11, 2202454
1.11, 2189617
1.11, 2189543
1.11, 2186922
1.11, 2178818
1.11, 2175217
1.11, 2172593
1.11, 2167688
1.11, 2166335
1.11, 2164513
1.11, 2163922
1.11, 2140819
1.11, 2131996
1.11, 2131073
1.11, 2130940
1.11, 2126287
1.11, 2124660
1.11, 2122576
1.14, 2118071
1.16, 2111344
1.16, 2104622
1.16, 2101454
1.16, 2092386
1.16, 2090502
1.16, 2086395
1.16, 2086346
1.16, 2085706
1.16, 2084112
1.16, 2077602
1.16, 2074413
1.16, 2072429
1.16, 2069706
1.16, 2069139
1.16, 2067423
1.16, 2063749
1.16, 2062393
1.16, 2059522
1.16, 2058260
1.16, 2053870
1.16, 2050968
1.16, 2049994
1.16, 2036112
1.16, 2033871
1.16, 2028368
1.16, 2027434
1.16, 2024563
1.16, 2018235
1.16, 2013897
1.16, 2003389
1.16, 2002645
1.16, 2000461
1.16, 1999747
1.16, 1997046
1.16, 1984722
1.16, 1976789
1.16, 1976777
1.16, 1976388
1.16, 1975302
1.16, 1974312
1.16, 1965632
1.16, 1963754
1.16, 1959561
1.16, 1957970
1.16, 1951640
1.16, 1950519
1.16, 1945162
1.23, 1944575
1.23, 1940631
1.23, 1933229
1.23, 1932848
1.23, 1931686
1.23, 1926390
1.23, 1925902
1.23, 1892453
1.26, 1890101
1.26, 1886722
1.26, 1874478
1.26, 1874007
1.26, 1873656
1.26, 1873494
1.26, 1869708
1.26, 1862337
1.26, 1861602
1.26, 1848850
1.32, 1845370
1.32, 1840177
1.32, 1837785
1.32, 1836870
1.32, 1830882
1.32, 1826910
1.32, 1826657
1.32, 1823158
1.32, 1820662
1.32, 1816446
1.32, 1816350
1.32, 1811785
1.32, 1809173
1.32, 1804184
1.32, 1803800
1.32, 1802902
1.32, 1798836
1.32, 1796749
1.32, 1793190
1.32, 1790148
1.32, 1786294
1.34, 1783715
1.34, 1770829
1.34, 1759722
1.34, 1758465
1.34, 1753932
1.34, 1753329
1.34, 1752896
1.34, 1752769
1.34, 1749028
1.34, 1748533
1.34, 1747264
1.34, 1744839
1.34, 1743010
1.34, 1737265
1.34, 1729611
1.35, 1724891
1.35, 1724811
1.35, 1716330
1.35, 1712113
1.35, 1693625
1.35, 1682602
1.35, 1682426
1.35, 1680224
1.40, 1676479
1.40, 1672154
1.40, 1671762
1.40, 1668822
1.40, 1646359
1.40, 1642968
1.40, 1641367
1.40, 1627060
1.40, 1615855
1.40, 1611292
1.40, 1611236
1.40, 1606709
1.40, 1606358
1.40, 1599938
1.40, 1598688
1.43, 1598111
1.43, 1590120
1.43, 1586685
1.43, 1582068
1.43, 1581645
1.43, 1575889
1.43, 1572038
1.43, 1570155
1.43, 1565416
1.49, 1561064
1.49, 1560511
1.49, 1554903
1.49, 1553669
1.49, 1550131
1.49, 1548083
1.49, 1541210
1.49, 1540721
1.49, 1538468
1.53, 1521326
1.53, 1520884
1.53, 1512441
1.53, 1506429
1.53, 1504677
1.53, 1503426
1.53, 1497731
1.53, 1494679
1.53, 1493069
1.53, 1492155
1.54, 1490573
1.54, 1489743
1.54, 1487625
1.54, 1479702
1.54, 1479347
1.54, 1479318
1.54, 1474218
1.54, 1470685
1.54, 1468331
1.54, 1467918
1.54, 1467647
1.54, 1464845
1.54, 1462675
1.54, 1461585
1.54, 1461521
1.54, 1456772
1.54, 1445608
1.54, 1443042
1.54, 1437829
1.54, 1436113
1.54, 1434508
1.54, 1434121
1.54, 1433789
1.54, 1427515
1.54, 1426169
1.61, 1425771
1.61, 1421235
1.61, 1419479
1.61, 1415077
1.63, 1407523
1.63, 1407292
1.63, 1402949
1.63, 1402285
1.63, 1395062
1.63, 1391896
1.63, 1391171
1.63, 1390288
1.63, 1382278
1.63, 1373818
1.63, 1371503
1.63, 1360518
1.63, 1357042
1.63, 1355975
1.64, 1354894
1.64, 1353032
1.64, 1348233
1.64, 1347204
1.65, 1340987
1.65, 1340479
1.65, 1336333
1.65, 1335759
1.65, 1335654
1.65, 1324046
1.65, 1317673
1.65, 1310884
1.65, 1309393
1.67, 1307240
1.67, 1306985
1.67, 1304417
1.67, 1298512
1.67, 1298374
1.67, 1297021
1.67, 1296865
1.67, 1294790
1.69, 1292254
1.69, 1292070
1.69, 1289946
1.69, 1288496
1.69, 1283562
1.69, 1283077
1.69, 1274757
1.69, 1274738
1.70, 1274415
1.70, 1271429
1.70, 1267413
1.70, 1266943
1.70, 1264352
1.70, 1264280
1.70, 1262599
1.70, 1260829
1.73, 1260019
1.73, 1256840
1.73, 1248607
1.73, 1247466
1.73, 1245830
1.73, 1235785
1.73, 1235302
1.75, 1233320
1.75, 1231527
1.75, 1228935
1.75, 1228421
1.75, 1226582
1.75, 1223406
1.75, 1220291
1.75, 1211973
1.75, 1203290
1.75, 1200970
1.75, 1200530
1.75, 1196265
1.75, 1195897
1.75, 1195756
1.75, 1195682
1.76, 1190873
1.76, 1189953
1.76, 1188232
1.76, 1186759
1.76, 1183262
1.76, 1183258
1.76, 1181117
1.76, 1180368
1.76, 1177188
1.76, 1173345
1.76, 1173267
1.76, 1172149
1.76, 1172139
1.76, 1172001
1.76, 1167349
1.77, 1165985
1.77, 1162417
1.77, 1162234
1.77, 1158805
1.77, 1158285
1.77, 1155847
1.82, 1155342
1.82, 1151002
1.82, 1150733
1.82, 1150660
1.86, 1149462
1.86, 1148342
1.86, 1144147
1.86, 1142860
1.86, 1142382
1.86, 1139428
1.86, 1132534
1.86, 1129896
1.86, 1128343
1.86, 1120722
1.87, 1117811
1.87, 1114825
1.87, 1111869
1.87, 1110569
1.87, 1109575
1.87, 1108429
1.87, 1104080
1.87, 1102395
1.87, 1100129
1.87, 1099681
1.87, 1099401
1.87, 1099388
1.88, 1094555
1.88, 1093538
1.88, 1093315
1.88, 1086954
1.88, 1082971
1.88, 1082746
1.88, 1082410
1.88, 1082086
1.88, 1081754
1.88, 1079959
1.88, 1079500
1.88, 1077766
1.88, 1073761
1.88, 1073194
1.88, 1072677
1.88, 1072044
1.88, 1071970
1.88, 1069304
1.88, 1069289
1.88, 1068539
1.88, 1065658
1.88, 1065524
1.88, 1064587
1.88, 1060331
1.88, 1051934
1.88, 1045894
1.88, 1045071
1.88, 1044457
1.92, 1040052
1.92, 1039779
1.92, 1039575
1.92, 1035266
1.92, 1033828
1.92, 1033351
1.92, 1032970
1.92, 1031918
1.92, 1023580
1.92, 1020829
1.92, 1020749
1.92, 1020537
1.92, 1020507
1.92, 1017341
1.93, 1017339
1.93, 1016628
1.93, 1015810
1.93, 1015368
1.93, 1013993
1.94, 1012752
1.94, 1012745
1.94, 1012463
1.94, 1009623
1.95, 1009526
1.95, 1006255
2.02, 1000172
2.02, 998456
2.02, 995797
2.02, 995256
2.02, 995045
2.02, 990316
2.02, 989018
2.02, 987755
2.02, 986952
2.02, 982934
2.03, 982012
2.03, 979289
2.03, 978176
2.03, 977828
2.03, 977059
2.03, 975975
2.05, 975772
2.05, 974003
2.05, 971600
2.05, 971443
2.05, 970569
2.05, 970526
2.05, 961317
2.05, 960662
2.05, 959336
2.05, 957644
2.07, 957081
2.07, 956532
2.07, 955868
2.07, 955867
2.07, 955113
2.07, 951759
2.07, 949762
2.07, 948575
2.07, 947236
2.07, 946509
2.07, 946063
2.07, 946053
2.07, 943674
2.07, 941565
2.07, 941351
2.07, 937789
2.10, 936352
2.10, 935940
2.10, 933511
2.10, 932975
2.10, 931570
2.10, 930840
2.10, 930775
2.10, 928505
2.10, 924864
2.10, 924329
2.10, 921414
2.10, 920150
2.14, 920110
2.14, 919723
2.15, 918558
2.15, 918175
2.15, 914530
2.15, 911872
2.15, 909244
2.15, 909187
2.15, 905969
2.15, 905677
2.15, 904461
2.15, 900124
2.15, 899767
2.15, 899166
2.15, 897800
2.15, 896749
2.15, 895731
2.18, 892314
2.18, 891977
2.18, 891401
2.18, 890161
2.18, 885674
2.18, 884011
2.18, 883623
2.18, 882046
2.18, 881942
2.22, 879208
2.22, 877638
2.22, 873729
2.22, 872033
2.22, 865352
2.22, 865349
2.25, 857966
2.25, 853526
2.25, 853469
2.25, 852477
2.26, 851954
2.29, 851840
2.29, 848128
2.29, 847962
2.29, 846419
2.29, 846215
2.29, 845092
2.29, 843849
2.29, 843673
2.29, 841753
2.33, 840784
2.33, 840389
2.33, 838601
2.34, 838595
2.34, 837765
2.34, 836686
2.34, 832339
2.34, 832009
2.34, 830519
2.34, 830512
2.34, 829748
2.34, 829413
2.35, 828714
2.36, 826130
2.37, 825890
2.37, 825630
2.38, 825141
2.38, 823664
2.38, 823622
2.38, 823587
2.40, 822672
2.40, 821790
2.40, 821383
2.40, 820736
2.40, 818640
2.40, 818261
2.40, 816566
2.40, 816411
2.40, 815872
2.40, 814952
2.41, 813209
2.41, 811814
2.41, 811303
2.41, 809675
2.41, 808785
2.41, 808619
2.41, 807167
2.41, 805789
2.41, 805507
2.41, 804936
2.41, 804751
2.43, 804213
2.43, 801737
2.45, 801086
2.45, 800799
2.45, 800135
2.45, 797677
2.45, 797045
2.46, 796264
2.46, 795897
2.46, 793159
2.48, 792165
2.48, 789759
2.48, 789328
2.48, 789276
2.48, 788903
2.48, 788851
2.48, 787501
2.48, 787372
2.48, 786091
2.48, 784877
2.48, 783077
2.48, 782088
2.48, 782036
2.48, 781640
2.48, 781031
2.48, 780856
2.49, 777665
2.49, 777650
2.49, 776013
2.49, 774535
2.49, 773998
2.49, 773512
2.49, 772901
2.49, 771700
2.49, 771510
2.49, 771104
2.49, 771049
2.49, 771042
2.49, 770571
2.49, 770524
2.49, 769185
2.49, 765893
2.50, 765861
2.50, 765269
2.50, 765155
2.50, 763519
2.50, 763330
2.58, 762636
2.58, 761637
2.58, 761326
2.58, 761070
2.58, 761050
2.58, 758929
2.58, 758111
2.58, 756957
2.58, 756810
2.61, 756598
2.61, 755682
2.61, 754721
2.62, 753866
2.62, 753306
2.62, 752901
2.62, 751954
2.62, 750215
2.62, 748312
2.62, 747479
2.62, 746411
2.62, 745377
2.62, 745188
2.62, 743732
2.62, 742346
2.62, 741401
2.63, 740998
2.63, 740622
2.63, 740471
2.63, 739825
2.63, 739140
2.63, 738677
2.63, 738543
2.63, 737133
2.63, 736939
2.63, 736638
2.70, 736473
2.71, 736277
2.72, 736235
2.72, 735807
2.72, 735527
2.72, 735353
2.72, 734782
2.73, 733733
2.73, 733567
2.73, 733378
2.73, 731495
2.76, 730890
2.76, 729886
2.76, 729227
2.76, 728629
2.76, 728068
2.76, 727001
2.76, 725941
2.76, 724231
2.76, 723760
2.77, 722817
2.77, 720627
2.77, 720406
2.78, 719607
2.78, 719549
2.78, 719497
2.78, 718019
2.78, 717047
2.78, 716472
2.78, 716230
2.78, 714084
2.80, 713634
2.81, 713384
2.81, 712397
2.81, 711573
2.81, 711133
2.81, 710820
2.81, 710722
2.81, 709442
2.81, 708964
2.81, 708717
2.81, 708451
2.81, 707589
2.81, 707245
2.81, 707199
2.81, 707126
2.83, 706791
2.89, 706057
2.89, 705509
2.91, 705191
2.91, 705163
2.91, 703640
2.91, 703325
2.91, 702768
2.92, 700989
2.92, 700734
2.92, 700056
2.92, 699628
2.92, 699110
2.92, 698941
2.93, 697574
2.93, 697400
2.93, 697111
2.93, 696416
2.93, 696392
2.93, 696069
2.93, 695477
2.94, 692316
2.94, 691621
2.94, 691265
2.94, 690920
3.09, 690675
3.09, 689848
3.09, 689552
3.09, 689117
3.09, 688964
3.11, 688094
3.11, 687890
3.11, 687485
3.11, 687339
3.11, 687248
3.14, 687034
3.14, 686699
3.14, 686572
3.14, 685506
3.15, 685486
3.15, 684960
3.15, 684674
3.15, 684549
3.15, 684227
3.15, 683519
3.15, 683155
3.15, 683143
3.16, 682028
3.17, 681669
3.17, 681430
3.18, 681258
3.18, 681188
3.18, 681109
3.18, 680927
3.18, 680800
3.18, 680799
3.18, 680740
3.19, 680536
3.19, 679564
3.19, 678366
3.19, 677573
3.19, 677541
3.19, 676952
3.19, 676949
3.26, 676269
3.26, 676210
3.26, 676155
3.28, 676090
3.30, 675990
3.30, 675572
3.30, 675369
3.30, 675284
3.30, 674793
3.36, 674187
3.36, 674085
3.36, 673578
3.36, 673531
3.37, 672795
3.37, 672648
3.37, 671932
3.39, 671911
3.39, 671447
3.39, 671165
3.39, 670019
3.42, 669860
3.42, 669781
3.42, 669502
3.43, 669156
3.43, 669094
3.56, 668763
3.56, 668531
3.59, 668506
3.59, 668437
3.59, 667936
3.59, 667580
3.60, 667389
3.61, 667152
3.61, 667083
3.61, 667052
3.61, 667041
3.62, 666900
3.62, 666797
3.64, 666622
3.65, 666581
3.70, 666481
3.74, 666464
3.75, 666404
3.82, 666322
3.82, 666256
3.82, 666234
3.83, 666203
3.83, 666126
3.83, 666033
3.84, 665801
3.89, 665612
3.89, 665584
3.89, 665508
3.89, 665505
3.99, 665484
4.01, 665472
4.07, 665401
4.10, 665370
4.11, 665342
4.27, 665325
4.79, 665297
6.27, 664673
6.32, 664442
6.33, 664420
6.34, 664257
6.34, 664140
6.34, 663758
6.43, 663634
6.44, 663543
6.45, 663439
6.45, 663391
6.48, 663363
6.48, 663305
6.48, 663198
6.48, 663179
6.49, 663056
6.49, 662907
6.49, 662183
6.63, 662167
6.64, 661938
6.65, 661936
6.68, 661687
7.06, 661656
7.34, 661629
7.43, 661596
12.03, 661327
12.04, 661294
12.07, 660979
12.11, 660913
12.11, 660784
12.11, 660718
12.22, 660388
12.23, 660328
12.23, 660300
12.24, 660085
12.28, 660046
12.92, 659906
12.95, 659887
24.43, 659763
24.44, 659503
24.44, 659481
24.47, 659392
24.48, 659242
24.48, 659206
24.51, 659119
24.67, 659094
24.74, 659000
