0.01, 6880473
0.01, 6850624
0.01, 6841546
0.01, 6817119
0.01, 6817082
0.01, 6814779
0.01, 6783481
0.01, 6767150
0.01, 6728833
0.01, 6708993
0.01, 6706778
0.01, 6696761
0.01, 6678988
0.01, 6668247
0.01, 6623071
0.01, 6608083
0.01, 6575430
0.01, 6533893
0.01, 6533873
0.01, 6525040
0.01, 6474903
0.01, 6467841
0.01, 6459190
0.01, 6447519
0.01, 6402165
0.01, 6399383
0.01, 6394616
0.01, 6375188
0.01, 6370063
0.01, 6359625
0.01, 6344627
0.01, 6330741
0.01, 6264539
0.01, 6263951
0.01, 6260662
0.01, 6196759
0.01, 6191114
0.01, 6152279
0.01, 6141377
0.01, 6141137
0.01, 6061446
0.01, 6051903
0.01, 6047100
0.01, 6041161
0.01, 6036727
0.01, 6023429
0.01, 6001766
0.01, 5924499
0.01, 5919857
0.01, 5909456
0.01, 5901781
0.01, 5899803
0.01, 5892765
0.01, 5879047
0.01, 5857876
0.01, 5849196
0.01, 5848887
0.01, 5807418
0.01, 5765409
0.01, 5763746
0.01, 5747798
0.01, 5701637
0.01, 5674144
0.01, 5634589
0.01, 5634496
0.03, 5626500
0.03, 5623827
0.03, 5607808
0.03, 5586294
0.03, 5576084
0.03, 5573670
0.03, 5573260
0.03, 5563645
0.03, 5541931
0.03, 5503982
0.03, 5489055
0.03, 5488540
0.03, 5444711
0.03, 5424859
0.03, 5409848
0.03, 5399293
0.03, 5398055
0.03, 5397189
0.05, 5391076
0.05, 5381246
0.05, 5377650
0.05, 5374843
0.06, 5356190
0.06, 5355222
0.06, 5327262
0.06, 5323429
0.06, 5317767
0.06, 5309843
0.06, 5256151
0.06, 5223379
0.06, 5214567
0.06, 5197508
0.06, 5173499
0.08, 5165581
0.08, 5158595
0.08, 5157645
0.08, 5154460
0.08, 5119860
0.08, 5116181
0.08, 5112691
0.08, 5112682
0.08, 5097639
0.08, 5057157
0.08, 5047003
0.08, 5038422
0.08, 4998880
0.08, 4954254
0.08, 4943752
0.08, 4943132
0.08, 4943001
0.08, 4942078
0.08, 4939910
0.08, 4938950
0.08, 4925933
0.08, 4923423
0.08, 4920181
0.08, 4892642
0.16, 4889392
0.21, 4878631
0.21, 4865645
0.21, 4853150
0.21, 4847146
0.21, 4840137
0.21, 4836179
0.21, 4827571
0.21, 4819171
0.21, 4800946
0.21, 4799958
0.24, 4773589
0.24, 4764080
0.24, 4762956
0.24, 4747405
0.24, 4701644
0.24, 4700877
0.24, 4698866
0.26, 4688274
0.26, 4683369
0.26, 4679652
0.26, 4679412
0.26, 4671635
0.26, 4661965
0.26, 4661949
0.26, 4642433
0.26, 4641169
0.26, 4599359
0.26, 4595079
0.26, 4588902
0.26, 4587964
0.26, 4575689
0.26, 4575409
0.26, 4573780
0.26, 4527947
0.26, 4501239
0.26, 4500284
0.26, 4499933
0.26, 4472449
0.26, 4463926
0.26, 4406152
0.26, 4385847
0.37, 4366966
0.39, 4355854
0.39, 4332571
0.39, 4330672
0.39, 4324185
0.39, 4315350
0.39, 4307245
0.39, 4304932
0.39, 4304755
0.39, 4275712
0.39, 4260457
0.39, 4259364
0.39, 4256368
0.39, 4242722
0.39, 4228153
0.39, 4224901
0.39, 4223110
0.45, 4222797
0.45, 4210460
0.45, 4209884
0.45, 4209410
0.45, 4202546
0.45, 4200196
0.45, 4186363
0.45, 4185242
0.45, 4172329
0.45, 4169448
0.45, 4165443
0.45, 4160667
0.45, 4159450
0.45, 4151017
0.45, 4125670
0.45, 4120461
0.45, 4112493
0.45, 4093251
0.45, 4091657
0.45, 4090310
0.45, 4080523
0.45, 4068151
0.45, 4068037
0.45, 4058839
0.45, 4054364
0.45, 4027662
0.45, 4009111
0.45, 4005610
0.45, 4004872
0.45, 3929799
0.45, 3924273
0.45, 3906599
0.45, 3892693
0.58, 3886521
0.58, 3885699
0.58, 3885173
0.58, 3879062
0.58, 3878471
0.58, 3854795
0.58, 3821623
0.58, 3821554
0.58, 3805590
0.59, 3775815
0.59, 3771950
0.59, 3771841
0.59, 3767129
0.59, 3761943
0.59, 3739578
0.63, 3738526
0.63, 3734563
0.63, 3732638
0.63, 3714685
0.63, 3712998
0.63, 3691460
0.63, 3683157
0.63, 3679684
0.63, 3673734
0.63, 3672757
0.63, 3668889
0.63, 3664594
0.63, 3664568
0.63, 3663905
0.63, 3656922
0.63, 3639566
0.63, 3636539
0.63, 3622125
0.63, 3611193
0.63, 3610404
0.63, 3604760
0.63, 3591103
0.63, 3578568
0.63, 3577228
0.63, 3573127
0.63, 3563012
0.63, 3555799
0.63, 3555150
0.63, 3545878
0.63, 3539854
0.69, 3537900
0.69, 3535892
0.69, 3532532
0.70, 3519824
0.70, 3511827
0.70, 3501635
0.70, 3497480
0.70, 3493546
0.70, 3493485
0.70, 3492289
0.70, 3491976
0.70, 3486799
0.70, 3466728
0.70, 3461190
0.70, 3461179
0.70, 3453553
0.70, 3452909
0.70, 3447831
0.70, 3437774
0.70, 3437725
0.70, 3435553
0.70, 3431637
0.70, 3428831
0.70, 3418399
0.70, 3412238
0.70, 3411212
0.70, 3405376
0.70, 3397482
0.70, 3396738
0.70, 3395324
0.70, 3391755
0.70, 3381953
0.70, 3329855
0.70, 3319127
0.70, 3317300
0.72, 3304365
0.72, 3304354
0.72, 3298766
0.73, 3292296
0.73, 3292253
0.73, 3291491
0.73, 3268509
0.73, 3266714
0.73, 3254111
0.73, 3241818
0.73, 3241593
0.73, 3229195
0.73, 3211964
0.73, 3211620
0.73, 3183041
0.73, 3182130
0.73, 3176557
0.73, 3175079
0.73, 3163957
0.73, 3148008
0.73, 3141084
0.78, 3125017
0.78, 3123758
0.78, 3121367
0.78, 3097465
0.78, 3091270
0.78, 3081363
0.78, 3080271
0.78, 3061979
0.78, 3057397
0.78, 3052830
0.78, 3051138
0.78, 3035551
0.78, 3035193
0.78, 3031559
0.78, 3031518
0.78, 3027235
0.78, 3024135
0.78, 3021966
0.80, 3003793
0.80, 3002270
0.80, 2999938
0.80, 2998711
0.80, 2998683
0.80, 2993991
0.80, 2986672
0.80, 2980682
0.80, 2975071
0.80, 2970754
0.80, 2954655
0.80, 2952690
0.80, 2945141
0.80, 2903316
0.80, 2901274
0.80, 2900958
0.80, 2880676
0.82, 2859206
0.88, 2854784
0.88, 2848126
0.91, 2844243
0.91, 2818528
0.91, 2807811
0.91, 2795218
0.91, 2792768
0.91, 2792663
0.91, 2789264
0.91, 2755257
0.91, 2753893
0.91, 2745385
0.92, 2729849
0.92, 2724438
0.92, 2717748
0.92, 2706841
0.92, 2706701
0.92, 2692752
0.92, 2691574
0.92, 2653616
0.92, 2652617
0.92, 2651598
0.92, 2638796
0.92, 2637961
0.92, 2637781
0.92, 2635431
0.95, 2627551
0.95, 2617027
0.95, 2616825
0.95, 2616038
0.95, 2610377
0.95, 2605923
0.95, 2605249
0.95, 2604677
0.95, 2604457
0.95, 2596731
0.95, 2594422
0.95, 2593487
0.95, 2574298
0.95, 2573778
0.95, 2560880
0.95, 2555776
0.95, 2554539
0.95, 2551377
0.95, 2548562
0.95, 2548418
0.95, 2547674
0.97, 2533878
0.97, 2533687
0.97, 2515220
0.97, 2512368
0.97, 2511555
0.97, 2497407
0.97, 2496211
0.97, 2486529
0.97, 2486048
1.02, 2481506
1.02, 2477169
1.03, 2453105
1.03, 2451017
1.03, 2447170
1.03, 2441607
1.03, 2436058
1.05, 2420486
1.05, 2409576
1.05, 2404639
1.05, 2399277
1.05, 2394127
1.05, 2393239
1.05, 2388952
1.05, 2386160
1.05, 2385042
1.05, 2379423
1.05, 2376378
1.05, 2370950
1.05, 2351939
1.05, 2342862
1.05, 2342530
1.05, 2341735
1.05, 2339507
1.05, 2339066
1.05, 2338602
1.05, 2338278
1.06, 2336483
1.06, 2330919
1.06, 2329570
1.06, 2309476
1.06, 2306541
1.06, 2304149
1.06, 2296208
1.06, 2285455
1.06, 2283678
1.06, 2277868
1.06, 2271192
1.06, 2265262
1.06, 2265204
1.06, 2259792
1.06, 2244190
1.06, 2242301
1.06, 2240612
1.06, 2238771
1.06, 2230303
1.06, 2229589
1.06, 2228047
1.06, 2227610
1.06, 2220755
1.06, 2185849
1.06, 2185478
1.06, 2180911
1.06, 2180169
1.06, 2166909
1.11, 2163468
1.11, 2156716
1.11, 2143707
1.12, 2132106
1.12, 2130018
1.12, 2127953
1.12, 2127035
1.13, 2118496
1.13, 2110123
1.13, 2093240
1.13, 2086472
1.13, 2084618
1.13, 2081413
1.13, 2080515
1.13, 2061960
1.13, 2059760
1.13, 2057206
1.13, 2044171
1.13, 2041028
1.13, 2040314
1.13, 2037402
1.13, 2035600
1.13, 2027201
1.13, 2019679
1.13, 2018959
1.13, 2016942
1.13, 2014654
1.13, 2008454
1.13, 2004186
1.14, 2002932
1.14, 2002829
1.14, 1995715
1.14, 1995028
1.23, 1992545
1.23, 1990784
1.23, 1985050
1.23, 1984200
1.23, 1981665
1.23, 1980679
1.23, 1978587
1.23, 1971448
1.23, 1962948
1.23, 1960782
1.23, 1959814
1.23, 1955794
1.25, 1945215
1.25, 1940724
1.25, 1934764
1.25, 1933029
1.25, 1933027
1.25, 1929583
1.25, 1924296
1.25, 1919091
1.25, 1913656
1.25, 1906861
1.25, 1905220
1.25, 1905162
1.25, 1901037
1.25, 1899643
1.25, 1898022
1.29, 1894139
1.29, 1892166
1.29, 1891253
1.29, 1887368
1.29, 1884966
1.29, 1880038
1.29, 1876302
1.29, 1876084
1.29, 1874473
1.29, 1862675
1.29, 1856830
1.31, 1852000
1.31, 1850049
1.32, 1826688
1.32, 1826603
1.32, 1822787
1.32, 1820733
1.32, 1819349
1.32, 1816947
1.32, 1815402
1.32, 1797355
1.32, 1794103
1.32, 1792574
1.32, 1790340
1.32, 1788999
1.32, 1788748
1.32, 1788014
1.32, 1788003
1.32, 1786673
1.32, 1779242
1.32, 1774815
1.32, 1773332
1.32, 1771118
1.32, 1762768
1.36, 1762567
1.36, 1758599
1.36, 1758212
1.36, 1755118
1.36, 1752187
1.36, 1751874
1.36, 1751206
1.36, 1748867
1.36, 1745406
1.36, 1743838
1.36, 1743539
1.38, 1734610
1.38, 1733193
1.38, 1733100
1.38, 1720555
1.38, 1716553
1.39, 1708788
1.39, 1707614
1.39, 1706718
1.39, 1703927
1.39, 1703581
1.39, 1702935
1.39, 1699379
1.39, 1697162
1.40, 1697024
1.40, 1692825
1.40, 1689132
1.40, 1688290
1.40, 1685767
1.40, 1683519
1.40, 1677163
1.40, 1669061
1.40, 1668757
1.40, 1668720
1.40, 1668151
1.40, 1667625
1.40, 1664539
1.40, 1648690
1.40, 1644878
1.40, 1644875
1.40, 1644846
1.40, 1639865
1.40, 1637202
1.40, 1635791
1.45, 1627990
1.45, 1627100
1.45, 1610180
1.45, 1603432
1.45, 1597058
1.46, 1595533
1.46, 1595459
1.46, 1594982
1.46, 1594960
1.46, 1591390
1.46, 1590933
1.46, 1589222
1.46, 1588110
1.46, 1587392
1.46, 1585828
1.46, 1583973
1.46, 1583358
1.46, 1578434
1.46, 1577079
1.46, 1568784
1.46, 1560224
1.46, 1555241
1.46, 1552598
1.46, 1551934
1.46, 1549524
1.46, 1542529
1.46, 1540605
1.46, 1537645
1.46, 1530738
1.46, 1530418
1.48, 1526157
1.48, 1526152
1.48, 1519745
1.49, 1518837
1.49, 1518098
1.49, 1515935
1.49, 1514320
1.49, 1498613
1.49, 1497421
1.49, 1490765
1.49, 1486971
1.49, 1478209
1.49, 1473356
1.50, 1473251
1.50, 1472009
1.50, 1471181
1.50, 1469737
1.51, 1468020
1.51, 1467304
1.51, 1466569
1.51, 1464340
1.51, 1463984
1.51, 1463407
1.51, 1462732
1.51, 1461776
1.51, 1458708
1.51, 1455624
1.51, 1450815
1.51, 1450203
1.51, 1450068
1.51, 1446153
1.51, 1445918
1.51, 1443683
1.51, 1443674
1.51, 1442714
1.51, 1427193
1.59, 1426290
1.59, 1425958
1.59, 1422062
1.59, 1418394
1.59, 1417941
1.59, 1410010
1.59, 1410007
1.59, 1407734
1.59, 1406077
1.59, 1404823
1.59, 1404578
1.59, 1401264
1.59, 1400085
1.59, 1399320
1.59, 1398693
1.60, 1387141
1.60, 1380839
1.60, 1380611
1.60, 1378803
1.60, 1378651
1.61, 1368738
1.62, 1367837
1.62, 1367647
1.62, 1367620
1.62, 1366697
1.62, 1364413
1.62, 1359411
1.62, 1350551
1.62, 1350125
1.62, 1349700
1.62, 1344486
1.62, 1344397
1.62, 1344355
1.62, 1342619
1.62, 1342197
1.62, 1337172
1.62, 1334058
1.62, 1334042
1.62, 1330274
1.62, 1320162
1.62, 1316549
1.62, 1315490
1.62, 1314810
1.62, 1308544
1.62, 1306507
1.62, 1305070
1.62, 1303493
1.62, 1303252
1.62, 1302293
1.63, 1300888
1.63, 1299688
1.63, 1298978
1.63, 1295861
1.63, 1295644
1.64, 1293632
1.64, 1292860
1.64, 1291949
1.64, 1290011
1.64, 1288261
1.67, 1284448
1.67, 1280367
1.68, 1279871
1.68, 1278808
1.68, 1278632
1.68, 1278071
1.68, 1270185
1.68, 1269243
1.68, 1267770
1.68, 1263844
1.68, 1259970
1.68, 1255975
1.68, 1255334
1.68, 1250270
1.68, 1249616
1.68, 1248189
1.68, 1247219
1.68, 1243403
1.68, 1240244
1.68, 1228845
1.68, 1228136
1.68, 1227593
1.68, 1225346
1.68, 1220193
1.68, 1219910
1.68, 1219683
1.68, 1218617
1.68, 1218008
1.68, 1215970
1.68, 1214729
1.68, 1213251
1.68, 1213220
1.68, 1213090
1.68, 1212204
1.68, 1210608
1.68, 1208075
1.68, 1205904
1.68, 1203944
1.68, 1203195
1.68, 1202089
1.68, 1199384
1.68, 1197980
1.68, 1197650
1.68, 1196017
1.68, 1195776
1.68, 1193898
1.68, 1193411
1.68, 1191015
1.68, 1189552
1.68, 1187056
1.68, 1183284
1.68, 1179940
1.68, 1178994
1.68, 1176738
1.78, 1174679
1.78, 1172548
1.78, 1169513
1.78, 1166219
1.79, 1165893
1.79, 1165875
1.79, 1157099
1.79, 1156276
1.79, 1155671
1.79, 1154069
1.83, 1151628
1.83, 1149817
1.84, 1149432
1.84, 1147504
1.84, 1146104
1.84, 1145129
1.84, 1144376
1.88, 1143180
1.88, 1138060
1.88, 1137837
1.88, 1130824
1.88, 1125414
1.88, 1121611
1.88, 1117640
1.89, 1117510
1.89, 1113442
1.89, 1110987
1.89, 1110951
1.89, 1109712
1.90, 1109007
1.90, 1106812
1.90, 1103848
1.90, 1102510
1.90, 1102247
1.90, 1100338
1.90, 1095385
1.90, 1094940
1.91, 1093864
1.91, 1089405
1.91, 1088284
1.91, 1087131
1.91, 1084007
1.91, 1083872
1.91, 1083455
1.91, 1082117
1.91, 1081683
1.91, 1079582
1.91, 1079282
1.91, 1073742
1.91, 1073000
1.91, 1070791
1.91, 1070495
1.91, 1068818
1.91, 1066929
1.91, 1065512
1.91, 1064602
1.91, 1063724
1.91, 1060713
1.92, 1060255
1.92, 1059307
1.92, 1056536
1.92, 1049425
1.92, 1049123
1.92, 1048953
1.92, 1047486
1.92, 1047328
1.92, 1047052
1.92, 1046367
1.93, 1043852
1.93, 1039587
1.97, 1038588
1.97, 1036607
1.98, 1034835
1.98, 1031881
1.98, 1031781
1.98, 1031235
1.99, 1030869
1.99, 1028698
1.99, 1021532
1.99, 1014944
1.99, 1011660
1.99, 1011284
1.99, 1010470
1.99, 1008069
1.99, 1007441
1.99, 1004685
1.99, 1004279
1.99, 1003959
1.99, 1001702
1.99, 996974
1.99, 991235
1.99, 990816
2.00, 990457
2.00, 987657
2.00, 986231
2.00, 985743
2.00, 985214
2.00, 985127
2.05, 982719
2.05, 980807
2.05, 979135
2.06, 978968
2.06, 977809
2.06, 975222
2.06, 974540
2.07, 973124
2.07, 972026
2.07, 971256
2.07, 971028
2.07, 970655
2.07, 963493
2.07, 962585
2.07, 961907
2.07, 960693
2.07, 959743
2.07, 959444
2.07, 957715
2.07, 957528
2.09, 954900
2.09, 953591
2.09, 951206
2.09, 950587
2.09, 944179
2.10, 944072
2.10, 943835
2.10, 942546
2.10, 941773
2.10, 941128
2.10, 935404
2.10, 934800
2.10, 934236
2.10, 934115
2.10, 933729
2.10, 933312
2.11, 933235
2.11, 930954
2.11, 927168
2.11, 926887
2.12, 926775
2.12, 925166
2.12, 923468
2.12, 923429
2.12, 921309
2.12, 918137
2.12, 917469
2.12, 914201
2.12, 913116
2.12, 912668
2.12, 912203
2.13, 911369
2.13, 908235
2.13, 903460
2.13, 899266
2.13, 896758
2.13, 896666
2.13, 895745
2.13, 894639
2.13, 894116
2.13, 890674
2.13, 890299
2.13, 888105
2.13, 887987
2.13, 886292
2.13, 884873
2.13, 881996
2.13, 880908
2.13, 879414
2.13, 878605
2.13, 878492
2.13, 878178
2.13, 874337
2.13, 873833
2.13, 873186
2.13, 872649
2.13, 872259
2.13, 870735
2.13, 870505
2.13, 869145
2.13, 868759
2.21, 867979
2.21, 866426
2.21, 865766
2.21, 862384
2.21, 861685
2.21, 861537
2.28, 860966
2.28, 859998
2.30, 859403
2.30, 857962
2.30, 857096
2.31, 856506
2.31, 856399
2.31, 855847
2.31, 855816
2.31, 854206
2.31, 853754
2.31, 850495
2.31, 847318
2.31, 845621
2.32, 845612
2.32, 844179
2.32, 844130
2.32, 843229
2.32, 842579
2.32, 841025
2.32, 837332
2.32, 835745
2.32, 834388
2.32, 834256
2.32, 832982
2.32, 832168
2.32, 831924
2.32, 831105
2.32, 830476
2.32, 830359
2.39, 826464
2.39, 821550
2.39, 821510
2.39, 817926
2.39, 815010
2.39, 814938
2.39, 814902
2.39, 814088
2.39, 813656
2.39, 813035
2.40, 812814
2.40, 812048
2.40, 808434
2.40, 808359
2.40, 807562
2.40, 807409
2.40, 807387
2.40, 807215
2.40, 806926
2.40, 806713
2.40, 806237
2.40, 806003
2.41, 805987
2.41, 805940
2.41, 805379
2.41, 804300
2.41, 801674
2.41, 801638
2.41, 801120
2.41, 800763
2.41, 799467
2.41, 798886
2.41, 798455
2.41, 797162
2.41, 797046
2.41, 795350
2.41, 795032
2.41, 793025
2.41, 788236
2.41, 788207
2.41, 788138
2.41, 786554
2.41, 785821
2.41, 784807
2.46, 784585
2.46, 782227
2.47, 781295
2.47, 780225
2.47, 779233
2.47, 778581
2.50, 778086
2.50, 778051
2.50, 777854
2.50, 777556
2.50, 777346
2.50, 776050
2.51, 775259
2.51, 773391
2.53, 772730
2.53, 772109
2.53, 769887
2.53, 769863
2.58, 766069
2.58, 765085
2.58, 764898
2.58, 764100
2.58, 762949
2.58, 762793
2.58, 761569
2.58, 761383
2.58, 760060
2.58, 759383
2.58, 758743
2.59, 756460
2.59, 755637
2.59, 755264
2.59, 754526
2.60, 754376
2.61, 754352
2.61, 754298
2.61, 751661
2.61, 750506
2.61, 749772
2.61, 749736
2.61, 748848
2.61, 748659
2.61, 748426
2.61, 748043
2.61, 747105
2.61, 746498
2.61, 745640
2.62, 745367
2.62, 745128
2.62, 743824
2.62, 743817
2.62, 743476
2.62, 743454
2.62, 743440
2.62, 742568
2.62, 741159
2.62, 740625
2.62, 740159
2.62, 739748
2.62, 738205
2.69, 737685
2.69, 737094
2.69, 736885
2.69, 736238
2.69, 735803
2.69, 734581
2.69, 734481
2.69, 733462
2.70, 731546
2.70, 731004
2.70, 729786
2.70, 729102
2.71, 729052
2.71, 728632
2.71, 728557
2.72, 726831
2.72, 725616
2.73, 725241
2.73, 725029
2.73, 723580
2.73, 723299
2.73, 722976
2.73, 722580
2.73, 720735
2.73, 720443
2.73, 718950
2.73, 718170
2.73, 718120
2.73, 718097
2.73, 717671
2.73, 717297
2.73, 716760
2.73, 714896
2.73, 713457
2.84, 712749
2.84, 711478
2.84, 710905
2.84, 709587
2.84, 709397
2.84, 709011
2.84, 708602
2.85, 708128
2.85, 707812
2.85, 706225
2.85, 704175
2.86, 703010
2.88, 702630
2.88, 702348
2.88, 701892
2.88, 701860
2.88, 700554
2.88, 699185
2.88, 699173
2.91, 698513
2.91, 697944
2.91, 697680
2.92, 697561
2.92, 697559
2.92, 697514
2.93, 697447
2.93, 697251
2.93, 697106
2.93, 696444
2.93, 695771
2.94, 695287
2.94, 694940
2.94, 694913
2.95, 693495
2.95, 693222
2.97, 692591
2.97, 692129
2.97, 691325
2.97, 691210
2.97, 691063
2.97, 690768
2.98, 690702
2.99, 690604
2.99, 690469
2.99, 690290
2.99, 690211
3.00, 688294
3.00, 687994
3.00, 687392
3.01, 686622
3.01, 686191
3.01, 683541
3.01, 683363
3.06, 683044
3.06, 682915
3.06, 681817
3.06, 681670
3.06, 681407
3.06, 681053
3.06, 680881
3.06, 680539
3.06, 680392
3.07, 679859
3.07, 679735
3.07, 678547
3.07, 677515
3.08, 677395
3.08, 677336
3.08, 677234
3.08, 676068
3.08, 675486
3.08, 675453
3.08, 674357
3.10, 674299
3.10, 674277
3.18, 674122
3.18, 673556
3.18, 673362
3.18, 672943
3.20, 672901
3.20, 672250
3.20, 672058
3.20, 671565
3.21, 671543
3.21, 671229
3.22, 670975
3.23, 670320
3.23, 670298
3.23, 670169
3.26, 670148
3.26, 669538
3.28, 669483
3.28, 669292
3.28, 669291
3.28, 668598
3.28, 668242
3.28, 668125
3.29, 667820
3.29, 667636
3.29, 667398
3.29, 667021
3.29, 666998
3.29, 666393
3.30, 665791
3.31, 665711
3.31, 665610
3.39, 665032
3.39, 664992
3.40, 664222
3.40, 663680
3.40, 663307
3.40, 662802
3.40, 662526
3.40, 662389
3.42, 662225
3.42, 662138
3.47, 662061
3.48, 661740
3.50, 661622
3.50, 661505
3.54, 661466
3.55, 661303
3.55, 660866
3.58, 660556
3.58, 660496
3.59, 660486
3.59, 660369
3.61, 660022
3.64, 659845
3.71, 659696
3.71, 659446
3.73, 659296
3.73, 659094
3.92, 659054
3.94, 658937
4.20, 658845
