0.01, 7233450
0.01, 7209595
0.01, 7189576
0.01, 7171479
0.01, 7165237
0.01, 7159942
0.01, 7113167
0.01, 7080948
0.01, 7065630
0.01, 7047832
0.01, 7035059
0.01, 7032739
0.01, 7007811
0.01, 6982707
0.01, 6969108
0.01, 6966826
0.01, 6966328
0.01, 6957930
0.01, 6895417
0.01, 6889489
0.01, 6879331
0.01, 6874490
0.01, 6865547
0.01, 6825689
0.01, 6822606
0.01, 6818626
0.01, 6670961
0.01, 6652235
0.01, 6600754
0.01, 6569436
0.01, 6537685
0.01, 6526278
0.01, 6524522
0.01, 6460949
0.01, 6458530
0.01, 6445020
0.01, 6437820
0.01, 6435670
0.01, 6369096
0.01, 6358822
0.01, 6357231
0.01, 6343819
0.01, 6331209
0.01, 6317197
0.01, 6240952
0.01, 6238858
0.01, 6228400
0.01, 6206765
0.01, 6190976
0.01, 6180870
0.01, 6180805
0.01, 6172385
0.01, 6149649
0.01, 6126097
0.01, 6116875
0.01, 6091818
0.01, 6088349
0.01, 6085335
0.01, 6081959
0.01, 6080504
0.01, 6072528
0.01, 6069544
0.01, 5990321
0.01, 5988709
0.01, 5964985
0.01, 5959195
0.01, 5898485
0.01, 5887086
0.01, 5850939
0.01, 5836667
0.01, 5836659
0.01, 5810645
0.01, 5775475
0.01, 5755704
0.01, 5754883
0.01, 5748356
0.01, 5746833
0.01, 5745732
0.01, 5705717
0.01, 5675537
0.01, 5671444
0.01, 5669002
0.01, 5660577
0.01, 5655643
0.01, 5638449
0.01, 5618672
0.01, 5614371
0.01, 5565529
0.01, 5564881
0.02, 5471063
0.02, 5448647
0.02, 5442445
0.02, 5436560
0.02, 5425730
0.02, 5412597
0.02, 5390532
0.02, 5342238
0.02, 5245298
0.02, 5238049
0.02, 5179247
0.02, 5177757
0.02, 5177745
0.02, 5171419
0.02, 5163665
0.02, 5162388
0.04, 5156546
0.04, 5144339
0.06, 5135807
0.14, 5118303
0.14, 5116313
0.14, 5114747
0.14, 5113907
0.14, 5107270
0.14, 5105279
0.14, 5100480
0.14, 5062537
0.14, 5061186
0.14, 5049843
0.14, 5049551
0.14, 5049484
0.14, 5046969
0.14, 5028199
0.14, 5004572
0.14, 4995631
0.14, 4992620
0.14, 4991778
0.14, 4989771
0.14, 4958046
0.19, 4910831
0.19, 4909462
0.19, 4847049
0.19, 4844229
0.19, 4805710
0.19, 4797742
0.19, 4769146
0.19, 4766416
0.19, 4765460
0.19, 4748261
0.19, 4740468
0.19, 4740185
0.19, 4740160
0.19, 4729067
0.19, 4727437
0.19, 4706735
0.24, 4683814
0.24, 4683750
0.24, 4682954
0.24, 4671460
0.24, 4669472
0.24, 4648801
0.24, 4640755
0.24, 4631301
0.26, 4629356
0.26, 4627216
0.26, 4595070
0.26, 4549103
0.26, 4534538
0.26, 4520644
0.26, 4519304
0.26, 4510282
0.26, 4505613
0.26, 4483752
0.35, 4447754
0.35, 4447739
0.35, 4413889
0.35, 4410018
0.35, 4407881
0.35, 4404214
0.35, 4376759
0.35, 4372867
0.35, 4330600
0.35, 4313783
0.35, 4312422
0.38, 4300150
0.38, 4298697
0.38, 4290670
0.38, 4260301
0.38, 4255701
0.38, 4252127
0.38, 4230680
0.38, 4202960
0.43, 4194542
0.43, 4192747
0.43, 4174215
0.43, 4153358
0.43, 4149255
0.43, 4126888
0.43, 4118395
0.43, 4089484
0.43, 4083849
0.43, 4080645
0.43, 4078332
0.43, 4068981
0.43, 4068546
0.43, 4062542
0.43, 4061072
0.43, 4058074
0.43, 4033777
0.43, 4033435
0.54, 3989210
0.54, 3986472
0.54, 3984943
0.55, 3979790
0.55, 3973569
0.55, 3971860
0.55, 3955070
0.55, 3954633
0.55, 3940193
0.55, 3936405
0.55, 3936387
0.55, 3936171
0.55, 3928198
0.55, 3928190
0.55, 3916516
0.55, 3916122
0.55, 3912765
0.55, 3908213
0.55, 3892226
0.55, 3889942
0.55, 3885106
0.55, 3884160
0.55, 3871984
0.55, 3859977
0.55, 3850665
0.55, 3850654
0.55, 3818646
0.55, 3816958
0.55, 3808722
0.55, 3796497
0.55, 3787337
0.57, 3751506
0.57, 3750383
0.57, 3739834
0.57, 3734045
0.57, 3731937
0.57, 3725829
0.57, 3724794
0.57, 3714876
0.57, 3690471
0.57, 3675346
0.57, 3628010
0.57, 3627756
0.57, 3623842
0.63, 3617579
0.63, 3604698
0.63, 3598743
0.63, 3595082
0.63, 3577426
0.63, 3557935
0.63, 3557934
0.63, 3555949
0.63, 3538573
0.63, 3534236
0.67, 3534119
0.67, 3528507
0.67, 3490976
0.67, 3490146
0.67, 3490137
0.67, 3486854
0.67, 3484009
0.68, 3482600
0.68, 3476536
0.68, 3476416
0.68, 3474613
0.68, 3473909
0.68, 3466554
0.71, 3433420
0.71, 3426600
0.71, 3426547
0.71, 3423679
0.71, 3421356
0.71, 3399960
0.71, 3399492
0.71, 3397981
0.71, 3384655
0.71, 3374239
0.71, 3370675
0.72, 3335126
0.72, 3328753
0.72, 3306348
0.72, 3305426
0.72, 3297717
0.72, 3296328
0.72, 3278792
0.72, 3267772
0.72, 3265010
0.72, 3256231
0.72, 3253477
0.72, 3250256
0.72, 3213984
0.72, 3200990
0.72, 3192334
0.72, 3185297
0.72, 3181681
0.73, 3170155
0.73, 3168410
0.73, 3161198
0.73, 3143746
0.73, 3135803
0.73, 3115227
0.73, 3113527
0.73, 3112945
0.73, 3083167
0.79, 3068765
0.79, 3066324
0.79, 3058396
0.79, 3055457
0.79, 3027267
0.80, 3021825
0.80, 3015652
0.80, 3011701
0.80, 3000007
0.80, 2981476
0.80, 2946389
0.80, 2936002
0.80, 2907729
0.80, 2884443
0.80, 2880636
0.80, 2870794
0.86, 2865629
0.86, 2862653
0.86, 2853542
0.86, 2848356
0.86, 2842226
0.86, 2830207
0.86, 2828766
0.86, 2823349
0.87, 2820169
0.87, 2817306
0.87, 2808903
0.87, 2806092
0.87, 2795885
0.87, 2788967
0.87, 2784502
0.87, 2771270
0.87, 2770975
0.87, 2765454
0.87, 2760648
0.87, 2748152
0.87, 2743971
0.89, 2740620
0.89, 2738832
0.89, 2738556
0.89, 2737996
0.89, 2736922
0.89, 2733883
0.89, 2733645
0.89, 2730427
0.89, 2726404
0.89, 2716111
0.89, 2711194
0.89, 2706132
0.89, 2699105
0.89, 2695843
0.89, 2691903
0.89, 2690574
0.89, 2675819
0.89, 2674679
0.89, 2665592
0.89, 2665367
0.90, 2662768
0.90, 2661050
0.90, 2633232
0.93, 2628683
0.93, 2611458
0.93, 2609960
0.95, 2604591
0.95, 2590838
0.95, 2585950
0.95, 2585918
0.95, 2578919
0.95, 2576444
0.95, 2565475
0.95, 2564959
0.95, 2564003
0.95, 2563983
0.95, 2563505
0.95, 2561800
0.95, 2551820
0.95, 2548171
0.95, 2542527
0.95, 2524299
0.95, 2522022
0.95, 2520277
0.95, 2508995
0.95, 2507857
0.95, 2494484
0.95, 2483099
1.01, 2480761
1.01, 2477143
1.01, 2473962
1.01, 2472511
1.01, 2471279
1.01, 2468672
1.01, 2465894
1.01, 2461308
1.01, 2458418
1.01, 2451050
1.01, 2450279
1.01, 2434429
1.01, 2414393
1.01, 2384687
1.03, 2365891
1.03, 2365825
1.03, 2349634
1.03, 2343119
1.03, 2334371
1.03, 2331963
1.03, 2331116
1.03, 2325309
1.03, 2321019
1.03, 2310365
1.03, 2305225
1.03, 2304736
1.03, 2303970
1.03, 2301283
1.03, 2289248
1.03, 2289209
1.03, 2286270
1.03, 2279120
1.03, 2278539
1.09, 2256438
1.09, 2255906
1.09, 2255742
1.09, 2246648
1.09, 2238907
1.09, 2238585
1.09, 2237418
1.14, 2236748
1.14, 2236588
1.14, 2235881
1.14, 2222343
1.14, 2220224
1.14, 2214973
1.14, 2214694
1.14, 2184215
1.14, 2180655
1.14, 2173702
1.14, 2166833
1.14, 2155404
1.14, 2148986
1.14, 2145742
1.14, 2142452
1.14, 2142313
1.14, 2140899
1.14, 2127238
1.14, 2124935
1.14, 2114586
1.14, 2110546
1.14, 2103671
1.14, 2103078
1.14, 2099612
1.14, 2095008
1.14, 2094675
1.14, 2094619
1.14, 2085386
1.14, 2084066
1.17, 2081898
1.17, 2081874
1.17, 2077581
1.17, 2070656
1.17, 2062784
1.17, 2059398
1.17, 2035892
1.17, 2031984
1.17, 2030576
1.17, 2017750
1.17, 2014718
1.17, 2012224
1.17, 2012116
1.17, 2010139
1.18, 2004088
1.20, 2003615
1.20, 1999194
1.20, 1998804
1.20, 1998140
1.20, 1991450
1.20, 1988140
1.20, 1985736
1.20, 1984248
1.20, 1981567
1.21, 1977770
1.21, 1970684
1.21, 1968923
1.21, 1967166
1.21, 1966914
1.21, 1960857
1.21, 1947345
1.21, 1936728
1.21, 1935660
1.21, 1935336
1.21, 1933407
1.21, 1929762
1.21, 1922585
1.21, 1921662
1.21, 1919353
1.21, 1912745
1.21, 1912406
1.21, 1907846
1.21, 1907825
1.21, 1907783
1.21, 1907441
1.21, 1900109
1.21, 1898402
1.21, 1894813
1.21, 1892059
1.21, 1890383
1.21, 1859398
1.29, 1853566
1.29, 1844436
1.29, 1843411
1.29, 1841890
1.29, 1829981
1.29, 1822056
1.29, 1820090
1.29, 1813968
1.29, 1808731
1.29, 1808708
1.29, 1808707
1.31, 1804901
1.31, 1802746
1.31, 1801959
1.31, 1800524
1.31, 1800087
1.31, 1796946
1.31, 1795507
1.31, 1795184
1.31, 1787512
1.31, 1786883
1.31, 1784899
1.31, 1776639
1.31, 1774050
1.31, 1772799
1.32, 1758677
1.32, 1757841
1.39, 1757272
1.39, 1752098
1.39, 1747990
1.39, 1746187
1.39, 1744946
1.39, 1744048
1.39, 1744004
1.39, 1732444
1.39, 1730969
1.39, 1729545
1.39, 1727214
1.39, 1716819
1.39, 1707415
1.39, 1705031
1.40, 1698247
1.40, 1694337
1.40, 1681684
1.40, 1678799
1.40, 1672067
1.40, 1667726
1.40, 1666452
1.40, 1661635
1.40, 1657667
1.40, 1655922
1.40, 1649616
1.40, 1641661
1.40, 1639835
1.40, 1635221
1.40, 1633456
1.44, 1628636
1.44, 1628572
1.44, 1627193
1.44, 1626867
1.44, 1613873
1.44, 1613357
1.44, 1613090
1.44, 1611781
1.44, 1604233
1.44, 1594042
1.44, 1581096
1.44, 1575017
1.44, 1574529
1.44, 1573045
1.44, 1570170
1.44, 1569902
1.44, 1564457
1.44, 1563754
1.44, 1561478
1.44, 1560439
1.44, 1560425
1.44, 1555506
1.44, 1555391
1.44, 1543396
1.44, 1543279
1.49, 1536017
1.49, 1533906
1.49, 1533540
1.49, 1528150
1.49, 1519063
1.49, 1516463
1.49, 1508529
1.49, 1508379
1.49, 1507243
1.50, 1502781
1.50, 1493738
1.53, 1489921
1.53, 1489671
1.53, 1481322
1.53, 1472855
1.53, 1449156
1.53, 1448422
1.53, 1446963
1.53, 1445068
1.53, 1438104
1.53, 1437599
1.53, 1435452
1.53, 1435004
1.53, 1434619
1.53, 1433833
1.53, 1427422
1.53, 1426515
1.53, 1424222
1.58, 1423725
1.58, 1416267
1.58, 1405885
1.58, 1403814
1.58, 1400189
1.58, 1395726
1.58, 1395283
1.58, 1389843
1.59, 1384680
1.59, 1383753
1.59, 1383560
1.59, 1374598
1.64, 1373634
1.64, 1368993
1.64, 1368003
1.64, 1366730
1.64, 1354815
1.64, 1353695
1.64, 1352766
1.64, 1352442
1.64, 1346423
1.64, 1343695
1.64, 1342232
1.64, 1341202
1.64, 1337386
1.64, 1330952
1.64, 1329841
1.64, 1328773
1.64, 1327597
1.64, 1326065
1.64, 1320774
1.64, 1316128
1.64, 1313925
1.64, 1313038
1.64, 1311777
1.69, 1311493
1.69, 1311417
1.69, 1308170
1.69, 1306642
1.69, 1306240
1.69, 1305429
1.69, 1303097
1.69, 1302495
1.71, 1301438
1.71, 1300309
1.71, 1298923
1.71, 1298521
1.71, 1293830
1.71, 1290358
1.71, 1289420
1.71, 1288837
1.71, 1287214
1.71, 1285497
1.71, 1283713
1.71, 1283558
1.71, 1283032
1.75, 1277628
1.76, 1275689
1.76, 1273327
1.76, 1270751
1.76, 1262980
1.76, 1261453
1.76, 1256888
1.76, 1256880
1.77, 1256615
1.77, 1255268
1.77, 1253464
1.77, 1251360
1.77, 1249212
1.77, 1248579
1.77, 1245912
1.77, 1243427
1.77, 1239424
1.77, 1238993
1.77, 1237572
1.77, 1235125
1.77, 1231964
1.77, 1227805
1.77, 1224355
1.77, 1219918
1.77, 1219656
1.77, 1214191
1.77, 1211627
1.77, 1210217
1.77, 1209706
1.77, 1208416
1.77, 1204792
1.77, 1202828
1.77, 1202064
1.77, 1202044
1.77, 1200307
1.80, 1197242
1.80, 1193674
1.80, 1191073
1.81, 1185621
1.81, 1184960
1.81, 1183771
1.81, 1180344
1.81, 1179108
1.81, 1177549
1.81, 1174360
1.81, 1174347
1.81, 1173367
1.81, 1169621
1.81, 1162097
1.81, 1160226
1.81, 1153891
1.83, 1153687
1.83, 1151722
1.83, 1150027
1.83, 1149158
1.83, 1148451
1.83, 1135477
1.83, 1134823
1.83, 1132667
1.83, 1130663
1.83, 1120327
1.83, 1119077
1.83, 1118154
1.83, 1115844
1.83, 1115359
1.83, 1114927
1.83, 1114576
1.83, 1114101
1.83, 1112619
1.83, 1109418
1.83, 1105635
1.83, 1104878
1.83, 1101996
1.83, 1100710
1.83, 1100147
1.83, 1098403
1.89, 1096950
1.89, 1096560
1.89, 1095681
1.89, 1095431
1.89, 1094796
1.89, 1094182
1.89, 1093693
1.89, 1092612
1.89, 1089692
1.89, 1088201
1.89, 1085446
1.89, 1081818
1.89, 1080477
1.89, 1079989
1.89, 1078608
1.89, 1077617
1.89, 1075208
1.89, 1074917
1.89, 1074867
1.89, 1073024
1.89, 1072056
1.89, 1071372
1.89, 1069794
1.89, 1068512
1.89, 1065459
1.89, 1065340
1.89, 1061106
1.89, 1060022
1.89, 1057846
1.89, 1057473
1.89, 1055756
1.89, 1055107
1.89, 1054925
1.89, 1053024
1.89, 1051769
1.89, 1047119
1.89, 1046314
1.89, 1045308
1.92, 1043968
1.92, 1041815
1.92, 1039589
1.92, 1036531
1.92, 1036118
1.92, 1035233
1.92, 1035186
1.92, 1034737
1.96, 1033665
1.96, 1031470
1.96, 1031322
1.96, 1031157
1.98, 1030625
1.98, 1028717
1.98, 1028036
1.98, 1027089
1.98, 1025359
1.98, 1022074
1.98, 1017291
1.99, 1016388
2.04, 1013769
2.04, 1013304
2.04, 1004457
2.04, 1004260
2.04, 1002535
2.04, 1000545
2.04, 999199
2.06, 999119
2.06, 998923
2.06, 998520
2.06, 993704
2.06, 990823
2.06, 987652
2.06, 987546
2.07, 987265
2.07, 984734
2.09, 981128
2.09, 979267
2.09, 977548
2.09, 977481
2.09, 975985
2.09, 975475
2.09, 974864
2.09, 974534
2.09, 973551
2.09, 972960
2.09, 969533
2.09, 969458
2.09, 967063
2.09, 966971
2.09, 966966
2.09, 966948
2.09, 966846
2.10, 963796
2.10, 962832
2.10, 961501
2.10, 957818
2.10, 954237
2.10, 954235
2.10, 953629
2.10, 952865
2.10, 950706
2.10, 950337
2.11, 948325
2.11, 946083
2.14, 945106
2.14, 944662
2.14, 943467
2.14, 943318
2.14, 937316
2.14, 936453
2.14, 934149
2.14, 930068
2.14, 929877
2.14, 927157
2.14, 926686
2.14, 924859
2.14, 924435
2.14, 924061
2.14, 922136
2.15, 921420
2.15, 919599
2.15, 918917
2.15, 918832
2.15, 917372
2.15, 914494
2.15, 913915
2.17, 913787
2.17, 912757
2.17, 908018
2.17, 906596
2.17, 906191
2.17, 904372
2.17, 904143
2.17, 903215
2.17, 901724
2.17, 901699
2.17, 900981
2.17, 900638
2.17, 900370
2.17, 900035
2.17, 899880
2.17, 898800
2.17, 898682
2.17, 894556
2.17, 894477
2.17, 894335
2.17, 894166
2.17, 893563
2.17, 892513
2.18, 892144
2.18, 891449
2.18, 891445
2.18, 889940
2.18, 889409
2.18, 889330
2.18, 884416
2.18, 881079
2.18, 877499
2.18, 877463
2.28, 875303
2.28, 875222
2.28, 874556
2.28, 870828
2.28, 869238
2.28, 868024
2.28, 867022
2.28, 866956
2.28, 865820
2.28, 865173
2.28, 863646
2.28, 863432
2.28, 863327
2.28, 863300
2.29, 862964
2.29, 858943
2.29, 857648
2.29, 855225
2.29, 855218
2.29, 853089
2.29, 850649
2.29, 850620
2.29, 847213
2.29, 847119
2.29, 847043
2.29, 844691
2.29, 844600
2.30, 843954
2.30, 840413
2.30, 840234
2.30, 839916
2.30, 839666
2.30, 839231
2.31, 837649
2.31, 836232
2.31, 832877
2.31, 832298
2.32, 832098
2.32, 832071
2.32, 829674
2.34, 829590
2.34, 828202
2.34, 826965
2.34, 826763
2.34, 826191
2.37, 824643
2.37, 822743
2.37, 820339
2.37, 819759
2.37, 819481
2.37, 813368
2.38, 812991
2.38, 812741
2.38, 812051
2.38, 811955
2.38, 811125
2.38, 809525
2.38, 809176
2.38, 808766
2.39, 807568
2.39, 807536
2.40, 807194
2.40, 806828
2.40, 806366
2.40, 804615
2.40, 804086
2.40, 801412
2.42, 800537
2.43, 795864
2.43, 795339
2.43, 794693
2.43, 794190
2.43, 793197
2.43, 792153
2.43, 791572
2.43, 789887
2.43, 789358
2.44, 788683
2.44, 787129
2.44, 786546
2.44, 785081
2.44, 783326
2.44, 782816
2.44, 782038
2.44, 777478
2.44, 776486
2.44, 776141
2.44, 773315
2.44, 772307
2.50, 772114
2.50, 771535
2.50, 771110
2.50, 770366
2.50, 770097
2.50, 769656
2.54, 768835
2.54, 768594
2.54, 767832
2.54, 767560
2.54, 766455
2.54, 766177
2.55, 765824
2.55, 765706
2.55, 765301
2.55, 765221
2.55, 765084
2.55, 764053
2.55, 763372
2.55, 763215
2.55, 762609
2.55, 762262
2.55, 762132
2.55, 761984
2.55, 759372
2.55, 758219
2.55, 757924
2.63, 757498
2.63, 757417
2.63, 756711
2.63, 755837
2.63, 755730
2.63, 755603
2.63, 754095
2.63, 753823
2.63, 753806
2.63, 752380
2.68, 751998
2.69, 750949
2.69, 750884
2.69, 750078
2.69, 749931
2.69, 747615
2.69, 746258
2.69, 745863
2.72, 745580
2.72, 744672
2.72, 744581
2.72, 744561
2.72, 744266
2.72, 744202
2.72, 744053
2.72, 741502
2.72, 741118
2.73, 741098
2.74, 737951
2.74, 737552
2.74, 737430
2.74, 736707
2.74, 736247
2.74, 735463
2.74, 734714
2.74, 733827
2.74, 731454
2.74, 729869
2.74, 729360
2.74, 728780
2.75, 728265
2.75, 728055
2.75, 727930
2.75, 727918
2.75, 726991
2.75, 726809
2.75, 726470
2.75, 726129
2.75, 724949
2.79, 723753
2.79, 723711
2.79, 723011
2.79, 722587
2.80, 722332
2.80, 722322
2.80, 722156
2.80, 721090
2.80, 720178
2.80, 718576
2.80, 718257
2.80, 717536
2.80, 716867
2.82, 714922
2.83, 714627
2.83, 713419
2.83, 713357
2.83, 713081
2.83, 711392
2.87, 711366
2.87, 711217
2.87, 710727
2.87, 710147
2.87, 710072
2.87, 709941
2.87, 709530
2.87, 708940
2.88, 707462
2.88, 706964
2.88, 706829
2.90, 706236
2.90, 705870
2.90, 705848
2.90, 705695
2.90, 705344
2.90, 705305
2.90, 705075
2.90, 704088
2.91, 703703
2.91, 703535
2.91, 703262
2.92, 702157
2.92, 701633
2.92, 701401
2.92, 700802
2.93, 700420
2.94, 699829
2.94, 699376
2.94, 699233
2.94, 698951
2.98, 698927
2.98, 698620
2.98, 698564
2.98, 698130
2.98, 697996
2.98, 697591
2.99, 695905
2.99, 695839
2.99, 695639
2.99, 695118
2.99, 695044
2.99, 694665
2.99, 694542
2.99, 693507
3.07, 693347
3.07, 692762
3.07, 692701
3.07, 692395
3.08, 691964
3.08, 691309
3.08, 690957
3.08, 690697
3.08, 690329
3.10, 690279
3.10, 690164
3.10, 689521
3.10, 689518
3.10, 689346
3.11, 689190
3.11, 688381
3.11, 688264
3.12, 687582
3.13, 687563
3.13, 687544
3.13, 686914
3.13, 686803
3.13, 686726
3.13, 686458
3.13, 686423
3.13, 685683
3.13, 685044
3.13, 684720
3.14, 684642
3.14, 683944
3.14, 683381
3.14, 682727
3.14, 682509
3.14, 682384
3.14, 681505
3.19, 681432
3.19, 680364
3.19, 679684
3.19, 679656
3.19, 679527
3.19, 679338
3.19, 679337
3.21, 679258
3.21, 678998
3.21, 678796
3.22, 678502
3.22, 677839
3.22, 676894
3.22, 676606
3.22, 676115
3.22, 676049
3.22, 675841
3.23, 674972
3.23, 674755
3.23, 674135
3.34, 673474
3.34, 673452
3.35, 673411
3.35, 672689
3.36, 672686
3.36, 672664
3.36, 671961
3.36, 671945
3.37, 671735
3.38, 671609
3.38, 671445
3.39, 671390
3.40, 671186
3.40, 670352
3.44, 669932
3.45, 669869
3.46, 669486
3.46, 669394
3.46, 669363
3.46, 669201
3.46, 668613
3.47, 668511
3.47, 668271
3.47, 668124
3.47, 668064
3.47, 668036
3.48, 667891
3.53, 667763
3.53, 667650
3.53, 667227
3.53, 667163
3.53, 667157
3.53, 667135
3.53, 666788
3.62, 666683
3.62, 666273
3.77, 666145
3.79, 665951
3.83, 665935
3.83, 665818
3.84, 665789
3.84, 665529
3.85, 665469
3.85, 665447
3.86, 665410
3.86, 665016
3.98, 664990
4.12, 664963
4.13, 664962
4.44, 664935
6.60, 664275
6.62, 664109
6.62, 663871
6.62, 663722
6.62, 663670
6.63, 663553
6.64, 663216
6.64, 662940
6.64, 662096
6.64, 661437
6.92, 661431
6.93, 661259
6.94, 661237
6.94, 660971
7.05, 660939
7.15, 660929
7.22, 660831
7.64, 660809
9.62, 660740
9.66, 660182
9.81, 660178
9.81, 659918
9.85, 659791
9.92, 659708
10.01, 659626
10.05, 659619
10.06, 659559
10.07, 658910
10.07, 658401
10.08, 658373
10.09, 658266
10.11, 658177
10.29, 658117
