0.01, 7153823
0.01, 7146811
0.01, 7146555
0.01, 7139634
0.01, 7131605
0.01, 7130176
0.01, 7126692
0.01, 7113355
0.01, 7110857
0.01, 7106097
0.01, 7068935
0.01, 7065416
0.01, 7018275
0.01, 6995485
0.01, 6991228
0.01, 6965743
0.01, 6958558
0.01, 6953901
0.01, 6905671
0.01, 6904957
0.01, 6898792
0.01, 6895168
0.01, 6825989
0.01, 6824148
0.01, 6823729
0.01, 6806908
0.01, 6804255
0.01, 6786569
0.01, 6774979
0.01, 6732694
0.01, 6730611
0.01, 6714281
0.01, 6711991
0.01, 6687967
0.01, 6683944
0.01, 6680995
0.01, 6665486
0.01, 6664360
0.01, 6657394
0.01, 6657320
0.01, 6607985
0.01, 6596790
0.01, 6596677
0.01, 6536158
0.01, 6533253
0.01, 6506091
0.01, 6504571
0.01, 6498011
0.01, 6478481
0.01, 6478085
0.01, 6437718
0.01, 6434909
0.01, 6423293
0.01, 6414350
0.01, 6327351
0.01, 6326718
0.01, 6312437
0.01, 6283096
0.01, 6261909
0.01, 6260756
0.01, 6260018
0.01, 6259822
0.01, 6252433
0.01, 6238707
0.01, 6235657
0.01, 6235447
0.01, 6221039
0.01, 6216168
0.01, 6213879
0.01, 6106334
0.01, 6104083
0.01, 6101239
0.01, 6096405
0.01, 6093182
0.01, 6087171
0.01, 6084436
0.01, 6077143
0.01, 6062323
0.01, 6051521
0.01, 6044202
0.01, 6009673
0.01, 6006264
0.01, 5997720
0.01, 5991202
0.01, 5988765
0.01, 5988726
0.01, 5986960
0.01, 5980009
0.01, 5979950
0.01, 5959914
0.01, 5941446
0.01, 5938823
0.01, 5917616
0.01, 5917613
0.01, 5810172
0.01, 5799067
0.01, 5779378
0.01, 5772897
0.01, 5762655
0.01, 5752399
0.01, 5750424
0.01, 5747942
0.01, 5731698
0.01, 5674577
0.01, 5673624
0.01, 5665502
0.01, 5645509
0.01, 5640028
0.01, 5634277
0.01, 5632138
0.01, 5631678
0.01, 5616084
0.02, 5595447
0.02, 5576874
0.02, 5570160
0.02, 5567213
0.02, 5468480
0.02, 5443722
0.02, 5443699
0.02, 5435585
0.03, 5426098
0.03, 5423864
0.03, 5417986
0.03, 5416695
0.03, 5416550
0.03, 5407174
0.04, 5393317
0.04, 5378142
0.04, 5373662
0.06, 5372015
0.09, 5363976
0.09, 5356467
0.09, 5350971
0.09, 5337333
0.09, 5334705
0.11, 5327950
0.11, 5282936
0.11, 5225536
0.11, 5191081
0.11, 5188282
0.11, 5183474
0.13, 5169464
0.13, 5169158
0.13, 5166576
0.13, 5163768
0.13, 5162173
0.13, 5150802
0.13, 5150326
0.13, 5129310
0.13, 5123522
0.13, 5119752
0.13, 5119036
0.13, 5115617
0.13, 5110575
0.14, 5109846
0.14, 5109814
0.14, 5080219
0.14, 5079225
0.14, 5067202
0.14, 5062275
0.14, 5061310
0.14, 5061032
0.14, 5059505
0.14, 5049252
0.16, 5046017
0.17, 4991116
0.17, 4980161
0.17, 4969415
0.17, 4962072
0.18, 4953793
0.18, 4953126
0.18, 4952072
0.18, 4931642
0.18, 4922189
0.18, 4877117
0.18, 4871884
0.18, 4842333
0.18, 4842114
0.18, 4840413
0.24, 4837791
0.24, 4837453
0.24, 4833871
0.24, 4782867
0.24, 4779789
0.24, 4774753
0.24, 4769063
0.24, 4764709
0.24, 4749445
0.24, 4747165
0.24, 4746736
0.24, 4745867
0.24, 4735066
0.24, 4688378
0.24, 4678888
0.24, 4670394
0.24, 4664874
0.24, 4649736
0.24, 4647044
0.24, 4646012
0.24, 4640615
0.29, 4638729
0.29, 4627622
0.29, 4623880
0.29, 4578374
0.29, 4563209
0.29, 4550490
0.29, 4542574
0.29, 4512506
0.29, 4484665
0.39, 4468867
0.39, 4443862
0.39, 4403577
0.39, 4377005
0.39, 4371782
0.39, 4335620
0.40, 4324360
0.40, 4261092
0.40, 4258418
0.40, 4246423
0.40, 4241680
0.40, 4240591
0.40, 4221614
0.40, 4221434
0.40, 4221324
0.45, 4208259
0.45, 4205278
0.45, 4179760
0.45, 4115078
0.45, 4107821
0.45, 4105551
0.47, 4087161
0.47, 4078901
0.47, 4070206
0.47, 4056381
0.47, 4012053
0.47, 4001025
0.47, 3997708
0.47, 3980961
0.47, 3940282
0.52, 3935796
0.52, 3928576
0.52, 3926060
0.52, 3910358
0.52, 3899373
0.52, 3898019
0.52, 3896950
0.52, 3890872
0.52, 3873250
0.52, 3842308
0.52, 3811616
0.52, 3776713
0.52, 3776283
0.52, 3771446
0.52, 3765260
0.55, 3760712
0.55, 3756105
0.55, 3755541
0.55, 3739761
0.55, 3733976
0.55, 3732144
0.55, 3694649
0.55, 3670501
0.55, 3655421
0.55, 3654624
0.55, 3639840
0.55, 3635612
0.55, 3624761
0.55, 3610824
0.55, 3610124
0.55, 3609054
0.55, 3596853
0.55, 3592690
0.55, 3592662
0.55, 3589974
0.55, 3575868
0.64, 3570390
0.64, 3569212
0.64, 3560479
0.64, 3559075
0.64, 3550340
0.64, 3538612
0.64, 3538523
0.64, 3534883
0.64, 3534690
0.64, 3524016
0.64, 3519116
0.64, 3517934
0.64, 3516850
0.64, 3503116
0.64, 3496572
0.64, 3494678
0.64, 3490882
0.64, 3490688
0.64, 3486577
0.64, 3479720
0.65, 3458914
0.65, 3456706
0.65, 3434712
0.67, 3432320
0.67, 3427817
0.67, 3427799
0.67, 3397110
0.67, 3395930
0.67, 3386195
0.67, 3386162
0.67, 3378143
0.67, 3372103
0.67, 3371090
0.67, 3368865
0.67, 3364351
0.67, 3362592
0.67, 3330119
0.67, 3319735
0.67, 3316411
0.67, 3313506
0.67, 3313146
0.67, 3299109
0.74, 3284439
0.74, 3281318
0.74, 3260623
0.76, 3242669
0.76, 3239420
0.76, 3217671
0.77, 3213995
0.77, 3191130
0.77, 3190881
0.77, 3179551
0.77, 3177990
0.77, 3161695
0.77, 3159870
0.77, 3150954
0.77, 3112428
0.77, 3098323
0.77, 3089995
0.77, 3084051
0.77, 3083117
0.77, 3073500
0.77, 3072247
0.77, 3068549
0.77, 3065774
0.77, 3064803
0.77, 3052112
0.77, 3046274
0.77, 3041146
0.77, 3039020
0.77, 3010363
0.82, 2999821
0.82, 2996237
0.82, 2995613
0.82, 2993025
0.82, 2986679
0.82, 2981584
0.84, 2966909
0.84, 2965858
0.84, 2959436
0.84, 2958432
0.84, 2944749
0.85, 2935020
0.85, 2934896
0.85, 2934147
0.85, 2931763
0.85, 2911424
0.85, 2866737
0.85, 2865964
0.86, 2854928
0.86, 2832529
0.86, 2831353
0.86, 2829980
0.86, 2826751
0.86, 2823552
0.86, 2823050
0.86, 2822375
0.86, 2819167
0.86, 2818082
0.86, 2816728
0.86, 2814294
0.88, 2808754
0.89, 2804615
0.89, 2804554
0.89, 2799584
0.89, 2784735
0.89, 2730880
0.89, 2709523
0.97, 2707947
0.97, 2705761
0.97, 2702065
1.00, 2697527
1.01, 2693929
1.01, 2683859
1.01, 2665919
1.01, 2663762
1.01, 2663693
1.01, 2646197
1.01, 2638328
1.01, 2636052
1.01, 2632291
1.01, 2628842
1.01, 2621335
1.01, 2618390
1.01, 2596211
1.01, 2594854
1.01, 2594111
1.01, 2593512
1.02, 2592816
1.02, 2585948
1.02, 2584312
1.02, 2582506
1.02, 2582278
1.02, 2574788
1.02, 2574336
1.02, 2569718
1.02, 2567412
1.02, 2565479
1.02, 2537140
1.02, 2509147
1.02, 2506638
1.02, 2504705
1.02, 2496414
1.02, 2496043
1.02, 2495814
1.02, 2480415
1.02, 2474829
1.02, 2474439
1.02, 2470770
1.02, 2469145
1.02, 2466970
1.02, 2466618
1.02, 2461706
1.02, 2460549
1.02, 2459761
1.02, 2456260
1.02, 2454089
1.02, 2451764
1.02, 2446775
1.02, 2440657
1.02, 2439384
1.02, 2430672
1.02, 2429312
1.02, 2402756
1.02, 2402725
1.03, 2390103
1.03, 2384734
1.03, 2379696
1.03, 2374876
1.03, 2374339
1.03, 2365385
1.03, 2359720
1.03, 2329237
1.03, 2324374
1.03, 2297863
1.03, 2294354
1.03, 2290296
1.03, 2278747
1.03, 2260815
1.03, 2246974
1.03, 2243698
1.03, 2225268
1.03, 2213580
1.03, 2210905
1.03, 2209198
1.15, 2205014
1.15, 2203642
1.15, 2201582
1.15, 2201576
1.15, 2199841
1.15, 2199211
1.15, 2192946
1.15, 2191815
1.15, 2188557
1.15, 2177291
1.15, 2169505
1.15, 2169429
1.18, 2162424
1.18, 2160094
1.18, 2159859
1.18, 2149225
1.18, 2126461
1.18, 2120405
1.18, 2119163
1.18, 2114195
1.18, 2106259
1.18, 2099000
1.18, 2081020
1.19, 2077604
1.19, 2076944
1.19, 2076141
1.19, 2050678
1.19, 2050131
1.22, 2045208
1.22, 2044355
1.22, 2037383
1.22, 2036345
1.22, 2023723
1.22, 2021723
1.22, 2018753
1.22, 2017127
1.22, 2016992
1.22, 2013026
1.22, 2013007
1.22, 2011997
1.22, 2011974
1.22, 2009733
1.22, 2009495
1.22, 2009006
1.22, 2008297
1.22, 1995702
1.22, 1995260
1.22, 1973163
1.22, 1970954
1.22, 1966125
1.22, 1961952
1.22, 1959968
1.22, 1959686
1.22, 1956597
1.22, 1942848
1.22, 1942522
1.22, 1940633
1.22, 1927881
1.22, 1926630
1.30, 1923716
1.33, 1913841
1.33, 1912300
1.33, 1893828
1.33, 1885292
1.33, 1883584
1.33, 1881427
1.33, 1871539
1.33, 1869471
1.33, 1861912
1.33, 1857888
1.33, 1849453
1.33, 1846659
1.33, 1846631
1.33, 1845864
1.33, 1844229
1.33, 1839967
1.33, 1836702
1.33, 1836486
1.33, 1829226
1.33, 1823301
1.33, 1823162
1.33, 1815176
1.33, 1813958
1.33, 1813558
1.35, 1810313
1.35, 1806163
1.35, 1805164
1.35, 1793529
1.35, 1791262
1.35, 1789125
1.35, 1787476
1.35, 1787136
1.36, 1781343
1.36, 1778064
1.36, 1777379
1.36, 1774364
1.37, 1760057
1.37, 1758537
1.37, 1750215
1.37, 1749448
1.37, 1748864
1.37, 1746578
1.37, 1742857
1.38, 1741963
1.38, 1741850
1.38, 1740947
1.38, 1733123
1.38, 1731666
1.38, 1722417
1.38, 1722217
1.38, 1709890
1.38, 1705833
1.38, 1705106
1.38, 1693524
1.38, 1693133
1.38, 1688587
1.39, 1687100
1.39, 1686922
1.39, 1686577
1.39, 1676004
1.39, 1666424
1.39, 1665646
1.39, 1661478
1.39, 1659732
1.39, 1658298
1.39, 1657954
1.39, 1654521
1.39, 1652196
1.39, 1648276
1.39, 1646705
1.39, 1645197
1.39, 1644437
1.39, 1631009
1.39, 1628704
1.39, 1619996
1.39, 1618422
1.39, 1613406
1.39, 1611564
1.40, 1608625
1.40, 1603467
1.46, 1602774
1.46, 1593245
1.46, 1587367
1.46, 1587117
1.48, 1586594
1.48, 1585440
1.48, 1580859
1.48, 1576212
1.48, 1570186
1.48, 1568248
1.48, 1568134
1.48, 1562485
1.48, 1557570
1.48, 1554078
1.48, 1553846
1.49, 1537786
1.49, 1536050
1.49, 1532795
1.49, 1529894
1.49, 1529665
1.49, 1526780
1.49, 1520823
1.50, 1520445
1.50, 1518362
1.50, 1511897
1.50, 1502730
1.50, 1499627
1.50, 1498845
1.50, 1496474
1.50, 1492003
1.50, 1485511
1.50, 1484555
1.50, 1482516
1.50, 1481956
1.51, 1480018
1.51, 1479135
1.51, 1478858
1.51, 1468441
1.51, 1467619
1.51, 1461976
1.51, 1459709
1.51, 1459467
1.51, 1459085
1.51, 1458134
1.51, 1457735
1.51, 1455604
1.51, 1454617
1.51, 1453430
1.51, 1451648
1.51, 1449747
1.51, 1444980
1.51, 1443692
1.51, 1443049
1.51, 1441020
1.58, 1436926
1.58, 1435081
1.58, 1434595
1.58, 1432331
1.58, 1431459
1.58, 1427484
1.58, 1427378
1.58, 1426032
1.58, 1423925
1.58, 1421396
1.58, 1417867
1.58, 1412099
1.58, 1409991
1.58, 1409112
1.58, 1404265
1.58, 1401759
1.58, 1394040
1.58, 1386131
1.58, 1381842
1.59, 1381818
1.59, 1377571
1.59, 1370617
1.59, 1360458
1.59, 1355014
1.62, 1351183
1.62, 1349255
1.62, 1348331
1.62, 1344678
1.62, 1342284
1.62, 1342134
1.65, 1335960
1.65, 1335810
1.65, 1335725
1.65, 1335308
1.65, 1332491
1.65, 1331410
1.65, 1331120
1.65, 1327630
1.65, 1325430
1.65, 1323986
1.65, 1322488
1.65, 1322403
1.65, 1319155
1.65, 1317686
1.65, 1316217
1.65, 1310829
1.65, 1310672
1.65, 1305824
1.65, 1305748
1.65, 1305690
1.65, 1302929
1.65, 1302740
1.65, 1301574
1.65, 1300951
1.65, 1298514
1.65, 1289193
1.65, 1284619
1.65, 1282162
1.65, 1273869
1.65, 1263799
1.65, 1261745
1.65, 1260142
1.65, 1257211
1.65, 1254459
1.65, 1253292
1.65, 1253202
1.66, 1245556
1.66, 1245270
1.66, 1244681
1.66, 1239788
1.66, 1238555
1.66, 1237634
1.66, 1237604
1.66, 1233200
1.66, 1229110
1.66, 1224179
1.66, 1215676
1.66, 1213543
1.66, 1212107
1.66, 1209108
1.66, 1208942
1.66, 1206032
1.66, 1204127
1.66, 1203821
1.66, 1203129
1.80, 1197801
1.80, 1196562
1.80, 1195744
1.80, 1193252
1.80, 1191956
1.80, 1189127
1.83, 1187845
1.83, 1185868
1.83, 1179956
1.83, 1179800
1.83, 1179733
1.83, 1179144
1.84, 1176263
1.84, 1175572
1.84, 1169955
1.84, 1169622
1.84, 1166385
1.84, 1161845
1.84, 1161776
1.84, 1158684
1.84, 1157270
1.84, 1153121
1.85, 1148111
1.85, 1147934
1.85, 1144000
1.85, 1137449
1.85, 1136256
1.85, 1134214
1.85, 1128635
1.85, 1125612
1.85, 1122809
1.85, 1119901
1.85, 1118044
1.85, 1111393
1.85, 1110173
1.85, 1109144
1.85, 1108861
1.85, 1105106
1.85, 1101357
1.85, 1101079
1.85, 1100554
1.85, 1100330
1.85, 1097125
1.90, 1096734
1.90, 1095848
1.90, 1094655
1.90, 1092538
1.90, 1091418
1.93, 1083994
1.93, 1083449
1.98, 1082788
1.99, 1082277
1.99, 1081900
1.99, 1079428
1.99, 1077665
1.99, 1074838
1.99, 1069035
2.00, 1068945
2.00, 1062366
2.00, 1061904
2.00, 1059102
2.00, 1058943
2.00, 1057383
2.00, 1055659
2.00, 1054820
2.00, 1054026
2.00, 1053319
2.00, 1050423
2.00, 1045324
2.00, 1044235
2.00, 1043299
2.00, 1042718
2.00, 1042236
2.00, 1040108
2.00, 1038228
2.00, 1038060
2.00, 1037047
2.00, 1036794
2.01, 1031054
2.01, 1028076
2.01, 1028067
2.02, 1027162
2.02, 1024568
2.02, 1017942
2.02, 1017584
2.02, 1011033
2.02, 1009809
2.02, 1009566
2.02, 1003532
2.02, 1002258
2.02, 1000177
2.03, 995666
2.03, 993344
2.03, 991960
2.04, 990022
2.04, 989609
2.04, 986271
2.04, 985870
2.04, 983592
2.04, 983405
2.04, 979466
2.04, 979127
2.04, 979039
2.05, 978342
2.05, 977779
2.05, 974592
2.05, 973583
2.05, 973582
2.05, 971699
2.05, 971064
2.05, 970199
2.05, 966596
2.05, 966339
2.06, 965186
2.06, 964799
2.06, 964168
2.08, 960351
2.08, 959465
2.08, 957622
2.08, 956396
2.09, 950828
2.09, 949775
2.09, 946690
2.09, 946598
2.09, 946131
2.09, 945637
2.09, 945397
2.10, 940293
2.10, 938456
2.10, 937023
2.10, 936764
2.10, 936614
2.10, 936020
2.10, 935647
2.10, 932479
2.10, 928744
2.10, 928628
2.10, 927736
2.10, 926987
2.10, 924777
2.10, 918804
2.10, 918068
2.10, 917761
2.11, 916872
2.11, 916098
2.11, 913763
2.11, 913166
2.11, 913030
2.12, 912896
2.17, 912289
2.17, 910639
2.17, 909679
2.18, 908766
2.18, 907835
2.18, 905982
2.18, 905857
2.18, 903760
2.18, 903159
2.18, 903106
2.18, 903099
2.18, 899714
2.18, 897918
2.18, 896215
2.18, 894255
2.18, 894159
2.18, 893988
2.18, 893022
2.18, 889056
2.18, 888034
2.18, 887599
2.20, 886292
2.20, 885440
2.20, 884885
2.20, 883957
2.20, 881665
2.20, 881181
2.20, 878656
2.20, 877944
2.20, 876623
2.23, 876052
2.23, 875717
2.23, 875332
2.23, 875300
2.23, 874628
2.23, 872102
2.23, 872021
2.23, 870776
2.23, 868846
2.23, 867495
2.23, 866252
2.24, 866066
2.24, 865919
2.24, 864144
2.24, 863301
2.24, 862340
2.24, 860675
2.24, 857422
2.24, 856836
2.24, 856495
2.24, 856309
2.24, 851382
2.24, 851245
2.24, 851032
2.24, 849485
2.24, 849474
2.24, 848186
2.24, 847694
2.24, 846518
2.24, 846037
2.24, 845648
2.24, 840806
2.24, 837902
2.24, 836440
2.24, 835953
2.24, 835945
2.24, 835866
2.24, 835649
2.24, 832047
2.36, 830063
2.36, 830053
2.36, 827543
2.36, 827377
2.36, 825833
2.36, 825471
2.36, 824904
2.36, 824766
2.36, 824062
2.36, 822042
2.36, 821985
2.36, 819880
2.36, 819817
2.36, 818762
2.36, 818463
2.37, 818222
2.38, 818069
2.38, 816277
2.38, 808723
2.38, 808454
2.38, 808030
2.38, 807767
2.38, 807578
2.38, 806505
2.38, 806196
2.38, 806190
2.38, 803958
2.38, 803083
2.38, 801057
2.38, 799271
2.38, 797820
2.38, 797294
2.38, 796526
2.38, 795458
2.38, 794780
2.38, 792355
2.38, 792025
2.38, 791555
2.38, 791285
2.38, 789681
2.39, 787658
2.39, 786190
2.39, 784699
2.56, 784664
2.56, 784049
2.56, 783055
2.56, 782936
2.56, 781865
2.57, 781162
2.57, 779056
2.57, 776976
2.57, 776932
2.57, 776622
2.57, 776067
2.57, 775215
2.57, 774009
2.57, 773749
2.57, 773613
2.57, 773097
2.57, 772532
2.57, 772256
2.57, 772204
2.57, 771481
2.57, 771421
2.57, 770704
2.57, 768817
2.58, 768773
2.58, 768673
2.58, 768569
2.58, 768127
2.58, 766580
2.58, 765036
2.62, 764977
2.68, 763776
2.68, 762670
2.68, 762640
2.68, 761999
2.68, 761746
2.68, 761216
2.70, 760114
2.70, 759924
2.70, 759806
2.70, 758796
2.70, 758651
2.70, 758370
2.70, 758265
2.70, 755398
2.70, 753539
2.70, 753477
2.70, 753352
2.70, 752785
2.70, 751874
2.70, 751017
2.70, 750809
2.70, 750798
2.70, 750333
2.70, 749832
2.70, 749645
2.70, 748339
2.71, 747386
2.71, 745711
2.71, 745611
2.71, 745567
2.71, 745533
2.72, 745288
2.72, 744730
2.73, 744188
2.73, 744155
2.73, 742578
2.73, 741090
2.73, 741083
2.73, 741080
2.73, 740973
2.73, 740443
2.73, 739183
2.73, 739165
2.73, 738723
2.73, 738076
2.73, 737555
2.73, 735910
2.73, 735564
2.73, 733683
2.73, 733228
2.73, 731029
2.74, 730852
2.74, 730094
2.74, 729466
2.81, 727954
2.81, 727595
2.81, 726797
2.81, 726225
2.83, 725973
2.83, 725213
2.83, 724719
2.83, 724624
2.83, 724278
2.83, 723628
2.84, 723564
2.84, 722599
2.84, 721815
2.84, 721324
2.84, 720333
2.85, 720295
2.85, 719995
2.85, 719699
2.85, 719262
2.85, 717872
2.85, 717598
2.85, 717176
2.85, 716847
2.85, 716469
2.85, 716115
2.86, 715205
2.86, 715092
2.86, 714522
2.86, 714415
2.86, 713922
2.86, 713900
2.86, 712977
2.86, 712965
2.87, 712227
2.87, 711428
2.87, 710480
2.87, 710212
2.87, 708462
2.92, 708322
2.92, 707596
2.92, 707468
2.92, 707331
2.92, 706894
2.93, 706547
2.93, 706540
2.93, 706433
2.93, 705510
2.93, 704513
2.93, 703936
2.93, 703689
2.93, 703477
2.93, 703476
2.93, 702981
2.93, 701933
2.94, 701729
2.94, 701621
2.95, 700636
2.95, 700625
2.95, 700335
2.95, 699719
2.95, 699340
2.95, 699148
2.99, 698921
3.03, 698511
3.03, 698346
3.03, 697696
3.03, 697449
3.04, 697383
3.04, 696378
3.06, 696089
3.06, 694406
3.12, 694014
3.12, 693503
3.12, 693084
3.13, 692617
3.13, 692383
3.13, 692153
3.13, 691700
3.13, 691546
3.14, 691438
3.15, 691430
3.15, 691263
3.15, 690918
3.15, 690881
3.15, 690788
3.15, 690138
3.15, 689820
3.16, 689788
3.16, 689010
3.16, 688733
3.16, 688140
3.16, 687321
3.16, 686893
3.16, 686817
3.21, 686678
3.21, 686508
3.21, 686469
3.21, 686074
3.22, 685776
3.22, 685234
3.22, 685060
3.22, 685055
3.22, 684614
3.22, 684400
3.22, 684151
3.23, 683707
3.23, 683611
3.23, 683350
3.23, 683129
3.23, 682690
3.24, 682629
3.27, 682293
3.27, 682181
3.27, 681864
3.28, 681448
3.30, 681060
3.31, 680212
3.31, 680180
3.32, 679328
3.32, 678839
3.32, 678772
3.34, 678419
3.34, 678397
3.34, 678225
3.34, 678206
3.35, 677420
3.42, 677266
3.43, 677103
3.43, 676998
3.44, 676721
3.44, 676376
3.47, 675942
3.48, 675686
3.48, 675654
3.48, 675525
3.51, 675155
3.51, 674622
3.55, 674578
3.55, 674575
3.56, 674393
3.56, 674315
3.57, 674278
3.57, 674174
3.58, 674045
3.58, 673928
3.58, 673868
3.58, 673510
3.58, 673057
3.58, 672912
3.62, 672882
3.66, 672739
3.67, 672462
3.68, 672411
3.68, 672193
3.69, 672064
3.75, 672035
3.86, 672020
3.87, 671622
3.88, 671593
4.31, 671556
4.33, 671528
4.34, 671525
9.81, 671269
9.81, 670998
9.81, 670987
9.82, 670892
9.82, 670486
9.88, 669969
9.88, 669510
9.88, 669064
9.89, 668859
9.90, 668155
9.90, 668105
9.91, 667970
9.91, 667904
9.91, 667507
9.93, 667286
9.93, 667278
9.93, 667259
9.93, 667199
9.93, 666560
9.93, 666245
10.00, 665904
10.00, 665825
10.00, 665786
10.01, 665624
10.01, 665171
10.08, 665043
10.09, 665033
10.13, 664661
10.13, 664401
10.14, 663859
10.15, 663715
10.16, 662965
10.18, 662958
10.18, 662898
10.41, 662837
10.46, 662822
10.47, 662756
10.47, 662728
10.49, 662566
13.79, 662172
13.80, 662133
13.80, 662067
13.80, 662048
13.84, 661977
13.88, 661662
13.90, 661513
13.94, 661479
13.95, 661304
13.96, 661244
13.98, 661216
14.18, 661156
14.20, 661096
14.26, 661068
