0.03,6708939
0.03,6505748
0.03,6456849
0.03,6346991
0.03,6201380
0.03,6125313
0.03,6155841
0.03,6028964
0.03,6007476
0.03,5877512
0.03,5746834
0.03,5615963
0.03,5623369
0.03,5599852
0.03,5448180
0.03,5453992
0.03,5409067
0.03,5426734
0.03,5410320
0.03,5434701
0.03,5440038
0.03,5428070
0.03,5309187
0.03,5280121
0.03,5167633
0.03,5107197
0.03,5149423
0.03,5140525
0.03,5142581
0.03,5157080
0.04,5139216
0.04,5145200
0.04,5128081
0.04,5098878
0.04,5137793
0.04,5130079
0.04,5067557
0.04,5110563
0.04,5055543
0.04,4951120
0.04,4959482
0.04,5011459
0.04,4968221
0.04,4950429
0.04,4880683
0.04,4817479
0.04,4828840
0.04,4838257
0.04,4835552
0.04,4728838
0.04,4786838
0.04,4771848
0.04,4722614
0.04,4622176
0.04,4603711
0.04,4638291
0.04,4618893
0.04,4522882
0.04,4514709
0.04,4414767
0.04,4321640
0.04,4332231
0.04,4328510
0.04,4416825
0.04,4395065
0.04,4381701
0.04,4370298
0.04,4366197
0.04,4364939
0.04,4369390
0.04,4407055
0.04,4320640
0.04,4315532
0.04,4221904
0.04,4149779
0.04,4118793
0.04,4032900
0.04,4068362
0.04,4070760
0.04,4070543
0.04,4056141
0.04,4053897
0.04,4093078
0.04,4062653
0.04,3977190
0.04,4030411
0.04,4092513
0.04,4089253
0.04,4041086
0.04,3965911
0.04,3965620
0.04,4061954
0.04,4059333
0.04,3954056
0.04,3944767
0.04,3943888
0.04,3938310
0.04,3993504
0.04,3908090
0.04,3931212
0.04,3984739
0.04,3924715
0.04,3913719
0.04,3913629
0.04,3960104
0.04,3958930
0.04,3921912
0.04,3904508
0.04,3913282
0.04,3891148
0.04,3820399
0.04,3833870
0.04,3838711
0.04,3813965
0.04,3801696
0.04,3670510
0.04,3633787
0.04,3563474
0.04,3548067
0.05,3548239
0.05,3559359
0.05,3567853
0.05,3630489
0.05,3623204
0.05,3537847
0.05,3493472
0.05,3494279
0.05,3432173
0.05,3421344
0.05,3388884
0.05,3458064
0.05,3376749
0.05,3386322
0.05,3384487
0.05,3392647
0.05,3328990
0.05,3340080
0.05,3364531
0.05,3365145
0.05,3337652
0.05,3338463
0.05,3340913
0.05,3353852
0.05,3353594
0.05,3345594
0.05,3269911
0.05,3222509
0.05,3289675
0.05,3221003
0.05,3178877
0.05,3183151
0.05,3151237
0.05,3143659
0.05,3124607
0.05,3106265
0.05,3084101
0.05,3079069
0.05,3077422
0.05,3039668
0.05,3024416
0.05,2981052
0.05,2985173
0.05,2967559
0.05,2924710
0.05,2900938
0.05,2869887
0.05,2820740
0.05,2777875
0.05,2722362
0.05,2670039
0.05,2758233
0.05,2738557
0.05,2744786
0.05,2705640
0.05,2674218
0.05,2693381
0.05,2704532
0.05,2734889
0.05,2721279
0.05,2722392
0.05,2696962
0.05,2692029
0.05,2671120
0.05,2658626
0.05,2622215
0.05,2598164
0.05,2597867
0.05,2599715
0.05,2584174
0.05,2581358
0.05,2570144
0.05,2559842
0.05,2549247
0.05,2552937
0.05,2516140
0.05,2466162
0.05,2467047
0.05,2474065
0.05,2464544
0.05,2462115
0.05,2462789
0.05,2428478
0.05,2423450
0.05,2425368
0.05,2416100
0.05,2369285
0.05,2373503
0.05,2372924
0.05,2337069
0.06,2335175
0.06,2338029
0.06,2328318
0.06,2293125
0.06,2278563
0.06,2273628
0.06,2269789
0.06,2241542
0.06,2248819
0.06,2244840
0.06,2234917
0.06,2217428
0.06,2190194
0.06,2207017
0.06,2217342
0.06,2227430
0.06,2215266
0.06,2217904
0.06,2227226
0.06,2225615
0.06,2234834
0.06,2221319
0.06,2183666
0.06,2155472
0.06,2120163
0.06,2120600
0.06,2092212
0.06,2054418
0.06,2022004
0.06,2033903
0.06,2035257
0.06,2026759
0.06,2023048
0.06,2008081
0.06,2011666
0.06,1970232
0.06,1964819
0.06,1977282
0.06,1978020
0.06,1948928
0.06,1965519
0.06,1982579
0.06,1962347
0.06,1984982
0.06,1982631
0.06,1965368
0.06,1995386
0.06,1991585
0.06,2009163
0.06,2014420
0.06,2013764
0.06,2030426
0.06,2070454
0.06,2082588
0.06,2039149
0.06,2001843
0.06,1968994
0.06,1944464
0.06,1936634
0.06,1913905
0.06,1922282
0.06,1916375
0.06,1912169
0.06,1887958
0.06,1881039
0.06,1878557
0.06,1882419
0.06,1851352
0.06,1850561
0.06,1827143
0.06,1838330
0.06,1846804
0.06,1830003
0.06,1836944
0.06,1804184
0.06,1789381
0.06,1783714
0.06,1765210
0.06,1792120
0.06,1787550
0.06,1786357
0.06,1788561
0.06,1787910
0.06,1791159
0.06,1767557
0.06,1747136
0.06,1733405
0.06,1726473
0.06,1733186
0.06,1740762
0.07,1740796
0.07,1744630
0.07,1821509
0.07,1803778
0.07,1770085
0.07,1729116
0.07,1732908
0.07,1757172
0.07,1788777
0.07,1789718
0.07,1771568
0.07,1754802
0.07,1718203
0.07,1711837
0.07,1721641
0.07,1741479
0.07,1745364
0.07,1750610
0.07,1742379
0.07,1765779
0.07,1788202
0.07,1786764
0.07,1787369
0.07,1825138
0.07,1837488
0.07,1780098
0.07,1770680
0.07,1738196
0.07,1714864
0.07,1680036
0.07,1698175
0.07,1710688
0.07,1698685
0.07,1692287
0.07,1708816
0.07,1710808
0.07,1719179
0.07,1706969
0.07,1704946
0.07,1712228
0.07,1715620
0.07,1684531
0.07,1666285
0.07,1647242
0.07,1645950
0.07,1647740
0.07,1703241
0.07,1719451
0.07,1725703
0.07,1722717
0.07,1753460
0.07,1753234
0.07,1751614
0.07,1765526
0.07,1762267
0.07,1761327
0.07,1755438
0.07,1729470
0.07,1715184
0.07,1659392
0.07,1629802
0.07,1624086
0.07,1631604
0.07,1617018
0.07,1616616
0.07,1640978
0.07,1651121
0.07,1643598
0.07,1633885
0.07,1629691
0.07,1621326
0.07,1619260
0.07,1625823
0.07,1633583
0.07,1676039
0.07,1631717
0.07,1609895
0.07,1623463
0.07,1644579
0.07,1596594
0.07,1580075
0.07,1577196
0.07,1570169
0.07,1552924
0.07,1538685
0.07,1544380
0.07,1620885
0.08,1608169
0.08,1563313
0.08,1560523
0.08,1550551
0.08,1551800
0.08,1560300
0.08,1568073
0.08,1568507
0.08,1539223
0.08,1529189
0.08,1540011
0.08,1576175
0.08,1568836
0.08,1570909
0.08,1577663
0.08,1567634
0.08,1556581
0.08,1549702
0.08,1552095
0.08,1556929
0.08,1545058
0.08,1548669
0.08,1513843
0.08,1507411
0.08,1486365
0.08,1495076
0.08,1507573
0.08,1510251
0.08,1505929
0.08,1514330
0.08,1500707
0.08,1496541
0.08,1502084
0.08,1505622
0.08,1502635
0.08,1506026
0.08,1493829
0.08,1464356
0.08,1458678
0.08,1452000
0.08,1457614
0.08,1440206
0.08,1434823
0.08,1421742
0.08,1423748
0.08,1438636
0.08,1424245
0.08,1426680
0.08,1407845
0.08,1404391
0.08,1391941
0.08,1393023
0.08,1381246
0.08,1386316
0.08,1393355
0.08,1382067
0.08,1373026
0.08,1365751
0.08,1351147
0.08,1347031
0.08,1342729
0.08,1344287
0.08,1345283
0.08,1337692
0.08,1335276
0.08,1330248
0.08,1317491
0.08,1319124
0.08,1315825
0.08,1332935
0.08,1401209
0.08,1379807
0.08,1345012
0.08,1334357
0.08,1334652
0.08,1334756
0.08,1328338
0.08,1349433
0.08,1332698
0.08,1328865
0.08,1321008
0.08,1323242
0.08,1324125
0.08,1320161
0.08,1328265
0.08,1349512
0.08,1337870
0.08,1339528
0.09,1361094
0.09,1359928
0.09,1356604
0.09,1352235
0.09,1349340
0.09,1353659
0.09,1356065
0.09,1341004
0.09,1325433
0.09,1327868
0.09,1332380
0.09,1327357
0.09,1330466
0.09,1305817
0.09,1293480
0.09,1279507
0.09,1284656
0.09,1290956
0.09,1289039
0.09,1277641
0.09,1276250
0.09,1275598
0.09,1303020
0.09,1309117
0.09,1323162
0.09,1341434
0.09,1360468
0.09,1364971
0.09,1342885
0.09,1341800
0.09,1340275
0.09,1354084
0.09,1392403
0.09,1387614
0.09,1384729
0.09,1388511
0.09,1389564
0.09,1397141
0.09,1381194
0.09,1381452
0.09,1376386
0.09,1341576
0.09,1320276
0.09,1323139
0.09,1257542
0.09,1249451
0.09,1276375
0.09,1263168
0.09,1267675
0.09,1310094
0.09,1307987
0.09,1299347
0.09,1292501
0.09,1310683
0.09,1310976
0.09,1339791
0.09,1345164
0.09,1337752
0.09,1344403
0.09,1378714
0.09,1367480
0.09,1312101
0.09,1309688
0.09,1277076
0.09,1253743
0.09,1254928
0.09,1254062
0.09,1235530
0.09,1235989
0.09,1228513
0.09,1219136
0.09,1214567
0.09,1212857
0.09,1202294
0.09,1185588
0.09,1179483
0.09,1178848
0.09,1170606
0.09,1169928
0.09,1160545
0.09,1154475
0.09,1148058
0.09,1150235
0.09,1139167
0.09,1131618
0.09,1124097
0.09,1125850
0.09,1131016
0.10,1140644
0.10,1141132
0.10,1180714
0.10,1196067
0.10,1198362
0.10,1206082
0.10,1243023
0.10,1243100
0.10,1248634
0.10,1257224
0.10,1265318
0.10,1251235
0.10,1251607
0.10,1242875
0.10,1262093
0.10,1227903
0.10,1226342
0.10,1236610
0.10,1240504
0.10,1246718
0.10,1241352
0.10,1292260
0.10,1273757
0.10,1218254
0.10,1208003
0.10,1206323
0.10,1205727
0.10,1184482
0.10,1155102
0.10,1145194
0.10,1146455
0.10,1121032
0.10,1119482
0.10,1121778
0.10,1117775
0.10,1109630
0.10,1101589
0.10,1103302
0.10,1107785
0.10,1093642
0.10,1096489
0.10,1096892
0.10,1097971
0.10,1089788
0.10,1092199
0.10,1094633
0.10,1090267
0.10,1093768
0.10,1086193
0.10,1085280
0.10,1085781
0.10,1077469
0.10,1069782
0.10,1068641
0.10,1069469
0.10,1062260
0.10,1060873
0.10,1062237
0.10,1062243
0.10,1059034
0.10,1064495
0.10,1071084
0.10,1065236
0.10,1053969
0.10,1057285
0.10,1053314
0.10,1053756
0.10,1051248
0.10,1044615
0.10,1044897
0.10,1039756
0.10,1038345
0.10,1035816
0.10,1029781
0.10,1036984
0.10,1039432
0.10,1039744
0.10,1036732
0.10,1038165
0.10,1043786
0.10,1045522
0.10,1029024
0.10,1023893
0.10,1024452
0.10,1023119
0.10,1014347
0.10,1015122
0.10,1056018
0.11,1057911
0.11,1043320
0.11,1027452
0.11,1048724
0.11,1046137
0.11,1052633
0.11,1054428
0.11,1056281
0.11,1042735
0.11,1040398
0.11,1007359
0.11,1001903
0.11,1008713
0.11,1010009
0.11,1012040
0.11,1001692
0.11,1000782
0.11,1001627
0.11,1002057
0.11,1001034
0.11,996291
0.11,996035
0.11,995918
0.11,994499
0.11,992071
0.11,986412
0.11,980871
0.11,974892
0.11,974540
0.11,967593
0.11,962611
0.11,991133
0.11,953495
0.11,951542
0.11,951771
0.11,954975
0.11,959493
0.11,958989
0.11,946569
0.11,947207
0.11,948607
0.11,945920
0.11,944711
0.11,943607
0.11,946545
0.11,942955
0.11,942346
0.11,943340
0.11,951822
0.11,957572
0.11,960456
0.11,955338
0.11,947427
0.11,946753
0.11,948005
0.11,944239
0.11,945970
0.11,949683
0.11,951347
0.11,945908
0.11,936588
0.11,938677
0.11,944174
0.11,948902
0.11,942972
0.11,938835
0.11,938128
0.11,935110
0.11,937231
0.11,936901
0.11,943990
0.11,944872
0.11,930917
0.11,934667
0.11,932540
0.11,926634
0.11,926009
0.11,921740
0.11,916836
0.11,917518
0.11,914938
0.11,910440
0.11,906904
0.11,907005
0.11,912780
0.11,911423
0.11,903164
0.11,903649
0.11,894117
0.12,893072
0.12,891053
0.12,895007
0.12,895145
0.12,891784
0.12,888943
0.12,888362
0.12,884597
0.12,888545
0.12,888706
0.12,887505
0.12,888453
0.12,890654
0.12,892911
0.12,891337
0.12,883654
0.12,892765
0.12,901024
0.12,902191
0.12,903315
0.12,926586
0.12,947562
0.12,948253
0.12,959411
0.12,960426
0.12,962162
0.12,971467
0.12,971887
0.12,972170
0.12,973867
0.12,1012206
0.12,1014543
0.12,1013584
0.12,1018179
0.12,1023902
0.12,1021258
0.12,1015095
0.12,1004984
0.12,1003090
0.12,968776
0.12,975514
0.12,974687
0.12,961459
0.12,923382
0.12,907019
0.12,929729
0.12,932322
0.12,920769
0.12,922164
0.12,957883
0.12,955873
0.12,908219
0.12,906238
0.12,879521
0.12,877726
0.12,888867
0.12,889994
0.12,892613
0.12,894686
0.12,897094
0.12,961556
0.12,936600
0.12,915004
0.12,909014
0.12,916915
0.12,916903
0.12,903217
0.12,907478
0.12,905913
0.12,902639
0.12,894137
0.12,897056
0.12,893334
0.12,886937
0.12,886269
0.12,898976
0.12,897503
0.12,901924
0.12,904156
0.12,904540
0.12,908276
0.12,913656
0.12,908765
0.12,908778
0.12,914580
0.12,913248
0.12,907710
0.13,904803
0.13,909077
0.13,900312
0.13,899488
0.13,890482
0.13,877058
0.13,872773
0.13,873025
0.13,876846
0.13,877788
0.13,883233
0.13,882493
0.13,887419
0.13,884388
0.13,881940
0.13,883444
0.13,879269
0.13,876821
0.13,879123
0.13,882337
0.13,879451
0.13,875049
0.13,874331
0.13,871982
0.13,872465
0.13,868893
0.13,868067
0.13,871508
0.13,874353
0.13,874296
0.13,871761
0.13,871400
0.13,866844
0.13,865472
0.13,861608
0.13,859960
0.13,862383
0.13,854655
0.13,852227
0.13,848081
0.13,848254
0.13,848797
0.13,853432
0.13,854609
0.13,856566
0.13,858436
0.13,855843
0.13,855256
0.13,855553
0.13,853729
0.13,855441
0.13,850770
0.13,845446
0.13,845412
0.13,847160
0.13,843550
0.13,840203
0.13,842234
0.13,850744
0.13,850025
0.13,848648
0.13,849428
0.13,844108
0.13,845263
0.13,843019
0.13,838621
0.13,841662
0.13,842112
0.13,840083
0.13,832777
0.13,841526
0.13,844204
0.13,843924
0.13,847797
0.13,851079
0.13,845083
0.13,843197
0.13,842606
0.13,844285
0.13,917220
0.13,896950
0.13,871214
0.13,862808
0.13,874678
0.13,880885
0.13,867916
0.13,873082
0.14,860174
0.14,847897
0.14,839173
0.14,837547
0.14,838982
0.14,849585
0.14,851055
0.14,858814
0.14,860751
0.14,859140
0.14,858138
0.14,855284
0.14,858458
0.14,860906
0.14,863535
0.14,866368
0.14,870773
0.14,873647
0.14,866837
0.14,865408
0.14,866369
0.14,855495
0.14,856746
0.14,853973
0.14,843573
0.14,836026
0.14,836467
0.14,836282
0.14,839350
0.14,841929
0.14,837849
0.14,839161
0.14,835269
0.14,835952
0.14,838526
0.14,839861
0.14,839563
0.14,837490
0.14,836439
0.14,835953
0.14,829635
0.14,824801
0.14,839458
0.14,825432
0.14,829190
0.14,820950
0.14,828514
0.14,828472
0.14,837853
0.14,850366
0.14,866373
0.14,861935
0.14,810720
0.14,807568
0.14,804478
0.14,804116
0.14,806191
0.14,813303
0.14,811858
0.14,812529
0.14,836029
0.14,857587
0.14,855585
0.14,879960
0.14,883419
0.14,886299
0.14,896486
0.14,897588
0.14,895653
0.14,905230
0.14,936794
0.14,939422
0.14,944108
0.14,960133
0.14,970274
0.14,960486
0.14,963706
0.14,958029
0.14,960190
0.14,933670
0.14,934969
0.14,940411
0.14,920721
0.14,891225
0.14,855121
0.14,889207
0.14,877391
0.15,839978
0.15,811640
0.15,800753
0.15,803509
0.15,800687
0.15,801612
0.15,801596
0.15,797818
0.15,802155
0.15,803024
0.15,808242
0.15,827048
0.15,852679
0.15,857509
0.15,877040
0.15,886764
0.15,902330
0.15,915785
0.15,908870
0.15,923557
0.15,930998
0.15,967765
0.15,974764
0.15,979522
0.15,989115
0.15,989665
0.15,1007641
0.15,979767
0.15,1000094
0.15,994876
0.15,940760
0.15,939794
0.15,930353
0.15,912393
0.15,841517
0.15,809128
0.15,794954
0.15,792544
0.15,790479
0.15,806650
0.15,814264
0.15,788609
0.15,789838
0.15,789562
0.15,786914
0.15,787165
0.15,788963
0.15,784295
0.15,782381
0.15,782402
0.15,780911
0.15,779969
0.15,777815
0.15,777673
0.15,775616
0.15,773732
0.15,775516
0.15,777674
0.15,775918
0.15,775258
0.15,771537
0.15,770756
0.15,773438
0.15,774577
0.15,778451
0.15,778606
0.15,775089
0.15,775818
0.15,773393
0.15,770964
0.15,770791
0.15,776686
0.15,776159
0.15,780211
0.15,834364
0.15,850633
0.15,846951
0.15,851875
0.15,855117
0.15,857817
0.15,873171
0.15,884773
0.15,889169
0.15,887294
0.15,933424
0.15,939217
0.15,942556
0.16,949861
0.16,962496
0.16,966613
0.16,950828
0.16,963420
0.16,943488
0.16,943323
0.16,915266
0.16,871820
0.16,856647
0.16,841061
0.16,806383
0.16,782173
0.16,768561
0.16,767521
0.16,767816
0.16,765938
0.16,769126
0.16,769501
0.16,768001
0.16,765088
0.16,763380
0.16,761254
0.16,760752
0.16,758868
0.16,757036
0.16,757449
0.16,759952
0.16,759373
0.16,755382
0.16,756783
0.16,753633
0.16,759427
0.16,762386
0.16,752017
0.16,751306
0.16,749291
0.16,747704
0.16,756902
0.16,760820
0.16,763493
0.16,764288
0.16,761393
0.16,761576
0.16,765443
0.16,766381
0.16,837057
0.16,814835
0.16,786325
0.16,779055
0.16,785088
0.16,795781
0.16,788792
0.16,784911
0.16,782807
0.16,774245
0.16,755909
0.16,754242
0.16,754410
0.16,760399
0.16,767718
0.16,776934
0.16,777190
0.16,774444
0.16,776517
0.16,776309
0.16,776809
0.16,776842
0.16,775573
0.16,781444
0.16,785269
0.16,788449
0.16,783567
0.16,782756
0.16,781943
0.16,772103
0.16,773914
0.16,771795
0.16,763624
0.16,760604
0.16,758225
0.16,752840
0.16,750617
0.16,756636
0.16,757126
0.16,754400
0.16,752254
0.16,753460
0.17,753122
0.17,756775
0.17,758200
0.17,757530
0.17,755950
0.17,755715
0.17,752151
0.17,750238
0.17,747405
0.17,747143
0.17,745802
0.17,747660
0.17,749665
0.17,749622
0.17,749420
0.17,751050
0.17,750772
0.17,751053
0.17,748834
0.17,753263
0.17,750167
0.17,747443
0.17,747311
0.17,748487
0.17,750087
0.17,746530
0.17,745076
0.17,750367
0.17,751112
0.17,754978
0.17,812680
0.17,826410
0.17,825026
0.17,830255
0.17,848114
0.17,853852
0.17,857719
0.17,870867
0.17,874713
0.17,882418
0.17,927846
0.17,936564
0.17,936798
0.17,928325
0.17,950691
0.17,930775
0.17,959636
0.17,945495
0.17,915564
0.17,890073
0.17,852761
0.17,835721
0.17,798076
0.17,788297
0.17,746296
0.17,742632
0.17,741189
0.17,759677
0.17,739131
0.17,737713
0.17,735944
0.17,734000
0.17,734831
0.17,734573
0.17,736199
0.17,738846
0.17,738562
0.17,737058
0.17,735319
0.17,735300
0.17,736874
0.17,732430
0.17,730530
0.17,729716
0.17,729617
0.17,728273
0.17,734619
0.17,727096
0.17,727167
0.17,726592
0.17,726171
0.17,723970
0.17,722267
0.17,722054
0.17,720373
0.17,720511
0.17,718830
0.18,717735
0.18,716676
0.18,716486
0.18,716137
0.18,717566
0.18,714779
0.18,713767
0.18,713589
0.18,712641
0.18,711737
0.18,710906
0.18,710080
0.18,711368
0.18,710476
0.18,711227
0.18,711740
0.18,710307
0.18,710882
0.18,711880
0.18,712918
0.18,712834
0.18,712333
0.18,709726
0.18,709477
0.18,708289
0.18,707135
0.18,708126
0.18,706368
0.18,707283
0.18,705605
0.18,704848
0.18,704101
0.18,703365
0.18,702669
0.18,701464
0.18,700469
0.18,699889
0.18,699269
0.18,698366
0.18,697793
0.18,697242
0.18,696718
0.18,698018
0.18,698190
0.18,698975
0.18,700542
0.18,700604
0.18,696737
0.18,697764
0.18,697835
0.18,701024
0.18,702935
0.18,701868
0.18,699925
0.18,695750
0.18,695839
0.18,694587
0.18,694340
0.18,693642
0.18,694842
0.18,695345
0.18,693177
0.18,693611
0.18,693301
0.18,692242
0.18,691785
0.18,692404
0.18,691845
0.18,690774
0.18,690756
0.18,689866
0.18,689289
0.18,688726
0.18,688321
0.18,687937
0.18,691128
0.18,689981
0.18,687798
0.18,688031
0.18,688014
0.18,685438
0.18,694371
0.18,694935
0.18,697057
0.18,698886
0.18,692886
0.18,684701
0.19,684166
0.19,683798
0.19,684791
0.19,686098
0.19,685009
0.19,687690
0.19,690456
0.19,692485
0.19,694106
0.19,692864
0.19,689918
0.19,685139
0.19,683465
0.19,683923
0.19,687141
0.19,689205
0.19,692921
0.19,695439
0.19,694798
0.19,694897
0.19,693409
0.19,692069
0.19,690886
0.19,691150
0.19,692794
0.19,691632
0.19,690603
0.19,690275
0.19,687291
0.19,684903
0.19,686924
0.19,691610
0.19,690565
0.19,694357
0.19,747304
0.19,760279
0.19,766915
0.19,767314
0.19,768438
0.19,777022
0.19,800505
0.19,803994
0.19,800905
0.19,833801
0.19,858457
0.19,865477
0.19,863546
0.19,867072
0.19,874775
0.19,867392
0.19,888716
0.19,860056
0.19,864993
0.19,859840
0.19,799737
0.19,786058
0.19,761425
0.19,751724
0.19,699319
0.19,692741
0.19,682205
0.19,683329
0.19,685455
0.19,684801
0.19,686000
0.19,689365
0.19,688472
0.19,688065
0.19,689155
0.19,690468
0.19,691378
0.19,693430
0.19,694845
0.19,696151
0.19,696004
0.19,696227
0.19,697923
0.19,704307
0.19,701289
0.19,703517
0.19,755952
0.19,767577
0.19,766996
0.19,768265
0.19,767078
0.19,769852
0.20,779175
0.20,779914
0.20,782079
0.20,802343
0.20,823560
0.20,826017
0.20,824610
0.20,820043
0.20,820147
0.20,823145
0.20,836594
0.20,828215
0.20,795932
0.20,802698
0.20,776011
0.20,766533
0.20,751834
0.20,745821
0.20,721709
0.20,719109
0.20,730295
0.20,718373
0.20,736547
0.20,737607
0.20,691717
0.20,681478
0.20,683128
0.20,682369
0.20,682843
0.20,686223
0.20,688827
0.20,691377
0.20,690473
0.20,688785
0.20,685819
0.20,684181
0.20,685437
0.20,684380
0.20,684494
0.20,683476
0.20,682510
0.20,680787
0.20,679995
0.20,679682
0.20,679948
0.20,679494
0.20,679234
0.20,678982
0.20,678517
0.20,678290
0.20,678075
0.20,677900
0.20,677729
0.20,677270
0.20,677128
0.20,676956
0.20,678409
0.20,676026
0.20,687612
0.20,677368
0.20,680011
0.20,675777
0.20,675711
0.20,678581
0.20,682249
0.20,689446
0.20,689704
0.20,689665
0.20,688354
0.20,690284
0.20,693341
0.20,695262
0.20,697054
0.20,694645
0.20,696350
0.20,768193
0.20,748430
0.20,722668
0.20,716623
0.20,716895
0.20,719252
0.20,705335
0.20,696176
0.20,685792
0.20,683748
0.20,684682
0.20,693060
0.21,700373
0.21,706525
0.21,708056
0.21,712892
0.21,716231
0.21,707477
0.21,704651
0.21,706744
0.21,709656
0.21,712252
0.21,715465
0.21,717467
0.21,719508
0.21,715364
0.21,710305
0.21,711955
0.21,708489
0.21,701229
0.21,702497
0.21,699240
0.21,692059
0.21,690290
0.21,689125
0.21,690240
0.21,692141
0.21,689042
0.21,683926
0.21,682589
0.21,683540
0.21,686920
0.21,685356
0.21,685043
0.21,684857
0.21,684213
0.21,684021
0.21,683888
0.21,684162
0.21,680163
0.21,678069
0.21,678658
0.21,677681
0.21,677453
0.21,678229
0.21,677874
0.21,678126
0.21,677699
0.21,677849
0.21,679049
0.21,679136
0.21,677990
0.21,680297
0.21,680560
0.21,682726
0.21,682892
0.21,683332
0.21,683355
0.21,683450
0.21,684040
0.21,690171
0.21,687745
0.21,690692
0.21,742518
0.21,756026
0.21,756210
0.21,757306
0.21,758283
0.21,760742
0.21,775605
0.21,775446
0.21,811460
0.21,817324
0.21,833475
0.21,835383
0.21,838348
0.21,848830
0.21,848414
0.21,837724
0.21,839578
0.21,826065
0.21,830550
0.21,817577
0.21,808498
0.21,779349
0.21,798080
0.21,797178
0.21,731844
0.21,722584
0.21,702360
0.22,696530
0.22,675651
0.22,675623
0.22,675601
