0.00, 7316436
0.00, 7308962
0.00, 7266867
0.00, 7265743
0.00, 7256514
0.00, 7234798
0.00, 7140673
0.00, 7139748
0.00, 7127705
0.00, 7081841
0.00, 7081437
0.00, 7079033
0.00, 7066073
0.00, 7053539
0.00, 7036899
0.01, 6952368
0.01, 6940506
0.01, 6924613
0.01, 6923604
0.01, 6918905
0.01, 6901282
0.01, 6863414
0.01, 6863183
0.01, 6862928
0.01, 6852739
0.01, 6851944
0.01, 6844395
0.01, 6840956
0.01, 6840515
0.01, 6815272
0.01, 6808400
0.01, 6788566
0.01, 6768445
0.01, 6760474
0.01, 6748451
0.01, 6746771
0.01, 6739033
0.01, 6722784
0.01, 6722464
0.01, 6618319
0.01, 6618012
0.01, 6579387
0.01, 6564730
0.01, 6564153
0.01, 6559391
0.01, 6496870
0.01, 6488355
0.01, 6486211
0.01, 6473897
0.01, 6466447
0.01, 6459223
0.01, 6430338
0.01, 6424724
0.01, 6424609
0.01, 6416069
0.01, 6410553
0.01, 6401701
0.01, 6397079
0.01, 6396393
0.01, 6387169
0.01, 6384678
0.01, 6330044
0.01, 6325038
0.01, 6308649
0.01, 6294273
0.01, 6250184
0.01, 6249692
0.01, 6198822
0.01, 6185997
0.01, 6183403
0.01, 6183308
0.01, 6169691
0.01, 6143901
0.01, 6139759
0.01, 6138261
0.01, 6108237
0.01, 6107624
0.01, 6107489
0.01, 6106697
0.01, 6026876
0.01, 5999326
0.01, 5999153
0.01, 5991887
0.01, 5989945
0.01, 5988778
0.01, 5988285
0.01, 5981547
0.01, 5977155
0.01, 5975030
0.01, 5970220
0.01, 5968854
0.01, 5956884
0.01, 5956724
0.01, 5942209
0.01, 5939037
0.02, 5931759
0.02, 5928265
0.02, 5927262
0.02, 5909548
0.02, 5884413
0.02, 5882966
0.02, 5865168
0.02, 5859006
0.02, 5853732
0.02, 5851471
0.02, 5847426
0.02, 5831800
0.02, 5828179
0.02, 5798283
0.02, 5795680
0.02, 5788020
0.02, 5783556
0.02, 5776118
0.02, 5770208
0.02, 5769752
0.02, 5764780
0.02, 5763856
0.02, 5762310
0.02, 5741971
0.03, 5740721
0.03, 5715402
0.03, 5712942
0.03, 5703361
0.03, 5690122
0.03, 5656009
0.03, 5610501
0.03, 5604897
0.04, 5603498
0.04, 5597215
0.04, 5597149
0.04, 5563459
0.04, 5525246
0.04, 5519407
0.04, 5478151
0.04, 5469389
0.04, 5463212
0.04, 5459285
0.04, 5459119
0.04, 5451112
0.04, 5449825
0.04, 5449123
0.04, 5448200
0.04, 5447016
0.06, 5442548
0.06, 5430512
0.06, 5427599
0.06, 5420284
0.06, 5419947
0.06, 5381911
0.06, 5367369
0.06, 5362186
0.06, 5360199
0.06, 5358623
0.06, 5316558
0.06, 5279209
0.06, 5277475
0.06, 5259598
0.06, 5257189
0.06, 5256657
0.06, 5255359
0.06, 5244639
0.06, 5234745
0.06, 5204636
0.06, 5187090
0.06, 5158672
0.06, 5156331
0.06, 5147589
0.06, 5057465
0.06, 5056067
0.09, 5022767
0.09, 5005839
0.09, 5004424
0.09, 4992103
0.09, 4991686
0.09, 4988247
0.09, 4987184
0.09, 4981861
0.09, 4981487
0.09, 4971599
0.09, 4958785
0.09, 4957012
0.18, 4951052
0.18, 4950164
0.18, 4942526
0.20, 4897776
0.20, 4877434
0.20, 4873986
0.20, 4872269
0.20, 4871443
0.21, 4868001
0.21, 4858889
0.21, 4836575
0.21, 4814561
0.21, 4793987
0.21, 4793473
0.21, 4791129
0.21, 4787340
0.21, 4774573
0.21, 4754846
0.21, 4720638
0.21, 4718119
0.21, 4710518
0.21, 4666203
0.25, 4618044
0.25, 4616759
0.25, 4603604
0.25, 4603247
0.25, 4597285
0.25, 4595162
0.25, 4592926
0.25, 4580331
0.25, 4574703
0.32, 4574623
0.32, 4573011
0.34, 4556611
0.34, 4554796
0.34, 4552569
0.34, 4541493
0.34, 4510925
0.34, 4507526
0.34, 4506468
0.34, 4506355
0.34, 4477720
0.34, 4474325
0.34, 4458427
0.34, 4458037
0.34, 4436851
0.34, 4435788
0.34, 4426942
0.34, 4416116
0.34, 4397896
0.38, 4395834
0.39, 4394043
0.39, 4378944
0.39, 4372593
0.39, 4347160
0.39, 4306505
0.39, 4298348
0.39, 4284557
0.39, 4284250
0.39, 4261680
0.39, 4256352
0.39, 4254300
0.42, 4245854
0.42, 4245197
0.43, 4241077
0.43, 4238946
0.43, 4206463
0.44, 4181667
0.44, 4180931
0.44, 4172547
0.44, 4165564
0.44, 4116034
0.44, 4113251
0.44, 4112514
0.44, 4100117
0.44, 4099837
0.44, 4086434
0.44, 4085347
0.44, 4079148
0.44, 4077531
0.44, 4064238
0.44, 4057192
0.44, 4051922
0.44, 4050618
0.44, 4050381
0.55, 4028856
0.55, 4028264
0.55, 3977123
0.55, 3948586
0.56, 3942581
0.56, 3932148
0.57, 3920775
0.57, 3914576
0.57, 3913716
0.57, 3900017
0.57, 3802550
0.57, 3787587
0.57, 3757658
0.58, 3755600
0.58, 3755079
0.58, 3749656
0.58, 3733496
0.58, 3729055
0.58, 3696874
0.58, 3672247
0.58, 3669973
0.58, 3668578
0.58, 3638134
0.58, 3637426
0.59, 3609714
0.59, 3575126
0.59, 3570150
0.59, 3536235
0.59, 3535235
0.59, 3533853
0.59, 3530714
0.68, 3527838
0.68, 3524683
0.68, 3519738
0.68, 3504474
0.68, 3471461
0.68, 3457771
0.68, 3455883
0.68, 3443220
0.68, 3429051
0.68, 3405078
0.68, 3360844
0.68, 3335294
0.68, 3331377
0.68, 3327891
0.74, 3326360
0.74, 3324162
0.75, 3305953
0.75, 3293717
0.75, 3286388
0.75, 3261900
0.75, 3261728
0.75, 3261177
0.75, 3256873
0.75, 3256738
0.75, 3256516
0.75, 3255517
0.75, 3209448
0.75, 3209446
0.75, 3187836
0.75, 3156967
0.75, 3133086
0.75, 3117681
0.80, 3114776
0.80, 3071318
0.80, 3071211
0.80, 3070566
0.80, 3062643
0.80, 3051613
0.80, 3049329
0.80, 3046899
0.80, 3043742
0.80, 3040852
0.80, 3040580
0.80, 3038644
0.80, 3037452
0.80, 3033301
0.80, 3031438
0.80, 3017607
0.80, 3006406
0.80, 2999702
0.80, 2991110
0.80, 2975910
0.84, 2960212
0.84, 2951171
0.84, 2947515
0.84, 2940010
0.84, 2935058
0.84, 2933812
0.84, 2929918
0.84, 2926008
0.84, 2922581
0.84, 2914767
0.87, 2889805
0.87, 2887006
0.87, 2874983
0.87, 2873694
0.87, 2864559
0.87, 2855690
0.87, 2851654
0.87, 2816540
0.87, 2795729
0.87, 2776266
0.87, 2763942
0.87, 2756247
0.87, 2748854
0.87, 2744995
0.87, 2741135
0.88, 2712745
0.91, 2708528
0.91, 2704965
0.91, 2690055
0.91, 2670293
0.91, 2666327
0.91, 2663362
0.91, 2657335
0.95, 2655371
0.95, 2647543
0.95, 2624466
0.95, 2617677
0.95, 2607036
0.95, 2604851
0.95, 2601193
0.95, 2597077
0.95, 2596660
0.95, 2596162
0.95, 2586029
0.95, 2583083
0.96, 2566619
0.96, 2546794
0.96, 2538994
0.96, 2502640
0.96, 2499259
0.96, 2482817
0.96, 2476040
0.96, 2475731
0.96, 2474342
0.96, 2471736
0.96, 2470820
0.97, 2459445
0.97, 2454977
0.97, 2446753
0.97, 2429759
0.98, 2426444
0.98, 2415749
0.98, 2413420
0.98, 2407381
0.98, 2405883
0.98, 2399890
0.98, 2386037
0.98, 2385807
0.98, 2384199
0.98, 2383898
0.98, 2374985
0.98, 2373052
0.98, 2368653
0.98, 2358414
0.98, 2349724
0.98, 2348040
0.98, 2345059
1.04, 2340406
1.04, 2339788
1.04, 2335579
1.04, 2323543
1.04, 2316435
1.04, 2306453
1.05, 2300433
1.05, 2300366
1.05, 2289086
1.05, 2282795
1.05, 2272605
1.05, 2270321
1.05, 2269326
1.05, 2268326
1.05, 2250661
1.05, 2249499
1.05, 2240634
1.05, 2237065
1.06, 2230411
1.06, 2224710
1.06, 2223117
1.06, 2216925
1.06, 2209530
1.09, 2208210
1.09, 2203886
1.09, 2203188
1.09, 2202506
1.09, 2194281
1.10, 2172935
1.10, 2169955
1.10, 2169157
1.10, 2166688
1.10, 2151227
1.10, 2146171
1.10, 2146153
1.12, 2139349
1.12, 2136126
1.12, 2117312
1.12, 2117098
1.12, 2112924
1.12, 2111224
1.12, 2109026
1.12, 2095575
1.12, 2093334
1.12, 2089997
1.12, 2080856
1.12, 2067944
1.12, 2060508
1.12, 2040783
1.12, 2036491
1.12, 2036108
1.12, 2035087
1.12, 2028698
1.12, 2025296
1.12, 2017704
1.12, 2007460
1.20, 2006786
1.21, 2005669
1.21, 2004760
1.21, 2004270
1.21, 2001959
1.21, 1999486
1.21, 1990630
1.21, 1987629
1.22, 1986615
1.22, 1985043
1.22, 1984715
1.22, 1977713
1.22, 1966541
1.24, 1964962
1.24, 1964473
1.24, 1943553
1.24, 1943418
1.24, 1943332
1.24, 1942865
1.24, 1936000
1.24, 1934635
1.24, 1934453
1.27, 1933538
1.27, 1931028
1.27, 1924883
1.27, 1918061
1.27, 1917942
1.27, 1916346
1.27, 1913913
1.27, 1913879
1.27, 1910495
1.27, 1898902
1.27, 1898676
1.27, 1895952
1.27, 1894814
1.27, 1894805
1.33, 1888424
1.33, 1888207
1.33, 1887305
1.33, 1883491
1.33, 1877712
1.33, 1867338
1.33, 1857176
1.33, 1850614
1.33, 1849957
1.33, 1849859
1.33, 1847455
1.33, 1845947
1.33, 1840652
1.33, 1838045
1.33, 1828108
1.33, 1817042
1.33, 1814822
1.33, 1812853
1.33, 1812688
1.33, 1809946
1.33, 1806830
1.33, 1797917
1.33, 1797718
1.33, 1797670
1.33, 1787856
1.33, 1775225
1.33, 1768361
1.33, 1766733
1.33, 1752880
1.33, 1752545
1.34, 1749117
1.34, 1742835
1.34, 1742798
1.34, 1742285
1.34, 1741794
1.34, 1740086
1.34, 1739961
1.34, 1738147
1.34, 1737921
1.34, 1735339
1.34, 1727015
1.34, 1706639
1.34, 1700829
1.34, 1700663
1.34, 1696338
1.36, 1689525
1.36, 1687789
1.36, 1683049
1.37, 1681905
1.37, 1680920
1.37, 1680713
1.37, 1675770
1.37, 1675683
1.37, 1675580
1.37, 1666309
1.37, 1662895
1.39, 1657457
1.39, 1653467
1.39, 1650796
1.39, 1649825
1.39, 1646090
1.39, 1643624
1.40, 1638781
1.40, 1637333
1.40, 1636327
1.40, 1635926
1.40, 1624112
1.40, 1623703
1.40, 1622782
1.40, 1619321
1.40, 1617213
1.40, 1615639
1.40, 1614184
1.40, 1611478
1.40, 1610086
1.40, 1607651
1.40, 1605339
1.40, 1603064
1.45, 1593159
1.45, 1592253
1.45, 1586585
1.45, 1585994
1.45, 1584380
1.45, 1580719
1.45, 1576919
1.45, 1574078
1.45, 1569455
1.45, 1568399
1.45, 1562545
1.45, 1557314
1.45, 1553953
1.45, 1553621
1.45, 1553257
1.45, 1552235
1.51, 1551191
1.51, 1544758
1.51, 1544323
1.51, 1542475
1.51, 1541999
1.51, 1540453
1.52, 1538560
1.52, 1536998
1.52, 1531938
1.53, 1531826
1.53, 1526287
1.53, 1526231
1.53, 1521020
1.53, 1517239
1.54, 1510390
1.54, 1508802
1.55, 1506267
1.55, 1503738
1.55, 1493004
1.55, 1490120
1.55, 1482583
1.56, 1479551
1.56, 1478424
1.56, 1476358
1.56, 1476206
1.58, 1472789
1.58, 1472079
1.58, 1470025
1.58, 1467264
1.58, 1445678
1.58, 1435504
1.58, 1434447
1.58, 1433379
1.58, 1428991
1.58, 1426842
1.58, 1426106
1.59, 1425648
1.59, 1424259
1.59, 1422251
1.59, 1422141
1.59, 1420152
1.59, 1412089
1.59, 1409641
1.59, 1409488
1.59, 1400652
1.59, 1396743
1.59, 1390475
1.59, 1372633
1.59, 1371158
1.59, 1371023
1.59, 1369864
1.59, 1368739
1.59, 1367543
1.59, 1366122
1.59, 1359888
1.59, 1351693
1.59, 1347184
1.59, 1344532
1.59, 1339315
1.59, 1338554
1.59, 1337819
1.59, 1335075
1.59, 1334978
1.59, 1329997
1.59, 1327575
1.59, 1326740
1.59, 1324457
1.59, 1322810
1.59, 1321947
1.59, 1321472
1.59, 1320983
1.59, 1315019
1.69, 1312802
1.69, 1312777
1.69, 1309395
1.69, 1308066
1.69, 1300631
1.69, 1298066
1.69, 1297175
1.69, 1293240
1.69, 1290702
1.69, 1283925
1.69, 1281810
1.69, 1281041
1.69, 1277496
1.69, 1277241
1.69, 1275941
1.69, 1274823
1.69, 1269912
1.69, 1268402
1.69, 1265286
1.69, 1256916
1.69, 1254157
1.69, 1252448
1.69, 1247861
1.69, 1245875
1.69, 1243661
1.69, 1242145
1.69, 1241630
1.69, 1240563
1.69, 1239999
1.69, 1238346
1.69, 1235943
1.69, 1235912
1.69, 1234043
1.69, 1231080
1.74, 1222947
1.74, 1215934
1.74, 1213938
1.74, 1212467
1.74, 1208487
1.74, 1194929
1.74, 1191951
1.74, 1185646
1.74, 1182306
1.74, 1181855
1.74, 1175587
1.79, 1173671
1.79, 1167157
1.79, 1165914
1.84, 1164331
1.85, 1164278
1.85, 1161064
1.85, 1159592
1.85, 1159349
1.85, 1158153
1.85, 1156894
1.85, 1154886
1.85, 1154675
1.85, 1154001
1.85, 1152741
1.85, 1150195
1.85, 1150022
1.85, 1149082
1.87, 1145023
1.87, 1139809
1.87, 1137167
1.87, 1132192
1.87, 1124727
1.87, 1122275
1.87, 1121872
1.87, 1120418
1.87, 1119817
1.87, 1118097
1.87, 1112787
1.87, 1111371
1.87, 1111303
1.87, 1109899
1.87, 1109161
1.88, 1103136
1.88, 1099260
1.88, 1096054
1.88, 1090726
1.88, 1089026
1.88, 1085575
1.88, 1082418
1.88, 1080521
1.88, 1079661
1.88, 1077345
1.89, 1076659
1.89, 1076248
1.89, 1075826
1.89, 1075336
1.89, 1072901
1.89, 1072606
1.89, 1070654
1.89, 1069757
1.89, 1068427
1.89, 1062731
1.89, 1061684
1.89, 1058719
1.89, 1058571
1.89, 1058443
1.89, 1054419
1.89, 1053730
1.89, 1053381
1.89, 1051269
1.89, 1051063
1.89, 1050640
1.89, 1050354
1.89, 1049087
1.89, 1048125
1.89, 1045975
1.89, 1044832
1.94, 1044212
1.94, 1039979
1.99, 1038963
1.99, 1038600
1.99, 1036928
1.99, 1036759
2.01, 1036425
2.01, 1033043
2.01, 1032882
2.01, 1031400
2.01, 1030079
2.01, 1029045
2.01, 1020628
2.01, 1007741
2.02, 1002265
2.02, 1000173
2.02, 999628
2.02, 999279
2.02, 998457
2.02, 997646
2.02, 995463
2.05, 994206
2.05, 992212
2.05, 991177
2.05, 989704
2.05, 987302
2.05, 986693
2.05, 986579
2.05, 986010
2.05, 982984
2.05, 978787
2.05, 976821
2.05, 976324
2.05, 971678
2.05, 969841
2.05, 966893
2.05, 966780
2.05, 966560
2.05, 958929
2.06, 958677
2.06, 958380
2.06, 957197
2.06, 956701
2.07, 952258
2.07, 952176
2.07, 950158
2.07, 948900
2.07, 948056
2.07, 947684
2.07, 946953
2.07, 946640
2.07, 945914
2.07, 945786
2.07, 942991
2.07, 938155
2.07, 937549
2.12, 936709
2.12, 936596
2.12, 934053
2.12, 932792
2.14, 928349
2.14, 928231
2.14, 928215
2.14, 925688
2.14, 925558
2.18, 924649
2.18, 923659
2.19, 922732
2.19, 922519
2.19, 922449
2.19, 919507
2.19, 919477
2.19, 918313
2.19, 917290
2.19, 917236
2.19, 916388
2.19, 914985
2.19, 913364
2.19, 912668
2.21, 909707
2.21, 909663
2.21, 908914
2.21, 908891
2.21, 908272
2.21, 907522
2.21, 906145
2.21, 905988
2.21, 903051
2.21, 900318
2.21, 899246
2.21, 897511
2.21, 897340
2.21, 895861
2.21, 895055
2.21, 894964
2.21, 894614
2.21, 888761
2.21, 887337
2.21, 885994
2.21, 884950
2.21, 883943
2.21, 883627
2.21, 883551
2.21, 883223
2.21, 882027
2.21, 880955
2.21, 879795
2.21, 879353
2.23, 878671
2.23, 877212
2.23, 877200
2.23, 876987
2.23, 869736
2.25, 868987
2.25, 868937
2.25, 868218
2.25, 864932
2.25, 864806
2.25, 862463
2.25, 860735
2.25, 860541
2.25, 857717
2.25, 856450
2.25, 855663
2.30, 855250
2.30, 855221
2.31, 855031
2.31, 854530
2.31, 853363
2.31, 852516
2.31, 850397
2.34, 849668
2.34, 847985
2.34, 847350
2.34, 846842
2.34, 841903
2.35, 841036
2.35, 839999
2.35, 837965
2.35, 837930
2.35, 836864
2.35, 836692
2.36, 835101
2.36, 832438
2.36, 831521
2.36, 831370
2.39, 829837
2.39, 829811
2.39, 829494
2.39, 829321
2.39, 829244
2.39, 828919
2.39, 827865
2.39, 827337
2.39, 826138
2.39, 825476
2.39, 823690
2.39, 823365
2.39, 821708
2.40, 821575
2.40, 821290
2.40, 820454
2.40, 817795
2.40, 815754
2.40, 815149
2.40, 814092
2.40, 812760
2.40, 811665
2.40, 811326
2.40, 811277
2.40, 811213
2.40, 809311
2.40, 809214
2.40, 804066
2.40, 803463
2.40, 803067
2.40, 802505
2.40, 798766
2.40, 798034
2.40, 797986
2.40, 796208
2.40, 795819
2.40, 794467
2.49, 793725
2.49, 793633
2.49, 791376
2.49, 790710
2.49, 790054
2.51, 789892
2.51, 789815
2.51, 789747
2.51, 788893
2.51, 787775
2.54, 787749
2.54, 787443
2.54, 786743
2.55, 786534
2.55, 786001
2.56, 785821
2.56, 785326
2.56, 784243
2.56, 784171
2.56, 783799
2.56, 782851
2.56, 782719
2.56, 782624
2.56, 781961
2.56, 781593
2.60, 781106
2.60, 779359
2.60, 779358
2.61, 778032
2.61, 774567
2.61, 774300
2.61, 773720
2.61, 773313
2.61, 772919
2.61, 772832
2.61, 770181
2.61, 770059
2.61, 769777
2.61, 767429
2.61, 766658
2.61, 765686
2.61, 765156
2.62, 764006
2.62, 763132
2.62, 763086
2.62, 762958
2.62, 762774
2.62, 762343
2.62, 762119
2.62, 761256
2.62, 759227
2.63, 759020
2.63, 758964
2.63, 758894
2.63, 758488
2.63, 757663
2.65, 757328
2.65, 756295
2.65, 755322
2.65, 755035
2.66, 754852
2.66, 754078
2.66, 753036
2.66, 752869
2.67, 752829
2.67, 752567
2.67, 751618
2.67, 751436
2.67, 750671
2.67, 750641
2.67, 749891
2.67, 749860
2.67, 749846
2.67, 748253
2.67, 746678
2.67, 745797
2.67, 745086
2.67, 744952
2.70, 744086
2.70, 743283
2.70, 743069
2.70, 742654
2.70, 742107
2.70, 741073
2.70, 740091
2.70, 739781
2.70, 739395
2.71, 739375
2.71, 738951
2.71, 737153
2.72, 736080
2.73, 735892
2.73, 734547
2.74, 734323
2.74, 732008
2.74, 731103
2.74, 730586
2.74, 729501
2.74, 729045
2.74, 729028
2.74, 728717
2.75, 728391
2.75, 728317
2.80, 728257
2.80, 727512
2.80, 726675
2.80, 725884
2.80, 725278
2.81, 724368
2.81, 723162
2.81, 722785
2.81, 722344
2.81, 721785
2.81, 721778
2.81, 720592
2.81, 720377
2.81, 718792
2.83, 718447
2.86, 718311
2.86, 717209
2.86, 716398
2.86, 716083
2.86, 716039
2.86, 715439
2.87, 715213
2.87, 714815
2.89, 714783
2.89, 714585
2.89, 714286
2.89, 713182
2.89, 713173
2.89, 713073
2.89, 712327
2.89, 710889
2.89, 710333
2.89, 708037
2.90, 707907
2.90, 706822
2.90, 706593
2.90, 706524
2.91, 705798
2.91, 704357
2.91, 704097
2.91, 703474
2.92, 703061
2.92, 702128
2.92, 701559
2.92, 701474
2.92, 701084
2.92, 700879
2.96, 700329
2.97, 700213
2.97, 699830
2.97, 699691
2.97, 698562
2.97, 698015
2.97, 697243
2.97, 695990
3.00, 695785
3.00, 694462
3.00, 694175
3.00, 693375
3.00, 691929
3.00, 691872
3.00, 691817
3.01, 691379
3.01, 689874
3.01, 689415
3.01, 689153
3.01, 688725
3.02, 688480
3.02, 688458
3.03, 688415
3.03, 687627
3.03, 687310
3.03, 686966
3.11, 686723
3.11, 686348
3.12, 686313
3.12, 685975
3.13, 685097
3.13, 684811
3.13, 684481
3.13, 684087
3.13, 683755
3.13, 683338
3.13, 683106
3.13, 682977
3.13, 681780
3.14, 681535
3.15, 681398
3.15, 681138
3.15, 680838
3.16, 680735
3.16, 680408
3.16, 680282
3.16, 680215
3.16, 679694
3.16, 679217
3.17, 678788
3.17, 678752
3.24, 678511
3.24, 678164
3.24, 677507
3.25, 677103
3.26, 676860
3.28, 676841
3.28, 676351
3.28, 676323
3.31, 676078
3.31, 675588
3.32, 675312
3.32, 675282
3.32, 675022
3.32, 674659
3.32, 674639
3.32, 674151
3.33, 673959
3.33, 673884
3.34, 673512
3.35, 673403
3.35, 673209
3.35, 672870
3.35, 671633
3.35, 671326
3.35, 671146
3.36, 671124
3.37, 670667
3.37, 670610
3.37, 669912
3.38, 669799
3.40, 669767
3.41, 669740
3.41, 669571
3.41, 668620
3.43, 668521
3.58, 668129
3.59, 668006
3.60, 667979
3.60, 667607
3.63, 667561
3.63, 667539
3.63, 667479
3.63, 667461
3.64, 666228
3.65, 666183
3.76, 665913
3.76, 665885
3.78, 665768
3.80, 665478
3.80, 665442
3.90, 665284
3.90, 665224
4.04, 665155
4.08, 665133
4.12, 665051
4.16, 664918
4.18, 664896
4.25, 664872
4.28, 664720
4.44, 664692
4.46, 664625
4.79, 664603
6.46, 663692
6.46, 663372
6.52, 663149
6.54, 662671
6.59, 662608
6.62, 662497
6.63, 662481
6.63, 662008
6.63, 661814
6.66, 661715
6.67, 661707
6.67, 661603
6.71, 661388
6.84, 661377
6.93, 661353
7.06, 661350
7.16, 661331
7.21, 661328
15.41, 661055
15.42, 661027
15.47, 660985
15.60, 660904
15.60, 660844
15.64, 660822
15.64, 660738
