0.02,7282145
0.02,7116176
0.02,6979627
0.02,6846321
0.02,6818281
0.02,6683335
0.02,6652614
0.02,6530272
0.02,6357867
0.02,6223084
0.02,6068549
0.02,5885784
0.02,5882531
0.02,5745298
0.02,5721170
0.02,5730178
0.02,5740462
0.02,5740603
0.02,5736122
0.02,5729558
0.02,5609163
0.02,5487973
0.03,5452076
0.03,5323202
0.03,5228358
0.03,5126634
0.03,4987755
0.03,4891935
0.03,4814340
0.03,4694271
0.03,4693199
0.03,4589018
0.03,4579940
0.03,4594388
0.03,4592374
0.03,4556287
0.03,4553901
0.03,4554457
0.03,4575748
0.03,4578761
0.03,4579571
0.03,4577035
0.03,4579597
0.03,4578154
0.03,4576361
0.03,4581749
0.03,4592029
0.03,4569665
0.03,4528965
0.03,4457326
0.03,4442582
0.03,4364088
0.03,4287075
0.03,4288147
0.03,4216276
0.03,4222602
0.03,4224738
0.03,4134104
0.03,4076015
0.03,4075628
0.03,4078821
0.03,4083965
0.03,4003073
0.03,3925939
0.03,3918713
0.03,3912822
0.03,3864521
0.03,3784002
0.03,3806707
0.03,3807273
0.03,3793710
0.03,3815536
0.03,3808217
0.03,3846068
0.03,3868219
0.03,3841817
0.03,3839620
0.03,3849614
0.03,3830682
0.03,3828259
0.03,3789109
0.03,3781736
0.03,3767999
0.03,3689699
0.03,3760930
0.03,3741173
0.03,3684361
0.03,3605390
0.03,3553730
0.03,3510887
0.03,3468336
0.03,3476808
0.03,3530972
0.03,3510860
0.03,3471577
0.03,3500304
0.03,3498714
0.04,3512710
0.04,3544764
0.04,3564777
0.04,3520343
0.04,3469609
0.04,3426597
0.04,3414571
0.04,3369345
0.04,3314362
0.04,3212489
0.04,3152824
0.04,3131568
0.04,3124049
0.04,3150598
0.04,3124282
0.04,3093225
0.04,3064631
0.04,3025613
0.04,2969662
0.04,2984874
0.04,3063573
0.04,3075417
0.04,3033635
0.04,3023951
0.04,3017615
0.04,2991264
0.04,2978985
0.04,2967537
0.04,2913407
0.04,2894170
0.04,2893569
0.04,2864902
0.04,2868514
0.04,2828802
0.04,2837691
0.04,2859757
0.04,2865874
0.04,2875736
0.04,2888083
0.04,2908942
0.04,2905877
0.04,2899025
0.04,2951997
0.04,2974116
0.04,2953770
0.04,2946414
0.04,2937387
0.04,2931133
0.04,2859230
0.04,2860384
0.04,2870303
0.04,2873936
0.04,2863397
0.04,2868759
0.04,2873879
0.04,2857317
0.04,2786737
0.04,2771628
0.04,2767065
0.04,2764545
0.04,2751471
0.04,2753802
0.04,2716088
0.04,2675270
0.04,2634673
0.04,2610216
0.04,2573902
0.04,2574996
0.04,2593129
0.04,2631059
0.04,2627634
0.04,2659447
0.04,2666131
0.04,2656907
0.04,2652238
0.04,2659552
0.04,2668770
0.04,2678081
0.04,2669574
0.04,2664763
0.04,2677248
0.04,2660387
0.04,2647460
0.04,2609948
0.04,2616660
0.04,2636712
0.04,2634977
0.04,2668551
0.04,2683170
0.04,2649431
0.04,2637650
0.05,2585966
0.05,2650447
0.05,2664716
0.05,2670626
0.05,2618385
0.05,2609502
0.05,2612220
0.05,2612013
0.05,2613803
0.05,2644422
0.05,2640835
0.05,2656498
0.05,2658209
0.05,2660884
0.05,2651228
0.05,2653828
0.05,2653285
0.05,2652200
0.05,2617879
0.05,2614555
0.05,2616559
0.05,2585728
0.05,2590027
0.05,2572110
0.05,2545334
0.05,2514181
0.05,2490820
0.05,2440552
0.05,2449590
0.05,2495742
0.05,2545160
0.05,2534691
0.05,2506044
0.05,2522744
0.05,2513480
0.05,2465745
0.05,2461107
0.05,2460578
0.05,2450859
0.05,2465223
0.05,2476646
0.05,2462142
0.05,2465398
0.05,2477923
0.05,2465378
0.05,2417444
0.05,2392066
0.05,2383090
0.05,2374637
0.05,2348020
0.05,2305470
0.05,2296737
0.05,2285085
0.05,2271471
0.05,2253457
0.05,2244477
0.05,2263657
0.05,2265352
0.05,2259352
0.05,2235942
0.05,2253659
0.05,2249450
0.05,2318908
0.05,2302348
0.05,2271646
0.05,2251428
0.05,2267310
0.05,2244317
0.05,2193847
0.05,2174781
0.05,2138126
0.05,2135957
0.05,2146584
0.05,2115387
0.05,2090051
0.05,2101699
0.05,2115950
0.05,2086984
0.05,2083736
0.05,2078426
0.05,2059823
0.05,2071767
0.05,2073155
0.05,2090303
0.05,2084794
0.05,2087967
0.05,2055004
0.05,2055470
0.06,2061984
0.06,2054574
0.06,2050936
0.06,2054625
0.06,2014580
0.06,1987902
0.06,1996125
0.06,2002367
0.06,1986974
0.06,1957278
0.06,1935561
0.06,1923109
0.06,1928272
0.06,1927267
0.06,1925464
0.06,1935538
0.06,1936345
0.06,1946652
0.06,1949287
0.06,1940022
0.06,1934590
0.06,1928541
0.06,1918746
0.06,1917449
0.06,1866464
0.06,1867627
0.06,1882743
0.06,1876872
0.06,1836922
0.06,1843657
0.06,1857902
0.06,1843719
0.06,1814885
0.06,1804811
0.06,1775337
0.06,1751496
0.06,1767287
0.06,1780243
0.06,1848990
0.06,1819661
0.06,1787172
0.06,1765088
0.06,1778543
0.06,1749879
0.06,1735511
0.06,1704707
0.06,1724867
0.06,1708915
0.06,1703221
0.06,1683962
0.06,1656020
0.06,1655497
0.06,1659231
0.06,1676929
0.06,1639597
0.06,1647805
0.06,1640564
0.06,1641997
0.06,1628056
0.06,1630523
0.06,1636045
0.06,1634277
0.06,1595359
0.06,1596561
0.06,1598224
0.06,1595268
0.06,1613422
0.06,1622639
0.06,1612380
0.06,1611320
0.06,1608895
0.06,1615421
0.06,1603107
0.06,1594743
0.06,1589824
0.06,1585357
0.06,1562195
0.06,1540290
0.06,1538831
0.06,1546099
0.06,1557902
0.06,1536901
0.06,1534659
0.06,1531866
0.06,1524070
0.06,1499281
0.06,1500893
0.06,1508767
0.06,1501981
0.06,1541133
0.07,1496342
0.07,1551993
0.07,1559148
0.07,1561674
0.07,1557037
0.07,1558518
0.07,1556912
0.07,1560479
0.07,1565900
0.07,1599185
0.07,1601409
0.07,1615068
0.07,1615399
0.07,1613392
0.07,1628007
0.07,1625849
0.07,1623340
0.07,1626874
0.07,1594750
0.07,1598489
0.07,1597052
0.07,1563816
0.07,1550237
0.07,1519608
0.07,1495760
0.07,1509451
0.07,1516614
0.07,1520090
0.07,1524068
0.07,1524769
0.07,1572237
0.07,1583126
0.07,1580794
0.07,1559638
0.07,1555189
0.07,1543147
0.07,1546247
0.07,1555336
0.07,1598226
0.07,1610786
0.07,1611143
0.07,1609782
0.07,1617639
0.07,1621516
0.07,1615544
0.07,1609357
0.07,1606205
0.07,1579765
0.07,1573430
0.07,1571294
0.07,1538510
0.07,1537565
0.07,1517732
0.07,1494326
0.07,1487736
0.07,1468402
0.07,1453377
0.07,1456950
0.07,1439034
0.07,1440958
0.07,1452244
0.07,1459260
0.07,1462420
0.07,1466859
0.07,1457165
0.07,1456168
0.07,1462770
0.07,1469322
0.07,1461499
0.07,1463660
0.07,1459510
0.07,1485305
0.07,1516371
0.07,1519614
0.07,1516750
0.07,1502900
0.07,1569134
0.07,1564114
0.07,1549177
0.07,1517631
0.07,1554109
0.07,1540754
0.07,1555088
0.07,1548805
0.07,1525401
0.07,1519336
0.07,1524706
0.07,1506612
0.07,1508081
0.07,1515220
0.07,1508216
0.08,1497700
0.08,1485275
0.08,1461203
0.08,1457875
0.08,1446737
0.08,1446970
0.08,1454669
0.08,1455015
0.08,1464413
0.08,1455290
0.08,1451522
0.08,1455787
0.08,1466946
0.08,1469338
0.08,1468313
0.08,1463792
0.08,1470447
0.08,1477230
0.08,1460424
0.08,1456209
0.08,1420346
0.08,1412431
0.08,1419184
0.08,1406929
0.08,1406787
0.08,1396399
0.08,1402949
0.08,1394623
0.08,1395235
0.08,1380000
0.08,1367328
0.08,1353090
0.08,1354448
0.08,1355184
0.08,1377803
0.08,1412847
0.08,1439784
0.08,1383083
0.08,1386059
0.08,1385040
0.08,1339907
0.08,1339473
0.08,1327065
0.08,1308925
0.08,1301351
0.08,1289968
0.08,1287530
0.08,1284010
0.08,1282623
0.08,1284448
0.08,1274125
0.08,1272434
0.08,1255037
0.08,1259324
0.08,1254335
0.08,1252547
0.08,1265621
0.08,1256722
0.08,1242746
0.08,1239831
0.08,1243713
0.08,1240357
0.08,1228048
0.08,1228802
0.08,1222220
0.08,1228386
0.08,1230835
0.08,1226769
0.08,1212486
0.08,1250638
0.08,1249932
0.08,1248559
0.08,1250837
0.08,1261767
0.08,1253101
0.08,1247478
0.08,1237986
0.08,1241526
0.08,1239094
0.08,1239357
0.08,1234870
0.08,1268898
0.08,1301849
0.08,1222928
0.08,1222659
0.08,1223529
0.08,1215770
0.08,1217746
0.08,1209641
0.08,1213368
0.08,1210945
0.08,1213333
0.09,1212048
0.09,1213451
0.09,1201753
0.09,1201506
0.09,1191272
0.09,1214244
0.09,1231708
0.09,1230869
0.09,1240018
0.09,1251107
0.09,1326726
0.09,1326950
0.09,1292201
0.09,1285307
0.09,1290506
0.09,1269366
0.09,1272292
0.09,1268617
0.09,1245081
0.09,1225731
0.09,1225206
0.09,1213956
0.09,1194207
0.09,1181657
0.09,1173976
0.09,1166692
0.09,1157632
0.09,1155114
0.09,1163115
0.09,1165583
0.09,1161134
0.09,1159803
0.09,1147774
0.09,1145063
0.09,1135868
0.09,1137011
0.09,1140334
0.09,1139951
0.09,1184097
0.09,1135709
0.09,1144721
0.09,1122707
0.09,1124098
0.09,1136507
0.09,1152844
0.09,1175507
0.09,1172471
0.09,1181972
0.09,1189686
0.09,1186233
0.09,1159675
0.09,1159834
0.09,1197617
0.09,1190570
0.09,1235271
0.09,1271286
0.09,1278841
0.09,1269619
0.09,1297961
0.09,1296855
0.09,1250295
0.09,1249494
0.09,1268917
0.09,1256102
0.09,1251397
0.09,1252532
0.09,1257615
0.09,1248443
0.09,1245984
0.09,1200667
0.09,1196194
0.09,1194599
0.09,1190907
0.09,1193564
0.09,1181793
0.09,1186970
0.09,1161764
0.09,1142709
0.09,1137045
0.09,1130426
0.09,1127465
0.09,1121744
0.09,1114246
0.09,1105099
0.09,1098421
0.09,1089915
0.09,1085411
0.10,1077306
0.10,1073681
0.10,1066192
0.10,1056840
0.10,1057599
0.10,1051316
0.10,1061657
0.10,1067919
0.10,1073512
0.10,1070754
0.10,1044444
0.10,1046475
0.10,1055795
0.10,1062921
0.10,1056418
0.10,1051391
0.10,1058307
0.10,1072296
0.10,1047933
0.10,1034370
0.10,1037788
0.10,1026484
0.10,1027635
0.10,1032467
0.10,1037343
0.10,1036823
0.10,1039057
0.10,1043112
0.10,1044864
0.10,1031393
0.10,1026388
0.10,1019229
0.10,1017851
0.10,1017782
0.10,1017073
0.10,1020093
0.10,1017823
0.10,1016834
0.10,1021421
0.10,1032324
0.10,1038904
0.10,1044215
0.10,1048904
0.10,1063545
0.10,1085966
0.10,1088936
0.10,1103190
0.10,1097577
0.10,1101388
0.10,1102396
0.10,1109896
0.10,1152865
0.10,1155520
0.10,1155149
0.10,1153870
0.10,1153284
0.10,1152638
0.10,1156563
0.10,1130831
0.10,1125635
0.10,1105491
0.10,1096850
0.10,1091800
0.10,1038274
0.10,1008872
0.10,1007391
0.10,1010608
0.10,1007579
0.10,1013168
0.10,1014853
0.10,1012386
0.10,1003620
0.10,997200
0.10,996293
0.10,997101
0.10,996648
0.10,994361
0.10,989903
0.10,990049
0.10,990884
0.10,986251
0.10,994270
0.10,991763
0.10,989945
0.10,981658
0.10,971572
0.10,1012143
0.10,1015766
0.10,965480
0.10,966104
0.10,965401
0.10,959572
0.11,963419
0.11,963638
0.11,960273
0.11,959038
0.11,966292
0.11,960363
0.11,982940
0.11,989467
0.11,1009225
0.11,1019732
0.11,1030674
0.11,1033544
0.11,1036603
0.11,1021892
0.11,1026887
0.11,1044918
0.11,1053254
0.11,1099589
0.11,1092065
0.11,1052494
0.11,1045311
0.11,1047555
0.11,1026497
0.11,1000932
0.11,996092
0.11,987549
0.11,1006446
0.11,1012980
0.11,1032658
0.11,1033290
0.11,1030702
0.11,1031586
0.11,1036611
0.11,1088520
0.11,1089676
0.11,1089215
0.11,1090536
0.11,1090037
0.11,1105158
0.11,1106335
0.11,1082866
0.11,1080369
0.11,1062063
0.11,1061443
0.11,1058111
0.11,1055432
0.11,1037310
0.11,1024380
0.11,970544
0.11,970491
0.11,965728
0.11,966353
0.11,960057
0.11,957389
0.11,958266
0.11,961758
0.11,964067
0.11,962329
0.11,960154
0.11,960184
0.11,960763
0.11,949984
0.11,946298
0.11,954819
0.11,957772
0.11,972478
0.11,986411
0.11,1005604
0.11,1010319
0.11,1017147
0.11,1019613
0.11,1026313
0.11,1008350
0.11,1010396
0.11,1032305
0.11,1035582
0.11,1078959
0.11,1075728
0.11,1038608
0.11,1031215
0.11,1031298
0.11,1011141
0.11,994395
0.11,1007585
0.11,1009165
0.11,1033278
0.11,1022354
0.11,1024158
0.11,1025483
0.11,1026447
0.11,1070648
0.12,1069923
0.12,1077349
0.12,1081389
0.12,1082110
0.12,1087180
0.12,1089594
0.12,1075056
0.12,1070689
0.12,1045795
0.12,1045840
0.12,1049576
0.12,1048762
0.12,1032054
0.12,1015984
0.12,959676
0.12,959428
0.12,946184
0.12,948147
0.12,947591
0.12,946572
0.12,948146
0.12,950871
0.12,950560
0.12,948018
0.12,945253
0.12,945926
0.12,945747
0.12,945951
0.12,945555
0.12,947141
0.12,942791
0.12,937749
0.12,936193
0.12,937660
0.12,951350
0.12,949923
0.12,999664
0.12,1014430
0.12,1030038
0.12,1026504
0.12,1028077
0.12,1025777
0.12,1044717
0.12,1049531
0.12,1075826
0.12,1072657
0.12,1057957
0.12,1051319
0.12,1033079
0.12,1014061
0.12,1002962
0.12,931267
0.12,936287
0.12,936680
0.12,936207
0.12,925356
0.12,924550
0.12,921171
0.12,916018
0.12,910741
0.12,908460
0.12,915021
0.12,912991
0.12,912385
0.12,914273
0.12,916096
0.12,917927
0.12,919728
0.12,914075
0.12,909874
0.12,911467
0.12,908705
0.12,908531
0.12,908597
0.12,912121
0.12,919858
0.12,915783
0.12,926260
0.12,941788
0.12,959660
0.12,967625
0.12,976292
0.12,978696
0.12,983244
0.12,964135
0.12,961783
0.12,985486
0.12,998377
0.12,1048261
0.12,1049335
0.12,1009132
0.13,1003792
0.13,1003515
0.13,985765
0.13,967467
0.13,969703
0.13,952347
0.13,952189
0.13,926735
0.13,909812
0.13,903058
0.13,902030
0.13,904418
0.13,904345
0.13,903757
0.13,909124
0.13,898372
0.13,893982
0.13,899666
0.13,898263
0.13,894114
0.13,893570
0.13,889972
0.13,887316
0.13,880333
0.13,878899
0.13,880495
0.13,878945
0.13,874162
0.13,870522
0.13,868904
0.13,865491
0.13,866950
0.13,862104
0.13,859911
0.13,861736
0.13,861505
0.13,866908
0.13,867344
0.13,866848
0.13,863198
0.13,863784
0.13,876042
0.13,876040
0.13,925896
0.13,939038
0.13,942513
0.13,940135
0.13,938194
0.13,943162
0.13,952009
0.13,976444
0.13,997342
0.13,999060
0.13,995346
0.13,984080
0.13,977992
0.13,960798
0.13,940194
0.13,915748
0.13,867636
0.13,856342
0.13,853097
0.13,854095
0.13,850854
0.13,853260
0.13,851528
0.13,848064
0.13,846717
0.13,850859
0.13,850473
0.13,855560
0.13,855195
0.13,857823
0.13,857157
0.13,852581
0.13,847862
0.13,849093
0.13,848878
0.13,849300
0.13,849630
0.13,853512
0.13,844170
0.13,844675
0.13,843857
0.13,845465
0.13,846193
0.13,853156
0.13,856015
0.13,871207
0.14,895968
0.14,899133
0.14,907649
0.14,906063
0.14,926481
0.14,938986
0.14,934196
0.14,933016
0.14,963838
0.14,953177
0.14,900774
0.14,871901
0.14,845143
0.14,848322
0.14,838229
0.14,844881
0.14,829062
0.14,824835
0.14,821801
0.14,818855
0.14,816973
0.14,822987
0.14,824575
0.14,839374
0.14,839419
0.14,855509
0.14,835131
0.14,826983
0.14,843315
0.14,843176
0.14,848504
0.14,823303
0.14,834926
0.14,822314
0.14,851759
0.14,814121
0.14,818249
0.14,813508
0.14,810241
0.14,810395
0.14,807975
0.14,817653
0.14,806148
0.14,803607
0.14,803258
0.14,803178
0.14,800207
0.14,799385
0.14,797039
0.14,798724
0.14,794751
0.14,795569
0.14,797619
0.14,794103
0.14,791746
0.14,789467
0.14,815910
0.14,801779
0.14,805715
0.14,795368
0.14,804623
0.14,806492
0.14,814378
0.14,826891
0.14,842898
0.14,838460
0.14,787245
0.14,781446
0.14,782224
0.14,792936
0.14,783202
0.14,785387
0.14,797356
0.14,799670
0.14,804063
0.14,807872
0.14,804929
0.14,789414
0.14,790797
0.14,778423
0.14,784302
0.14,780666
0.14,781684
0.14,785360
0.14,785559
0.14,786029
0.14,780398
0.14,789844
0.14,788005
0.14,774349
0.15,783316
0.15,787725
0.15,791859
0.15,793720
0.15,798648
0.15,801362
0.15,808643
0.15,810950
0.15,810590
0.15,810549
0.15,809798
0.15,803409
0.15,801454
0.15,801536
0.15,797816
0.15,792804
0.15,793898
0.15,791150
0.15,789091
0.15,797228
0.15,801197
0.15,804323
0.15,808152
0.15,810828
0.15,812535
0.15,828551
0.15,826924
0.15,823134
0.15,822586
0.15,820494
0.15,818971
0.15,819455
0.15,820001
0.15,823223
0.15,830011
0.15,833372
0.15,832631
0.15,834326
0.15,831821
0.15,831453
0.15,831228
0.15,903587
0.15,879647
0.15,851493
0.15,833533
0.15,831688
0.15,829183
0.15,822611
0.15,868546
0.15,869579
0.15,866404
0.15,873326
0.15,881958
0.15,889819
0.15,906192
0.15,919825
0.15,922971
0.15,926775
0.15,928295
0.15,931413
0.15,936050
0.15,936610
0.15,913826
0.15,870811
0.15,861311
0.15,863965
0.15,858073
0.15,854803
0.15,844620
0.15,852045
0.15,829169
0.15,809810
0.15,798899
0.15,798344
0.15,800879
0.15,835303
0.15,837994
0.15,841786
0.15,840692
0.15,857666
0.15,860928
0.15,870870
0.15,879518
0.15,918179
0.15,917013
0.15,872290
0.15,875629
0.15,850338
0.15,853538
0.15,849749
0.16,848077
0.16,845517
0.16,839557
0.16,836796
0.16,819284
0.16,816212
0.16,809739
0.16,793122
0.16,795375
0.16,789945
0.16,788392
0.16,782252
0.16,778719
0.16,779264
0.16,779302
0.16,773672
0.16,774389
0.16,770137
0.16,766915
0.16,764622
0.16,762488
0.16,762777
0.16,759435
0.16,757385
0.16,759765
0.16,757966
0.16,756320
0.16,754321
0.16,752486
0.16,750670
0.16,752830
0.16,757300
0.16,757482
0.16,758458
0.16,756860
0.16,756764
0.16,757648
0.16,758793
0.16,759467
0.16,758537
0.16,757413
0.16,756589
0.16,751984
0.16,755845
0.16,756372
0.16,758641
0.16,762014
0.16,760854
0.16,761191
0.16,761836
0.16,762439
0.16,759642
0.16,758860
0.16,756007
0.16,754667
0.16,755223
0.16,754204
0.16,752535
0.16,751829
0.16,750899
0.16,759711
0.16,758105
0.16,760563
0.16,814443
0.16,827104
0.16,826740
0.16,838994
0.16,850005
0.16,870887
0.16,892449
0.16,900224
0.16,913836
0.16,919209
0.16,922811
0.16,930311
0.16,939464
0.16,949178
0.16,921963
0.16,918895
0.16,904303
0.16,928150
0.16,922546
0.16,892811
0.16,866667
0.16,842255
0.16,825162
0.16,796745
0.16,791776
0.17,786858
0.17,748530
0.17,747510
0.17,744471
0.17,742735
0.17,741001
0.17,740404
0.17,742505
0.17,739188
0.17,738948
0.17,737351
0.17,739442
0.17,742391
0.17,742938
0.17,743826
0.17,744186
0.17,741432
0.17,743942
0.17,744221
0.17,748255
0.17,748812
0.17,750629
0.17,750525
0.17,749710
0.17,750437
0.17,759129
0.17,756283
0.17,754253
0.17,804152
0.17,815267
0.17,814620
0.17,821837
0.17,831062
0.17,835322
0.17,857180
0.17,867840
0.17,869780
0.17,872739
0.17,870909
0.17,874851
0.17,878019
0.17,880475
0.17,863576
0.17,838153
0.17,853425
0.17,849029
0.17,838778
0.17,851139
0.17,829494
0.17,821014
0.17,806315
0.17,800302
0.17,797192
0.17,795438
0.17,791523
0.17,787213
0.17,813182
0.17,810120
0.17,755525
0.17,744258
0.17,735959
0.17,735035
0.17,733235
0.17,735405
0.17,738195
0.17,741020
0.17,741223
0.17,739995
0.17,739651
0.17,735670
0.17,733672
0.17,731620
0.17,731019
0.17,729833
0.17,728474
0.17,728579
0.17,727905
0.17,726593
0.17,726094
0.17,726105
0.17,726618
0.17,727578
0.17,724438
0.17,723181
0.17,721959
0.17,722488
0.17,730142
0.17,728649
0.17,732881
0.17,786184
0.18,798789
0.18,804334
0.18,812129
0.18,839285
0.18,845427
0.18,858225
0.18,886075
0.18,889333
0.18,896056
0.18,899495
0.18,908640
0.18,918384
0.18,915448
0.18,914914
0.18,873966
0.18,906475
0.18,898372
0.18,865563
0.18,865621
0.18,830213
0.18,813826
0.18,776181
0.18,766402
0.18,754065
0.18,755720
0.18,720737
0.18,721172
0.18,719575
0.18,718427
0.18,717283
0.18,716167
0.18,717455
0.18,725865
0.18,722639
0.18,715060
0.18,714010
0.18,712968
0.18,711995
0.18,711049
0.18,710167
0.18,709303
0.18,710837
0.18,712161
0.18,710578
0.18,708448
0.18,709616
0.18,711014
0.18,711834
0.18,707445
0.18,707954
0.18,709972
0.18,711984
0.18,714167
0.18,716970
0.18,717738
0.18,718315
0.18,720683
0.18,718612
0.18,717414
0.18,716870
0.18,716078
0.18,710827
0.18,710559
0.18,708040
0.18,706658
0.18,710613
0.18,708642
0.18,707960
0.18,707072
0.18,705136
0.18,705831
0.18,706658
0.18,704258
0.18,705157
0.18,707479
0.18,704816
0.18,703457
0.18,703321
0.18,702610
0.18,701927
0.18,701234
0.18,700564
0.18,699925
0.18,699275
0.18,698673
0.18,698071
0.18,697471
0.19,697695
0.19,697210
0.19,703842
0.19,696282
0.19,697981
0.19,695008
0.19,694449
0.19,693902
0.19,698321
0.19,701888
0.19,714876
0.19,714907
0.19,717416
0.19,723614
0.19,730289
0.19,731036
0.19,732385
0.19,732596
0.19,731396
0.19,731169
0.19,728953
0.19,723521
0.19,713607
0.19,711987
0.19,708845
0.19,708120
0.19,718473
0.19,721609
0.19,723064
0.19,725387
0.19,731479
0.19,729982
0.19,746478
0.19,747921
0.19,747261
0.19,746287
0.19,748838
0.19,748037
0.19,747707
0.19,751320
0.19,755895
0.19,758705
0.19,760581
0.19,759850
0.19,764046
0.19,766040
0.19,769309
0.19,768095
0.19,832207
0.19,809480
0.19,762266
0.19,760367
0.19,765640
0.19,766216
0.19,779790
0.19,782425
0.19,786397
0.19,791031
0.19,796811
0.19,801533
0.19,807009
0.19,832544
0.19,831097
0.19,877261
0.19,877930
0.19,840506
0.19,832566
0.19,825057
0.19,823788
0.19,805857
0.19,798177
0.19,781253
0.19,774064
0.19,732820
0.19,723192
0.19,721661
0.19,732215
0.19,749551
0.19,773700
0.19,776868
0.19,794053
0.19,798604
0.19,804391
0.19,804624
0.19,806565
0.19,835453
0.19,835502
0.19,836545
0.19,836370
0.19,839943
0.20,842304
0.20,845563
0.20,823541
0.20,821522
0.20,794118
0.20,782786
0.20,778925
0.20,778221
0.20,775375
0.20,762188
0.20,710438
0.20,708753
0.20,709455
0.20,700667
0.20,701772
0.20,703740
0.20,703158
0.20,704018
0.20,704136
0.20,704508
0.20,703322
0.20,703949
0.20,703816
0.20,705084
0.20,705561
0.20,701343
0.20,702617
0.20,700467
0.20,698195
0.20,696710
0.20,695117
0.20,693381
0.20,704726
0.20,693857
0.20,703209
0.20,696346
0.20,692701
0.20,692203
0.20,691770
0.20,691351
0.20,690946
0.20,690547
0.20,690153
0.20,689774
0.20,690274
0.20,689441
0.20,689120
0.20,689960
0.20,688818
0.20,688520
0.20,688248
0.20,687988
0.20,687584
0.20,688183
0.20,687754
0.20,688427
0.20,689852
0.20,689680
0.20,689062
0.20,689168
0.20,688276
0.20,686953
0.20,686304
0.20,686061
0.20,685874
0.20,686062
0.20,685585
0.20,685419
0.20,685278
0.20,684914
0.20,685375
0.20,684488
0.20,684339
0.20,684268
0.20,684210
0.20,684177
0.20,684149
