0.01, 7087929
0.01, 7076473
0.01, 7069762
0.01, 7061855
0.01, 7053143
0.01, 7044110
0.01, 6994612
0.01, 6990940
0.01, 6982172
0.01, 6976671
0.01, 6971903
0.01, 6970948
0.01, 6957833
0.01, 6957213
0.01, 6934763
0.01, 6908617
0.01, 6903242
0.01, 6844864
0.01, 6836991
0.01, 6811111
0.01, 6802909
0.01, 6747634
0.01, 6742559
0.01, 6694061
0.01, 6686576
0.01, 6653859
0.01, 6647159
0.01, 6618454
0.01, 6518557
0.01, 6508496
0.01, 6505972
0.01, 6505279
0.01, 6504687
0.01, 6492577
0.01, 6426302
0.01, 6422630
0.01, 6404524
0.01, 6400442
0.01, 6399529
0.01, 6398362
0.01, 6392621
0.01, 6300546
0.01, 6289491
0.01, 6288404
0.01, 6260710
0.01, 6249502
0.01, 6243073
0.01, 6142960
0.01, 6138628
0.01, 6135147
0.01, 6133766
0.01, 6128959
0.01, 6126931
0.01, 6125063
0.01, 6117973
0.01, 6107913
0.01, 6097119
0.01, 6015323
0.01, 5978468
0.01, 5922507
0.01, 5844098
0.01, 5842559
0.01, 5838985
0.01, 5823592
0.01, 5785770
0.01, 5771239
0.01, 5769570
0.01, 5768504
0.01, 5736860
0.01, 5729037
0.01, 5725885
0.01, 5725336
0.01, 5718528
0.01, 5714688
0.01, 5712645
0.01, 5708392
0.01, 5682919
0.01, 5681767
0.01, 5680527
0.01, 5657508
0.01, 5656095
0.01, 5646688
0.01, 5644294
0.01, 5642136
0.01, 5638877
0.01, 5637707
0.01, 5636381
0.01, 5630248
0.01, 5612111
0.01, 5598185
0.01, 5595987
0.01, 5533107
0.01, 5524423
0.01, 5518772
0.01, 5496763
0.01, 5474172
0.01, 5466296
0.01, 5464968
0.01, 5456864
0.01, 5453101
0.01, 5436368
0.01, 5432544
0.01, 5430716
0.01, 5340013
0.01, 5339656
0.01, 5327070
0.01, 5326251
0.04, 5314122
0.04, 5306750
0.04, 5304248
0.04, 5265897
0.04, 5247300
0.04, 5234110
0.04, 5233716
0.04, 5220106
0.08, 5219571
0.11, 5203587
0.11, 5198877
0.11, 5169044
0.11, 5143444
0.11, 5134728
0.11, 5119830
0.11, 5113124
0.11, 5106098
0.11, 5103898
0.11, 5101401
0.11, 5097143
0.11, 5084635
0.11, 5076562
0.16, 5054416
0.16, 5029912
0.19, 5028548
0.19, 5013170
0.19, 5012813
0.19, 5008837
0.19, 5001712
0.19, 4977667
0.19, 4977101
0.19, 4975502
0.19, 4969102
0.19, 4968890
0.19, 4966180
0.19, 4962839
0.19, 4931145
0.19, 4930370
0.19, 4868376
0.19, 4853958
0.20, 4847078
0.20, 4847028
0.20, 4840831
0.21, 4835653
0.21, 4825952
0.21, 4824942
0.21, 4818260
0.21, 4782580
0.21, 4780825
0.21, 4779290
0.24, 4774901
0.24, 4770231
0.24, 4767984
0.24, 4738758
0.24, 4704181
0.24, 4688302
0.24, 4686964
0.24, 4655049
0.26, 4652854
0.26, 4633950
0.26, 4568896
0.27, 4562516
0.27, 4562139
0.29, 4546771
0.29, 4546769
0.29, 4526155
0.36, 4525624
0.38, 4518178
0.38, 4517820
0.38, 4516930
0.38, 4507435
0.38, 4485139
0.38, 4483837
0.38, 4482820
0.38, 4477542
0.38, 4474378
0.38, 4413793
0.38, 4413255
0.38, 4404063
0.38, 4355976
0.38, 4355685
0.41, 4355331
0.41, 4345330
0.41, 4341332
0.41, 4339585
0.41, 4337966
0.41, 4329388
0.41, 4321773
0.41, 4319743
0.41, 4312086
0.41, 4309237
0.41, 4295658
0.41, 4208934
0.41, 4208279
0.46, 4194445
0.46, 4192028
0.46, 4127125
0.46, 4118180
0.46, 4117791
0.46, 4096257
0.46, 4050651
0.46, 4049873
0.46, 4032556
0.46, 4024229
0.46, 4021322
0.46, 4017926
0.46, 4017428
0.46, 4002794
0.52, 3975364
0.52, 3975183
0.52, 3969612
0.52, 3966204
0.52, 3938074
0.52, 3935794
0.53, 3930425
0.53, 3918025
0.53, 3917876
0.53, 3914927
0.53, 3900905
0.53, 3895496
0.53, 3883962
0.53, 3883883
0.53, 3878866
0.54, 3851152
0.54, 3850720
0.55, 3846069
0.55, 3845821
0.55, 3823555
0.55, 3817033
0.55, 3801877
0.55, 3800036
0.55, 3799533
0.57, 3786773
0.57, 3777897
0.57, 3759148
0.57, 3746011
0.57, 3744795
0.57, 3743648
0.57, 3692270
0.57, 3685183
0.57, 3675018
0.57, 3674511
0.57, 3672042
0.57, 3668977
0.57, 3658545
0.57, 3657920
0.57, 3655991
0.57, 3654580
0.57, 3654193
0.57, 3651785
0.57, 3646681
0.57, 3643831
0.57, 3636250
0.57, 3631133
0.57, 3624425
0.57, 3622365
0.57, 3621924
0.57, 3620064
0.57, 3617350
0.65, 3608657
0.65, 3601837
0.65, 3599533
0.65, 3591346
0.65, 3590796
0.65, 3583688
0.65, 3578343
0.65, 3571507
0.65, 3569743
0.65, 3531989
0.65, 3531694
0.65, 3512701
0.65, 3506231
0.65, 3493464
0.67, 3486382
0.67, 3471121
0.67, 3469373
0.67, 3458366
0.67, 3457475
0.67, 3446823
0.67, 3444954
0.68, 3407955
0.68, 3399414
0.68, 3374736
0.68, 3374335
0.69, 3370366
0.69, 3369899
0.69, 3354923
0.70, 3351157
0.70, 3350639
0.70, 3348827
0.70, 3339387
0.70, 3335022
0.70, 3329201
0.70, 3327889
0.70, 3309595
0.70, 3299728
0.70, 3296527
0.70, 3296440
0.70, 3273267
0.70, 3273206
0.70, 3267345
0.70, 3265884
0.70, 3238426
0.71, 3227742
0.71, 3226170
0.71, 3222189
0.71, 3213470
0.71, 3211556
0.71, 3210733
0.71, 3208734
0.71, 3197331
0.74, 3196727
0.74, 3193945
0.74, 3188366
0.74, 3187905
0.74, 3186559
0.74, 3186423
0.74, 3183481
0.74, 3182802
0.74, 3175420
0.74, 3170699
0.74, 3169183
0.74, 3156320
0.74, 3152335
0.74, 3151605
0.75, 3139571
0.75, 3139419
0.75, 3130121
0.75, 3120592
0.75, 3115598
0.75, 3113148
0.75, 3108237
0.75, 3108151
0.75, 3103083
0.75, 3091697
0.75, 3083313
0.75, 3072817
0.75, 3063470
0.75, 3052449
0.75, 3049594
0.75, 3046201
0.75, 3039011
0.75, 3025898
0.75, 3021364
0.75, 3013526
0.75, 3013474
0.80, 3004602
0.80, 2996277
0.80, 2995235
0.80, 2991919
0.80, 2978383
0.80, 2976878
0.80, 2971535
0.80, 2942711
0.80, 2942426
0.85, 2934940
0.85, 2932984
0.85, 2932783
0.85, 2930958
0.86, 2919812
0.86, 2917423
0.86, 2909232
0.86, 2888677
0.86, 2879347
0.87, 2862651
0.87, 2855124
0.87, 2833497
0.87, 2790975
0.87, 2790668
0.87, 2775447
0.87, 2765455
0.87, 2763032
0.87, 2752079
0.87, 2730286
0.87, 2729912
0.87, 2728118
0.87, 2723104
0.87, 2703562
0.87, 2698614
0.87, 2692314
0.87, 2683487
0.89, 2677529
0.89, 2674634
0.89, 2673823
0.89, 2673542
0.89, 2673150
0.89, 2665311
0.89, 2664979
0.89, 2664794
0.89, 2658922
0.89, 2657584
0.89, 2651496
0.89, 2642178
0.89, 2641389
0.89, 2641071
0.89, 2640474
0.92, 2626895
0.92, 2617222
0.92, 2617212
0.92, 2608289
0.92, 2598907
0.92, 2591046
0.92, 2590021
0.92, 2573999
1.01, 2573823
1.01, 2573002
1.01, 2552609
1.01, 2552287
1.01, 2551994
1.01, 2549848
1.01, 2545561
1.01, 2544713
1.01, 2541339
1.01, 2536082
1.01, 2534722
1.01, 2534211
1.01, 2530932
1.01, 2528887
1.01, 2516535
1.01, 2515229
1.02, 2508513
1.02, 2508284
1.02, 2507876
1.02, 2497959
1.02, 2494925
1.02, 2490137
1.02, 2489976
1.02, 2488114
1.02, 2466381
1.02, 2454563
1.02, 2443669
1.02, 2440535
1.02, 2440374
1.02, 2432454
1.02, 2424324
1.03, 2408475
1.03, 2403010
1.03, 2401335
1.03, 2395408
1.03, 2388210
1.03, 2384466
1.03, 2382679
1.03, 2374938
1.03, 2359542
1.03, 2358337
1.03, 2355666
1.03, 2349291
1.03, 2340136
1.03, 2336786
1.04, 2333194
1.04, 2332947
1.04, 2325405
1.04, 2325378
1.04, 2320901
1.04, 2320709
1.04, 2319668
1.04, 2318044
1.04, 2317965
1.04, 2312877
1.04, 2311881
1.04, 2296488
1.04, 2296230
1.04, 2293522
1.05, 2286600
1.05, 2284680
1.05, 2282446
1.05, 2281401
1.05, 2277347
1.05, 2277187
1.07, 2271439
1.07, 2261119
1.07, 2260328
1.07, 2250269
1.07, 2250246
1.07, 2241189
1.07, 2236151
1.07, 2235498
1.07, 2233890
1.07, 2231960
1.07, 2228553
1.07, 2228470
1.07, 2226028
1.07, 2213586
1.07, 2194344
1.07, 2187885
1.07, 2180449
1.15, 2168320
1.15, 2167079
1.15, 2165950
1.15, 2163831
1.15, 2152811
1.15, 2152158
1.15, 2150974
1.15, 2141143
1.15, 2129700
1.18, 2129061
1.18, 2122780
1.18, 2120401
1.18, 2113473
1.18, 2108747
1.18, 2107026
1.18, 2095881
1.18, 2077120
1.18, 2076472
1.18, 2072228
1.18, 2072154
1.18, 2062181
1.18, 2050008
1.18, 2046283
1.18, 2043526
1.18, 2043261
1.18, 2025726
1.18, 2018913
1.18, 2015228
1.18, 2011869
1.18, 2010646
1.18, 2010576
1.18, 2010491
1.18, 2009895
1.18, 2001354
1.18, 1999256
1.18, 1997630
1.18, 1984368
1.18, 1984309
1.18, 1983873
1.18, 1972053
1.18, 1971228
1.23, 1969786
1.23, 1969603
1.23, 1968860
1.23, 1962664
1.23, 1956222
1.23, 1955541
1.23, 1952480
1.23, 1948877
1.23, 1947745
1.23, 1923886
1.23, 1897475
1.23, 1896504
1.23, 1890993
1.23, 1890969
1.23, 1887092
1.23, 1872687
1.23, 1871298
1.23, 1869087
1.23, 1866395
1.23, 1862746
1.29, 1862467
1.29, 1862418
1.29, 1857562
1.29, 1856141
1.29, 1855284
1.29, 1852559
1.29, 1840907
1.29, 1840700
1.29, 1831762
1.29, 1829995
1.29, 1827930
1.29, 1827887
1.29, 1826264
1.32, 1825457
1.32, 1822984
1.32, 1822791
1.34, 1822689
1.34, 1822363
1.34, 1822038
1.34, 1820552
1.34, 1819177
1.34, 1812868
1.34, 1810180
1.34, 1803292
1.34, 1800178
1.34, 1799299
1.34, 1798886
1.34, 1785643
1.34, 1780215
1.34, 1778156
1.34, 1774722
1.34, 1762223
1.34, 1761867
1.34, 1759735
1.34, 1758748
1.35, 1754403
1.35, 1754360
1.35, 1743418
1.35, 1740732
1.35, 1739119
1.35, 1736296
1.35, 1735853
1.35, 1727740
1.35, 1726374
1.35, 1720299
1.35, 1717054
1.35, 1716649
1.35, 1715658
1.35, 1713950
1.35, 1711758
1.35, 1705362
1.38, 1699667
1.38, 1696893
1.38, 1694271
1.38, 1688667
1.40, 1683221
1.40, 1681425
1.40, 1680749
1.40, 1677098
1.40, 1663838
1.40, 1659657
1.40, 1659252
1.42, 1652382
1.42, 1652339
1.42, 1645128
1.42, 1644779
1.42, 1641987
1.42, 1635683
1.42, 1635681
1.42, 1630099
1.42, 1628729
1.43, 1626544
1.43, 1621513
1.43, 1605374
1.43, 1605173
1.43, 1598758
1.43, 1597563
1.43, 1591368
1.43, 1586511
1.43, 1577286
1.43, 1575559
1.43, 1572957
1.43, 1572947
1.43, 1567567
1.43, 1567166
1.43, 1564594
1.43, 1562680
1.43, 1562097
1.43, 1559485
1.43, 1554300
1.43, 1553846
1.43, 1551318
1.43, 1545438
1.43, 1545307
1.43, 1542276
1.43, 1535924
1.43, 1532219
1.43, 1530926
1.43, 1527315
1.43, 1521057
1.43, 1520272
1.43, 1518106
1.43, 1500641
1.51, 1499646
1.51, 1498195
1.51, 1491423
1.51, 1489265
1.51, 1489141
1.51, 1488850
1.51, 1488747
1.51, 1486893
1.51, 1481841
1.51, 1479965
1.51, 1477648
1.51, 1476864
1.51, 1475169
1.51, 1470426
1.51, 1456964
1.51, 1456847
1.55, 1456365
1.55, 1455724
1.55, 1450990
1.55, 1448539
1.55, 1437984
1.55, 1431921
1.55, 1429450
1.55, 1427072
1.55, 1423915
1.55, 1419821
1.55, 1417313
1.55, 1414396
1.55, 1413094
1.55, 1411554
1.56, 1410471
1.56, 1408923
1.56, 1408418
1.56, 1407230
1.56, 1405047
1.56, 1399641
1.56, 1399050
1.56, 1396322
1.56, 1392894
1.56, 1390325
1.56, 1389260
1.56, 1387696
1.56, 1382517
1.56, 1380873
1.56, 1377078
1.56, 1359705
1.56, 1355965
1.56, 1355093
1.56, 1354641
1.56, 1350713
1.64, 1350174
1.64, 1349008
1.64, 1345767
1.64, 1345701
1.64, 1345511
1.64, 1344637
1.64, 1344514
1.64, 1344097
1.64, 1339381
1.65, 1336186
1.65, 1333170
1.65, 1331377
1.65, 1330499
1.65, 1330291
1.65, 1330244
1.65, 1327063
1.65, 1321999
1.65, 1317987
1.65, 1317200
1.65, 1317192
1.65, 1315597
1.65, 1314065
1.65, 1309793
1.65, 1308917
1.65, 1308661
1.65, 1306039
1.65, 1304877
1.65, 1303599
1.65, 1302345
1.65, 1299047
1.65, 1298813
1.65, 1298013
1.65, 1297820
1.65, 1297400
1.65, 1296878
1.66, 1294370
1.66, 1293813
1.66, 1292692
1.67, 1292470
1.67, 1292257
1.67, 1287877
1.67, 1285531
1.67, 1274241
1.67, 1264236
1.67, 1263392
1.67, 1263075
1.67, 1262036
1.67, 1261692
1.67, 1259539
1.67, 1258454
1.67, 1257775
1.67, 1256493
1.67, 1253633
1.67, 1251832
1.67, 1249057
1.67, 1243927
1.67, 1243879
1.67, 1241284
1.69, 1239139
1.69, 1236939
1.69, 1236371
1.69, 1234371
1.73, 1231883
1.73, 1231697
1.73, 1228005
1.73, 1219576
1.73, 1217706
1.73, 1211011
1.73, 1207402
1.73, 1206249
1.73, 1200515
1.73, 1197817
1.73, 1197625
1.73, 1192957
1.73, 1185852
1.73, 1182001
1.73, 1181488
1.73, 1179892
1.78, 1177397
1.78, 1177166
1.78, 1177017
1.78, 1176197
1.79, 1174341
1.80, 1171344
1.80, 1170666
1.80, 1170454
1.80, 1168387
1.81, 1168027
1.81, 1166079
1.81, 1166024
1.81, 1164493
1.81, 1159005
1.81, 1154729
1.81, 1153307
1.81, 1151890
1.81, 1151833
1.81, 1151258
1.81, 1147899
1.81, 1146725
1.81, 1144343
1.81, 1141000
1.81, 1140274
1.81, 1139726
1.81, 1135845
1.81, 1133702
1.81, 1131967
1.81, 1131237
1.81, 1130860
1.81, 1128820
1.81, 1128465
1.81, 1125604
1.82, 1121563
1.82, 1119184
1.82, 1113035
1.82, 1104444
1.82, 1104201
1.82, 1102996
1.82, 1102705
1.82, 1100972
1.82, 1100496
1.82, 1100386
1.82, 1097436
1.82, 1095543
1.83, 1095328
1.84, 1095256
1.84, 1093462
1.84, 1092691
1.84, 1089408
1.86, 1086133
1.86, 1086103
1.86, 1084791
1.86, 1084539
1.86, 1083120
1.86, 1074624
1.86, 1071791
1.86, 1067128
1.86, 1062261
1.86, 1061486
1.95, 1059638
1.95, 1058607
1.95, 1056548
1.95, 1053969
1.95, 1051160
1.95, 1049821
1.95, 1048720
1.95, 1047431
1.95, 1045961
1.95, 1045817
1.95, 1043591
1.95, 1043429
1.96, 1043086
1.96, 1042900
1.96, 1042175
1.96, 1039046
1.96, 1039041
1.96, 1037441
1.96, 1037372
1.96, 1035235
1.96, 1030025
1.96, 1026200
1.96, 1023909
1.96, 1020476
1.98, 1018777
1.98, 1018326
1.98, 1017998
2.00, 1017648
2.00, 1016782
2.00, 1016774
2.00, 1013637
2.00, 1012016
2.00, 1009461
2.00, 1009198
2.00, 1008630
2.00, 1008606
2.00, 1008588
2.00, 1008384
2.00, 1005209
2.00, 1003404
2.00, 1000321
2.00, 1000275
2.00, 999030
2.00, 996166
2.00, 994256
2.00, 994088
2.00, 993315
2.00, 992484
2.00, 991236
2.00, 990362
2.00, 987519
2.00, 983051
2.00, 982377
2.00, 981380
2.00, 981343
2.00, 980805
2.00, 978569
2.00, 978266
2.00, 978239
2.00, 974993
2.10, 973617
2.10, 973574
2.10, 972036
2.10, 969497
2.10, 967382
2.10, 965813
2.10, 964206
2.10, 963791
2.10, 960803
2.10, 960741
2.10, 960082
2.10, 959343
2.10, 957970
2.10, 955673
2.10, 955426
2.10, 953337
2.10, 952580
2.10, 951300
2.10, 949647
2.11, 948980
2.11, 948947
2.11, 948895
2.11, 942565
2.12, 939567
2.12, 938494
2.12, 938071
2.12, 936713
2.12, 934790
2.12, 933893
2.12, 931104
2.12, 929928
2.12, 929086
2.12, 926994
2.12, 925872
2.12, 923291
2.12, 920213
2.12, 918178
2.12, 918153
2.12, 913584
2.12, 912573
2.12, 912009
2.12, 911911
2.12, 911629
2.12, 910384
2.12, 908646
2.12, 907716
2.12, 904767
2.12, 903282
2.12, 902653
2.12, 902214
2.13, 901880
2.13, 900396
2.13, 900180
2.13, 899583
2.13, 899064
2.13, 898886
2.13, 896911
2.13, 891900
2.13, 891708
2.13, 889149
2.13, 888254
2.20, 887068
2.20, 886286
2.20, 883690
2.20, 882271
2.20, 881189
2.20, 880532
2.20, 880051
2.20, 877573
2.20, 872504
2.20, 871697
2.20, 868490
2.20, 867401
2.20, 865783
2.20, 865740
2.25, 865024
2.27, 862274
2.27, 860965
2.27, 857959
2.27, 855668
2.27, 855347
2.27, 854473
2.27, 854417
2.27, 853348
2.27, 852681
2.28, 850706
2.28, 850285
2.28, 849176
2.28, 846749
2.28, 843490
2.28, 843407
2.28, 843404
2.28, 843332
2.28, 843213
2.28, 843015
2.28, 842813
2.28, 842379
2.28, 834003
2.28, 832454
2.31, 831277
2.31, 828884
2.31, 828738
2.31, 826545
2.31, 825806
2.34, 823465
2.34, 821826
2.34, 820545
2.34, 817061
2.35, 816731
2.35, 816240
2.35, 816217
2.35, 814800
2.35, 814034
2.35, 812559
2.35, 811101
2.35, 806451
2.35, 806450
2.35, 805889
2.35, 804822
2.35, 804568
2.35, 804534
2.35, 801091
2.46, 798199
2.46, 797938
2.46, 796369
2.46, 794226
2.46, 793240
2.46, 792018
2.48, 790969
2.48, 790069
2.48, 789526
2.48, 789368
2.48, 789312
2.48, 788905
2.48, 788854
2.48, 787749
2.48, 785876
2.48, 784600
2.52, 784231
2.52, 780557
2.53, 777744
2.53, 777533
2.54, 776459
2.54, 774303
2.54, 772698
2.54, 771817
2.54, 770017
2.54, 769298
2.54, 769295
2.54, 769150
2.54, 767061
2.54, 766182
2.54, 765840
2.54, 765098
2.54, 764509
2.54, 764315
2.55, 764006
2.55, 762157
2.55, 761697
2.55, 761339
2.55, 761229
2.55, 760935
2.55, 760715
2.55, 760176
2.55, 758463
2.55, 757992
2.55, 757352
2.55, 756240
2.55, 755766
2.55, 755482
2.55, 755116
2.55, 754653
2.55, 754211
2.55, 753582
2.55, 753139
2.55, 752562
2.55, 752376
2.55, 751392
2.57, 751081
2.61, 748504
2.61, 748490
2.61, 747737
2.62, 747475
2.62, 747309
2.62, 745162
2.62, 744662
2.62, 743238
2.63, 743209
2.63, 743189
2.64, 742107
2.64, 742009
2.64, 741685
2.64, 741403
2.64, 741381
2.64, 740924
2.64, 739849
2.64, 739704
2.64, 739085
2.64, 738665
2.65, 738360
2.65, 738188
2.65, 737378
2.65, 736700
2.65, 736332
2.65, 736231
2.65, 734384
2.65, 733950
2.65, 733441
2.66, 732589
2.66, 731763
2.66, 730366
2.66, 729723
2.66, 729363
2.68, 729043
2.71, 728775
2.71, 728697
2.71, 728049
2.71, 727280
2.71, 725776
2.71, 725586
2.74, 725192
2.74, 724821
2.75, 724149
2.75, 721927
2.75, 721153
2.75, 719939
2.75, 719659
2.78, 719651
2.78, 719290
2.78, 718963
2.78, 718728
2.78, 718611
2.78, 718017
2.79, 717977
2.79, 717699
2.79, 717637
2.79, 716780
2.79, 715768
2.79, 715710
2.79, 715250
2.79, 715242
2.79, 714485
2.79, 713863
2.79, 713662
2.79, 712547
2.80, 712410
2.80, 711569
2.80, 711232
2.80, 711069
2.80, 709886
2.80, 709667
2.80, 708729
2.80, 708716
2.80, 708114
2.80, 707651
2.83, 707512
2.83, 705668
2.84, 704979
2.84, 704548
2.87, 704398
2.87, 703337
2.87, 703301
2.87, 703118
2.87, 702552
2.87, 702030
2.88, 701891
2.89, 701789
2.89, 701459
2.89, 701197
2.90, 700926
2.90, 700761
2.90, 700073
2.90, 699717
2.91, 697620
2.91, 697299
2.91, 696992
2.91, 696641
2.91, 696123
2.91, 696011
2.91, 695589
2.92, 694923
2.96, 694454
2.96, 694299
2.97, 693938
2.97, 693016
2.97, 692982
2.97, 692749
2.97, 691342
2.98, 690839
3.01, 690487
3.01, 690181
3.02, 690116
3.05, 689431
3.05, 688934
3.05, 688772
3.05, 688676
3.06, 687102
3.06, 686504
3.06, 686312
3.07, 685720
3.07, 685159
3.07, 684916
3.07, 683825
3.09, 683484
3.10, 683431
3.10, 683289
3.11, 683126
3.11, 682960
3.11, 682937
3.11, 682924
3.12, 682685
3.12, 682161
3.14, 682006
3.17, 681746
3.17, 681735
3.17, 681503
3.17, 680937
3.17, 680673
3.18, 680577
3.19, 680570
3.19, 680087
3.19, 678549
3.19, 678182
3.19, 677939
3.19, 677808
3.19, 677288
3.20, 677052
3.21, 676779
3.21, 676740
3.21, 676736
3.21, 676474
3.22, 674985
3.24, 674367
3.24, 674268
3.30, 673263
3.30, 673061
3.33, 672821
3.33, 672730
3.37, 672605
3.37, 672276
3.37, 672244
3.38, 672217
3.38, 672189
3.38, 671030
3.38, 670464
3.38, 670361
3.41, 670070
3.49, 670027
3.52, 669912
3.52, 669901
3.54, 669324
3.55, 669287
3.55, 669265
3.56, 668959
3.56, 668750
3.73, 668610
3.73, 668137
3.78, 668025
3.81, 667997
3.84, 667852
3.85, 667827
3.86, 667795
3.86, 667536
3.91, 667500
4.02, 667481
4.03, 667383
4.03, 667380
4.05, 667316
6.95, 667192
6.95, 667164
6.96, 667073
6.96, 666721
7.09, 666556
7.09, 666528
7.09, 666466
7.11, 666265
7.11, 666048
7.15, 665592
7.17, 665468
7.24, 665383
7.24, 665323
7.32, 665192
7.44, 664919
7.44, 664853
7.51, 664682
7.69, 664654
13.46, 664604
13.46, 664542
13.47, 664514
13.47, 664454
13.47, 664452
13.47, 664407
13.47, 664192
13.48, 664183
13.57, 664080
13.57, 663847
13.58, 663699
13.59, 663253
13.60, 663234
13.60, 663206
13.61, 663137
13.62, 663041
13.62, 662981
13.62, 662948
13.62, 662668
13.63, 662496
13.75, 662471
13.75, 662443
13.75, 662338
13.93, 662146
13.94, 662110
13.98, 662043
14.04, 661982
14.49, 661963
16.72, 661748
16.74, 661720
16.75, 661698
16.93, 661638
17.14, 661630
19.33, 661502
19.33, 661242
19.33, 661176
19.54, 660869
19.55, 660747
19.56, 660630
19.56, 660485
20.03, 660463
20.10, 660409
