0.02,6734810
0.02,6549915
0.02,6549060
0.02,6531007
0.02,6534509
0.02,6403301
0.02,6368474
0.02,6363706
0.02,6360577
0.02,6361126
0.02,6212685
0.02,6204375
0.02,6064487
0.02,6000063
0.02,5836901
0.02,5852137
0.02,5863534
0.02,5834572
0.02,5702516
0.02,5704666
0.02,5635296
0.02,5649404
0.02,5649586
0.02,5659375
0.02,5559634
0.02,5569494
0.02,5534042
0.02,5554559
0.02,5545897
0.02,5499058
0.02,5567098
0.02,5500483
0.03,5425556
0.03,5389944
0.03,5380967
0.03,5279948
0.03,5202261
0.03,5096617
0.03,5135966
0.03,5144090
0.03,5144632
0.03,5128120
0.03,5141490
0.03,5140424
0.03,5121047
0.03,5099588
0.03,4999100
0.03,4895784
0.03,4883890
0.03,4780739
0.03,4642939
0.03,4642393
0.03,4649067
0.03,4547818
0.03,4564002
0.03,4489652
0.03,4493525
0.03,4394977
0.03,4398483
0.03,4371990
0.03,4374972
0.03,4387398
0.03,4308350
0.03,4305659
0.03,4211342
0.03,4246121
0.03,4187891
0.03,4108923
0.03,4106785
0.03,4125776
0.03,4135219
0.03,4144166
0.03,4113327
0.03,4119921
0.03,4102721
0.03,4135977
0.03,4100477
0.03,3998186
0.03,3976344
0.03,3927775
0.03,3978482
0.03,3965535
0.03,3946154
0.03,3938153
0.03,3941459
0.03,3869613
0.03,3790044
0.03,3662056
0.03,3687922
0.03,3699489
0.03,3713906
0.03,3748367
0.03,3752218
0.03,3736854
0.03,3728761
0.03,3724352
0.03,3718514
0.03,3708912
0.03,3651658
0.03,3604538
0.03,3542842
0.03,3517535
0.03,3457163
0.03,3442790
0.03,3383668
0.03,3386411
0.03,3408971
0.03,3406682
0.03,3414700
0.03,3426225
0.03,3405346
0.03,3423391
0.03,3415224
0.03,3416796
0.03,3388186
0.03,3385132
0.03,3412520
0.03,3419481
0.03,3426813
0.03,3466046
0.03,3469047
0.03,3475510
0.03,3459626
0.03,3459488
0.03,3456447
0.04,3445169
0.04,3315344
0.04,3323814
0.04,3336717
0.04,3343409
0.04,3355437
0.04,3337819
0.04,3332387
0.04,3380314
0.04,3415865
0.04,3352621
0.04,3347392
0.04,3353669
0.04,3325742
0.04,3320520
0.04,3344980
0.04,3335420
0.04,3338387
0.04,3402923
0.04,3401598
0.04,3409260
0.04,3387236
0.04,3382481
0.04,3387376
0.04,3377739
0.04,3266491
0.04,3260033
0.04,3222914
0.04,3180912
0.04,3178557
0.04,3191501
0.04,3127086
0.04,3120921
0.04,3111536
0.04,3101636
0.04,3104050
0.04,3114812
0.04,3057461
0.04,3032948
0.04,3029041
0.04,2980993
0.04,2936973
0.04,2862049
0.04,2863764
0.04,2832668
0.04,2811593
0.04,2815296
0.04,2833472
0.04,2815911
0.04,2783638
0.04,2852614
0.04,2842833
0.04,2784823
0.04,2787207
0.04,2772118
0.04,2730209
0.04,2722296
0.04,2666527
0.04,2626688
0.04,2617523
0.04,2627861
0.04,2617656
0.04,2618558
0.04,2606435
0.04,2571904
0.04,2556947
0.04,2583018
0.04,2662934
0.04,2652135
0.04,2607778
0.04,2617633
0.04,2617164
0.04,2597451
0.04,2573682
0.04,2543147
0.04,2552400
0.04,2551751
0.04,2490393
0.04,2465530
0.04,2473523
0.04,2430223
0.04,2433498
0.04,2411851
0.04,2351603
0.04,2331111
0.04,2322363
0.04,2308351
0.04,2312346
0.04,2299090
0.05,2272325
0.05,2297443
0.05,2283912
0.05,2241946
0.05,2250028
0.05,2220233
0.05,2237312
0.05,2232323
0.05,2325007
0.05,2284219
0.05,2234170
0.05,2287460
0.05,2309614
0.05,2254732
0.05,2249154
0.05,2279716
0.05,2250381
0.05,2254411
0.05,2242776
0.05,2219623
0.05,2236423
0.05,2266952
0.05,2317263
0.05,2332699
0.05,2279667
0.05,2288086
0.05,2301685
0.05,2272427
0.05,2238596
0.05,2238067
0.05,2241331
0.05,2242391
0.05,2240329
0.05,2185089
0.05,2194891
0.05,2162653
0.05,2174942
0.05,2181140
0.05,2186374
0.05,2194631
0.05,2196477
0.05,2181564
0.05,2188326
0.05,2228972
0.05,2248407
0.05,2254505
0.05,2304393
0.05,2310953
0.05,2232327
0.05,2194487
0.05,2185148
0.05,2195957
0.05,2205226
0.05,2201473
0.05,2195383
0.05,2196296
0.05,2198185
0.05,2160914
0.05,2137257
0.05,2138023
0.05,2139074
0.05,2096377
0.05,2073285
0.05,2078489
0.05,2083669
0.05,2079059
0.05,2080842
0.05,2097932
0.05,2098944
0.05,2078508
0.05,2067233
0.05,2056772
0.05,2044982
0.05,2022420
0.05,1989616
0.05,1962689
0.05,1987751
0.05,1963301
0.05,1992797
0.05,1974060
0.05,1988797
0.05,1974996
0.05,1972973
0.05,1985680
0.05,2030569
0.05,2078209
0.05,2076966
0.05,2020897
0.05,2035068
0.05,2029086
0.06,2000159
0.06,1984133
0.06,1993553
0.06,1994796
0.06,1987729
0.06,1968471
0.06,1930946
0.06,1896715
0.06,1897938
0.06,1901174
0.06,1894010
0.06,1871903
0.06,1886425
0.06,1897161
0.06,1862171
0.06,1832302
0.06,1828760
0.06,1835657
0.06,1825574
0.06,1831292
0.06,1828957
0.06,1813036
0.06,1847122
0.06,1855169
0.06,1840970
0.06,1854656
0.06,1844654
0.06,1837362
0.06,1853455
0.06,1885519
0.06,1883132
0.06,1886114
0.06,1926989
0.06,1928899
0.06,1889990
0.06,1875622
0.06,1814491
0.06,1813658
0.06,1813627
0.06,1856003
0.06,1854401
0.06,1840076
0.06,1815598
0.06,1812789
0.06,1818810
0.06,1885778
0.06,1901687
0.06,1833134
0.06,1835636
0.06,1832387
0.06,1820773
0.06,1821263
0.06,1819727
0.06,1823758
0.06,1824346
0.06,1833823
0.06,1840697
0.06,1840875
0.06,1888959
0.06,1832390
0.06,1805751
0.06,1784740
0.06,1773009
0.06,1768031
0.06,1742247
0.06,1723124
0.06,1732675
0.06,1740319
0.06,1743270
0.06,1736690
0.06,1710037
0.06,1722312
0.06,1745812
0.06,1730796
0.06,1726350
0.06,1724923
0.06,1726429
0.06,1712216
0.06,1705569
0.06,1694663
0.06,1685234
0.06,1667448
0.06,1674737
0.06,1673686
0.06,1681792
0.06,1683814
0.06,1657857
0.06,1660719
0.06,1660729
0.06,1674005
0.06,1670341
0.07,1662722
0.07,1673004
0.07,1667263
0.07,1672524
0.07,1672882
0.07,1673115
0.07,1752188
0.07,1739625
0.07,1697627
0.07,1672370
0.07,1665006
0.07,1664418
0.07,1681549
0.07,1685995
0.07,1664639
0.07,1673967
0.07,1669772
0.07,1665552
0.07,1661050
0.07,1628992
0.07,1611393
0.07,1603721
0.07,1594410
0.07,1639587
0.07,1656527
0.07,1678498
0.07,1676238
0.07,1660887
0.07,1672114
0.07,1672735
0.07,1702081
0.07,1702277
0.07,1694861
0.07,1696209
0.07,1716281
0.07,1728101
0.07,1720317
0.07,1703995
0.07,1682814
0.07,1657371
0.07,1662701
0.07,1663997
0.07,1654705
0.07,1626945
0.07,1636731
0.07,1588871
0.07,1577504
0.07,1580132
0.07,1585211
0.07,1570972
0.07,1583291
0.07,1585358
0.07,1582859
0.07,1587399
0.07,1603171
0.07,1587459
0.07,1575058
0.07,1566091
0.07,1556540
0.07,1543361
0.07,1541485
0.07,1550037
0.07,1556935
0.07,1546576
0.07,1546825
0.07,1541003
0.07,1542314
0.07,1528535
0.07,1508885
0.07,1511220
0.07,1517948
0.07,1524249
0.07,1529706
0.07,1502995
0.07,1509288
0.07,1516990
0.07,1515942
0.07,1517030
0.07,1518639
0.07,1520608
0.07,1508562
0.07,1501872
0.07,1508679
0.07,1529406
0.07,1550793
0.07,1483122
0.07,1468476
0.08,1468215
0.08,1468395
0.08,1483434
0.08,1482720
0.08,1486645
0.08,1495190
0.08,1486302
0.08,1492586
0.08,1502264
0.08,1538547
0.08,1582851
0.08,1626834
0.08,1563639
0.08,1586287
0.08,1597237
0.08,1598541
0.08,1608265
0.08,1617836
0.08,1612454
0.08,1636733
0.08,1636124
0.08,1628178
0.08,1629571
0.08,1653284
0.08,1658898
0.08,1619281
0.08,1620465
0.08,1606165
0.08,1579393
0.08,1552972
0.08,1551218
0.08,1547943
0.08,1524084
0.08,1503747
0.08,1465284
0.08,1456039
0.08,1440569
0.08,1433880
0.08,1417936
0.08,1411935
0.08,1426823
0.08,1424343
0.08,1431024
0.08,1436540
0.08,1437208
0.08,1443202
0.08,1442164
0.08,1440953
0.08,1437228
0.08,1452672
0.08,1454672
0.08,1453818
0.08,1454790
0.08,1471340
0.08,1454059
0.08,1448280
0.08,1453265
0.08,1421072
0.08,1418717
0.08,1434332
0.08,1417865
0.08,1421557
0.08,1422609
0.08,1435291
0.08,1439779
0.08,1436754
0.08,1422267
0.08,1412989
0.08,1403106
0.08,1394440
0.08,1392351
0.08,1388627
0.08,1384119
0.08,1378431
0.08,1380485
0.08,1376575
0.08,1392700
0.08,1386534
0.08,1415720
0.08,1417878
0.08,1417016
0.08,1418602
0.08,1425643
0.08,1430923
0.08,1429773
0.08,1436064
0.08,1467350
0.08,1454472
0.08,1509665
0.08,1508526
0.08,1454050
0.08,1436421
0.09,1429350
0.09,1432963
0.09,1416328
0.09,1443885
0.09,1455760
0.09,1455383
0.09,1471995
0.09,1469905
0.09,1472653
0.09,1464772
0.09,1492924
0.09,1494198
0.09,1480371
0.09,1478904
0.09,1494327
0.09,1503372
0.09,1489971
0.09,1494019
0.09,1494083
0.09,1463916
0.09,1456034
0.09,1458340
0.09,1448868
0.09,1433759
0.09,1413431
0.09,1374948
0.09,1375996
0.09,1389059
0.09,1404498
0.09,1415860
0.09,1411656
0.09,1417024
0.09,1421863
0.09,1420602
0.09,1422201
0.09,1433126
0.09,1456263
0.09,1453916
0.09,1505048
0.09,1505396
0.09,1457034
0.09,1442839
0.09,1440044
0.09,1440622
0.09,1418075
0.09,1417677
0.09,1409684
0.09,1391423
0.09,1394068
0.09,1388530
0.09,1366613
0.09,1363103
0.09,1362855
0.09,1350688
0.09,1344663
0.09,1343598
0.09,1339792
0.09,1326977
0.09,1308629
0.09,1299133
0.09,1297647
0.09,1285081
0.09,1288260
0.09,1285634
0.09,1286708
0.09,1284657
0.09,1286396
0.09,1273309
0.09,1266200
0.09,1264689
0.09,1262414
0.09,1257271
0.09,1258209
0.09,1248787
0.09,1246994
0.09,1259308
0.09,1257466
0.09,1263343
0.09,1263572
0.09,1262521
0.09,1253766
0.09,1244052
0.09,1259102
0.09,1266443
0.09,1265922
0.09,1263751
0.09,1260162
0.09,1260894
0.09,1258453
0.09,1260387
0.09,1245035
0.10,1243919
0.10,1242708
0.10,1255983
0.10,1256549
0.10,1276329
0.10,1285360
0.10,1284157
0.10,1278181
0.10,1269465
0.10,1289852
0.10,1319192
0.10,1347058
0.10,1273487
0.10,1274345
0.10,1281050
0.10,1279621
0.10,1286982
0.10,1288465
0.10,1281819
0.10,1273745
0.10,1275910
0.10,1277532
0.10,1269590
0.10,1280532
0.10,1281882
0.10,1277496
0.10,1262190
0.10,1252439
0.10,1258488
0.10,1258066
0.10,1259920
0.10,1273753
0.10,1271317
0.10,1251761
0.10,1250448
0.10,1261386
0.10,1269779
0.10,1296325
0.10,1315320
0.10,1324604
0.10,1338298
0.10,1337874
0.10,1337540
0.10,1346630
0.10,1389259
0.10,1385019
0.10,1325685
0.10,1327581
0.10,1302743
0.10,1299829
0.10,1293374
0.10,1286484
0.10,1284258
0.10,1282883
0.10,1286720
0.10,1277457
0.10,1269472
0.10,1297854
0.10,1303890
0.10,1318289
0.10,1322973
0.10,1324511
0.10,1341960
0.10,1364039
0.10,1349707
0.10,1360610
0.10,1371876
0.10,1362881
0.10,1363739
0.10,1364410
0.10,1358899
0.10,1358588
0.10,1326278
0.10,1331092
0.10,1328366
0.10,1325117
0.10,1318123
0.10,1305984
0.10,1277465
0.10,1229330
0.10,1219889
0.10,1210671
0.10,1206021
0.10,1194967
0.10,1189606
0.10,1187081
0.10,1190296
0.10,1186393
0.10,1187677
0.10,1193976
0.11,1190772
0.11,1198279
0.11,1201150
0.11,1185990
0.11,1204629
0.11,1196933
0.11,1197785
0.11,1200030
0.11,1198020
0.11,1206954
0.11,1209107
0.11,1206719
0.11,1198958
0.11,1196693
0.11,1206059
0.11,1207185
0.11,1204406
0.11,1210460
0.11,1207194
0.11,1202781
0.11,1203461
0.11,1205321
0.11,1186220
0.11,1194299
0.11,1214749
0.11,1213617
0.11,1215781
0.11,1208755
0.11,1228391
0.11,1226918
0.11,1244904
0.11,1277507
0.11,1311145
0.11,1233720
0.11,1259207
0.11,1274348
0.11,1263437
0.11,1279255
0.11,1278732
0.11,1275996
0.11,1287531
0.11,1321948
0.11,1322051
0.11,1269991
0.11,1277294
0.11,1243437
0.11,1242809
0.11,1236246
0.11,1241731
0.11,1232294
0.11,1230517
0.11,1225242
0.11,1243671
0.11,1232741
0.11,1262958
0.11,1277574
0.11,1288581
0.11,1294687
0.11,1297619
0.11,1314274
0.11,1352877
0.11,1356165
0.11,1370151
0.11,1386031
0.11,1382938
0.11,1374152
0.11,1363392
0.11,1358658
0.11,1354118
0.11,1319092
0.11,1320360
0.11,1298132
0.11,1284334
0.11,1285280
0.11,1274240
0.11,1256848
0.11,1222387
0.11,1204667
0.11,1194501
0.11,1184232
0.11,1179193
0.11,1180758
0.11,1182620
0.11,1205420
0.11,1201799
0.11,1195335
0.11,1199218
0.11,1196070
0.11,1194614
0.12,1189428
0.12,1193426
0.12,1190325
0.12,1195563
0.12,1204011
0.12,1206145
0.12,1204213
0.12,1201285
0.12,1208105
0.12,1208046
0.12,1209409
0.12,1214361
0.12,1215707
0.12,1214142
0.12,1218108
0.12,1225139
0.12,1224581
0.12,1210928
0.12,1205774
0.12,1187238
0.12,1195086
0.12,1235579
0.12,1263654
0.12,1193108
0.12,1197920
0.12,1188991
0.12,1185171
0.12,1189122
0.12,1185537
0.12,1190630
0.12,1179511
0.12,1180434
0.12,1169191
0.12,1161824
0.12,1161044
0.12,1163564
0.12,1165348
0.12,1170795
0.12,1185293
0.12,1192015
0.12,1192121
0.12,1220555
0.12,1222338
0.12,1219546
0.12,1239711
0.12,1239932
0.12,1235800
0.12,1256524
0.12,1297583
0.12,1292654
0.12,1243066
0.12,1257042
0.12,1225901
0.12,1222136
0.12,1219221
0.12,1218756
0.12,1207610
0.12,1207804
0.12,1197948
0.12,1207225
0.12,1198747
0.12,1227076
0.12,1244349
0.12,1259570
0.12,1272689
0.12,1285516
0.12,1298677
0.12,1323244
0.12,1328234
0.12,1339735
0.12,1360935
0.12,1363006
0.12,1359391
0.12,1353954
0.12,1346495
0.12,1343249
0.12,1294839
0.12,1292564
0.12,1280331
0.12,1273570
0.12,1279192
0.12,1272505
0.12,1258788
0.12,1231953
0.12,1207407
0.12,1191250
0.12,1181061
0.12,1161255
0.12,1162820
0.12,1167129
0.12,1174471
0.12,1179474
0.13,1166302
0.13,1156075
0.13,1155718
0.13,1150658
0.13,1159057
0.13,1230383
0.13,1205931
0.13,1188479
0.13,1158010
0.13,1159393
0.13,1157793
0.13,1163273
0.13,1160141
0.13,1160000
0.13,1163359
0.13,1159412
0.13,1161180
0.13,1146028
0.13,1154233
0.13,1169016
0.13,1163610
0.13,1164884
0.13,1177604
0.13,1174278
0.13,1171048
0.13,1171653
0.13,1169080
0.13,1165821
0.13,1172295
0.13,1174591
0.13,1178568
0.13,1170532
0.13,1168483
0.13,1154543
0.13,1146426
0.13,1140363
0.13,1140184
0.13,1131489
0.13,1123858
0.13,1114160
0.13,1102900
0.13,1097443
0.13,1097754
0.13,1090426
0.13,1092458
0.13,1108365
0.13,1101910
0.13,1101658
0.13,1117390
0.13,1114472
0.13,1110713
0.13,1114717
0.13,1110794
0.13,1104418
0.13,1108374
0.13,1119217
0.13,1121757
0.13,1112947
0.13,1109944
0.13,1108570
0.13,1112228
0.13,1089867
0.13,1082219
0.13,1068405
0.13,1063553
0.13,1057659
0.13,1057489
0.13,1055519
0.13,1047545
0.13,1038138
0.13,1029959
0.13,1027780
0.13,1022894
0.13,1022514
0.13,1023921
0.13,1015962
0.13,1012878
0.13,1013135
0.13,1003342
0.13,1015085
0.13,1010567
0.13,1011240
0.13,1014685
0.13,1023812
0.13,1009533
0.13,1048148
0.13,996933
0.13,994887
0.13,991682
0.13,985496
0.14,990662
0.14,985618
0.14,991412
0.14,992583
0.14,991175
0.14,999093
0.14,1001785
0.14,1013627
0.14,1017564
0.14,1023588
0.14,1018671
0.14,1022606
0.14,1022387
0.14,1014050
0.14,1001487
0.14,998445
0.14,995528
0.14,998579
0.14,1006080
0.14,1017166
0.14,1024713
0.14,1009461
0.14,1009609
0.14,1022289
0.14,1022967
0.14,1021830
0.14,1014968
0.14,1018664
0.14,1004265
0.14,1007909
0.14,1026133
0.14,1045883
0.14,980176
0.14,981967
0.14,974413
0.14,973640
0.14,980268
0.14,976652
0.14,967802
0.14,971053
0.14,977208
0.14,975282
0.14,975339
0.14,973232
0.14,972696
0.14,977533
0.14,974247
0.14,971752
0.14,969016
0.14,959626
0.14,957934
0.14,954072
0.14,943099
0.14,943930
0.14,941998
0.14,938008
0.14,939388
0.14,942962
0.14,939622
0.14,937329
0.14,939857
0.14,939342
0.14,941217
0.14,942712
0.14,940316
0.14,936759
0.14,933843
0.14,931317
0.14,926106
0.14,919780
0.14,920835
0.14,926708
0.14,924660
0.14,919469
0.14,920252
0.14,916580
0.14,911626
0.14,905647
0.14,900859
0.14,898682
0.14,893118
0.14,893944
0.14,896867
0.14,897398
0.14,893014
0.14,890444
0.14,889796
0.14,898012
0.15,894818
0.15,894772
0.15,895243
0.15,891120
0.15,889051
0.15,884547
0.15,890456
0.15,896150
0.15,895337
0.15,885219
0.15,885299
0.15,878194
0.15,883898
0.15,879506
0.15,877486
0.15,874658
0.15,881525
0.15,867270
0.15,870671
0.15,883456
0.15,885847
0.15,890270
0.15,894418
0.15,898968
0.15,905118
0.15,915796
0.15,903940
0.15,898932
0.15,899670
0.15,916873
0.15,922660
0.15,914058
0.15,915941
0.15,918380
0.15,918507
0.15,913247
0.15,921167
0.15,929390
0.15,932252
0.15,945522
0.15,939874
0.15,947796
0.15,952989
0.15,955141
0.15,970638
0.15,972626
0.15,1005062
0.15,1022069
0.15,1097899
0.15,1027854
0.15,992222
0.15,979408
0.15,971840
0.15,970520
0.15,959551
0.15,965047
0.15,954427
0.15,956739
0.15,944994
0.15,984525
0.15,989027
0.15,1006283
0.15,1005364
0.15,1007565
0.15,1019720
0.15,1041883
0.15,1040376
0.15,1046111
0.15,1046459
0.15,1049659
0.15,1051284
0.15,1052183
0.15,1055512
0.15,1046999
0.15,1013426
0.15,1014297
0.15,1013304
0.15,1002772
0.15,995516
0.15,986732
0.15,972557
0.15,932787
0.15,917238
0.15,901391
0.15,896043
0.15,898607
0.15,894860
0.15,893803
0.15,904633
0.15,883390
0.16,882930
0.16,883188
0.16,882364
0.16,877190
0.16,870686
0.16,871465
0.16,872750
0.16,875012
0.16,876679
0.16,880816
0.16,878144
0.16,864658
0.16,860963
0.16,859459
0.16,856661
0.16,853430
0.16,849973
0.16,848137
0.16,844827
0.16,841520
0.16,842842
0.16,841700
0.16,844016
0.16,838118
0.16,836553
0.16,831830
0.16,837574
0.16,839327
0.16,832997
0.16,828018
0.16,830044
0.16,834102
0.16,842421
0.16,846622
0.16,851953
0.16,859282
0.16,855388
0.16,853018
0.16,846220
0.16,844161
0.16,852993
0.16,851478
0.16,838771
0.16,845056
0.16,847755
0.16,855995
0.16,857695
0.16,851358
0.16,858535
0.16,860300
0.16,860813
0.16,847133
0.16,840588
0.16,845098
0.16,852991
0.16,862225
0.16,859714
0.16,863958
0.16,889403
0.16,919536
0.16,847369
0.16,843542
0.16,843019
0.16,845677
0.16,841567
0.16,836931
0.16,827773
0.16,825815
0.16,828667
0.16,826741
0.16,834716
0.16,834396
0.16,821498
0.16,820551
0.16,819508
0.16,816137
0.16,814512
0.16,811422
0.16,808710
0.16,804390
0.16,803070
0.16,798448
0.16,795751
0.16,791791
0.16,789142
0.16,789489
0.16,786243
0.16,783712
0.16,784663
0.16,783753
0.17,782427
0.17,783318
0.17,779951
0.17,778231
0.17,775290
0.17,778222
0.17,778249
0.17,779403
0.17,780575
0.17,780334
0.17,782713
0.17,784129
0.17,785308
0.17,797561
0.17,797564
0.17,789003
0.17,790628
0.17,806039
0.17,820407
0.17,854319
0.17,866249
0.17,868523
0.17,870559
0.17,888096
0.17,897371
0.17,917039
0.17,934059
0.17,938367
0.17,930701
0.17,927758
0.17,925251
0.17,918110
0.17,915740
0.17,905555
0.17,881452
0.17,876792
0.17,869399
0.17,865617
0.17,861726
0.17,841709
0.17,836095
0.17,803458
0.17,828209
0.17,828277
0.17,842256
0.17,843368
0.17,863869
0.17,865900
0.17,875032
0.17,884628
0.17,920091
0.17,917614
0.17,868929
0.17,871399
0.17,844921
0.17,844800
0.17,838645
0.17,835376
0.17,832467
0.17,823173
0.17,815452
0.17,798182
0.17,792011
0.17,772913
0.17,770612
0.17,769758
0.17,767762
0.17,765644
0.17,763594
0.17,762945
0.17,761095
0.17,760929
0.17,759040
0.17,757354
0.17,763958
0.17,767132
0.17,767028
0.17,780644
0.17,773436
0.17,777636
0.17,781163
0.17,777818
0.17,780500
0.17,782674
0.17,786973
0.17,789645
0.17,792272
0.17,791742
0.18,796498
0.18,794967
0.18,794158
0.18,798539
0.18,803707
0.18,802944
0.18,800934
0.18,800586
0.18,799667
0.18,801150
0.18,805512
0.18,808668
0.18,812625
0.18,813088
0.18,809714
0.18,806583
0.18,804144
0.18,806654
0.18,803183
0.18,797207
0.18,801103
0.18,805821
0.18,816319
0.18,814720
0.18,812540
0.18,813797
0.18,810754
0.18,803853
0.18,790343
0.18,849804
0.18,816578
0.18,784690
0.18,770178
0.18,760987
0.18,755284
0.18,755770
0.18,755383
0.18,754025
0.18,755065
0.18,758018
0.18,758109
0.18,762021
0.18,765607
0.18,769288
0.18,769633
0.18,764037
0.18,762473
0.18,765614
0.18,762914
0.18,761680
0.18,762433
0.18,776858
0.18,772271
0.18,781450
0.18,786733
0.18,790953
0.18,798278
0.18,799177
0.18,803122
0.18,798967
0.18,801592
0.18,795858
0.18,792859
0.18,795118
0.18,798819
0.18,805547
0.18,802501
0.18,799387
0.18,797646
0.18,797327
0.18,793279
0.18,789479
0.18,790813
0.18,792659
0.18,779871
0.18,779569
0.18,775735
0.18,775685
0.18,777152
0.18,777845
0.18,776600
0.18,804051
0.18,825587
0.18,751477
0.18,751503
0.18,749466
0.18,747489
0.18,750808
0.18,751459
0.19,756422
0.19,755235
0.19,747433
0.19,759119
0.19,775160
0.19,808689
0.19,827628
0.19,828951
0.19,835274
0.19,862309
0.19,868890
0.19,885386
0.19,910607
0.19,918968
0.19,924897
0.19,925994
0.19,928775
0.19,934678
0.19,929661
0.19,939059
0.19,892724
0.19,928195
0.19,923568
0.19,894729
0.19,890327
0.19,854056
0.19,837289
0.19,759829
0.19,754736
0.19,744200
0.19,738992
0.19,736135
0.19,734674
0.19,735109
0.19,736585
0.19,738997
0.19,738934
0.19,739246
0.19,742871
0.19,740964
0.19,740294
0.19,748178
0.19,761819
0.19,801743
0.19,816687
0.19,818010
0.19,824333
0.19,851368
0.19,857949
0.19,874445
0.19,899666
0.19,908027
0.19,913956
0.19,915053
0.19,917834
0.19,923737
0.19,918720
0.19,928118
0.19,881783
0.19,917254
0.19,912627
0.19,883788
0.19,879386
0.19,843115
0.19,826348
0.19,748888
0.19,743795
0.19,733259
0.19,733677
0.19,730392
0.19,728548
0.19,728593
0.19,730977
0.19,733573
0.19,733395
0.19,733054
0.19,733544
0.19,735267
0.19,735672
0.19,735272
0.19,736001
0.19,738442
0.19,740635
0.19,738375
0.19,737919
0.19,738680
0.19,738772
0.19,737320
0.19,734202
0.19,737339
0.20,738189
0.20,736050
0.20,730804
0.20,732108
0.20,731886
0.20,734740
0.20,735909
0.20,739134
0.20,746383
0.20,749703
0.20,755167
0.20,761537
0.20,767084
0.20,766846
0.20,763016
0.20,763395
0.20,759884
0.20,758687
0.20,767794
0.20,767817
0.20,766501
0.20,766556
0.20,766424
0.20,761650
0.20,757328
0.20,753372
0.20,748688
0.20,747873
0.20,750362
0.20,730172
0.20,729945
0.20,736714
0.20,752844
0.20,765209
0.20,796320
0.20,821475
0.20,752241
0.20,756438
0.20,748001
0.20,747383
0.20,743352
0.20,741172
0.20,741359
0.20,737251
0.20,741163
0.20,737442
0.20,735012
0.20,733899
0.20,733639
0.20,735530
0.20,732967
0.20,733049
0.20,722449
0.20,721112
0.20,721183
0.20,721295
0.20,718373
0.20,717307
0.20,724141
0.20,729032
0.20,734995
0.20,742504
0.20,752686
0.20,750774
0.20,744682
0.20,743711
0.20,740986
0.20,743650
0.20,752254
0.20,756098
0.20,757442
0.20,758756
0.20,759704
0.20,755808
0.20,755557
0.20,752813
0.20,750601
0.20,752236
0.20,752404
0.20,744044
0.20,744093
0.20,747882
0.20,754690
0.20,768657
0.20,805096
0.20,829302
0.20,765338
0.20,771278
0.20,753028
0.20,751327
0.21,746373
0.21,746129
0.21,744375
0.21,739477
0.21,738978
0.21,737185
0.21,740185
0.21,738829
0.21,743237
0.21,736984
0.21,735448
0.21,733634
0.21,722984
0.21,720175
0.21,719212
0.21,718598
0.21,715998
0.21,714332
0.21,712939
0.21,711834
0.21,710665
0.21,709490
0.21,708408
0.21,709207
0.21,707350
0.21,710463
0.21,712148
0.21,714577
0.21,717794
0.21,719737
0.21,719121
0.21,718129
0.21,716966
0.21,714904
0.21,708922
0.21,706208
0.21,708387
0.21,710341
0.21,711739
0.21,714862
0.21,721502
0.21,727216
0.21,733080
0.21,740792
0.21,745624
0.21,743914
0.21,740024
0.21,740535
0.21,733786
0.21,732431
0.21,739015
0.21,743554
0.21,743834
0.21,744350
0.21,744498
0.21,742823
0.21,743944
0.21,741097
0.21,740686
0.21,742166
0.21,743336
0.21,738192
0.21,736320
0.21,735670
0.21,744954
0.21,760322
0.21,790237
0.21,814653
0.21,752843
0.21,756715
0.21,756726
0.21,757620
0.21,738577
0.21,735570
0.21,733565
0.21,729862
0.21,727560
0.21,727657
0.21,726906
0.21,724512
0.21,725940
0.21,726551
0.21,731568
0.21,724994
0.21,715480
0.21,710198
0.21,710027
0.21,704889
0.22,704879
0.22,703868
0.22,702216
0.22,705090
0.22,712190
0.22,719031
0.22,724848
0.22,732757
0.22,738567
0.22,737314
0.22,734468
0.22,735750
0.22,733170
0.22,733886
0.22,742665
0.22,744939
0.22,745855
0.22,742055
0.22,740075
0.22,733850
0.22,735195
0.22,732173
0.22,733513
0.22,735693
0.22,740547
0.22,737402
0.22,738284
0.22,740887
0.22,749691
0.22,764386
0.22,796905
0.22,819419
0.22,749165
0.22,748748
0.22,745750
0.22,743702
0.22,742456
0.22,747468
0.22,748720
0.22,745595
0.22,745523
0.22,726818
0.22,724021
0.22,722142
0.22,723801
0.22,722308
0.22,723611
0.22,725302
0.22,716837
0.22,713118
0.22,712146
0.22,716063
0.22,710322
0.22,709583
0.22,704756
0.22,704702
0.22,702908
0.22,701200
0.22,701515
0.22,706399
0.22,711887
0.22,720433
0.22,721269
0.22,719646
0.22,717039
0.22,715840
0.22,716300
0.22,714933
0.22,712111
0.22,710116
0.22,708552
0.22,708045
0.22,707297
0.22,704713
0.22,704497
0.22,705906
0.22,706630
0.22,703901
0.22,702654
0.22,699938
0.22,698984
0.22,698056
0.22,696975
0.22,699585
0.22,695930
0.22,695040
0.22,694163
0.22,694498
0.22,696733
0.22,697639
0.23,700152
0.23,701641
0.23,703760
0.23,703885
0.23,698140
0.23,699647
0.23,702688
0.23,701234
0.23,699928
0.23,698918
0.23,695219
0.23,695453
0.23,694696
0.23,693967
0.23,692988
0.23,692151
0.23,691321
0.23,693974
0.23,700533
0.23,701164
0.23,692405
0.23,690510
0.23,694500
0.23,694102
0.23,689251
0.23,688726
0.23,688016
0.23,687462
0.23,686853
0.23,687517
0.23,689186
0.23,692326
0.23,693877
0.23,692645
0.23,692835
0.23,694651
0.23,696616
0.23,699332
0.23,705307
0.23,706471
0.23,706532
0.23,715886
0.23,731147
0.23,764841
0.23,775939
0.23,778428
0.23,781225
0.23,797847
0.23,800539
0.23,820149
0.23,838216
0.23,845689
0.23,843006
0.23,835896
0.23,836336
0.23,833516
0.23,834137
0.23,825766
0.23,800547
0.23,802097
0.23,798681
0.23,797628
0.23,795660
0.23,769427
0.23,763527
0.23,730909
0.23,753645
0.23,753991
0.23,760515
0.23,758237
0.23,775678
0.23,777555
0.23,788416
0.23,797498
0.23,836002
0.23,835934
0.23,793310
0.23,796924
0.23,772591
0.23,773054
0.23,769009
0.23,766187
0.23,764496
0.23,756886
0.23,754073
0.23,736525
0.23,733280
0.23,724016
0.23,714296
0.23,718918
0.24,718780
0.24,735304
0.24,731992
0.24,730589
0.24,722125
0.24,723700
0.24,725597
0.24,718181
0.24,721898
0.24,720218
0.24,723603
0.24,729439
0.24,734411
0.24,734509
0.24,736817
0.24,735492
0.24,731984
0.24,733784
0.24,736685
0.24,736309
0.24,736379
0.24,738831
0.24,738142
0.24,738458
0.24,738508
0.24,740213
0.24,742203
0.24,747902
0.24,746479
0.24,745674
0.24,744208
0.24,740728
0.24,738334
0.24,739826
0.24,742966
0.24,741152
0.24,745924
0.24,744186
0.24,746889
0.24,748728
0.24,745690
0.24,744426
0.24,732373
0.24,788620
0.24,761615
0.24,725402
0.24,704605
0.24,703968
0.24,705576
0.24,691800
0.24,688047
0.24,686252
0.24,685661
0.24,685085
0.24,684707
0.24,684145
0.24,683758
0.24,686961
0.24,706591
0.24,698769
0.24,696017
0.24,694755
0.24,683882
0.24,683214
0.24,682731
0.24,682326
0.24,681928
0.24,682083
0.24,684595
0.24,686634
0.24,686330
0.24,687071
0.24,686753
0.24,689503
0.24,688758
0.24,687500
0.24,692354
0.24,714320
0.24,750784
0.24,764515
0.24,770082
0.24,785880
0.24,792372
0.24,796070
0.24,809826
0.24,813423
0.24,842919
0.24,858853
0.24,864806
0.25,873593
0.25,867259
0.25,893716
0.25,877341
0.25,896748
0.25,879588
0.25,837027
0.25,830353
0.25,818199
0.25,788677
0.25,752926
0.25,692870
0.25,681023
0.25,680562
0.25,680210
0.25,681580
0.25,679894
0.25,678815
0.25,678501
0.25,678219
0.25,677841
0.25,677569
0.25,677309
0.25,676899
0.25,676409
0.25,676164
0.25,675924
0.25,675707
0.25,675495
0.25,675313
0.25,674949
0.25,674783
0.25,674628
0.25,674499
0.25,674401
0.25,674379
0.25,677626
0.25,679156
0.25,679894
0.25,681159
0.25,683912
0.25,682453
0.25,681294
0.25,689179
0.25,702860
0.25,742784
0.25,757728
0.25,759051
0.25,765371
0.25,782966
0.25,794977
0.25,789603
0.25,806434
0.25,831445
0.25,847661
0.25,852027
0.25,860173
0.25,865582
0.25,869011
0.25,886987
0.25,865220
0.25,875189
0.25,854485
0.25,822513
0.25,820095
0.25,784156
0.25,767389
0.25,689929
0.25,684836
0.25,674300
0.25,676361
0.25,679088
0.25,680929
0.25,685449
0.25,683495
0.25,681556
0.25,689606
0.25,704981
0.25,737701
0.25,756204
0.25,758804
0.25,760850
0.25,768975
0.25,792160
0.25,795157
0.25,792966
0.25,828114
0.25,842687
0.25,847364
0.25,853898
0.25,858669
0.26,874742
0.26,866411
0.26,883505
0.26,847761
0.26,856434
0.26,850976
0.26,818920
0.26,792542
0.26,769511
0.26,710272
0.26,687706
0.26,674094
0.26,674022
0.26,674093
0.26,673262
0.26,673365
0.26,680853
0.26,680410
0.26,682678
0.26,672332
0.26,683918
0.26,673674
0.26,676317
0.26,672027
0.26,671995
0.26,671973
