0.00, 7177606
0.01, 7176024
0.01, 7174800
0.01, 7170396
0.01, 7167952
0.01, 7156441
0.01, 7142686
0.01, 7129431
0.01, 7101917
0.01, 7091051
0.01, 7042800
0.01, 7037459
0.01, 7013174
0.01, 6983595
0.01, 6967040
0.01, 6885124
0.01, 6875191
0.01, 6850609
0.01, 6849444
0.01, 6839445
0.01, 6834245
0.01, 6802209
0.01, 6801886
0.01, 6795450
0.01, 6786208
0.01, 6745019
0.01, 6702860
0.01, 6696927
0.01, 6595936
0.01, 6583624
0.01, 6570667
0.01, 6548657
0.01, 6538545
0.01, 6534045
0.01, 6531566
0.01, 6511239
0.01, 6487988
0.01, 6468016
0.01, 6464284
0.01, 6446912
0.01, 6445690
0.01, 6445108
0.01, 6438769
0.01, 6434018
0.01, 6381020
0.01, 6361189
0.01, 6359303
0.01, 6359154
0.01, 6358140
0.01, 6356385
0.01, 6317997
0.01, 6309259
0.01, 6303586
0.01, 6301493
0.01, 6282793
0.01, 6231906
0.01, 6229073
0.01, 6228993
0.01, 6213907
0.01, 6205120
0.01, 6196407
0.01, 6195888
0.01, 6184516
0.01, 6155609
0.01, 6149802
0.01, 6148303
0.01, 6131391
0.01, 6103728
0.01, 6095047
0.01, 6060361
0.01, 5989106
0.01, 5978272
0.01, 5955593
0.01, 5949031
0.01, 5944293
0.01, 5943669
0.01, 5932377
0.01, 5932288
0.01, 5929747
0.02, 5925863
0.02, 5882781
0.02, 5881477
0.02, 5814779
0.02, 5749775
0.02, 5732579
0.02, 5729914
0.02, 5728902
0.02, 5728126
0.02, 5673834
0.02, 5670153
0.02, 5661599
0.03, 5640701
0.03, 5633179
0.03, 5626037
0.03, 5620727
0.03, 5620026
0.03, 5616832
0.03, 5609939
0.03, 5594392
0.03, 5586123
0.03, 5576562
0.03, 5563833
0.03, 5484595
0.03, 5480743
0.03, 5476049
0.03, 5470287
0.03, 5465746
0.03, 5464837
0.03, 5453930
0.03, 5448620
0.03, 5445848
0.03, 5398298
0.03, 5395410
0.03, 5380088
0.03, 5378246
0.03, 5363334
0.03, 5350354
0.03, 5325306
0.03, 5320514
0.03, 5309741
0.03, 5249929
0.03, 5245044
0.03, 5243937
0.03, 5236858
0.03, 5218148
0.03, 5214158
0.03, 5204980
0.04, 5179749
0.04, 5141613
0.04, 5120121
0.04, 5119749
0.04, 5110915
0.04, 5106740
0.04, 5104818
0.04, 5098392
0.04, 5089402
0.10, 5088253
0.10, 5082274
0.10, 5056177
0.10, 5052240
0.10, 5051063
0.10, 5049219
0.10, 5012098
0.10, 5011138
0.10, 4957923
0.10, 4957315
0.10, 4956623
0.10, 4955430
0.10, 4942788
0.10, 4930274
0.10, 4922446
0.10, 4916538
0.10, 4914248
0.10, 4896210
0.11, 4888165
0.11, 4861525
0.11, 4855695
0.11, 4855533
0.11, 4851609
0.11, 4829706
0.11, 4811654
0.11, 4806976
0.11, 4799523
0.11, 4785269
0.11, 4779094
0.27, 4764018
0.27, 4755874
0.27, 4743017
0.27, 4739308
0.27, 4733852
0.27, 4732610
0.27, 4729084
0.27, 4724541
0.27, 4721634
0.27, 4721016
0.27, 4687058
0.27, 4686437
0.27, 4685569
0.27, 4672888
0.31, 4661587
0.31, 4647034
0.32, 4642923
0.32, 4641945
0.32, 4639347
0.32, 4562974
0.32, 4559567
0.32, 4558647
0.32, 4527352
0.32, 4521041
0.32, 4509960
0.32, 4495712
0.32, 4478625
0.32, 4478229
0.32, 4452354
0.32, 4447393
0.36, 4446152
0.36, 4440036
0.36, 4428547
0.36, 4425216
0.36, 4425154
0.36, 4421926
0.36, 4421430
0.36, 4420669
0.36, 4394633
0.36, 4389851
0.36, 4388583
0.36, 4379429
0.36, 4371025
0.36, 4368469
0.36, 4326714
0.36, 4323666
0.36, 4322299
0.36, 4321559
0.36, 4316815
0.36, 4311419
0.36, 4303347
0.36, 4297546
0.36, 4295166
0.42, 4287732
0.42, 4285249
0.42, 4285148
0.42, 4275468
0.42, 4275429
0.42, 4265792
0.42, 4251201
0.42, 4248895
0.42, 4248223
0.42, 4225497
0.42, 4225090
0.42, 4185275
0.42, 4181259
0.42, 4178342
0.42, 4178214
0.45, 4143455
0.45, 4122485
0.45, 4120605
0.45, 4119439
0.45, 4110152
0.45, 4108752
0.45, 4088412
0.45, 4077710
0.45, 4066599
0.45, 4065416
0.45, 4046554
0.45, 4008630
0.45, 3954104
0.56, 3950101
0.56, 3892608
0.56, 3879107
0.57, 3877568
0.57, 3876378
0.57, 3872392
0.57, 3865690
0.57, 3831428
0.57, 3827695
0.57, 3808823
0.57, 3804656
0.57, 3800432
0.57, 3797307
0.57, 3797169
0.57, 3796548
0.57, 3786638
0.57, 3776015
0.57, 3773217
0.58, 3747119
0.58, 3740376
0.58, 3733806
0.58, 3724438
0.58, 3722981
0.58, 3720940
0.58, 3701875
0.58, 3694934
0.64, 3683295
0.64, 3660078
0.64, 3654193
0.64, 3636002
0.64, 3634197
0.64, 3630926
0.64, 3628674
0.64, 3620860
0.69, 3618543
0.69, 3616171
0.69, 3613496
0.69, 3607853
0.69, 3604784
0.69, 3603812
0.69, 3589727
0.69, 3582797
0.69, 3582420
0.69, 3578799
0.69, 3569412
0.69, 3561777
0.69, 3560749
0.69, 3536889
0.69, 3531760
0.69, 3529049
0.69, 3528778
0.69, 3462158
0.69, 3461989
0.69, 3457720
0.69, 3446230
0.70, 3441923
0.70, 3425635
0.70, 3424588
0.70, 3423730
0.70, 3421294
0.70, 3418928
0.70, 3416958
0.70, 3404872
0.70, 3402251
0.70, 3398608
0.70, 3398519
0.70, 3387539
0.72, 3386842
0.72, 3386820
0.72, 3385858
0.72, 3363985
0.72, 3362398
0.72, 3358471
0.72, 3358058
0.72, 3357744
0.72, 3357307
0.72, 3354843
0.72, 3351573
0.72, 3333948
0.72, 3315074
0.72, 3313450
0.72, 3313355
0.72, 3299911
0.72, 3289892
0.72, 3281579
0.78, 3269357
0.78, 3268654
0.78, 3268442
0.78, 3267686
0.78, 3244263
0.78, 3219821
0.78, 3218284
0.78, 3217011
0.78, 3204032
0.78, 3199467
0.78, 3194614
0.78, 3189411
0.78, 3187764
0.78, 3187259
0.78, 3180241
0.78, 3172567
0.78, 3156223
0.78, 3151678
0.78, 3148605
0.78, 3136614
0.78, 3129752
0.78, 3127413
0.78, 3120574
0.78, 3117329
0.78, 3103616
0.78, 3100362
0.78, 3093895
0.79, 3093263
0.80, 3082595
0.80, 3080815
0.80, 3080699
0.80, 3079729
0.80, 3072632
0.80, 3064855
0.82, 3050218
0.82, 3049936
0.82, 3044129
0.82, 3036074
0.82, 3029951
0.82, 3029733
0.82, 3029066
0.85, 3023994
0.85, 3017499
0.85, 3017459
0.85, 3014348
0.85, 2982246
0.85, 2979199
0.85, 2973744
0.85, 2973536
0.88, 2944975
0.88, 2926632
0.88, 2924940
0.88, 2898263
0.88, 2893176
0.88, 2890250
0.88, 2877511
0.88, 2828435
0.88, 2827190
0.88, 2826463
0.88, 2825024
0.88, 2820724
0.88, 2818532
0.88, 2816884
0.88, 2813906
0.88, 2803634
0.90, 2791449
0.90, 2790672
0.90, 2785213
0.90, 2783718
0.90, 2781079
0.90, 2780830
0.90, 2774333
0.90, 2750512
0.90, 2745595
0.90, 2741073
0.90, 2739483
0.90, 2735595
0.90, 2730061
0.90, 2699066
0.90, 2696047
0.94, 2694232
0.94, 2690909
0.94, 2690042
0.94, 2647307
0.94, 2643804
0.94, 2641216
0.94, 2632596
0.94, 2628125
0.94, 2616781
0.94, 2592346
0.98, 2580005
0.98, 2579343
0.98, 2576477
0.98, 2574137
0.98, 2554384
0.98, 2553557
0.98, 2551830
0.98, 2545594
0.98, 2540581
0.98, 2535650
0.98, 2527844
0.98, 2527560
0.98, 2523675
0.98, 2512942
0.98, 2511548
0.98, 2509588
0.98, 2488781
0.98, 2483954
0.98, 2476321
0.98, 2463727
0.98, 2460110
0.98, 2450551
0.98, 2434886
0.98, 2434377
1.00, 2431452
1.00, 2430238
1.00, 2419922
1.00, 2415739
1.00, 2409872
1.00, 2407279
1.00, 2388502
1.02, 2388421
1.02, 2384455
1.02, 2379610
1.02, 2357143
1.02, 2356947
1.02, 2355612
1.02, 2354623
1.06, 2351861
1.06, 2337827
1.06, 2334629
1.06, 2334568
1.06, 2316274
1.06, 2310152
1.06, 2293862
1.06, 2289958
1.06, 2256735
1.06, 2246528
1.06, 2238323
1.07, 2237834
1.07, 2235892
1.07, 2235874
1.07, 2230405
1.07, 2220845
1.07, 2210893
1.07, 2198545
1.07, 2198060
1.07, 2196131
1.07, 2195649
1.07, 2194942
1.07, 2191493
1.14, 2184299
1.14, 2179971
1.14, 2179744
1.14, 2178538
1.14, 2173024
1.14, 2170141
1.14, 2164667
1.14, 2161816
1.14, 2155061
1.14, 2153760
1.14, 2152722
1.14, 2143840
1.14, 2143241
1.14, 2138789
1.14, 2138437
1.14, 2135752
1.14, 2135362
1.14, 2130037
1.14, 2129767
1.14, 2125679
1.14, 2121405
1.14, 2115563
1.14, 2109804
1.14, 2096412
1.14, 2087451
1.14, 2076785
1.14, 2062672
1.14, 2037725
1.15, 2032391
1.15, 2030424
1.15, 2023614
1.15, 2012677
1.15, 2009345
1.15, 2002885
1.15, 2000405
1.15, 1997026
1.15, 1989691
1.22, 1980098
1.22, 1979788
1.22, 1978222
1.22, 1972289
1.22, 1970335
1.23, 1968135
1.23, 1966815
1.23, 1966266
1.23, 1961735
1.23, 1959458
1.24, 1959138
1.24, 1956561
1.24, 1955764
1.24, 1950881
1.24, 1941751
1.24, 1932082
1.24, 1926136
1.24, 1916279
1.24, 1908517
1.26, 1901765
1.27, 1898067
1.27, 1897508
1.27, 1886726
1.27, 1880090
1.27, 1876727
1.27, 1875250
1.31, 1873261
1.31, 1873064
1.31, 1866425
1.31, 1864586
1.31, 1858521
1.31, 1853641
1.31, 1849050
1.31, 1846898
1.31, 1844408
1.31, 1844095
1.31, 1844037
1.31, 1843415
1.31, 1839878
1.31, 1834404
1.33, 1833807
1.33, 1821248
1.33, 1819818
1.33, 1796456
1.33, 1792988
1.33, 1787715
1.33, 1785827
1.33, 1783802
1.33, 1783577
1.33, 1782905
1.33, 1774470
1.33, 1770593
1.37, 1762900
1.37, 1760287
1.37, 1758424
1.37, 1753448
1.37, 1749882
1.37, 1740848
1.37, 1736312
1.39, 1732213
1.39, 1731137
1.39, 1721496
1.40, 1717558
1.40, 1708508
1.40, 1708218
1.40, 1695254
1.40, 1693919
1.40, 1692858
1.40, 1691973
1.40, 1682868
1.40, 1681596
1.40, 1678463
1.40, 1675651
1.40, 1671690
1.40, 1665713
1.40, 1665709
1.40, 1662243
1.41, 1659387
1.42, 1654321
1.42, 1648466
1.42, 1648445
1.42, 1647763
1.42, 1646992
1.45, 1645993
1.45, 1640437
1.45, 1637891
1.45, 1637597
1.45, 1629039
1.45, 1624797
1.45, 1619916
1.45, 1616419
1.45, 1616115
1.45, 1611502
1.45, 1610824
1.45, 1610717
1.45, 1609825
1.45, 1608947
1.45, 1608572
1.45, 1606785
1.45, 1606357
1.45, 1604735
1.45, 1602529
1.45, 1602342
1.45, 1602229
1.45, 1600277
1.45, 1596542
1.45, 1594922
1.45, 1594892
1.45, 1588471
1.45, 1588150
1.45, 1584117
1.45, 1584035
1.45, 1573325
1.46, 1572736
1.46, 1571317
1.46, 1570277
1.46, 1569029
1.46, 1567655
1.46, 1557884
1.46, 1557722
1.46, 1557622
1.46, 1552951
1.46, 1548315
1.46, 1545656
1.48, 1544545
1.48, 1536713
1.48, 1535062
1.48, 1535000
1.48, 1533984
1.48, 1531148
1.48, 1528668
1.48, 1527245
1.48, 1526386
1.48, 1523946
1.48, 1523110
1.48, 1519317
1.48, 1518575
1.48, 1517736
1.48, 1517200
1.48, 1516266
1.48, 1515741
1.48, 1515569
1.48, 1515210
1.48, 1513629
1.49, 1512187
1.49, 1511876
1.49, 1503135
1.49, 1501843
1.49, 1498305
1.49, 1497173
1.49, 1492126
1.49, 1484975
1.49, 1471707
1.49, 1468603
1.49, 1467447
1.49, 1461022
1.50, 1452862
1.50, 1452520
1.50, 1444574
1.55, 1441988
1.55, 1441844
1.55, 1438887
1.55, 1429550
1.55, 1426199
1.55, 1423478
1.55, 1422607
1.63, 1422347
1.63, 1419880
1.63, 1419181
1.63, 1415756
1.63, 1407036
1.63, 1406713
1.63, 1405946
1.63, 1402040
1.63, 1401785
1.63, 1392828
1.63, 1392195
1.63, 1391195
1.63, 1389114
1.64, 1386414
1.64, 1383359
1.64, 1378254
1.64, 1377198
1.64, 1375273
1.64, 1374931
1.64, 1368992
1.64, 1364351
1.64, 1363603
1.64, 1362820
1.64, 1361145
1.64, 1359852
1.64, 1355313
1.64, 1355031
1.64, 1354149
1.64, 1351879
1.64, 1348648
1.64, 1347738
1.65, 1341353
1.65, 1336295
1.65, 1333281
1.65, 1332653
1.65, 1329276
1.65, 1328853
1.65, 1328384
1.65, 1323604
1.65, 1322120
1.65, 1321549
1.65, 1318432
1.65, 1316549
1.65, 1304735
1.74, 1304573
1.74, 1304095
1.74, 1303808
1.74, 1299947
1.74, 1299897
1.74, 1298701
1.74, 1298081
1.74, 1298034
1.74, 1295578
1.74, 1292843
1.74, 1291508
1.74, 1291077
1.74, 1289134
1.74, 1285170
1.74, 1284162
1.74, 1279837
1.74, 1279634
1.74, 1276986
1.74, 1273348
1.74, 1271231
1.74, 1270940
1.74, 1270311
1.74, 1268261
1.75, 1267545
1.75, 1262332
1.75, 1262029
1.75, 1260162
1.75, 1257021
1.75, 1255112
1.75, 1241447
1.75, 1241248
1.75, 1240855
1.75, 1238175
1.75, 1234438
1.75, 1233438
1.75, 1230078
1.75, 1225245
1.75, 1225061
1.75, 1222362
1.75, 1222091
1.75, 1218593
1.75, 1214826
1.75, 1213322
1.75, 1206592
1.75, 1202481
1.75, 1199984
1.75, 1195901
1.75, 1195746
1.75, 1193734
1.75, 1193332
1.75, 1185594
1.75, 1184248
1.75, 1183384
1.78, 1183374
1.78, 1179909
1.78, 1177379
1.78, 1174890
1.78, 1169927
1.78, 1169868
1.78, 1168150
1.78, 1166969
1.78, 1165959
1.78, 1165667
1.78, 1165106
1.78, 1164528
1.78, 1163745
1.78, 1157963
1.82, 1157335
1.82, 1156928
1.82, 1154254
1.82, 1153498
1.82, 1152912
1.82, 1152068
1.86, 1150178
1.86, 1149361
1.86, 1147460
1.86, 1145529
1.86, 1138432
1.86, 1135007
1.86, 1132850
1.86, 1132552
1.86, 1131999
1.86, 1130423
1.86, 1124640
1.86, 1122953
1.86, 1121327
1.86, 1118723
1.86, 1116346
1.86, 1112104
1.86, 1111951
1.91, 1110753
1.91, 1107285
1.93, 1107163
1.93, 1107110
1.93, 1104330
1.93, 1103155
1.93, 1099560
1.93, 1098777
1.93, 1097604
1.93, 1096832
1.93, 1094467
1.93, 1093162
1.93, 1090736
1.93, 1090505
1.93, 1087300
1.93, 1086406
1.93, 1084276
1.93, 1083823
1.93, 1080133
1.93, 1077426
1.93, 1072140
1.93, 1070161
1.94, 1069182
1.94, 1068364
1.94, 1066050
1.94, 1064720
1.94, 1063633
1.94, 1061912
1.94, 1061421
1.94, 1059554
1.94, 1059378
1.94, 1058060
1.95, 1056517
1.95, 1052249
1.95, 1051296
1.96, 1048196
1.96, 1047179
1.96, 1043433
1.96, 1042790
1.96, 1042692
1.96, 1042464
1.98, 1040775
1.98, 1040288
1.98, 1038587
1.98, 1038312
1.98, 1037103
1.98, 1034876
1.98, 1031050
1.98, 1030673
1.98, 1029304
1.98, 1026041
1.98, 1025421
1.98, 1023592
1.98, 1023279
1.98, 1023040
1.98, 1022728
1.98, 1014472
1.98, 1012406
1.98, 1012224
1.98, 1011693
1.98, 1009840
1.98, 1009249
1.98, 1008020
1.98, 1006096
1.98, 1001869
1.98, 1000116
1.98, 999671
1.98, 998432
1.98, 993629
1.98, 988903
1.98, 987921
1.98, 987082
1.98, 986726
1.98, 985600
1.98, 984833
1.98, 984454
1.98, 979406
1.98, 979187
1.98, 978480
1.98, 977088
1.98, 977087
2.08, 975887
2.08, 973861
2.08, 972880
2.08, 972302
2.08, 972159
2.08, 970612
2.08, 966096
2.08, 965911
2.08, 963800
2.08, 963577
2.08, 963505
2.09, 962618
2.09, 958507
2.09, 956512
2.09, 956324
2.09, 955287
2.09, 955181
2.09, 950898
2.09, 950241
2.09, 950075
2.16, 949175
2.16, 948055
2.16, 947830
2.16, 947538
2.16, 947177
2.16, 947050
2.16, 944682
2.17, 943454
2.17, 941220
2.17, 940790
2.17, 938988
2.17, 938144
2.17, 931462
2.17, 931386
2.17, 930654
2.17, 930199
2.17, 930118
2.17, 929216
2.17, 920464
2.17, 920423
2.17, 918727
2.17, 918434
2.17, 918077
2.17, 916964
2.17, 916852
2.17, 915948
2.17, 915492
2.17, 914140
2.17, 911602
2.17, 910612
2.17, 910298
2.17, 909687
2.17, 906762
2.17, 905886
2.18, 903346
2.19, 902249
2.19, 900598
2.19, 899129
2.23, 899047
2.23, 898642
2.23, 898463
2.23, 893678
2.23, 892810
2.23, 892742
2.23, 890893
2.23, 890454
2.23, 890203
2.23, 890189
2.24, 889507
2.25, 887912
2.25, 886044
2.25, 884320
2.26, 884292
2.26, 882526
2.26, 878496
2.26, 878132
2.26, 877903
2.26, 877652
2.26, 877172
2.26, 867694
2.26, 865997
2.26, 865875
2.26, 865474
2.26, 865154
2.26, 864434
2.27, 863760
2.27, 863510
2.27, 863451
2.27, 861312
2.27, 860874
2.27, 860818
2.27, 860119
2.27, 859645
2.27, 858677
2.27, 857564
2.27, 857448
2.27, 854335
2.27, 852748
2.27, 851716
2.27, 850797
2.27, 850323
2.28, 848774
2.28, 848695
2.28, 848087
2.28, 848044
2.30, 847830
2.30, 846910
2.30, 846737
2.30, 846497
2.30, 846382
2.30, 845817
2.31, 842103
2.31, 840811
2.31, 838465
2.31, 838335
2.31, 838277
2.31, 835985
2.31, 835825
2.31, 835304
2.33, 834571
2.33, 834554
2.33, 833558
2.34, 831821
2.34, 831759
2.34, 831195
2.34, 828876
2.34, 828610
2.34, 827383
2.34, 825282
2.34, 822231
2.34, 821657
2.37, 820770
2.37, 820513
2.42, 820065
2.42, 816523
2.42, 816401
2.42, 816363
2.42, 815937
2.42, 812824
2.42, 812083
2.42, 806623
2.46, 804077
2.47, 803342
2.47, 802917
2.47, 802265
2.47, 801246
2.47, 799849
2.47, 798895
2.48, 797945
2.48, 797928
2.48, 796516
2.48, 796089
2.48, 795829
2.48, 794306
2.48, 794002
2.49, 793616
2.49, 792386
2.49, 792304
2.49, 791992
2.49, 791262
2.49, 790190
2.52, 790004
2.52, 789425
2.52, 788051
2.52, 786892
2.52, 784914
2.52, 784482
2.52, 784270
2.52, 783937
2.52, 783481
2.52, 783188
2.52, 782212
2.52, 782169
2.52, 781419
2.52, 779258
2.52, 776910
2.52, 776413
2.52, 773854
2.52, 773622
2.52, 772632
2.52, 772588
2.56, 771914
2.56, 771678
2.56, 771600
2.56, 770512
2.56, 769258
2.56, 768994
2.56, 768117
2.56, 766862
2.56, 766227
2.56, 765864
2.56, 765340
2.56, 764925
2.56, 761775
2.56, 758708
2.56, 758200
2.56, 757966
2.56, 756464
2.56, 755022
2.57, 752929
2.57, 752846
2.57, 752390
2.64, 751988
2.64, 751773
2.64, 750589
2.64, 750544
2.65, 747811
2.65, 745415
2.65, 744546
2.65, 743651
2.66, 742867
2.66, 741913
2.66, 741747
2.66, 741692
2.66, 741624
2.66, 740346
2.66, 739881
2.66, 739537
2.66, 738785
2.71, 738760
2.71, 736798
2.71, 736343
2.71, 735805
2.71, 735677
2.71, 735594
2.71, 735375
2.71, 735331
2.71, 735293
2.71, 735290
2.71, 734981
2.72, 734637
2.72, 734114
2.72, 733718
2.72, 733362
2.72, 733201
2.72, 732270
2.72, 731474
2.73, 731233
2.73, 730628
2.73, 729103
2.73, 728694
2.73, 726316
2.73, 725680
2.73, 725384
2.73, 725345
2.73, 725012
2.75, 724970
2.80, 723055
2.80, 721620
2.80, 721455
2.80, 720937
2.80, 720701
2.80, 720438
2.80, 720376
2.80, 720321
2.80, 720065
2.81, 719994
2.81, 719660
2.85, 719327
2.85, 719165
2.85, 718842
2.85, 718307
2.85, 717372
2.85, 716668
2.85, 716620
2.86, 716373
2.86, 715771
2.86, 715491
2.86, 715439
2.86, 714507
2.86, 711610
2.86, 711357
2.86, 711012
2.86, 710567
2.86, 710508
2.86, 710217
2.86, 709944
2.86, 709920
2.87, 709266
2.87, 708740
2.87, 708522
2.87, 708415
2.87, 707799
2.87, 707337
2.87, 707099
2.87, 706057
2.87, 705546
2.87, 705121
2.87, 704505
2.87, 704240
2.87, 703580
2.88, 703513
2.95, 702126
2.95, 701914
2.95, 701320
2.95, 701209
2.95, 701036
2.95, 700494
2.97, 700361
2.98, 700247
2.98, 700202
2.98, 699624
2.98, 699520
2.98, 698676
2.98, 698578
2.98, 697577
2.98, 697097
2.98, 697035
2.99, 696357
2.99, 696225
2.99, 695835
2.99, 694324
3.00, 692571
3.09, 692313
3.09, 691629
3.09, 691383
3.10, 691037
3.10, 690793
3.10, 689618
3.10, 689174
3.10, 689147
3.10, 688942
3.11, 688918
3.11, 688387
3.11, 687608
3.11, 687004
3.11, 686714
3.12, 686224
3.12, 686006
3.12, 685486
3.12, 685326
3.12, 684726
3.12, 684721
3.14, 684120
3.14, 684090
3.14, 683700
3.14, 683523
3.15, 683508
3.16, 683206
3.17, 683048
3.17, 682863
3.18, 682848
3.25, 682309
3.25, 682089
3.25, 682029
3.25, 681957
3.25, 681858
3.26, 681693
3.26, 681405
3.26, 680515
3.26, 680176
3.28, 679871
3.28, 679530
3.28, 679193
3.32, 678684
3.34, 678499
3.34, 678282
3.34, 678239
3.34, 677933
3.34, 677553
3.35, 677450
3.36, 677425
3.36, 676957
3.43, 676309
3.43, 676027
3.43, 675538
3.45, 675429
3.46, 675397
3.46, 675345
3.47, 674904
3.49, 674556
3.51, 674530
3.52, 674470
3.52, 674404
3.52, 674116
3.53, 673722
3.54, 672818
3.56, 672801
3.56, 672700
3.58, 672540
3.59, 672222
3.59, 671845
3.61, 671541
3.61, 670939
3.72, 670190
3.84, 670184
3.85, 670180
3.85, 670143
3.85, 669926
3.86, 669904
3.87, 669757
3.89, 669713
3.89, 669642
3.91, 669580
3.91, 669408
3.97, 669366
4.06, 669148
4.06, 669038
4.34, 669010
6.62, 668970
6.62, 668795
6.62, 668625
6.62, 668269
6.62, 668157
6.63, 667844
6.63, 667155
6.63, 666702
6.68, 666498
6.68, 666337
6.69, 665691
6.69, 665536
6.70, 665286
6.71, 665246
6.71, 665002
6.95, 664388
6.96, 664380
6.96, 664080
7.14, 663641
7.15, 663500
7.16, 663403
7.16, 663343
7.16, 663283
7.16, 663255
7.18, 663186
7.57, 663152
7.59, 663124
7.68, 663122
7.79, 663120
7.79, 663088
15.68, 662793
15.70, 662399
15.70, 662235
15.70, 662122
15.79, 661943
15.80, 661851
15.94, 661716
15.94, 661360
15.96, 661154
15.97, 661094
15.97, 660947
15.98, 660868
16.10, 660845
16.10, 660557
16.11, 659933
16.13, 659911
16.14, 659828
16.14, 659826
16.17, 659704
16.18, 659551
16.22, 659179
16.22, 659147
16.23, 659119
16.45, 659067
16.46, 659007
16.46, 658985
16.56, 658836
16.56, 658808
16.58, 658786
