0.01, 6898870
0.01, 6873203
0.01, 6861005
0.01, 6852803
0.01, 6842374
0.01, 6803227
0.01, 6794002
0.01, 6770250
0.01, 6749976
0.01, 6738989
0.01, 6723252
0.01, 6723141
0.01, 6719167
0.01, 6688975
0.01, 6615223
0.01, 6590993
0.01, 6554234
0.01, 6524741
0.01, 6522285
0.01, 6518844
0.01, 6515719
0.01, 6511193
0.01, 6502151
0.01, 6501894
0.01, 6498504
0.01, 6491372
0.01, 6484717
0.01, 6481185
0.01, 6465683
0.01, 6462617
0.01, 6342024
0.01, 6339160
0.01, 6298029
0.01, 6297062
0.01, 6290859
0.01, 6279662
0.01, 6259065
0.01, 6236505
0.01, 6192400
0.01, 6159334
0.01, 6153898
0.01, 6153368
0.01, 6147248
0.01, 6146676
0.01, 6143630
0.01, 6098022
0.01, 6095462
0.01, 6093182
0.01, 6093156
0.01, 5967913
0.01, 5947534
0.01, 5947257
0.01, 5945832
0.01, 5902673
0.01, 5902383
0.01, 5884806
0.01, 5878534
0.01, 5877558
0.01, 5834143
0.01, 5826346
0.01, 5804664
0.01, 5786810
0.01, 5776343
0.01, 5754949
0.01, 5746915
0.01, 5719487
0.01, 5717553
0.01, 5711765
0.01, 5704119
0.01, 5679129
0.01, 5677409
0.01, 5674915
0.01, 5655863
0.01, 5587866
0.01, 5587835
0.01, 5586753
0.01, 5550272
0.01, 5533734
0.01, 5524548
0.01, 5510982
0.01, 5507857
0.01, 5506216
0.01, 5419764
0.01, 5419422
0.01, 5413093
0.01, 5341072
0.01, 5338740
0.01, 5336021
0.01, 5331727
0.01, 5322085
0.01, 5310507
0.01, 5308249
0.01, 5307680
0.01, 5305597
0.01, 5295691
0.05, 5293907
0.05, 5162195
0.05, 5160734
0.05, 5147229
0.15, 5140228
0.15, 5050773
0.15, 5048362
0.15, 5032404
0.15, 5018071
0.15, 5005677
0.15, 5004873
0.15, 4976031
0.15, 4921322
0.15, 4898121
0.15, 4869491
0.15, 4839349
0.15, 4837267
0.15, 4826640
0.15, 4825926
0.15, 4816038
0.15, 4810992
0.15, 4789350
0.15, 4770968
0.15, 4739362
0.15, 4731668
0.15, 4702417
0.15, 4701363
0.15, 4693434
0.15, 4684459
0.15, 4678930
0.15, 4672603
0.15, 4671314
0.15, 4670535
0.15, 4600880
0.31, 4596925
0.31, 4596142
0.31, 4578585
0.31, 4570193
0.31, 4538840
0.31, 4538627
0.31, 4532733
0.31, 4526175
0.31, 4525636
0.31, 4493075
0.31, 4484812
0.31, 4470783
0.31, 4470056
0.31, 4469427
0.31, 4468773
0.31, 4468076
0.31, 4466329
0.31, 4466325
0.31, 4465008
0.31, 4444136
0.31, 4427038
0.31, 4422992
0.31, 4413222
0.31, 4408258
0.31, 4399964
0.31, 4393730
0.31, 4366721
0.31, 4362178
0.31, 4338793
0.31, 4338563
0.31, 4337183
0.31, 4332065
0.31, 4309748
0.31, 4305198
0.31, 4293011
0.31, 4267732
0.31, 4267715
0.38, 4257666
0.38, 4250314
0.38, 4237320
0.38, 4235331
0.38, 4219967
0.39, 4213956
0.43, 4201425
0.43, 4196261
0.43, 4191672
0.43, 4186060
0.43, 4182025
0.43, 4177738
0.43, 4161795
0.43, 4145023
0.43, 4137940
0.43, 4128906
0.48, 4093325
0.48, 4092976
0.48, 4091153
0.48, 4090712
0.48, 4089803
0.48, 4079646
0.48, 4074414
0.48, 4070877
0.48, 4069088
0.48, 4058154
0.48, 4043639
0.48, 4013411
0.48, 4011070
0.49, 4010271
0.49, 3988448
0.49, 3986305
0.49, 3982184
0.53, 3966942
0.53, 3949445
0.53, 3933472
0.53, 3929824
0.53, 3926815
0.53, 3911732
0.53, 3909668
0.53, 3903494
0.53, 3895670
0.53, 3883671
0.53, 3881641
0.54, 3875332
0.54, 3867733
0.54, 3859887
0.54, 3854283
0.54, 3852951
0.54, 3843340
0.54, 3841641
0.54, 3829686
0.54, 3827582
0.54, 3806713
0.54, 3806109
0.54, 3780654
0.54, 3774672
0.54, 3773929
0.54, 3765148
0.59, 3734391
0.59, 3734179
0.59, 3720364
0.59, 3719305
0.59, 3707148
0.59, 3703612
0.59, 3702660
0.59, 3699362
0.59, 3697208
0.59, 3691544
0.59, 3644958
0.59, 3637613
0.59, 3628039
0.59, 3613887
0.59, 3613120
0.60, 3611907
0.60, 3603583
0.60, 3581038
0.60, 3551735
0.60, 3549844
0.60, 3540883
0.60, 3529171
0.64, 3528329
0.64, 3527443
0.64, 3519795
0.64, 3517354
0.64, 3516029
0.64, 3508171
0.64, 3490496
0.64, 3485522
0.64, 3455216
0.64, 3437563
0.64, 3405827
0.64, 3405814
0.64, 3405540
0.64, 3402409
0.67, 3395874
0.69, 3373511
0.69, 3365593
0.69, 3334096
0.69, 3330400
0.69, 3328367
0.69, 3325045
0.69, 3301868
0.69, 3288701
0.69, 3286477
0.71, 3285295
0.71, 3281756
0.71, 3278992
0.71, 3276108
0.71, 3275309
0.71, 3272009
0.71, 3216458
0.71, 3202525
0.71, 3181681
0.79, 3165679
0.79, 3153068
0.79, 3152527
0.79, 3143045
0.79, 3130750
0.79, 3117792
0.79, 3116780
0.79, 3113630
0.79, 3113008
0.79, 3111512
0.80, 3110354
0.80, 3102531
0.80, 3098112
0.81, 3084927
0.81, 3084708
0.81, 3079107
0.81, 3047426
0.81, 3002907
0.81, 2995879
0.81, 2994235
0.81, 2954713
0.81, 2954490
0.81, 2908617
0.81, 2902610
0.81, 2902276
0.81, 2886326
0.81, 2881218
0.81, 2872884
0.81, 2864648
0.81, 2855845
0.81, 2840353
0.81, 2839537
0.81, 2839073
0.81, 2834896
0.81, 2834419
0.81, 2834240
0.82, 2833234
0.82, 2814552
0.82, 2798699
0.82, 2760942
0.82, 2758450
0.82, 2753079
0.82, 2744767
0.82, 2743264
0.82, 2717336
0.87, 2697389
0.87, 2697094
0.87, 2687820
0.87, 2684952
0.87, 2668164
0.93, 2667674
0.93, 2662789
0.93, 2651170
0.93, 2648969
0.93, 2639390
0.93, 2628619
0.93, 2613321
0.93, 2610014
0.93, 2608882
0.97, 2599045
0.97, 2591033
0.97, 2589392
0.97, 2576690
0.97, 2562485
0.97, 2562310
0.97, 2557725
0.97, 2542485
0.97, 2532549
0.97, 2524635
0.97, 2517121
0.97, 2512015
0.97, 2511054
0.97, 2508583
0.97, 2505685
0.97, 2504629
0.97, 2503665
0.97, 2499290
0.97, 2491450
0.97, 2484062
0.97, 2480655
0.97, 2478564
0.97, 2478182
0.97, 2478140
0.97, 2476704
0.97, 2471461
0.99, 2467948
0.99, 2461326
0.99, 2460900
0.99, 2459365
0.99, 2457502
0.99, 2455400
0.99, 2454044
0.99, 2450599
0.99, 2444416
0.99, 2441198
0.99, 2437548
0.99, 2434601
1.00, 2428783
1.00, 2413864
1.00, 2412000
1.00, 2404996
1.00, 2402084
1.00, 2401820
1.00, 2400931
1.00, 2398621
1.00, 2391451
1.00, 2391124
1.00, 2384479
1.03, 2375122
1.03, 2368747
1.03, 2358157
1.03, 2351157
1.03, 2350551
1.03, 2349608
1.03, 2336116
1.03, 2333623
1.03, 2329467
1.03, 2329360
1.03, 2308833
1.03, 2307059
1.03, 2303095
1.03, 2301211
1.03, 2256147
1.03, 2248076
1.03, 2246846
1.03, 2237874
1.03, 2237406
1.03, 2235397
1.03, 2234603
1.03, 2232828
1.03, 2229942
1.03, 2217831
1.03, 2216154
1.03, 2212966
1.03, 2211328
1.03, 2206151
1.03, 2205097
1.03, 2182808
1.03, 2179302
1.03, 2176752
1.03, 2176164
1.10, 2174195
1.10, 2160242
1.10, 2159191
1.10, 2148394
1.10, 2124995
1.10, 2115301
1.10, 2095974
1.10, 2092792
1.14, 2092185
1.14, 2092179
1.14, 2087442
1.14, 2081952
1.16, 2074246
1.16, 2043800
1.16, 2043381
1.16, 2039072
1.16, 2036772
1.16, 2031182
1.16, 2027115
1.16, 2022901
1.16, 2007491
1.17, 2002045
1.17, 2001543
1.17, 1989788
1.17, 1989544
1.17, 1988410
1.17, 1957454
1.17, 1957280
1.17, 1952583
1.25, 1948519
1.25, 1945598
1.25, 1943638
1.25, 1941903
1.25, 1941418
1.25, 1940365
1.25, 1939795
1.25, 1939782
1.25, 1938574
1.25, 1938503
1.25, 1934265
1.25, 1932587
1.25, 1932107
1.25, 1929345
1.25, 1929141
1.25, 1927677
1.25, 1922158
1.25, 1909550
1.25, 1897963
1.25, 1893946
1.25, 1886804
1.25, 1885439
1.25, 1880612
1.28, 1872675
1.28, 1870750
1.28, 1867892
1.28, 1864084
1.29, 1858804
1.29, 1857592
1.29, 1854387
1.29, 1850529
1.29, 1849746
1.29, 1817893
1.29, 1815778
1.29, 1806308
1.29, 1800230
1.29, 1799674
1.29, 1794303
1.29, 1789845
1.29, 1789721
1.29, 1789624
1.31, 1788721
1.35, 1780709
1.35, 1780135
1.35, 1777865
1.35, 1771918
1.35, 1764978
1.35, 1760004
1.35, 1756153
1.35, 1752412
1.35, 1739049
1.35, 1733843
1.35, 1730450
1.35, 1730268
1.35, 1729976
1.35, 1727669
1.35, 1716772
1.35, 1715197
1.43, 1710743
1.43, 1710599
1.43, 1705656
1.43, 1699045
1.43, 1698266
1.43, 1688169
1.43, 1687988
1.43, 1683227
1.43, 1682888
1.43, 1668057
1.43, 1665988
1.43, 1664428
1.43, 1663236
1.43, 1662950
1.43, 1661901
1.43, 1661034
1.43, 1655550
1.43, 1651455
1.43, 1650539
1.43, 1650073
1.43, 1650048
1.43, 1639289
1.43, 1637563
1.43, 1628569
1.43, 1623690
1.43, 1615465
1.43, 1613660
1.43, 1602919
1.44, 1598787
1.44, 1598419
1.44, 1596431
1.44, 1589722
1.44, 1587867
1.44, 1587446
1.44, 1587443
1.44, 1582113
1.44, 1581686
1.44, 1578988
1.44, 1577649
1.44, 1572992
1.44, 1572064
1.44, 1570240
1.44, 1561700
1.44, 1553279
1.44, 1550661
1.44, 1549360
1.44, 1544658
1.44, 1542725
1.44, 1538894
1.44, 1536607
1.44, 1530103
1.44, 1528896
1.44, 1527515
1.44, 1524549
1.44, 1523806
1.44, 1522961
1.44, 1517067
1.44, 1516560
1.44, 1513083
1.44, 1510801
1.44, 1508983
1.44, 1507740
1.44, 1505058
1.44, 1502129
1.44, 1499815
1.44, 1497724
1.44, 1495231
1.44, 1489117
1.44, 1489108
1.51, 1488522
1.51, 1484730
1.51, 1482583
1.51, 1481369
1.51, 1474813
1.51, 1474336
1.56, 1469379
1.56, 1466208
1.56, 1460489
1.56, 1459926
1.56, 1459771
1.56, 1458568
1.56, 1457987
1.56, 1456739
1.56, 1455266
1.56, 1453836
1.56, 1452346
1.56, 1451894
1.56, 1434269
1.56, 1433128
1.56, 1432675
1.56, 1417677
1.56, 1416607
1.56, 1416489
1.56, 1411542
1.56, 1408023
1.56, 1406982
1.56, 1406080
1.56, 1401463
1.56, 1401044
1.56, 1394944
1.56, 1393964
1.56, 1393240
1.56, 1388675
1.56, 1386250
1.56, 1385492
1.61, 1384657
1.61, 1383305
1.61, 1383001
1.61, 1381259
1.61, 1381089
1.61, 1376975
1.61, 1369693
1.61, 1364345
1.61, 1362105
1.61, 1361992
1.61, 1358527
1.61, 1357553
1.61, 1354457
1.61, 1353114
1.61, 1352859
1.61, 1351266
1.61, 1350779
1.61, 1350670
1.61, 1350059
1.61, 1349179
1.64, 1347968
1.64, 1347010
1.64, 1339654
1.64, 1336261
1.64, 1336107
1.65, 1335793
1.65, 1334001
1.65, 1331966
1.65, 1331443
1.65, 1325134
1.65, 1314870
1.65, 1312859
1.65, 1312101
1.65, 1311408
1.65, 1309009
1.65, 1307969
1.65, 1306677
1.65, 1302269
1.65, 1301659
1.65, 1297349
1.65, 1295906
1.65, 1294200
1.66, 1293516
1.66, 1291588
1.66, 1291098
1.67, 1290787
1.67, 1290357
1.67, 1288502
1.67, 1288221
1.67, 1284929
1.67, 1284411
1.67, 1281934
1.67, 1280624
1.67, 1280335
1.67, 1279122
1.67, 1278279
1.67, 1277014
1.67, 1272700
1.67, 1267885
1.67, 1267110
1.67, 1264256
1.67, 1264218
1.67, 1263481
1.67, 1261469
1.67, 1257970
1.67, 1254880
1.67, 1252927
1.67, 1250323
1.68, 1247842
1.68, 1246830
1.68, 1246279
1.68, 1240270
1.68, 1238562
1.68, 1235397
1.68, 1234616
1.68, 1233090
1.68, 1232644
1.68, 1230541
1.68, 1229893
1.68, 1229068
1.68, 1227554
1.68, 1227354
1.68, 1222801
1.68, 1221872
1.68, 1220793
1.68, 1220566
1.68, 1210401
1.68, 1207805
1.68, 1201242
1.68, 1198244
1.68, 1197428
1.68, 1193093
1.68, 1190950
1.68, 1188035
1.78, 1185133
1.78, 1184148
1.78, 1183859
1.78, 1182832
1.81, 1180946
1.81, 1178515
1.81, 1175213
1.81, 1175145
1.81, 1171754
1.81, 1169272
1.81, 1169198
1.82, 1168654
1.82, 1166681
1.82, 1160532
1.82, 1159713
1.82, 1158871
1.82, 1155223
1.82, 1153826
1.82, 1153565
1.82, 1149065
1.82, 1148965
1.82, 1148286
1.82, 1147250
1.82, 1144873
1.82, 1143034
1.82, 1142323
1.82, 1137842
1.82, 1131863
1.82, 1127126
1.82, 1126727
1.85, 1125319
1.85, 1124359
1.85, 1120866
1.85, 1119343
1.85, 1118614
1.85, 1116063
1.85, 1112620
1.85, 1108221
1.87, 1107815
1.88, 1107713
1.88, 1105497
1.88, 1104718
1.88, 1100835
1.88, 1097796
1.88, 1096325
1.88, 1095918
1.88, 1095021
1.88, 1094989
1.89, 1093238
1.89, 1090999
1.89, 1085356
1.89, 1080569
1.89, 1079491
1.89, 1076438
1.89, 1075214
1.89, 1075014
1.89, 1074021
1.89, 1073489
1.89, 1068877
1.89, 1068059
1.89, 1067482
1.89, 1066703
1.89, 1066490
1.89, 1065873
1.89, 1065796
1.89, 1063033
1.89, 1061261
1.89, 1061051
1.89, 1060116
1.89, 1059753
1.89, 1058918
1.89, 1058226
1.91, 1057225
1.91, 1053796
1.91, 1053199
1.91, 1051476
1.91, 1050710
1.91, 1050223
1.91, 1048726
1.91, 1048580
1.91, 1048330
1.91, 1045020
1.93, 1043420
1.93, 1040295
1.93, 1039154
1.93, 1033934
1.93, 1033195
1.93, 1032709
1.95, 1030478
1.95, 1029953
1.95, 1026517
1.95, 1025820
1.95, 1025171
1.95, 1025113
1.95, 1023743
1.95, 1022606
1.95, 1021251
1.95, 1020810
1.95, 1019591
1.95, 1019502
1.95, 1017263
1.95, 1016715
1.95, 1016269
1.95, 1015631
1.95, 1015311
1.95, 1014507
1.95, 1010034
1.95, 1007156
1.98, 1005202
1.98, 1004121
1.98, 1003999
1.98, 1003984
1.98, 1002340
1.98, 1001626
1.98, 1000242
1.98, 995308
1.98, 994805
1.98, 990169
1.98, 988541
1.98, 988538
1.98, 986358
1.98, 985680
1.98, 984101
1.98, 984021
1.98, 982331
1.98, 981605
2.04, 980372
2.04, 979677
2.05, 978016
2.05, 975713
2.05, 973601
2.05, 972483
2.05, 971493
2.05, 968250
2.05, 965354
2.05, 961930
2.05, 961917
2.05, 960451
2.05, 960274
2.05, 958821
2.08, 958627
2.08, 958282
2.08, 957989
2.08, 954439
2.08, 951792
2.08, 948993
2.08, 945308
2.10, 945195
2.10, 943402
2.10, 941166
2.10, 940476
2.11, 940178
2.12, 940142
2.12, 939400
2.12, 936454
2.12, 936175
2.12, 934726
2.12, 931994
2.12, 931785
2.12, 930931
2.12, 929404
2.12, 924605
2.12, 920936
2.12, 920358
2.12, 919821
2.12, 918547
2.12, 916954
2.12, 915837
2.12, 914723
2.12, 913378
2.12, 908167
2.12, 908126
2.12, 907662
2.13, 906443
2.13, 905685
2.14, 902888
2.14, 897853
2.14, 897544
2.19, 897434
2.19, 897002
2.19, 896139
2.19, 895811
2.19, 895211
2.19, 894461
2.19, 894270
2.20, 891469
2.20, 890460
2.20, 889744
2.20, 889052
2.20, 887573
2.20, 887132
2.20, 886074
2.20, 884719
2.20, 883491
2.20, 881178
2.20, 880967
2.20, 879285
2.20, 876692
2.21, 875138
2.21, 874244
2.21, 872472
2.21, 871731
2.21, 871684
2.21, 871298
2.21, 867797
2.21, 866755
2.21, 865270
2.21, 864929
2.21, 864335
2.21, 861839
2.21, 861831
2.21, 861627
2.21, 860672
2.21, 860602
2.21, 859757
2.21, 856803
2.23, 856034
2.23, 855956
2.23, 855642
2.23, 855542
2.23, 854976
2.23, 854974
2.23, 854393
2.23, 854330
2.23, 853344
2.23, 852583
2.23, 849624
2.23, 846987
2.23, 845611
2.28, 845581
2.28, 844901
2.28, 844348
2.28, 843091
2.28, 841701
2.29, 841501
2.29, 840449
2.29, 839259
2.29, 838794
2.30, 837552
2.30, 836810
2.35, 835635
2.35, 835439
2.35, 835421
2.35, 835092
2.35, 834425
2.35, 833294
2.35, 832301
2.35, 831763
2.36, 831182
2.36, 830098
2.36, 829870
2.36, 828971
2.37, 828605
2.37, 828057
2.37, 827983
2.37, 827980
2.37, 826025
2.37, 825561
2.37, 825424
2.37, 822361
2.37, 820786
2.37, 820484
2.37, 820391
2.37, 818935
2.37, 818921
2.37, 815816
2.37, 814086
2.37, 813665
2.37, 811197
2.37, 810467
2.37, 809955
2.38, 807893
2.38, 807859
2.38, 806116
2.38, 805908
2.38, 804485
2.38, 804228
2.38, 802142
2.40, 801263
2.41, 801230
2.41, 798942
2.41, 798094
2.41, 797325
2.41, 796974
2.41, 795059
2.41, 794491
2.41, 794397
2.41, 790687
2.41, 790422
2.41, 789742
2.41, 789428
2.44, 788163
2.44, 786145
2.44, 786065
2.44, 786004
2.45, 785807
2.45, 783775
2.45, 782969
2.45, 781738
2.45, 779977
2.45, 779411
2.45, 777840
2.45, 777834
2.45, 777255
2.45, 776728
2.45, 774458
2.45, 774370
2.49, 773765
2.49, 771784
2.49, 770889
2.49, 769671
2.52, 769258
2.52, 767218
2.52, 765188
2.52, 764228
2.56, 763470
2.56, 763401
2.56, 762834
2.56, 761772
2.56, 761508
2.56, 760774
2.56, 760088
2.57, 759779
2.57, 759062
2.57, 758920
2.57, 758650
2.57, 758635
2.57, 758402
2.57, 758083
2.57, 757265
2.57, 757201
2.57, 757085
2.57, 756160
2.57, 754762
2.57, 754661
2.57, 753825
2.57, 752536
2.58, 750408
2.58, 750276
2.58, 748370
2.58, 746966
2.58, 746818
2.58, 746299
2.58, 746004
2.58, 745392
2.58, 745212
2.58, 744856
2.58, 744705
2.58, 744007
2.58, 743462
2.58, 743084
2.58, 743076
2.58, 741984
2.59, 741769
2.59, 740274
2.59, 739701
2.60, 738774
2.60, 735972
2.60, 734285
2.60, 734105
2.60, 731628
2.60, 731588
2.60, 731312
2.60, 731232
2.60, 730573
2.60, 730275
2.60, 728633
2.60, 728103
2.62, 727313
2.62, 726615
2.63, 726517
2.63, 726112
2.70, 725975
2.70, 725974
2.70, 725937
2.70, 725369
2.70, 724895
2.70, 723538
2.70, 722433
2.70, 720923
2.70, 720495
2.70, 720266
2.70, 718683
2.70, 717980
2.70, 717486
2.70, 717244
2.70, 717032
2.70, 716849
2.71, 715911
2.71, 715809
2.71, 715420
2.71, 715357
2.71, 714592
2.71, 713441
2.71, 712290
2.71, 711044
2.71, 710752
2.71, 710219
2.76, 709962
2.76, 709891
2.76, 709541
2.79, 709258
2.79, 708937
2.79, 708165
2.79, 707654
2.79, 706347
2.79, 705737
2.80, 705091
2.80, 703973
2.80, 703429
2.80, 702592
2.80, 702541
2.80, 702507
2.81, 702460
2.81, 702374
2.84, 702167
2.84, 701714
2.84, 700177
2.84, 700134
2.85, 699406
2.85, 699070
2.85, 697843
2.85, 697538
2.85, 697302
2.85, 696811
2.90, 696726
2.90, 696278
2.90, 695664
2.91, 691576
2.91, 691227
2.91, 690625
2.98, 689751
2.98, 689154
2.98, 688942
2.98, 688613
2.98, 687997
2.98, 687536
2.98, 687271
2.98, 686211
2.99, 686080
2.99, 685852
2.99, 685021
3.00, 684816
3.00, 683080
3.00, 682488
3.01, 681126
3.01, 680979
3.01, 680625
3.01, 680531
3.01, 680182
3.05, 679902
3.08, 679589
3.08, 679238
3.09, 679061
3.09, 678235
3.09, 677877
3.09, 677715
3.09, 677066
3.09, 677009
3.10, 676456
3.10, 675217
3.10, 674557
3.10, 674383
3.10, 674355
3.10, 673676
3.10, 673658
3.13, 673594
3.16, 673551
3.16, 673128
3.16, 672676
3.16, 672328
3.17, 671648
3.17, 670895
3.17, 670750
3.17, 670715
3.17, 670655
3.17, 670478
3.17, 669885
3.17, 669141
3.24, 668911
3.24, 668906
3.24, 668846
3.24, 668611
3.25, 668335
3.27, 668304
3.27, 668201
3.31, 668086
3.31, 667730
3.32, 667702
3.32, 667600
3.32, 667499
3.32, 667044
3.33, 667022
3.34, 666865
3.34, 666827
3.34, 666724
3.35, 666402
3.35, 666269
3.42, 666117
3.43, 665729
3.45, 665343
3.46, 665314
3.46, 665067
3.46, 664746
3.46, 664577
3.46, 664126
3.46, 663692
3.53, 663561
3.54, 662873
3.55, 662682
3.56, 662625
3.56, 662554
3.56, 661853
3.57, 661436
3.57, 661340
3.57, 661295
3.70, 661218
3.70, 661158
3.71, 660885
3.90, 660884
4.38, 660877
4.39, 660347
4.41, 660287
4.45, 660016
4.46, 659956
4.50, 659929
4.51, 659912
4.52, 659841
4.61, 659813
6.71, 659759
6.72, 659681
6.76, 659602
7.42, 659580
