0.00, 7178072
0.00, 7148654
0.00, 7148324
0.00, 7113775
0.01, 7105785
0.01, 7093137
0.01, 7073057
0.01, 7072758
0.01, 7069138
0.01, 7055950
0.01, 7040205
0.01, 7039625
0.01, 7021553
0.01, 7013884
0.01, 7001812
0.01, 6993117
0.01, 6970575
0.01, 6961906
0.01, 6957891
0.01, 6949597
0.01, 6935582
0.01, 6918344
0.01, 6902768
0.01, 6897951
0.01, 6868391
0.01, 6840853
0.01, 6699771
0.01, 6664512
0.01, 6662015
0.01, 6660424
0.01, 6650674
0.01, 6624184
0.01, 6576960
0.01, 6568344
0.01, 6558547
0.01, 6481486
0.01, 6467201
0.01, 6463684
0.01, 6417239
0.01, 6413356
0.01, 6399616
0.01, 6390183
0.01, 6365996
0.01, 6350571
0.01, 6345879
0.01, 6345866
0.01, 6342091
0.01, 6327254
0.01, 6321879
0.01, 6298297
0.01, 6297437
0.01, 6297221
0.01, 6297068
0.01, 6296140
0.01, 6296101
0.01, 6292716
0.01, 6292533
0.01, 6277371
0.01, 6271190
0.01, 6268433
0.01, 6256010
0.01, 6250502
0.01, 6236391
0.01, 6223841
0.01, 6221257
0.01, 6213580
0.01, 6208484
0.01, 6112544
0.01, 6111758
0.01, 6058886
0.01, 6057407
0.01, 6029004
0.01, 6015808
0.01, 6014134
0.01, 5979608
0.01, 5974491
0.01, 5957257
0.01, 5955119
0.01, 5952263
0.01, 5917049
0.01, 5908019
0.01, 5855841
0.01, 5824563
0.01, 5822905
0.01, 5815061
0.01, 5810030
0.01, 5806055
0.01, 5800142
0.01, 5793288
0.01, 5762079
0.01, 5761036
0.01, 5750301
0.01, 5738704
0.01, 5729429
0.01, 5724328
0.01, 5709351
0.01, 5708431
0.01, 5706791
0.01, 5701822
0.01, 5698919
0.01, 5675258
0.01, 5674401
0.01, 5669586
0.01, 5651459
0.01, 5588575
0.01, 5581557
0.01, 5580735
0.01, 5577248
0.01, 5576995
0.01, 5541690
0.01, 5535314
0.01, 5526914
0.01, 5526032
0.01, 5518820
0.01, 5517955
0.01, 5498820
0.01, 5475592
0.02, 5454495
0.02, 5439340
0.02, 5439254
0.02, 5437933
0.02, 5424109
0.02, 5418556
0.02, 5415383
0.02, 5413677
0.02, 5409867
0.02, 5357444
0.02, 5357223
0.03, 5353138
0.03, 5344222
0.03, 5343770
0.03, 5340855
0.03, 5340453
0.03, 5338688
0.03, 5333422
0.03, 5323388
0.03, 5313022
0.03, 5312341
0.03, 5311377
0.03, 5304945
0.03, 5303552
0.03, 5294804
0.03, 5293444
0.03, 5263178
0.03, 5212966
0.03, 5208536
0.03, 5208258
0.10, 5198428
0.10, 5186727
0.10, 5182969
0.10, 5177522
0.10, 5177038
0.10, 5177014
0.10, 5172523
0.10, 5165659
0.10, 5154517
0.10, 5152105
0.10, 5150960
0.10, 5130641
0.10, 5112948
0.10, 5098885
0.10, 5097734
0.10, 5072989
0.10, 5061215
0.12, 5052503
0.12, 5048980
0.12, 5042583
0.12, 5039920
0.12, 5036185
0.12, 5034973
0.12, 4982520
0.12, 4959635
0.12, 4954736
0.12, 4951318
0.12, 4949997
0.12, 4878904
0.12, 4868978
0.12, 4864420
0.12, 4861023
0.26, 4843919
0.26, 4843264
0.26, 4838789
0.26, 4832762
0.26, 4810893
0.26, 4794567
0.26, 4792864
0.27, 4782197
0.27, 4781602
0.27, 4778882
0.27, 4776986
0.27, 4775245
0.27, 4698989
0.27, 4690822
0.27, 4690462
0.27, 4687296
0.27, 4597726
0.27, 4586691
0.27, 4577553
0.27, 4566559
0.27, 4565222
0.27, 4561637
0.27, 4560759
0.27, 4556157
0.27, 4556110
0.27, 4546675
0.37, 4539870
0.37, 4535865
0.37, 4531491
0.38, 4493864
0.38, 4484362
0.38, 4480645
0.38, 4478762
0.38, 4432282
0.41, 4397372
0.41, 4395484
0.41, 4383505
0.41, 4363577
0.41, 4353854
0.44, 4345539
0.44, 4322292
0.44, 4321145
0.44, 4291814
0.44, 4278050
0.44, 4263164
0.44, 4260851
0.44, 4246418
0.44, 4238726
0.44, 4213654
0.44, 4211507
0.44, 4207553
0.44, 4203280
0.44, 4202328
0.44, 4198819
0.44, 4190500
0.44, 4175979
0.44, 4173070
0.44, 4166639
0.44, 4148221
0.44, 4141629
0.44, 4127437
0.44, 4105680
0.44, 4097260
0.44, 4092613
0.44, 4084863
0.44, 4082404
0.44, 4068042
0.44, 4067368
0.49, 4066132
0.49, 4047136
0.49, 4046935
0.49, 4033323
0.50, 4031635
0.50, 4028823
0.50, 4028481
0.50, 4025064
0.50, 4020561
0.50, 4016794
0.50, 3986839
0.50, 3955082
0.50, 3954197
0.50, 3945782
0.50, 3941311
0.50, 3909602
0.50, 3822816
0.50, 3820769
0.50, 3820668
0.50, 3815428
0.50, 3809310
0.50, 3809041
0.50, 3807767
0.50, 3789609
0.58, 3783029
0.58, 3774046
0.58, 3755988
0.58, 3755367
0.59, 3744808
0.59, 3734899
0.60, 3727210
0.60, 3726035
0.60, 3712571
0.60, 3706380
0.60, 3674464
0.60, 3670118
0.60, 3669352
0.60, 3668966
0.60, 3664308
0.60, 3647217
0.60, 3639477
0.60, 3638144
0.60, 3616734
0.60, 3614923
0.60, 3609678
0.60, 3592815
0.60, 3589544
0.60, 3588809
0.60, 3587601
0.60, 3586776
0.60, 3586340
0.60, 3577782
0.60, 3563254
0.60, 3561377
0.60, 3561304
0.60, 3559086
0.60, 3536175
0.60, 3534395
0.60, 3534231
0.60, 3527308
0.63, 3519873
0.63, 3517907
0.63, 3506789
0.63, 3506301
0.63, 3506138
0.63, 3498595
0.63, 3489040
0.63, 3486242
0.63, 3477359
0.63, 3475087
0.67, 3468365
0.67, 3448008
0.67, 3446401
0.67, 3438879
0.67, 3433970
0.67, 3429294
0.67, 3421006
0.69, 3406839
0.69, 3401696
0.69, 3398655
0.69, 3397656
0.72, 3361879
0.72, 3348375
0.72, 3322728
0.72, 3319572
0.72, 3313491
0.72, 3308364
0.72, 3303992
0.72, 3288316
0.72, 3282775
0.74, 3278141
0.74, 3276232
0.74, 3270925
0.74, 3267707
0.74, 3265084
0.74, 3261995
0.74, 3261290
0.75, 3257540
0.75, 3247403
0.77, 3245999
0.77, 3243509
0.77, 3228190
0.77, 3194863
0.77, 3192932
0.77, 3191270
0.77, 3190957
0.77, 3179752
0.77, 3175574
0.77, 3173826
0.77, 3164702
0.77, 3145553
0.77, 3135437
0.77, 3123481
0.77, 3123405
0.78, 3104623
0.78, 3094256
0.78, 3087148
0.78, 3073420
0.78, 3063387
0.78, 3063253
0.78, 3057906
0.82, 3033714
0.82, 3017653
0.82, 3002475
0.82, 2999243
0.82, 2998888
0.82, 2996774
0.82, 2992944
0.82, 2991826
0.82, 2991474
0.82, 2983002
0.82, 2978873
0.82, 2975487
0.82, 2945369
0.82, 2943619
0.82, 2943500
0.85, 2938771
0.85, 2938627
0.85, 2931561
0.85, 2925919
0.85, 2923342
0.85, 2917678
0.85, 2915946
0.85, 2914629
0.85, 2913695
0.86, 2899271
0.86, 2896889
0.86, 2893380
0.86, 2887681
0.86, 2882943
0.86, 2882792
0.86, 2880543
0.86, 2874612
0.86, 2872585
0.86, 2864950
0.86, 2852533
0.86, 2847024
0.86, 2844497
0.86, 2841250
0.86, 2825262
0.86, 2821822
0.86, 2816077
0.86, 2814092
0.93, 2801761
0.93, 2798911
0.93, 2797124
0.93, 2783037
0.93, 2778404
0.93, 2777906
0.93, 2776910
0.93, 2770497
0.93, 2756700
0.93, 2750799
0.93, 2743683
0.94, 2742276
0.94, 2737727
0.94, 2734869
0.94, 2728895
0.94, 2725484
0.94, 2716241
0.94, 2715687
0.94, 2715202
0.95, 2710946
0.95, 2705359
0.95, 2694159
0.95, 2693892
0.95, 2693359
0.95, 2680594
0.95, 2679679
0.95, 2676366
0.95, 2676359
0.95, 2666516
0.95, 2656538
0.96, 2654308
0.96, 2652825
0.96, 2648536
0.96, 2621467
0.96, 2583393
0.96, 2562116
0.96, 2561581
0.96, 2559416
0.96, 2558403
0.96, 2555598
1.00, 2548530
1.00, 2547568
1.01, 2542865
1.01, 2541887
1.01, 2531686
1.01, 2529241
1.02, 2522264
1.02, 2518544
1.02, 2510684
1.02, 2509715
1.02, 2500878
1.02, 2499539
1.02, 2494146
1.02, 2489641
1.02, 2489610
1.02, 2488709
1.04, 2483612
1.04, 2483085
1.04, 2482827
1.04, 2480068
1.04, 2462350
1.04, 2461029
1.04, 2457163
1.04, 2447614
1.04, 2446690
1.04, 2437775
1.04, 2431123
1.05, 2429425
1.05, 2426178
1.05, 2416130
1.05, 2413134
1.05, 2412321
1.05, 2407776
1.05, 2396662
1.05, 2393979
1.05, 2392436
1.05, 2390709
1.05, 2389750
1.05, 2389046
1.05, 2378258
1.05, 2371135
1.05, 2341508
1.05, 2338562
1.05, 2317151
1.05, 2291148
1.05, 2286176
1.05, 2277452
1.05, 2277369
1.05, 2264274
1.05, 2262891
1.05, 2255711
1.05, 2248597
1.06, 2241274
1.06, 2237987
1.09, 2236254
1.09, 2233681
1.09, 2219363
1.09, 2216960
1.09, 2216909
1.09, 2214887
1.10, 2214589
1.10, 2214368
1.10, 2208053
1.10, 2198217
1.10, 2189404
1.10, 2188361
1.10, 2185887
1.10, 2183039
1.10, 2165625
1.10, 2160042
1.10, 2159923
1.10, 2154659
1.10, 2149482
1.10, 2139188
1.10, 2138771
1.10, 2137525
1.10, 2123870
1.10, 2121981
1.10, 2121547
1.10, 2115133
1.10, 2114422
1.10, 2113561
1.10, 2112971
1.10, 2110769
1.10, 2110746
1.10, 2102088
1.10, 2096760
1.10, 2096370
1.10, 2075692
1.14, 2066007
1.14, 2063449
1.14, 2060961
1.14, 2060945
1.14, 2060070
1.14, 2059167
1.14, 2058369
1.21, 2056327
1.21, 2056006
1.21, 2055986
1.21, 2054463
1.21, 2052954
1.21, 2048015
1.21, 2044327
1.21, 2030663
1.21, 2006864
1.21, 2006114
1.21, 1996698
1.21, 1969892
1.21, 1963621
1.21, 1963279
1.21, 1962961
1.21, 1962270
1.21, 1961431
1.21, 1961034
1.21, 1957999
1.27, 1943954
1.27, 1938768
1.27, 1916146
1.27, 1914662
1.27, 1913372
1.27, 1910459
1.27, 1908152
1.27, 1900081
1.27, 1899098
1.27, 1889449
1.27, 1885653
1.27, 1883396
1.27, 1879405
1.27, 1862762
1.27, 1862427
1.27, 1860029
1.27, 1854205
1.27, 1854113
1.27, 1853677
1.27, 1853148
1.27, 1842783
1.27, 1841840
1.27, 1833972
1.27, 1829077
1.27, 1822178
1.27, 1817526
1.27, 1816922
1.27, 1814670
1.27, 1807557
1.27, 1804452
1.27, 1799725
1.27, 1797432
1.27, 1797287
1.27, 1792952
1.28, 1786941
1.28, 1768618
1.40, 1766006
1.40, 1761078
1.40, 1759291
1.40, 1757866
1.40, 1757676
1.40, 1754969
1.40, 1752820
1.40, 1736194
1.40, 1735641
1.40, 1734788
1.40, 1726257
1.40, 1725282
1.40, 1725102
1.40, 1722683
1.41, 1711461
1.41, 1709043
1.41, 1708104
1.41, 1704250
1.41, 1696805
1.41, 1696481
1.41, 1694972
1.41, 1694693
1.41, 1690766
1.41, 1689676
1.41, 1687580
1.41, 1686694
1.41, 1685297
1.41, 1683604
1.41, 1681370
1.41, 1677898
1.41, 1676751
1.41, 1676252
1.41, 1673677
1.41, 1672128
1.43, 1671194
1.43, 1667491
1.43, 1665468
1.43, 1665173
1.43, 1651539
1.43, 1650654
1.43, 1639282
1.43, 1637000
1.43, 1636541
1.43, 1634440
1.43, 1630621
1.43, 1612079
1.43, 1611560
1.43, 1609870
1.43, 1597854
1.43, 1594381
1.43, 1589460
1.43, 1588986
1.43, 1574749
1.46, 1571424
1.50, 1571041
1.50, 1565447
1.50, 1564480
1.50, 1564291
1.50, 1563086
1.50, 1561128
1.50, 1560830
1.50, 1558871
1.50, 1553662
1.50, 1548691
1.50, 1547639
1.50, 1544086
1.50, 1540383
1.50, 1538289
1.50, 1535636
1.50, 1525718
1.50, 1522573
1.50, 1522262
1.50, 1521895
1.50, 1506346
1.51, 1506223
1.51, 1504093
1.57, 1496447
1.57, 1496293
1.57, 1491970
1.57, 1490622
1.58, 1489529
1.58, 1485433
1.58, 1479198
1.58, 1478060
1.58, 1474875
1.58, 1474517
1.58, 1469370
1.58, 1468864
1.58, 1468564
1.58, 1466135
1.58, 1465386
1.58, 1459983
1.58, 1456578
1.58, 1455097
1.59, 1451017
1.59, 1450810
1.59, 1446642
1.59, 1444345
1.59, 1441819
1.62, 1439845
1.62, 1426877
1.62, 1424814
1.62, 1420050
1.62, 1420004
1.62, 1418277
1.64, 1417540
1.64, 1414704
1.64, 1413708
1.64, 1412722
1.64, 1412598
1.64, 1412507
1.64, 1410901
1.64, 1409617
1.64, 1404794
1.65, 1404339
1.65, 1404229
1.65, 1402280
1.65, 1401142
1.65, 1398019
1.65, 1397326
1.65, 1394913
1.65, 1393392
1.65, 1392031
1.65, 1391984
1.65, 1388260
1.65, 1387916
1.65, 1384947
1.65, 1383807
1.66, 1382008
1.66, 1375110
1.68, 1367706
1.68, 1367118
1.68, 1365705
1.68, 1351910
1.68, 1351534
1.68, 1343962
1.69, 1338043
1.69, 1336812
1.69, 1335002
1.69, 1334264
1.69, 1333581
1.69, 1332792
1.69, 1332554
1.69, 1332408
1.69, 1332001
1.69, 1331876
1.69, 1330221
1.69, 1329956
1.69, 1328163
1.69, 1325005
1.69, 1323447
1.69, 1321660
1.69, 1314448
1.69, 1311880
1.69, 1311841
1.69, 1311446
1.69, 1310940
1.69, 1309661
1.69, 1308277
1.69, 1307898
1.69, 1305721
1.69, 1303444
1.69, 1298470
1.69, 1293668
1.69, 1292869
1.69, 1288672
1.69, 1284315
1.69, 1278481
1.69, 1275735
1.69, 1274663
1.69, 1273757
1.69, 1272994
1.71, 1272023
1.71, 1269802
1.71, 1264463
1.71, 1258487
1.71, 1257297
1.71, 1251075
1.75, 1249097
1.75, 1248307
1.75, 1247771
1.75, 1247093
1.75, 1245510
1.75, 1243452
1.75, 1240778
1.75, 1240060
1.75, 1239573
1.75, 1236302
1.75, 1230120
1.75, 1225145
1.75, 1221233
1.75, 1220903
1.75, 1220264
1.75, 1213057
1.75, 1212511
1.75, 1208940
1.75, 1207064
1.78, 1202794
1.78, 1199241
1.79, 1192572
1.79, 1192498
1.79, 1192040
1.79, 1190438
1.79, 1184650
1.79, 1179623
1.79, 1173184
1.79, 1168790
1.79, 1168343
1.79, 1166974
1.79, 1166008
1.79, 1165742
1.79, 1164524
1.79, 1163079
1.79, 1158927
1.79, 1156073
1.79, 1155813
1.80, 1151039
1.80, 1145654
1.80, 1142711
1.80, 1141956
1.80, 1140213
1.80, 1140043
1.80, 1130030
1.80, 1127962
1.80, 1126610
1.80, 1125671
1.80, 1119651
1.86, 1118108
1.86, 1114518
1.86, 1113980
1.86, 1112608
1.86, 1111410
1.86, 1111308
1.86, 1109117
1.86, 1107550
1.86, 1105312
1.86, 1102519
1.86, 1100951
1.86, 1096701
1.86, 1092784
1.86, 1090312
1.86, 1087979
1.86, 1087476
1.86, 1086184
1.86, 1082101
1.86, 1073370
1.86, 1071611
1.86, 1071445
1.86, 1069726
1.86, 1068022
1.86, 1066127
1.86, 1059566
1.86, 1052502
1.98, 1050895
1.98, 1050309
1.98, 1049621
1.98, 1048680
1.98, 1047868
1.98, 1046768
1.98, 1045768
1.98, 1044621
1.98, 1044538
2.01, 1043956
2.01, 1043231
2.01, 1042714
2.01, 1042683
2.01, 1042310
2.01, 1041573
2.01, 1039672
2.01, 1037970
2.01, 1037425
2.01, 1035647
2.02, 1032164
2.02, 1032087
2.02, 1031111
2.02, 1030724
2.02, 1029874
2.02, 1029833
2.02, 1027858
2.02, 1027664
2.02, 1027348
2.02, 1026820
2.02, 1023007
2.02, 1020203
2.02, 1018188
2.02, 1016668
2.03, 1015417
2.03, 1011956
2.03, 1010677
2.03, 1010526
2.03, 1010266
2.03, 1009114
2.03, 1007392
2.03, 1007088
2.03, 1004043
2.03, 1003365
2.03, 1002904
2.04, 1001567
2.04, 999800
2.04, 996828
2.04, 992090
2.05, 991633
2.05, 991594
2.05, 991004
2.09, 986896
2.09, 982625
2.09, 982016
2.09, 981279
2.09, 980109
2.09, 980007
2.09, 975584
2.09, 971618
2.09, 968672
2.09, 967830
2.09, 967243
2.09, 965364
2.09, 964423
2.09, 963097
2.10, 961601
2.10, 961453
2.10, 961381
2.10, 961285
2.10, 960291
2.10, 959250
2.10, 958945
2.10, 956847
2.14, 949805
2.14, 946611
2.14, 944513
2.14, 943483
2.14, 942244
2.14, 942036
2.14, 940864
2.14, 940121
2.14, 940096
2.14, 939677
2.14, 939502
2.14, 939362
2.15, 936546
2.15, 936474
2.15, 936122
2.15, 930769
2.15, 930601
2.18, 928767
2.18, 924841
2.18, 924668
2.18, 924590
2.18, 924395
2.18, 924185
2.18, 922964
2.18, 922465
2.18, 922307
2.18, 921449
2.18, 920168
2.18, 918347
2.18, 918044
2.21, 915208
2.22, 914900
2.22, 914026
2.22, 912514
2.22, 912475
2.22, 910437
2.24, 908686
2.24, 908138
2.24, 902285
2.25, 901770
2.25, 901439
2.25, 900130
2.25, 899435
2.25, 898065
2.25, 897778
2.25, 896483
2.25, 896476
2.25, 894141
2.26, 892562
2.26, 891226
2.26, 890120
2.26, 889824
2.26, 886662
2.26, 883299
2.26, 882868
2.26, 882396
2.26, 878694
2.27, 877865
2.27, 877114
2.27, 877110
2.27, 877084
2.27, 876995
2.28, 876258
2.28, 876210
2.28, 875896
2.28, 874733
2.28, 873627
2.28, 872982
2.28, 872620
2.28, 871987
2.30, 871544
2.30, 870815
2.30, 869451
2.30, 869103
2.30, 868083
2.30, 868067
2.31, 860528
2.31, 860495
2.31, 860492
2.31, 859616
2.31, 858593
2.31, 858426
2.31, 856522
2.31, 855912
2.31, 854271
2.31, 851785
2.31, 850737
2.31, 849591
2.32, 847568
2.32, 846991
2.32, 846864
2.32, 846465
2.32, 846113
2.32, 845920
2.32, 841607
2.36, 839208
2.37, 838531
2.37, 837694
2.37, 837424
2.37, 836840
2.37, 836790
2.37, 836482
2.37, 835750
2.37, 835148
2.37, 834424
2.37, 833438
2.37, 832259
2.37, 831740
2.37, 830626
2.37, 830586
2.37, 830134
2.37, 829389
2.37, 824044
2.37, 823720
2.38, 823231
2.38, 822416
2.38, 821465
2.38, 821342
2.38, 819192
2.38, 815540
2.38, 812468
2.38, 812341
2.38, 810839
2.38, 809341
2.38, 809168
2.38, 808942
2.38, 808581
2.38, 806736
2.38, 805486
2.38, 804798
2.38, 804163
2.42, 802724
2.42, 801637
2.42, 801479
2.43, 801146
2.43, 800776
2.43, 798069
2.43, 798026
2.43, 796758
2.43, 793997
2.43, 793519
2.43, 789097
2.43, 787786
2.43, 786218
2.43, 784214
2.43, 783660
2.43, 782874
2.43, 781711
2.43, 781683
2.43, 780469
2.43, 779735
2.43, 778955
2.43, 778546
2.43, 778317
2.57, 776620
2.57, 776057
2.57, 775796
2.57, 774627
2.57, 773289
2.58, 773010
2.59, 772508
2.59, 772422
2.59, 771324
2.59, 770543
2.59, 770482
2.59, 769444
2.59, 768594
2.59, 768385
2.59, 768108
2.59, 767096
2.59, 766875
2.59, 766869
2.59, 766866
2.59, 766788
2.60, 766153
2.60, 764154
2.60, 764034
2.60, 761965
2.60, 760288
2.60, 759902
2.60, 759434
2.60, 759089
2.60, 758888
2.60, 758542
2.60, 757653
2.60, 756904
2.60, 756824
2.60, 755274
2.60, 754441
2.60, 752482
2.60, 751591
2.60, 750155
2.60, 749503
2.60, 747555
2.60, 747526
2.61, 747246
2.61, 746463
2.61, 746365
2.61, 746019
2.61, 745973
2.61, 745901
2.61, 742180
2.62, 741049
2.62, 740730
2.66, 738984
2.66, 738313
2.66, 737797
2.66, 737490
2.71, 736838
2.71, 736399
2.71, 736064
2.71, 736063
2.71, 734435
2.71, 734296
2.71, 734090
2.71, 733572
2.71, 733413
2.71, 731585
2.71, 731231
2.71, 730889
2.71, 730645
2.71, 730092
2.71, 729712
2.71, 729336
2.71, 728977
2.72, 728769
2.72, 728019
2.72, 727341
2.72, 727230
2.72, 726095
2.72, 725420
2.72, 724785
2.73, 724520
2.73, 724010
2.73, 723987
2.73, 723671
2.73, 722912
2.73, 721797
2.73, 721637
2.73, 721418
2.73, 721215
2.73, 720496
2.73, 718039
2.74, 717565
2.74, 717109
2.74, 715857
2.74, 714947
2.74, 714310
2.74, 714146
2.74, 712677
2.74, 712433
2.74, 712360
2.75, 711668
2.75, 710417
2.75, 709474
2.75, 709151
2.75, 708702
2.76, 708669
2.76, 707179
2.76, 706091
2.76, 704716
2.76, 703730
2.76, 701744
2.76, 701436
2.77, 700714
2.81, 700460
2.81, 699866
2.81, 698425
2.84, 698182
2.84, 697402
2.84, 697352
2.84, 697216
2.84, 696965
2.84, 696368
2.84, 694899
2.84, 694786
2.85, 694785
2.86, 694418
2.86, 694400
2.86, 694149
2.86, 693974
2.86, 693363
2.93, 692518
2.93, 691750
2.93, 691700
2.93, 691227
2.94, 691056
2.94, 690894
2.94, 690423
2.94, 689905
2.94, 689622
2.94, 689057
2.94, 688463
2.94, 688266
2.95, 687487
2.95, 686686
2.97, 686533
2.97, 685779
2.97, 685189
2.98, 685058
2.98, 683826
2.98, 683824
2.98, 683731
3.05, 682928
3.05, 682866
3.05, 682435
3.06, 680665
3.06, 680422
3.06, 680303
3.06, 680148
3.06, 679722
3.06, 679420
3.06, 679022
3.06, 678341
3.06, 677739
3.06, 677154
3.07, 676409
3.07, 676407
3.07, 676190
3.07, 676031
3.09, 676004
3.10, 675959
3.11, 675509
3.11, 675277
3.11, 675179
3.11, 675081
3.12, 674627
3.12, 674412
3.13, 674390
3.13, 674026
3.13, 673879
3.13, 673774
3.13, 673086
3.13, 673010
3.13, 672159
3.14, 671298
3.14, 671153
3.14, 671076
3.14, 670910
3.15, 670468
3.15, 669423
3.15, 667836
3.15, 667689
3.15, 667661
3.15, 667640
3.29, 666920
3.29, 666576
3.29, 666489
3.30, 665923
3.30, 665909
3.35, 665814
3.35, 665750
3.35, 665747
3.35, 665354
3.35, 665317
3.38, 665264
3.38, 665244
3.43, 665234
3.43, 664681
3.43, 664512
3.45, 664253
3.46, 664170
3.46, 664150
3.47, 664034
3.54, 663952
3.55, 663667
3.55, 663273
3.55, 662614
3.55, 662583
3.57, 662289
3.57, 662049
3.58, 661984
3.58, 661829
3.58, 661552
3.61, 661529
3.62, 661497
3.63, 661328
3.63, 661229
3.63, 661184
3.64, 661084
3.64, 661007
3.74, 660820
3.75, 660698
3.75, 660667
3.76, 660482
3.82, 660437
3.83, 660262
3.86, 660149
3.88, 660103
3.89, 660017
3.91, 659859
4.03, 659820
4.06, 659633
4.07, 659620
4.15, 659405
4.22, 659209
4.32, 659187
4.60, 659142
12.76, 658522
12.77, 658415
12.83, 658403
12.85, 658253
12.85, 658231
13.03, 658227
13.03, 658224
