0.01, 7053153
0.01, 7029264
0.01, 7008318
0.01, 6951865
0.01, 6950698
0.01, 6933331
0.01, 6911139
0.01, 6883446
0.01, 6868764
0.01, 6854909
0.01, 6805859
0.01, 6770064
0.01, 6748444
0.01, 6707700
0.01, 6702459
0.01, 6675260
0.01, 6674971
0.01, 6671250
0.01, 6655981
0.01, 6650220
0.01, 6619501
0.01, 6611962
0.01, 6604605
0.01, 6604433
0.01, 6588663
0.01, 6570223
0.01, 6565675
0.01, 6539761
0.01, 6503517
0.01, 6502236
0.01, 6478316
0.01, 6474202
0.01, 6474182
0.01, 6459038
0.01, 6456135
0.01, 6451685
0.01, 6439317
0.01, 6372871
0.01, 6350641
0.01, 6340655
0.01, 6190167
0.01, 6185330
0.01, 6172607
0.01, 6168682
0.01, 6161636
0.01, 6158314
0.01, 6131841
0.01, 6129602
0.01, 6120039
0.01, 6115230
0.01, 6114872
0.01, 6103245
0.01, 6098256
0.01, 6097403
0.01, 6072897
0.01, 6054144
0.01, 6051035
0.01, 6045617
0.01, 6045325
0.01, 5992356
0.01, 5979486
0.01, 5977318
0.01, 5968850
0.02, 5941996
0.02, 5937202
0.02, 5850000
0.02, 5832649
0.02, 5816360
0.02, 5815858
0.02, 5814769
0.02, 5789868
0.02, 5748267
0.02, 5747296
0.02, 5702808
0.02, 5692870
0.02, 5686374
0.02, 5677581
0.02, 5670157
0.02, 5654756
0.02, 5654711
0.02, 5648516
0.02, 5644624
0.02, 5642676
0.02, 5642293
0.02, 5634509
0.02, 5621120
0.02, 5615099
0.02, 5614265
0.02, 5611328
0.02, 5550582
0.02, 5549735
0.02, 5544811
0.02, 5543548
0.02, 5529429
0.02, 5521405
0.02, 5517292
0.02, 5509824
0.02, 5502741
0.02, 5501371
0.02, 5484090
0.02, 5483533
0.02, 5472427
0.02, 5436846
0.02, 5434983
0.02, 5431951
0.02, 5426689
0.02, 5421931
0.03, 5408142
0.03, 5401551
0.08, 5397057
0.08, 5386872
0.08, 5386184
0.08, 5383306
0.08, 5332737
0.08, 5321126
0.08, 5297754
0.08, 5284721
0.08, 5283051
0.08, 5275640
0.08, 5273179
0.08, 5269422
0.08, 5269021
0.08, 5261947
0.08, 5260331
0.08, 5211184
0.08, 5207104
0.08, 5203079
0.08, 5170407
0.08, 5162504
0.08, 5160506
0.08, 5159938
0.08, 5153915
0.08, 5151754
0.08, 5137609
0.08, 5128315
0.08, 5094807
0.08, 5091816
0.12, 5062619
0.12, 5060090
0.12, 5051993
0.12, 5038785
0.12, 4991097
0.13, 4970112
0.13, 4967692
0.13, 4944284
0.18, 4924004
0.18, 4909073
0.18, 4908407
0.18, 4905412
0.18, 4905240
0.18, 4880800
0.18, 4872198
0.18, 4862992
0.18, 4841880
0.18, 4831228
0.18, 4829626
0.18, 4828802
0.18, 4826303
0.18, 4820629
0.18, 4816417
0.18, 4813562
0.18, 4808269
0.18, 4744492
0.18, 4724080
0.18, 4720771
0.18, 4716591
0.18, 4684143
0.18, 4676380
0.18, 4651529
0.18, 4651184
0.18, 4650411
0.18, 4638873
0.18, 4630389
0.18, 4629102
0.18, 4621418
0.18, 4613187
0.18, 4596689
0.18, 4579421
0.18, 4574248
0.34, 4567797
0.34, 4539722
0.34, 4515171
0.34, 4503715
0.34, 4501922
0.34, 4500137
0.34, 4489797
0.34, 4465820
0.34, 4427232
0.34, 4395211
0.34, 4393040
0.39, 4391083
0.39, 4367132
0.39, 4352978
0.39, 4325715
0.40, 4321621
0.40, 4316948
0.40, 4314280
0.40, 4261936
0.40, 4247725
0.40, 4232883
0.40, 4217838
0.40, 4214226
0.40, 4208567
0.40, 4206201
0.40, 4203688
0.40, 4183433
0.40, 4165876
0.40, 4149831
0.40, 4148434
0.40, 4138140
0.40, 4134285
0.40, 4125858
0.41, 4124330
0.41, 4092648
0.41, 4090619
0.41, 4058803
0.41, 4057724
0.46, 4047820
0.46, 4027039
0.46, 4022245
0.46, 4013878
0.51, 4010199
0.51, 4002734
0.51, 4002048
0.51, 3999537
0.51, 3999024
0.51, 3978825
0.51, 3966947
0.51, 3950086
0.51, 3946296
0.51, 3935844
0.51, 3935175
0.52, 3929107
0.52, 3919474
0.52, 3898336
0.56, 3896681
0.56, 3880622
0.56, 3874994
0.56, 3866945
0.56, 3864297
0.57, 3850733
0.57, 3848046
0.57, 3843977
0.57, 3824482
0.57, 3799894
0.57, 3797620
0.57, 3792959
0.57, 3792785
0.57, 3702246
0.57, 3696315
0.57, 3681987
0.57, 3681966
0.57, 3679845
0.57, 3668237
0.57, 3657525
0.57, 3653713
0.57, 3647411
0.57, 3621062
0.57, 3614363
0.57, 3591528
0.57, 3581206
0.57, 3579999
0.57, 3578013
0.57, 3563096
0.57, 3555317
0.57, 3555029
0.58, 3539748
0.58, 3535464
0.58, 3529358
0.58, 3519967
0.64, 3494694
0.64, 3484951
0.64, 3481478
0.64, 3479967
0.64, 3477897
0.64, 3445282
0.64, 3443033
0.64, 3437878
0.64, 3435515
0.64, 3427568
0.67, 3427436
0.67, 3420815
0.67, 3408927
0.67, 3402589
0.67, 3402392
0.67, 3400331
0.67, 3398270
0.67, 3390172
0.67, 3370626
0.67, 3365144
0.67, 3365136
0.67, 3364510
0.67, 3361198
0.67, 3358928
0.67, 3357710
0.68, 3351943
0.68, 3343108
0.68, 3341688
0.68, 3328672
0.68, 3322868
0.68, 3321762
0.68, 3315413
0.68, 3303320
0.68, 3298346
0.68, 3291862
0.68, 3279302
0.68, 3278312
0.68, 3270401
0.68, 3267850
0.68, 3256188
0.68, 3248874
0.68, 3241026
0.68, 3233816
0.68, 3224140
0.68, 3195495
0.68, 3169750
0.75, 3169363
0.75, 3114959
0.75, 3106149
0.75, 3100848
0.75, 3092474
0.75, 3091576
0.75, 3082689
0.76, 3082282
0.76, 3064358
0.76, 3064074
0.76, 3056432
0.76, 3008891
0.76, 3007555
0.76, 3002511
0.76, 3000882
0.76, 3000859
0.76, 2998832
0.76, 2994415
0.76, 2985954
0.76, 2951531
0.76, 2949080
0.76, 2904646
0.76, 2902448
0.76, 2891925
0.76, 2876456
0.76, 2875478
0.76, 2863660
0.76, 2863115
0.76, 2856134
0.76, 2841337
0.76, 2840499
0.76, 2828570
0.76, 2828510
0.76, 2818168
0.83, 2806819
0.83, 2806611
0.83, 2803723
0.83, 2767774
0.83, 2743718
0.83, 2742967
0.83, 2742614
0.83, 2741348
0.83, 2737532
0.83, 2733689
0.83, 2689782
0.94, 2684895
0.94, 2663948
0.94, 2662735
0.94, 2660372
0.95, 2619465
0.95, 2600586
0.95, 2599504
0.95, 2599191
0.96, 2591221
0.96, 2591219
0.96, 2591069
0.96, 2578793
0.96, 2564514
0.96, 2563166
0.96, 2560306
0.96, 2549455
0.96, 2548022
0.96, 2547705
0.96, 2540219
0.96, 2540148
0.96, 2534754
0.96, 2531365
0.96, 2529436
0.96, 2528693
1.01, 2521537
1.01, 2521498
1.01, 2516379
1.01, 2515215
1.01, 2506056
1.01, 2493173
1.01, 2490253
1.03, 2490154
1.03, 2478478
1.03, 2473838
1.03, 2473390
1.03, 2471264
1.03, 2460999
1.03, 2459347
1.03, 2457586
1.03, 2455769
1.03, 2453094
1.03, 2442437
1.03, 2426528
1.03, 2419555
1.03, 2419196
1.04, 2414565
1.04, 2413532
1.04, 2411462
1.04, 2410454
1.05, 2409387
1.05, 2405995
1.05, 2398359
1.05, 2390352
1.05, 2390208
1.05, 2385048
1.05, 2384480
1.05, 2383886
1.05, 2380936
1.05, 2367673
1.05, 2366592
1.05, 2362508
1.05, 2360224
1.05, 2356909
1.06, 2353317
1.06, 2346387
1.06, 2344430
1.06, 2339987
1.06, 2325770
1.06, 2322792
1.06, 2321633
1.06, 2318934
1.06, 2314369
1.06, 2306487
1.06, 2296875
1.06, 2295612
1.06, 2290546
1.06, 2282405
1.06, 2280513
1.06, 2276888
1.06, 2275415
1.06, 2266787
1.06, 2264350
1.06, 2252547
1.06, 2252293
1.06, 2251202
1.06, 2244755
1.06, 2243897
1.06, 2242243
1.06, 2240740
1.06, 2239962
1.06, 2239722
1.06, 2239572
1.06, 2230053
1.06, 2229153
1.06, 2229121
1.06, 2224630
1.06, 2218923
1.06, 2212166
1.06, 2209788
1.06, 2208062
1.06, 2204173
1.06, 2199004
1.06, 2194118
1.13, 2185650
1.13, 2183300
1.13, 2183135
1.13, 2182694
1.13, 2179091
1.13, 2171736
1.14, 2167988
1.14, 2164267
1.14, 2162519
1.14, 2147639
1.14, 2139388
1.14, 2128808
1.14, 2122410
1.18, 2108059
1.18, 2096202
1.18, 2076747
1.18, 2075343
1.18, 2075261
1.18, 2070077
1.18, 2068847
1.18, 2047073
1.18, 2045347
1.19, 2039249
1.19, 2036476
1.19, 2025520
1.19, 2019846
1.19, 2019567
1.19, 2018962
1.19, 2018092
1.19, 2016607
1.19, 2004974
1.19, 2001422
1.19, 1996632
1.19, 1995885
1.19, 1993406
1.19, 1993023
1.19, 1991589
1.19, 1978953
1.23, 1975617
1.23, 1970241
1.23, 1966159
1.24, 1962336
1.24, 1958626
1.24, 1949384
1.24, 1947976
1.24, 1947299
1.24, 1946505
1.24, 1937821
1.24, 1937027
1.24, 1919810
1.26, 1919476
1.26, 1913806
1.26, 1913426
1.26, 1912100
1.26, 1909994
1.26, 1909379
1.26, 1906482
1.26, 1901620
1.26, 1884206
1.26, 1878705
1.26, 1875978
1.26, 1873848
1.26, 1868512
1.26, 1865942
1.26, 1865912
1.26, 1864622
1.26, 1861585
1.26, 1861361
1.26, 1851445
1.26, 1850711
1.30, 1840040
1.30, 1839828
1.30, 1838885
1.30, 1836076
1.30, 1835997
1.30, 1819562
1.30, 1803115
1.30, 1801892
1.30, 1793922
1.30, 1791460
1.30, 1786915
1.30, 1785791
1.30, 1781537
1.30, 1780892
1.30, 1774211
1.30, 1769414
1.30, 1768180
1.30, 1768026
1.30, 1764822
1.30, 1759026
1.30, 1755012
1.30, 1752350
1.31, 1746122
1.31, 1742919
1.31, 1742685
1.31, 1741151
1.31, 1740700
1.31, 1740490
1.31, 1730091
1.31, 1729155
1.34, 1724994
1.34, 1722639
1.35, 1721942
1.35, 1713974
1.35, 1712123
1.35, 1708790
1.35, 1706087
1.35, 1706018
1.35, 1705157
1.35, 1704903
1.36, 1704090
1.36, 1702800
1.36, 1701546
1.36, 1700267
1.36, 1699743
1.36, 1679887
1.36, 1675782
1.36, 1674736
1.36, 1673849
1.36, 1670540
1.36, 1670405
1.36, 1665007
1.36, 1664004
1.36, 1662415
1.36, 1662264
1.36, 1657570
1.36, 1638944
1.36, 1638467
1.45, 1631884
1.45, 1630332
1.45, 1627542
1.45, 1622554
1.45, 1621042
1.46, 1620925
1.46, 1619382
1.46, 1618578
1.46, 1614278
1.46, 1613547
1.46, 1611343
1.46, 1610852
1.46, 1610109
1.46, 1606904
1.46, 1606291
1.46, 1601370
1.46, 1600709
1.46, 1592465
1.46, 1582455
1.46, 1579292
1.46, 1575876
1.46, 1575326
1.46, 1574590
1.46, 1574254
1.46, 1573831
1.46, 1573187
1.46, 1572904
1.46, 1569162
1.46, 1563466
1.46, 1562898
1.47, 1560035
1.47, 1559884
1.47, 1559146
1.47, 1554344
1.47, 1551428
1.47, 1546665
1.49, 1545708
1.49, 1527008
1.49, 1526857
1.52, 1518450
1.52, 1517042
1.52, 1516699
1.52, 1512596
1.52, 1509627
1.52, 1505582
1.52, 1505264
1.52, 1503840
1.52, 1499189
1.52, 1496339
1.52, 1494546
1.52, 1493948
1.52, 1492005
1.52, 1485466
1.52, 1481237
1.52, 1481197
1.52, 1473784
1.52, 1470810
1.52, 1468166
1.52, 1464011
1.52, 1463706
1.52, 1463120
1.52, 1460982
1.52, 1459285
1.52, 1450631
1.52, 1449658
1.52, 1448319
1.52, 1446206
1.52, 1443796
1.57, 1441104
1.57, 1439927
1.58, 1437598
1.58, 1433962
1.58, 1419971
1.58, 1412610
1.58, 1405622
1.58, 1404734
1.58, 1403178
1.58, 1395322
1.58, 1395012
1.58, 1392681
1.58, 1391500
1.58, 1388796
1.58, 1387019
1.58, 1386998
1.58, 1383521
1.58, 1380435
1.58, 1375756
1.58, 1374745
1.58, 1373655
1.58, 1373532
1.59, 1372605
1.59, 1366788
1.59, 1365824
1.60, 1362742
1.60, 1361349
1.60, 1357968
1.60, 1356037
1.60, 1349220
1.60, 1345332
1.60, 1328804
1.60, 1324644
1.68, 1313782
1.68, 1312732
1.68, 1310103
1.68, 1307951
1.68, 1305874
1.68, 1303857
1.68, 1303025
1.68, 1300335
1.68, 1295690
1.68, 1293666
1.68, 1290327
1.68, 1289488
1.68, 1288709
1.69, 1287975
1.69, 1285884
1.69, 1285673
1.69, 1285362
1.69, 1283879
1.69, 1282973
1.69, 1281683
1.69, 1280256
1.69, 1275544
1.69, 1267517
1.69, 1267433
1.69, 1264376
1.69, 1260941
1.69, 1260822
1.69, 1256565
1.69, 1254499
1.70, 1254082
1.71, 1252541
1.71, 1252278
1.71, 1250939
1.71, 1250844
1.71, 1248386
1.71, 1245645
1.71, 1245384
1.71, 1244697
1.71, 1241188
1.73, 1240727
1.73, 1240006
1.73, 1238765
1.73, 1237033
1.73, 1236551
1.73, 1235530
1.73, 1235296
1.73, 1234018
1.75, 1230418
1.75, 1226815
1.75, 1224061
1.75, 1223811
1.75, 1223592
1.75, 1220465
1.75, 1208244
1.75, 1207002
1.75, 1206751
1.75, 1205955
1.75, 1204276
1.75, 1203053
1.75, 1197210
1.78, 1192926
1.78, 1190634
1.78, 1190560
1.78, 1189799
1.78, 1185159
1.78, 1182736
1.78, 1182537
1.78, 1179925
1.78, 1179895
1.78, 1179586
1.78, 1176384
1.78, 1172378
1.78, 1171479
1.78, 1169508
1.78, 1167011
1.78, 1166148
1.79, 1161053
1.79, 1160501
1.79, 1157381
1.79, 1154542
1.79, 1154335
1.79, 1153287
1.79, 1150267
1.79, 1149372
1.79, 1149278
1.79, 1147207
1.79, 1146552
1.79, 1146368
1.79, 1144662
1.79, 1142481
1.79, 1136975
1.83, 1136697
1.83, 1136469
1.83, 1135519
1.83, 1133766
1.83, 1130486
1.83, 1130196
1.83, 1129156
1.83, 1127199
1.83, 1125191
1.83, 1124899
1.83, 1124475
1.83, 1121041
1.83, 1120600
1.83, 1120340
1.83, 1118395
1.83, 1118269
1.83, 1117679
1.83, 1116650
1.83, 1116454
1.83, 1116270
1.83, 1114308
1.83, 1113533
1.83, 1112628
1.83, 1110849
1.83, 1106465
1.83, 1101554
1.83, 1100968
1.83, 1098449
1.83, 1098118
1.83, 1095271
1.83, 1090448
1.83, 1090446
1.83, 1088741
1.84, 1087723
1.88, 1087243
1.88, 1078413
1.89, 1077023
1.89, 1075865
1.90, 1075817
1.91, 1074193
1.91, 1073640
1.91, 1072942
1.91, 1071826
1.91, 1070763
1.91, 1068059
1.91, 1067833
1.91, 1066119
1.91, 1065681
1.91, 1065183
1.91, 1064747
1.93, 1064092
1.93, 1059991
1.93, 1059678
1.93, 1059602
1.95, 1054047
1.95, 1049759
1.96, 1049049
1.96, 1047867
1.96, 1046615
1.96, 1042319
1.96, 1039317
1.96, 1037085
1.96, 1037077
2.02, 1036963
2.02, 1032474
2.02, 1025471
2.02, 1024925
2.02, 1022930
2.02, 1016647
2.02, 1014345
2.04, 1013922
2.04, 1011234
2.04, 1008971
2.04, 1007991
2.04, 1007292
2.04, 1006404
2.04, 1005032
2.04, 1004007
2.04, 1002109
2.05, 1000583
2.09, 997783
2.09, 996367
2.09, 994473
2.09, 993381
2.09, 991641
2.09, 989680
2.09, 986667
2.09, 985116
2.09, 983886
2.09, 982997
2.09, 982668
2.09, 979752
2.10, 977639
2.10, 976738
2.10, 973421
2.10, 973220
2.10, 966916
2.10, 957872
2.10, 954800
2.10, 946095
2.10, 945159
2.10, 944734
2.10, 942714
2.15, 938088
2.15, 933432
2.15, 933169
2.15, 932663
2.16, 931310
2.16, 927391
2.16, 926066
2.16, 925188
2.16, 919709
2.16, 918267
2.16, 916500
2.16, 915135
2.16, 913883
2.16, 913455
2.16, 913322
2.16, 912465
2.16, 911860
2.16, 910916
2.16, 909147
2.16, 908122
2.16, 907599
2.16, 903413
2.16, 899838
2.16, 899094
2.16, 898488
2.16, 897949
2.16, 895388
2.16, 894799
2.16, 891112
2.16, 890242
2.16, 888485
2.16, 888080
2.16, 886816
2.17, 884939
2.27, 882737
2.27, 882594
2.28, 880687
2.28, 880480
2.28, 877599
2.28, 877307
2.28, 876007
2.28, 875884
2.28, 874294
2.28, 873546
2.28, 873107
2.28, 872648
2.28, 870758
2.28, 870610
2.28, 869682
2.28, 869458
2.28, 869443
2.28, 869435
2.28, 868887
2.28, 868710
2.28, 867979
2.28, 867655
2.29, 867148
2.29, 865184
2.31, 862678
2.31, 862307
2.31, 861618
2.31, 859768
2.32, 859389
2.32, 859185
2.32, 856803
2.32, 856189
2.32, 856027
2.32, 854111
2.32, 853094
2.32, 852277
2.32, 849691
2.32, 849113
2.32, 848881
2.32, 846186
2.32, 843698
2.32, 843665
2.32, 843395
2.32, 840774
2.33, 838779
2.33, 838109
2.33, 836755
2.33, 836070
2.33, 835727
2.33, 835487
2.33, 834059
2.33, 833890
2.33, 833800
2.33, 833171
2.33, 833018
2.33, 832498
2.33, 831854
2.33, 828169
2.33, 827997
2.33, 827501
2.33, 826309
2.33, 825435
2.33, 824903
2.33, 822175
2.33, 821955
2.37, 820432
2.37, 819708
2.37, 819278
2.37, 819125
2.37, 818591
2.37, 818468
2.39, 817961
2.39, 817889
2.39, 817727
2.39, 816394
2.39, 815930
2.39, 815907
2.39, 815831
2.39, 815211
2.39, 814513
2.39, 814434
2.39, 814172
2.39, 813590
2.39, 811473
2.39, 811238
2.40, 808424
2.40, 808334
2.40, 807910
2.40, 807637
2.40, 807324
2.40, 806816
2.40, 806393
2.40, 806378
2.40, 806079
2.40, 804481
2.40, 804378
2.40, 804174
2.40, 803411
2.40, 801575
2.40, 799343
2.40, 799264
2.40, 799050
2.40, 798366
2.40, 797925
2.40, 797259
2.43, 796402
2.43, 792760
2.46, 791563
2.46, 791361
2.46, 791162
2.46, 790901
2.46, 790390
2.46, 790385
2.46, 790252
2.46, 790009
2.46, 789121
2.46, 788385
2.46, 785877
2.46, 785338
2.46, 785140
2.46, 785127
2.46, 784699
2.46, 782766
2.46, 782377
2.46, 782360
2.46, 781885
2.46, 781313
2.46, 781148
2.46, 778242
2.46, 777693
2.46, 776969
2.46, 776505
2.50, 776379
2.50, 776278
2.50, 775877
2.50, 774550
2.50, 773470
2.50, 773007
2.50, 771323
2.50, 771321
2.50, 769219
2.50, 768778
2.50, 768210
2.50, 767947
2.50, 767547
2.50, 767500
2.50, 767303
2.50, 766858
2.50, 766374
2.62, 764239
2.62, 763550
2.62, 762413
2.62, 760080
2.62, 759449
2.64, 757642
2.64, 757624
2.64, 757086
2.65, 754636
2.68, 754049
2.68, 753928
2.68, 753228
2.68, 752407
2.68, 752205
2.68, 751974
2.68, 751963
2.68, 750799
2.68, 749017
2.68, 748959
2.68, 748797
2.68, 748077
2.68, 747940
2.68, 747623
2.68, 747571
2.68, 747438
2.68, 746581
2.68, 745727
2.68, 745314
2.68, 744621
2.68, 743276
2.68, 741442
2.68, 740824
2.68, 740203
2.71, 739439
2.71, 739345
2.71, 739212
2.71, 739202
2.71, 738365
2.71, 737861
2.72, 737779
2.72, 737643
2.72, 735839
2.72, 735566
2.72, 735413
2.72, 735169
2.72, 735008
2.72, 734791
2.72, 734297
2.72, 733687
2.72, 733221
2.72, 732751
2.72, 732746
2.72, 732716
2.73, 732660
2.74, 732079
2.75, 731614
2.75, 731330
2.76, 730910
2.76, 730344
2.76, 730274
2.79, 730244
2.79, 730069
2.79, 729501
2.79, 729427
2.79, 728805
2.79, 728448
2.79, 728386
2.79, 728353
2.80, 727962
2.80, 727398
2.80, 727356
2.80, 727188
2.80, 727027
2.80, 726862
2.80, 723926
2.80, 722776
2.80, 722078
2.80, 721339
2.80, 721063
2.80, 720971
2.81, 719646
2.81, 719296
2.81, 719274
2.81, 719231
2.81, 719188
2.81, 719144
2.81, 718634
2.81, 718632
2.81, 718550
2.81, 718514
2.81, 718348
2.82, 717566
2.82, 717495
2.82, 717017
2.83, 716578
2.86, 716003
2.86, 715449
2.86, 714269
2.86, 714208
2.86, 713496
2.86, 712555
2.86, 711522
2.86, 710389
2.86, 709195
2.86, 709111
2.86, 708382
2.88, 708108
2.88, 708066
2.89, 707748
2.89, 706058
2.90, 705447
2.90, 703977
2.90, 703733
2.90, 703635
2.90, 703470
2.90, 702658
2.90, 702613
2.94, 702581
2.94, 702094
2.94, 701834
2.94, 701744
2.94, 701009
2.94, 700216
2.95, 699743
2.95, 699217
2.95, 699043
2.95, 698192
2.95, 697731
2.95, 697617
2.95, 697582
2.96, 697428
2.96, 697076
2.96, 696787
2.97, 695855
2.97, 695188
2.99, 694787
3.01, 693758
3.01, 692765
3.01, 692529
3.01, 691148
3.01, 690709
3.01, 690643
3.01, 690073
3.01, 689525
3.01, 689355
3.01, 689333
3.01, 687229
3.01, 686138
3.01, 685834
3.08, 685701
3.10, 684406
3.13, 684327
3.14, 683952
3.14, 683872
3.14, 683829
3.15, 683592
3.15, 683570
3.15, 683470
3.15, 683298
3.15, 683290
3.16, 682741
3.16, 682395
3.16, 682201
3.16, 681270
3.17, 680863
3.17, 680788
3.24, 680164
3.32, 679787
3.32, 679736
3.32, 679403
3.33, 679383
3.33, 679365
3.33, 679262
3.33, 678325
3.34, 678150
3.34, 677770
3.34, 677717
3.34, 677610
3.34, 677550
3.34, 676848
3.34, 676506
3.36, 675941
3.36, 675896
3.36, 675286
3.37, 675205
3.37, 675148
3.37, 674711
3.37, 674633
3.37, 674389
3.37, 674042
3.39, 673812
3.39, 673767
3.41, 673653
3.45, 672805
3.45, 672739
3.45, 672719
3.46, 671528
3.52, 671255
3.52, 671138
3.61, 671078
3.61, 671021
3.62, 670879
3.66, 670753
3.76, 670434
3.76, 670320
3.80, 670206
3.82, 669938
3.82, 669659
3.86, 669475
3.87, 669027
3.88, 668726
3.90, 668630
3.92, 668472
3.94, 668402
3.96, 668391
3.96, 668314
3.96, 668250
3.96, 668190
7.31, 667902
7.32, 667846
7.33, 667753
7.34, 667440
7.42, 666780
7.43, 666758
7.44, 666501
7.87, 666479
10.39, 666358
10.39, 666346
10.41, 666169
10.41, 665566
10.42, 665563
10.42, 665489
10.43, 665313
10.43, 665020
10.44, 664955
10.45, 664904
10.45, 664730
10.46, 664588
10.46, 663670
10.46, 663648
10.46, 663261
10.49, 663128
10.56, 662932
10.56, 662872
10.67, 662610
10.69, 662545
10.69, 662543
10.69, 662401
10.70, 662244
10.70, 662143
10.75, 661883
10.76, 661742
10.76, 661567
11.09, 661539
11.09, 661479
11.51, 661307
13.71, 661268
13.74, 661223
13.75, 661154
13.84, 661039
13.87, 661011
13.91, 660899
13.91, 660884
13.92, 660841
13.94, 660796
13.97, 660781
13.98, 660736
23.54, 660597
23.57, 660467
23.60, 660328
23.63, 660108
23.64, 660063
23.65, 660035
23.71, 659844
23.72, 659801
23.72, 659656
23.73, 659654
23.80, 659451
23.90, 659449
23.91, 659427
23.92, 659425
23.94, 659382
23.94, 659380
