0.02, 7197435
0.02, 7191609
0.02, 7132356
0.02, 7095720
0.02, 7085587
0.02, 7057841
0.02, 7035642
0.02, 7009195
0.02, 7000599
0.02, 6939333
0.02, 6926230
0.02, 6906972
0.02, 6905081
0.02, 6895321
0.02, 6890664
0.02, 6849993
0.02, 6836294
0.02, 6830352
0.02, 6817766
0.02, 6809939
0.02, 6808693
0.02, 6752355
0.02, 6740153
0.02, 6691686
0.02, 6691635
0.02, 6659146
0.02, 6650425
0.02, 6633707
0.02, 6629291
0.02, 6627168
0.02, 6593584
0.02, 6589635
0.02, 6557676
0.02, 6485279
0.02, 6459362
0.02, 6384454
0.02, 6362442
0.02, 6344441
0.02, 6344152
0.02, 6341927
0.02, 6314465
0.02, 6262615
0.02, 6261220
0.02, 6249565
0.02, 6226053
0.02, 6221023
0.02, 6204779
0.02, 6201772
0.02, 6181396
0.02, 6179897
0.02, 6095104
0.02, 6089814
0.02, 6084133
0.02, 6048945
0.02, 6045855
0.02, 6036073
0.02, 6009186
0.02, 5980811
0.02, 5973189
0.02, 5972562
0.02, 5969937
0.02, 5946910
0.02, 5919101
0.02, 5914115
0.02, 5913422
0.02, 5904499
0.02, 5902941
0.02, 5892339
0.02, 5864386
0.02, 5863148
0.03, 5863059
0.03, 5862359
0.03, 5862215
0.03, 5861011
0.03, 5856425
0.03, 5851316
0.03, 5849501
0.03, 5828354
0.03, 5825243
0.03, 5806678
0.03, 5794170
0.03, 5793626
0.03, 5787349
0.03, 5763522
0.03, 5758459
0.03, 5741010
0.04, 5729482
0.04, 5721696
0.04, 5719617
0.04, 5718050
0.04, 5706539
0.04, 5662982
0.04, 5654680
0.04, 5649698
0.04, 5646530
0.04, 5639419
0.04, 5635052
0.04, 5632262
0.04, 5630843
0.04, 5627163
0.04, 5623578
0.04, 5622858
0.04, 5619610
0.04, 5612106
0.04, 5609571
0.04, 5608469
0.04, 5577511
0.04, 5560994
0.04, 5560604
0.04, 5552020
0.04, 5540146
0.04, 5538303
0.04, 5497541
0.04, 5488913
0.04, 5473873
0.07, 5361119
0.07, 5356584
0.07, 5328617
0.07, 5311921
0.07, 5302379
0.07, 5256711
0.07, 5245335
0.07, 5223551
0.07, 5223262
0.07, 5215493
0.07, 5189637
0.07, 5135498
0.07, 5135097
0.07, 5133294
0.10, 5124536
0.12, 5029300
0.12, 5027282
0.15, 5012358
0.15, 5011130
0.15, 5007808
0.15, 5000018
0.15, 4999788
0.15, 4999777
0.15, 4998996
0.15, 4986697
0.15, 4970452
0.15, 4956102
0.15, 4951373
0.15, 4949251
0.20, 4941688
0.20, 4933431
0.20, 4923922
0.20, 4921468
0.20, 4921264
0.20, 4856930
0.20, 4853987
0.23, 4852296
0.23, 4831309
0.25, 4809269
0.25, 4803152
0.25, 4798635
0.25, 4775867
0.25, 4721650
0.25, 4716436
0.27, 4710793
0.27, 4709517
0.27, 4704094
0.27, 4703406
0.27, 4561627
0.27, 4537498
0.27, 4531738
0.27, 4510787
0.27, 4490148
0.27, 4485713
0.27, 4483270
0.27, 4482828
0.27, 4480119
0.27, 4465966
0.27, 4449559
0.27, 4443645
0.27, 4422864
0.27, 4422413
0.27, 4378872
0.27, 4376757
0.39, 4357385
0.39, 4347218
0.39, 4324570
0.39, 4314895
0.39, 4314173
0.39, 4300588
0.39, 4289671
0.39, 4283684
0.39, 4264946
0.39, 4258079
0.39, 4256131
0.39, 4221808
0.39, 4197608
0.40, 4194066
0.40, 4193546
0.42, 4191872
0.42, 4176622
0.43, 4144197
0.43, 4143886
0.43, 4142589
0.43, 4141014
0.43, 4137855
0.48, 4118637
0.48, 4117703
0.48, 4100006
0.48, 4076352
0.48, 4075727
0.48, 4042354
0.49, 4038695
0.49, 4038532
0.52, 3977164
0.52, 3951995
0.52, 3948230
0.52, 3947668
0.52, 3945482
0.52, 3935819
0.52, 3933370
0.52, 3921070
0.52, 3907425
0.52, 3879322
0.52, 3877756
0.52, 3861099
0.52, 3859387
0.52, 3839946
0.52, 3830255
0.52, 3824730
0.52, 3824634
0.52, 3823069
0.52, 3821984
0.52, 3817272
0.52, 3815152
0.52, 3787787
0.52, 3783432
0.52, 3782560
0.52, 3757546
0.52, 3737505
0.52, 3733104
0.52, 3725052
0.52, 3715049
0.52, 3708236
0.52, 3683506
0.52, 3679270
0.52, 3668348
0.53, 3663735
0.53, 3639483
0.53, 3639034
0.53, 3614509
0.53, 3593552
0.53, 3574934
0.53, 3574427
0.53, 3570485
0.53, 3561503
0.53, 3555582
0.53, 3553770
0.53, 3550807
0.53, 3550389
0.53, 3548699
0.53, 3530422
0.53, 3515073
0.53, 3511453
0.53, 3487961
0.53, 3480277
0.53, 3474961
0.53, 3464313
0.53, 3454774
0.53, 3454579
0.53, 3440156
0.53, 3437429
0.53, 3427677
0.71, 3427500
0.71, 3426334
0.71, 3388001
0.71, 3386480
0.71, 3385603
0.71, 3381805
0.71, 3370825
0.71, 3367943
0.71, 3365383
0.71, 3363961
0.71, 3358790
0.71, 3353178
0.71, 3345257
0.71, 3344269
0.75, 3342999
0.75, 3332709
0.75, 3327036
0.75, 3308533
0.75, 3308324
0.75, 3305021
0.75, 3301636
0.75, 3301321
0.75, 3292817
0.75, 3292604
0.75, 3281997
0.76, 3274416
0.76, 3251778
0.76, 3248497
0.76, 3242740
0.76, 3222062
0.76, 3216370
0.76, 3209341
0.76, 3204828
0.76, 3201068
0.76, 3182123
0.76, 3181918
0.76, 3181614
0.76, 3181423
0.76, 3168337
0.76, 3164840
0.76, 3112501
0.76, 3106800
0.76, 3100346
0.76, 3082246
0.76, 3077370
0.76, 3072496
0.76, 3071502
0.76, 3070948
0.76, 3063238
0.76, 3061263
0.76, 3056950
0.76, 3055003
0.81, 3041771
0.81, 3039154
0.81, 3038345
0.81, 3016782
0.83, 3003483
0.83, 2992051
0.83, 2991766
0.83, 2949205
0.83, 2940553
0.83, 2935485
0.83, 2933724
0.83, 2932816
0.83, 2931438
0.83, 2915235
0.83, 2907355
0.83, 2896651
0.83, 2889165
0.83, 2879321
0.83, 2879099
0.83, 2849966
0.83, 2848547
0.83, 2846739
0.83, 2845666
0.83, 2845147
0.83, 2841163
0.83, 2840215
0.88, 2839699
0.88, 2837392
0.88, 2832958
0.88, 2830114
0.88, 2815679
0.88, 2814200
0.88, 2812194
0.88, 2811974
0.88, 2807457
0.88, 2807169
0.88, 2800155
0.88, 2788178
0.88, 2780622
0.88, 2777436
0.91, 2776376
0.91, 2768272
0.91, 2738408
0.91, 2732521
0.91, 2723562
0.91, 2712975
0.91, 2711341
0.91, 2708453
0.91, 2702389
0.91, 2701484
0.91, 2700447
0.91, 2694252
0.91, 2672759
0.94, 2652461
0.94, 2613673
0.94, 2611060
0.94, 2608672
0.94, 2605478
0.94, 2599464
0.94, 2596907
0.94, 2590774
0.94, 2589588
0.94, 2587508
0.94, 2584178
0.95, 2582290
0.95, 2568293
0.95, 2566925
0.95, 2554529
0.95, 2553913
0.95, 2529333
1.00, 2525099
1.00, 2523760
1.00, 2519180
1.00, 2516590
1.00, 2514834
1.00, 2514733
1.01, 2509964
1.01, 2509433
1.01, 2508411
1.01, 2505541
1.01, 2491243
1.01, 2490987
1.01, 2478976
1.01, 2474662
1.02, 2471526
1.02, 2469546
1.02, 2468185
1.02, 2447053
1.02, 2442349
1.02, 2437998
1.02, 2437210
1.02, 2428334
1.02, 2427931
1.02, 2425034
1.02, 2399839
1.02, 2395001
1.02, 2390516
1.02, 2390485
1.02, 2389641
1.02, 2386973
1.02, 2386948
1.02, 2386617
1.02, 2386444
1.02, 2384688
1.02, 2380766
1.02, 2380663
1.02, 2378433
1.03, 2364013
1.03, 2353127
1.10, 2351693
1.10, 2350483
1.10, 2349321
1.10, 2346775
1.10, 2346134
1.10, 2342767
1.12, 2328694
1.12, 2328293
1.12, 2326896
1.12, 2299076
1.12, 2298990
1.12, 2297345
1.12, 2296111
1.12, 2295487
1.12, 2295248
1.12, 2295166
1.12, 2291900
1.12, 2290085
1.12, 2285419
1.12, 2284824
1.12, 2282396
1.12, 2278665
1.12, 2276476
1.12, 2275252
1.12, 2270151
1.12, 2265199
1.12, 2260209
1.12, 2190910
1.12, 2175953
1.12, 2175768
1.12, 2170551
1.12, 2164918
1.12, 2157838
1.12, 2156807
1.12, 2148198
1.12, 2136180
1.12, 2135301
1.12, 2134335
1.12, 2132421
1.12, 2126049
1.12, 2119194
1.12, 2118376
1.12, 2118206
1.13, 2110193
1.13, 2104615
1.13, 2103986
1.13, 2101346
1.13, 2098898
1.13, 2098270
1.13, 2091868
1.13, 2089919
1.14, 2083860
1.14, 2082375
1.14, 2079698
1.14, 2079310
1.14, 2076559
1.14, 2075393
1.14, 2073409
1.20, 2072666
1.20, 2070900
1.20, 2069708
1.21, 2069646
1.21, 2067189
1.22, 2066314
1.22, 2063076
1.22, 2062841
1.22, 2060569
1.22, 2060309
1.22, 2059778
1.22, 2059341
1.22, 2057663
1.23, 2049617
1.23, 2046601
1.23, 2045919
1.23, 2043032
1.23, 2041646
1.23, 2037264
1.23, 2032259
1.23, 2031850
1.23, 2029751
1.23, 2028849
1.23, 2024213
1.23, 2020583
1.23, 2020456
1.23, 2019701
1.23, 2019427
1.23, 2017790
1.23, 2014544
1.23, 2013869
1.23, 2011645
1.23, 2007373
1.25, 2006970
1.25, 2002694
1.25, 1992887
1.25, 1991820
1.26, 1991207
1.26, 1990907
1.26, 1988984
1.26, 1988125
1.26, 1985502
1.26, 1965676
1.26, 1965231
1.26, 1958889
1.26, 1940520
1.26, 1936832
1.26, 1930521
1.26, 1929673
1.26, 1925015
1.26, 1915254
1.26, 1913838
1.26, 1911925
1.26, 1908966
1.26, 1905531
1.26, 1904775
1.26, 1901255
1.26, 1889824
1.26, 1888554
1.26, 1887628
1.26, 1887605
1.26, 1884712
1.26, 1882805
1.26, 1882080
1.26, 1877705
1.26, 1872875
1.26, 1871766
1.29, 1865389
1.29, 1858149
1.33, 1852392
1.33, 1841997
1.33, 1840199
1.33, 1831134
1.33, 1828458
1.33, 1828129
1.33, 1827040
1.33, 1821660
1.33, 1812663
1.33, 1811341
1.33, 1808072
1.33, 1808070
1.33, 1805542
1.33, 1803310
1.34, 1803181
1.34, 1795525
1.34, 1795447
1.34, 1794535
1.34, 1791636
1.40, 1790575
1.40, 1789291
1.40, 1783672
1.40, 1783178
1.40, 1779172
1.40, 1774574
1.40, 1771049
1.40, 1763224
1.40, 1744323
1.40, 1737908
1.40, 1736918
1.40, 1736169
1.40, 1732012
1.40, 1729867
1.40, 1722886
1.40, 1719539
1.40, 1716275
1.40, 1705775
1.40, 1703939
1.40, 1696968
1.40, 1695770
1.40, 1695684
1.40, 1695312
1.40, 1695077
1.40, 1694973
1.40, 1694485
1.40, 1690903
1.40, 1690838
1.40, 1690209
1.40, 1688677
1.40, 1686135
1.40, 1682266
1.40, 1681320
1.40, 1666077
1.40, 1650862
1.40, 1649447
1.40, 1649008
1.40, 1648842
1.40, 1644572
1.40, 1643642
1.40, 1638374
1.40, 1634680
1.40, 1631330
1.40, 1630610
1.40, 1629939
1.40, 1627816
1.40, 1623160
1.40, 1612708
1.40, 1609738
1.40, 1606999
1.40, 1606096
1.40, 1604595
1.40, 1604584
1.40, 1604579
1.40, 1599283
1.40, 1594811
1.40, 1591835
1.40, 1590672
1.40, 1589558
1.40, 1586895
1.50, 1581080
1.50, 1580665
1.50, 1569950
1.50, 1569262
1.50, 1568093
1.50, 1565627
1.50, 1565226
1.50, 1564649
1.50, 1558658
1.50, 1548643
1.50, 1546805
1.50, 1535977
1.50, 1533567
1.50, 1531750
1.50, 1530260
1.50, 1526667
1.52, 1522784
1.52, 1522572
1.52, 1522184
1.52, 1518691
1.52, 1518680
1.52, 1506183
1.52, 1505341
1.52, 1503855
1.52, 1500647
1.52, 1499834
1.52, 1499380
1.52, 1499142
1.52, 1499082
1.52, 1488221
1.56, 1482911
1.56, 1482898
1.56, 1479645
1.56, 1479443
1.56, 1479039
1.56, 1475129
1.56, 1474614
1.56, 1474564
1.56, 1472354
1.56, 1471550
1.56, 1467072
1.56, 1463069
1.56, 1462056
1.56, 1461553
1.56, 1458505
1.56, 1452173
1.56, 1451993
1.56, 1450335
1.56, 1448862
1.56, 1447246
1.56, 1445808
1.56, 1443206
1.56, 1440883
1.56, 1440878
1.57, 1440531
1.57, 1438058
1.57, 1436950
1.57, 1431971
1.57, 1429071
1.57, 1426634
1.57, 1424146
1.57, 1419674
1.57, 1415820
1.57, 1414785
1.57, 1413059
1.57, 1412548
1.57, 1412438
1.59, 1411630
1.59, 1410507
1.59, 1406416
1.59, 1405448
1.59, 1403977
1.59, 1403352
1.59, 1399185
1.59, 1397918
1.59, 1397599
1.59, 1392915
1.59, 1386020
1.59, 1384926
1.59, 1379305
1.59, 1379273
1.59, 1374974
1.59, 1370557
1.59, 1361907
1.59, 1359960
1.59, 1358388
1.59, 1358109
1.59, 1357179
1.69, 1355991
1.69, 1353298
1.69, 1350851
1.69, 1347824
1.69, 1342327
1.69, 1341667
1.69, 1341014
1.69, 1336838
1.69, 1335813
1.69, 1335239
1.69, 1334158
1.69, 1333773
1.69, 1332942
1.69, 1331541
1.69, 1329694
1.69, 1329166
1.69, 1319719
1.69, 1318703
1.69, 1316587
1.69, 1311837
1.69, 1310136
1.69, 1307407
1.69, 1306733
1.69, 1306222
1.69, 1305958
1.69, 1304833
1.72, 1304827
1.72, 1304766
1.72, 1303181
1.72, 1303152
1.72, 1298996
1.72, 1291222
1.76, 1287586
1.76, 1286772
1.76, 1284627
1.76, 1283213
1.76, 1283173
1.76, 1282418
1.76, 1281806
1.76, 1280941
1.76, 1276861
1.76, 1274053
1.76, 1272485
1.76, 1271430
1.76, 1265278
1.76, 1264099
1.76, 1262139
1.77, 1261346
1.79, 1257307
1.79, 1256428
1.79, 1256147
1.79, 1253602
1.79, 1251509
1.79, 1250484
1.79, 1249228
1.79, 1244030
1.79, 1240379
1.79, 1232032
1.79, 1230478
1.79, 1227356
1.79, 1223113
1.79, 1219699
1.79, 1218362
1.79, 1214462
1.79, 1213450
1.80, 1212933
1.80, 1205916
1.80, 1198240
1.80, 1192649
1.80, 1192621
1.80, 1188936
1.80, 1186985
1.80, 1185523
1.80, 1182353
1.80, 1180919
1.80, 1174843
1.80, 1172128
1.80, 1170079
1.81, 1169812
1.81, 1168507
1.81, 1168231
1.81, 1167971
1.81, 1166425
1.81, 1166037
1.81, 1160128
1.81, 1154498
1.81, 1152352
1.81, 1152061
1.81, 1151089
1.81, 1149718
1.81, 1148347
1.81, 1145024
1.81, 1144908
1.81, 1143063
1.81, 1142756
1.82, 1120497
1.82, 1120396
1.82, 1118236
1.82, 1114228
1.82, 1111054
1.82, 1108417
1.82, 1108095
1.82, 1106745
1.82, 1106130
1.82, 1102624
1.82, 1102092
1.82, 1100880
1.82, 1099643
1.86, 1097761
1.86, 1096176
1.86, 1089645
1.86, 1089396
1.86, 1085131
1.86, 1084792
1.86, 1081675
1.86, 1080526
1.86, 1079516
1.86, 1073915
1.86, 1067511
1.86, 1064031
1.92, 1061970
1.92, 1059612
1.92, 1058381
1.92, 1058307
1.92, 1057465
1.92, 1054902
1.93, 1054671
1.99, 1053583
1.99, 1051487
1.99, 1049598
1.99, 1047862
1.99, 1047538
1.99, 1047124
1.99, 1045915
1.99, 1044069
1.99, 1037993
1.99, 1037171
1.99, 1035966
1.99, 1035792
1.99, 1034025
1.99, 1032908
1.99, 1032852
1.99, 1032333
1.99, 1030426
1.99, 1028677
1.99, 1027394
1.99, 1027311
1.99, 1025098
1.99, 1023967
1.99, 1023314
1.99, 1022638
1.99, 1022518
1.99, 1020829
1.99, 1018191
2.00, 1016173
2.00, 1013833
2.00, 1012539
2.00, 1012498
2.02, 1009969
2.02, 1007746
2.02, 1005192
2.02, 1005185
2.02, 1000998
2.02, 999559
2.02, 998515
2.02, 998409
2.02, 997716
2.02, 997324
2.02, 997166
2.02, 993642
2.03, 989784
2.03, 988412
2.03, 985060
2.03, 978232
2.03, 974474
2.03, 972408
2.03, 970354
2.03, 969777
2.03, 966771
2.03, 966006
2.04, 964903
2.04, 964168
2.04, 956541
2.04, 956401
2.04, 955732
2.04, 954804
2.04, 949974
2.04, 948054
2.04, 947955
2.04, 947199
2.16, 946998
2.16, 943932
2.16, 943184
2.17, 942657
2.17, 942131
2.18, 941563
2.18, 940944
2.18, 940840
2.18, 938803
2.18, 937576
2.18, 936617
2.18, 935533
2.20, 933018
2.20, 932348
2.24, 929699
2.24, 928697
2.24, 925474
2.24, 924874
2.24, 922412
2.24, 920294
2.24, 918565
2.24, 915562
2.24, 915111
2.24, 914468
2.24, 913120
2.24, 910524
2.24, 908427
2.24, 906824
2.24, 904381
2.24, 904352
2.24, 903634
2.24, 900444
2.24, 899530
2.24, 899399
2.24, 899279
2.24, 899013
2.24, 898616
2.24, 898159
2.24, 894787
2.24, 894541
2.24, 893671
2.24, 889848
2.24, 886058
2.24, 885689
2.24, 884087
2.24, 884082
2.24, 883504
2.24, 881338
2.24, 880994
2.25, 878157
2.25, 877347
2.25, 875068
2.25, 874617
2.25, 872830
2.25, 871568
2.25, 870674
2.25, 870405
2.25, 870158
2.25, 869765
2.25, 867576
2.25, 866974
2.25, 866754
2.26, 865805
2.26, 863137
2.26, 863049
2.32, 863024
2.32, 859796
2.32, 859567
2.32, 857360
2.32, 854850
2.32, 854510
2.34, 852570
2.34, 851397
2.34, 849392
2.34, 849280
2.36, 846611
2.36, 846016
2.36, 844952
2.36, 841928
2.36, 841156
2.36, 840492
2.36, 839423
2.36, 835537
2.36, 834912
2.36, 832255
2.36, 832042
2.36, 829162
2.36, 826871
2.36, 824977
2.36, 824893
2.36, 824677
2.36, 823109
2.36, 823013
2.36, 822990
2.36, 821538
2.36, 820887
2.36, 819447
2.36, 819395
2.36, 817534
2.36, 816623
2.36, 816615
2.37, 815079
2.37, 813390
2.37, 813038
2.37, 811840
2.37, 811807
2.37, 810746
2.37, 810732
2.37, 807120
2.37, 806110
2.37, 804014
2.37, 803315
2.37, 803067
2.38, 799384
2.38, 798831
2.38, 797983
2.38, 794986
2.38, 794816
2.38, 793222
2.38, 793088
2.38, 793032
2.38, 791944
2.38, 790944
2.38, 788774
2.38, 787383
2.38, 785830
2.38, 785588
2.39, 784496
2.39, 782837
2.50, 781012
2.50, 780353
2.50, 779827
2.51, 778971
2.54, 776759
2.54, 776028
2.54, 775748
2.54, 775456
2.54, 773792
2.54, 773745
2.54, 773640
2.54, 772176
2.54, 770509
2.54, 769480
2.54, 769423
2.54, 768359
2.54, 768214
2.54, 767549
2.54, 767016
2.55, 766633
2.55, 765605
2.55, 765236
2.55, 765197
2.55, 765172
2.55, 765065
2.55, 764603
2.56, 764530
2.56, 764205
2.56, 764067
2.56, 763451
2.56, 763137
2.56, 762348
2.57, 762180
2.57, 761779
2.57, 761543
2.57, 761409
2.57, 761019
2.57, 760940
2.57, 760624
2.57, 759522
2.57, 759078
2.57, 757711
2.57, 756265
2.57, 754734
2.57, 754161
2.57, 752060
2.58, 752051
2.58, 750604
2.58, 750261
2.58, 749553
2.59, 749358
2.59, 749025
2.59, 748280
2.59, 747579
2.59, 746295
2.59, 744444
2.59, 744290
2.59, 743552
2.59, 743374
2.59, 742770
2.59, 742765
2.60, 742405
2.60, 742253
2.60, 742039
2.60, 739642
2.60, 739080
2.60, 738837
2.60, 738609
2.66, 737811
2.66, 737574
2.66, 736109
2.66, 734694
2.66, 733142
2.66, 732872
2.66, 732644
2.66, 731340
2.66, 731339
2.66, 730173
2.67, 730146
2.69, 729052
2.70, 728768
2.70, 728424
2.70, 727977
2.70, 727904
2.70, 725627
2.70, 725472
2.70, 723945
2.71, 723448
2.71, 722857
2.71, 722737
2.71, 722430
2.71, 722357
2.71, 721983
2.71, 721399
2.71, 720803
2.71, 720753
2.73, 720521
2.73, 718869
2.73, 718573
2.73, 718374
2.73, 718255
2.73, 717426
2.73, 717201
2.73, 716001
2.73, 714552
2.73, 714385
2.73, 714069
2.73, 713520
2.74, 711842
2.74, 711707
2.74, 711014
2.74, 710573
2.74, 709841
2.75, 709379
2.75, 708585
2.75, 708218
2.75, 707064
2.75, 706871
2.75, 706116
2.75, 706105
2.75, 706068
2.75, 705612
2.75, 705448
2.94, 704951
2.94, 703860
2.94, 703813
2.95, 703223
2.95, 702693
2.95, 702340
2.95, 700886
2.95, 700568
2.96, 700235
2.96, 699624
2.96, 699536
2.96, 699533
2.96, 699528
2.96, 698117
2.96, 698037
2.96, 697234
2.97, 696939
2.97, 696802
2.97, 696655
2.97, 694926
2.97, 693181
2.97, 692837
2.97, 692603
2.97, 691913
2.98, 691158
2.98, 690881
2.98, 689935
2.98, 689707
2.98, 689061
2.99, 688645
3.02, 688310
3.02, 687399
3.02, 686854
3.02, 686708
3.02, 686471
3.02, 686077
3.02, 685677
3.02, 685305
3.08, 685263
3.08, 685195
3.08, 684574
3.08, 683915
3.08, 683257
3.08, 682565
3.08, 682318
3.09, 682189
3.09, 682048
3.09, 681515
3.09, 681363
3.09, 680933
3.09, 680352
3.09, 679448
3.09, 679296
3.11, 678671
3.11, 678092
3.11, 677869
3.12, 677733
3.13, 677623
3.15, 677167
3.15, 676622
3.16, 676408
3.16, 675817
3.19, 675457
3.20, 674275
3.20, 673944
3.20, 673407
3.23, 673347
3.23, 673187
3.24, 672761
3.27, 672578
3.27, 672062
3.27, 671633
3.28, 671451
3.28, 671239
3.29, 671038
3.31, 670958
3.31, 670786
3.32, 670621
3.32, 670316
3.33, 669924
3.41, 669894
3.42, 669679
3.42, 669496
3.42, 669125
3.45, 668991
3.45, 668819
3.46, 668677
3.46, 668159
3.48, 667993
3.50, 667636
3.51, 667613
3.51, 667547
3.52, 667226
3.54, 666959
3.54, 666944
3.56, 666899
3.56, 666751
3.56, 666345
3.56, 665989
3.56, 665231
3.56, 665050
3.58, 664959
3.58, 664873
3.58, 664728
3.59, 664483
3.64, 664259
3.76, 664219
3.77, 663984
3.87, 663812
3.89, 663699
4.07, 663422
4.22, 663354
4.28, 663326
6.84, 663210
6.84, 662835
6.85, 662783
6.85, 662180
6.86, 662152
6.86, 662102
6.86, 661963
6.86, 661835
6.87, 661741
6.87, 661691
6.95, 661582
6.96, 661573
7.03, 661282
7.05, 661250
7.05, 661128
7.05, 660709
7.07, 660691
7.16, 660660
7.25, 660389
7.41, 660310
