0.00,6994827
0.00,6791758
0.00,6625247
0.00,6449376
0.00,6174371
0.00,6156711
0.00,6008838
0.00,6009775
0.01,6014099
0.01,6036110
0.01,6012686
0.01,5875714
0.01,5648960
0.01,5645809
0.01,5635531
0.01,5546105
0.01,5511448
0.01,5401420
0.01,5275841
0.01,5083524
0.01,4983335
0.01,4878335
0.01,4882568
0.01,4783735
0.01,4770397
0.01,4678519
0.01,4668570
0.01,4578823
0.01,4466084
0.01,4453317
0.01,4448012
0.01,4446454
0.01,4339689
0.01,4354200
0.01,4327428
0.01,4337024
0.01,4246440
0.01,4257440
0.01,4237111
0.01,4239198
0.01,4287700
0.01,4192442
0.01,4204655
0.01,4197485
0.01,4122877
0.01,4047739
0.01,4012064
0.01,3949678
0.02,3891073
0.02,3888949
0.02,3819637
0.02,3811568
0.02,3816560
0.02,3718691
0.02,3717923
0.02,3725464
0.02,3733122
0.02,3706558
0.02,3641046
0.02,3570721
0.02,3592400
0.02,3620706
0.02,3625547
0.02,3637780
0.02,3646002
0.02,3628721
0.02,3612230
0.02,3628549
0.02,3692183
0.02,3720672
0.02,3659148
0.02,3642468
0.02,3633257
0.02,3637366
0.02,3627471
0.02,3537314
0.02,3493693
0.02,3490471
0.02,3440553
0.02,3454516
0.02,3480132
0.02,3468731
0.02,3421914
0.02,3424805
0.02,3406110
0.02,3441938
0.02,3416056
0.02,3381160
0.02,3353378
0.02,3307747
0.02,3246613
0.02,3252135
0.02,3192478
0.02,3122945
0.02,3072760
0.02,3030702
0.02,2968131
0.02,2936673
0.02,2892627
0.02,2906645
0.02,2894452
0.02,2890960
0.02,2838048
0.02,2830220
0.02,2804612
0.02,2757386
0.02,2756211
0.02,2745884
0.02,2754834
0.02,2740046
0.03,2721019
0.03,2699602
0.03,2691698
0.03,2702976
0.03,2695094
0.03,2652439
0.03,2611725
0.03,2600998
0.03,2596405
0.03,2592969
0.03,2602597
0.03,2553901
0.03,2551305
0.03,2556974
0.03,2561913
0.03,2571701
0.03,2568509
0.03,2562763
0.03,2528011
0.03,2531601
0.03,2536545
0.03,2501699
0.03,2503771
0.03,2505287
0.03,2507548
0.03,2517608
0.03,2493250
0.03,2512215
0.03,2501711
0.03,2491143
0.03,2452791
0.03,2444646
0.03,2463519
0.03,2467890
0.03,2474511
0.03,2512626
0.03,2470245
0.03,2509760
0.03,2452391
0.03,2411618
0.03,2381743
0.03,2376897
0.03,2374965
0.03,2358732
0.03,2306833
0.03,2306018
0.03,2298638
0.03,2290867
0.03,2301475
0.03,2310569
0.03,2318469
0.03,2280805
0.03,2241691
0.03,2241888
0.03,2198155
0.03,2181084
0.03,2137287
0.03,2153788
0.03,2145965
0.03,2129993
0.03,2102108
0.03,2099654
0.03,2104979
0.03,2101402
0.03,2103076
0.03,2077826
0.03,2078836
0.03,2084879
0.03,2056444
0.03,2056845
0.03,2048383
0.03,2048828
0.03,2062603
0.03,2046165
0.03,2047420
0.03,2042367
0.03,2009502
0.03,2011142
0.03,2014100
0.03,1995287
0.03,1993889
0.03,1983478
0.03,1983789
0.03,1993303
0.03,1991518
0.03,1969533
0.03,1983855
0.03,1967180
0.03,1994153
0.03,1991256
0.03,1987360
0.04,1951417
0.04,1923937
0.04,1914252
0.04,1915864
0.04,1917241
0.04,1906350
0.04,1921077
0.04,1891493
0.04,1904466
0.04,1895433
0.04,1890547
0.04,1886025
0.04,1879455
0.04,1880249
0.04,1879873
0.04,1881041
0.04,1878762
0.04,1883405
0.04,1867261
0.04,1864205
0.04,1860590
0.04,1863557
0.04,1845198
0.04,1846553
0.04,1811341
0.04,1800237
0.04,1773643
0.04,1758009
0.04,1731429
0.04,1740095
0.04,1741687
0.04,1744105
0.04,1710711
0.04,1707210
0.04,1712315
0.04,1716880
0.04,1721837
0.04,1726243
0.04,1700742
0.04,1704634
0.04,1675715
0.04,1678412
0.04,1668810
0.04,1666522
0.04,1664092
0.04,1756081
0.04,1754100
0.04,1740505
0.04,1737309
0.04,1737255
0.04,1758741
0.04,1757144
0.04,1777598
0.04,1774525
0.04,1758376
0.04,1769346
0.04,1792528
0.04,1793928
0.04,1783318
0.04,1813124
0.04,1847792
0.04,1792065
0.04,1764883
0.04,1783340
0.04,1825283
0.04,1835784
0.04,1760872
0.04,1739236
0.04,1713035
0.04,1718836
0.04,1700900
0.04,1703967
0.04,1674410
0.04,1669388
0.04,1669334
0.04,1674370
0.04,1685775
0.04,1664827
0.04,1659600
0.04,1658236
0.04,1663050
0.04,1659153
0.04,1660180
0.04,1643706
0.04,1646092
0.04,1656840
0.04,1655325
0.04,1614304
0.04,1627582
0.04,1629695
0.04,1629914
0.05,1618871
0.05,1617732
0.05,1627363
0.05,1631990
0.05,1622508
0.05,1623461
0.05,1616289
0.05,1627340
0.05,1620035
0.05,1625386
0.05,1627107
0.05,1626696
0.05,1620642
0.05,1630932
0.05,1626489
0.05,1639304
0.05,1626786
0.05,1614286
0.05,1627556
0.05,1620434
0.05,1611533
0.05,1605896
0.05,1585032
0.05,1581660
0.05,1562268
0.05,1562001
0.05,1554681
0.05,1545315
0.05,1555240
0.05,1546005
0.05,1526371
0.05,1509350
0.05,1507860
0.05,1518378
0.05,1506322
0.05,1491580
0.05,1475414
0.05,1459262
0.05,1448168
0.05,1449847
0.05,1431020
0.05,1411507
0.05,1406593
0.05,1390434
0.05,1385430
0.05,1402932
0.05,1412220
0.05,1409891
0.05,1404987
0.05,1390424
0.05,1391717
0.05,1398413
0.05,1410984
0.05,1416457
0.05,1422480
0.05,1416599
0.05,1416889
0.05,1419296
0.05,1417701
0.05,1423994
0.05,1413628
0.05,1407693
0.05,1400792
0.05,1388000
0.05,1397925
0.05,1388690
0.05,1368604
0.05,1367554
0.05,1377342
0.05,1368697
0.05,1367901
0.05,1353450
0.05,1356482
0.05,1373953
0.05,1402089
0.05,1402411
0.05,1415255
0.05,1411285
0.05,1414066
0.05,1409576
0.05,1450387
0.05,1453088
0.05,1460255
0.05,1455683
0.05,1451726
0.05,1463719
0.05,1460682
0.05,1472343
0.05,1479207
0.05,1433331
0.05,1415619
0.06,1415361
0.06,1425812
0.06,1421163
0.06,1413152
0.06,1397972
0.06,1334426
0.06,1345439
0.06,1351525
0.06,1365198
0.06,1344000
0.06,1349440
0.06,1331431
0.06,1337050
0.06,1336933
0.06,1349815
0.06,1344192
0.06,1332912
0.06,1355432
0.06,1390318
0.06,1415949
0.06,1351920
0.06,1357806
0.06,1363786
0.06,1368277
0.06,1360395
0.06,1360377
0.06,1361223
0.06,1368486
0.06,1362486
0.06,1354326
0.06,1379717
0.06,1373961
0.06,1391333
0.06,1400064
0.06,1397578
0.06,1406280
0.06,1424059
0.06,1433302
0.06,1389459
0.06,1354617
0.06,1374340
0.06,1323093
0.06,1328007
0.06,1330728
0.06,1328081
0.06,1326340
0.06,1324176
0.06,1318214
0.06,1308162
0.06,1304180
0.06,1314201
0.06,1289053
0.06,1272555
0.06,1263773
0.06,1267169
0.06,1282338
0.06,1285910
0.06,1290678
0.06,1295259
0.06,1298045
0.06,1303451
0.06,1303468
0.06,1300435
0.06,1289179
0.06,1283896
0.06,1276228
0.06,1274411
0.06,1279295
0.06,1284598
0.06,1255300
0.06,1253757
0.06,1273413
0.06,1273289
0.06,1295511
0.06,1307385
0.06,1313898
0.06,1328576
0.06,1352193
0.06,1383667
0.06,1379605
0.06,1341324
0.06,1339257
0.06,1311980
0.06,1320299
0.06,1306314
0.06,1308831
0.06,1303379
0.06,1302967
0.06,1322764
0.07,1295888
0.07,1298576
0.07,1302032
0.07,1277416
0.07,1263933
0.07,1278542
0.07,1285105
0.07,1288354
0.07,1275554
0.07,1284030
0.07,1280261
0.07,1277489
0.07,1284465
0.07,1287903
0.07,1284437
0.07,1299601
0.07,1292589
0.07,1288422
0.07,1296197
0.07,1290199
0.07,1287124
0.07,1286635
0.07,1362297
0.07,1335439
0.07,1287275
0.07,1253756
0.07,1251021
0.07,1251493
0.07,1254889
0.07,1270058
0.07,1273630
0.07,1278398
0.07,1282979
0.07,1285765
0.07,1291171
0.07,1291188
0.07,1288155
0.07,1276899
0.07,1271616
0.07,1263948
0.07,1262131
0.07,1267015
0.07,1272318
0.07,1244466
0.07,1253460
0.07,1251984
0.07,1304353
0.07,1312386
0.07,1315624
0.07,1314622
0.07,1303649
0.07,1302503
0.07,1291618
0.07,1288266
0.07,1286355
0.07,1276360
0.07,1282731
0.07,1278175
0.07,1271194
0.07,1232405
0.07,1226612
0.07,1214618
0.07,1205893
0.07,1196414
0.07,1200961
0.07,1198672
0.07,1186262
0.07,1176639
0.07,1179263
0.07,1167202
0.07,1173902
0.07,1174842
0.07,1174431
0.07,1182312
0.07,1200897
0.07,1191169
0.07,1210079
0.07,1212287
0.07,1226514
0.07,1244628
0.07,1264835
0.07,1304423
0.07,1306009
0.07,1264830
0.07,1267679
0.07,1238645
0.07,1230806
0.07,1218977
0.07,1220497
0.07,1217058
0.07,1214976
0.07,1241210
0.08,1222740
0.08,1216828
0.08,1213288
0.08,1189812
0.08,1166029
0.08,1162259
0.08,1152563
0.08,1148046
0.08,1145583
0.08,1140629
0.08,1137239
0.08,1137094
0.08,1130045
0.08,1126620
0.08,1129542
0.08,1134270
0.08,1138129
0.08,1194641
0.08,1209802
0.08,1227417
0.08,1221806
0.08,1212371
0.08,1225250
0.08,1225466
0.08,1244863
0.08,1230351
0.08,1198873
0.08,1190936
0.08,1163377
0.08,1164040
0.08,1163529
0.08,1131443
0.08,1117354
0.08,1120784
0.08,1118259
0.08,1120463
0.08,1129487
0.08,1143257
0.08,1165573
0.08,1166401
0.08,1187448
0.08,1180102
0.08,1186530
0.08,1188811
0.08,1197502
0.08,1200572
0.08,1238891
0.08,1240203
0.08,1237209
0.08,1231931
0.08,1173399
0.08,1168446
0.08,1153484
0.08,1130127
0.08,1127431
0.08,1119631
0.08,1101880
0.08,1113329
0.08,1168806
0.08,1171864
0.08,1119804
0.08,1120298
0.08,1093581
0.08,1096393
0.08,1094188
0.08,1088549
0.08,1085788
0.08,1104272
0.08,1117762
0.08,1147900
0.08,1158148
0.08,1081529
0.08,1076029
0.08,1084185
0.08,1081441
0.08,1096401
0.08,1079407
0.08,1117416
0.08,1066807
0.08,1057034
0.08,1049086
0.08,1047779
0.08,1055379
0.08,1071951
0.08,1074510
0.08,1085031
0.08,1084919
0.08,1083832
0.08,1083822
0.08,1080759
0.08,1077006
0.09,1085537
0.09,1075519
0.09,1087308
0.09,1084144
0.09,1103387
0.09,1119606
0.09,1127089
0.09,1120902
0.09,1126225
0.09,1124573
0.09,1191433
0.09,1200272
0.09,1181763
0.09,1227677
0.09,1218922
0.09,1181979
0.09,1174078
0.09,1161223
0.09,1163614
0.09,1141004
0.09,1141215
0.09,1139490
0.09,1136971
0.09,1096599
0.09,1071641
0.09,1057058
0.09,1054902
0.09,1065965
0.09,1053862
0.09,1060238
0.09,1043007
0.09,1044310
0.09,1032746
0.09,1040139
0.09,1042626
0.09,1047902
0.09,1047548
0.09,1049213
0.09,1049455
0.09,1065697
0.09,1072505
0.09,1072992
0.09,1068407
0.09,1059568
0.09,1068052
0.09,1069414
0.09,1070292
0.09,1068965
0.09,1055117
0.09,1088092
0.09,1023122
0.09,1016093
0.09,1017634
0.09,1021028
0.09,1025031
0.09,1025818
0.09,1020420
0.09,1019696
0.09,1027827
0.09,1021280
0.09,1016470
0.09,1021877
0.09,1011336
0.09,1016519
0.09,1014770
0.09,1030127
0.09,1037956
0.09,1021699
0.09,1010159
0.09,1007498
0.09,1010017
0.09,1008178
0.09,1011253
0.09,1013013
0.09,1008344
0.09,1011615
0.09,1010614
0.09,1008284
0.09,1013264
0.09,1010843
0.09,1025693
0.09,1008998
0.09,1004150
0.09,1002079
0.09,1016583
0.09,1007045
0.09,1003430
0.09,992546
0.09,989132
0.10,979743
0.10,976284
0.10,973465
0.10,995460
0.10,984804
0.10,984874
0.10,976359
0.10,984516
0.10,984474
0.10,993855
0.10,1006621
0.10,1015260
0.10,1020042
0.10,966722
0.10,967898
0.10,960204
0.10,958440
0.10,958728
0.10,953924
0.10,963893
0.10,970946
0.10,978282
0.10,978865
0.10,974486
0.10,973881
0.10,979183
0.10,980461
0.10,966270
0.10,962916
0.10,967098
0.10,953451
0.10,953149
0.10,956046
0.10,961319
0.10,969198
0.10,971817
0.10,971305
0.10,1012836
0.10,1017993
0.10,1028877
0.10,1029931
0.10,1044397
0.10,1041256
0.10,1046884
0.10,1055855
0.10,1090718
0.10,1094753
0.10,1045261
0.10,1051650
0.10,1024580
0.10,1029738
0.10,1027430
0.10,1025915
0.10,1022699
0.10,1002025
0.10,999186
0.10,980277
0.10,982204
0.10,973646
0.10,959235
0.10,960421
0.10,954117
0.10,961866
0.10,965488
0.10,976520
0.10,965979
0.10,969789
0.10,973787
0.10,988022
0.10,996320
0.10,992067
0.10,988400
0.10,994051
0.10,991883
0.10,984079
0.10,982285
0.10,981141
0.10,982940
0.10,976281
0.10,975276
0.10,996254
0.10,1022172
0.10,953203
0.10,947691
0.10,955397
0.10,963058
0.10,970830
0.10,973895
0.10,983421
0.10,977655
0.10,968217
0.11,964519
0.11,962941
0.11,955004
0.11,939491
0.11,932022
0.11,925168
0.11,930180
0.11,930060
0.11,936761
0.11,935942
0.11,932134
0.11,929517
0.11,918752
0.11,922029
0.11,920892
0.11,920516
0.11,912677
0.11,907356
0.11,905794
0.11,904326
0.11,900249
0.11,900875
0.11,900397
0.11,896895
0.11,891796
0.11,891448
0.11,892341
0.11,893123
0.11,889830
0.11,885903
0.11,884375
0.11,886392
0.11,889065
0.11,890195
0.11,950669
0.11,964118
0.11,963242
0.11,961559
0.11,966191
0.11,975550
0.11,979939
0.11,1001234
0.11,1010925
0.11,1007634
0.11,999124
0.11,1009385
0.11,1007151
0.11,989193
0.11,963943
0.11,942010
0.11,891767
0.11,886517
0.11,879640
0.11,878606
0.11,889731
0.11,887803
0.11,884872
0.11,887133
0.11,895210
0.11,907127
0.11,906972
0.11,911522
0.11,910043
0.11,917101
0.11,910297
0.11,908132
0.11,898718
0.11,903569
0.11,907011
0.11,910258
0.11,914059
0.11,914680
0.11,910301
0.11,912055
0.11,913372
0.11,911200
0.11,911788
0.11,923976
0.11,942148
0.11,977379
0.11,1010808
0.11,944696
0.11,941170
0.11,938636
0.11,935482
0.11,941872
0.11,938856
0.11,937484
0.11,933927
0.11,972944
0.12,972645
0.12,977415
0.12,971078
0.12,980792
0.12,978416
0.12,990724
0.12,1002160
0.12,1028509
0.12,1027657
0.12,966137
0.12,970793
0.12,948147
0.12,948454
0.12,944563
0.12,942721
0.12,943140
0.12,936389
0.12,933676
0.12,917189
0.12,922913
0.12,906532
0.12,883569
0.12,878388
0.12,883865
0.12,884027
0.12,883236
0.12,877963
0.12,871771
0.12,871827
0.12,875758
0.12,882580
0.12,877832
0.12,882691
0.12,884261
0.12,881715
0.12,880444
0.12,879884
0.12,895401
0.12,904609
0.12,903662
0.12,904827
0.12,913106
0.12,916065
0.12,913220
0.12,911726
0.12,913894
0.12,923949
0.12,939223
0.12,936097
0.12,959402
0.12,961667
0.12,966348
0.12,966236
0.12,991211
0.12,1003129
0.12,1007622
0.12,1009969
0.12,1011795
0.12,1001034
0.12,1001005
0.12,999786
0.12,990627
0.12,975737
0.12,971843
0.12,961376
0.12,957022
0.12,954073
0.12,953588
0.12,939048
0.12,875449
0.12,935274
0.12,947589
0.12,947667
0.12,946689
0.12,950762
0.12,962937
0.12,965655
0.12,988085
0.12,993070
0.12,993560
0.12,993705
0.12,1005220
0.12,1006169
0.12,1003430
0.12,998411
0.12,985622
0.12,962259
0.12,962252
0.12,960063
0.12,955128
0.13,933659
0.13,931525
0.13,909526
0.13,890589
0.13,877901
0.13,875449
0.13,869339
0.13,864000
0.13,867744
0.13,869530
0.13,876323
0.13,872144
0.13,871863
0.13,868150
0.13,866552
0.13,867753
0.13,867064
0.13,866338
0.13,859759
0.13,866404
0.13,854532
0.13,853114
0.13,854296
0.13,859628
0.13,859711
0.13,856091
0.13,853787
0.13,852767
0.13,850790
0.13,847684
0.13,848127
0.13,845005
0.13,842523
0.13,838483
0.13,834187
0.13,829858
0.13,826051
0.13,824433
0.13,821854
0.13,821827
0.13,817372
0.13,815755
0.13,811256
0.13,813104
0.13,819700
0.13,820128
0.13,820941
0.13,827202
0.13,827742
0.13,827506
0.13,825464
0.13,844304
0.13,849768
0.13,844366
0.13,843092
0.13,846985
0.13,845731
0.13,839598
0.13,837835
0.13,831981
0.13,830024
0.13,826006
0.13,818914
0.13,817457
0.13,812635
0.13,810659
0.13,813540
0.13,811641
0.13,813652
0.13,821125
0.13,823597
0.13,823918
0.13,823710
0.13,829292
0.13,828821
0.13,809074
0.13,809422
0.13,807583
0.13,811763
0.13,814357
0.13,815532
0.13,806125
0.13,804794
0.13,803369
0.13,800026
0.13,797432
0.13,795147
0.13,793422
0.13,799604
0.14,793987
0.14,799815
0.14,806040
0.14,814385
0.14,813962
0.14,815555
0.14,831220
0.14,854029
0.14,890577
0.14,919325
0.14,854135
0.14,855575
0.14,854806
0.14,855881
0.14,857013
0.14,851964
0.14,852769
0.14,856448
0.14,857554
0.14,852498
0.14,854583
0.14,855752
0.14,857186
0.14,853983
0.14,853889
0.14,854151
0.14,844672
0.14,840444
0.14,839529
0.14,838932
0.14,840127
0.14,839821
0.14,841622
0.14,837256
0.14,835393
0.14,839202
0.14,837469
0.14,837797
0.14,836150
0.14,839135
0.14,837936
0.14,841808
0.14,840966
0.14,835876
0.14,844082
0.14,843504
0.14,876668
0.14,895588
0.14,895917
0.14,911517
0.14,918030
0.14,927347
0.14,957091
0.14,974865
0.14,984885
0.14,982614
0.14,1002386
0.14,972034
0.14,1005022
0.14,1002617
0.14,967044
0.14,948742
0.14,938909
0.14,927915
0.14,903945
0.14,897658
0.14,861773
0.14,846759
0.14,790297
0.14,793564
0.14,796703
0.14,797470
0.14,805382
0.14,833832
0.14,876142
0.14,904486
0.14,844747
0.14,849495
0.14,849036
0.14,848138
0.14,848843
0.14,847261
0.14,844600
0.14,844648
0.14,847872
0.14,844730
0.14,845886
0.14,845593
0.14,847894
0.14,845597
0.14,845888
0.15,847804
0.15,840130
0.15,842809
0.15,843048
0.15,841345
0.15,838835
0.15,838763
0.15,839286
0.15,828806
0.15,826222
0.15,830047
0.15,833552
0.15,834368
0.15,833372
0.15,831342
0.15,829449
0.15,827976
0.15,824179
0.15,818258
0.15,820005
0.15,809901
0.15,811317
0.15,821766
0.15,821417
0.15,829766
0.15,831428
0.15,856823
0.15,897351
0.15,918289
0.15,927891
0.15,927925
0.15,956505
0.15,938454
0.15,988300
0.15,998456
0.15,978077
0.15,982716
0.15,974426
0.15,964197
0.15,945926
0.15,941210
0.15,918159
0.15,897356
0.15,838423
0.15,815716
0.15,788273
0.15,789997
0.15,784318
0.15,781298
0.15,777344
0.15,777893
0.15,774895
0.15,772292
0.15,769724
0.15,767193
0.15,763908
0.15,769361
0.15,770203
0.15,770134
0.15,771463
0.15,771797
0.15,771291
0.15,766170
0.15,762222
0.15,761590
0.15,761610
0.15,760424
0.15,761805
0.15,760597
0.15,763285
0.15,763606
0.15,769371
0.15,772863
0.15,772843
0.15,782350
0.15,783130
0.15,780785
0.15,780368
0.15,783744
0.15,784816
0.15,769611
0.15,766435
0.15,766824
0.15,757645
0.15,758379
0.15,758027
0.15,757840
0.15,754304
0.15,756208
0.15,754996
0.15,756931
0.16,763463
0.16,762346
0.16,761132
0.16,763181
0.16,772150
0.16,776234
0.16,775300
0.16,778534
0.16,780274
0.16,785957
0.16,789865
0.16,786686
0.16,781784
0.16,788993
0.16,792124
0.16,793515
0.16,796074
0.16,806054
0.16,826232
0.16,861997
0.16,888872
0.16,822629
0.16,826068
0.16,824007
0.16,824007
0.16,822378
0.16,818317
0.16,814979
0.16,816343
0.16,818176
0.16,810557
0.16,809417
0.16,810462
0.16,811544
0.16,806584
0.16,807302
0.16,810606
0.16,795261
0.16,798628
0.16,799937
0.16,799879
0.16,799999
0.16,803933
0.16,803387
0.16,799308
0.16,797130
0.16,798177
0.16,799266
0.16,802103
0.16,803475
0.16,802177
0.16,799160
0.16,795151
0.16,793023
0.16,791417
0.16,801027
0.16,792687
0.16,792273
0.16,797489
0.16,797534
0.16,818125
0.16,819850
0.16,825785
0.16,827457
0.16,829810
0.16,839819
0.16,839729
0.16,865009
0.16,861156
0.16,905759
0.16,906942
0.16,872174
0.16,862033
0.16,851342
0.16,845459
0.16,824774
0.16,823948
0.16,815086
0.16,809698
0.16,784143
0.16,810664
0.16,812365
0.16,830475
0.16,836406
0.16,844976
0.16,855595
0.16,859635
0.16,878805
0.16,893767
0.17,892743
0.17,895164
0.17,901874
0.17,896920
0.17,885474
0.17,883427
0.17,874522
0.17,847704
0.17,845371
0.17,842413
0.17,838116
0.17,835981
0.17,816334
0.17,782717
0.17,755605
0.17,750513
0.17,747012
0.17,746537
0.17,747790
0.17,749465
0.17,744465
0.17,744925
0.17,742520
0.17,741169
0.17,740834
0.17,740308
0.17,738654
0.17,738788
0.17,737029
0.17,736902
0.17,734424
0.17,737189
0.17,738585
0.17,737818
0.17,734600
0.17,735127
0.17,737802
0.17,739566
0.17,741548
0.17,742493
0.17,745710
0.17,751958
0.17,752214
0.17,753931
0.17,760470
0.17,767661
0.17,771543
0.17,769928
0.17,772941
0.17,771797
0.17,777340
0.17,781314
0.17,778012
0.17,772791
0.17,776255
0.17,777643
0.17,779469
0.17,779276
0.17,786881
0.17,806827
0.17,840313
0.17,864275
0.17,799565
0.17,802818
0.17,798641
0.17,796971
0.17,794606
0.17,791856
0.17,791651
0.17,790324
0.17,789164
0.17,785565
0.17,787911
0.17,785249
0.17,786068
0.17,782055
0.17,779105
0.17,779631
0.17,779056
0.17,787881
0.17,784965
0.17,779578
0.17,779322
0.17,778612
0.17,778453
0.17,778498
0.17,774352
0.17,765594
0.17,765312
0.17,766613
0.17,767642
0.17,768115
0.18,766032
0.18,762414
0.18,762048
0.18,767847
0.18,772268
0.18,762132
0.18,770833
0.18,779131
0.18,781463
0.18,799008
0.18,801497
0.18,809526
0.18,810777
0.18,811519
0.18,816137
0.18,816956
0.18,841517
0.18,837636
0.18,878421
0.18,876986
0.18,842442
0.18,832805
0.18,823287
0.18,821170
0.18,801571
0.18,800011
0.18,791502
0.18,787713
0.18,763162
0.18,795177
0.18,796755
0.18,814509
0.18,815085
0.18,820316
0.18,830094
0.18,837568
0.18,856286
0.18,871624
0.18,865491
0.18,871350
0.18,878491
0.18,863265
0.18,852137
0.18,856995
0.18,840953
0.18,800865
0.18,762551
0.18,740184
0.18,732955
0.18,731506
0.18,733952
0.18,732933
0.18,737746
0.18,739134
0.18,749820
0.18,751310
0.18,753805
0.18,753425
0.18,752289
0.18,755071
0.18,741120
0.18,738427
0.18,739420
0.18,732138
0.18,730113
0.18,728736
0.18,726953
0.18,725615
0.18,724293
0.18,725329
0.18,723709
0.18,720831
0.18,719071
0.18,718839
0.18,717205
0.18,715970
0.18,717183
0.18,716290
0.18,716251
0.18,714740
0.18,713587
0.18,715407
0.18,717609
0.18,715913
0.18,715551
0.18,715484
0.18,717687
0.18,721118
0.18,719292
0.18,719742
0.18,721977
0.19,723233
0.19,724798
0.19,726710
0.19,732270
0.19,735973
0.19,738282
0.19,739036
0.19,742140
0.19,748561
0.19,752970
0.19,751595
0.19,753166
0.19,752867
0.19,757375
0.19,757723
0.19,757769
0.19,756806
0.19,752993
0.19,750177
0.19,749794
0.19,754877
0.19,762810
0.19,781949
0.19,815673
0.19,839926
0.19,774928
0.19,780538
0.19,778286
0.19,778266
0.19,774849
0.19,767722
0.19,764082
0.19,762973
0.19,759866
0.19,754305
0.19,753911
0.19,753772
0.19,751226
0.19,759308
0.19,764627
0.19,759044
0.19,756148
0.19,762681
0.19,761908
0.19,762240
0.19,765381
0.19,764106
0.19,760122
0.19,754360
0.19,758531
0.19,764544
0.19,764657
0.19,765450
0.19,761043
0.19,758369
0.19,754651
0.19,749488
0.19,747252
0.19,747880
0.19,754280
0.19,744249
0.19,752750
0.19,759017
0.19,759302
0.19,773485
0.19,774712
0.19,781428
0.19,782390
0.19,785839
0.19,790257
0.19,789546
0.19,816029
0.19,813382
0.19,859983
0.19,858489
0.19,821772
0.19,810059
0.19,800473
0.19,798051
0.19,777981
0.19,775717
0.19,765141
0.19,762716
0.19,736318
0.19,769664
0.19,772551
0.19,796107
0.19,797929
0.19,801587
0.20,807659
0.20,812317
0.20,832758
0.20,835635
0.20,834449
0.20,842740
0.20,843509
0.20,825584
0.20,778603
0.20,764347
0.20,750686
0.20,720982
0.20,712439
0.20,711321
0.20,710216
0.20,709874
0.20,708283
0.20,706390
0.20,704912
0.20,703563
0.20,710075
0.20,708701
0.20,702524
0.20,701493
0.20,700517
0.20,699573
0.20,698630
0.20,697719
0.20,696888
0.20,697619
0.20,697868
0.20,699969
0.20,697918
0.20,695893
0.20,701113
0.20,702346
0.20,704686
0.20,709309
0.20,710505
0.20,710986
0.20,706012
0.20,704920
0.20,702323
0.20,702937
0.20,702128
0.20,702501
0.20,702552
0.20,702147
0.20,702781
0.20,700149
0.20,698727
0.20,700750
0.20,702663
0.20,702539
0.20,705393
0.20,706638
0.20,705843
0.20,708787
0.20,708628
0.20,708489
0.20,709719
0.20,709424
0.20,711810
0.20,708452
0.20,719065
0.20,721570
0.20,719680
0.20,724512
0.20,722084
0.20,721246
0.20,719259
0.20,716393
0.20,712936
0.20,704343
0.20,696654
0.20,695047
0.20,696371
0.20,700676
0.20,700665
0.20,700888
0.20,702029
0.20,702678
0.20,704254
0.20,704182
0.20,705651
0.20,705557
0.20,710418
0.20,710769
0.20,708920
0.20,704677
0.20,703139
0.21,703070
0.21,693948
0.21,701016
0.21,707579
0.21,711618
0.21,716471
0.21,717990
0.21,715850
0.21,700820
0.21,701500
0.21,703215
0.21,698563
0.21,696435
0.21,693186
0.21,696800
0.21,700071
0.21,708911
0.21,716039
0.21,717476
0.21,716665
0.21,715989
0.21,718972
0.21,704268
0.21,702216
0.21,702510
0.21,694131
0.21,692023
0.21,691276
0.21,692026
0.21,693056
0.21,695205
0.21,694096
0.21,693277
0.21,691486
0.21,697826
0.21,701986
0.21,705035
0.21,709175
0.21,712518
0.21,713529
0.21,716600
0.21,718320
0.21,719575
0.21,718088
0.21,715065
0.21,698517
0.21,695392
0.21,696418
0.21,689711
0.21,688587
0.21,687889
0.21,687222
0.21,685688
0.21,685039
0.21,684848
0.21,685112
0.21,685594
0.21,687228
0.21,686305
0.21,685513
0.21,685551
0.21,686273
0.21,685506
0.21,684650
0.21,683823
0.21,682996
0.21,682390
0.21,681553
0.21,680951
0.21,681432
0.21,680428
0.21,680118
0.21,679059
0.21,678591
0.21,679347
0.21,678164
0.21,677745
0.21,677967
0.21,677082
0.21,676389
0.21,678347
0.21,678782
0.21,675701
0.21,674875
0.21,674957
0.21,674251
0.21,673932
0.21,673616
0.21,674061
0.21,673311
0.21,673064
0.22,672838
0.22,674167
0.22,679487
0.22,673075
0.22,673568
0.22,679532
0.22,678253
0.22,672473
0.22,671881
0.22,671664
0.22,671535
0.22,671393
0.22,671221
0.22,672514
0.22,673472
0.22,672809
0.22,674640
0.22,675178
0.22,674829
0.22,676181
0.22,675499
0.22,675700
0.22,678422
0.22,679136
0.22,679565
0.22,681878
0.22,684421
0.22,684987
0.22,683345
0.22,682933
0.22,687453
0.22,691277
0.22,695870
0.22,702504
0.22,708478
0.22,707272
0.22,710116
0.22,713898
0.22,713953
0.22,713531
0.22,712030
0.22,708826
0.22,705955
0.22,704464
0.22,697503
0.22,697739
0.22,692940
0.22,681753
0.22,683456
0.22,681308
0.22,679096
0.22,677445
0.22,673850
0.22,671111
0.22,672044
0.22,671955
0.22,672006
0.22,672106
0.22,673062
0.22,674017
0.22,673452
0.22,674747
0.22,676924
0.22,677299
0.22,679301
0.22,680722
0.22,680776
0.22,682329
0.22,684149
0.22,685098
0.22,687242
0.22,691303
0.22,696780
0.22,701138
0.22,706496
0.22,706346
0.22,707984
0.22,711488
0.22,714636
0.22,715397
0.22,712630
0.22,709675
0.22,707883
0.22,705872
0.22,699400
0.22,699309
0.22,694272
0.22,682467
0.22,683768
0.22,682273
0.22,681093
0.23,679575
0.23,676559
0.23,673609
0.23,670731
0.23,670633
0.23,670436
0.23,670952
0.23,672490
0.23,671048
0.23,671984
0.23,671140
0.23,669691
0.23,669003
0.23,668940
0.23,668768
0.23,668736
0.23,668714
