0.01, 7276322
0.01, 7253735
0.01, 7187415
0.01, 7172325
0.01, 7161323
0.01, 7148815
0.01, 7148348
0.01, 7136696
0.01, 7112546
0.01, 7088396
0.01, 7074287
0.01, 7053323
0.01, 7042952
0.01, 7033511
0.01, 7029758
0.01, 7029692
0.01, 7028853
0.01, 7025018
0.01, 7023092
0.01, 7008424
0.01, 7008328
0.01, 6999617
0.01, 6995070
0.01, 6994981
0.01, 6994968
0.01, 6990827
0.01, 6988406
0.01, 6987638
0.01, 6981093
0.01, 6966417
0.01, 6950231
0.01, 6923734
0.01, 6913556
0.01, 6852008
0.01, 6824721
0.01, 6823469
0.01, 6815831
0.01, 6815531
0.01, 6738290
0.01, 6727860
0.01, 6727068
0.01, 6717905
0.01, 6711167
0.01, 6706480
0.01, 6706189
0.01, 6693312
0.01, 6624897
0.01, 6623195
0.01, 6608241
0.01, 6608086
0.01, 6569628
0.01, 6559109
0.01, 6556987
0.01, 6549621
0.01, 6489620
0.01, 6487600
0.01, 6484047
0.01, 6473769
0.01, 6469821
0.01, 6444909
0.01, 6427704
0.01, 6406499
0.01, 6398933
0.01, 6380655
0.01, 6369606
0.01, 6353540
0.01, 6337333
0.01, 6334957
0.01, 6334136
0.01, 6313148
0.01, 6309789
0.01, 6293480
0.01, 6289765
0.01, 6242981
0.01, 6242610
0.01, 6220520
0.01, 6218232
0.01, 6217442
0.01, 6215918
0.01, 6203131
0.01, 6188907
0.01, 6161446
0.01, 6158023
0.01, 6133669
0.01, 6133532
0.01, 6118498
0.01, 6116419
0.01, 6096065
0.01, 6094742
0.01, 6093774
0.01, 6090973
0.01, 6079697
0.01, 6062030
0.01, 6048381
0.01, 6046394
0.01, 6041951
0.01, 6041227
0.01, 6007116
0.01, 5993169
0.01, 5968249
0.01, 5963873
0.01, 5951213
0.01, 5945073
0.01, 5944853
0.01, 5920994
0.01, 5920894
0.01, 5903608
0.01, 5819693
0.01, 5818558
0.02, 5808566
0.02, 5808453
0.02, 5806119
0.02, 5802963
0.02, 5796167
0.02, 5771232
0.02, 5770053
0.02, 5756677
0.02, 5731743
0.02, 5726242
0.02, 5724658
0.02, 5688698
0.02, 5681345
0.02, 5626107
0.02, 5614931
0.02, 5612437
0.02, 5607239
0.02, 5599165
0.02, 5597968
0.02, 5593676
0.02, 5585207
0.02, 5579454
0.02, 5576283
0.02, 5572585
0.02, 5558765
0.02, 5552982
0.02, 5550473
0.02, 5547175
0.02, 5516172
0.03, 5504585
0.03, 5503105
0.03, 5503042
0.03, 5502802
0.04, 5477011
0.04, 5469296
0.04, 5463572
0.04, 5456873
0.04, 5453196
0.05, 5435731
0.05, 5432877
0.05, 5413526
0.05, 5405269
0.05, 5403250
0.05, 5400320
0.05, 5400061
0.05, 5396430
0.05, 5385746
0.05, 5366858
0.05, 5359987
0.05, 5326219
0.05, 5249310
0.05, 5248905
0.05, 5245371
0.05, 5241986
0.09, 5227248
0.09, 5226406
0.09, 5225046
0.09, 5214632
0.09, 5180028
0.09, 5171382
0.10, 5163919
0.10, 5162002
0.10, 5160862
0.10, 5159044
0.10, 5146325
0.10, 5107708
0.10, 5095056
0.10, 5063447
0.10, 5018606
0.10, 5017907
0.10, 5014556
0.10, 5013309
0.10, 5013213
0.15, 4988216
0.15, 4987982
0.15, 4959902
0.15, 4935900
0.15, 4932591
0.15, 4930972
0.15, 4922787
0.15, 4919296
0.15, 4908233
0.15, 4895239
0.21, 4893721
0.21, 4893445
0.21, 4891290
0.21, 4883536
0.21, 4864181
0.21, 4863436
0.21, 4785059
0.21, 4783302
0.21, 4734321
0.21, 4732284
0.21, 4732058
0.21, 4718905
0.21, 4693306
0.21, 4679487
0.26, 4655279
0.26, 4653606
0.26, 4621875
0.26, 4608169
0.26, 4601867
0.26, 4559114
0.33, 4556844
0.33, 4556137
0.33, 4554141
0.33, 4552904
0.33, 4543360
0.33, 4529497
0.33, 4515023
0.33, 4500241
0.33, 4473870
0.33, 4473838
0.33, 4458434
0.33, 4449411
0.33, 4441684
0.33, 4415347
0.33, 4411803
0.33, 4401660
0.33, 4397652
0.33, 4389995
0.33, 4375388
0.33, 4373451
0.33, 4364271
0.38, 4356910
0.42, 4351808
0.42, 4351721
0.42, 4337650
0.42, 4334146
0.42, 4326806
0.42, 4325967
0.42, 4316904
0.42, 4312912
0.42, 4301431
0.42, 4262613
0.42, 4256955
0.42, 4253640
0.42, 4247352
0.42, 4223014
0.42, 4222519
0.42, 4218467
0.42, 4214566
0.42, 4208849
0.43, 4197969
0.43, 4194362
0.43, 4162989
0.43, 4162582
0.43, 4152828
0.43, 4149819
0.43, 4140734
0.43, 4138241
0.43, 4138193
0.43, 4136044
0.43, 4133676
0.43, 4129565
0.43, 4128880
0.43, 4128820
0.43, 4123149
0.43, 4102910
0.43, 4085294
0.43, 4011352
0.43, 3999036
0.43, 3998049
0.43, 3997959
0.43, 3977744
0.44, 3977052
0.44, 3971670
0.44, 3960805
0.44, 3960542
0.44, 3958086
0.44, 3957497
0.44, 3954040
0.44, 3937696
0.44, 3937476
0.44, 3936057
0.44, 3931904
0.59, 3926499
0.59, 3923209
0.59, 3919400
0.59, 3898333
0.59, 3893712
0.59, 3891826
0.59, 3881528
0.59, 3880897
0.59, 3877365
0.59, 3871995
0.59, 3858515
0.59, 3857224
0.59, 3846718
0.59, 3828657
0.60, 3817920
0.60, 3817861
0.60, 3803312
0.60, 3793562
0.60, 3784535
0.60, 3779077
0.60, 3751602
0.60, 3739097
0.60, 3704461
0.60, 3701766
0.60, 3701495
0.60, 3688483
0.60, 3656200
0.60, 3655552
0.60, 3643367
0.60, 3592473
0.60, 3572898
0.60, 3571239
0.60, 3560728
0.60, 3558835
0.60, 3554836
0.60, 3554441
0.64, 3543883
0.65, 3525593
0.65, 3521428
0.65, 3505907
0.65, 3494046
0.65, 3484699
0.65, 3482442
0.65, 3480900
0.65, 3439678
0.65, 3439630
0.65, 3433557
0.65, 3430288
0.65, 3428452
0.65, 3419055
0.65, 3417402
0.73, 3384158
0.73, 3379639
0.73, 3358155
0.73, 3342553
0.73, 3322382
0.73, 3318367
0.73, 3289634
0.73, 3287859
0.73, 3283650
0.73, 3278499
0.73, 3267145
0.76, 3262393
0.76, 3261529
0.76, 3251375
0.79, 3241101
0.79, 3240324
0.79, 3231364
0.79, 3221046
0.79, 3215306
0.79, 3185456
0.79, 3183207
0.79, 3178980
0.79, 3178328
0.79, 3173670
0.79, 3163473
0.79, 3135573
0.79, 3132893
0.79, 3131847
0.79, 3130618
0.79, 3126492
0.79, 3126052
0.79, 3122974
0.80, 3122702
0.80, 3117772
0.80, 3110264
0.80, 3074066
0.80, 3070678
0.80, 3064915
0.80, 3062261
0.81, 3061318
0.86, 3049164
0.86, 3046627
0.86, 3033965
0.86, 3022057
0.86, 3016354
0.86, 3015269
0.86, 3014693
0.86, 3014030
0.86, 2999856
0.86, 2991703
0.86, 2991567
0.86, 2990782
0.86, 2989541
0.86, 2981836
0.86, 2981378
0.86, 2980409
0.86, 2979324
0.86, 2974557
0.86, 2966182
0.86, 2964574
0.86, 2963478
0.86, 2961438
0.86, 2956923
0.86, 2956198
0.86, 2951120
0.86, 2943592
0.86, 2937234
0.86, 2930530
0.86, 2928448
0.86, 2920899
0.86, 2918653
0.86, 2895648
0.86, 2890063
0.86, 2889372
0.88, 2886938
0.88, 2884246
0.88, 2882193
0.88, 2867296
0.88, 2865409
0.88, 2845968
0.89, 2836939
0.89, 2834110
0.90, 2826556
0.90, 2826153
0.90, 2824461
0.90, 2821176
0.90, 2818711
0.90, 2800387
0.90, 2797038
0.90, 2793810
0.90, 2789173
0.90, 2775407
0.90, 2770095
0.90, 2770068
0.90, 2769740
0.90, 2767101
0.90, 2763920
0.92, 2761379
0.92, 2758387
0.92, 2758222
0.92, 2756584
0.92, 2755762
0.92, 2752574
0.92, 2751037
0.92, 2750193
0.92, 2744057
0.92, 2738874
0.92, 2735445
0.92, 2734089
0.92, 2727685
0.92, 2727674
0.92, 2723622
0.92, 2721561
0.92, 2719736
0.92, 2717561
0.92, 2705663
0.92, 2704395
0.93, 2701598
0.93, 2699323
0.93, 2697283
0.93, 2695106
0.93, 2693363
0.93, 2691348
0.93, 2690005
0.93, 2682030
0.93, 2681793
0.93, 2675960
0.93, 2673720
0.93, 2668342
0.93, 2645888
0.93, 2641920
0.95, 2634360
0.95, 2626829
0.95, 2625220
0.95, 2625139
0.96, 2623536
0.96, 2619134
0.96, 2610882
0.96, 2609475
0.96, 2598055
0.96, 2597326
0.96, 2584616
0.96, 2580331
0.96, 2577184
0.96, 2569389
0.96, 2565793
0.99, 2547011
0.99, 2537198
0.99, 2533955
0.99, 2532405
0.99, 2511067
0.99, 2507159
0.99, 2503808
0.99, 2500808
0.99, 2496010
0.99, 2489939
0.99, 2485708
0.99, 2481603
0.99, 2481159
0.99, 2445047
0.99, 2444537
0.99, 2443980
0.99, 2443097
0.99, 2442896
1.03, 2425399
1.07, 2419983
1.07, 2415732
1.07, 2408927
1.07, 2406276
1.07, 2385361
1.07, 2385160
1.07, 2384686
1.07, 2383392
1.07, 2374518
1.07, 2373765
1.07, 2365759
1.07, 2342168
1.07, 2340251
1.07, 2335856
1.07, 2332982
1.07, 2322319
1.07, 2317633
1.07, 2303090
1.07, 2298974
1.07, 2298528
1.07, 2287686
1.07, 2282613
1.07, 2281397
1.07, 2276649
1.07, 2276566
1.07, 2276470
1.07, 2271965
1.07, 2269675
1.07, 2268173
1.09, 2262317
1.09, 2260831
1.09, 2259711
1.09, 2256636
1.09, 2255693
1.09, 2247654
1.09, 2247624
1.09, 2239694
1.09, 2239647
1.09, 2239504
1.09, 2224337
1.09, 2219506
1.09, 2213754
1.09, 2213601
1.09, 2201456
1.09, 2195649
1.09, 2186200
1.09, 2184013
1.09, 2174496
1.09, 2170828
1.14, 2164472
1.14, 2156369
1.14, 2152488
1.14, 2146422
1.14, 2144975
1.14, 2126519
1.14, 2121680
1.14, 2108168
1.14, 2107986
1.17, 2100757
1.17, 2100246
1.17, 2098064
1.17, 2095821
1.18, 2094598
1.18, 2091065
1.18, 2090535
1.18, 2080563
1.18, 2071826
1.18, 2063671
1.19, 2055034
1.19, 2053904
1.19, 2052928
1.19, 2052695
1.19, 2051545
1.19, 2050867
1.19, 2050284
1.19, 2048068
1.19, 2048023
1.20, 2045261
1.20, 2033097
1.20, 2029122
1.23, 2021071
1.23, 2014801
1.23, 2005625
1.23, 2001856
1.23, 1999917
1.23, 1998052
1.23, 1997431
1.25, 1989399
1.25, 1986889
1.25, 1978877
1.25, 1963729
1.25, 1957657
1.25, 1951705
1.25, 1949906
1.25, 1944497
1.25, 1944240
1.25, 1942931
1.25, 1939593
1.25, 1937395
1.25, 1923803
1.25, 1920563
1.25, 1919842
1.25, 1919434
1.25, 1917937
1.25, 1910028
1.25, 1909551
1.25, 1907113
1.27, 1906184
1.27, 1901384
1.27, 1899424
1.28, 1894073
1.28, 1892964
1.28, 1890263
1.28, 1883426
1.28, 1876119
1.28, 1875344
1.28, 1863365
1.28, 1853729
1.28, 1851803
1.28, 1847313
1.28, 1845940
1.28, 1834924
1.28, 1834276
1.28, 1833640
1.28, 1832162
1.28, 1829671
1.28, 1825365
1.28, 1818272
1.28, 1813081
1.28, 1801863
1.28, 1799771
1.28, 1798394
1.32, 1794028
1.32, 1792095
1.32, 1792006
1.32, 1787832
1.32, 1783231
1.32, 1779788
1.32, 1779611
1.32, 1778752
1.32, 1769595
1.32, 1741931
1.37, 1740649
1.37, 1737883
1.38, 1730774
1.38, 1727141
1.38, 1723976
1.38, 1722823
1.38, 1722220
1.38, 1717984
1.38, 1717359
1.38, 1713351
1.38, 1712692
1.38, 1712345
1.38, 1707835
1.38, 1706649
1.38, 1706523
1.38, 1705603
1.38, 1704814
1.38, 1695846
1.38, 1690062
1.38, 1686451
1.38, 1686211
1.38, 1681663
1.38, 1679508
1.38, 1678518
1.38, 1677777
1.38, 1676913
1.38, 1676279
1.38, 1673601
1.38, 1673125
1.38, 1670687
1.38, 1666258
1.38, 1666241
1.38, 1661743
1.38, 1651604
1.38, 1651312
1.38, 1631706
1.38, 1627684
1.38, 1626883
1.38, 1626240
1.38, 1619159
1.38, 1619071
1.38, 1616373
1.38, 1612263
1.38, 1605202
1.38, 1602548
1.38, 1600888
1.38, 1599849
1.38, 1596819
1.38, 1591750
1.38, 1591451
1.50, 1586268
1.50, 1583162
1.50, 1577965
1.50, 1577236
1.50, 1576287
1.50, 1573014
1.50, 1571952
1.50, 1571337
1.50, 1570932
1.50, 1567625
1.50, 1565563
1.53, 1563489
1.53, 1559780
1.53, 1557903
1.54, 1556672
1.54, 1553495
1.54, 1553041
1.54, 1550411
1.54, 1546098
1.54, 1545803
1.54, 1538565
1.54, 1534219
1.54, 1532779
1.54, 1532470
1.54, 1531884
1.54, 1525960
1.54, 1522629
1.54, 1518899
1.54, 1518864
1.54, 1516451
1.54, 1515129
1.55, 1514324
1.55, 1513436
1.55, 1513082
1.55, 1512140
1.55, 1510840
1.55, 1509027
1.55, 1507885
1.55, 1503616
1.55, 1490015
1.55, 1487967
1.55, 1485952
1.55, 1482965
1.55, 1480521
1.55, 1479662
1.55, 1479121
1.55, 1478060
1.55, 1476898
1.55, 1470526
1.55, 1469027
1.55, 1467533
1.55, 1465938
1.55, 1465303
1.55, 1464003
1.55, 1458826
1.55, 1457840
1.55, 1456435
1.55, 1449671
1.55, 1448839
1.56, 1444742
1.56, 1442787
1.56, 1429953
1.56, 1429490
1.56, 1427835
1.56, 1426705
1.56, 1424252
1.56, 1424235
1.56, 1417002
1.56, 1415415
1.56, 1414566
1.56, 1411633
1.56, 1406231
1.56, 1397464
1.56, 1397387
1.56, 1393212
1.57, 1393101
1.57, 1386512
1.62, 1384760
1.63, 1378146
1.63, 1372026
1.64, 1371653
1.64, 1370260
1.64, 1350633
1.64, 1350615
1.64, 1347899
1.64, 1343059
1.64, 1343038
1.64, 1340745
1.64, 1335632
1.64, 1333224
1.64, 1331196
1.64, 1330275
1.64, 1327749
1.64, 1325846
1.64, 1325697
1.64, 1317895
1.64, 1317409
1.69, 1313606
1.69, 1312400
1.69, 1311987
1.69, 1311153
1.69, 1311118
1.69, 1308325
1.69, 1307190
1.69, 1306989
1.69, 1302603
1.69, 1302528
1.69, 1301889
1.69, 1292315
1.69, 1289626
1.69, 1287614
1.69, 1285704
1.69, 1284901
1.69, 1284721
1.70, 1283478
1.70, 1282863
1.70, 1280867
1.70, 1277301
1.70, 1276665
1.70, 1276100
1.71, 1272013
1.71, 1269685
1.71, 1264726
1.71, 1264717
1.73, 1261547
1.73, 1254767
1.73, 1250398
1.73, 1249610
1.73, 1242174
1.73, 1238277
1.73, 1231686
1.73, 1231582
1.73, 1231268
1.73, 1230732
1.73, 1223589
1.73, 1221418
1.73, 1220334
1.73, 1219851
1.73, 1215471
1.73, 1212863
1.73, 1212834
1.73, 1211996
1.73, 1210135
1.73, 1208495
1.73, 1206049
1.73, 1205872
1.73, 1205576
1.73, 1200448
1.73, 1200039
1.73, 1199029
1.73, 1197466
1.73, 1197150
1.73, 1197088
1.73, 1194680
1.74, 1193458
1.74, 1191612
1.74, 1186185
1.80, 1185414
1.80, 1182726
1.80, 1181023
1.80, 1179390
1.80, 1176824
1.80, 1174527
1.80, 1173187
1.80, 1171300
1.80, 1164586
1.80, 1162579
1.80, 1161479
1.80, 1158330
1.80, 1156790
1.80, 1153208
1.80, 1153007
1.80, 1152360
1.80, 1148171
1.80, 1148018
1.80, 1144919
1.85, 1144131
1.85, 1141017
1.85, 1140782
1.85, 1134527
1.85, 1133681
1.85, 1126305
1.86, 1125529
1.86, 1124135
1.86, 1122448
1.87, 1122189
1.87, 1121963
1.87, 1120657
1.87, 1118643
1.87, 1114032
1.87, 1109272
1.87, 1108255
1.87, 1104443
1.87, 1102223
1.87, 1100504
1.87, 1099148
1.87, 1089905
1.87, 1089420
1.87, 1084116
1.87, 1080316
1.87, 1079683
1.87, 1078396
1.88, 1076594
1.88, 1075303
1.88, 1073445
1.88, 1073107
1.88, 1068583
1.93, 1067161
1.93, 1063448
1.94, 1063111
1.94, 1058397
1.94, 1056106
1.94, 1055946
1.94, 1051960
1.94, 1051164
1.94, 1045856
1.94, 1045360
1.94, 1043898
1.94, 1042726
1.94, 1035915
1.94, 1035160
1.94, 1034352
1.94, 1034320
1.94, 1032729
1.94, 1028277
1.94, 1027680
1.94, 1018098
1.94, 1011527
1.94, 1009001
1.96, 1008402
1.96, 999581
1.96, 997841
1.96, 995012
1.96, 994292
1.96, 993174
1.96, 991411
2.03, 986231
2.03, 985725
2.03, 982675
2.03, 980516
2.04, 978453
2.04, 977897
2.04, 977226
2.04, 974955
2.04, 973912
2.04, 973898
2.04, 972688
2.04, 967754
2.04, 967629
2.04, 967368
2.04, 966947
2.04, 966718
2.04, 965040
2.04, 964984
2.04, 963543
2.04, 962342
2.04, 962032
2.04, 960785
2.04, 958681
2.04, 953913
2.04, 952802
2.04, 952040
2.04, 951651
2.05, 950888
2.05, 948983
2.05, 948448
2.05, 948367
2.05, 946948
2.05, 946553
2.05, 943588
2.05, 942323
2.05, 941366
2.05, 940807
2.05, 940394
2.06, 939557
2.06, 937191
2.06, 935753
2.06, 935621
2.06, 925303
2.06, 924367
2.07, 922207
2.07, 921018
2.07, 920288
2.07, 918502
2.07, 918214
2.07, 917046
2.07, 916041
2.07, 914833
2.07, 914010
2.07, 913184
2.07, 913111
2.07, 911812
2.07, 910865
2.07, 910235
2.15, 909601
2.15, 908246
2.15, 904620
2.15, 902806
2.15, 902699
2.15, 902410
2.15, 899936
2.15, 898862
2.15, 896672
2.16, 895383
2.16, 894790
2.16, 892928
2.16, 889972
2.16, 885927
2.16, 885480
2.16, 885291
2.16, 881767
2.16, 878701
2.16, 878177
2.16, 876704
2.22, 874991
2.22, 874802
2.22, 874205
2.22, 873525
2.22, 873282
2.22, 873266
2.23, 868832
2.23, 868594
2.23, 868371
2.23, 863053
2.23, 862382
2.23, 859799
2.23, 859292
2.30, 857748
2.30, 857688
2.30, 856150
2.30, 856073
2.30, 854960
2.30, 854092
2.30, 853865
2.30, 853118
2.30, 851228
2.30, 848690
2.30, 848035
2.30, 847371
2.30, 847264
2.30, 846903
2.30, 845793
2.33, 845010
2.33, 843756
2.33, 843123
2.34, 842970
2.34, 842733
2.34, 841274
2.34, 841111
2.34, 840827
2.35, 840222
2.35, 838288
2.36, 838235
2.36, 836005
2.36, 834452
2.36, 833230
2.36, 828293
2.36, 825692
2.36, 824106
2.36, 822564
2.36, 821037
2.36, 820302
2.36, 819652
2.36, 818673
2.36, 817964
2.40, 817637
2.40, 817337
2.40, 816407
2.40, 815539
2.40, 814920
2.40, 814311
2.41, 813643
2.41, 813305
2.41, 812995
2.41, 812906
2.41, 812318
2.41, 812293
2.41, 811979
2.42, 811208
2.42, 810587
2.42, 808273
2.42, 807288
2.42, 806635
2.42, 804904
2.42, 802638
2.42, 800723
2.42, 800632
2.42, 800056
2.42, 799065
2.46, 798123
2.47, 797383
2.48, 796255
2.48, 796226
2.48, 796028
2.48, 795490
2.48, 794227
2.48, 792200
2.48, 792028
2.48, 791719
2.48, 790614
2.50, 789806
2.50, 789313
2.50, 788429
2.50, 788281
2.50, 787944
2.50, 784317
2.50, 783740
2.50, 783055
2.51, 782406
2.51, 781389
2.51, 780512
2.51, 780191
2.51, 779433
2.51, 777848
2.51, 773209
2.51, 773038
2.51, 772973
2.51, 772557
2.51, 771032
2.51, 770845
2.52, 769782
2.52, 769722
2.52, 769598
2.52, 769485
2.57, 769009
2.57, 768925
2.57, 768918
2.57, 768353
2.58, 768145
2.58, 767928
2.58, 767508
2.58, 764916
2.58, 760871
2.58, 760464
2.59, 759421
2.59, 757612
2.59, 757174
2.59, 756611
2.59, 756512
2.62, 754449
2.62, 753277
2.63, 752627
2.63, 750332
2.63, 749165
2.63, 748552
2.63, 748195
2.63, 747790
2.63, 747609
2.63, 747590
2.63, 747391
2.63, 746533
2.63, 746386
2.63, 745438
2.63, 745135
2.64, 744847
2.64, 743580
2.64, 743345
2.64, 742385
2.64, 741944
2.64, 740940
2.64, 737834
2.64, 737819
2.64, 736733
2.64, 736559
2.64, 736478
2.66, 736475
2.66, 736364
2.66, 735247
2.66, 733989
2.66, 732929
2.66, 732430
2.66, 730633
2.68, 730504
2.68, 729057
2.68, 728088
2.69, 726581
2.69, 725648
2.69, 724479
2.69, 724029
2.69, 722626
2.69, 722537
2.69, 721895
2.70, 721649
2.70, 721537
2.73, 720087
2.74, 717394
2.74, 717139
2.74, 716917
2.74, 716544
2.75, 715154
2.75, 714996
2.76, 714688
2.76, 713861
2.76, 713814
2.76, 713697
2.76, 713535
2.76, 712052
2.76, 711792
2.76, 710909
2.76, 709908
2.76, 708334
2.79, 708102
2.79, 707687
2.80, 707412
2.82, 706898
2.83, 705030
2.83, 704774
2.83, 704755
2.83, 703816
2.83, 703403
2.83, 701187
2.83, 699689
2.83, 699457
2.83, 698957
2.83, 698690
2.83, 698085
2.83, 697318
2.83, 697305
2.84, 696821
2.84, 696446
2.84, 696349
2.84, 696242
2.84, 694720
2.85, 694562
2.85, 694453
2.85, 693836
2.97, 693814
2.97, 693792
2.97, 693140
2.97, 692629
2.97, 691532
2.99, 690942
3.00, 689910
3.00, 689394
3.00, 689392
3.00, 688555
3.00, 688143
3.00, 687654
3.00, 687452
3.00, 687290
3.00, 687147
3.01, 686284
3.01, 686264
3.01, 686092
3.01, 685629
3.01, 685066
3.01, 684781
3.02, 684106
3.02, 683072
3.02, 682932
3.02, 682774
3.02, 682405
3.02, 682281
3.02, 681913
3.02, 681048
3.04, 681005
3.04, 680676
3.04, 679745
3.04, 678878
3.04, 677938
3.04, 677590
3.04, 677460
3.05, 676801
3.05, 676573
3.05, 676516
3.05, 675684
3.05, 675613
3.05, 675405
3.06, 674973
3.15, 674851
3.15, 673870
3.20, 673295
3.20, 672995
3.20, 672653
3.21, 672609
3.25, 672423
3.25, 671979
3.25, 671971
3.25, 671619
3.25, 671490
3.25, 670771
3.35, 670488
3.36, 670213
3.36, 669311
3.36, 669049
3.36, 668708
3.41, 668368
3.41, 668151
3.41, 667566
3.41, 667497
3.42, 667265
3.43, 667027
3.44, 666970
3.44, 666617
3.45, 666585
3.45, 666385
3.47, 666121
3.47, 665453
3.50, 665350
3.50, 665190
3.58, 665085
3.59, 664775
3.61, 663912
3.61, 663632
3.61, 663538
3.61, 663507
3.61, 663447
3.62, 663418
3.62, 663246
3.63, 663213
3.63, 662657
3.66, 662251
3.66, 662249
3.67, 662227
3.67, 661939
3.69, 661774
3.69, 661645
3.70, 661420
3.70, 661324
3.71, 661299
3.71, 661035
3.74, 661034
3.75, 661012
3.75, 660952
3.75, 660830
3.77, 660583
3.92, 660553
3.93, 660531
3.93, 660503
3.94, 660471
3.95, 660426
4.16, 660398
17.28, 660360
17.34, 660245
17.39, 660179
17.41, 660157
