0.00,6923403
0.00,6776845
0.00,6665486
0.00,6489893
0.00,6336231
0.00,6338941
0.00,6291975
0.00,6084645
0.00,5933536
0.01,5816249
0.01,5785117
0.01,5637606
0.01,5657147
0.01,5516444
0.01,5494196
0.01,5365919
0.01,5418717
0.01,5410513
0.01,5388726
0.01,5382878
0.01,5386716
0.01,5348495
0.01,5231808
0.01,5165682
0.01,5154720
0.01,5049436
0.01,4943315
0.01,4904775
0.01,4801814
0.01,4725181
0.01,4720809
0.01,4688053
0.01,4623835
0.01,4659920
0.01,4564338
0.01,4557246
0.01,4453047
0.01,4364209
0.01,4364491
0.01,4374918
0.01,4272005
0.01,4291126
0.01,4275526
0.01,4290013
0.01,4278303
0.01,4294481
0.01,4289694
0.01,4309787
0.01,4299517
0.01,4279052
0.01,4216976
0.01,4139681
0.01,4091967
0.01,4133579
0.01,4119616
0.01,4122990
0.01,4144160
0.01,4134730
0.01,4150721
0.01,4064619
0.01,3962522
0.01,3971884
0.01,4013092
0.02,4009864
0.02,3960776
0.02,3984117
0.02,3986444
0.02,3984252
0.02,3945262
0.02,3948178
0.02,3889951
0.02,3797127
0.02,3783646
0.02,3752335
0.02,3758675
0.02,3711163
0.02,3699326
0.02,3627920
0.02,3629973
0.02,3637055
0.02,3622129
0.02,3547815
0.02,3464468
0.02,3350097
0.02,3380879
0.02,3372876
0.02,3366882
0.02,3400614
0.02,3402816
0.02,3409890
0.02,3378991
0.02,3384071
0.02,3392617
0.02,3435729
0.02,3376841
0.02,3375891
0.02,3419570
0.02,3419510
0.02,3439709
0.02,3359854
0.02,3407805
0.02,3419449
0.02,3420818
0.02,3351624
0.02,3261842
0.02,3240077
0.02,3210334
0.02,3213023
0.02,3240575
0.02,3264875
0.02,3258328
0.02,3223977
0.02,3223682
0.02,3231871
0.02,3252111
0.02,3252661
0.02,3257308
0.02,3296911
0.02,3231500
0.02,3241150
0.02,3325231
0.02,3301866
0.02,3297313
0.02,3301419
0.02,3288571
0.02,3280138
0.02,3274978
0.02,3221768
0.02,3166148
0.02,3113201
0.02,3069589
0.02,3067995
0.02,3023227
0.02,2986754
0.02,2941785
0.02,2968653
0.02,2955319
0.02,2973063
0.02,2982758
0.02,2974807
0.02,2972672
0.02,2972103
0.02,2989858
0.02,3012567
0.02,3011105
0.02,2978358
0.02,3005508
0.02,2958870
0.02,2979152
0.02,3022921
0.02,3024053
0.02,3041593
0.02,3025853
0.03,3014177
0.03,3051950
0.03,3026366
0.03,2962268
0.03,2903656
0.03,2951561
0.03,2972761
0.03,2906989
0.03,2874610
0.03,2820268
0.03,2795181
0.03,2758768
0.03,2672589
0.03,2616219
0.03,2588759
0.03,2605136
0.03,2599626
0.03,2600464
0.03,2616126
0.03,2617870
0.03,2602561
0.03,2602311
0.03,2620898
0.03,2651902
0.03,2634931
0.03,2639121
0.03,2642043
0.03,2708644
0.03,2691641
0.03,2657479
0.03,2659963
0.03,2678923
0.03,2722123
0.03,2713159
0.03,2733769
0.03,2737637
0.03,2709268
0.03,2668026
0.03,2620344
0.03,2602337
0.03,2592874
0.03,2607662
0.03,2583135
0.03,2581749
0.03,2603776
0.03,2597609
0.03,2601453
0.03,2574460
0.03,2538271
0.03,2517413
0.03,2512949
0.03,2509460
0.03,2539511
0.03,2574196
0.03,2565607
0.03,2632610
0.03,2635559
0.03,2577320
0.03,2569395
0.03,2569828
0.03,2540745
0.03,2519331
0.03,2513321
0.03,2500002
0.03,2498499
0.03,2476514
0.03,2443426
0.03,2442824
0.03,2437784
0.03,2431353
0.03,2439288
0.03,2480834
0.03,2480018
0.03,2529046
0.03,2541471
0.03,2502721
0.03,2488239
0.03,2476926
0.03,2503692
0.03,2531355
0.03,2536802
0.03,2479991
0.03,2485669
0.03,2472254
0.03,2439653
0.03,2437704
0.03,2402714
0.03,2405124
0.03,2353013
0.03,2354611
0.03,2364665
0.04,2357052
0.04,2353782
0.04,2358660
0.04,2339060
0.04,2298494
0.04,2301660
0.04,2295365
0.04,2253279
0.04,2245979
0.04,2235836
0.04,2210009
0.04,2169006
0.04,2175768
0.04,2161853
0.04,2164357
0.04,2157906
0.04,2128355
0.04,2136927
0.04,2215928
0.04,2182798
0.04,2115282
0.04,2122922
0.04,2114893
0.04,2121602
0.04,2111979
0.04,2079545
0.04,2059149
0.04,2040173
0.04,2039965
0.04,2012576
0.04,2011634
0.04,2000289
0.04,1979815
0.04,1985920
0.04,1988837
0.04,1998117
0.04,2003039
0.04,1975942
0.04,1971921
0.04,1966874
0.04,1969494
0.04,1935119
0.04,1944236
0.04,1948010
0.04,1931835
0.04,1940942
0.04,1938268
0.04,1946909
0.04,1940186
0.04,1900200
0.04,1901139
0.04,1904659
0.04,1903294
0.04,1912179
0.04,1867867
0.04,1842138
0.04,1853070
0.04,1863575
0.04,1946880
0.04,1904009
0.04,1844532
0.04,1846584
0.04,1838869
0.04,1812415
0.04,1779728
0.04,1754119
0.04,1760544
0.04,1767002
0.04,1764634
0.04,1750929
0.04,1758601
0.04,1757501
0.04,1752599
0.04,1739742
0.04,1753713
0.04,1739959
0.04,1735284
0.04,1757665
0.04,1731376
0.04,1717485
0.04,1700818
0.04,1705912
0.04,1726942
0.04,1744495
0.04,1744234
0.04,1715979
0.04,1681517
0.04,1689983
0.04,1683261
0.04,1679420
0.04,1671114
0.04,1689245
0.04,1684238
0.05,1690396
0.05,1700341
0.05,1674342
0.05,1663590
0.05,1645087
0.05,1619616
0.05,1606638
0.05,1589939
0.05,1591340
0.05,1568421
0.05,1558943
0.05,1553343
0.05,1567376
0.05,1566495
0.05,1579684
0.05,1579633
0.05,1579774
0.05,1571524
0.05,1564628
0.05,1531657
0.05,1531147
0.05,1555153
0.05,1553372
0.05,1574284
0.05,1605562
0.05,1605600
0.05,1612452
0.05,1651463
0.05,1648755
0.05,1594330
0.05,1612860
0.05,1621434
0.05,1596437
0.05,1568249
0.05,1571419
0.05,1555491
0.05,1545248
0.05,1505043
0.05,1499947
0.05,1482180
0.05,1536055
0.05,1585935
0.05,1587018
0.05,1589389
0.05,1602327
0.05,1602472
0.05,1601758
0.05,1590195
0.05,1587872
0.05,1588270
0.05,1550165
0.05,1561011
0.05,1572058
0.05,1573754
0.05,1570363
0.05,1560207
0.05,1558066
0.05,1543619
0.05,1542165
0.05,1540986
0.05,1534371
0.05,1534027
0.05,1507262
0.05,1469425
0.05,1451767
0.05,1434649
0.05,1414984
0.05,1413782
0.05,1405955
0.05,1398599
0.05,1396735
0.05,1408667
0.05,1462766
0.05,1508592
0.05,1507385
0.05,1509351
0.05,1529835
0.05,1525431
0.05,1522223
0.05,1508652
0.05,1509195
0.05,1511853
0.05,1461422
0.05,1461513
0.05,1469323
0.05,1474330
0.05,1487113
0.05,1478173
0.05,1476702
0.06,1471223
0.06,1472645
0.06,1474112
0.06,1442294
0.06,1440630
0.06,1411928
0.06,1383578
0.06,1388832
0.06,1415768
0.06,1407227
0.06,1416441
0.06,1416122
0.06,1440031
0.06,1426233
0.06,1431199
0.06,1433388
0.06,1439590
0.06,1469609
0.06,1467296
0.06,1495646
0.06,1541028
0.06,1545809
0.06,1483660
0.06,1482564
0.06,1469271
0.06,1436870
0.06,1423384
0.06,1393254
0.06,1392638
0.06,1392791
0.06,1387890
0.06,1399093
0.06,1406582
0.06,1419270
0.06,1397937
0.06,1389887
0.06,1396889
0.06,1427099
0.06,1429103
0.06,1426710
0.06,1427712
0.06,1413744
0.06,1398245
0.06,1399834
0.06,1396937
0.06,1410329
0.06,1406754
0.06,1417458
0.06,1425706
0.06,1418660
0.06,1414592
0.06,1417107
0.06,1489566
0.06,1469791
0.06,1422413
0.06,1403390
0.06,1395675
0.06,1384010
0.06,1387938
0.06,1390637
0.06,1391961
0.06,1399140
0.06,1396038
0.06,1387957
0.06,1373340
0.06,1375428
0.06,1357689
0.06,1348947
0.06,1344143
0.06,1338583
0.06,1329578
0.06,1321024
0.06,1345713
0.06,1345369
0.06,1362164
0.06,1362111
0.06,1368624
0.06,1349729
0.06,1347711
0.06,1346740
0.06,1343488
0.06,1354639
0.06,1346673
0.06,1346490
0.06,1360192
0.06,1360925
0.06,1359164
0.06,1360818
0.06,1435396
0.06,1404721
0.07,1378486
0.07,1355365
0.07,1345112
0.07,1356455
0.07,1349358
0.07,1357139
0.07,1341989
0.07,1340331
0.07,1344852
0.07,1326041
0.07,1335782
0.07,1336887
0.07,1330858
0.07,1323726
0.07,1333734
0.07,1341820
0.07,1330124
0.07,1327499
0.07,1315786
0.07,1320333
0.07,1322731
0.07,1319332
0.07,1309181
0.07,1327296
0.07,1310637
0.07,1306999
0.07,1307018
0.07,1300690
0.07,1297867
0.07,1293832
0.07,1311456
0.07,1301879
0.07,1307765
0.07,1321734
0.07,1320997
0.07,1320423
0.07,1320316
0.07,1312913
0.07,1312780
0.07,1308285
0.07,1310198
0.07,1316703
0.07,1317084
0.07,1324844
0.07,1324986
0.07,1322335
0.07,1320200
0.07,1322065
0.07,1323802
0.07,1336473
0.07,1336590
0.07,1334021
0.07,1334042
0.07,1336539
0.07,1332734
0.07,1343723
0.07,1345123
0.07,1338182
0.07,1339971
0.07,1338026
0.07,1332706
0.07,1334162
0.07,1332973
0.07,1320287
0.07,1319283
0.07,1400933
0.07,1361253
0.07,1321751
0.07,1300171
0.07,1277606
0.07,1277035
0.07,1264148
0.07,1263396
0.07,1257051
0.07,1258264
0.07,1255668
0.07,1259132
0.07,1251940
0.07,1253816
0.07,1252021
0.07,1244400
0.07,1236398
0.07,1235427
0.07,1232801
0.07,1227006
0.07,1232935
0.07,1241687
0.07,1295714
0.07,1347643
0.07,1361656
0.07,1362095
0.07,1390660
0.08,1394874
0.08,1392091
0.08,1389373
0.08,1365300
0.08,1368497
0.08,1327367
0.08,1321639
0.08,1343074
0.08,1339999
0.08,1363202
0.08,1348317
0.08,1339829
0.08,1386918
0.08,1386783
0.08,1358564
0.08,1339108
0.08,1332342
0.08,1288101
0.08,1272962
0.08,1238116
0.08,1239063
0.08,1249738
0.08,1214196
0.08,1224503
0.08,1216463
0.08,1222984
0.08,1277044
0.08,1256004
0.08,1214994
0.08,1202125
0.08,1200849
0.08,1189704
0.08,1180685
0.08,1169781
0.08,1169031
0.08,1173092
0.08,1168332
0.08,1170203
0.08,1192772
0.08,1186726
0.08,1183433
0.08,1167725
0.08,1185304
0.08,1208367
0.08,1242489
0.08,1276845
0.08,1203592
0.08,1209563
0.08,1214141
0.08,1206114
0.08,1197322
0.08,1182149
0.08,1176918
0.08,1176987
0.08,1178910
0.08,1179530
0.08,1168750
0.08,1174174
0.08,1178697
0.08,1165389
0.08,1173274
0.08,1176768
0.08,1183790
0.08,1188943
0.08,1190245
0.08,1211300
0.08,1228819
0.08,1243737
0.08,1171751
0.08,1173647
0.08,1174977
0.08,1145303
0.08,1134570
0.08,1132147
0.08,1119229
0.08,1109369
0.08,1109234
0.08,1106641
0.08,1102446
0.08,1096119
0.08,1092416
0.08,1099030
0.08,1105164
0.08,1100727
0.08,1096696
0.08,1089880
0.08,1082735
0.08,1088931
0.08,1073236
0.08,1076390
0.08,1062058
0.08,1054431
0.09,1054490
0.09,1050898
0.09,1058694
0.09,1061734
0.09,1060644
0.09,1067597
0.09,1069698
0.09,1072337
0.09,1066996
0.09,1062397
0.09,1057656
0.09,1055196
0.09,1053987
0.09,1061539
0.09,1083022
0.09,1078505
0.09,1083118
0.09,1085681
0.09,1086699
0.09,1075770
0.09,1058458
0.09,1065180
0.09,1068654
0.09,1068159
0.09,1080318
0.09,1113644
0.09,1142050
0.09,1059530
0.09,1056548
0.09,1052374
0.09,1056569
0.09,1052276
0.09,1052933
0.09,1050555
0.09,1048593
0.09,1051148
0.09,1037831
0.09,1063182
0.09,1083248
0.09,1085445
0.09,1105533
0.09,1095256
0.09,1116037
0.09,1105594
0.09,1113706
0.09,1111084
0.09,1116299
0.09,1143072
0.09,1131138
0.09,1139998
0.09,1179779
0.09,1178331
0.09,1126931
0.09,1110337
0.09,1107642
0.09,1097419
0.09,1105922
0.09,1103546
0.09,1102142
0.09,1079488
0.09,1100258
0.09,1120826
0.09,1142405
0.09,1144794
0.09,1162711
0.09,1164149
0.09,1177855
0.09,1177685
0.09,1185121
0.09,1189986
0.09,1193330
0.09,1192874
0.09,1187130
0.09,1189951
0.09,1206687
0.09,1286537
0.09,1259772
0.09,1229082
0.09,1213535
0.09,1208508
0.09,1196064
0.09,1190241
0.09,1167500
0.09,1121122
0.09,1077088
0.09,1071930
0.09,1060709
0.09,1052073
0.10,1055559
0.10,1067437
0.10,1080569
0.10,1075591
0.10,1066662
0.10,1065807
0.10,1069566
0.10,1063633
0.10,1062629
0.10,1061015
0.10,1060383
0.10,1055932
0.10,1058578
0.10,1060787
0.10,1062469
0.10,1050920
0.10,1055757
0.10,1055056
0.10,1048207
0.10,1042560
0.10,1038996
0.10,1032796
0.10,1027744
0.10,1032295
0.10,1019000
0.10,1020125
0.10,1018551
0.10,1014438
0.10,1017547
0.10,1016971
0.10,1010232
0.10,1008340
0.10,1006989
0.10,1005340
0.10,1005305
0.10,1005239
0.10,1004252
0.10,1004997
0.10,1002931
0.10,996300
0.10,993114
0.10,993458
0.10,979635
0.10,984528
0.10,992996
0.10,989721
0.10,986364
0.10,973018
0.10,974619
0.10,973549
0.10,971230
0.10,971495
0.10,970832
0.10,975865
0.10,969067
0.10,963950
0.10,963467
0.10,972307
0.10,973472
0.10,970240
0.10,963829
0.10,980706
0.10,974142
0.10,969548
0.10,954774
0.10,954326
0.10,953897
0.10,953724
0.10,954018
0.10,948210
0.10,953052
0.10,953369
0.10,960589
0.10,965559
0.10,958768
0.10,958667
0.10,954336
0.10,946290
0.10,962776
0.10,959523
0.10,957989
0.10,954091
0.10,940199
0.10,934119
0.10,931582
0.10,925762
0.10,918301
0.10,922688
0.10,921252
0.10,920206
0.10,913818
0.11,914094
0.11,919641
0.11,923258
0.11,915004
0.11,913416
0.11,914496
0.11,914141
0.11,913295
0.11,912708
0.11,906267
0.11,905723
0.11,907372
0.11,906696
0.11,898026
0.11,892562
0.11,901571
0.11,956181
0.11,1008816
0.11,1021664
0.11,1022541
0.11,1033527
0.11,1030573
0.11,1030324
0.11,1024995
0.11,1022313
0.11,1011517
0.11,986270
0.11,985225
0.11,985129
0.11,988599
0.11,986390
0.11,981184
0.11,980063
0.11,989988
0.11,991629
0.11,986282
0.11,976939
0.11,971812
0.11,969740
0.11,941059
0.11,911116
0.11,916331
0.11,911743
0.11,932748
0.11,905017
0.11,904616
0.11,936407
0.11,887137
0.11,885980
0.11,882418
0.11,877140
0.11,878692
0.11,872070
0.11,864805
0.11,863211
0.11,862355
0.11,859796
0.11,855331
0.11,885996
0.11,894835
0.11,888898
0.11,898057
0.11,896169
0.11,888919
0.11,862082
0.11,851359
0.11,853943
0.11,860042
0.11,858872
0.11,861239
0.11,860931
0.11,859143
0.11,869760
0.11,866499
0.11,871455
0.11,877464
0.11,879278
0.11,889702
0.11,887029
0.11,889729
0.11,892861
0.11,899984
0.11,900778
0.11,901634
0.11,896169
0.11,895992
0.11,893426
0.11,892221
0.11,889570
0.11,885325
0.12,885669
0.12,878508
0.12,874026
0.12,872236
0.12,863116
0.12,856844
0.12,857137
0.12,868626
0.12,870039
0.12,876527
0.12,871178
0.12,892962
0.12,899076
0.12,902968
0.12,904493
0.12,903446
0.12,906726
0.12,907561
0.12,906538
0.12,911320
0.12,917220
0.12,916667
0.12,912446
0.12,913015
0.12,912947
0.12,906099
0.12,898944
0.12,961113
0.12,931892
0.12,900059
0.12,874432
0.12,868831
0.12,870209
0.12,875000
0.12,868777
0.12,870452
0.12,875089
0.12,873766
0.12,860849
0.12,854172
0.12,854516
0.12,853236
0.12,848459
0.12,846014
0.12,846618
0.12,848903
0.12,851079
0.12,845656
0.12,846651
0.12,848894
0.12,849165
0.12,849673
0.12,849256
0.12,853103
0.12,859439
0.12,859487
0.12,859816
0.12,855860
0.12,855029
0.12,859448
0.12,859431
0.12,854764
0.12,850735
0.12,857760
0.12,855207
0.12,852727
0.12,905602
0.12,921374
0.12,924573
0.12,928561
0.12,935048
0.12,935060
0.12,938535
0.12,941826
0.12,972580
0.12,979460
0.12,987801
0.12,995437
0.12,999896
0.12,1001247
0.12,988336
0.12,975439
0.12,974993
0.12,934725
0.12,922416
0.12,922566
0.12,909226
0.13,906830
0.13,893151
0.13,884453
0.13,890379
0.13,932893
0.13,941721
0.13,950865
0.13,947299
0.13,967601
0.13,969055
0.13,978273
0.13,1028641
0.13,1031371
0.13,987618
0.13,973690
0.13,976865
0.13,946035
0.13,945541
0.13,945100
0.13,940539
0.13,938024
0.13,931077
0.13,930055
0.13,907873
0.13,905814
0.13,901382
0.13,900403
0.13,934824
0.13,962625
0.13,897322
0.13,890897
0.13,892341
0.13,891163
0.13,893071
0.13,899063
0.13,885307
0.13,878634
0.13,874193
0.13,864430
0.13,863183
0.13,854869
0.13,852789
0.13,854431
0.13,860790
0.13,859497
0.13,848049
0.13,864282
0.13,862986
0.13,861271
0.13,856748
0.13,855884
0.13,851279
0.13,853613
0.13,841166
0.13,837620
0.13,843108
0.13,845978
0.13,843760
0.13,855068
0.13,862443
0.13,875237
0.13,877636
0.13,877330
0.13,879131
0.13,881295
0.13,884563
0.13,886611
0.13,885236
0.13,886840
0.13,887125
0.13,885687
0.13,882165
0.13,869255
0.13,863348
0.13,866762
0.13,861937
0.13,858286
0.13,851615
0.13,851662
0.13,849383
0.13,852927
0.13,850300
0.13,859722
0.13,868131
0.13,888711
0.13,885357
0.13,884933
0.13,887770
0.13,888179
0.13,884596
0.14,879996
0.14,879200
0.14,885142
0.14,897487
0.14,895133
0.14,881348
0.14,880325
0.14,887706
0.14,885992
0.14,880704
0.14,944835
0.14,912579
0.14,872805
0.14,852619
0.14,844250
0.14,834854
0.14,834128
0.14,837477
0.14,837501
0.14,840649
0.14,835274
0.14,835070
0.14,835714
0.14,839354
0.14,836016
0.14,836152
0.14,837995
0.14,838823
0.14,841369
0.14,842734
0.14,840520
0.14,845588
0.14,848064
0.14,847778
0.14,853752
0.14,858614
0.14,860872
0.14,868420
0.14,871109
0.14,878390
0.14,876408
0.14,874577
0.14,888936
0.14,890137
0.14,896123
0.14,950448
0.14,963654
0.14,969474
0.14,975219
0.14,978569
0.14,976080
0.14,969261
0.14,972981
0.14,1008046
0.14,1003947
0.14,1001191
0.14,1004137
0.14,1006111
0.14,1005479
0.14,999568
0.14,983762
0.14,986014
0.14,954604
0.14,971084
0.14,970577
0.14,953733
0.14,951050
0.14,928321
0.14,911709
0.14,900299
0.14,921152
0.14,922892
0.14,933060
0.14,926809
0.14,936273
0.14,938017
0.14,949324
0.14,992356
0.14,996146
0.14,1023505
0.14,989988
0.14,971817
0.14,931274
0.14,927605
0.14,924018
0.14,928530
0.14,930440
0.14,918990
0.15,916844
0.15,902429
0.15,896043
0.15,886704
0.15,868171
0.15,863945
0.15,866669
0.15,872355
0.15,870001
0.15,866417
0.15,868192
0.15,870009
0.15,868853
0.15,870071
0.15,865251
0.15,862604
0.15,854205
0.15,847844
0.15,846529
0.15,839793
0.15,838139
0.15,838749
0.15,840696
0.15,842389
0.15,845065
0.15,846193
0.15,846254
0.15,840549
0.15,844835
0.15,844322
0.15,844381
0.15,829891
0.15,832661
0.15,840917
0.15,841006
0.15,838747
0.15,835769
0.15,835747
0.15,834760
0.15,835294
0.15,832194
0.15,828529
0.15,827800
0.15,831998
0.15,830215
0.15,828524
0.15,826409
0.15,826301
0.15,823076
0.15,821531
0.15,818110
0.15,814555
0.15,815702
0.15,817316
0.15,819335
0.15,822120
0.15,824640
0.15,822461
0.15,829169
0.15,827675
0.15,828135
0.15,825047
0.15,835573
0.15,837659
0.15,841418
0.15,891002
0.15,904277
0.15,907929
0.15,915880
0.15,918809
0.15,929322
0.15,932319
0.15,930322
0.15,975794
0.15,979849
0.15,982694
0.15,993037
0.15,1002598
0.15,1011901
0.15,996604
0.15,1006294
0.15,995590
0.15,954818
0.15,983809
0.15,983778
0.15,921143
0.15,906673
0.15,887339
0.16,860066
0.16,825430
0.16,811256
0.16,810441
0.16,806500
0.16,805264
0.16,805709
0.16,807638
0.16,806419
0.16,828313
0.16,838641
0.16,849329
0.16,861386
0.16,865289
0.16,871329
0.16,869503
0.16,868205
0.16,873124
0.16,875910
0.16,903406
0.16,903023
0.16,914146
0.16,955256
0.16,953897
0.16,906190
0.16,890295
0.16,887023
0.16,875700
0.16,874548
0.16,865121
0.16,863963
0.16,845542
0.16,854825
0.16,878671
0.16,898660
0.16,902460
0.16,920373
0.16,943246
0.16,949212
0.16,982589
0.16,985194
0.16,996904
0.16,1008377
0.16,1006244
0.16,1004629
0.16,997142
0.16,1004157
0.16,1004372
0.16,970507
0.16,966210
0.16,965777
0.16,964690
0.16,957954
0.16,1016652
0.16,983498
0.16,936429
0.16,867501
0.16,860232
0.16,856853
0.16,851772
0.16,859563
0.16,855426
0.16,854094
0.16,850391
0.16,846095
0.16,845371
0.16,846944
0.16,842756
0.16,848282
0.16,849272
0.16,851173
0.16,846598
0.16,840988
0.16,841769
0.16,839145
0.16,841468
0.16,843046
0.16,833580
0.16,826782
0.16,817311
0.16,814177
0.16,809010
0.16,807527
0.16,806309
0.16,803880
0.16,805704
0.16,813909
0.16,809531
0.16,800932
0.16,798934
0.17,796092
0.17,794605
0.17,795548
0.17,793160
0.17,796656
0.17,798457
0.17,802563
0.17,804523
0.17,802718
0.17,803676
0.17,805406
0.17,807578
0.17,809824
0.17,805255
0.17,804368
0.17,801207
0.17,804379
0.17,807584
0.17,821832
0.17,826977
0.17,825426
0.17,825919
0.17,829616
0.17,832985
0.17,835939
0.17,833205
0.17,834735
0.17,839442
0.17,833064
0.17,828974
0.17,818985
0.17,818351
0.17,820923
0.17,816315
0.17,810912
0.17,795581
0.17,820541
0.17,836257
0.17,845435
0.17,862086
0.17,869600
0.17,866742
0.17,877360
0.17,876916
0.17,878009
0.17,876711
0.17,902914
0.17,905432
0.17,915700
0.17,955557
0.17,953216
0.17,910000
0.17,898680
0.17,897020
0.17,885638
0.17,893736
0.17,888043
0.17,891332
0.17,937151
0.17,920660
0.17,903822
0.17,902248
0.17,894352
0.17,901727
0.17,901665
0.17,910433
0.17,939503
0.17,936018
0.17,947695
0.17,960665
0.17,960000
0.17,951725
0.17,946230
0.17,935946
0.17,935546
0.17,904542
0.17,903379
0.17,904969
0.17,904973
0.17,900331
0.17,900939
0.17,896246
0.17,867163
0.17,821057
0.17,825679
0.17,823146
0.17,811785
0.18,816622
0.18,815921
0.18,813781
0.18,808321
0.18,809886
0.18,810266
0.18,805543
0.18,801545
0.18,799161
0.18,797994
0.18,794589
0.18,795073
0.18,798122
0.18,796472
0.18,794535
0.18,790567
0.18,792746
0.18,790957
0.18,795748
0.18,797108
0.18,796968
0.18,796549
0.18,802497
0.18,802302
0.18,805355
0.18,798579
0.18,804485
0.18,799747
0.18,803745
0.18,856862
0.18,871505
0.18,874763
0.18,880906
0.18,887259
0.18,892352
0.18,894482
0.18,895126
0.18,925985
0.18,921863
0.18,924012
0.18,926241
0.18,930047
0.18,937318
0.18,926521
0.18,914908
0.18,913524
0.18,881582
0.18,883608
0.18,883383
0.18,868170
0.18,865178
0.18,843612
0.18,827032
0.18,824300
0.18,853489
0.18,854347
0.18,857998
0.18,858432
0.18,875854
0.18,875316
0.18,885553
0.18,929801
0.18,932403
0.18,893794
0.18,885987
0.18,887377
0.18,860090
0.18,856950
0.18,829495
0.18,818748
0.18,816483
0.18,788889
0.18,788397
0.18,788297
0.18,789931
0.18,782947
0.18,780416
0.18,787376
0.18,786465
0.18,789062
0.18,791631
0.18,792995
0.18,790098
0.18,792824
0.18,784316
0.18,784926
0.18,783027
0.18,781471
0.18,783947
0.18,785146
0.18,784708
0.19,780516
0.19,781234
0.19,781811
0.19,775569
0.19,776162
0.19,779163
0.19,779661
0.19,778337
0.19,783946
0.19,785634
0.19,787811
0.19,791017
0.19,795358
0.19,797493
0.19,798655
0.19,789339
0.19,792831
0.19,789440
0.19,790759
0.19,842598
0.19,858575
0.19,864140
0.19,868646
0.19,875579
0.19,873910
0.19,873911
0.19,880845
0.19,912810
0.19,914570
0.19,918021
0.19,922323
0.19,927205
0.19,931611
0.19,923415
0.19,908397
0.19,906506
0.19,875113
0.19,868110
0.19,874948
0.19,855638
0.19,841786
0.19,830394
0.19,818536
0.19,797164
0.19,802379
0.19,802240
0.19,807568
0.19,785577
0.19,793805
0.19,781244
0.19,772760
0.19,772945
0.19,773848
0.19,772028
0.19,772316
0.19,773049
0.19,772381
0.19,770007
0.19,769508
0.19,770370
0.19,771303
0.19,776555
0.19,779272
0.19,780563
0.19,782028
0.19,782150
0.19,783164
0.19,783209
0.19,780915
0.19,780098
0.19,785068
0.19,784305
0.19,785643
0.19,780684
0.19,788934
0.19,786862
0.19,786240
0.19,842011
0.19,855301
0.19,861365
0.19,865967
0.19,873710
0.19,874136
0.19,876364
0.19,881987
0.19,911491
0.19,911337
0.19,917776
0.19,918646
0.19,931662
0.20,936789
0.20,923152
0.20,921788
0.20,918088
0.20,893709
0.20,896487
0.20,899394
0.20,881924
0.20,864534
0.20,867752
0.20,854187
0.20,825862
0.20,853964
0.20,843958
0.20,796775
0.20,768580
0.20,766354
0.20,763305
0.20,762747
0.20,779750
0.20,781482
0.20,778724
0.20,773009
0.20,771205
0.20,771781
0.20,775404
0.20,769364
0.20,765806
0.20,762452
0.20,760494
0.20,782344
0.20,780876
0.20,761077
0.20,772738
0.20,766657
0.20,758446
0.20,756463
0.20,754487
0.20,752522
0.20,750612
0.20,749382
0.20,747480
0.20,745277
0.20,744600
0.20,743541
0.20,741760
0.20,743089
0.20,744705
0.20,740895
0.20,738575
0.20,736957
0.20,737286
0.20,736351
0.20,736807
0.20,740285
0.20,740411
0.20,739083
0.20,744038
0.20,742618
0.20,740937
0.20,738962
0.20,738587
0.20,738823
0.20,738981
0.20,738919
0.20,736621
0.20,735381
0.20,736093
0.20,734022
0.20,732584
0.20,731272
0.20,729972
0.20,728696
0.20,726754
0.20,729230
0.20,729745
0.20,732399
0.20,733426
0.20,737368
0.20,740774
0.20,739752
0.20,744768
0.20,752010
0.20,751702
0.20,753143
0.20,757520
0.20,757206
0.20,752817
0.20,757008
0.21,758717
0.21,763152
0.21,765668
0.21,770158
0.21,773138
0.21,774641
0.21,772818
0.21,766431
0.21,768256
0.21,776422
0.21,778765
0.21,777649
0.21,777439
0.21,780868
0.21,781610
0.21,781117
0.21,780708
0.21,781879
0.21,781422
0.21,786685
0.21,786470
0.21,786667
0.21,785227
0.21,783166
0.21,784223
0.21,784143
0.21,787081
0.21,790547
0.21,789092
0.21,788435
0.21,789632
0.21,794615
0.21,794638
0.21,796811
0.21,791767
0.21,853395
0.21,824928
0.21,789286
0.21,767968
0.21,757875
0.21,746455
0.21,750106
0.21,745902
0.21,743987
0.21,748016
0.21,752280
0.21,753985
0.21,756073
0.21,749939
0.21,745827
0.21,735384
0.21,733135
0.21,730313
0.21,728112
0.21,729172
0.21,730341
0.21,725034
0.21,726063
0.21,724821
0.21,721893
0.21,721372
0.21,719780
0.21,722153
0.21,726506
0.21,724910
0.21,719948
0.21,718517
0.21,721092
0.21,724539
0.21,724045
0.21,719362
0.21,717262
0.21,716092
0.21,714948
0.21,713843
0.21,712918
0.21,711829
0.21,712521
0.21,710740
0.21,711952
0.21,713588
0.21,712968
0.21,712269
0.21,713341
0.21,714307
0.21,717154
0.21,716308
0.21,718425
0.21,720426
0.22,721226
0.22,721477
0.22,722083
0.22,719263
0.22,714088
0.22,720212
0.22,721536
0.22,723118
0.22,719585
0.22,721949
0.22,719428
0.22,720801
0.22,773630
0.22,787404
0.22,792178
0.22,796591
0.22,805594
0.22,830191
0.22,835091
0.22,850782
0.22,858287
0.22,854557
0.22,846582
0.22,844306
0.22,840753
0.22,841994
0.22,813377
0.22,807115
0.22,805711
0.22,796489
0.22,793605
0.22,790210
0.22,775755
0.22,777791
0.22,757504
0.22,742544
0.22,744458
0.22,776406
0.22,785002
0.22,794893
0.22,790973
0.22,803738
0.22,804335
0.22,817092
0.22,868409
0.22,869868
0.22,834277
0.22,831337
0.22,837507
0.22,815765
0.22,816636
0.22,813137
0.22,807206
0.22,806120
0.22,805288
0.22,802802
0.22,785380
0.22,787325
0.22,778984
0.22,755867
0.22,753888
0.22,749451
0.22,747717
0.22,744294
0.22,742522
0.22,740992
0.22,738875
0.22,739996
0.22,744115
0.22,736200
0.22,730058
0.22,723746
0.22,741989
0.22,774488
0.22,801577
0.22,739070
0.22,742748
0.22,738368
0.22,738523
0.22,739883
0.22,734463
0.22,734513
0.22,729141
0.22,725567
0.22,725276
0.22,726935
0.22,725478
0.22,725854
0.22,726519
0.22,725238
0.23,720232
0.23,711153
0.23,712845
0.23,709695
0.23,710751
0.23,710531
0.23,711476
0.23,711335
0.23,709648
0.23,708152
0.23,707208
0.23,706300
0.23,705396
0.23,704504
0.23,704611
0.23,703645
0.23,702814
0.23,702025
0.23,702558
0.23,701269
0.23,700519
0.23,701115
0.23,700167
0.23,700164
0.23,699320
0.23,698640
0.23,697984
0.23,697335
0.23,696733
0.23,696171
0.23,695003
0.23,694461
0.23,696062
0.23,698440
0.23,693981
0.23,693526
0.23,693120
0.23,693127
0.23,692725
0.23,692984
0.23,692291
0.23,691907
0.23,693865
0.23,694747
0.23,693599
0.23,715449
0.23,714325
0.23,699135
0.23,705801
0.23,699718
0.23,691551
0.23,690725
0.23,690378
0.23,690089
0.23,689820
0.23,690369
0.23,694742
0.23,694332
0.23,696735
0.23,696335
0.23,694920
0.23,696031
0.23,694359
0.23,694622
0.23,695093
0.23,695151
0.23,694705
0.23,695928
0.23,695042
0.23,693242
0.23,690999
0.23,690726
0.23,690474
0.23,693658
0.23,690589
0.23,692033
0.23,694182
0.23,695843
0.23,697814
0.23,698104
0.23,698025
0.23,698507
0.23,706084
0.23,707176
0.23,706906
0.23,698926
0.23,702864
0.23,701755
0.23,703772
0.23,755858
0.23,768613
0.24,770391
0.24,773594
0.24,775762
0.24,784588
0.24,786712
0.24,793121
0.24,821976
0.24,821646
0.24,825034
0.24,825474
0.24,832373
0.24,836384
0.24,831588
0.24,817059
0.24,815390
0.24,792513
0.24,785978
0.24,787133
0.24,769192
0.24,767687
0.24,747565
0.24,733897
0.24,730352
0.24,759352
0.24,763211
0.24,772680
0.24,778432
0.24,801266
0.24,808102
0.24,818622
0.24,870596
0.24,866967
0.24,830195
0.24,827070
0.24,830028
0.24,803084
0.24,804991
0.24,800838
0.24,798331
0.24,795787
0.24,784263
0.24,781529
0.24,763316
0.24,761146
0.24,748673
0.24,724713
0.24,725434
0.24,727527
0.24,721454
0.24,720694
0.24,726257
0.24,748587
0.24,779165
0.24,802019
0.24,734535
0.24,733915
0.24,725851
0.24,720432
0.24,721184
0.24,720397
0.24,718392
0.24,712415
0.24,713437
0.24,708075
0.24,713050
0.24,720099
0.24,713611
0.24,711639
0.24,706569
0.24,705210
0.24,697021
0.24,696289
0.24,695873
0.24,692393
0.24,691940
0.24,690989
0.24,689335
0.24,689086
0.24,688840
0.24,688671
0.24,688505
0.24,689677
0.24,689566
0.24,689739
0.24,690510
0.24,690727
0.24,690500
0.24,691792
0.25,691454
0.25,691958
0.25,690559
0.25,688777
0.25,689440
0.25,690216
0.25,689946
0.25,689274
0.25,689592
0.25,690541
0.25,691319
0.25,691703
0.25,692284
0.25,688987
0.25,689593
0.25,689383
0.25,687638
0.25,687256
0.25,687151
0.25,686795
0.25,686710
0.25,687255
0.25,686552
0.25,686473
0.25,686790
0.25,687571
0.25,687417
0.25,687790
0.25,686214
0.25,685039
0.25,684973
0.25,685953
0.25,687753
0.25,689923
0.25,692401
0.25,684908
0.25,696494
0.25,686250
0.25,688893
0.25,684603
0.25,684558
0.25,684525
0.25,684524
0.25,687873
0.25,689807
0.25,709700
0.25,718418
0.25,719361
0.25,737065
0.25,741229
0.25,749612
0.25,751858
0.25,755196
0.25,761463
0.25,761609
0.25,785552
0.25,781673
0.25,788208
0.25,825889
0.25,822880
0.25,773877
0.25,765984
0.25,763879
0.25,744613
0.25,737904
0.25,728435
0.25,720248
0.25,692931
0.25,691854
0.25,708592
0.25,728311
0.25,685918
0.25,688569
0.25,692438
0.25,699145
0.25,698885
0.25,709266
0.25,710820
0.25,692292
0.25,696043
0.25,695325
0.25,684452
0.25,685226
0.25,685991
0.25,687542
0.25,688642
0.25,691088
0.25,691843
0.25,711329
0.25,718780
0.26,719876
0.26,737895
0.26,742137
0.26,747183
0.26,747709
0.26,750305
0.26,758244
0.26,755399
0.26,780944
0.26,778835
0.26,785592
0.26,820948
0.26,815246
0.26,767040
0.26,753486
0.26,750867
0.26,735600
0.26,742158
0.26,732673
0.26,720173
0.26,734008
0.26,734298
0.26,717337
0.26,711659
0.26,686397
0.26,691255
0.26,684240
0.26,718846
0.26,716366
0.26,698855
0.26,695848
0.26,690138
0.26,683525
0.26,683427
