0.01, 6847738
0.01, 6764669
0.01, 6701177
0.01, 6659023
0.01, 6633163
0.01, 6632950
0.01, 6603609
0.01, 6541569
0.01, 6531864
0.01, 6531022
0.01, 6524089
0.01, 6510009
0.01, 6503601
0.01, 6497422
0.01, 6497279
0.01, 6493701
0.01, 6492513
0.01, 6484430
0.01, 6458923
0.01, 6414631
0.01, 6411824
0.01, 6410552
0.01, 6400895
0.01, 6396094
0.01, 6383136
0.01, 6381808
0.01, 6328358
0.01, 6326937
0.01, 6323528
0.01, 6311457
0.01, 6267610
0.01, 6235328
0.01, 6179167
0.01, 6174336
0.01, 6166991
0.01, 6165740
0.01, 6162820
0.01, 6150760
0.01, 6145352
0.01, 6123758
0.01, 6109190
0.01, 6100196
0.01, 6100125
0.01, 6073715
0.01, 6066679
0.01, 6063971
0.01, 6063963
0.02, 6062627
0.02, 6023307
0.02, 5994077
0.02, 5986285
0.02, 5935374
0.02, 5935037
0.02, 5932319
0.02, 5907245
0.02, 5900294
0.02, 5900044
0.02, 5837483
0.02, 5835850
0.02, 5807089
0.02, 5793553
0.02, 5792268
0.02, 5773843
0.02, 5768665
0.02, 5736756
0.02, 5729225
0.02, 5728064
0.02, 5723228
0.02, 5719305
0.02, 5717454
0.02, 5705983
0.02, 5668192
0.02, 5667597
0.02, 5657102
0.03, 5563968
0.03, 5561113
0.03, 5559965
0.03, 5538182
0.03, 5536231
0.03, 5518783
0.03, 5511670
0.03, 5499949
0.03, 5466025
0.03, 5412823
0.03, 5411608
0.03, 5401513
0.03, 5393444
0.03, 5366714
0.03, 5354522
0.03, 5313643
0.03, 5306878
0.03, 5306159
0.03, 5303107
0.03, 5298191
0.04, 5295074
0.04, 5273374
0.04, 5270948
0.04, 5270457
0.04, 5267252
0.04, 5262808
0.04, 5235687
0.04, 5219423
0.04, 5212432
0.04, 5206522
0.04, 5190484
0.04, 5157888
0.04, 5095005
0.04, 5090489
0.04, 5084360
0.04, 5076107
0.04, 5074667
0.04, 5074274
0.04, 5057319
0.04, 5046330
0.04, 4978346
0.04, 4978163
0.04, 4977544
0.04, 4944508
0.04, 4903045
0.19, 4902458
0.19, 4899811
0.19, 4892496
0.19, 4886058
0.19, 4876741
0.20, 4873166
0.20, 4870567
0.20, 4821941
0.20, 4819845
0.20, 4815814
0.20, 4806173
0.20, 4806136
0.20, 4806117
0.20, 4746363
0.20, 4746360
0.20, 4714381
0.20, 4696346
0.20, 4695771
0.20, 4695104
0.20, 4689510
0.20, 4689458
0.20, 4675791
0.20, 4665534
0.20, 4665082
0.20, 4664780
0.20, 4662417
0.27, 4662081
0.27, 4659274
0.27, 4655821
0.28, 4653987
0.28, 4648206
0.28, 4638781
0.28, 4637528
0.31, 4632453
0.31, 4621300
0.31, 4586125
0.31, 4522941
0.31, 4520915
0.31, 4516305
0.31, 4507805
0.31, 4505869
0.31, 4470728
0.36, 4457540
0.36, 4456034
0.36, 4451732
0.40, 4432845
0.40, 4426739
0.40, 4424591
0.40, 4397734
0.40, 4395279
0.40, 4385135
0.40, 4350377
0.40, 4320881
0.40, 4318392
0.40, 4317393
0.40, 4308162
0.40, 4283217
0.40, 4280225
0.40, 4271680
0.40, 4267646
0.40, 4261710
0.40, 4256911
0.40, 4239186
0.40, 4236866
0.46, 4234975
0.46, 4219272
0.46, 4200739
0.46, 4199557
0.46, 4195311
0.50, 4193995
0.50, 4170959
0.50, 4168198
0.50, 4159129
0.50, 4154545
0.50, 4141948
0.50, 4140048
0.50, 4137650
0.50, 4131444
0.50, 4121197
0.50, 4098245
0.50, 4080941
0.50, 4070020
0.50, 4063809
0.50, 4049289
0.50, 4046426
0.50, 4004334
0.50, 3997642
0.51, 3965267
0.51, 3961398
0.51, 3955014
0.52, 3954052
0.52, 3953943
0.52, 3938028
0.52, 3936693
0.52, 3926696
0.52, 3902640
0.58, 3879985
0.58, 3873106
0.58, 3867305
0.58, 3814824
0.58, 3804614
0.58, 3789456
0.58, 3788931
0.58, 3785297
0.58, 3785036
0.58, 3784822
0.65, 3784431
0.65, 3777947
0.65, 3777533
0.65, 3772678
0.65, 3770381
0.65, 3725782
0.65, 3723059
0.65, 3720483
0.65, 3659340
0.65, 3649016
0.65, 3645533
0.65, 3644214
0.65, 3642488
0.65, 3614475
0.65, 3612170
0.65, 3611830
0.65, 3605471
0.65, 3599614
0.65, 3466214
0.65, 3460345
0.65, 3451992
0.67, 3427584
0.67, 3421450
0.67, 3414980
0.67, 3397937
0.67, 3395743
0.67, 3386725
0.67, 3380474
0.67, 3377503
0.67, 3376741
0.67, 3367904
0.67, 3348016
0.67, 3326332
0.67, 3313904
0.67, 3313878
0.67, 3289170
0.67, 3288022
0.67, 3287476
0.67, 3285016
0.67, 3284966
0.67, 3281940
0.67, 3274347
0.67, 3257774
0.67, 3252972
0.67, 3233214
0.67, 3231205
0.67, 3226915
0.67, 3201736
0.67, 3190600
0.67, 3190162
0.67, 3170651
0.67, 3167370
0.67, 3164041
0.72, 3156723
0.72, 3141119
0.72, 3132380
0.72, 3131839
0.72, 3124695
0.72, 3124392
0.72, 3121446
0.72, 3121369
0.72, 3115400
0.72, 3112277
0.72, 3109310
0.72, 3108588
0.72, 3081295
0.72, 3077978
0.72, 3077840
0.72, 3063965
0.72, 3055929
0.72, 3054320
0.72, 3046051
0.72, 3023859
0.72, 3015473
0.72, 3013885
0.72, 3001975
0.72, 3001785
0.72, 2979859
0.72, 2978593
0.72, 2961614
0.72, 2959844
0.84, 2948150
0.84, 2944386
0.84, 2940017
0.86, 2938539
0.87, 2938371
0.87, 2937444
0.87, 2934775
0.87, 2925316
0.87, 2923458
0.87, 2922831
0.87, 2920913
0.87, 2908037
0.87, 2905961
0.87, 2904273
0.87, 2901800
0.87, 2891749
0.87, 2889699
0.87, 2889586
0.87, 2883086
0.87, 2882930
0.87, 2876782
0.87, 2875624
0.88, 2866531
0.88, 2863540
0.88, 2858548
0.88, 2850531
0.88, 2849872
0.88, 2849519
0.88, 2846194
0.88, 2843686
0.88, 2843105
0.88, 2806893
0.88, 2789094
0.88, 2782639
0.88, 2780999
0.88, 2765608
0.88, 2764832
0.88, 2760180
0.88, 2741425
0.93, 2734132
0.94, 2723133
0.94, 2715200
0.94, 2711478
0.94, 2694692
0.94, 2687778
0.94, 2686660
0.94, 2670653
0.96, 2670451
0.96, 2629490
0.96, 2626937
0.96, 2624885
0.96, 2596756
0.96, 2593541
0.96, 2590319
0.96, 2589017
0.96, 2587469
0.96, 2587207
0.96, 2582054
0.96, 2576905
0.96, 2569544
0.96, 2562949
0.96, 2548570
0.96, 2544082
0.96, 2539665
0.96, 2495785
0.99, 2489573
0.99, 2486739
0.99, 2468662
0.99, 2467628
1.02, 2455944
1.02, 2447416
1.02, 2447384
1.02, 2444088
1.02, 2437958
1.02, 2435347
1.02, 2412323
1.02, 2410448
1.02, 2405171
1.02, 2377149
1.02, 2357960
1.02, 2351339
1.02, 2344214
1.02, 2327241
1.02, 2323665
1.12, 2316777
1.12, 2313279
1.12, 2313259
1.12, 2307849
1.12, 2306481
1.12, 2304273
1.12, 2298007
1.12, 2297413
1.12, 2294728
1.12, 2289972
1.12, 2286812
1.12, 2286268
1.12, 2283724
1.12, 2273802
1.12, 2264970
1.12, 2263426
1.12, 2260202
1.12, 2253327
1.19, 2250633
1.19, 2247477
1.19, 2246399
1.19, 2245381
1.19, 2245350
1.19, 2236194
1.19, 2235537
1.20, 2226905
1.20, 2222708
1.20, 2211515
1.20, 2211344
1.20, 2209776
1.20, 2208339
1.20, 2206536
1.20, 2206443
1.20, 2199972
1.20, 2198642
1.20, 2195930
1.20, 2193560
1.20, 2192631
1.20, 2187593
1.20, 2186624
1.20, 2182458
1.20, 2181370
1.20, 2149595
1.20, 2138776
1.20, 2113280
1.20, 2107632
1.20, 2103589
1.20, 2100840
1.20, 2095850
1.20, 2092712
1.20, 2083290
1.20, 2079413
1.20, 2065475
1.20, 2064117
1.20, 2055930
1.20, 2055775
1.24, 2054656
1.24, 2050866
1.24, 2050539
1.24, 2046807
1.24, 2046088
1.27, 2034696
1.27, 2034409
1.27, 2025215
1.27, 2024615
1.27, 2022829
1.27, 2022164
1.27, 2021252
1.27, 1985844
1.27, 1975833
1.27, 1962600
1.27, 1947874
1.27, 1945170
1.27, 1944984
1.27, 1944656
1.27, 1929546
1.27, 1928130
1.27, 1923887
1.27, 1921373
1.27, 1915806
1.27, 1900840
1.27, 1900228
1.27, 1898740
1.27, 1896334
1.27, 1892113
1.27, 1881909
1.27, 1879746
1.34, 1876208
1.34, 1870995
1.34, 1867492
1.34, 1863060
1.34, 1862656
1.34, 1854616
1.34, 1849191
1.34, 1847097
1.34, 1839364
1.34, 1831814
1.34, 1820671
1.34, 1818763
1.34, 1818517
1.34, 1817385
1.34, 1817372
1.34, 1815676
1.34, 1814652
1.34, 1810363
1.34, 1801139
1.34, 1800724
1.34, 1800595
1.34, 1797830
1.34, 1797628
1.34, 1792396
1.35, 1791623
1.35, 1790597
1.35, 1775582
1.35, 1775495
1.35, 1775136
1.35, 1775070
1.35, 1774466
1.35, 1774058
1.35, 1773403
1.35, 1771948
1.35, 1770156
1.35, 1768351
1.35, 1767941
1.35, 1767271
1.35, 1766137
1.35, 1765318
1.35, 1763507
1.35, 1762127
1.35, 1762022
1.35, 1757584
1.35, 1755582
1.35, 1753825
1.35, 1753196
1.35, 1752027
1.35, 1751095
1.35, 1747076
1.40, 1744812
1.40, 1741247
1.40, 1739769
1.40, 1738476
1.40, 1735126
1.40, 1735053
1.40, 1733903
1.40, 1733838
1.40, 1733462
1.40, 1731816
1.40, 1731196
1.40, 1731072
1.40, 1727820
1.40, 1723327
1.40, 1722682
1.40, 1719835
1.40, 1718864
1.40, 1718682
1.40, 1717907
1.41, 1716906
1.41, 1714466
1.41, 1712684
1.41, 1704188
1.41, 1695992
1.41, 1695646
1.41, 1689536
1.41, 1689270
1.41, 1684633
1.41, 1683442
1.41, 1683138
1.41, 1682951
1.41, 1678778
1.41, 1675529
1.41, 1674200
1.41, 1669277
1.41, 1665165
1.42, 1660742
1.42, 1652997
1.42, 1652938
1.42, 1648734
1.43, 1646740
1.43, 1646306
1.43, 1644306
1.43, 1643677
1.43, 1639484
1.43, 1635909
1.43, 1635722
1.43, 1631851
1.43, 1630656
1.47, 1620902
1.47, 1618574
1.47, 1615846
1.47, 1613671
1.47, 1606974
1.47, 1606387
1.47, 1598745
1.47, 1597233
1.47, 1593449
1.47, 1588487
1.47, 1588009
1.47, 1585114
1.47, 1581483
1.47, 1580693
1.48, 1579956
1.48, 1578335
1.48, 1577398
1.48, 1575791
1.48, 1573718
1.48, 1572351
1.48, 1569848
1.49, 1569192
1.49, 1566558
1.49, 1565104
1.49, 1564085
1.49, 1562768
1.49, 1561230
1.49, 1557012
1.49, 1551212
1.49, 1550587
1.49, 1548128
1.50, 1546196
1.50, 1545127
1.50, 1545025
1.50, 1544436
1.50, 1543446
1.50, 1543158
1.50, 1542457
1.50, 1541073
1.50, 1536216
1.50, 1534315
1.50, 1530941
1.50, 1526865
1.50, 1523618
1.50, 1522397
1.50, 1521969
1.50, 1502086
1.50, 1501431
1.50, 1500319
1.50, 1499572
1.50, 1499066
1.50, 1493044
1.50, 1491007
1.50, 1487503
1.50, 1481464
1.50, 1477943
1.54, 1477101
1.54, 1477061
1.54, 1474261
1.54, 1468265
1.55, 1465932
1.55, 1465801
1.55, 1463675
1.55, 1462492
1.55, 1462352
1.55, 1462338
1.55, 1460844
1.55, 1460638
1.55, 1459984
1.55, 1457237
1.55, 1455455
1.55, 1453727
1.55, 1452820
1.55, 1450722
1.55, 1448266
1.55, 1446658
1.55, 1445301
1.55, 1444322
1.55, 1443935
1.55, 1440625
1.55, 1440203
1.55, 1439043
1.55, 1437963
1.55, 1437626
1.55, 1435911
1.55, 1433157
1.55, 1431779
1.55, 1431413
1.55, 1430423
1.55, 1420731
1.55, 1418176
1.55, 1415957
1.55, 1415393
1.55, 1415307
1.55, 1408100
1.55, 1406876
1.55, 1401729
1.55, 1400767
1.57, 1391480
1.57, 1386680
1.57, 1384499
1.57, 1383332
1.61, 1381465
1.61, 1378558
1.61, 1376578
1.61, 1370609
1.61, 1369555
1.61, 1368663
1.61, 1368336
1.61, 1368323
1.61, 1367559
1.61, 1366754
1.61, 1362126
1.61, 1361835
1.61, 1359989
1.61, 1359029
1.61, 1358924
1.61, 1356075
1.61, 1356051
1.61, 1351408
1.61, 1348484
1.61, 1343407
1.61, 1338794
1.61, 1338710
1.61, 1334699
1.61, 1331555
1.61, 1331466
1.61, 1330546
1.62, 1320187
1.62, 1319857
1.62, 1319581
1.62, 1315853
1.62, 1310054
1.62, 1308963
1.62, 1308412
1.62, 1308355
1.62, 1307994
1.63, 1306263
1.63, 1303556
1.63, 1301069
1.63, 1300845
1.63, 1300621
1.63, 1294650
1.63, 1294648
1.63, 1292332
1.67, 1291992
1.67, 1290955
1.67, 1290629
1.67, 1289732
1.67, 1289266
1.67, 1286728
1.67, 1280149
1.67, 1278388
1.67, 1278065
1.67, 1277634
1.67, 1276997
1.67, 1273851
1.70, 1271599
1.70, 1261686
1.70, 1258369
1.70, 1256752
1.71, 1256132
1.71, 1254938
1.71, 1254028
1.71, 1253503
1.71, 1252584
1.71, 1252000
1.71, 1245204
1.71, 1244848
1.71, 1241070
1.71, 1240847
1.71, 1235995
1.72, 1234074
1.72, 1232999
1.72, 1232239
1.72, 1232020
1.72, 1229608
1.72, 1225666
1.72, 1225613
1.72, 1220027
1.72, 1216935
1.72, 1201677
1.72, 1200817
1.72, 1199938
1.72, 1199626
1.72, 1193465
1.72, 1192304
1.72, 1188982
1.72, 1185437
1.72, 1184378
1.72, 1180431
1.72, 1178715
1.72, 1178156
1.72, 1175870
1.72, 1174421
1.72, 1170380
1.72, 1167354
1.72, 1160036
1.72, 1156184
1.72, 1155851
1.72, 1155602
1.72, 1153111
1.72, 1150945
1.72, 1150214
1.72, 1148374
1.72, 1144947
1.72, 1144433
1.72, 1144191
1.72, 1140775
1.72, 1133972
1.72, 1132820
1.84, 1132536
1.91, 1131061
1.91, 1130439
1.91, 1127878
1.91, 1125012
1.91, 1123637
1.91, 1123465
1.91, 1120639
1.91, 1120470
1.91, 1120282
1.91, 1119229
1.91, 1116279
1.91, 1113049
1.91, 1111570
1.91, 1108514
1.91, 1104117
1.91, 1103441
1.91, 1102235
1.91, 1097540
1.91, 1097189
1.91, 1090107
1.91, 1088489
1.91, 1086686
1.93, 1084631
1.93, 1080349
1.95, 1079301
1.95, 1078206
1.95, 1071158
1.95, 1067742
1.95, 1063120
1.95, 1062486
1.95, 1060967
1.98, 1057729
1.98, 1057395
1.98, 1055935
1.98, 1055458
1.98, 1052695
1.98, 1051265
1.98, 1049377
1.98, 1047854
1.98, 1047047
1.98, 1043186
1.98, 1043106
1.98, 1043016
1.99, 1041274
1.99, 1040355
1.99, 1032973
1.99, 1032465
1.99, 1030978
1.99, 1029594
1.99, 1029072
1.99, 1027508
1.99, 1024958
1.99, 1023409
2.00, 1020889
2.00, 1020766
2.01, 1020141
2.01, 1015778
2.01, 1014981
2.01, 1011393
2.01, 1009854
2.01, 1006645
2.01, 1005238
2.01, 1004196
2.01, 999007
2.01, 998211
2.01, 997779
2.01, 996004
2.01, 992628
2.01, 988348
2.01, 988285
2.01, 987662
2.01, 986740
2.01, 984197
2.01, 982253
2.01, 978738
2.01, 977077
2.01, 975112
2.01, 972148
2.01, 965144
2.01, 964422
2.01, 963759
2.01, 962551
2.01, 961844
2.01, 960032
2.01, 959564
2.01, 956031
2.05, 954765
2.05, 954045
2.05, 952650
2.05, 950543
2.05, 949370
2.05, 943844
2.05, 941065
2.05, 940936
2.05, 938833
2.05, 938601
2.05, 938477
2.12, 935736
2.14, 934121
2.14, 934040
2.14, 932262
2.14, 932078
2.14, 930316
2.14, 925367
2.17, 924895
2.17, 924794
2.17, 922359
2.17, 921388
2.17, 920780
2.17, 920149
2.17, 919638
2.17, 919017
2.17, 915941
2.17, 915661
2.17, 913723
2.17, 910827
2.18, 908395
2.18, 908118
2.18, 904968
2.18, 903507
2.18, 902284
2.18, 900281
2.18, 900179
2.18, 899652
2.23, 896321
2.23, 896136
2.23, 895578
2.23, 893428
2.23, 893001
2.23, 891660
2.23, 888968
2.23, 886527
2.23, 883210
2.23, 880819
2.23, 879048
2.23, 878361
2.23, 876219
2.23, 875635
2.23, 875586
2.23, 869747
2.24, 868907
2.24, 864341
2.25, 864209
2.25, 863207
2.25, 859411
2.25, 855815
2.25, 853707
2.25, 852652
2.25, 849577
2.25, 845072
2.25, 844249
2.25, 843841
2.25, 843833
2.25, 842585
2.25, 840398
2.25, 838745
2.25, 838655
2.25, 838554
2.25, 837482
2.30, 837230
2.30, 837183
2.31, 837099
2.31, 833341
2.31, 831891
2.31, 831736
2.31, 828216
2.31, 828205
2.31, 826704
2.31, 826639
2.31, 826622
2.40, 821671
2.40, 819671
2.40, 818400
2.40, 817128
2.40, 814189
2.40, 813317
2.40, 812983
2.40, 812827
2.40, 811457
2.40, 811048
2.40, 810893
2.40, 810283
2.40, 808796
2.40, 808503
2.40, 808089
2.40, 808013
2.40, 806592
2.44, 804703
2.44, 804474
2.44, 803777
2.45, 802770
2.45, 802559
2.45, 801714
2.52, 800879
2.52, 800563
2.52, 800002
2.53, 797889
2.53, 797267
2.53, 792998
2.53, 792695
2.53, 791397
2.54, 791214
2.54, 788254
2.54, 788021
2.54, 787426
2.54, 785783
2.55, 785248
2.55, 785005
2.55, 784609
2.55, 784533
2.55, 783336
2.55, 783059
2.55, 782228
2.55, 781848
2.55, 781187
2.55, 780544
2.55, 779344
2.55, 779297
2.55, 778983
2.55, 778022
2.55, 777299
2.55, 776367
2.55, 774277
2.55, 774162
2.55, 773831
2.55, 773707
2.56, 773321
2.56, 772798
2.56, 772278
2.56, 771439
2.56, 771354
2.56, 771183
2.56, 771068
2.56, 768389
2.56, 767478
2.56, 767394
2.56, 767393
2.56, 767288
2.56, 766766
2.56, 766584
2.56, 764664
2.56, 762974
2.61, 762773
2.61, 759908
2.61, 759018
2.61, 758754
2.62, 758407
2.62, 757007
2.62, 756056
2.62, 755731
2.62, 755645
2.62, 755351
2.62, 754801
2.62, 754171
2.62, 753867
2.62, 752078
2.62, 747301
2.62, 746658
2.62, 745850
2.62, 745670
2.62, 745639
2.62, 743784
2.63, 742660
2.63, 741722
2.63, 738892
2.63, 738855
2.63, 737630
2.63, 736633
2.63, 735703
2.63, 734987
2.63, 734730
2.63, 732059
2.74, 731923
2.75, 731724
2.75, 731719
2.75, 731372
2.75, 731353
2.76, 731087
2.76, 730966
2.76, 730687
2.77, 730622
2.77, 730359
2.77, 729776
2.77, 729771
2.77, 728732
2.77, 726690
2.77, 726111
2.77, 725455
2.77, 724897
2.81, 724370
2.81, 723915
2.81, 723830
2.81, 723312
2.81, 721798
2.81, 721692
2.81, 719616
2.82, 719347
2.82, 719055
2.82, 719033
2.82, 718733
2.82, 717923
2.82, 717913
2.82, 717620
2.82, 717279
2.82, 714449
2.82, 713774
2.82, 712074
2.82, 711134
2.82, 706742
2.82, 705431
2.83, 703998
2.83, 703579
2.83, 703578
2.83, 702930
2.83, 702505
2.83, 702420
2.88, 702062
2.88, 701235
2.88, 700467
2.89, 700057
2.89, 700014
2.90, 699215
2.90, 698922
2.90, 698450
2.90, 696795
2.90, 696334
2.91, 696080
2.91, 696079
2.91, 695510
2.92, 694647
2.92, 694279
2.92, 693845
2.93, 693819
2.93, 693157
3.00, 692790
3.00, 692242
3.05, 692103
3.05, 691954
3.06, 691595
3.06, 691503
3.06, 691487
3.07, 691284
3.07, 691162
3.13, 691113
3.13, 690811
3.13, 690476
3.13, 690393
3.13, 690157
3.13, 689283
3.13, 688360
3.13, 687675
3.15, 687555
3.15, 687029
3.16, 686419
3.16, 686061
3.16, 684834
3.16, 684687
3.16, 684314
3.16, 684293
3.16, 684285
3.16, 684273
3.16, 684253
3.16, 684252
3.17, 684195
3.17, 683336
3.21, 683143
3.21, 682932
3.21, 681640
3.21, 681007
3.21, 680606
3.22, 680332
3.22, 680167
3.22, 680003
3.22, 680001
3.23, 679811
3.23, 679775
3.23, 679696
3.24, 679674
3.25, 679485
3.25, 679425
3.26, 679313
3.26, 679151
3.26, 678935
3.26, 678675
3.27, 678044
3.27, 677955
3.27, 677893
3.27, 677871
3.28, 677865
3.28, 677693
3.28, 677120
3.28, 677075
3.30, 676809
3.30, 676356
3.30, 676135
3.30, 676023
3.30, 675507
3.31, 675192
3.31, 675049
3.32, 674602
3.39, 674536
3.40, 674429
3.42, 674130
3.42, 673939
3.43, 673917
3.43, 673511
3.45, 673326
3.46, 673237
3.49, 672716
3.49, 672495
3.49, 672253
3.49, 671610
3.50, 670814
3.52, 670266
3.52, 670085
3.53, 669786
3.53, 669157
3.55, 668974
3.55, 668929
3.56, 668840
3.56, 668674
3.58, 668458
3.66, 668121
3.66, 668099
3.67, 668061
3.67, 667705
3.67, 667426
3.90, 667366
3.91, 667324
3.96, 667243
3.96, 667123
3.97, 667121
4.01, 667027
4.03, 667005
4.04, 666993
4.10, 666960
4.45, 666794
6.51, 666511
6.56, 666491
6.56, 665577
6.56, 665139
6.57, 664599
6.58, 664475
6.73, 664399
6.74, 664339
6.80, 663872
6.83, 663774
6.84, 663669
6.85, 663201
7.00, 663119
7.00, 663097
7.00, 663024
7.01, 662645
7.02, 662538
7.03, 662521
7.04, 662355
7.19, 662314
7.21, 662060
7.28, 661535
7.34, 661503
7.42, 661388
7.43, 661356
7.43, 661328
13.55, 661316
13.55, 661299
13.55, 661099
13.55, 661025
13.56, 660591
13.57, 660140
13.64, 660080
13.66, 660052
13.71, 660035
13.78, 659975
13.99, 659956
