0.01, 7263395
0.01, 7247523
0.01, 7242482
0.01, 7230725
0.01, 7209802
0.01, 7179425
0.01, 7156890
0.01, 7104356
0.01, 7103567
0.01, 7059007
0.01, 7058406
0.01, 7057893
0.01, 7037766
0.01, 7032210
0.01, 7020080
0.01, 6993131
0.01, 6970334
0.01, 6948553
0.01, 6938308
0.01, 6935020
0.01, 6894841
0.01, 6885502
0.01, 6874914
0.01, 6852995
0.01, 6847741
0.01, 6821396
0.01, 6777885
0.01, 6767304
0.01, 6744694
0.01, 6712474
0.01, 6655604
0.01, 6606269
0.01, 6606058
0.01, 6593349
0.01, 6577489
0.01, 6566854
0.01, 6566672
0.01, 6562927
0.01, 6546531
0.01, 6535734
0.01, 6535660
0.01, 6513793
0.01, 6489256
0.01, 6488378
0.01, 6458744
0.01, 6457581
0.01, 6456752
0.01, 6455843
0.01, 6452515
0.01, 6447565
0.01, 6439453
0.01, 6416009
0.01, 6410664
0.01, 6398772
0.01, 6397538
0.01, 6397172
0.01, 6396505
0.01, 6305088
0.01, 6276533
0.01, 6270606
0.01, 6263970
0.01, 6235815
0.01, 6229641
0.01, 6209786
0.01, 6209559
0.01, 6199020
0.01, 6188339
0.01, 6179443
0.01, 6168629
0.01, 6163577
0.01, 6156043
0.01, 6152458
0.01, 6152437
0.01, 6146845
0.01, 6144710
0.01, 6127575
0.01, 6117669
0.01, 6116857
0.01, 6090403
0.01, 6078496
0.01, 6069079
0.01, 6045339
0.01, 6033525
0.01, 6032807
0.01, 6019175
0.01, 5996978
0.01, 5994010
0.02, 5959226
0.02, 5956747
0.02, 5952111
0.02, 5948269
0.02, 5925833
0.02, 5917956
0.02, 5904689
0.02, 5898467
0.02, 5869880
0.02, 5864770
0.02, 5862692
0.02, 5859839
0.02, 5855526
0.02, 5825458
0.02, 5821855
0.02, 5821290
0.02, 5791432
0.02, 5782765
0.02, 5778392
0.02, 5773711
0.02, 5772900
0.02, 5772403
0.02, 5769912
0.02, 5761292
0.02, 5720330
0.02, 5706314
0.02, 5590445
0.03, 5566591
0.03, 5566343
0.03, 5561133
0.03, 5535541
0.03, 5516381
0.03, 5461775
0.03, 5461706
0.03, 5461084
0.03, 5428082
0.07, 5421502
0.07, 5382505
0.07, 5381592
0.07, 5381149
0.07, 5374418
0.07, 5374077
0.07, 5359623
0.07, 5350807
0.07, 5349967
0.07, 5349803
0.07, 5345461
0.07, 5333678
0.07, 5323802
0.07, 5318301
0.07, 5315481
0.07, 5304466
0.07, 5299088
0.07, 5291902
0.07, 5290244
0.07, 5270056
0.07, 5260766
0.08, 5259756
0.08, 5257796
0.08, 5248024
0.08, 5243866
0.08, 5222732
0.09, 5218311
0.09, 5188264
0.09, 5178362
0.09, 5175433
0.09, 5166218
0.09, 5162485
0.09, 5157729
0.09, 5156595
0.09, 5143632
0.09, 5137910
0.09, 5117289
0.09, 5110936
0.09, 5096879
0.09, 5093318
0.09, 5043496
0.12, 5041668
0.12, 5020486
0.12, 5016826
0.16, 4963232
0.16, 4961940
0.16, 4918211
0.16, 4910240
0.16, 4907568
0.16, 4903713
0.16, 4851846
0.16, 4851683
0.17, 4833250
0.21, 4827266
0.21, 4823768
0.21, 4797063
0.21, 4794688
0.21, 4758132
0.21, 4739148
0.21, 4691186
0.21, 4682695
0.21, 4670547
0.21, 4665125
0.21, 4664193
0.21, 4616440
0.21, 4598298
0.21, 4569041
0.32, 4560799
0.32, 4553799
0.32, 4510322
0.32, 4509727
0.32, 4464070
0.32, 4408441
0.32, 4379186
0.32, 4302835
0.32, 4268821
0.32, 4268349
0.32, 4263766
0.32, 4253663
0.42, 4251960
0.43, 4249737
0.43, 4246502
0.43, 4244955
0.43, 4243516
0.43, 4179983
0.43, 4168316
0.43, 4165446
0.43, 4154175
0.43, 4147657
0.50, 4145423
0.51, 4141456
0.51, 4139088
0.51, 4119677
0.51, 4106912
0.51, 4093531
0.51, 4092853
0.51, 4082879
0.53, 4071972
0.53, 4032863
0.53, 4029632
0.53, 4010475
0.53, 4008114
0.53, 3970950
0.53, 3966410
0.53, 3959760
0.53, 3955874
0.53, 3954407
0.53, 3942938
0.56, 3930856
0.56, 3930734
0.56, 3910089
0.56, 3883887
0.56, 3871837
0.56, 3870390
0.56, 3833114
0.56, 3830865
0.56, 3818082
0.56, 3810347
0.58, 3807425
0.58, 3805852
0.58, 3801446
0.58, 3788716
0.58, 3786790
0.58, 3785999
0.58, 3726188
0.58, 3722053
0.58, 3717913
0.58, 3716484
0.58, 3701253
0.58, 3696035
0.62, 3693620
0.62, 3693419
0.62, 3689822
0.62, 3688034
0.62, 3680734
0.62, 3676594
0.65, 3665847
0.65, 3656112
0.65, 3654537
0.65, 3653623
0.65, 3649656
0.65, 3649108
0.65, 3643219
0.65, 3639614
0.65, 3620620
0.65, 3618289
0.65, 3616483
0.65, 3613314
0.65, 3604119
0.65, 3594197
0.65, 3569825
0.65, 3561162
0.65, 3559865
0.65, 3552089
0.65, 3548669
0.65, 3544026
0.65, 3542630
0.65, 3542069
0.65, 3535439
0.65, 3530689
0.65, 3519596
0.65, 3510377
0.65, 3507641
0.65, 3506673
0.66, 3501004
0.66, 3499388
0.66, 3477159
0.66, 3474226
0.66, 3459690
0.66, 3454169
0.68, 3451244
0.68, 3450342
0.68, 3415487
0.68, 3409780
0.68, 3408520
0.68, 3400043
0.70, 3366842
0.70, 3364707
0.70, 3351591
0.70, 3351093
0.70, 3349359
0.70, 3345964
0.70, 3344987
0.70, 3344761
0.70, 3325538
0.70, 3325530
0.70, 3324936
0.70, 3321058
0.70, 3318511
0.70, 3317772
0.70, 3309021
0.70, 3295736
0.70, 3267954
0.70, 3257418
0.70, 3250053
0.70, 3249379
0.70, 3246993
0.70, 3243091
0.70, 3238665
0.70, 3237171
0.70, 3235479
0.70, 3219717
0.70, 3215052
0.70, 3214304
0.70, 3213809
0.70, 3213683
0.70, 3207133
0.76, 3174966
0.76, 3168362
0.76, 3164854
0.76, 3161253
0.78, 3155887
0.78, 3152231
0.78, 3148721
0.78, 3145136
0.78, 3142817
0.78, 3138808
0.80, 3136771
0.80, 3109676
0.80, 3109425
0.80, 3097115
0.80, 3095172
0.80, 3095123
0.80, 3094771
0.80, 3094327
0.80, 3092529
0.82, 3084081
0.82, 3073582
0.82, 3020725
0.82, 3017462
0.82, 2985428
0.82, 2977383
0.82, 2977163
0.82, 2972345
0.82, 2972266
0.82, 2960932
0.82, 2953747
0.82, 2942993
0.82, 2942291
0.82, 2938820
0.82, 2936768
0.82, 2934267
0.82, 2928507
0.82, 2927081
0.82, 2912174
0.82, 2910779
0.82, 2909023
0.82, 2895692
0.82, 2890067
0.82, 2888781
0.82, 2883417
0.82, 2878331
0.82, 2878270
0.82, 2864862
0.82, 2849031
0.82, 2845272
0.82, 2845128
0.82, 2844974
0.82, 2834885
0.82, 2833501
0.82, 2813757
0.89, 2805392
0.89, 2802311
0.89, 2799423
0.89, 2798034
0.89, 2796271
0.89, 2784039
0.89, 2782183
0.89, 2769691
0.91, 2769396
0.91, 2769097
0.91, 2768633
0.91, 2762057
0.91, 2755014
0.91, 2753796
0.91, 2751574
0.91, 2746606
0.92, 2742740
0.92, 2735585
0.93, 2735198
0.93, 2728192
0.93, 2723904
0.93, 2719120
0.93, 2715456
0.93, 2705049
0.93, 2704758
0.93, 2695013
0.93, 2691249
0.93, 2685686
0.93, 2680671
0.93, 2675164
0.93, 2669530
0.93, 2661369
0.93, 2661071
0.93, 2660968
0.93, 2657402
0.93, 2655162
0.93, 2648951
0.93, 2641495
0.97, 2633582
0.97, 2613063
0.97, 2594427
0.97, 2557851
0.97, 2556396
0.97, 2554535
0.97, 2550839
0.97, 2549623
0.97, 2547608
0.97, 2535695
0.97, 2529817
0.97, 2529520
0.97, 2528632
0.97, 2519760
0.97, 2506881
0.98, 2501385
0.98, 2496298
0.98, 2491760
0.98, 2486408
0.98, 2477321
0.98, 2472175
1.01, 2460541
1.01, 2458618
1.01, 2450437
1.01, 2446256
1.01, 2435193
1.01, 2426167
1.01, 2424635
1.01, 2424614
1.01, 2405565
1.01, 2393314
1.01, 2387281
1.01, 2383453
1.02, 2383442
1.02, 2382537
1.02, 2356465
1.02, 2355616
1.02, 2347473
1.05, 2329217
1.05, 2325785
1.05, 2317367
1.05, 2313267
1.05, 2300676
1.05, 2293371
1.05, 2289815
1.05, 2289515
1.05, 2259804
1.05, 2258841
1.05, 2253699
1.05, 2248267
1.05, 2248152
1.05, 2224849
1.05, 2219691
1.07, 2217779
1.07, 2215052
1.07, 2214343
1.07, 2213698
1.07, 2204073
1.07, 2203370
1.07, 2202471
1.07, 2198211
1.07, 2187812
1.07, 2187589
1.07, 2187145
1.07, 2186822
1.07, 2184528
1.07, 2184512
1.07, 2152023
1.07, 2115403
1.07, 2112873
1.07, 2104888
1.07, 2103705
1.07, 2101423
1.07, 2095838
1.07, 2095495
1.07, 2089031
1.07, 2059631
1.07, 2049216
1.14, 2048222
1.14, 2046918
1.14, 2033565
1.22, 2030795
1.22, 2029279
1.22, 2028548
1.22, 2025165
1.22, 2023698
1.22, 2022900
1.22, 2013713
1.22, 2009821
1.22, 2009246
1.25, 2009198
1.25, 2008480
1.25, 2006224
1.25, 2005113
1.25, 1999936
1.25, 1982405
1.25, 1982267
1.25, 1979437
1.25, 1976183
1.25, 1975901
1.26, 1970085
1.26, 1960676
1.26, 1950088
1.26, 1946635
1.26, 1944037
1.26, 1943161
1.26, 1942859
1.26, 1941858
1.26, 1937549
1.26, 1936093
1.26, 1935988
1.26, 1930844
1.26, 1923394
1.27, 1915108
1.27, 1911747
1.29, 1909995
1.29, 1903201
1.29, 1903045
1.29, 1900902
1.29, 1898254
1.29, 1895738
1.29, 1888815
1.30, 1877186
1.30, 1873880
1.31, 1873309
1.31, 1873226
1.31, 1868223
1.31, 1846901
1.32, 1841671
1.32, 1841538
1.32, 1836603
1.32, 1834840
1.32, 1825014
1.32, 1817739
1.32, 1815755
1.32, 1809304
1.32, 1808626
1.32, 1804285
1.32, 1802747
1.32, 1799205
1.32, 1799087
1.32, 1799039
1.32, 1796981
1.32, 1789837
1.32, 1788813
1.32, 1784313
1.32, 1782080
1.32, 1781230
1.32, 1781226
1.32, 1780465
1.32, 1779209
1.32, 1776124
1.32, 1773839
1.34, 1773443
1.34, 1772125
1.34, 1768063
1.34, 1766680
1.34, 1762880
1.34, 1757092
1.34, 1752146
1.36, 1744221
1.38, 1741124
1.38, 1734029
1.38, 1733628
1.38, 1732694
1.38, 1731093
1.38, 1729564
1.38, 1719032
1.38, 1718921
1.38, 1715380
1.38, 1714095
1.38, 1714078
1.38, 1709346
1.38, 1706898
1.38, 1706654
1.38, 1702109
1.38, 1702074
1.38, 1693911
1.38, 1688437
1.38, 1687247
1.38, 1679011
1.38, 1659930
1.38, 1649577
1.38, 1647049
1.38, 1646876
1.38, 1646487
1.38, 1645810
1.40, 1640568
1.40, 1636267
1.40, 1629375
1.40, 1619232
1.40, 1616369
1.40, 1613872
1.40, 1613110
1.40, 1610532
1.40, 1602058
1.40, 1598543
1.40, 1596493
1.40, 1590593
1.40, 1587016
1.40, 1564409
1.40, 1563889
1.40, 1560809
1.41, 1554348
1.44, 1550952
1.44, 1550034
1.44, 1547069
1.44, 1546243
1.44, 1545585
1.44, 1543110
1.44, 1542221
1.44, 1541693
1.50, 1535030
1.50, 1533868
1.50, 1532290
1.50, 1515263
1.50, 1513469
1.50, 1511199
1.50, 1509278
1.50, 1507267
1.50, 1505264
1.50, 1503229
1.50, 1501284
1.50, 1499179
1.50, 1493707
1.50, 1490804
1.50, 1485123
1.50, 1478605
1.51, 1476225
1.51, 1472055
1.51, 1469441
1.51, 1467213
1.51, 1465019
1.54, 1460824
1.54, 1458658
1.54, 1458623
1.54, 1453944
1.55, 1452552
1.55, 1451613
1.55, 1448128
1.55, 1445928
1.55, 1445503
1.57, 1444655
1.57, 1437067
1.57, 1435123
1.57, 1433836
1.57, 1417096
1.57, 1416346
1.57, 1415750
1.57, 1408906
1.57, 1391418
1.57, 1388281
1.57, 1379811
1.57, 1377699
1.57, 1376369
1.57, 1373677
1.57, 1368048
1.57, 1367967
1.57, 1366028
1.57, 1364293
1.57, 1360731
1.57, 1360167
1.57, 1358298
1.57, 1357754
1.63, 1357270
1.63, 1357184
1.64, 1354623
1.64, 1353116
1.64, 1344645
1.64, 1339350
1.64, 1337565
1.64, 1337405
1.64, 1336027
1.64, 1335825
1.64, 1332261
1.64, 1330673
1.64, 1330651
1.64, 1329884
1.64, 1328731
1.64, 1328572
1.64, 1327766
1.64, 1326793
1.65, 1325206
1.65, 1320110
1.65, 1315336
1.65, 1313949
1.65, 1309084
1.65, 1308303
1.65, 1304943
1.65, 1304784
1.65, 1304376
1.65, 1301045
1.65, 1299464
1.66, 1296783
1.66, 1293025
1.66, 1291839
1.66, 1290187
1.66, 1290129
1.66, 1289553
1.66, 1288408
1.66, 1286072
1.67, 1283724
1.67, 1282787
1.67, 1281940
1.68, 1279651
1.68, 1279320
1.68, 1278845
1.68, 1277820
1.68, 1274714
1.68, 1273564
1.68, 1272368
1.68, 1269408
1.69, 1265094
1.69, 1264844
1.69, 1263845
1.69, 1262129
1.69, 1256040
1.69, 1254641
1.69, 1253149
1.69, 1250481
1.69, 1250180
1.69, 1246524
1.69, 1244564
1.69, 1243820
1.69, 1241720
1.69, 1237603
1.69, 1230009
1.69, 1229755
1.69, 1225906
1.69, 1224494
1.69, 1221722
1.69, 1219812
1.71, 1218716
1.71, 1218473
1.75, 1210421
1.75, 1208011
1.75, 1206204
1.75, 1205475
1.75, 1203658
1.75, 1203591
1.76, 1203590
1.76, 1200619
1.76, 1200329
1.76, 1198115
1.76, 1197381
1.76, 1197211
1.76, 1195124
1.76, 1192561
1.76, 1189693
1.76, 1189104
1.76, 1184625
1.76, 1180634
1.76, 1171071
1.76, 1168503
1.76, 1166996
1.76, 1165514
1.78, 1164665
1.78, 1161601
1.78, 1160983
1.78, 1159107
1.78, 1152075
1.78, 1145663
1.78, 1145519
1.78, 1145307
1.78, 1143119
1.78, 1143101
1.78, 1142918
1.78, 1140620
1.78, 1138415
1.86, 1135243
1.86, 1134209
1.86, 1131735
1.89, 1131620
1.89, 1129682
1.90, 1129541
1.90, 1129156
1.90, 1128664
1.90, 1128018
1.90, 1122038
1.90, 1121667
1.90, 1117295
1.90, 1115342
1.90, 1114325
1.90, 1110040
1.90, 1108517
1.90, 1108409
1.90, 1106801
1.90, 1105947
1.90, 1103858
1.90, 1099664
1.90, 1098693
1.90, 1096108
1.90, 1094476
1.90, 1093042
1.90, 1091214
1.90, 1088699
1.91, 1086057
1.91, 1080851
1.91, 1079987
1.91, 1079949
1.91, 1079695
1.91, 1078607
1.92, 1077918
1.92, 1076114
1.92, 1073842
1.92, 1073145
1.92, 1072033
1.92, 1071888
1.92, 1070612
1.92, 1069968
1.92, 1069361
1.92, 1064745
1.92, 1062332
1.92, 1061548
1.92, 1060040
1.92, 1059199
1.92, 1059070
1.92, 1052562
1.92, 1050710
1.92, 1050185
1.95, 1049642
1.95, 1046641
1.95, 1046458
1.95, 1046291
1.95, 1046235
1.95, 1046061
1.95, 1045670
1.95, 1044916
1.96, 1027901
1.96, 1025660
1.96, 1024644
1.96, 1021729
1.96, 1021405
1.96, 1017590
1.96, 1011345
1.96, 1011294
1.96, 1009564
1.96, 1006355
1.96, 1000950
1.96, 1000729
1.96, 1000617
1.96, 1000358
1.96, 999848
1.96, 998863
1.96, 997873
1.96, 995361
1.96, 993616
1.96, 991549
1.96, 991222
1.96, 988512
1.96, 988353
1.99, 987466
1.99, 986978
1.99, 984437
1.99, 984364
1.99, 983876
1.99, 983398
1.99, 981781
1.99, 981745
1.99, 981730
2.00, 978753
2.00, 978013
2.04, 977889
2.04, 977731
2.04, 977364
2.04, 975981
2.04, 970256
2.05, 968239
2.05, 966593
2.05, 966118
2.05, 964241
2.05, 963401
2.05, 962556
2.05, 960154
2.06, 959954
2.06, 955815
2.06, 954710
2.06, 954122
2.06, 953839
2.06, 953629
2.06, 950273
2.06, 948417
2.06, 945053
2.06, 944793
2.06, 944688
2.06, 942470
2.06, 940641
2.06, 937285
2.06, 935740
2.12, 935465
2.12, 933973
2.12, 931691
2.12, 931499
2.12, 929512
2.12, 927971
2.13, 927039
2.13, 923468
2.13, 922942
2.13, 921835
2.13, 919973
2.13, 917817
2.13, 917381
2.13, 917292
2.13, 915669
2.13, 914998
2.13, 912013
2.13, 911811
2.13, 910401
2.13, 909132
2.13, 906882
2.14, 906679
2.14, 904441
2.14, 900588
2.14, 895796
2.20, 893643
2.20, 892931
2.20, 892842
2.20, 891748
2.20, 890109
2.20, 889803
2.20, 888056
2.20, 887681
2.20, 887564
2.20, 886244
2.22, 884984
2.22, 884860
2.22, 883684
2.23, 882992
2.23, 881054
2.23, 877467
2.23, 873521
2.23, 873501
2.23, 873249
2.23, 871055
2.23, 869268
2.23, 867695
2.23, 865529
2.23, 864503
2.23, 863572
2.23, 863464
2.23, 863433
2.23, 861171
2.23, 859992
2.23, 859539
2.23, 858150
2.23, 856767
2.23, 855503
2.23, 855264
2.27, 854504
2.27, 854461
2.27, 853635
2.27, 852168
2.27, 851928
2.27, 851901
2.27, 851481
2.27, 850494
2.27, 850256
2.28, 850249
2.28, 848536
2.28, 848188
2.28, 844291
2.28, 842513
2.28, 842163
2.28, 842061
2.30, 841716
2.30, 839120
2.30, 837819
2.30, 837467
2.34, 836043
2.34, 835883
2.34, 834097
2.34, 833781
2.34, 832194
2.34, 830896
2.34, 830406
2.34, 830372
2.34, 830156
2.34, 828148
2.34, 823629
2.34, 822998
2.34, 821706
2.34, 821093
2.34, 819218
2.34, 816643
2.34, 815577
2.34, 814397
2.34, 813672
2.34, 813479
2.37, 813452
2.37, 812481
2.37, 812125
2.37, 810891
2.37, 810409
2.37, 810170
2.37, 808837
2.37, 808599
2.37, 808092
2.37, 807341
2.37, 807255
2.37, 806382
2.37, 803808
2.37, 800825
2.37, 797219
2.38, 797208
2.38, 795496
2.38, 794484
2.38, 793893
2.38, 793777
2.38, 792880
2.39, 792549
2.39, 791972
2.39, 791942
2.39, 791436
2.39, 790197
2.39, 789836
2.39, 789677
2.39, 789124
2.39, 787917
2.39, 787415
2.39, 786881
2.39, 786279
2.46, 785440
2.46, 785024
2.46, 784217
2.46, 783595
2.46, 781104
2.46, 780962
2.46, 780689
2.46, 780267
2.46, 778057
2.46, 777571
2.46, 776236
2.52, 775980
2.52, 775087
2.52, 774887
2.52, 773152
2.52, 772409
2.53, 770315
2.54, 769274
2.54, 768602
2.54, 768474
2.54, 768228
2.54, 767210
2.54, 764813
2.54, 763513
2.54, 762953
2.54, 762539
2.54, 761945
2.54, 761840
2.54, 761779
2.54, 761672
2.55, 761624
2.55, 761093
2.55, 760273
2.55, 759057
2.55, 756743
2.55, 756677
2.55, 755866
2.55, 754582
2.55, 754206
2.60, 754189
2.60, 753853
2.60, 753492
2.61, 753298
2.61, 751645
2.61, 750952
2.61, 750381
2.62, 750289
2.62, 750240
2.62, 749580
2.62, 749496
2.62, 749365
2.62, 748943
2.62, 748539
2.62, 747535
2.62, 747367
2.62, 747307
2.63, 746935
2.64, 746909
2.64, 746745
2.64, 746052
2.64, 745795
2.64, 744348
2.64, 743988
2.64, 742357
2.64, 740157
2.64, 739046
2.64, 738184
2.64, 737331
2.64, 737140
2.64, 734893
2.64, 733945
2.64, 733131
2.64, 732426
2.64, 731515
2.65, 730589
2.65, 730119
2.66, 729117
2.73, 729000
2.73, 728568
2.73, 725724
2.73, 724435
2.73, 722959
2.73, 722085
2.73, 721727
2.73, 721242
2.73, 720199
2.73, 720096
2.73, 719961
2.73, 719929
2.73, 719055
2.73, 717222
2.73, 716202
2.74, 715088
2.74, 714762
2.78, 714428
2.78, 714183
2.78, 713522
2.78, 713492
2.78, 713443
2.78, 713161
2.78, 712908
2.78, 711310
2.78, 709246
2.78, 708876
2.80, 708629
2.80, 708053
2.80, 707655
2.80, 706119
2.80, 704425
2.80, 704216
2.87, 702880
2.87, 702641
2.87, 702529
2.87, 702111
2.87, 702084
2.88, 701885
2.88, 701558
2.91, 701555
2.91, 700227
2.91, 699814
2.91, 699756
2.91, 699397
2.91, 698994
2.91, 697859
2.91, 697812
2.91, 696693
2.91, 695867
2.91, 695275
2.92, 693873
2.92, 693434
2.92, 693412
2.92, 692927
2.95, 692488
2.95, 692486
2.95, 692249
2.95, 691259
2.96, 691108
2.97, 691045
2.97, 690928
2.97, 690741
2.97, 690596
2.97, 690043
2.97, 689715
2.97, 688675
2.97, 688557
2.98, 688164
2.99, 688115
3.01, 687519
3.01, 686779
3.01, 685104
3.02, 684942
3.02, 684568
3.03, 684483
3.03, 684418
3.05, 684407
3.05, 684056
3.06, 683963
3.06, 682840
3.06, 682142
3.07, 681526
3.07, 680856
3.23, 680246
3.23, 680198
3.23, 679768
3.23, 679468
3.23, 679357
3.23, 678856
3.25, 678805
3.35, 678585
3.35, 678507
3.36, 677854
3.36, 676783
3.36, 676475
3.36, 676232
3.36, 675970
3.36, 675883
3.36, 674847
3.37, 674832
3.37, 674230
3.38, 673813
3.38, 673541
3.38, 673161
3.38, 673058
3.39, 672989
3.44, 672711
3.44, 672642
3.44, 672420
3.45, 672254
3.46, 671975
3.46, 671892
3.53, 671209
3.53, 671136
3.53, 670909
3.53, 670627
3.55, 670552
3.55, 670435
3.56, 670162
3.58, 670160
3.59, 669988
3.60, 669928
3.60, 669830
3.60, 669804
3.61, 669725
3.61, 669431
3.61, 669341
3.62, 669203
3.62, 668955
3.63, 668845
3.63, 668711
3.63, 668689
3.73, 668399
3.85, 668344
3.97, 668190
3.99, 668162
3.99, 668064
4.19, 668060
4.37, 668032
6.48, 667901
6.55, 667631
6.55, 667356
6.69, 667297
6.69, 666844
6.70, 666817
6.70, 666390
6.70, 666172
6.70, 666170
6.71, 666147
6.72, 665906
6.73, 665364
6.74, 665343
6.78, 665242
6.79, 665240
6.92, 665237
6.92, 665180
6.92, 665135
6.96, 665044
7.03, 665013
7.28, 664877
7.30, 664788
7.35, 664554
7.40, 664524
7.41, 664464
7.51, 664436
7.51, 664391
12.62, 664344
12.62, 663898
12.62, 663804
12.73, 663361
12.77, 663212
12.77, 662783
12.78, 662722
12.82, 662648
12.82, 662570
12.82, 662323
12.82, 662023
12.83, 661782
12.84, 661771
12.89, 661629
12.90, 661607
12.90, 660952
12.91, 660893
12.91, 660749
13.00, 660713
13.01, 660538
13.02, 660256
13.03, 660127
13.03, 660105
13.06, 659964
13.09, 659820
13.25, 659576
13.27, 659554
13.30, 659504
