0.00,7089887
0.00,6946484
0.00,6780475
0.00,6781733
0.00,6647405
0.00,6497807
0.00,6495691
0.00,6374450
0.00,6245103
0.01,6007090
0.01,6011255
0.01,5983972
0.01,5855873
0.01,5746545
0.01,5773995
0.01,5767133
0.01,5655311
0.01,5675845
0.01,5651704
0.01,5634621
0.01,5638974
0.01,5628107
0.01,5495773
0.01,5533489
0.01,5460579
0.01,5303221
0.01,5316079
0.01,5331749
0.01,5329910
0.01,5327867
0.01,5316756
0.01,5334142
0.01,5327942
0.01,5315721
0.01,5193793
0.01,5122146
0.01,4957575
0.01,4952544
0.01,4889361
0.01,4887216
0.01,4880265
0.01,4880663
0.01,4855193
0.01,4843897
0.01,4825075
0.01,4723973
0.01,4730475
0.01,4793904
0.01,4770137
0.01,4767249
0.02,4788074
0.02,4753749
0.02,4763625
0.02,4769269
0.02,4748719
0.02,4680141
0.02,4569685
0.02,4588181
0.02,4437208
0.02,4423476
0.02,4439463
0.02,4357177
0.02,4291632
0.02,4225900
0.02,4221074
0.02,4219222
0.02,4210154
0.02,4106716
0.02,4057799
0.02,4066613
0.02,4054289
0.02,3977583
0.02,4001920
0.02,3951774
0.02,3888658
0.02,3832784
0.02,3804450
0.02,3755621
0.02,3750215
0.02,3764002
0.02,3691579
0.02,3715867
0.02,3726786
0.02,3714690
0.02,3706669
0.02,3722088
0.02,3726625
0.02,3629050
0.02,3617888
0.02,3561919
0.02,3598267
0.02,3571682
0.02,3601355
0.02,3642376
0.02,3663289
0.02,3593757
0.02,3590432
0.02,3596321
0.02,3593998
0.02,3589758
0.02,3616680
0.02,3656047
0.02,3651129
0.02,3656750
0.02,3647133
0.02,3648211
0.02,3655707
0.02,3619907
0.02,3550783
0.02,3483526
0.02,3489432
0.02,3513641
0.02,3466883
0.02,3438885
0.02,3416816
0.02,3369519
0.02,3366487
0.02,3310127
0.02,3287856
0.02,3274213
0.02,3226602
0.02,3198729
0.02,3175222
0.02,3179564
0.02,3240673
0.02,3238872
0.02,3246072
0.02,3251688
0.02,3215088
0.02,3212712
0.02,3197018
0.02,3202100
0.02,3236573
0.02,3213200
0.02,3217218
0.02,3211251
0.02,3230982
0.02,3275108
0.02,3249720
0.02,3201048
0.02,3200248
0.03,3229039
0.03,3260576
0.03,3256633
0.03,3247107
0.03,3126879
0.03,3118391
0.03,3119371
0.03,3075356
0.03,3060326
0.03,3017350
0.03,3046865
0.03,3049963
0.03,2969284
0.03,2946390
0.03,2936890
0.03,2875405
0.03,2822138
0.03,2805647
0.03,2761928
0.03,2725464
0.03,2725455
0.03,2697528
0.03,2719593
0.03,2688718
0.03,2688544
0.03,2700613
0.03,2712463
0.03,2696529
0.03,2664268
0.03,2662146
0.03,2644793
0.03,2602835
0.03,2590559
0.03,2601296
0.03,2597271
0.03,2595559
0.03,2603645
0.03,2613990
0.03,2566443
0.03,2544858
0.03,2519938
0.03,2538505
0.03,2620094
0.03,2629014
0.03,2630210
0.03,2580399
0.03,2595800
0.03,2591870
0.03,2590263
0.03,2587462
0.03,2579430
0.03,2592181
0.03,2647568
0.03,2636652
0.03,2629883
0.03,2636070
0.03,2613392
0.03,2604738
0.03,2610369
0.03,2599755
0.03,2479773
0.03,2488109
0.03,2481808
0.03,2473890
0.03,2444761
0.03,2437462
0.03,2443807
0.03,2399580
0.03,2399160
0.03,2404070
0.03,2369553
0.03,2341890
0.03,2340212
0.03,2340241
0.03,2335060
0.03,2301798
0.03,2366601
0.03,2401366
0.03,2315706
0.03,2270696
0.03,2242221
0.03,2209915
0.03,2214805
0.03,2178981
0.03,2165329
0.03,2122343
0.03,2114302
0.04,2094996
0.04,2060847
0.04,2048301
0.04,2044647
0.04,2062737
0.04,2071652
0.04,2048120
0.04,2060881
0.04,2053773
0.04,2047858
0.04,2054012
0.04,2070491
0.04,2065454
0.04,2047823
0.04,2062285
0.04,2062692
0.04,2062370
0.04,2056284
0.04,2029866
0.04,2030448
0.04,2016251
0.04,2010891
0.04,2008801
0.04,2026225
0.04,2030990
0.04,2040176
0.04,2027289
0.04,2009281
0.04,2007695
0.04,2015949
0.04,2016556
0.04,1982269
0.04,1970522
0.04,2004564
0.04,2056126
0.04,1989077
0.04,1977600
0.04,1978300
0.04,1964402
0.04,1971454
0.04,1961821
0.04,1965958
0.04,1974174
0.04,1964263
0.04,1968375
0.04,1961075
0.04,1902869
0.04,1873843
0.04,1889875
0.04,1853132
0.04,1843830
0.04,1853217
0.04,1876794
0.04,1901467
0.04,1927961
0.04,1857297
0.04,1844337
0.04,1846526
0.04,1859261
0.04,1879828
0.04,1849327
0.04,1870692
0.04,1932335
0.04,1918245
0.04,1899836
0.04,1891841
0.04,1889810
0.04,1907423
0.04,1898314
0.04,1899278
0.04,1892925
0.04,1896489
0.04,1913368
0.04,1936552
0.04,1938342
0.04,1955919
0.04,1953576
0.04,1953906
0.04,1948875
0.04,1946518
0.04,1871964
0.04,1826770
0.04,1829531
0.04,1829326
0.04,1807018
0.04,1819342
0.04,1786150
0.04,1783831
0.04,1782581
0.04,1770409
0.04,1761220
0.05,1758449
0.05,1742434
0.05,1744243
0.05,1759728
0.05,1772357
0.05,1855836
0.05,1822888
0.05,1779196
0.05,1754298
0.05,1742361
0.05,1737009
0.05,1733238
0.05,1739793
0.05,1741777
0.05,1745024
0.05,1764289
0.05,1780190
0.05,1781459
0.05,1741768
0.05,1711317
0.05,1721515
0.05,1722234
0.05,1721138
0.05,1701279
0.05,1705087
0.05,1732760
0.05,1727568
0.05,1717502
0.05,1715567
0.05,1714670
0.05,1720605
0.05,1714383
0.05,1728064
0.05,1738274
0.05,1718131
0.05,1720216
0.05,1706177
0.05,1730731
0.05,1728266
0.05,1724756
0.05,1716964
0.05,1721730
0.05,1721695
0.05,1726134
0.05,1718156
0.05,1718444
0.05,1678412
0.05,1666788
0.05,1648660
0.05,1639345
0.05,1636666
0.05,1612809
0.05,1616178
0.05,1600521
0.05,1598582
0.05,1599549
0.05,1599387
0.05,1620249
0.05,1614916
0.05,1625287
0.05,1626037
0.05,1623099
0.05,1600959
0.05,1597658
0.05,1558988
0.05,1548972
0.05,1548094
0.05,1531238
0.05,1529136
0.05,1518872
0.05,1524668
0.05,1528092
0.05,1538956
0.05,1531890
0.05,1533939
0.05,1513233
0.05,1544896
0.05,1534019
0.05,1537700
0.05,1541725
0.05,1552058
0.05,1506137
0.05,1510769
0.05,1501303
0.05,1518733
0.05,1551223
0.05,1548177
0.05,1564064
0.05,1570246
0.06,1565331
0.06,1582307
0.06,1615119
0.06,1619117
0.06,1621144
0.06,1626742
0.06,1631226
0.06,1601048
0.06,1600234
0.06,1603139
0.06,1615940
0.06,1568799
0.06,1568976
0.06,1585478
0.06,1586572
0.06,1575936
0.06,1572862
0.06,1542515
0.06,1511114
0.06,1520892
0.06,1493707
0.06,1490781
0.06,1499861
0.06,1502905
0.06,1502382
0.06,1496489
0.06,1493170
0.06,1498300
0.06,1523076
0.06,1517435
0.06,1513622
0.06,1514024
0.06,1518038
0.06,1530996
0.06,1529445
0.06,1531798
0.06,1526801
0.06,1517739
0.06,1521239
0.06,1519651
0.06,1514307
0.06,1514199
0.06,1503286
0.06,1506405
0.06,1511584
0.06,1481538
0.06,1463350
0.06,1494433
0.06,1583917
0.06,1556780
0.06,1526028
0.06,1501648
0.06,1487801
0.06,1489536
0.06,1482034
0.06,1486737
0.06,1476974
0.06,1478219
0.06,1481464
0.06,1482502
0.06,1458515
0.06,1471419
0.06,1455553
0.06,1464673
0.06,1457056
0.06,1467411
0.06,1469130
0.06,1492413
0.06,1489090
0.06,1493996
0.06,1495193
0.06,1491365
0.06,1472451
0.06,1474434
0.06,1470659
0.06,1491752
0.06,1509691
0.06,1458227
0.06,1462789
0.06,1446359
0.06,1431504
0.06,1424158
0.06,1422697
0.06,1434732
0.06,1469041
0.06,1495976
0.06,1495991
0.06,1503418
0.06,1497499
0.07,1489274
0.07,1488931
0.07,1535396
0.07,1531195
0.07,1527654
0.07,1528345
0.07,1566713
0.07,1557472
0.07,1554558
0.07,1550251
0.07,1545916
0.07,1510619
0.07,1511297
0.07,1497193
0.07,1491524
0.07,1485115
0.07,1486584
0.07,1439151
0.07,1419217
0.07,1421165
0.07,1424172
0.07,1428307
0.07,1432527
0.07,1433945
0.07,1430774
0.07,1434785
0.07,1428440
0.07,1425012
0.07,1421948
0.07,1425070
0.07,1443844
0.07,1441024
0.07,1442799
0.07,1432816
0.07,1422707
0.07,1421315
0.07,1423499
0.07,1425123
0.07,1450192
0.07,1466986
0.07,1496792
0.07,1524117
0.07,1456524
0.07,1461004
0.07,1422158
0.07,1406301
0.07,1406358
0.07,1402870
0.07,1402943
0.07,1420558
0.07,1427118
0.07,1429819
0.07,1433401
0.07,1435031
0.07,1448283
0.07,1449424
0.07,1435579
0.07,1433827
0.07,1436589
0.07,1413060
0.07,1414186
0.07,1427269
0.07,1426448
0.07,1422449
0.07,1430035
0.07,1430221
0.07,1434641
0.07,1415692
0.07,1419079
0.07,1424223
0.07,1425830
0.07,1450894
0.07,1447130
0.07,1452690
0.07,1448037
0.07,1447030
0.07,1421712
0.07,1426667
0.07,1415375
0.07,1410514
0.07,1412262
0.07,1417262
0.07,1397329
0.07,1388579
0.07,1389224
0.07,1377247
0.07,1390892
0.07,1391528
0.07,1393736
0.07,1400553
0.08,1394768
0.08,1390590
0.08,1395719
0.08,1398862
0.08,1386968
0.08,1376727
0.08,1379537
0.08,1389757
0.08,1386892
0.08,1378446
0.08,1380170
0.08,1386015
0.08,1374642
0.08,1358334
0.08,1352317
0.08,1346607
0.08,1337066
0.08,1349480
0.08,1346884
0.08,1340944
0.08,1330460
0.08,1330844
0.08,1320688
0.08,1314258
0.08,1301580
0.08,1286054
0.08,1280781
0.08,1268197
0.08,1274005
0.08,1255542
0.08,1260886
0.08,1256587
0.08,1265386
0.08,1261865
0.08,1269473
0.08,1259391
0.08,1263324
0.08,1269038
0.08,1263001
0.08,1260235
0.08,1274479
0.08,1274210
0.08,1275434
0.08,1274708
0.08,1283614
0.08,1304312
0.08,1344446
0.08,1369183
0.08,1306572
0.08,1309151
0.08,1310631
0.08,1299283
0.08,1296361
0.08,1311991
0.08,1313273
0.08,1305166
0.08,1291712
0.08,1289640
0.08,1300816
0.08,1289750
0.08,1289873
0.08,1286062
0.08,1274307
0.08,1266196
0.08,1268528
0.08,1277396
0.08,1286798
0.08,1279844
0.08,1275679
0.08,1271707
0.08,1271863
0.08,1272573
0.08,1279265
0.08,1291081
0.08,1303490
0.08,1299540
0.08,1294538
0.08,1293464
0.08,1290969
0.08,1258068
0.08,1264986
0.08,1275435
0.08,1263745
0.08,1275231
0.08,1277404
0.08,1281071
0.08,1265589
0.08,1264624
0.08,1259463
0.08,1258307
0.09,1256744
0.09,1231417
0.09,1244745
0.09,1243672
0.09,1249912
0.09,1244088
0.09,1241500
0.09,1242518
0.09,1241341
0.09,1248187
0.09,1253029
0.09,1262006
0.09,1260758
0.09,1256118
0.09,1268886
0.09,1263271
0.09,1256508
0.09,1258237
0.09,1271368
0.09,1267917
0.09,1264539
0.09,1258409
0.09,1270440
0.09,1273692
0.09,1260416
0.09,1322428
0.09,1290673
0.09,1254175
0.09,1235077
0.09,1216573
0.09,1206735
0.09,1210593
0.09,1203784
0.09,1208516
0.09,1197274
0.09,1198561
0.09,1201885
0.09,1199868
0.09,1198588
0.09,1198996
0.09,1199160
0.09,1193994
0.09,1193054
0.09,1191914
0.09,1190788
0.09,1192269
0.09,1184080
0.09,1181902
0.09,1189388
0.09,1194164
0.09,1194128
0.09,1183970
0.09,1174325
0.09,1175207
0.09,1181890
0.09,1185973
0.09,1178176
0.09,1167456
0.09,1167190
0.09,1160974
0.09,1150853
0.09,1146886
0.09,1143633
0.09,1144276
0.09,1137340
0.09,1138108
0.09,1138699
0.09,1140687
0.09,1152617
0.09,1145701
0.09,1132465
0.09,1127520
0.09,1122694
0.09,1125429
0.09,1129998
0.09,1133278
0.09,1131492
0.09,1124358
0.09,1126682
0.09,1117701
0.09,1127127
0.09,1127060
0.09,1130895
0.09,1158034
0.09,1160874
0.09,1169591
0.09,1169547
0.09,1177846
0.10,1173931
0.10,1168622
0.10,1156571
0.10,1156781
0.10,1165245
0.10,1171637
0.10,1174222
0.10,1147560
0.10,1151694
0.10,1156438
0.10,1152418
0.10,1148677
0.10,1160121
0.10,1159396
0.10,1150951
0.10,1143799
0.10,1143181
0.10,1138460
0.10,1148045
0.10,1139457
0.10,1139430
0.10,1147524
0.10,1149837
0.10,1153108
0.10,1163881
0.10,1168490
0.10,1168365
0.10,1231055
0.10,1206224
0.10,1172486
0.10,1157254
0.10,1140567
0.10,1144358
0.10,1140758
0.10,1133050
0.10,1136353
0.10,1126041
0.10,1122921
0.10,1105611
0.10,1101481
0.10,1097952
0.10,1094084
0.10,1092519
0.10,1095770
0.10,1093402
0.10,1091890
0.10,1087211
0.10,1077635
0.10,1076904
0.10,1078662
0.10,1068601
0.10,1066468
0.10,1063471
0.10,1070573
0.10,1068395
0.10,1063187
0.10,1052088
0.10,1049184
0.10,1050478
0.10,1056836
0.10,1061031
0.10,1062868
0.10,1067850
0.10,1064216
0.10,1062391
0.10,1057384
0.10,1074825
0.10,1078504
0.10,1080614
0.10,1062736
0.10,1066754
0.10,1061795
0.10,1054387
0.10,1046770
0.10,1046113
0.10,1047581
0.10,1055377
0.10,1113366
0.10,1117404
0.10,1134992
0.10,1136758
0.10,1130504
0.10,1129024
0.10,1134287
0.10,1161556
0.10,1164375
0.10,1170722
0.10,1171011
0.10,1183270
0.10,1175922
0.10,1174339
0.11,1168025
0.11,1166623
0.11,1132957
0.11,1130889
0.11,1115353
0.11,1115579
0.11,1114413
0.11,1102428
0.11,1071470
0.11,1050821
0.11,1048753
0.11,1051647
0.11,1039232
0.11,1032079
0.11,1035655
0.11,1043268
0.11,1034874
0.11,1039451
0.11,1036858
0.11,1030508
0.11,1030440
0.11,1032938
0.11,1027657
0.11,1032514
0.11,1028721
0.11,1027635
0.11,1024676
0.11,1018316
0.11,1017299
0.11,1014914
0.11,1021514
0.11,1018527
0.11,1017565
0.11,1016187
0.11,1016842
0.11,1014236
0.11,1008344
0.11,1006358
0.11,1005509
0.11,998068
0.11,991527
0.11,987762
0.11,990621
0.11,981402
0.11,979710
0.11,983545
0.11,978093
0.11,966839
0.11,967612
0.11,965729
0.11,964493
0.11,963042
0.11,968613
0.11,970556
0.11,960596
0.11,958937
0.11,960437
0.11,956615
0.11,954878
0.11,953915
0.11,952453
0.11,952851
0.11,953821
0.11,949956
0.11,944207
0.11,946653
0.11,945424
0.11,940869
0.11,939813
0.11,941209
0.11,943580
0.11,941561
0.11,934923
0.11,955650
0.11,980525
0.11,1014030
0.11,1035782
0.11,1025066
0.11,1029704
0.11,1029568
0.11,1029395
0.11,1050245
0.11,1049842
0.11,1064290
0.11,1064118
0.11,1074473
0.11,1072268
0.11,1068912
0.11,1066242
0.11,1064589
0.11,1029788
0.12,1014272
0.12,1010003
0.12,1004989
0.12,1005543
0.12,993879
0.12,961033
0.12,948592
0.12,944157
0.12,940387
0.12,933326
0.12,956199
0.12,995233
0.12,992185
0.12,1010910
0.12,1012910
0.12,1021527
0.12,1018741
0.12,1016227
0.12,1046887
0.12,1048812
0.12,1053717
0.12,1054237
0.12,1068715
0.12,1067268
0.12,1064002
0.12,1057679
0.12,1051129
0.12,1020623
0.12,1007654
0.12,1001773
0.12,999597
0.12,998268
0.12,990571
0.12,958322
0.12,934780
0.12,928763
0.12,937423
0.12,923763
0.12,919828
0.12,929941
0.12,925644
0.12,914063
0.12,927469
0.12,928850
0.12,927980
0.12,923819
0.12,923278
0.12,920760
0.12,921023
0.12,920758
0.12,924840
0.12,927920
0.12,930781
0.12,922456
0.12,909568
0.12,908845
0.12,919774
0.12,910572
0.12,907237
0.12,902753
0.12,897933
0.12,893497
0.12,892355
0.12,893977
0.12,893852
0.12,895774
0.12,895780
0.12,890920
0.12,891447
0.12,892466
0.12,896044
0.12,897959
0.12,893724
0.12,895864
0.12,894282
0.12,896619
0.12,886291
0.12,887297
0.12,888660
0.12,888272
0.12,891559
0.12,908147
0.12,902185
0.12,897997
0.12,893974
0.12,899414
0.12,907797
0.12,909841
0.12,913693
0.13,918037
0.13,920428
0.13,923886
0.13,926034
0.13,921511
0.13,919924
0.13,921147
0.13,914369
0.13,916835
0.13,917296
0.13,921521
0.13,923418
0.13,930315
0.13,930503
0.13,928335
0.13,915892
0.13,909549
0.13,904105
0.13,901616
0.13,910619
0.13,925030
0.13,936364
0.13,940258
0.13,933929
0.13,936391
0.13,942115
0.13,947554
0.13,930124
0.13,990331
0.13,964560
0.13,923067
0.13,901430
0.13,892100
0.13,899441
0.13,902287
0.13,899354
0.13,897542
0.13,892130
0.13,885592
0.13,881191
0.13,881333
0.13,879357
0.13,875202
0.13,885463
0.13,890484
0.13,887864
0.13,882738
0.13,892385
0.13,892275
0.13,883923
0.13,878217
0.13,877196
0.13,878526
0.13,874779
0.13,872309
0.13,865439
0.13,872698
0.13,872773
0.13,871363
0.13,861768
0.13,855963
0.13,858762
0.13,860504
0.13,854783
0.13,851925
0.13,852396
0.13,848754
0.13,848099
0.13,845030
0.13,846333
0.13,849939
0.13,852967
0.13,849304
0.13,848503
0.13,847785
0.13,853907
0.13,855861
0.13,850322
0.13,852612
0.13,852885
0.13,848429
0.13,846460
0.13,843743
0.13,840469
0.13,840326
0.13,841105
0.13,838790
0.13,833015
0.13,829646
0.13,826281
0.14,825021
0.14,824770
0.14,822550
0.14,821290
0.14,824452
0.14,825815
0.14,831228
0.14,836430
0.14,852768
0.14,849880
0.14,850227
0.14,853475
0.14,857544
0.14,860187
0.14,860525
0.14,859471
0.14,863192
0.14,865184
0.14,863947
0.14,863189
0.14,858666
0.14,861257
0.14,862869
0.14,854938
0.14,854542
0.14,854451
0.14,858688
0.14,858088
0.14,863739
0.14,861119
0.14,856208
0.14,853698
0.14,846704
0.14,841260
0.14,838771
0.14,846676
0.14,847404
0.14,849005
0.14,856744
0.14,846798
0.14,848284
0.14,864136
0.14,870829
0.14,863136
0.14,921221
0.14,892870
0.14,859377
0.14,838585
0.14,830103
0.14,838528
0.14,835681
0.14,838692
0.14,830885
0.14,828032
0.14,827003
0.14,818346
0.14,819547
0.14,819002
0.14,815714
0.14,812735
0.14,810844
0.14,807952
0.14,808134
0.14,804701
0.14,803858
0.14,802870
0.14,815473
0.14,829129
0.14,842490
0.14,827803
0.14,849946
0.14,881014
0.14,890756
0.14,902994
0.14,911622
0.14,917748
0.14,904892
0.14,900761
0.14,924235
0.14,926298
0.14,935230
0.14,927814
0.14,937279
0.14,933633
0.14,937920
0.14,930770
0.14,932487
0.14,901620
0.14,890606
0.14,882091
0.14,875540
0.15,876038
0.15,862652
0.15,830556
0.15,812224
0.15,806783
0.15,806299
0.15,803471
0.15,810958
0.15,831981
0.15,820341
0.15,822367
0.15,817976
0.15,838842
0.15,863237
0.15,881442
0.15,903194
0.15,892478
0.15,897116
0.15,896980
0.15,896807
0.15,917657
0.15,912860
0.15,924614
0.15,923451
0.15,941885
0.15,939680
0.15,936324
0.15,929880
0.15,931596
0.15,897200
0.15,882316
0.15,876424
0.15,872401
0.15,872955
0.15,860374
0.15,831316
0.15,816004
0.15,801268
0.15,796200
0.15,798939
0.15,792277
0.15,801237
0.15,792515
0.15,792121
0.15,798166
0.15,796105
0.15,796291
0.15,794589
0.15,792154
0.15,788892
0.15,788308
0.15,786970
0.15,785410
0.15,785090
0.15,783886
0.15,783369
0.15,780102
0.15,779748
0.15,781488
0.15,782580
0.15,781133
0.15,782320
0.15,785138
0.15,788416
0.15,789853
0.15,790658
0.15,787441
0.15,790868
0.15,793524
0.15,793466
0.15,792589
0.15,792059
0.15,793882
0.15,789955
0.15,785332
0.15,783554
0.15,790379
0.15,786784
0.15,784993
0.15,784219
0.15,780858
0.15,781105
0.15,779310
0.15,778927
0.15,776371
0.15,773886
0.15,773396
0.15,770725
0.15,768352
0.15,769498
0.16,769727
0.16,773197
0.16,769329
0.16,765546
0.16,765427
0.16,767910
0.16,765936
0.16,765565
0.16,763392
0.16,763112
0.16,759725
0.16,757573
0.16,755641
0.16,755674
0.16,755536
0.16,753304
0.16,753651
0.16,754045
0.16,754165
0.16,753862
0.16,752225
0.16,749780
0.16,749427
0.16,750043
0.16,754506
0.16,753423
0.16,747722
0.16,747092
0.16,748530
0.16,749585
0.16,748767
0.16,747059
0.16,744094
0.16,742500
0.16,742412
0.16,740803
0.16,742143
0.16,746914
0.16,746039
0.16,746524
0.16,742841
0.16,740173
0.16,743287
0.16,743668
0.16,741491
0.16,741016
0.16,743715
0.16,745219
0.16,745832
0.16,747724
0.16,748350
0.16,747663
0.16,749048
0.16,750216
0.16,749914
0.16,750989
0.16,754161
0.16,754562
0.16,752424
0.16,750108
0.16,752527
0.16,751905
0.16,747759
0.16,748258
0.16,748672
0.16,749841
0.16,749075
0.16,746890
0.16,747668
0.16,750127
0.16,748522
0.16,754210
0.16,757556
0.16,765366
0.16,763327
0.16,765696
0.16,768935
0.16,765893
0.16,761489
0.16,763618
0.16,764364
0.16,767868
0.16,769305
0.16,773730
0.16,773063
0.16,773444
0.16,774600
0.17,774300
0.17,776828
0.17,775519
0.17,784102
0.17,776539
0.17,768288
0.17,771937
0.17,780961
0.17,781715
0.17,790717
0.17,791139
0.17,787732
0.17,784876
0.17,777388
0.17,776840
0.17,777883
0.17,777590
0.17,781678
0.17,806061
0.17,826786
0.17,756464
0.17,752341
0.17,743902
0.17,748854
0.17,741910
0.17,744230
0.17,744977
0.17,743721
0.17,738443
0.17,734643
0.17,738133
0.17,736409
0.17,737451
0.17,733296
0.17,731986
0.17,732939
0.17,736815
0.17,735484
0.17,731342
0.17,735504
0.17,739675
0.17,737960
0.17,737567
0.17,744435
0.17,737626
0.17,729646
0.17,728991
0.17,731808
0.17,729444
0.17,727516
0.17,726047
0.17,729537
0.17,727813
0.17,728855
0.17,724700
0.17,725698
0.17,725824
0.17,726524
0.17,726577
0.17,726379
0.17,724601
0.17,723113
0.17,722961
0.17,722745
0.17,722066
0.17,720857
0.17,724053
0.17,719707
0.17,719175
0.17,723770
0.17,733528
0.17,737770
0.17,741652
0.17,744580
0.17,744263
0.17,748983
0.17,759046
0.17,755898
0.17,757304
0.17,759926
0.17,764612
0.17,766790
0.17,766913
0.17,768105
0.17,767745
0.17,770647
0.17,766214
0.17,764829
0.17,769477
0.17,773564
0.18,773614
0.18,770814
0.18,772275
0.18,775045
0.18,776669
0.18,776131
0.18,774824
0.18,769906
0.18,754441
0.18,751162
0.18,720097
0.18,719675
0.18,722901
0.18,733758
0.18,734918
0.18,737075
0.18,740941
0.18,743090
0.18,746843
0.18,753843
0.18,753163
0.18,752515
0.18,755920
0.18,764646
0.18,762037
0.18,763216
0.18,763948
0.18,763815
0.18,766199
0.18,762849
0.18,759528
0.18,767079
0.18,770043
0.18,770201
0.18,769205
0.18,772986
0.18,772522
0.18,773390
0.18,774258
0.18,773877
0.18,765904
0.18,751935
0.18,723812
0.18,714480
0.18,712497
0.18,711436
0.18,710376
0.18,711540
0.18,714603
0.18,714860
0.18,716224
0.18,716109
0.18,711517
0.18,714374
0.18,723558
0.18,717134
0.18,725193
0.18,723808
0.18,728542
0.18,736006
0.18,735740
0.18,737345
0.18,747028
0.18,747559
0.18,748922
0.18,751102
0.18,757363
0.18,754651
0.18,755430
0.18,760451
0.18,759346
0.18,761985
0.18,758264
0.18,756302
0.18,761706
0.18,765066
0.18,763978
0.18,761634
0.18,761397
0.18,759858
0.18,762430
0.18,765931
0.18,763799
0.18,756418
0.18,743876
0.18,742932
0.18,761061
0.18,778456
0.18,709329
0.18,709973
0.19,714088
0.19,714439
0.19,717245
0.19,719181
0.19,721830
0.19,719711
0.19,718384
0.19,717087
0.19,717378
0.19,720448
0.19,719260
0.19,722233
0.19,724448
0.19,725239
0.19,726780
0.19,728350
0.19,728169
0.19,732781
0.19,746610
0.19,743108
0.19,741936
0.19,736322
0.19,740063
0.19,744231
0.19,743269
0.19,743139
0.19,744621
0.19,746484
0.19,749827
0.19,751176
0.19,753869
0.19,752026
0.19,752511
0.19,755053
0.19,754547
0.19,756001
0.19,758865
0.19,760979
0.19,761822
0.19,762301
0.19,760185
0.19,760508
0.19,760138
0.19,757137
0.19,751781
0.19,755239
0.19,759405
0.19,758491
0.19,759119
0.19,759937
0.19,759087
0.19,757687
0.19,754315
0.19,818772
0.19,786986
0.19,752057
0.19,738982
0.19,733470
0.19,735472
0.19,736913
0.19,733132
0.19,728911
0.19,730612
0.19,726542
0.19,729580
0.19,731501
0.19,726789
0.19,715129
0.19,715806
0.19,715788
0.19,710375
0.19,708283
0.19,709865
0.19,709915
0.19,708094
0.19,709717
0.19,707483
0.19,705874
0.19,704857
0.19,703844
0.19,702254
0.19,701311
0.19,700373
0.19,699986
0.19,699074
0.19,698120
0.19,697283
0.19,696336
0.20,695510
0.20,694688
0.20,693868
0.20,693108
0.20,692427
0.20,691651
0.20,690911
0.20,690187
0.20,689477
0.20,688846
0.20,688224
0.20,687544
0.20,686934
0.20,686324
0.20,689009
0.20,685729
0.20,685023
0.20,684492
0.20,683966
0.20,683748
0.20,683552
0.20,688007
0.20,690138
0.20,690927
0.20,690144
0.20,690723
0.20,693909
0.20,696215
0.20,695748
0.20,697041
0.20,698500
0.20,696665
0.20,694407
0.20,693544
0.20,692587
0.20,693162
0.20,691480
0.20,691639
0.20,690906
0.20,691206
0.20,694244
0.20,697164
0.20,699079
0.20,706494
0.20,721809
0.20,717609
0.20,721699
0.20,725300
0.20,728581
0.20,729711
0.20,729296
0.20,729863
0.20,731276
0.20,732270
0.20,729090
0.20,729037
0.20,732661
0.20,733165
0.20,731471
0.20,730607
0.20,730345
0.20,724770
0.20,723931
0.20,725144
0.20,723109
0.20,725888
0.20,728765
0.20,730824
0.20,738706
0.20,740175
0.20,740686
0.20,742576
0.20,744294
0.20,742207
0.20,742669
0.20,746249
0.20,746619
0.20,747429
0.20,745451
0.20,810814
0.20,784207
0.20,748827
0.20,729046
0.20,721419
0.20,717021
0.20,715468
0.20,716907
0.20,716641
0.20,719266
0.21,716973
0.21,713296
0.21,706137
0.21,707464
0.21,707626
0.21,709900
0.21,717218
0.21,717144
0.21,707999
0.21,705819
0.21,705104
0.21,701489
0.21,693038
0.21,689681
0.21,684104
0.21,682635
0.21,682143
0.21,681653
0.21,681194
0.21,680741
0.21,680322
0.21,680024
0.21,679745
0.21,679470
0.21,679219
0.21,680645
0.21,678750
0.21,678551
0.21,678357
0.21,678261
0.21,678191
0.21,678131
0.21,678084
0.21,678048
0.21,683212
0.21,681861
0.21,678044
0.21,679793
0.21,686040
0.21,690646
0.21,688219
0.21,690052
0.21,689682
0.21,687638
0.21,685381
0.21,683714
0.21,682204
0.21,679901
0.21,677361
0.21,680422
0.21,682085
0.21,683033
0.21,683325
0.21,683144
0.21,681364
0.21,678997
0.21,677325
0.21,675941
0.21,675375
0.21,675191
