0.01, 6913700
0.01, 6912023
0.01, 6909711
0.01, 6888393
0.01, 6874034
0.01, 6860580
0.01, 6860210
0.01, 6859439
0.01, 6854786
0.01, 6852922
0.01, 6852299
0.01, 6844028
0.01, 6836030
0.01, 6834387
0.01, 6822843
0.01, 6802887
0.01, 6802820
0.01, 6783738
0.01, 6777817
0.01, 6770303
0.01, 6747049
0.01, 6726265
0.01, 6689857
0.01, 6686925
0.01, 6676223
0.01, 6673272
0.01, 6659301
0.01, 6646077
0.01, 6639241
0.01, 6624138
0.01, 6621089
0.01, 6594232
0.01, 6593722
0.01, 6589600
0.01, 6547148
0.01, 6516696
0.01, 6497794
0.01, 6435785
0.01, 6430499
0.01, 6430049
0.01, 6379801
0.01, 6373065
0.01, 6344174
0.01, 6291119
0.01, 6286724
0.01, 6284749
0.01, 6266837
0.01, 6236572
0.01, 6231708
0.01, 6222591
0.01, 6181943
0.01, 6157784
0.01, 6153194
0.01, 6149405
0.01, 6126131
0.01, 6083598
0.01, 6072544
0.01, 6035657
0.01, 6030809
0.01, 6020386
0.01, 6003362
0.01, 5990942
0.01, 5980667
0.01, 5974376
0.01, 5833858
0.01, 5833556
0.01, 5807792
0.01, 5798575
0.01, 5797620
0.01, 5797306
0.01, 5796934
0.01, 5785625
0.01, 5776423
0.01, 5773529
0.01, 5760811
0.01, 5749612
0.01, 5749282
0.01, 5730848
0.01, 5716856
0.01, 5703239
0.01, 5695150
0.01, 5695123
0.01, 5686483
0.01, 5661210
0.01, 5650654
0.01, 5599186
0.01, 5588896
0.01, 5586934
0.01, 5568425
0.01, 5553733
0.01, 5549400
0.01, 5412832
0.01, 5412778
0.02, 5410365
0.02, 5409390
0.03, 5399384
0.03, 5365926
0.03, 5361112
0.03, 5360039
0.03, 5342670
0.03, 5331050
0.03, 5244941
0.03, 5239370
0.03, 5236577
0.03, 5235041
0.07, 5201524
0.07, 5188814
0.07, 5188797
0.07, 5187710
0.07, 5167340
0.07, 5163748
0.07, 5148032
0.07, 5131349
0.07, 5130432
0.07, 5129149
0.07, 5069911
0.07, 5063529
0.07, 5063191
0.16, 5045320
0.16, 5035762
0.16, 5023233
0.16, 5018909
0.16, 5018582
0.16, 4990059
0.16, 4953400
0.16, 4951169
0.16, 4888037
0.23, 4885741
0.23, 4859450
0.23, 4839562
0.23, 4799937
0.23, 4783012
0.23, 4769938
0.23, 4761019
0.23, 4748547
0.23, 4734065
0.23, 4732702
0.23, 4732461
0.23, 4728253
0.23, 4726156
0.23, 4717490
0.23, 4714482
0.23, 4701715
0.23, 4699471
0.23, 4698627
0.23, 4690751
0.23, 4668121
0.23, 4661614
0.23, 4651430
0.23, 4612704
0.27, 4599217
0.27, 4592198
0.27, 4566815
0.27, 4552771
0.27, 4548640
0.27, 4542134
0.32, 4537692
0.34, 4529242
0.34, 4527905
0.34, 4520094
0.34, 4469045
0.34, 4467511
0.34, 4463262
0.34, 4456435
0.34, 4448978
0.34, 4446600
0.34, 4443094
0.34, 4419818
0.34, 4389139
0.34, 4381329
0.34, 4381314
0.34, 4381282
0.34, 4379897
0.34, 4360712
0.34, 4316058
0.34, 4296753
0.34, 4296365
0.40, 4293120
0.40, 4289014
0.40, 4284806
0.40, 4259633
0.40, 4258700
0.40, 4257393
0.40, 4247702
0.44, 4231743
0.44, 4181112
0.44, 4178347
0.44, 4166153
0.44, 4148425
0.44, 4139503
0.44, 4116546
0.44, 4114715
0.44, 4109835
0.44, 4092822
0.44, 4091800
0.44, 4089969
0.44, 4069128
0.44, 4061205
0.45, 4058720
0.45, 4054149
0.45, 4046087
0.45, 4042094
0.45, 4035372
0.45, 4018943
0.45, 4012084
0.45, 4011731
0.45, 4011368
0.45, 4002249
0.45, 3990704
0.48, 3973125
0.48, 3966942
0.48, 3960245
0.48, 3954468
0.48, 3947303
0.48, 3945243
0.48, 3931363
0.48, 3926406
0.48, 3921180
0.48, 3916226
0.48, 3897507
0.48, 3894236
0.48, 3891561
0.48, 3887349
0.48, 3886482
0.48, 3884715
0.48, 3881621
0.48, 3877996
0.48, 3874938
0.48, 3867461
0.49, 3863865
0.49, 3861127
0.49, 3853163
0.49, 3840392
0.49, 3835421
0.49, 3825231
0.49, 3814271
0.49, 3803192
0.49, 3800189
0.49, 3784498
0.59, 3778737
0.59, 3766199
0.59, 3747359
0.59, 3733111
0.59, 3701004
0.59, 3696016
0.59, 3691943
0.59, 3689869
0.59, 3678330
0.59, 3663060
0.59, 3662060
0.59, 3661975
0.59, 3661075
0.59, 3657014
0.59, 3654289
0.62, 3619490
0.63, 3618655
0.66, 3617026
0.66, 3614467
0.66, 3602894
0.66, 3585641
0.66, 3582163
0.66, 3576655
0.66, 3572361
0.66, 3556617
0.66, 3553661
0.66, 3551066
0.66, 3548723
0.66, 3543468
0.66, 3541655
0.66, 3493122
0.66, 3475399
0.66, 3471084
0.66, 3467200
0.66, 3465052
0.66, 3464528
0.66, 3443527
0.66, 3436238
0.66, 3436053
0.66, 3431746
0.66, 3410553
0.66, 3410363
0.71, 3405097
0.71, 3394806
0.71, 3367512
0.71, 3362780
0.71, 3362205
0.71, 3340579
0.74, 3334868
0.74, 3302919
0.74, 3300260
0.74, 3282079
0.74, 3259573
0.74, 3259404
0.74, 3236796
0.74, 3233012
0.78, 3225753
0.78, 3220493
0.78, 3220020
0.78, 3209183
0.78, 3209151
0.78, 3205217
0.78, 3186549
0.78, 3183071
0.85, 3176967
0.85, 3174731
0.85, 3160737
0.85, 3156633
0.85, 3145754
0.85, 3138109
0.85, 3131341
0.85, 3131059
0.85, 3130722
0.85, 3097030
0.85, 3081649
0.85, 3080939
0.85, 3073392
0.85, 3059685
0.85, 3044912
0.85, 3043134
0.85, 3042802
0.85, 3039290
0.85, 3035528
0.86, 3033885
0.86, 3033673
0.86, 3031869
0.86, 3031318
0.86, 3026646
0.86, 3021569
0.86, 3020374
0.86, 3016356
0.86, 3011915
0.86, 2998199
0.86, 2991145
0.86, 2989479
0.86, 2978102
0.86, 2967445
0.86, 2957951
0.86, 2940676
0.86, 2939424
0.86, 2932726
0.86, 2913338
0.86, 2911572
0.86, 2907593
0.86, 2905308
0.86, 2891602
0.86, 2888017
0.86, 2887831
0.86, 2857053
0.86, 2846395
0.86, 2838442
0.86, 2834915
0.86, 2825821
0.86, 2822874
0.86, 2814150
0.86, 2795301
0.86, 2795003
0.86, 2790290
0.89, 2787824
0.89, 2787039
0.90, 2785725
0.90, 2776571
0.90, 2745562
0.90, 2742812
0.90, 2732670
0.90, 2732088
0.90, 2729907
0.90, 2729196
0.90, 2727322
0.90, 2726644
0.92, 2711056
0.92, 2680864
0.92, 2677035
0.92, 2669286
0.92, 2667670
0.93, 2663782
0.93, 2663432
0.93, 2655284
0.94, 2647411
0.94, 2637806
0.94, 2636845
0.94, 2635053
0.94, 2633614
0.94, 2628347
0.94, 2615893
0.94, 2615399
0.94, 2606892
0.94, 2605993
0.94, 2604006
0.94, 2602956
0.94, 2588649
0.94, 2570302
0.94, 2568025
0.94, 2566765
0.94, 2559694
0.94, 2552040
0.94, 2544274
1.01, 2541043
1.05, 2537452
1.05, 2489582
1.05, 2484773
1.05, 2474098
1.05, 2463819
1.05, 2463623
1.05, 2455564
1.06, 2452129
1.06, 2451630
1.06, 2447008
1.06, 2443491
1.06, 2440894
1.06, 2437909
1.06, 2436631
1.06, 2435668
1.06, 2435552
1.06, 2434079
1.06, 2433911
1.06, 2427251
1.06, 2404375
1.06, 2402804
1.06, 2402066
1.06, 2400206
1.06, 2398107
1.06, 2386456
1.06, 2385885
1.06, 2385518
1.06, 2380834
1.06, 2379018
1.06, 2377448
1.06, 2366667
1.06, 2351689
1.06, 2350663
1.08, 2345628
1.08, 2341608
1.08, 2335412
1.08, 2333205
1.08, 2325530
1.08, 2323662
1.08, 2318977
1.08, 2317464
1.08, 2310823
1.08, 2309857
1.08, 2306919
1.08, 2305866
1.08, 2304340
1.08, 2303145
1.08, 2301455
1.08, 2286579
1.08, 2281542
1.08, 2280936
1.08, 2279559
1.08, 2279019
1.08, 2276503
1.09, 2276047
1.09, 2272128
1.09, 2269969
1.09, 2262850
1.10, 2256326
1.10, 2255145
1.10, 2245169
1.10, 2241300
1.10, 2240994
1.10, 2238531
1.10, 2233175
1.10, 2225700
1.10, 2217974
1.10, 2215215
1.10, 2205819
1.10, 2202024
1.10, 2197588
1.10, 2197543
1.10, 2189495
1.10, 2189399
1.11, 2151518
1.11, 2140522
1.11, 2127686
1.11, 2117688
1.11, 2117423
1.11, 2117393
1.11, 2116123
1.15, 2104384
1.15, 2099709
1.18, 2092331
1.18, 2092185
1.18, 2088040
1.18, 2087127
1.18, 2085576
1.19, 2081870
1.19, 2078748
1.19, 2071491
1.19, 2065403
1.19, 2060834
1.19, 2057897
1.19, 2053260
1.19, 2049634
1.19, 2042936
1.19, 2042915
1.19, 2037611
1.19, 2033025
1.19, 2030268
1.19, 2027398
1.19, 2022085
1.19, 2019962
1.19, 2014849
1.19, 2011678
1.19, 2008748
1.19, 2007694
1.19, 2001893
1.19, 1999847
1.19, 1994073
1.19, 1990585
1.19, 1986872
1.19, 1985589
1.19, 1984877
1.19, 1972698
1.19, 1972265
1.19, 1969296
1.19, 1965928
1.19, 1964061
1.19, 1953754
1.19, 1943743
1.19, 1941766
1.19, 1941584
1.19, 1941203
1.19, 1939963
1.21, 1934406
1.21, 1926895
1.24, 1918469
1.25, 1915598
1.25, 1915410
1.25, 1912027
1.25, 1911988
1.25, 1911122
1.25, 1900053
1.25, 1899080
1.25, 1898835
1.25, 1893741
1.25, 1893483
1.25, 1887359
1.25, 1885385
1.25, 1875248
1.27, 1869181
1.27, 1861481
1.27, 1860127
1.27, 1859984
1.27, 1859115
1.27, 1857951
1.27, 1844869
1.27, 1843544
1.27, 1842711
1.27, 1840722
1.27, 1837635
1.27, 1833554
1.29, 1826613
1.29, 1815592
1.29, 1810604
1.29, 1805575
1.29, 1804047
1.29, 1796965
1.29, 1796118
1.29, 1796069
1.29, 1766298
1.29, 1765372
1.29, 1764720
1.29, 1752944
1.29, 1748951
1.29, 1747567
1.29, 1746387
1.29, 1741041
1.29, 1739819
1.33, 1735726
1.33, 1734915
1.33, 1722955
1.33, 1721812
1.33, 1721613
1.33, 1718995
1.33, 1717705
1.34, 1716681
1.34, 1716650
1.34, 1716176
1.34, 1710506
1.34, 1710199
1.34, 1708900
1.34, 1707418
1.34, 1706931
1.34, 1706474
1.34, 1703227
1.34, 1700183
1.34, 1686466
1.34, 1677817
1.34, 1677616
1.34, 1673990
1.34, 1671826
1.34, 1671570
1.34, 1662366
1.34, 1654701
1.34, 1654536
1.34, 1634218
1.34, 1632897
1.34, 1629721
1.34, 1629473
1.34, 1627488
1.34, 1625497
1.34, 1618767
1.34, 1612989
1.34, 1606459
1.34, 1597972
1.48, 1595031
1.48, 1591372
1.48, 1591088
1.48, 1591059
1.49, 1581037
1.49, 1578992
1.49, 1576086
1.49, 1571680
1.49, 1568649
1.49, 1567941
1.49, 1561283
1.49, 1558814
1.49, 1555095
1.49, 1554838
1.49, 1549841
1.49, 1536089
1.49, 1525980
1.49, 1523792
1.49, 1513268
1.49, 1511845
1.54, 1508730
1.54, 1495426
1.54, 1494285
1.54, 1493933
1.54, 1489966
1.54, 1489396
1.55, 1479608
1.55, 1475265
1.55, 1474356
1.55, 1471287
1.55, 1469388
1.55, 1468534
1.55, 1466334
1.55, 1464360
1.55, 1459443
1.58, 1458795
1.58, 1454330
1.58, 1452121
1.58, 1447494
1.58, 1447054
1.58, 1437977
1.58, 1437660
1.58, 1433650
1.58, 1433154
1.58, 1432786
1.58, 1429435
1.58, 1428192
1.58, 1427850
1.58, 1427132
1.58, 1421155
1.59, 1413885
1.59, 1411254
1.59, 1403144
1.59, 1401259
1.62, 1399052
1.62, 1397800
1.62, 1397792
1.62, 1393567
1.62, 1392501
1.62, 1392287
1.62, 1392263
1.62, 1390095
1.65, 1383820
1.65, 1378464
1.65, 1367540
1.65, 1362110
1.66, 1361671
1.66, 1359919
1.66, 1358334
1.66, 1357815
1.66, 1356479
1.67, 1346417
1.67, 1317384
1.67, 1314703
1.67, 1313211
1.67, 1311696
1.67, 1310937
1.67, 1308239
1.67, 1302228
1.67, 1301503
1.67, 1300728
1.67, 1300694
1.67, 1297139
1.67, 1294995
1.67, 1294909
1.67, 1294907
1.67, 1292889
1.67, 1292685
1.67, 1290340
1.67, 1288158
1.67, 1286264
1.67, 1282061
1.70, 1281001
1.70, 1272518
1.70, 1268779
1.70, 1264109
1.70, 1259925
1.70, 1259531
1.70, 1256582
1.70, 1255410
1.70, 1255312
1.70, 1250162
1.70, 1234596
1.77, 1233390
1.77, 1228556
1.77, 1228402
1.77, 1226133
1.77, 1221078
1.77, 1219927
1.78, 1218898
1.78, 1215365
1.78, 1209883
1.78, 1209810
1.78, 1209761
1.78, 1203359
1.78, 1202142
1.78, 1200855
1.78, 1200814
1.78, 1196417
1.78, 1192103
1.78, 1191611
1.78, 1191057
1.78, 1190167
1.78, 1189283
1.78, 1179914
1.78, 1175627
1.78, 1174365
1.78, 1174286
1.78, 1174234
1.78, 1171771
1.78, 1170852
1.78, 1161581
1.78, 1157941
1.78, 1151810
1.78, 1150739
1.78, 1149536
1.78, 1147987
1.78, 1145436
1.78, 1144288
1.78, 1137620
1.78, 1134612
1.78, 1129402
1.78, 1129074
1.78, 1124090
1.79, 1123428
1.79, 1120472
1.79, 1120179
1.79, 1117002
1.79, 1115107
1.79, 1109643
1.79, 1108718
1.79, 1104774
1.79, 1101542
1.79, 1100166
1.79, 1092289
1.79, 1089922
1.79, 1089448
1.79, 1087155
1.79, 1077212
1.87, 1077062
1.87, 1076197
1.87, 1075644
1.87, 1072209
1.87, 1072081
1.98, 1071606
1.98, 1071202
1.98, 1063415
1.98, 1058872
1.98, 1057312
1.98, 1054415
1.98, 1052242
1.98, 1050692
1.98, 1049989
1.98, 1047349
1.98, 1045675
1.98, 1039423
1.99, 1038573
1.99, 1035261
1.99, 1032074
1.99, 1028048
1.99, 1017149
1.99, 1015198
1.99, 1014724
1.99, 1012228
2.01, 1011620
2.01, 1007511
2.01, 1004679
2.01, 1002918
2.02, 1002707
2.02, 1001721
2.02, 998531
2.02, 997883
2.02, 994169
2.02, 992778
2.02, 992444
2.02, 991692
2.02, 991670
2.02, 991372
2.02, 987247
2.02, 986350
2.02, 985057
2.02, 981690
2.06, 981384
2.06, 980668
2.06, 979947
2.06, 979938
2.06, 979329
2.06, 978209
2.06, 976237
2.06, 973459
2.06, 971731
2.06, 968136
2.06, 965619
2.06, 965377
2.07, 964484
2.07, 964164
2.07, 958017
2.07, 955665
2.07, 954706
2.07, 954308
2.07, 952282
2.11, 951087
2.11, 949956
2.13, 949535
2.13, 949461
2.13, 948319
2.13, 947351
2.13, 944839
2.16, 939383
2.16, 937968
2.16, 937619
2.17, 931608
2.17, 930860
2.17, 930551
2.17, 928843
2.17, 926574
2.17, 925748
2.17, 924415
2.17, 921024
2.17, 920191
2.17, 915533
2.17, 915084
2.17, 910531
2.17, 908790
2.17, 907838
2.17, 907763
2.17, 906827
2.18, 905504
2.18, 904323
2.18, 902974
2.18, 900108
2.18, 899985
2.18, 899459
2.18, 899020
2.18, 895516
2.18, 894859
2.18, 894082
2.18, 893164
2.18, 892092
2.19, 891416
2.19, 891311
2.19, 890558
2.19, 888516
2.19, 886316
2.19, 883078
2.19, 882922
2.19, 879006
2.19, 878685
2.19, 877689
2.19, 876504
2.19, 876242
2.19, 876203
2.19, 876185
2.19, 873636
2.19, 873091
2.19, 872916
2.19, 871701
2.19, 870371
2.19, 868552
2.19, 868321
2.19, 867843
2.19, 866736
2.19, 866588
2.19, 866055
2.19, 863502
2.20, 862290
2.20, 860610
2.20, 859809
2.20, 858959
2.20, 856881
2.21, 856877
2.21, 854422
2.21, 852468
2.21, 849863
2.21, 846520
2.21, 845772
2.21, 845180
2.21, 844318
2.21, 844201
2.28, 842871
2.28, 842823
2.28, 842688
2.31, 842546
2.31, 842052
2.31, 841651
2.35, 839684
2.35, 839374
2.35, 839327
2.35, 838902
2.35, 838344
2.35, 838296
2.35, 837782
2.35, 837606
2.35, 835239
2.35, 834840
2.35, 834656
2.35, 833470
2.35, 832255
2.37, 832127
2.37, 832117
2.37, 830560
2.37, 829772
2.37, 826701
2.37, 825002
2.37, 824022
2.37, 823079
2.37, 823032
2.40, 822119
2.40, 819754
2.40, 819503
2.41, 819495
2.41, 819199
2.41, 818265
2.42, 817440
2.42, 817394
2.44, 817390
2.44, 816907
2.44, 816803
2.44, 815354
2.44, 812394
2.44, 811307
2.44, 809624
2.44, 807519
2.49, 805436
2.49, 805147
2.49, 804333
2.50, 803933
2.50, 803296
2.50, 803213
2.50, 802076
2.50, 800267
2.50, 799954
2.51, 799360
2.51, 798649
2.51, 798530
2.51, 798155
2.51, 797975
2.51, 797499
2.51, 796876
2.51, 796329
2.51, 793967
2.51, 792628
2.51, 792454
2.51, 791189
2.51, 790706
2.51, 790410
2.51, 789807
2.51, 789618
2.51, 789335
2.51, 788776
2.51, 788189
2.52, 787898
2.52, 786336
2.52, 784470
2.52, 784368
2.52, 784004
2.52, 783104
2.52, 782502
2.52, 782318
2.52, 781779
2.52, 781458
2.52, 780433
2.52, 779759
2.52, 777704
2.52, 776392
2.53, 775886
2.53, 775217
2.53, 774027
2.53, 772397
2.53, 772199
2.54, 770530
2.54, 769906
2.54, 769415
2.54, 769053
2.54, 767551
2.54, 766426
2.54, 765682
2.54, 765469
2.54, 764127
2.54, 764051
2.54, 763640
2.55, 763381
2.55, 761972
2.55, 761640
2.56, 760750
2.56, 760377
2.56, 759942
2.56, 758970
2.56, 757384
2.56, 756783
2.57, 755984
2.63, 755908
2.63, 755738
2.63, 754875
2.63, 754158
2.63, 753509
2.63, 751870
2.63, 751082
2.63, 750426
2.63, 749743
2.63, 748857
2.63, 748776
2.63, 747916
2.63, 747795
2.63, 744967
2.64, 743713
2.64, 743189
2.64, 742999
2.64, 742789
2.64, 742396
2.64, 741110
2.64, 740731
2.64, 740254
2.64, 737953
2.64, 737724
2.65, 737459
2.65, 736730
2.65, 736342
2.65, 736229
2.65, 734385
2.65, 734334
2.65, 732373
2.65, 732330
2.66, 731841
2.66, 728706
2.66, 728137
2.66, 727685
2.66, 727498
2.67, 727257
2.67, 726950
2.67, 724739
2.67, 724576
2.67, 724439
2.67, 724419
2.67, 724291
2.67, 723798
2.67, 723610
2.67, 722430
2.67, 722170
2.67, 722095
2.69, 721630
2.69, 721343
2.69, 720968
2.75, 720420
2.75, 720361
2.75, 719873
2.75, 719082
2.75, 718043
2.75, 717600
2.75, 716848
2.75, 716316
2.75, 716180
2.75, 715367
2.75, 715283
2.75, 714052
2.77, 712586
2.78, 712575
2.78, 712170
2.79, 712053
2.80, 711474
2.80, 710703
2.80, 708362
2.80, 708112
2.80, 706790
2.80, 706641
2.80, 706418
2.80, 706256
2.80, 706109
2.80, 705268
2.80, 704058
2.84, 703796
2.84, 703781
2.85, 703575
2.85, 703275
2.85, 703199
2.85, 703005
2.85, 701702
2.85, 701220
2.88, 699150
2.88, 699030
2.88, 698452
2.88, 698423
2.88, 698004
2.88, 698002
2.88, 697309
2.89, 697049
2.89, 696942
2.89, 695865
2.91, 695746
2.91, 694513
2.92, 693169
2.93, 693026
2.93, 692954
2.93, 692946
2.93, 692831
2.93, 692084
2.93, 691720
2.93, 690677
2.99, 689855
2.99, 689400
3.00, 689018
3.03, 688904
3.03, 688730
3.04, 688722
3.04, 688658
3.04, 688616
3.04, 688316
3.04, 687845
3.05, 687838
3.05, 687822
3.06, 687180
3.06, 687176
3.06, 686825
3.06, 684977
3.06, 684370
3.06, 683543
3.06, 682712
3.06, 682489
3.06, 681551
3.06, 681091
3.07, 680917
3.07, 680498
3.07, 679927
3.07, 679913
3.08, 679545
3.08, 679475
3.08, 679122
3.09, 677642
3.09, 677525
3.09, 677451
3.09, 676435
3.09, 675681
3.14, 675674
3.14, 675655
3.14, 674614
3.14, 674380
3.15, 673612
3.15, 673265
3.15, 672893
3.15, 672756
3.16, 672735
3.20, 672670
3.20, 672546
3.22, 672333
3.22, 672261
3.23, 671556
3.23, 671406
3.23, 671146
3.23, 670350
3.23, 670160
3.26, 669356
3.28, 668881
3.28, 668477
3.29, 668260
3.29, 667892
3.29, 667420
3.29, 667232
3.31, 666823
3.33, 666640
3.33, 666337
3.37, 665931
3.37, 665691
3.37, 665562
3.37, 665186
3.54, 665180
3.54, 664933
3.54, 664881
3.54, 664879
3.54, 664726
3.54, 664616
3.55, 664438
3.61, 664432
3.62, 664212
3.64, 664065
3.64, 664062
3.65, 663853
3.71, 663764
3.79, 663752
3.79, 663675
3.82, 663582
3.82, 663479
3.82, 663312
3.83, 663218
3.84, 663208
3.85, 663150
3.86, 663054
3.91, 662992
3.98, 662903
4.10, 662899
4.12, 662830
4.15, 662785
4.16, 662752
4.20, 662659
4.23, 662637
4.40, 662625
4.41, 662592
4.52, 662546
4.52, 662486
4.53, 662458
4.56, 662456
4.58, 662451
4.59, 662429
4.62, 662384
4.65, 662356
15.06, 662144
15.07, 662110
15.07, 662094
15.07, 661925
15.08, 661862
15.08, 661844
15.08, 661829
15.08, 661716
15.09, 661585
15.11, 661573
15.12, 661232
15.12, 660919
15.15, 660713
15.15, 660695
15.15, 660624
15.15, 660564
15.15, 660065
15.16, 659924
15.33, 659873
15.36, 659809
15.36, 659804
15.36, 659568
15.37, 659523
15.37, 659495
15.37, 659424
15.37, 659136
15.39, 659112
15.41, 658944
15.41, 658727
15.41, 658699
15.41, 658484
15.42, 657870
15.47, 657863
15.58, 657848
15.65, 657809
15.88, 657781
