0.01, 7178153
0.01, 7172703
0.01, 7163390
0.01, 7080388
0.01, 7079852
0.01, 7075288
0.01, 7067988
0.01, 7031677
0.01, 7010802
0.01, 6991155
0.01, 6980423
0.01, 6964688
0.01, 6932027
0.01, 6921893
0.01, 6918749
0.01, 6918472
0.01, 6907634
0.01, 6881671
0.01, 6880576
0.01, 6867350
0.01, 6839490
0.01, 6823445
0.01, 6822406
0.01, 6787495
0.01, 6779976
0.01, 6760472
0.01, 6754819
0.01, 6754660
0.01, 6748844
0.01, 6734843
0.01, 6733678
0.01, 6732081
0.01, 6723641
0.01, 6714217
0.01, 6704899
0.01, 6703617
0.01, 6702536
0.01, 6696599
0.01, 6693111
0.01, 6687506
0.01, 6639671
0.01, 6623373
0.01, 6622296
0.01, 6622249
0.01, 6621669
0.01, 6618704
0.01, 6598809
0.01, 6597878
0.01, 6582665
0.01, 6525304
0.01, 6461466
0.01, 6452070
0.01, 6426653
0.01, 6426275
0.01, 6410738
0.01, 6400254
0.01, 6377854
0.01, 6346050
0.01, 6345820
0.01, 6341911
0.01, 6328169
0.01, 6209933
0.01, 6176924
0.01, 6142139
0.01, 6137913
0.01, 6134533
0.01, 6115162
0.01, 6113021
0.01, 6098803
0.01, 6093605
0.01, 6083397
0.01, 6073508
0.01, 6072456
0.01, 6055015
0.01, 6037709
0.01, 6011781
0.01, 5954516
0.01, 5952074
0.01, 5945174
0.01, 5917200
0.01, 5908263
0.01, 5893639
0.01, 5865401
0.01, 5857250
0.01, 5856446
0.01, 5843320
0.01, 5841813
0.01, 5833569
0.01, 5813545
0.01, 5763539
0.01, 5763199
0.01, 5729555
0.01, 5711239
0.01, 5701216
0.01, 5694210
0.01, 5694163
0.01, 5688871
0.01, 5683459
0.01, 5677410
0.01, 5670410
0.01, 5668899
0.01, 5640780
0.01, 5635843
0.01, 5635746
0.01, 5612687
0.01, 5589099
0.01, 5563315
0.01, 5546988
0.01, 5541251
0.01, 5539548
0.01, 5538372
0.01, 5514500
0.01, 5509396
0.02, 5475297
0.02, 5470155
0.02, 5438643
0.02, 5436366
0.02, 5431934
0.02, 5429079
0.02, 5422392
0.02, 5421817
0.02, 5420915
0.02, 5419228
0.04, 5383702
0.04, 5372965
0.04, 5358340
0.04, 5344778
0.04, 5335489
0.04, 5328910
0.05, 5307446
0.05, 5301464
0.05, 5283399
0.05, 5282957
0.05, 5268826
0.06, 5266732
0.06, 5265968
0.06, 5250919
0.06, 5249994
0.06, 5238370
0.06, 5237411
0.08, 5215970
0.08, 5202091
0.08, 5186558
0.08, 5184881
0.08, 5147937
0.08, 5141900
0.08, 5139498
0.08, 5138939
0.08, 5117672
0.08, 5102297
0.08, 5101694
0.08, 5060562
0.08, 5059691
0.08, 5027469
0.08, 5019431
0.08, 5006245
0.08, 4998223
0.08, 4910950
0.08, 4906291
0.08, 4905935
0.08, 4895224
0.23, 4891506
0.23, 4887127
0.25, 4883819
0.25, 4869920
0.25, 4843226
0.25, 4838899
0.25, 4810134
0.25, 4808246
0.25, 4794983
0.25, 4770409
0.25, 4752425
0.25, 4750707
0.25, 4745627
0.25, 4745597
0.25, 4721889
0.25, 4717558
0.25, 4696252
0.25, 4694991
0.25, 4693149
0.25, 4692249
0.25, 4666745
0.30, 4641331
0.30, 4636006
0.30, 4633866
0.30, 4632159
0.30, 4631783
0.30, 4628388
0.30, 4609797
0.30, 4609589
0.30, 4579944
0.30, 4567989
0.30, 4565593
0.30, 4537614
0.30, 4536846
0.30, 4536748
0.30, 4526147
0.30, 4522357
0.30, 4518538
0.30, 4433041
0.30, 4432596
0.30, 4430138
0.30, 4423257
0.30, 4405046
0.34, 4403291
0.34, 4337247
0.40, 4329941
0.40, 4329175
0.40, 4318332
0.40, 4312812
0.42, 4283326
0.42, 4283108
0.42, 4278456
0.42, 4276118
0.42, 4275337
0.42, 4268905
0.42, 4261122
0.42, 4243585
0.46, 4233334
0.46, 4231120
0.46, 4228932
0.46, 4225483
0.46, 4221835
0.46, 4221731
0.46, 4221646
0.46, 4221259
0.46, 4205614
0.46, 4203293
0.46, 4187062
0.46, 4163175
0.46, 4153750
0.46, 4150933
0.46, 4148441
0.46, 4148011
0.46, 4127185
0.46, 4119503
0.47, 4116043
0.47, 4112291
0.47, 4079138
0.47, 4075141
0.47, 4073937
0.47, 4072450
0.47, 4070668
0.47, 4067189
0.47, 4034376
0.47, 4028597
0.47, 4028584
0.47, 3963770
0.47, 3945993
0.53, 3940521
0.53, 3897508
0.53, 3897041
0.53, 3888300
0.60, 3871934
0.60, 3871545
0.60, 3860810
0.60, 3848363
0.60, 3845357
0.60, 3835259
0.60, 3823666
0.60, 3823636
0.60, 3821330
0.60, 3821141
0.60, 3813510
0.60, 3811780
0.62, 3806190
0.62, 3805160
0.62, 3804986
0.62, 3803614
0.62, 3774092
0.62, 3770009
0.62, 3755782
0.62, 3751073
0.62, 3751058
0.62, 3746952
0.62, 3739864
0.62, 3736964
0.62, 3712155
0.62, 3707590
0.62, 3692937
0.62, 3685868
0.62, 3670824
0.62, 3664153
0.62, 3663314
0.62, 3659963
0.62, 3655927
0.62, 3645208
0.62, 3633690
0.62, 3630130
0.62, 3622628
0.62, 3606182
0.62, 3604321
0.62, 3603393
0.62, 3597801
0.62, 3595140
0.62, 3539538
0.62, 3538527
0.62, 3530826
0.62, 3526444
0.62, 3526142
0.62, 3521873
0.62, 3501659
0.62, 3501520
0.62, 3488987
0.62, 3483057
0.62, 3482789
0.62, 3469432
0.62, 3467225
0.62, 3467099
0.69, 3465853
0.69, 3455944
0.69, 3445380
0.69, 3443481
0.69, 3429120
0.69, 3426523
0.69, 3420205
0.69, 3362498
0.69, 3362055
0.69, 3361500
0.69, 3361322
0.70, 3353026
0.70, 3314516
0.70, 3310654
0.70, 3300520
0.70, 3299498
0.70, 3294737
0.70, 3282287
0.73, 3271984
0.73, 3271506
0.73, 3267136
0.73, 3264646
0.73, 3257245
0.73, 3256038
0.73, 3251281
0.73, 3244383
0.73, 3243473
0.73, 3240358
0.73, 3199942
0.77, 3194928
0.77, 3183203
0.77, 3181224
0.77, 3179036
0.77, 3178488
0.77, 3163807
0.77, 3160388
0.77, 3147107
0.77, 3146116
0.77, 3133044
0.77, 3124272
0.77, 3118854
0.77, 3080645
0.77, 3075471
0.77, 3073954
0.78, 3061312
0.78, 3058385
0.78, 3055853
0.78, 3050503
0.78, 3043756
0.78, 3036119
0.78, 3033678
0.78, 3027849
0.78, 3015230
0.78, 3005642
0.78, 3004845
0.78, 2998332
0.78, 2993790
0.78, 2980222
0.79, 2978073
0.79, 2977005
0.79, 2967338
0.79, 2964428
0.79, 2943737
0.79, 2932819
0.81, 2923529
0.81, 2908033
0.83, 2898832
0.83, 2894428
0.83, 2879556
0.83, 2855012
0.83, 2853154
0.83, 2844254
0.83, 2813117
0.83, 2800888
0.83, 2797482
0.83, 2788959
0.83, 2788849
0.85, 2782681
0.85, 2780242
0.85, 2779230
0.85, 2776357
0.85, 2774465
0.93, 2759497
0.93, 2756876
0.93, 2753592
0.93, 2748751
0.93, 2746776
0.93, 2720649
0.93, 2720495
0.93, 2714838
0.93, 2710362
0.93, 2697340
0.93, 2694015
0.93, 2689636
0.93, 2687902
0.93, 2655236
0.93, 2639653
0.93, 2607506
0.93, 2606702
0.93, 2606125
0.98, 2604866
0.98, 2598036
0.99, 2560142
0.99, 2553061
0.99, 2550447
0.99, 2545469
0.99, 2537519
0.99, 2533450
0.99, 2525674
0.99, 2512612
0.99, 2511777
0.99, 2504552
0.99, 2501214
0.99, 2497986
0.99, 2496972
0.99, 2496578
0.99, 2496262
0.99, 2494324
0.99, 2488140
0.99, 2484706
0.99, 2463700
0.99, 2458743
0.99, 2458581
0.99, 2457235
0.99, 2455043
0.99, 2440334
0.99, 2433335
0.99, 2431585
0.99, 2410231
0.99, 2399910
0.99, 2394500
1.01, 2380091
1.01, 2378887
1.06, 2378111
1.08, 2372567
1.08, 2372466
1.08, 2371287
1.08, 2369514
1.08, 2364239
1.08, 2352733
1.08, 2347925
1.08, 2342469
1.08, 2338690
1.08, 2331384
1.08, 2310192
1.08, 2309898
1.08, 2286603
1.08, 2286120
1.08, 2278792
1.08, 2269205
1.08, 2267792
1.08, 2267661
1.08, 2250449
1.08, 2250162
1.08, 2243783
1.08, 2237881
1.13, 2223827
1.13, 2220881
1.14, 2202810
1.14, 2194180
1.14, 2191920
1.14, 2188812
1.14, 2185498
1.14, 2182690
1.14, 2160124
1.14, 2150619
1.16, 2144040
1.17, 2142887
1.17, 2142596
1.17, 2140557
1.17, 2136996
1.17, 2124938
1.17, 2124723
1.18, 2103281
1.18, 2101240
1.18, 2101156
1.18, 2090520
1.18, 2087380
1.18, 2086869
1.18, 2086062
1.19, 2083203
1.19, 2080092
1.19, 2067023
1.19, 2060851
1.19, 2058729
1.19, 2055748
1.19, 2050290
1.19, 2048387
1.19, 2036509
1.19, 2033269
1.19, 2029936
1.19, 2024849
1.19, 2011795
1.19, 2010493
1.19, 1997306
1.19, 1996071
1.19, 1986210
1.19, 1976335
1.19, 1970270
1.19, 1969020
1.19, 1963527
1.19, 1962656
1.19, 1960339
1.19, 1959730
1.25, 1957464
1.25, 1954107
1.27, 1953250
1.27, 1947402
1.27, 1943754
1.27, 1941602
1.27, 1937953
1.27, 1935837
1.28, 1934494
1.28, 1928637
1.29, 1920298
1.29, 1919403
1.29, 1916439
1.29, 1915110
1.29, 1907474
1.29, 1903367
1.29, 1885302
1.29, 1884007
1.29, 1881528
1.29, 1868923
1.29, 1866726
1.29, 1861223
1.29, 1857958
1.29, 1855471
1.29, 1853064
1.29, 1845871
1.29, 1845554
1.29, 1843829
1.29, 1839545
1.29, 1838124
1.29, 1826003
1.29, 1825001
1.29, 1824660
1.29, 1823085
1.30, 1822429
1.30, 1811217
1.30, 1809864
1.30, 1809235
1.30, 1802660
1.30, 1799079
1.30, 1789524
1.30, 1786524
1.30, 1778216
1.30, 1777690
1.30, 1776131
1.30, 1775230
1.30, 1774994
1.30, 1770937
1.30, 1768496
1.30, 1767200
1.30, 1767079
1.30, 1761568
1.30, 1755572
1.30, 1753825
1.31, 1748381
1.40, 1746186
1.40, 1745648
1.40, 1736469
1.40, 1733535
1.40, 1729160
1.40, 1727939
1.40, 1724276
1.40, 1710886
1.40, 1705132
1.40, 1701030
1.40, 1696173
1.43, 1695052
1.43, 1693556
1.43, 1690705
1.43, 1687884
1.43, 1687016
1.43, 1686972
1.43, 1684522
1.43, 1684341
1.43, 1682190
1.43, 1680366
1.43, 1679253
1.43, 1676805
1.43, 1671699
1.43, 1667378
1.43, 1654432
1.43, 1648743
1.43, 1646300
1.43, 1645183
1.43, 1642580
1.43, 1642152
1.43, 1639569
1.43, 1637434
1.43, 1637080
1.43, 1635372
1.43, 1631033
1.43, 1629706
1.43, 1628575
1.43, 1626842
1.43, 1625086
1.43, 1622533
1.43, 1621174
1.45, 1617293
1.45, 1617130
1.45, 1616979
1.45, 1616965
1.45, 1616662
1.45, 1608103
1.46, 1607371
1.46, 1604923
1.46, 1603785
1.46, 1603187
1.46, 1599990
1.46, 1596083
1.46, 1592455
1.46, 1587008
1.48, 1586326
1.48, 1582095
1.48, 1579424
1.48, 1577150
1.48, 1574708
1.48, 1566190
1.48, 1562020
1.48, 1560565
1.48, 1559725
1.48, 1557995
1.48, 1557017
1.48, 1554566
1.48, 1553144
1.48, 1552726
1.48, 1549878
1.48, 1547908
1.48, 1545037
1.48, 1544587
1.48, 1543055
1.48, 1542987
1.48, 1539602
1.48, 1539263
1.48, 1537928
1.48, 1534408
1.48, 1529716
1.48, 1527494
1.48, 1520149
1.48, 1515581
1.48, 1513831
1.48, 1511268
1.48, 1507434
1.48, 1498837
1.49, 1480491
1.49, 1479554
1.49, 1479448
1.49, 1478470
1.49, 1471351
1.49, 1470856
1.49, 1465833
1.49, 1455420
1.49, 1454569
1.49, 1446344
1.49, 1446282
1.56, 1445083
1.56, 1437541
1.56, 1436818
1.56, 1436651
1.56, 1435556
1.56, 1435509
1.56, 1431289
1.56, 1430011
1.56, 1426278
1.56, 1425318
1.56, 1422121
1.58, 1416823
1.59, 1413504
1.59, 1407706
1.59, 1401368
1.59, 1400714
1.59, 1399463
1.59, 1399124
1.59, 1396215
1.59, 1395794
1.59, 1393179
1.59, 1387663
1.59, 1386676
1.59, 1381878
1.59, 1381819
1.59, 1377519
1.59, 1374995
1.59, 1372425
1.59, 1366788
1.59, 1365584
1.59, 1363314
1.59, 1360193
1.59, 1355333
1.59, 1345222
1.62, 1343292
1.62, 1337480
1.62, 1337071
1.62, 1336640
1.62, 1333353
1.62, 1333216
1.62, 1332484
1.62, 1332029
1.62, 1328603
1.62, 1324955
1.62, 1324210
1.62, 1323632
1.64, 1321030
1.64, 1317704
1.64, 1317423
1.64, 1308498
1.64, 1308284
1.64, 1303499
1.64, 1300299
1.64, 1299984
1.64, 1298428
1.65, 1289978
1.65, 1286138
1.65, 1286133
1.65, 1278776
1.65, 1277084
1.65, 1275051
1.65, 1270285
1.65, 1269890
1.65, 1264954
1.65, 1264376
1.65, 1262570
1.65, 1262338
1.65, 1261363
1.70, 1258296
1.70, 1255813
1.77, 1255146
1.77, 1245365
1.77, 1239882
1.77, 1234461
1.77, 1233723
1.77, 1232465
1.77, 1222829
1.77, 1221025
1.77, 1219181
1.77, 1215322
1.77, 1212847
1.77, 1212089
1.77, 1210488
1.77, 1206260
1.77, 1197016
1.77, 1196476
1.77, 1194632
1.77, 1194269
1.77, 1184725
1.77, 1182955
1.77, 1182065
1.77, 1181240
1.77, 1180917
1.77, 1175718
1.79, 1175494
1.79, 1174938
1.79, 1174449
1.79, 1172305
1.79, 1171404
1.79, 1169208
1.79, 1165719
1.79, 1163653
1.81, 1162860
1.85, 1162478
1.85, 1162173
1.85, 1162168
1.85, 1162041
1.86, 1161342
1.87, 1160792
1.87, 1158792
1.87, 1156249
1.87, 1155776
1.87, 1152767
1.87, 1149793
1.87, 1148058
1.87, 1146746
1.87, 1143495
1.87, 1142497
1.87, 1140533
1.87, 1140220
1.87, 1136999
1.87, 1136503
1.90, 1135935
1.91, 1131294
1.91, 1128548
1.91, 1128529
1.91, 1128164
1.91, 1128071
1.91, 1127237
1.91, 1127113
1.91, 1126412
1.91, 1125745
1.91, 1125166
1.92, 1123979
1.92, 1121995
1.92, 1120768
1.92, 1120564
1.92, 1119810
1.92, 1116079
1.92, 1114598
1.92, 1113570
1.92, 1112166
1.92, 1110113
1.92, 1109172
1.92, 1107085
1.92, 1106709
1.92, 1100386
1.92, 1100055
1.92, 1098713
1.92, 1098107
1.92, 1088921
1.92, 1085769
1.92, 1084614
1.92, 1084574
1.92, 1084514
1.92, 1081865
1.92, 1080922
1.92, 1076317
1.92, 1071947
1.93, 1068856
1.93, 1068556
1.93, 1066319
1.93, 1066110
1.93, 1060200
1.93, 1057273
1.93, 1056178
1.93, 1055611
1.93, 1054054
1.93, 1053802
1.93, 1052699
1.93, 1051527
1.93, 1049822
1.93, 1049297
1.93, 1047999
1.93, 1044985
1.93, 1044158
1.93, 1040591
1.93, 1034004
1.93, 1031827
1.93, 1030332
1.94, 1028834
1.94, 1023854
1.94, 1022194
1.94, 1022182
1.97, 1021766
1.97, 1015120
1.97, 1012481
1.97, 1010142
1.98, 1009888
1.98, 1005808
1.98, 1003018
1.98, 996232
1.98, 993264
1.98, 992648
1.98, 991616
1.98, 989254
1.98, 988567
1.98, 988524
1.98, 987543
1.98, 978509
1.98, 975416
1.98, 975107
1.98, 975007
1.98, 972544
1.98, 969657
1.98, 962990
2.05, 960862
2.05, 960415
2.05, 960095
2.05, 955446
2.05, 949348
2.05, 946530
2.05, 946487
2.05, 945284
2.05, 943322
2.05, 942161
2.05, 941199
2.05, 940089
2.05, 939971
2.05, 939158
2.08, 937323
2.08, 937216
2.08, 933402
2.08, 932114
2.08, 931580
2.08, 929460
2.08, 928585
2.08, 925586
2.08, 924585
2.08, 924363
2.08, 923017
2.08, 922930
2.08, 922794
2.08, 921818
2.08, 920648
2.08, 918848
2.08, 915940
2.08, 912564
2.08, 910299
2.08, 910284
2.08, 909273
2.08, 907964
2.08, 907858
2.08, 906287
2.08, 906286
2.19, 904940
2.19, 904535
2.19, 898305
2.19, 897998
2.19, 897483
2.19, 895713
2.19, 895408
2.19, 894819
2.19, 894387
2.19, 893577
2.19, 893494
2.19, 891145
2.19, 890615
2.19, 890287
2.19, 888119
2.19, 888113
2.19, 887663
2.20, 886796
2.20, 885878
2.20, 884775
2.20, 884766
2.20, 884442
2.20, 884380
2.20, 884107
2.20, 884098
2.22, 882997
2.22, 881822
2.22, 881359
2.22, 880213
2.22, 879469
2.22, 877184
2.22, 873180
2.22, 869635
2.22, 869527
2.22, 868926
2.22, 868788
2.22, 867645
2.22, 867313
2.22, 867162
2.22, 865605
2.22, 865020
2.22, 864882
2.25, 862917
2.25, 861648
2.25, 860722
2.25, 859118
2.25, 858239
2.25, 857345
2.25, 856250
2.25, 856222
2.25, 855408
2.25, 855098
2.25, 853980
2.27, 850843
2.27, 848437
2.27, 848084
2.27, 847986
2.27, 846930
2.27, 844482
2.27, 843671
2.27, 841345
2.28, 841102
2.28, 840388
2.28, 839734
2.28, 839263
2.31, 838362
2.31, 838289
2.31, 835851
2.31, 835684
2.31, 835477
2.31, 831839
2.32, 831433
2.32, 831189
2.32, 830730
2.32, 830698
2.32, 830104
2.32, 829749
2.33, 827851
2.33, 827667
2.33, 827034
2.33, 825246
2.33, 824458
2.33, 823728
2.33, 823401
2.33, 822777
2.33, 821345
2.33, 819073
2.33, 817912
2.34, 817828
2.34, 817505
2.34, 816212
2.34, 815993
2.34, 810746
2.34, 809276
2.34, 809256
2.35, 806704
2.35, 806268
2.35, 804149
2.35, 803238
2.35, 801427
2.37, 801074
2.37, 799436
2.37, 798064
2.48, 797180
2.48, 797091
2.48, 796012
2.48, 794777
2.48, 793206
2.48, 792574
2.48, 792129
2.48, 792030
2.49, 791155
2.49, 789974
2.49, 788261
2.49, 787694
2.49, 787136
2.49, 785018
2.50, 784545
2.50, 784102
2.50, 782839
2.50, 779199
2.50, 777905
2.50, 776710
2.50, 776223
2.50, 776064
2.53, 775837
2.53, 775652
2.53, 775121
2.53, 775087
2.53, 774412
2.53, 774411
2.53, 772479
2.53, 771856
2.53, 771397
2.53, 769658
2.54, 769596
2.54, 767790
2.54, 765887
2.54, 764327
2.54, 763886
2.54, 763670
2.54, 762957
2.54, 762683
2.54, 762596
2.54, 761654
2.54, 761566
2.54, 760485
2.56, 758573
2.56, 758279
2.56, 757729
2.56, 755542
2.56, 751954
2.56, 751433
2.61, 751021
2.62, 750929
2.62, 750605
2.62, 749836
2.62, 748477
2.62, 747767
2.62, 747583
2.63, 747020
2.63, 746563
2.63, 745125
2.63, 743378
2.63, 743163
2.63, 742823
2.68, 742616
2.68, 741433
2.70, 741068
2.70, 740048
2.70, 739442
2.70, 739206
2.70, 738069
2.70, 737821
2.71, 735404
2.71, 734668
2.71, 733618
2.71, 733476
2.72, 733001
2.72, 731000
2.72, 730946
2.72, 730856
2.72, 729641
2.72, 728521
2.72, 727416
2.72, 727320
2.72, 727141
2.72, 726470
2.72, 726380
2.73, 725816
2.73, 725359
2.73, 725017
2.73, 724619
2.73, 724070
2.73, 723305
2.79, 722325
2.79, 722174
2.79, 721709
2.79, 721595
2.86, 721500
2.86, 721487
2.86, 721440
2.86, 721175
2.86, 721154
2.88, 720890
2.90, 719698
2.90, 719590
2.90, 719385
2.90, 719331
2.90, 718611
2.92, 718447
2.92, 718125
2.92, 716461
2.92, 715630
2.92, 714171
2.94, 713701
2.94, 713656
2.94, 712725
2.94, 711910
2.94, 711536
2.94, 710102
2.94, 709915
2.95, 709315
2.95, 709192
2.95, 708054
2.95, 707618
2.95, 707395
2.95, 707278
2.95, 706821
2.95, 706781
2.96, 706405
2.96, 706254
2.96, 705478
2.96, 704702
2.96, 703348
2.98, 703087
2.98, 702773
2.98, 702625
2.99, 702477
3.00, 702156
3.00, 701941
3.00, 700827
3.00, 700664
3.00, 699729
3.00, 699464
3.01, 699161
3.01, 698651
3.01, 698479
3.01, 697786
3.02, 697533
3.02, 696090
3.02, 695734
3.02, 694622
3.02, 694523
3.02, 694501
3.02, 694137
3.03, 693907
3.04, 693559
3.04, 692396
3.04, 691094
3.04, 690781
3.04, 690582
3.04, 690365
3.04, 690360
3.06, 690259
3.06, 690243
3.06, 689781
3.06, 689051
3.06, 687669
3.06, 687558
3.06, 687373
3.07, 687148
3.07, 686966
3.11, 686876
3.11, 686750
3.12, 686603
3.12, 686481
3.13, 686357
3.13, 686321
3.13, 686320
3.13, 686245
3.13, 684320
3.13, 683562
3.13, 683557
3.14, 682877
3.24, 682700
3.24, 682508
3.24, 682370
3.24, 682225
3.25, 682076
3.25, 682054
3.25, 681694
3.25, 681518
3.25, 680261
3.25, 679891
3.30, 679584
3.30, 679308
3.30, 678522
3.30, 677313
3.30, 677285
3.31, 677053
3.31, 676298
3.31, 676106
3.31, 676000
3.31, 675764
3.32, 675713
3.32, 675677
3.32, 675425
3.32, 674560
3.32, 674060
3.32, 673855
3.32, 673571
3.33, 673535
3.33, 672808
3.33, 672562
3.33, 672326
3.34, 672290
3.37, 671569
3.37, 671382
3.37, 670947
3.37, 670945
3.37, 670611
3.38, 670394
3.38, 670134
3.46, 669574
3.48, 669332
3.48, 669329
3.49, 668558
3.49, 668392
3.50, 667892
3.50, 667571
3.50, 667511
3.50, 666833
3.51, 666753
3.51, 666584
3.51, 666556
3.51, 666296
3.57, 666288
3.62, 666115
3.64, 665968
3.70, 665924
3.71, 665921
3.88, 665613
3.88, 665553
3.88, 665493
3.88, 665432
3.99, 665312
4.01, 665284
4.01, 665281
4.21, 665226
4.25, 665221
4.30, 665083
4.30, 664739
4.31, 664712
4.32, 664595
4.36, 664594
4.36, 664591
4.36, 664564
4.41, 664562
15.65, 663258
15.65, 662609
15.65, 662451
15.65, 662387
15.66, 662245
15.93, 662044
15.93, 661933
15.98, 661786
15.99, 661581
15.99, 661293
16.00, 661021
16.00, 660961
16.12, 660786
16.13, 660754
16.13, 660565
16.14, 660079
16.23, 659953
16.24, 659606
16.24, 659456
16.24, 659158
16.25, 659136
16.42, 659091
16.44, 658919
16.45, 658887
16.45, 658827
16.46, 658805
16.48, 658777
16.84, 658759
16.85, 658727
