0.01, 7627130
0.01, 7626627
0.01, 7616443
0.01, 7615793
0.01, 7606203
0.01, 7518473
0.01, 7512013
0.01, 7508567
0.01, 7507215
0.01, 7507087
0.01, 7495973
0.01, 7489264
0.01, 7485673
0.01, 7484824
0.01, 7472196
0.01, 7469636
0.01, 7466699
0.01, 7460105
0.01, 7458228
0.01, 7443909
0.01, 7429558
0.01, 7428922
0.01, 7413884
0.01, 7413144
0.01, 7387216
0.01, 7318745
0.01, 7307556
0.01, 7298114
0.01, 7273911
0.01, 7183621
0.01, 7163900
0.01, 7160365
0.01, 7140572
0.01, 7137537
0.01, 7134640
0.01, 7028085
0.01, 7022835
0.01, 7017228
0.01, 7006468
0.01, 7002105
0.01, 6911621
0.01, 6904358
0.01, 6903573
0.01, 6872645
0.01, 6847725
0.01, 6845809
0.01, 6840098
0.01, 6817593
0.01, 6815343
0.01, 6797799
0.01, 6791679
0.01, 6788842
0.01, 6782847
0.01, 6762779
0.01, 6752703
0.01, 6738745
0.01, 6729210
0.01, 6728515
0.01, 6725086
0.01, 6722512
0.01, 6712702
0.01, 6703572
0.01, 6702524
0.01, 6685240
0.01, 6682734
0.01, 6663090
0.01, 6657909
0.01, 6616870
0.01, 6607155
0.01, 6601326
0.01, 6596613
0.01, 6578964
0.01, 6573119
0.01, 6557004
0.01, 6543782
0.01, 6533189
0.01, 6524245
0.01, 6523668
0.01, 6521054
0.01, 6508586
0.01, 6507012
0.01, 6477933
0.01, 6477567
0.01, 6463217
0.01, 6455784
0.01, 6446204
0.01, 6445450
0.01, 6429835
0.01, 6428663
0.01, 6418181
0.01, 6409364
0.01, 6402083
0.01, 6373204
0.01, 6364679
0.01, 6333579
0.01, 6333143
0.01, 6331758
0.01, 6331516
0.01, 6320443
0.01, 6319676
0.01, 6311425
0.01, 6303975
0.01, 6300779
0.01, 6299509
0.01, 6288779
0.01, 6226002
0.01, 6217010
0.01, 6209567
0.01, 6203193
0.01, 6198281
0.01, 6196953
0.01, 6178135
0.01, 6167672
0.01, 6123458
0.01, 6118026
0.01, 6103234
0.01, 6082707
0.01, 6049441
0.01, 6030071
0.01, 6029013
0.01, 6013012
0.02, 6001178
0.02, 6000243
0.02, 5999344
0.02, 5993030
0.02, 5957519
0.02, 5951377
0.02, 5945255
0.02, 5939590
0.02, 5913778
0.02, 5872026
0.02, 5869654
0.02, 5845237
0.02, 5842759
0.02, 5829168
0.02, 5827916
0.02, 5809954
0.02, 5783515
0.02, 5783512
0.02, 5781692
0.02, 5744492
0.02, 5736448
0.02, 5733163
0.02, 5726193
0.02, 5725224
0.02, 5719885
0.02, 5705341
0.02, 5705028
0.02, 5703802
0.02, 5703688
0.02, 5694022
0.02, 5690324
0.02, 5678643
0.02, 5662943
0.02, 5652420
0.02, 5645461
0.02, 5645267
0.02, 5579385
0.02, 5563396
0.02, 5557020
0.02, 5547336
0.02, 5511033
0.02, 5493463
0.02, 5433967
0.02, 5433017
0.03, 5377558
0.03, 5359540
0.03, 5289941
0.03, 5260788
0.03, 5259309
0.03, 5258124
0.03, 5255948
0.03, 5208855
0.03, 5203860
0.06, 5201629
0.06, 5180806
0.06, 5177797
0.06, 5175880
0.06, 5160143
0.06, 5146740
0.06, 5146681
0.06, 5104203
0.06, 5102612
0.06, 5099942
0.16, 5091617
0.16, 5059527
0.16, 5041084
0.17, 5026360
0.17, 5026095
0.17, 5021115
0.17, 5016127
0.17, 5008436
0.17, 4980890
0.17, 4875602
0.17, 4862026
0.17, 4854331
0.17, 4847770
0.17, 4832913
0.17, 4831714
0.17, 4813972
0.17, 4808823
0.18, 4800833
0.18, 4796866
0.18, 4786794
0.20, 4772698
0.20, 4762497
0.24, 4759295
0.24, 4757989
0.24, 4745122
0.24, 4738581
0.24, 4732329
0.24, 4729672
0.24, 4708250
0.24, 4652690
0.24, 4645346
0.34, 4625676
0.36, 4625078
0.36, 4611248
0.36, 4578922
0.36, 4570894
0.37, 4533732
0.37, 4527913
0.37, 4526778
0.37, 4519551
0.37, 4515219
0.37, 4484098
0.37, 4483588
0.37, 4477811
0.37, 4460034
0.38, 4459199
0.38, 4456544
0.38, 4436511
0.38, 4415345
0.38, 4404102
0.38, 4403778
0.38, 4401385
0.38, 4399582
0.38, 4369417
0.38, 4363509
0.41, 4356170
0.41, 4352244
0.42, 4337687
0.42, 4334507
0.42, 4334248
0.44, 4332321
0.44, 4332041
0.44, 4322526
0.44, 4320152
0.44, 4318216
0.44, 4274072
0.44, 4267338
0.44, 4266398
0.44, 4256588
0.46, 4199604
0.46, 4191539
0.46, 4187571
0.46, 4181724
0.46, 4179021
0.46, 4173998
0.46, 4170498
0.46, 4168168
0.46, 4167280
0.46, 4156091
0.46, 4142415
0.46, 4135332
0.46, 4134311
0.46, 4134218
0.46, 4133530
0.46, 4133440
0.46, 4125965
0.46, 4074470
0.46, 4054724
0.46, 4050639
0.50, 4048311
0.50, 4044343
0.50, 4018884
0.50, 4015102
0.50, 4002475
0.50, 4001652
0.50, 3980333
0.51, 3958920
0.51, 3958278
0.51, 3952724
0.54, 3895748
0.54, 3893134
0.54, 3889695
0.54, 3885946
0.54, 3885253
0.54, 3882499
0.54, 3882113
0.54, 3877852
0.54, 3856325
0.54, 3856140
0.54, 3843746
0.54, 3807458
0.55, 3776548
0.55, 3774016
0.55, 3760595
0.55, 3760520
0.55, 3756015
0.55, 3754579
0.55, 3751777
0.55, 3751672
0.55, 3733223
0.55, 3704108
0.55, 3702959
0.55, 3702805
0.55, 3695071
0.55, 3691351
0.55, 3689748
0.55, 3683243
0.61, 3676478
0.61, 3662694
0.61, 3655640
0.61, 3652376
0.64, 3642091
0.64, 3627176
0.64, 3626522
0.64, 3617751
0.64, 3614176
0.64, 3611356
0.64, 3610021
0.64, 3609588
0.64, 3605040
0.64, 3604970
0.64, 3591203
0.65, 3575464
0.65, 3564578
0.65, 3564255
0.65, 3553578
0.65, 3551569
0.66, 3545107
0.66, 3541469
0.66, 3526252
0.66, 3525214
0.66, 3523932
0.67, 3514254
0.67, 3500444
0.67, 3499178
0.67, 3498772
0.67, 3468165
0.67, 3463950
0.67, 3447880
0.67, 3445097
0.67, 3438059
0.67, 3434526
0.67, 3407474
0.67, 3405885
0.67, 3386985
0.67, 3383035
0.67, 3364915
0.67, 3348334
0.67, 3342748
0.67, 3341308
0.71, 3341254
0.71, 3334852
0.72, 3334156
0.72, 3328915
0.72, 3307525
0.72, 3305951
0.72, 3304849
0.72, 3301169
0.72, 3299681
0.72, 3295026
0.72, 3292802
0.72, 3282740
0.72, 3282076
0.72, 3279443
0.72, 3277393
0.72, 3264843
0.72, 3262252
0.72, 3258289
0.72, 3249838
0.72, 3232903
0.73, 3230427
0.73, 3230414
0.73, 3218842
0.73, 3203018
0.73, 3200460
0.73, 3198845
0.73, 3198238
0.73, 3197085
0.73, 3192834
0.73, 3160574
0.73, 3150338
0.79, 3139171
0.79, 3136578
0.79, 3119179
0.79, 3106214
0.79, 3075740
0.79, 3075589
0.79, 3071835
0.79, 3065672
0.79, 3064753
0.79, 3058532
0.79, 3055722
0.79, 3051931
0.79, 3009844
0.79, 3009729
0.79, 3002389
0.79, 2980791
0.79, 2974493
0.79, 2967236
0.80, 2951027
0.80, 2950319
0.80, 2948319
0.80, 2948147
0.81, 2947802
0.81, 2943516
0.81, 2930243
0.81, 2928944
0.81, 2909683
0.81, 2908284
0.81, 2896887
0.81, 2894821
0.81, 2888053
0.81, 2878377
0.85, 2877865
0.85, 2871114
0.85, 2854197
0.85, 2848823
0.85, 2843870
0.88, 2843650
0.88, 2842666
0.88, 2824136
0.88, 2820813
0.88, 2810055
0.88, 2803717
0.88, 2795651
0.88, 2792298
0.90, 2786748
0.90, 2785203
0.90, 2766153
0.91, 2765471
0.91, 2750207
0.91, 2742999
0.91, 2741377
0.91, 2741339
0.91, 2740827
0.91, 2731346
0.91, 2723211
0.91, 2721883
0.91, 2713289
0.91, 2708432
0.91, 2708261
0.93, 2706703
0.93, 2694813
0.93, 2676723
0.93, 2675094
0.93, 2673632
0.93, 2666108
0.93, 2664254
0.93, 2664081
0.93, 2657292
0.93, 2655308
0.93, 2654627
0.93, 2648856
0.93, 2647270
0.93, 2646093
0.93, 2642198
0.93, 2641433
0.93, 2637414
0.93, 2625079
0.93, 2620057
0.93, 2615791
0.93, 2594238
0.94, 2579431
0.95, 2570289
0.95, 2568346
0.95, 2538826
0.95, 2537331
0.95, 2530339
0.95, 2527233
0.95, 2524243
0.95, 2524229
0.95, 2493146
0.95, 2489212
0.95, 2484849
0.95, 2481463
0.95, 2477760
0.95, 2474461
1.03, 2463934
1.03, 2462213
1.03, 2461226
1.07, 2450095
1.07, 2429031
1.07, 2429029
1.07, 2428886
1.07, 2428716
1.07, 2426301
1.07, 2417340
1.07, 2415241
1.07, 2409112
1.07, 2408612
1.07, 2408489
1.07, 2406060
1.07, 2377602
1.07, 2375854
1.07, 2374411
1.07, 2371877
1.07, 2352623
1.07, 2352619
1.07, 2352169
1.07, 2329027
1.07, 2323796
1.07, 2322550
1.07, 2309359
1.07, 2300824
1.07, 2298382
1.07, 2277819
1.07, 2273551
1.07, 2269097
1.07, 2261958
1.07, 2254282
1.07, 2249312
1.07, 2246081
1.07, 2241293
1.07, 2223998
1.07, 2220070
1.07, 2213347
1.07, 2212536
1.07, 2208299
1.07, 2201180
1.07, 2199530
1.07, 2196810
1.11, 2196609
1.11, 2185523
1.11, 2185063
1.11, 2173384
1.11, 2172508
1.11, 2171675
1.11, 2171543
1.11, 2168215
1.11, 2165724
1.11, 2153778
1.11, 2151820
1.11, 2149634
1.11, 2146147
1.11, 2121606
1.11, 2117035
1.11, 2115938
1.11, 2111631
1.16, 2108896
1.16, 2107228
1.16, 2101081
1.17, 2090305
1.17, 2088857
1.17, 2087379
1.19, 2084730
1.19, 2075209
1.19, 2071083
1.19, 2066311
1.19, 2059357
1.19, 2059119
1.19, 2058605
1.19, 2056111
1.19, 2054458
1.19, 2053498
1.19, 2040408
1.19, 2039932
1.19, 2038922
1.22, 2031099
1.22, 2023359
1.22, 2020373
1.22, 2020265
1.22, 2019869
1.22, 2016070
1.22, 2014543
1.22, 2012000
1.22, 2006769
1.22, 1988984
1.22, 1988797
1.22, 1983295
1.22, 1974975
1.22, 1974540
1.22, 1972368
1.22, 1971247
1.22, 1970924
1.22, 1960361
1.22, 1955277
1.22, 1948174
1.22, 1942923
1.22, 1935143
1.22, 1934320
1.22, 1933233
1.22, 1930999
1.22, 1927639
1.22, 1922330
1.22, 1921271
1.22, 1920063
1.22, 1918200
1.22, 1917464
1.22, 1908115
1.23, 1901555
1.23, 1900392
1.23, 1899328
1.23, 1898757
1.23, 1896276
1.23, 1893575
1.23, 1891761
1.23, 1891606
1.23, 1890047
1.26, 1890015
1.26, 1878374
1.26, 1872628
1.26, 1870897
1.26, 1865579
1.26, 1861941
1.26, 1855429
1.26, 1852268
1.28, 1842445
1.28, 1841764
1.28, 1841252
1.28, 1839619
1.28, 1838876
1.28, 1829664
1.28, 1824592
1.28, 1823481
1.28, 1822773
1.28, 1822481
1.28, 1818826
1.28, 1817866
1.28, 1817482
1.28, 1807742
1.28, 1806968
1.28, 1803776
1.28, 1801180
1.28, 1800590
1.28, 1794717
1.28, 1787085
1.28, 1785862
1.39, 1767215
1.39, 1766978
1.39, 1763101
1.39, 1762074
1.39, 1761628
1.39, 1761179
1.39, 1760962
1.39, 1758490
1.39, 1757651
1.39, 1750105
1.39, 1749714
1.39, 1734142
1.39, 1733804
1.39, 1732295
1.39, 1730484
1.39, 1715097
1.39, 1711304
1.39, 1710209
1.39, 1710107
1.39, 1706719
1.39, 1705443
1.39, 1701995
1.39, 1701190
1.39, 1697461
1.39, 1694484
1.39, 1693578
1.39, 1691666
1.39, 1691256
1.39, 1682010
1.40, 1678151
1.40, 1675691
1.40, 1675084
1.40, 1671424
1.40, 1664412
1.40, 1661653
1.40, 1659292
1.40, 1659118
1.40, 1654708
1.40, 1654489
1.40, 1643499
1.40, 1639882
1.40, 1627277
1.40, 1627264
1.40, 1623252
1.41, 1622028
1.41, 1621969
1.41, 1621237
1.41, 1610585
1.41, 1610218
1.41, 1609754
1.45, 1608927
1.45, 1604877
1.46, 1602750
1.50, 1599473
1.50, 1596850
1.50, 1594974
1.50, 1594858
1.50, 1594487
1.50, 1592614
1.50, 1589066
1.50, 1588694
1.50, 1585382
1.50, 1582730
1.50, 1581384
1.50, 1578834
1.50, 1574416
1.50, 1569708
1.50, 1568072
1.50, 1564061
1.50, 1556394
1.51, 1555874
1.51, 1555578
1.51, 1554103
1.51, 1549532
1.51, 1548910
1.51, 1547721
1.51, 1547382
1.51, 1547214
1.51, 1544345
1.51, 1541040
1.51, 1540878
1.51, 1540844
1.51, 1538433
1.51, 1536828
1.51, 1535071
1.51, 1532282
1.51, 1531784
1.51, 1528010
1.51, 1525753
1.51, 1525488
1.51, 1523131
1.51, 1521347
1.52, 1521230
1.52, 1515859
1.52, 1515458
1.52, 1513805
1.52, 1511677
1.52, 1511597
1.52, 1510017
1.52, 1508290
1.52, 1504952
1.52, 1502281
1.52, 1500806
1.52, 1499617
1.52, 1495665
1.52, 1495428
1.53, 1485877
1.53, 1485257
1.53, 1483667
1.53, 1481590
1.53, 1477453
1.53, 1476125
1.53, 1473983
1.53, 1471329
1.53, 1470511
1.53, 1466377
1.53, 1457730
1.53, 1455255
1.53, 1454582
1.53, 1447086
1.53, 1446827
1.53, 1446505
1.53, 1445845
1.57, 1439681
1.57, 1439670
1.57, 1439571
1.57, 1437299
1.57, 1432091
1.57, 1432079
1.57, 1427833
1.57, 1427409
1.57, 1427006
1.57, 1424869
1.57, 1423656
1.57, 1419112
1.57, 1410528
1.59, 1410464
1.59, 1407432
1.59, 1404447
1.59, 1404005
1.59, 1403943
1.61, 1392152
1.61, 1389754
1.61, 1387795
1.61, 1386515
1.61, 1385721
1.61, 1384819
1.61, 1381085
1.61, 1377699
1.61, 1374799
1.61, 1371337
1.61, 1371215
1.61, 1368143
1.61, 1367875
1.61, 1365610
1.62, 1365111
1.62, 1359823
1.62, 1357275
1.62, 1355965
1.62, 1354194
1.62, 1352738
1.62, 1351145
1.62, 1346355
1.64, 1343337
1.64, 1340127
1.65, 1336183
1.65, 1333489
1.65, 1332705
1.65, 1331877
1.65, 1331542
1.65, 1329834
1.65, 1328547
1.65, 1327016
1.65, 1325549
1.65, 1325478
1.65, 1323706
1.65, 1322734
1.65, 1322528
1.65, 1307328
1.68, 1307218
1.68, 1301266
1.68, 1298793
1.68, 1296453
1.68, 1288500
1.68, 1288119
1.68, 1284696
1.68, 1284081
1.68, 1283586
1.68, 1283435
1.73, 1283307
1.73, 1281930
1.73, 1279304
1.73, 1278773
1.73, 1274212
1.73, 1271545
1.73, 1265071
1.73, 1263087
1.73, 1261195
1.73, 1259776
1.73, 1258065
1.75, 1256937
1.75, 1256143
1.75, 1256117
1.76, 1253912
1.76, 1248886
1.76, 1247871
1.76, 1247543
1.76, 1246855
1.76, 1246611
1.76, 1245274
1.76, 1244185
1.77, 1244181
1.77, 1244103
1.77, 1243812
1.77, 1241048
1.77, 1240508
1.77, 1240153
1.77, 1237568
1.77, 1237551
1.77, 1237431
1.77, 1236461
1.77, 1235869
1.77, 1232298
1.77, 1224817
1.77, 1222200
1.77, 1202922
1.77, 1202277
1.77, 1201896
1.77, 1196920
1.77, 1196866
1.77, 1195409
1.77, 1194655
1.77, 1194447
1.77, 1194008
1.77, 1193037
1.80, 1183541
1.80, 1183023
1.82, 1182656
1.82, 1180559
1.82, 1180478
1.82, 1173825
1.82, 1173500
1.82, 1173496
1.82, 1162418
1.82, 1160418
1.82, 1158556
1.82, 1156651
1.82, 1156168
1.82, 1155587
1.82, 1154266
1.82, 1154210
1.82, 1153521
1.82, 1149356
1.82, 1148292
1.82, 1144446
1.84, 1142494
1.84, 1135619
1.84, 1135309
1.84, 1133657
1.84, 1132988
1.84, 1132194
1.84, 1129786
1.84, 1128620
1.84, 1127278
1.84, 1126421
1.84, 1125340
1.84, 1124546
1.84, 1121877
1.84, 1120934
1.84, 1117121
1.84, 1116545
1.84, 1115906
1.84, 1112951
1.84, 1111749
1.84, 1107526
1.84, 1107112
1.84, 1105939
1.84, 1104771
1.92, 1102551
1.92, 1102424
1.93, 1100876
1.93, 1099742
1.93, 1098492
1.93, 1098091
1.93, 1097131
1.93, 1095438
1.93, 1093547
1.94, 1091635
1.94, 1090976
1.94, 1088381
1.94, 1086005
1.94, 1084590
1.94, 1084220
1.94, 1083676
1.95, 1083085
1.95, 1082082
1.95, 1081263
1.95, 1079490
1.95, 1077992
1.95, 1076526
1.95, 1075713
1.95, 1074665
1.95, 1068836
1.95, 1068209
1.95, 1064163
1.95, 1064077
1.95, 1064047
1.95, 1062874
1.95, 1062831
1.95, 1061538
1.95, 1060973
1.97, 1055728
1.97, 1054392
1.97, 1051075
1.97, 1051053
1.98, 1050037
1.98, 1047396
1.98, 1046429
1.98, 1045595
1.98, 1045352
1.98, 1041836
1.98, 1036280
1.98, 1036176
1.98, 1033450
1.98, 1030371
1.98, 1028181
1.98, 1028104
1.98, 1027591
1.98, 1026004
1.98, 1025230
1.98, 1024947
1.98, 1018526
1.98, 1018214
1.99, 1013717
1.99, 1011723
1.99, 1008760
1.99, 1008677
1.99, 1007434
2.02, 1006630
2.02, 1006169
2.02, 1003092
2.02, 1003007
2.02, 1001477
2.02, 1001151
2.02, 998680
2.02, 997747
2.02, 996796
2.02, 996541
2.02, 994909
2.02, 993093
2.02, 992164
2.02, 990886
2.03, 990463
2.03, 988660
2.03, 987802
2.03, 985608
2.03, 984484
2.03, 981852
2.03, 977904
2.03, 977016
2.03, 976830
2.03, 975420
2.03, 974308
2.03, 973102
2.03, 972955
2.10, 972215
2.10, 970144
2.10, 969968
2.10, 968887
2.10, 967565
2.10, 967397
2.10, 966419
2.10, 966303
2.10, 965911
2.10, 965736
2.10, 965573
2.10, 964908
2.10, 964533
2.10, 964279
2.10, 963166
2.10, 962720
2.10, 958157
2.10, 957365
2.10, 956797
2.11, 948422
2.11, 947481
2.11, 947329
2.12, 946771
2.12, 942778
2.12, 941912
2.12, 940041
2.12, 939861
2.12, 939292
2.12, 936895
2.12, 936565
2.12, 934710
2.12, 933305
2.12, 932562
2.13, 932365
2.13, 931548
2.13, 930084
2.13, 929721
2.13, 929503
2.13, 927998
2.13, 927483
2.13, 926622
2.13, 921892
2.18, 921721
2.18, 920212
2.18, 920087
2.18, 919852
2.18, 918641
2.18, 917297
2.18, 917085
2.18, 915350
2.18, 914961
2.18, 914948
2.19, 913103
2.19, 912884
2.19, 912879
2.19, 906125
2.19, 905960
2.21, 904535
2.21, 902676
2.21, 901514
2.21, 899706
2.21, 899474
2.21, 897111
2.21, 897036
2.21, 896363
2.21, 895664
2.21, 892631
2.21, 891485
2.21, 890540
2.21, 882567
2.21, 882548
2.21, 878730
2.22, 878159
2.22, 878043
2.22, 877654
2.22, 874391
2.22, 874294
2.22, 872590
2.22, 871603
2.22, 871293
2.22, 869074
2.22, 869015
2.23, 868058
2.23, 866514
2.23, 865910
2.23, 861426
2.23, 860814
2.23, 860804
2.23, 856540
2.23, 855303
2.23, 855037
2.23, 854776
2.23, 853454
2.24, 851755
2.24, 850365
2.29, 850228
2.30, 848993
2.30, 848116
2.30, 848056
2.30, 847993
2.30, 847950
2.30, 847222
2.30, 847082
2.30, 845904
2.30, 844091
2.30, 843393
2.31, 843088
2.31, 842204
2.31, 840500
2.31, 840224
2.34, 839936
2.34, 838661
2.34, 837597
2.34, 833866
2.34, 833614
2.34, 833097
2.34, 829452
2.34, 824595
2.34, 824075
2.34, 824023
2.34, 823694
2.38, 822731
2.38, 822163
2.38, 822015
2.38, 821673
2.38, 819505
2.38, 817578
2.38, 816387
2.38, 815020
2.38, 814668
2.38, 812277
2.38, 811757
2.38, 811409
2.42, 811194
2.42, 809484
2.42, 809461
2.42, 809376
2.42, 808313
2.42, 806892
2.42, 806078
2.42, 805737
2.43, 805315
2.44, 803307
2.44, 803285
2.44, 803203
2.44, 803128
2.44, 801657
2.45, 800235
2.45, 798951
2.45, 798604
2.45, 797430
2.46, 796919
2.46, 796094
2.46, 795948
2.46, 794789
2.46, 794008
2.46, 793874
2.46, 792688
2.46, 792151
2.46, 791757
2.46, 789729
2.46, 789098
2.49, 788308
2.49, 786505
2.49, 783944
2.49, 782978
2.49, 782543
2.49, 781893
2.49, 781396
2.49, 780786
2.49, 780572
2.49, 779907
2.49, 778049
2.49, 777669
2.49, 776059
2.50, 773789
2.50, 773315
2.50, 773216
2.50, 773195
2.50, 772678
2.50, 771820
2.50, 771397
2.50, 769013
2.50, 768871
2.50, 768868
2.50, 768601
2.50, 768328
2.50, 767761
2.50, 767685
2.50, 767680
2.50, 767606
2.50, 767128
2.50, 767104
2.50, 763092
2.50, 762452
2.50, 761559
2.50, 760985
2.50, 760929
2.53, 760857
2.53, 760308
2.53, 760027
2.53, 758575
2.54, 758494
2.54, 757861
2.54, 757557
2.54, 755631
2.54, 754751
2.54, 754670
2.61, 751869
2.61, 751433
2.62, 751389
2.62, 750158
2.62, 748926
2.62, 746690
2.65, 746127
2.66, 745874
2.66, 745596
2.66, 745465
2.66, 745249
2.66, 742761
2.67, 742619
2.67, 740890
2.67, 739918
2.67, 739865
2.67, 738820
2.67, 737507
2.67, 736193
2.67, 735182
2.68, 735051
2.68, 735013
2.68, 734789
2.68, 734746
2.68, 733099
2.68, 732498
2.68, 731352
2.69, 731166
2.69, 730973
2.69, 730770
2.69, 730676
2.72, 730435
2.72, 729888
2.72, 729508
2.72, 728692
2.72, 727928
2.72, 726983
2.72, 726489
2.72, 725596
2.72, 724857
2.72, 722482
2.73, 722340
2.73, 721311
2.73, 721086
2.73, 720898
2.73, 720697
2.73, 720297
2.73, 718983
2.78, 718937
2.78, 718900
2.78, 718626
2.79, 718109
2.79, 717617
2.79, 717567
2.80, 717338
2.80, 717139
2.80, 715728
2.80, 715671
2.80, 712590
2.80, 712421
2.80, 711490
2.80, 711189
2.80, 710095
2.81, 710048
2.82, 709884
2.87, 709492
2.87, 709429
2.87, 708179
2.88, 707888
2.88, 707111
2.88, 706726
2.88, 706487
2.88, 705745
2.88, 705744
2.88, 705737
2.88, 705712
2.89, 705501
2.89, 705451
2.89, 704986
2.89, 703986
2.89, 703912
2.89, 703893
2.89, 703340
2.90, 702435
2.90, 701235
2.90, 700960
2.90, 700788
2.90, 700730
2.90, 698826
2.90, 698559
2.90, 698401
2.90, 697981
2.90, 697734
2.90, 697344
2.91, 696917
2.91, 696583
2.91, 695508
2.91, 693965
2.91, 693738
2.91, 692101
2.92, 691598
2.92, 691553
2.92, 691109
2.92, 691034
2.92, 690903
2.92, 690902
3.00, 690588
3.00, 690570
3.00, 690087
3.00, 689538
3.00, 689459
3.00, 689229
3.01, 687931
3.01, 687355
3.01, 686518
3.01, 684797
3.01, 684749
3.01, 684605
3.01, 684062
3.01, 683740
3.01, 683696
3.01, 682892
3.01, 682375
3.02, 682226
3.02, 682172
3.03, 681358
3.03, 680782
3.03, 680557
3.04, 680339
3.04, 680002
3.04, 679526
3.04, 678960
3.04, 678694
3.04, 678156
3.13, 677854
3.13, 677002
3.14, 676644
3.15, 676475
3.15, 676197
3.18, 675526
3.18, 674684
3.18, 674674
3.18, 674610
3.19, 673951
3.19, 673647
3.19, 673366
3.21, 673123
3.22, 673003
3.23, 672642
3.23, 672518
3.23, 672120
3.23, 672113
3.24, 672041
3.24, 671964
3.24, 671643
3.24, 671530
3.24, 670830
3.24, 670679
3.24, 670651
3.25, 670398
3.25, 670304
3.26, 670204
3.26, 669744
3.26, 669527
3.37, 668964
3.37, 668503
3.38, 668303
3.38, 668269
3.38, 668205
3.39, 667902
3.40, 667378
3.40, 666870
3.41, 666574
3.41, 666494
3.41, 666057
3.48, 665942
3.48, 665920
3.48, 665594
3.48, 665515
3.49, 665276
3.49, 665234
3.50, 665062
3.50, 664955
3.50, 664693
3.52, 664633
3.54, 664485
3.54, 664384
3.54, 664356
3.54, 664353
3.55, 664126
3.56, 664039
3.56, 663976
3.56, 663961
3.56, 663878
3.57, 663778
3.57, 663750
3.57, 663466
3.58, 663301
3.58, 663049
3.58, 662770
3.59, 662744
3.59, 662716
3.59, 661976
3.61, 661882
3.63, 661826
3.63, 661704
3.71, 661616
3.73, 661409
3.73, 661408
3.74, 661070
3.76, 661012
3.76, 660748
3.79, 660744
3.84, 660722
3.87, 660410
3.94, 660235
3.95, 660077
4.16, 660041
4.19, 659912
4.20, 659852
4.20, 659824
4.21, 659760
4.42, 659702
4.47, 659674
4.49, 659671
