0.00,6866939
0.00,6690738
0.00,6555540
0.00,6418027
0.00,6365136
0.00,6335326
0.00,6204342
0.00,6105968
0.00,6103107
0.00,6121341
0.00,5963291
0.00,5962448
0.01,5858180
0.01,5856378
0.01,5869406
0.01,5763199
0.01,5608535
0.01,5551743
0.01,5567966
0.01,5464496
0.01,5452136
0.01,5439234
0.01,5462360
0.01,5525601
0.01,5384889
0.01,5476369
0.01,5456832
0.01,5353040
0.01,5385558
0.01,5364330
0.01,5268396
0.01,5308044
0.01,5308579
0.01,5205726
0.01,5117541
0.01,4954194
0.01,4854223
0.01,4856502
0.01,4892850
0.01,4895742
0.01,4782502
0.01,4760589
0.01,4684170
0.01,4670417
0.01,4713877
0.01,4725500
0.01,4761078
0.01,4740260
0.01,4635792
0.01,4577142
0.02,4606816
0.02,4617974
0.02,4591281
0.02,4582133
0.02,4496314
0.02,4404652
0.02,4396656
0.02,4408733
0.02,4435216
0.02,4411821
0.02,4392623
0.02,4301420
0.02,4302072
0.02,4307565
0.02,4276302
0.02,4271361
0.02,4239632
0.02,4241372
0.02,4237254
0.02,4230747
0.02,4239466
0.02,4137865
0.02,4118675
0.02,4065515
0.02,4000488
0.02,3997420
0.02,3926265
0.02,3939062
0.02,3963011
0.02,3936580
0.02,3973709
0.02,4021321
0.02,4011722
0.02,3981946
0.02,3860668
0.02,3778502
0.02,3711601
0.02,3683031
0.02,3650098
0.02,3588360
0.02,3533895
0.02,3542719
0.02,3501355
0.02,3493507
0.02,3494371
0.02,3473998
0.02,3364222
0.02,3287312
0.02,3373647
0.02,3414309
0.02,3417728
0.02,3428617
0.02,3398787
0.02,3334340
0.02,3349720
0.02,3352928
0.02,3295171
0.02,3305821
0.02,3309218
0.02,3361385
0.02,3319774
0.02,3319980
0.03,3357503
0.03,3390449
0.03,3432385
0.03,3368776
0.03,3293613
0.03,3281401
0.03,3227671
0.03,3207499
0.03,3202452
0.03,3182629
0.03,3140485
0.03,3075963
0.03,3094785
0.03,3089882
0.03,3079326
0.03,3084613
0.03,3127373
0.03,3031160
0.03,3053063
0.03,3058696
0.03,3055067
0.03,3035038
0.03,3012815
0.03,3024471
0.03,3034760
0.03,3052903
0.03,3042412
0.03,3044830
0.03,3014538
0.03,2967037
0.03,2941458
0.03,2888251
0.03,2872205
0.03,2826509
0.03,2807136
0.03,2811522
0.03,2763883
0.03,2710464
0.03,2687699
0.03,2687086
0.03,2682576
0.03,2639363
0.03,2636976
0.03,2699141
0.03,2659681
0.03,2584843
0.03,2588280
0.03,2535310
0.03,2530706
0.03,2531363
0.03,2542615
0.03,2543945
0.03,2541974
0.03,2529492
0.03,2457431
0.03,2453312
0.03,2415246
0.03,2415454
0.03,2433144
0.03,2416998
0.03,2394956
0.03,2426067
0.03,2444057
0.03,2431494
0.03,2454126
0.03,2424333
0.03,2394188
0.03,2387914
0.03,2362446
0.03,2359159
0.03,2320579
0.03,2318828
0.03,2337746
0.03,2397605
0.03,2370106
0.03,2304913
0.03,2269640
0.03,2255699
0.03,2220794
0.03,2221430
0.03,2211289
0.03,2209978
0.03,2217630
0.03,2235663
0.03,2305589
0.03,2273925
0.03,2206320
0.03,2266056
0.03,2292051
0.03,2228064
0.03,2207997
0.03,2168522
0.04,2165962
0.04,2148798
0.04,2115645
0.04,2090510
0.04,2089226
0.04,2087848
0.04,2086174
0.04,2064734
0.04,2075522
0.04,2081917
0.04,2075955
0.04,2083763
0.04,2076783
0.04,2078964
0.04,2085843
0.04,2051123
0.04,2049591
0.04,2052279
0.04,2073088
0.04,2074279
0.04,2076250
0.04,2072794
0.04,2036233
0.04,2029939
0.04,2016670
0.04,2023736
0.04,2008150
0.04,2001363
0.04,1996689
0.04,1962890
0.04,1965922
0.04,2008504
0.04,2057103
0.04,2059852
0.04,2074062
0.04,2021218
0.04,2042251
0.04,2056888
0.04,2011136
0.04,1977593
0.04,1964793
0.04,1950653
0.04,1949778
0.04,1936098
0.04,1939614
0.04,1909868
0.04,1895860
0.04,1871177
0.04,1860862
0.04,1883695
0.04,1933354
0.04,1915062
0.04,1915940
0.04,1904581
0.04,1884514
0.04,1870930
0.04,1843208
0.04,1831174
0.04,1831007
0.04,1823924
0.04,1844602
0.04,1847305
0.04,1868784
0.04,1942829
0.04,1939031
0.04,1899801
0.04,1875938
0.04,1877169
0.04,1820465
0.04,1797336
0.04,1803828
0.04,1799367
0.04,1809005
0.04,1810320
0.04,1828213
0.04,1834932
0.04,1823015
0.04,1811406
0.04,1782857
0.04,1785409
0.04,1784679
0.04,1788514
0.04,1777212
0.04,1747418
0.04,1739059
0.04,1776680
0.04,1808878
0.04,1821144
0.04,1856303
0.04,1860986
0.05,1790172
0.05,1773680
0.05,1767460
0.05,1743725
0.05,1736319
0.05,1768714
0.05,1770205
0.05,1770794
0.05,1791547
0.05,1793048
0.05,1811276
0.05,1799561
0.05,1805380
0.05,1792884
0.05,1795993
0.05,1809178
0.05,1847527
0.05,1862438
0.05,1844131
0.05,1844464
0.05,1843083
0.05,1837804
0.05,1860048
0.05,1870980
0.05,1818563
0.05,1807871
0.05,1793713
0.05,1779138
0.05,1720504
0.05,1705090
0.05,1679226
0.05,1688648
0.05,1656424
0.05,1647620
0.05,1651970
0.05,1644985
0.05,1621241
0.05,1599716
0.05,1577485
0.05,1591339
0.05,1560914
0.05,1549197
0.05,1566134
0.05,1570753
0.05,1550896
0.05,1546142
0.05,1539558
0.05,1555375
0.05,1556449
0.05,1557214
0.05,1553955
0.05,1555561
0.05,1544359
0.05,1542264
0.05,1533808
0.05,1532621
0.05,1519845
0.05,1521776
0.05,1540453
0.05,1523242
0.05,1502233
0.05,1506132
0.05,1484914
0.05,1464466
0.05,1440830
0.05,1434023
0.05,1413965
0.05,1407331
0.05,1394565
0.05,1400048
0.05,1404465
0.05,1399166
0.05,1406571
0.05,1413389
0.05,1413831
0.05,1413625
0.05,1416889
0.05,1413456
0.05,1411635
0.05,1419976
0.05,1426845
0.05,1413373
0.05,1404647
0.05,1397139
0.05,1377427
0.05,1377086
0.05,1369878
0.05,1371103
0.05,1363437
0.06,1348934
0.06,1363660
0.06,1372420
0.06,1381935
0.06,1370897
0.06,1380329
0.06,1389559
0.06,1390968
0.06,1390715
0.06,1389801
0.06,1385632
0.06,1378108
0.06,1371826
0.06,1379684
0.06,1370927
0.06,1359571
0.06,1359191
0.06,1363382
0.06,1364666
0.06,1354609
0.06,1352161
0.06,1366864
0.06,1365271
0.06,1388380
0.06,1381198
0.06,1370566
0.06,1377487
0.06,1385484
0.06,1390797
0.06,1368964
0.06,1364745
0.06,1369684
0.06,1355284
0.06,1362285
0.06,1360496
0.06,1365963
0.06,1362713
0.06,1380125
0.06,1370610
0.06,1366866
0.06,1358719
0.06,1353303
0.06,1352626
0.06,1343220
0.06,1351102
0.06,1363596
0.06,1355224
0.06,1354752
0.06,1363319
0.06,1363941
0.06,1361464
0.06,1363722
0.06,1364486
0.06,1357032
0.06,1362297
0.06,1379289
0.06,1356426
0.06,1316659
0.06,1300130
0.06,1302436
0.06,1285926
0.06,1303277
0.06,1345168
0.06,1373757
0.06,1397400
0.06,1328269
0.06,1322168
0.06,1322800
0.06,1304194
0.06,1288631
0.06,1283399
0.06,1314470
0.06,1313526
0.06,1301232
0.06,1301521
0.06,1334272
0.06,1346034
0.06,1322448
0.06,1325785
0.06,1298628
0.06,1298896
0.06,1290369
0.06,1289190
0.06,1279723
0.06,1276818
0.06,1284799
0.06,1303857
0.06,1326518
0.06,1326968
0.06,1354985
0.06,1358226
0.07,1381538
0.07,1392873
0.07,1393326
0.07,1415345
0.07,1435487
0.07,1445536
0.07,1451888
0.07,1457845
0.07,1467324
0.07,1459086
0.07,1454829
0.07,1446894
0.07,1420800
0.07,1403070
0.07,1400754
0.07,1405766
0.07,1399035
0.07,1381191
0.07,1328997
0.07,1316940
0.07,1310408
0.07,1298774
0.07,1291805
0.07,1289640
0.07,1292953
0.07,1286194
0.07,1306297
0.07,1307632
0.07,1313721
0.07,1315186
0.07,1337070
0.07,1330017
0.07,1333969
0.07,1316959
0.07,1315898
0.07,1301015
0.07,1298374
0.07,1286232
0.07,1274707
0.07,1275751
0.07,1271201
0.07,1256683
0.07,1262624
0.07,1275049
0.07,1279092
0.07,1279082
0.07,1260736
0.07,1248957
0.07,1243164
0.07,1245528
0.07,1236953
0.07,1226846
0.07,1222423
0.07,1209293
0.07,1200396
0.07,1205802
0.07,1203296
0.07,1198282
0.07,1195514
0.07,1187840
0.07,1179358
0.07,1176048
0.07,1222178
0.07,1248539
0.07,1192276
0.07,1172405
0.07,1184362
0.07,1215117
0.07,1254197
0.07,1281645
0.07,1243544
0.07,1252899
0.07,1236904
0.07,1231407
0.07,1226688
0.07,1234340
0.07,1227351
0.07,1206606
0.07,1210442
0.07,1188233
0.07,1189820
0.07,1197271
0.07,1173807
0.07,1174426
0.07,1180098
0.07,1173609
0.07,1176575
0.07,1175569
0.07,1198149
0.07,1221196
0.07,1222045
0.08,1239600
0.08,1239026
0.08,1239524
0.08,1256163
0.08,1269899
0.08,1282154
0.08,1290387
0.08,1297675
0.08,1302689
0.08,1309777
0.08,1307587
0.08,1294505
0.08,1290036
0.08,1276545
0.08,1263133
0.08,1248555
0.08,1246621
0.08,1252615
0.08,1245872
0.08,1224166
0.08,1181373
0.08,1167088
0.08,1154682
0.08,1148378
0.08,1148241
0.08,1145997
0.08,1144789
0.08,1134004
0.08,1125887
0.08,1115288
0.08,1112560
0.08,1109346
0.08,1123537
0.08,1119199
0.08,1115973
0.08,1112439
0.08,1114903
0.08,1111391
0.08,1100387
0.08,1098750
0.08,1098901
0.08,1100943
0.08,1101151
0.08,1106744
0.08,1104599
0.08,1105268
0.08,1106145
0.08,1097808
0.08,1103889
0.08,1111247
0.08,1122356
0.08,1183735
0.08,1216438
0.08,1155031
0.08,1128004
0.08,1122902
0.08,1122458
0.08,1127861
0.08,1127574
0.08,1121913
0.08,1113291
0.08,1105677
0.08,1093382
0.08,1085397
0.08,1104075
0.08,1158840
0.08,1130203
0.08,1080563
0.08,1071762
0.08,1067435
0.08,1067129
0.08,1068154
0.08,1070319
0.08,1066547
0.08,1062544
0.08,1058651
0.08,1049963
0.08,1048609
0.08,1044466
0.08,1046303
0.08,1054940
0.08,1059340
0.08,1066172
0.08,1068055
0.08,1064914
0.08,1073725
0.08,1068882
0.08,1067959
0.08,1070650
0.08,1065345
0.09,1060390
0.09,1056082
0.09,1051322
0.09,1052930
0.09,1059933
0.09,1054567
0.09,1109645
0.09,1142496
0.09,1079707
0.09,1050618
0.09,1036442
0.09,1036801
0.09,1042239
0.09,1040534
0.09,1054896
0.09,1063074
0.09,1075222
0.09,1069992
0.09,1064695
0.09,1055355
0.09,1056342
0.09,1057207
0.09,1058925
0.09,1066345
0.09,1061121
0.09,1061369
0.09,1076740
0.09,1092236
0.09,1154851
0.09,1124611
0.09,1060297
0.09,1058398
0.09,1049325
0.09,1058787
0.09,1059779
0.09,1057350
0.09,1060605
0.09,1059179
0.09,1062350
0.09,1053442
0.09,1046225
0.09,1039950
0.09,1028233
0.09,1024509
0.09,1027336
0.09,1028725
0.09,1050937
0.09,1068992
0.09,1076236
0.09,1095381
0.09,1095468
0.09,1098277
0.09,1101599
0.09,1102952
0.09,1134412
0.09,1152220
0.09,1153179
0.09,1154479
0.09,1157424
0.09,1157111
0.09,1150986
0.09,1146425
0.09,1137049
0.09,1114100
0.09,1107550
0.09,1105569
0.09,1108007
0.09,1102778
0.09,1087400
0.09,1042641
0.09,1038738
0.09,1028261
0.09,1033619
0.09,1048190
0.09,1054254
0.09,1063369
0.09,1062626
0.09,1060246
0.09,1057914
0.09,1062129
0.09,1067461
0.09,1065628
0.09,1060256
0.09,1055859
0.09,1049197
0.09,1040104
0.09,1085821
0.09,1067750
0.09,1027676
0.09,1040101
0.09,1040465
0.10,1044134
0.10,1037214
0.10,1033294
0.10,1041399
0.10,1056762
0.10,1053853
0.10,1054110
0.10,1056652
0.10,1058336
0.10,1061235
0.10,1068293
0.10,1065437
0.10,1062331
0.10,1061679
0.10,1063918
0.10,1060534
0.10,1043584
0.10,1043461
0.10,1041988
0.10,1039054
0.10,1034229
0.10,1036182
0.10,1034766
0.10,1030166
0.10,1033411
0.10,1032692
0.10,1033496
0.10,1029551
0.10,1027926
0.10,1022660
0.10,1025239
0.10,1022954
0.10,1024222
0.10,1025757
0.10,1022324
0.10,1021903
0.10,1026018
0.10,1017035
0.10,1017399
0.10,1012182
0.10,1006300
0.10,1021918
0.10,1026872
0.10,1030056
0.10,1038426
0.10,1041660
0.10,1043572
0.10,1038761
0.10,1036064
0.10,1040963
0.10,1052363
0.10,1070488
0.10,1072261
0.10,1065472
0.10,1065452
0.10,1065334
0.10,1055390
0.10,1056337
0.10,1045515
0.10,1041616
0.10,1038235
0.10,1039542
0.10,1038209
0.10,1042305
0.10,1036217
0.10,1032528
0.10,1017425
0.10,1012209
0.10,1007720
0.10,1002515
0.10,1011289
0.10,1015629
0.10,1015365
0.10,1011936
0.10,1003769
0.10,1002079
0.10,996845
0.10,994285
0.10,990577
0.10,989492
0.10,987218
0.10,988452
0.10,986613
0.10,975442
0.10,969105
0.10,963612
0.10,956325
0.10,951242
0.10,952197
0.10,950666
0.10,959694
0.10,972856
0.11,980695
0.11,976745
0.11,969901
0.11,966425
0.11,960193
0.11,959560
0.11,952470
0.11,950451
0.11,945317
0.11,951642
0.11,971219
0.11,1032782
0.11,1003422
0.11,942365
0.11,941209
0.11,935381
0.11,932545
0.11,935815
0.11,927900
0.11,927858
0.11,926143
0.11,921671
0.11,920955
0.11,921555
0.11,914599
0.11,912916
0.11,912316
0.11,917525
0.11,911243
0.11,909800
0.11,905999
0.11,905273
0.11,905153
0.11,914315
0.11,917631
0.11,917656
0.11,920046
0.11,919779
0.11,916609
0.11,904014
0.11,900210
0.11,896288
0.11,897325
0.11,897998
0.11,906921
0.11,902508
0.11,905928
0.11,912804
0.11,916767
0.11,914150
0.11,925165
0.11,927327
0.11,931491
0.11,937645
0.11,939641
0.11,942245
0.11,939280
0.11,936751
0.11,932996
0.11,929790
0.11,935295
0.11,936147
0.11,944940
0.11,937284
0.11,937634
0.11,938951
0.11,939602
0.11,939935
0.11,940534
0.11,937617
0.11,939797
0.11,949460
0.11,948022
0.11,946777
0.11,945357
0.11,945154
0.11,940456
0.11,926811
0.11,908722
0.11,904172
0.11,891183
0.11,897831
0.11,898118
0.11,897785
0.11,892646
0.11,894630
0.11,893036
0.11,902840
0.11,907974
0.11,908421
0.11,892617
0.11,894846
0.12,898184
0.12,895785
0.12,888938
0.12,886720
0.12,885690
0.12,886541
0.12,882163
0.12,876926
0.12,873713
0.12,867580
0.12,868178
0.12,867359
0.12,868656
0.12,867429
0.12,868469
0.12,871157
0.12,870477
0.12,873975
0.12,873766
0.12,876464
0.12,871007
0.12,873830
0.12,875266
0.12,874324
0.12,861118
0.12,862886
0.12,856786
0.12,853173
0.12,854462
0.12,849787
0.12,849328
0.12,849645
0.12,847844
0.12,869348
0.12,866191
0.12,918103
0.12,945688
0.12,969204
0.12,965442
0.12,940440
0.12,976407
0.12,987125
0.12,980105
0.12,970399
0.12,986774
0.12,981601
0.12,1002431
0.12,1010043
0.12,997467
0.12,1007808
0.12,1009100
0.12,995559
0.12,983359
0.12,980960
0.12,970169
0.12,943619
0.12,940465
0.12,939731
0.12,939602
0.12,934593
0.12,912997
0.12,859724
0.12,848546
0.12,849579
0.12,853226
0.12,850889
0.12,842789
0.12,839669
0.12,834179
0.12,831159
0.12,830271
0.12,832541
0.12,832076
0.12,836069
0.12,836101
0.12,840051
0.12,857751
0.12,921120
0.12,891749
0.12,826076
0.12,822369
0.12,822640
0.12,821878
0.12,818833
0.12,819504
0.12,821113
0.12,821484
0.12,819189
0.12,820283
0.13,822931
0.13,817261
0.13,814788
0.13,814641
0.13,811411
0.13,812935
0.13,810533
0.13,811680
0.13,812688
0.13,824749
0.13,828222
0.13,824793
0.13,814967
0.13,813477
0.13,813924
0.13,813477
0.13,808904
0.13,809272
0.13,810769
0.13,808719
0.13,806582
0.13,804486
0.13,805163
0.13,806851
0.13,805117
0.13,802525
0.13,801208
0.13,821575
0.13,831779
0.13,811070
0.13,805747
0.13,806750
0.13,799160
0.13,854950
0.13,854823
0.13,845110
0.13,856373
0.13,847201
0.13,849649
0.13,853684
0.13,855787
0.13,855979
0.13,836530
0.13,831948
0.13,818949
0.13,797174
0.13,797675
0.13,795199
0.13,800874
0.13,798455
0.13,800173
0.13,798943
0.13,796509
0.13,798482
0.13,795988
0.13,800927
0.13,807641
0.13,814154
0.13,823601
0.13,828497
0.13,826206
0.13,827557
0.13,824558
0.13,825036
0.13,825840
0.13,823499
0.13,830307
0.13,846027
0.13,907980
0.13,886902
0.13,834169
0.13,826306
0.13,824847
0.13,823104
0.13,820260
0.13,818659
0.13,822592
0.13,828763
0.13,830117
0.13,831618
0.13,829570
0.13,831562
0.13,832232
0.13,827140
0.13,824549
0.13,825293
0.13,823092
0.13,814274
0.13,806135
0.13,803279
0.13,802660
0.14,806879
0.14,809614
0.14,803315
0.14,799447
0.14,798415
0.14,798457
0.14,801860
0.14,801497
0.14,802791
0.14,807808
0.14,808331
0.14,797160
0.14,799356
0.14,792982
0.14,791059
0.14,789468
0.14,802091
0.14,802389
0.14,800917
0.14,800137
0.14,801246
0.14,799390
0.14,800726
0.14,797628
0.14,808126
0.14,807234
0.14,807552
0.14,807996
0.14,805445
0.14,803648
0.14,801852
0.14,797445
0.14,790919
0.14,790460
0.14,788061
0.14,786755
0.14,784926
0.14,783157
0.14,781362
0.14,779600
0.14,781391
0.14,784257
0.14,789816
0.14,793791
0.14,795270
0.14,791430
0.14,787296
0.14,785818
0.14,786026
0.14,783569
0.14,788300
0.14,787401
0.14,785515
0.14,787206
0.14,785578
0.14,779487
0.14,779672
0.14,786296
0.14,789400
0.14,814668
0.14,814992
0.14,820148
0.14,821197
0.14,823958
0.14,829104
0.14,831071
0.14,828997
0.14,836252
0.14,839280
0.14,839234
0.14,843117
0.14,844463
0.14,842862
0.14,841598
0.14,835106
0.14,833821
0.14,832043
0.14,834885
0.14,832054
0.14,833099
0.14,829628
0.14,829902
0.14,821145
0.14,819380
0.14,818108
0.14,817046
0.14,814972
0.14,813238
0.14,815682
0.14,813583
0.14,813223
0.15,805632
0.15,800474
0.15,795750
0.15,797384
0.15,791520
0.15,780494
0.15,777675
0.15,776369
0.15,774632
0.15,772986
0.15,771368
0.15,771264
0.15,771622
0.15,768983
0.15,767257
0.15,772220
0.15,780433
0.15,802151
0.15,814551
0.15,804289
0.15,807698
0.15,807784
0.15,787979
0.15,766686
0.15,766498
0.15,783450
0.15,790727
0.15,764946
0.15,762977
0.15,763669
0.15,762753
0.15,763495
0.15,761252
0.15,759822
0.15,760696
0.15,759679
0.15,760311
0.15,759563
0.15,761082
0.15,762067
0.15,764601
0.15,771130
0.15,779041
0.15,784741
0.15,787846
0.15,786934
0.15,789019
0.15,789494
0.15,785485
0.15,782683
0.15,787830
0.15,791536
0.15,804852
0.15,868828
0.15,841794
0.15,787353
0.15,782453
0.15,775636
0.15,776905
0.15,778464
0.15,777234
0.15,768012
0.15,764740
0.15,761723
0.15,760742
0.15,755617
0.15,755878
0.15,756242
0.15,757060
0.15,758037
0.15,758150
0.15,762874
0.15,762777
0.15,767370
0.15,772081
0.15,775282
0.15,777121
0.15,776831
0.15,772098
0.15,765506
0.15,760942
0.15,763980
0.15,762065
0.15,769084
0.15,790783
0.15,856349
0.15,822871
0.15,766103
0.15,758411
0.16,760877
0.16,757748
0.16,753474
0.16,752089
0.16,750712
0.16,749359
0.16,747679
0.16,746439
0.16,749541
0.16,770053
0.16,771855
0.16,772308
0.16,769733
0.16,769103
0.16,772911
0.16,773576
0.16,769077
0.16,775029
0.16,776188
0.16,772408
0.16,776035
0.16,767813
0.16,767704
0.16,762914
0.16,757946
0.16,759486
0.16,758835
0.16,758436
0.16,758151
0.16,759103
0.16,747055
0.16,746250
0.16,743695
0.16,741530
0.16,743413
0.16,745372
0.16,767761
0.16,769778
0.16,768584
0.16,770218
0.16,775183
0.16,778960
0.16,778994
0.16,779437
0.16,788868
0.16,787855
0.16,784367
0.16,786712
0.16,782757
0.16,774620
0.16,768942
0.16,764593
0.16,757279
0.16,762245
0.16,759989
0.16,760038
0.16,757633
0.16,754561
0.16,754294
0.16,742875
0.16,739926
0.16,738926
0.16,748305
0.16,741341
0.16,737848
0.16,737441
0.16,736558
0.16,735372
0.16,734790
0.16,733928
0.16,733097
0.16,734760
0.16,737032
0.16,736883
0.16,739092
0.16,739473
0.16,754859
0.16,757150
0.16,759162
0.16,760235
0.16,759990
0.16,761583
0.16,761254
0.16,762297
0.16,765940
0.16,764661
0.16,763302
0.16,761511
0.16,760368
0.16,755020
0.16,753048
0.16,746772
0.17,742887
0.17,746607
0.17,747868
0.17,746034
0.17,746529
0.17,743812
0.17,732325
0.17,731567
0.17,730817
0.17,730091
0.17,729422
0.17,728754
0.17,728137
0.17,727523
0.17,731952
0.17,731557
0.17,733942
0.17,736686
0.17,738028
0.17,738405
0.17,737385
0.17,737664
0.17,739218
0.17,740870
0.17,750080
0.17,756153
0.17,760302
0.17,763203
0.17,762002
0.17,762903
0.17,762073
0.17,759521
0.17,764932
0.17,767575
0.17,769009
0.17,783184
0.17,815500
0.17,838784
0.17,756331
0.17,746607
0.17,740383
0.17,736802
0.17,735284
0.17,744442
0.17,752506
0.17,766920
0.17,760303
0.17,760884
0.17,768283
0.17,773033
0.17,773169
0.17,774889
0.17,775537
0.17,773953
0.17,775487
0.17,773017
0.17,776537
0.17,775700
0.17,771295
0.17,769526
0.17,768711
0.17,770875
0.17,775370
0.17,779154
0.17,782327
0.17,792326
0.17,791911
0.17,792452
0.17,789917
0.17,780710
0.17,777087
0.17,773191
0.17,770106
0.17,767944
0.17,766532
0.17,761003
0.17,759303
0.17,737229
0.17,735014
0.17,731963
0.17,731126
0.17,731667
0.17,729673
0.17,728807
0.17,726924
0.17,725725
0.17,725484
0.17,726217
0.17,728771
0.17,730949
0.17,733274
0.18,734195
0.18,735534
0.18,736522
0.18,737127
0.18,736577
0.18,745296
0.18,753232
0.18,760307
0.18,765684
0.18,765548
0.18,766319
0.18,766010
0.18,762241
0.18,761373
0.18,761652
0.18,762649
0.18,780636
0.18,818966
0.18,842727
0.18,759797
0.18,751849
0.18,746885
0.18,744787
0.18,739816
0.18,734124
0.18,741335
0.18,752625
0.18,751194
0.18,758699
0.18,762903
0.18,771526
0.18,766998
0.18,768075
0.18,771726
0.18,774475
0.18,770422
0.18,768504
0.18,768860
0.18,765609
0.18,769200
0.18,767898
0.18,768884
0.18,765895
0.18,767525
0.18,768901
0.18,770427
0.18,780770
0.18,785070
0.18,787329
0.18,788613
0.18,792661
0.18,788733
0.18,786411
0.18,784596
0.18,775636
0.18,773886
0.18,771252
0.18,767853
0.18,762534
0.18,760306
0.18,754948
0.18,753204
0.18,734777
0.18,730915
0.18,727893
0.18,725524
0.18,724642
0.18,724074
0.18,723529
0.18,722994
0.18,723182
0.18,742812
0.18,738096
0.18,735242
0.18,733948
0.18,723138
0.18,722470
0.18,722459
0.18,724246
0.18,721564
0.18,720598
0.18,720157
0.18,719697
0.18,720478
0.18,719303
0.18,719710
0.18,722343
0.18,721862
0.18,718355
0.18,718977
0.19,717802
0.19,717020
0.19,716635
0.19,719831
0.19,719573
0.19,720710
0.19,722313
0.19,722515
0.19,720436
0.19,720007
0.19,719794
0.19,721174
0.19,720268
0.19,721880
0.19,717912
0.19,730360
0.19,727677
0.19,727983
0.19,728700
0.19,724451
0.19,728289
0.19,723511
0.19,725604
0.19,730881
0.19,732972
0.19,734056
0.19,735611
0.19,734362
0.19,735289
0.19,731526
0.19,722347
0.19,718482
0.19,718466
0.19,717024
0.19,717778
0.19,718012
0.19,718163
0.19,718606
0.19,718841
0.19,719743
0.19,722129
0.19,723556
0.19,721316
0.19,718400
0.19,717779
0.19,718707
0.19,734233
0.19,733090
0.19,735081
0.19,735617
0.19,733168
0.19,733323
0.19,733733
0.19,729264
0.19,738705
0.19,736279
0.19,736618
0.19,736456
0.19,736305
0.19,737902
0.19,734575
0.19,732808
0.19,729152
0.19,729706
0.19,718763
0.19,717985
0.19,715938
0.19,718506
0.19,718113
0.19,717045
0.19,716866
0.19,719105
0.19,720322
0.19,721439
0.19,721570
0.19,719319
0.19,718902
0.19,736410
0.19,737493
0.19,737898
0.19,737352
0.19,739003
0.19,741230
0.19,736733
0.19,734455
0.19,739053
0.19,738495
0.19,741557
0.19,738245
0.19,738015
0.19,737551
0.20,733945
0.20,734187
0.20,730632
0.20,729899
0.20,728231
0.20,727883
0.20,716035
0.20,714951
0.20,713927
0.20,713239
0.20,712778
0.20,712735
0.20,714270
0.20,715712
0.20,717617
0.20,717266
0.20,715393
0.20,714875
0.20,715983
0.20,716591
0.20,717944
0.20,719420
0.20,719863
0.20,719780
0.20,720512
0.20,722034
0.20,724891
0.20,726381
0.20,725631
0.20,726703
0.20,729248
0.20,736609
0.20,743752
0.20,748612
0.20,753833
0.20,754463
0.20,757253
0.20,757250
0.20,754335
0.20,750549
0.20,762680
0.20,753572
0.20,760947
0.20,784214
0.20,801346
0.20,730346
0.20,736681
0.20,734445
0.20,738744
0.20,742033
0.20,747709
0.20,752612
0.20,759973
0.20,761093
0.20,758333
0.20,760446
0.20,759701
0.20,758852
0.20,758934
0.20,759488
0.20,763049
0.20,760644
0.20,759197
0.20,754342
0.20,755553
0.20,750917
0.20,748598
0.20,748104
0.20,745184
0.20,742298
0.20,743399
0.20,749589
0.20,750158
0.20,748907
0.20,743928
0.20,745298
0.20,742160
0.20,733114
0.20,729620
0.20,729801
0.20,728688
0.20,724611
0.20,722960
0.20,721109
0.20,719943
0.20,719500
0.20,718952
0.20,715516
0.20,713014
0.20,712942
0.20,712275
0.20,711995
0.21,765189
0.21,748779
0.21,711757
0.21,717132
0.21,703346
0.21,702342
0.21,701505
0.21,702160
0.21,701295
0.21,700753
0.21,700557
0.21,700152
0.21,699976
0.21,699801
0.21,699629
0.21,699558
0.21,699661
0.21,707149
0.21,706643
0.21,708997
0.21,698628
0.21,710214
0.21,699970
0.21,702613
0.21,698379
0.21,698326
0.21,698298
