0.00, 7096298
0.01, 7092206
0.01, 7056534
0.01, 7022370
0.01, 7017707
0.01, 7015103
0.01, 7000598
0.01, 6986573
0.01, 6981828
0.01, 6838640
0.01, 6821603
0.01, 6810425
0.01, 6797134
0.01, 6778799
0.01, 6776560
0.01, 6764921
0.01, 6691799
0.01, 6684103
0.01, 6675808
0.01, 6655843
0.01, 6646575
0.01, 6640937
0.01, 6625521
0.01, 6621742
0.01, 6548770
0.01, 6532187
0.01, 6531799
0.01, 6528530
0.01, 6520306
0.01, 6515886
0.01, 6504918
0.01, 6495221
0.01, 6493927
0.01, 6480596
0.01, 6479192
0.01, 6474084
0.01, 6465024
0.01, 6454106
0.01, 6449308
0.01, 6426478
0.01, 6407381
0.01, 6389547
0.01, 6375246
0.01, 6370300
0.01, 6352213
0.01, 6308652
0.01, 6305443
0.01, 6303281
0.01, 6283267
0.01, 6261610
0.01, 6259562
0.01, 6254079
0.01, 6253533
0.01, 6251361
0.01, 6241384
0.01, 6237155
0.01, 6226026
0.01, 6215262
0.01, 6211242
0.01, 6169420
0.01, 6167792
0.01, 6164226
0.01, 6154273
0.01, 6150522
0.01, 6145764
0.01, 6142098
0.01, 6116669
0.01, 6116065
0.01, 6073643
0.01, 6071145
0.01, 6065479
0.01, 6063792
0.01, 6036599
0.01, 6031793
0.01, 6030784
0.01, 6030537
0.01, 6022506
0.01, 6011163
0.01, 6010775
0.01, 5980388
0.01, 5976719
0.01, 5972954
0.01, 5943432
0.01, 5943430
0.01, 5937423
0.01, 5936085
0.01, 5936029
0.01, 5921954
0.01, 5918904
0.01, 5800670
0.01, 5798624
0.01, 5798616
0.01, 5728193
0.01, 5707595
0.01, 5650682
0.01, 5650435
0.01, 5648264
0.01, 5628034
0.02, 5607724
0.02, 5607495
0.02, 5577785
0.02, 5577122
0.02, 5570716
0.02, 5568076
0.02, 5554032
0.02, 5552526
0.02, 5409737
0.02, 5406504
0.02, 5405076
0.02, 5380937
0.02, 5372702
0.02, 5366868
0.02, 5365711
0.02, 5351559
0.02, 5333720
0.02, 5323915
0.02, 5322671
0.02, 5309734
0.02, 5308276
0.02, 5277596
0.02, 5273484
0.02, 5253507
0.02, 5246865
0.02, 5243657
0.02, 5234472
0.02, 5217321
0.02, 5216416
0.02, 5216102
0.02, 5206072
0.02, 5203436
0.02, 5198945
0.02, 5159343
0.02, 5150598
0.02, 5132101
0.02, 5111217
0.02, 5111167
0.02, 5101406
0.02, 5097739
0.02, 5087168
0.02, 5087150
0.02, 5086013
0.02, 5085850
0.09, 5081483
0.09, 5070106
0.09, 5066289
0.09, 4957046
0.15, 4907771
0.15, 4903690
0.15, 4895777
0.15, 4893168
0.15, 4888290
0.15, 4887194
0.15, 4886559
0.15, 4881976
0.15, 4879382
0.15, 4868669
0.15, 4868646
0.15, 4867856
0.18, 4866676
0.18, 4828648
0.18, 4827136
0.18, 4816012
0.18, 4813792
0.18, 4811999
0.18, 4809648
0.18, 4807295
0.18, 4804900
0.18, 4804057
0.18, 4774678
0.18, 4700398
0.18, 4690124
0.18, 4687023
0.18, 4668379
0.18, 4646216
0.18, 4645889
0.18, 4612898
0.18, 4612004
0.18, 4611479
0.18, 4611471
0.18, 4603924
0.18, 4600616
0.28, 4592692
0.28, 4587765
0.28, 4585206
0.28, 4582493
0.34, 4569890
0.39, 4568624
0.39, 4562337
0.39, 4545167
0.39, 4509111
0.39, 4500639
0.39, 4492810
0.39, 4440698
0.39, 4405039
0.39, 4404502
0.39, 4364562
0.39, 4337084
0.39, 4335960
0.39, 4318689
0.39, 4298227
0.39, 4293389
0.39, 4196292
0.48, 4175437
0.48, 4146261
0.48, 4145698
0.48, 4131048
0.48, 4127471
0.48, 4077486
0.48, 4071641
0.48, 4053093
0.48, 4044881
0.48, 4036307
0.48, 4030603
0.48, 4027463
0.48, 4024242
0.48, 4014197
0.48, 4007245
0.48, 4001447
0.48, 3995761
0.48, 3987501
0.48, 3980114
0.48, 3955821
0.48, 3945986
0.48, 3931377
0.48, 3921476
0.48, 3916726
0.48, 3904741
0.48, 3893203
0.48, 3892724
0.53, 3892377
0.54, 3882982
0.54, 3878328
0.54, 3877745
0.54, 3875643
0.56, 3870638
0.56, 3865452
0.56, 3862064
0.56, 3862005
0.56, 3861958
0.56, 3859449
0.56, 3857902
0.56, 3853987
0.56, 3840717
0.56, 3828468
0.56, 3812651
0.56, 3809984
0.57, 3808336
0.57, 3787382
0.57, 3774721
0.57, 3773638
0.57, 3766969
0.57, 3764158
0.57, 3750141
0.57, 3709083
0.57, 3679179
0.57, 3658955
0.57, 3657879
0.57, 3649128
0.57, 3648751
0.59, 3635327
0.59, 3622656
0.59, 3618140
0.59, 3618083
0.63, 3579937
0.63, 3578332
0.63, 3576406
0.63, 3572989
0.63, 3568588
0.63, 3566115
0.63, 3562060
0.63, 3541568
0.64, 3516259
0.64, 3509933
0.64, 3509613
0.64, 3491293
0.64, 3488396
0.64, 3479194
0.64, 3472536
0.64, 3472067
0.64, 3470270
0.64, 3467803
0.64, 3465380
0.64, 3461630
0.64, 3459525
0.64, 3452159
0.64, 3445982
0.64, 3440056
0.64, 3439995
0.64, 3432782
0.64, 3429368
0.64, 3416793
0.64, 3414149
0.64, 3413853
0.64, 3412329
0.64, 3412034
0.64, 3411676
0.64, 3409813
0.64, 3405655
0.64, 3400471
0.64, 3395638
0.64, 3390789
0.64, 3389437
0.75, 3375854
0.75, 3375815
0.75, 3370788
0.75, 3361898
0.75, 3359683
0.75, 3359056
0.75, 3349698
0.75, 3349633
0.75, 3346219
0.75, 3299457
0.75, 3296434
0.75, 3296242
0.75, 3289620
0.75, 3259685
0.76, 3252896
0.76, 3247543
0.76, 3233993
0.76, 3232602
0.76, 3217683
0.76, 3207016
0.76, 3198594
0.78, 3185568
0.79, 3185561
0.79, 3174433
0.79, 3171723
0.79, 3169200
0.79, 3165692
0.79, 3164886
0.79, 3161927
0.79, 3159356
0.79, 3158657
0.79, 3158151
0.79, 3157368
0.79, 3146948
0.79, 3144728
0.79, 3132735
0.79, 3116289
0.79, 3115867
0.79, 3113711
0.79, 3106527
0.79, 3106093
0.79, 3105752
0.79, 3104805
0.79, 3097485
0.79, 3096185
0.79, 3080619
0.79, 3068244
0.79, 3041766
0.79, 3039065
0.79, 3039046
0.79, 3038312
0.79, 3002337
0.79, 2982670
0.79, 2963154
0.81, 2956784
0.81, 2945807
0.81, 2916991
0.81, 2910385
0.81, 2907693
0.81, 2906022
0.81, 2904096
0.81, 2895435
0.81, 2895051
0.81, 2886962
0.81, 2885240
0.81, 2876584
0.81, 2875550
0.82, 2865955
0.82, 2864607
0.82, 2864454
0.82, 2847766
0.82, 2840803
0.83, 2828095
0.83, 2825334
0.83, 2821695
0.83, 2804418
0.83, 2803617
0.83, 2802204
0.83, 2794643
0.83, 2786264
0.89, 2767333
0.89, 2748995
0.89, 2745160
0.89, 2734423
0.90, 2729423
0.90, 2726980
0.90, 2724662
0.90, 2719054
0.90, 2701051
0.90, 2695534
0.90, 2688596
0.90, 2688165
0.90, 2687707
0.90, 2684700
0.92, 2679296
0.92, 2676423
0.92, 2671515
0.92, 2666078
0.92, 2662946
0.92, 2652620
0.92, 2650523
0.92, 2642970
0.92, 2633622
0.92, 2628722
0.92, 2612853
0.92, 2611932
0.92, 2608851
0.92, 2604747
0.92, 2593541
0.92, 2588668
0.92, 2587035
0.92, 2585514
0.92, 2572976
0.96, 2572781
0.96, 2570498
0.96, 2568478
0.96, 2567431
0.96, 2565794
0.96, 2564686
0.96, 2558613
0.98, 2552535
0.98, 2545188
0.98, 2545176
0.98, 2532513
0.98, 2532237
0.98, 2531829
0.98, 2508812
0.98, 2508765
0.98, 2498107
0.98, 2492044
0.98, 2488304
0.98, 2483387
0.98, 2483313
0.98, 2483195
0.98, 2482809
1.03, 2478117
1.03, 2477783
1.03, 2438989
1.03, 2437576
1.03, 2432496
1.03, 2432199
1.03, 2430966
1.03, 2429874
1.06, 2423838
1.06, 2423001
1.06, 2420787
1.06, 2418150
1.06, 2411547
1.06, 2408652
1.06, 2406618
1.06, 2401769
1.06, 2401375
1.06, 2390770
1.06, 2384291
1.06, 2375573
1.06, 2373845
1.06, 2368927
1.07, 2367554
1.07, 2365896
1.10, 2357818
1.10, 2355385
1.10, 2354379
1.10, 2353868
1.10, 2349375
1.10, 2349034
1.10, 2316613
1.10, 2302528
1.10, 2299205
1.10, 2289321
1.10, 2288092
1.10, 2286630
1.10, 2286629
1.10, 2286471
1.10, 2285575
1.10, 2279203
1.10, 2277752
1.10, 2274365
1.11, 2268454
1.11, 2268242
1.11, 2256648
1.11, 2254135
1.11, 2249396
1.11, 2247213
1.11, 2226782
1.11, 2222120
1.11, 2218845
1.11, 2212276
1.11, 2210353
1.11, 2207252
1.11, 2206973
1.11, 2201747
1.11, 2197581
1.11, 2194656
1.11, 2193653
1.11, 2190908
1.11, 2189923
1.11, 2189323
1.11, 2172152
1.13, 2165456
1.13, 2164114
1.13, 2163971
1.13, 2161435
1.13, 2155496
1.13, 2155142
1.13, 2152082
1.13, 2150279
1.13, 2147067
1.13, 2120553
1.13, 2118742
1.13, 2115620
1.13, 2106660
1.15, 2093015
1.15, 2092195
1.15, 2091851
1.15, 2091622
1.15, 2090868
1.15, 2070981
1.15, 2070337
1.15, 2069619
1.15, 2058515
1.15, 2058094
1.22, 2048809
1.22, 2047257
1.22, 2044645
1.22, 2041730
1.22, 2041512
1.22, 2039403
1.22, 2021396
1.22, 2020342
1.22, 2019529
1.22, 2019130
1.22, 2014756
1.22, 2013435
1.22, 2006515
1.22, 2006145
1.22, 2005028
1.22, 1998805
1.22, 1992870
1.22, 1989611
1.22, 1989232
1.22, 1981688
1.22, 1976447
1.22, 1975866
1.22, 1966593
1.22, 1961673
1.22, 1960825
1.22, 1959240
1.22, 1954989
1.22, 1954809
1.23, 1942742
1.23, 1940962
1.23, 1940273
1.23, 1934491
1.23, 1930930
1.23, 1924740
1.23, 1918772
1.23, 1916401
1.23, 1902065
1.23, 1898002
1.23, 1895391
1.23, 1888690
1.23, 1888133
1.23, 1877307
1.23, 1876783
1.23, 1872528
1.23, 1871486
1.23, 1865542
1.23, 1860915
1.26, 1860741
1.26, 1858890
1.26, 1853510
1.26, 1846181
1.26, 1843603
1.26, 1843097
1.26, 1842074
1.26, 1832723
1.26, 1820486
1.31, 1810415
1.31, 1806783
1.31, 1801621
1.33, 1795435
1.33, 1790642
1.33, 1777195
1.33, 1777187
1.33, 1768267
1.33, 1764195
1.34, 1763413
1.34, 1760701
1.34, 1756900
1.34, 1754316
1.34, 1751666
1.34, 1749516
1.34, 1749424
1.34, 1747998
1.34, 1747958
1.34, 1747280
1.34, 1746590
1.34, 1742834
1.39, 1742125
1.39, 1736714
1.39, 1736389
1.39, 1726275
1.39, 1725471
1.39, 1725264
1.39, 1724699
1.39, 1721689
1.39, 1717492
1.39, 1710144
1.39, 1698260
1.39, 1697017
1.39, 1696848
1.39, 1692429
1.39, 1686745
1.39, 1683812
1.39, 1683568
1.39, 1680837
1.39, 1674663
1.39, 1674148
1.39, 1669114
1.39, 1660761
1.39, 1660743
1.40, 1659118
1.40, 1657666
1.40, 1654687
1.40, 1652243
1.40, 1651819
1.40, 1649641
1.43, 1647159
1.43, 1639616
1.43, 1639307
1.43, 1637613
1.43, 1635023
1.43, 1632964
1.43, 1629093
1.43, 1629024
1.43, 1623314
1.43, 1622790
1.43, 1622726
1.43, 1614909
1.43, 1609562
1.43, 1609504
1.43, 1608979
1.43, 1608171
1.43, 1607585
1.43, 1605029
1.43, 1601951
1.46, 1596747
1.46, 1596014
1.46, 1576051
1.46, 1573851
1.46, 1569653
1.46, 1566167
1.46, 1565713
1.47, 1565034
1.47, 1564580
1.47, 1560372
1.47, 1559380
1.47, 1557661
1.47, 1555401
1.47, 1550623
1.47, 1549943
1.47, 1548489
1.47, 1545576
1.47, 1542027
1.47, 1540268
1.48, 1534683
1.48, 1527594
1.48, 1524924
1.48, 1522264
1.48, 1521809
1.48, 1519472
1.48, 1512179
1.48, 1508406
1.48, 1505071
1.48, 1505046
1.48, 1504990
1.48, 1503867
1.48, 1497477
1.48, 1497271
1.48, 1496593
1.48, 1496334
1.48, 1495821
1.50, 1495213
1.50, 1494537
1.50, 1485408
1.50, 1484956
1.50, 1473492
1.50, 1468566
1.50, 1463629
1.50, 1462075
1.50, 1459272
1.50, 1457484
1.50, 1444526
1.50, 1438270
1.50, 1434124
1.50, 1433507
1.55, 1429717
1.55, 1427442
1.55, 1424450
1.55, 1422570
1.55, 1420056
1.55, 1419831
1.55, 1412434
1.55, 1410405
1.55, 1404734
1.55, 1404635
1.55, 1404633
1.55, 1397305
1.55, 1393162
1.55, 1389944
1.55, 1389791
1.55, 1389666
1.55, 1388246
1.55, 1386129
1.55, 1386025
1.55, 1384019
1.56, 1383375
1.56, 1379565
1.56, 1377118
1.56, 1372008
1.62, 1363904
1.62, 1362723
1.62, 1362236
1.62, 1360934
1.62, 1360302
1.64, 1359854
1.64, 1359365
1.64, 1354879
1.68, 1349881
1.68, 1345489
1.68, 1339266
1.68, 1336233
1.68, 1334314
1.68, 1332722
1.68, 1330218
1.68, 1328953
1.68, 1322692
1.68, 1322038
1.68, 1317785
1.68, 1317241
1.69, 1313765
1.69, 1310685
1.69, 1307139
1.69, 1301426
1.69, 1300253
1.69, 1298624
1.74, 1297854
1.74, 1293599
1.74, 1292784
1.74, 1290016
1.74, 1286071
1.74, 1279819
1.74, 1277171
1.74, 1276948
1.74, 1276043
1.74, 1275209
1.74, 1273526
1.74, 1272762
1.74, 1270887
1.74, 1269445
1.74, 1268833
1.74, 1266908
1.74, 1265469
1.74, 1265041
1.74, 1264111
1.74, 1263808
1.74, 1262130
1.74, 1261794
1.74, 1257679
1.76, 1253614
1.76, 1253545
1.76, 1251938
1.76, 1249432
1.76, 1245597
1.76, 1243055
1.76, 1242778
1.76, 1241193
1.76, 1227176
1.76, 1225872
1.76, 1222585
1.76, 1221460
1.76, 1220148
1.76, 1219977
1.76, 1217429
1.76, 1215665
1.76, 1215619
1.76, 1205408
1.76, 1201583
1.76, 1200519
1.77, 1194715
1.77, 1191987
1.77, 1186406
1.77, 1181854
1.80, 1180149
1.80, 1175299
1.82, 1174870
1.82, 1174582
1.82, 1174233
1.82, 1174200
1.82, 1169712
1.82, 1164456
1.82, 1164088
1.82, 1162419
1.83, 1157368
1.83, 1156127
1.83, 1155452
1.83, 1152081
1.83, 1152074
1.83, 1150820
1.83, 1148923
1.83, 1148430
1.83, 1143882
1.83, 1140886
1.83, 1140533
1.83, 1139491
1.83, 1135562
1.83, 1134300
1.83, 1130856
1.83, 1128812
1.83, 1126575
1.83, 1126227
1.83, 1118329
1.83, 1117760
1.84, 1117596
1.84, 1114109
1.84, 1114080
1.84, 1110993
1.84, 1110304
1.88, 1109671
1.88, 1109478
1.88, 1108112
1.88, 1107722
1.88, 1104674
1.88, 1104431
1.88, 1101611
1.91, 1101151
1.91, 1100422
1.91, 1099170
1.92, 1098717
1.92, 1096944
1.92, 1096764
1.92, 1091199
1.92, 1091155
1.92, 1088259
1.92, 1087734
1.92, 1087733
1.92, 1087446
1.92, 1083189
1.92, 1082615
1.92, 1079063
1.94, 1074145
1.94, 1073567
1.94, 1070441
1.94, 1069819
1.94, 1066582
1.94, 1063574
1.94, 1063495
1.94, 1063393
1.94, 1061369
1.94, 1060249
1.94, 1057590
1.94, 1056312
1.94, 1053099
1.94, 1052864
1.95, 1050780
1.95, 1047834
1.95, 1045778
1.95, 1038047
1.95, 1035915
1.95, 1035836
1.95, 1035565
1.95, 1033175
1.95, 1032577
1.95, 1032257
1.95, 1030317
1.95, 1028233
1.95, 1025402
1.96, 1024968
1.96, 1021318
1.98, 1019834
1.98, 1019350
1.98, 1011384
1.98, 1006010
1.98, 1002600
1.98, 999475
1.98, 998688
1.98, 996295
1.98, 996134
1.98, 995975
1.99, 995847
1.99, 994965
1.99, 992253
1.99, 990304
1.99, 989662
1.99, 989430
1.99, 986535
1.99, 984465
1.99, 980175
1.99, 979992
1.99, 979154
1.99, 976986
1.99, 976400
2.05, 974836
2.05, 973220
2.05, 971727
2.06, 967356
2.06, 965347
2.07, 964085
2.07, 963033
2.07, 961617
2.07, 956780
2.07, 956007
2.07, 954828
2.07, 952758
2.07, 951649
2.07, 951254
2.07, 950930
2.07, 950230
2.07, 948431
2.07, 948040
2.07, 946829
2.07, 943432
2.07, 941468
2.07, 939330
2.07, 939280
2.07, 939191
2.07, 938281
2.07, 933851
2.07, 929832
2.07, 929768
2.07, 929529
2.07, 929018
2.07, 928821
2.07, 926415
2.07, 926081
2.07, 925078
2.07, 924222
2.07, 923678
2.07, 921312
2.07, 920531
2.07, 920009
2.07, 919735
2.07, 919656
2.07, 914766
2.15, 914478
2.15, 907383
2.15, 905438
2.15, 903697
2.15, 902963
2.15, 902736
2.15, 900568
2.15, 900449
2.15, 899601
2.15, 899452
2.16, 896419
2.23, 895959
2.23, 895792
2.23, 894772
2.23, 892275
2.23, 889811
2.23, 889302
2.23, 887957
2.23, 884696
2.23, 884334
2.23, 882015
2.23, 881119
2.23, 880775
2.24, 877882
2.24, 877751
2.24, 877304
2.24, 876820
2.24, 876563
2.24, 876190
2.24, 874063
2.25, 873508
2.25, 872599
2.32, 872140
2.32, 870579
2.32, 870162
2.32, 870050
2.32, 869934
2.32, 868005
2.32, 867207
2.32, 866942
2.32, 865977
2.33, 865723
2.33, 864306
2.33, 862955
2.33, 862881
2.33, 862114
2.33, 861830
2.33, 861161
2.33, 860375
2.33, 859134
2.33, 858406
2.33, 858355
2.33, 857337
2.33, 855980
2.33, 855267
2.33, 853447
2.33, 853391
2.33, 853331
2.33, 850559
2.33, 849205
2.33, 848840
2.33, 848807
2.33, 844323
2.33, 842824
2.33, 842822
2.33, 838911
2.33, 838673
2.34, 838206
2.34, 837584
2.34, 837168
2.34, 836446
2.34, 826514
2.34, 825961
2.34, 822941
2.34, 821019
2.34, 819999
2.34, 816088
2.34, 815796
2.38, 814607
2.38, 813111
2.38, 812573
2.38, 812424
2.38, 812234
2.38, 811871
2.38, 810958
2.38, 810876
2.38, 810255
2.38, 808070
2.38, 807412
2.40, 806100
2.42, 805619
2.42, 802592
2.42, 802130
2.42, 801586
2.42, 801305
2.42, 800379
2.42, 799593
2.42, 798989
2.43, 798549
2.43, 795495
2.43, 795396
2.43, 795032
2.43, 794109
2.43, 794108
2.43, 793632
2.43, 792956
2.43, 792874
2.43, 791156
2.43, 786534
2.43, 785278
2.43, 784931
2.43, 784102
2.43, 783484
2.43, 783274
2.44, 783101
2.44, 783062
2.52, 783008
2.52, 782461
2.52, 780688
2.52, 780159
2.53, 779915
2.53, 779127
2.53, 777988
2.53, 776077
2.53, 774645
2.53, 773354
2.53, 773146
2.53, 772653
2.53, 771304
2.54, 770072
2.54, 769532
2.54, 769483
2.54, 768588
2.54, 768404
2.54, 767353
2.54, 766736
2.54, 765608
2.54, 764794
2.54, 764603
2.54, 764598
2.56, 762915
2.56, 761629
2.56, 760271
2.56, 759635
2.56, 758556
2.56, 756316
2.56, 756118
2.56, 752790
2.56, 751468
2.56, 751131
2.56, 750977
2.56, 750728
2.56, 750535
2.56, 750510
2.56, 748279
2.56, 745253
2.56, 741938
2.56, 740555
2.61, 740455
2.61, 740191
2.61, 738194
2.61, 736396
2.61, 735254
2.61, 734911
2.61, 734811
2.69, 734145
2.70, 734097
2.70, 734054
2.70, 733784
2.70, 733688
2.70, 733553
2.70, 733293
2.70, 732636
2.71, 732253
2.71, 730723
2.71, 729634
2.71, 729120
2.72, 728745
2.72, 728611
2.72, 727957
2.72, 727817
2.72, 727717
2.72, 727315
2.72, 726321
2.72, 725535
2.72, 724529
2.72, 723343
2.72, 723223
2.72, 722970
2.73, 721051
2.73, 719516
2.73, 719395
2.73, 719223
2.73, 719199
2.73, 718835
2.73, 718784
2.73, 718531
2.73, 717580
2.73, 716780
2.73, 716500
2.73, 716351
2.73, 716253
2.84, 715674
2.84, 715576
2.84, 715088
2.84, 714960
2.84, 714584
2.84, 714118
2.84, 713621
2.85, 713553
2.87, 713078
2.87, 710950
2.87, 710798
2.87, 710396
2.89, 709175
2.89, 707832
2.89, 705884
2.89, 705498
2.89, 704271
2.89, 703932
2.90, 703914
2.90, 703121
2.90, 702656
2.90, 702341
2.91, 701904
2.91, 701864
2.91, 701353
2.91, 701141
2.91, 700804
2.92, 698850
2.92, 698056
2.92, 697655
2.92, 696902
2.93, 696545
2.93, 696517
2.93, 696437
2.93, 696398
2.95, 696181
2.95, 695902
2.95, 695384
2.95, 695373
2.95, 694498
2.95, 693994
2.95, 693966
2.95, 693355
2.95, 692541
2.95, 692050
2.95, 691461
2.95, 691227
2.95, 691191
2.96, 690840
3.04, 690018
3.04, 689517
3.04, 688131
3.05, 687715
3.05, 687639
3.05, 687531
3.05, 687442
3.05, 687437
3.06, 687404
3.06, 687067
3.06, 686637
3.06, 686393
3.07, 686168
3.07, 685742
3.07, 685631
3.09, 685551
3.10, 685441
3.10, 685414
3.11, 684756
3.11, 684659
3.11, 684481
3.11, 683932
3.11, 683533
3.11, 682541
3.11, 682154
3.11, 682054
3.11, 681294
3.12, 680976
3.12, 679454
3.12, 678389
3.12, 677321
3.12, 676532
3.12, 676530
3.12, 676465
3.13, 676397
3.13, 675844
3.13, 675724
3.13, 675537
3.14, 675404
3.14, 674126
3.22, 674116
3.24, 672920
3.24, 672818
3.30, 672343
3.32, 672190
3.32, 672093
3.32, 671841
3.32, 671724
3.33, 671716
3.35, 671507
3.36, 671389
3.36, 671353
3.36, 670768
3.36, 670522
3.36, 669935
3.37, 669548
3.37, 669232
3.37, 668823
3.42, 668729
3.42, 668664
3.43, 668629
3.43, 668082
3.43, 668026
3.44, 667643
3.44, 667144
3.46, 666762
3.46, 666244
3.46, 665825
3.47, 665650
3.48, 665604
3.48, 665556
3.49, 665444
3.49, 664947
3.50, 664561
3.50, 664301
3.51, 664202
3.51, 663815
3.51, 663433
3.51, 663231
3.52, 663147
3.52, 662548
3.53, 662332
3.58, 662301
3.58, 662002
3.68, 661722
3.69, 661637
3.69, 661605
3.70, 661305
3.71, 661277
3.71, 661269
3.71, 661209
3.91, 661138
3.94, 660949
3.99, 660704
4.02, 660357
4.03, 660278
4.04, 660221
4.10, 660161
4.39, 660139
16.60, 660003
16.73, 659971
16.75, 659854
16.99, 659817
16.99, 659789
20.15, 659740
