0.00,6936261
0.00,6865958
0.00,6631082
0.00,6511950
0.00,6512005
0.00,6368076
0.00,6221220
0.00,6072828
0.00,6071908
0.00,5940424
0.01,5832885
0.01,5648568
0.01,5548025
0.01,5549671
0.01,5416264
0.01,5285218
0.01,5202487
0.01,5122541
0.01,5076731
0.01,5056806
0.01,5083765
0.01,5083630
0.01,5010242
0.01,4901450
0.01,4915377
0.01,4953283
0.01,5005244
0.01,4938294
0.01,4931297
0.01,4945931
0.01,4937837
0.01,4891867
0.01,4815266
0.01,4808603
0.01,4712408
0.01,4643349
0.01,4570289
0.01,4663119
0.01,4535423
0.01,4578644
0.01,4534561
0.01,4539707
0.01,4584098
0.01,4571683
0.01,4432493
0.01,4446945
0.01,4433656
0.01,4395848
0.01,4309914
0.02,4292166
0.02,4292338
0.02,4209474
0.02,4255269
0.02,4256941
0.02,4227025
0.02,4207466
0.02,4136682
0.02,4135196
0.02,4073866
0.02,4076881
0.02,4079278
0.02,4084074
0.02,4090930
0.02,4120248
0.02,4151735
0.02,4139325
0.02,4070854
0.02,3990412
0.02,3994806
0.02,4011207
0.02,3997802
0.02,3997444
0.02,4023145
0.02,4015986
0.02,4047023
0.02,4076474
0.02,4071542
0.02,3981901
0.02,3993058
0.02,4055760
0.02,4039030
0.02,3994588
0.02,3985334
0.02,4014453
0.02,3957394
0.02,3977030
0.02,3969401
0.02,3883555
0.02,3883950
0.02,3929833
0.02,3954282
0.02,3883295
0.02,3884352
0.02,3872038
0.02,3782019
0.02,3754053
0.02,3762983
0.02,3762967
0.02,3745451
0.02,3767424
0.02,3790314
0.02,3714529
0.02,3716167
0.02,3724529
0.02,3725063
0.02,3699707
0.02,3629097
0.02,3570854
0.02,3517235
0.02,3514815
0.02,3504898
0.02,3498556
0.02,3483814
0.02,3544115
0.02,3538235
0.02,3534146
0.02,3526263
0.02,3568545
0.02,3563335
0.02,3551485
0.02,3576312
0.02,3569000
0.02,3513035
0.02,3512311
0.02,3505491
0.02,3505626
0.03,3511897
0.03,3522192
0.03,3568409
0.03,3579298
0.03,3566824
0.03,3557001
0.03,3568565
0.03,3507275
0.03,3408282
0.03,3469669
0.03,3502024
0.03,3444644
0.03,3420194
0.03,3418613
0.03,3415345
0.03,3429995
0.03,3497772
0.03,3499674
0.03,3469013
0.03,3434321
0.03,3412143
0.03,3397906
0.03,3406898
0.03,3368884
0.03,3370348
0.03,3395894
0.03,3340547
0.03,3324792
0.03,3251837
0.03,3288442
0.03,3234630
0.03,3154949
0.03,3147999
0.03,3102812
0.03,3094513
0.03,3048553
0.03,3029179
0.03,3027974
0.03,3034070
0.03,3018127
0.03,3011177
0.03,2978644
0.03,2969127
0.03,2925495
0.03,2924052
0.03,2870217
0.03,2879481
0.03,2849489
0.03,2808068
0.03,2786755
0.03,2779994
0.03,2742861
0.03,2711809
0.03,2713939
0.03,2710751
0.03,2669524
0.03,2623779
0.03,2629062
0.03,2594677
0.03,2581054
0.03,2559748
0.03,2571083
0.03,2565125
0.03,2545788
0.03,2542505
0.03,2538245
0.03,2520569
0.03,2484668
0.03,2456415
0.03,2436545
0.03,2450628
0.03,2450433
0.03,2456212
0.03,2387837
0.03,2408135
0.03,2408924
0.03,2407088
0.03,2387724
0.03,2353784
0.03,2364562
0.03,2374844
0.03,2356206
0.03,2332813
0.03,2295199
0.03,2288803
0.03,2265372
0.03,2275096
0.03,2270858
0.03,2235575
0.03,2231983
0.03,2214525
0.03,2201827
0.04,2209914
0.04,2242327
0.04,2273833
0.04,2177793
0.04,2178438
0.04,2178673
0.04,2140554
0.04,2159141
0.04,2148956
0.04,2118621
0.04,2079165
0.04,2040661
0.04,2033820
0.04,1994568
0.04,1992923
0.04,1995743
0.04,1999171
0.04,2005738
0.04,1986272
0.04,1992136
0.04,1992628
0.04,1988636
0.04,1992081
0.04,1994626
0.04,2007458
0.04,2039100
0.04,2041923
0.04,2072937
0.04,2064257
0.04,2043011
0.04,2029368
0.04,2007935
0.04,2038684
0.04,2032633
0.04,2033806
0.04,2024488
0.04,2065614
0.04,2082587
0.04,2078031
0.04,2087052
0.04,2110166
0.04,2090715
0.04,2079741
0.04,2084922
0.04,2008037
0.04,1971571
0.04,1956991
0.04,1957528
0.04,1975509
0.04,2015566
0.04,2048520
0.04,1994825
0.04,2007073
0.04,1991721
0.04,1984389
0.04,1990773
0.04,2018251
0.04,2036442
0.04,2089682
0.04,2090993
0.04,2008528
0.04,2024107
0.04,2053316
0.04,1987955
0.04,1967717
0.04,1964186
0.04,1965993
0.04,1981493
0.04,1984648
0.04,1957975
0.04,1948477
0.04,1937518
0.04,1948644
0.04,1962790
0.04,1962398
0.04,1960100
0.04,1955309
0.04,1932540
0.04,1930780
0.04,1938375
0.04,1915592
0.04,1883994
0.04,1869603
0.04,1900279
0.04,1897248
0.04,1892831
0.04,1892960
0.04,1891828
0.04,1896221
0.04,1870864
0.05,1863222
0.05,1849610
0.05,1876916
0.05,1857284
0.05,1846327
0.05,1852855
0.05,1850481
0.05,1851947
0.05,1851355
0.05,1833088
0.05,1828651
0.05,1843782
0.05,1837070
0.05,1815896
0.05,1828681
0.05,1831796
0.05,1826367
0.05,1828070
0.05,1822936
0.05,1814988
0.05,1823175
0.05,1819297
0.05,1818569
0.05,1798946
0.05,1791612
0.05,1796695
0.05,1774370
0.05,1757539
0.05,1741258
0.05,1732747
0.05,1722456
0.05,1709903
0.05,1693504
0.05,1684555
0.05,1683215
0.05,1695869
0.05,1686659
0.05,1687493
0.05,1690532
0.05,1687581
0.05,1685795
0.05,1688123
0.05,1713095
0.05,1732606
0.05,1666928
0.05,1703418
0.05,1695459
0.05,1699560
0.05,1712296
0.05,1677431
0.05,1698316
0.05,1686634
0.05,1715384
0.05,1714152
0.05,1653413
0.05,1646401
0.05,1648246
0.05,1643153
0.05,1647182
0.05,1637893
0.05,1669586
0.05,1755510
0.05,1751130
0.05,1766654
0.05,1754672
0.05,1754785
0.05,1755589
0.05,1752047
0.05,1730487
0.05,1734447
0.05,1696833
0.05,1694466
0.05,1694421
0.05,1686864
0.05,1696314
0.05,1688611
0.05,1696430
0.05,1710994
0.05,1712302
0.05,1704278
0.05,1678905
0.05,1667267
0.05,1662004
0.05,1656361
0.05,1662341
0.05,1663408
0.05,1652085
0.05,1645818
0.05,1622735
0.05,1636132
0.06,1614559
0.06,1624888
0.06,1625336
0.06,1599256
0.06,1615241
0.06,1603801
0.06,1600127
0.06,1594104
0.06,1582097
0.06,1591239
0.06,1602220
0.06,1609103
0.06,1599798
0.06,1615090
0.06,1634589
0.06,1594550
0.06,1592176
0.06,1589769
0.06,1592379
0.06,1583080
0.06,1568381
0.06,1587229
0.06,1558558
0.06,1559653
0.06,1572376
0.06,1594391
0.06,1606422
0.06,1642035
0.06,1640928
0.06,1596301
0.06,1586510
0.06,1611710
0.06,1606739
0.06,1626748
0.06,1675244
0.06,1669977
0.06,1636414
0.06,1621343
0.06,1602066
0.06,1601645
0.06,1590006
0.06,1586745
0.06,1594738
0.06,1572726
0.06,1569759
0.06,1616156
0.06,1682036
0.06,1667789
0.06,1697379
0.06,1685021
0.06,1685050
0.06,1697728
0.06,1699950
0.06,1681092
0.06,1675073
0.06,1628341
0.06,1623521
0.06,1629867
0.06,1658917
0.06,1652648
0.06,1643258
0.06,1647332
0.06,1659355
0.06,1633828
0.06,1617247
0.06,1610325
0.06,1599167
0.06,1575000
0.06,1542123
0.06,1517948
0.06,1504051
0.06,1500784
0.06,1488548
0.06,1496123
0.06,1494479
0.06,1504808
0.06,1505256
0.06,1464384
0.06,1466430
0.06,1481068
0.06,1474509
0.06,1461450
0.06,1443597
0.06,1457908
0.06,1484628
0.06,1427222
0.06,1457141
0.06,1408882
0.06,1401263
0.06,1385886
0.06,1386379
0.07,1398860
0.07,1393151
0.07,1405459
0.07,1403496
0.07,1406819
0.07,1405128
0.07,1413427
0.07,1409968
0.07,1390615
0.07,1400941
0.07,1435630
0.07,1442811
0.07,1439041
0.07,1432816
0.07,1430122
0.07,1424818
0.07,1424483
0.07,1418026
0.07,1425818
0.07,1410653
0.07,1397442
0.07,1409557
0.07,1416885
0.07,1409188
0.07,1406287
0.07,1409869
0.07,1400020
0.07,1400160
0.07,1404164
0.07,1422923
0.07,1406095
0.07,1399620
0.07,1393633
0.07,1386348
0.07,1371123
0.07,1382551
0.07,1392256
0.07,1403551
0.07,1396903
0.07,1393567
0.07,1404478
0.07,1395195
0.07,1374132
0.07,1377026
0.07,1393432
0.07,1396752
0.07,1451965
0.07,1541406
0.07,1523594
0.07,1501550
0.07,1480129
0.07,1472975
0.07,1460041
0.07,1450001
0.07,1443600
0.07,1442768
0.07,1444156
0.07,1441702
0.07,1450085
0.07,1468306
0.07,1475704
0.07,1494764
0.07,1483668
0.07,1485301
0.07,1483465
0.07,1495222
0.07,1488633
0.07,1490753
0.07,1429688
0.07,1380320
0.07,1388580
0.07,1408949
0.07,1395464
0.07,1407985
0.07,1412861
0.07,1383668
0.07,1378964
0.07,1390830
0.07,1366699
0.07,1365368
0.07,1360602
0.07,1375378
0.07,1391807
0.07,1409315
0.07,1440900
0.07,1431645
0.07,1427011
0.07,1432308
0.07,1431551
0.07,1442081
0.07,1447010
0.08,1458886
0.08,1452386
0.08,1461706
0.08,1482701
0.08,1496604
0.08,1493328
0.08,1482854
0.08,1495341
0.08,1495487
0.08,1514684
0.08,1509694
0.08,1511806
0.08,1432455
0.08,1390276
0.08,1405654
0.08,1441017
0.08,1429244
0.08,1440104
0.08,1454703
0.08,1433274
0.08,1414029
0.08,1429728
0.08,1417617
0.08,1423090
0.08,1447158
0.08,1426565
0.08,1454805
0.08,1456114
0.08,1470601
0.08,1511700
0.08,1497764
0.08,1440142
0.08,1433916
0.08,1433066
0.08,1374922
0.08,1380694
0.08,1390083
0.08,1368956
0.08,1383113
0.08,1397488
0.08,1397924
0.08,1375165
0.08,1377393
0.08,1361968
0.08,1363807
0.08,1368281
0.08,1352338
0.08,1354233
0.08,1368172
0.08,1378960
0.08,1387958
0.08,1395752
0.08,1395824
0.08,1392948
0.08,1395564
0.08,1375251
0.08,1375972
0.08,1381803
0.08,1383435
0.08,1382471
0.08,1449400
0.08,1403461
0.08,1371238
0.08,1347119
0.08,1331566
0.08,1319661
0.08,1320276
0.08,1328667
0.08,1305448
0.08,1304327
0.08,1297231
0.08,1289555
0.08,1307377
0.08,1304918
0.08,1304601
0.08,1328349
0.08,1333793
0.08,1336096
0.08,1413342
0.08,1417034
0.08,1383376
0.08,1370908
0.08,1376950
0.08,1359655
0.08,1353802
0.08,1368818
0.08,1387239
0.08,1415725
0.08,1400022
0.09,1400564
0.09,1408656
0.09,1390068
0.09,1370449
0.09,1385850
0.09,1348083
0.09,1304539
0.09,1275987
0.09,1263101
0.09,1265051
0.09,1279864
0.09,1258889
0.09,1256475
0.09,1242975
0.09,1241600
0.09,1229971
0.09,1230089
0.09,1243490
0.09,1246653
0.09,1265234
0.09,1258714
0.09,1281325
0.09,1308670
0.09,1329824
0.09,1263710
0.09,1263806
0.09,1262489
0.09,1263756
0.09,1253271
0.09,1260904
0.09,1261603
0.09,1263768
0.09,1250095
0.09,1256091
0.09,1252164
0.09,1251675
0.09,1250016
0.09,1245092
0.09,1249604
0.09,1248929
0.09,1249431
0.09,1254607
0.09,1267841
0.09,1263053
0.09,1258029
0.09,1262878
0.09,1264711
0.09,1248771
0.09,1242705
0.09,1223286
0.09,1217406
0.09,1206003
0.09,1206142
0.09,1207601
0.09,1201268
0.09,1190119
0.09,1194604
0.09,1199940
0.09,1194652
0.09,1201326
0.09,1204289
0.09,1205684
0.09,1194007
0.09,1193190
0.09,1189768
0.09,1192846
0.09,1189412
0.09,1179075
0.09,1190802
0.09,1191093
0.09,1203609
0.09,1201024
0.09,1199493
0.09,1196035
0.09,1204200
0.09,1200170
0.09,1200131
0.09,1213998
0.09,1208905
0.09,1195444
0.09,1195884
0.09,1203173
0.09,1202981
0.09,1205435
0.09,1192668
0.09,1187990
0.09,1191035
0.09,1189727
0.09,1190325
0.09,1195575
0.09,1191005
0.10,1187343
0.10,1161751
0.10,1160997
0.10,1153030
0.10,1150682
0.10,1217940
0.10,1212353
0.10,1179809
0.10,1147211
0.10,1146590
0.10,1145342
0.10,1138809
0.10,1129032
0.10,1129937
0.10,1118038
0.10,1108865
0.10,1116414
0.10,1118366
0.10,1116891
0.10,1120671
0.10,1114899
0.10,1135500
0.10,1123592
0.10,1124596
0.10,1148282
0.10,1155572
0.10,1164988
0.10,1153698
0.10,1161389
0.10,1173317
0.10,1177522
0.10,1202527
0.10,1192679
0.10,1185485
0.10,1184539
0.10,1180991
0.10,1202718
0.10,1241858
0.10,1244976
0.10,1167779
0.10,1165182
0.10,1144402
0.10,1144999
0.10,1110905
0.10,1126972
0.10,1173644
0.10,1230226
0.10,1224488
0.10,1236930
0.10,1225864
0.10,1225645
0.10,1234613
0.10,1240266
0.10,1232865
0.10,1234226
0.10,1197355
0.10,1187329
0.10,1188200
0.10,1196796
0.10,1204755
0.10,1198618
0.10,1197487
0.10,1203763
0.10,1206929
0.10,1199075
0.10,1180838
0.10,1165712
0.10,1143237
0.10,1119845
0.10,1115876
0.10,1109403
0.10,1108422
0.10,1103322
0.10,1104294
0.10,1103327
0.10,1093285
0.10,1095824
0.10,1091700
0.10,1086480
0.10,1086942
0.10,1094295
0.10,1082629
0.10,1081300
0.10,1075230
0.10,1075263
0.10,1075483
0.10,1061660
0.10,1063055
0.10,1068981
0.10,1094778
0.10,1088561
0.11,1089459
0.11,1108246
0.11,1112874
0.11,1121848
0.11,1120309
0.11,1120774
0.11,1124845
0.11,1120427
0.11,1149774
0.11,1142190
0.11,1138012
0.11,1140862
0.11,1141177
0.11,1161141
0.11,1198139
0.11,1194161
0.11,1115328
0.11,1118616
0.11,1097672
0.11,1097870
0.11,1062740
0.11,1083644
0.11,1123092
0.11,1106873
0.11,1110864
0.11,1100722
0.11,1101434
0.11,1103271
0.11,1109642
0.11,1090938
0.11,1090486
0.11,1056922
0.11,1071430
0.11,1047549
0.11,1050947
0.11,1039356
0.11,1036895
0.11,1035038
0.11,1032258
0.11,1029762
0.11,1032202
0.11,1031800
0.11,1034578
0.11,1032815
0.11,1019762
0.11,1021384
0.11,1023853
0.11,1021459
0.11,1022190
0.11,1019394
0.11,1020717
0.11,1028111
0.11,1025898
0.11,1010409
0.11,1011407
0.11,1005379
0.11,1002039
0.11,996702
0.11,1044930
0.11,1028133
0.11,989372
0.11,988143
0.11,986000
0.11,1001046
0.11,998746
0.11,990392
0.11,991524
0.11,991341
0.11,988929
0.11,984456
0.11,986283
0.11,987368
0.11,983368
0.11,987703
0.11,986004
0.11,987694
0.11,980244
0.11,972725
0.11,965871
0.11,961995
0.11,957520
0.11,950503
0.11,945483
0.11,940796
0.11,941779
0.11,941474
0.11,942582
0.11,934816
0.11,940444
0.11,939333
0.11,942944
0.12,934623
0.12,932980
0.12,926372
0.12,924725
0.12,924170
0.12,928156
0.12,920490
0.12,917876
0.12,919307
0.12,920837
0.12,912423
0.12,913420
0.12,913379
0.12,910667
0.12,909882
0.12,905985
0.12,900523
0.12,895467
0.12,890231
0.12,894538
0.12,894738
0.12,894761
0.12,895404
0.12,896578
0.12,897202
0.12,898302
0.12,899671
0.12,903462
0.12,905054
0.12,914708
0.12,921139
0.12,926976
0.12,920038
0.12,922667
0.12,918508
0.12,919565
0.12,935999
0.12,941042
0.12,944061
0.12,939699
0.12,952548
0.12,943477
0.12,941672
0.12,976523
0.12,980334
0.12,993792
0.12,988376
0.12,986736
0.12,992892
0.12,984908
0.12,1008791
0.12,998893
0.12,1011208
0.12,1050213
0.12,1056012
0.12,1016286
0.12,1022361
0.12,1044832
0.12,1052908
0.12,991016
0.12,977270
0.12,980962
0.12,966559
0.12,1018674
0.12,1036351
0.12,1042454
0.12,1085357
0.12,1087933
0.12,1088103
0.12,1076271
0.12,1076868
0.12,1075405
0.12,1083738
0.12,1074640
0.12,1074544
0.12,1044195
0.12,1032652
0.12,1032176
0.12,1025495
0.12,1014870
0.12,1014121
0.12,1014467
0.12,1013665
0.12,1001243
0.12,989458
0.12,973011
0.12,950512
0.13,944872
0.13,941879
0.13,937461
0.13,924372
0.13,927314
0.13,929218
0.13,924751
0.13,918621
0.13,919756
0.13,917945
0.13,894790
0.13,887185
0.13,881941
0.13,879605
0.13,879547
0.13,875125
0.13,878367
0.13,877764
0.13,878117
0.13,878643
0.13,879859
0.13,872750
0.13,870410
0.13,868369
0.13,867071
0.13,867442
0.13,863552
0.13,860918
0.13,856980
0.13,854332
0.13,858685
0.13,863008
0.13,865176
0.13,880566
0.13,891341
0.13,882017
0.13,878757
0.13,879556
0.13,884630
0.13,892213
0.13,893092
0.13,898364
0.13,887635
0.13,887076
0.13,887828
0.13,881883
0.13,890173
0.13,890766
0.13,892756
0.13,890899
0.13,889626
0.13,893806
0.13,888579
0.13,886846
0.13,884204
0.13,886341
0.13,889523
0.13,890882
0.13,897949
0.13,920287
0.13,957249
0.13,984873
0.13,916063
0.13,916983
0.13,917650
0.13,917782
0.13,919814
0.13,915511
0.13,912901
0.13,905571
0.13,913625
0.13,903162
0.13,901084
0.13,929193
0.13,927566
0.13,932436
0.13,935168
0.13,931135
0.13,924335
0.13,919618
0.13,950020
0.13,950789
0.13,961985
0.13,999876
0.13,998190
0.13,948590
0.13,939743
0.13,944009
0.13,932021
0.13,936329
0.14,924055
0.14,927315
0.14,906908
0.14,949640
0.14,978520
0.14,988778
0.14,1029801
0.14,1026529
0.14,1027218
0.14,1020264
0.14,1005324
0.14,997132
0.14,1000777
0.14,988450
0.14,990451
0.14,976725
0.14,971249
0.14,964389
0.14,949797
0.14,942052
0.14,941696
0.14,941865
0.14,946243
0.14,931113
0.14,918972
0.14,902246
0.14,887002
0.14,879644
0.14,876807
0.14,875310
0.14,860988
0.14,854165
0.14,852500
0.14,858706
0.14,861723
0.14,852834
0.14,849347
0.14,850304
0.14,850592
0.14,854362
0.14,852713
0.14,849729
0.14,847438
0.14,851369
0.14,856037
0.14,851536
0.14,853159
0.14,862676
0.14,878477
0.14,894171
0.14,909166
0.14,924067
0.14,926580
0.14,926113
0.14,923306
0.14,927560
0.14,935269
0.14,936895
0.14,941731
0.14,961398
0.14,964758
0.14,977959
0.14,976395
0.14,974511
0.14,972871
0.14,987340
0.14,988758
0.14,985073
0.14,945357
0.14,955108
0.14,922394
0.14,861699
0.14,861440
0.14,851933
0.14,859557
0.14,853078
0.14,861117
0.14,864166
0.14,851854
0.14,895209
0.14,880235
0.14,841889
0.14,846142
0.14,843419
0.14,844772
0.14,841083
0.14,837151
0.14,838163
0.14,837632
0.15,834956
0.15,829269
0.15,825378
0.15,833894
0.15,831012
0.15,826487
0.15,827584
0.15,825880
0.15,820445
0.15,820894
0.15,817112
0.15,816860
0.15,824877
0.15,827622
0.15,830101
0.15,824936
0.15,822622
0.15,823246
0.15,825017
0.15,825698
0.15,820865
0.15,818026
0.15,818529
0.15,822492
0.15,821014
0.15,818331
0.15,815883
0.15,815102
0.15,810368
0.15,807999
0.15,804979
0.15,803607
0.15,802116
0.15,808120
0.15,806223
0.15,799255
0.15,795818
0.15,794455
0.15,810982
0.15,806479
0.15,846197
0.15,849369
0.15,854563
0.15,837635
0.15,826839
0.15,825245
0.15,825908
0.15,793811
0.15,799046
0.15,807378
0.15,811047
0.15,812306
0.15,822854
0.15,832083
0.15,829472
0.15,834783
0.15,832880
0.15,829591
0.15,829252
0.15,830356
0.15,828616
0.15,819070
0.15,817770
0.15,820749
0.15,826115
0.15,830681
0.15,828406
0.15,824918
0.15,825963
0.15,828662
0.15,831664
0.15,827604
0.15,824251
0.15,817411
0.15,816133
0.15,818903
0.15,822198
0.15,832337
0.15,854856
0.15,892667
0.15,921218
0.15,855779
0.15,854844
0.15,858293
0.15,858958
0.15,860497
0.15,855140
0.15,849436
0.16,850892
0.16,849063
0.16,849362
0.16,852149
0.16,855669
0.16,853094
0.16,858715
0.16,865065
0.16,863250
0.16,853631
0.16,856165
0.16,854702
0.16,854333
0.16,858267
0.16,872711
0.16,926937
0.16,935271
0.16,979333
0.16,986628
0.16,988866
0.16,974750
0.16,973662
0.16,969739
0.16,968018
0.16,948243
0.16,951607
0.16,933630
0.16,927310
0.16,919874
0.16,911685
0.16,908751
0.16,897683
0.16,896952
0.16,895644
0.16,883692
0.16,872286
0.16,863786
0.16,829841
0.16,847548
0.16,850007
0.16,863447
0.16,859922
0.16,879563
0.16,881002
0.16,890479
0.16,940343
0.16,939835
0.16,902541
0.16,894199
0.16,901740
0.16,876595
0.16,878853
0.16,871333
0.16,869032
0.16,869465
0.16,859835
0.16,856968
0.16,838888
0.16,837474
0.16,831617
0.16,818026
0.16,812855
0.16,810491
0.16,808265
0.16,802667
0.16,800942
0.16,797449
0.16,796604
0.16,794462
0.16,797683
0.16,799875
0.16,798674
0.16,794870
0.16,794865
0.16,796293
0.16,794553
0.16,796953
0.16,798148
0.16,800303
0.16,800591
0.16,805902
0.16,804355
0.16,804363
0.16,804158
0.16,821779
0.16,826949
0.16,822142
0.16,836158
0.16,852955
0.16,920584
0.17,931693
0.17,978810
0.17,988970
0.17,985132
0.17,994791
0.17,987115
0.17,981197
0.17,1008365
0.17,990427
0.17,954236
0.17,941586
0.17,936962
0.17,912054
0.17,903397
0.17,885605
0.17,885271
0.17,831578
0.17,816017
0.17,790918
0.17,791519
0.17,792052
0.17,789428
0.17,794358
0.17,799210
0.17,841152
0.17,847012
0.17,846245
0.17,821910
0.17,821264
0.17,818111
0.17,799429
0.17,800141
0.17,791845
0.17,795749
0.17,784761
0.17,785700
0.17,781955
0.17,779228
0.17,780145
0.17,782107
0.17,779251
0.17,778159
0.17,775094
0.17,772445
0.17,769805
0.17,767229
0.17,764675
0.17,761568
0.17,761999
0.17,761305
0.17,761287
0.17,758152
0.17,762128
0.17,761308
0.17,759867
0.17,762283
0.17,762384
0.17,761061
0.17,758634
0.17,763444
0.17,761286
0.17,764419
0.17,772452
0.17,789687
0.17,829852
0.17,856006
0.17,860196
0.17,859634
0.17,872285
0.17,874530
0.17,892297
0.17,897073
0.17,906943
0.17,946250
0.17,938915
0.17,968401
0.17,962514
0.17,946844
0.17,971143
0.17,970827
0.17,921941
0.17,924744
0.17,900196
0.17,873464
0.17,838936
0.17,811475
0.17,755708
0.17,753361
0.17,751060
0.17,748781
0.18,750878
0.18,750898
0.18,752246
0.18,752943
0.18,754979
0.18,753012
0.18,752542
0.18,749840
0.18,752914
0.18,757068
0.18,756986
0.18,762203
0.18,784409
0.18,832889
0.18,850774
0.18,848268
0.18,861698
0.18,862689
0.18,874212
0.18,887544
0.18,893819
0.18,904461
0.18,931465
0.18,950686
0.18,951054
0.18,944256
0.18,962243
0.18,959603
0.18,925401
0.18,918485
0.18,913406
0.18,870115
0.18,860790
0.18,819152
0.18,802980
0.18,746518
0.18,749267
0.18,748463
0.18,745951
0.18,745864
0.18,747747
0.18,742247
0.18,744884
0.18,747777
0.18,750068
0.18,751673
0.18,753686
0.18,756323
0.18,757381
0.18,757660
0.18,762796
0.18,761618
0.18,761394
0.18,767067
0.18,780667
0.18,813565
0.18,824202
0.18,824292
0.18,824887
0.18,822941
0.18,825756
0.18,836297
0.18,837059
0.18,839478
0.18,872031
0.18,872014
0.18,881154
0.18,888566
0.18,883214
0.18,879561
0.18,884300
0.18,883834
0.18,884876
0.18,857213
0.18,861353
0.18,830548
0.18,825137
0.18,771575
0.18,775591
0.18,775628
0.18,766416
0.18,764296
0.18,753929
0.18,751032
0.18,741226
0.18,740392
0.18,742383
0.18,737568
0.18,736783
0.18,737713
0.19,735753
0.19,735601
0.19,735390
0.19,733880
0.19,735585
0.19,734073
0.19,731883
0.19,730272
0.19,728594
0.19,727067
0.19,725557
0.19,723856
0.19,724496
0.19,722465
0.19,721074
0.19,719694
0.19,718356
0.19,724514
0.19,723358
0.19,717021
0.19,715707
0.19,715741
0.19,715785
0.19,722124
0.19,722215
0.19,721000
0.19,717014
0.19,715251
0.19,712095
0.19,712520
0.19,711151
0.19,711027
0.19,709494
0.19,708888
0.19,708081
0.19,707020
0.19,705832
0.19,710311
0.19,704650
0.19,705864
0.19,708119
0.19,703745
0.19,706188
0.19,708848
0.19,710738
0.19,715170
0.19,722105
0.19,721250
0.19,722593
0.19,731705
0.19,750185
0.19,783964
0.19,795969
0.19,794307
0.19,796795
0.19,797254
0.19,796321
0.19,804554
0.19,806641
0.19,807410
0.19,839694
0.19,838206
0.19,837564
0.19,837337
0.19,842598
0.19,849463
0.19,844478
0.19,825380
0.19,823188
0.19,797240
0.19,793936
0.19,768519
0.19,759538
0.19,721865
0.19,733002
0.19,732495
0.19,722864
0.19,714016
0.19,723438
0.19,721502
0.19,730110
0.19,779721
0.19,780585
0.19,716761
0.19,702548
0.19,702630
0.19,702364
0.19,701187
0.20,700043
0.20,698938
0.20,697833
0.20,696867
0.20,696089
0.20,695186
0.20,694360
0.20,693120
0.20,692378
0.20,691690
0.20,691067
0.20,690455
0.20,689855
0.20,689352
0.20,688973
0.20,688082
0.20,687480
0.20,689480
0.20,688754
0.20,688864
0.20,688850
0.20,689258
0.20,690549
0.20,689427
0.20,689284
0.20,690418
0.20,693494
0.20,694943
0.20,696820
0.20,697498
0.20,700693
0.20,707054
0.20,708333
0.20,710828
0.20,719671
0.20,734403
0.20,765623
0.20,778491
0.20,778810
0.20,776620
0.20,777104
0.20,779761
0.20,787362
0.20,788191
0.20,789972
0.20,818779
0.20,819207
0.20,823471
0.20,823401
0.20,826039
0.20,832463
0.20,829010
0.20,808474
0.20,810508
0.20,788245
0.20,779773
0.20,756393
0.20,758819
0.20,709477
0.20,701421
0.20,703461
0.20,704466
0.20,696317
0.20,704137
0.20,705847
0.20,718098
0.20,742384
0.20,738142
0.20,686927
0.20,687683
0.20,687635
0.20,687554
0.20,687016
0.20,687373
0.20,688291
0.20,689139
0.20,687247
0.20,688061
0.20,692727
0.20,693109
0.20,696329
0.20,695461
0.20,697619
0.20,700119
0.20,706796
0.20,710364
0.20,710006
0.20,717945
0.20,731605
0.20,764397
0.20,776396
0.21,774060
0.21,774556
0.21,775937
0.21,776707
0.21,786253
0.21,785083
0.21,785452
0.21,817654
0.21,819605
0.21,822564
0.21,821173
0.21,824618
0.21,830846
0.21,826583
0.21,812069
0.21,810707
0.21,787030
0.21,782862
0.21,768551
0.21,758754
0.21,699978
0.21,705335
0.21,703314
0.21,703584
0.21,696635
0.21,705012
0.21,708061
0.21,696739
0.21,739216
0.21,722806
0.21,685784
0.21,685874
0.21,687174
0.21,687246
0.21,686901
0.21,687741
0.21,690393
0.21,690916
0.21,693683
0.21,693742
0.21,692423
0.21,693716
0.21,694803
0.21,694567
0.21,692281
0.21,693131
0.21,691100
0.21,692173
0.21,692105
0.21,694383
0.21,695087
0.21,695513
0.21,699062
0.21,699983
0.21,700423
0.21,697756
0.21,698495
0.21,698753
0.21,694891
0.21,694492
0.21,693563
0.21,692372
0.21,693838
0.21,696851
0.21,694386
0.21,694817
0.21,702582
0.21,717924
0.21,750731
0.21,763869
0.21,764686
0.21,764856
0.21,771062
0.21,775351
0.21,784887
0.21,789722
0.21,807298
0.21,842575
0.21,836731
0.21,852339
0.21,854615
0.21,861672
0.21,872665
0.21,876196
0.21,864074
0.21,855743
0.21,854920
0.21,841376
0.21,805725
0.21,819283
0.21,768069
0.22,726892
0.22,711571
0.22,705741
0.22,684862
0.22,685391
0.22,683860
0.22,683334
0.22,682815
0.22,682165
0.22,681649
0.22,681411
0.22,684391
0.22,685751
0.22,688448
0.22,691629
0.22,694338
0.22,694270
0.22,689773
0.22,688230
0.22,687626
0.22,685213
0.22,683357
0.22,683108
0.22,682851
0.22,680520
0.22,681316
0.22,680746
0.22,680994
0.22,683381
0.22,684623
0.22,683380
0.22,680341
0.22,681039
0.22,681342
0.22,679398
0.22,678548
0.22,678102
0.22,678219
0.22,677329
0.22,676912
0.22,676530
0.22,676166
0.22,680262
0.22,678374
0.22,677900
0.22,675853
0.22,676245
0.22,675717
0.22,676500
0.22,674521
0.22,673271
0.22,672583
0.22,672164
0.22,671864
0.22,671568
0.22,671286
0.22,671014
0.22,670749
0.22,670497
0.22,670280
0.22,670105
0.22,669942
0.22,669758
0.22,669586
0.22,669443
0.22,674650
0.22,672039
0.22,669303
0.22,671845
0.22,675629
0.22,673721
0.22,673303
0.22,668703
0.22,671278
0.22,674725
0.22,674231
0.22,669548
0.22,667448
0.22,667101
0.22,666984
0.22,666824
0.22,667804
0.22,669604
0.22,671774
0.22,674257
0.22,666759
0.22,678345
0.22,668101
0.22,670744
0.22,666510
0.23,666455
0.23,666404
0.23,666376
0.23,667693
0.23,669881
0.23,670551
0.23,670024
0.23,666356
0.23,667466
0.23,667676
0.23,666886
0.23,665599
0.23,665478
0.23,665380
0.23,665372
