0.00,6945120
0.00,6772823
0.00,6725983
0.00,6585627
0.00,6399958
0.00,6315622
0.00,6352611
0.00,6159732
0.00,6131463
0.00,5990674
0.00,5996713
0.01,6010186
0.01,5852407
0.01,5846965
0.01,5716902
0.01,5717368
0.01,5701013
0.01,5573457
0.01,5477670
0.01,5481684
0.01,5485699
0.01,5473143
0.01,5443961
0.01,5446007
0.01,5223815
0.01,5236147
0.01,5111259
0.01,5152172
0.01,5128389
0.01,5032641
0.01,4909843
0.01,4882868
0.01,4780697
0.01,4748786
0.01,4834278
0.01,4820973
0.01,4824255
0.01,4837535
0.01,4803390
0.01,4800771
0.01,4784985
0.01,4766226
0.01,4678800
0.01,4713664
0.01,4712640
0.01,4638676
0.01,4672388
0.01,4546657
0.01,4523827
0.01,4554372
0.01,4520572
0.02,4521980
0.02,4438302
0.02,4421092
0.02,4432761
0.02,4334260
0.02,4239413
0.02,4162106
0.02,4089740
0.02,4069212
0.02,4051599
0.02,4020959
0.02,4037465
0.02,4045365
0.02,4005957
0.02,3976705
0.02,3905557
0.02,3882944
0.02,3808218
0.02,3940614
0.02,3885718
0.02,3839454
0.02,3822603
0.02,3862869
0.02,3812574
0.02,3812861
0.02,3890220
0.02,3780824
0.02,3727046
0.02,3661808
0.02,3593568
0.02,3609319
0.02,3591865
0.02,3535222
0.02,3493559
0.02,3429766
0.02,3400921
0.02,3351534
0.02,3347157
0.02,3289420
0.02,3273716
0.02,3274581
0.02,3252970
0.02,3199750
0.02,3211003
0.02,3203294
0.02,3171965
0.02,3144354
0.02,3102689
0.02,3101480
0.02,3048948
0.02,3040277
0.02,2967850
0.02,2963742
0.02,2914060
0.02,2859399
0.02,2865992
0.02,2887304
0.02,2866351
0.02,2865936
0.02,2835778
0.02,2785023
0.02,2800701
0.02,2798181
0.02,2763304
0.02,2712367
0.02,2663545
0.02,2713386
0.02,2740925
0.02,2696434
0.02,2627590
0.02,2644347
0.02,2690335
0.02,2671131
0.02,2626017
0.02,2644350
0.02,2631822
0.02,2631289
0.02,2635904
0.02,2619751
0.02,2635566
0.02,2590545
0.02,2547758
0.02,2522531
0.02,2518515
0.02,2494767
0.02,2471193
0.02,2468318
0.02,2458659
0.03,2461851
0.03,2456893
0.03,2448101
0.03,2443076
0.03,2436818
0.03,2450072
0.03,2448263
0.03,2413135
0.03,2433626
0.03,2420724
0.03,2360404
0.03,2366681
0.03,2348830
0.03,2302624
0.03,2279615
0.03,2267856
0.03,2234478
0.03,2240034
0.03,2201466
0.03,2154837
0.03,2155050
0.03,2121701
0.03,2092313
0.03,2089109
0.03,2071125
0.03,2039529
0.03,2033940
0.03,2027096
0.03,2014757
0.03,2015725
0.03,2024031
0.03,2024898
0.03,2048593
0.03,2044638
0.03,2041222
0.03,1996703
0.03,1998074
0.03,1952935
0.03,1965660
0.03,1961093
0.03,1942271
0.03,1955176
0.03,1946480
0.03,1948044
0.03,1935444
0.03,1934053
0.03,1921096
0.03,1898820
0.03,1869113
0.03,1868856
0.03,1853250
0.03,1828406
0.03,1787619
0.03,1773006
0.03,1778316
0.03,1795527
0.03,1794887
0.03,1768569
0.03,1769677
0.03,1773215
0.03,1771399
0.03,1756989
0.03,1778296
0.03,1780475
0.03,1768326
0.03,1751628
0.03,1725177
0.03,1718056
0.03,1723283
0.03,1732976
0.03,1745143
0.03,1747481
0.03,1744070
0.03,1745001
0.03,1730448
0.03,1730307
0.03,1739661
0.03,1703656
0.03,1681378
0.03,1729268
0.03,1732670
0.03,1742822
0.03,1737642
0.03,1740874
0.03,1743627
0.03,1747742
0.03,1792215
0.03,1792623
0.03,1787252
0.03,1804995
0.03,1805498
0.04,1784064
0.04,1790338
0.04,1758012
0.04,1757226
0.04,1779020
0.04,1751765
0.04,1750442
0.04,1749981
0.04,1730921
0.04,1697960
0.04,1695718
0.04,1676147
0.04,1679631
0.04,1695398
0.04,1708116
0.04,1713052
0.04,1702047
0.04,1671929
0.04,1681498
0.04,1730809
0.04,1765809
0.04,1771787
0.04,1725465
0.04,1734435
0.04,1712810
0.04,1717485
0.04,1724933
0.04,1710582
0.04,1702914
0.04,1696804
0.04,1687955
0.04,1678496
0.04,1677855
0.04,1649978
0.04,1650964
0.04,1710887
0.04,1690599
0.04,1710395
0.04,1724532
0.04,1719633
0.04,1724785
0.04,1724307
0.04,1770422
0.04,1770067
0.04,1758738
0.04,1762788
0.04,1772642
0.04,1763132
0.04,1757567
0.04,1722909
0.04,1725470
0.04,1762877
0.04,1725088
0.04,1727676
0.04,1731003
0.04,1728703
0.04,1692253
0.04,1679220
0.04,1655723
0.04,1637918
0.04,1661685
0.04,1663233
0.04,1666391
0.04,1661952
0.04,1667775
0.04,1663765
0.04,1648810
0.04,1630424
0.04,1609430
0.04,1593251
0.04,1571757
0.04,1569502
0.04,1594078
0.04,1563947
0.04,1594858
0.04,1617090
0.04,1588565
0.04,1570083
0.04,1589211
0.04,1577110
0.04,1584672
0.04,1579540
0.04,1546889
0.04,1562457
0.04,1562353
0.04,1557264
0.04,1550197
0.04,1550247
0.04,1537220
0.04,1522741
0.05,1524575
0.05,1531016
0.05,1534149
0.05,1539257
0.05,1536452
0.05,1536511
0.05,1519189
0.05,1514262
0.05,1503371
0.05,1502349
0.05,1506590
0.05,1511369
0.05,1519073
0.05,1507475
0.05,1495496
0.05,1489822
0.05,1491617
0.05,1490461
0.05,1499835
0.05,1498277
0.05,1496277
0.05,1499415
0.05,1496502
0.05,1499751
0.05,1504349
0.05,1496842
0.05,1499196
0.05,1501111
0.05,1504736
0.05,1485903
0.05,1491167
0.05,1479816
0.05,1480636
0.05,1479027
0.05,1486528
0.05,1444535
0.05,1429069
0.05,1428728
0.05,1427015
0.05,1412407
0.05,1409445
0.05,1403299
0.05,1376055
0.05,1368376
0.05,1374213
0.05,1382745
0.05,1385957
0.05,1399919
0.05,1403370
0.05,1395103
0.05,1353791
0.05,1359136
0.05,1365481
0.05,1360711
0.05,1347454
0.05,1332504
0.05,1335649
0.05,1330204
0.05,1317494
0.05,1317955
0.05,1305024
0.05,1299711
0.05,1297686
0.05,1307970
0.05,1301987
0.05,1307936
0.05,1292789
0.05,1299476
0.05,1297173
0.05,1283019
0.05,1278709
0.05,1268745
0.05,1267132
0.05,1270561
0.05,1255767
0.05,1251658
0.05,1241276
0.05,1230183
0.05,1230098
0.05,1223369
0.05,1216422
0.05,1216754
0.05,1213165
0.05,1197388
0.05,1207539
0.05,1203871
0.05,1211519
0.05,1218480
0.05,1224342
0.05,1234041
0.05,1234891
0.06,1224057
0.06,1224452
0.06,1237535
0.06,1240546
0.06,1231834
0.06,1243854
0.06,1241007
0.06,1248479
0.06,1241902
0.06,1247241
0.06,1243297
0.06,1239822
0.06,1245977
0.06,1246517
0.06,1243456
0.06,1230131
0.06,1217867
0.06,1220791
0.06,1225467
0.06,1214680
0.06,1212984
0.06,1218784
0.06,1223651
0.06,1224369
0.06,1212602
0.06,1200628
0.06,1200742
0.06,1202969
0.06,1208685
0.06,1210831
0.06,1257095
0.06,1276456
0.06,1219852
0.06,1214272
0.06,1208843
0.06,1216327
0.06,1219819
0.06,1217574
0.06,1221797
0.06,1220278
0.06,1224816
0.06,1222487
0.06,1226349
0.06,1222208
0.06,1216797
0.06,1217216
0.06,1230145
0.06,1236978
0.06,1238271
0.06,1235859
0.06,1225896
0.06,1225518
0.06,1219352
0.06,1219463
0.06,1227761
0.06,1213699
0.06,1206836
0.06,1194127
0.06,1196243
0.06,1214153
0.06,1216599
0.06,1217443
0.06,1210551
0.06,1207887
0.06,1216642
0.06,1217515
0.06,1212839
0.06,1203670
0.06,1194088
0.06,1198038
0.06,1201037
0.06,1196082
0.06,1205428
0.06,1203174
0.06,1193847
0.06,1185048
0.06,1189054
0.06,1184727
0.06,1192641
0.06,1199169
0.06,1252582
0.06,1263776
0.06,1279769
0.06,1278708
0.06,1294288
0.06,1304927
0.06,1307979
0.06,1347100
0.06,1348634
0.07,1347548
0.07,1353866
0.07,1365877
0.07,1346187
0.07,1316299
0.07,1307530
0.07,1311524
0.07,1287935
0.07,1280020
0.07,1270444
0.07,1268882
0.07,1253544
0.07,1226744
0.07,1212567
0.07,1199969
0.07,1227504
0.07,1228085
0.07,1253711
0.07,1303581
0.07,1294599
0.07,1255182
0.07,1264980
0.07,1264090
0.07,1275500
0.07,1268401
0.07,1247948
0.07,1252825
0.07,1254679
0.07,1265858
0.07,1261085
0.07,1240433
0.07,1236622
0.07,1237755
0.07,1251484
0.07,1213359
0.07,1209772
0.07,1211434
0.07,1205021
0.07,1190149
0.07,1169232
0.07,1181571
0.07,1190145
0.07,1187232
0.07,1181796
0.07,1184201
0.07,1182988
0.07,1192445
0.07,1199902
0.07,1192054
0.07,1176741
0.07,1181499
0.07,1178482
0.07,1172747
0.07,1165643
0.07,1155953
0.07,1154322
0.07,1139719
0.07,1132107
0.07,1134443
0.07,1134335
0.07,1131393
0.07,1129329
0.07,1132392
0.07,1128753
0.07,1128777
0.07,1121625
0.07,1121603
0.07,1119520
0.07,1113297
0.07,1117531
0.07,1117857
0.07,1112197
0.07,1113322
0.07,1113103
0.07,1102858
0.07,1104492
0.07,1098231
0.07,1089707
0.07,1081730
0.07,1087850
0.07,1084869
0.07,1081868
0.07,1078462
0.07,1085248
0.07,1085496
0.07,1104199
0.07,1099466
0.07,1101191
0.07,1100356
0.07,1110155
0.08,1118041
0.08,1105910
0.08,1105595
0.08,1105912
0.08,1096889
0.08,1096707
0.08,1102473
0.08,1108428
0.08,1112069
0.08,1132864
0.08,1132545
0.08,1133557
0.08,1128245
0.08,1128634
0.08,1123089
0.08,1131059
0.08,1132467
0.08,1132121
0.08,1126776
0.08,1129078
0.08,1126977
0.08,1119381
0.08,1122651
0.08,1128783
0.08,1116954
0.08,1165497
0.08,1194839
0.08,1136680
0.08,1116009
0.08,1104245
0.08,1095282
0.08,1090292
0.08,1090895
0.08,1098877
0.08,1100345
0.08,1098814
0.08,1103008
0.08,1106723
0.08,1099549
0.08,1099647
0.08,1105137
0.08,1109528
0.08,1110776
0.08,1109696
0.08,1107391
0.08,1102674
0.08,1107062
0.08,1104516
0.08,1105619
0.08,1106739
0.08,1094460
0.08,1105826
0.08,1109175
0.08,1110867
0.08,1117859
0.08,1106989
0.08,1107792
0.08,1136827
0.08,1126894
0.08,1127964
0.08,1127980
0.08,1133819
0.08,1132305
0.08,1135050
0.08,1140824
0.08,1135139
0.08,1155853
0.08,1169766
0.08,1178922
0.08,1181042
0.08,1172721
0.08,1215605
0.08,1214332
0.08,1157088
0.08,1111841
0.08,1113615
0.08,1078218
0.08,1092504
0.08,1100011
0.08,1132177
0.08,1096102
0.08,1090262
0.08,1077481
0.08,1079138
0.08,1099356
0.08,1098758
0.08,1105781
0.08,1062388
0.08,1060388
0.08,1113449
0.08,1108564
0.09,1116848
0.09,1101513
0.09,1084252
0.09,1052858
0.09,1073865
0.09,1126625
0.09,1122595
0.09,1075365
0.09,1070554
0.09,1069430
0.09,1053748
0.09,1060127
0.09,1051887
0.09,1062632
0.09,1118831
0.09,1118147
0.09,1071401
0.09,1047141
0.09,1079499
0.09,1070602
0.09,1030136
0.09,1020507
0.09,1022062
0.09,1015911
0.09,1011260
0.09,1003913
0.09,1002012
0.09,1000866
0.09,1001205
0.09,1002808
0.09,1002190
0.09,1005693
0.09,1009845
0.09,1011154
0.09,1003003
0.09,993843
0.09,1004596
0.09,1013971
0.09,1016984
0.09,1024496
0.09,1017957
0.09,1026388
0.09,1042733
0.09,1046660
0.09,1055407
0.09,1056614
0.09,1053931
0.09,1059667
0.09,1062690
0.09,1087321
0.09,1069979
0.09,1117435
0.09,1115559
0.09,1079795
0.09,1069086
0.09,1065310
0.09,1079877
0.09,1101667
0.09,1152695
0.09,1137514
0.09,1135509
0.09,1058551
0.09,1049563
0.09,1041530
0.09,1035227
0.09,1024854
0.09,1021622
0.09,1001338
0.09,985472
0.09,985129
0.09,985625
0.09,979632
0.09,971677
0.09,964960
0.09,965672
0.09,966467
0.09,975142
0.09,970968
0.09,991892
0.09,988457
0.09,986942
0.09,972661
0.09,968562
0.09,966507
0.09,971975
0.09,975091
0.09,990623
0.09,1005389
0.09,1005632
0.09,991348
0.09,986833
0.10,991282
0.10,1000265
0.10,992505
0.10,993901
0.10,999684
0.10,991600
0.10,991515
0.10,992618
0.10,991759
0.10,994420
0.10,1005075
0.10,1009315
0.10,1005190
0.10,1019258
0.10,1021923
0.10,1023999
0.10,1026571
0.10,1027714
0.10,1021708
0.10,1016371
0.10,1019514
0.10,1015331
0.10,1012310
0.10,1011617
0.10,1014708
0.10,1008798
0.10,1010882
0.10,1014335
0.10,1018776
0.10,1087666
0.10,1062566
0.10,1026278
0.10,1005225
0.10,990489
0.10,981631
0.10,977968
0.10,983015
0.10,996112
0.10,997163
0.10,996277
0.10,996617
0.10,997020
0.10,1001070
0.10,998620
0.10,998033
0.10,996144
0.10,994643
0.10,996953
0.10,989400
0.10,993372
0.10,989680
0.10,982656
0.10,983602
0.10,987556
0.10,979334
0.10,978952
0.10,975394
0.10,979370
0.10,975551
0.10,970044
0.10,968001
0.10,969990
0.10,970445
0.10,969544
0.10,976292
0.10,978355
0.10,969398
0.10,976091
0.10,964419
0.10,970412
0.10,980762
0.10,997819
0.10,1014153
0.10,1058664
0.10,1113984
0.10,1110915
0.10,1112236
0.10,1101405
0.10,1099046
0.10,1092793
0.10,1087185
0.10,1079234
0.10,1077321
0.10,1058188
0.10,1055663
0.10,1050032
0.10,1047457
0.10,1033699
0.10,1034400
0.11,1030835
0.11,1034291
0.11,1032939
0.11,1025375
0.11,1021125
0.11,987490
0.11,1016070
0.11,1021788
0.11,1027226
0.11,1028449
0.11,1048970
0.11,1053606
0.11,1063997
0.11,1076309
0.11,1112219
0.11,1113274
0.11,1067025
0.11,1062304
0.11,1031472
0.11,1031363
0.11,1028346
0.11,1020541
0.11,1017796
0.11,1016967
0.11,1012406
0.11,995235
0.11,987424
0.11,987688
0.11,978363
0.11,970296
0.11,960149
0.11,962706
0.11,965946
0.11,975769
0.11,967331
0.11,964783
0.11,960784
0.11,950914
0.11,951936
0.11,954663
0.11,951303
0.11,956821
0.11,962341
0.11,978201
0.11,990697
0.11,1031351
0.11,1085274
0.11,1088230
0.11,1083888
0.11,1074536
0.11,1073146
0.11,1081776
0.11,1072405
0.11,1064535
0.11,1063885
0.11,1044240
0.11,1040191
0.11,1040223
0.11,1039982
0.11,1027116
0.11,1026386
0.11,1020791
0.11,1026157
0.11,1030053
0.11,1017742
0.11,1009374
0.11,964704
0.11,997738
0.11,997517
0.11,1011479
0.11,1013037
0.11,1032904
0.11,1036557
0.11,1042686
0.11,1047499
0.11,1084137
0.11,1085722
0.11,1040778
0.11,1050588
0.11,1029301
0.11,1031029
0.11,1026250
0.11,1020743
0.11,1011795
0.11,1003989
0.11,998448
0.11,981434
0.11,974526
0.11,972592
0.11,955567
0.11,950225
0.12,953617
0.12,953549
0.12,942999
0.12,942255
0.12,939572
0.12,939422
0.12,931023
0.12,929936
0.12,930577
0.12,930916
0.12,932519
0.12,931901
0.12,935404
0.12,939556
0.12,940865
0.12,932714
0.12,923554
0.12,926141
0.12,939350
0.12,933291
0.12,924779
0.12,918705
0.12,919955
0.12,920584
0.12,923569
0.12,923672
0.12,920344
0.12,924633
0.12,921380
0.12,923466
0.12,913366
0.12,914729
0.12,914583
0.12,909694
0.12,912871
0.12,924474
0.12,923344
0.12,920006
0.12,915505
0.12,903602
0.12,913721
0.12,919137
0.12,923558
0.12,915970
0.12,917452
0.12,923181
0.12,925337
0.12,926681
0.12,935972
0.12,940760
0.12,936199
0.12,938765
0.12,936576
0.12,935048
0.12,937358
0.12,940802
0.12,943690
0.12,942541
0.12,955569
0.12,961463
0.12,954815
0.12,948799
0.12,950475
0.12,947269
0.12,939429
0.12,942259
0.12,945526
0.12,948321
0.12,948894
0.12,950440
0.12,950343
0.12,954893
0.12,957752
0.12,956718
0.12,1027131
0.12,998367
0.12,962007
0.12,942025
0.12,933316
0.12,930373
0.12,929927
0.12,932069
0.12,935455
0.12,932494
0.12,939556
0.12,941151
0.12,939362
0.12,939877
0.12,938478
0.12,933556
0.12,931020
0.12,927620
0.13,926583
0.13,923522
0.13,923538
0.13,923159
0.13,919163
0.13,915927
0.13,916372
0.13,917895
0.13,927255
0.13,921685
0.13,920547
0.13,914319
0.13,907098
0.13,905361
0.13,908907
0.13,910396
0.13,913696
0.13,919615
0.13,910464
0.13,912461
0.13,914763
0.13,913711
0.13,918395
0.13,931694
0.13,930497
0.13,937149
0.13,948184
0.13,951912
0.13,960338
0.13,967593
0.13,971295
0.13,980637
0.13,975815
0.13,997079
0.13,989548
0.13,1032875
0.13,1033602
0.13,998169
0.13,985518
0.13,970758
0.13,966488
0.13,951503
0.13,964877
0.13,995209
0.13,1051116
0.13,976950
0.13,964556
0.13,947565
0.13,945344
0.13,948057
0.13,942610
0.13,932580
0.13,921214
0.13,900520
0.13,902473
0.13,911331
0.13,928832
0.13,947705
0.13,1005026
0.13,1060592
0.13,1054249
0.13,1064290
0.13,1061256
0.13,1067398
0.13,1074397
0.13,1077575
0.13,1073710
0.13,1065981
0.13,1064216
0.13,1046599
0.13,1078489
0.13,1080317
0.13,1042888
0.13,1040667
0.13,1029095
0.13,1025839
0.13,1005592
0.13,987188
0.13,962153
0.13,894587
0.13,888706
0.13,883058
0.13,886878
0.13,887859
0.13,887838
0.13,882109
0.13,888308
0.13,884422
0.13,887782
0.14,887943
0.14,889106
0.14,895706
0.14,892768
0.14,889195
0.14,882667
0.14,879926
0.14,880633
0.14,882742
0.14,883418
0.14,887627
0.14,885363
0.14,887669
0.14,890851
0.14,888729
0.14,883540
0.14,886477
0.14,881366
0.14,877632
0.14,876033
0.14,874600
0.14,869000
0.14,873790
0.14,873257
0.14,863936
0.14,864220
0.14,863847
0.14,863134
0.14,858032
0.14,855781
0.14,849234
0.14,844216
0.14,840389
0.14,836315
0.14,833078
0.14,829107
0.14,825576
0.14,821773
0.14,819081
0.14,815619
0.14,811933
0.14,811653
0.14,813209
0.14,808565
0.14,805175
0.14,802064
0.14,798391
0.14,801847
0.14,854890
0.14,841810
0.14,837284
0.14,832577
0.14,830603
0.14,807746
0.14,807194
0.14,795334
0.14,794254
0.14,795060
0.14,791323
0.14,791683
0.14,789946
0.14,792182
0.14,794393
0.14,793455
0.14,790455
0.14,798007
0.14,793791
0.14,792760
0.14,804560
0.14,820288
0.14,833301
0.14,863238
0.14,866282
0.14,868873
0.14,883150
0.14,884841
0.14,885934
0.14,893288
0.14,926961
0.14,931217
0.14,936208
0.14,949377
0.14,955170
0.14,958509
0.14,966295
0.14,975448
0.14,985162
0.14,924104
0.14,944115
0.14,923309
0.15,943279
0.15,932392
0.15,838084
0.15,831495
0.15,810645
0.15,805393
0.15,784514
0.15,781442
0.15,777770
0.15,772876
0.15,774284
0.15,780385
0.15,778261
0.15,778713
0.15,779889
0.15,778869
0.15,773779
0.15,773830
0.15,773178
0.15,772666
0.15,771876
0.15,773432
0.15,772513
0.15,771142
0.15,769867
0.15,776757
0.15,776047
0.15,777575
0.15,777472
0.15,778006
0.15,774608
0.15,774159
0.15,776843
0.15,777905
0.15,780130
0.15,780210
0.15,777394
0.15,783273
0.15,786896
0.15,786479
0.15,791440
0.15,804717
0.15,836650
0.15,847412
0.15,848672
0.15,851688
0.15,859454
0.15,859494
0.15,861314
0.15,863590
0.15,885124
0.15,887851
0.15,896482
0.15,896141
0.15,901452
0.15,903034
0.15,905837
0.15,909900
0.15,912305
0.15,858319
0.15,856103
0.15,852241
0.15,834199
0.15,824752
0.15,793044
0.15,817829
0.15,814783
0.15,825798
0.15,827459
0.15,846724
0.15,842571
0.15,852584
0.15,862910
0.15,893794
0.15,881230
0.15,830353
0.15,833319
0.15,787959
0.15,785422
0.15,774813
0.15,767548
0.15,766287
0.15,765992
0.15,763691
0.15,762703
0.15,760459
0.15,758240
0.15,758364
0.15,756523
0.15,754386
0.15,752267
0.16,752421
0.16,752409
0.16,751593
0.16,750616
0.16,748694
0.16,748551
0.16,748759
0.16,747703
0.16,746207
0.16,744482
0.16,742693
0.16,740934
0.16,740830
0.16,739430
0.16,737712
0.16,738403
0.16,739556
0.16,741193
0.16,740534
0.16,740819
0.16,740294
0.16,740149
0.16,742201
0.16,746077
0.16,745328
0.16,744351
0.16,739867
0.16,734997
0.16,733602
0.16,731229
0.16,730861
0.16,729296
0.16,727754
0.16,730505
0.16,723567
0.16,721910
0.16,720424
0.16,719668
0.16,720024
0.16,718375
0.16,717101
0.16,715842
0.16,714691
0.16,713454
0.16,726671
0.16,719964
0.16,716641
0.16,712379
0.16,711340
0.16,710426
0.16,709589
0.16,708833
0.16,708086
0.16,707344
0.16,706609
0.16,707501
0.16,706384
0.16,740990
0.16,738510
0.16,720999
0.16,717679
0.16,705647
0.16,704977
0.16,704310
0.16,703687
0.16,707394
0.16,712267
0.16,717587
0.16,717645
0.16,714815
0.16,723260
0.16,736195
0.16,770082
0.16,782488
0.16,784868
0.16,788611
0.16,797551
0.16,838755
0.16,840372
0.16,843026
0.16,846807
0.16,863888
0.16,872589
0.16,862730
0.16,857331
0.16,857913
0.16,842960
0.16,845337
0.16,850587
0.16,849736
0.17,840756
0.17,860059
0.17,821686
0.17,837489
0.17,786275
0.17,755443
0.17,739301
0.17,726715
0.17,703068
0.17,702527
0.17,701995
0.17,705523
0.17,706127
0.17,706849
0.17,702057
0.17,701479
0.17,700923
0.17,702990
0.17,704347
0.17,703396
0.17,701250
0.17,703248
0.17,703745
0.17,703005
0.17,700194
0.17,699040
0.17,698795
0.17,699495
0.17,701003
0.17,698118
0.17,697469
0.17,696871
0.17,698743
0.17,701106
0.17,703221
0.17,702534
0.17,700152
0.17,701330
0.17,702734
0.17,700906
0.17,699094
0.17,698324
0.17,696219
0.17,696612
0.17,698265
0.17,699424
0.17,699546
0.17,699767
0.17,702536
0.17,705268
0.17,702936
0.17,700113
0.17,699395
0.17,697892
0.17,697603
0.17,695074
0.17,694487
0.17,695151
0.17,695307
0.17,695621
0.17,694782
0.17,695341
0.17,694931
0.17,693961
0.17,695400
0.17,692962
0.17,692505
0.17,692048
0.17,691595
0.17,690966
0.17,690315
0.17,692979
0.17,689869
0.17,689432
0.17,689019
0.17,689656
0.17,688467
0.17,687466
0.17,687145
0.17,686831
0.17,686546
0.17,687476
0.17,686200
0.17,685802
0.17,685575
0.17,685358
0.17,685157
0.17,684982
0.17,684842
0.18,684676
0.18,684523
0.18,684374
0.18,684326
0.18,684298
0.18,684295
