0.02,7011829
0.02,6877657
0.02,6744273
0.02,6600091
0.02,6435695
0.02,6343906
0.02,6169973
0.02,6156421
0.02,6089989
0.02,5966652
0.02,5843079
0.02,5834795
0.02,5699381
0.02,5641541
0.02,5630006
0.02,5528129
0.02,5537918
0.02,5526550
0.02,5481476
0.02,5482544
0.02,5375600
0.02,5345099
0.02,5313599
0.02,5249444
0.02,5219635
0.02,5131479
0.02,4993428
0.03,4940285
0.03,4922418
0.03,4895843
0.03,4927971
0.03,4974962
0.03,4904877
0.03,4799596
0.03,4799239
0.03,4762417
0.03,4661230
0.03,4578012
0.03,4514093
0.03,4530101
0.03,4569796
0.03,4571191
0.03,4553138
0.03,4493734
0.03,4549683
0.03,4510727
0.03,4417143
0.03,4412023
0.03,4300097
0.03,4313883
0.03,4360345
0.03,4212427
0.03,4283617
0.03,4277558
0.03,4265206
0.03,4217365
0.03,4216280
0.03,4131473
0.03,4094831
0.03,4025957
0.03,3920115
0.03,3919532
0.03,3910011
0.03,3894722
0.03,3891420
0.03,3825808
0.03,3770436
0.03,3769688
0.03,3702102
0.03,3622888
0.03,3597009
0.03,3614082
0.03,3664739
0.03,3669534
0.03,3659198
0.03,3660060
0.03,3685355
0.03,3644947
0.03,3615628
0.03,3617284
0.03,3624153
0.03,3609070
0.03,3595601
0.03,3537477
0.03,3541776
0.03,3546878
0.03,3550399
0.03,3590767
0.03,3625034
0.03,3595426
0.03,3594602
0.03,3575957
0.03,3578453
0.03,3556827
0.03,3562561
0.03,3561669
0.03,3548566
0.03,3489291
0.03,3482578
0.03,3484791
0.03,3430272
0.03,3451877
0.03,3480666
0.03,3400882
0.03,3342156
0.03,3261546
0.03,3268186
0.03,3262745
0.03,3179773
0.03,3112756
0.03,3037557
0.03,2991381
0.03,2948996
0.04,2959161
0.04,2956318
0.04,2955617
0.04,2933778
0.04,2945554
0.04,2940724
0.04,2934345
0.04,2929081
0.04,2945978
0.04,2912227
0.04,2915104
0.04,2924109
0.04,2896748
0.04,2889771
0.04,2869635
0.04,2879819
0.04,2875892
0.04,2837449
0.04,2787396
0.04,2753379
0.04,2742047
0.04,2695796
0.04,2693782
0.04,2665578
0.04,2656100
0.04,2628536
0.04,2577040
0.04,2571585
0.04,2536856
0.04,2538026
0.04,2506623
0.04,2509971
0.04,2489860
0.04,2463772
0.04,2469717
0.04,2431530
0.04,2431234
0.04,2398401
0.04,2402510
0.04,2406557
0.04,2373315
0.04,2367239
0.04,2380322
0.04,2362803
0.04,2362450
0.04,2319707
0.04,2333467
0.04,2324976
0.04,2298853
0.04,2269373
0.04,2248680
0.04,2240448
0.04,2237919
0.04,2302173
0.04,2315637
0.04,2321979
0.04,2385995
0.04,2409899
0.04,2345779
0.04,2403165
0.04,2409121
0.04,2398516
0.04,2395234
0.04,2374275
0.04,2336294
0.04,2336554
0.04,2323963
0.04,2318881
0.04,2294733
0.04,2292325
0.04,2297640
0.04,2305937
0.04,2281494
0.04,2292198
0.04,2263914
0.04,2214576
0.04,2262339
0.04,2264071
0.04,2304489
0.04,2309809
0.04,2320590
0.04,2320106
0.04,2379870
0.04,2363393
0.04,2332306
0.04,2344307
0.04,2347673
0.04,2408577
0.04,2437180
0.05,2366292
0.05,2365499
0.05,2340306
0.05,2340357
0.05,2336099
0.05,2299973
0.05,2233246
0.05,2243547
0.05,2248953
0.05,2165548
0.05,2146880
0.05,2150415
0.05,2158054
0.05,2127404
0.05,2133118
0.05,2135124
0.05,2148350
0.05,2143356
0.05,2122995
0.05,2086668
0.05,2058450
0.05,2024674
0.05,1996157
0.05,1995945
0.05,1964307
0.05,1944019
0.05,1952099
0.05,1956508
0.05,1968854
0.05,1953290
0.05,1947541
0.05,1966821
0.05,1948342
0.05,1956535
0.05,1955955
0.05,1943898
0.05,1945646
0.05,1942812
0.05,1915349
0.05,1881424
0.05,1876692
0.05,1875846
0.05,1889798
0.05,1853037
0.05,1829270
0.05,1835681
0.05,1832509
0.05,1849373
0.05,1847347
0.05,1855828
0.05,1834045
0.05,1834468
0.05,1822754
0.05,1823483
0.05,1795839
0.05,1807876
0.05,1867755
0.05,1886821
0.05,1817630
0.05,1812651
0.05,1815546
0.05,1815487
0.05,1795324
0.05,1800689
0.05,1824130
0.05,1810233
0.05,1806233
0.05,1795287
0.05,1789868
0.05,1749034
0.05,1732808
0.05,1707552
0.05,1691840
0.05,1711197
0.05,1671713
0.05,1679549
0.05,1722484
0.05,1733719
0.05,1687055
0.05,1726028
0.05,1696987
0.05,1676287
0.05,1679245
0.05,1703094
0.05,1707963
0.05,1725653
0.05,1717915
0.05,1707793
0.06,1673206
0.06,1677923
0.06,1721732
0.06,1724024
0.06,1727430
0.06,1727972
0.06,1723583
0.06,1734054
0.06,1792658
0.06,1793765
0.06,1781574
0.06,1779071
0.06,1779814
0.06,1775645
0.06,1776376
0.06,1765490
0.06,1770300
0.06,1749914
0.06,1752325
0.06,1737878
0.06,1714223
0.06,1702096
0.06,1704318
0.06,1701409
0.06,1645943
0.06,1620398
0.06,1623321
0.06,1620019
0.06,1607774
0.06,1581493
0.06,1574778
0.06,1574275
0.06,1587120
0.06,1547304
0.06,1548683
0.06,1550004
0.06,1550931
0.06,1547624
0.06,1544420
0.06,1527895
0.06,1543059
0.06,1520027
0.06,1515278
0.06,1515598
0.06,1507297
0.06,1507288
0.06,1472013
0.06,1478664
0.06,1462190
0.06,1452853
0.06,1447312
0.06,1434142
0.06,1426855
0.06,1412441
0.06,1398301
0.06,1410335
0.06,1384893
0.06,1393372
0.06,1390117
0.06,1406837
0.06,1405847
0.06,1398681
0.06,1370940
0.06,1380232
0.06,1362314
0.06,1348965
0.06,1335666
0.06,1321242
0.06,1337371
0.06,1322359
0.06,1311992
0.06,1322947
0.06,1315829
0.06,1318206
0.06,1325048
0.06,1303350
0.06,1302929
0.06,1303227
0.06,1303135
0.06,1300216
0.06,1298084
0.06,1298347
0.06,1294814
0.06,1283788
0.06,1289375
0.06,1301119
0.06,1297435
0.06,1279738
0.06,1284514
0.06,1275819
0.06,1273340
0.06,1273892
0.07,1270274
0.07,1263312
0.07,1256763
0.07,1245083
0.07,1254486
0.07,1257976
0.07,1263648
0.07,1280066
0.07,1281251
0.07,1286625
0.07,1267684
0.07,1262654
0.07,1262870
0.07,1250616
0.07,1243707
0.07,1242832
0.07,1252230
0.07,1251693
0.07,1247443
0.07,1246904
0.07,1227254
0.07,1262735
0.07,1279366
0.07,1287357
0.07,1217326
0.07,1220257
0.07,1214023
0.07,1216630
0.07,1214028
0.07,1223426
0.07,1222889
0.07,1218639
0.07,1218100
0.07,1203206
0.07,1206089
0.07,1188654
0.07,1189686
0.07,1187831
0.07,1178829
0.07,1174602
0.07,1166496
0.07,1163120
0.07,1156203
0.07,1145298
0.07,1150240
0.07,1147575
0.07,1148864
0.07,1158983
0.07,1156737
0.07,1157408
0.07,1164566
0.07,1157321
0.07,1154334
0.07,1160550
0.07,1160646
0.07,1158432
0.07,1164895
0.07,1170788
0.07,1174620
0.07,1167681
0.07,1167649
0.07,1169541
0.07,1168655
0.07,1170376
0.07,1181198
0.07,1169881
0.07,1177982
0.07,1179854
0.07,1172176
0.07,1182853
0.07,1174369
0.07,1163043
0.07,1182217
0.07,1176364
0.07,1174783
0.07,1176208
0.07,1183175
0.07,1182521
0.07,1184402
0.07,1192915
0.07,1191498
0.07,1191168
0.07,1188993
0.07,1183416
0.07,1186020
0.07,1191009
0.07,1169011
0.07,1218584
0.07,1172433
0.07,1135845
0.08,1131722
0.08,1146131
0.08,1165533
0.08,1156331
0.08,1146083
0.08,1145409
0.08,1150885
0.08,1142186
0.08,1135078
0.08,1133013
0.08,1134514
0.08,1134747
0.08,1134703
0.08,1126747
0.08,1126098
0.08,1129487
0.08,1136034
0.08,1128615
0.08,1132162
0.08,1128769
0.08,1129039
0.08,1117199
0.08,1121523
0.08,1114310
0.08,1111110
0.08,1101414
0.08,1094438
0.08,1086271
0.08,1084055
0.08,1081292
0.08,1073416
0.08,1069289
0.08,1073004
0.08,1065939
0.08,1067818
0.08,1063224
0.08,1059574
0.08,1052787
0.08,1065639
0.08,1065382
0.08,1065512
0.08,1061137
0.08,1061195
0.08,1070523
0.08,1081527
0.08,1079567
0.08,1076670
0.08,1087196
0.08,1089866
0.08,1092050
0.08,1095542
0.08,1096399
0.08,1098810
0.08,1090680
0.08,1092922
0.08,1094343
0.08,1087897
0.08,1080792
0.08,1073831
0.08,1072629
0.08,1086661
0.08,1097167
0.08,1119986
0.08,1052831
0.08,1052861
0.08,1046621
0.08,1042467
0.08,1053538
0.08,1074582
0.08,1086158
0.08,1133229
0.08,1124466
0.08,1121300
0.08,1119156
0.08,1124919
0.08,1134986
0.08,1173043
0.08,1180421
0.08,1183746
0.08,1179405
0.08,1183718
0.08,1179977
0.08,1178030
0.08,1164941
0.08,1174601
0.08,1143889
0.08,1144328
0.08,1160115
0.08,1150170
0.09,1138546
0.09,1137309
0.09,1132595
0.09,1081341
0.09,1084799
0.09,1080481
0.09,1070974
0.09,1074122
0.09,1076295
0.09,1081619
0.09,1085922
0.09,1086774
0.09,1083068
0.09,1075173
0.09,1078796
0.09,1066823
0.09,1064875
0.09,1064574
0.09,1080743
0.09,1084354
0.09,1084310
0.09,1082456
0.09,1092156
0.09,1097028
0.09,1088182
0.09,1085444
0.09,1088973
0.09,1093978
0.09,1098536
0.09,1094283
0.09,1087795
0.09,1088556
0.09,1093399
0.09,1090462
0.09,1084928
0.09,1087371
0.09,1095093
0.09,1090045
0.09,1145683
0.09,1114787
0.09,1069625
0.09,1035662
0.09,1033582
0.09,1036692
0.09,1037528
0.09,1039991
0.09,1047876
0.09,1025068
0.09,1030871
0.09,1028637
0.09,1028271
0.09,1033779
0.09,1028278
0.09,1029557
0.09,1026288
0.09,1026473
0.09,1025297
0.09,1030621
0.09,1028576
0.09,1044952
0.09,1061084
0.09,1121550
0.09,1127648
0.09,1127119
0.09,1127123
0.09,1139201
0.09,1155741
0.09,1170913
0.09,1194026
0.09,1195611
0.09,1188695
0.09,1190356
0.09,1185325
0.09,1182241
0.09,1176355
0.09,1138150
0.09,1132180
0.09,1139211
0.09,1144802
0.09,1148171
0.09,1137037
0.09,1132331
0.09,1128111
0.09,1079644
0.09,1083311
0.09,1076950
0.09,1067885
0.09,1063722
0.09,1070323
0.09,1070251
0.10,1074618
0.10,1072120
0.10,1079033
0.10,1071964
0.10,1072021
0.10,1074218
0.10,1066660
0.10,1069371
0.10,1081777
0.10,1090346
0.10,1080792
0.10,1083028
0.10,1084183
0.10,1082466
0.10,1073013
0.10,1071430
0.10,1081276
0.10,1081741
0.10,1151757
0.10,1117390
0.10,1084006
0.10,1065192
0.10,1056949
0.10,1053766
0.10,1045209
0.10,1032909
0.10,1028619
0.10,1018514
0.10,1021258
0.10,1031134
0.10,1036671
0.10,1038877
0.10,1033242
0.10,1042735
0.10,1045178
0.10,1047670
0.10,1054112
0.10,1048775
0.10,1054286
0.10,1080810
0.10,1099792
0.10,1028337
0.10,1025590
0.10,1017890
0.10,1021673
0.10,1029999
0.10,1027328
0.10,1025470
0.10,1023984
0.10,1028665
0.10,1015903
0.10,1018164
0.10,1005996
0.10,1000104
0.10,990861
0.10,1021390
0.10,1022889
0.10,1074998
0.10,1094260
0.10,1073160
0.10,1071435
0.10,1066303
0.10,1064629
0.10,1048375
0.10,1049253
0.10,1027240
0.10,1024248
0.10,1024124
0.10,1015735
0.10,1011286
0.10,1012551
0.10,1018570
0.10,1028037
0.10,1025141
0.10,1009317
0.10,1007005
0.10,1007264
0.10,997686
0.10,995024
0.10,994063
0.10,989098
0.10,987937
0.10,980884
0.10,980027
0.10,976554
0.10,973078
0.10,975267
0.10,977782
0.10,976624
0.10,978942
0.10,973755
0.11,985676
0.11,972828
0.11,976283
0.11,996799
0.11,994319
0.11,997290
0.11,989290
0.11,986790
0.11,985683
0.11,989087
0.11,997764
0.11,992967
0.11,992167
0.11,989167
0.11,1001542
0.11,1041146
0.11,1071954
0.11,1012661
0.11,1025657
0.11,1019321
0.11,1024467
0.11,1022627
0.11,1011394
0.11,1007745
0.11,990970
0.11,987284
0.11,990857
0.11,987845
0.11,985966
0.11,987024
0.11,984382
0.11,986242
0.11,990222
0.11,978264
0.11,976703
0.11,968271
0.11,964213
0.11,961457
0.11,959705
0.11,955493
0.11,950224
0.11,948254
0.11,952695
0.11,948768
0.11,941566
0.11,940860
0.11,935713
0.11,932842
0.11,928255
0.11,923075
0.11,918373
0.11,918160
0.11,913847
0.11,916160
0.11,909555
0.11,905449
0.11,899041
0.11,911518
0.11,912254
0.11,915635
0.11,927740
0.11,937668
0.11,933678
0.11,913872
0.11,917405
0.11,921712
0.11,910645
0.11,898453
0.11,895142
0.11,903848
0.11,918676
0.11,968082
0.11,978779
0.11,979318
0.11,980891
0.11,988099
0.11,1011366
0.11,1027056
0.11,1033077
0.11,1033666
0.11,1038662
0.11,1036330
0.11,1031738
0.11,1028415
0.11,1014543
0.11,979526
0.11,980875
0.11,987009
0.11,983796
0.12,981425
0.12,968255
0.12,964766
0.12,967048
0.12,921912
0.12,923742
0.12,915066
0.12,905759
0.12,895840
0.12,909759
0.12,886230
0.12,885009
0.12,880269
0.12,881711
0.12,879408
0.12,873483
0.12,872519
0.12,876252
0.12,878337
0.12,877204
0.12,879876
0.12,873029
0.12,877371
0.12,876819
0.12,881311
0.12,881179
0.12,879384
0.12,874006
0.12,870734
0.12,873117
0.12,868041
0.12,866743
0.12,861905
0.12,864800
0.12,868790
0.12,866104
0.12,860776
0.12,863384
0.12,868712
0.12,871399
0.12,864164
0.12,863277
0.12,864373
0.12,860878
0.12,860314
0.12,856767
0.12,855517
0.12,859218
0.12,863041
0.12,863357
0.12,874709
0.12,879548
0.12,882469
0.12,901498
0.12,906853
0.12,904918
0.12,900996
0.12,898654
0.12,896964
0.12,894855
0.12,898847
0.12,898354
0.12,901061
0.12,901053
0.12,893762
0.12,885002
0.12,881274
0.12,878091
0.12,887284
0.12,887540
0.12,885682
0.12,884718
0.12,891373
0.12,896069
0.12,901726
0.12,895505
0.12,895186
0.12,892601
0.12,893583
0.12,894766
0.12,894451
0.12,896476
0.12,888031
0.12,892653
0.12,890448
0.12,888545
0.12,897789
0.12,898957
0.12,900318
0.12,894128
0.13,889175
0.13,890301
0.13,895048
0.13,898264
0.13,897427
0.13,897316
0.13,905862
0.13,902406
0.13,905864
0.13,901381
0.13,900380
0.13,885816
0.13,947845
0.13,923330
0.13,894922
0.13,871569
0.13,857165
0.13,853860
0.13,849842
0.13,845072
0.13,841104
0.13,841815
0.13,844114
0.13,842907
0.13,844438
0.13,846633
0.13,845609
0.13,843363
0.13,842772
0.13,846241
0.13,845992
0.13,848596
0.13,852703
0.13,871110
0.13,862731
0.13,863944
0.13,861798
0.13,865804
0.13,862602
0.13,861670
0.13,859994
0.13,867648
0.13,877187
0.13,884477
0.13,903558
0.13,938184
0.13,964565
0.13,892361
0.13,901205
0.13,899614
0.13,898573
0.13,896297
0.13,896342
0.13,891346
0.13,889395
0.13,885447
0.13,884971
0.13,874016
0.13,872329
0.13,861011
0.13,860177
0.13,864949
0.13,861853
0.13,854588
0.13,859558
0.13,854769
0.13,850300
0.13,850376
0.13,846781
0.13,840802
0.13,847762
0.13,852036
0.13,853371
0.13,861728
0.13,861583
0.13,863444
0.13,862744
0.13,862450
0.13,863941
0.13,865026
0.13,865932
0.13,873613
0.13,874780
0.13,872688
0.13,869279
0.13,875702
0.13,865111
0.13,871119
0.13,873117
0.13,881493
0.14,884954
0.14,885596
0.14,882553
0.14,885881
0.14,887777
0.14,887606
0.14,883016
0.14,871650
0.14,864449
0.14,886973
0.14,834436
0.14,829757
0.14,826103
0.14,822528
0.14,819616
0.14,820686
0.14,817940
0.14,822101
0.14,809639
0.14,822637
0.14,820129
0.14,817924
0.14,821242
0.14,823990
0.14,824096
0.14,830010
0.14,837954
0.14,833802
0.14,833056
0.14,831192
0.14,831257
0.14,824090
0.14,817748
0.14,812081
0.14,815551
0.14,802837
0.14,799713
0.14,795709
0.14,798514
0.14,799410
0.14,801212
0.14,794105
0.14,801400
0.14,796536
0.14,793636
0.14,792889
0.14,793136
0.14,787742
0.14,787313
0.14,789234
0.14,790255
0.14,789203
0.14,786676
0.14,790688
0.14,796304
0.14,797597
0.14,792972
0.14,797331
0.14,793347
0.14,783697
0.14,781919
0.14,782777
0.14,781330
0.14,781577
0.14,779645
0.14,781703
0.14,776855
0.14,779132
0.14,780122
0.14,773498
0.14,774250
0.14,775267
0.14,771496
0.14,770881
0.14,771113
0.14,769321
0.14,770381
0.14,771532
0.14,770459
0.14,774063
0.14,776797
0.14,778379
0.14,776589
0.14,777529
0.14,778239
0.14,778831
0.14,776394
0.14,779765
0.14,777329
0.15,774436
0.15,768526
0.15,769409
0.15,766038
0.15,763833
0.15,761414
0.15,758192
0.15,754144
0.15,751841
0.15,750761
0.15,748541
0.15,746645
0.15,744574
0.15,742521
0.15,740335
0.15,738354
0.15,735932
0.15,736318
0.15,734127
0.15,732906
0.15,731144
0.15,731400
0.15,740459
0.15,747031
0.15,740886
0.15,743877
0.15,744191
0.15,743070
0.15,740387
0.15,736951
0.15,736787
0.15,733230
0.15,733810
0.15,734528
0.15,738307
0.15,735285
0.15,733766
0.15,735256
0.15,734030
0.15,733650
0.15,734174
0.15,733968
0.15,731241
0.15,731069
0.15,735724
0.15,735933
0.15,736160
0.15,739824
0.15,736760
0.15,737482
0.15,737404
0.15,738973
0.15,740986
0.15,740887
0.15,742212
0.15,740123
0.15,739023
0.15,737802
0.15,734196
0.15,735592
0.15,734665
0.15,735502
0.15,736643
0.15,734406
0.15,733543
0.15,731177
0.15,732233
0.15,729692
0.15,732279
0.15,731788
0.15,732397
0.15,731023
0.15,727643
0.15,725777
0.15,725784
0.15,723311
0.15,721752
0.15,720081
0.15,718523
0.15,716933
0.15,714877
0.15,714547
0.15,713302
0.15,713268
0.15,714555
0.15,716974
0.15,719963
0.15,719524
0.16,723794
0.16,730858
0.16,733578
0.16,725196
0.16,727133
0.16,723710
0.16,721943
0.16,721113
0.16,721253
0.16,722507
0.16,719878
0.16,717760
0.16,716436
0.16,714267
0.16,713413
0.16,711469
0.16,715741
0.16,710467
0.16,710441
0.16,711536
0.16,714010
0.16,712985
0.16,716413
0.16,723363
0.16,727319
0.16,719484
0.16,725085
0.16,723830
0.16,722705
0.16,720862
0.16,717319
0.16,714133
0.16,711891
0.16,708962
0.16,707760
0.16,706333
0.16,704995
0.16,706454
0.16,703659
0.16,702347
0.16,701049
0.16,699765
0.16,698543
0.16,697438
0.16,699238
0.16,701004
0.16,706762
0.16,696393
0.16,695359
0.16,694064
0.16,693049
0.16,692039
0.16,692199
0.16,693052
0.16,693075
0.16,693225
0.16,692334
0.16,692979
0.16,701302
0.16,705941
0.16,698750
0.16,704033
0.16,702010
0.16,700835
0.16,697366
0.16,693960
0.16,691082
0.16,691929
0.16,699675
0.16,702565
0.16,694014
0.16,697863
0.16,693823
0.16,691939
0.16,690154
0.16,692017
0.16,694787
0.16,695587
0.16,694530
0.16,689237
0.16,688328
0.16,687526
0.16,686755
0.16,685920
0.16,685162
0.16,684406
0.16,684687
0.16,683718
0.16,683512
0.16,682757
0.16,682143
0.17,683326
0.17,683749
0.17,683957
0.17,684213
0.17,685546
0.17,687908
0.17,689266
0.17,688896
0.17,691288
0.17,691563
0.17,690274
0.17,686892
0.17,684301
0.17,682311
0.17,682579
0.17,684031
0.17,686716
0.17,690479
0.17,697937
0.17,698852
0.17,697437
0.17,689699
0.17,690529
0.17,690074
0.17,689506
0.17,686457
0.17,684558
0.17,683786
0.17,681331
0.17,681094
0.17,680508
0.17,679950
0.17,679262
0.17,678716
0.17,678174
0.17,677643
0.17,682500
0.17,683833
0.17,683519
0.17,677116
0.17,688461
0.17,678217
0.17,680613
0.17,679446
0.17,676404
0.17,675943
0.17,677578
0.17,678681
0.17,676692
0.17,679456
0.17,676942
0.17,678330
0.17,680500
0.17,682983
0.17,675485
0.17,677980
0.17,680815
0.17,685626
0.17,678734
0.17,698447
0.17,675856
0.17,683013
0.17,682507
0.17,684861
0.17,674492
0.17,674055
0.17,673629
0.17,673212
0.17,672814
0.17,672421
0.17,672092
0.17,671810
0.17,671566
0.17,671349
0.17,671178
0.17,670719
0.17,670602
0.17,670499
0.17,670451
0.17,670418
