0.01, 7372590
0.01, 7350505
0.01, 7336406
0.01, 7241221
0.01, 7223100
0.01, 7203231
0.01, 7157347
0.01, 7093020
0.01, 6880939
0.01, 6875985
0.01, 6775205
0.01, 6770867
0.01, 6768942
0.01, 6761688
0.01, 6757358
0.01, 6755450
0.01, 6751477
0.01, 6720732
0.01, 6709581
0.01, 6700713
0.01, 6617772
0.01, 6590617
0.01, 6582286
0.01, 6564791
0.01, 6564694
0.01, 6557024
0.01, 6521554
0.01, 6507249
0.01, 6506942
0.01, 6495345
0.01, 6465451
0.01, 6465384
0.01, 6455554
0.01, 6455320
0.01, 6453371
0.01, 6432242
0.01, 6430868
0.01, 6430791
0.01, 6420306
0.01, 6396090
0.01, 6369467
0.01, 6366103
0.01, 6360470
0.01, 6345341
0.01, 6345202
0.01, 6271369
0.01, 6252383
0.01, 6246156
0.01, 6246112
0.01, 6244593
0.01, 6223493
0.01, 6149498
0.01, 6148553
0.01, 6116991
0.01, 6116966
0.01, 6111720
0.01, 6110190
0.01, 6069285
0.01, 6064560
0.01, 6059828
0.01, 6011981
0.01, 5981435
0.01, 5979839
0.01, 5973438
0.01, 5961932
0.01, 5959281
0.01, 5955219
0.01, 5953955
0.01, 5940754
0.01, 5934442
0.01, 5898829
0.01, 5897561
0.01, 5865633
0.01, 5863823
0.01, 5782310
0.01, 5770819
0.01, 5759274
0.01, 5758564
0.01, 5738923
0.01, 5738908
0.01, 5736557
0.01, 5727711
0.01, 5727700
0.01, 5707184
0.01, 5705252
0.01, 5695520
0.01, 5690633
0.01, 5684894
0.01, 5670705
0.01, 5661408
0.01, 5658759
0.01, 5657169
0.01, 5647273
0.01, 5646768
0.01, 5632054
0.01, 5621781
0.01, 5596416
0.01, 5571380
0.03, 5513342
0.03, 5510848
0.03, 5510377
0.03, 5487429
0.03, 5485994
0.03, 5469547
0.03, 5468275
0.03, 5459417
0.03, 5449576
0.03, 5444275
0.03, 5431205
0.03, 5429317
0.03, 5423620
0.03, 5420960
0.03, 5416549
0.03, 5416242
0.03, 5404677
0.03, 5400591
0.03, 5388299
0.03, 5381842
0.03, 5358221
0.03, 5345714
0.03, 5321876
0.03, 5311198
0.03, 5308353
0.06, 5303895
0.06, 5296323
0.06, 5290195
0.06, 5259315
0.06, 5256071
0.06, 5254938
0.06, 5246900
0.06, 5228752
0.06, 5228116
0.06, 5218406
0.06, 5217068
0.09, 5206859
0.09, 5203072
0.09, 5197863
0.09, 5189803
0.11, 5186884
0.11, 5165253
0.11, 5137082
0.11, 5108839
0.11, 5079784
0.11, 5077405
0.15, 5076597
0.15, 5062818
0.18, 5058576
0.18, 5055318
0.18, 5045457
0.18, 5045080
0.18, 5042569
0.18, 5040534
0.18, 5025909
0.18, 5023922
0.18, 5018810
0.18, 5016426
0.18, 5014573
0.18, 5012034
0.18, 5008362
0.18, 4995743
0.18, 4989285
0.18, 4984326
0.18, 4975388
0.18, 4968845
0.18, 4868941
0.18, 4866979
0.18, 4864731
0.18, 4850853
0.18, 4806436
0.18, 4806047
0.18, 4801699
0.22, 4799220
0.22, 4796824
0.28, 4791863
0.28, 4780868
0.28, 4779091
0.28, 4777829
0.30, 4753575
0.30, 4698340
0.30, 4691296
0.30, 4683284
0.30, 4673787
0.30, 4672051
0.30, 4658538
0.30, 4618109
0.30, 4617581
0.30, 4605894
0.30, 4593853
0.30, 4593510
0.31, 4575917
0.31, 4573732
0.31, 4563905
0.31, 4561939
0.31, 4557081
0.31, 4552159
0.31, 4551966
0.31, 4551307
0.31, 4550713
0.31, 4547788
0.31, 4537477
0.31, 4530911
0.31, 4508704
0.31, 4487139
0.31, 4481649
0.31, 4471430
0.31, 4457235
0.31, 4453321
0.31, 4443859
0.31, 4437776
0.31, 4435555
0.31, 4435440
0.31, 4435050
0.31, 4428991
0.31, 4398965
0.31, 4395884
0.38, 4384690
0.38, 4381676
0.38, 4369826
0.38, 4349550
0.38, 4343815
0.38, 4340838
0.38, 4325446
0.38, 4303014
0.38, 4285933
0.38, 4283650
0.38, 4282713
0.38, 4280224
0.38, 4274935
0.38, 4262631
0.38, 4254682
0.38, 4254048
0.38, 4250727
0.38, 4235606
0.38, 4228960
0.38, 4226749
0.38, 4219473
0.38, 4203458
0.38, 4188038
0.38, 4183575
0.38, 4183526
0.48, 4178048
0.50, 4149591
0.50, 4147870
0.51, 4132985
0.51, 4122431
0.51, 4074876
0.51, 4071175
0.51, 4070641
0.51, 4069385
0.51, 4068271
0.51, 4061613
0.51, 4060224
0.51, 4044334
0.51, 4038379
0.51, 4037552
0.51, 4036308
0.51, 4015626
0.51, 4015595
0.51, 4014637
0.51, 4011708
0.51, 3996977
0.51, 3985276
0.51, 3979857
0.51, 3978297
0.51, 3922824
0.51, 3918839
0.51, 3907999
0.51, 3907897
0.51, 3896503
0.51, 3895723
0.51, 3891646
0.51, 3874571
0.51, 3874137
0.51, 3866225
0.51, 3863083
0.51, 3859778
0.51, 3840544
0.51, 3840391
0.51, 3832683
0.51, 3831654
0.51, 3815204
0.52, 3808333
0.52, 3788734
0.52, 3788670
0.52, 3787389
0.52, 3785748
0.52, 3785066
0.52, 3782566
0.52, 3769042
0.52, 3765141
0.52, 3761222
0.52, 3755442
0.52, 3730922
0.60, 3714768
0.60, 3698868
0.60, 3698657
0.60, 3689257
0.60, 3659434
0.60, 3652699
0.60, 3647687
0.60, 3638548
0.60, 3621700
0.64, 3592607
0.64, 3578560
0.64, 3565641
0.64, 3538234
0.64, 3535520
0.64, 3533515
0.64, 3533425
0.64, 3533002
0.64, 3524497
0.64, 3523878
0.64, 3522284
0.64, 3522133
0.64, 3521353
0.69, 3514848
0.69, 3501297
0.69, 3494032
0.69, 3491776
0.69, 3487750
0.69, 3486822
0.69, 3484243
0.69, 3482516
0.69, 3474792
0.69, 3471556
0.69, 3452289
0.69, 3429407
0.69, 3418914
0.69, 3395051
0.69, 3392953
0.69, 3385361
0.69, 3384696
0.69, 3382850
0.69, 3382375
0.69, 3370702
0.69, 3367790
0.69, 3363496
0.69, 3357186
0.73, 3345865
0.73, 3334096
0.74, 3325352
0.74, 3320345
0.74, 3303609
0.74, 3303503
0.74, 3301144
0.74, 3285591
0.74, 3244317
0.74, 3225458
0.74, 3218676
0.74, 3215708
0.74, 3210998
0.74, 3203660
0.74, 3197089
0.74, 3196670
0.74, 3192719
0.74, 3191445
0.74, 3184511
0.74, 3184253
0.74, 3177615
0.74, 3173127
0.74, 3170736
0.74, 3169999
0.74, 3161438
0.76, 3150542
0.76, 3149125
0.79, 3134184
0.79, 3133252
0.79, 3132911
0.79, 3132210
0.79, 3132204
0.79, 3130133
0.79, 3123537
0.79, 3119475
0.79, 3118452
0.79, 3116524
0.79, 3103062
0.79, 3096751
0.79, 3093613
0.79, 3088430
0.79, 3087640
0.79, 3087454
0.79, 3087453
0.79, 3082170
0.79, 3080195
0.79, 3071202
0.79, 3056881
0.79, 3054143
0.79, 3043624
0.79, 3032803
0.79, 3026854
0.79, 3020311
0.79, 3018028
0.79, 2942295
0.79, 2936179
0.79, 2935970
0.79, 2932006
0.79, 2917218
0.79, 2908001
0.79, 2898756
0.79, 2896611
0.79, 2884008
0.84, 2879089
0.84, 2866718
0.84, 2854691
0.84, 2842553
0.84, 2821980
0.84, 2785182
0.84, 2784103
0.87, 2774967
0.87, 2762620
0.87, 2746276
0.87, 2745856
0.87, 2726649
0.87, 2715070
0.87, 2714951
0.87, 2714910
0.87, 2714839
0.87, 2701840
0.87, 2697867
0.87, 2689207
0.87, 2688454
0.87, 2668664
0.87, 2657028
0.87, 2655631
0.87, 2654424
0.87, 2649493
0.87, 2649148
0.87, 2642928
0.87, 2641517
0.87, 2632682
0.89, 2625360
0.89, 2619511
0.89, 2617957
0.89, 2611137
0.89, 2606954
0.89, 2606013
0.89, 2605571
0.90, 2602736
0.90, 2594850
0.90, 2592017
0.90, 2591365
0.90, 2591259
0.90, 2589985
0.90, 2558560
0.90, 2553550
0.90, 2553255
1.02, 2547185
1.02, 2545435
1.02, 2543067
1.02, 2538450
1.02, 2538213
1.02, 2536828
1.02, 2536325
1.02, 2533080
1.02, 2524288
1.02, 2523001
1.02, 2518055
1.02, 2510662
1.02, 2507987
1.02, 2504917
1.02, 2499734
1.02, 2496046
1.02, 2495826
1.02, 2491175
1.02, 2491145
1.02, 2490603
1.02, 2486701
1.02, 2477325
1.02, 2473131
1.02, 2464479
1.02, 2463818
1.02, 2452476
1.02, 2444222
1.02, 2433645
1.02, 2428090
1.02, 2420486
1.02, 2418200
1.02, 2409675
1.08, 2401916
1.08, 2401818
1.08, 2399717
1.08, 2390136
1.08, 2389081
1.08, 2380679
1.08, 2374431
1.08, 2370285
1.08, 2364936
1.08, 2348338
1.08, 2346632
1.08, 2346615
1.08, 2345044
1.08, 2334393
1.08, 2326944
1.08, 2326540
1.08, 2317577
1.08, 2294736
1.08, 2293804
1.08, 2291879
1.08, 2282416
1.08, 2278158
1.09, 2277931
1.09, 2271608
1.09, 2263598
1.09, 2250957
1.09, 2235910
1.09, 2229909
1.09, 2219973
1.09, 2217347
1.09, 2216868
1.09, 2216447
1.09, 2215027
1.09, 2214823
1.09, 2213136
1.09, 2207362
1.09, 2204656
1.09, 2203195
1.09, 2185882
1.09, 2176520
1.09, 2160835
1.09, 2156452
1.09, 2151582
1.09, 2150788
1.09, 2150202
1.09, 2140448
1.09, 2097319
1.09, 2082772
1.09, 2077206
1.09, 2038653
1.09, 2030752
1.09, 2027597
1.09, 2026665
1.09, 2024378
1.09, 2015482
1.09, 2014139
1.09, 2008731
1.09, 1999869
1.09, 1998870
1.09, 1993117
1.23, 1987669
1.23, 1987437
1.23, 1986850
1.23, 1983769
1.23, 1983135
1.23, 1980226
1.24, 1977202
1.24, 1976463
1.24, 1972748
1.24, 1969089
1.24, 1967233
1.24, 1966160
1.24, 1957247
1.24, 1956647
1.25, 1955727
1.25, 1954433
1.25, 1948871
1.25, 1946438
1.25, 1928126
1.25, 1927396
1.25, 1926209
1.25, 1924776
1.25, 1918158
1.25, 1909135
1.25, 1899919
1.25, 1897381
1.25, 1889376
1.26, 1888677
1.26, 1885733
1.26, 1885266
1.26, 1885048
1.26, 1875537
1.26, 1872978
1.26, 1870305
1.26, 1862116
1.26, 1861978
1.26, 1856636
1.26, 1856369
1.26, 1855753
1.26, 1853919
1.26, 1850589
1.26, 1847144
1.26, 1843803
1.26, 1841955
1.26, 1836873
1.26, 1832520
1.26, 1832452
1.26, 1830356
1.26, 1815246
1.26, 1809821
1.26, 1807636
1.31, 1783579
1.31, 1780801
1.31, 1778953
1.31, 1770881
1.31, 1766513
1.31, 1764604
1.31, 1743029
1.31, 1737040
1.31, 1736948
1.31, 1734178
1.31, 1727236
1.31, 1726684
1.31, 1723803
1.31, 1721168
1.31, 1716267
1.31, 1703677
1.31, 1703381
1.31, 1700795
1.36, 1694007
1.36, 1678197
1.36, 1672630
1.36, 1666035
1.36, 1664152
1.36, 1661537
1.36, 1658989
1.36, 1657071
1.36, 1656634
1.36, 1649971
1.36, 1641473
1.36, 1634277
1.36, 1629344
1.36, 1627249
1.36, 1624907
1.37, 1624039
1.37, 1622491
1.37, 1621969
1.37, 1619062
1.37, 1618055
1.37, 1613069
1.37, 1610033
1.37, 1608750
1.37, 1602009
1.37, 1584702
1.37, 1580136
1.37, 1578652
1.37, 1567141
1.37, 1561043
1.37, 1558598
1.37, 1557250
1.37, 1554750
1.37, 1546379
1.46, 1542581
1.46, 1541286
1.46, 1532503
1.46, 1530147
1.46, 1526919
1.46, 1522630
1.46, 1521638
1.46, 1517066
1.46, 1514074
1.46, 1511608
1.46, 1511059
1.47, 1504757
1.47, 1502090
1.47, 1500752
1.51, 1499273
1.51, 1485838
1.51, 1485163
1.51, 1484129
1.51, 1481924
1.51, 1477809
1.51, 1477580
1.51, 1471787
1.54, 1465472
1.54, 1464751
1.54, 1463444
1.54, 1461551
1.54, 1458254
1.54, 1453930
1.55, 1450771
1.55, 1450067
1.55, 1450014
1.57, 1447498
1.57, 1445694
1.57, 1444854
1.57, 1443432
1.57, 1442336
1.58, 1441630
1.58, 1440610
1.58, 1437768
1.58, 1436361
1.58, 1426595
1.58, 1425463
1.58, 1425183
1.58, 1424615
1.58, 1413129
1.58, 1412047
1.58, 1409238
1.58, 1407825
1.58, 1400643
1.58, 1398529
1.58, 1397306
1.58, 1394306
1.58, 1389581
1.58, 1386187
1.58, 1381771
1.58, 1380501
1.58, 1380480
1.60, 1379968
1.60, 1377142
1.60, 1376605
1.60, 1375591
1.60, 1361431
1.60, 1359013
1.63, 1357506
1.68, 1356744
1.68, 1356678
1.68, 1356092
1.68, 1354505
1.68, 1354275
1.68, 1351550
1.68, 1350196
1.68, 1342589
1.68, 1341290
1.68, 1341011
1.68, 1339352
1.68, 1338042
1.68, 1337608
1.68, 1336878
1.68, 1334683
1.68, 1322685
1.68, 1322665
1.69, 1322579
1.69, 1312969
1.72, 1311807
1.72, 1310663
1.72, 1310603
1.72, 1309962
1.72, 1309768
1.72, 1307124
1.72, 1302305
1.72, 1300696
1.72, 1293295
1.72, 1292610
1.72, 1292147
1.72, 1284257
1.72, 1279599
1.72, 1279136
1.72, 1278887
1.72, 1271607
1.75, 1271156
1.75, 1271021
1.75, 1264758
1.75, 1264368
1.75, 1263300
1.75, 1262476
1.75, 1260541
1.75, 1258024
1.75, 1255846
1.75, 1253649
1.76, 1253629
1.77, 1252446
1.77, 1250855
1.77, 1249276
1.77, 1240958
1.77, 1239383
1.77, 1235501
1.78, 1234595
1.83, 1231782
1.83, 1230555
1.84, 1230329
1.84, 1227921
1.84, 1223977
1.84, 1220598
1.84, 1218500
1.84, 1218054
1.84, 1218021
1.84, 1217907
1.84, 1216650
1.84, 1214689
1.84, 1214533
1.84, 1212611
1.84, 1212004
1.84, 1211251
1.84, 1205988
1.84, 1205544
1.84, 1202351
1.84, 1199664
1.84, 1198306
1.84, 1197122
1.86, 1194358
1.86, 1191201
1.86, 1189349
1.86, 1189273
1.86, 1188669
1.86, 1186694
1.86, 1186428
1.86, 1184955
1.86, 1183321
1.86, 1181313
1.88, 1180972
1.88, 1180818
1.88, 1180438
1.88, 1178436
1.88, 1175918
1.88, 1174059
1.88, 1173817
1.88, 1172541
1.88, 1170767
1.88, 1166922
1.88, 1159223
1.88, 1158220
1.88, 1147680
1.88, 1146829
1.88, 1144170
1.88, 1141760
1.88, 1138050
1.88, 1135818
1.89, 1132071
1.89, 1129950
1.89, 1129869
1.89, 1127096
1.89, 1126045
1.90, 1120167
1.90, 1119779
1.90, 1119093
1.90, 1118461
1.90, 1115020
1.90, 1114951
1.90, 1114273
1.90, 1113911
1.90, 1113174
1.91, 1112072
1.91, 1109196
1.91, 1108691
1.95, 1108517
1.95, 1106943
1.96, 1105472
1.98, 1105341
1.98, 1105269
1.98, 1104806
1.98, 1104628
1.98, 1104170
1.98, 1102529
1.98, 1101778
1.98, 1097138
1.98, 1095945
1.98, 1095557
1.98, 1093637
1.98, 1092869
1.98, 1092740
1.98, 1090589
1.98, 1088813
1.98, 1088426
1.98, 1088170
1.98, 1085989
1.98, 1083703
1.98, 1082997
1.98, 1082632
1.98, 1082416
1.98, 1082103
1.98, 1078526
1.98, 1077124
1.98, 1074082
1.98, 1073417
1.99, 1071890
1.99, 1071001
1.99, 1070106
1.99, 1069329
1.99, 1068651
1.99, 1067725
1.99, 1062136
1.99, 1062005
1.99, 1059428
1.99, 1059419
1.99, 1056892
1.99, 1053001
1.99, 1052546
1.99, 1051425
1.99, 1049970
1.99, 1049715
1.99, 1048780
1.99, 1048107
1.99, 1047869
2.00, 1045260
2.00, 1043456
2.00, 1043221
2.00, 1043015
2.00, 1040390
2.00, 1037716
2.00, 1037336
2.00, 1033593
2.00, 1032910
2.00, 1031689
2.01, 1031373
2.01, 1028778
2.01, 1027351
2.01, 1023535
2.01, 1023513
2.01, 1020241
2.01, 1019227
2.01, 1017661
2.01, 1015428
2.01, 1014676
2.01, 1013754
2.01, 1013332
2.01, 1011776
2.01, 1009522
2.01, 1007892
2.01, 1007591
2.01, 1006631
2.01, 1006469
2.01, 1006297
2.01, 1002036
2.03, 999039
2.03, 999011
2.03, 998246
2.03, 998135
2.03, 995808
2.03, 995664
2.03, 995347
2.03, 993390
2.03, 993010
2.03, 992292
2.03, 990163
2.03, 989859
2.03, 988215
2.03, 988102
2.03, 985451
2.03, 976061
2.03, 972090
2.03, 971613
2.03, 971304
2.03, 969123
2.03, 968910
2.03, 968329
2.03, 966663
2.03, 965972
2.03, 965772
2.03, 964058
2.03, 960896
2.03, 960701
2.03, 960201
2.04, 959264
2.04, 958650
2.04, 958458
2.04, 955865
2.04, 954118
2.04, 951996
2.04, 946124
2.04, 946009
2.05, 943981
2.05, 943783
2.05, 939246
2.05, 938571
2.05, 938506
2.05, 938310
2.05, 936895
2.05, 933872
2.05, 932928
2.05, 929997
2.05, 928469
2.05, 928188
2.05, 928162
2.05, 924948
2.05, 923580
2.05, 919916
2.05, 919026
2.09, 916901
2.09, 913666
2.15, 913078
2.15, 909576
2.16, 909224
2.16, 905708
2.16, 903733
2.16, 903536
2.16, 903031
2.16, 901797
2.16, 899696
2.16, 899315
2.16, 899201
2.17, 897374
2.17, 896702
2.17, 896516
2.17, 895238
2.17, 894331
2.17, 893646
2.21, 890000
2.21, 888949
2.21, 887300
2.21, 886942
2.21, 885252
2.21, 882517
2.21, 878763
2.21, 878587
2.21, 878199
2.21, 877602
2.21, 877009
2.21, 876931
2.21, 873841
2.26, 873773
2.26, 871442
2.26, 870429
2.26, 867316
2.28, 867194
2.28, 865055
2.28, 864002
2.29, 861549
2.29, 860140
2.29, 858031
2.29, 853978
2.30, 853596
2.31, 853054
2.31, 850259
2.31, 848956
2.31, 848355
2.31, 847996
2.31, 846919
2.31, 845119
2.31, 844573
2.31, 842192
2.31, 841916
2.31, 841058
2.31, 840572
2.31, 839786
2.31, 839399
2.31, 837768
2.31, 837555
2.38, 837358
2.38, 837248
2.38, 836469
2.38, 835133
2.38, 833373
2.39, 831516
2.39, 829828
2.39, 828673
2.39, 827934
2.39, 827909
2.39, 825720
2.39, 824243
2.40, 823400
2.40, 821775
2.40, 820611
2.40, 817198
2.40, 816424
2.40, 816319
2.40, 816190
2.40, 813897
2.40, 812267
2.43, 812160
2.46, 811784
2.46, 811625
2.46, 809847
2.46, 809368
2.46, 808857
2.46, 807177
2.46, 806580
2.47, 804412
2.47, 802806
2.47, 801237
2.47, 800223
2.47, 798713
2.47, 797655
2.47, 795792
2.47, 795362
2.47, 795285
2.48, 794132
2.48, 792222
2.48, 790532
2.48, 787457
2.48, 785810
2.48, 784503
2.48, 783238
2.48, 781998
2.48, 781459
2.48, 781247
2.48, 781050
2.48, 778075
2.48, 777822
2.48, 777787
2.49, 777221
2.49, 773713
2.49, 772306
2.49, 771747
2.50, 771439
2.50, 770957
2.50, 770123
2.50, 768949
2.50, 768589
2.57, 768446
2.57, 768053
2.57, 767503
2.57, 767435
2.57, 765795
2.57, 765760
2.57, 765268
2.57, 764342
2.57, 763511
2.57, 762538
2.62, 758336
2.62, 757432
2.62, 756665
2.63, 755672
2.63, 755477
2.63, 754683
2.63, 753970
2.63, 753742
2.63, 751669
2.63, 751029
2.64, 750764
2.64, 750756
2.64, 748095
2.64, 747685
2.65, 746809
2.65, 746561
2.67, 745623
2.67, 745266
2.67, 744999
2.67, 744843
2.67, 744440
2.68, 743257
2.68, 743224
2.68, 741552
2.68, 741470
2.68, 740828
2.68, 740321
2.68, 737235
2.68, 737003
2.68, 735966
2.68, 735586
2.68, 734024
2.69, 732880
2.69, 732215
2.71, 730467
2.71, 728736
2.72, 728593
2.72, 727961
2.72, 726533
2.72, 726312
2.72, 725996
2.73, 724746
2.73, 723808
2.74, 723422
2.74, 721188
2.74, 719846
2.74, 719503
2.75, 719225
2.75, 718544
2.75, 717199
2.75, 717188
2.75, 717073
2.75, 716786
2.75, 715773
2.75, 715659
2.75, 713864
2.75, 713096
2.75, 713013
2.75, 712643
2.75, 712383
2.75, 711902
2.75, 710249
2.75, 710077
2.75, 709861
2.75, 709491
2.76, 709490
2.76, 709127
2.76, 709076
2.76, 708952
2.76, 708431
2.76, 708276
2.76, 707970
2.76, 706828
2.76, 706611
2.77, 705968
2.77, 704964
2.77, 703869
2.77, 702376
2.77, 701593
2.77, 701516
2.82, 701479
2.82, 701303
2.82, 701215
2.82, 701209
2.82, 700410
2.82, 700359
2.82, 700113
2.82, 700081
2.82, 699499
2.82, 697023
2.85, 696517
2.85, 696233
2.85, 696134
2.85, 695502
2.85, 692797
2.85, 692650
2.85, 692466
2.85, 691827
2.97, 691344
2.97, 691072
3.02, 690510
3.02, 690143
3.02, 689329
3.02, 688541
3.02, 687621
3.03, 687446
3.03, 687356
3.03, 687112
3.03, 686730
3.03, 686571
3.03, 686221
3.03, 685690
3.03, 684902
3.03, 684821
3.03, 684406
3.03, 683580
3.03, 683089
3.03, 682579
3.03, 682548
3.04, 682399
3.04, 682155
3.04, 681908
3.05, 681834
3.05, 681632
3.05, 681394
3.06, 681060
3.06, 681017
3.06, 680717
3.07, 680593
3.17, 680149
3.17, 679684
3.17, 679669
3.18, 679438
3.18, 679015
3.18, 678707
3.18, 678008
3.18, 677897
3.18, 677722
3.19, 677634
3.19, 677390
3.19, 676124
3.20, 675489
3.22, 675258
3.22, 674835
3.22, 674583
3.22, 673367
3.22, 672622
3.22, 672555
3.22, 671508
3.23, 671504
3.23, 670639
3.35, 669789
3.36, 669729
3.36, 669080
3.36, 668801
3.36, 668554
3.36, 667916
3.41, 667781
3.57, 667700
3.57, 667515
3.57, 666351
3.58, 666212
3.60, 666203
3.62, 666012
3.62, 665933
3.62, 665871
3.62, 665618
3.63, 665188
3.63, 665043
3.66, 664740
3.70, 664494
3.71, 664390
3.73, 664244
3.74, 664213
3.74, 664074
3.76, 664042
3.80, 663998
3.80, 663934
3.80, 663902
3.83, 663823
3.83, 663654
3.96, 663648
3.97, 663476
3.98, 663444
4.05, 663302
4.30, 663289
4.42, 663251
4.55, 663223
13.53, 663200
13.54, 663136
13.62, 663108
16.09, 663079
16.25, 663039
16.26, 663007
16.27, 663004
22.26, 662928
22.26, 662063
22.27, 662034
22.27, 661978
22.31, 661774
22.31, 661714
22.33, 661541
22.35, 661471
22.37, 661377
22.40, 661025
22.45, 661013
22.46, 660950
22.49, 660940
22.54, 660655
22.56, 660633
22.58, 660602
22.59, 660557
22.98, 660438
22.99, 660378
22.99, 660262
23.06, 660217
