0.01, 6788877
0.01, 6746220
0.01, 6743014
0.01, 6716690
0.01, 6710705
0.01, 6610852
0.01, 6606139
0.01, 6597327
0.01, 6464723
0.01, 6462027
0.01, 6460020
0.01, 6449220
0.01, 6448646
0.01, 6434632
0.01, 6431744
0.01, 6428223
0.01, 6405655
0.01, 6404962
0.01, 6371327
0.01, 6359436
0.01, 6357504
0.01, 6355634
0.01, 6354976
0.01, 6351437
0.01, 6350073
0.01, 6339201
0.01, 6330326
0.01, 6264339
0.01, 6248597
0.01, 6246128
0.01, 6234680
0.01, 6198638
0.01, 6196453
0.01, 6193741
0.01, 6188493
0.01, 6145964
0.01, 6145566
0.01, 6137583
0.01, 6013715
0.01, 6013435
0.01, 5981105
0.01, 5946820
0.01, 5945470
0.01, 5923550
0.01, 5871653
0.01, 5871515
0.01, 5823985
0.01, 5799733
0.01, 5797120
0.01, 5782313
0.01, 5781751
0.01, 5711531
0.01, 5702034
0.01, 5690473
0.01, 5640594
0.01, 5636524
0.01, 5606221
0.01, 5606019
0.01, 5570319
0.01, 5565181
0.01, 5561198
0.01, 5557162
0.01, 5554357
0.01, 5539278
0.01, 5515721
0.01, 5513376
0.01, 5509924
0.01, 5507019
0.01, 5506741
0.01, 5465270
0.01, 5461574
0.02, 5442353
0.05, 5439804
0.05, 5439559
0.06, 5410333
0.06, 5406385
0.06, 5406319
0.06, 5403486
0.06, 5402237
0.06, 5401942
0.06, 5380167
0.06, 5375536
0.06, 5362342
0.06, 5359927
0.06, 5297390
0.06, 5291610
0.06, 5285010
0.06, 5283218
0.07, 5278226
0.07, 5273488
0.07, 5266700
0.07, 5261196
0.07, 5258970
0.07, 5207471
0.11, 5139552
0.11, 5126948
0.11, 5125248
0.11, 5118038
0.11, 5112533
0.11, 5109209
0.11, 5107433
0.11, 5103627
0.11, 5100490
0.11, 5094714
0.11, 5076241
0.11, 5062444
0.11, 5034217
0.11, 4996018
0.11, 4993593
0.11, 4977101
0.11, 4961776
0.11, 4959150
0.11, 4958968
0.11, 4945596
0.11, 4935690
0.11, 4927085
0.12, 4925680
0.12, 4904843
0.12, 4903694
0.12, 4900629
0.12, 4874258
0.12, 4860771
0.12, 4849052
0.12, 4847245
0.12, 4841624
0.12, 4839255
0.12, 4838775
0.12, 4829573
0.18, 4819882
0.18, 4808057
0.18, 4804553
0.18, 4803540
0.18, 4802532
0.18, 4802022
0.24, 4785311
0.24, 4771273
0.24, 4754420
0.24, 4743568
0.24, 4620472
0.24, 4611741
0.24, 4610766
0.24, 4567431
0.24, 4559093
0.24, 4557217
0.24, 4556681
0.34, 4530937
0.34, 4530793
0.34, 4516920
0.34, 4510038
0.34, 4506297
0.34, 4506153
0.34, 4503174
0.34, 4499190
0.34, 4498270
0.34, 4495006
0.34, 4492982
0.34, 4492160
0.34, 4484619
0.34, 4468130
0.34, 4449307
0.40, 4444610
0.40, 4426376
0.40, 4423828
0.40, 4423773
0.42, 4418254
0.42, 4412365
0.42, 4409882
0.42, 4405035
0.42, 4340358
0.42, 4329239
0.42, 4326844
0.42, 4313478
0.42, 4276741
0.43, 4271937
0.43, 4270709
0.43, 4257695
0.43, 4256762
0.43, 4255904
0.43, 4254290
0.43, 4250182
0.43, 4248525
0.43, 4236680
0.43, 4234044
0.43, 4225677
0.43, 4196939
0.43, 4193950
0.43, 4190023
0.43, 4177908
0.43, 4156060
0.43, 4152219
0.43, 4152169
0.43, 4138557
0.43, 4137159
0.46, 4069266
0.46, 4044389
0.46, 4033413
0.46, 4008507
0.46, 3992426
0.46, 3975570
0.46, 3959978
0.46, 3955703
0.46, 3949638
0.46, 3947215
0.46, 3943982
0.46, 3941227
0.46, 3940366
0.47, 3928355
0.47, 3924660
0.47, 3921055
0.47, 3918992
0.47, 3915705
0.47, 3914073
0.47, 3912456
0.47, 3910788
0.47, 3909009
0.47, 3904161
0.47, 3881082
0.47, 3878724
0.47, 3876631
0.47, 3864698
0.47, 3855515
0.47, 3846823
0.47, 3842573
0.47, 3823133
0.47, 3804859
0.47, 3797122
0.47, 3791031
0.47, 3790613
0.47, 3788736
0.47, 3787369
0.59, 3753662
0.61, 3738888
0.61, 3735720
0.61, 3735026
0.61, 3732814
0.61, 3732210
0.61, 3726829
0.61, 3726671
0.61, 3712992
0.61, 3708585
0.61, 3702279
0.61, 3692365
0.61, 3685437
0.61, 3685059
0.61, 3682778
0.61, 3678046
0.61, 3670768
0.61, 3664502
0.64, 3655105
0.64, 3649186
0.65, 3619484
0.65, 3618059
0.65, 3614285
0.65, 3597270
0.65, 3590413
0.65, 3586083
0.65, 3571514
0.65, 3564040
0.65, 3554864
0.65, 3553300
0.65, 3545277
0.65, 3544023
0.65, 3543748
0.65, 3536218
0.65, 3493804
0.65, 3479854
0.65, 3478158
0.65, 3474326
0.65, 3473661
0.65, 3464033
0.65, 3455496
0.65, 3455481
0.65, 3439312
0.65, 3421801
0.65, 3420293
0.65, 3418761
0.65, 3401404
0.65, 3401311
0.65, 3397912
0.65, 3396801
0.65, 3389653
0.65, 3383761
0.69, 3377231
0.69, 3373512
0.69, 3372269
0.69, 3355525
0.69, 3334645
0.69, 3331120
0.71, 3327286
0.71, 3322944
0.71, 3322474
0.71, 3322452
0.71, 3316100
0.71, 3303752
0.71, 3283613
0.71, 3276964
0.71, 3271480
0.71, 3269852
0.71, 3256634
0.71, 3255251
0.71, 3254645
0.71, 3240682
0.71, 3235806
0.71, 3234848
0.71, 3228699
0.73, 3226617
0.73, 3223084
0.73, 3200062
0.73, 3199884
0.73, 3199594
0.73, 3137379
0.73, 3113934
0.73, 3113573
0.73, 3109923
0.73, 3096786
0.73, 3087304
0.73, 3081969
0.74, 3065982
0.74, 3062268
0.74, 3049384
0.74, 3047833
0.74, 3047489
0.74, 3036702
0.74, 3036316
0.74, 3014427
0.74, 3012121
0.82, 2994850
0.82, 2984533
0.82, 2983449
0.82, 2983083
0.84, 2964675
0.84, 2961867
0.84, 2961556
0.84, 2960237
0.84, 2935375
0.84, 2935289
0.84, 2931429
0.84, 2919688
0.84, 2912291
0.86, 2912148
0.86, 2909557
0.86, 2897032
0.86, 2894878
0.86, 2881286
0.86, 2880570
0.86, 2864379
0.86, 2842340
0.86, 2842322
0.86, 2836364
0.86, 2835007
0.86, 2825209
0.86, 2821040
0.86, 2817460
0.86, 2812277
0.89, 2810219
0.89, 2807189
0.89, 2803215
0.89, 2795195
0.89, 2784752
0.89, 2760916
0.89, 2760731
0.89, 2754510
0.89, 2749715
0.90, 2748976
0.90, 2743631
0.90, 2739255
0.90, 2737932
0.90, 2736769
0.90, 2735003
0.90, 2733971
0.93, 2725483
0.93, 2715633
0.93, 2698830
0.93, 2698763
0.93, 2693532
0.93, 2691294
0.93, 2676979
0.93, 2668811
0.93, 2662685
0.93, 2656725
0.93, 2650630
0.93, 2645994
0.93, 2641757
0.93, 2633844
0.93, 2632984
0.93, 2631151
0.93, 2622167
0.93, 2621981
0.93, 2614528
0.93, 2598439
0.93, 2597537
0.93, 2593811
0.93, 2592770
0.93, 2590837
0.93, 2582319
0.94, 2573998
0.94, 2573524
0.94, 2572385
0.94, 2570200
0.94, 2536245
0.94, 2535796
0.94, 2535692
0.94, 2535610
0.94, 2533131
0.94, 2525798
0.94, 2524967
0.94, 2520469
0.94, 2515960
0.94, 2492121
0.94, 2490733
0.94, 2488396
0.94, 2485232
0.94, 2481665
0.94, 2474138
0.94, 2473480
0.94, 2460731
0.94, 2450243
0.94, 2448778
0.94, 2445153
0.94, 2444065
0.94, 2439465
0.94, 2433398
0.94, 2425801
0.94, 2425428
0.94, 2415713
0.96, 2413220
0.96, 2388606
0.96, 2388591
0.98, 2380555
0.98, 2376598
0.98, 2373998
0.98, 2361717
0.99, 2361386
0.99, 2358080
0.99, 2349265
0.99, 2349076
0.99, 2345777
0.99, 2344098
0.99, 2343497
0.99, 2334268
0.99, 2331991
0.99, 2331845
0.99, 2328749
0.99, 2325049
0.99, 2324781
0.99, 2305488
1.08, 2303864
1.08, 2303828
1.08, 2300860
1.08, 2298125
1.08, 2293189
1.08, 2273153
1.08, 2271324
1.08, 2270873
1.08, 2270822
1.08, 2269816
1.10, 2269180
1.10, 2267753
1.10, 2266105
1.10, 2263900
1.10, 2248946
1.10, 2247772
1.10, 2247166
1.10, 2246820
1.11, 2243164
1.11, 2242393
1.11, 2240585
1.11, 2230265
1.11, 2229931
1.11, 2222277
1.11, 2217245
1.11, 2214769
1.11, 2212619
1.11, 2211682
1.11, 2209648
1.11, 2203313
1.11, 2199054
1.11, 2194530
1.11, 2193438
1.11, 2190937
1.11, 2190799
1.11, 2182880
1.11, 2178075
1.11, 2175383
1.11, 2166487
1.11, 2166053
1.11, 2152463
1.11, 2132480
1.11, 2132391
1.11, 2126221
1.16, 2109217
1.16, 2106381
1.16, 2099362
1.16, 2097819
1.16, 2097713
1.16, 2092537
1.16, 2092395
1.16, 2088732
1.16, 2075736
1.16, 2073854
1.16, 2071901
1.16, 2068106
1.16, 2067541
1.16, 2065541
1.16, 2063488
1.16, 2057448
1.16, 2057196
1.16, 2049904
1.16, 2046449
1.19, 2025756
1.19, 2025557
1.19, 2025151
1.19, 2024190
1.19, 2018559
1.19, 2018124
1.19, 2017469
1.19, 2016200
1.20, 2013297
1.20, 2009769
1.20, 2009578
1.20, 2006251
1.20, 2006105
1.20, 2004646
1.20, 2004017
1.20, 1998008
1.20, 1995183
1.21, 1976204
1.21, 1968159
1.21, 1968157
1.21, 1967909
1.21, 1964533
1.21, 1956552
1.21, 1955371
1.21, 1954304
1.21, 1950581
1.21, 1949512
1.21, 1943678
1.21, 1941625
1.21, 1939709
1.21, 1912919
1.21, 1906198
1.21, 1901052
1.28, 1896769
1.28, 1888115
1.28, 1879383
1.28, 1879068
1.28, 1878372
1.28, 1874410
1.28, 1872083
1.28, 1866139
1.28, 1862994
1.28, 1859694
1.28, 1859680
1.28, 1858988
1.28, 1848173
1.28, 1845689
1.28, 1841756
1.28, 1840963
1.28, 1833905
1.28, 1828181
1.28, 1828143
1.28, 1827690
1.28, 1825167
1.28, 1825160
1.28, 1820037
1.28, 1816433
1.28, 1803855
1.28, 1803253
1.28, 1803242
1.28, 1798470
1.28, 1791175
1.28, 1788614
1.28, 1778841
1.28, 1777828
1.28, 1777721
1.28, 1777653
1.28, 1762163
1.28, 1760005
1.29, 1757439
1.29, 1752953
1.33, 1741865
1.35, 1739984
1.35, 1739214
1.35, 1734032
1.35, 1734014
1.35, 1732056
1.43, 1731143
1.43, 1724580
1.43, 1723309
1.43, 1714986
1.43, 1712429
1.43, 1705279
1.43, 1704090
1.43, 1703545
1.43, 1702981
1.43, 1694025
1.43, 1690860
1.43, 1690368
1.43, 1688728
1.43, 1679239
1.43, 1665966
1.43, 1665773
1.43, 1661167
1.43, 1660912
1.43, 1660753
1.43, 1655565
1.43, 1653347
1.43, 1651124
1.43, 1649768
1.43, 1649160
1.43, 1648283
1.43, 1641073
1.43, 1638531
1.43, 1627858
1.43, 1621805
1.44, 1619263
1.46, 1616869
1.46, 1616453
1.46, 1615517
1.46, 1607805
1.46, 1607290
1.46, 1606676
1.46, 1602443
1.46, 1601995
1.46, 1601958
1.46, 1593677
1.46, 1590987
1.46, 1588396
1.46, 1587361
1.46, 1586558
1.46, 1576143
1.46, 1574646
1.49, 1568067
1.49, 1562637
1.50, 1562614
1.50, 1561888
1.50, 1554637
1.50, 1554496
1.50, 1554494
1.50, 1551955
1.50, 1547990
1.50, 1542331
1.50, 1541131
1.50, 1538269
1.50, 1538264
1.50, 1537912
1.50, 1537127
1.50, 1535974
1.50, 1529191
1.50, 1526622
1.50, 1525594
1.50, 1522901
1.50, 1520475
1.50, 1519120
1.50, 1518053
1.50, 1516416
1.50, 1514431
1.50, 1514353
1.52, 1511398
1.52, 1506207
1.52, 1502031
1.52, 1499111
1.52, 1495936
1.52, 1491444
1.52, 1491071
1.52, 1490298
1.52, 1489311
1.52, 1487681
1.52, 1483177
1.53, 1471219
1.53, 1470717
1.53, 1469507
1.53, 1469036
1.53, 1467968
1.53, 1464907
1.53, 1463357
1.53, 1459177
1.53, 1455722
1.53, 1454857
1.53, 1454097
1.53, 1450260
1.54, 1445268
1.54, 1441617
1.55, 1439026
1.55, 1438824
1.55, 1436563
1.55, 1433538
1.58, 1433296
1.58, 1431464
1.58, 1428355
1.58, 1425740
1.58, 1419015
1.59, 1415099
1.59, 1413949
1.59, 1413922
1.59, 1413779
1.59, 1413479
1.59, 1407579
1.59, 1402728
1.59, 1402579
1.59, 1400528
1.59, 1392828
1.59, 1392408
1.59, 1388022
1.59, 1379846
1.59, 1378855
1.59, 1373773
1.59, 1371237
1.59, 1365542
1.59, 1364256
1.59, 1356681
1.59, 1355711
1.59, 1355123
1.59, 1352219
1.59, 1351974
1.59, 1349611
1.59, 1347389
1.59, 1345316
1.59, 1343555
1.59, 1341498
1.59, 1339716
1.59, 1338178
1.59, 1335805
1.59, 1334956
1.59, 1328845
1.59, 1328684
1.59, 1328517
1.59, 1327417
1.69, 1323691
1.69, 1317037
1.69, 1316252
1.69, 1315375
1.69, 1313185
1.69, 1311253
1.70, 1309663
1.70, 1306846
1.70, 1300460
1.70, 1299493
1.70, 1298850
1.70, 1297344
1.70, 1295651
1.71, 1295027
1.71, 1294685
1.71, 1291264
1.71, 1287305
1.71, 1284156
1.71, 1283370
1.71, 1279663
1.71, 1279231
1.71, 1278176
1.71, 1276687
1.73, 1275374
1.73, 1275182
1.73, 1275129
1.73, 1273773
1.73, 1270880
1.73, 1268125
1.73, 1268114
1.73, 1265640
1.73, 1265129
1.73, 1264325
1.73, 1263554
1.73, 1262777
1.73, 1262429
1.73, 1262153
1.73, 1260695
1.73, 1260047
1.73, 1256586
1.73, 1253953
1.73, 1247104
1.73, 1247084
1.73, 1246783
1.73, 1246544
1.74, 1243766
1.74, 1242998
1.74, 1240467
1.74, 1235940
1.74, 1229216
1.74, 1224485
1.74, 1222682
1.74, 1222622
1.74, 1219839
1.74, 1217953
1.74, 1213152
1.76, 1211738
1.76, 1211140
1.76, 1199309
1.76, 1197709
1.76, 1196628
1.76, 1196250
1.79, 1194439
1.79, 1193836
1.79, 1192254
1.79, 1191755
1.79, 1190297
1.79, 1190025
1.79, 1188391
1.79, 1186717
1.79, 1184267
1.79, 1181660
1.79, 1181284
1.79, 1181071
1.80, 1180830
1.80, 1178532
1.80, 1177073
1.80, 1172108
1.80, 1170074
1.81, 1170017
1.81, 1168069
1.81, 1167550
1.81, 1157800
1.81, 1157659
1.81, 1157394
1.81, 1157049
1.81, 1155612
1.81, 1155163
1.82, 1155050
1.82, 1154373
1.82, 1152353
1.82, 1150542
1.82, 1148507
1.82, 1147015
1.82, 1143288
1.82, 1143020
1.82, 1140854
1.82, 1131998
1.82, 1131536
1.82, 1131366
1.82, 1130787
1.83, 1129407
1.83, 1129018
1.83, 1125544
1.83, 1123903
1.83, 1121469
1.84, 1121433
1.84, 1120609
1.84, 1120553
1.84, 1120274
1.84, 1119811
1.84, 1119466
1.84, 1116651
1.84, 1112870
1.84, 1111860
1.84, 1111535
1.85, 1108361
1.85, 1108349
1.85, 1107974
1.86, 1107393
1.86, 1106163
1.86, 1105875
1.86, 1102798
1.91, 1102708
1.91, 1101749
1.91, 1100625
1.91, 1100512
1.91, 1098858
1.91, 1098648
1.91, 1097312
1.91, 1097108
1.91, 1096810
1.91, 1093883
1.91, 1091651
1.91, 1091623
1.91, 1091477
1.91, 1089911
1.91, 1089334
1.91, 1088563
1.91, 1088028
1.91, 1086091
1.91, 1082237
1.91, 1081974
1.91, 1080196
1.91, 1072126
1.91, 1069453
1.91, 1068576
1.91, 1068011
1.91, 1066454
1.91, 1066267
1.91, 1064016
1.91, 1063632
1.91, 1062711
1.92, 1060167
1.92, 1060089
1.92, 1057241
1.92, 1054520
1.92, 1054197
1.92, 1053204
1.92, 1051641
1.92, 1051118
1.92, 1049738
1.92, 1048303
1.92, 1044442
1.92, 1040198
1.92, 1040152
1.98, 1037526
1.98, 1035606
1.98, 1035429
1.98, 1032807
1.98, 1030911
1.98, 1030137
1.98, 1028909
1.98, 1028536
1.98, 1027648
2.03, 1026811
2.04, 1026261
2.04, 1024753
2.04, 1024266
2.04, 1022813
2.04, 1018794
2.04, 1018630
2.04, 1010221
2.04, 1008887
2.04, 1008648
2.04, 1008159
2.04, 1000523
2.05, 999856
2.05, 998932
2.05, 997759
2.05, 997029
2.05, 995457
2.05, 993797
2.05, 991684
2.05, 990830
2.05, 990326
2.05, 989265
2.05, 986860
2.06, 986025
2.06, 984668
2.06, 979701
2.06, 979690
2.06, 978979
2.06, 977991
2.06, 977311
2.06, 974653
2.06, 974419
2.06, 972085
2.06, 969885
2.06, 969727
2.06, 967951
2.06, 967417
2.06, 967408
2.06, 965504
2.06, 962979
2.06, 960618
2.06, 959934
2.06, 959007
2.06, 957728
2.06, 954956
2.06, 954414
2.06, 953756
2.06, 948455
2.06, 946709
2.06, 944910
2.07, 943605
2.11, 942648
2.11, 941322
2.13, 936400
2.13, 936127
2.13, 935693
2.13, 935689
2.13, 935505
2.13, 934700
2.13, 933724
2.13, 933254
2.13, 929271
2.13, 926156
2.14, 924700
2.14, 924664
2.14, 923540
2.14, 922622
2.14, 922060
2.14, 919430
2.14, 919380
2.14, 917855
2.14, 917610
2.14, 914831
2.19, 912024
2.19, 906376
2.20, 904482
2.20, 903447
2.20, 903416
2.20, 903308
2.20, 903068
2.20, 902567
2.20, 900100
2.21, 897691
2.22, 895829
2.22, 895485
2.22, 895439
2.22, 894824
2.24, 894288
2.24, 893401
2.24, 892465
2.24, 891292
2.24, 890940
2.24, 888950
2.24, 888822
2.24, 887369
2.24, 884983
2.24, 883724
2.24, 882157
2.24, 879896
2.24, 879108
2.24, 877851
2.24, 877563
2.24, 877338
2.24, 877305
2.24, 877286
2.24, 876087
2.24, 876024
2.24, 875603
2.24, 871754
2.24, 870388
2.24, 867303
2.24, 866208
2.24, 866200
2.32, 865655
2.32, 865551
2.32, 864643
2.32, 863417
2.33, 861926
2.33, 861606
2.33, 861304
2.33, 859598
2.33, 857200
2.33, 856263
2.33, 856094
2.33, 854547
2.33, 854437
2.33, 852837
2.33, 852610
2.33, 850782
2.33, 850398
2.33, 849406
2.33, 848794
2.36, 848121
2.36, 847728
2.36, 845997
2.36, 843092
2.36, 843056
2.36, 841984
2.36, 840370
2.36, 839812
2.36, 838502
2.36, 837290
2.36, 837078
2.36, 836343
2.36, 836146
2.36, 836117
2.36, 835887
2.36, 835817
2.36, 835100
2.36, 832179
2.36, 830729
2.36, 830228
2.36, 827953
2.38, 826053
2.38, 825758
2.38, 825414
2.38, 823973
2.38, 822539
2.38, 822239
2.38, 822103
2.38, 821441
2.38, 819853
2.38, 819598
2.40, 816890
2.40, 816454
2.40, 816399
2.40, 816365
2.40, 816190
2.40, 813570
2.40, 813474
2.40, 812547
2.40, 812099
2.40, 811622
2.42, 809583
2.42, 808884
2.42, 808880
2.43, 808790
2.43, 808448
2.43, 806699
2.43, 806603
2.43, 806188
2.43, 805532
2.43, 804587
2.43, 804041
2.43, 803426
2.43, 802895
2.43, 800525
2.43, 800059
2.43, 799976
2.44, 797313
2.44, 797180
2.44, 796924
2.44, 795967
2.44, 792400
2.44, 791734
2.44, 790000
2.44, 788519
2.44, 786076
2.45, 786068
2.45, 786023
2.45, 785192
2.45, 784708
2.45, 784480
2.45, 784467
2.45, 784430
2.45, 783760
2.45, 782381
2.45, 781611
2.45, 780093
2.45, 779236
2.45, 778555
2.45, 775242
2.45, 775022
2.46, 774470
2.46, 774004
2.46, 773716
2.46, 772819
2.46, 771356
2.46, 770071
2.46, 769938
2.46, 769672
2.46, 769460
2.46, 769096
2.46, 768807
2.46, 768204
2.46, 768097
2.48, 767613
2.48, 767576
2.48, 766918
2.56, 766642
2.56, 766163
2.56, 762062
2.59, 761933
2.60, 761705
2.60, 759131
2.60, 758770
2.60, 757816
2.60, 757717
2.60, 756967
2.60, 756923
2.61, 756587
2.61, 755286
2.61, 754742
2.61, 754534
2.61, 754164
2.61, 752741
2.61, 752691
2.61, 752131
2.61, 751451
2.61, 749937
2.61, 749201
2.62, 749069
2.62, 747045
2.63, 747019
2.63, 746679
2.63, 745838
2.63, 745348
2.63, 744534
2.63, 743728
2.63, 743639
2.70, 743212
2.70, 742468
2.71, 742049
2.71, 741680
2.71, 741385
2.71, 739663
2.71, 739128
2.71, 738913
2.71, 738082
2.71, 737946
2.71, 736817
2.71, 736481
2.71, 736161
2.71, 735884
2.71, 735668
2.71, 735550
2.71, 735466
2.72, 734790
2.72, 734714
2.72, 734710
2.72, 734365
2.75, 733534
2.75, 733498
2.75, 732502
2.75, 730093
2.75, 729975
2.75, 729003
2.75, 726796
2.75, 726686
2.75, 725300
2.76, 724592
2.76, 724431
2.79, 724276
2.79, 724053
2.79, 723453
2.79, 722072
2.79, 721594
2.79, 720598
2.79, 720011
2.79, 719046
2.79, 718957
2.81, 717855
2.81, 717344
2.82, 716999
2.82, 716670
2.82, 716247
2.82, 715989
2.82, 715977
2.83, 714725
2.83, 714472
2.83, 714444
2.83, 714007
2.83, 713842
2.83, 712674
2.83, 710908
2.83, 710692
2.83, 709390
2.83, 709095
2.83, 709007
2.84, 707508
2.84, 707498
2.84, 707393
2.84, 706946
2.85, 706506
2.85, 706379
2.85, 706236
2.85, 704891
2.85, 704383
2.85, 703932
2.85, 703784
2.85, 703505
2.85, 703339
2.85, 702977
2.85, 702947
2.85, 702576
2.85, 702174
2.85, 701772
2.86, 700877
2.86, 700584
2.86, 699478
2.86, 699419
2.86, 698722
2.87, 698467
2.87, 698153
2.87, 698125
2.87, 697158
2.98, 697039
2.98, 696767
2.98, 696094
3.04, 695457
3.04, 695396
3.04, 694705
3.04, 692809
3.04, 692035
3.05, 691916
3.05, 691801
3.05, 691453
3.05, 690453
3.05, 690048
3.05, 689225
3.05, 688173
3.06, 687505
3.06, 687172
3.06, 686792
3.06, 686381
3.06, 686276
3.10, 686096
3.10, 685559
3.10, 685336
3.10, 685225
3.10, 684801
3.10, 684318
3.10, 683508
3.10, 683459
3.11, 683187
3.11, 683123
3.14, 683082
3.14, 683066
3.15, 683052
3.15, 682462
3.15, 681416
3.15, 681253
3.15, 680623
3.15, 680600
3.16, 680176
3.16, 679416
3.17, 679339
3.17, 678803
3.17, 678657
3.17, 678632
3.17, 678351
3.17, 677932
3.18, 677868
3.22, 677426
3.23, 677113
3.23, 676543
3.28, 676451
3.29, 676215
3.43, 675650
3.44, 674997
3.44, 674980
3.44, 674334
3.44, 673987
3.45, 673895
3.45, 673644
3.46, 673604
3.47, 672617
3.47, 672338
3.47, 671699
3.47, 671149
3.47, 670681
3.48, 670517
3.48, 670474
3.48, 670329
3.48, 669973
3.49, 669583
3.49, 669382
3.49, 669154
3.49, 669009
3.51, 668958
3.51, 668903
3.51, 668899
3.52, 668720
3.52, 668345
3.52, 668183
3.54, 667828
3.55, 667794
3.57, 667198
3.57, 667029
3.57, 666968
3.58, 666562
3.58, 666186
3.60, 665618
3.73, 665590
3.73, 665089
3.75, 664934
3.76, 664906
3.78, 664631
4.01, 664126
4.01, 663964
4.04, 663918
4.09, 663903
4.13, 663843
4.28, 663643
4.36, 663549
4.40, 663521
15.92, 663499
15.93, 663439
15.93, 663084
15.94, 662518
15.99, 662466
15.99, 662433
15.99, 662054
15.99, 661702
16.02, 661294
16.04, 660834
16.05, 660499
16.05, 660080
16.10, 659955
16.14, 659459
16.16, 659367
16.17, 659286
16.18, 658684
16.22, 658446
16.22, 658427
16.23, 658306
16.55, 658303
16.64, 658297
16.75, 658265
16.75, 658246
16.75, 658218
25.93, 658093
25.94, 657970
25.96, 657843
25.96, 657733
25.99, 657548
26.00, 657408
26.00, 657263
26.03, 657228
26.36, 657144
26.37, 656942
26.38, 656920
26.62, 656813
26.62, 656747
26.64, 656725
