0.01, 6812559
0.01, 6800329
0.01, 6777358
0.01, 6776174
0.01, 6775131
0.01, 6774457
0.01, 6746954
0.01, 6736343
0.01, 6734806
0.01, 6729562
0.01, 6729551
0.01, 6725827
0.01, 6724510
0.01, 6704653
0.01, 6704516
0.01, 6696153
0.01, 6695497
0.01, 6685191
0.01, 6666446
0.01, 6657514
0.01, 6654800
0.01, 6653264
0.01, 6652673
0.01, 6645186
0.01, 6637067
0.01, 6631283
0.01, 6628421
0.01, 6572653
0.01, 6572408
0.01, 6545788
0.01, 6534634
0.01, 6528967
0.01, 6523783
0.01, 6494727
0.01, 6435205
0.01, 6435011
0.01, 6432872
0.01, 6431490
0.01, 6427986
0.01, 6391329
0.01, 6391194
0.01, 6389738
0.01, 6382541
0.01, 6363846
0.01, 6322111
0.01, 6295362
0.01, 6284976
0.01, 6261158
0.01, 6198008
0.01, 6176930
0.01, 6096486
0.01, 6091464
0.01, 6073686
0.01, 6064163
0.01, 6063758
0.01, 6048798
0.01, 6048555
0.01, 6047486
0.01, 6038255
0.01, 6026096
0.01, 6013526
0.01, 5973872
0.01, 5957198
0.01, 5940505
0.01, 5917716
0.01, 5917590
0.01, 5913183
0.01, 5912800
0.01, 5872748
0.01, 5866704
0.01, 5861534
0.01, 5834027
0.01, 5822115
0.01, 5775891
0.01, 5731410
0.01, 5646569
0.01, 5646186
0.01, 5638913
0.01, 5623653
0.01, 5618463
0.01, 5609262
0.01, 5569923
0.01, 5567097
0.01, 5549521
0.01, 5549155
0.01, 5542279
0.02, 5525868
0.02, 5520681
0.02, 5520398
0.02, 5511659
0.02, 5499049
0.02, 5498538
0.02, 5491136
0.02, 5487866
0.02, 5485138
0.02, 5427817
0.03, 5424697
0.03, 5417839
0.05, 5407564
0.05, 5388477
0.05, 5382190
0.05, 5381632
0.05, 5374786
0.05, 5357256
0.05, 5355203
0.05, 5353151
0.05, 5330107
0.05, 5319972
0.05, 5311661
0.05, 5282978
0.08, 5281344
0.08, 5263651
0.08, 5262436
0.08, 5262185
0.10, 5223165
0.11, 5222498
0.11, 5208435
0.11, 5200401
0.11, 5191484
0.13, 5188796
0.13, 5187170
0.13, 5179313
0.13, 5170048
0.13, 5160106
0.13, 5127001
0.13, 5039733
0.13, 4998307
0.15, 4979927
0.16, 4970983
0.16, 4960045
0.16, 4941322
0.16, 4940208
0.16, 4938797
0.16, 4938642
0.16, 4853087
0.16, 4839099
0.16, 4836283
0.16, 4830138
0.16, 4779841
0.16, 4759417
0.16, 4754689
0.23, 4721621
0.23, 4710987
0.23, 4709779
0.23, 4709601
0.23, 4704197
0.27, 4685731
0.27, 4684312
0.27, 4659886
0.27, 4642231
0.27, 4629433
0.27, 4628629
0.27, 4621383
0.27, 4615892
0.29, 4601137
0.29, 4570342
0.29, 4562125
0.29, 4561228
0.29, 4549859
0.34, 4528536
0.34, 4527563
0.34, 4520870
0.34, 4518854
0.34, 4505810
0.38, 4457907
0.38, 4455030
0.38, 4454252
0.38, 4453327
0.39, 4449531
0.39, 4423115
0.39, 4387594
0.39, 4381271
0.39, 4369800
0.39, 4337165
0.39, 4335985
0.39, 4319706
0.39, 4318203
0.39, 4297649
0.39, 4292002
0.39, 4290481
0.39, 4229947
0.39, 4224783
0.43, 4186855
0.45, 4176254
0.45, 4171465
0.45, 4169421
0.45, 4135774
0.45, 4134840
0.45, 4122765
0.45, 4089545
0.45, 4083931
0.45, 4073262
0.45, 4068999
0.45, 4059778
0.45, 4054960
0.45, 4044208
0.45, 4042830
0.45, 4040965
0.45, 4037642
0.45, 4030743
0.45, 4017509
0.45, 4012786
0.45, 3996282
0.45, 3995358
0.45, 3970290
0.45, 3960492
0.54, 3957521
0.54, 3948165
0.54, 3930463
0.54, 3925685
0.54, 3918547
0.54, 3917151
0.54, 3915709
0.54, 3913051
0.54, 3898757
0.54, 3869595
0.54, 3866622
0.54, 3842870
0.54, 3826922
0.54, 3824179
0.54, 3821693
0.54, 3812249
0.54, 3803913
0.54, 3796809
0.54, 3788410
0.54, 3785118
0.54, 3783892
0.54, 3775313
0.54, 3774272
0.54, 3763565
0.54, 3760354
0.54, 3714886
0.54, 3691288
0.61, 3688812
0.61, 3684820
0.61, 3680257
0.62, 3671055
0.62, 3652801
0.62, 3651976
0.62, 3603048
0.62, 3589116
0.62, 3568978
0.62, 3560238
0.62, 3543169
0.62, 3542794
0.62, 3540892
0.62, 3537022
0.62, 3533012
0.62, 3532822
0.62, 3532440
0.62, 3531311
0.62, 3525504
0.62, 3521494
0.62, 3494029
0.62, 3481293
0.62, 3475949
0.62, 3468861
0.62, 3415691
0.62, 3413954
0.62, 3411460
0.62, 3411415
0.62, 3402396
0.62, 3399773
0.62, 3397755
0.62, 3386853
0.62, 3379222
0.62, 3374750
0.62, 3368426
0.62, 3366716
0.64, 3363019
0.64, 3351330
0.65, 3344116
0.65, 3341075
0.75, 3314126
0.75, 3291194
0.75, 3288582
0.75, 3285257
0.75, 3253882
0.75, 3244588
0.75, 3244540
0.75, 3243611
0.75, 3241705
0.75, 3240894
0.75, 3240875
0.75, 3238082
0.75, 3232468
0.78, 3223430
0.78, 3217720
0.78, 3215619
0.78, 3211733
0.78, 3211645
0.78, 3198837
0.78, 3195944
0.78, 3195545
0.79, 3189091
0.79, 3187973
0.79, 3185609
0.79, 3172224
0.79, 3167794
0.79, 3131432
0.81, 3130651
0.81, 3117181
0.81, 3100380
0.81, 3086793
0.81, 3078440
0.81, 3062612
0.81, 3061426
0.81, 3058463
0.81, 3050935
0.81, 3039262
0.81, 3030910
0.81, 3024799
0.81, 3023679
0.82, 3023190
0.83, 3018409
0.83, 3018375
0.83, 3015015
0.83, 2998112
0.83, 2993362
0.83, 2992896
0.83, 2992644
0.83, 2992269
0.83, 2991059
0.83, 2971826
0.83, 2970707
0.83, 2933678
0.83, 2931383
0.83, 2929407
0.83, 2927450
0.83, 2922980
0.83, 2921618
0.84, 2920683
0.84, 2907274
0.84, 2903536
0.84, 2903381
0.84, 2900727
0.84, 2886963
0.84, 2880385
0.84, 2878668
0.84, 2877440
0.84, 2876266
0.87, 2862029
0.87, 2857940
0.87, 2841084
0.87, 2834732
0.87, 2830120
0.87, 2823417
0.87, 2817129
0.87, 2812448
0.87, 2810819
0.87, 2808248
0.87, 2808241
0.87, 2808020
0.89, 2802700
0.89, 2800768
0.89, 2776811
0.89, 2767802
0.89, 2765522
0.89, 2764945
0.89, 2751108
0.89, 2748364
0.89, 2747406
0.89, 2746218
0.91, 2746095
0.91, 2743797
0.91, 2741608
0.91, 2730632
0.91, 2728920
0.91, 2725328
0.91, 2715098
0.91, 2704013
0.91, 2702474
0.91, 2700545
0.91, 2697590
0.91, 2697523
0.91, 2695859
0.91, 2695178
0.91, 2693198
0.91, 2688522
0.91, 2687337
0.91, 2686492
0.91, 2678946
0.91, 2674190
0.91, 2670189
0.91, 2666265
0.91, 2651989
0.91, 2646542
0.91, 2626367
0.91, 2626290
0.96, 2625050
0.96, 2611798
0.96, 2599363
0.96, 2584700
0.96, 2584618
0.96, 2579639
0.96, 2577093
0.96, 2574814
0.96, 2570149
0.99, 2568423
0.99, 2561114
0.99, 2556573
0.99, 2555960
0.99, 2549280
1.00, 2541171
1.00, 2512684
1.00, 2491288
1.00, 2474647
1.00, 2451981
1.00, 2450100
1.00, 2447231
1.00, 2440296
1.00, 2437827
1.00, 2436647
1.00, 2431749
1.00, 2422770
1.00, 2417709
1.00, 2417581
1.00, 2412464
1.00, 2407600
1.00, 2405264
1.00, 2395499
1.00, 2395402
1.00, 2389412
1.00, 2388057
1.00, 2387523
1.00, 2382275
1.00, 2377436
1.05, 2372139
1.05, 2368613
1.05, 2368348
1.05, 2363927
1.05, 2363360
1.08, 2354140
1.09, 2348444
1.09, 2342713
1.09, 2340688
1.09, 2314065
1.09, 2313443
1.09, 2301866
1.09, 2296627
1.09, 2295810
1.11, 2293029
1.11, 2292449
1.11, 2286212
1.11, 2280993
1.11, 2278167
1.11, 2273920
1.11, 2265579
1.11, 2259814
1.12, 2249207
1.12, 2247887
1.12, 2247549
1.12, 2241928
1.12, 2240296
1.12, 2209241
1.12, 2204175
1.12, 2202737
1.12, 2197230
1.12, 2186153
1.12, 2185736
1.15, 2184318
1.17, 2172924
1.17, 2166435
1.17, 2166232
1.17, 2163992
1.17, 2150585
1.17, 2148945
1.17, 2145754
1.17, 2142265
1.17, 2135252
1.17, 2134889
1.17, 2133555
1.17, 2128243
1.17, 2114761
1.17, 2113752
1.17, 2111957
1.17, 2101872
1.17, 2101235
1.17, 2096174
1.17, 2085177
1.17, 2080300
1.17, 2077993
1.17, 2075618
1.17, 2073781
1.17, 2070225
1.17, 2048398
1.17, 2045001
1.19, 2043678
1.19, 2043029
1.19, 2040094
1.19, 2021661
1.19, 2020825
1.19, 2019322
1.19, 2015935
1.19, 2014008
1.19, 2008611
1.19, 2002068
1.19, 2001063
1.19, 1996923
1.23, 1981702
1.23, 1976458
1.25, 1972201
1.25, 1962452
1.25, 1957671
1.25, 1954292
1.25, 1945561
1.25, 1942370
1.25, 1932917
1.25, 1927201
1.25, 1923774
1.25, 1920026
1.25, 1918741
1.25, 1914773
1.29, 1905096
1.29, 1903312
1.29, 1898456
1.29, 1897026
1.29, 1894578
1.29, 1894493
1.29, 1893916
1.29, 1893811
1.29, 1890844
1.29, 1886036
1.29, 1884979
1.29, 1883194
1.29, 1881049
1.29, 1880772
1.29, 1873676
1.29, 1873623
1.29, 1872594
1.29, 1869071
1.30, 1867186
1.30, 1861928
1.30, 1858653
1.30, 1857777
1.30, 1855448
1.30, 1855076
1.30, 1851644
1.30, 1850018
1.30, 1849986
1.30, 1848391
1.30, 1844754
1.30, 1842416
1.30, 1838641
1.31, 1837828
1.31, 1837374
1.31, 1835075
1.31, 1834856
1.31, 1825119
1.31, 1823041
1.31, 1820677
1.31, 1815499
1.31, 1805461
1.36, 1797359
1.36, 1794016
1.36, 1778778
1.36, 1778776
1.36, 1775735
1.36, 1772184
1.36, 1768017
1.36, 1767946
1.36, 1766024
1.36, 1762698
1.36, 1754035
1.36, 1750728
1.36, 1749793
1.36, 1749419
1.36, 1745477
1.36, 1739031
1.36, 1738501
1.36, 1737887
1.36, 1734758
1.37, 1733923
1.37, 1733102
1.37, 1732969
1.37, 1732157
1.37, 1731941
1.37, 1729146
1.37, 1705797
1.37, 1697179
1.37, 1692159
1.37, 1686135
1.37, 1685845
1.37, 1685540
1.37, 1685492
1.37, 1684413
1.37, 1684316
1.37, 1683311
1.37, 1679153
1.37, 1676981
1.37, 1676130
1.37, 1659799
1.37, 1659604
1.37, 1659446
1.37, 1658540
1.38, 1658214
1.38, 1658142
1.42, 1657590
1.42, 1656312
1.42, 1656250
1.42, 1649861
1.42, 1642818
1.42, 1633924
1.42, 1628342
1.42, 1623764
1.42, 1623204
1.42, 1623196
1.42, 1622099
1.42, 1617835
1.42, 1617539
1.42, 1611412
1.42, 1602893
1.42, 1599750
1.42, 1599521
1.42, 1594626
1.42, 1591881
1.42, 1585934
1.47, 1585025
1.48, 1582968
1.48, 1581302
1.48, 1577727
1.48, 1577170
1.48, 1571766
1.48, 1561673
1.48, 1554515
1.48, 1551874
1.51, 1545638
1.51, 1539000
1.51, 1536785
1.51, 1530894
1.51, 1517118
1.51, 1516581
1.51, 1510101
1.51, 1508839
1.51, 1507543
1.51, 1506753
1.51, 1505027
1.51, 1501560
1.51, 1486709
1.51, 1484046
1.52, 1483336
1.52, 1479830
1.58, 1473774
1.58, 1464016
1.58, 1460577
1.58, 1459936
1.58, 1454807
1.58, 1453627
1.58, 1452120
1.58, 1441672
1.58, 1439192
1.58, 1436476
1.58, 1433955
1.58, 1433654
1.58, 1433167
1.58, 1428306
1.58, 1428270
1.58, 1425434
1.58, 1425362
1.58, 1424191
1.58, 1423781
1.58, 1416836
1.58, 1413481
1.58, 1412441
1.58, 1411020
1.58, 1410735
1.58, 1409591
1.58, 1402144
1.58, 1399205
1.58, 1398049
1.58, 1393333
1.58, 1393045
1.58, 1387621
1.58, 1386706
1.58, 1386544
1.58, 1383344
1.58, 1377602
1.58, 1375630
1.58, 1375257
1.58, 1372532
1.58, 1372530
1.58, 1370846
1.64, 1369891
1.65, 1368086
1.65, 1364655
1.65, 1363057
1.65, 1355663
1.65, 1355192
1.65, 1353167
1.65, 1352510
1.65, 1348367
1.65, 1343100
1.65, 1342439
1.65, 1340368
1.65, 1339581
1.65, 1338111
1.65, 1325199
1.65, 1319903
1.65, 1319655
1.65, 1318888
1.65, 1318480
1.65, 1312169
1.65, 1306504
1.65, 1304263
1.65, 1302315
1.65, 1300487
1.65, 1285072
1.65, 1282152
1.65, 1282069
1.65, 1279711
1.71, 1275385
1.71, 1275380
1.71, 1271341
1.71, 1270006
1.71, 1266484
1.71, 1265361
1.71, 1262227
1.71, 1258847
1.71, 1258028
1.71, 1257280
1.76, 1256541
1.76, 1256508
1.76, 1254089
1.76, 1247248
1.76, 1246753
1.77, 1243581
1.78, 1242376
1.78, 1242082
1.78, 1232686
1.78, 1229215
1.78, 1227241
1.78, 1224900
1.78, 1219142
1.78, 1213685
1.78, 1212370
1.78, 1207978
1.79, 1205136
1.79, 1204317
1.79, 1203127
1.79, 1200823
1.79, 1197119
1.83, 1196592
1.83, 1193279
1.83, 1190609
1.83, 1190599
1.83, 1189731
1.83, 1183197
1.83, 1182243
1.83, 1176071
1.83, 1175483
1.83, 1173238
1.83, 1169581
1.83, 1165885
1.83, 1160658
1.83, 1159906
1.83, 1159492
1.83, 1156286
1.87, 1154837
1.87, 1151974
1.87, 1151303
1.87, 1145254
1.87, 1144997
1.87, 1144990
1.87, 1140830
1.87, 1138127
1.87, 1136687
1.87, 1136597
1.89, 1134026
1.89, 1131696
1.89, 1126936
1.89, 1124833
1.89, 1121622
1.89, 1121213
1.89, 1121161
1.89, 1118528
1.89, 1118501
1.89, 1117161
1.89, 1115918
1.89, 1109877
1.89, 1101608
1.89, 1100778
1.90, 1099986
1.90, 1098874
1.90, 1093296
1.90, 1093076
1.90, 1086265
1.90, 1081840
1.90, 1080920
1.93, 1080079
1.93, 1078075
1.93, 1076535
1.93, 1075460
1.93, 1070702
1.93, 1069291
1.93, 1069063
1.93, 1066901
1.93, 1065684
1.93, 1063342
1.93, 1062970
1.93, 1061694
1.93, 1060872
1.93, 1060826
1.93, 1060754
1.93, 1060667
1.93, 1059552
1.93, 1055853
1.93, 1053234
1.93, 1052344
1.93, 1051969
1.93, 1049103
1.93, 1048908
1.94, 1048030
1.94, 1046711
1.94, 1039676
1.94, 1037392
1.94, 1036672
1.94, 1036029
1.95, 1035165
1.95, 1034056
1.96, 1031292
1.97, 1026374
1.97, 1026367
1.97, 1026148
1.97, 1022027
1.97, 1019474
1.97, 1016580
1.97, 1014743
1.97, 1012591
2.00, 1012459
2.00, 1011471
2.01, 1010829
2.01, 1009958
2.01, 1009891
2.01, 1007756
2.01, 1007250
2.01, 1007133
2.01, 1007099
2.01, 1005496
2.01, 1003954
2.01, 1003608
2.01, 1002854
2.01, 1002803
2.01, 999863
2.01, 999127
2.01, 998876
2.05, 995822
2.05, 995422
2.05, 992138
2.05, 990700
2.05, 988745
2.05, 986900
2.05, 985848
2.05, 980302
2.05, 979593
2.05, 978613
2.05, 978545
2.05, 978277
2.05, 974181
2.05, 973307
2.05, 968418
2.05, 967091
2.05, 965800
2.05, 964492
2.07, 963113
2.07, 962556
2.07, 959315
2.07, 959093
2.07, 958188
2.07, 955491
2.08, 955177
2.08, 955077
2.08, 946646
2.08, 946384
2.08, 942507
2.08, 935577
2.13, 934224
2.14, 933187
2.14, 933154
2.14, 932884
2.14, 930638
2.14, 929559
2.14, 929280
2.14, 926735
2.14, 924501
2.14, 922529
2.14, 921867
2.14, 920042
2.14, 917376
2.14, 914838
2.14, 914440
2.14, 914323
2.14, 912175
2.14, 911441
2.14, 910171
2.14, 906912
2.14, 905226
2.14, 903261
2.14, 900724
2.15, 900683
2.16, 898284
2.16, 895417
2.16, 894840
2.16, 893584
2.16, 892405
2.16, 891315
2.16, 891000
2.16, 890702
2.16, 889115
2.16, 886964
2.16, 885938
2.16, 879604
2.16, 878831
2.16, 878304
2.16, 878292
2.16, 877260
2.16, 877073
2.16, 875952
2.16, 874447
2.16, 874430
2.16, 872681
2.16, 870596
2.19, 868029
2.19, 867468
2.19, 866832
2.19, 866046
2.19, 866024
2.19, 865948
2.19, 865374
2.19, 861419
2.19, 861110
2.19, 859678
2.19, 858426
2.19, 857900
2.19, 856685
2.19, 855405
2.19, 854197
2.19, 854011
2.19, 852261
2.19, 849995
2.19, 848230
2.19, 847466
2.19, 846836
2.24, 846104
2.24, 844486
2.24, 844437
2.28, 842560
2.28, 839614
2.28, 839173
2.28, 838492
2.33, 836732
2.33, 836707
2.33, 835412
2.33, 833039
2.33, 832949
2.34, 831978
2.34, 831935
2.34, 831639
2.34, 830630
2.34, 830183
2.34, 829166
2.38, 829075
2.39, 827040
2.39, 825962
2.39, 825399
2.39, 824042
2.39, 822372
2.39, 820751
2.39, 820545
2.39, 819182
2.39, 818272
2.39, 815030
2.39, 811390
2.39, 811249
2.41, 810550
2.41, 810122
2.41, 809920
2.41, 809539
2.41, 809414
2.42, 806818
2.42, 802389
2.42, 800147
2.42, 800089
2.42, 799873
2.42, 799815
2.42, 798779
2.47, 798004
2.47, 796578
2.49, 795434
2.49, 791772
2.49, 791343
2.49, 790418
2.49, 790209
2.49, 789928
2.49, 789330
2.49, 789062
2.49, 786217
2.49, 786119
2.49, 785603
2.49, 785241
2.50, 784479
2.50, 783645
2.50, 782476
2.50, 782233
2.50, 781807
2.50, 780824
2.50, 780732
2.50, 779388
2.51, 779111
2.51, 777999
2.51, 767670
2.54, 765408
2.54, 764197
2.54, 764008
2.55, 763885
2.55, 763359
2.55, 763276
2.55, 762434
2.61, 762329
2.61, 762188
2.61, 760747
2.62, 760472
2.62, 759921
2.62, 759848
2.62, 759189
2.62, 758017
2.62, 757219
2.62, 755885
2.62, 755373
2.62, 754550
2.62, 754439
2.62, 753929
2.62, 753575
2.62, 752879
2.62, 752165
2.62, 751341
2.63, 750583
2.68, 750491
2.69, 750178
2.69, 750084
2.69, 749788
2.69, 749313
2.69, 747386
2.70, 746609
2.70, 746245
2.70, 746120
2.70, 746112
2.70, 742649
2.70, 742232
2.70, 741933
2.71, 740850
2.71, 740809
2.71, 740751
2.71, 740419
2.71, 740368
2.71, 739263
2.71, 739145
2.74, 739053
2.74, 738220
2.74, 737605
2.74, 737210
2.74, 735190
2.74, 734678
2.74, 734675
2.75, 734224
2.75, 733372
2.75, 732885
2.75, 732388
2.75, 732126
2.75, 731687
2.75, 730950
2.76, 730818
2.76, 730462
2.76, 728780
2.76, 728057
2.76, 727658
2.76, 726680
2.76, 726676
2.76, 726654
2.79, 725546
2.79, 725458
2.79, 724233
2.82, 724135
2.83, 723813
2.84, 721470
2.84, 721102
2.84, 720493
2.84, 719854
2.84, 719746
2.84, 718511
2.85, 717760
2.85, 717689
2.85, 717526
2.85, 717372
2.85, 715982
2.85, 715483
2.85, 715052
2.85, 714848
2.85, 713978
2.85, 713922
2.86, 713489
2.86, 712296
2.86, 712289
2.86, 712046
2.86, 711943
2.86, 711542
2.87, 711485
2.87, 711194
2.87, 710796
2.87, 709957
2.87, 709110
2.87, 708895
2.87, 708425
2.88, 708221
2.88, 707347
2.88, 705011
2.88, 704994
2.88, 704212
2.88, 703297
2.89, 702901
2.89, 702869
2.89, 702704
2.89, 702432
2.89, 701900
2.89, 701878
2.89, 701533
2.98, 700434
2.98, 700354
2.98, 699320
2.98, 698973
2.98, 698588
2.98, 698157
2.98, 696433
2.99, 696399
2.99, 696337
2.99, 695644
2.99, 695524
2.99, 695183
3.00, 694882
3.00, 694114
3.00, 693474
3.00, 693178
3.00, 692053
3.01, 692033
3.01, 691809
3.02, 691790
3.02, 691050
3.02, 690864
3.02, 690769
3.03, 690504
3.03, 690482
3.03, 690366
3.03, 690287
3.03, 690165
3.03, 689764
3.03, 689759
3.03, 689756
3.03, 689690
3.08, 689652
3.09, 689443
3.09, 689294
3.09, 688739
3.09, 688632
3.09, 688460
3.12, 688356
3.12, 688287
3.12, 687948
3.12, 687607
3.12, 687410
3.14, 686880
3.14, 686860
3.16, 686354
3.16, 685370
3.17, 685218
3.17, 684996
3.17, 684358
3.17, 684300
3.17, 684098
3.17, 683459
3.17, 682924
3.17, 682485
3.17, 682346
3.22, 682056
3.22, 681703
3.22, 681452
3.22, 681437
3.22, 680744
3.24, 680733
3.24, 680433
3.24, 679357
3.24, 678611
3.25, 678555
3.25, 678375
3.25, 678084
3.35, 677939
3.35, 677773
3.35, 677322
3.36, 677153
3.36, 676310
3.36, 676191
3.37, 675575
3.37, 675410
3.37, 675241
3.37, 675121
3.38, 674554
3.38, 674443
3.38, 674386
3.38, 674044
3.38, 674041
3.39, 673583
3.39, 673037
3.39, 673017
3.40, 672951
3.40, 672929
3.40, 672767
3.40, 672711
3.41, 672351
3.42, 672263
3.44, 672087
3.45, 671569
3.46, 671388
3.46, 671223
3.46, 671057
3.46, 670840
3.47, 670657
3.48, 670479
3.50, 670385
3.51, 670325
3.51, 670043
3.51, 668779
3.52, 668654
3.54, 668631
3.54, 667524
3.54, 667494
3.97, 667458
3.99, 667257
4.02, 667123
4.03, 667063
4.09, 667031
4.09, 666967
6.76, 666713
6.91, 666414
6.92, 666401
6.93, 666356
6.93, 666185
6.93, 665998
6.94, 665986
6.94, 665958
6.94, 665773
6.95, 665725
6.95, 665629
6.95, 664952
6.95, 664695
6.95, 664670
7.04, 664645
7.05, 664617
7.10, 664170
7.10, 663794
7.11, 663197
7.11, 663185
7.18, 663109
7.25, 662876
7.26, 662264
7.26, 662157
7.39, 662065
7.42, 661927
7.45, 661915
7.46, 661893
