0.01, 7301766
0.01, 7296667
0.01, 7293902
0.01, 7258275
0.01, 7240044
0.01, 7229808
0.01, 7179384
0.01, 7166598
0.01, 7165148
0.01, 7165032
0.01, 7161530
0.01, 7160241
0.01, 7134188
0.01, 7132574
0.01, 7130666
0.01, 7113924
0.01, 7107580
0.01, 7105467
0.01, 7097131
0.01, 7090093
0.01, 6955845
0.01, 6938611
0.01, 6931665
0.01, 6926492
0.01, 6872522
0.01, 6868102
0.01, 6833659
0.01, 6827574
0.01, 6827544
0.01, 6826231
0.01, 6826159
0.01, 6825971
0.01, 6813450
0.01, 6812882
0.01, 6811506
0.01, 6808043
0.01, 6798436
0.01, 6789285
0.01, 6780650
0.01, 6768089
0.01, 6759717
0.01, 6758185
0.01, 6733889
0.01, 6733280
0.01, 6715447
0.01, 6712940
0.01, 6709357
0.01, 6667908
0.01, 6650537
0.01, 6649008
0.01, 6632700
0.01, 6629386
0.01, 6590552
0.01, 6519358
0.01, 6500877
0.01, 6471320
0.01, 6471089
0.01, 6464915
0.01, 6437489
0.01, 6437439
0.01, 6437300
0.01, 6416027
0.01, 6392235
0.01, 6391440
0.01, 6380435
0.01, 6375465
0.01, 6369014
0.01, 6362118
0.01, 6291294
0.01, 6283911
0.01, 6283718
0.01, 6250953
0.01, 6249041
0.01, 6237673
0.01, 6237500
0.01, 6231809
0.01, 6231493
0.01, 6231398
0.01, 6229552
0.01, 6225036
0.01, 6207652
0.01, 6207476
0.01, 6206701
0.01, 6199620
0.01, 6155472
0.01, 6142675
0.01, 6142550
0.01, 6134241
0.01, 6132643
0.01, 6132326
0.01, 6129494
0.01, 6121977
0.01, 6117274
0.01, 6109070
0.01, 6107933
0.01, 6097705
0.01, 6077439
0.01, 6074642
0.01, 6066005
0.01, 6037861
0.01, 5990668
0.01, 5964134
0.01, 5959264
0.01, 5954835
0.01, 5938186
0.01, 5927182
0.01, 5909222
0.01, 5822263
0.01, 5797164
0.01, 5746771
0.01, 5744463
0.01, 5733479
0.01, 5732687
0.01, 5686029
0.01, 5643253
0.01, 5642393
0.01, 5640763
0.01, 5640218
0.01, 5630882
0.01, 5624826
0.02, 5605300
0.02, 5583486
0.02, 5582702
0.02, 5571856
0.02, 5558965
0.02, 5552695
0.02, 5523380
0.02, 5501723
0.02, 5494175
0.02, 5479453
0.02, 5478583
0.02, 5445548
0.02, 5432809
0.04, 5426312
0.04, 5425227
0.04, 5415522
0.05, 5399725
0.05, 5392938
0.05, 5373564
0.05, 5363476
0.05, 5361249
0.05, 5355818
0.05, 5347976
0.05, 5267099
0.06, 5262426
0.07, 5220273
0.07, 5208571
0.07, 5206159
0.07, 5188476
0.08, 5140939
0.08, 5140199
0.08, 5140148
0.08, 5135052
0.11, 5116655
0.11, 5115810
0.11, 5115587
0.13, 5099287
0.13, 5083721
0.13, 5072382
0.13, 5071799
0.13, 5063343
0.13, 5060348
0.13, 5055812
0.13, 5025083
0.13, 5015258
0.13, 5003522
0.13, 4999848
0.13, 4994641
0.13, 4991989
0.13, 4987831
0.13, 4971637
0.19, 4889598
0.19, 4887602
0.19, 4884230
0.19, 4869436
0.19, 4827446
0.19, 4815351
0.19, 4803901
0.19, 4773962
0.19, 4772330
0.19, 4768119
0.19, 4763189
0.19, 4751742
0.19, 4748465
0.24, 4723596
0.24, 4721621
0.27, 4692924
0.27, 4685198
0.27, 4678087
0.27, 4660594
0.34, 4565905
0.34, 4561478
0.34, 4559580
0.34, 4551394
0.34, 4547502
0.34, 4523930
0.34, 4503560
0.34, 4495936
0.34, 4492874
0.34, 4484356
0.34, 4478126
0.37, 4471909
0.37, 4464788
0.37, 4446163
0.37, 4388734
0.37, 4385595
0.37, 4361828
0.37, 4351391
0.37, 4315021
0.37, 4276324
0.37, 4265211
0.40, 4245534
0.44, 4205301
0.44, 4157126
0.44, 4148953
0.44, 4148047
0.44, 4144580
0.44, 4141254
0.44, 4134936
0.44, 4104401
0.47, 4095099
0.47, 4071119
0.47, 4017172
0.47, 4010019
0.47, 4007193
0.47, 3991920
0.47, 3972724
0.53, 3966893
0.53, 3951483
0.53, 3949101
0.54, 3945231
0.54, 3938807
0.54, 3934065
0.54, 3869079
0.54, 3867620
0.54, 3865125
0.54, 3861185
0.54, 3852838
0.57, 3841251
0.57, 3838786
0.57, 3836889
0.57, 3835947
0.59, 3821040
0.59, 3800201
0.59, 3797389
0.59, 3784130
0.59, 3771175
0.59, 3750259
0.62, 3749531
0.62, 3748389
0.62, 3736362
0.62, 3721885
0.62, 3721841
0.62, 3721495
0.62, 3711883
0.62, 3683896
0.62, 3680467
0.62, 3634298
0.62, 3629158
0.64, 3611327
0.65, 3596434
0.65, 3573773
0.65, 3573546
0.65, 3571287
0.65, 3570348
0.65, 3562773
0.65, 3561322
0.65, 3558929
0.65, 3557844
0.65, 3553057
0.65, 3546576
0.65, 3544075
0.65, 3513631
0.65, 3513190
0.65, 3497926
0.65, 3475902
0.65, 3465011
0.65, 3464798
0.65, 3461316
0.65, 3449082
0.65, 3412415
0.65, 3410098
0.65, 3405552
0.65, 3390794
0.65, 3361416
0.65, 3358654
0.65, 3349388
0.65, 3347267
0.65, 3346089
0.65, 3343158
0.65, 3336261
0.65, 3320364
0.65, 3312818
0.65, 3309681
0.65, 3291044
0.65, 3289866
0.65, 3287401
0.65, 3269909
0.65, 3259562
0.65, 3221779
0.76, 3201321
0.76, 3201254
0.76, 3194915
0.76, 3191157
0.76, 3191091
0.76, 3190066
0.76, 3179645
0.76, 3175943
0.76, 3174013
0.80, 3163296
0.80, 3160236
0.80, 3158955
0.80, 3155093
0.80, 3154734
0.80, 3154542
0.80, 3146780
0.80, 3142959
0.80, 3142948
0.81, 3131649
0.81, 3129071
0.81, 3127111
0.81, 3106248
0.81, 3097953
0.81, 3096784
0.81, 3093160
0.81, 3073133
0.81, 3066622
0.81, 3057817
0.85, 3053141
0.85, 3052977
0.85, 3026908
0.85, 3026545
0.85, 3010468
0.85, 3007054
0.85, 2999990
0.85, 2991890
0.85, 2991154
0.85, 2972180
0.85, 2938891
0.85, 2934344
0.85, 2917597
0.85, 2911683
0.85, 2902338
0.85, 2900554
0.85, 2898775
0.85, 2897773
0.85, 2895400
0.85, 2889283
0.85, 2885538
0.85, 2880946
0.85, 2877884
0.85, 2842812
0.85, 2842526
0.85, 2834677
0.85, 2834061
0.88, 2829864
0.88, 2829220
0.88, 2823958
0.88, 2821313
0.88, 2816066
0.88, 2811224
0.89, 2801152
0.89, 2791171
0.89, 2790959
0.89, 2784003
0.89, 2783519
0.89, 2781833
0.89, 2754557
0.89, 2752786
0.89, 2750856
0.89, 2744238
0.89, 2738587
0.95, 2732881
0.95, 2732454
0.95, 2732183
0.95, 2708836
0.95, 2708648
0.95, 2708515
0.95, 2707231
0.95, 2706924
0.95, 2705508
0.95, 2699254
0.95, 2698613
0.95, 2697007
0.95, 2696269
0.95, 2691305
0.95, 2677476
0.95, 2677360
0.95, 2669036
0.95, 2668281
0.95, 2667252
0.95, 2666465
0.95, 2664501
0.95, 2663824
0.95, 2662045
0.95, 2655155
0.95, 2653162
0.95, 2648172
0.95, 2642388
0.95, 2634781
0.95, 2634420
0.95, 2633362
0.95, 2626385
0.95, 2625028
0.95, 2622890
0.96, 2581924
0.96, 2580982
0.96, 2563238
0.96, 2561589
0.96, 2556913
0.96, 2554115
0.96, 2540539
0.96, 2540524
0.96, 2521884
0.96, 2516131
0.96, 2506445
0.96, 2503045
0.96, 2500938
0.96, 2492102
0.96, 2490743
0.96, 2487399
0.96, 2475305
0.96, 2471515
0.96, 2466864
0.96, 2459438
0.96, 2456261
0.96, 2448377
0.96, 2432907
0.96, 2425707
0.96, 2416421
0.96, 2415273
0.96, 2413262
0.96, 2413187
0.96, 2401163
0.96, 2399561
0.96, 2390167
0.96, 2386641
0.96, 2382510
0.96, 2373438
0.96, 2365909
0.96, 2365093
0.96, 2358129
0.96, 2357895
0.96, 2353355
1.06, 2351217
1.06, 2351024
1.06, 2347702
1.06, 2347203
1.06, 2336681
1.06, 2333590
1.06, 2333253
1.06, 2330424
1.06, 2328568
1.06, 2328567
1.06, 2324389
1.06, 2319163
1.06, 2318883
1.06, 2316812
1.06, 2315224
1.06, 2307744
1.06, 2307521
1.06, 2306650
1.06, 2306581
1.06, 2270331
1.06, 2270194
1.06, 2268222
1.06, 2262133
1.06, 2251311
1.06, 2250474
1.06, 2249638
1.06, 2243804
1.06, 2233133
1.06, 2224802
1.06, 2218370
1.06, 2212346
1.06, 2211300
1.06, 2205922
1.06, 2199866
1.06, 2184793
1.06, 2173624
1.06, 2168296
1.06, 2165695
1.07, 2164530
1.07, 2158612
1.07, 2153645
1.07, 2147001
1.07, 2144882
1.07, 2141433
1.07, 2130448
1.07, 2130123
1.07, 2125843
1.07, 2118536
1.07, 2118127
1.07, 2116617
1.07, 2105852
1.07, 2100983
1.07, 2097498
1.14, 2094698
1.14, 2090133
1.14, 2070802
1.14, 2069255
1.14, 2063616
1.14, 2057709
1.14, 2053925
1.14, 2053652
1.14, 2045946
1.14, 2044914
1.14, 2040570
1.14, 2040216
1.14, 2038651
1.14, 2032522
1.14, 2018393
1.14, 2015015
1.14, 2013587
1.14, 2006027
1.14, 2001742
1.14, 1994604
1.14, 1993799
1.14, 1987166
1.14, 1978241
1.14, 1972110
1.27, 1955899
1.27, 1950656
1.27, 1948717
1.27, 1927946
1.27, 1926960
1.27, 1921979
1.27, 1921638
1.27, 1917720
1.27, 1915344
1.27, 1915264
1.27, 1913540
1.27, 1909376
1.27, 1908958
1.27, 1901226
1.27, 1899272
1.27, 1898622
1.29, 1898388
1.30, 1893964
1.30, 1893544
1.30, 1886696
1.30, 1878400
1.30, 1874385
1.30, 1873427
1.30, 1871374
1.30, 1870119
1.30, 1863462
1.30, 1863417
1.30, 1856444
1.30, 1853930
1.30, 1844409
1.30, 1841332
1.30, 1839305
1.30, 1833486
1.30, 1831476
1.30, 1830929
1.30, 1826568
1.30, 1808586
1.30, 1805334
1.30, 1801857
1.30, 1800239
1.30, 1796953
1.30, 1767211
1.30, 1765079
1.30, 1764416
1.30, 1761071
1.30, 1757603
1.30, 1757566
1.30, 1755834
1.30, 1752385
1.30, 1744340
1.30, 1743781
1.33, 1741849
1.33, 1741673
1.33, 1739892
1.33, 1732706
1.33, 1725089
1.33, 1721652
1.33, 1721177
1.33, 1720455
1.33, 1716709
1.33, 1711578
1.33, 1705042
1.33, 1700128
1.33, 1698635
1.33, 1690347
1.33, 1689554
1.33, 1685781
1.33, 1684364
1.34, 1679066
1.34, 1669893
1.34, 1669035
1.34, 1668352
1.34, 1659108
1.34, 1658982
1.34, 1654842
1.40, 1648357
1.40, 1647523
1.40, 1641691
1.41, 1638617
1.41, 1633418
1.41, 1633077
1.41, 1631937
1.41, 1628187
1.41, 1625894
1.41, 1625682
1.41, 1625567
1.41, 1620173
1.41, 1619998
1.41, 1613427
1.45, 1608593
1.45, 1605228
1.45, 1602656
1.46, 1601564
1.46, 1592424
1.46, 1589627
1.46, 1579912
1.47, 1577848
1.47, 1575225
1.47, 1569639
1.50, 1565529
1.50, 1565410
1.50, 1560738
1.50, 1556439
1.50, 1555283
1.50, 1547991
1.50, 1547397
1.50, 1543936
1.50, 1525424
1.50, 1525419
1.50, 1523626
1.50, 1519583
1.50, 1519154
1.50, 1518153
1.50, 1517531
1.50, 1516346
1.51, 1514617
1.51, 1514028
1.54, 1513734
1.54, 1511958
1.54, 1505976
1.54, 1500204
1.54, 1500103
1.54, 1498321
1.54, 1495003
1.54, 1494572
1.55, 1490899
1.55, 1485488
1.55, 1481930
1.55, 1481867
1.55, 1480034
1.55, 1479426
1.55, 1476160
1.55, 1473279
1.55, 1472520
1.55, 1469481
1.56, 1468860
1.56, 1464494
1.56, 1463895
1.56, 1463626
1.56, 1463409
1.56, 1462078
1.56, 1459898
1.56, 1457337
1.56, 1456792
1.56, 1448814
1.56, 1445268
1.56, 1443921
1.56, 1442621
1.56, 1441018
1.56, 1438385
1.56, 1438327
1.56, 1438039
1.60, 1436186
1.60, 1436139
1.60, 1430935
1.60, 1425975
1.61, 1420215
1.61, 1419590
1.61, 1415752
1.61, 1411214
1.61, 1408239
1.61, 1408053
1.61, 1399487
1.61, 1389497
1.61, 1386474
1.61, 1383535
1.61, 1379740
1.61, 1369787
1.61, 1369755
1.62, 1369138
1.62, 1366403
1.62, 1360240
1.62, 1349936
1.62, 1348645
1.62, 1346236
1.62, 1343342
1.62, 1342940
1.63, 1338994
1.63, 1337846
1.63, 1336302
1.63, 1335474
1.63, 1334091
1.63, 1332095
1.63, 1331561
1.63, 1329791
1.65, 1329767
1.65, 1327102
1.65, 1326877
1.65, 1326876
1.65, 1324275
1.65, 1321741
1.65, 1320879
1.65, 1316286
1.65, 1314467
1.65, 1312282
1.65, 1308079
1.65, 1307279
1.65, 1305748
1.65, 1303102
1.66, 1300689
1.68, 1297109
1.68, 1291642
1.68, 1291107
1.68, 1287891
1.68, 1287496
1.69, 1287061
1.69, 1283876
1.69, 1282827
1.69, 1268090
1.69, 1266384
1.69, 1265267
1.69, 1263661
1.69, 1257129
1.69, 1256924
1.69, 1254631
1.69, 1252936
1.69, 1252083
1.69, 1248995
1.69, 1247099
1.71, 1243123
1.71, 1238857
1.71, 1238594
1.71, 1238485
1.71, 1238392
1.71, 1237239
1.71, 1234615
1.71, 1230077
1.71, 1229386
1.75, 1219430
1.75, 1218451
1.75, 1216832
1.75, 1216730
1.80, 1216550
1.80, 1214949
1.80, 1211734
1.80, 1208541
1.80, 1205332
1.80, 1202959
1.80, 1202496
1.81, 1202419
1.81, 1202135
1.81, 1197328
1.81, 1195187
1.81, 1193890
1.81, 1193669
1.81, 1192382
1.81, 1188140
1.81, 1183081
1.81, 1182113
1.81, 1181707
1.82, 1181084
1.82, 1180671
1.82, 1176738
1.82, 1174122
1.82, 1172908
1.82, 1169016
1.82, 1165385
1.82, 1163929
1.82, 1157965
1.82, 1151678
1.83, 1151522
1.83, 1146296
1.83, 1145593
1.83, 1145573
1.83, 1144178
1.83, 1140862
1.83, 1140805
1.83, 1139070
1.83, 1138814
1.83, 1134947
1.83, 1134848
1.83, 1134628
1.83, 1132015
1.83, 1131516
1.83, 1123892
1.83, 1123361
1.83, 1121764
1.84, 1120376
1.84, 1116263
1.84, 1113281
1.91, 1112487
1.91, 1111077
1.91, 1107310
1.91, 1106587
1.91, 1104270
1.91, 1102528
1.91, 1100860
1.91, 1100614
1.91, 1100098
1.91, 1099073
1.91, 1096883
1.91, 1092510
1.91, 1091484
1.93, 1090696
1.93, 1090106
1.93, 1089594
1.93, 1087490
1.97, 1084432
1.97, 1080137
1.97, 1077859
1.97, 1075558
1.97, 1074983
1.97, 1074561
1.98, 1074067
1.98, 1067507
1.98, 1066749
1.98, 1066193
1.98, 1066018
1.98, 1062046
1.98, 1059985
1.98, 1059759
1.98, 1056480
1.98, 1056237
1.98, 1054697
1.98, 1054177
1.98, 1051731
1.98, 1048436
1.98, 1048181
1.99, 1044877
1.99, 1044320
1.99, 1043258
1.99, 1042864
1.99, 1042808
1.99, 1041495
1.99, 1039124
1.99, 1038614
1.99, 1037652
1.99, 1035450
1.99, 1033898
1.99, 1033556
1.99, 1032989
2.01, 1032502
2.01, 1031373
2.01, 1030668
2.01, 1030362
2.01, 1029281
2.02, 1028220
2.02, 1027833
2.02, 1024644
2.02, 1024184
2.02, 1023796
2.02, 1023785
2.02, 1021650
2.02, 1021624
2.02, 1021180
2.02, 1021155
2.02, 1013938
2.02, 1013806
2.03, 1012000
2.03, 1010443
2.03, 1005041
2.03, 1004330
2.03, 1002633
2.03, 999353
2.06, 997113
2.06, 996920
2.06, 996898
2.06, 995996
2.06, 993117
2.06, 993031
2.06, 990754
2.06, 990169
2.09, 985909
2.09, 981567
2.09, 980123
2.09, 979724
2.09, 979381
2.09, 979133
2.09, 978870
2.09, 973438
2.09, 972425
2.09, 972105
2.09, 971851
2.09, 970007
2.10, 969372
2.10, 967546
2.10, 967375
2.12, 960131
2.12, 960049
2.12, 959765
2.12, 958299
2.12, 955863
2.12, 955860
2.12, 955467
2.12, 954241
2.12, 950189
2.12, 950076
2.12, 947864
2.12, 947615
2.12, 944539
2.12, 940889
2.12, 940215
2.12, 940065
2.12, 939482
2.12, 933343
2.12, 932640
2.12, 931647
2.12, 931451
2.12, 931229
2.12, 930948
2.12, 929689
2.12, 929071
2.12, 927969
2.12, 925743
2.12, 924384
2.12, 922830
2.12, 922793
2.12, 922344
2.12, 921452
2.12, 919513
2.12, 919486
2.12, 916267
2.12, 916124
2.12, 916004
2.12, 915909
2.12, 915738
2.12, 914040
2.12, 910986
2.12, 910429
2.12, 909896
2.13, 909081
2.13, 908439
2.16, 907992
2.16, 907486
2.16, 906593
2.16, 904590
2.17, 903701
2.17, 902550
2.17, 900849
2.17, 900041
2.17, 898449
2.17, 897156
2.17, 894909
2.18, 894687
2.19, 893339
2.19, 893068
2.19, 890319
2.19, 887104
2.19, 886402
2.19, 883445
2.19, 882771
2.19, 881696
2.19, 880390
2.19, 879907
2.19, 879103
2.19, 876256
2.19, 875487
2.19, 875251
2.19, 873633
2.19, 872632
2.19, 870630
2.19, 870458
2.19, 869607
2.19, 867067
2.19, 866802
2.19, 866498
2.19, 866276
2.19, 865280
2.19, 864406
2.19, 863782
2.19, 863191
2.19, 862281
2.32, 861484
2.32, 861380
2.32, 858341
2.32, 855558
2.32, 853428
2.32, 852386
2.32, 852113
2.32, 851595
2.32, 848864
2.32, 846574
2.32, 846135
2.32, 844100
2.32, 843886
2.35, 843561
2.35, 843160
2.35, 839082
2.35, 838727
2.35, 838660
2.35, 837353
2.35, 836338
2.35, 835769
2.35, 835414
2.35, 835312
2.35, 834623
2.35, 831608
2.36, 829399
2.37, 829303
2.37, 827995
2.37, 826885
2.37, 824359
2.37, 822539
2.37, 821772
2.37, 821490
2.37, 820639
2.37, 818951
2.38, 816044
2.39, 815779
2.39, 815436
2.39, 815195
2.39, 814397
2.39, 813615
2.39, 813206
2.39, 813054
2.39, 811931
2.40, 810522
2.40, 810241
2.40, 809163
2.40, 808681
2.42, 805795
2.42, 805130
2.42, 804583
2.42, 802791
2.50, 801946
2.50, 800141
2.50, 798496
2.50, 795346
2.50, 793990
2.50, 792900
2.50, 792478
2.50, 792345
2.50, 789936
2.50, 789229
2.50, 788095
2.50, 787742
2.50, 781720
2.50, 780964
2.52, 780600
2.54, 780486
2.54, 778787
2.54, 778672
2.54, 778139
2.54, 776261
2.54, 776201
2.54, 775049
2.54, 774766
2.54, 774662
2.54, 774496
2.54, 774472
2.54, 773065
2.55, 771846
2.55, 771707
2.55, 771364
2.55, 769080
2.60, 767627
2.60, 767339
2.60, 766414
2.60, 765386
2.60, 765356
2.60, 764134
2.62, 763802
2.62, 763774
2.62, 763773
2.62, 763765
2.62, 761094
2.62, 758982
2.62, 758092
2.62, 756936
2.62, 756773
2.62, 755911
2.62, 755390
2.64, 755179
2.64, 754564
2.64, 754477
2.64, 754027
2.64, 752560
2.64, 751268
2.64, 749674
2.65, 749112
2.65, 747346
2.65, 746722
2.66, 746067
2.66, 745518
2.66, 744698
2.66, 742177
2.66, 741639
2.66, 741402
2.66, 740880
2.66, 739574
2.66, 738484
2.66, 736401
2.66, 736321
2.68, 734579
2.68, 732819
2.69, 732769
2.69, 731387
2.69, 729859
2.69, 729382
2.69, 728673
2.70, 728542
2.71, 727689
2.71, 726433
2.71, 726340
2.71, 726238
2.71, 725452
2.71, 724727
2.71, 724385
2.71, 724363
2.71, 723979
2.71, 723868
2.71, 723452
2.72, 722528
2.72, 722014
2.72, 721643
2.72, 721623
2.72, 720509
2.72, 720236
2.81, 719922
2.81, 719061
2.81, 718583
2.81, 718209
2.81, 715740
2.81, 715061
2.81, 715007
2.81, 714566
2.81, 713674
2.81, 713162
2.81, 711908
2.81, 710788
2.81, 710755
2.82, 710541
2.83, 708141
2.92, 707958
2.92, 707653
2.92, 707325
2.92, 707203
2.93, 706748
2.93, 706679
2.94, 706575
2.94, 704797
2.95, 704435
2.95, 704160
2.95, 704129
2.95, 703807
2.95, 702715
2.96, 702445
2.96, 701562
2.96, 701242
2.98, 700463
2.98, 700423
2.98, 699593
2.98, 699435
2.98, 698896
2.98, 698470
2.98, 697753
2.98, 697742
2.99, 697644
2.99, 697632
3.00, 697553
3.00, 696326
3.00, 695887
3.00, 695461
3.00, 695458
3.00, 694596
3.01, 694554
3.01, 694548
3.01, 693801
3.01, 693563
3.01, 693553
3.04, 692730
3.04, 692637
3.04, 692111
3.04, 692070
3.05, 690962
3.05, 690458
3.05, 690422
3.05, 689419
3.05, 689241
3.05, 689172
3.05, 688349
3.06, 688321
3.07, 688214
3.09, 688089
3.09, 687628
3.11, 687565
3.11, 687316
3.12, 686924
3.12, 686556
3.12, 685631
3.21, 685536
3.21, 684370
3.21, 684105
3.21, 684102
3.21, 683229
3.21, 683139
3.21, 683083
3.22, 682592
3.22, 682043
3.23, 681969
3.24, 681710
3.25, 681505
3.26, 681503
3.26, 681291
3.26, 681201
3.28, 680928
3.28, 680880
3.28, 680705
3.29, 679929
3.29, 679754
3.31, 679694
3.31, 679524
3.31, 679419
3.31, 679316
3.35, 679198
3.35, 678993
3.35, 678952
3.35, 678919
3.35, 678741
3.35, 678428
3.37, 678171
3.37, 678111
3.40, 677814
3.40, 677684
3.41, 677529
3.41, 677467
3.41, 677464
3.41, 677045
3.44, 676929
3.44, 676826
3.45, 676824
3.45, 676525
3.46, 676305
3.46, 676061
3.46, 675673
3.46, 675630
3.46, 675566
3.47, 675040
3.47, 674931
3.50, 674870
3.50, 673731
3.50, 673567
3.51, 673545
3.52, 673103
3.55, 672921
3.57, 672683
3.57, 672645
3.61, 672431
3.61, 672409
3.80, 672279
3.81, 672088
3.81, 671886
3.81, 671788
3.83, 671634
3.83, 671435
3.84, 671257
3.84, 671188
3.90, 670181
3.96, 670057
6.86, 669939
6.86, 669935
6.86, 669616
6.86, 669222
6.87, 669117
6.88, 668979
6.88, 668221
6.88, 668193
6.88, 668086
6.88, 667342
6.90, 667199
6.97, 666737
6.98, 666637
6.99, 666220
6.99, 665711
6.99, 665380
6.99, 665101
7.00, 664643
7.00, 664232
7.00, 664210
7.00, 664056
7.26, 663376
7.34, 663128
7.35, 663096
7.36, 662500
7.36, 662369
7.36, 662240
7.36, 662212
7.41, 662197
7.42, 662165
7.42, 662149
7.43, 662051
7.52, 661984
7.54, 661952
7.71, 661924
7.72, 661892
7.85, 661882
7.89, 661872
7.91, 661840
8.10, 661837
8.11, 661805
8.11, 661726
13.50, 661681
13.50, 661649
16.83, 661062
16.84, 661034
16.85, 660974
16.85, 660905
16.86, 660422
17.00, 660393
