0.00,7264582
0.00,7049999
0.00,6902835
0.00,6725154
0.00,6562646
0.00,6397697
0.00,6351370
0.00,6210212
0.00,6169531
0.00,6160000
0.01,6033721
0.01,6045499
0.01,5917272
0.01,5872545
0.01,5784530
0.01,5786049
0.01,5833911
0.01,5841164
0.01,5821606
0.01,5787405
0.01,5818886
0.01,5830802
0.01,5706279
0.01,5688169
0.01,5588164
0.01,5549037
0.01,5413425
0.01,5426160
0.01,5434970
0.01,5439581
0.01,5325346
0.01,5176376
0.01,5178823
0.01,5211554
0.01,5199333
0.01,5206728
0.01,5178613
0.01,5200072
0.01,5196101
0.01,5180988
0.01,5135040
0.01,5032415
0.01,4989428
0.01,4879726
0.01,4802944
0.01,4698827
0.01,4710244
0.01,4603586
0.01,4514394
0.02,4439258
0.02,4440088
0.02,4461071
0.02,4464596
0.02,4468600
0.02,4468558
0.02,4452554
0.02,4397456
0.02,4421008
0.02,4437856
0.02,4445962
0.02,4491615
0.02,4407981
0.02,4398561
0.02,4325091
0.02,4237286
0.02,4237252
0.02,4157238
0.02,4173772
0.02,4218081
0.02,4223565
0.02,4204871
0.02,4231133
0.02,4275820
0.02,4244511
0.02,4222217
0.02,4231188
0.02,4179426
0.02,4084704
0.02,4094931
0.02,4005663
0.02,3970673
0.02,3878715
0.02,3869064
0.02,3873245
0.02,3832379
0.02,3855224
0.02,3844746
0.02,3854249
0.02,3765404
0.02,3746515
0.02,3676294
0.02,3604249
0.02,3546779
0.02,3535583
0.02,3462026
0.02,3417445
0.02,3373936
0.02,3374828
0.02,3352901
0.02,3367218
0.02,3425205
0.02,3407098
0.02,3364607
0.02,3380173
0.02,3341388
0.02,3322675
0.02,3264812
0.02,3307071
0.02,3300054
0.02,3292852
0.02,3302767
0.02,3344455
0.02,3392324
0.02,3396512
0.02,3393146
0.02,3386684
0.02,3353414
0.02,3339328
0.02,3313955
0.02,3329838
0.03,3315731
0.03,3318661
0.03,3326011
0.03,3352386
0.03,3306139
0.03,3304078
0.03,3275709
0.03,3255431
0.03,3233103
0.03,3219074
0.03,3163364
0.03,3125082
0.03,3069193
0.03,3020977
0.03,2959520
0.03,2907999
0.03,2907506
0.03,2877809
0.03,2831035
0.03,2837107
0.03,2871893
0.03,2868073
0.03,2875652
0.03,2901328
0.03,2912122
0.03,2924937
0.03,2929353
0.03,2906413
0.03,2872338
0.03,2853303
0.03,2868947
0.03,2929326
0.03,2913066
0.03,2918868
0.03,2813870
0.03,2761086
0.03,2762469
0.03,2763125
0.03,2765884
0.03,2777524
0.03,2773133
0.03,2769158
0.03,2765684
0.03,2711337
0.03,2713783
0.03,2706898
0.03,2718264
0.03,2729942
0.03,2759377
0.03,2754292
0.03,2793597
0.03,2799329
0.03,2726353
0.03,2709782
0.03,2685864
0.03,2697109
0.03,2721808
0.03,2717894
0.03,2723355
0.03,2716937
0.03,2710530
0.03,2737017
0.03,2669340
0.03,2665338
0.03,2640045
0.03,2625648
0.03,2670385
0.03,2697264
0.03,2618918
0.03,2587829
0.03,2567839
0.03,2516940
0.03,2516163
0.03,2517881
0.03,2499627
0.03,2488724
0.03,2483377
0.03,2468691
0.03,2436361
0.03,2441003
0.03,2422815
0.03,2383869
0.03,2373141
0.03,2347565
0.03,2366945
0.03,2373233
0.03,2352767
0.03,2356930
0.03,2366919
0.03,2369635
0.04,2330564
0.04,2330385
0.04,2327914
0.04,2323969
0.04,2333536
0.04,2332166
0.04,2328142
0.04,2319181
0.04,2326725
0.04,2316964
0.04,2329817
0.04,2333573
0.04,2322075
0.04,2305031
0.04,2313869
0.04,2310391
0.04,2263303
0.04,2267471
0.04,2232672
0.04,2225692
0.04,2233714
0.04,2216827
0.04,2192926
0.04,2211665
0.04,2204795
0.04,2189798
0.04,2179967
0.04,2161602
0.04,2163774
0.04,2143748
0.04,2121807
0.04,2087119
0.04,2056044
0.04,2055244
0.04,2056551
0.04,2070502
0.04,2057573
0.04,2035809
0.04,2051891
0.04,2035161
0.04,2034796
0.04,2049217
0.04,2050065
0.04,2048423
0.04,2052588
0.04,2034472
0.04,2020903
0.04,2015420
0.04,1977782
0.04,1983758
0.04,1978596
0.04,1977371
0.04,1973292
0.04,1977580
0.04,1988847
0.04,1982892
0.04,1978015
0.04,1958871
0.04,1962627
0.04,1974685
0.04,2021346
0.04,2049394
0.04,1980820
0.04,1961500
0.04,1952943
0.04,1955744
0.04,1937296
0.04,1930784
0.04,1936677
0.04,1896920
0.04,1894037
0.04,1895289
0.04,1897406
0.04,1906232
0.04,1885569
0.04,1871382
0.04,1872083
0.04,1847445
0.04,1848278
0.04,1841456
0.04,1857667
0.04,1859965
0.04,1860431
0.04,1855956
0.04,1860968
0.04,1862072
0.04,1871793
0.04,1842512
0.04,1844633
0.04,1836749
0.04,1839192
0.05,1829469
0.05,1835622
0.05,1833214
0.05,1842968
0.05,1844337
0.05,1846844
0.05,1858209
0.05,1852169
0.05,1838602
0.05,1837620
0.05,1832508
0.05,1846132
0.05,1829513
0.05,1846311
0.05,1840764
0.05,1830889
0.05,1821908
0.05,1826097
0.05,1781993
0.05,1753065
0.05,1756017
0.05,1745548
0.05,1745024
0.05,1758299
0.05,1757568
0.05,1771141
0.05,1770634
0.05,1762251
0.05,1763762
0.05,1780045
0.05,1767896
0.05,1755986
0.05,1732105
0.05,1722195
0.05,1717225
0.05,1714306
0.05,1711510
0.05,1729540
0.05,1774545
0.05,1756770
0.05,1758031
0.05,1782007
0.05,1785905
0.05,1820873
0.05,1833670
0.05,1874346
0.05,1870912
0.05,1765760
0.05,1761161
0.05,1760408
0.05,1768377
0.05,1748441
0.05,1749887
0.05,1755712
0.05,1749386
0.05,1755458
0.05,1749509
0.05,1744981
0.05,1688453
0.05,1721179
0.05,1731462
0.05,1737579
0.05,1720219
0.05,1736336
0.05,1753869
0.05,1732981
0.05,1714312
0.05,1676427
0.05,1655032
0.05,1711359
0.05,1710215
0.05,1663404
0.05,1670541
0.05,1635058
0.05,1685130
0.05,1668467
0.05,1639173
0.05,1626961
0.05,1632727
0.05,1630123
0.05,1619888
0.05,1614055
0.05,1595658
0.05,1579627
0.05,1564417
0.05,1555133
0.05,1552235
0.05,1541839
0.06,1529165
0.06,1544300
0.06,1599827
0.06,1579164
0.06,1525810
0.06,1526066
0.06,1532335
0.06,1527073
0.06,1503408
0.06,1519981
0.06,1520540
0.06,1524917
0.06,1539489
0.06,1549753
0.06,1628185
0.06,1595765
0.06,1542549
0.06,1545211
0.06,1545050
0.06,1543970
0.06,1534226
0.06,1541449
0.06,1536723
0.06,1526882
0.06,1518871
0.06,1523978
0.06,1539635
0.06,1558590
0.06,1546889
0.06,1542678
0.06,1544368
0.06,1552262
0.06,1537799
0.06,1526435
0.06,1525142
0.06,1537231
0.06,1530673
0.06,1526590
0.06,1517086
0.06,1511584
0.06,1504352
0.06,1512053
0.06,1505382
0.06,1531294
0.06,1531508
0.06,1548225
0.06,1544853
0.06,1530461
0.06,1533521
0.06,1533108
0.06,1533189
0.06,1525612
0.06,1525038
0.06,1522667
0.06,1505114
0.06,1514508
0.06,1507735
0.06,1497896
0.06,1497105
0.06,1482034
0.06,1482492
0.06,1482359
0.06,1481787
0.06,1483449
0.06,1466024
0.06,1451482
0.06,1434480
0.06,1423749
0.06,1412048
0.06,1396934
0.06,1397086
0.06,1406229
0.06,1396986
0.06,1396076
0.06,1375705
0.06,1361978
0.06,1363297
0.06,1342668
0.06,1346238
0.06,1342624
0.06,1323176
0.06,1328594
0.06,1310223
0.06,1320524
0.06,1324401
0.06,1313731
0.06,1317867
0.06,1315863
0.06,1297484
0.06,1296751
0.07,1284451
0.07,1274982
0.07,1261435
0.07,1261602
0.07,1263437
0.07,1261881
0.07,1272875
0.07,1281800
0.07,1292716
0.07,1297792
0.07,1291009
0.07,1284354
0.07,1281931
0.07,1280553
0.07,1281879
0.07,1286523
0.07,1277469
0.07,1276639
0.07,1328208
0.07,1279423
0.07,1247822
0.07,1247722
0.07,1259477
0.07,1266267
0.07,1267523
0.07,1263166
0.07,1277476
0.07,1281200
0.07,1275291
0.07,1275322
0.07,1275190
0.07,1265294
0.07,1266986
0.07,1247770
0.07,1239180
0.07,1227475
0.07,1229867
0.07,1231777
0.07,1226723
0.07,1235209
0.07,1226428
0.07,1210168
0.07,1221961
0.07,1208480
0.07,1208876
0.07,1208153
0.07,1207377
0.07,1194885
0.07,1189068
0.07,1178830
0.07,1173231
0.07,1178361
0.07,1166244
0.07,1161028
0.07,1160233
0.07,1148301
0.07,1147679
0.07,1146814
0.07,1142941
0.07,1140865
0.07,1138213
0.07,1129618
0.07,1119200
0.07,1111185
0.07,1109809
0.07,1106463
0.07,1098581
0.07,1102142
0.07,1101247
0.07,1097871
0.07,1088813
0.07,1081762
0.07,1078252
0.07,1081683
0.07,1083082
0.07,1080708
0.07,1080910
0.07,1076293
0.07,1076391
0.07,1068190
0.07,1070969
0.07,1072817
0.07,1071001
0.07,1068332
0.07,1088097
0.07,1097399
0.07,1106045
0.07,1097477
0.07,1085314
0.07,1082658
0.07,1088010
0.08,1092719
0.08,1107138
0.08,1110900
0.08,1101451
0.08,1100349
0.08,1102573
0.08,1108589
0.08,1102181
0.08,1105796
0.08,1110983
0.08,1105902
0.08,1113981
0.08,1118230
0.08,1117061
0.08,1117466
0.08,1115969
0.08,1120273
0.08,1123221
0.08,1120660
0.08,1121663
0.08,1122592
0.08,1114346
0.08,1163359
0.08,1187187
0.08,1127126
0.08,1111672
0.08,1095840
0.08,1092958
0.08,1098952
0.08,1100851
0.08,1101593
0.08,1099571
0.08,1097719
0.08,1083003
0.08,1082753
0.08,1082333
0.08,1075439
0.08,1074243
0.08,1073251
0.08,1071678
0.08,1088066
0.08,1090171
0.08,1087540
0.08,1092854
0.08,1096176
0.08,1088779
0.08,1092005
0.08,1080692
0.08,1084599
0.08,1070370
0.08,1074586
0.08,1082206
0.08,1088553
0.08,1088441
0.08,1092285
0.08,1090113
0.08,1090295
0.08,1084480
0.08,1089887
0.08,1071796
0.08,1064464
0.08,1065537
0.08,1049948
0.08,1043039
0.08,1048748
0.08,1045977
0.08,1042964
0.08,1037897
0.08,1034090
0.08,1029402
0.08,1030643
0.08,1036052
0.08,1034387
0.08,1034246
0.08,1031815
0.08,1025418
0.08,1025899
0.08,1031232
0.08,1027779
0.08,1021871
0.08,1019659
0.08,1011499
0.08,1004742
0.08,1002207
0.08,1003583
0.08,997803
0.08,991195
0.09,994305
0.09,1003095
0.09,1005848
0.09,1002140
0.09,997845
0.09,998092
0.09,997321
0.09,998285
0.09,999454
0.09,997782
0.09,994685
0.09,993091
0.09,985315
0.09,976420
0.09,972156
0.09,972255
0.09,972141
0.09,974306
0.09,978617
0.09,968784
0.09,967816
0.09,965241
0.09,967120
0.09,963980
0.09,966292
0.09,963177
0.09,961955
0.09,967228
0.09,985861
0.09,986721
0.09,986057
0.09,985854
0.09,992365
0.09,993458
0.09,1002308
0.09,998599
0.09,997827
0.09,1000317
0.09,998953
0.09,986329
0.09,985726
0.09,970821
0.09,955553
0.09,958288
0.09,957150
0.09,966428
0.09,974454
0.09,968289
0.09,982448
0.09,987087
0.09,989701
0.09,989760
0.09,990298
0.09,989051
0.09,991229
0.09,994367
0.09,1009867
0.09,1001867
0.09,1002183
0.09,1008661
0.09,995055
0.09,996625
0.09,997958
0.09,996688
0.09,987161
0.09,979125
0.09,1038062
0.09,1002364
0.09,945299
0.09,946582
0.09,947845
0.09,945136
0.09,944734
0.09,942284
0.09,945378
0.09,971566
0.09,979732
0.09,973260
0.09,968091
0.09,965556
0.09,965779
0.09,972522
0.09,981038
0.09,973409
0.09,979952
0.09,986351
0.09,986472
0.09,981151
0.09,977253
0.09,979680
0.10,972361
0.10,965670
0.10,962705
0.10,957857
0.10,964440
0.10,967221
0.10,967534
0.10,975205
0.10,974066
0.10,972432
0.10,969269
0.10,970510
0.10,964229
0.10,965614
0.10,973694
0.10,990904
0.10,1016941
0.10,1040139
0.10,963685
0.10,958724
0.10,955646
0.10,957477
0.10,948130
0.10,946193
0.10,954808
0.10,952512
0.10,954841
0.10,954703
0.10,948369
0.10,949692
0.10,947180
0.10,949202
0.10,948816
0.10,943382
0.10,935927
0.10,932093
0.10,933218
0.10,929634
0.10,924788
0.10,921983
0.10,916970
0.10,915432
0.10,910726
0.10,906088
0.10,905177
0.10,905023
0.10,906139
0.10,906646
0.10,908170
0.10,907618
0.10,907549
0.10,912387
0.10,912226
0.10,912590
0.10,909190
0.10,906015
0.10,912519
0.10,915848
0.10,924869
0.10,924006
0.10,938646
0.10,939891
0.10,940563
0.10,939996
0.10,946112
0.10,945207
0.10,941283
0.10,920115
0.10,919815
0.10,922039
0.10,912472
0.10,910511
0.10,913246
0.10,910813
0.10,923788
0.10,929412
0.10,923247
0.10,937406
0.10,942045
0.10,944659
0.10,943888
0.10,945150
0.10,949357
0.10,946187
0.10,949364
0.10,962817
0.10,956825
0.10,954076
0.10,952264
0.10,964166
0.10,961895
0.10,957720
0.11,951646
0.11,942119
0.11,934083
0.11,993020
0.11,957322
0.11,900257
0.11,899375
0.11,902007
0.11,903563
0.11,899809
0.11,897719
0.11,900094
0.11,907181
0.11,907267
0.11,907932
0.11,906263
0.11,900122
0.11,896271
0.11,895082
0.11,889857
0.11,894036
0.11,892863
0.11,889865
0.11,888902
0.11,890432
0.11,885307
0.11,884695
0.11,880530
0.11,880630
0.11,880491
0.11,878133
0.11,875515
0.11,873381
0.11,869619
0.11,874847
0.11,861417
0.11,862472
0.11,857641
0.11,858311
0.11,854704
0.11,860635
0.11,851151
0.11,847276
0.11,845058
0.11,843263
0.11,839822
0.11,842600
0.11,836567
0.11,837838
0.11,834750
0.11,832458
0.11,830688
0.11,834883
0.11,834956
0.11,831526
0.11,834049
0.11,831365
0.11,829137
0.11,826975
0.11,826879
0.11,828650
0.11,828525
0.11,824630
0.11,820271
0.11,817251
0.11,824224
0.11,824423
0.11,824444
0.11,828295
0.11,846928
0.11,847587
0.11,849638
0.11,849008
0.11,853432
0.11,852182
0.11,859804
0.11,861260
0.11,858101
0.11,862876
0.11,864171
0.11,861412
0.11,862019
0.11,863033
0.11,869476
0.11,871148
0.11,866656
0.11,865932
0.11,862400
0.11,870178
0.12,873185
0.12,876776
0.12,874098
0.12,876742
0.12,879696
0.12,881198
0.12,884873
0.12,881946
0.12,878037
0.12,884619
0.12,881145
0.12,878259
0.12,873320
0.12,872999
0.12,873709
0.12,938126
0.12,911625
0.12,878896
0.12,859502
0.12,847914
0.12,846460
0.12,847278
0.12,847495
0.12,844970
0.12,827793
0.12,829921
0.12,833266
0.12,832281
0.12,835004
0.12,828435
0.12,833868
0.12,829632
0.12,827758
0.12,838824
0.12,834593
0.12,834153
0.12,839568
0.12,838807
0.12,832751
0.12,821861
0.12,817294
0.12,814290
0.12,813966
0.12,817708
0.12,822165
0.12,819767
0.12,816154
0.12,812539
0.12,811825
0.12,813769
0.12,811913
0.12,807995
0.12,808564
0.12,815792
0.12,815484
0.12,817757
0.12,813827
0.12,812182
0.12,812772
0.12,814032
0.12,814433
0.12,814545
0.12,815091
0.12,816785
0.12,815519
0.12,815372
0.12,818135
0.12,817142
0.12,816267
0.12,814902
0.12,814191
0.12,817156
0.12,824693
0.12,825125
0.12,826450
0.12,831294
0.12,846125
0.12,844920
0.12,844152
0.12,841361
0.12,842583
0.12,845065
0.12,845107
0.12,841418
0.12,836171
0.12,837739
0.12,839656
0.13,837661
0.13,839606
0.13,842152
0.13,825430
0.13,820724
0.13,821630
0.13,820136
0.13,816226
0.13,824737
0.13,827326
0.13,830725
0.13,826407
0.13,830184
0.13,840372
0.13,841730
0.13,848053
0.13,849842
0.13,857020
0.13,856884
0.13,861733
0.13,863980
0.13,867634
0.13,863730
0.13,861846
0.13,912536
0.13,881899
0.13,845013
0.13,820180
0.13,806419
0.13,806017
0.13,800569
0.13,797398
0.13,794742
0.13,794030
0.13,791144
0.13,789056
0.13,786464
0.13,791144
0.13,791629
0.13,788087
0.13,785617
0.13,786317
0.13,785976
0.13,782967
0.13,781229
0.13,779988
0.13,777756
0.13,776601
0.13,774010
0.13,774821
0.13,771287
0.13,769156
0.13,768681
0.13,766739
0.13,764868
0.13,764989
0.13,766470
0.13,769496
0.13,770728
0.13,769220
0.13,766095
0.13,764162
0.13,763365
0.13,762465
0.13,762750
0.13,763389
0.13,762333
0.13,762916
0.13,760683
0.13,761217
0.13,766610
0.13,765976
0.13,764720
0.13,765019
0.13,762855
0.13,758642
0.13,758219
0.13,758632
0.13,758008
0.13,758002
0.13,756253
0.13,754553
0.13,752016
0.13,752292
0.13,753450
0.13,752606
0.13,750053
0.13,750012
0.13,748306
0.13,746739
0.14,745192
0.14,745377
0.14,743669
0.14,740990
0.14,739613
0.14,746770
0.14,746327
0.14,748595
0.14,738249
0.14,736911
0.14,735767
0.14,736196
0.14,734444
0.14,734089
0.14,732851
0.14,732468
0.14,731387
0.14,731241
0.14,732166
0.14,731998
0.14,730179
0.14,729552
0.14,730235
0.14,726942
0.14,725884
0.14,725253
0.14,725877
0.14,727177
0.14,729782
0.14,732203
0.14,731266
0.14,729983
0.14,727766
0.14,726146
0.14,724832
0.14,723228
0.14,721836
0.14,724240
0.14,723762
0.14,726893
0.14,730003
0.14,726537
0.14,724262
0.14,721312
0.14,720800
0.14,720629
0.14,719641
0.14,719599
0.14,718506
0.14,717887
0.14,716943
0.14,717882
0.14,721939
0.14,722146
0.14,725304
0.14,725034
0.14,724802
0.14,725752
0.14,721824
0.14,719990
0.14,716485
0.14,719300
0.14,720628
0.14,739009
0.14,725268
0.14,727573
0.14,754797
0.14,715615
0.14,724844
0.14,729066
0.14,739356
0.14,763778
0.14,759340
0.14,708125
0.14,706813
0.14,705708
0.14,705349
0.14,704589
0.14,703859
0.14,702905
0.14,702195
0.14,701502
0.14,702382
0.14,700820
0.14,700161
0.14,700463
0.14,703483
0.14,700969
0.14,702357
0.14,704527
0.14,707005
0.15,699512
0.15,698890
0.15,698210
0.15,697608
0.15,697073
0.15,696830
0.15,697670
0.15,698448
0.15,698771
0.15,701486
0.15,702366
0.15,701143
0.15,701793
0.15,702564
0.15,702684
0.15,701047
0.15,699811
0.15,700565
0.15,699125
0.15,698070
0.15,699113
0.15,702900
0.15,703690
0.15,704869
0.15,704655
0.15,713052
0.15,709651
0.15,707824
0.15,703056
0.15,702762
0.15,706787
0.15,708956
0.15,707295
0.15,707743
0.15,709392
0.15,724873
0.15,730403
0.15,724227
0.15,727158
0.15,729877
0.15,729856
0.15,730531
0.15,734805
0.15,733914
0.15,737529
0.15,733899
0.15,732354
0.15,731435
0.15,734204
0.15,735258
0.15,729028
0.15,728490
0.15,732591
0.15,722932
0.15,726612
0.15,730733
0.15,731791
0.15,730179
0.15,730445
0.15,731836
0.15,731483
0.15,732164
0.15,735751
0.15,736112
0.15,742199
0.15,744377
0.15,772573
0.15,792630
0.15,722711
0.15,718519
0.15,719243
0.15,717539
0.15,716712
0.15,713743
0.15,712959
0.15,712919
0.15,710197
0.15,710377
0.15,709692
0.15,710259
0.15,709419
0.15,707182
0.15,699618
0.15,696173
0.15,695652
0.15,695888
0.15,708568
0.15,706487
0.16,696234
0.16,695309
0.16,695762
0.16,695119
0.16,696776
0.16,696797
0.16,698354
0.16,700251
0.16,704588
0.16,701846
0.16,697829
0.16,694657
0.16,697679
0.16,695193
0.16,695163
0.16,693823
0.16,693335
0.16,691711
0.16,691264
0.16,690844
0.16,692109
0.16,690443
0.16,691610
0.16,690043
0.16,689654
0.16,689282
0.16,688986
0.16,689436
0.16,721333
0.16,702297
0.16,701672
0.16,688860
0.16,691089
0.16,688611
0.16,688326
0.16,688082
0.16,687865
0.16,687663
0.16,687476
0.16,687413
0.16,688465
0.16,687181
0.16,686997
0.16,686825
0.16,686703
0.16,686587
0.16,686733
0.16,686193
0.16,686064
0.16,685974
0.16,685914
0.16,685858
0.16,685458
0.16,685410
0.16,685383
0.16,685361
0.16,685342
0.16,685334
