0.00,7269434
0.00,7135706
0.00,6948459
0.00,6832181
0.00,6816060
0.00,6803469
0.00,6584940
0.00,6416958
0.00,6415716
0.01,6277636
0.01,6146171
0.01,6017639
0.01,6008913
0.01,6006045
0.01,5905179
0.01,5770323
0.01,5618795
0.01,5614384
0.01,5629147
0.01,5628009
0.01,5590755
0.01,5579000
0.01,5476795
0.01,5491340
0.01,5489514
0.01,5489998
0.01,5457977
0.01,5454184
0.01,5458965
0.01,5459355
0.01,5424018
0.01,5350334
0.01,5216567
0.01,5127543
0.01,5085351
0.01,5130031
0.01,5131795
0.01,4997633
0.01,4966471
0.01,4969744
0.01,4987794
0.01,4982764
0.01,4992078
0.01,4940723
0.01,4963745
0.01,4900020
0.01,4918689
0.01,4882074
0.01,4752752
0.02,4749154
0.02,4654586
0.02,4692629
0.02,4725518
0.02,4697715
0.02,4697724
0.02,4690155
0.02,4693394
0.02,4697344
0.02,4694563
0.02,4565723
0.02,4465370
0.02,4478756
0.02,4490794
0.02,4415274
0.02,4364622
0.02,4255271
0.02,4101901
0.02,4096365
0.02,4016560
0.02,3962048
0.02,3880130
0.02,3899960
0.02,3845519
0.02,3774566
0.02,3737359
0.02,3736349
0.02,3745112
0.02,3679298
0.02,3722627
0.02,3734634
0.02,3686665
0.02,3689951
0.02,3673070
0.02,3626333
0.02,3627272
0.02,3634480
0.02,3638421
0.02,3646386
0.02,3623949
0.02,3577747
0.02,3526594
0.02,3522976
0.02,3532420
0.02,3561524
0.02,3589224
0.02,3617958
0.02,3642088
0.02,3599178
0.02,3589298
0.02,3588926
0.02,3588764
0.02,3593432
0.02,3459933
0.02,3458904
0.02,3389368
0.02,3329625
0.02,3331192
0.02,3278747
0.02,3223043
0.02,3212010
0.02,3210347
0.02,3212987
0.02,3130003
0.02,3064598
0.02,3044188
0.02,3009613
0.02,3005144
0.02,2992926
0.02,2981281
0.02,2979430
0.02,2978759
0.02,2952146
0.02,2952988
0.02,2949988
0.02,2941239
0.02,2956547
0.02,2950334
0.02,2932060
0.02,2938239
0.02,2916106
0.02,2906299
0.02,2875488
0.02,2834255
0.02,2889564
0.02,2881553
0.02,2924478
0.02,2932411
0.02,2873817
0.02,2872141
0.02,2867242
0.02,2885706
0.03,2860444
0.03,2856052
0.03,2820998
0.03,2775864
0.03,2771168
0.03,2723428
0.03,2652246
0.03,2611590
0.03,2612544
0.03,2602198
0.03,2532548
0.03,2519781
0.03,2518420
0.03,2511038
0.03,2505081
0.03,2470383
0.03,2436491
0.03,2441357
0.03,2426858
0.03,2407258
0.03,2406744
0.03,2402285
0.03,2337226
0.03,2297648
0.03,2286269
0.03,2274181
0.03,2268801
0.03,2268032
0.03,2239069
0.03,2223043
0.03,2200910
0.03,2167143
0.03,2173288
0.03,2170588
0.03,2174814
0.03,2174263
0.03,2181018
0.03,2159608
0.03,2127745
0.03,2136344
0.03,2205896
0.03,2178457
0.03,2130264
0.03,2126364
0.03,2095846
0.03,2100680
0.03,2096056
0.03,2093124
0.03,2071654
0.03,2070749
0.03,2030977
0.03,2003588
0.03,1973882
0.03,1967041
0.03,1939817
0.03,1974308
0.03,1980187
0.03,2013191
0.03,2009548
0.03,1995548
0.03,1992189
0.03,1995052
0.03,1997270
0.03,2020740
0.03,2040237
0.03,2019514
0.03,2005903
0.03,2013284
0.03,2052193
0.03,2087099
0.03,2102405
0.03,2082265
0.03,2078879
0.03,2095256
0.03,2118981
0.03,2117486
0.03,2113080
0.03,1994315
0.03,1982814
0.03,1960603
0.03,1959459
0.03,1901177
0.03,1874007
0.03,1860175
0.03,1872816
0.03,1866020
0.03,1834194
0.04,1839168
0.04,1839974
0.04,1834842
0.04,1839687
0.04,1838744
0.04,1834912
0.04,1834178
0.04,1836644
0.04,1840881
0.04,1815684
0.04,1786660
0.04,1777891
0.04,1770324
0.04,1773137
0.04,1792831
0.04,1788946
0.04,1772302
0.04,1764865
0.04,1760947
0.04,1747072
0.04,1747817
0.04,1752742
0.04,1741979
0.04,1746614
0.04,1757075
0.04,1778947
0.04,1838930
0.04,1848386
0.04,1878217
0.04,1874297
0.04,1855569
0.04,1850779
0.04,1839811
0.04,1827464
0.04,1849097
0.04,1854137
0.04,1848715
0.04,1841928
0.04,1852290
0.04,1872137
0.04,1892619
0.04,1974551
0.04,1939580
0.04,1880392
0.04,1872880
0.04,1852475
0.04,1846009
0.04,1848130
0.04,1726945
0.04,1827261
0.04,1822074
0.04,1824101
0.04,1819220
0.04,1819771
0.04,1823798
0.04,1826259
0.04,1827197
0.04,1801345
0.04,1784075
0.04,1773718
0.04,1774586
0.04,1785792
0.04,1790855
0.04,1753672
0.04,1747372
0.04,1763655
0.04,1767632
0.04,1774282
0.04,1740345
0.04,1753876
0.04,1713929
0.04,1717511
0.04,1716910
0.04,1732096
0.04,1736429
0.04,1732475
0.04,1709020
0.04,1682848
0.04,1673855
0.04,1669359
0.04,1665119
0.04,1659598
0.04,1666701
0.04,1669170
0.04,1660658
0.04,1666874
0.04,1672658
0.04,1722960
0.04,1754400
0.04,1663186
0.04,1635347
0.05,1628425
0.05,1626194
0.05,1606342
0.05,1596010
0.05,1605383
0.05,1611087
0.05,1614940
0.05,1609955
0.05,1612506
0.05,1616402
0.05,1624039
0.05,1622462
0.05,1614593
0.05,1616600
0.05,1616461
0.05,1605645
0.05,1572767
0.05,1556942
0.05,1552060
0.05,1553885
0.05,1549675
0.05,1559830
0.05,1562354
0.05,1563078
0.05,1584357
0.05,1557967
0.05,1522381
0.05,1524172
0.05,1573631
0.05,1553359
0.05,1519129
0.05,1503582
0.05,1500892
0.05,1500790
0.05,1500840
0.05,1512537
0.05,1513975
0.05,1498852
0.05,1482216
0.05,1470270
0.05,1449397
0.05,1451672
0.05,1457859
0.05,1430120
0.05,1414269
0.05,1405046
0.05,1392660
0.05,1392279
0.05,1393188
0.05,1406375
0.05,1406208
0.05,1393875
0.05,1386815
0.05,1372072
0.05,1366716
0.05,1354212
0.05,1349834
0.05,1335584
0.05,1333372
0.05,1308511
0.05,1300579
0.05,1301832
0.05,1294556
0.05,1297815
0.05,1294634
0.05,1299442
0.05,1299566
0.05,1317787
0.05,1376371
0.05,1349713
0.05,1304908
0.05,1311061
0.05,1305492
0.05,1300820
0.05,1296529
0.05,1279554
0.05,1278013
0.05,1277911
0.05,1273986
0.05,1277656
0.05,1273772
0.05,1258586
0.05,1308786
0.05,1318110
0.05,1372189
0.05,1390413
0.05,1332757
0.05,1331273
0.05,1327775
0.05,1347641
0.05,1320922
0.06,1315506
0.06,1312398
0.06,1294176
0.06,1307443
0.06,1318816
0.06,1309352
0.06,1289083
0.06,1295637
0.06,1285455
0.06,1276185
0.06,1269896
0.06,1272771
0.06,1260542
0.06,1261268
0.06,1252375
0.06,1252793
0.06,1255345
0.06,1242776
0.06,1239385
0.06,1244139
0.06,1229053
0.06,1235607
0.06,1236275
0.06,1253905
0.06,1276770
0.06,1273486
0.06,1300211
0.06,1321841
0.06,1322951
0.06,1332626
0.06,1340004
0.06,1341586
0.06,1348031
0.06,1343004
0.06,1342894
0.06,1357469
0.06,1368776
0.06,1391564
0.06,1407900
0.06,1403050
0.06,1400974
0.06,1401027
0.06,1398590
0.06,1401632
0.06,1411037
0.06,1389532
0.06,1293777
0.06,1280570
0.06,1275565
0.06,1278121
0.06,1278496
0.06,1282337
0.06,1266011
0.06,1267327
0.06,1268440
0.06,1262440
0.06,1263158
0.06,1248487
0.06,1251838
0.06,1268590
0.06,1272180
0.06,1273399
0.06,1281079
0.06,1275595
0.06,1323001
0.06,1345809
0.06,1283353
0.06,1257475
0.06,1258008
0.06,1262805
0.06,1260111
0.06,1274897
0.06,1269684
0.06,1255011
0.06,1250070
0.06,1258130
0.06,1250539
0.06,1242109
0.06,1251198
0.06,1247694
0.06,1241784
0.06,1250211
0.06,1244670
0.06,1240632
0.06,1248950
0.06,1231708
0.06,1222277
0.06,1219415
0.06,1218300
0.06,1224287
0.07,1230077
0.07,1245276
0.07,1256714
0.07,1254367
0.07,1275310
0.07,1300924
0.07,1296411
0.07,1315583
0.07,1336541
0.07,1337737
0.07,1338656
0.07,1341534
0.07,1346800
0.07,1353821
0.07,1341714
0.07,1341280
0.07,1351691
0.07,1358054
0.07,1389637
0.07,1404572
0.07,1401562
0.07,1396949
0.07,1398401
0.07,1400051
0.07,1401855
0.07,1415327
0.07,1384907
0.07,1277026
0.07,1274927
0.07,1255277
0.07,1259560
0.07,1272490
0.07,1278808
0.07,1263841
0.07,1262872
0.07,1259740
0.07,1304022
0.07,1321285
0.07,1258086
0.07,1237929
0.07,1231640
0.07,1233064
0.07,1241757
0.07,1246427
0.07,1249562
0.07,1244996
0.07,1241673
0.07,1248700
0.07,1238330
0.07,1241284
0.07,1252433
0.07,1248787
0.07,1255840
0.07,1252406
0.07,1241342
0.07,1233402
0.07,1235010
0.07,1215655
0.07,1208194
0.07,1200052
0.07,1239331
0.07,1253990
0.07,1241883
0.07,1238790
0.07,1237495
0.07,1232498
0.07,1226933
0.07,1230574
0.07,1215613
0.07,1191924
0.07,1182849
0.07,1183180
0.07,1171809
0.07,1163475
0.07,1153706
0.07,1151709
0.07,1150947
0.07,1144989
0.07,1158124
0.07,1171537
0.07,1173062
0.07,1170385
0.07,1166694
0.07,1168577
0.07,1160793
0.07,1152472
0.07,1150988
0.07,1151679
0.07,1138014
0.07,1145240
0.07,1150938
0.08,1148870
0.08,1148507
0.08,1147772
0.08,1153007
0.08,1151308
0.08,1132610
0.08,1123493
0.08,1128365
0.08,1128469
0.08,1129568
0.08,1129540
0.08,1123808
0.08,1115677
0.08,1114932
0.08,1102597
0.08,1095057
0.08,1091365
0.08,1110995
0.08,1106673
0.08,1115246
0.08,1118076
0.08,1114876
0.08,1119652
0.08,1114838
0.08,1117012
0.08,1114575
0.08,1113379
0.08,1109719
0.08,1111771
0.08,1113618
0.08,1097055
0.08,1093713
0.08,1094186
0.08,1097253
0.08,1083603
0.08,1074529
0.08,1072530
0.08,1064025
0.08,1057794
0.08,1049019
0.08,1048049
0.08,1043931
0.08,1036906
0.08,1029960
0.08,1034556
0.08,1034231
0.08,1039426
0.08,1039892
0.08,1043926
0.08,1048058
0.08,1053762
0.08,1060351
0.08,1061336
0.08,1059540
0.08,1060856
0.08,1063262
0.08,1057380
0.08,1056626
0.08,1056463
0.08,1048097
0.08,1051721
0.08,1049603
0.08,1042477
0.08,1035043
0.08,1027087
0.08,1016450
0.08,1021254
0.08,1024203
0.08,1020861
0.08,1019776
0.08,1023299
0.08,1019194
0.08,1018666
0.08,1013420
0.08,1003581
0.08,993164
0.08,997353
0.08,990266
0.08,994891
0.08,990926
0.08,1016591
0.08,1051118
0.08,1106011
0.08,1120167
0.08,1115415
0.08,1115953
0.08,1116381
0.08,1129426
0.08,1133751
0.08,1138417
0.09,1122115
0.09,1096756
0.09,1100333
0.09,1090747
0.09,1085583
0.09,1073019
0.09,1068194
0.09,1064786
0.09,1061857
0.09,1060470
0.09,1058188
0.09,1048520
0.09,1019772
0.09,984247
0.09,981776
0.09,985175
0.09,988002
0.09,989750
0.09,983071
0.09,981334
0.09,978372
0.09,983112
0.09,979400
0.09,979319
0.09,1006300
0.09,1035646
0.09,1091871
0.09,1105953
0.09,1104158
0.09,1115967
0.09,1117835
0.09,1133757
0.09,1129054
0.09,1121188
0.09,1105626
0.09,1084735
0.09,1084048
0.09,1083257
0.09,1086540
0.09,1069235
0.09,1063720
0.09,1059367
0.09,1051450
0.09,1049080
0.09,1048558
0.09,1034400
0.09,1020146
0.09,989271
0.09,972301
0.09,972250
0.09,977456
0.09,980773
0.09,979199
0.09,974120
0.09,972969
0.09,977575
0.09,976794
0.09,980650
0.09,980540
0.09,976794
0.09,966708
0.09,965678
0.09,965326
0.09,965606
0.09,963003
0.09,971202
0.09,968127
0.09,976317
0.09,979439
0.09,980515
0.09,987706
0.09,1000124
0.09,1000895
0.09,1004211
0.09,1003671
0.09,996525
0.09,997247
0.09,995558
0.09,985239
0.09,978277
0.09,979726
0.09,983526
0.09,997877
0.09,1021351
0.09,1040257
0.09,960242
0.09,960489
0.09,964377
0.09,970960
0.09,976564
0.09,982472
0.10,980918
0.10,980713
0.10,990218
0.10,994068
0.10,997616
0.10,999302
0.10,1004265
0.10,999173
0.10,990613
0.10,992584
0.10,988543
0.10,980586
0.10,973076
0.10,978343
0.10,978944
0.10,984925
0.10,1000989
0.10,1020320
0.10,951374
0.10,950201
0.10,949911
0.10,944013
0.10,944827
0.10,947690
0.10,945085
0.10,943038
0.10,946372
0.10,945962
0.10,941904
0.10,938892
0.10,937407
0.10,932020
0.10,928919
0.10,933980
0.10,932176
0.10,937246
0.10,931531
0.10,931353
0.10,930273
0.10,928657
0.10,926221
0.10,925101
0.10,924205
0.10,926041
0.10,928436
0.10,932200
0.10,937716
0.10,934263
0.10,937299
0.10,940243
0.10,952200
0.10,957053
0.10,955136
0.10,942650
0.10,935544
0.10,926936
0.10,917499
0.10,919940
0.10,924403
0.10,924924
0.10,920976
0.10,919673
0.10,920955
0.10,915729
0.10,912262
0.10,910983
0.10,911807
0.10,909163
0.10,903299
0.10,903152
0.10,895039
0.10,889018
0.10,884144
0.10,880269
0.10,882833
0.10,880309
0.10,876849
0.10,875302
0.10,877067
0.10,881891
0.10,880433
0.10,886104
0.10,887153
0.10,885933
0.10,902929
0.10,939603
0.10,940466
0.10,958266
0.11,957887
0.11,958483
0.11,962065
0.11,966391
0.11,967000
0.11,981219
0.11,981176
0.11,982890
0.11,987048
0.11,1011097
0.11,1023637
0.11,1025917
0.11,1028519
0.11,1019956
0.11,1018602
0.11,1013624
0.11,1010732
0.11,996321
0.11,942845
0.11,905837
0.11,885835
0.11,887074
0.11,885228
0.11,874551
0.11,881014
0.11,882972
0.11,883785
0.11,905772
0.11,934952
0.11,986901
0.11,998712
0.11,998673
0.11,997714
0.11,1001810
0.11,1010751
0.11,1006661
0.11,1006689
0.11,978891
0.11,917044
0.11,908155
0.11,884048
0.11,882711
0.11,873101
0.11,905168
0.11,904611
0.11,904386
0.11,900686
0.11,903994
0.11,891051
0.11,872454
0.11,868531
0.11,868653
0.11,864746
0.11,862939
0.11,859294
0.11,856751
0.11,858387
0.11,856984
0.11,852152
0.11,853815
0.11,855373
0.11,849670
0.11,852836
0.11,846214
0.11,862965
0.11,842403
0.11,832948
0.11,829343
0.11,829244
0.11,835973
0.11,869198
0.11,877591
0.11,874881
0.11,843548
0.11,828249
0.11,824591
0.11,823379
0.11,821287
0.11,818253
0.11,815423
0.11,814893
0.11,813966
0.11,818939
0.11,811501
0.11,811379
0.11,808223
0.11,805780
0.11,803070
0.11,811596
0.11,816852
0.12,834182
0.12,831506
0.12,830687
0.12,830988
0.12,835531
0.12,832539
0.12,839533
0.12,843704
0.12,840845
0.12,863511
0.12,906459
0.12,907706
0.12,926458
0.12,927588
0.12,927615
0.12,936177
0.12,935853
0.12,945418
0.12,946793
0.12,951860
0.12,972413
0.12,980035
0.12,1007153
0.12,1010808
0.12,1015932
0.12,1001000
0.12,999889
0.12,990491
0.12,988462
0.12,955215
0.12,949543
0.12,926600
0.12,893540
0.12,871322
0.12,869434
0.12,872022
0.12,868314
0.12,867952
0.12,936138
0.12,905589
0.12,874263
0.12,853294
0.12,840216
0.12,838463
0.12,840381
0.12,843870
0.12,842639
0.12,846055
0.12,844684
0.12,844023
0.12,837206
0.12,828877
0.12,822339
0.12,818383
0.12,819903
0.12,827640
0.12,831063
0.12,829693
0.12,833834
0.12,833842
0.12,833187
0.12,832866
0.12,828904
0.12,827183
0.12,824313
0.12,822351
0.12,817795
0.12,817260
0.12,818017
0.12,804460
0.12,803817
0.12,807148
0.12,806284
0.12,804076
0.12,811111
0.12,813965
0.12,808022
0.12,808924
0.12,810140
0.12,809737
0.12,814387
0.12,808161
0.12,806031
0.12,806675
0.12,804414
0.12,802330
0.12,798368
0.12,797449
0.12,794810
0.12,792547
0.12,797336
0.13,802364
0.13,802250
0.13,802004
0.13,802352
0.13,803258
0.13,808314
0.13,805646
0.13,804311
0.13,803537
0.13,805160
0.13,804283
0.13,799137
0.13,795745
0.13,795433
0.13,790846
0.13,788491
0.13,786265
0.13,784053
0.13,783171
0.13,780900
0.13,782225
0.13,784143
0.13,784767
0.13,785769
0.13,789374
0.13,790081
0.13,788639
0.13,788465
0.13,782331
0.13,782566
0.13,778760
0.13,776710
0.13,774661
0.13,775077
0.13,772630
0.13,771470
0.13,768901
0.13,769138
0.13,768813
0.13,765316
0.13,764764
0.13,765495
0.13,769871
0.13,767202
0.13,767626
0.13,767554
0.13,764934
0.13,764208
0.13,761981
0.13,761303
0.13,759669
0.13,758040
0.13,756068
0.13,756616
0.13,758269
0.13,759557
0.13,766500
0.13,766711
0.13,766284
0.13,765033
0.13,762781
0.13,758531
0.13,760528
0.13,758173
0.13,756386
0.13,757119
0.13,754460
0.13,752864
0.13,751277
0.13,749703
0.13,748144
0.13,753107
0.13,761106
0.13,795496
0.13,792057
0.13,785744
0.13,785108
0.13,791381
0.13,768154
0.13,762047
0.13,746625
0.13,745126
0.13,743116
0.13,746761
0.13,745090
0.13,748243
0.13,745094
0.13,745326
0.13,744018
0.14,743943
0.14,739436
0.14,739370
0.14,737200
0.14,740996
0.14,741751
0.14,735269
0.14,740615
0.14,736301
0.14,736651
0.14,738597
0.14,737579
0.14,742769
0.14,745295
0.14,740535
0.14,733077
0.14,731628
0.14,730025
0.14,728713
0.14,730055
0.14,731001
0.14,732387
0.14,734161
0.14,737025
0.14,738057
0.14,741450
0.14,737449
0.14,736056
0.14,729840
0.14,728388
0.14,728991
0.14,728458
0.14,727662
0.14,730583
0.14,735955
0.14,734542
0.14,732867
0.14,735908
0.14,734318
0.14,735771
0.14,737928
0.14,736040
0.14,732073
0.14,727518
0.14,730055
0.14,728188
0.14,724876
0.14,724476
0.14,723302
0.14,728005
0.14,733619
0.14,735069
0.14,729389
0.14,726399
0.14,722524
0.14,725360
0.14,719629
0.14,717120
0.14,716094
0.14,715072
0.14,714747
0.14,715218
0.14,715300
0.14,713390
0.14,713789
0.14,712704
0.14,717151
0.14,714516
0.14,715083
0.14,716784
0.14,715080
0.14,716786
0.14,715987
0.14,715658
0.14,715636
0.14,718354
0.14,721152
0.14,723578
0.14,723043
0.14,725882
0.14,726516
0.14,723425
0.14,723194
0.14,722268
0.14,718847
0.14,713433
0.14,713616
0.14,711799
0.14,710894
0.14,710003
0.14,709170
0.15,708339
0.15,707555
0.15,706775
0.15,719455
0.15,717374
0.15,707121
0.15,706202
0.15,705509
0.15,704816
0.15,704157
0.15,704930
0.15,703807
0.15,707130
0.15,705984
0.15,706086
0.15,705878
0.15,706138
0.15,706456
0.15,707547
0.15,707009
0.15,707943
0.15,709206
0.15,710316
0.15,714557
0.15,714958
0.15,715476
0.15,719326
0.15,717753
0.15,715406
0.15,714329
0.15,712600
0.15,707696
0.15,706755
0.15,704594
0.15,703225
0.15,702948
0.15,705457
0.15,707073
0.15,708557
0.15,710075
0.15,711934
0.15,714262
0.15,713738
0.15,714312
0.15,713034
0.15,713904
0.15,713615
0.15,713156
0.15,711714
0.15,711540
0.15,709030
0.15,708163
0.15,704574
0.15,701835
0.15,701272
0.15,700737
0.15,700211
0.15,699449
0.15,698955
0.15,698496
0.15,698043
0.15,697599
0.15,697162
0.15,696758
0.15,696010
0.15,695108
0.15,694758
0.15,696102
0.15,694420
0.15,694943
0.15,693602
0.15,693204
0.15,692901
0.15,692514
0.15,692254
0.15,692022
0.15,691493
0.15,691155
0.15,693167
0.15,690387
0.15,690166
0.15,689946
0.15,689768
0.15,689593
0.15,689421
0.15,689274
0.15,689089
0.15,689019
0.15,689136
0.15,687918
0.15,687622
0.16,687405
0.16,687283
0.16,687180
0.16,687103
0.16,686233
0.16,686197
0.16,686164
0.16,687886
0.16,687739
0.16,686115
0.16,685884
0.16,685134
