0.00,7201289
0.00,7031335
0.00,6993619
0.00,6853503
0.00,6690791
0.00,6569277
0.00,6571065
0.00,6412265
0.00,6240865
0.00,6232668
0.01,6090214
0.01,6028171
0.01,5917628
0.01,5928193
0.01,5917429
0.01,5921019
0.01,5884313
0.01,5890737
0.01,5884910
0.01,5880435
0.01,5824874
0.01,5820308
0.01,5703810
0.01,5661278
0.01,5678591
0.01,5673138
0.01,5653338
0.01,5424486
0.01,5435916
0.01,5423556
0.01,5425578
0.01,5439064
0.01,5434733
0.01,5422594
0.01,5494457
0.01,5438909
0.01,5397817
0.01,5314740
0.01,5312696
0.01,5185619
0.01,5193666
0.01,5084161
0.01,5075619
0.01,4991122
0.01,4991699
0.01,4953555
0.01,4927531
0.01,4834046
0.01,4865206
0.02,4862513
0.02,4824751
0.02,4757773
0.02,4761138
0.02,4747361
0.02,4647385
0.02,4641889
0.02,4564378
0.02,4473720
0.02,4469914
0.02,4374769
0.02,4384994
0.02,4262116
0.02,4170044
0.02,4169384
0.02,4217776
0.02,4216991
0.02,4143159
0.02,4012042
0.02,4073067
0.02,4087932
0.02,4080284
0.02,4079309
0.02,4031492
0.02,4041451
0.02,4064255
0.02,4044097
0.02,4020433
0.02,3901336
0.02,3974054
0.02,3972238
0.02,3941393
0.02,3941646
0.02,3931010
0.02,3960901
0.02,3851550
0.02,3857945
0.02,3860235
0.02,3863689
0.02,3877896
0.02,3844918
0.02,3754057
0.02,3753947
0.02,3762214
0.02,3757952
0.02,3749794
0.02,3750909
0.02,3748756
0.02,3749327
0.02,3743452
0.02,3741059
0.02,3656098
0.02,3658923
0.02,3669331
0.02,3688144
0.02,3667288
0.02,3589879
0.02,3609022
0.02,3635032
0.02,3647989
0.02,3577638
0.02,3523855
0.02,3510562
0.02,3429509
0.02,3455862
0.02,3490943
0.02,3491000
0.02,3452880
0.02,3454802
0.02,3425494
0.02,3361689
0.02,3359187
0.02,3265639
0.02,3261454
0.02,3281809
0.02,3327697
0.02,3326235
0.02,3270509
0.02,3270826
0.02,3212082
0.02,3212520
0.03,3199770
0.03,3186727
0.03,3175380
0.03,3070686
0.03,3018968
0.03,3031743
0.03,3018872
0.03,2995404
0.03,2980835
0.03,3024425
0.03,3004314
0.03,3002586
0.03,2999495
0.03,3070663
0.03,3051536
0.03,3018770
0.03,3022434
0.03,2985316
0.03,3010255
0.03,2985745
0.03,2996518
0.03,2994108
0.03,2973891
0.03,2893629
0.03,2886835
0.03,2917483
0.03,2914976
0.03,2928249
0.03,2927755
0.03,2978068
0.03,2968495
0.03,2929623
0.03,2934187
0.03,2906818
0.03,2909780
0.03,2888301
0.03,2825952
0.03,2798538
0.03,2805353
0.03,2803615
0.03,2763049
0.03,2758006
0.03,2760683
0.03,2753086
0.03,2770709
0.03,2829637
0.03,2843746
0.03,2885328
0.03,2900751
0.03,2913935
0.03,2883428
0.03,2845057
0.03,2847480
0.03,2841927
0.03,2780294
0.03,2787533
0.03,2790358
0.03,2800766
0.03,2819579
0.03,2798723
0.03,2753176
0.03,2708771
0.03,2619196
0.03,2637534
0.03,2652303
0.03,2574772
0.03,2568734
0.03,2570351
0.03,2570330
0.03,2607834
0.03,2577999
0.03,2554572
0.03,2547081
0.03,2538742
0.03,2528264
0.03,2526103
0.03,2523249
0.03,2566528
0.03,2564739
0.03,2553405
0.03,2571287
0.03,2629543
0.03,2629844
0.03,2583971
0.03,2587482
0.03,2555618
0.03,2558920
0.03,2547381
0.03,2535315
0.03,2516966
0.04,2524190
0.04,2480151
0.04,2474413
0.04,2471985
0.04,2437183
0.04,2436406
0.04,2444852
0.04,2409835
0.04,2384272
0.04,2375249
0.04,2374466
0.04,2370003
0.04,2358969
0.04,2339929
0.04,2309292
0.04,2290425
0.04,2292490
0.04,2288725
0.04,2264321
0.04,2266541
0.04,2263790
0.04,2302484
0.04,2305673
0.04,2326488
0.04,2282080
0.04,2334572
0.04,2314378
0.04,2263627
0.04,2258508
0.04,2273324
0.04,2262962
0.04,2288342
0.04,2283689
0.04,2336625
0.04,2339095
0.04,2392304
0.04,2395201
0.04,2342453
0.04,2329849
0.04,2295408
0.04,2288239
0.04,2258462
0.04,2276963
0.04,2267100
0.04,2292048
0.04,2267688
0.04,2306601
0.04,2335972
0.04,2309070
0.04,2350872
0.04,2376858
0.04,2405349
0.04,2413417
0.04,2387404
0.04,2349065
0.04,2347489
0.04,2345685
0.04,2339251
0.04,2292199
0.04,2292212
0.04,2301459
0.04,2317433
0.04,2300503
0.04,2252893
0.04,2221774
0.04,2218080
0.04,2232934
0.04,2221950
0.04,2202003
0.04,2175734
0.04,2141446
0.04,2145488
0.04,2131593
0.04,2131152
0.04,2135681
0.04,2095822
0.04,2069891
0.04,2039012
0.04,2009481
0.04,1960505
0.04,1997008
0.04,2028606
0.04,1970362
0.04,1953044
0.04,1961988
0.04,1954212
0.04,1906976
0.04,1876766
0.04,1884365
0.05,1873482
0.05,1866497
0.05,1864957
0.05,1841572
0.05,1835439
0.05,1838514
0.05,1846721
0.05,1847460
0.05,1842773
0.05,1833634
0.05,1832172
0.05,1831674
0.05,1848382
0.05,1808094
0.05,1786602
0.05,1803189
0.05,1801939
0.05,1802890
0.05,1798819
0.05,1758127
0.05,1751792
0.05,1738769
0.05,1741877
0.05,1728314
0.05,1719254
0.05,1718304
0.05,1730545
0.05,1751781
0.05,1747921
0.05,1730556
0.05,1718417
0.05,1721899
0.05,1749959
0.05,1725181
0.05,1700871
0.05,1687772
0.05,1664452
0.05,1685748
0.05,1684797
0.05,1684712
0.05,1681351
0.05,1686511
0.05,1687792
0.05,1683233
0.05,1668239
0.05,1674806
0.05,1661678
0.05,1671633
0.05,1702119
0.05,1707954
0.05,1775101
0.05,1770795
0.05,1766495
0.05,1763885
0.05,1769300
0.05,1771270
0.05,1780529
0.05,1784178
0.05,1814802
0.05,1789559
0.05,1780739
0.05,1781096
0.05,1853055
0.05,1830029
0.05,1793181
0.05,1760902
0.05,1753835
0.05,1731093
0.05,1726123
0.05,1699487
0.05,1648672
0.05,1654167
0.05,1674920
0.05,1680673
0.05,1681278
0.05,1654549
0.05,1652533
0.05,1647306
0.05,1648549
0.05,1653381
0.05,1637676
0.05,1627918
0.05,1668183
0.05,1671343
0.05,1668476
0.05,1687597
0.05,1683877
0.05,1698692
0.05,1697394
0.05,1696837
0.06,1687966
0.06,1677444
0.06,1676830
0.06,1745028
0.06,1743019
0.06,1738454
0.06,1738264
0.06,1737180
0.06,1736860
0.06,1737402
0.06,1736852
0.06,1738106
0.06,1685000
0.06,1665623
0.06,1637201
0.06,1632870
0.06,1605725
0.06,1602156
0.06,1583496
0.06,1572864
0.06,1580809
0.06,1556683
0.06,1524980
0.06,1507531
0.06,1530593
0.06,1527549
0.06,1526757
0.06,1524651
0.06,1527625
0.06,1529014
0.06,1536374
0.06,1542566
0.06,1490472
0.06,1476888
0.06,1451799
0.06,1464058
0.06,1467314
0.06,1462768
0.06,1474400
0.06,1450551
0.06,1453807
0.06,1454260
0.06,1467328
0.06,1463568
0.06,1466078
0.06,1466184
0.06,1439922
0.06,1445356
0.06,1438681
0.06,1436021
0.06,1437879
0.06,1433654
0.06,1441999
0.06,1443385
0.06,1455545
0.06,1489052
0.06,1515896
0.06,1448513
0.06,1454375
0.06,1452412
0.06,1465563
0.06,1461782
0.06,1472416
0.06,1517421
0.06,1506632
0.06,1508909
0.06,1476706
0.06,1514466
0.06,1513369
0.06,1563888
0.06,1563787
0.06,1476760
0.06,1427731
0.06,1436409
0.06,1436711
0.06,1484022
0.06,1458959
0.06,1405527
0.06,1407406
0.06,1408329
0.06,1408649
0.06,1381573
0.06,1364829
0.06,1350688
0.06,1343404
0.06,1346548
0.06,1343621
0.06,1349547
0.06,1343134
0.06,1358141
0.07,1353807
0.07,1357751
0.07,1329531
0.07,1334215
0.07,1328491
0.07,1312638
0.07,1336550
0.07,1365677
0.07,1366831
0.07,1388845
0.07,1373967
0.07,1383437
0.07,1373169
0.07,1445648
0.07,1446111
0.07,1393358
0.07,1398963
0.07,1402270
0.07,1394983
0.07,1387339
0.07,1386863
0.07,1372581
0.07,1369283
0.07,1342345
0.07,1313024
0.07,1313950
0.07,1295827
0.07,1297571
0.07,1288013
0.07,1283066
0.07,1280206
0.07,1282069
0.07,1277661
0.07,1274269
0.07,1259085
0.07,1248375
0.07,1236485
0.07,1242807
0.07,1265869
0.07,1262825
0.07,1274066
0.07,1260475
0.07,1262901
0.07,1264290
0.07,1271650
0.07,1268288
0.07,1225748
0.07,1257690
0.07,1244305
0.07,1237224
0.07,1214266
0.07,1211761
0.07,1206150
0.07,1211510
0.07,1206499
0.07,1198851
0.07,1196236
0.07,1196399
0.07,1194688
0.07,1194512
0.07,1191718
0.07,1187233
0.07,1177472
0.07,1181015
0.07,1171065
0.07,1165672
0.07,1163041
0.07,1157961
0.07,1150905
0.07,1154953
0.07,1156304
0.07,1142333
0.07,1147181
0.07,1138412
0.07,1143026
0.07,1154834
0.07,1144736
0.07,1154911
0.07,1162741
0.07,1167072
0.07,1201498
0.07,1200122
0.07,1209118
0.07,1204885
0.07,1274352
0.07,1279746
0.07,1215872
0.07,1171069
0.07,1170135
0.08,1162190
0.08,1142623
0.08,1152983
0.08,1134230
0.08,1127328
0.08,1118048
0.08,1113782
0.08,1116999
0.08,1116084
0.08,1119837
0.08,1119580
0.08,1111316
0.08,1107670
0.08,1108854
0.08,1116982
0.08,1127001
0.08,1136091
0.08,1128988
0.08,1130182
0.08,1117295
0.08,1099440
0.08,1091224
0.08,1091346
0.08,1098464
0.08,1091251
0.08,1089968
0.08,1083168
0.08,1085082
0.08,1083840
0.08,1083398
0.08,1084252
0.08,1076359
0.08,1082288
0.08,1091593
0.08,1085975
0.08,1089604
0.08,1091968
0.08,1097766
0.08,1081905
0.08,1074054
0.08,1069589
0.08,1076494
0.08,1117293
0.08,1110472
0.08,1123246
0.08,1133479
0.08,1126039
0.08,1132139
0.08,1142009
0.08,1151127
0.08,1153022
0.08,1163376
0.08,1168593
0.08,1177851
0.08,1184705
0.08,1244069
0.08,1242633
0.08,1166579
0.08,1174751
0.08,1166541
0.08,1162779
0.08,1136988
0.08,1132348
0.08,1124199
0.08,1103014
0.08,1102213
0.08,1095898
0.08,1101382
0.08,1107189
0.08,1110152
0.08,1101678
0.08,1105532
0.08,1107076
0.08,1091298
0.08,1085381
0.08,1085799
0.08,1093877
0.08,1105641
0.08,1097985
0.08,1092509
0.08,1091624
0.08,1094147
0.08,1109538
0.08,1138910
0.08,1064705
0.08,1068883
0.08,1059002
0.09,1058205
0.09,1057600
0.09,1060236
0.09,1051934
0.09,1045224
0.09,1051623
0.09,1096937
0.09,1097437
0.09,1114193
0.09,1125901
0.09,1117448
0.09,1118850
0.09,1122585
0.09,1133682
0.09,1137258
0.09,1133687
0.09,1136403
0.09,1180717
0.09,1188494
0.09,1182555
0.09,1174219
0.09,1174694
0.09,1171639
0.09,1178394
0.09,1162041
0.09,1164454
0.09,1136891
0.09,1116508
0.09,1078690
0.09,1063754
0.09,1056135
0.09,1053365
0.09,1043995
0.09,1043298
0.09,1043521
0.09,1041756
0.09,1035222
0.09,1038325
0.09,1038816
0.09,1041445
0.09,1040169
0.09,1036688
0.09,1034201
0.09,1036199
0.09,1028016
0.09,1021924
0.09,1024242
0.09,1015926
0.09,1024190
0.09,1026799
0.09,1022232
0.09,1020071
0.09,1022145
0.09,1024766
0.09,1026545
0.09,1025396
0.09,1028202
0.09,1034135
0.09,1033071
0.09,1028105
0.09,1031230
0.09,1032871
0.09,1036842
0.09,1045356
0.09,1122646
0.09,1097740
0.09,1063527
0.09,1043288
0.09,1036183
0.09,1031873
0.09,1023806
0.09,1024409
0.09,1023133
0.09,1023825
0.09,1019765
0.09,1014156
0.09,1009436
0.09,999688
0.09,991050
0.09,1005189
0.09,1030498
0.09,1029229
0.09,1026047
0.09,1025440
0.09,1030640
0.09,1033304
0.09,1040603
0.09,1036118
0.09,1035453
0.09,1042870
0.10,1044261
0.10,1034567
0.10,1031686
0.10,1027854
0.10,1025640
0.10,1019284
0.10,1092493
0.10,1062472
0.10,1021052
0.10,1005008
0.10,1005236
0.10,1002117
0.10,1002065
0.10,1001470
0.10,987495
0.10,981540
0.10,980719
0.10,978758
0.10,979443
0.10,981793
0.10,984839
0.10,989581
0.10,983736
0.10,988735
0.10,1034876
0.10,1032570
0.10,1054825
0.10,1060929
0.10,1057338
0.10,1057394
0.10,1056702
0.10,1069915
0.10,1066268
0.10,1066058
0.10,1065819
0.10,1107968
0.10,1116486
0.10,1112454
0.10,1105095
0.10,1114973
0.10,1108950
0.10,1108132
0.10,1091579
0.10,1095225
0.10,1065235
0.10,1046064
0.10,1012668
0.10,1002092
0.10,992873
0.10,989657
0.10,980412
0.10,973685
0.10,973260
0.10,967658
0.10,964281
0.10,967970
0.10,963749
0.10,960998
0.10,962012
0.10,960353
0.10,967019
0.10,966808
0.10,968128
0.10,967035
0.10,964721
0.10,964540
0.10,966768
0.10,971954
0.10,996272
0.10,1019536
0.10,1024983
0.10,1035340
0.10,1028838
0.10,1038259
0.10,1024572
0.10,1016986
0.10,1037080
0.10,1039349
0.10,1050979
0.10,1052528
0.10,1055387
0.10,1049825
0.10,1102094
0.10,1104494
0.10,1031665
0.10,1034307
0.10,1027174
0.10,1021155
0.11,996473
0.11,1002598
0.11,979337
0.11,985962
0.11,999511
0.11,993848
0.11,995761
0.11,999369
0.11,1001928
0.11,997967
0.11,999631
0.11,1000400
0.11,995440
0.11,999648
0.11,1009277
0.11,1006570
0.11,999470
0.11,1001547
0.11,1008010
0.11,1004355
0.11,995106
0.11,984954
0.11,979751
0.11,978769
0.11,981650
0.11,972337
0.11,971858
0.11,971784
0.11,960521
0.11,958590
0.11,952762
0.11,944936
0.11,949530
0.11,949204
0.11,946552
0.11,947215
0.11,949962
0.11,941530
0.11,939895
0.11,934604
0.11,929351
0.11,924100
0.11,926903
0.11,925556
0.11,925959
0.11,932841
0.11,931620
0.11,930778
0.11,925358
0.11,921226
0.11,917049
0.11,918866
0.11,923674
0.11,922472
0.11,923183
0.11,935167
0.11,928585
0.11,941043
0.11,948677
0.11,950344
0.11,961807
0.11,959402
0.11,960356
0.11,949808
0.11,953701
0.11,956321
0.11,953534
0.11,911565
0.11,920935
0.11,923705
0.11,931324
0.11,946260
0.11,983191
0.11,1004127
0.11,1032024
0.11,1024682
0.11,1041829
0.11,1041754
0.11,1046100
0.11,1039241
0.11,1041046
0.11,998794
0.11,983464
0.11,921003
0.11,921100
0.11,919402
0.11,918803
0.11,906142
0.12,904254
0.12,902461
0.12,904383
0.12,906177
0.12,897767
0.12,898706
0.12,896598
0.12,894839
0.12,899013
0.12,897659
0.12,898152
0.12,900295
0.12,896499
0.12,894156
0.12,892200
0.12,911907
0.12,886528
0.12,890606
0.12,897583
0.12,897510
0.12,896918
0.12,892748
0.12,888295
0.12,888665
0.12,893002
0.12,894483
0.12,892205
0.12,892069
0.12,892313
0.12,888487
0.12,889665
0.12,890484
0.12,895720
0.12,897433
0.12,910749
0.12,908113
0.12,915219
0.12,913729
0.12,912430
0.12,915557
0.12,915128
0.12,914674
0.12,914942
0.12,914700
0.12,919375
0.12,920613
0.12,948124
0.12,977489
0.12,981340
0.12,988773
0.12,985284
0.12,989902
0.12,981312
0.12,981126
0.12,1004787
0.12,999431
0.12,997315
0.12,1001718
0.12,998863
0.12,999191
0.12,1052598
0.12,1050854
0.12,978779
0.12,983129
0.12,976605
0.12,975862
0.12,947165
0.12,947419
0.12,913221
0.12,908529
0.12,907205
0.12,907734
0.12,902812
0.12,898838
0.12,901036
0.12,899201
0.12,970279
0.12,951481
0.12,922072
0.12,910301
0.12,902155
0.12,896815
0.12,902594
0.12,902630
0.12,903036
0.12,895962
0.12,886460
0.12,882085
0.12,881758
0.13,879778
0.13,882399
0.13,889345
0.13,890352
0.13,892225
0.13,889316
0.13,883469
0.13,879882
0.13,885911
0.13,890804
0.13,888515
0.13,889552
0.13,900293
0.13,899828
0.13,899806
0.13,893023
0.13,889187
0.13,896777
0.13,942184
0.13,944981
0.13,962088
0.13,962101
0.13,961843
0.13,960850
0.13,963510
0.13,973005
0.13,972192
0.13,994543
0.13,993325
0.13,1010327
0.13,1019087
0.13,1014126
0.13,1006712
0.13,1012855
0.13,1010631
0.13,1011442
0.13,978956
0.13,984854
0.13,978185
0.13,956687
0.13,920952
0.13,901024
0.13,894547
0.13,890465
0.13,876398
0.13,872970
0.13,873645
0.13,873775
0.13,874367
0.13,880286
0.13,881921
0.13,880087
0.13,872456
0.13,868109
0.13,867666
0.13,870778
0.13,874988
0.13,874245
0.13,876266
0.13,879131
0.13,878367
0.13,874251
0.13,889664
0.13,910121
0.13,913474
0.13,922114
0.13,924625
0.13,935596
0.13,935776
0.13,929251
0.13,948949
0.13,948602
0.13,953528
0.13,963472
0.13,960936
0.13,970683
0.13,1009302
0.13,1009727
0.13,934569
0.13,933413
0.13,926216
0.13,927086
0.13,902008
0.13,907615
0.13,886941
0.13,892500
0.13,891836
0.13,892563
0.13,892236
0.14,895709
0.14,913287
0.14,907885
0.14,909004
0.14,912425
0.14,909765
0.14,913190
0.14,910352
0.14,909213
0.14,900083
0.14,900039
0.14,915826
0.14,914985
0.14,906210
0.14,902390
0.14,903366
0.14,899393
0.14,895025
0.14,894978
0.14,893661
0.14,894179
0.14,880400
0.14,862498
0.14,859328
0.14,859583
0.14,858859
0.14,862562
0.14,860455
0.14,860465
0.14,862737
0.14,858910
0.14,856131
0.14,855572
0.14,852389
0.14,848084
0.14,847189
0.14,851684
0.14,849286
0.14,850555
0.14,847201
0.14,844383
0.14,841637
0.14,838604
0.14,838259
0.14,838153
0.14,844210
0.14,844356
0.14,857710
0.14,862117
0.14,860201
0.14,865171
0.14,867929
0.14,868005
0.14,867871
0.14,868079
0.14,869296
0.14,867773
0.14,872005
0.14,874547
0.14,876045
0.14,875527
0.14,873129
0.14,870443
0.14,871516
0.14,870171
0.14,876038
0.14,871778
0.14,877514
0.14,899262
0.14,933123
0.14,960343
0.14,894177
0.14,897750
0.14,893330
0.14,891712
0.14,889144
0.14,890738
0.14,883473
0.14,881717
0.14,876361
0.14,884819
0.14,911713
0.14,915319
0.14,922041
0.14,918243
0.14,925534
0.14,921420
0.15,912024
0.15,942214
0.15,946182
0.15,950865
0.15,951339
0.15,933928
0.15,943991
0.15,983407
0.15,982123
0.15,909595
0.15,916483
0.15,912907
0.15,905761
0.15,877331
0.15,874465
0.15,846346
0.15,844011
0.15,841007
0.15,839558
0.15,841426
0.15,840164
0.15,836112
0.15,836664
0.15,838266
0.15,843264
0.15,843640
0.15,844531
0.15,844001
0.15,841122
0.15,841333
0.15,840952
0.15,841568
0.15,838971
0.15,839801
0.15,840806
0.15,841359
0.15,841075
0.15,842291
0.15,844011
0.15,841405
0.15,840499
0.15,832790
0.15,852950
0.15,831085
0.15,852929
0.15,841424
0.15,827200
0.15,823941
0.15,835209
0.15,834091
0.15,831096
0.15,823548
0.15,820343
0.15,817911
0.15,820738
0.15,821208
0.15,815535
0.15,815742
0.15,814293
0.15,811932
0.15,809466
0.15,803580
0.15,804850
0.15,805995
0.15,806346
0.15,814188
0.15,814957
0.15,814483
0.15,808745
0.15,806611
0.15,806974
0.15,801395
0.15,802398
0.15,801882
0.15,797227
0.15,800186
0.15,800690
0.15,799797
0.15,798729
0.15,799209
0.15,807712
0.15,808875
0.15,806439
0.15,798128
0.15,794968
0.15,792906
0.15,790541
0.15,788502
0.15,786299
0.15,787218
0.16,789387
0.16,790008
0.16,786419
0.16,785655
0.16,782690
0.16,780996
0.16,784344
0.16,785906
0.16,785474
0.16,781207
0.16,779057
0.16,777181
0.16,775313
0.16,774132
0.16,772327
0.16,787806
0.16,776577
0.16,795457
0.16,793340
0.16,798635
0.16,788756
0.16,827086
0.16,826817
0.16,781317
0.16,772425
0.16,770688
0.16,770649
0.16,771602
0.16,771842
0.16,769389
0.16,767867
0.16,765895
0.16,764962
0.16,763493
0.16,762913
0.16,761316
0.16,772623
0.16,769733
0.16,759909
0.16,760300
0.16,760888
0.16,762173
0.16,762917
0.16,762516
0.16,763385
0.16,766538
0.16,767877
0.16,767027
0.16,765092
0.16,763411
0.16,765860
0.16,773197
0.16,776506
0.16,775851
0.16,782392
0.16,783150
0.16,778654
0.16,782254
0.16,787328
0.16,784008
0.16,781682
0.16,780832
0.16,779103
0.16,780185
0.16,783471
0.16,786912
0.16,787112
0.16,788683
0.16,792975
0.16,785623
0.16,783019
0.16,790158
0.16,794395
0.16,793998
0.16,800185
0.16,821986
0.16,856983
0.16,882826
0.16,818040
0.16,821632
0.16,820415
0.16,820612
0.16,815979
0.16,815887
0.16,811841
0.16,811759
0.16,809245
0.16,806461
0.16,802794
0.16,800663
0.17,800519
0.17,803852
0.17,805203
0.17,806197
0.17,784841
0.17,785702
0.17,785643
0.17,810627
0.17,812808
0.17,804727
0.17,833907
0.17,832395
0.17,833561
0.17,831665
0.17,904525
0.17,905844
0.17,861925
0.17,855738
0.17,851132
0.17,845474
0.17,850562
0.17,851612
0.17,831485
0.17,830725
0.17,827132
0.17,829596
0.17,830914
0.17,827103
0.17,821058
0.17,774266
0.17,767684
0.17,761545
0.17,758515
0.17,757178
0.17,756868
0.17,759550
0.17,755675
0.17,755075
0.17,753916
0.17,752257
0.17,751118
0.17,750050
0.17,749040
0.17,748059
0.17,750630
0.17,749570
0.17,748628
0.17,754359
0.17,761816
0.17,776827
0.17,803455
0.17,809731
0.17,816176
0.17,829158
0.17,824281
0.17,831225
0.17,768095
0.17,787000
0.17,787812
0.17,797074
0.17,795848
0.17,792497
0.17,750116
0.17,750245
0.17,746897
0.17,746175
0.17,750303
0.17,746623
0.17,768467
0.17,756962
0.17,743286
0.17,742381
0.17,741548
0.17,743289
0.17,745989
0.17,745830
0.17,746677
0.17,746982
0.17,747553
0.17,746638
0.17,746983
0.17,745868
0.17,745716
0.17,744549
0.17,743883
0.17,745429
0.17,744493
0.17,744330
0.17,745653
0.17,753041
0.17,753925
0.18,754958
0.18,762134
0.18,764097
0.18,758546
0.18,760491
0.18,763496
0.18,761752
0.18,761160
0.18,762231
0.18,764654
0.18,766300
0.18,769504
0.18,772073
0.18,774973
0.18,775927
0.18,779895
0.18,773791
0.18,773550
0.18,774309
0.18,777466
0.18,775725
0.18,783882
0.18,808889
0.18,843227
0.18,868446
0.18,803003
0.18,802279
0.18,800268
0.18,797558
0.18,795736
0.18,796300
0.18,794438
0.18,790048
0.18,785636
0.18,781953
0.18,783565
0.18,785578
0.18,787726
0.18,789159
0.18,786468
0.18,779619
0.18,782238
0.18,802788
0.18,799462
0.18,825398
0.18,824710
0.18,824595
0.18,824163
0.18,894353
0.18,889102
0.18,850696
0.18,840100
0.18,839725
0.18,824048
0.18,830611
0.18,827363
0.18,806643
0.18,810837
0.18,809759
0.18,811999
0.18,812438
0.18,807007
0.18,803464
0.18,757769
0.18,756591
0.18,747755
0.18,744308
0.18,740724
0.18,739937
0.18,739157
0.18,738380
0.18,737901
0.18,738503
0.18,741282
0.18,741763
0.18,744320
0.18,745303
0.18,745971
0.18,748514
0.18,749422
0.18,755356
0.18,757009
0.18,756738
0.18,765693
0.18,767759
0.18,761925
0.18,765108
0.18,769389
0.19,765957
0.19,766198
0.19,766670
0.19,766541
0.19,766377
0.19,764181
0.19,763176
0.19,763042
0.19,763398
0.19,765095
0.19,759832
0.19,758161
0.19,762182
0.19,765248
0.19,763751
0.19,774468
0.19,798888
0.19,834270
0.19,862274
0.19,795321
0.19,796503
0.19,795610
0.19,795554
0.19,795715
0.19,796504
0.19,795102
0.19,795506
0.19,790163
0.19,787020
0.19,785514
0.19,785281
0.19,786147
0.19,788508
0.19,782913
0.19,780425
0.19,759489
0.19,765058
0.19,764752
0.19,766042
0.19,762502
0.19,755898
0.19,754284
0.19,769990
0.19,774620
0.19,773395
0.19,799821
0.19,802503
0.19,807124
0.19,813976
0.19,884505
0.19,883571
0.19,848813
0.19,838495
0.19,837490
0.19,829291
0.19,832328
0.19,831342
0.19,809840
0.19,813235
0.19,807438
0.19,807361
0.19,806037
0.19,799330
0.19,792738
0.19,740078
0.19,737245
0.19,737529
0.19,739504
0.19,740452
0.19,742611
0.19,743938
0.19,744771
0.19,744910
0.19,746534
0.19,756926
0.19,759571
0.19,757812
0.19,764243
0.19,766510
0.19,763307
0.19,766144
0.19,771482
0.19,768152
0.19,767404
0.19,766449
0.19,767050
0.19,768546
0.19,768377
0.19,766948
0.19,764367
0.19,762942
0.20,764184
0.20,757003
0.20,755066
0.20,758876
0.20,762589
0.20,762843
0.20,768965
0.20,792480
0.20,830248
0.20,857592
0.20,793407
0.20,798696
0.20,795345
0.20,793735
0.20,792389
0.20,792923
0.20,793433
0.20,793802
0.20,791405
0.20,789154
0.20,787347
0.20,786602
0.20,784953
0.20,787587
0.20,786789
0.20,786049
0.20,761277
0.20,762938
0.20,761061
0.20,760916
0.20,760232
0.20,757126
0.20,759220
0.20,753733
0.20,742861
0.20,763014
0.20,772038
0.20,771740
0.20,797425
0.20,808344
0.20,814078
0.20,813037
0.20,888110
0.20,889679
0.20,851012
0.20,836260
0.20,834654
0.20,829837
0.20,832487
0.20,833122
0.20,809472
0.20,809509
0.20,803603
0.20,803980
0.20,802021
0.20,788930
0.20,781788
0.20,736540
0.20,735798
0.20,735212
0.20,735102
0.20,733863
0.20,733416
0.20,732813
0.20,732260
0.20,731451
0.20,732092
0.20,730908
0.20,733983
0.20,734856
0.20,732319
0.20,733494
0.20,736210
0.20,740034
0.20,741404
0.20,743500
0.20,739013
0.20,737393
0.20,739822
0.20,740842
0.20,741092
0.20,741833
0.20,735050
0.20,730227
0.20,730478
0.20,732711
0.20,733396
0.20,735708
0.21,736894
0.21,739504
0.21,741690
0.21,749295
0.21,753848
0.21,754028
0.21,761519
0.21,764706
0.21,761946
0.21,766486
0.21,770000
0.21,768944
0.21,768393
0.21,768312
0.21,763407
0.21,764049
0.21,765261
0.21,769601
0.21,771332
0.21,773362
0.21,773497
0.21,765805
0.21,764730
0.21,787911
0.21,800322
0.21,794514
0.21,828101
0.21,850618
0.21,884302
0.21,897019
0.21,895604
0.21,894618
0.21,855031
0.21,840980
0.21,839322
0.21,837083
0.21,838267
0.21,836309
0.21,812379
0.21,812398
0.21,811791
0.21,813413
0.21,815645
0.21,812561
0.21,808519
0.21,761589
0.21,746970
0.21,759063
0.21,754408
0.21,750486
0.21,744324
0.21,737429
0.21,741388
0.21,744343
0.21,747267
0.21,756702
0.21,759533
0.21,756734
0.21,740827
0.21,737052
0.21,733284
0.21,729052
0.21,729329
0.21,727933
0.21,729949
0.21,733640
0.21,736432
0.21,737756
0.21,737648
0.21,738329
0.21,740047
0.21,742527
0.21,750316
0.21,753132
0.21,752750
0.21,759154
0.21,763251
0.21,761333
0.21,764804
0.21,763190
0.21,760760
0.21,761423
0.21,761652
0.21,763192
0.21,767157
0.21,767084
0.21,771342
0.21,773762
0.21,795513
0.21,803854
0.21,795642
0.22,819769
0.22,824297
0.22,835264
0.22,831083
0.22,907543
0.22,922677
0.22,903291
0.22,905221
0.22,836067
0.22,832540
0.22,836197
0.22,834705
0.22,812037
0.22,814935
0.22,809319
0.22,811126
0.22,810951
0.22,804473
0.22,803024
0.22,756829
0.22,754970
0.22,751291
0.22,748177
0.22,746631
0.22,734742
0.22,750271
0.22,749264
0.22,747386
0.22,747194
0.22,743353
0.22,744661
0.22,743971
0.22,744469
0.22,750245
0.22,750966
0.22,745855
0.22,729417
0.22,726907
0.22,725915
0.22,726170
0.22,727490
0.22,730736
0.22,732817
0.22,734651
0.22,736470
0.22,736300
0.22,736048
0.22,733702
0.22,731046
0.22,731393
0.22,726097
0.22,724339
0.22,725769
0.22,726125
0.22,729009
0.22,730748
0.22,732431
0.22,733419
0.22,736178
0.22,738356
0.22,739131
0.22,740593
0.22,738442
0.22,742769
0.22,742893
0.22,745904
0.22,748894
0.22,763791
0.22,779139
0.22,799532
0.22,802658
0.22,808374
0.22,829326
0.22,831436
0.22,827881
0.22,861065
0.22,860668
0.22,863171
0.22,862781
0.22,869491
0.22,872966
0.22,866458
0.22,850823
0.22,847734
0.22,826789
0.22,822843
0.22,811042
0.22,806852
0.22,804777
0.22,803220
0.22,801202
0.22,733864
0.23,730044
0.23,730789
0.23,723433
0.23,723680
0.23,723328
0.23,725094
0.23,726782
0.23,729144
0.23,739349
0.23,737747
0.23,739042
0.23,803037
0.23,803433
0.23,804588
0.23,806015
0.23,809053
0.23,820534
0.23,823915
0.23,844377
0.23,842905
0.23,859583
0.23,870833
0.23,872604
0.23,870454
0.23,870681
0.23,850686
0.23,852064
0.23,835045
0.23,836160
0.23,832125
0.23,816815
0.23,817269
0.23,820132
0.23,798358
0.23,787377
0.23,781247
0.23,782679
0.23,782505
0.23,776040
0.23,769456
0.23,773935
0.23,776769
0.23,773205
0.23,779009
0.23,798602
0.23,833131
0.23,855681
0.23,788127
0.23,788367
0.23,786760
0.23,785838
0.23,781826
0.23,781418
0.23,779232
0.23,778457
0.23,774612
0.23,771542
0.23,770951
0.23,769799
0.23,770346
0.23,773030
0.23,767435
0.23,764947
0.23,744011
0.23,749580
0.23,749274
0.23,750564
0.23,747024
0.23,740420
0.23,738806
0.23,754512
0.23,759142
0.23,757917
0.23,784343
0.23,787025
0.23,791646
0.23,798498
0.23,869027
0.23,868093
0.23,833335
0.23,823017
0.23,822012
0.23,813813
0.23,816850
0.23,815864
0.23,794362
0.23,797757
0.23,791960
0.24,791883
0.24,790559
0.24,783852
0.24,777260
0.24,724600
0.24,721767
0.24,721064
0.24,723531
0.24,722202
0.24,720534
0.24,719430
0.24,718732
0.24,719209
0.24,718485
0.24,718445
0.24,717843
0.24,717410
0.24,718591
0.24,719597
0.24,716447
0.24,715737
0.24,715316
0.24,714522
0.24,714116
0.24,713717
0.24,713331
0.24,712975
0.24,712637
0.24,712305
0.24,712005
0.24,711631
0.24,723217
0.24,712973
0.24,715386
0.24,714230
0.24,711210
0.24,710935
0.24,713140
0.24,712709
0.24,714408
0.24,711934
0.24,713506
0.24,715676
0.24,718154
0.24,710661
0.24,710254
0.24,710731
0.24,710007
0.24,721593
0.24,711349
0.24,713992
0.24,709702
0.24,709458
0.24,709285
0.24,709132
0.24,709015
