0.00,6763321
0.00,6526974
0.00,6360715
0.00,6373699
0.00,6317160
0.00,6177747
0.00,6079682
0.00,5892723
0.00,5881781
0.00,5751539
0.01,5765209
0.01,5773593
0.01,5671337
0.01,5556458
0.01,5512937
0.01,5519958
0.01,5515847
0.01,5392038
0.01,5409512
0.01,5271609
0.01,5271047
0.01,5275000
0.01,5273987
0.01,5296940
0.01,5233355
0.01,5095524
0.01,5032696
0.01,4901967
0.01,4817762
0.01,4724317
0.01,4711442
0.01,4677865
0.01,4613760
0.01,4624213
0.01,4539215
0.01,4430383
0.01,4377601
0.01,4294285
0.01,4307603
0.01,4208986
0.01,4126592
0.01,4138682
0.01,4029574
0.01,4030421
0.01,4077999
0.01,4081641
0.01,4071882
0.01,4051684
0.01,4055827
0.02,4064299
0.02,4121951
0.02,4070104
0.02,4069909
0.02,3982598
0.02,3905996
0.02,3952771
0.02,3957367
0.02,3963968
0.02,3980932
0.02,3970839
0.02,3954925
0.02,3960247
0.02,3995676
0.02,3975668
0.02,3926349
0.02,3924057
0.02,3918346
0.02,3939270
0.02,3813855
0.02,3792306
0.02,3728528
0.02,3748310
0.02,3742396
0.02,3697798
0.02,3698020
0.02,3728920
0.02,3699806
0.02,3701640
0.02,3608381
0.02,3604877
0.02,3616693
0.02,3635234
0.02,3635201
0.02,3682955
0.02,3669353
0.02,3633420
0.02,3614682
0.02,3542640
0.02,3492383
0.02,3401317
0.02,3355843
0.02,3252219
0.02,3311455
0.02,3278262
0.02,3252854
0.02,3188396
0.02,3109045
0.02,3079588
0.02,3098176
0.02,3121478
0.02,3123274
0.02,3128140
0.02,3120153
0.02,3174223
0.02,3174573
0.02,3123505
0.02,3101489
0.02,3113394
0.02,3069767
0.02,3047467
0.02,3080568
0.02,3009368
0.02,2967183
0.02,2932526
0.02,2932574
0.02,2898135
0.02,2931985
0.02,2890053
0.02,2899254
0.03,2895040
0.03,2874362
0.03,2813589
0.03,2806044
0.03,2824292
0.03,2820463
0.03,2753751
0.03,2842124
0.03,2844565
0.03,2850825
0.03,2816048
0.03,2824091
0.03,2834036
0.03,2829961
0.03,2831071
0.03,2819636
0.03,2831306
0.03,2879233
0.03,2938083
0.03,2908111
0.03,2838664
0.03,2776797
0.03,2781020
0.03,2819354
0.03,2796388
0.03,2767274
0.03,2769108
0.03,2693887
0.03,2671804
0.03,2592393
0.03,2557100
0.03,2546059
0.03,2576521
0.03,2547511
0.03,2559620
0.03,2572131
0.03,2588264
0.03,2590965
0.03,2585835
0.03,2646247
0.03,2645082
0.03,2604420
0.03,2595021
0.03,2588279
0.03,2571110
0.03,2555515
0.03,2509365
0.03,2480265
0.03,2474040
0.03,2456705
0.03,2455385
0.03,2432454
0.03,2438142
0.03,2432762
0.03,2377181
0.03,2363925
0.03,2334534
0.03,2330008
0.03,2298572
0.03,2294222
0.03,2266915
0.03,2273790
0.03,2262137
0.03,2252099
0.03,2203280
0.03,2290882
0.03,2277081
0.03,2225432
0.03,2208144
0.03,2213135
0.03,2229482
0.03,2225227
0.03,2173219
0.03,2162620
0.03,2128096
0.03,2101921
0.03,2100621
0.03,2100631
0.03,2107334
0.03,2128312
0.03,2124743
0.03,2128399
0.03,2134352
0.03,2119340
0.03,2082216
0.03,2100218
0.03,2093187
0.03,2112327
0.03,2108454
0.03,2123910
0.03,2141806
0.04,2122532
0.04,2197587
0.04,2199661
0.04,2172577
0.04,2158927
0.04,2150358
0.04,2129728
0.04,2060099
0.04,2080114
0.04,2106133
0.04,2127947
0.04,2130746
0.04,2200893
0.04,2201320
0.04,2175362
0.04,2196755
0.04,2211960
0.04,2203341
0.04,2206184
0.04,2182332
0.04,2175240
0.04,2173083
0.04,2179446
0.04,2186210
0.04,2170613
0.04,2125271
0.04,2120201
0.04,2093123
0.04,2091702
0.04,2103432
0.04,2083389
0.04,2085896
0.04,2031372
0.04,1998458
0.04,1992730
0.04,1992886
0.04,2003667
0.04,1983051
0.04,2004739
0.04,2070414
0.04,2070989
0.04,2099830
0.04,2064718
0.04,2045859
0.04,2041345
0.04,2041755
0.04,2072439
0.04,2072134
0.04,2086462
0.04,2076562
0.04,2078878
0.04,2082873
0.04,2111882
0.04,2124104
0.04,2135124
0.04,2106299
0.04,2095774
0.04,2057002
0.04,2047277
0.04,2010244
0.04,2009459
0.04,1987153
0.04,1951831
0.04,1945490
0.04,1950298
0.04,1902680
0.04,1966573
0.04,1945744
0.04,1917584
0.04,1900739
0.04,1901729
0.04,1891106
0.04,1942525
0.04,1928505
0.04,1958943
0.04,1970387
0.04,1970486
0.04,1987929
0.04,1994289
0.04,2028529
0.04,2009450
0.04,1999397
0.04,1989029
0.04,1974774
0.04,1970777
0.04,1983287
0.04,1999050
0.04,1989775
0.04,1962442
0.04,1961643
0.04,1969230
0.05,1965412
0.05,1945978
0.05,1966903
0.05,1938092
0.05,1863610
0.05,1830966
0.05,1835645
0.05,1845824
0.05,1828491
0.05,1816038
0.05,1797086
0.05,1789998
0.05,1796837
0.05,1805891
0.05,1804635
0.05,1812369
0.05,1814636
0.05,1821558
0.05,1825336
0.05,1802308
0.05,1804987
0.05,1774108
0.05,1771785
0.05,1766423
0.05,1770219
0.05,1777394
0.05,1815199
0.05,1830916
0.05,1841141
0.05,1858368
0.05,1899759
0.05,1883264
0.05,1835511
0.05,1844406
0.05,1821042
0.05,1795919
0.05,1767898
0.05,1767409
0.05,1752375
0.05,1722234
0.05,1737584
0.05,1725903
0.05,1720252
0.05,1701187
0.05,1691597
0.05,1697732
0.05,1694586
0.05,1711878
0.05,1728517
0.05,1698665
0.05,1698304
0.05,1704384
0.05,1678088
0.05,1682469
0.05,1678609
0.05,1686627
0.05,1692227
0.05,1688932
0.05,1693785
0.05,1690483
0.05,1684161
0.05,1698995
0.05,1722494
0.05,1657794
0.05,1667629
0.05,1654883
0.05,1649195
0.05,1642289
0.05,1638870
0.05,1637591
0.05,1643896
0.05,1646486
0.05,1641173
0.05,1651233
0.05,1638063
0.05,1643420
0.05,1665747
0.05,1684876
0.05,1613608
0.05,1610076
0.05,1592504
0.05,1580194
0.05,1545811
0.05,1527772
0.05,1523785
0.05,1520700
0.05,1504895
0.05,1494541
0.05,1489294
0.06,1484717
0.06,1469564
0.06,1460778
0.06,1449117
0.06,1453649
0.06,1444523
0.06,1444568
0.06,1433735
0.06,1409501
0.06,1404189
0.06,1401580
0.06,1390199
0.06,1381260
0.06,1368071
0.06,1355377
0.06,1356458
0.06,1357519
0.06,1352311
0.06,1350659
0.06,1355603
0.06,1341784
0.06,1340097
0.06,1329652
0.06,1329434
0.06,1335060
0.06,1350659
0.06,1364625
0.06,1364360
0.06,1368100
0.06,1364588
0.06,1345100
0.06,1341588
0.06,1325333
0.06,1333242
0.06,1324548
0.06,1319055
0.06,1317894
0.06,1307963
0.06,1311986
0.06,1342221
0.06,1332834
0.06,1319080
0.06,1328637
0.06,1316671
0.06,1295416
0.06,1295148
0.06,1281701
0.06,1282278
0.06,1295331
0.06,1304073
0.06,1318021
0.06,1326182
0.06,1358629
0.06,1391719
0.06,1406056
0.06,1337366
0.06,1335748
0.06,1339163
0.06,1322641
0.06,1317426
0.06,1316798
0.06,1301228
0.06,1300499
0.06,1302711
0.06,1307710
0.06,1308458
0.06,1303416
0.06,1317992
0.06,1323816
0.06,1330092
0.06,1327812
0.06,1327674
0.06,1330422
0.06,1319170
0.06,1308360
0.06,1320026
0.06,1319998
0.06,1320100
0.06,1313567
0.06,1316682
0.06,1316158
0.06,1310972
0.06,1311402
0.06,1308474
0.06,1299276
0.06,1287369
0.06,1292301
0.06,1268879
0.06,1268688
0.06,1276659
0.06,1271218
0.06,1269389
0.06,1270330
0.07,1264920
0.07,1252446
0.07,1256268
0.07,1254696
0.07,1246316
0.07,1231016
0.07,1228446
0.07,1234066
0.07,1230442
0.07,1222701
0.07,1213805
0.07,1212238
0.07,1205348
0.07,1195947
0.07,1202842
0.07,1210522
0.07,1216750
0.07,1245307
0.07,1259801
0.07,1270704
0.07,1313761
0.07,1326203
0.07,1264467
0.07,1267941
0.07,1280732
0.07,1291837
0.07,1295869
0.07,1351433
0.07,1338218
0.07,1296067
0.07,1280320
0.07,1271193
0.07,1252027
0.07,1245580
0.07,1249762
0.07,1269486
0.07,1250824
0.07,1247652
0.07,1276090
0.07,1264926
0.07,1295663
0.07,1328699
0.07,1348489
0.07,1336651
0.07,1326693
0.07,1328536
0.07,1331837
0.07,1354787
0.07,1341071
0.07,1349489
0.07,1349844
0.07,1349224
0.07,1349072
0.07,1345692
0.07,1339230
0.07,1342344
0.07,1306258
0.07,1295539
0.07,1270367
0.07,1269118
0.07,1275402
0.07,1275186
0.07,1253386
0.07,1247964
0.07,1233892
0.07,1224809
0.07,1214495
0.07,1216440
0.07,1218803
0.07,1216108
0.07,1206903
0.07,1203716
0.07,1190983
0.07,1201102
0.07,1204563
0.07,1197900
0.07,1192792
0.07,1189480
0.07,1190089
0.07,1195516
0.07,1188477
0.07,1183993
0.07,1173879
0.07,1180481
0.07,1206660
0.07,1197995
0.07,1196520
0.07,1206490
0.07,1199631
0.07,1199154
0.07,1193728
0.08,1179788
0.08,1183938
0.08,1202376
0.08,1204924
0.08,1197897
0.08,1193301
0.08,1198483
0.08,1200483
0.08,1183362
0.08,1183368
0.08,1171225
0.08,1174556
0.08,1163832
0.08,1163754
0.08,1162935
0.08,1150926
0.08,1147606
0.08,1148651
0.08,1139909
0.08,1140227
0.08,1136961
0.08,1140839
0.08,1139218
0.08,1149269
0.08,1149536
0.08,1122411
0.08,1119927
0.08,1114917
0.08,1114586
0.08,1113443
0.08,1119490
0.08,1123926
0.08,1112868
0.08,1114250
0.08,1112325
0.08,1103302
0.08,1103791
0.08,1112686
0.08,1112826
0.08,1115418
0.08,1112933
0.08,1104350
0.08,1104489
0.08,1106010
0.08,1094538
0.08,1100286
0.08,1085518
0.08,1077039
0.08,1092331
0.08,1101377
0.08,1108508
0.08,1116596
0.08,1138687
0.08,1175453
0.08,1202158
0.08,1133717
0.08,1125847
0.08,1126217
0.08,1134202
0.08,1126373
0.08,1123349
0.08,1116260
0.08,1118777
0.08,1122864
0.08,1122820
0.08,1135741
0.08,1135242
0.08,1117249
0.08,1105409
0.08,1123305
0.08,1132285
0.08,1115831
0.08,1133929
0.08,1136942
0.08,1135029
0.08,1139448
0.08,1159854
0.08,1157846
0.08,1168119
0.08,1222824
0.08,1222439
0.08,1181312
0.08,1164191
0.08,1163198
0.08,1130505
0.08,1121985
0.08,1133144
0.08,1145672
0.08,1132158
0.09,1127541
0.09,1139464
0.09,1118966
0.09,1147085
0.09,1179836
0.09,1184675
0.09,1179960
0.09,1173135
0.09,1184935
0.09,1226646
0.09,1229634
0.09,1225155
0.09,1220737
0.09,1203540
0.09,1204138
0.09,1201555
0.09,1191542
0.09,1191016
0.09,1161041
0.09,1155995
0.09,1148095
0.09,1146776
0.09,1141932
0.09,1135193
0.09,1130117
0.09,1104142
0.09,1085320
0.09,1079717
0.09,1078369
0.09,1068831
0.09,1067312
0.09,1067267
0.09,1058342
0.09,1058922
0.09,1051580
0.09,1047193
0.09,1048275
0.09,1039072
0.09,1030473
0.09,1033681
0.09,1040146
0.09,1035301
0.09,1031824
0.09,1032274
0.09,1031836
0.09,1030143
0.09,1024961
0.09,1021273
0.09,1018948
0.09,1024741
0.09,1019831
0.09,1015381
0.09,1016738
0.09,1012241
0.09,1014120
0.09,1014161
0.09,1009816
0.09,1003407
0.09,1004060
0.09,1000695
0.09,1000732
0.09,1003107
0.09,1001457
0.09,1003768
0.09,1001680
0.09,1000144
0.09,996513
0.09,1003004
0.09,1001783
0.09,1002298
0.09,988250
0.09,988704
0.09,989478
0.09,991886
0.09,980959
0.09,980642
0.09,976926
0.09,970513
0.09,962095
0.09,955311
0.09,952376
0.09,948850
0.09,945286
0.09,949182
0.09,948990
0.09,951972
0.09,956474
0.09,952849
0.09,948817
0.09,950923
0.09,948436
0.09,942482
0.10,937689
0.10,941745
0.10,956194
0.10,956845
0.10,954207
0.10,962580
0.10,978710
0.10,1004880
0.10,1015048
0.10,1027318
0.10,1027658
0.10,1020794
0.10,1035142
0.10,1044762
0.10,1073066
0.10,1090261
0.10,1109660
0.10,1121544
0.10,1102943
0.10,1113295
0.10,1117339
0.10,1115676
0.10,1149454
0.10,1115343
0.10,1090690
0.10,1096315
0.10,1103093
0.10,1063956
0.10,1015923
0.10,949853
0.10,934834
0.10,932503
0.10,939919
0.10,936599
0.10,927041
0.10,928271
0.10,927579
0.10,928284
0.10,924004
0.10,918915
0.10,921762
0.10,917069
0.10,916110
0.10,911148
0.10,914379
0.10,915219
0.10,913655
0.10,913526
0.10,914934
0.10,913395
0.10,909950
0.10,910288
0.10,912701
0.10,914898
0.10,910580
0.10,908502
0.10,910432
0.10,911291
0.10,912112
0.10,907609
0.10,905230
0.10,903327
0.10,902619
0.10,902730
0.10,898503
0.10,892881
0.10,892912
0.10,892479
0.10,893819
0.10,896961
0.10,896314
0.10,898459
0.10,890644
0.10,883309
0.10,878748
0.10,874944
0.10,877045
0.10,885449
0.10,871663
0.10,866055
0.10,877273
0.10,878579
0.10,871882
0.10,872053
0.10,880391
0.10,916198
0.10,887055
0.10,877760
0.10,864834
0.10,869267
0.10,878591
0.11,879328
0.11,885234
0.11,893950
0.11,906466
0.11,957685
0.11,968609
0.11,968079
0.11,971694
0.11,977904
0.11,1021599
0.11,1019273
0.11,1020509
0.11,1017709
0.11,1015913
0.11,1030195
0.11,1037779
0.11,1034133
0.11,1037958
0.11,1001421
0.11,1019745
0.11,1001177
0.11,1034394
0.11,1035709
0.11,993531
0.11,977851
0.11,956667
0.11,895705
0.11,869632
0.11,859093
0.11,855578
0.11,859394
0.11,858800
0.11,854704
0.11,850854
0.11,848981
0.11,846572
0.11,843110
0.11,839819
0.11,848192
0.11,847385
0.11,836580
0.11,835612
0.11,837708
0.11,841091
0.11,843927
0.11,837732
0.11,831709
0.11,831991
0.11,827667
0.11,825613
0.11,826356
0.11,827812
0.11,821682
0.11,818696
0.11,815808
0.11,813068
0.11,812217
0.11,814281
0.11,814324
0.11,814551
0.11,813687
0.11,818593
0.11,824292
0.11,822509
0.11,822424
0.11,821673
0.11,821891
0.11,825059
0.11,828238
0.11,827813
0.11,827105
0.11,841536
0.11,849474
0.11,847840
0.11,869405
0.11,877925
0.11,881336
0.11,887799
0.11,885677
0.11,912105
0.11,909993
0.11,954782
0.11,954262
0.11,917213
0.11,903007
0.11,892820
0.11,889681
0.11,868062
0.11,868743
0.11,861175
0.11,853384
0.12,840412
0.12,845181
0.12,830892
0.12,863200
0.12,858073
0.12,862424
0.12,880349
0.12,875997
0.12,861526
0.12,811805
0.12,811989
0.12,814712
0.12,814879
0.12,815983
0.12,814660
0.12,817655
0.12,819592
0.12,818635
0.12,820447
0.12,820923
0.12,822411
0.12,821382
0.12,822498
0.12,826890
0.12,825821
0.12,837021
0.12,844153
0.12,847611
0.12,870937
0.12,878215
0.12,880559
0.12,885231
0.12,885354
0.12,913203
0.12,907176
0.12,954309
0.12,955281
0.12,916931
0.12,906108
0.12,895092
0.12,889225
0.12,869004
0.12,868735
0.12,859397
0.12,858423
0.12,845986
0.12,847657
0.12,829957
0.12,863833
0.12,871601
0.12,872867
0.12,875169
0.12,875868
0.12,880125
0.12,877435
0.12,863222
0.12,815891
0.12,807395
0.12,811812
0.12,804885
0.12,803274
0.12,803814
0.12,807193
0.12,800784
0.12,798378
0.12,801449
0.12,798916
0.12,802307
0.12,812514
0.12,802770
0.12,800904
0.12,796117
0.12,795356
0.12,795083
0.12,792853
0.12,793313
0.12,798519
0.12,800222
0.12,804710
0.12,805555
0.12,806517
0.12,805228
0.12,805262
0.12,804542
0.12,808939
0.12,817526
0.12,818185
0.12,810793
0.12,821931
0.12,844144
0.13,896269
0.13,916431
0.13,935888
0.13,974506
0.13,981124
0.13,976635
0.13,999374
0.13,981526
0.13,1008233
0.13,1005686
0.13,970294
0.13,967583
0.13,938021
0.13,936444
0.13,912603
0.13,903580
0.13,898588
0.13,904448
0.13,884729
0.13,870242
0.13,804077
0.13,790649
0.13,789825
0.13,791778
0.13,794169
0.13,805397
0.13,834141
0.13,824225
0.13,825351
0.13,828475
0.13,812230
0.13,806686
0.13,787661
0.13,786720
0.13,790075
0.13,789433
0.13,790850
0.13,793258
0.13,792181
0.13,794243
0.13,794361
0.13,795493
0.13,794329
0.13,797628
0.13,797645
0.13,799316
0.13,793256
0.13,792095
0.13,800286
0.13,799801
0.13,801936
0.13,809962
0.13,817870
0.13,849319
0.13,859910
0.13,859639
0.13,860800
0.13,867395
0.13,877925
0.13,878965
0.13,881589
0.13,908141
0.13,911740
0.13,926047
0.13,933910
0.13,936528
0.13,931562
0.13,926678
0.13,922176
0.13,922064
0.13,892331
0.13,878419
0.13,873627
0.13,852397
0.13,850058
0.13,819281
0.13,839296
0.13,829491
0.13,838022
0.13,842244
0.13,851477
0.13,850480
0.13,868865
0.13,869943
0.13,879530
0.13,867387
0.13,894403
0.13,895176
0.13,827015
0.13,817598
0.13,790203
0.14,784595
0.14,792515
0.14,794787
0.14,789695
0.14,782870
0.14,780585
0.14,783418
0.14,784034
0.14,778212
0.14,778854
0.14,785513
0.14,783044
0.14,785742
0.14,784599
0.14,782443
0.14,780205
0.14,786431
0.14,790236
0.14,792359
0.14,784320
0.14,783425
0.14,791602
0.14,794825
0.14,796053
0.14,802788
0.14,817993
0.14,850229
0.14,860672
0.14,862102
0.14,864358
0.14,867235
0.14,876576
0.14,876181
0.14,880200
0.14,904233
0.14,910404
0.14,926197
0.14,931498
0.14,934112
0.14,927507
0.14,924799
0.14,923231
0.14,923920
0.14,893782
0.14,877273
0.14,880876
0.14,859808
0.14,844823
0.14,800842
0.14,805430
0.14,793799
0.14,792430
0.14,789741
0.14,821754
0.14,788560
0.14,832347
0.14,824695
0.14,776107
0.14,774730
0.14,772649
0.14,773631
0.14,772663
0.14,770582
0.14,770643
0.14,768699
0.14,766929
0.14,764710
0.14,764163
0.14,762435
0.14,760950
0.14,759897
0.14,758415
0.14,756580
0.14,755104
0.14,759396
0.14,760151
0.14,753669
0.14,752127
0.14,752360
0.14,753583
0.14,754429
0.14,754527
0.14,753717
0.14,754006
0.14,755029
0.14,755067
0.14,756137
0.14,751969
0.14,750363
0.14,749016
0.14,747678
0.15,748689
0.15,747428
0.15,749003
0.15,749497
0.15,749632
0.15,749093
0.15,746548
0.15,744859
0.15,746935
0.15,746566
0.15,747971
0.15,745838
0.15,745392
0.15,746721
0.15,744439
0.15,745768
0.15,748175
0.15,749317
0.15,749469
0.15,751529
0.15,752322
0.15,753385
0.15,749507
0.15,749232
0.15,752704
0.15,747941
0.15,747522
0.15,748554
0.15,746105
0.15,742583
0.15,742349
0.15,743790
0.15,745308
0.15,745654
0.15,748951
0.15,749652
0.15,752066
0.15,751359
0.15,754836
0.15,758420
0.15,754329
0.15,760719
0.15,764764
0.15,760220
0.15,781506
0.15,795918
0.15,805570
0.15,817549
0.15,815277
0.15,832515
0.15,823543
0.15,868623
0.15,901058
0.15,886401
0.15,884461
0.15,877579
0.15,877966
0.15,862244
0.15,861388
0.15,861181
0.15,891089
0.15,874832
0.15,885970
0.15,835709
0.15,823622
0.15,792566
0.15,786558
0.15,773091
0.15,740269
0.15,738367
0.15,736788
0.15,739176
0.15,735512
0.15,734701
0.15,735568
0.15,731655
0.15,733986
0.15,734487
0.15,734178
0.15,733509
0.15,734737
0.15,733389
0.15,734954
0.15,736978
0.15,740979
0.15,742212
0.15,743920
0.15,742120
0.15,745174
0.16,744048
0.16,745074
0.16,742880
0.16,745589
0.16,755122
0.16,755125
0.16,754134
0.16,762443
0.16,779519
0.16,814349
0.16,822211
0.16,833283
0.16,838039
0.16,838962
0.16,863999
0.16,871465
0.16,877714
0.16,907182
0.16,904740
0.16,937127
0.16,919827
0.16,949582
0.16,946244
0.16,921130
0.16,921603
0.16,913967
0.16,879589
0.16,844353
0.16,840497
0.16,813442
0.16,806955
0.16,730616
0.16,743063
0.16,728752
0.16,725472
0.16,721859
0.16,722598
0.16,723787
0.16,723792
0.16,721595
0.16,722873
0.16,724843
0.16,728073
0.16,727767
0.16,730717
0.16,731368
0.16,732879
0.16,731751
0.16,735581
0.16,734768
0.16,734805
0.16,734204
0.16,737001
0.16,744178
0.16,744477
0.16,745223
0.16,755113
0.16,762834
0.16,807555
0.16,824430
0.16,820232
0.16,836355
0.16,846428
0.16,867800
0.16,873776
0.16,869482
0.16,912318
0.16,893290
0.16,932809
0.16,940160
0.16,917499
0.16,913162
0.16,903553
0.16,901152
0.16,889109
0.16,860986
0.16,834182
0.16,830178
0.16,792472
0.16,776636
0.16,720174
0.16,718917
0.16,719395
0.16,717857
0.16,716853
0.16,723699
0.16,727020
0.16,736597
0.16,739697
0.16,749750
0.16,747787
0.17,755410
0.17,758754
0.17,763840
0.17,764229
0.17,761934
0.17,764256
0.17,768344
0.17,766738
0.17,767738
0.17,768722
0.17,769878
0.17,768966
0.17,761788
0.17,764602
0.17,765200
0.17,764115
0.17,762508
0.17,761530
0.17,753721
0.17,750600
0.17,747403
0.17,744402
0.17,746970
0.17,766217
0.17,785688
0.17,720179
0.17,717792
0.17,715850
0.17,714869
0.17,720266
0.17,721447
0.17,721829
0.17,724202
0.17,724965
0.17,726001
0.17,721403
0.17,721994
0.17,725959
0.17,723097
0.17,721341
0.17,720670
0.17,719475
0.17,718098
0.17,714637
0.17,717735
0.17,720649
0.17,720268
0.17,720938
0.17,720721
0.17,720431
0.17,719077
0.17,718226
0.17,718301
0.17,718299
0.17,720402
0.17,720252
0.17,721786
0.17,723309
0.17,725461
0.17,726006
0.17,726154
0.17,730476
0.17,729712
0.17,729967
0.17,728735
0.17,729718
0.17,733268
0.17,728105
0.17,742731
0.17,752073
0.17,752374
0.17,769045
0.17,772086
0.17,783220
0.17,788970
0.17,789132
0.17,813700
0.17,808076
0.17,852750
0.17,854520
0.17,815721
0.17,804827
0.17,794434
0.17,792505
0.17,769578
0.17,765857
0.17,752705
0.17,761403
0.17,756358
0.17,754459
0.17,728650
0.17,759770
0.18,758758
0.18,768011
0.18,735750
0.18,733478
0.18,765143
0.18,763608
0.18,762517
0.18,752203
0.18,761744
0.18,757582
0.18,731068
0.18,713091
0.18,712506
0.18,711665
0.18,710828
0.18,710000
0.18,709233
0.18,708476
0.18,706797
0.18,706003
0.18,705734
0.18,705004
0.18,704050
0.18,703376
0.18,702706
0.18,701828
0.18,702378
0.18,702321
0.18,702228
0.18,703995
0.18,706947
0.18,707330
0.18,708434
0.18,708483
0.18,711002
0.18,714042
0.18,716199
0.18,716822
0.18,715368
0.18,717744
0.18,717076
0.18,717962
0.18,718412
0.18,728703
0.18,722521
0.18,730041
0.18,735906
0.18,749556
0.18,799726
0.18,820842
0.18,834221
0.18,842899
0.18,842255
0.18,872739
0.18,857659
0.18,883655
0.18,901120
0.18,875525
0.18,894968
0.18,888689
0.18,890830
0.18,873254
0.18,876515
0.18,858664
0.18,858137
0.18,815567
0.18,802547
0.18,742280
0.18,701196
0.18,716429
0.18,719493
0.18,729165
0.18,727642
0.18,730688
0.18,732633
0.18,739802
0.18,743259
0.18,743294
0.18,743846
0.18,750407
0.18,752940
0.18,752623
0.18,751827
0.18,753574
0.18,755239
0.18,757405
0.18,754791
0.18,744397
0.18,748536
0.18,751327
0.19,747549
0.19,747224
0.19,747224
0.19,738004
0.19,737695
0.19,738843
0.19,731871
0.19,729621
0.19,750994
0.19,772207
0.19,703636
0.19,700565
0.19,699507
0.19,699996
0.19,701404
0.19,704213
0.19,707099
0.19,705364
0.19,704786
0.19,705462
0.19,707564
0.19,712170
0.19,708414
0.19,708401
0.19,709162
0.19,706917
0.19,704044
0.19,703150
0.19,706128
0.19,706377
0.19,704512
0.19,705202
0.19,705578
0.19,710453
0.19,711282
0.19,711149
0.19,709877
0.19,710887
0.19,709232
0.19,708881
0.19,709018
0.19,711124
0.19,711792
0.19,711728
0.19,711273
0.19,709840
0.19,714827
0.19,716007
0.19,716766
0.19,709397
0.19,710700
0.19,708747
0.19,709523
0.19,717226
0.19,728079
0.19,760698
0.19,775029
0.19,777925
0.19,780875
0.19,785754
0.19,796373
0.19,797625
0.19,800376
0.19,826026
0.19,828982
0.19,844625
0.19,849122
0.19,852424
0.19,843441
0.19,844011
0.19,842604
0.19,843209
0.19,811561
0.19,801881
0.19,797486
0.19,776315
0.19,771922
0.19,736373
0.19,755226
0.19,738690
0.19,736887
0.19,722908
0.19,707750
0.19,706624
0.19,715907
0.19,719152
0.19,728040
0.19,735302
0.19,778955
0.19,752527
0.19,698529
0.20,696388
0.20,693125
0.20,691813
0.20,691196
0.20,690182
0.20,689580
0.20,688989
0.20,688469
0.20,687979
0.20,688235
0.20,687355
0.20,687159
0.20,689256
0.20,690105
0.20,690923
0.20,690774
0.20,692940
0.20,695642
0.20,716219
0.20,725073
0.20,726729
0.20,744871
0.20,749556
0.20,756652
0.20,759065
0.20,762009
0.20,766193
0.20,765640
0.20,789983
0.20,786716
0.20,831420
0.20,831285
0.20,790824
0.20,780853
0.20,769401
0.20,768986
0.20,747610
0.20,745545
0.20,735854
0.20,732076
0.20,708772
0.20,739447
0.20,751454
0.20,774374
0.20,777777
0.20,778814
0.20,810256
0.20,806270
0.20,803638
0.20,792421
0.20,765313
0.20,748581
0.20,744531
0.20,727116
0.20,720942
0.20,687437
0.20,686216
0.20,686177
0.20,687184
0.20,689167
0.20,689158
0.20,688787
0.20,689178
0.20,690190
0.20,690225
0.20,689952
0.20,688623
0.20,689388
0.20,687086
0.20,685750
0.20,685181
0.20,687956
0.20,689434
0.20,689542
0.20,693364
0.20,689576
0.20,691918
0.20,692403
0.20,684707
0.20,684249
0.20,683463
0.20,683063
0.20,682716
0.20,682385
0.20,683113
0.20,684162
0.20,685082
0.20,686871
0.20,686444
0.20,685120
0.20,684357
0.21,682132
0.21,682533
0.21,683128
0.21,685200
0.21,686060
0.21,685224
0.21,684006
0.21,683734
0.21,681288
0.21,680981
0.21,694126
0.21,692045
0.21,681792
0.21,680867
0.21,680650
0.21,680438
0.21,680872
0.21,682146
0.21,686346
0.21,690460
0.21,691029
0.21,691589
0.21,693960
0.21,695108
0.21,696689
0.21,696294
0.21,720856
0.21,731158
0.21,730685
0.21,746722
0.21,750762
0.21,758004
0.21,758640
0.21,761151
0.21,766566
0.21,769427
0.21,796227
0.21,794035
0.21,837213
0.21,835919
0.21,796900
0.21,787127
0.21,775712
0.21,773566
0.21,754670
0.21,753554
0.21,743138
0.21,738743
0.21,711620
0.21,739776
0.21,742547
0.21,762053
0.21,765678
0.21,773420
0.21,777777
0.21,798092
0.21,800412
0.21,814745
0.21,821725
0.21,819879
0.21,814031
0.21,815126
0.21,813539
0.21,814226
0.21,778364
0.21,778712
0.21,769004
0.21,764385
0.21,762384
0.21,762332
0.21,751199
0.21,721791
0.21,709258
0.21,700024
0.21,699858
0.21,702099
0.21,696665
0.21,700184
0.21,699994
0.21,699751
0.21,695716
0.21,697432
0.21,695454
0.21,693964
0.21,691179
0.21,688781
0.21,688274
0.21,685388
0.21,684551
0.21,683047
0.21,682886
0.21,681358
0.22,680443
0.22,680272
0.22,680106
0.22,679977
0.22,679856
0.22,679740
0.22,679642
0.22,679563
0.22,679486
0.22,679803
0.22,680584
0.22,680430
0.22,680803
0.22,679227
0.22,678052
0.22,677992
0.22,677935
0.22,679659
0.22,677875
0.22,677834
0.22,677806
0.22,677784
0.22,677765
0.22,677757
