0.01, 7406741
0.01, 7394552
0.01, 7394224
0.01, 7384995
0.01, 7367352
0.01, 7356962
0.01, 7331330
0.01, 7327928
0.01, 7327245
0.01, 7320805
0.01, 7303715
0.01, 7290786
0.01, 7277277
0.01, 7199812
0.01, 7197944
0.01, 7109031
0.01, 7100333
0.01, 7095248
0.01, 7080596
0.01, 7078132
0.01, 7078097
0.01, 7057700
0.01, 7046926
0.01, 7025579
0.01, 7016176
0.01, 7012303
0.01, 6999531
0.01, 6994810
0.01, 6992053
0.01, 6987422
0.01, 6985792
0.01, 6981522
0.01, 6936001
0.01, 6902006
0.01, 6886114
0.01, 6870535
0.01, 6862652
0.01, 6862605
0.01, 6844580
0.01, 6833578
0.01, 6828301
0.01, 6824489
0.01, 6824346
0.01, 6816342
0.01, 6811899
0.01, 6809936
0.01, 6803161
0.01, 6802406
0.01, 6801964
0.01, 6781188
0.01, 6780505
0.01, 6763206
0.01, 6759105
0.01, 6753625
0.01, 6753006
0.01, 6747659
0.01, 6734563
0.01, 6732429
0.01, 6729713
0.01, 6729048
0.01, 6688733
0.01, 6683125
0.01, 6629865
0.01, 6625320
0.01, 6624263
0.01, 6574400
0.01, 6538878
0.01, 6536585
0.01, 6521443
0.01, 6497171
0.01, 6461484
0.01, 6447695
0.01, 6420289
0.01, 6413150
0.01, 6353788
0.01, 6336750
0.01, 6332663
0.01, 6328407
0.01, 6324459
0.01, 6322120
0.01, 6321356
0.01, 6321047
0.01, 6316360
0.01, 6305131
0.01, 6296127
0.01, 6286777
0.01, 6286484
0.01, 6185286
0.01, 6184812
0.01, 6184454
0.01, 6173068
0.01, 6144223
0.01, 6135309
0.01, 6113604
0.01, 6089172
0.01, 6083818
0.02, 6078208
0.02, 6032093
0.02, 6029030
0.02, 6017525
0.02, 6015758
0.02, 6012985
0.02, 6004197
0.02, 5979302
0.02, 5969519
0.02, 5968870
0.02, 5968099
0.02, 5956821
0.02, 5941747
0.02, 5940828
0.02, 5920540
0.02, 5915945
0.02, 5914432
0.02, 5912124
0.02, 5911447
0.02, 5911369
0.02, 5876038
0.02, 5875549
0.02, 5875393
0.02, 5854614
0.02, 5844401
0.02, 5814322
0.02, 5804506
0.02, 5796480
0.02, 5785341
0.02, 5768233
0.02, 5756913
0.02, 5755712
0.02, 5755592
0.02, 5743445
0.02, 5733028
0.02, 5710976
0.02, 5691627
0.02, 5689672
0.02, 5686816
0.02, 5681096
0.02, 5678395
0.02, 5666935
0.02, 5647215
0.02, 5645754
0.02, 5630092
0.02, 5627518
0.02, 5627318
0.02, 5618902
0.02, 5617941
0.02, 5615478
0.02, 5507267
0.02, 5505941
0.02, 5501542
0.02, 5491577
0.02, 5462856
0.02, 5461144
0.02, 5438071
0.02, 5431846
0.04, 5431393
0.04, 5421725
0.04, 5419886
0.04, 5353040
0.04, 5350773
0.04, 5344863
0.04, 5289818
0.06, 5283578
0.06, 5274439
0.06, 5274416
0.06, 5246450
0.06, 5242352
0.06, 5241605
0.06, 5239871
0.06, 5157967
0.06, 5149653
0.06, 5119305
0.06, 5118755
0.06, 5077800
0.06, 5064902
0.06, 5064188
0.08, 5049298
0.08, 5041487
0.13, 5018203
0.13, 5017709
0.13, 5009068
0.13, 5001287
0.13, 4962208
0.13, 4960480
0.13, 4958635
0.13, 4929280
0.16, 4900388
0.16, 4895313
0.16, 4852953
0.16, 4847780
0.16, 4847246
0.16, 4841022
0.16, 4840047
0.16, 4829583
0.16, 4828220
0.16, 4793965
0.16, 4784256
0.16, 4779475
0.16, 4774590
0.16, 4772002
0.16, 4759843
0.16, 4755452
0.16, 4726469
0.16, 4724639
0.23, 4724350
0.23, 4687499
0.23, 4681242
0.23, 4666917
0.23, 4664233
0.28, 4657565
0.28, 4651058
0.28, 4637441
0.28, 4627484
0.28, 4623864
0.28, 4623462
0.28, 4618309
0.30, 4616875
0.30, 4608910
0.30, 4608853
0.30, 4602248
0.30, 4588723
0.30, 4588202
0.30, 4581117
0.30, 4569512
0.30, 4566491
0.30, 4543517
0.38, 4537814
0.38, 4530259
0.38, 4515159
0.38, 4510416
0.38, 4502542
0.38, 4433250
0.38, 4410047
0.41, 4384784
0.41, 4373180
0.41, 4348583
0.41, 4326863
0.41, 4325698
0.41, 4325691
0.41, 4323031
0.41, 4322758
0.41, 4319883
0.41, 4318701
0.41, 4316367
0.41, 4314963
0.41, 4314944
0.41, 4273378
0.51, 4265873
0.51, 4256363
0.51, 4225690
0.51, 4212668
0.51, 4173517
0.51, 4162098
0.51, 4155544
0.51, 4134894
0.51, 4126200
0.51, 4125096
0.51, 4118251
0.51, 4117151
0.51, 4113312
0.54, 4113180
0.54, 4110771
0.54, 4091440
0.54, 4082174
0.54, 4080708
0.54, 4080335
0.54, 4071237
0.54, 4068771
0.54, 4068169
0.54, 3996100
0.54, 3994747
0.54, 3992516
0.54, 3991498
0.54, 3990593
0.54, 3988208
0.56, 3983350
0.57, 3975292
0.57, 3941636
0.57, 3922957
0.57, 3919038
0.57, 3914666
0.57, 3911188
0.57, 3909802
0.57, 3909782
0.57, 3894015
0.57, 3871637
0.57, 3861515
0.57, 3859249
0.57, 3848710
0.57, 3844053
0.57, 3810114
0.60, 3804180
0.60, 3791237
0.60, 3786774
0.60, 3786164
0.60, 3785532
0.63, 3781256
0.63, 3778618
0.63, 3762550
0.63, 3758668
0.63, 3758644
0.63, 3734665
0.63, 3734213
0.63, 3716392
0.63, 3711784
0.63, 3706223
0.63, 3692609
0.63, 3682933
0.63, 3682430
0.63, 3677954
0.63, 3676640
0.67, 3666496
0.67, 3665270
0.67, 3663348
0.67, 3649579
0.67, 3638724
0.67, 3638293
0.67, 3588405
0.67, 3575526
0.67, 3572047
0.67, 3567375
0.67, 3562683
0.67, 3541049
0.67, 3538666
0.67, 3503989
0.67, 3501191
0.67, 3488643
0.67, 3485344
0.67, 3482100
0.67, 3481088
0.67, 3470768
0.67, 3462037
0.67, 3457059
0.72, 3449647
0.72, 3446236
0.72, 3442859
0.72, 3442424
0.72, 3427192
0.72, 3409647
0.72, 3408595
0.72, 3406658
0.73, 3402324
0.73, 3391342
0.73, 3388587
0.73, 3387787
0.73, 3387747
0.73, 3385603
0.73, 3383228
0.73, 3380315
0.73, 3376591
0.73, 3376320
0.73, 3372616
0.73, 3365535
0.73, 3342007
0.73, 3324236
0.73, 3308670
0.73, 3291003
0.73, 3286211
0.73, 3284054
0.73, 3281023
0.74, 3275253
0.74, 3274179
0.74, 3263029
0.74, 3258461
0.74, 3257171
0.74, 3255919
0.74, 3241734
0.74, 3232505
0.74, 3232377
0.74, 3230503
0.74, 3226023
0.74, 3208926
0.74, 3199710
0.74, 3198243
0.74, 3187810
0.74, 3181294
0.74, 3172410
0.75, 3158976
0.76, 3151809
0.76, 3146838
0.76, 3144597
0.76, 3122096
0.76, 3120018
0.76, 3107664
0.76, 3087405
0.76, 3085752
0.78, 3081980
0.78, 3080424
0.78, 3054103
0.78, 3047194
0.78, 3042430
0.78, 3041571
0.79, 3023353
0.80, 2987489
0.80, 2974232
0.80, 2973882
0.80, 2959516
0.80, 2958051
0.80, 2957902
0.80, 2956261
0.80, 2955391
0.80, 2951143
0.80, 2945686
0.80, 2938683
0.80, 2932479
0.80, 2924869
0.80, 2921461
0.80, 2920734
0.80, 2917898
0.80, 2915478
0.85, 2908892
0.85, 2902554
0.85, 2901662
0.85, 2900421
0.85, 2896543
0.85, 2891845
0.85, 2872216
0.85, 2869120
0.85, 2863936
0.85, 2848231
0.85, 2839532
0.85, 2837526
0.85, 2831908
0.88, 2831762
0.88, 2823755
0.88, 2813975
0.88, 2795185
0.88, 2783100
0.88, 2748686
0.88, 2748130
0.88, 2745146
0.88, 2743966
0.88, 2740107
0.88, 2739682
0.88, 2737766
0.90, 2733723
0.90, 2724285
0.92, 2708950
0.92, 2706915
0.92, 2705995
0.92, 2701057
0.92, 2693850
0.92, 2693415
0.92, 2692354
0.92, 2678169
0.92, 2662779
0.92, 2640137
0.92, 2636800
0.92, 2635458
0.92, 2634253
0.92, 2632127
0.96, 2612941
0.96, 2585649
0.96, 2579962
0.96, 2577353
0.97, 2573316
0.97, 2572462
0.98, 2557337
0.98, 2554799
0.98, 2554371
0.98, 2545154
0.98, 2532940
0.98, 2532308
0.98, 2527532
0.98, 2501485
0.98, 2494118
0.98, 2494071
0.98, 2489853
0.98, 2481368
0.99, 2477092
0.99, 2475918
0.99, 2470300
0.99, 2441412
0.99, 2439435
0.99, 2439256
0.99, 2433087
0.99, 2428036
1.00, 2420138
1.00, 2414415
1.00, 2414366
1.00, 2405957
1.00, 2403683
1.00, 2403135
1.00, 2390375
1.00, 2379316
1.00, 2377786
1.00, 2373447
1.00, 2368610
1.00, 2366424
1.00, 2364922
1.05, 2354566
1.05, 2352579
1.05, 2343326
1.05, 2341750
1.05, 2334206
1.05, 2332274
1.05, 2325203
1.05, 2323967
1.05, 2320554
1.05, 2317914
1.05, 2315070
1.05, 2307712
1.05, 2302329
1.12, 2298555
1.12, 2288059
1.14, 2287038
1.14, 2284599
1.14, 2273485
1.14, 2270289
1.14, 2270225
1.14, 2270127
1.14, 2269265
1.14, 2266900
1.14, 2263112
1.14, 2261366
1.14, 2260180
1.14, 2248631
1.14, 2245776
1.14, 2239186
1.14, 2236972
1.14, 2236750
1.14, 2225096
1.14, 2221090
1.14, 2220911
1.14, 2220062
1.15, 2205607
1.15, 2202441
1.15, 2202298
1.15, 2191842
1.15, 2187542
1.15, 2186114
1.15, 2178507
1.15, 2156669
1.15, 2131220
1.15, 2126631
1.15, 2123555
1.15, 2114543
1.15, 2112600
1.15, 2110372
1.16, 2108324
1.16, 2101622
1.16, 2098201
1.16, 2097918
1.16, 2083315
1.17, 2070245
1.17, 2062794
1.17, 2057235
1.17, 2054840
1.18, 2053334
1.18, 2052520
1.18, 2048050
1.18, 2032951
1.18, 2026634
1.18, 2025252
1.18, 2021976
1.18, 2013141
1.18, 2011107
1.18, 2007381
1.18, 2000856
1.18, 1976672
1.18, 1974324
1.18, 1973471
1.18, 1971527
1.18, 1970669
1.18, 1968545
1.18, 1957620
1.24, 1944353
1.24, 1944060
1.24, 1943409
1.24, 1940988
1.24, 1935141
1.24, 1923485
1.24, 1916125
1.24, 1913405
1.24, 1909913
1.24, 1909903
1.24, 1904664
1.24, 1893207
1.24, 1886210
1.24, 1886049
1.24, 1882712
1.24, 1873743
1.24, 1872841
1.24, 1872231
1.24, 1867661
1.24, 1863347
1.24, 1862608
1.24, 1857021
1.24, 1854791
1.28, 1847198
1.28, 1844952
1.28, 1843823
1.28, 1843628
1.28, 1843418
1.28, 1837583
1.28, 1834101
1.28, 1827715
1.28, 1826517
1.28, 1825995
1.28, 1822852
1.28, 1820964
1.28, 1820878
1.29, 1815640
1.29, 1802340
1.29, 1802303
1.29, 1800888
1.32, 1798549
1.32, 1798270
1.32, 1797672
1.32, 1788324
1.32, 1777550
1.32, 1777470
1.36, 1775849
1.36, 1773496
1.36, 1771836
1.36, 1766455
1.36, 1763507
1.36, 1762568
1.36, 1762371
1.36, 1752646
1.36, 1749610
1.38, 1749083
1.38, 1745965
1.38, 1744424
1.38, 1741287
1.38, 1737494
1.38, 1734992
1.38, 1732178
1.38, 1730019
1.38, 1725421
1.38, 1723795
1.38, 1723751
1.38, 1721913
1.38, 1720210
1.38, 1713019
1.39, 1709975
1.39, 1681544
1.39, 1681148
1.39, 1680973
1.39, 1679846
1.39, 1676190
1.39, 1671797
1.39, 1671421
1.39, 1670564
1.39, 1668346
1.39, 1662488
1.39, 1662482
1.39, 1661427
1.39, 1659819
1.39, 1658972
1.39, 1656231
1.39, 1654046
1.39, 1652898
1.39, 1651879
1.39, 1651375
1.39, 1650661
1.39, 1644126
1.39, 1643119
1.41, 1630420
1.42, 1628332
1.42, 1623047
1.42, 1621414
1.42, 1607172
1.42, 1603830
1.42, 1599813
1.42, 1599567
1.42, 1599388
1.42, 1599377
1.42, 1598914
1.42, 1597736
1.42, 1594823
1.42, 1594750
1.42, 1593774
1.42, 1592563
1.43, 1588958
1.43, 1588185
1.43, 1586892
1.43, 1583638
1.43, 1582257
1.43, 1565461
1.43, 1563444
1.43, 1556798
1.43, 1553271
1.48, 1552833
1.48, 1550021
1.48, 1549945
1.48, 1549694
1.48, 1533603
1.50, 1532273
1.50, 1517620
1.50, 1517438
1.53, 1516709
1.53, 1513473
1.53, 1512275
1.53, 1507075
1.53, 1507027
1.53, 1506842
1.53, 1503364
1.53, 1496584
1.53, 1495397
1.53, 1491182
1.53, 1491123
1.53, 1487789
1.53, 1486529
1.53, 1484300
1.53, 1481899
1.56, 1480449
1.56, 1479581
1.56, 1475957
1.56, 1475852
1.56, 1465203
1.56, 1463677
1.56, 1460313
1.56, 1453425
1.56, 1449905
1.56, 1445282
1.58, 1437077
1.58, 1435889
1.58, 1434840
1.58, 1432554
1.60, 1430964
1.60, 1426579
1.60, 1424663
1.60, 1424660
1.60, 1421531
1.60, 1421523
1.60, 1419511
1.60, 1418365
1.61, 1417522
1.62, 1410430
1.62, 1408490
1.62, 1404273
1.62, 1403512
1.62, 1402605
1.62, 1394709
1.62, 1394074
1.62, 1392318
1.62, 1391366
1.62, 1391307
1.62, 1390454
1.62, 1388201
1.62, 1388084
1.62, 1386617
1.63, 1385334
1.63, 1382561
1.63, 1379386
1.63, 1379382
1.63, 1379098
1.63, 1378784
1.63, 1377400
1.63, 1376357
1.63, 1376011
1.63, 1375067
1.65, 1374508
1.65, 1373446
1.65, 1372319
1.66, 1370035
1.67, 1369336
1.67, 1363116
1.67, 1361273
1.67, 1357976
1.68, 1357398
1.68, 1348744
1.68, 1343735
1.68, 1342595
1.68, 1340482
1.68, 1338638
1.68, 1328679
1.68, 1324007
1.68, 1323405
1.68, 1323374
1.68, 1319903
1.68, 1319307
1.68, 1315547
1.68, 1313897
1.68, 1311689
1.68, 1311433
1.68, 1310459
1.68, 1308358
1.69, 1306647
1.69, 1303324
1.69, 1301320
1.69, 1297977
1.69, 1297901
1.69, 1296969
1.69, 1296177
1.69, 1295404
1.70, 1294467
1.70, 1293579
1.70, 1293158
1.70, 1290309
1.70, 1289316
1.70, 1284210
1.70, 1282411
1.70, 1282086
1.70, 1280771
1.72, 1276330
1.72, 1273374
1.72, 1271252
1.72, 1270652
1.72, 1267847
1.72, 1267301
1.72, 1266636
1.72, 1264197
1.72, 1263855
1.73, 1262074
1.73, 1259509
1.75, 1251823
1.75, 1251676
1.75, 1248151
1.75, 1244931
1.75, 1244360
1.75, 1241872
1.75, 1238155
1.75, 1235985
1.77, 1232430
1.77, 1231317
1.77, 1229852
1.77, 1228654
1.77, 1228305
1.77, 1227811
1.77, 1220671
1.77, 1220343
1.77, 1219767
1.77, 1218791
1.77, 1217818
1.77, 1217523
1.77, 1214710
1.77, 1207968
1.77, 1207937
1.77, 1207848
1.77, 1207475
1.77, 1206987
1.77, 1206898
1.79, 1201965
1.79, 1195043
1.79, 1190386
1.79, 1190173
1.79, 1186798
1.79, 1186480
1.79, 1183441
1.79, 1182705
1.79, 1182610
1.79, 1181148
1.80, 1180481
1.80, 1179760
1.80, 1179593
1.80, 1179072
1.80, 1178555
1.80, 1175440
1.80, 1173897
1.80, 1170580
1.80, 1169796
1.80, 1168810
1.81, 1168460
1.81, 1168023
1.81, 1165090
1.81, 1164759
1.81, 1164648
1.81, 1161072
1.81, 1158906
1.81, 1153041
1.81, 1152675
1.81, 1147902
1.81, 1146462
1.81, 1146115
1.81, 1142314
1.81, 1142264
1.81, 1142260
1.81, 1141999
1.81, 1138057
1.81, 1137716
1.81, 1136014
1.81, 1132908
1.81, 1132062
1.83, 1131773
1.83, 1131395
1.88, 1129534
1.88, 1129110
1.88, 1127527
1.88, 1124405
1.88, 1119832
1.88, 1117603
1.88, 1117208
1.88, 1116596
1.88, 1116429
1.88, 1116275
1.88, 1114217
1.88, 1112423
1.88, 1107958
1.88, 1107911
1.88, 1107197
1.89, 1106750
1.89, 1106338
1.89, 1100679
1.89, 1100225
1.89, 1098820
1.90, 1096014
1.90, 1094599
1.90, 1092709
1.90, 1092127
1.90, 1092041
1.90, 1090192
1.90, 1089997
1.90, 1086975
1.91, 1086357
1.91, 1083611
1.91, 1079554
1.91, 1077931
1.91, 1077551
1.91, 1071608
1.91, 1068147
1.91, 1065949
1.91, 1062346
1.91, 1062013
1.91, 1059554
1.91, 1059510
1.92, 1055550
1.92, 1055054
1.92, 1054276
1.92, 1052527
1.92, 1051616
1.92, 1050715
1.92, 1048785
1.92, 1048421
1.92, 1047024
1.92, 1046110
1.92, 1046034
1.92, 1045214
1.92, 1042556
1.92, 1035990
1.92, 1035651
1.92, 1035193
1.92, 1033457
2.00, 1029169
2.00, 1026252
2.00, 1024377
2.00, 1014848
2.00, 1013763
2.00, 1012096
2.01, 1011387
2.01, 1010909
2.01, 1008689
2.01, 1006650
2.01, 1006229
2.01, 1006141
2.01, 1005798
2.01, 1005205
2.02, 1004478
2.02, 999948
2.02, 995844
2.02, 993834
2.02, 992654
2.04, 992056
2.04, 991622
2.04, 989939
2.04, 987697
2.04, 987009
2.04, 986975
2.04, 986280
2.04, 980959
2.04, 979742
2.04, 979011
2.04, 977181
2.04, 973125
2.04, 972096
2.04, 971073
2.04, 970935
2.05, 968413
2.05, 967928
2.05, 967702
2.05, 966403
2.05, 963445
2.05, 962574
2.05, 961169
2.05, 960589
2.05, 955439
2.05, 954612
2.05, 954125
2.05, 952284
2.05, 951624
2.05, 948524
2.06, 948243
2.06, 945505
2.06, 945281
2.06, 944977
2.06, 942293
2.06, 937090
2.06, 936489
2.06, 935991
2.06, 934591
2.06, 932123
2.06, 931457
2.06, 930640
2.07, 928754
2.07, 928643
2.07, 926528
2.07, 925279
2.07, 923466
2.07, 919781
2.07, 919289
2.07, 918595
2.07, 915969
2.07, 914701
2.07, 911244
2.07, 911189
2.07, 910842
2.07, 908881
2.07, 902687
2.07, 901502
2.08, 901351
2.08, 901324
2.08, 897573
2.08, 896222
2.08, 895071
2.08, 892688
2.08, 890250
2.08, 890054
2.08, 890046
2.08, 889787
2.13, 889703
2.23, 888471
2.23, 888140
2.23, 887232
2.23, 886291
2.23, 883456
2.23, 883287
2.23, 879350
2.23, 879213
2.23, 877154
2.23, 877142
2.23, 876325
2.23, 875256
2.23, 871957
2.23, 869629
2.23, 868676
2.23, 868339
2.28, 867173
2.28, 866849
2.28, 866314
2.28, 865406
2.28, 863775
2.28, 863493
2.28, 861210
2.28, 861086
2.28, 858645
2.28, 858400
2.28, 857118
2.28, 856311
2.28, 854337
2.28, 854060
2.28, 850548
2.28, 850172
2.28, 850027
2.28, 849359
2.28, 849189
2.28, 847050
2.28, 846881
2.29, 844676
2.29, 843154
2.33, 842957
2.33, 842879
2.33, 842853
2.33, 842172
2.33, 842165
2.33, 841266
2.34, 840339
2.34, 840316
2.34, 831736
2.34, 831421
2.34, 831196
2.34, 831089
2.34, 830592
2.38, 830395
2.38, 829971
2.38, 827323
2.38, 826813
2.38, 826807
2.38, 823874
2.39, 822783
2.42, 822525
2.42, 820904
2.42, 820722
2.42, 819312
2.42, 817916
2.42, 817845
2.43, 814457
2.43, 814390
2.43, 813355
2.43, 812112
2.46, 809060
2.46, 808733
2.46, 808715
2.46, 807530
2.46, 805632
2.46, 804349
2.46, 804121
2.46, 802963
2.46, 802156
2.46, 801686
2.46, 799500
2.46, 799388
2.46, 799323
2.46, 799255
2.46, 798819
2.46, 797045
2.47, 795978
2.47, 795289
2.47, 794897
2.47, 793717
2.47, 793621
2.47, 790041
2.47, 787275
2.47, 786888
2.55, 785395
2.55, 784429
2.56, 783737
2.56, 783184
2.56, 782799
2.56, 781446
2.56, 780521
2.56, 780334
2.56, 779146
2.56, 778918
2.56, 776579
2.56, 775090
2.56, 772230
2.56, 770134
2.56, 769790
2.56, 769629
2.56, 769543
2.56, 769059
2.56, 768617
2.56, 767084
2.56, 767047
2.56, 765839
2.56, 764881
2.56, 764418
2.56, 764360
2.56, 761534
2.56, 759049
2.57, 757939
2.57, 756908
2.57, 756530
2.58, 755300
2.58, 755056
2.58, 754593
2.58, 750892
2.58, 749462
2.58, 749328
2.67, 748026
2.67, 747832
2.67, 747785
2.67, 747432
2.67, 747062
2.67, 746169
2.67, 746003
2.67, 740420
2.70, 739728
2.70, 739481
2.70, 739428
2.70, 738951
2.71, 738823
2.71, 738104
2.72, 737785
2.72, 737681
2.72, 737462
2.72, 735740
2.72, 735096
2.72, 734071
2.72, 734012
2.72, 732820
2.72, 732188
2.73, 731162
2.73, 731067
2.73, 730634
2.73, 728799
2.73, 728438
2.73, 728264
2.73, 727053
2.73, 726585
2.73, 726446
2.73, 726393
2.73, 725925
2.74, 725774
2.74, 724100
2.74, 723557
2.74, 723323
2.75, 722299
2.75, 722196
2.75, 721908
2.75, 720434
2.76, 719024
2.76, 717660
2.76, 717511
2.76, 717306
2.76, 716729
2.78, 716226
2.78, 714971
2.78, 714950
2.78, 714144
2.86, 713976
2.86, 713596
2.86, 713502
2.87, 712687
2.87, 712685
2.87, 712044
2.87, 711576
2.87, 710833
2.87, 710327
2.87, 710322
2.87, 709492
2.87, 708073
2.87, 707569
2.87, 706669
2.87, 706425
2.87, 705192
2.87, 704967
2.87, 704861
2.88, 702658
2.93, 702480
2.93, 702440
2.93, 702369
2.93, 701951
2.93, 701221
2.93, 701149
2.93, 701110
2.93, 700676
2.93, 700499
2.94, 700463
2.94, 700443
2.94, 699909
2.94, 699040
2.95, 698758
2.95, 698511
2.95, 697427
2.95, 697118
2.95, 696980
2.98, 696884
2.98, 696572
3.01, 696212
3.02, 696048
3.02, 695431
3.02, 695309
3.02, 694920
3.02, 694476
3.02, 693883
3.03, 693675
3.03, 693446
3.03, 692537
3.03, 692006
3.04, 691741
3.04, 691141
3.04, 691087
3.15, 691058
3.16, 690988
3.16, 690807
3.17, 690523
3.17, 689720
3.19, 689480
3.19, 688846
3.19, 688818
3.19, 688815
3.19, 688320
3.19, 688166
3.19, 687738
3.19, 686110
3.19, 686107
3.19, 686047
3.21, 685838
3.21, 685552
3.22, 684997
3.22, 684835
3.22, 684581
3.22, 684106
3.23, 683836
3.23, 683363
3.25, 682496
3.27, 682492
3.35, 682270
3.35, 682233
3.35, 681705
3.35, 681648
3.37, 681465
3.37, 681318
3.37, 681286
3.37, 680593
3.37, 680587
3.38, 680466
3.38, 680367
3.39, 680362
3.43, 680133
3.43, 679968
3.51, 679915
3.51, 679251
3.51, 678905
3.53, 678628
3.53, 678572
3.53, 678300
3.54, 678138
3.54, 678136
3.54, 677991
3.54, 677938
3.57, 677765
3.59, 677266
3.59, 677258
3.59, 677192
3.62, 676867
3.64, 676505
3.64, 676502
3.64, 676501
3.67, 676455
3.67, 676428
3.67, 676159
3.70, 675888
3.72, 675705
3.73, 675682
3.74, 674582
3.75, 674459
3.79, 674415
3.79, 674412
3.80, 674298
3.88, 674296
3.90, 674136
3.90, 674076
3.90, 673796
3.90, 673793
4.22, 673784
4.28, 673551
4.29, 673381
4.32, 673378
4.55, 673264
4.65, 673261
4.71, 673102
4.71, 673054
4.82, 673050
4.84, 673019
4.89, 672994
4.99, 672991
8.44, 672864
8.44, 672747
8.46, 672358
8.47, 672327
8.47, 672047
8.48, 671547
8.48, 671519
8.48, 671355
8.48, 671155
8.49, 671086
8.51, 670608
8.52, 670603
8.67, 670540
8.68, 670459
8.69, 670414
8.69, 670386
8.78, 670207
8.79, 670088
8.80, 670040
11.86, 669915
11.86, 669674
11.94, 669156
11.94, 669062
12.12, 668953
12.13, 668814
12.13, 668712
12.15, 668521
12.16, 668434
12.30, 668405
12.30, 668276
12.31, 667809
12.34, 667772
12.34, 667735
12.35, 667628
12.35, 667569
12.35, 667426
12.36, 667360
12.36, 667143
12.37, 666652
12.40, 666649
12.40, 666284
12.41, 666174
12.47, 666149
12.54, 666137
12.56, 666104
12.56, 666075
12.61, 666037
12.67, 666011
15.27, 665583
15.31, 665345
15.31, 665084
15.38, 665042
15.40, 664873
15.41, 664850
15.41, 664693
15.45, 664409
15.46, 664227
15.47, 664082
15.47, 664054
15.48, 664039
15.48, 663812
15.49, 663488
15.50, 663422
15.50, 662796
15.60, 662647
15.83, 662429
15.83, 662369
16.11, 661512
16.11, 661490
16.12, 661092
16.13, 661064
16.22, 661032
16.33, 661026
16.50, 661004
18.37, 659900
18.41, 659763
18.48, 659711
18.49, 659678
18.49, 659402
18.49, 659380
18.54, 659174
18.54, 659146
18.54, 658993
18.61, 658970
18.70, 658901
19.16, 658898
19.16, 658870
19.66, 658706
19.69, 658698
