0.01, 6767237
0.01, 6652575
0.01, 6648162
0.01, 6640149
0.01, 6610395
0.01, 6609462
0.01, 6607834
0.01, 6607620
0.01, 6606568
0.01, 6600441
0.01, 6569591
0.01, 6560556
0.01, 6558050
0.01, 6549202
0.01, 6549153
0.01, 6542687
0.01, 6542271
0.01, 6531911
0.01, 6526562
0.01, 6466441
0.01, 6406943
0.01, 6376467
0.01, 6375278
0.01, 6340918
0.01, 6330026
0.01, 6324860
0.01, 6316190
0.01, 6308183
0.01, 6304780
0.01, 6304621
0.01, 6278103
0.01, 6275682
0.01, 6266564
0.01, 6240249
0.01, 6236865
0.01, 6232936
0.01, 6180407
0.01, 6158427
0.01, 6141572
0.01, 6138879
0.01, 6109664
0.01, 6091397
0.01, 6091289
0.01, 6083843
0.01, 6083531
0.01, 6079900
0.01, 6079438
0.01, 6075941
0.01, 6052610
0.01, 6051174
0.01, 6049185
0.01, 5967337
0.01, 5958571
0.01, 5945434
0.01, 5897155
0.01, 5889432
0.01, 5888067
0.01, 5884392
0.01, 5883966
0.01, 5859678
0.01, 5840360
0.01, 5838292
0.01, 5829628
0.01, 5824657
0.01, 5776276
0.01, 5765537
0.01, 5763520
0.01, 5741398
0.01, 5739097
0.01, 5728325
0.01, 5715528
0.01, 5696841
0.01, 5696569
0.01, 5687806
0.01, 5676809
0.03, 5665808
0.03, 5649436
0.03, 5631664
0.03, 5543174
0.03, 5538446
0.03, 5534981
0.03, 5533963
0.03, 5533228
0.03, 5509303
0.03, 5509004
0.03, 5470117
0.03, 5466728
0.03, 5420471
0.03, 5418070
0.03, 5412594
0.03, 5411307
0.03, 5391783
0.03, 5390483
0.03, 5353456
0.03, 5329812
0.03, 5322364
0.03, 5315824
0.03, 5307794
0.04, 5305360
0.04, 5275868
0.08, 5219166
0.08, 5217365
0.08, 5206885
0.08, 5193393
0.12, 5180807
0.12, 5171296
0.12, 5123660
0.12, 5120077
0.12, 5119183
0.12, 5118622
0.12, 5115978
0.12, 5115175
0.12, 5115130
0.12, 5112421
0.12, 5092206
0.12, 5049306
0.12, 5045445
0.12, 5040039
0.12, 5036234
0.12, 5027875
0.12, 5027381
0.12, 5018934
0.12, 5018273
0.12, 4991781
0.12, 4991337
0.12, 4990758
0.12, 4989947
0.12, 4988106
0.12, 4948163
0.12, 4944822
0.12, 4942206
0.12, 4918123
0.12, 4915653
0.12, 4854351
0.12, 4843348
0.12, 4843341
0.12, 4838520
0.12, 4829679
0.12, 4816447
0.20, 4812689
0.20, 4801466
0.20, 4800259
0.20, 4796143
0.21, 4794468
0.26, 4779823
0.26, 4776268
0.26, 4768311
0.26, 4755705
0.26, 4751488
0.26, 4747282
0.26, 4746954
0.26, 4692744
0.26, 4676167
0.26, 4669172
0.26, 4665974
0.26, 4644758
0.27, 4616170
0.27, 4607303
0.27, 4535319
0.29, 4530367
0.29, 4519778
0.29, 4518698
0.29, 4518003
0.29, 4512801
0.29, 4510495
0.29, 4504273
0.29, 4466989
0.29, 4466884
0.29, 4454651
0.30, 4445364
0.30, 4442398
0.30, 4423022
0.30, 4419035
0.41, 4407405
0.41, 4373299
0.41, 4372053
0.44, 4368983
0.44, 4362896
0.44, 4352456
0.44, 4350354
0.44, 4335169
0.44, 4330555
0.44, 4326101
0.44, 4297540
0.44, 4297494
0.44, 4296278
0.44, 4295196
0.44, 4295109
0.44, 4265306
0.44, 4262132
0.44, 4240171
0.44, 4234913
0.44, 4213843
0.44, 4200293
0.44, 4198972
0.44, 4198418
0.45, 4187545
0.45, 4122019
0.45, 4112592
0.45, 4109956
0.45, 4101697
0.45, 4091216
0.45, 4087204
0.45, 4079624
0.45, 4067592
0.45, 4064408
0.45, 4055364
0.47, 3993878
0.47, 3985578
0.47, 3983176
0.47, 3975174
0.47, 3972793
0.47, 3952123
0.47, 3950949
0.47, 3944734
0.47, 3933726
0.47, 3906087
0.47, 3892761
0.47, 3838007
0.47, 3834174
0.47, 3805915
0.57, 3801497
0.57, 3794493
0.57, 3792770
0.57, 3789827
0.57, 3787357
0.57, 3773029
0.57, 3757005
0.57, 3752115
0.58, 3741130
0.58, 3740832
0.58, 3738389
0.58, 3734997
0.58, 3727938
0.58, 3723986
0.58, 3722578
0.58, 3719988
0.58, 3707730
0.58, 3702258
0.58, 3700949
0.58, 3657276
0.58, 3656786
0.58, 3655858
0.58, 3654681
0.58, 3645401
0.58, 3635892
0.58, 3632894
0.58, 3620140
0.58, 3615056
0.58, 3603117
0.58, 3601315
0.58, 3601055
0.58, 3601030
0.58, 3599894
0.58, 3596333
0.58, 3555477
0.58, 3555240
0.58, 3543878
0.58, 3543563
0.58, 3540631
0.60, 3536478
0.60, 3532625
0.60, 3496782
0.60, 3488899
0.60, 3471137
0.60, 3460884
0.60, 3458767
0.60, 3458379
0.60, 3453989
0.60, 3453552
0.60, 3431420
0.60, 3431332
0.60, 3415568
0.60, 3413871
0.60, 3412673
0.60, 3388112
0.61, 3386899
0.61, 3369120
0.67, 3332312
0.67, 3332107
0.67, 3330315
0.67, 3321569
0.67, 3318528
0.67, 3289574
0.67, 3279106
0.67, 3274505
0.67, 3268213
0.67, 3267078
0.67, 3259742
0.67, 3257036
0.67, 3245416
0.73, 3231078
0.73, 3221664
0.73, 3214904
0.73, 3194059
0.74, 3193158
0.74, 3191139
0.74, 3186621
0.74, 3168665
0.74, 3167605
0.74, 3164998
0.74, 3142678
0.74, 3139615
0.74, 3130277
0.74, 3125890
0.74, 3124979
0.74, 3113484
0.74, 3110664
0.74, 3106122
0.74, 3105711
0.74, 3105697
0.74, 3103557
0.74, 3103464
0.74, 3103159
0.74, 3084401
0.74, 3082869
0.74, 3066758
0.74, 3066451
0.74, 3060529
0.74, 3057981
0.74, 3049857
0.74, 3049697
0.74, 3040183
0.74, 3037297
0.74, 3029966
0.74, 3026866
0.74, 3024768
0.74, 3018354
0.74, 3016071
0.74, 3010816
0.74, 3003253
0.81, 3001693
0.84, 2979388
0.84, 2973242
0.84, 2963098
0.84, 2959131
0.84, 2954386
0.84, 2953785
0.84, 2951401
0.84, 2951014
0.84, 2932900
0.85, 2923651
0.85, 2916635
0.85, 2900168
0.85, 2889827
0.85, 2884829
0.85, 2876287
0.85, 2869095
0.85, 2867559
0.85, 2859084
0.85, 2849312
0.85, 2822199
0.85, 2819426
0.85, 2816609
0.85, 2808813
0.85, 2807263
0.85, 2795572
0.85, 2793015
0.85, 2788859
0.85, 2748267
0.85, 2746446
0.85, 2744005
0.85, 2742393
0.85, 2737971
0.85, 2737204
0.85, 2735526
0.85, 2734103
0.85, 2731058
0.85, 2728445
0.85, 2722396
0.85, 2700885
0.85, 2691866
0.85, 2686076
0.86, 2676138
0.86, 2675047
0.86, 2673089
0.90, 2651424
0.92, 2625834
0.92, 2622690
0.92, 2596256
0.92, 2596083
0.92, 2592498
0.92, 2570970
0.92, 2550461
0.92, 2549920
0.92, 2547704
0.92, 2539501
0.92, 2535134
0.92, 2535007
0.92, 2525326
0.92, 2523654
0.92, 2519328
0.99, 2512318
1.02, 2510675
1.02, 2507635
1.02, 2498710
1.02, 2498411
1.02, 2497372
1.02, 2494506
1.02, 2491861
1.02, 2470760
1.03, 2461804
1.03, 2443491
1.03, 2425204
1.03, 2424130
1.03, 2417686
1.03, 2417566
1.03, 2409664
1.03, 2392246
1.03, 2391355
1.03, 2390233
1.03, 2389717
1.03, 2386113
1.03, 2363497
1.03, 2363379
1.03, 2362934
1.03, 2362750
1.05, 2358744
1.05, 2331501
1.05, 2329182
1.06, 2326362
1.06, 2324531
1.06, 2311963
1.06, 2301235
1.06, 2301158
1.06, 2300337
1.06, 2300332
1.06, 2297530
1.06, 2296933
1.10, 2287650
1.10, 2284571
1.10, 2277758
1.10, 2277426
1.10, 2276573
1.10, 2275539
1.10, 2272341
1.10, 2266731
1.13, 2263617
1.13, 2262564
1.13, 2256868
1.13, 2254512
1.13, 2253921
1.14, 2251282
1.14, 2250647
1.14, 2227591
1.14, 2220470
1.14, 2210942
1.14, 2206581
1.14, 2206202
1.14, 2192482
1.14, 2191428
1.14, 2190871
1.14, 2190724
1.14, 2190711
1.14, 2190703
1.14, 2189244
1.14, 2189229
1.14, 2186164
1.15, 2181642
1.15, 2179629
1.15, 2179613
1.15, 2171055
1.15, 2155268
1.15, 2154228
1.15, 2152358
1.16, 2150297
1.16, 2145865
1.16, 2144684
1.16, 2127480
1.16, 2114816
1.16, 2104556
1.16, 2096906
1.16, 2095557
1.16, 2095108
1.16, 2094429
1.16, 2092994
1.16, 2086630
1.16, 2082770
1.16, 2081093
1.17, 2065371
1.17, 2063910
1.17, 2062081
1.17, 2059410
1.17, 2055690
1.17, 2055666
1.17, 2049650
1.17, 2049136
1.17, 2008669
1.17, 2004684
1.17, 2004417
1.17, 1990812
1.17, 1990040
1.17, 1989874
1.17, 1989448
1.17, 1988467
1.17, 1966171
1.17, 1963984
1.17, 1957015
1.17, 1947846
1.17, 1947562
1.17, 1945174
1.17, 1943780
1.17, 1943711
1.17, 1939049
1.22, 1927296
1.22, 1925513
1.22, 1925057
1.22, 1922852
1.22, 1922346
1.22, 1921601
1.22, 1911179
1.22, 1904946
1.22, 1904687
1.22, 1891177
1.22, 1881925
1.22, 1872010
1.22, 1871856
1.22, 1870735
1.22, 1870663
1.22, 1865559
1.22, 1865063
1.22, 1858479
1.22, 1851045
1.22, 1843953
1.22, 1843868
1.22, 1843811
1.22, 1836239
1.22, 1835606
1.28, 1828023
1.28, 1827901
1.28, 1825198
1.28, 1819281
1.29, 1818096
1.29, 1816940
1.29, 1807343
1.29, 1801423
1.29, 1797526
1.29, 1796310
1.29, 1794469
1.29, 1783292
1.29, 1777691
1.29, 1758034
1.29, 1751393
1.29, 1749566
1.33, 1742797
1.33, 1739662
1.33, 1738652
1.34, 1738564
1.34, 1733935
1.34, 1733857
1.34, 1731855
1.34, 1728239
1.34, 1718974
1.34, 1718799
1.34, 1713545
1.34, 1713431
1.34, 1712461
1.34, 1707974
1.34, 1705405
1.34, 1703127
1.34, 1694954
1.34, 1689153
1.34, 1686861
1.38, 1685130
1.38, 1676516
1.38, 1675393
1.38, 1667278
1.38, 1660862
1.38, 1656594
1.38, 1655271
1.38, 1652474
1.38, 1650204
1.38, 1648962
1.38, 1648048
1.38, 1647532
1.38, 1643317
1.38, 1640461
1.38, 1639970
1.39, 1639319
1.39, 1637394
1.39, 1635461
1.39, 1625440
1.39, 1612464
1.39, 1611274
1.39, 1609453
1.39, 1609384
1.39, 1608138
1.39, 1607847
1.39, 1607519
1.39, 1606215
1.39, 1596379
1.39, 1594849
1.39, 1594555
1.39, 1593827
1.39, 1591451
1.39, 1584187
1.39, 1584015
1.39, 1582394
1.39, 1580661
1.39, 1579317
1.39, 1575551
1.39, 1573968
1.39, 1573682
1.40, 1572182
1.40, 1566175
1.40, 1558133
1.40, 1556706
1.40, 1555826
1.40, 1547070
1.41, 1544169
1.41, 1542385
1.41, 1539455
1.41, 1539235
1.41, 1538701
1.51, 1537899
1.51, 1534879
1.51, 1533001
1.51, 1511532
1.51, 1511101
1.51, 1510340
1.51, 1504989
1.51, 1503871
1.51, 1502314
1.51, 1495614
1.51, 1491625
1.51, 1490815
1.51, 1486527
1.51, 1485998
1.51, 1480279
1.51, 1475561
1.51, 1471142
1.51, 1470447
1.51, 1470200
1.51, 1462970
1.51, 1462958
1.51, 1461261
1.51, 1458583
1.54, 1458194
1.54, 1450862
1.56, 1449899
1.56, 1449266
1.56, 1449210
1.56, 1440210
1.56, 1439666
1.56, 1439055
1.56, 1436714
1.57, 1436688
1.57, 1436562
1.57, 1433708
1.57, 1430666
1.58, 1429976
1.58, 1426836
1.58, 1426534
1.58, 1426526
1.58, 1415850
1.59, 1413385
1.59, 1410523
1.59, 1410507
1.59, 1408246
1.59, 1405527
1.59, 1401796
1.59, 1401704
1.59, 1401226
1.59, 1398031
1.59, 1397770
1.59, 1395791
1.59, 1391651
1.59, 1387999
1.59, 1386556
1.59, 1382342
1.60, 1378750
1.61, 1374411
1.61, 1370926
1.61, 1367473
1.61, 1363974
1.61, 1361847
1.61, 1358779
1.61, 1358478
1.61, 1357996
1.61, 1357807
1.61, 1355329
1.61, 1354853
1.61, 1345589
1.62, 1341744
1.62, 1340535
1.62, 1329895
1.62, 1325339
1.62, 1320249
1.62, 1317878
1.62, 1315871
1.62, 1315726
1.62, 1313808
1.62, 1310054
1.62, 1308797
1.62, 1305927
1.62, 1305048
1.62, 1303447
1.62, 1303361
1.62, 1300285
1.66, 1292144
1.66, 1291946
1.66, 1291054
1.66, 1278200
1.66, 1275694
1.66, 1274735
1.66, 1273897
1.66, 1273356
1.66, 1273325
1.66, 1273167
1.66, 1269261
1.66, 1266540
1.66, 1266191
1.66, 1264666
1.66, 1258629
1.66, 1257705
1.66, 1252468
1.66, 1240735
1.66, 1240214
1.66, 1238690
1.66, 1238138
1.66, 1237859
1.66, 1237434
1.66, 1237036
1.66, 1235227
1.66, 1233184
1.66, 1228839
1.66, 1227565
1.66, 1227560
1.66, 1225761
1.66, 1222549
1.66, 1220841
1.66, 1220232
1.66, 1220127
1.70, 1219907
1.70, 1215217
1.70, 1209363
1.70, 1206218
1.70, 1202798
1.70, 1196479
1.70, 1195424
1.70, 1193582
1.70, 1192699
1.70, 1191623
1.70, 1191562
1.75, 1191302
1.75, 1187680
1.75, 1187411
1.75, 1187220
1.75, 1184582
1.75, 1182171
1.75, 1181026
1.75, 1180390
1.75, 1177600
1.75, 1175744
1.75, 1167415
1.75, 1163745
1.80, 1162874
1.80, 1162261
1.80, 1157019
1.80, 1153818
1.80, 1153427
1.80, 1147185
1.80, 1146983
1.80, 1145425
1.80, 1143250
1.80, 1132283
1.80, 1131731
1.80, 1127794
1.80, 1127560
1.80, 1123114
1.83, 1119728
1.83, 1118946
1.83, 1118057
1.83, 1116639
1.83, 1115717
1.83, 1114504
1.85, 1110741
1.85, 1107236
1.85, 1106689
1.85, 1105719
1.85, 1104362
1.85, 1104229
1.85, 1104117
1.85, 1103463
1.85, 1103043
1.85, 1101598
1.85, 1097602
1.88, 1094792
1.88, 1093962
1.88, 1093715
1.88, 1093369
1.88, 1092479
1.88, 1092352
1.88, 1091548
1.88, 1090314
1.88, 1088517
1.88, 1087827
1.89, 1087294
1.89, 1083528
1.89, 1082953
1.89, 1080005
1.89, 1079280
1.89, 1079147
1.89, 1078185
1.89, 1075635
1.89, 1074396
1.97, 1073704
1.97, 1072869
1.97, 1071643
1.97, 1070150
1.97, 1069031
1.97, 1067127
1.97, 1065972
1.97, 1065701
1.97, 1065212
1.97, 1065153
1.97, 1064442
1.97, 1062927
1.97, 1058760
1.97, 1058015
1.97, 1057993
1.97, 1053438
1.97, 1051686
1.97, 1051677
1.98, 1050401
1.98, 1046984
1.98, 1044780
1.98, 1041619
1.98, 1039569
1.98, 1037652
1.99, 1030735
1.99, 1027682
1.99, 1024138
1.99, 1022312
1.99, 1019882
1.99, 1015639
1.99, 1013735
1.99, 1012060
1.99, 1010266
1.99, 1009543
1.99, 1008800
1.99, 1005093
1.99, 1003392
1.99, 1001743
1.99, 998525
1.99, 998040
1.99, 997227
1.99, 995515
1.99, 994563
1.99, 994316
1.99, 994166
1.99, 992797
1.99, 992606
1.99, 992241
2.00, 991550
2.01, 991001
2.01, 989722
2.01, 989294
2.02, 988767
2.02, 986663
2.02, 985397
2.07, 983560
2.07, 983044
2.07, 978914
2.07, 978540
2.07, 977696
2.07, 975032
2.07, 974819
2.07, 974293
2.07, 973343
2.07, 970894
2.08, 966732
2.08, 964708
2.08, 964331
2.08, 963572
2.08, 963440
2.08, 962809
2.08, 961909
2.08, 961824
2.08, 961471
2.08, 961421
2.08, 957350
2.08, 957189
2.08, 957168
2.08, 956862
2.10, 955305
2.10, 950244
2.10, 949942
2.10, 949520
2.10, 948762
2.10, 948004
2.10, 945928
2.10, 943644
2.10, 942634
2.10, 941005
2.10, 940469
2.11, 940405
2.11, 940251
2.11, 935194
2.11, 934192
2.11, 933837
2.11, 933220
2.11, 929960
2.13, 928615
2.13, 928171
2.14, 927703
2.14, 927648
2.14, 923598
2.14, 918470
2.16, 917556
2.16, 916271
2.16, 914726
2.18, 911635
2.18, 910385
2.18, 909565
2.18, 908517
2.18, 908175
2.18, 908133
2.18, 905072
2.18, 904538
2.18, 902741
2.18, 898608
2.18, 898551
2.18, 898317
2.18, 897274
2.18, 897209
2.18, 895773
2.18, 893629
2.18, 892912
2.18, 892863
2.18, 889940
2.18, 889590
2.18, 888551
2.18, 888534
2.19, 885181
2.19, 884704
2.19, 883096
2.19, 883004
2.19, 882582
2.19, 881769
2.19, 879816
2.19, 876308
2.19, 875883
2.19, 875636
2.19, 874257
2.19, 873990
2.19, 873213
2.19, 872442
2.20, 869098
2.20, 867087
2.20, 866604
2.20, 862912
2.20, 861797
2.20, 861790
2.23, 861286
2.23, 860450
2.23, 859911
2.23, 858914
2.27, 858753
2.27, 858312
2.27, 857864
2.27, 856833
2.27, 855684
2.27, 854875
2.27, 853266
2.27, 853033
2.27, 852747
2.27, 852394
2.27, 851550
2.27, 851294
2.27, 850913
2.27, 849984
2.27, 849614
2.27, 848967
2.27, 848198
2.27, 847636
2.27, 846220
2.28, 846111
2.28, 844124
2.28, 843221
2.28, 842400
2.28, 841546
2.28, 838275
2.28, 837557
2.28, 837183
2.31, 836774
2.31, 836760
2.31, 835892
2.31, 835546
2.31, 835366
2.32, 834430
2.32, 834422
2.32, 834057
2.32, 833676
2.32, 832889
2.32, 832478
2.33, 832230
2.33, 831972
2.33, 831531
2.33, 831217
2.33, 830078
2.33, 829773
2.33, 828999
2.33, 828942
2.33, 826726
2.33, 826674
2.33, 825790
2.33, 825181
2.33, 822441
2.33, 822293
2.33, 821645
2.34, 821064
2.35, 820779
2.35, 818920
2.35, 818772
2.35, 817320
2.35, 816376
2.35, 815343
2.35, 813439
2.35, 813400
2.35, 812286
2.35, 812157
2.35, 811030
2.35, 809909
2.35, 809736
2.35, 808303
2.35, 807205
2.35, 805703
2.35, 805570
2.35, 805307
2.36, 805214
2.36, 805187
2.36, 805130
2.36, 802544
2.36, 802507
2.36, 795990
2.36, 795076
2.36, 794567
2.36, 794535
2.36, 793380
2.36, 793209
2.36, 792646
2.36, 792442
2.36, 792112
2.36, 792098
2.36, 790785
2.36, 790577
2.36, 790535
2.36, 790534
2.36, 788468
2.36, 787422
2.36, 786700
2.36, 785213
2.49, 785198
2.52, 784265
2.52, 783766
2.52, 783295
2.52, 782957
2.52, 781991
2.52, 779872
2.52, 779634
2.52, 778143
2.52, 777716
2.52, 776588
2.52, 775617
2.52, 775324
2.52, 775121
2.53, 774612
2.53, 773991
2.53, 773864
2.53, 772977
2.53, 772419
2.53, 771106
2.53, 769011
2.53, 768412
2.53, 768276
2.53, 767630
2.53, 767075
2.53, 764071
2.53, 763439
2.53, 762264
2.53, 761736
2.53, 761714
2.53, 761682
2.53, 760673
2.53, 759923
2.53, 759677
2.53, 755425
2.53, 755115
2.55, 754365
2.55, 753851
2.55, 753830
2.55, 753143
2.55, 752951
2.58, 752638
2.58, 751509
2.58, 751345
2.58, 751017
2.58, 750622
2.58, 749703
2.58, 749233
2.58, 749126
2.58, 748912
2.58, 748283
2.58, 747477
2.58, 747432
2.58, 746530
2.58, 745987
2.60, 745376
2.60, 745082
2.60, 744702
2.60, 744349
2.60, 740941
2.60, 740724
2.60, 740481
2.60, 739335
2.60, 739200
2.61, 739059
2.61, 738973
2.61, 737422
2.61, 737319
2.61, 737169
2.61, 737001
2.76, 736238
2.76, 736057
2.76, 736002
2.76, 735515
2.76, 734794
2.76, 733790
2.76, 732409
2.76, 732389
2.76, 732212
2.76, 732187
2.77, 731568
2.77, 730381
2.77, 730350
2.78, 729686
2.78, 729196
2.78, 728588
2.78, 728570
2.78, 728007
2.78, 726698
2.78, 726117
2.79, 725784
2.79, 725003
2.79, 724883
2.79, 723008
2.79, 721541
2.79, 721342
2.79, 719755
2.83, 717898
2.83, 717726
2.83, 716626
2.83, 714849
2.85, 714396
2.85, 714236
2.85, 714141
2.85, 714109
2.85, 714107
2.89, 713750
2.89, 713649
2.89, 711768
2.89, 711732
2.89, 711214
2.89, 711175
2.94, 711150
2.94, 710459
2.94, 710454
2.94, 710092
2.95, 709751
2.95, 708432
2.95, 707879
2.95, 707546
2.95, 707461
2.95, 706658
2.95, 706460
2.97, 706134
2.97, 706113
2.97, 703952
2.97, 703303
2.97, 702466
2.98, 702329
2.98, 701402
2.98, 701322
2.98, 700474
2.99, 700247
2.99, 699434
2.99, 699377
2.99, 699359
2.99, 698445
2.99, 696825
2.99, 696654
2.99, 696365
2.99, 696083
3.03, 694461
3.03, 694233
3.03, 693880
3.03, 693525
3.03, 693086
3.03, 691868
3.03, 691192
3.04, 691148
3.04, 690865
3.04, 690581
3.04, 690139
3.04, 690117
3.04, 689881
3.05, 689657
3.05, 689097
3.05, 689067
3.05, 688499
3.05, 688004
3.06, 687754
3.06, 686994
3.07, 686001
3.07, 685995
3.08, 685790
3.08, 685573
3.08, 685528
3.08, 685461
3.08, 685062
3.08, 685032
3.08, 684893
3.08, 684602
3.09, 684222
3.09, 683957
3.09, 683634
3.09, 683422
3.09, 682928
3.09, 682770
3.09, 682422
3.10, 682282
3.10, 681823
3.12, 681762
3.12, 681141
3.12, 680543
3.12, 680335
3.15, 680305
3.15, 680126
3.15, 679946
3.15, 679844
3.15, 679245
3.15, 678540
3.15, 678533
3.15, 678012
3.16, 677712
3.16, 677693
3.16, 677418
3.16, 676544
3.18, 676451
3.18, 675765
3.18, 675416
3.20, 674974
3.21, 674936
3.21, 674488
3.22, 674412
3.22, 674112
3.22, 674107
3.22, 673995
3.25, 673816
3.25, 673315
3.26, 673207
3.26, 672996
3.26, 672995
3.32, 672797
3.32, 672594
3.32, 672529
3.33, 672477
3.33, 672322
3.33, 672319
3.33, 671976
3.34, 671760
3.34, 671526
3.34, 670963
3.38, 670598
3.38, 670562
3.38, 670152
3.38, 670128
3.39, 669866
3.41, 669812
3.42, 669599
3.45, 669440
3.46, 668708
3.46, 668474
3.50, 667874
3.50, 667775
3.51, 667473
3.51, 667256
3.53, 666893
3.55, 666768
3.55, 666652
3.55, 666592
3.68, 666582
3.72, 666378
3.72, 666101
3.72, 666037
3.74, 665809
3.75, 665700
3.75, 665555
3.76, 665321
3.78, 665145
3.78, 664932
3.81, 664821
3.82, 664659
3.86, 664655
4.03, 664601
4.04, 664573
7.19, 664312
7.19, 664311
7.20, 664240
7.22, 663835
7.22, 663471
7.26, 663420
7.27, 663384
7.27, 663366
7.28, 663352
7.36, 663337
7.37, 663277
7.45, 663259
7.58, 662835
7.59, 662588
7.62, 662585
7.84, 662479
7.87, 662419
13.43, 662378
13.44, 662183
13.47, 662132
13.49, 661787
16.82, 661649
16.85, 661486
16.90, 661458
16.90, 661176
16.90, 661148
16.91, 661112
16.91, 660837
17.63, 660814
