0.00,7015206
0.00,6856322
0.00,6851203
0.00,6705448
0.00,6595186
0.00,6400888
0.00,6334698
0.00,6206302
0.00,6158395
0.00,5954591
0.00,5835192
0.00,5718672
0.01,5589842
0.01,5607505
0.01,5510815
0.01,5427190
0.01,5307827
0.01,5204665
0.01,5197066
0.01,5176481
0.01,5074882
0.01,5030159
0.01,4964066
0.01,4961929
0.01,4947347
0.01,4947324
0.01,4850850
0.01,4761648
0.01,4670150
0.01,4593926
0.01,4597252
0.01,4587572
0.01,4591933
0.01,4501311
0.01,4415759
0.01,4360359
0.01,4362114
0.01,4396440
0.01,4384117
0.01,4359318
0.01,4282757
0.01,4341341
0.01,4344328
0.01,4319884
0.01,4308059
0.01,4270565
0.01,4259609
0.01,4216324
0.01,4129767
0.01,4045351
0.01,3979838
0.02,3978958
0.02,3960859
0.02,3976720
0.02,3930637
0.02,3859916
0.02,3796335
0.02,3810462
0.02,3852901
0.02,3811815
0.02,3773754
0.02,3719633
0.02,3722821
0.02,3655719
0.02,3578175
0.02,3507027
0.02,3452035
0.02,3356630
0.02,3348710
0.02,3344882
0.02,3344383
0.02,3366629
0.02,3416184
0.02,3424368
0.02,3432887
0.02,3391422
0.02,3340398
0.02,3337238
0.02,3343024
0.02,3353955
0.02,3349373
0.02,3243350
0.02,3189449
0.02,3093951
0.02,3045754
0.02,2950907
0.02,2911676
0.02,2854263
0.02,2810107
0.02,2814837
0.02,2852829
0.02,2894710
0.02,2902430
0.02,2834037
0.02,2819359
0.02,2768745
0.02,2743201
0.02,2743117
0.02,2720207
0.02,2729422
0.02,2701245
0.02,2693236
0.02,2695577
0.02,2687501
0.02,2663794
0.02,2638812
0.02,2692437
0.02,2683397
0.02,2686750
0.02,2662727
0.02,2690058
0.02,2647676
0.02,2647407
0.02,2674102
0.02,2672066
0.02,2621155
0.02,2613523
0.02,2612695
0.02,2602937
0.02,2607192
0.02,2612986
0.02,2605332
0.02,2678940
0.02,2681279
0.02,2735466
0.02,2735518
0.02,2613526
0.02,2622144
0.02,2631468
0.02,2678221
0.02,2686874
0.02,2550180
0.02,2550293
0.02,2516891
0.02,2504630
0.03,2503919
0.03,2484867
0.03,2463362
0.03,2519720
0.03,2525982
0.03,2488111
0.03,2475423
0.03,2486010
0.03,2423727
0.03,2448473
0.03,2432174
0.03,2439877
0.03,2449737
0.03,2522712
0.03,2532996
0.03,2477323
0.03,2454622
0.03,2450188
0.03,2446046
0.03,2432945
0.03,2434793
0.03,2441040
0.03,2470296
0.03,2477206
0.03,2474399
0.03,2487149
0.03,2436301
0.03,2435248
0.03,2432588
0.03,2391846
0.03,2385771
0.03,2368297
0.03,2375697
0.03,2378170
0.03,2348458
0.03,2340949
0.03,2334875
0.03,2339552
0.03,2308324
0.03,2308596
0.03,2287546
0.03,2297990
0.03,2314111
0.03,2289412
0.03,2284924
0.03,2289469
0.03,2247643
0.03,2247966
0.03,2249464
0.03,2249026
0.03,2235060
0.03,2229292
0.03,2222621
0.03,2197971
0.03,2196483
0.03,2199310
0.03,2188045
0.03,2175316
0.03,2166326
0.03,2168746
0.03,2161628
0.03,2166995
0.03,2157686
0.03,2153355
0.03,2135202
0.03,2125150
0.03,2135304
0.03,2127937
0.03,2131479
0.03,2138454
0.03,2103273
0.03,2117895
0.03,2103857
0.03,2100797
0.03,2107491
0.03,2100413
0.03,2102599
0.03,2075740
0.03,2038880
0.03,2011348
0.03,1998350
0.03,2006932
0.03,2024917
0.03,2026659
0.03,2007758
0.03,2002224
0.03,2000130
0.03,2000526
0.03,2003883
0.03,1993115
0.04,1999762
0.04,1977808
0.04,1970743
0.04,1974466
0.04,1971092
0.04,1972718
0.04,1958887
0.04,1932959
0.04,1935152
0.04,1928704
0.04,1931229
0.04,1935459
0.04,1939195
0.04,1942201
0.04,1932784
0.04,1927790
0.04,1949211
0.04,1923723
0.04,1917174
0.04,1875867
0.04,1864944
0.04,1874302
0.04,1881355
0.04,1848500
0.04,1842090
0.04,1848539
0.04,1849901
0.04,1857643
0.04,1848628
0.04,1808632
0.04,1820286
0.04,1810885
0.04,1784176
0.04,1774116
0.04,1778068
0.04,1778287
0.04,1779417
0.04,1779320
0.04,1760254
0.04,1738232
0.04,1721511
0.04,1699183
0.04,1699843
0.04,1749825
0.04,1715760
0.04,1671636
0.04,1656763
0.04,1649784
0.04,1643525
0.04,1647643
0.04,1668413
0.04,1656284
0.04,1655410
0.04,1684605
0.04,1752970
0.04,1720658
0.04,1668100
0.04,1664312
0.04,1665681
0.04,1674660
0.04,1673217
0.04,1679234
0.04,1670034
0.04,1672604
0.04,1656593
0.04,1654314
0.04,1653032
0.04,1672831
0.04,1670179
0.04,1669982
0.04,1671843
0.04,1669199
0.04,1688275
0.04,1675052
0.04,1653973
0.04,1649151
0.04,1657561
0.04,1621314
0.04,1624202
0.04,1628615
0.04,1646483
0.04,1622636
0.04,1624310
0.04,1629527
0.04,1628115
0.04,1623759
0.04,1633100
0.05,1621526
0.05,1607289
0.05,1610769
0.05,1630082
0.05,1633244
0.05,1632045
0.05,1629293
0.05,1610110
0.05,1604470
0.05,1590682
0.05,1580448
0.05,1570244
0.05,1562085
0.05,1561598
0.05,1545447
0.05,1622838
0.05,1615868
0.05,1618324
0.05,1618482
0.05,1632714
0.05,1681086
0.05,1669692
0.05,1663660
0.05,1660483
0.05,1643900
0.05,1643849
0.05,1667221
0.05,1629345
0.05,1599480
0.05,1558510
0.05,1557111
0.05,1527335
0.05,1520622
0.05,1511050
0.05,1503068
0.05,1494616
0.05,1497653
0.05,1516943
0.05,1518497
0.05,1516771
0.05,1519552
0.05,1491725
0.05,1486195
0.05,1471858
0.05,1457876
0.05,1454898
0.05,1442662
0.05,1435890
0.05,1443318
0.05,1451826
0.05,1468402
0.05,1489407
0.05,1490885
0.05,1475041
0.05,1464155
0.05,1477655
0.05,1481631
0.05,1485786
0.05,1511226
0.05,1510646
0.05,1508084
0.05,1521755
0.05,1515081
0.05,1526119
0.05,1563747
0.05,1557702
0.05,1479477
0.05,1470950
0.05,1473000
0.05,1490629
0.05,1453310
0.05,1421874
0.05,1425795
0.05,1414289
0.05,1447055
0.05,1477098
0.05,1470131
0.05,1468475
0.05,1483032
0.05,1492427
0.05,1495013
0.05,1492291
0.05,1492732
0.05,1514010
0.05,1526688
0.05,1537244
0.05,1520021
0.05,1527840
0.05,1541939
0.05,1541967
0.06,1528215
0.06,1532565
0.06,1484958
0.06,1472732
0.06,1472248
0.06,1488755
0.06,1489992
0.06,1409124
0.06,1415687
0.06,1414674
0.06,1421776
0.06,1425719
0.06,1462153
0.06,1455338
0.06,1445737
0.06,1446560
0.06,1518228
0.06,1502656
0.06,1433723
0.06,1420397
0.06,1426653
0.06,1409458
0.06,1464928
0.06,1477903
0.06,1435358
0.06,1386571
0.06,1390751
0.06,1391360
0.06,1369647
0.06,1354860
0.06,1357234
0.06,1432565
0.06,1430663
0.06,1425911
0.06,1421519
0.06,1426175
0.06,1477502
0.06,1466653
0.06,1473684
0.06,1486652
0.06,1480943
0.06,1468837
0.06,1465166
0.06,1467448
0.06,1487886
0.06,1468131
0.06,1466457
0.06,1486367
0.06,1549515
0.06,1518278
0.06,1460058
0.06,1467439
0.06,1458309
0.06,1441587
0.06,1408594
0.06,1411947
0.06,1400552
0.06,1397011
0.06,1386804
0.06,1385704
0.06,1378368
0.06,1374899
0.06,1378509
0.06,1380355
0.06,1386628
0.06,1391585
0.06,1403279
0.06,1365335
0.06,1366067
0.06,1374637
0.06,1369483
0.06,1366120
0.06,1373009
0.06,1380123
0.06,1360897
0.06,1371306
0.06,1368692
0.06,1364551
0.06,1364062
0.06,1370958
0.06,1359326
0.06,1361839
0.06,1370689
0.06,1370420
0.06,1367941
0.06,1337332
0.06,1338746
0.06,1321407
0.06,1314097
0.06,1311202
0.06,1301272
0.06,1294930
0.07,1278740
0.07,1259559
0.07,1241083
0.07,1229907
0.07,1220353
0.07,1204541
0.07,1206680
0.07,1204990
0.07,1206284
0.07,1204908
0.07,1202799
0.07,1207916
0.07,1189674
0.07,1197858
0.07,1189019
0.07,1188231
0.07,1184498
0.07,1183064
0.07,1173429
0.07,1166099
0.07,1166015
0.07,1169267
0.07,1180819
0.07,1188800
0.07,1187421
0.07,1189131
0.07,1188059
0.07,1188476
0.07,1192454
0.07,1185849
0.07,1192249
0.07,1188708
0.07,1194158
0.07,1190640
0.07,1184397
0.07,1193920
0.07,1188200
0.07,1187310
0.07,1183045
0.07,1185473
0.07,1181897
0.07,1188553
0.07,1183101
0.07,1201050
0.07,1204715
0.07,1202966
0.07,1198747
0.07,1188002
0.07,1185792
0.07,1190457
0.07,1200414
0.07,1209755
0.07,1225369
0.07,1212120
0.07,1208102
0.07,1210977
0.07,1199861
0.07,1182452
0.07,1211295
0.07,1240494
0.07,1180078
0.07,1156110
0.07,1155789
0.07,1163371
0.07,1161264
0.07,1160037
0.07,1156785
0.07,1155750
0.07,1157915
0.07,1168770
0.07,1153082
0.07,1161921
0.07,1148464
0.07,1152918
0.07,1155652
0.07,1156553
0.07,1237688
0.07,1222917
0.07,1212716
0.07,1218148
0.07,1226772
0.07,1231118
0.07,1223152
0.07,1213125
0.07,1210355
0.07,1200102
0.07,1191924
0.07,1186321
0.08,1171463
0.08,1157293
0.08,1134399
0.08,1137846
0.08,1134022
0.08,1138992
0.08,1156550
0.08,1150272
0.08,1125313
0.08,1134409
0.08,1146792
0.08,1146420
0.08,1147122
0.08,1147069
0.08,1140132
0.08,1135050
0.08,1133981
0.08,1136041
0.08,1130141
0.08,1110505
0.08,1101446
0.08,1107344
0.08,1103483
0.08,1092395
0.08,1094286
0.08,1089914
0.08,1078936
0.08,1079082
0.08,1079186
0.08,1083962
0.08,1116862
0.08,1130891
0.08,1155604
0.08,1157921
0.08,1161488
0.08,1176719
0.08,1134725
0.08,1136535
0.08,1155428
0.08,1147150
0.08,1167401
0.08,1165921
0.08,1174643
0.08,1219225
0.08,1219318
0.08,1163594
0.08,1166583
0.08,1164064
0.08,1143004
0.08,1149011
0.08,1136620
0.08,1112149
0.08,1097509
0.08,1095650
0.08,1089017
0.08,1085845
0.08,1080438
0.08,1074659
0.08,1079755
0.08,1080003
0.08,1077263
0.08,1086329
0.08,1095937
0.08,1090694
0.08,1094306
0.08,1097400
0.08,1099446
0.08,1094784
0.08,1091416
0.08,1090541
0.08,1091041
0.08,1088574
0.08,1084284
0.08,1082006
0.08,1083196
0.08,1117563
0.08,1188921
0.08,1164299
0.08,1117674
0.08,1125783
0.08,1123822
0.08,1121742
0.08,1119746
0.08,1121632
0.08,1106969
0.08,1108504
0.08,1114264
0.08,1103341
0.08,1103596
0.09,1108047
0.09,1111833
0.09,1109291
0.09,1123952
0.09,1126776
0.09,1116135
0.09,1101766
0.09,1099252
0.09,1080639
0.09,1080570
0.09,1080874
0.09,1070428
0.09,1053559
0.09,1050294
0.09,1050701
0.09,1050346
0.09,1055595
0.09,1061847
0.09,1069186
0.09,1078243
0.09,1082847
0.09,1089143
0.09,1076856
0.09,1108461
0.09,1112456
0.09,1126666
0.09,1108306
0.09,1103042
0.09,1111568
0.09,1108779
0.09,1136202
0.09,1141251
0.09,1156560
0.09,1194015
0.09,1187723
0.09,1129213
0.09,1146048
0.09,1136564
0.09,1114695
0.09,1115197
0.09,1119291
0.09,1120979
0.09,1116571
0.09,1110186
0.09,1103165
0.09,1090596
0.09,1088650
0.09,1079624
0.09,1085167
0.09,1093714
0.09,1093441
0.09,1091380
0.09,1088511
0.09,1088492
0.09,1090183
0.09,1093169
0.09,1087693
0.09,1075884
0.09,1075320
0.09,1087999
0.09,1080743
0.09,1075514
0.09,1075702
0.09,1060595
0.09,1033523
0.09,1031015
0.09,1032546
0.09,1038171
0.09,1035022
0.09,1033287
0.09,1035364
0.09,1036711
0.09,1040231
0.09,1036190
0.09,1031094
0.09,1032706
0.09,1031095
0.09,1039982
0.09,1039201
0.09,1046702
0.09,1050669
0.09,1046758
0.09,1046732
0.09,1104271
0.09,1075310
0.09,1054141
0.09,1033620
0.09,1044246
0.09,1038352
0.09,1028377
0.09,1020506
0.10,1018184
0.10,1009270
0.10,1001289
0.10,993643
0.10,993171
0.10,983994
0.10,991112
0.10,999178
0.10,987856
0.10,1027510
0.10,1014492
0.10,975533
0.10,968264
0.10,995065
0.10,1019145
0.10,1023068
0.10,1020439
0.10,1056509
0.10,1060094
0.10,1071578
0.10,1068733
0.10,1092236
0.10,1102793
0.10,1118307
0.10,1151154
0.10,1172539
0.10,1177728
0.10,1152497
0.10,1167991
0.10,1146526
0.10,1150024
0.10,1133779
0.10,1125279
0.10,1101264
0.10,1093708
0.10,1090167
0.10,992225
0.10,991216
0.10,992205
0.10,985812
0.10,998882
0.10,999830
0.10,1003158
0.10,1008195
0.10,1014490
0.10,1013523
0.10,1011680
0.10,1008936
0.10,1004769
0.10,998188
0.10,1000620
0.10,998627
0.10,998945
0.10,995935
0.10,986703
0.10,976300
0.10,977409
0.10,987553
0.10,988095
0.10,985672
0.10,985588
0.10,996919
0.10,999719
0.10,1000379
0.10,1006487
0.10,1003696
0.10,1003510
0.10,999534
0.10,1002911
0.10,996836
0.10,1001319
0.10,997442
0.10,999820
0.10,996901
0.10,989090
0.10,987015
0.10,989992
0.10,987718
0.10,988516
0.10,989019
0.10,993949
0.10,998748
0.10,1000651
0.10,1015999
0.10,1049766
0.10,1078096
0.10,1007926
0.10,1010215
0.10,1007861
0.10,1011021
0.10,1018015
0.11,1026141
0.11,1016906
0.11,1016831
0.11,1020142
0.11,1020051
0.11,1018315
0.11,1015002
0.11,1013164
0.11,1006235
0.11,1007825
0.11,1011477
0.11,1005300
0.11,1005283
0.11,1006841
0.11,995654
0.11,992862
0.11,984160
0.11,977931
0.11,973216
0.11,965220
0.11,960434
0.11,959587
0.11,956908
0.11,952729
0.11,951692
0.11,952413
0.11,945347
0.11,941495
0.11,931242
0.11,927028
0.11,925080
0.11,922564
0.11,923081
0.11,924606
0.11,917138
0.11,919478
0.11,933720
0.11,924867
0.11,926487
0.11,940618
0.11,931303
0.11,928711
0.11,928755
0.11,920412
0.11,915350
0.11,915628
0.11,912218
0.11,909524
0.11,908010
0.11,904415
0.11,899587
0.11,909187
0.11,917741
0.11,918985
0.11,927263
0.11,927244
0.11,931069
0.11,935277
0.11,940716
0.11,932282
0.11,933078
0.11,941125
0.11,945480
0.11,946848
0.11,953837
0.11,953241
0.11,950866
0.11,950481
0.11,954280
0.11,949061
0.11,1003598
0.11,969169
0.11,927148
0.11,901554
0.11,900117
0.11,894779
0.11,892560
0.11,898333
0.11,895810
0.11,897058
0.11,903333
0.11,903032
0.11,902574
0.11,908126
0.11,944513
0.11,947652
0.11,955141
0.11,953740
0.12,970944
0.12,974053
0.12,984597
0.12,994793
0.12,1030966
0.12,1029534
0.12,984220
0.12,990918
0.12,967717
0.12,975995
0.12,969146
0.12,969260
0.12,978810
0.12,966025
0.12,956157
0.12,935335
0.12,933748
0.12,927210
0.12,913729
0.12,925394
0.12,922856
0.12,921516
0.12,923208
0.12,925704
0.12,929381
0.12,927169
0.12,925504
0.12,917748
0.12,916580
0.12,922350
0.12,929999
0.12,937719
0.12,934857
0.12,934700
0.12,934780
0.12,927096
0.12,930559
0.12,935771
0.12,948357
0.12,947071
0.12,942700
0.12,947817
0.12,948426
0.12,942777
0.12,941119
0.12,938891
0.12,932717
0.12,931052
0.12,937028
0.12,938299
0.12,950991
0.12,950027
0.12,953598
0.12,959908
0.12,1026153
0.12,996574
0.12,957719
0.12,927677
0.12,919852
0.12,919957
0.12,925874
0.12,922536
0.12,914737
0.12,910448
0.12,917828
0.12,917134
0.12,920054
0.12,922690
0.12,926146
0.12,927505
0.12,925023
0.12,922058
0.12,927410
0.12,918822
0.12,905429
0.12,905146
0.12,910897
0.12,901744
0.12,887874
0.12,884665
0.12,882323
0.12,881703
0.12,891979
0.12,888248
0.12,880392
0.12,876287
0.12,872240
0.12,873673
0.12,872773
0.12,868212
0.12,875295
0.13,890413
0.13,914661
0.13,935584
0.13,937557
0.13,946579
0.13,962967
0.13,971487
0.13,962684
0.13,962741
0.13,973447
0.13,976119
0.13,979749
0.13,1019286
0.13,1025901
0.13,1044935
0.13,1041127
0.13,1032003
0.13,1033046
0.13,1032385
0.13,1020211
0.13,1013653
0.13,992959
0.13,982607
0.13,971774
0.13,917939
0.13,921333
0.13,913850
0.13,911225
0.13,906924
0.13,908696
0.13,918444
0.13,918052
0.13,915950
0.13,914192
0.13,914215
0.13,910848
0.13,917029
0.13,960590
0.13,968347
0.13,973597
0.13,963878
0.13,979512
0.13,985172
0.13,1010419
0.13,1039546
0.13,1095816
0.13,1030319
0.13,976310
0.13,974509
0.13,950117
0.13,947897
0.13,945926
0.13,948648
0.13,950943
0.13,942456
0.13,940356
0.13,927171
0.13,931047
0.13,919527
0.13,893108
0.13,891190
0.13,888697
0.13,880797
0.13,870816
0.13,864939
0.13,864565
0.13,864538
0.13,868451
0.13,872953
0.13,884732
0.13,877576
0.13,874627
0.13,872972
0.13,867548
0.13,867248
0.13,870802
0.13,871870
0.13,863846
0.13,865762
0.13,871002
0.13,874082
0.13,872905
0.13,875700
0.13,868149
0.13,862223
0.13,865420
0.13,862375
0.13,857717
0.13,866561
0.13,861102
0.13,857515
0.13,862088
0.14,858855
0.14,854800
0.14,855705
0.14,851717
0.14,851027
0.14,850683
0.14,854385
0.14,851656
0.14,849223
0.14,850045
0.14,852337
0.14,852190
0.14,850378
0.14,854509
0.14,849800
0.14,846179
0.14,842613
0.14,838934
0.14,838031
0.14,834621
0.14,834295
0.14,841806
0.14,844062
0.14,842815
0.14,842484
0.14,841248
0.14,841169
0.14,839689
0.14,835606
0.14,834717
0.14,833390
0.14,834784
0.14,828264
0.14,825642
0.14,827423
0.14,833414
0.14,839416
0.14,832327
0.14,830600
0.14,831757
0.14,834685
0.14,828986
0.14,833590
0.14,828394
0.14,825798
0.14,821375
0.14,818185
0.14,831599
0.14,819934
0.14,826275
0.14,812432
0.14,809313
0.14,806293
0.14,803349
0.14,800555
0.14,802741
0.14,801845
0.14,802743
0.14,806435
0.14,809301
0.14,810010
0.14,817871
0.14,815040
0.14,810709
0.14,808034
0.14,810287
0.14,816588
0.14,819874
0.14,820303
0.14,825548
0.14,821237
0.14,819823
0.14,827315
0.14,830842
0.14,832580
0.14,831386
0.14,832435
0.14,830645
0.14,831254
0.14,834266
0.14,832811
0.14,832590
0.14,831906
0.14,826202
0.14,830454
0.14,837040
0.14,837945
0.14,836706
0.14,832292
0.15,833591
0.15,828905
0.15,822673
0.15,822063
0.15,826238
0.15,822594
0.15,817528
0.15,819384
0.15,829679
0.15,845588
0.15,886676
0.15,916528
0.15,856645
0.15,859129
0.15,861126
0.15,861528
0.15,861031
0.15,861228
0.15,856073
0.15,853649
0.15,854625
0.15,853966
0.15,854160
0.15,855594
0.15,857563
0.15,857343
0.15,861694
0.15,863039
0.15,854346
0.15,850773
0.15,845604
0.15,845206
0.15,846965
0.15,850958
0.15,854827
0.15,854307
0.15,846062
0.15,846831
0.15,850476
0.15,847299
0.15,848614
0.15,844277
0.15,843857
0.15,843654
0.15,848486
0.15,843109
0.15,850509
0.15,886381
0.15,898191
0.15,903349
0.15,898774
0.15,914438
0.15,920580
0.15,934977
0.15,939541
0.15,945815
0.15,987121
0.15,983268
0.15,1012836
0.15,988985
0.15,1012654
0.15,1010600
0.15,988902
0.15,977574
0.15,966868
0.15,945765
0.15,915145
0.15,881060
0.15,855965
0.15,836938
0.15,812226
0.15,803492
0.15,802181
0.15,802570
0.15,798066
0.15,795468
0.15,811473
0.15,818487
0.15,794693
0.15,792279
0.15,795303
0.15,791559
0.15,791541
0.15,792966
0.15,794656
0.15,798631
0.15,796258
0.15,792978
0.16,802311
0.16,816355
0.16,815463
0.16,809254
0.16,817092
0.16,815322
0.16,809642
0.16,817814
0.16,820988
0.16,821794
0.16,816008
0.16,818726
0.16,819962
0.16,820850
0.16,822635
0.16,825231
0.16,823890
0.16,826976
0.16,818367
0.16,820223
0.16,828193
0.16,828227
0.16,827475
0.16,823051
0.16,822325
0.16,821793
0.16,824219
0.16,828958
0.16,836179
0.16,835185
0.16,831509
0.16,833992
0.16,843318
0.16,867424
0.16,902287
0.16,937099
0.16,870072
0.16,876988
0.16,895204
0.16,918192
0.16,919569
0.16,938595
0.16,932744
0.16,933975
0.16,944789
0.16,944534
0.16,944369
0.16,981292
0.16,984414
0.16,992686
0.16,994586
0.16,993376
0.16,979673
0.16,975417
0.16,960611
0.16,958895
0.16,938854
0.16,929943
0.16,923596
0.16,921564
0.16,902506
0.16,849585
0.16,841951
0.16,834948
0.16,835260
0.16,835375
0.16,834124
0.16,827353
0.16,828199
0.16,823364
0.16,820753
0.16,800400
0.16,816675
0.16,817985
0.16,806036
0.16,802113
0.16,808928
0.16,806964
0.16,815108
0.16,824997
0.16,866090
0.16,843467
0.16,788010
0.16,786994
0.16,782508
0.16,778162
0.16,777866
0.16,777586
0.16,780339
0.16,782640
0.17,783346
0.17,786813
0.17,787591
0.17,787172
0.17,788267
0.17,791355
0.17,791916
0.17,794080
0.17,791457
0.17,790194
0.17,792867
0.17,793107
0.17,794755
0.17,800438
0.17,800407
0.17,801429
0.17,805438
0.17,825288
0.17,820574
0.17,826466
0.17,851326
0.17,875881
0.17,875601
0.17,886748
0.17,887482
0.17,890069
0.17,897632
0.17,895802
0.17,892946
0.17,921293
0.17,926302
0.17,920256
0.17,918302
0.17,933235
0.17,928663
0.17,923719
0.17,910187
0.17,911349
0.17,890903
0.17,881793
0.17,880245
0.17,886127
0.17,877390
0.17,829806
0.17,825786
0.17,831946
0.17,854141
0.17,889213
0.17,914818
0.17,845965
0.17,846165
0.17,846039
0.17,843783
0.17,840082
0.17,873290
0.17,869610
0.17,875839
0.17,869821
0.17,882207
0.17,883940
0.17,894654
0.17,904229
0.17,936698
0.17,938818
0.17,888398
0.17,874658
0.17,846231
0.17,846405
0.17,841772
0.17,843232
0.17,846526
0.17,839890
0.17,839175
0.17,821068
0.17,821639
0.17,814001
0.17,787830
0.17,783756
0.17,775536
0.17,774826
0.17,772719
0.17,770623
0.17,770119
0.17,768038
0.17,766181
0.17,763716
0.17,762584
0.17,760503
0.17,758520
0.17,758568
0.18,757928
0.18,754744
0.18,754359
0.18,752649
0.18,751385
0.18,749700
0.18,748022
0.18,750477
0.18,760004
0.18,769954
0.18,771919
0.18,784815
0.18,749073
0.18,754882
0.18,746424
0.18,746192
0.18,747106
0.18,743482
0.18,741895
0.18,740361
0.18,739413
0.18,742010
0.18,788843
0.18,788514
0.18,771553
0.18,764610
0.18,738531
0.18,737041
0.18,735554
0.18,734846
0.18,734952
0.18,738419
0.18,741585
0.18,740666
0.18,735913
0.18,734240
0.18,733975
0.18,733034
0.18,732821
0.18,731050
0.18,729705
0.18,727915
0.18,727265
0.18,726001
0.18,724797
0.18,726902
0.18,729264
0.18,731745
0.18,734827
0.18,737643
0.18,739351
0.18,738642
0.18,738630
0.18,739655
0.18,738944
0.18,737430
0.18,738815
0.18,741504
0.18,746732
0.18,744925
0.18,745110
0.18,747497
0.18,755585
0.18,759789
0.18,755789
0.18,761576
0.18,765221
0.18,766794
0.18,763297
0.18,764704
0.18,765299
0.18,765167
0.18,768077
0.18,767764
0.18,767550
0.18,769318
0.18,770711
0.18,813659
0.18,829175
0.18,829036
0.18,812093
0.18,811886
0.18,829891
0.18,839706
0.18,861209
0.18,867122
0.18,884807
0.18,887256
0.19,893852
0.19,902571
0.19,910450
0.19,915097
0.19,951171
0.19,946185
0.19,886284
0.19,892690
0.19,878805
0.19,858295
0.19,851534
0.19,829433
0.19,807543
0.19,796516
0.19,796944
0.19,789662
0.19,790280
0.19,790925
0.19,786993
0.19,785745
0.19,789763
0.19,789156
0.19,780917
0.19,774702
0.19,773343
0.19,804772
0.19,806046
0.19,812599
0.19,805942
0.19,817429
0.19,817081
0.19,826232
0.19,835307
0.19,871508
0.19,874398
0.19,818962
0.19,820294
0.19,789318
0.19,790199
0.19,781199
0.19,779056
0.19,760921
0.19,744707
0.19,740718
0.19,723600
0.19,725524
0.19,727616
0.19,725596
0.19,726750
0.19,725944
0.19,724023
0.19,724014
0.19,722830
0.19,724087
0.19,723966
0.19,721121
0.19,719928
0.19,718870
0.19,723081
0.19,725660
0.19,722287
0.19,717870
0.19,715770
0.19,714462
0.19,713479
0.19,716349
0.19,712521
0.19,711567
0.19,714587
0.19,712073
0.19,712316
0.19,710089
0.19,709170
0.19,710208
0.19,710728
0.19,708229
0.19,707281
0.19,707928
0.19,708774
0.19,712795
0.19,716787
0.19,719398
0.19,722866
0.19,725979
0.19,725278
0.19,725594
0.19,725985
0.19,733587
0.19,727953
0.19,720701
0.19,720955
0.19,717425
0.20,718018
0.20,718455
0.20,718061
0.20,719520
0.20,719251
0.20,721042
0.20,722241
0.20,719803
0.20,720514
0.20,718475
0.20,714577
0.20,712909
0.20,714879
0.20,716338
0.20,718233
0.20,719391
0.20,720625
0.20,720338
0.20,720190
0.20,718484
0.20,720539
0.20,723146
0.20,729292
0.20,731234
0.20,731976
0.20,733001
0.20,736926
0.20,740698
0.20,736982
0.20,741389
0.20,744658
0.20,746191
0.20,743830
0.20,749854
0.20,750679
0.20,749140
0.20,750233
0.20,747591
0.20,746722
0.20,746115
0.20,749697
0.20,750454
0.20,745697
0.20,747800
0.20,793322
0.20,789356
0.20,793752
0.20,812677
0.20,817339
0.20,822114
0.20,831529
0.20,831673
0.20,868326
0.20,874095
0.20,882106
0.20,901625
0.20,946307
0.20,978342
0.20,911385
0.20,902585
0.20,898128
0.20,877937
0.20,872433
0.20,859107
0.20,834582
0.20,830369
0.20,807018
0.20,788580
0.20,779253
0.20,780158
0.20,772028
0.20,772035
0.20,776698
0.20,770771
0.20,763220
0.20,759851
0.20,760690
0.20,760069
0.20,757013
0.20,756634
0.20,787040
0.20,786494
0.20,790543
0.20,786503
0.20,797825
0.20,796749
0.20,806331
0.20,814354
0.20,851194
0.20,853613
0.21,804428
0.21,795213
0.21,765990
0.21,749399
0.21,739674
0.21,737094
0.21,715682
0.21,706390
0.21,705505
0.21,704529
0.21,703655
0.21,703787
0.21,706671
0.21,705558
0.21,705300
0.21,702790
0.21,702635
0.21,702417
0.21,703459
0.21,701331
0.21,700543
0.21,699771
0.21,699072
0.21,699374
0.21,702394
0.21,699880
0.21,701268
0.21,703119
0.21,708769
0.21,698423
0.21,697784
0.21,697152
0.21,696530
0.21,695924
0.21,695087
0.21,694485
0.21,693919
0.21,693388
0.21,692862
0.21,693098
0.21,705778
0.21,703697
0.21,693444
0.21,692181
0.21,691689
0.21,693274
0.21,694212
0.21,692623
0.21,693618
0.21,694191
0.21,695847
0.21,697697
0.21,701434
0.21,702967
0.21,706289
0.21,705285
0.21,704261
0.21,702146
0.21,704249
0.21,716011
0.21,712548
0.21,702941
0.21,700109
0.21,703391
0.21,711119
0.21,713508
0.21,713694
0.21,715202
0.21,722927
0.21,727415
0.21,721287
0.21,721748
0.21,724091
0.21,722091
0.21,718198
0.21,726032
0.21,726986
0.21,725485
0.21,727833
0.21,727159
0.21,726936
0.21,726314
0.21,724682
0.21,723841
0.21,716752
0.21,717586
0.21,722140
0.21,718492
0.22,724147
0.22,734222
0.22,734477
0.22,735039
0.22,736750
0.22,736870
0.22,732649
0.22,735116
0.22,743188
0.22,766498
0.22,802656
0.22,828986
0.22,762818
0.22,765289
0.22,763345
0.22,764138
0.22,762023
0.22,763236
0.22,761128
0.22,769276
0.22,819706
0.22,831373
0.22,831971
0.22,833845
0.22,837773
0.22,847871
0.22,888463
0.22,886584
0.22,883133
0.22,882465
0.22,891517
0.22,887733
0.22,883696
0.22,867681
0.22,863805
0.22,843087
0.22,835573
0.22,834128
0.22,829293
0.22,824522
0.22,802692
0.22,795230
0.22,771024
0.22,749880
0.22,739911
0.22,737374
0.22,731254
0.22,714963
0.22,716847
0.22,721674
0.22,720943
0.22,732924
0.22,736280
0.22,742695
0.22,741005
0.22,718219
0.22,732885
0.22,720760
0.22,736288
0.22,706899
0.22,746235
0.22,739947
0.22,690677
0.22,691318
0.22,691887
0.22,690846
0.22,692957
0.22,693557
0.22,694192
0.22,691633
0.22,689254
0.22,690926
0.22,691325
0.22,695258
0.22,696320
0.22,695109
0.22,698150
0.22,701230
0.22,702668
0.22,700991
0.22,698683
0.22,701272
0.22,703084
0.22,699525
0.22,698445
0.22,698158
0.22,699520
0.22,704263
0.22,704069
0.22,703874
0.23,703660
0.23,710602
0.23,713510
0.23,709457
0.23,712867
0.23,712040
0.23,708990
0.23,703483
0.23,709125
0.23,709682
0.23,710922
0.23,714554
0.23,703343
0.23,703253
0.23,704364
0.23,706555
0.23,712904
0.23,707852
0.23,709420
0.23,712957
0.23,709265
0.23,712463
0.23,722722
0.23,726165
0.23,726804
0.23,727191
0.23,726396
0.23,721986
0.23,724045
0.23,733118
0.23,757104
0.23,791113
0.23,816611
0.23,754144
0.23,758643
0.23,757381
0.23,756533
0.23,754200
0.23,755241
0.23,751051
0.23,751225
0.23,750484
0.23,750383
0.23,750034
0.23,748440
0.23,747882
0.23,747662
0.23,753813
0.23,751802
0.23,745425
0.23,744948
0.23,744375
0.23,744833
0.23,745276
0.23,744249
0.23,742432
0.23,742114
0.23,738617
0.23,738236
0.23,741566
0.23,742731
0.23,751207
0.23,802763
0.23,814542
0.23,812388
0.23,811940
0.23,812408
0.23,824518
0.23,844614
0.23,844178
0.23,849086
0.23,842442
0.23,864623
0.23,864612
0.23,866068
0.23,855393
0.23,858805
0.23,845892
0.23,838960
0.23,860020
0.23,837940
0.23,864749
0.23,835716
0.23,792056
0.23,776883
0.23,761297
0.23,760077
0.23,749380
0.23,743700
0.23,738006
0.23,734661
0.24,699821
0.24,694754
0.24,689036
0.24,691914
0.24,692910
0.24,696200
0.24,696266
0.24,695953
0.24,697648
0.24,697838
0.24,700514
0.24,699476
0.24,698364
0.24,698400
0.24,697758
0.24,700039
0.24,700509
0.24,703496
0.24,702646
0.24,698256
0.24,695713
0.24,695794
0.24,704049
0.24,698137
0.24,694098
0.24,695146
0.24,691702
0.24,689986
0.24,688582
0.24,689007
0.24,689268
0.24,692524
0.24,693669
0.24,695180
0.24,696896
0.24,696948
0.24,698805
0.24,699433
0.24,699244
0.24,696706
0.24,696422
0.24,700746
0.24,702541
0.24,703785
0.24,700275
0.24,697979
0.24,697949
0.24,697618
0.24,705139
0.24,699834
0.24,693159
0.24,691743
0.24,691852
0.24,691234
0.24,689261
0.24,687423
0.24,686985
0.24,686664
0.24,686368
0.24,686085
0.24,685807
0.24,685532
0.24,685292
0.24,685053
0.24,684851
0.24,684676
0.24,684435
0.24,684280
0.24,684158
0.24,684041
0.24,683931
0.24,684526
0.24,685874
0.24,683670
0.24,682963
0.24,682294
0.24,682290
0.24,682272
