0.00,7047372
0.00,6878958
0.00,6699407
0.00,6588427
0.00,6444945
0.00,6435037
0.00,6281607
0.00,6284788
0.00,6271945
0.01,6160168
0.01,6164620
0.01,6169630
0.01,6029216
0.01,5855376
0.01,5728802
0.01,5733619
0.01,5591738
0.01,5471489
0.01,5384533
0.01,5393662
0.01,5394307
0.01,5407690
0.01,5323053
0.01,5326776
0.01,5286491
0.01,5202356
0.01,5215219
0.01,5209215
0.01,5210455
0.01,5073393
0.01,4957690
0.01,4965543
0.01,4972992
0.01,4985809
0.01,4980734
0.01,4987672
0.01,4928114
0.01,4797994
0.01,4700528
0.01,4608737
0.01,4594695
0.01,4603699
0.01,4584452
0.01,4576766
0.01,4481614
0.01,4518244
0.01,4517626
0.01,4516199
0.01,4502046
0.01,4563033
0.02,4546162
0.02,4544373
0.02,4429387
0.02,4466093
0.02,4479372
0.02,4445793
0.02,4423628
0.02,4358220
0.02,4366631
0.02,4264198
0.02,4227300
0.02,4233325
0.02,4176897
0.02,4092577
0.02,4103073
0.02,4077940
0.02,4081038
0.02,4092171
0.02,4140926
0.02,4144585
0.02,4056440
0.02,4063695
0.02,4057156
0.02,4106350
0.02,4100955
0.02,4059272
0.02,4055218
0.02,4058251
0.02,3980263
0.02,3962776
0.02,3988806
0.02,4020266
0.02,4047880
0.02,3989770
0.02,3981698
0.02,3961581
0.02,3980616
0.02,3979639
0.02,3925219
0.02,3946093
0.02,4009016
0.02,3921420
0.02,3836835
0.02,3753681
0.02,3776291
0.02,3799277
0.02,3788815
0.02,3828344
0.02,3806642
0.02,3726190
0.02,3711691
0.02,3715067
0.02,3683173
0.02,3630403
0.02,3640611
0.02,3593835
0.02,3607232
0.02,3497711
0.02,3449754
0.02,3352659
0.02,3318395
0.02,3307026
0.02,3249669
0.02,3199495
0.02,3176554
0.02,3179534
0.02,3116409
0.02,3105356
0.02,3153796
0.02,3181088
0.02,3080647
0.02,3034916
0.02,3062925
0.02,3061441
0.02,3058309
0.02,3060580
0.02,3049096
0.02,3069409
0.02,3088677
0.02,3111706
0.02,3085911
0.02,3089405
0.02,3109378
0.02,3106934
0.02,3084732
0.02,3034088
0.02,3073774
0.02,3128354
0.02,3117828
0.02,3077220
0.02,3067847
0.03,3065861
0.03,3060967
0.03,3046271
0.03,3046135
0.03,3072334
0.03,3051110
0.03,3090067
0.03,3043338
0.03,3041644
0.03,2983212
0.03,2945454
0.03,2931097
0.03,2929675
0.03,2926633
0.03,2937763
0.03,2910436
0.03,2845265
0.03,2825381
0.03,2793659
0.03,2776784
0.03,2728997
0.03,2655040
0.03,2659031
0.03,2618466
0.03,2614980
0.03,2602903
0.03,2579346
0.03,2595664
0.03,2567459
0.03,2545718
0.03,2559519
0.03,2513716
0.03,2511944
0.03,2513424
0.03,2505216
0.03,2501638
0.03,2491030
0.03,2445470
0.03,2428612
0.03,2393326
0.03,2352248
0.03,2351439
0.03,2339655
0.03,2342667
0.03,2309268
0.03,2308954
0.03,2301615
0.03,2309762
0.03,2313060
0.03,2271977
0.03,2263583
0.03,2265589
0.03,2241111
0.03,2234473
0.03,2185733
0.03,2195486
0.03,2187445
0.03,2163486
0.03,2155061
0.03,2157184
0.03,2128830
0.03,2124165
0.03,2117869
0.03,2123216
0.03,2106425
0.03,2105440
0.03,2098838
0.03,2094568
0.03,2091559
0.03,2091535
0.03,2077144
0.03,2037839
0.03,2075343
0.03,2052949
0.03,2105883
0.03,2092704
0.03,2087589
0.03,2087667
0.03,2094917
0.03,2094401
0.03,2084477
0.03,2085500
0.03,2136202
0.03,2150553
0.03,2144340
0.03,2168519
0.03,2175362
0.03,2168398
0.03,2184478
0.03,2211062
0.04,2216832
0.04,2123230
0.04,2120233
0.04,2148649
0.04,2101280
0.04,2062496
0.04,2054802
0.04,2057731
0.04,2067199
0.04,2059654
0.04,2101182
0.04,2122665
0.04,2072218
0.04,2071016
0.04,2054023
0.04,2070703
0.04,2147182
0.04,2151358
0.04,2111592
0.04,2090278
0.04,2093426
0.04,2073552
0.04,2082155
0.04,2105269
0.04,2091813
0.04,2069070
0.04,2081659
0.04,2062319
0.04,2040085
0.04,2057426
0.04,2059014
0.04,2058000
0.04,2004264
0.04,2008011
0.04,2033906
0.04,2052609
0.04,2056458
0.04,2123145
0.04,2125953
0.04,2084653
0.04,2058386
0.04,2066877
0.04,2031395
0.04,2039603
0.04,2087687
0.04,2080775
0.04,2032422
0.04,2026980
0.04,2027117
0.04,2035907
0.04,2033797
0.04,2037998
0.04,2021125
0.04,1979691
0.04,1950619
0.04,1958119
0.04,1962451
0.04,1924145
0.04,1931809
0.04,1935938
0.04,1921137
0.04,1895534
0.04,1890724
0.04,1896917
0.04,1892417
0.04,1882915
0.04,1913904
0.04,1915846
0.04,1912888
0.04,1912836
0.04,1916476
0.04,1926448
0.04,1922919
0.04,1945926
0.04,1963143
0.04,1922080
0.04,1920332
0.04,1940115
0.04,1946980
0.04,1957897
0.04,2000862
0.04,1985894
0.04,1927963
0.04,1915161
0.04,1934480
0.04,1923067
0.04,1924455
0.04,1900325
0.04,1913942
0.05,1899042
0.05,1895422
0.05,1914913
0.05,1905532
0.05,1915512
0.05,1897005
0.05,1917657
0.05,1943418
0.05,1968623
0.05,1914209
0.05,1900146
0.05,1856809
0.05,1855169
0.05,1830562
0.05,1823700
0.05,1805327
0.05,1838106
0.05,1836878
0.05,1780749
0.05,1760477
0.05,1742163
0.05,1746484
0.05,1756704
0.05,1763288
0.05,1765466
0.05,1759508
0.05,1759782
0.05,1760214
0.05,1757053
0.05,1748153
0.05,1751450
0.05,1738599
0.05,1749431
0.05,1725508
0.05,1726141
0.05,1721506
0.05,1708430
0.05,1700701
0.05,1663844
0.05,1637565
0.05,1625107
0.05,1624944
0.05,1621863
0.05,1596888
0.05,1613240
0.05,1621341
0.05,1617386
0.05,1627122
0.05,1691374
0.05,1662189
0.05,1626391
0.05,1611282
0.05,1629681
0.05,1624237
0.05,1636280
0.05,1627252
0.05,1628046
0.05,1627355
0.05,1635263
0.05,1634529
0.05,1635597
0.05,1633463
0.05,1607449
0.05,1593856
0.05,1598609
0.05,1610413
0.05,1603527
0.05,1591820
0.05,1595547
0.05,1588545
0.05,1595618
0.05,1589477
0.05,1597970
0.05,1597481
0.05,1598321
0.05,1597298
0.05,1601774
0.05,1608370
0.05,1603110
0.05,1605947
0.05,1600899
0.05,1591786
0.05,1590220
0.05,1570812
0.05,1571721
0.05,1573630
0.05,1582152
0.05,1586108
0.05,1587326
0.06,1604905
0.06,1603959
0.06,1620924
0.06,1608956
0.06,1606460
0.06,1602205
0.06,1598884
0.06,1591856
0.06,1591972
0.06,1609046
0.06,1595940
0.06,1617920
0.06,1651758
0.06,1677139
0.06,1610178
0.06,1595778
0.06,1593550
0.06,1584513
0.06,1567947
0.06,1561422
0.06,1550506
0.06,1549826
0.06,1586990
0.06,1595674
0.06,1594314
0.06,1586665
0.06,1585602
0.06,1603356
0.06,1605225
0.06,1641888
0.06,1640419
0.06,1630342
0.06,1683769
0.06,1685154
0.06,1636320
0.06,1627998
0.06,1624059
0.06,1595754
0.06,1596634
0.06,1587152
0.06,1583317
0.06,1564725
0.06,1561919
0.06,1556162
0.06,1545309
0.06,1554303
0.06,1556033
0.06,1562922
0.06,1570994
0.06,1577709
0.06,1579610
0.06,1582417
0.06,1577070
0.06,1570716
0.06,1575615
0.06,1574703
0.06,1575910
0.06,1616685
0.06,1635863
0.06,1574925
0.06,1572898
0.06,1581154
0.06,1573958
0.06,1572836
0.06,1544806
0.06,1558838
0.06,1565013
0.06,1570448
0.06,1559045
0.06,1560500
0.06,1559267
0.06,1546249
0.06,1539491
0.06,1538609
0.06,1544603
0.06,1522864
0.06,1514086
0.06,1502460
0.06,1484752
0.06,1489718
0.06,1495510
0.06,1502852
0.06,1508509
0.06,1507310
0.06,1506037
0.06,1500035
0.06,1502979
0.06,1496726
0.07,1470743
0.07,1486825
0.07,1488847
0.07,1487031
0.07,1488645
0.07,1483918
0.07,1477246
0.07,1489199
0.07,1501606
0.07,1476759
0.07,1474489
0.07,1477559
0.07,1482020
0.07,1481923
0.07,1464439
0.07,1458909
0.07,1459304
0.07,1437230
0.07,1432507
0.07,1450915
0.07,1451811
0.07,1449994
0.07,1473124
0.07,1452716
0.07,1443897
0.07,1444037
0.07,1433232
0.07,1438745
0.07,1427646
0.07,1433213
0.07,1438081
0.07,1429491
0.07,1428238
0.07,1430801
0.07,1439767
0.07,1430786
0.07,1429945
0.07,1422427
0.07,1417071
0.07,1405304
0.07,1411429
0.07,1412917
0.07,1392482
0.07,1392380
0.07,1404290
0.07,1405348
0.07,1404404
0.07,1415155
0.07,1414316
0.07,1410599
0.07,1410218
0.07,1397638
0.07,1403447
0.07,1400368
0.07,1397023
0.07,1413034
0.07,1417143
0.07,1405283
0.07,1400537
0.07,1412486
0.07,1407345
0.07,1415829
0.07,1409366
0.07,1413639
0.07,1407469
0.07,1406033
0.07,1389110
0.07,1373339
0.07,1358088
0.07,1348055
0.07,1338522
0.07,1333346
0.07,1327076
0.07,1336816
0.07,1325855
0.07,1320751
0.07,1325211
0.07,1323800
0.07,1346447
0.07,1343740
0.07,1335546
0.07,1338812
0.07,1301963
0.07,1295695
0.07,1297956
0.07,1298783
0.07,1291025
0.07,1278726
0.07,1304621
0.08,1284263
0.08,1284907
0.08,1306341
0.08,1312433
0.08,1319537
0.08,1330213
0.08,1353170
0.08,1331173
0.08,1383085
0.08,1424090
0.08,1438005
0.08,1411114
0.08,1422720
0.08,1409092
0.08,1396679
0.08,1419621
0.08,1403155
0.08,1388250
0.08,1420065
0.08,1421684
0.08,1414165
0.08,1387305
0.08,1371860
0.08,1349387
0.08,1313344
0.08,1304172
0.08,1266019
0.08,1259634
0.08,1259385
0.08,1279704
0.08,1281997
0.08,1283077
0.08,1282430
0.08,1285703
0.08,1255289
0.08,1248153
0.08,1247574
0.08,1252441
0.08,1251129
0.08,1249573
0.08,1229819
0.08,1220797
0.08,1214025
0.08,1203051
0.08,1197739
0.08,1190331
0.08,1174303
0.08,1173756
0.08,1173066
0.08,1163923
0.08,1159571
0.08,1160750
0.08,1164201
0.08,1159400
0.08,1165926
0.08,1165767
0.08,1149725
0.08,1147215
0.08,1144868
0.08,1144721
0.08,1137668
0.08,1136419
0.08,1181904
0.08,1189578
0.08,1211350
0.08,1224341
0.08,1243984
0.08,1244106
0.08,1256925
0.08,1259469
0.08,1262741
0.08,1255845
0.08,1254761
0.08,1271193
0.08,1263379
0.08,1219595
0.08,1219089
0.08,1219889
0.08,1211129
0.08,1206318
0.08,1205579
0.08,1203442
0.08,1207416
0.08,1180002
0.08,1174374
0.08,1160964
0.08,1152564
0.08,1182828
0.08,1188469
0.08,1194613
0.09,1177705
0.09,1188554
0.09,1206040
0.09,1202250
0.09,1221173
0.09,1230012
0.09,1224422
0.09,1275015
0.09,1274767
0.09,1235152
0.09,1217166
0.09,1214001
0.09,1195358
0.09,1193591
0.09,1183628
0.09,1175899
0.09,1162921
0.09,1159415
0.09,1151408
0.09,1124353
0.09,1124570
0.09,1116724
0.09,1122179
0.09,1123183
0.09,1125625
0.09,1131510
0.09,1129523
0.09,1139506
0.09,1145642
0.09,1138851
0.09,1132866
0.09,1137145
0.09,1135109
0.09,1139961
0.09,1148944
0.09,1157033
0.09,1161596
0.09,1157585
0.09,1164331
0.09,1166076
0.09,1165301
0.09,1159495
0.09,1163360
0.09,1163238
0.09,1165524
0.09,1162191
0.09,1163224
0.09,1177574
0.09,1160532
0.09,1177713
0.09,1212753
0.09,1243128
0.09,1166641
0.09,1164076
0.09,1160002
0.09,1160202
0.09,1154677
0.09,1147094
0.09,1165586
0.09,1171645
0.09,1161219
0.09,1159534
0.09,1156291
0.09,1140745
0.09,1134370
0.09,1128181
0.09,1119082
0.09,1114440
0.09,1114190
0.09,1111107
0.09,1117782
0.09,1119043
0.09,1134487
0.09,1140712
0.09,1142249
0.09,1153848
0.09,1151897
0.09,1156701
0.09,1176093
0.09,1174936
0.09,1161224
0.09,1212353
0.09,1220009
0.09,1239928
0.09,1265499
0.09,1282789
0.09,1348412
0.09,1329179
0.09,1292410
0.09,1281512
0.10,1302417
0.10,1292029
0.10,1306950
0.10,1300961
0.10,1259429
0.10,1258093
0.10,1258722
0.10,1258487
0.10,1251133
0.10,1249842
0.10,1238856
0.10,1234441
0.10,1204780
0.10,1183122
0.10,1157524
0.10,1148010
0.10,1172304
0.10,1174240
0.10,1185503
0.10,1168425
0.10,1159827
0.10,1160862
0.10,1159219
0.10,1181489
0.10,1198342
0.10,1197043
0.10,1243308
0.10,1247175
0.10,1205961
0.10,1185355
0.10,1183981
0.10,1166081
0.10,1164025
0.10,1131943
0.10,1119118
0.10,1101028
0.10,1099537
0.10,1099057
0.10,1090973
0.10,1077008
0.10,1067375
0.10,1059158
0.10,1050965
0.10,1057778
0.10,1061765
0.10,1042845
0.10,1038019
0.10,1038186
0.10,1030373
0.10,1026470
0.10,1032832
0.10,1017565
0.10,1006615
0.10,998952
0.10,997347
0.10,996133
0.10,998775
0.10,993706
0.10,989443
0.10,982509
0.10,976821
0.10,975960
0.10,970536
0.10,968967
0.10,967789
0.10,962524
0.10,953920
0.10,948516
0.10,966897
0.10,953156
0.10,955035
0.10,982953
0.10,943503
0.10,941073
0.10,936095
0.10,933970
0.10,933821
0.10,933020
0.10,937616
0.10,959507
0.10,969222
0.10,968030
0.10,984734
0.10,993268
0.10,1005144
0.10,1012472
0.10,1028616
0.11,1027053
0.11,1060099
0.11,1059746
0.11,1073648
0.11,1112046
0.11,1114365
0.11,1065068
0.11,1059735
0.11,1052165
0.11,1030429
0.11,1014448
0.11,1021180
0.11,1014990
0.11,1015930
0.11,991757
0.11,988653
0.11,1005644
0.11,1028496
0.11,1023360
0.11,1032212
0.11,1034320
0.11,1034831
0.11,1034021
0.11,1038364
0.11,1024260
0.11,1013095
0.11,1062750
0.11,1074402
0.11,1071938
0.11,1062923
0.11,1062918
0.11,1064436
0.11,1060716
0.11,1048658
0.11,1049421
0.11,1029575
0.11,1015979
0.11,1011242
0.11,994460
0.11,943157
0.11,939731
0.11,937256
0.11,929679
0.11,925047
0.11,924357
0.11,924631
0.11,926516
0.11,925469
0.11,923342
0.11,922204
0.11,917660
0.11,913473
0.11,920856
0.11,917406
0.11,913097
0.11,913052
0.11,914548
0.11,917819
0.11,923078
0.11,924412
0.11,921637
0.11,942753
0.11,952966
0.11,958981
0.11,987175
0.11,990733
0.11,1005881
0.11,1008888
0.11,1017012
0.11,1020116
0.11,1047416
0.11,1046444
0.11,1060525
0.11,1090871
0.11,1092666
0.11,1032494
0.11,1016224
0.11,1014851
0.11,996925
0.11,998259
0.11,1007564
0.11,1004004
0.11,1002710
0.11,973548
0.11,971262
0.11,985018
0.11,1001763
0.12,996408
0.12,1004734
0.12,992577
0.12,985887
0.12,990995
0.12,1004453
0.12,1005316
0.12,1009061
0.12,1051010
0.12,1058541
0.12,1051922
0.12,1039159
0.12,1039927
0.12,1041154
0.12,1043416
0.12,1029586
0.12,1028564
0.12,1008666
0.12,992843
0.12,990675
0.12,973883
0.12,919271
0.12,918781
0.12,919280
0.12,912016
0.12,911159
0.12,910426
0.12,906136
0.12,901394
0.12,900399
0.12,898835
0.12,894371
0.12,896485
0.12,895720
0.12,892254
0.12,888693
0.12,885230
0.12,883770
0.12,882802
0.12,877288
0.12,874373
0.12,873505
0.12,873675
0.12,874508
0.12,875117
0.12,873158
0.12,871001
0.12,869424
0.12,869503
0.12,870914
0.12,872154
0.12,873182
0.12,872924
0.12,866406
0.12,862856
0.12,860580
0.12,857759
0.12,857612
0.12,853419
0.12,857071
0.12,857249
0.12,855039
0.12,854874
0.12,852525
0.12,918785
0.12,900091
0.12,879297
0.12,852033
0.12,852744
0.12,924610
0.12,899385
0.12,875189
0.12,848193
0.12,845657
0.12,846614
0.12,845042
0.12,868718
0.12,876825
0.12,877827
0.12,892901
0.12,897932
0.12,907156
0.12,911835
0.12,920213
0.12,918297
0.12,946586
0.12,945725
0.12,955712
0.13,989549
0.13,988587
0.13,937340
0.13,928351
0.13,929104
0.13,907733
0.13,900693
0.13,909600
0.13,900856
0.13,901514
0.13,869731
0.13,870306
0.13,883481
0.13,901965
0.13,902092
0.13,920256
0.13,921016
0.13,923912
0.13,924619
0.13,934509
0.13,933702
0.13,932831
0.13,978372
0.13,984709
0.13,981506
0.13,973138
0.13,970522
0.13,974187
0.13,976079
0.13,964792
0.13,962622
0.13,943359
0.13,928928
0.13,924459
0.13,908642
0.13,859231
0.13,858345
0.13,860746
0.13,858988
0.13,867610
0.13,865496
0.13,865837
0.13,862577
0.13,874719
0.13,877345
0.13,885615
0.13,886450
0.13,887670
0.13,890044
0.13,892203
0.13,887556
0.13,885468
0.13,883100
0.13,879520
0.13,875865
0.13,875022
0.13,873925
0.13,870187
0.13,872044
0.13,869988
0.13,874688
0.13,875340
0.13,865537
0.13,852803
0.13,845323
0.13,842956
0.13,853388
0.13,855842
0.13,855371
0.13,845663
0.13,845545
0.13,844821
0.13,843490
0.13,842740
0.13,844400
0.13,840815
0.13,838242
0.13,843710
0.13,846685
0.13,835697
0.13,833202
0.13,834228
0.13,836279
0.13,835311
0.13,832374
0.13,832446
0.13,834587
0.13,832913
0.14,830429
0.14,832490
0.14,834519
0.14,839236
0.14,840004
0.14,839695
0.14,840626
0.14,848810
0.14,848982
0.14,861421
0.14,863729
0.14,868612
0.14,869947
0.14,871685
0.14,872379
0.14,871147
0.14,878596
0.14,874845
0.14,869123
0.14,866995
0.14,863752
0.14,867461
0.14,861898
0.14,860525
0.14,858562
0.14,852907
0.14,856349
0.14,857944
0.14,855794
0.14,850590
0.14,847133
0.14,829525
0.14,827976
0.14,826212
0.14,828099
0.14,826550
0.14,821934
0.14,819808
0.14,820955
0.14,820461
0.14,818634
0.14,816321
0.14,816293
0.14,815114
0.14,827321
0.14,823870
0.14,817294
0.14,818047
0.14,814684
0.14,814986
0.14,812522
0.14,810139
0.14,808002
0.14,807631
0.14,806213
0.14,804217
0.14,807546
0.14,809271
0.14,812440
0.14,813919
0.14,834964
0.14,804300
0.14,803909
0.14,805361
0.14,805845
0.14,808690
0.14,830890
0.14,850571
0.14,873257
0.14,801060
0.14,799077
0.14,797183
0.14,794288
0.14,818273
0.14,828403
0.14,831581
0.14,848508
0.14,849701
0.14,857037
0.14,859300
0.14,863962
0.14,864459
0.14,891801
0.14,891141
0.14,900612
0.14,936795
0.14,939925
0.15,886956
0.15,878591
0.15,876320
0.15,856611
0.15,850661
0.15,863672
0.15,854783
0.15,850794
0.15,819682
0.15,818395
0.15,832352
0.15,854278
0.15,858341
0.15,876851
0.15,878343
0.15,885151
0.15,888010
0.15,893231
0.15,894668
0.15,894842
0.15,930581
0.15,929298
0.15,930530
0.15,935707
0.15,939422
0.15,931893
0.15,927514
0.15,916304
0.15,914292
0.15,893713
0.15,879725
0.15,885389
0.15,877810
0.15,835049
0.15,839178
0.15,848877
0.15,844057
0.15,850686
0.15,851714
0.15,851600
0.15,847756
0.15,845251
0.15,847368
0.15,844151
0.15,839699
0.15,840164
0.15,836610
0.15,832046
0.15,828951
0.15,823670
0.15,829432
0.15,831557
0.15,830825
0.15,831413
0.15,835907
0.15,830209
0.15,823050
0.15,812038
0.15,807264
0.15,805457
0.15,800046
0.15,803658
0.15,799416
0.15,801652
0.15,799664
0.15,798993
0.15,794260
0.15,794275
0.15,793905
0.15,789969
0.15,791054
0.15,788915
0.15,790063
0.15,791369
0.15,797238
0.15,800098
0.15,800730
0.15,799845
0.15,799850
0.15,800670
0.15,799815
0.15,791706
0.15,794341
0.15,859289
0.15,837106
0.15,811075
0.16,784856
0.16,785192
0.16,785651
0.16,785702
0.16,786931
0.16,785460
0.16,781474
0.16,781044
0.16,779658
0.16,777899
0.16,778638
0.16,779953
0.16,779263
0.16,780547
0.16,781710
0.16,783210
0.16,783122
0.16,785293
0.16,809756
0.16,827051
0.16,776153
0.16,778206
0.16,775749
0.16,774911
0.16,779762
0.16,778026
0.16,776713
0.16,775234
0.16,776430
0.16,773990
0.16,772093
0.16,772434
0.16,769746
0.16,770361
0.16,769397
0.16,768011
0.16,772835
0.16,789990
0.16,795712
0.16,785784
0.16,776786
0.16,768523
0.16,766671
0.16,765340
0.16,765024
0.16,763652
0.16,762473
0.16,761087
0.16,763041
0.16,762495
0.16,763649
0.16,764232
0.16,759027
0.16,757854
0.16,756687
0.16,757586
0.16,757426
0.16,758509
0.16,757989
0.16,754766
0.16,753284
0.16,752124
0.16,750980
0.16,751857
0.16,755722
0.16,758370
0.16,762068
0.16,760200
0.16,757864
0.16,757672
0.16,756981
0.16,754830
0.16,753443
0.16,749848
0.16,748820
0.16,748760
0.16,751389
0.16,753171
0.16,753378
0.16,755314
0.16,756510
0.16,755903
0.16,758398
0.16,759387
0.16,762290
0.16,763435
0.17,763174
0.17,764499
0.17,763708
0.17,762166
0.17,760318
0.17,758430
0.17,756818
0.17,753269
0.17,753399
0.17,754180
0.17,752880
0.17,754431
0.17,752907
0.17,751889
0.17,748757
0.17,747927
0.17,746886
0.17,747575
0.17,744887
0.17,746280
0.17,747488
0.17,752683
0.17,758153
0.17,753725
0.17,750241
0.17,746219
0.17,747977
0.17,743333
0.17,741526
0.17,740854
0.17,740429
0.17,740191
0.17,743221
0.17,741836
0.17,738794
0.17,740892
0.17,743888
0.17,741462
0.17,738575
0.17,744064
0.17,742083
0.17,743060
0.17,743125
0.17,753069
0.17,753910
0.17,759718
0.17,760949
0.17,763894
0.17,766133
0.17,770059
0.17,774606
0.17,773051
0.17,774433
0.17,780082
0.17,784784
0.17,788463
0.17,790251
0.17,792309
0.17,793899
0.17,795472
0.17,802667
0.17,806792
0.17,808817
0.17,807758
0.17,807434
0.17,811230
0.17,812358
0.17,813183
0.17,810326
0.17,874095
0.17,845571
0.17,810210
0.17,788257
0.17,797050
0.17,796004
0.17,796866
0.17,796632
0.17,796112
0.17,796455
0.17,788423
0.17,788082
0.17,785308
0.17,784781
0.17,780388
0.17,776216
0.17,765345
0.17,781164
0.17,796893
0.17,804963
0.18,825620
0.18,830583
0.18,842128
0.18,842829
0.18,847063
0.18,843861
0.18,859754
0.18,853964
0.18,866172
0.18,907787
0.18,913776
0.18,863656
0.18,859880
0.18,860400
0.18,840103
0.18,840120
0.18,849915
0.18,841705
0.18,837943
0.18,804138
0.18,802845
0.18,811675
0.18,819486
0.18,802312
0.18,818484
0.18,819296
0.18,828583
0.18,837410
0.18,838777
0.18,842442
0.18,862798
0.18,866230
0.18,882987
0.18,886809
0.18,890099
0.18,880538
0.18,880800
0.18,876922
0.18,879083
0.18,844507
0.18,838658
0.18,836223
0.18,833785
0.18,818267
0.18,765501
0.18,762162
0.18,760790
0.18,751806
0.18,752309
0.18,749370
0.18,751233
0.18,745569
0.18,744933
0.18,748288
0.18,748705
0.18,747475
0.18,742228
0.18,741994
0.18,741617
0.18,740806
0.18,737657
0.18,738733
0.18,740705
0.18,739776
0.18,740980
0.18,744521
0.18,751075
0.18,753417
0.18,761976
0.18,758023
0.18,762380
0.18,765701
0.18,769953
0.18,774895
0.18,772321
0.18,775203
0.18,782156
0.18,785808
0.18,788052
0.18,790271
0.18,791361
0.18,792827
0.18,794560
0.18,802541
0.18,805722
0.18,807288
0.18,805857
0.18,807456
0.19,810626
0.19,810226
0.19,811944
0.19,808091
0.19,870273
0.19,844072
0.19,807926
0.19,785445
0.19,794641
0.19,795665
0.19,796221
0.19,794509
0.19,795696
0.19,795077
0.19,787412
0.19,786683
0.19,783407
0.19,782427
0.19,776868
0.19,772763
0.19,766696
0.19,786670
0.19,802153
0.19,807280
0.19,824783
0.19,832055
0.19,839699
0.19,841103
0.19,842044
0.19,831320
0.19,852683
0.19,853138
0.19,868039
0.19,911848
0.19,911848
0.19,867928
0.19,861147
0.19,859975
0.19,843849
0.19,838073
0.19,849167
0.19,839922
0.19,835485
0.19,802324
0.19,797317
0.19,800633
0.19,808177
0.19,802963
0.19,817050
0.19,822137
0.19,826932
0.19,835221
0.19,837862
0.19,841272
0.19,862505
0.19,866134
0.19,881822
0.19,885759
0.19,889801
0.19,879401
0.19,879427
0.19,877248
0.19,879156
0.19,844813
0.19,839273
0.19,834758
0.19,832474
0.19,817217
0.19,764181
0.19,759067
0.19,758404
0.19,749360
0.19,749096
0.19,749227
0.19,750340
0.19,743578
0.19,744100
0.19,747396
0.19,747398
0.19,744633
0.19,740613
0.19,740435
0.19,739695
0.19,736345
0.19,735544
0.19,738739
0.19,734675
0.19,733242
0.20,732451
0.20,731675
0.20,730908
0.20,762801
0.20,742659
0.20,743153
0.20,730654
0.20,732210
0.20,732671
0.20,743450
0.20,743514
0.20,742203
0.20,743005
0.20,744566
0.20,745133
0.20,743489
0.20,763518
0.20,783246
0.20,801366
0.20,733284
0.20,732810
0.20,730335
0.20,731771
0.20,733763
0.20,732915
0.20,735221
0.20,733539
0.20,733562
0.20,732146
0.20,735314
0.20,733453
0.20,728687
0.20,726989
0.20,726286
0.20,725539
0.20,724841
0.20,724148
0.20,723492
0.20,722791
0.20,721960
0.20,722298
0.20,725773
0.20,727576
0.20,728924
0.20,730638
0.20,732707
0.20,736636
0.20,740097
0.20,749131
0.20,758038
0.20,760491
0.20,760023
0.20,763469
0.20,762649
0.20,765279
0.20,762313
0.20,760067
0.20,757903
0.20,759375
0.20,758332
0.20,755676
0.20,758576
0.20,757919
0.20,757267
0.20,756716
0.20,759286
0.20,760194
0.20,761263
0.20,757571
0.20,755634
0.20,753585
0.20,743108
0.20,729627
0.20,721306
0.20,720667
0.20,720114
0.20,720511
0.20,720233
0.20,754839
0.20,752359
0.20,734848
0.20,731528
0.20,719496
0.20,718980
0.20,718481
0.20,718934
0.20,720581
0.21,721674
0.21,725872
0.21,754238
0.21,753528
0.21,753210
0.21,732692
0.21,733342
0.21,720931
0.21,717911
0.21,717268
0.21,716792
0.21,716373
0.21,715956
0.21,722156
0.21,720574
0.21,721796
0.21,720799
0.21,724199
0.21,720783
0.21,720872
0.21,719024
0.21,721368
0.21,726596
0.21,732520
0.21,733502
0.21,726190
0.21,721262
0.21,715544
0.21,722936
0.21,729828
0.21,734271
0.21,730025
0.21,725160
0.21,723897
0.21,725788
0.21,724339
0.21,725586
0.21,724539
0.21,731362
0.21,737448
0.21,733223
0.21,725318
0.21,714705
0.21,714104
0.21,713748
0.21,713403
0.21,713088
0.21,713538
0.21,745435
0.21,726399
0.21,725774
0.21,712524
0.21,712259
0.21,714387
0.21,719265
0.21,723441
0.21,722641
0.21,720445
0.21,719821
0.21,723806
0.21,728102
0.21,733075
0.21,729696
0.21,735629
0.21,741698
0.21,741682
0.21,744918
0.21,750610
0.21,760752
0.21,763050
0.21,763277
0.21,765542
0.21,766188
0.21,768473
0.21,758330
0.21,777269
0.21,812736
0.21,838761
0.21,774633
0.21,777401
0.21,774074
0.21,770984
0.21,767080
0.21,767481
0.21,770885
0.21,767953
0.21,766688
0.22,761467
0.22,762795
0.22,762153
0.22,759319
0.22,754043
0.22,749477
0.22,749228
0.22,742853
0.22,739658
0.22,736466
0.22,733452
0.22,732650
0.22,745174
0.22,755888
0.22,761720
0.22,780742
0.22,790447
0.22,791177
0.22,805351
0.22,806064
0.22,809841
0.22,804970
0.22,802760
0.22,801368
0.22,827610
0.22,825252
0.22,831712
0.22,866603
0.22,864923
0.22,815858
0.22,806105
0.22,803949
0.22,784629
0.22,777050
0.22,784322
0.22,773607
0.22,769405
0.22,735018
0.22,731341
0.22,747101
0.22,767477
0.22,770533
0.22,791866
0.22,797284
0.22,806008
0.22,807788
0.22,811202
0.22,831858
0.22,834709
0.22,850901
0.22,856308
0.22,860035
0.22,851886
0.22,853647
0.22,851057
0.22,851634
0.22,815784
0.22,805891
0.22,803814
0.22,803321
0.22,803672
0.22,792356
0.22,739478
0.22,736938
0.22,736895
0.22,728697
0.22,728021
0.22,726151
0.22,726209
0.22,719714
0.22,720255
0.22,722910
0.22,722383
0.22,721316
0.22,717960
0.22,717817
0.22,715886
0.22,716785
0.22,713380
0.22,711999
0.22,711749
0.22,713510
0.22,714818
0.22,715977
0.22,716231
0.22,715936
0.22,715337
0.22,714614
0.22,715338
0.23,714298
0.23,716866
0.23,718797
0.23,718020
0.23,718848
0.23,717258
0.23,718099
0.23,720772
0.23,723073
0.23,726651
0.23,735982
0.23,743721
0.23,747696
0.23,749288
0.23,753044
0.23,755361
0.23,757146
0.23,757432
0.23,755541
0.23,751660
0.23,752634
0.23,753875
0.23,750729
0.23,750693
0.23,748867
0.23,748168
0.23,746743
0.23,751134
0.23,752070
0.23,753106
0.23,750932
0.23,748901
0.23,747203
0.23,743813
0.23,734870
0.23,718909
0.23,711174
0.23,711545
0.23,712933
0.23,713992
0.23,714988
0.23,714516
0.23,713834
0.23,713381
0.23,713286
0.23,714857
0.23,714573
0.23,716238
0.23,718261
0.23,719009
0.23,721088
0.23,722465
0.23,723768
0.23,726623
0.23,729107
0.23,729690
0.23,737970
0.23,743698
0.23,745912
0.23,745621
0.23,747637
0.23,747397
0.23,747679
0.23,748623
0.23,747207
0.23,744966
0.23,745002
0.23,746601
0.23,745369
0.23,746040
0.23,745418
0.23,746180
0.23,743815
0.23,740945
0.23,736123
0.23,726184
0.23,715115
0.23,711640
0.23,710207
0.23,709865
0.23,709626
0.23,708832
0.23,708566
0.23,708125
0.23,707698
0.23,707342
0.23,707139
0.23,706938
0.24,706817
0.24,706703
0.24,706581
0.24,706490
0.24,706400
0.24,706340
0.24,706308
0.24,706277
0.24,706249
0.24,707197
0.24,718396
0.24,717244
0.24,710900
0.24,711599
0.24,711836
0.24,711314
0.24,711015
0.24,738551
0.24,759409
0.24,776779
0.24,706235
0.24,716693
0.24,718270
0.24,717052
0.24,711927
0.24,710826
0.24,709783
0.24,710013
0.24,734874
0.24,758019
0.24,777679
0.24,706819
0.24,705482
