0.00, 7143531
0.00, 7141997
0.00, 7139459
0.00, 7133369
0.00, 7118729
0.01, 7111948
0.01, 7106529
0.01, 7087293
0.01, 7076955
0.01, 7055186
0.01, 7054900
0.01, 7034703
0.01, 7032261
0.01, 7019124
0.01, 7018091
0.01, 7011427
0.01, 6994809
0.01, 6979842
0.01, 6966296
0.01, 6811125
0.01, 6807400
0.01, 6778236
0.01, 6773877
0.01, 6763584
0.01, 6752646
0.01, 6715124
0.01, 6712664
0.01, 6702480
0.01, 6697521
0.01, 6684969
0.01, 6684551
0.01, 6657165
0.01, 6651609
0.01, 6650284
0.01, 6649729
0.01, 6591196
0.01, 6590078
0.01, 6584481
0.01, 6584438
0.01, 6547331
0.01, 6545006
0.01, 6522693
0.01, 6520679
0.01, 6506399
0.01, 6506389
0.01, 6505272
0.01, 6476345
0.01, 6435864
0.01, 6430951
0.01, 6417509
0.01, 6408561
0.01, 6380684
0.01, 6362017
0.01, 6355352
0.01, 6346626
0.01, 6343568
0.01, 6331948
0.01, 6317775
0.01, 6248050
0.01, 6240293
0.01, 6233125
0.01, 6217604
0.01, 6208909
0.01, 6180791
0.01, 6169142
0.01, 6115200
0.01, 6103639
0.01, 6090538
0.01, 6079252
0.01, 6075812
0.01, 6059591
0.01, 6048767
0.01, 6042370
0.01, 6042192
0.01, 6014494
0.01, 6008068
0.01, 6002821
0.01, 5990192
0.01, 5976479
0.01, 5966416
0.01, 5945465
0.01, 5932289
0.01, 5906104
0.01, 5903522
0.01, 5895438
0.01, 5864253
0.01, 5856864
0.01, 5854033
0.01, 5847658
0.01, 5828716
0.01, 5821213
0.01, 5815796
0.01, 5814486
0.01, 5806551
0.01, 5803706
0.01, 5803181
0.01, 5801656
0.01, 5800435
0.01, 5783297
0.01, 5759183
0.02, 5747485
0.02, 5744846
0.02, 5744412
0.02, 5698042
0.02, 5694892
0.02, 5689965
0.02, 5688568
0.02, 5664571
0.02, 5661203
0.02, 5659608
0.02, 5651559
0.02, 5645912
0.02, 5559609
0.02, 5545115
0.02, 5533698
0.02, 5522180
0.02, 5511735
0.02, 5506787
0.02, 5502323
0.02, 5481493
0.02, 5477950
0.02, 5467571
0.02, 5463598
0.02, 5461863
0.02, 5449319
0.02, 5428706
0.02, 5415222
0.02, 5409322
0.02, 5407969
0.02, 5388717
0.02, 5387867
0.03, 5380402
0.03, 5341986
0.05, 5302901
0.05, 5296144
0.05, 5289942
0.09, 5271476
0.09, 5264284
0.09, 5253099
0.09, 5250317
0.09, 5250058
0.09, 5234776
0.09, 5233148
0.09, 5231282
0.09, 5209456
0.09, 5193502
0.09, 5187720
0.09, 5183743
0.09, 5117829
0.09, 5008363
0.09, 5002154
0.09, 4943854
0.09, 4927898
0.09, 4926253
0.09, 4883904
0.09, 4882938
0.09, 4858359
0.09, 4857569
0.09, 4813524
0.09, 4809395
0.09, 4786849
0.25, 4757512
0.25, 4756346
0.25, 4726953
0.25, 4726125
0.25, 4722296
0.25, 4700140
0.25, 4698239
0.25, 4691356
0.25, 4683751
0.25, 4641590
0.26, 4630488
0.26, 4629569
0.26, 4625360
0.26, 4623033
0.26, 4601974
0.26, 4601407
0.26, 4586167
0.26, 4584516
0.26, 4579471
0.26, 4568614
0.26, 4564539
0.26, 4558971
0.26, 4556732
0.26, 4549270
0.27, 4505004
0.27, 4481989
0.31, 4473706
0.31, 4472012
0.31, 4436090
0.31, 4386246
0.31, 4369671
0.31, 4367250
0.39, 4362777
0.39, 4325868
0.39, 4314342
0.39, 4306567
0.39, 4276364
0.39, 4262247
0.39, 4260828
0.44, 4252357
0.44, 4242937
0.44, 4239820
0.44, 4236427
0.44, 4225792
0.44, 4224359
0.44, 4224293
0.44, 4174055
0.44, 4147961
0.44, 4142878
0.44, 4123433
0.44, 4118816
0.44, 4109324
0.47, 4102283
0.47, 4098428
0.49, 4097185
0.49, 4090961
0.49, 4072151
0.49, 4066686
0.49, 4060055
0.49, 4058283
0.51, 4032977
0.51, 3930344
0.51, 3918411
0.51, 3909895
0.51, 3908906
0.51, 3907529
0.51, 3905808
0.51, 3891283
0.51, 3882163
0.51, 3881766
0.54, 3859784
0.54, 3850950
0.54, 3848450
0.54, 3839471
0.54, 3829422
0.54, 3826989
0.54, 3821098
0.54, 3815947
0.54, 3811096
0.54, 3806071
0.54, 3790626
0.54, 3786939
0.54, 3761727
0.54, 3760250
0.54, 3760238
0.54, 3751857
0.55, 3739098
0.55, 3735672
0.55, 3732171
0.55, 3728417
0.55, 3726194
0.55, 3722321
0.55, 3707616
0.55, 3701014
0.55, 3683144
0.55, 3683045
0.55, 3672234
0.55, 3668781
0.55, 3665822
0.55, 3665650
0.55, 3664982
0.55, 3659484
0.55, 3627401
0.65, 3614454
0.65, 3607424
0.65, 3602420
0.65, 3597686
0.65, 3596977
0.65, 3576066
0.65, 3574519
0.65, 3571032
0.68, 3559952
0.68, 3534287
0.68, 3532430
0.68, 3522131
0.68, 3520246
0.68, 3518301
0.68, 3516811
0.68, 3507820
0.68, 3481559
0.68, 3477523
0.68, 3425018
0.68, 3409808
0.68, 3406456
0.68, 3404917
0.68, 3399583
0.68, 3397040
0.68, 3394780
0.68, 3384943
0.68, 3377631
0.68, 3351220
0.68, 3322859
0.68, 3313159
0.68, 3281836
0.68, 3271500
0.68, 3224699
0.68, 3215004
0.68, 3194818
0.69, 3191709
0.69, 3148021
0.69, 3137644
0.69, 3131468
0.78, 3123954
0.78, 3104289
0.78, 3096418
0.78, 3060198
0.78, 3057836
0.78, 3052645
0.78, 3012152
0.78, 3002268
0.78, 2991266
0.78, 2988757
0.78, 2987253
0.78, 2980732
0.78, 2978201
0.84, 2975297
0.84, 2968194
0.84, 2963180
0.84, 2959891
0.86, 2953646
0.86, 2953509
0.86, 2950770
0.86, 2950156
0.86, 2939263
0.86, 2936663
0.86, 2931074
0.86, 2930084
0.86, 2913422
0.86, 2904324
0.86, 2898586
0.86, 2867187
0.86, 2867184
0.86, 2860291
0.86, 2857525
0.86, 2856673
0.86, 2848742
0.86, 2846035
0.86, 2843487
0.86, 2828504
0.86, 2821164
0.86, 2797187
0.86, 2796545
0.86, 2775587
0.86, 2767180
0.86, 2758921
0.86, 2749174
0.86, 2746040
0.90, 2738864
0.92, 2733999
0.92, 2718268
0.92, 2715782
0.92, 2711264
0.92, 2701975
0.92, 2701594
0.92, 2695678
0.92, 2695150
0.92, 2687779
0.92, 2685104
0.92, 2684344
0.92, 2659454
0.92, 2644440
0.92, 2638851
0.92, 2626631
0.92, 2626528
0.92, 2624454
0.92, 2621827
0.92, 2607216
0.93, 2605153
0.93, 2601036
0.93, 2597147
0.93, 2592137
0.93, 2591767
0.93, 2585251
0.97, 2582097
0.97, 2577350
0.97, 2566002
0.97, 2557384
0.97, 2553768
0.97, 2546559
0.97, 2536922
0.97, 2532863
0.97, 2527550
0.97, 2525985
0.97, 2518264
0.97, 2517538
0.97, 2508798
0.97, 2503283
0.97, 2498182
0.97, 2497600
0.97, 2492547
0.97, 2488823
1.00, 2460267
1.00, 2453812
1.00, 2450854
1.00, 2450062
1.06, 2426953
1.06, 2425644
1.06, 2415544
1.06, 2415316
1.06, 2383665
1.06, 2366344
1.06, 2365478
1.06, 2357188
1.06, 2356547
1.09, 2337728
1.11, 2335042
1.11, 2332158
1.11, 2326789
1.11, 2324297
1.11, 2323873
1.11, 2322572
1.11, 2315533
1.11, 2312850
1.11, 2312727
1.11, 2301629
1.11, 2284217
1.11, 2282317
1.11, 2277761
1.11, 2264718
1.11, 2262890
1.11, 2262193
1.11, 2259130
1.11, 2257709
1.11, 2245261
1.11, 2243358
1.11, 2236296
1.11, 2224992
1.11, 2211586
1.11, 2208660
1.11, 2204743
1.11, 2201718
1.11, 2200003
1.11, 2198542
1.11, 2194224
1.13, 2192950
1.13, 2190463
1.13, 2189392
1.13, 2188268
1.13, 2186682
1.13, 2186010
1.13, 2182774
1.15, 2182349
1.15, 2169326
1.15, 2168347
1.16, 2167155
1.16, 2162652
1.18, 2157467
1.18, 2145876
1.18, 2139832
1.18, 2124399
1.18, 2122069
1.18, 2115992
1.18, 2114448
1.18, 2113508
1.18, 2112847
1.18, 2112547
1.18, 2110766
1.18, 2104177
1.19, 2093219
1.19, 2092507
1.19, 2080273
1.19, 2074219
1.19, 2069205
1.19, 2062858
1.19, 2046444
1.19, 2042254
1.19, 2035627
1.19, 2030849
1.19, 2024748
1.21, 2020883
1.21, 2006237
1.21, 2005974
1.21, 1999927
1.21, 1999563
1.21, 1981142
1.21, 1964829
1.21, 1961687
1.21, 1960862
1.21, 1959357
1.21, 1958374
1.21, 1951480
1.21, 1948126
1.21, 1944236
1.21, 1942848
1.21, 1942675
1.21, 1937994
1.21, 1927105
1.27, 1921911
1.27, 1919669
1.27, 1913035
1.27, 1910299
1.27, 1909741
1.27, 1907973
1.27, 1906654
1.27, 1897669
1.27, 1887505
1.30, 1883412
1.30, 1876927
1.30, 1872480
1.30, 1871582
1.30, 1866327
1.30, 1862956
1.30, 1857160
1.30, 1850482
1.30, 1846736
1.30, 1843619
1.30, 1842820
1.30, 1839654
1.30, 1836365
1.30, 1823403
1.30, 1819395
1.30, 1812304
1.30, 1793877
1.30, 1793007
1.30, 1778418
1.30, 1776154
1.30, 1771597
1.30, 1769371
1.30, 1768661
1.30, 1764262
1.30, 1761072
1.34, 1742359
1.34, 1741555
1.34, 1735234
1.34, 1732669
1.34, 1731777
1.34, 1726825
1.34, 1726685
1.34, 1726057
1.34, 1711624
1.34, 1710898
1.34, 1709695
1.34, 1707181
1.34, 1706510
1.34, 1703972
1.34, 1690445
1.36, 1683686
1.36, 1681344
1.36, 1678847
1.36, 1678239
1.36, 1676603
1.36, 1674228
1.36, 1673966
1.36, 1669700
1.36, 1665108
1.36, 1663678
1.36, 1656610
1.40, 1655266
1.40, 1652090
1.40, 1650732
1.40, 1650679
1.41, 1650096
1.41, 1649028
1.41, 1646706
1.41, 1644801
1.41, 1638887
1.41, 1635212
1.41, 1630016
1.41, 1625600
1.41, 1610924
1.41, 1608795
1.41, 1607793
1.47, 1606976
1.48, 1603875
1.48, 1603605
1.48, 1597985
1.48, 1597733
1.48, 1595343
1.48, 1594657
1.48, 1592688
1.48, 1592186
1.48, 1589962
1.48, 1589199
1.48, 1586933
1.49, 1582666
1.49, 1580567
1.49, 1578183
1.49, 1567907
1.49, 1565105
1.49, 1561419
1.49, 1559971
1.49, 1557867
1.49, 1554894
1.49, 1554687
1.49, 1554424
1.49, 1552643
1.49, 1552304
1.49, 1551820
1.49, 1550092
1.49, 1548490
1.49, 1543646
1.49, 1543621
1.49, 1538816
1.49, 1536394
1.49, 1530246
1.49, 1528775
1.49, 1528372
1.49, 1527564
1.49, 1527245
1.49, 1516043
1.49, 1515388
1.49, 1515004
1.49, 1505571
1.50, 1501913
1.50, 1501340
1.50, 1500182
1.50, 1498452
1.50, 1495379
1.50, 1494845
1.50, 1492371
1.50, 1488647
1.50, 1479126
1.50, 1476294
1.52, 1465555
1.52, 1465475
1.52, 1465046
1.52, 1462793
1.52, 1461371
1.55, 1460337
1.55, 1457937
1.55, 1455556
1.55, 1453694
1.55, 1446825
1.55, 1446755
1.55, 1445313
1.55, 1441245
1.55, 1436821
1.55, 1433646
1.55, 1420085
1.55, 1419138
1.61, 1418596
1.61, 1417848
1.62, 1412395
1.62, 1412289
1.62, 1411273
1.62, 1409352
1.62, 1407102
1.62, 1405499
1.62, 1405126
1.62, 1403930
1.62, 1402251
1.62, 1401147
1.62, 1399457
1.62, 1399394
1.62, 1397723
1.62, 1396866
1.62, 1390279
1.62, 1388617
1.62, 1383865
1.62, 1381166
1.62, 1380800
1.62, 1377905
1.62, 1377374
1.62, 1376148
1.62, 1375487
1.62, 1373336
1.62, 1366300
1.63, 1363925
1.67, 1360387
1.67, 1355627
1.67, 1354088
1.67, 1353642
1.68, 1350916
1.68, 1347873
1.68, 1347291
1.68, 1344353
1.68, 1333348
1.68, 1324310
1.68, 1321745
1.68, 1321639
1.68, 1307058
1.68, 1305955
1.68, 1298498
1.68, 1296846
1.68, 1296776
1.69, 1295890
1.69, 1295765
1.69, 1291713
1.69, 1290862
1.70, 1286724
1.70, 1285170
1.70, 1284753
1.70, 1282058
1.70, 1279813
1.70, 1278293
1.70, 1276621
1.70, 1272324
1.70, 1269183
1.70, 1266628
1.70, 1266445
1.70, 1266394
1.70, 1260365
1.70, 1257522
1.70, 1257152
1.70, 1256584
1.70, 1252964
1.70, 1247519
1.70, 1246248
1.70, 1243710
1.70, 1243384
1.75, 1242353
1.75, 1241560
1.75, 1241505
1.75, 1239704
1.75, 1239489
1.75, 1239486
1.75, 1238539
1.75, 1237768
1.75, 1235673
1.75, 1224231
1.75, 1219525
1.76, 1215710
1.76, 1213917
1.76, 1208669
1.76, 1205193
1.76, 1200368
1.76, 1198439
1.76, 1198127
1.76, 1197437
1.76, 1196479
1.76, 1195092
1.76, 1193693
1.76, 1193143
1.76, 1192262
1.76, 1186988
1.76, 1186770
1.76, 1181477
1.76, 1181044
1.76, 1177765
1.76, 1174180
1.76, 1171580
1.76, 1168963
1.76, 1160204
1.76, 1159426
1.82, 1158524
1.82, 1157213
1.82, 1154561
1.82, 1150799
1.82, 1150428
1.82, 1150220
1.82, 1147857
1.82, 1147226
1.82, 1146252
1.82, 1136563
1.82, 1135377
1.82, 1131512
1.82, 1130672
1.82, 1127256
1.82, 1127189
1.82, 1120510
1.82, 1117195
1.82, 1115440
1.82, 1114677
1.82, 1111859
1.82, 1110581
1.82, 1099276
1.82, 1098541
1.90, 1098394
1.90, 1097977
1.90, 1097177
1.90, 1096094
1.90, 1095478
1.90, 1092983
1.90, 1089875
1.90, 1086915
1.90, 1086808
1.90, 1085162
1.90, 1084651
1.90, 1083107
1.90, 1083058
1.90, 1081854
1.90, 1081585
1.90, 1081544
1.90, 1079746
1.91, 1078477
1.91, 1078449
1.91, 1074324
1.91, 1071952
1.91, 1070583
1.91, 1067012
1.91, 1061221
1.91, 1061116
1.91, 1056142
1.91, 1055529
1.91, 1054115
1.91, 1051579
1.91, 1048658
1.91, 1048310
1.91, 1047825
1.91, 1043748
1.91, 1042876
1.91, 1038607
1.91, 1034697
2.00, 1033995
2.01, 1032937
2.01, 1032603
2.01, 1032403
2.01, 1030734
2.01, 1030589
2.01, 1030438
2.01, 1030268
2.01, 1025894
2.01, 1025866
2.01, 1022791
2.01, 1020145
2.01, 1019058
2.01, 1016997
2.01, 1011722
2.01, 1011157
2.01, 1009715
2.01, 1009185
2.01, 1006152
2.01, 1004021
2.01, 1001294
2.01, 999967
2.02, 996013
2.02, 994150
2.02, 994122
2.02, 993379
2.02, 991909
2.02, 991106
2.02, 989604
2.03, 985004
2.04, 982402
2.04, 978918
2.04, 976954
2.04, 970475
2.04, 970071
2.04, 966890
2.04, 965337
2.04, 964916
2.04, 962658
2.07, 960571
2.07, 959703
2.07, 956708
2.07, 953781
2.07, 952891
2.07, 952732
2.07, 952610
2.08, 952516
2.09, 950735
2.09, 950058
2.09, 948747
2.09, 948153
2.09, 946765
2.09, 943419
2.09, 941750
2.09, 941687
2.09, 941322
2.09, 937094
2.09, 936046
2.09, 935782
2.09, 935588
2.09, 933648
2.09, 932489
2.09, 932389
2.09, 930259
2.09, 929455
2.09, 929129
2.09, 928998
2.09, 927905
2.09, 927430
2.09, 926845
2.09, 924525
2.09, 923830
2.09, 921676
2.09, 917523
2.10, 916337
2.10, 913371
2.10, 913320
2.10, 913314
2.10, 910860
2.10, 909037
2.10, 908186
2.10, 908180
2.10, 908179
2.10, 906724
2.10, 899659
2.10, 897592
2.14, 896227
2.14, 894500
2.14, 894064
2.14, 893789
2.14, 890356
2.23, 890062
2.23, 889593
2.23, 888650
2.23, 887901
2.23, 886750
2.26, 886016
2.26, 885784
2.27, 884342
2.28, 883903
2.28, 883425
2.28, 881774
2.28, 881773
2.28, 881551
2.28, 878934
2.28, 876610
2.28, 875217
2.28, 874385
2.28, 873615
2.28, 872140
2.28, 870832
2.28, 870820
2.28, 870688
2.28, 870571
2.28, 869666
2.28, 867437
2.28, 867040
2.28, 865638
2.28, 865305
2.28, 863052
2.28, 861204
2.29, 859618
2.29, 859008
2.29, 858925
2.29, 857887
2.29, 856981
2.29, 856015
2.29, 855895
2.29, 855843
2.29, 854890
2.29, 854582
2.29, 854530
2.29, 854112
2.30, 853114
2.30, 850494
2.30, 850323
2.31, 850270
2.31, 850254
2.31, 849875
2.31, 848692
2.31, 848440
2.31, 845984
2.31, 845465
2.35, 840265
2.35, 839725
2.35, 839695
2.35, 838621
2.35, 837970
2.37, 835246
2.37, 835163
2.37, 832685
2.39, 832036
2.39, 831739
2.39, 830885
2.39, 828919
2.39, 827694
2.39, 827543
2.39, 827301
2.39, 824888
2.39, 824392
2.39, 823856
2.39, 822028
2.40, 821562
2.40, 821554
2.40, 821237
2.40, 821081
2.40, 820415
2.40, 817804
2.40, 816935
2.41, 814588
2.41, 809803
2.41, 809570
2.41, 808463
2.41, 808273
2.41, 807302
2.41, 807086
2.41, 806859
2.42, 805532
2.42, 805296
2.42, 804272
2.42, 803507
2.42, 802514
2.42, 802194
2.42, 801160
2.42, 800376
2.45, 797971
2.45, 797268
2.45, 796376
2.45, 796123
2.45, 795675
2.45, 795604
2.45, 795470
2.45, 794470
2.45, 794419
2.45, 793860
2.45, 791623
2.45, 791140
2.45, 789283
2.46, 788027
2.46, 787798
2.46, 787723
2.46, 787520
2.47, 786738
2.47, 785805
2.47, 785335
2.47, 784123
2.47, 783681
2.47, 781471
2.47, 781200
2.47, 780480
2.47, 780149
2.47, 779044
2.47, 778925
2.47, 778769
2.47, 777866
2.47, 777706
2.47, 775886
2.47, 773624
2.47, 772787
2.51, 771443
2.51, 769217
2.51, 769063
2.51, 768482
2.51, 767825
2.51, 765347
2.52, 765024
2.58, 762982
2.58, 762683
2.58, 762482
2.58, 762195
2.58, 762014
2.58, 761546
2.59, 759487
2.59, 758976
2.59, 757138
2.59, 756796
2.59, 755759
2.60, 755309
2.60, 753988
2.60, 753488
2.60, 753402
2.60, 752748
2.60, 752377
2.63, 751812
2.64, 751114
2.64, 749458
2.64, 748718
2.64, 748676
2.64, 745956
2.64, 745415
2.64, 744768
2.64, 743474
2.64, 743328
2.64, 742925
2.64, 742919
2.64, 742492
2.64, 740261
2.64, 739714
2.65, 739090
2.65, 737394
2.65, 737043
2.65, 735329
2.65, 735027
2.65, 734970
2.65, 733675
2.65, 733194
2.65, 732014
2.65, 731826
2.65, 731455
2.65, 730972
2.65, 729706
2.65, 729379
2.65, 728489
2.65, 726991
2.65, 726676
2.65, 726596
2.65, 725441
2.65, 725236
2.65, 725040
2.65, 724339
2.65, 724004
2.65, 723602
2.78, 722861
2.78, 722771
2.78, 722218
2.80, 722107
2.80, 722028
2.81, 721961
2.81, 721817
2.81, 720469
2.81, 720065
2.81, 717356
2.81, 715675
2.81, 715460
2.81, 715256
2.85, 715075
2.85, 714729
2.86, 713879
2.87, 712162
2.87, 708599
2.88, 706878
2.88, 706512
2.88, 705592
2.89, 705346
2.89, 705066
2.89, 704535
2.89, 702764
2.89, 702539
2.89, 702383
2.89, 702280
2.89, 702156
2.89, 701746
2.89, 700947
2.89, 699541
2.90, 699435
2.90, 699019
2.90, 698204
2.92, 698174
2.97, 697902
2.97, 696263
2.97, 695870
2.97, 695636
2.98, 695623
2.98, 694608
2.98, 693988
2.98, 693747
2.99, 693335
2.99, 693296
2.99, 692877
2.99, 692409
2.99, 692187
2.99, 692104
2.99, 690927
3.01, 690372
3.01, 690135
3.02, 688516
3.02, 687613
3.02, 687567
3.03, 687354
3.03, 686300
3.03, 686257
3.03, 686153
3.03, 685696
3.04, 684742
3.04, 684251
3.04, 683956
3.16, 683690
3.16, 683515
3.16, 682579
3.17, 682450
3.17, 682288
3.17, 682136
3.17, 681536
3.18, 681057
3.18, 680669
3.19, 679412
3.19, 679390
3.19, 679320
3.20, 678604
3.20, 678074
3.20, 677631
3.20, 677472
3.20, 677074
3.20, 676488
3.21, 676318
3.21, 675896
3.25, 675853
3.25, 675601
3.25, 675590
3.25, 675551
3.25, 675151
3.25, 675061
3.25, 674501
3.26, 674286
3.26, 672865
3.26, 672760
3.26, 672757
3.26, 672406
3.27, 672029
3.28, 671533
3.28, 671471
3.28, 670273
3.28, 669803
3.28, 669784
3.29, 669554
3.34, 669393
3.35, 669218
3.35, 669098
3.35, 668736
3.35, 668691
3.36, 668509
3.36, 668352
3.36, 668325
3.36, 668305
3.36, 668133
3.36, 667706
3.39, 667466
3.39, 667248
3.39, 667244
3.39, 666642
3.39, 666223
3.40, 666125
3.40, 665978
3.41, 665725
3.43, 665508
3.43, 665391
3.43, 665387
3.43, 665075
3.43, 664445
3.44, 664178
3.45, 664133
3.45, 663718
3.46, 663700
3.46, 663640
3.46, 663592
3.47, 663173
3.47, 663141
3.51, 661844
3.52, 661564
3.53, 661402
3.53, 661130
3.55, 661065
3.55, 661005
3.55, 660489
3.60, 660293
3.63, 660073
3.72, 659397
3.73, 659369
3.73, 659361
3.73, 659038
3.75, 659008
3.76, 659006
