0.00,6912160
0.00,6836526
0.00,6833993
0.00,6794625
0.00,6696654
0.00,6550527
0.00,6412967
0.00,6277859
0.00,6131781
0.00,6014421
0.00,6001293
0.01,5897504
0.01,5765442
0.01,5767751
0.01,5773727
0.01,5778166
0.01,5750349
0.01,5628320
0.01,5639128
0.01,5588531
0.01,5584291
0.01,5585170
0.01,5601747
0.01,5630415
0.01,5610667
0.01,5446651
0.01,5324190
0.01,5193217
0.01,5197278
0.01,5168080
0.01,5044465
0.01,5066818
0.01,4977569
0.01,4932935
0.01,4839590
0.01,4876022
0.01,4885144
0.01,4786077
0.01,4768629
0.01,4682024
0.01,4695975
0.01,4691274
0.01,4699666
0.01,4717456
0.01,4745460
0.01,4742371
0.01,4725300
0.01,4587127
0.01,4568495
0.01,4482329
0.01,4459098
0.01,4487172
0.01,4504366
0.01,4426404
0.01,4451563
0.01,4489619
0.02,4461262
0.02,4480065
0.02,4507040
0.02,4429760
0.02,4445613
0.02,4292791
0.02,4285654
0.02,4189848
0.02,4135245
0.02,4229511
0.02,4223739
0.02,4192022
0.02,4145935
0.02,4158249
0.02,4177421
0.02,4149977
0.02,4190724
0.02,4250961
0.02,4149698
0.02,4145928
0.02,4140914
0.02,4013329
0.02,4070411
0.02,3999835
0.02,3954599
0.02,3948375
0.02,3951611
0.02,4003191
0.02,4003869
0.02,4018881
0.02,4045544
0.02,3979428
0.02,3874073
0.02,3802205
0.02,3807657
0.02,3817166
0.02,3867555
0.02,3849361
0.02,3778388
0.02,3725448
0.02,3601113
0.02,3600825
0.02,3558795
0.02,3565250
0.02,3567740
0.02,3579749
0.02,3564742
0.02,3494341
0.02,3448071
0.02,3389013
0.02,3444074
0.02,3499756
0.02,3473988
0.02,3403482
0.02,3307488
0.02,3379521
0.02,3324328
0.02,3246608
0.02,3169766
0.02,3196675
0.02,3199331
0.02,3143973
0.02,3090499
0.02,3091884
0.02,3082510
0.02,3062800
0.02,3072126
0.02,3069899
0.02,3028551
0.02,2969896
0.02,2966956
0.02,2979430
0.02,2911342
0.02,2906207
0.02,2872388
0.02,2872763
0.02,2880244
0.02,2881219
0.02,2874779
0.02,2859608
0.02,2815644
0.02,2807576
0.02,2828635
0.02,2824323
0.02,2843507
0.02,2826027
0.02,2820501
0.02,2827596
0.02,2820691
0.02,2813132
0.02,2832700
0.02,2867114
0.02,2884041
0.03,2826225
0.03,2823790
0.03,2855621
0.03,2831792
0.03,2801486
0.03,2798076
0.03,2750499
0.03,2760269
0.03,2760507
0.03,2737938
0.03,2696791
0.03,2672377
0.03,2666127
0.03,2628575
0.03,2562448
0.03,2608224
0.03,2636482
0.03,2543700
0.03,2544559
0.03,2549817
0.03,2501309
0.03,2449791
0.03,2441486
0.03,2408119
0.03,2379727
0.03,2378071
0.03,2375557
0.03,2355246
0.03,2349887
0.03,2356106
0.03,2346932
0.03,2344072
0.03,2348467
0.03,2345292
0.03,2342009
0.03,2338202
0.03,2338572
0.03,2355835
0.03,2363377
0.03,2394137
0.03,2357697
0.03,2365178
0.03,2442317
0.03,2429216
0.03,2381071
0.03,2353211
0.03,2353049
0.03,2368358
0.03,2354927
0.03,2366989
0.03,2390078
0.03,2372375
0.03,2380973
0.03,2361620
0.03,2291887
0.03,2286154
0.03,2296930
0.03,2286525
0.03,2289238
0.03,2262924
0.03,2241752
0.03,2266184
0.03,2279979
0.03,2293656
0.03,2367565
0.03,2358197
0.03,2273954
0.03,2350280
0.03,2361212
0.03,2311922
0.03,2283704
0.03,2280822
0.03,2291416
0.03,2291712
0.03,2299994
0.03,2308568
0.03,2259646
0.03,2295670
0.03,2271589
0.03,2247681
0.03,2251822
0.03,2207954
0.03,2200124
0.03,2217968
0.03,2219550
0.03,2207824
0.03,2260410
0.03,2287420
0.03,2191054
0.03,2283244
0.04,2257659
0.04,2244109
0.04,2274790
0.04,2272405
0.04,2288022
0.04,2287908
0.04,2291786
0.04,2324626
0.04,2316215
0.04,2340665
0.04,2339987
0.04,2298381
0.04,2279596
0.04,2239660
0.04,2204105
0.04,2253924
0.04,2253781
0.04,2313040
0.04,2330063
0.04,2315789
0.04,2327400
0.04,2269664
0.04,2237676
0.04,2256217
0.04,2185902
0.04,2187976
0.04,2204403
0.04,2255204
0.04,2232768
0.04,2150108
0.04,2141882
0.04,2110831
0.04,2111673
0.04,2124328
0.04,2112749
0.04,2111932
0.04,2076398
0.04,2047536
0.04,2034172
0.04,2036477
0.04,2065959
0.04,2043288
0.04,2010333
0.04,2019266
0.04,1983089
0.04,1983663
0.04,1985711
0.04,1996516
0.04,2000400
0.04,1966781
0.04,1943252
0.04,2027535
0.04,2021293
0.04,1974721
0.04,1983831
0.04,1978143
0.04,1976959
0.04,1977367
0.04,2013855
0.04,2034927
0.04,2029809
0.04,2050690
0.04,2053618
0.04,2054200
0.04,2086405
0.04,2051274
0.04,2034916
0.04,2063335
0.04,2062411
0.04,2087634
0.04,2098974
0.04,2087206
0.04,2093227
0.04,2037817
0.04,2037836
0.04,2040798
0.04,2027587
0.04,2025141
0.04,2061415
0.04,2071039
0.04,2072960
0.04,1973873
0.04,1976566
0.04,1979420
0.04,1942624
0.04,1960949
0.04,1982746
0.04,1938263
0.04,1908713
0.04,1913582
0.04,1894001
0.04,1875789
0.05,1861818
0.05,1878176
0.05,1875936
0.05,1887045
0.05,1876497
0.05,1875392
0.05,1891045
0.05,1885082
0.05,1894564
0.05,1894273
0.05,1893530
0.05,1840594
0.05,1841180
0.05,1825078
0.05,1804304
0.05,1787912
0.05,1768047
0.05,1795383
0.05,1789554
0.05,1804195
0.05,1794814
0.05,1812994
0.05,1829239
0.05,1813059
0.05,1806340
0.05,1816665
0.05,1820845
0.05,1847954
0.05,1839945
0.05,1885296
0.05,1888143
0.05,1845054
0.05,1835369
0.05,1811773
0.05,1777252
0.05,1778703
0.05,1794374
0.05,1771615
0.05,1748486
0.05,1762158
0.05,1758553
0.05,1754072
0.05,1759695
0.05,1751061
0.05,1746453
0.05,1731593
0.05,1729753
0.05,1709454
0.05,1690261
0.05,1680912
0.05,1675631
0.05,1682318
0.05,1685687
0.05,1686954
0.05,1695701
0.05,1702363
0.05,1686244
0.05,1692444
0.05,1687919
0.05,1680950
0.05,1661332
0.05,1663332
0.05,1696293
0.05,1684965
0.05,1688369
0.05,1688369
0.05,1707028
0.05,1716260
0.05,1738137
0.05,1716840
0.05,1712853
0.05,1711670
0.05,1735777
0.05,1746523
0.05,1797844
0.05,1773170
0.05,1726804
0.05,1732022
0.05,1709714
0.05,1731296
0.05,1707401
0.05,1692667
0.05,1694711
0.05,1667329
0.05,1659735
0.05,1661673
0.05,1643269
0.05,1629862
0.05,1638394
0.05,1633583
0.05,1610411
0.05,1626068
0.06,1625720
0.06,1625495
0.06,1665760
0.06,1698806
0.06,1724865
0.06,1657797
0.06,1660383
0.06,1663388
0.06,1661229
0.06,1675014
0.06,1672763
0.06,1669411
0.06,1704162
0.06,1702918
0.06,1720761
0.06,1712497
0.06,1708130
0.06,1697268
0.06,1729749
0.06,1733263
0.06,1748932
0.06,1714076
0.06,1740460
0.06,1710906
0.06,1717433
0.06,1707144
0.06,1728450
0.06,1699863
0.06,1712857
0.06,1654528
0.06,1716842
0.06,1715510
0.06,1684610
0.06,1687230
0.06,1651636
0.06,1651398
0.06,1627871
0.06,1612263
0.06,1620249
0.06,1611186
0.06,1586146
0.06,1585612
0.06,1588174
0.06,1598415
0.06,1585009
0.06,1577846
0.06,1570042
0.06,1642406
0.06,1641117
0.06,1609278
0.06,1579893
0.06,1571843
0.06,1555827
0.06,1562986
0.06,1568004
0.06,1576945
0.06,1566501
0.06,1556692
0.06,1565456
0.06,1558485
0.06,1556196
0.06,1561917
0.06,1554578
0.06,1551211
0.06,1558385
0.06,1563367
0.06,1570009
0.06,1584860
0.06,1573528
0.06,1560407
0.06,1551947
0.06,1572025
0.06,1582213
0.06,1606141
0.06,1533795
0.06,1505764
0.06,1501920
0.06,1489364
0.06,1481414
0.06,1479273
0.06,1477280
0.06,1497639
0.06,1527384
0.06,1533837
0.06,1552049
0.06,1542525
0.06,1540927
0.06,1580951
0.06,1502288
0.07,1523219
0.07,1520600
0.07,1496172
0.07,1497106
0.07,1496795
0.07,1496421
0.07,1497365
0.07,1461831
0.07,1446774
0.07,1447122
0.07,1435286
0.07,1423011
0.07,1424403
0.07,1424004
0.07,1412139
0.07,1407483
0.07,1416377
0.07,1389322
0.07,1451875
0.07,1431883
0.07,1380765
0.07,1360225
0.07,1370107
0.07,1369571
0.07,1392176
0.07,1339893
0.07,1329598
0.07,1327098
0.07,1313692
0.07,1308320
0.07,1312338
0.07,1307556
0.07,1308935
0.07,1306638
0.07,1302773
0.07,1294425
0.07,1281609
0.07,1283286
0.07,1295018
0.07,1311858
0.07,1298180
0.07,1288584
0.07,1299942
0.07,1292183
0.07,1292401
0.07,1295294
0.07,1295069
0.07,1305890
0.07,1311499
0.07,1314794
0.07,1308977
0.07,1299820
0.07,1293902
0.07,1306009
0.07,1324421
0.07,1332429
0.07,1349483
0.07,1277544
0.07,1294643
0.07,1288188
0.07,1287332
0.07,1290838
0.07,1279787
0.07,1286178
0.07,1295107
0.07,1291646
0.07,1290616
0.07,1284676
0.07,1295835
0.07,1305033
0.07,1322060
0.07,1353572
0.07,1382704
0.07,1303168
0.07,1309802
0.07,1299046
0.07,1306636
0.07,1307103
0.07,1312118
0.07,1314839
0.07,1309162
0.07,1313237
0.07,1323591
0.07,1307893
0.07,1310083
0.07,1308792
0.07,1320539
0.07,1309461
0.07,1316054
0.07,1308381
0.07,1302667
0.08,1317075
0.08,1313644
0.08,1275017
0.08,1275901
0.08,1255605
0.08,1253189
0.08,1238955
0.08,1243550
0.08,1243489
0.08,1228047
0.08,1221364
0.08,1223821
0.08,1242149
0.08,1261722
0.08,1293854
0.08,1324482
0.08,1252402
0.08,1240111
0.08,1247551
0.08,1252405
0.08,1250009
0.08,1255387
0.08,1265178
0.08,1262135
0.08,1266620
0.08,1256462
0.08,1257821
0.08,1259435
0.08,1261163
0.08,1276534
0.08,1275707
0.08,1274282
0.08,1272633
0.08,1260780
0.08,1258498
0.08,1257493
0.08,1251358
0.08,1241427
0.08,1235624
0.08,1237621
0.08,1318856
0.08,1333796
0.08,1335861
0.08,1361237
0.08,1380044
0.08,1376367
0.08,1396668
0.08,1405187
0.08,1387577
0.08,1381112
0.08,1381041
0.08,1381304
0.08,1377814
0.08,1328819
0.08,1326762
0.08,1343738
0.08,1317820
0.08,1310492
0.08,1297504
0.08,1290938
0.08,1271976
0.08,1270966
0.08,1246924
0.08,1231110
0.08,1230343
0.08,1208303
0.08,1208822
0.08,1207771
0.08,1200975
0.08,1196267
0.08,1237202
0.08,1260415
0.08,1255812
0.08,1280856
0.08,1302551
0.08,1302742
0.08,1331487
0.08,1335652
0.08,1318105
0.08,1315918
0.08,1315355
0.08,1320512
0.08,1320128
0.08,1290353
0.08,1294447
0.08,1294071
0.08,1286335
0.08,1282664
0.08,1283720
0.08,1286464
0.08,1267665
0.09,1252408
0.09,1229010
0.09,1208901
0.09,1201992
0.09,1198501
0.09,1201890
0.09,1200501
0.09,1182011
0.09,1177260
0.09,1169183
0.09,1155619
0.09,1139843
0.09,1133456
0.09,1128331
0.09,1117580
0.09,1116841
0.09,1109111
0.09,1106445
0.09,1101992
0.09,1091340
0.09,1082225
0.09,1072224
0.09,1072091
0.09,1073383
0.09,1078149
0.09,1065810
0.09,1065563
0.09,1067469
0.09,1074173
0.09,1071727
0.09,1063316
0.09,1061265
0.09,1054138
0.09,1054157
0.09,1053351
0.09,1045890
0.09,1043181
0.09,1038727
0.09,1038270
0.09,1040864
0.09,1037029
0.09,1034294
0.09,1034587
0.09,1037792
0.09,1040677
0.09,1034836
0.09,1030197
0.09,1027712
0.09,1027910
0.09,1027022
0.09,1027973
0.09,1035147
0.09,1026673
0.09,1030489
0.09,1036342
0.09,1025994
0.09,1021610
0.09,1019705
0.09,1017343
0.09,1023565
0.09,1024713
0.09,1019816
0.09,1016000
0.09,1009300
0.09,1017221
0.09,1036803
0.09,1026620
0.09,1047283
0.09,1051445
0.09,996383
0.09,997118
0.09,996675
0.09,990251
0.09,990505
0.09,988206
0.09,983286
0.09,977327
0.09,983972
0.09,972682
0.09,969137
0.09,970196
0.09,975837
0.09,973234
0.09,972704
0.09,975821
0.09,984523
0.09,987630
0.09,986742
0.09,987631
0.09,982917
0.10,975449
0.10,966432
0.10,959858
0.10,975580
0.10,988985
0.10,989599
0.10,1010394
0.10,1009096
0.10,1010340
0.10,1025179
0.10,1032659
0.10,1033669
0.10,1026285
0.10,1044955
0.10,1049441
0.10,1061881
0.10,1058355
0.10,1064184
0.10,1101498
0.10,1100360
0.10,1040858
0.10,1018668
0.10,1020815
0.10,1013529
0.10,1005594
0.10,981774
0.10,1008998
0.10,1002346
0.10,1020443
0.10,1027781
0.10,1023155
0.10,1008942
0.10,983601
0.10,968871
0.10,961970
0.10,952856
0.10,956109
0.10,957740
0.10,945809
0.10,948672
0.10,949032
0.10,950418
0.10,954746
0.10,954115
0.10,956479
0.10,957212
0.10,970294
0.10,975911
0.10,979033
0.10,1000652
0.10,999268
0.10,998048
0.10,1008095
0.10,1010944
0.10,1015726
0.10,1007372
0.10,1023075
0.10,1027209
0.10,1039675
0.10,1035525
0.10,1043243
0.10,1075694
0.10,1072110
0.10,1020024
0.10,999268
0.10,987793
0.10,973919
0.10,982932
0.10,963158
0.10,962717
0.10,988894
0.10,988302
0.10,988152
0.10,986809
0.10,989020
0.10,987731
0.10,984351
0.10,962238
0.10,959045
0.10,950781
0.10,938499
0.10,951953
0.10,954959
0.10,947745
0.10,947571
0.10,952987
0.10,954418
0.11,955062
0.11,964810
0.11,967720
0.11,969393
0.11,967657
0.11,977226
0.11,997366
0.11,1032066
0.11,1060712
0.11,995829
0.11,999489
0.11,1000521
0.11,997951
0.11,993968
0.11,992162
0.11,994082
0.11,995570
0.11,991541
0.11,992097
0.11,991166
0.11,992455
0.11,993874
0.11,991221
0.11,990057
0.11,992017
0.11,980652
0.11,979788
0.11,981190
0.11,979676
0.11,979689
0.11,973106
0.11,963608
0.11,959255
0.11,962794
0.11,970169
0.11,974269
0.11,975572
0.11,978770
0.11,978308
0.11,978471
0.11,983014
0.11,976321
0.11,966423
0.11,960985
0.11,964046
0.11,958723
0.11,942767
0.11,940895
0.11,945985
0.11,945970
0.11,948084
0.11,949701
0.11,953196
0.11,963714
0.11,963414
0.11,957110
0.11,963799
0.11,983780
0.11,1014072
0.11,1024628
0.11,1044520
0.11,1068312
0.11,1080828
0.11,1067307
0.11,1070560
0.11,1075715
0.11,1073690
0.11,1061597
0.11,1062580
0.11,1057548
0.11,1034787
0.11,1033537
0.11,1036631
0.11,1031614
0.11,1028531
0.11,1021582
0.11,1017408
0.11,1013043
0.11,990516
0.11,990134
0.11,961392
0.11,985031
0.11,987966
0.11,1007099
0.11,1004922
0.11,1025661
0.11,1078374
0.11,1075172
0.11,1038218
0.11,1028623
0.11,1029035
0.12,1018166
0.12,1014640
0.12,991719
0.12,998562
0.12,987259
0.12,983514
0.12,957107
0.12,953794
0.12,953895
0.12,933108
0.12,928557
0.12,927571
0.12,919893
0.12,914519
0.12,914563
0.12,915082
0.12,908832
0.12,906908
0.12,901987
0.12,906072
0.12,911493
0.12,911812
0.12,901009
0.12,894097
0.12,889345
0.12,892022
0.12,889870
0.12,886221
0.12,885794
0.12,887641
0.12,891608
0.12,887331
0.12,890765
0.12,891382
0.12,879940
0.12,880282
0.12,878954
0.12,878776
0.12,874804
0.12,870278
0.12,872483
0.12,868384
0.12,872856
0.12,874515
0.12,875030
0.12,877412
0.12,880180
0.12,879914
0.12,876670
0.12,876775
0.12,874313
0.12,873683
0.12,869947
0.12,872221
0.12,866245
0.12,864217
0.12,859979
0.12,861117
0.12,860847
0.12,862059
0.12,862052
0.12,858553
0.12,859386
0.12,859247
0.12,857219
0.12,863309
0.12,865171
0.12,868984
0.12,867348
0.12,866366
0.12,870347
0.12,869285
0.12,866158
0.12,865225
0.12,858981
0.12,856989
0.12,853114
0.12,848526
0.12,850890
0.12,842819
0.12,838252
0.12,839663
0.12,840217
0.12,837986
0.12,835894
0.12,830998
0.12,830096
0.12,830775
0.12,829741
0.12,836894
0.12,841030
0.13,841106
0.13,838249
0.13,834250
0.13,834404
0.13,834312
0.13,834190
0.13,851717
0.13,862623
0.13,861488
0.13,869023
0.13,871091
0.13,896486
0.13,937014
0.13,957601
0.13,982500
0.13,987295
0.13,1010328
0.13,1015659
0.13,1034130
0.13,1032077
0.13,1021007
0.13,1037654
0.13,1040132
0.13,982569
0.13,949691
0.13,946998
0.13,936806
0.13,927107
0.13,866489
0.13,853122
0.13,827936
0.13,825779
0.13,824044
0.13,824430
0.13,824637
0.13,818370
0.13,815057
0.13,813114
0.13,811200
0.13,813777
0.13,816074
0.13,811788
0.13,809437
0.13,809858
0.13,806317
0.13,815377
0.13,827648
0.13,842021
0.13,840904
0.13,819139
0.13,815439
0.13,815196
0.13,803584
0.13,800875
0.13,797394
0.13,796037
0.13,799827
0.13,799384
0.13,799903
0.13,797991
0.13,797353
0.13,797666
0.13,795916
0.13,793868
0.13,795557
0.13,791521
0.13,791746
0.13,792229
0.13,791196
0.13,791159
0.13,790687
0.13,789276
0.13,786745
0.13,784393
0.13,782073
0.13,780321
0.13,778049
0.13,781380
0.13,784687
0.13,782506
0.13,783200
0.13,783897
0.13,785498
0.13,783360
0.13,782058
0.13,782025
0.13,780428
0.13,776828
0.13,775793
0.14,775501
0.14,773518
0.14,771576
0.14,769669
0.14,768507
0.14,765434
0.14,761555
0.14,759687
0.14,762245
0.14,763042
0.14,766228
0.14,770352
0.14,777523
0.14,776420
0.14,775725
0.14,784575
0.14,797352
0.14,825981
0.14,838828
0.14,842264
0.14,845875
0.14,855645
0.14,856946
0.14,857452
0.14,880691
0.14,892527
0.14,888481
0.14,900171
0.14,903137
0.14,893359
0.14,888321
0.14,887761
0.14,872013
0.14,854705
0.14,840106
0.14,837188
0.14,836796
0.14,819868
0.14,812933
0.14,780469
0.14,803813
0.14,801110
0.14,810438
0.14,812086
0.14,826942
0.14,871822
0.14,869182
0.14,830831
0.14,800585
0.14,799851
0.14,784211
0.14,776728
0.14,760313
0.14,763243
0.14,766952
0.14,763044
0.14,763923
0.14,766106
0.14,772960
0.14,772791
0.14,772869
0.14,779184
0.14,791798
0.14,824056
0.14,834859
0.14,837697
0.14,840237
0.14,846833
0.14,849852
0.14,850931
0.14,876346
0.14,889425
0.14,889843
0.14,899495
0.14,902465
0.14,896661
0.14,890793
0.14,896162
0.14,882236
0.14,862095
0.14,852206
0.14,862412
0.14,862043
0.14,837218
0.14,835177
0.14,776703
0.14,782324
0.14,780298
0.14,791938
0.14,770915
0.15,760702
0.15,804876
0.15,788466
0.15,751444
0.15,746376
0.15,746411
0.15,747942
0.15,747963
0.15,746027
0.15,744203
0.15,742458
0.15,741749
0.15,740345
0.15,738706
0.15,737273
0.15,737356
0.15,735477
0.15,733449
0.15,733682
0.15,732093
0.15,731117
0.15,729826
0.15,727815
0.15,730528
0.15,732890
0.15,731308
0.15,731795
0.15,732193
0.15,728744
0.15,728324
0.15,728332
0.15,728123
0.15,728413
0.15,729352
0.15,730131
0.15,734827
0.15,738948
0.15,734038
0.15,733604
0.15,735167
0.15,730879
0.15,730791
0.15,726347
0.15,726767
0.15,725769
0.15,726351
0.15,726460
0.15,727290
0.15,725056
0.15,724641
0.15,725086
0.15,724935
0.15,723069
0.15,721711
0.15,720387
0.15,724745
0.15,722757
0.15,724287
0.15,722324
0.15,726317
0.15,726802
0.15,719106
0.15,721270
0.15,721580
0.15,716725
0.15,720209
0.15,718375
0.15,719534
0.15,715379
0.15,715059
0.15,717291
0.15,713801
0.15,712547
0.15,711312
0.15,710079
0.15,711823
0.15,713707
0.15,716293
0.15,711644
0.15,712829
0.15,712961
0.15,714017
0.15,714676
0.15,712903
0.15,717039
0.15,720240
0.15,719436
0.15,721834
0.15,722354
0.15,719046
0.15,718199
0.16,719012
0.16,721429
0.16,722849
0.16,723376
0.16,724125
0.16,723433
0.16,722435
0.16,721677
0.16,720081
0.16,720687
0.16,717544
0.16,716925
0.16,717078
0.16,719525
0.16,722808
0.16,722120
0.16,720069
0.16,722628
0.16,722372
0.16,722254
0.16,723492
0.16,733464
0.16,740638
0.16,741880
0.16,756921
0.16,756743
0.16,772210
0.16,774414
0.16,771099
0.16,779583
0.16,792987
0.16,850958
0.16,859148
0.16,857180
0.16,888493
0.16,893605
0.16,854105
0.16,856222
0.16,878469
0.16,869036
0.16,862709
0.16,862098
0.16,863373
0.16,800494
0.16,782938
0.16,761360
0.16,746990
0.16,723286
0.16,708852
0.16,711397
0.16,715200
0.16,719721
0.16,720646
0.16,722958
0.16,724884
0.16,720971
0.16,719460
0.16,721166
0.16,722578
0.16,721436
0.16,720267
0.16,717021
0.16,715581
0.16,716021
0.16,717271
0.16,714140
0.16,713156
0.16,709819
0.16,709724
0.16,709612
0.16,709578
0.16,710105
0.16,710906
0.16,711905
0.16,714823
0.16,715801
0.16,714518
0.16,713723
0.16,712492
0.16,713779
0.16,709307
0.16,705585
0.16,711988
0.16,710614
0.16,704437
0.16,703332
0.16,702258
0.16,701219
0.16,704091
0.16,701889
0.16,700194
0.17,699361
0.17,698993
0.17,698012
0.17,697394
0.17,697874
0.17,698234
0.17,696475
0.17,695563
0.17,694609
0.17,693766
0.17,693040
0.17,692293
0.17,691585
0.17,693247
0.17,693941
0.17,691649
0.17,690889
0.17,695227
0.17,697912
0.17,699822
0.17,700499
0.17,700368
0.17,697993
0.17,697099
0.17,699506
0.17,701696
0.17,701005
0.17,704381
0.17,704467
0.17,702505
0.17,703533
0.17,703744
0.17,703221
0.17,707655
0.17,707442
0.17,705099
0.17,704217
0.17,701900
0.17,701480
0.17,700381
0.17,700428
0.17,698228
0.17,697881
0.17,696301
0.17,694699
0.17,693045
0.17,691723
0.17,694195
0.17,697805
0.17,698872
0.17,698871
0.17,698409
0.17,702251
0.17,702585
0.17,702198
0.17,704483
0.17,707794
0.17,705030
0.17,703718
0.17,701086
0.17,701040
0.17,703240
0.17,703517
0.17,701396
0.17,705718
0.17,704313
0.17,703219
0.17,701814
0.17,699968
0.17,697827
0.17,697464
0.17,698401
0.17,696370
0.17,694905
0.17,691448
0.17,691095
0.17,691251
0.17,690063
0.17,688636
0.17,687986
0.17,687364
0.17,686676
0.17,686105
0.17,685492
0.17,684880
0.17,684271
0.17,687474
0.17,707172
0.17,702974
0.17,696499
0.17,691740
0.18,684474
0.18,683727
0.18,683201
0.18,685053
0.18,685395
0.18,686004
0.18,687030
0.18,689073
0.18,692579
0.18,691846
0.18,690681
0.18,690455
0.18,688168
0.18,687642
0.18,684628
0.18,687748
0.18,686959
0.18,685701
0.18,690555
0.18,712521
0.18,749272
0.18,763950
0.18,771614
0.18,789935
0.18,803914
0.18,817698
0.18,852399
0.18,858131
0.18,856014
0.18,858015
0.18,865099
0.18,869702
0.18,864685
0.18,874083
0.18,841860
0.18,837976
0.18,865983
0.18,856373
0.18,814783
0.18,813876
0.18,786213
0.18,751127
0.18,691071
0.18,679224
0.18,680991
0.18,683336
0.18,682748
0.18,683496
0.18,683462
0.18,684823
0.18,687097
0.18,688257
0.18,694347
0.18,696517
0.18,695902
0.18,701663
0.18,715645
0.18,747344
0.18,760870
0.18,761759
0.18,764968
0.18,779752
0.18,799192
0.18,820603
0.18,823116
0.18,815095
0.18,816257
0.18,817972
0.18,815390
0.18,819453
0.18,822399
0.18,799623
0.18,793022
0.18,806928
0.18,801245
0.18,802895
0.18,804344
0.18,786025
0.18,780424
0.18,717167
0.18,736515
0.18,721006
0.18,718539
0.18,733119
0.18,734179
0.18,678050
0.18,677393
0.18,676903
0.18,676503
0.18,678461
0.18,679369
0.19,680957
0.19,700210
0.19,721227
0.19,698389
0.19,682263
0.19,680291
0.19,676147
0.19,675321
0.19,674973
0.19,674626
0.19,674281
0.19,675225
0.19,675467
0.19,675848
0.19,676888
0.19,677582
0.19,678538
0.19,679089
0.19,681503
0.19,681768
0.19,680806
0.19,682143
0.19,685767
0.19,691269
0.19,689517
0.19,688169
0.19,694432
0.19,709017
0.19,739603
0.19,751986
0.19,755595
0.19,756432
0.19,759940
0.19,768964
0.19,768195
0.19,774006
0.19,800314
0.19,811009
0.19,815612
0.19,831763
0.19,833589
0.19,830280
0.19,849787
0.19,850173
0.19,833181
0.19,818357
0.19,813714
0.19,816090
0.19,785379
0.19,792088
0.19,727583
0.19,728974
0.19,751162
0.19,748100
0.19,683293
0.19,673939
0.19,673688
0.19,674745
0.19,676514
0.19,677521
0.19,680791
0.19,680902
0.19,678852
0.19,679401
0.19,678347
0.19,678591
0.19,678451
0.19,677590
0.19,681184
0.19,680692
0.19,679973
0.19,678820
0.19,677697
0.19,684314
0.19,684545
0.19,682210
0.19,691850
0.19,723855
0.19,762788
0.19,771627
0.19,786860
0.19,792421
0.19,801065
0.19,814414
0.19,820236
0.19,826911
0.19,846532
0.19,879234
0.19,871252
0.19,865103
0.19,888182
0.19,886074
0.20,857056
0.20,862128
0.20,838991
0.20,799722
0.20,786530
0.20,772199
0.20,743077
0.20,672723
0.20,673596
0.20,675537
0.20,675830
0.20,673915
0.20,672585
0.20,671836
0.20,671925
0.20,671460
0.20,671146
0.20,670846
0.20,670564
0.20,670308
0.20,670063
0.20,669869
0.20,669654
0.20,669366
0.20,669237
0.20,669113
0.20,671906
0.20,672720
0.20,673600
0.20,675447
0.20,675117
0.20,676210
0.20,673781
0.20,672603
0.20,671052
0.20,670287
0.20,668756
0.20,670321
0.20,673030
0.20,674372
0.20,675138
0.20,675975
0.20,677862
0.20,674476
0.20,673042
0.20,672065
0.20,671133
0.20,669735
0.20,668112
0.20,668511
0.20,667761
0.20,667619
0.20,667447
0.20,667358
0.20,667280
0.20,667383
0.20,674871
0.20,674365
0.20,676719
0.20,666350
0.20,677936
0.20,667692
0.20,670335
0.20,666101
0.20,666073
0.20,666051
