0.01, 6955478
0.01, 6951990
0.01, 6934137
0.01, 6925519
0.01, 6900546
0.01, 6876139
0.01, 6874249
0.01, 6870356
0.01, 6864698
0.01, 6864109
0.01, 6853711
0.01, 6849297
0.01, 6844852
0.01, 6811204
0.01, 6786547
0.01, 6759494
0.01, 6753081
0.01, 6671315
0.01, 6671109
0.01, 6662025
0.01, 6660606
0.01, 6659935
0.01, 6654169
0.01, 6652129
0.01, 6648245
0.01, 6647766
0.01, 6632356
0.01, 6631614
0.01, 6625009
0.01, 6607416
0.01, 6570642
0.01, 6553979
0.01, 6553851
0.01, 6546716
0.01, 6545656
0.01, 6521526
0.01, 6507972
0.01, 6496980
0.01, 6468872
0.01, 6464686
0.01, 6462027
0.01, 6448013
0.01, 6433882
0.01, 6431032
0.01, 6421595
0.01, 6420173
0.01, 6405897
0.01, 6403237
0.01, 6403032
0.01, 6401824
0.01, 6400963
0.01, 6396057
0.01, 6258630
0.01, 6237486
0.01, 6211178
0.01, 6197830
0.01, 6189231
0.01, 6177241
0.01, 6165351
0.01, 6162748
0.01, 6138961
0.01, 6135748
0.01, 6127574
0.01, 6118778
0.01, 6115483
0.01, 6101431
0.01, 6096544
0.01, 6090351
0.01, 6083302
0.01, 6080049
0.01, 6077723
0.01, 6054545
0.01, 6029631
0.01, 5988745
0.01, 5982238
0.01, 5971872
0.01, 5970278
0.01, 5969484
0.01, 5965800
0.01, 5965300
0.01, 5910757
0.01, 5902954
0.01, 5896332
0.01, 5888295
0.01, 5865926
0.01, 5865496
0.01, 5861111
0.01, 5852474
0.01, 5836389
0.01, 5691238
0.01, 5684764
0.01, 5683898
0.01, 5661557
0.01, 5655438
0.01, 5632493
0.01, 5623780
0.01, 5604541
0.01, 5592081
0.01, 5582747
0.01, 5581450
0.01, 5577786
0.02, 5518256
0.02, 5517142
0.02, 5516966
0.02, 5505152
0.02, 5504857
0.02, 5494054
0.02, 5468203
0.05, 5454133
0.05, 5438709
0.05, 5423398
0.05, 5421755
0.05, 5415015
0.05, 5388184
0.05, 5373230
0.05, 5372817
0.06, 5314226
0.06, 5288055
0.06, 5277308
0.07, 5274314
0.07, 5273670
0.07, 5265256
0.07, 5263480
0.07, 5263322
0.07, 5259873
0.07, 5179527
0.07, 5164144
0.07, 5108296
0.07, 5095346
0.07, 5092945
0.07, 5030169
0.07, 5027767
0.07, 5014419
0.07, 5014116
0.19, 4996912
0.19, 4996009
0.19, 4954557
0.19, 4911976
0.19, 4903988
0.19, 4896108
0.19, 4893091
0.19, 4892988
0.19, 4890052
0.19, 4884347
0.19, 4870660
0.19, 4870157
0.19, 4859742
0.19, 4842141
0.19, 4833193
0.19, 4808415
0.19, 4804857
0.19, 4800570
0.19, 4799668
0.19, 4795119
0.19, 4792303
0.19, 4785252
0.19, 4768391
0.19, 4760171
0.19, 4754995
0.19, 4719162
0.19, 4715341
0.19, 4700197
0.19, 4692220
0.19, 4656821
0.19, 4656579
0.19, 4655890
0.19, 4646067
0.19, 4644071
0.19, 4643955
0.19, 4633523
0.19, 4618550
0.19, 4612283
0.19, 4604659
0.19, 4603625
0.19, 4594790
0.19, 4553412
0.19, 4552199
0.19, 4521665
0.19, 4518534
0.19, 4516931
0.19, 4516670
0.30, 4516206
0.30, 4513303
0.30, 4513301
0.30, 4507078
0.30, 4492915
0.30, 4482185
0.30, 4450550
0.30, 4449639
0.30, 4444978
0.30, 4444897
0.30, 4439492
0.30, 4423021
0.30, 4412108
0.30, 4396531
0.30, 4373069
0.30, 4339605
0.30, 4339055
0.30, 4337806
0.40, 4332177
0.40, 4328657
0.40, 4325758
0.40, 4304328
0.40, 4303505
0.40, 4298969
0.40, 4291414
0.42, 4257355
0.42, 4243409
0.42, 4239040
0.42, 4238646
0.42, 4233020
0.42, 4232286
0.42, 4207762
0.42, 4207156
0.42, 4203713
0.42, 4196577
0.42, 4194283
0.42, 4190554
0.42, 4188109
0.42, 4155807
0.42, 4146110
0.42, 4135886
0.42, 4126117
0.42, 4109858
0.42, 4109699
0.42, 4099719
0.42, 4071987
0.42, 4055168
0.42, 4050873
0.42, 4050683
0.42, 4044587
0.50, 4007232
0.50, 3965874
0.50, 3928524
0.51, 3914221
0.51, 3910451
0.51, 3905817
0.51, 3905611
0.55, 3900149
0.55, 3899967
0.55, 3885234
0.55, 3882865
0.55, 3881762
0.56, 3881311
0.56, 3839825
0.56, 3834105
0.56, 3832360
0.56, 3817648
0.56, 3816922
0.56, 3777909
0.62, 3749966
0.62, 3749260
0.62, 3731934
0.62, 3727626
0.62, 3674070
0.62, 3670662
0.62, 3662040
0.62, 3657502
0.62, 3656013
0.62, 3655602
0.62, 3650680
0.62, 3647366
0.62, 3638096
0.62, 3632824
0.62, 3631840
0.62, 3626831
0.62, 3611104
0.62, 3610316
0.62, 3591698
0.62, 3590807
0.62, 3586489
0.62, 3585389
0.62, 3582854
0.62, 3575050
0.62, 3544571
0.62, 3544210
0.62, 3533424
0.62, 3528887
0.64, 3517692
0.64, 3515319
0.64, 3459273
0.64, 3456400
0.64, 3445365
0.64, 3434627
0.64, 3420684
0.64, 3413194
0.64, 3402172
0.64, 3401815
0.64, 3399291
0.64, 3393939
0.64, 3393702
0.64, 3386902
0.73, 3385390
0.73, 3383776
0.73, 3380112
0.73, 3374012
0.73, 3360275
0.73, 3331584
0.73, 3325631
0.73, 3322894
0.73, 3312583
0.73, 3287698
0.73, 3279957
0.73, 3265484
0.73, 3249101
0.73, 3243813
0.73, 3243526
0.73, 3239785
0.73, 3230797
0.73, 3220446
0.73, 3220377
0.73, 3211997
0.73, 3211597
0.73, 3209861
0.75, 3208781
0.75, 3206550
0.76, 3199961
0.76, 3194014
0.77, 3185300
0.78, 3178022
0.78, 3167168
0.81, 3152683
0.81, 3151472
0.81, 3149061
0.81, 3143644
0.82, 3128839
0.82, 3119026
0.82, 3111211
0.82, 3098110
0.82, 3083337
0.82, 3082813
0.82, 3076925
0.82, 3066745
0.82, 3061105
0.82, 3057574
0.82, 3057519
0.82, 3056855
0.82, 3049011
0.82, 3030547
0.82, 3028090
0.82, 3013955
0.82, 3012940
0.82, 3002769
0.84, 2989822
0.84, 2964258
0.84, 2964105
0.84, 2960201
0.84, 2953963
0.84, 2953249
0.84, 2952207
0.84, 2944804
0.84, 2939238
0.84, 2936517
0.85, 2930327
0.85, 2913150
0.86, 2907170
0.86, 2906484
0.86, 2893405
0.86, 2874796
0.86, 2867950
0.86, 2867083
0.86, 2858968
0.86, 2845878
0.86, 2818532
0.86, 2808343
0.86, 2797149
0.86, 2793802
0.86, 2793411
0.86, 2793199
0.86, 2791641
0.86, 2790900
0.86, 2784063
0.86, 2779469
0.86, 2779464
0.86, 2771727
0.86, 2770290
0.86, 2769081
0.86, 2764169
0.89, 2759197
0.89, 2758303
0.89, 2751889
0.89, 2749742
0.89, 2747962
0.89, 2737415
0.89, 2726476
0.89, 2706031
0.89, 2703852
0.89, 2700309
0.89, 2697860
0.89, 2691719
0.89, 2691592
0.89, 2683961
0.89, 2682490
0.90, 2680383
0.90, 2669098
0.90, 2668928
0.90, 2668035
0.90, 2666417
0.90, 2652455
0.90, 2652095
0.90, 2650402
0.90, 2647957
0.90, 2646953
0.90, 2646537
0.90, 2646510
0.90, 2645609
0.90, 2645471
0.90, 2633048
0.90, 2622747
0.90, 2618704
1.00, 2617704
1.00, 2602306
1.00, 2592582
1.00, 2584501
1.00, 2581483
1.00, 2576347
1.00, 2574739
1.00, 2571002
1.00, 2568074
1.00, 2563844
1.00, 2557543
1.00, 2551651
1.00, 2547704
1.00, 2541710
1.00, 2540781
1.00, 2534769
1.00, 2530648
1.00, 2530046
1.00, 2527907
1.00, 2526679
1.00, 2523095
1.00, 2522494
1.00, 2512210
1.00, 2506965
1.00, 2477816
1.00, 2477083
1.00, 2463571
1.03, 2461883
1.03, 2456948
1.05, 2454271
1.05, 2453887
1.05, 2452535
1.05, 2445456
1.05, 2444873
1.05, 2442220
1.05, 2433755
1.05, 2432217
1.05, 2426182
1.05, 2401690
1.05, 2386646
1.07, 2384470
1.07, 2383505
1.07, 2378482
1.08, 2365491
1.08, 2360195
1.08, 2344718
1.08, 2317211
1.08, 2316830
1.08, 2315964
1.08, 2302596
1.08, 2293863
1.08, 2292923
1.08, 2284028
1.08, 2283866
1.08, 2272964
1.08, 2268321
1.08, 2268239
1.08, 2268094
1.08, 2262227
1.08, 2252223
1.08, 2249838
1.08, 2249797
1.08, 2236843
1.08, 2229810
1.08, 2228701
1.08, 2228399
1.08, 2228360
1.08, 2225690
1.08, 2225454
1.08, 2222230
1.08, 2208613
1.08, 2203173
1.08, 2194852
1.08, 2184464
1.08, 2176018
1.14, 2173674
1.14, 2173227
1.14, 2170810
1.14, 2170269
1.14, 2168952
1.14, 2156192
1.14, 2151554
1.14, 2147646
1.14, 2137002
1.14, 2125855
1.19, 2118328
1.19, 2111649
1.19, 2108478
1.19, 2099770
1.19, 2098532
1.19, 2097026
1.19, 2096190
1.19, 2095516
1.19, 2092549
1.19, 2086074
1.19, 2085058
1.19, 2084994
1.19, 2069849
1.19, 2062388
1.19, 2056765
1.19, 2056232
1.19, 2055132
1.19, 2046390
1.20, 2043868
1.20, 2043317
1.20, 2041544
1.20, 2038394
1.20, 2034996
1.20, 2032878
1.20, 2000214
1.20, 1999622
1.21, 1999294
1.21, 1997976
1.21, 1985424
1.21, 1983906
1.21, 1983893
1.21, 1964511
1.21, 1962995
1.21, 1958947
1.21, 1948869
1.21, 1940504
1.21, 1939852
1.21, 1939572
1.24, 1933021
1.24, 1931201
1.24, 1931025
1.24, 1928645
1.24, 1925688
1.24, 1923090
1.24, 1916594
1.24, 1899745
1.24, 1899215
1.24, 1898828
1.24, 1898470
1.24, 1895661
1.24, 1894065
1.24, 1889144
1.24, 1888957
1.24, 1888816
1.24, 1886690
1.24, 1886473
1.24, 1873624
1.24, 1872144
1.24, 1865460
1.24, 1863368
1.24, 1861260
1.24, 1860411
1.24, 1859829
1.24, 1857581
1.25, 1856954
1.31, 1855035
1.31, 1839681
1.31, 1839657
1.31, 1838756
1.31, 1838464
1.31, 1837769
1.31, 1834479
1.31, 1831061
1.31, 1825104
1.31, 1823140
1.31, 1823136
1.31, 1817679
1.31, 1810993
1.31, 1810986
1.31, 1798315
1.31, 1797355
1.31, 1790337
1.31, 1788688
1.31, 1782983
1.31, 1771204
1.31, 1764617
1.31, 1762610
1.31, 1762471
1.31, 1760622
1.31, 1759378
1.31, 1747939
1.31, 1746474
1.31, 1738663
1.31, 1733943
1.31, 1730063
1.36, 1728604
1.36, 1728403
1.36, 1727613
1.36, 1724921
1.36, 1719981
1.36, 1718127
1.36, 1717576
1.36, 1716189
1.36, 1711206
1.36, 1711096
1.36, 1708147
1.36, 1706671
1.36, 1705988
1.37, 1701833
1.37, 1698426
1.38, 1698068
1.38, 1696822
1.38, 1695845
1.38, 1691469
1.38, 1687523
1.38, 1683588
1.38, 1683427
1.38, 1680595
1.38, 1674411
1.38, 1674293
1.38, 1669803
1.38, 1669168
1.38, 1668459
1.38, 1668153
1.38, 1667951
1.38, 1667562
1.38, 1658430
1.38, 1657715
1.38, 1657380
1.38, 1652842
1.38, 1652178
1.38, 1651515
1.38, 1646736
1.38, 1637806
1.38, 1634644
1.38, 1632958
1.40, 1631987
1.40, 1629516
1.40, 1627653
1.40, 1622244
1.40, 1619598
1.40, 1618390
1.40, 1605894
1.40, 1605479
1.40, 1603897
1.40, 1600734
1.40, 1595863
1.40, 1594544
1.40, 1591498
1.40, 1591042
1.40, 1581354
1.40, 1581291
1.40, 1577312
1.40, 1567099
1.40, 1562521
1.40, 1543788
1.40, 1533285
1.40, 1532832
1.50, 1532404
1.50, 1522915
1.50, 1522874
1.50, 1514721
1.50, 1510134
1.50, 1504735
1.50, 1502276
1.50, 1499111
1.50, 1497987
1.50, 1495536
1.50, 1492717
1.50, 1486675
1.50, 1483497
1.50, 1482833
1.50, 1482059
1.50, 1480357
1.50, 1480223
1.50, 1479377
1.50, 1479108
1.50, 1474670
1.50, 1469878
1.50, 1469448
1.50, 1466827
1.50, 1464243
1.50, 1461918
1.50, 1436586
1.50, 1434822
1.60, 1433174
1.60, 1426610
1.60, 1423361
1.60, 1420139
1.60, 1417853
1.60, 1412706
1.60, 1410481
1.60, 1400406
1.60, 1387576
1.60, 1382186
1.61, 1382093
1.61, 1380138
1.61, 1380126
1.61, 1378106
1.61, 1372961
1.61, 1371943
1.61, 1370301
1.61, 1368660
1.61, 1363102
1.61, 1361967
1.61, 1361521
1.61, 1360067
1.61, 1358337
1.61, 1356414
1.61, 1352566
1.61, 1336039
1.61, 1334107
1.62, 1330797
1.66, 1329477
1.66, 1326135
1.67, 1322566
1.67, 1319670
1.67, 1317346
1.67, 1316836
1.67, 1316576
1.67, 1312397
1.67, 1311017
1.67, 1300942
1.67, 1294059
1.67, 1290372
1.67, 1289893
1.67, 1283285
1.67, 1283209
1.67, 1279137
1.67, 1277443
1.67, 1276128
1.67, 1275644
1.67, 1275047
1.67, 1270505
1.67, 1264729
1.67, 1262846
1.67, 1260728
1.67, 1259473
1.69, 1258921
1.69, 1254027
1.69, 1251548
1.69, 1251364
1.70, 1250927
1.70, 1240992
1.70, 1240989
1.70, 1239569
1.70, 1237969
1.70, 1235723
1.70, 1233497
1.70, 1232660
1.70, 1230674
1.70, 1230445
1.71, 1230402
1.71, 1219279
1.71, 1217190
1.71, 1216122
1.71, 1215435
1.71, 1214382
1.71, 1209342
1.71, 1208844
1.71, 1208723
1.71, 1207844
1.71, 1203393
1.71, 1201707
1.71, 1201547
1.71, 1196852
1.71, 1194475
1.71, 1193161
1.71, 1185318
1.73, 1185167
1.76, 1185149
1.76, 1184131
1.76, 1174943
1.76, 1174463
1.76, 1174151
1.76, 1173274
1.76, 1171970
1.79, 1166796
1.79, 1165840
1.79, 1161338
1.79, 1161178
1.79, 1158874
1.79, 1158252
1.79, 1153295
1.79, 1152743
1.79, 1150632
1.79, 1148398
1.79, 1142669
1.79, 1141977
1.79, 1141399
1.79, 1138723
1.79, 1138561
1.79, 1138469
1.79, 1137880
1.79, 1136587
1.79, 1129905
1.79, 1125504
1.84, 1124852
1.84, 1123364
1.84, 1121530
1.84, 1118781
1.84, 1117936
1.84, 1117898
1.84, 1117805
1.84, 1117676
1.84, 1116621
1.84, 1112497
1.85, 1111341
1.85, 1110823
1.85, 1107169
1.85, 1103804
1.85, 1103689
1.85, 1098161
1.85, 1097960
1.85, 1093674
1.85, 1090616
1.85, 1088527
1.85, 1086282
1.85, 1085469
1.85, 1082790
1.85, 1082364
1.85, 1082291
1.85, 1080765
1.86, 1080143
1.86, 1078373
1.86, 1077343
1.91, 1077148
1.91, 1076620
1.91, 1076516
1.91, 1076201
1.91, 1073772
1.91, 1073626
1.91, 1073496
1.91, 1070105
1.91, 1066700
1.91, 1066690
1.91, 1065639
1.91, 1065433
1.91, 1065049
1.91, 1062629
1.92, 1061964
1.92, 1060005
1.92, 1059672
1.92, 1057979
1.92, 1057424
1.92, 1055579
1.92, 1047051
1.92, 1046426
1.92, 1044955
1.92, 1044617
1.92, 1042449
1.92, 1042083
1.92, 1035888
1.97, 1034976
1.97, 1031504
1.97, 1030306
1.97, 1030236
1.97, 1029349
1.97, 1028065
1.97, 1027088
1.97, 1026556
1.98, 1026442
1.98, 1024254
1.98, 1023181
1.98, 1022909
1.98, 1022435
1.98, 1020740
1.98, 1020150
1.98, 1019880
1.98, 1018476
1.98, 1018208
1.98, 1012263
1.98, 1010282
1.98, 1006964
1.98, 1002545
1.98, 1001978
1.98, 1001582
1.98, 1000836
1.98, 1000325
1.98, 999689
1.98, 998056
1.98, 998043
1.98, 997919
1.98, 993211
1.98, 991875
1.98, 990393
1.99, 988848
1.99, 987485
1.99, 984042
1.99, 982233
1.99, 980010
1.99, 979926
1.99, 979823
1.99, 979274
1.99, 973034
1.99, 968415
2.05, 967739
2.05, 967176
2.05, 965073
2.05, 964672
2.05, 960992
2.05, 960528
2.05, 958192
2.05, 957190
2.05, 955406
2.05, 955294
2.05, 953346
2.05, 952780
2.05, 952771
2.05, 948484
2.05, 948225
2.05, 946132
2.05, 944938
2.05, 942558
2.05, 942361
2.05, 941292
2.05, 938583
2.05, 936172
2.05, 935986
2.05, 934206
2.10, 931501
2.10, 931174
2.10, 931054
2.10, 930114
2.10, 929110
2.10, 927539
2.10, 925604
2.10, 925312
2.12, 924160
2.12, 924000
2.12, 923708
2.12, 923180
2.12, 922323
2.13, 920169
2.13, 919892
2.13, 915720
2.13, 914770
2.13, 913673
2.13, 912995
2.13, 912644
2.13, 912289
2.13, 911785
2.13, 909706
2.13, 909662
2.13, 908606
2.13, 908379
2.13, 906841
2.17, 905369
2.17, 901663
2.18, 901266
2.18, 901140
2.18, 900470
2.18, 899802
2.18, 896641
2.18, 890217
2.19, 888297
2.19, 887802
2.19, 887706
2.19, 885657
2.19, 885531
2.19, 885051
2.19, 880943
2.19, 880048
2.19, 880037
2.19, 879075
2.19, 878072
2.21, 874883
2.21, 873919
2.21, 873754
2.21, 870229
2.23, 867197
2.23, 866085
2.23, 865184
2.23, 864432
2.23, 862447
2.23, 861792
2.23, 859715
2.23, 859382
2.23, 858904
2.23, 852958
2.23, 852736
2.23, 851406
2.23, 851037
2.23, 850967
2.23, 849036
2.23, 848445
2.23, 847698
2.23, 846972
2.23, 846846
2.23, 844475
2.23, 843556
2.24, 841114
2.24, 839539
2.24, 839224
2.24, 836378
2.24, 832394
2.24, 832214
2.24, 831867
2.24, 831400
2.24, 831186
2.24, 825198
2.33, 825031
2.33, 824871
2.33, 824856
2.33, 823890
2.34, 822241
2.34, 820075
2.34, 818522
2.34, 816058
2.34, 815991
2.34, 814526
2.34, 814343
2.34, 814106
2.34, 809875
2.34, 809446
2.34, 809172
2.34, 809136
2.34, 808662
2.34, 807116
2.34, 807036
2.34, 805449
2.34, 805109
2.38, 804382
2.38, 804219
2.38, 803910
2.38, 803714
2.38, 803441
2.38, 803052
2.38, 801100
2.39, 800783
2.39, 800608
2.39, 797155
2.39, 796763
2.39, 796701
2.39, 796362
2.39, 796326
2.39, 796301
2.39, 795434
2.39, 794043
2.39, 793833
2.39, 792712
2.39, 792518
2.41, 791618
2.41, 791502
2.41, 790482
2.41, 790128
2.41, 788727
2.41, 785144
2.41, 783800
2.42, 782801
2.45, 781751
2.45, 779841
2.45, 779393
2.45, 777637
2.46, 777575
2.46, 776148
2.48, 775482
2.49, 775030
2.49, 774869
2.49, 774168
2.49, 772861
2.49, 772628
2.49, 772229
2.49, 771858
2.50, 769916
2.52, 769276
2.52, 767852
2.52, 765733
2.52, 762273
2.52, 762107
2.52, 761468
2.52, 759503
2.52, 758964
2.52, 758897
2.52, 758363
2.52, 757654
2.52, 755270
2.57, 754592
2.57, 752752
2.57, 752310
2.57, 750909
2.57, 750819
2.63, 750200
2.64, 748807
2.64, 747644
2.64, 746730
2.64, 746700
2.64, 745853
2.64, 745085
2.64, 744338
2.65, 743986
2.65, 743878
2.65, 743395
2.65, 743222
2.69, 743211
2.69, 742685
2.69, 742445
2.69, 742195
2.69, 741649
2.69, 741629
2.70, 741408
2.70, 740238
2.70, 739864
2.70, 738206
2.70, 736875
2.70, 735538
2.70, 735359
2.72, 733403
2.72, 732791
2.72, 732225
2.73, 731475
2.73, 730902
2.73, 730606
2.73, 730496
2.73, 730446
2.73, 729796
2.73, 729766
2.73, 729364
2.73, 728752
2.73, 728154
2.73, 727939
2.73, 726500
2.73, 725224
2.73, 724679
2.73, 724580
2.73, 723983
2.74, 723627
2.74, 723466
2.74, 722773
2.74, 722120
2.74, 721693
2.74, 721376
2.74, 720797
2.74, 720727
2.74, 720041
2.74, 719838
2.82, 719801
2.82, 719595
2.82, 718439
2.82, 718224
2.82, 717184
2.82, 717109
2.82, 714980
2.82, 714702
2.82, 714625
2.82, 713856
2.82, 713515
2.82, 713045
2.82, 711155
2.82, 710643
2.82, 710327
2.82, 709888
2.82, 709841
2.82, 708588
2.82, 708440
2.82, 708079
2.82, 707565
2.82, 707464
2.82, 706636
2.83, 705616
2.83, 705461
2.83, 705041
2.86, 704009
2.86, 703869
2.86, 703555
2.87, 702941
2.87, 702174
2.88, 701911
2.88, 701411
2.88, 701258
2.88, 701152
2.89, 699931
2.89, 699583
2.89, 698575
2.89, 697801
2.89, 696412
2.89, 695850
2.95, 695377
2.95, 695331
2.95, 694400
2.95, 693921
2.95, 693911
2.95, 693183
2.95, 693171
2.95, 692757
2.95, 692622
2.96, 692392
2.96, 692042
2.96, 691796
2.96, 691555
2.96, 691242
2.96, 691084
2.96, 690623
2.97, 690572
2.97, 690520
2.97, 690118
2.97, 689689
3.04, 688688
3.05, 688593
3.06, 688539
3.06, 688021
3.06, 687070
3.06, 687020
3.06, 686900
3.06, 686475
3.06, 686447
3.09, 685750
3.09, 685505
3.17, 684764
3.17, 684272
3.17, 684110
3.17, 683925
3.17, 683861
3.17, 683742
3.17, 683664
3.17, 683389
3.18, 683286
3.18, 682677
3.18, 682490
3.19, 682131
3.19, 682065
3.19, 681749
3.19, 680880
3.19, 680299
3.19, 680239
3.21, 679273
3.21, 678661
3.21, 678291
3.22, 678282
3.22, 678205
3.24, 678045
3.27, 677915
3.27, 677751
3.27, 677552
3.28, 676527
3.28, 676480
3.28, 676000
3.29, 675735
3.29, 675669
3.29, 674820
3.30, 674554
3.34, 673286
3.34, 673220
3.37, 672565
3.40, 671916
3.40, 671784
3.40, 670995
3.44, 670825
3.45, 670259
3.45, 669964
3.45, 669416
3.46, 668943
3.46, 668859
3.46, 668254
3.48, 668214
3.54, 668182
3.60, 668080
3.60, 667963
3.61, 667833
3.61, 667739
3.62, 667699
3.63, 667617
3.64, 667296
3.67, 667088
3.67, 666926
3.67, 666613
3.83, 666487
3.84, 666425
3.84, 666397
4.40, 666375
6.72, 665558
6.73, 665480
6.73, 665448
6.75, 665379
6.80, 665035
6.80, 664969
6.81, 664914
6.82, 664632
6.82, 664600
6.83, 664340
6.84, 664263
6.84, 664118
6.87, 664021
7.17, 663921
7.28, 663899
9.88, 663709
9.89, 663337
9.89, 663170
9.91, 663069
9.93, 662995
9.95, 662371
10.07, 662288
10.20, 662215
10.21, 662170
10.21, 662080
10.22, 662064
10.22, 661966
10.22, 661778
10.22, 661338
17.41, 661273
17.42, 661213
17.43, 661196
17.44, 661186
17.45, 661158
17.48, 660964
17.56, 660936
17.57, 660791
17.57, 660707
24.75, 660572
24.78, 660483
34.80, 660293
34.81, 660271
34.83, 660212
34.83, 660133
34.85, 660069
34.91, 660047
