0.03, 7284822
0.03, 7242313
0.03, 7211249
0.03, 7209019
0.03, 7208349
0.03, 7205912
0.03, 7201327
0.03, 7195934
0.03, 7190857
0.03, 7186994
0.03, 7174236
0.03, 7129822
0.03, 7091216
0.03, 7089529
0.03, 7082053
0.03, 7050199
0.03, 7029637
0.03, 7012544
0.03, 7009907
0.03, 6999335
0.03, 6989542
0.03, 6970032
0.03, 6936082
0.03, 6932302
0.03, 6930949
0.03, 6930060
0.03, 6925493
0.03, 6923378
0.03, 6921213
0.03, 6917933
0.03, 6911545
0.03, 6908465
0.03, 6866162
0.03, 6854597
0.03, 6852754
0.03, 6852337
0.03, 6790117
0.03, 6777879
0.03, 6668218
0.03, 6611956
0.03, 6611355
0.03, 6608292
0.03, 6587560
0.03, 6582651
0.03, 6567725
0.03, 6553178
0.03, 6538287
0.03, 6533763
0.03, 6532898
0.03, 6531734
0.03, 6497234
0.03, 6487157
0.03, 6482766
0.03, 6481353
0.03, 6441330
0.03, 6413093
0.03, 6406121
0.03, 6393497
0.03, 6390080
0.03, 6376527
0.03, 6376375
0.03, 6372537
0.03, 6350142
0.03, 6349764
0.03, 6338252
0.03, 6330764
0.03, 6326942
0.03, 6270792
0.03, 6269872
0.03, 6168695
0.03, 6164014
0.03, 6127913
0.03, 6034408
0.03, 6031364
0.03, 6020474
0.03, 6000947
0.03, 5975874
0.03, 5971843
0.03, 5971446
0.03, 5964149
0.03, 5959851
0.03, 5955680
0.03, 5955251
0.03, 5954035
0.03, 5950188
0.03, 5943770
0.03, 5927048
0.03, 5922996
0.03, 5907579
0.03, 5888490
0.03, 5887643
0.03, 5883887
0.03, 5882457
0.04, 5836479
0.04, 5820561
0.04, 5817057
0.04, 5814933
0.04, 5808776
0.04, 5799012
0.04, 5796722
0.04, 5793033
0.04, 5766503
0.04, 5719958
0.04, 5694201
0.04, 5685927
0.04, 5679811
0.04, 5677935
0.04, 5668754
0.04, 5660001
0.04, 5646825
0.04, 5643846
0.04, 5643516
0.04, 5642627
0.04, 5637584
0.04, 5626264
0.04, 5609792
0.04, 5580651
0.04, 5576924
0.04, 5572862
0.04, 5562101
0.04, 5561316
0.04, 5552521
0.04, 5532429
0.04, 5520757
0.04, 5515741
0.04, 5510135
0.04, 5495559
0.05, 5494998
0.05, 5493072
0.06, 5474488
0.06, 5459694
0.06, 5400581
0.06, 5397468
0.06, 5367578
0.06, 5298500
0.06, 5265902
0.06, 5242023
0.06, 5234838
0.06, 5229981
0.06, 5227518
0.06, 5217172
0.10, 5207306
0.10, 5203535
0.10, 5111794
0.10, 5107134
0.12, 5045261
0.12, 5037927
0.12, 5033514
0.12, 5024274
0.19, 5005607
0.19, 5005516
0.19, 4992315
0.19, 4989606
0.19, 4969212
0.19, 4969209
0.19, 4958273
0.19, 4933069
0.19, 4925531
0.23, 4922011
0.23, 4915462
0.23, 4912539
0.23, 4901018
0.23, 4890355
0.27, 4885612
0.28, 4884665
0.28, 4883448
0.28, 4873662
0.28, 4848572
0.29, 4819138
0.29, 4815032
0.29, 4803052
0.29, 4799323
0.29, 4790531
0.29, 4790389
0.29, 4788512
0.29, 4782697
0.29, 4768062
0.29, 4755642
0.29, 4752473
0.29, 4752148
0.29, 4733622
0.29, 4731805
0.29, 4721206
0.29, 4718123
0.29, 4715090
0.29, 4706945
0.29, 4686467
0.29, 4668977
0.29, 4660381
0.29, 4646309
0.29, 4630664
0.29, 4620993
0.29, 4620857
0.29, 4618835
0.29, 4610747
0.33, 4607669
0.33, 4607302
0.33, 4604007
0.37, 4590082
0.37, 4575688
0.37, 4549173
0.37, 4527799
0.37, 4454537
0.37, 4451330
0.42, 4439287
0.42, 4438569
0.42, 4426274
0.42, 4398267
0.42, 4397593
0.42, 4393717
0.42, 4393302
0.42, 4389918
0.42, 4360117
0.42, 4352638
0.42, 4344025
0.42, 4343181
0.42, 4340509
0.42, 4333023
0.44, 4323019
0.44, 4314960
0.44, 4314947
0.46, 4298413
0.46, 4295987
0.46, 4295793
0.46, 4193945
0.46, 4174686
0.46, 4170977
0.46, 4170246
0.46, 4156189
0.46, 4150054
0.46, 4149818
0.46, 4137824
0.46, 4114180
0.46, 4113985
0.46, 4087269
0.46, 4085065
0.46, 4069945
0.46, 4049667
0.46, 4044688
0.46, 4028739
0.46, 4024612
0.46, 4016361
0.46, 4008780
0.46, 4004747
0.46, 3995575
0.46, 3986444
0.46, 3976776
0.51, 3974568
0.52, 3944726
0.52, 3887133
0.52, 3884926
0.52, 3867374
0.53, 3862472
0.53, 3862202
0.53, 3856619
0.53, 3843630
0.53, 3839040
0.53, 3821393
0.53, 3820297
0.61, 3803537
0.61, 3802808
0.61, 3790960
0.61, 3788285
0.61, 3788209
0.61, 3786172
0.61, 3773590
0.61, 3762800
0.61, 3751634
0.61, 3739605
0.61, 3724749
0.61, 3719530
0.65, 3715525
0.65, 3715404
0.66, 3668965
0.66, 3655607
0.66, 3645098
0.66, 3632878
0.66, 3630539
0.66, 3627519
0.66, 3626692
0.66, 3623484
0.66, 3619689
0.66, 3614675
0.66, 3611430
0.66, 3606193
0.66, 3602836
0.66, 3596123
0.66, 3577472
0.66, 3546616
0.66, 3543998
0.66, 3541682
0.66, 3520654
0.66, 3498164
0.66, 3423056
0.67, 3422802
0.67, 3419966
0.67, 3413402
0.67, 3411786
0.67, 3407827
0.67, 3397656
0.67, 3378093
0.67, 3372897
0.67, 3372217
0.67, 3370024
0.67, 3351582
0.67, 3351517
0.67, 3351494
0.67, 3342797
0.67, 3330587
0.67, 3325603
0.67, 3307395
0.67, 3303852
0.67, 3303466
0.67, 3301726
0.67, 3293942
0.67, 3286575
0.67, 3261095
0.67, 3244919
0.67, 3243573
0.67, 3243405
0.67, 3240678
0.67, 3238980
0.67, 3235303
0.67, 3233590
0.67, 3233568
0.67, 3230280
0.67, 3228679
0.67, 3227108
0.68, 3216900
0.68, 3202425
0.68, 3184596
0.68, 3180451
0.68, 3175167
0.68, 3164816
0.68, 3145826
0.68, 3145192
0.68, 3138644
0.71, 3136377
0.79, 3136264
0.79, 3109412
0.79, 3093297
0.79, 3089088
0.79, 3067707
0.79, 3058223
0.80, 3057487
0.80, 3054791
0.80, 3049056
0.80, 3047196
0.80, 3033938
0.80, 3027198
0.80, 3016742
0.80, 3003442
0.80, 3001679
0.80, 2989135
0.80, 2968629
0.80, 2965861
0.80, 2960295
0.80, 2958910
0.80, 2955532
0.80, 2954825
0.80, 2944739
0.80, 2937777
0.80, 2936317
0.80, 2933962
0.80, 2931701
0.80, 2925233
0.80, 2922342
0.80, 2920447
0.80, 2920404
0.87, 2903726
0.87, 2900205
0.87, 2900172
0.87, 2900116
0.87, 2871542
0.87, 2840330
0.87, 2839352
0.87, 2823635
0.87, 2822962
0.87, 2819001
0.87, 2817702
0.96, 2813040
0.96, 2811069
0.96, 2810284
0.96, 2809678
0.96, 2803668
0.96, 2793837
0.96, 2792604
0.96, 2790953
0.96, 2790699
0.96, 2778497
0.96, 2773584
0.96, 2766846
0.96, 2764070
0.96, 2763664
0.96, 2753519
0.96, 2748291
0.96, 2745461
0.96, 2731416
0.96, 2725310
0.97, 2707142
0.97, 2700304
0.97, 2697257
0.97, 2694884
0.97, 2694348
0.97, 2692589
0.97, 2684783
0.97, 2674132
0.97, 2668932
0.97, 2639220
0.97, 2638918
0.97, 2619027
0.97, 2619007
0.97, 2587669
0.97, 2576755
0.97, 2576049
0.97, 2574803
0.97, 2555351
0.97, 2551079
0.97, 2548109
0.97, 2543692
0.97, 2539796
0.97, 2537454
0.97, 2529629
0.97, 2527953
0.97, 2527584
0.97, 2526850
0.97, 2524514
0.97, 2521151
0.97, 2502350
0.97, 2500928
1.00, 2493896
1.00, 2492021
1.00, 2480983
1.00, 2480540
1.00, 2478670
1.00, 2469078
1.00, 2462213
1.00, 2461445
1.00, 2459103
1.00, 2449368
1.00, 2447889
1.00, 2443838
1.02, 2441213
1.02, 2439418
1.02, 2437507
1.02, 2433477
1.02, 2408111
1.07, 2403037
1.07, 2391817
1.07, 2390534
1.07, 2389164
1.07, 2386840
1.07, 2386591
1.07, 2385057
1.07, 2377158
1.07, 2367220
1.07, 2355447
1.07, 2354369
1.07, 2329180
1.09, 2310199
1.09, 2308783
1.09, 2284707
1.13, 2277994
1.13, 2275933
1.13, 2275489
1.13, 2269093
1.13, 2267793
1.13, 2257841
1.13, 2251276
1.13, 2245365
1.13, 2234516
1.13, 2231864
1.13, 2230286
1.13, 2230187
1.13, 2226191
1.13, 2223618
1.13, 2219914
1.13, 2217671
1.13, 2217246
1.13, 2212780
1.13, 2205567
1.13, 2204537
1.13, 2197511
1.13, 2195182
1.13, 2190858
1.13, 2179814
1.13, 2172122
1.13, 2171705
1.16, 2170333
1.16, 2159871
1.16, 2158362
1.16, 2153916
1.16, 2151294
1.16, 2146513
1.16, 2139993
1.16, 2139844
1.16, 2131977
1.16, 2129921
1.16, 2113518
1.16, 2113169
1.16, 2110706
1.16, 2108279
1.16, 2106834
1.16, 2105499
1.16, 2102393
1.16, 2102345
1.16, 2096484
1.18, 2095545
1.18, 2090375
1.18, 2087790
1.19, 2080371
1.19, 2074729
1.19, 2072520
1.19, 2069747
1.19, 2051218
1.19, 2043701
1.19, 2039415
1.19, 2034405
1.19, 2026399
1.19, 2022963
1.19, 2021535
1.19, 2015636
1.19, 2010663
1.19, 2008423
1.19, 2002833
1.19, 2000743
1.19, 1996218
1.19, 1987789
1.19, 1976916
1.19, 1970781
1.19, 1964112
1.19, 1960849
1.19, 1959165
1.19, 1957364
1.19, 1957346
1.19, 1956668
1.19, 1956058
1.19, 1955474
1.29, 1947093
1.29, 1945326
1.29, 1939402
1.29, 1927286
1.29, 1919851
1.29, 1896580
1.29, 1888190
1.29, 1886656
1.29, 1886470
1.29, 1885341
1.29, 1874999
1.29, 1868148
1.29, 1862348
1.29, 1862307
1.29, 1843856
1.29, 1835025
1.29, 1834733
1.29, 1822327
1.29, 1822191
1.29, 1816421
1.29, 1815840
1.29, 1812162
1.29, 1809004
1.29, 1805755
1.29, 1797079
1.29, 1793924
1.33, 1791371
1.33, 1790992
1.33, 1789241
1.33, 1789175
1.33, 1771805
1.33, 1762479
1.33, 1756891
1.33, 1756350
1.33, 1754082
1.33, 1751225
1.33, 1744543
1.33, 1738840
1.39, 1735435
1.39, 1719323
1.39, 1717754
1.39, 1714519
1.39, 1713969
1.39, 1713497
1.39, 1713270
1.39, 1710739
1.39, 1709062
1.39, 1708104
1.39, 1702292
1.39, 1701112
1.39, 1688673
1.42, 1686108
1.42, 1685388
1.45, 1681498
1.45, 1681181
1.45, 1681022
1.45, 1679797
1.45, 1679733
1.45, 1678190
1.45, 1674518
1.45, 1673154
1.45, 1672812
1.45, 1669261
1.45, 1657027
1.45, 1653256
1.45, 1652282
1.45, 1642857
1.45, 1641527
1.45, 1631261
1.45, 1629413
1.45, 1629047
1.45, 1625011
1.45, 1624477
1.45, 1617492
1.45, 1616115
1.45, 1606698
1.45, 1605447
1.45, 1603673
1.45, 1595008
1.45, 1593376
1.45, 1591812
1.45, 1588504
1.45, 1583607
1.45, 1581787
1.45, 1581438
1.45, 1580479
1.45, 1568933
1.53, 1568545
1.53, 1566261
1.53, 1565900
1.53, 1565274
1.53, 1562759
1.53, 1558584
1.53, 1550959
1.53, 1547872
1.53, 1545546
1.53, 1545322
1.53, 1540191
1.53, 1539479
1.53, 1535230
1.53, 1526314
1.53, 1524920
1.53, 1523750
1.53, 1522763
1.53, 1522489
1.53, 1516285
1.53, 1513516
1.53, 1512129
1.53, 1503569
1.53, 1500321
1.53, 1499154
1.53, 1493476
1.53, 1491022
1.53, 1486238
1.53, 1484800
1.53, 1481166
1.53, 1480406
1.53, 1479885
1.55, 1475564
1.55, 1473540
1.55, 1472917
1.55, 1471154
1.55, 1452965
1.55, 1452322
1.55, 1451712
1.55, 1449822
1.55, 1448307
1.55, 1433524
1.55, 1427823
1.55, 1425460
1.55, 1423480
1.55, 1422758
1.55, 1422596
1.55, 1413181
1.55, 1404507
1.55, 1401789
1.57, 1392902
1.57, 1392090
1.57, 1391660
1.57, 1387856
1.57, 1386130
1.61, 1377753
1.61, 1375244
1.61, 1371038
1.61, 1365565
1.64, 1352130
1.64, 1350437
1.64, 1350403
1.64, 1349663
1.64, 1349485
1.66, 1343123
1.66, 1339525
1.66, 1335042
1.66, 1332081
1.66, 1328156
1.66, 1326559
1.66, 1320535
1.66, 1319729
1.66, 1319523
1.66, 1317417
1.66, 1317009
1.66, 1312762
1.66, 1307346
1.66, 1307080
1.66, 1306808
1.66, 1303451
1.66, 1301523
1.66, 1301367
1.66, 1297155
1.66, 1296704
1.66, 1296305
1.66, 1280322
1.66, 1275986
1.66, 1275635
1.66, 1265049
1.66, 1260313
1.66, 1254717
1.66, 1253980
1.66, 1252453
1.66, 1250950
1.66, 1249155
1.66, 1249114
1.66, 1247710
1.66, 1238574
1.66, 1237062
1.70, 1236855
1.70, 1236742
1.70, 1234197
1.75, 1228044
1.75, 1221570
1.75, 1220637
1.75, 1213358
1.75, 1205666
1.75, 1204575
1.82, 1204379
1.82, 1201270
1.83, 1200150
1.83, 1199640
1.83, 1199306
1.83, 1195185
1.83, 1192016
1.83, 1191424
1.83, 1190557
1.83, 1187251
1.83, 1186374
1.83, 1185908
1.83, 1185005
1.83, 1183771
1.83, 1182475
1.83, 1181343
1.83, 1178306
1.83, 1174772
1.83, 1174748
1.83, 1174720
1.83, 1173682
1.83, 1171908
1.83, 1171852
1.83, 1171849
1.83, 1170062
1.83, 1169409
1.83, 1167837
1.83, 1165419
1.83, 1158193
1.83, 1155599
1.83, 1154274
1.83, 1150899
1.83, 1150365
1.83, 1148125
1.83, 1147137
1.89, 1141054
1.89, 1138496
1.89, 1132261
1.89, 1129624
1.89, 1123553
1.89, 1119088
1.89, 1115011
1.89, 1109626
1.89, 1107158
1.89, 1098940
1.89, 1097408
1.90, 1096583
1.94, 1091962
1.94, 1091692
1.94, 1089561
1.94, 1086825
1.95, 1085970
1.95, 1085888
1.95, 1084318
1.95, 1083337
1.95, 1082691
1.95, 1080630
1.95, 1078736
1.95, 1078657
1.95, 1076437
1.95, 1071093
1.95, 1067096
1.95, 1065213
1.95, 1064410
1.95, 1064009
1.95, 1062536
1.95, 1062257
1.96, 1060451
1.96, 1060290
1.96, 1055074
1.96, 1048326
1.96, 1048097
1.96, 1046491
1.98, 1044510
1.98, 1040409
1.98, 1038408
1.98, 1038104
1.98, 1036766
1.98, 1035673
1.98, 1035650
1.98, 1034663
1.98, 1032707
1.98, 1032325
1.98, 1031824
1.98, 1030689
1.98, 1029604
1.98, 1029400
1.98, 1028776
1.98, 1026126
1.98, 1024406
1.99, 1023898
1.99, 1021217
1.99, 1019027
1.99, 1018975
1.99, 1015416
1.99, 1014741
1.99, 1014292
1.99, 1008006
1.99, 1007815
2.01, 1007353
2.01, 1005960
2.01, 1005259
2.01, 1004370
2.01, 1002728
2.01, 1001790
2.06, 1000372
2.06, 997924
2.06, 997183
2.06, 995160
2.06, 994120
2.06, 993885
2.09, 988929
2.09, 987151
2.09, 987143
2.09, 983238
2.09, 981592
2.09, 980389
2.09, 979090
2.09, 978569
2.09, 976534
2.09, 973701
2.11, 973645
2.11, 973113
2.11, 972161
2.11, 969676
2.11, 968839
2.12, 968209
2.12, 967506
2.12, 967175
2.12, 965923
2.12, 962762
2.14, 962218
2.14, 961882
2.14, 955693
2.14, 955245
2.14, 952860
2.14, 952104
2.14, 949897
2.14, 949608
2.14, 947195
2.14, 946957
2.14, 946757
2.14, 940824
2.14, 940662
2.14, 940327
2.17, 938578
2.17, 938172
2.17, 937943
2.17, 935379
2.17, 932348
2.17, 931088
2.17, 930053
2.17, 927759
2.17, 927618
2.19, 927083
2.19, 926790
2.19, 926680
2.19, 924708
2.19, 922986
2.19, 921629
2.19, 920716
2.19, 918224
2.19, 916894
2.19, 915017
2.19, 912436
2.19, 911402
2.19, 910293
2.19, 908706
2.19, 907341
2.19, 907257
2.20, 901000
2.20, 899749
2.20, 898710
2.20, 898586
2.21, 896739
2.21, 896224
2.21, 885913
2.21, 885814
2.21, 884865
2.21, 882391
2.21, 881368
2.21, 880985
2.21, 880223
2.21, 879131
2.21, 878136
2.21, 877531
2.21, 876727
2.21, 873250
2.21, 871555
2.21, 871444
2.21, 871270
2.25, 869303
2.27, 868371
2.27, 866396
2.27, 865906
2.27, 865101
2.28, 864985
2.28, 864822
2.28, 864777
2.28, 861864
2.28, 860371
2.28, 860092
2.29, 856401
2.29, 856328
2.29, 856028
2.29, 855492
2.29, 854520
2.29, 853994
2.29, 852667
2.29, 852404
2.29, 852402
2.29, 851615
2.29, 851436
2.33, 851421
2.33, 850723
2.33, 848527
2.33, 847988
2.33, 845440
2.33, 845411
2.33, 844192
2.33, 843728
2.33, 843073
2.33, 842881
2.33, 841974
2.34, 841894
2.34, 841744
2.34, 840939
2.34, 840917
2.34, 840793
2.34, 840463
2.38, 839116
2.38, 837483
2.38, 837021
2.38, 835061
2.40, 834306
2.40, 832547
2.40, 831017
2.40, 829964
2.40, 829646
2.41, 829312
2.41, 829007
2.41, 827293
2.41, 825391
2.41, 825287
2.41, 824913
2.41, 823872
2.41, 822648
2.41, 822164
2.42, 822139
2.42, 821582
2.42, 821303
2.42, 820830
2.42, 819950
2.42, 819250
2.42, 818311
2.42, 818279
2.42, 818259
2.42, 816902
2.42, 816766
2.42, 816253
2.42, 814438
2.43, 813807
2.43, 813736
2.43, 813128
2.43, 811102
2.43, 810818
2.43, 810227
2.43, 808273
2.43, 806790
2.43, 806170
2.43, 804906
2.43, 804083
2.43, 802014
2.43, 801998
2.46, 801514
2.46, 800790
2.46, 799499
2.47, 799490
2.47, 798993
2.47, 798881
2.47, 797488
2.47, 796915
2.47, 796752
2.47, 794313
2.47, 794224
2.47, 792293
2.47, 790987
2.47, 790521
2.47, 789486
2.47, 789412
2.47, 788544
2.47, 788329
2.47, 788125
2.48, 787922
2.48, 787441
2.48, 786164
2.51, 784867
2.51, 784072
2.51, 782460
2.51, 780181
2.51, 780038
2.51, 779923
2.51, 779671
2.51, 779058
2.51, 778278
2.51, 777589
2.51, 776079
2.51, 775936
2.54, 774192
2.54, 772908
2.54, 772084
2.54, 771981
2.54, 771244
2.54, 770318
2.54, 769866
2.54, 769126
2.54, 768774
2.54, 768697
2.54, 767812
2.54, 767099
2.54, 766778
2.54, 766446
2.54, 766402
2.54, 765737
2.54, 765719
2.54, 765369
2.54, 765362
2.54, 762510
2.58, 761736
2.58, 760604
2.58, 760358
2.58, 760149
2.59, 759717
2.61, 759560
2.61, 759489
2.61, 759025
2.61, 758885
2.62, 758510
2.63, 757994
2.64, 757981
2.64, 757606
2.64, 756495
2.64, 756446
2.64, 756097
2.64, 755362
2.65, 751709
2.65, 750264
2.65, 749276
2.65, 748034
2.65, 747987
2.69, 747332
2.69, 747283
2.69, 747239
2.69, 747128
2.69, 746700
2.69, 745840
2.70, 745102
2.70, 744778
2.70, 744338
2.70, 744152
2.70, 743616
2.70, 743241
2.70, 742589
2.70, 741974
2.70, 741711
2.70, 740856
2.70, 740572
2.70, 739883
2.71, 739775
2.71, 739146
2.72, 738793
2.72, 737566
2.72, 736979
2.72, 736306
2.72, 735467
2.76, 735372
2.76, 734878
2.76, 734471
2.77, 734100
2.77, 733931
2.77, 732863
2.77, 732323
2.77, 731526
2.77, 731162
2.77, 731157
2.77, 730367
2.78, 730119
2.78, 730092
2.78, 729954
2.78, 729670
2.78, 729048
2.78, 729029
2.78, 727457
2.78, 726541
2.78, 726119
2.78, 725795
2.79, 724857
2.79, 724780
2.83, 723334
2.86, 721585
2.86, 721029
2.86, 719827
2.86, 719750
2.86, 719518
2.86, 719517
2.86, 719490
2.86, 718645
2.86, 718563
2.86, 718180
2.87, 717640
2.87, 717435
2.87, 716650
2.90, 716198
2.90, 714763
2.90, 714724
2.90, 714385
2.90, 714353
2.91, 714329
2.91, 713661
2.91, 712790
2.91, 712352
2.91, 712055
2.91, 711358
2.92, 711270
2.92, 711064
2.92, 710955
2.92, 710324
2.92, 709713
2.92, 706986
2.92, 706937
2.92, 706162
2.92, 704205
2.92, 704086
2.92, 703995
2.93, 703525
2.93, 702824
2.93, 702419
2.93, 702363
2.93, 701275
2.94, 700750
2.94, 699873
2.94, 698887
2.94, 698712
2.94, 698366
2.94, 697842
2.94, 697091
2.95, 697016
2.95, 697013
2.95, 696729
2.95, 696073
2.98, 696007
2.98, 695779
2.98, 694996
2.99, 694091
2.99, 693544
3.05, 692733
3.05, 692012
3.06, 691103
3.06, 690857
3.06, 690621
3.06, 690611
3.06, 689761
3.06, 689639
3.07, 689321
3.07, 689208
3.07, 688416
3.07, 688365
3.07, 688350
3.07, 688153
3.07, 687506
3.08, 687369
3.08, 686495
3.08, 686403
3.08, 685608
3.08, 685351
3.08, 685225
3.08, 684036
3.08, 683115
3.13, 683039
3.13, 682709
3.13, 682252
3.19, 681992
3.19, 681986
3.19, 681020
3.19, 679986
3.20, 679951
3.20, 679804
3.26, 679013
3.26, 678681
3.26, 678327
3.29, 678277
3.30, 677943
3.30, 677402
3.30, 677196
3.30, 677097
3.30, 676850
3.31, 676791
3.31, 676576
3.36, 676033
3.37, 675712
3.37, 675555
3.38, 674704
3.38, 674536
3.38, 674302
3.38, 674095
3.39, 673745
3.39, 673585
3.40, 673368
3.40, 673365
3.40, 673023
3.41, 672885
3.42, 672866
3.42, 672594
3.43, 672212
3.43, 671610
3.44, 671511
3.45, 671463
3.45, 671298
3.45, 670975
3.46, 670800
3.46, 670524
3.72, 670375
3.74, 669951
3.76, 669554
3.76, 669409
3.78, 669406
4.01, 669329
4.03, 669305
4.04, 669212
4.04, 669018
4.05, 668986
4.06, 668984
4.07, 668848
4.07, 668826
4.09, 668788
4.34, 668785
4.40, 668721
4.50, 668574
4.50, 668227
4.52, 668142
4.53, 668110
4.67, 668107
4.73, 668062
6.49, 668050
6.49, 667838
6.49, 667636
6.50, 667368
6.50, 667304
6.50, 667022
7.46, 667018
7.46, 666990
7.47, 666978
7.49, 666930
7.76, 666921
7.76, 666918
8.65, 666640
8.68, 666631
8.68, 666625
8.68, 666420
8.69, 666136
8.69, 665107
8.69, 664835
8.69, 664543
8.69, 664414
8.70, 664302
8.70, 664279
8.70, 664003
8.70, 663328
8.70, 663263
8.71, 662818
8.72, 662715
8.73, 662637
9.02, 662463
9.02, 662375
9.03, 662230
9.15, 662179
9.15, 662001
9.15, 661786
9.16, 661493
9.17, 661453
9.19, 661260
9.23, 660984
9.25, 660868
9.33, 660299
9.36, 660129
9.49, 660111
9.49, 660083
9.60, 660050
19.38, 659834
19.40, 659809
19.40, 659781
19.49, 659734
19.52, 659712
19.52, 659399
