0.00,6757263
0.00,6585712
0.00,6481324
0.00,6464174
0.00,6433317
0.00,6449579
0.00,6297534
0.00,6161170
0.00,6028495
0.01,5915264
0.01,5787063
0.01,5780072
0.01,5724595
0.01,5571029
0.01,5485289
0.01,5473233
0.01,5387157
0.01,5350493
0.01,5233276
0.01,5257754
0.01,5151688
0.01,5161440
0.01,5177960
0.01,5185859
0.01,5170264
0.01,5167822
0.01,5165073
0.01,5126344
0.01,5155816
0.01,5101464
0.01,5112255
0.01,5010705
0.01,4984931
0.01,5017532
0.01,4881734
0.01,4903247
0.01,4902281
0.01,4802387
0.01,4643531
0.01,4542351
0.01,4441950
0.01,4329612
0.01,4352538
0.01,4361858
0.01,4365690
0.01,4379989
0.01,4369424
0.01,4416096
0.02,4383956
0.02,4355579
0.02,4353219
0.02,4343829
0.02,4346019
0.02,4252832
0.02,4237075
0.02,4237327
0.02,4238040
0.02,4164962
0.02,4141417
0.02,4051498
0.02,3971178
0.02,3989755
0.02,4003900
0.02,4027499
0.02,4026801
0.02,4037682
0.02,4026282
0.02,4034242
0.02,4040750
0.02,4021259
0.02,4011768
0.02,3982579
0.02,3974197
0.02,3986525
0.02,4008534
0.02,4005127
0.02,4021406
0.02,4012932
0.02,4016034
0.02,4030374
0.02,4009071
0.02,4020763
0.02,4001795
0.02,3973619
0.02,3931791
0.02,3874356
0.02,3792803
0.02,3805952
0.02,3864613
0.02,3792367
0.02,3786336
0.02,3721224
0.02,3785981
0.02,3747110
0.02,3646693
0.02,3579823
0.02,3516902
0.02,3454418
0.02,3462591
0.02,3471855
0.02,3447567
0.02,3456991
0.02,3454167
0.02,3460609
0.02,3452706
0.02,3479069
0.02,3466190
0.02,3478781
0.02,3536943
0.02,3531862
0.02,3583438
0.02,3537196
0.02,3547772
0.02,3517886
0.02,3540032
0.03,3525967
0.03,3482038
0.03,3447903
0.03,3377876
0.03,3427322
0.03,3367288
0.03,3371474
0.03,3372805
0.03,3320641
0.03,3337792
0.03,3350283
0.03,3351340
0.03,3296920
0.03,3295317
0.03,3334299
0.03,3350120
0.03,3259710
0.03,3253334
0.03,3251745
0.03,3239658
0.03,3241132
0.03,3194325
0.03,3163827
0.03,3103918
0.03,3056118
0.03,3066058
0.03,3068303
0.03,3073223
0.03,3070199
0.03,3048609
0.03,3020483
0.03,3027139
0.03,2945481
0.03,2969824
0.03,2921645
0.03,2905213
0.03,2870706
0.03,2866226
0.03,2871495
0.03,2898654
0.03,2908192
0.03,2901546
0.03,2995265
0.03,3050143
0.03,3002928
0.03,2911836
0.03,2856079
0.03,2854975
0.03,2831187
0.03,2787939
0.03,2805396
0.03,2783294
0.03,2740930
0.03,2748674
0.03,2711805
0.03,2773790
0.03,2803855
0.03,2736415
0.03,2682071
0.03,2657324
0.03,2648230
0.03,2739309
0.03,2755419
0.03,2779764
0.03,2770577
0.03,2736652
0.03,2748780
0.03,2728762
0.03,2723054
0.03,2727597
0.03,2718359
0.03,2725413
0.03,2708141
0.03,2679654
0.03,2698328
0.03,2687311
0.03,2684966
0.03,2704144
0.03,2746239
0.03,2745248
0.03,2729118
0.03,2728801
0.03,2718324
0.03,2655876
0.03,2613181
0.03,2625888
0.03,2625853
0.03,2624957
0.03,2627025
0.04,2615600
0.04,2613567
0.04,2578401
0.04,2602806
0.04,2664034
0.04,2606083
0.04,2540316
0.04,2510089
0.04,2489427
0.04,2446599
0.04,2425800
0.04,2425501
0.04,2414977
0.04,2390113
0.04,2390893
0.04,2381497
0.04,2339588
0.04,2330845
0.04,2317115
0.04,2288454
0.04,2283815
0.04,2262259
0.04,2258028
0.04,2289264
0.04,2341759
0.04,2318511
0.04,2250376
0.04,2282970
0.04,2312639
0.04,2310636
0.04,2324005
0.04,2309752
0.04,2276055
0.04,2278815
0.04,2270414
0.04,2301890
0.04,2367193
0.04,2363135
0.04,2315265
0.04,2317100
0.04,2303559
0.04,2278462
0.04,2204818
0.04,2215813
0.04,2227977
0.04,2227911
0.04,2233351
0.04,2224968
0.04,2219191
0.04,2159014
0.04,2135998
0.04,2141350
0.04,2139783
0.04,2147199
0.04,2155492
0.04,2162319
0.04,2150728
0.04,2150083
0.04,2139453
0.04,2138654
0.04,2176671
0.04,2190295
0.04,2134886
0.04,2106196
0.04,2101521
0.04,2095512
0.04,2090790
0.04,2063652
0.04,2080428
0.04,2095730
0.04,2105670
0.04,2119316
0.04,2144209
0.04,2125577
0.04,2119141
0.04,2119393
0.04,2120106
0.04,2111932
0.04,2109850
0.04,2123908
0.04,2150692
0.04,2163223
0.04,2177620
0.04,2176810
0.04,2171378
0.04,2188189
0.04,2181418
0.04,2181181
0.04,2197233
0.05,2181001
0.05,2181712
0.05,2095389
0.05,2032835
0.05,2050767
0.05,2011623
0.05,1986284
0.05,1958415
0.05,1916285
0.05,1898353
0.05,1900817
0.05,1901380
0.05,1953691
0.05,1925243
0.05,1905147
0.05,1918085
0.05,1908376
0.05,1929777
0.05,1908970
0.05,1910373
0.05,1899551
0.05,1882755
0.05,1882394
0.05,1849738
0.05,1833647
0.05,1837645
0.05,1832757
0.05,1834487
0.05,1828975
0.05,1802680
0.05,1774488
0.05,1767980
0.05,1767589
0.05,1778136
0.05,1795329
0.05,1784028
0.05,1812038
0.05,1821028
0.05,1807471
0.05,1806294
0.05,1792686
0.05,1824172
0.05,1881957
0.05,1876214
0.05,1863453
0.05,1857586
0.05,1855544
0.05,1851200
0.05,1834261
0.05,1822825
0.05,1792389
0.05,1747792
0.05,1750204
0.05,1742239
0.05,1748205
0.05,1746354
0.05,1754811
0.05,1754578
0.05,1754908
0.05,1747091
0.05,1752398
0.05,1715296
0.05,1686188
0.05,1680744
0.05,1693171
0.05,1655065
0.05,1652789
0.05,1629194
0.05,1633668
0.05,1627347
0.05,1629266
0.05,1641416
0.05,1619931
0.05,1618251
0.05,1606282
0.05,1612170
0.05,1608924
0.05,1589668
0.05,1589940
0.05,1600025
0.05,1600050
0.05,1580779
0.05,1577450
0.05,1591840
0.05,1585468
0.05,1580903
0.05,1560036
0.06,1558036
0.06,1552965
0.06,1550773
0.06,1525222
0.06,1507020
0.06,1521232
0.06,1579635
0.06,1557843
0.06,1503949
0.06,1504171
0.06,1512343
0.06,1484451
0.06,1482824
0.06,1477301
0.06,1475053
0.06,1446799
0.06,1455211
0.06,1453000
0.06,1459910
0.06,1459903
0.06,1460529
0.06,1464275
0.06,1459939
0.06,1462349
0.06,1463884
0.06,1461104
0.06,1466258
0.06,1451345
0.06,1451929
0.06,1450995
0.06,1419928
0.06,1422239
0.06,1422507
0.06,1436583
0.06,1434450
0.06,1424968
0.06,1422959
0.06,1409921
0.06,1393919
0.06,1378906
0.06,1376932
0.06,1396547
0.06,1451583
0.06,1422184
0.06,1371748
0.06,1358690
0.06,1361706
0.06,1353002
0.06,1360110
0.06,1355971
0.06,1358126
0.06,1377416
0.06,1382345
0.06,1393637
0.06,1378342
0.06,1338136
0.06,1356728
0.06,1358414
0.06,1352301
0.06,1349366
0.06,1347181
0.06,1345804
0.06,1379194
0.06,1384055
0.06,1377689
0.06,1377075
0.06,1371571
0.06,1374277
0.06,1373729
0.06,1370243
0.06,1372933
0.06,1373611
0.06,1386184
0.06,1387727
0.06,1373050
0.06,1374326
0.06,1371501
0.06,1370357
0.06,1374814
0.06,1377239
0.06,1361449
0.06,1356681
0.06,1337347
0.06,1347984
0.06,1328963
0.06,1325008
0.06,1312124
0.06,1309388
0.06,1313290
0.07,1304413
0.07,1303123
0.07,1288913
0.07,1279745
0.07,1267795
0.07,1263014
0.07,1270941
0.07,1272047
0.07,1247330
0.07,1246723
0.07,1234700
0.07,1230811
0.07,1229638
0.07,1222155
0.07,1210656
0.07,1210818
0.07,1207737
0.07,1202984
0.07,1191459
0.07,1189865
0.07,1178208
0.07,1177990
0.07,1164298
0.07,1170411
0.07,1186735
0.07,1176094
0.07,1173246
0.07,1165645
0.07,1156958
0.07,1146795
0.07,1151076
0.07,1215866
0.07,1220079
0.07,1221219
0.07,1228397
0.07,1235970
0.07,1240717
0.07,1244221
0.07,1282653
0.07,1272928
0.07,1271928
0.07,1274961
0.07,1281737
0.07,1290538
0.07,1267448
0.07,1254320
0.07,1254655
0.07,1214935
0.07,1219014
0.07,1215842
0.07,1206080
0.07,1201408
0.07,1200872
0.07,1178377
0.07,1157548
0.07,1149314
0.07,1136850
0.07,1132754
0.07,1122260
0.07,1144578
0.07,1139078
0.07,1151149
0.07,1158198
0.07,1109577
0.07,1112656
0.07,1112740
0.07,1115071
0.07,1139776
0.07,1133850
0.07,1151977
0.07,1158545
0.07,1167057
0.07,1158816
0.07,1174078
0.07,1173661
0.07,1178952
0.07,1188432
0.07,1214610
0.07,1211708
0.07,1213153
0.07,1249688
0.07,1250805
0.07,1202078
0.07,1184086
0.07,1181564
0.07,1168013
0.07,1166781
0.07,1176400
0.08,1151819
0.08,1136548
0.08,1145803
0.08,1140832
0.08,1125573
0.08,1124559
0.08,1128359
0.08,1136079
0.08,1136834
0.08,1133444
0.08,1144958
0.08,1137810
0.08,1139229
0.08,1132016
0.08,1126050
0.08,1107783
0.08,1118765
0.08,1136174
0.08,1131942
0.08,1132875
0.08,1142043
0.08,1124632
0.08,1120973
0.08,1129505
0.08,1125033
0.08,1124138
0.08,1130168
0.08,1133404
0.08,1137260
0.08,1124450
0.08,1117646
0.08,1114340
0.08,1110647
0.08,1109431
0.08,1101345
0.08,1092587
0.08,1083935
0.08,1083393
0.08,1085229
0.08,1086328
0.08,1086037
0.08,1079831
0.08,1079226
0.08,1075524
0.08,1074390
0.08,1077497
0.08,1068505
0.08,1067328
0.08,1060760
0.08,1062332
0.08,1061857
0.08,1051790
0.08,1054019
0.08,1050467
0.08,1046979
0.08,1052426
0.08,1066725
0.08,1064829
0.08,1069311
0.08,1076436
0.08,1085784
0.08,1086203
0.08,1086611
0.08,1086264
0.08,1083982
0.08,1067352
0.08,1073445
0.08,1067369
0.08,1062848
0.08,1074104
0.08,1065529
0.08,1061659
0.08,1061600
0.08,1069466
0.08,1059821
0.08,1057655
0.08,1056830
0.08,1065629
0.08,1065281
0.08,1071164
0.08,1062208
0.08,1063131
0.08,1053577
0.08,1034483
0.08,1034573
0.08,1028239
0.08,1037468
0.08,1041690
0.09,1051980
0.09,1074029
0.09,1071753
0.09,1020749
0.09,1025443
0.09,1034749
0.09,1038781
0.09,1035820
0.09,1013265
0.09,1004746
0.09,1012672
0.09,1019610
0.09,1034179
0.09,1031069
0.09,1032990
0.09,1035556
0.09,1036868
0.09,1038548
0.09,1042574
0.09,1034731
0.09,1034443
0.09,1052266
0.09,1054419
0.09,1054776
0.09,1052515
0.09,1032329
0.09,1033256
0.09,1024701
0.09,1023966
0.09,1029349
0.09,1032003
0.09,1029116
0.09,1028207
0.09,1040204
0.09,1042912
0.09,1059944
0.09,1059242
0.09,1061828
0.09,1069255
0.09,1069478
0.09,1063143
0.09,1053161
0.09,1052492
0.09,1050897
0.09,1051876
0.09,1053994
0.09,1053126
0.09,1050410
0.09,1051600
0.09,1048342
0.09,1032804
0.09,1025240
0.09,1023652
0.09,1004056
0.09,1002894
0.09,1008044
0.09,1009150
0.09,1031021
0.09,1051129
0.09,1054708
0.09,1058234
0.09,1082429
0.09,1084891
0.09,1092840
0.09,1097128
0.09,1101826
0.09,1107522
0.09,1096331
0.09,1093300
0.09,1125103
0.09,1125590
0.09,1124906
0.09,1131294
0.09,1130828
0.09,1138030
0.09,1129328
0.09,1120752
0.09,1119062
0.09,1098614
0.09,1084265
0.09,1017576
0.09,1011279
0.09,1004405
0.09,1011734
0.09,1010410
0.09,1012353
0.09,1027336
0.10,1024847
0.10,1050275
0.10,1050217
0.10,1062999
0.10,1060072
0.10,1079714
0.10,1083862
0.10,1087403
0.10,1138198
0.10,1139269
0.10,1101864
0.10,1088297
0.10,1094044
0.10,1069529
0.10,1080749
0.10,1076260
0.10,1069176
0.10,1068512
0.10,1058583
0.10,1055022
0.10,1034224
0.10,1011497
0.10,1009408
0.10,999684
0.10,1005398
0.10,1002120
0.10,1017477
0.10,1005272
0.10,1000458
0.10,1002203
0.10,1002024
0.10,999566
0.10,994278
0.10,997371
0.10,997717
0.10,992988
0.10,991258
0.10,984187
0.10,979133
0.10,980725
0.10,991528
0.10,983300
0.10,981162
0.10,992315
0.10,985723
0.10,971436
0.10,969221
0.10,979306
0.10,976884
0.10,964348
0.10,964066
0.10,965187
0.10,962739
0.10,958108
0.10,959941
0.10,963865
0.10,957911
0.10,955986
0.10,953009
0.10,950918
0.10,945531
0.10,944810
0.10,937590
0.10,939807
0.10,942836
0.10,949899
0.10,948433
0.10,955087
0.10,958823
0.10,959045
0.10,963856
0.10,968884
0.10,966381
0.10,959519
0.10,968675
0.10,972035
0.10,972207
0.10,970722
0.10,966067
0.10,963743
0.10,958478
0.10,954453
0.10,952644
0.10,953352
0.10,966118
0.10,982257
0.10,989761
0.10,986936
0.11,985424
0.11,994489
0.11,1002204
0.11,1003045
0.11,1007204
0.11,996340
0.11,995697
0.11,996602
0.11,995288
0.11,993866
0.11,989447
0.11,983578
0.11,970831
0.11,968509
0.11,967062
0.11,962589
0.11,956113
0.11,955060
0.11,932506
0.11,959954
0.11,956582
0.11,965547
0.11,971426
0.11,969204
0.11,970283
0.11,984859
0.11,984874
0.11,985224
0.11,991018
0.11,992561
0.11,986575
0.11,981728
0.11,992412
0.11,994913
0.11,989097
0.11,986186
0.11,988344
0.11,989859
0.11,991001
0.11,987837
0.11,978600
0.11,974185
0.11,968998
0.11,964409
0.11,962643
0.11,959371
0.11,958926
0.11,954637
0.11,947698
0.11,944031
0.11,929542
0.11,929761
0.11,932733
0.11,934470
0.11,933839
0.11,934883
0.11,935142
0.11,931725
0.11,925907
0.11,924030
0.11,924157
0.11,919274
0.11,914260
0.11,913717
0.11,912550
0.11,912050
0.11,908598
0.11,903094
0.11,899985
0.11,894638
0.11,895911
0.11,895038
0.11,898466
0.11,898249
0.11,891271
0.11,886336
0.11,888504
0.11,891219
0.11,888835
0.11,884614
0.11,883394
0.11,879421
0.11,878614
0.11,873862
0.11,869753
0.11,876364
0.11,873059
0.11,865301
0.11,869794
0.12,866563
0.12,866656
0.12,862451
0.12,859370
0.12,855589
0.12,853426
0.12,849790
0.12,852087
0.12,855741
0.12,858675
0.12,858727
0.12,862823
0.12,870538
0.12,873759
0.12,876227
0.12,871094
0.12,873192
0.12,873283
0.12,872447
0.12,873008
0.12,878390
0.12,879111
0.12,881338
0.12,886966
0.12,893228
0.12,896374
0.12,898368
0.12,895277
0.12,895537
0.12,901464
0.12,903306
0.12,901815
0.12,903112
0.12,921877
0.12,930181
0.12,931155
0.12,953437
0.12,972858
0.12,978144
0.12,980972
0.12,992503
0.12,988593
0.12,989835
0.12,993684
0.12,996992
0.12,1004014
0.12,1004324
0.12,1007306
0.12,1028563
0.12,1028114
0.12,1026203
0.12,1031740
0.12,1023424
0.12,1031652
0.12,1005530
0.12,983869
0.12,997927
0.12,977439
0.12,970853
0.12,905252
0.12,901086
0.12,911746
0.12,910447
0.12,931789
0.12,910105
0.12,918533
0.12,932991
0.12,932957
0.12,877686
0.12,868416
0.12,846261
0.12,848918
0.12,847812
0.12,847582
0.12,849690
0.12,847644
0.12,844687
0.12,844866
0.12,848253
0.12,847242
0.12,844192
0.12,853794
0.12,872728
0.12,934891
0.12,905770
0.12,846367
0.13,840769
0.13,840121
0.13,836760
0.13,846860
0.13,858569
0.13,861239
0.13,855988
0.13,862603
0.13,864782
0.13,856414
0.13,849530
0.13,852487
0.13,854599
0.13,858968
0.13,867772
0.13,867339
0.13,870266
0.13,872300
0.13,873930
0.13,878198
0.13,880928
0.13,880507
0.13,876662
0.13,874775
0.13,884115
0.13,892558
0.13,890927
0.13,892150
0.13,886302
0.13,887598
0.13,890526
0.13,891922
0.13,887880
0.13,891026
0.13,899564
0.13,897227
0.13,897169
0.13,897826
0.13,897789
0.13,885718
0.13,884362
0.13,880303
0.13,877349
0.13,870529
0.13,873874
0.13,858570
0.13,862340
0.13,890552
0.13,896779
0.13,906648
0.13,906867
0.13,911211
0.13,917352
0.13,919981
0.13,944766
0.13,939497
0.13,949320
0.13,988952
0.13,989205
0.13,941754
0.13,934020
0.13,932303
0.13,911988
0.13,910256
0.13,898090
0.13,894433
0.13,868976
0.13,872466
0.13,854776
0.13,843340
0.13,841343
0.13,838986
0.13,837780
0.13,853575
0.13,921173
0.13,935429
0.13,960428
0.13,960788
0.13,973270
0.13,981617
0.13,978054
0.13,967678
0.13,960787
0.13,965282
0.13,965662
0.13,933505
0.13,929154
0.13,928923
0.14,914275
0.14,910257
0.14,903783
0.14,881831
0.14,865827
0.14,844929
0.14,833430
0.14,833073
0.14,832990
0.14,830298
0.14,831762
0.14,829962
0.14,862351
0.14,863694
0.14,876596
0.14,869708
0.14,881646
0.14,888300
0.14,882493
0.14,876358
0.14,861544
0.14,862016
0.14,858525
0.14,826695
0.14,823434
0.14,820176
0.14,818922
0.14,818271
0.14,820133
0.14,815406
0.14,814443
0.14,816330
0.14,813036
0.14,812859
0.14,809797
0.14,806273
0.14,803431
0.14,802097
0.14,802634
0.14,802596
0.14,802278
0.14,804697
0.14,804232
0.14,803415
0.14,805560
0.14,805680
0.14,799015
0.14,796276
0.14,794328
0.14,793729
0.14,791264
0.14,788813
0.14,788778
0.14,789192
0.14,791344
0.14,787428
0.14,788732
0.14,785437
0.14,783300
0.14,782673
0.14,780926
0.14,778722
0.14,780920
0.14,776770
0.14,777746
0.14,776416
0.14,775618
0.14,773974
0.14,773293
0.14,769959
0.14,770591
0.14,771347
0.14,771273
0.14,771772
0.14,775968
0.14,778248
0.14,778583
0.14,771519
0.14,768135
0.14,772998
0.14,772100
0.14,769361
0.14,766781
0.14,766992
0.14,766776
0.14,765612
0.14,763932
0.14,762264
0.14,777637
0.15,770936
0.15,785537
0.15,783420
0.15,788701
0.15,777521
0.15,769888
0.15,776540
0.15,761259
0.15,775550
0.15,773529
0.15,773799
0.15,764534
0.15,774977
0.15,780275
0.15,765479
0.15,769623
0.15,756605
0.15,756449
0.15,755661
0.15,755035
0.15,753718
0.15,752406
0.15,752141
0.15,753419
0.15,751231
0.15,753184
0.15,752467
0.15,760494
0.15,760254
0.15,760113
0.15,753785
0.15,750683
0.15,749400
0.15,747511
0.15,746176
0.15,744958
0.15,744307
0.15,743798
0.15,744747
0.15,743494
0.15,744248
0.15,743624
0.15,742141
0.15,741029
0.15,738915
0.15,737812
0.15,736893
0.15,738024
0.15,735810
0.15,736809
0.15,734741
0.15,733401
0.15,737564
0.15,739308
0.15,740533
0.15,743097
0.15,744588
0.15,746992
0.15,746564
0.15,747238
0.15,742430
0.15,741045
0.15,738505
0.15,736348
0.15,735068
0.15,732322
0.15,731638
0.15,732241
0.15,733901
0.15,737148
0.15,739927
0.15,743600
0.15,745333
0.15,747255
0.15,741717
0.15,740438
0.15,739215
0.15,738453
0.15,736622
0.15,735013
0.15,731675
0.15,730551
0.15,730589
0.15,730715
0.15,730968
0.15,731998
0.15,735930
0.15,738191
0.16,736584
0.16,736421
0.16,734284
0.16,731441
0.16,729514
0.16,728502
0.16,727493
0.16,730405
0.16,732334
0.16,733749
0.16,733100
0.16,733162
0.16,731329
0.16,731758
0.16,730921
0.16,734154
0.16,736993
0.16,735124
0.16,733561
0.16,732601
0.16,732274
0.16,730520
0.16,729960
0.16,730210
0.16,734752
0.16,733577
0.16,737128
0.16,735656
0.16,734635
0.16,733918
0.16,736253
0.16,737358
0.16,736172
0.16,736505
0.16,734488
0.16,731069
0.16,726583
0.16,726262
0.16,733232
0.16,733735
0.16,734188
0.16,736557
0.16,739960
0.16,742821
0.16,746443
0.16,748494
0.16,747337
0.16,749638
0.16,757394
0.16,761576
0.16,759144
0.16,764522
0.16,763975
0.16,759092
0.16,756902
0.16,764230
0.16,765746
0.16,768388
0.16,774875
0.16,773853
0.16,776671
0.16,776383
0.16,778825
0.16,778108
0.16,775448
0.16,776166
0.16,777511
0.16,789656
0.16,789482
0.16,788597
0.16,798817
0.16,798098
0.16,799703
0.16,869612
0.16,887759
0.16,910978
0.16,913414
0.16,930588
0.16,939857
0.16,936834
0.16,931387
0.16,922438
0.16,912295
0.16,911658
0.16,875104
0.16,868085
0.16,866106
0.16,854322
0.17,848683
0.17,830185
0.17,826164
0.17,827774
0.17,808249
0.17,811763
0.17,804259
0.17,789276
0.17,782650
0.17,778352
0.17,789012
0.17,787713
0.17,809055
0.17,775056
0.17,811364
0.17,799076
0.17,764696
0.17,734414
0.17,723527
0.17,724542
0.17,724971
0.17,724898
0.17,726566
0.17,728210
0.17,727923
0.17,728066
0.17,726358
0.17,725493
0.17,726295
0.17,726317
0.17,725174
0.17,724597
0.17,725203
0.17,726957
0.17,726891
0.17,726377
0.17,725758
0.17,725153
0.17,727383
0.17,727857
0.17,727567
0.17,724535
0.17,725628
0.17,724776
0.17,725363
0.17,727034
0.17,731949
0.17,731790
0.17,734512
0.17,736190
0.17,738169
0.17,747174
0.17,748584
0.17,752231
0.17,820728
0.17,832336
0.17,856263
0.17,858819
0.17,874533
0.17,879722
0.17,875319
0.17,867399
0.17,863437
0.17,859852
0.17,860558
0.17,828859
0.17,826060
0.17,827344
0.17,820893
0.17,819830
0.17,816779
0.17,813685
0.17,812800
0.17,801435
0.17,799431
0.17,796677
0.17,775735
0.17,760147
0.17,749358
0.17,753969
0.17,752856
0.17,751078
0.17,751937
0.17,783907
0.17,785196
0.17,793240
0.17,792040
0.17,808826
0.18,810919
0.18,824910
0.18,838506
0.18,877053
0.18,888829
0.18,841533
0.18,837111
0.18,794695
0.18,790867
0.18,786789
0.18,784969
0.18,789700
0.18,782999
0.18,783272
0.18,770026
0.18,771487
0.18,761312
0.18,740368
0.18,736394
0.18,731075
0.18,741124
0.18,738302
0.18,734311
0.18,735425
0.18,727217
0.18,725761
0.18,725757
0.18,724515
0.18,725245
0.18,721313
0.18,720303
0.18,719413
0.18,719144
0.18,722397
0.18,723874
0.18,723683
0.18,726191
0.18,740037
0.18,719618
0.18,720194
0.18,728940
0.18,746627
0.18,780476
0.18,805332
0.18,716872
0.18,715130
0.18,714299
0.18,715650
0.18,718651
0.18,717464
0.18,717959
0.18,718471
0.18,716238
0.18,717003
0.18,715179
0.18,713495
0.18,712706
0.18,711765
0.18,710781
0.18,711024
0.18,710058
0.18,729554
0.18,710379
0.18,717619
0.18,720151
0.18,716925
0.18,709346
0.18,708653
0.18,708031
0.18,707343
0.18,706737
0.18,705900
0.18,709758
0.18,704853
0.18,702994
0.18,702700
0.18,702142
0.18,701602
0.18,701071
0.18,700313
0.18,700369
0.18,699726
0.18,699226
0.18,698803
0.18,698398
0.18,700920
0.18,703615
0.18,710439
0.18,709839
0.19,734178
0.19,732971
0.19,713373
0.19,710196
0.19,701659
0.19,698066
0.19,697918
0.19,696699
0.19,696066
0.19,695748
0.19,695491
0.19,707077
0.19,696833
0.19,699246
0.19,698090
0.19,695070
0.19,695790
0.19,696645
0.19,694804
0.19,695980
0.19,698034
0.19,697096
0.19,694576
0.19,694359
0.19,694166
0.19,693982
0.19,693835
0.19,693802
0.19,693716
0.19,693641
0.19,694130
0.19,696963
0.19,696784
0.19,699299
0.19,702644
0.19,705051
0.19,703780
0.19,699855
0.19,693553
0.19,702640
0.19,696021
0.19,696274
0.19,699165
0.19,701100
0.19,702368
0.19,697413
0.19,696545
0.19,692221
0.19,692305
0.19,693846
0.19,695757
0.19,695229
0.19,694016
0.19,692164
0.19,692132
0.19,692104
