0.00,7071751
0.00,6950936
0.00,6823134
0.00,6693479
0.00,6678935
0.00,6545487
0.00,6379164
0.00,6364512
0.00,6345519
0.00,6332598
0.01,6319608
0.01,6314811
0.01,6166800
0.01,6041698
0.01,6051107
0.01,5964541
0.01,5913179
0.01,5911545
0.01,5876441
0.01,5790967
0.01,5656799
0.01,5661630
0.01,5674101
0.01,5647899
0.01,5568537
0.01,5468522
0.01,5370326
0.01,5267174
0.01,5164224
0.01,5105462
0.01,5093941
0.01,5102508
0.01,5124255
0.01,5120631
0.01,5108873
0.01,5083037
0.01,5102067
0.01,5110019
0.01,5108461
0.01,5091720
0.01,5085358
0.01,5120686
0.01,5113703
0.01,5112300
0.01,5122361
0.01,5129643
0.01,5079293
0.01,4933409
0.01,4980801
0.01,4973235
0.01,4817183
0.01,4805739
0.01,4741745
0.01,4635267
0.01,4633436
0.01,4630524
0.01,4693134
0.01,4699797
0.02,4645179
0.02,4642269
0.02,4575724
0.02,4533406
0.02,4557569
0.02,4475698
0.02,4392725
0.02,4308169
0.02,4206238
0.02,4149039
0.02,4157081
0.02,4216119
0.02,4201413
0.02,4190336
0.02,4166718
0.02,4172644
0.02,4200410
0.02,4195458
0.02,4197971
0.02,4197439
0.02,4210359
0.02,4152949
0.02,4131015
0.02,4145323
0.02,4143195
0.02,4140220
0.02,4169012
0.02,4175947
0.02,4174952
0.02,4137191
0.02,4177577
0.02,4176364
0.02,4187379
0.02,4179731
0.02,4182294
0.02,4193955
0.02,4156380
0.02,4031095
0.02,4049413
0.02,4101196
0.02,4108538
0.02,4053197
0.02,4037436
0.02,4018379
0.02,4034603
0.02,4084281
0.02,4080339
0.02,4073211
0.02,4072889
0.02,4093925
0.02,4033941
0.02,4036502
0.02,4054863
0.02,4066141
0.02,4064362
0.02,4036452
0.02,4045764
0.02,4044736
0.02,4051007
0.02,3958234
0.02,3984024
0.02,3975586
0.02,4023042
0.02,4013642
0.02,3965091
0.02,3947632
0.02,3936723
0.02,3876550
0.02,3822736
0.02,3823090
0.02,3815482
0.02,3807470
0.02,3800671
0.02,3788359
0.02,3726594
0.02,3683242
0.02,3675084
0.02,3621723
0.02,3547427
0.02,3543037
0.02,3534650
0.02,3447655
0.02,3454714
0.02,3458387
0.02,3450749
0.02,3360906
0.02,3378834
0.02,3374261
0.02,3391108
0.02,3394615
0.02,3388533
0.03,3472852
0.03,3499683
0.03,3487677
0.03,3518846
0.03,3518993
0.03,3451008
0.03,3441517
0.03,3468260
0.03,3471152
0.03,3473480
0.03,3457364
0.03,3440826
0.03,3428696
0.03,3401227
0.03,3385664
0.03,3316407
0.03,3273025
0.03,3214327
0.03,3154045
0.03,3093287
0.03,3052837
0.03,3003711
0.03,3017558
0.03,3067230
0.03,3055728
0.03,3057441
0.03,3085114
0.03,3059526
0.03,3073689
0.03,3076655
0.03,3079450
0.03,3081919
0.03,3096172
0.03,3126498
0.03,3109325
0.03,3095074
0.03,3098943
0.03,3107845
0.03,3062565
0.03,3063421
0.03,3065051
0.03,3120557
0.03,3132004
0.03,3108703
0.03,3109649
0.03,3099341
0.03,3053892
0.03,3037220
0.03,3026437
0.03,2990983
0.03,2932873
0.03,2871428
0.03,2829347
0.03,2797057
0.03,2768911
0.03,2762679
0.03,2782317
0.03,2731713
0.03,2736783
0.03,2715904
0.03,2718349
0.03,2693674
0.03,2686583
0.03,2686999
0.03,2694447
0.03,2673992
0.03,2664076
0.03,2662798
0.03,2649292
0.03,2638449
0.03,2625233
0.03,2607461
0.03,2614489
0.03,2626781
0.03,2596945
0.03,2561554
0.03,2587660
0.03,2532474
0.03,2520045
0.03,2477625
0.03,2473228
0.03,2479156
0.03,2484294
0.03,2416527
0.03,2387600
0.03,2384918
0.03,2373713
0.03,2376620
0.03,2342319
0.03,2299124
0.04,2282880
0.04,2278774
0.04,2358383
0.04,2338443
0.04,2266795
0.04,2275679
0.04,2315986
0.04,2322677
0.04,2356092
0.04,2356354
0.04,2364365
0.04,2365528
0.04,2339319
0.04,2296319
0.04,2286964
0.04,2291188
0.04,2286971
0.04,2298499
0.04,2285775
0.04,2268931
0.04,2261654
0.04,2280840
0.04,2285138
0.04,2265638
0.04,2268651
0.04,2237251
0.04,2242815
0.04,2249780
0.04,2243694
0.04,2245510
0.04,2246557
0.04,2243459
0.04,2227810
0.04,2223576
0.04,2218493
0.04,2197650
0.04,2135293
0.04,2142664
0.04,2131659
0.04,2096882
0.04,2083883
0.04,2090565
0.04,2049184
0.04,2106090
0.04,2098096
0.04,2092255
0.04,2100714
0.04,2087050
0.04,2112682
0.04,2116232
0.04,2119496
0.04,2118311
0.04,2112794
0.04,2079167
0.04,2084597
0.04,2106039
0.04,2153248
0.04,2154069
0.04,2112971
0.04,2115608
0.04,2079448
0.04,2079012
0.04,2012745
0.04,1982976
0.04,1986309
0.04,1969117
0.04,1992521
0.04,1964142
0.04,1986426
0.04,1995882
0.04,2021807
0.04,2010821
0.04,2004844
0.04,2008871
0.04,2017592
0.04,2066294
0.04,2076357
0.04,2077428
0.04,2080198
0.04,2069135
0.04,2057121
0.04,2040169
0.04,2065772
0.04,2054681
0.04,2051583
0.04,2031589
0.04,2035333
0.04,2032091
0.04,2031210
0.04,2014500
0.04,1958648
0.05,1977947
0.05,1953402
0.05,1959194
0.05,1956906
0.05,1954923
0.05,1963703
0.05,1966735
0.05,1960332
0.05,1965835
0.05,1962921
0.05,1960655
0.05,1962476
0.05,1956867
0.05,1947216
0.05,1971302
0.05,1976734
0.05,1969461
0.05,1962504
0.05,1977111
0.05,1992865
0.05,1980032
0.05,1967175
0.05,1973621
0.05,1982174
0.05,2008924
0.05,2056240
0.05,2062858
0.05,2031274
0.05,2014972
0.05,1976282
0.05,1966876
0.05,1929338
0.05,1897747
0.05,1872947
0.05,1883216
0.05,1867613
0.05,1861037
0.05,1834981
0.05,1820794
0.05,1797129
0.05,1838534
0.05,1853858
0.05,1864121
0.05,1867392
0.05,1867711
0.05,1891751
0.05,1904049
0.05,1889997
0.05,1899654
0.05,1922093
0.05,1923117
0.05,1910601
0.05,1915378
0.05,1932043
0.05,1892259
0.05,1886879
0.05,1878429
0.05,1880268
0.05,1886328
0.05,1884841
0.05,1869456
0.05,1865610
0.05,1846590
0.05,1763987
0.05,1756828
0.05,1748674
0.05,1726558
0.05,1717166
0.05,1694898
0.05,1699059
0.05,1707834
0.05,1677383
0.05,1674773
0.05,1660607
0.05,1651671
0.05,1675879
0.05,1677753
0.05,1655123
0.05,1646689
0.05,1644247
0.05,1638656
0.05,1651008
0.05,1651351
0.05,1645327
0.05,1644972
0.05,1655780
0.05,1643896
0.05,1631070
0.05,1607925
0.05,1607566
0.06,1595492
0.06,1592838
0.06,1617805
0.06,1619700
0.06,1638924
0.06,1673451
0.06,1720581
0.06,1723581
0.06,1668607
0.06,1674700
0.06,1680722
0.06,1651364
0.06,1648184
0.06,1646442
0.06,1634505
0.06,1645005
0.06,1612813
0.06,1614284
0.06,1605552
0.06,1676878
0.06,1691171
0.06,1691620
0.06,1684125
0.06,1670815
0.06,1694082
0.06,1723424
0.06,1730511
0.06,1723371
0.06,1731429
0.06,1750703
0.06,1752771
0.06,1755579
0.06,1742753
0.06,1723106
0.06,1706620
0.06,1696390
0.06,1700853
0.06,1705593
0.06,1710468
0.06,1695205
0.06,1688035
0.06,1645708
0.06,1585707
0.06,1573295
0.06,1594290
0.06,1616456
0.06,1616327
0.06,1636516
0.06,1651508
0.06,1650006
0.06,1648659
0.06,1644527
0.06,1652400
0.06,1678558
0.06,1687293
0.06,1689197
0.06,1687684
0.06,1683931
0.06,1676941
0.06,1673374
0.06,1681030
0.06,1608261
0.06,1566252
0.06,1591758
0.06,1586078
0.06,1579240
0.06,1588768
0.06,1581386
0.06,1574440
0.06,1582243
0.06,1586557
0.06,1613813
0.06,1649082
0.06,1692417
0.06,1694834
0.06,1633548
0.06,1641789
0.06,1643474
0.06,1602443
0.06,1585029
0.06,1571871
0.06,1561406
0.06,1539795
0.06,1534953
0.06,1529696
0.06,1523035
0.06,1551524
0.06,1620334
0.06,1590550
0.07,1535767
0.07,1539296
0.07,1535988
0.07,1514610
0.07,1515363
0.07,1519924
0.07,1529687
0.07,1519730
0.07,1535857
0.07,1536938
0.07,1537957
0.07,1526717
0.07,1543913
0.07,1598820
0.07,1615456
0.07,1549732
0.07,1511975
0.07,1497558
0.07,1521165
0.07,1527886
0.07,1526491
0.07,1530103
0.07,1519523
0.07,1513357
0.07,1516116
0.07,1513543
0.07,1527493
0.07,1541882
0.07,1558506
0.07,1578900
0.07,1560392
0.07,1580076
0.07,1584900
0.07,1584174
0.07,1583076
0.07,1570244
0.07,1592240
0.07,1650144
0.07,1626447
0.07,1628821
0.07,1637724
0.07,1641808
0.07,1643367
0.07,1644530
0.07,1663388
0.07,1656736
0.07,1614832
0.07,1612876
0.07,1641546
0.07,1637583
0.07,1597992
0.07,1597663
0.07,1606922
0.07,1564823
0.07,1536322
0.07,1509032
0.07,1511050
0.07,1499775
0.07,1494691
0.07,1480595
0.07,1478808
0.07,1459935
0.07,1463979
0.07,1459339
0.07,1456328
0.07,1439403
0.07,1435025
0.07,1426936
0.07,1430689
0.07,1430504
0.07,1451932
0.07,1450702
0.07,1447991
0.07,1450094
0.07,1450879
0.07,1455755
0.07,1453599
0.07,1453474
0.07,1450773
0.07,1444097
0.07,1436388
0.07,1445620
0.07,1438162
0.07,1450632
0.07,1445772
0.07,1457009
0.07,1514073
0.07,1542064
0.07,1479042
0.07,1448982
0.07,1454949
0.08,1462480
0.08,1451547
0.08,1449856
0.08,1459054
0.08,1460490
0.08,1450229
0.08,1440567
0.08,1455719
0.08,1455969
0.08,1483580
0.08,1509829
0.08,1560057
0.08,1549117
0.08,1508223
0.08,1512080
0.08,1497176
0.08,1453807
0.08,1431915
0.08,1406842
0.08,1392718
0.08,1391635
0.08,1392581
0.08,1389734
0.08,1383161
0.08,1370975
0.08,1358678
0.08,1335366
0.08,1327733
0.08,1331843
0.08,1324934
0.08,1321164
0.08,1318422
0.08,1314271
0.08,1311696
0.08,1310241
0.08,1305637
0.08,1297968
0.08,1292416
0.08,1291196
0.08,1288632
0.08,1283950
0.08,1284578
0.08,1288016
0.08,1273722
0.08,1283886
0.08,1282071
0.08,1276952
0.08,1278707
0.08,1276921
0.08,1283819
0.08,1282804
0.08,1299196
0.08,1278331
0.08,1264437
0.08,1283593
0.08,1287583
0.08,1288059
0.08,1294503
0.08,1307391
0.08,1294394
0.08,1291191
0.08,1292447
0.08,1297834
0.08,1308798
0.08,1319163
0.08,1321199
0.08,1321842
0.08,1321268
0.08,1305508
0.08,1300065
0.08,1317774
0.08,1371761
0.08,1343219
0.08,1290356
0.08,1283369
0.08,1291226
0.08,1281038
0.08,1287855
0.08,1284514
0.08,1286943
0.08,1281259
0.08,1278517
0.08,1282184
0.08,1306386
0.08,1328763
0.08,1349841
0.08,1339116
0.08,1352622
0.08,1347298
0.08,1339027
0.09,1338922
0.09,1344833
0.09,1345930
0.09,1372002
0.09,1398257
0.09,1405697
0.09,1406569
0.09,1405551
0.09,1378333
0.09,1383371
0.09,1399240
0.09,1373325
0.09,1348762
0.09,1357541
0.09,1346339
0.09,1336062
0.09,1327633
0.09,1272511
0.09,1265910
0.09,1268122
0.09,1261089
0.09,1252070
0.09,1242420
0.09,1244271
0.09,1233906
0.09,1232292
0.09,1229785
0.09,1213531
0.09,1208859
0.09,1199918
0.09,1196668
0.09,1198279
0.09,1210787
0.09,1260210
0.09,1284585
0.09,1282355
0.09,1281745
0.09,1282531
0.09,1307709
0.09,1332079
0.09,1316198
0.09,1316869
0.09,1325208
0.09,1328406
0.09,1324862
0.09,1315284
0.09,1305343
0.09,1283391
0.09,1273278
0.09,1272907
0.09,1280473
0.09,1281055
0.09,1282479
0.09,1260945
0.09,1255462
0.09,1230428
0.09,1201705
0.09,1199719
0.09,1201334
0.09,1197315
0.09,1187599
0.09,1181496
0.09,1169073
0.09,1165950
0.09,1157405
0.09,1153384
0.09,1153432
0.09,1154887
0.09,1151449
0.09,1148095
0.09,1151019
0.09,1137648
0.09,1136881
0.09,1140835
0.09,1138037
0.09,1128236
0.09,1141966
0.09,1134544
0.09,1142196
0.09,1184717
0.09,1202734
0.09,1214437
0.09,1214245
0.09,1216376
0.09,1233906
0.09,1262195
0.09,1247832
0.09,1248836
0.09,1265495
0.10,1269485
0.10,1268735
0.10,1264587
0.10,1252688
0.10,1230014
0.10,1215632
0.10,1200073
0.10,1198019
0.10,1198530
0.10,1201673
0.10,1187426
0.10,1184909
0.10,1156323
0.10,1131036
0.10,1130522
0.10,1133503
0.10,1135674
0.10,1130141
0.10,1122270
0.10,1117639
0.10,1109013
0.10,1142345
0.10,1119384
0.10,1118289
0.10,1100137
0.10,1099184
0.10,1106472
0.10,1099462
0.10,1104990
0.10,1107716
0.10,1094785
0.10,1096119
0.10,1096254
0.10,1086797
0.10,1084108
0.10,1075396
0.10,1095630
0.10,1142627
0.10,1143639
0.10,1106112
0.10,1069039
0.10,1063086
0.10,1062215
0.10,1054718
0.10,1056156
0.10,1053784
0.10,1069082
0.10,1105515
0.10,1121676
0.10,1127466
0.10,1129574
0.10,1152298
0.10,1199150
0.10,1195341
0.10,1150421
0.10,1136162
0.10,1130461
0.10,1127418
0.10,1147691
0.10,1124201
0.10,1120131
0.10,1114205
0.10,1112337
0.10,1113034
0.10,1106600
0.10,1104559
0.10,1095098
0.10,1094774
0.10,1076343
0.10,1071117
0.10,1066060
0.10,1056172
0.10,1063539
0.10,1055115
0.10,1058674
0.10,1062741
0.10,1069255
0.10,1064443
0.10,1064053
0.10,1061966
0.10,1053856
0.10,1051489
0.10,1043987
0.10,1040575
0.10,1034326
0.10,1026916
0.10,1018680
0.10,1040237
0.10,1026029
0.10,1029965
0.10,1020425
0.10,1040659
0.11,1087656
0.11,1088668
0.11,1051141
0.11,1008922
0.11,1005582
0.11,1004083
0.11,998508
0.11,991820
0.11,985326
0.11,983853
0.11,983228
0.11,985757
0.11,985872
0.11,984845
0.11,985549
0.11,980185
0.11,977166
0.11,972267
0.11,970555
0.11,969130
0.11,962988
0.11,960689
0.11,959287
0.11,958327
0.11,959919
0.11,954399
0.11,950402
0.11,946847
0.11,942877
0.11,937453
0.11,937385
0.11,936742
0.11,929898
0.11,930794
0.11,930519
0.11,934089
0.11,932185
0.11,932801
0.11,929010
0.11,929357
0.11,930267
0.11,932544
0.11,938024
0.11,962534
0.11,983600
0.11,981386
0.11,998179
0.11,999572
0.11,998138
0.11,1002849
0.11,1009733
0.11,1020753
0.11,1041726
0.11,1051556
0.11,1058009
0.11,1053077
0.11,1046115
0.11,1049307
0.11,1047406
0.11,1002285
0.11,959816
0.11,922448
0.11,917634
0.11,923906
0.11,925675
0.11,924187
0.11,924745
0.11,923959
0.11,921733
0.11,913299
0.11,919637
0.11,920378
0.11,917812
0.11,917021
0.11,912858
0.11,914595
0.11,916070
0.11,918821
0.11,922089
0.11,922758
0.11,919659
0.11,917487
0.11,911917
0.11,909928
0.11,910161
0.11,914029
0.11,921366
0.11,920777
0.11,922130
0.11,929887
0.11,955280
0.12,978372
0.12,983395
0.12,1003763
0.12,1010555
0.12,1011050
0.12,1014056
0.12,1011887
0.12,1018606
0.12,1038690
0.12,1045300
0.12,1049492
0.12,1047074
0.12,1046682
0.12,1051351
0.12,1057290
0.12,1059617
0.12,1030495
0.12,1002530
0.12,998605
0.12,1001558
0.12,993041
0.12,975742
0.12,932010
0.12,929392
0.12,923949
0.12,916329
0.12,910788
0.12,913866
0.12,925193
0.12,922243
0.12,926393
0.12,971893
0.12,987036
0.12,998952
0.12,997677
0.12,997959
0.12,1022449
0.12,1049504
0.12,1046469
0.12,1042297
0.12,1035824
0.12,1036169
0.12,1032112
0.12,1005710
0.12,976750
0.12,944812
0.12,911266
0.12,907483
0.12,908110
0.12,906172
0.12,911252
0.12,911737
0.12,912142
0.12,909493
0.12,906053
0.12,901787
0.12,897345
0.12,892743
0.12,888266
0.12,883802
0.12,883423
0.12,886069
0.12,889084
0.12,885342
0.12,877282
0.12,876928
0.12,876769
0.12,879033
0.12,882311
0.12,877515
0.12,878329
0.12,884072
0.12,878081
0.12,876927
0.12,880586
0.12,879383
0.12,879317
0.12,877545
0.12,874816
0.12,874249
0.12,870801
0.12,868007
0.12,867167
0.12,866025
0.12,869693
0.12,904299
0.12,915853
0.12,862421
0.12,862578
0.12,893594
0.12,854890
0.13,851428
0.13,851230
0.13,847832
0.13,848889
0.13,846029
0.13,842738
0.13,845389
0.13,847746
0.13,847450
0.13,848525
0.13,855643
0.13,852865
0.13,846567
0.13,846560
0.13,846249
0.13,839472
0.13,844581
0.13,844853
0.13,842533
0.13,838806
0.13,842828
0.13,845424
0.13,847345
0.13,847280
0.13,849838
0.13,843910
0.13,839754
0.13,839824
0.13,837554
0.13,836367
0.13,842258
0.13,836711
0.13,833823
0.13,830633
0.13,833598
0.13,831707
0.13,830445
0.13,827112
0.13,827938
0.13,826549
0.13,829366
0.13,822158
0.13,820867
0.13,818140
0.13,814755
0.13,817878
0.13,812174
0.13,809242
0.13,808158
0.13,805713
0.13,803582
0.13,802005
0.13,799440
0.13,797026
0.13,795166
0.13,792880
0.13,790615
0.13,792293
0.13,794173
0.13,800075
0.13,799401
0.13,797613
0.13,800064
0.13,802540
0.13,802107
0.13,802435
0.13,797646
0.13,797966
0.13,796465
0.13,795212
0.13,792566
0.13,793113
0.13,794433
0.13,792525
0.13,793179
0.13,789484
0.13,788820
0.13,789026
0.13,791630
0.13,792033
0.13,786680
0.13,788892
0.13,790780
0.13,791194
0.13,796723
0.13,801811
0.13,794979
0.13,793442
0.13,787142
0.13,792691
0.14,796461
0.14,797138
0.14,791616
0.14,784832
0.14,785186
0.14,785116
0.14,785726
0.14,783158
0.14,789004
0.14,793365
0.14,802158
0.14,793196
0.14,796366
0.14,789697
0.14,780484
0.14,789835
0.14,787917
0.14,783530
0.14,778828
0.14,780697
0.14,789982
0.14,784853
0.14,779333
0.14,778687
0.14,777720
0.14,774062
0.14,769535
0.14,771361
0.14,773342
0.14,776221
0.14,783133
0.14,782476
0.14,780217
0.14,781423
0.14,777688
0.14,777416
0.14,777110
0.14,776232
0.14,775582
0.14,778206
0.14,784122
0.14,784987
0.14,784418
0.14,777347
0.14,772231
0.14,773353
0.14,771399
0.14,770950
0.14,772217
0.14,771407
0.14,770255
0.14,773895
0.14,769330
0.14,770513
0.14,767272
0.14,766837
0.14,764787
0.14,762769
0.14,766790
0.14,766886
0.14,765411
0.14,763796
0.14,762825
0.14,762975
0.14,761187
0.14,758606
0.14,758343
0.14,761484
0.14,762500
0.14,759857
0.14,756516
0.14,754746
0.14,752899
0.14,752377
0.14,752574
0.14,749074
0.14,749244
0.14,751164
0.14,747611
0.14,746522
0.14,748623
0.14,744424
0.14,742857
0.14,742278
0.14,740965
0.14,742453
0.14,744572
0.14,742266
0.14,739950
0.14,739070
0.14,737696
0.15,736943
0.15,737322
0.15,738134
0.15,736730
0.15,737106
0.15,737604
0.15,739300
0.15,739574
0.15,736567
0.15,736629
0.15,736664
0.15,736886
0.15,734520
0.15,733294
0.15,733412
0.15,733969
0.15,734004
0.15,731531
0.15,730191
0.15,728854
0.15,733983
0.15,743846
0.15,774517
0.15,775415
0.15,774966
0.15,742845
0.15,728584
0.15,727296
0.15,726945
0.15,725718
0.15,724064
0.15,722889
0.15,721831
0.15,719968
0.15,719801
0.15,718786
0.15,721281
0.15,724139
0.15,732222
0.15,743476
0.15,753370
0.15,752365
0.15,732968
0.15,717457
0.15,717514
0.15,716876
0.15,715939
0.15,715065
0.15,714198
0.15,713357
0.15,712526
0.15,711626
0.15,710853
0.15,710095
0.15,717558
0.15,731455
0.15,711559
0.15,718159
0.15,753135
0.15,735626
0.15,708937
0.15,708563
0.15,707878
0.15,708519
0.15,707195
0.15,706525
0.15,705858
0.15,706772
0.15,705231
0.15,704455
0.15,703846
0.15,704102
0.15,704818
0.15,706003
0.15,705907
0.15,704000
0.15,708559
0.15,707245
0.15,706773
0.15,705275
0.15,705026
0.15,706061
0.15,707288
0.15,709075
0.15,704086
0.15,703982
0.15,706552
0.15,709119
0.15,711829
0.15,708225
0.15,705326
0.16,702673
0.16,701034
0.16,700682
0.16,700032
0.16,699445
0.16,698879
0.16,703786
0.16,704299
0.16,700711
0.16,698333
0.16,697365
0.16,696731
0.16,696193
0.16,695667
0.16,695142
0.16,694662
0.16,694048
0.16,695683
0.16,696812
0.16,698371
0.16,718594
0.16,728911
0.16,707159
0.16,694822
0.16,693756
0.16,696251
0.16,699109
0.16,707192
0.16,718733
0.16,728331
0.16,728350
0.16,708070
0.16,692883
0.16,692478
0.16,692078
0.16,691680
0.16,691294
0.16,690946
0.16,690599
0.16,690254
0.16,708881
0.16,711771
0.16,712832
0.16,712337
0.16,714164
0.16,708348
0.16,702411
0.16,704013
0.16,706663
0.16,706778
0.16,704686
0.16,703629
0.16,701918
0.16,703016
0.16,707969
0.16,709986
0.16,782459
0.16,762696
0.16,736754
0.16,721962
0.16,717931
0.16,722606
0.16,725183
0.16,747762
0.16,758670
0.16,762788
0.16,779879
0.16,788551
0.16,797918
0.16,799652
0.16,800841
0.16,801146
0.16,801600
0.16,827200
0.16,827538
0.16,873892
0.16,875264
0.16,837688
0.16,824376
0.16,810797
0.16,811262
0.16,790219
0.16,783538
0.16,774263
0.16,766660
0.16,723148
0.16,718926
0.16,718790
0.16,718501
0.17,716716
0.17,729951
0.17,770195
0.17,773437
0.17,790852
0.17,795449
0.17,809418
0.17,837585
0.17,847506
0.17,845934
0.17,843501
0.17,842685
0.17,844695
0.17,850778
0.17,847385
0.17,825182
0.17,801282
0.17,800068
0.17,800435
0.17,793062
0.17,791068
0.17,787282
0.17,784271
0.17,770282
0.17,737279
0.17,717447
0.17,714322
0.17,714046
0.17,706464
0.17,706514
0.17,703491
0.17,701253
0.17,699818
0.17,696641
0.17,696721
0.17,700130
0.17,698217
0.17,698608
0.17,699793
0.17,698186
0.17,697324
0.17,697897
0.17,698451
0.17,700041
0.17,697802
0.17,697155
0.17,698360
0.17,696633
0.17,694351
0.17,694663
0.17,695396
0.17,694507
0.17,694845
0.17,697063
0.17,699379
0.17,700540
0.17,700734
0.17,700137
0.17,701048
0.17,698536
0.17,696773
0.17,695106
0.17,692342
0.17,690039
0.17,691875
0.17,691711
0.17,689582
0.17,688817
0.17,688503
0.17,688221
0.17,687942
0.17,687960
0.17,687538
0.17,687286
0.17,687041
0.17,686849
0.17,686727
0.17,686585
0.17,686413
0.17,687866
0.17,685483
0.17,697069
0.17,686825
0.17,689468
0.17,685234
0.17,685156
0.17,685067
0.17,687493
0.17,687917
0.17,686542
0.17,684999
0.18,686182
0.18,686605
0.18,687157
0.18,688239
0.18,689164
0.18,686978
0.18,686686
0.18,684403
0.18,685549
0.18,686108
0.18,686505
0.18,685897
0.18,685508
0.18,685156
0.18,683489
0.18,683934
0.18,686711
0.18,686879
0.18,686708
0.18,687068
0.18,689086
0.18,687843
0.18,687072
0.18,687504
0.18,686860
0.18,687833
0.18,688183
0.18,688258
0.18,686671
0.18,685048
0.18,683715
0.18,684875
0.18,687457
0.18,686746
0.18,686793
0.18,688027
0.18,689956
0.18,687071
0.18,686409
0.18,685719
0.18,687028
0.18,686210
0.18,687040
0.18,687748
0.18,685600
0.18,684128
0.18,683127
0.18,682848
0.18,682820
