0.00,6835355
0.00,6666585
0.00,6482821
0.00,6324271
0.00,6181872
0.00,6153936
0.00,6046982
0.01,6051659
0.01,5925839
0.01,5949312
0.01,5944457
0.01,5777011
0.01,5712563
0.01,5718609
0.01,5591175
0.01,5605355
0.01,5603422
0.01,5599241
0.01,5516206
0.01,5572955
0.01,5335781
0.01,5358298
0.01,5339925
0.01,5344493
0.01,5347119
0.01,5356769
0.01,5358996
0.01,5355093
0.01,5230519
0.01,5049773
0.01,5035424
0.01,5019306
0.01,5019395
0.01,4883527
0.01,4765698
0.01,4684593
0.01,4584219
0.01,4493776
0.01,4505237
0.01,4505249
0.01,4392798
0.01,4426468
0.01,4404896
0.01,4302681
0.01,4302774
0.01,4210711
0.02,4182371
0.02,4182650
0.02,4240722
0.02,4240648
0.02,4114940
0.02,4061249
0.02,4099007
0.02,4061250
0.02,4059524
0.02,4060353
0.02,4075647
0.02,4085787
0.02,4063769
0.02,4048440
0.02,4089073
0.02,4050845
0.02,4044540
0.02,4050082
0.02,4053466
0.02,3963772
0.02,3989288
0.02,3977751
0.02,3901927
0.02,3904360
0.02,3791363
0.02,3799443
0.02,3815311
0.02,3806234
0.02,3799205
0.02,3710896
0.02,3705815
0.02,3704248
0.02,3689349
0.02,3649189
0.02,3577175
0.02,3569076
0.02,3565108
0.02,3530252
0.02,3471831
0.02,3422368
0.02,3423238
0.02,3416180
0.02,3420273
0.02,3406661
0.02,3343761
0.02,3282077
0.02,3307066
0.02,3269093
0.02,3261463
0.02,3242514
0.02,3240561
0.02,3230910
0.02,3238944
0.02,3215465
0.02,3182938
0.02,3183504
0.02,3185413
0.02,3200620
0.02,3182757
0.02,3180116
0.02,3184296
0.02,3187134
0.02,3176042
0.02,3171605
0.02,3158687
0.02,3205788
0.02,3226314
0.02,3153054
0.02,3146811
0.02,3083613
0.02,3072562
0.02,3067712
0.02,3076349
0.02,3046444
0.02,2986738
0.02,2941622
0.02,2901774
0.02,2870400
0.02,2866121
0.03,2825260
0.03,2807843
0.03,2808959
0.03,2811144
0.03,2767899
0.03,2769164
0.03,2750298
0.03,2704708
0.03,2675896
0.03,2653828
0.03,2690489
0.03,2708675
0.03,2629332
0.03,2642959
0.03,2635864
0.03,2621115
0.03,2584394
0.03,2551909
0.03,2524317
0.03,2525995
0.03,2533842
0.03,2536089
0.03,2519400
0.03,2510352
0.03,2506366
0.03,2482221
0.03,2475955
0.03,2479647
0.03,2491553
0.03,2463417
0.03,2408216
0.03,2405473
0.03,2402631
0.03,2425967
0.03,2460146
0.03,2451325
0.03,2393986
0.03,2415698
0.03,2433308
0.03,2408379
0.03,2392983
0.03,2399913
0.03,2410549
0.03,2380360
0.03,2394988
0.03,2437665
0.03,2433985
0.03,2417291
0.03,2411163
0.03,2380631
0.03,2417357
0.03,2411101
0.03,2401345
0.03,2405250
0.03,2398484
0.03,2379757
0.03,2352330
0.03,2348858
0.03,2348995
0.03,2360583
0.03,2365401
0.03,2322885
0.03,2302417
0.03,2309601
0.03,2263496
0.03,2230135
0.03,2229205
0.03,2269291
0.03,2304592
0.03,2307226
0.03,2327554
0.03,2313130
0.03,2309071
0.03,2321234
0.03,2336375
0.03,2346284
0.03,2376516
0.03,2299286
0.03,2285531
0.03,2308821
0.03,2288674
0.03,2310059
0.03,2275465
0.03,2287769
0.03,2301693
0.03,2267403
0.03,2265927
0.03,2265737
0.03,2248225
0.03,2246752
0.03,2208021
0.03,2191391
0.03,2190603
0.04,2186210
0.04,2187314
0.04,2182603
0.04,2188972
0.04,2191465
0.04,2196723
0.04,2216561
0.04,2212458
0.04,2196732
0.04,2203064
0.04,2157647
0.04,2119766
0.04,2111846
0.04,2103570
0.04,2114125
0.04,2130567
0.04,2142341
0.04,2149258
0.04,2156061
0.04,2134700
0.04,2144081
0.04,2156644
0.04,2149517
0.04,2145221
0.04,2128104
0.04,2117878
0.04,2104864
0.04,2093879
0.04,2087237
0.04,2068747
0.04,2067862
0.04,2054566
0.04,2032797
0.04,2008084
0.04,2009733
0.04,2026187
0.04,2018379
0.04,2004979
0.04,2005263
0.04,2016879
0.04,1996842
0.04,1969918
0.04,1945505
0.04,1949635
0.04,1954665
0.04,1941993
0.04,1949219
0.04,1943685
0.04,1911013
0.04,1919796
0.04,1932583
0.04,1909399
0.04,1904690
0.04,1908853
0.04,1919013
0.04,1901542
0.04,1891136
0.04,1899996
0.04,1896645
0.04,1940623
0.04,1970366
0.04,2009298
0.04,2019027
0.04,1970297
0.04,1970958
0.04,1970264
0.04,1984076
0.04,1957323
0.04,1964084
0.04,1956723
0.04,1943870
0.04,1949020
0.04,1946087
0.04,1934955
0.04,1933507
0.04,1932646
0.04,1938692
0.04,1935138
0.04,1921447
0.04,1922628
0.04,1950345
0.04,1978565
0.04,1926249
0.04,1885182
0.04,1915562
0.04,1983347
0.04,1951341
0.04,1866435
0.04,1904649
0.05,1943482
0.05,1970181
0.05,1967727
0.05,1922009
0.05,1905099
0.05,1928460
0.05,1943862
0.05,1916733
0.05,1927396
0.05,1926523
0.05,1914421
0.05,1896428
0.05,1887670
0.05,1899300
0.05,1929637
0.05,1928248
0.05,1912817
0.05,1886269
0.05,1839590
0.05,1839475
0.05,1814729
0.05,1802929
0.05,1797440
0.05,1799558
0.05,1775675
0.05,1800765
0.05,1806356
0.05,1792364
0.05,1784973
0.05,1814762
0.05,1784522
0.05,1783685
0.05,1763883
0.05,1764997
0.05,1773964
0.05,1791721
0.05,1793728
0.05,1790715
0.05,1787979
0.05,1792336
0.05,1779503
0.05,1764486
0.05,1760386
0.05,1759483
0.05,1752593
0.05,1750368
0.05,1754916
0.05,1743669
0.05,1753488
0.05,1752816
0.05,1718720
0.05,1708432
0.05,1683656
0.05,1685064
0.05,1689648
0.05,1683340
0.05,1684314
0.05,1672710
0.05,1658649
0.05,1656447
0.05,1633015
0.05,1612686
0.05,1619772
0.05,1641426
0.05,1629799
0.05,1665753
0.05,1705939
0.05,1723335
0.05,1738413
0.05,1724490
0.05,1689582
0.05,1716390
0.05,1723757
0.05,1720601
0.05,1735628
0.05,1710481
0.05,1710081
0.05,1715822
0.05,1708709
0.05,1706880
0.05,1673805
0.05,1660270
0.05,1662748
0.05,1673151
0.05,1684089
0.05,1686054
0.05,1669426
0.05,1648338
0.05,1618298
0.05,1632593
0.05,1635045
0.06,1661353
0.06,1668678
0.06,1611672
0.06,1615919
0.06,1658699
0.06,1652836
0.06,1580971
0.06,1561013
0.06,1551714
0.06,1560142
0.06,1571199
0.06,1556471
0.06,1556185
0.06,1558408
0.06,1566538
0.06,1578140
0.06,1556852
0.06,1553230
0.06,1532070
0.06,1512663
0.06,1506658
0.06,1508526
0.06,1539980
0.06,1566858
0.06,1563364
0.06,1603451
0.06,1585556
0.06,1596161
0.06,1595540
0.06,1599998
0.06,1634457
0.06,1631959
0.06,1572900
0.06,1557871
0.06,1540429
0.06,1528093
0.06,1527248
0.06,1523475
0.06,1533811
0.06,1532702
0.06,1527487
0.06,1495513
0.06,1481643
0.06,1496760
0.06,1518988
0.06,1511071
0.06,1511964
0.06,1501819
0.06,1495842
0.06,1473661
0.06,1486516
0.06,1484737
0.06,1492786
0.06,1503510
0.06,1495071
0.06,1497822
0.06,1478929
0.06,1464493
0.06,1445602
0.06,1431240
0.06,1435476
0.06,1424474
0.06,1453009
0.06,1472189
0.06,1475113
0.06,1486491
0.06,1491752
0.06,1515014
0.06,1510588
0.06,1503998
0.06,1534044
0.06,1577787
0.06,1566278
0.06,1589489
0.06,1597871
0.06,1614296
0.06,1609127
0.06,1602752
0.06,1626707
0.06,1620359
0.06,1544914
0.06,1547730
0.06,1543845
0.06,1529237
0.06,1506161
0.06,1399508
0.06,1388975
0.06,1379985
0.06,1373947
0.06,1357872
0.06,1343314
0.06,1325467
0.07,1310615
0.07,1312058
0.07,1309031
0.07,1303212
0.07,1294262
0.07,1281760
0.07,1281202
0.07,1278232
0.07,1265797
0.07,1267982
0.07,1273441
0.07,1278069
0.07,1274769
0.07,1275732
0.07,1277045
0.07,1287555
0.07,1287632
0.07,1286243
0.07,1279876
0.07,1287521
0.07,1271892
0.07,1264837
0.07,1264420
0.07,1259711
0.07,1258301
0.07,1256249
0.07,1254515
0.07,1243767
0.07,1239828
0.07,1248217
0.07,1248252
0.07,1246840
0.07,1251107
0.07,1249682
0.07,1240981
0.07,1230983
0.07,1215204
0.07,1203558
0.07,1196484
0.07,1195717
0.07,1186970
0.07,1186945
0.07,1193458
0.07,1198322
0.07,1207535
0.07,1210105
0.07,1198397
0.07,1197661
0.07,1199097
0.07,1200642
0.07,1212833
0.07,1215095
0.07,1217283
0.07,1196605
0.07,1236633
0.07,1240208
0.07,1176380
0.07,1175260
0.07,1162333
0.07,1155941
0.07,1140678
0.07,1138988
0.07,1145525
0.07,1147356
0.07,1150332
0.07,1156195
0.07,1162429
0.07,1150695
0.07,1156659
0.07,1167697
0.07,1172953
0.07,1183647
0.07,1186534
0.07,1186059
0.07,1199393
0.07,1230159
0.07,1223361
0.07,1229006
0.07,1228102
0.07,1237725
0.07,1231245
0.07,1216854
0.07,1247928
0.07,1265475
0.07,1264141
0.07,1267191
0.07,1267035
0.07,1264267
0.07,1267348
0.07,1275759
0.07,1281150
0.07,1268275
0.08,1224428
0.08,1222075
0.08,1221789
0.08,1216512
0.08,1197987
0.08,1153921
0.08,1185375
0.08,1183346
0.08,1193043
0.08,1179229
0.08,1183582
0.08,1183232
0.08,1171096
0.08,1182905
0.08,1208661
0.08,1275662
0.08,1276406
0.08,1242692
0.08,1234594
0.08,1228885
0.08,1210064
0.08,1204256
0.08,1160930
0.08,1163643
0.08,1154795
0.08,1129765
0.08,1132039
0.08,1128585
0.08,1130094
0.08,1130507
0.08,1132322
0.08,1123679
0.08,1125968
0.08,1125271
0.08,1113903
0.08,1123074
0.08,1161524
0.08,1151368
0.08,1109742
0.08,1110169
0.08,1108118
0.08,1101084
0.08,1096766
0.08,1095396
0.08,1109137
0.08,1096259
0.08,1094669
0.08,1099366
0.08,1108665
0.08,1115137
0.08,1126106
0.08,1115492
0.08,1118298
0.08,1118939
0.08,1112672
0.08,1104707
0.08,1156408
0.08,1133175
0.08,1082021
0.08,1072689
0.08,1061732
0.08,1053307
0.08,1044963
0.08,1036184
0.08,1034928
0.08,1028823
0.08,1024920
0.08,1033857
0.08,1093921
0.08,1086251
0.08,1041083
0.08,1041295
0.08,1029905
0.08,1015559
0.08,1008327
0.08,1011864
0.08,1018493
0.08,1019975
0.08,1011991
0.08,1009393
0.08,1014485
0.08,1016226
0.08,1003945
0.08,1003203
0.08,1005219
0.08,1007300
0.08,1012766
0.08,1006582
0.08,1005835
0.09,997955
0.09,995565
0.09,992355
0.09,985224
0.09,983512
0.09,975378
0.09,972528
0.09,975327
0.09,984998
0.09,983067
0.09,992286
0.09,995251
0.09,995483
0.09,994924
0.09,1002224
0.09,995179
0.09,997265
0.09,1001381
0.09,1007282
0.09,1008528
0.09,1018990
0.09,1035199
0.09,1070539
0.09,1099765
0.09,1033293
0.09,1036767
0.09,1036935
0.09,1034172
0.09,1025020
0.09,1028418
0.09,1027344
0.09,1037070
0.09,1024494
0.09,1025722
0.09,1020326
0.09,1029165
0.09,1015671
0.09,1013212
0.09,1038116
0.09,1042085
0.09,1038200
0.09,1025497
0.09,1037439
0.09,1031722
0.09,1033604
0.09,1057557
0.09,1070000
0.09,1052962
0.09,1050434
0.09,1051480
0.09,1109076
0.09,1111702
0.09,1059093
0.09,1040382
0.09,1047469
0.09,1045744
0.09,1039250
0.09,1020169
0.09,1084888
0.09,1094423
0.09,1099780
0.09,1092686
0.09,1087186
0.09,1122992
0.09,1114870
0.09,1111037
0.09,1102785
0.09,1098577
0.09,1098154
0.09,1095240
0.09,1086727
0.09,1084875
0.09,1061316
0.09,1045893
0.09,1037392
0.09,1031510
0.09,1014689
0.09,996643
0.09,963884
0.09,964038
0.09,963950
0.09,957817
0.09,954750
0.09,955504
0.09,948837
0.09,948526
0.09,949450
0.09,946143
0.09,949903
0.09,956771
0.09,962898
0.10,970706
0.10,985860
0.10,1012996
0.10,1016741
0.10,1024324
0.10,1014594
0.10,1016494
0.10,1018296
0.10,1025271
0.10,1036788
0.10,1062632
0.10,1065261
0.10,1071028
0.10,1069931
0.10,1077009
0.10,1082494
0.10,1086775
0.10,1084894
0.10,1074833
0.10,1038001
0.10,1037124
0.10,1038875
0.10,1024332
0.10,1007082
0.10,960223
0.10,989989
0.10,993507
0.10,1002958
0.10,999501
0.10,1019885
0.10,1076786
0.10,1075134
0.10,1029682
0.10,1030325
0.10,1027845
0.10,1023245
0.10,1021407
0.10,988218
0.10,993500
0.10,979243
0.10,964700
0.10,968668
0.10,938087
0.10,933416
0.10,927514
0.10,923433
0.10,926042
0.10,934866
0.10,968383
0.10,989447
0.10,989372
0.10,1030499
0.10,1035566
0.10,1042402
0.10,1041218
0.10,1063992
0.10,1067969
0.10,1073573
0.10,1087532
0.10,1109052
0.10,1115951
0.10,1124039
0.10,1104900
0.10,1133782
0.10,1136687
0.10,1088022
0.10,1042483
0.10,1038674
0.10,1028921
0.10,1014907
0.10,917555
0.10,912602
0.10,909116
0.10,915297
0.10,905223
0.10,899698
0.10,894686
0.10,887701
0.10,893790
0.10,899557
0.10,910447
0.10,917328
0.10,930978
0.10,981257
0.10,1001034
0.10,1004265
0.10,1004191
0.10,1024321
0.10,1016834
0.10,1009632
0.11,1031160
0.11,1059552
0.11,1069766
0.11,1089129
0.11,1067911
0.11,1095386
0.11,1097440
0.11,1056738
0.11,1051993
0.11,1039940
0.11,993522
0.11,991208
0.11,935729
0.11,882618
0.11,878918
0.11,874023
0.11,870484
0.11,869450
0.11,866266
0.11,864962
0.11,865333
0.11,863099
0.11,859227
0.11,856507
0.11,853242
0.11,847153
0.11,843553
0.11,847455
0.11,842747
0.11,843022
0.11,841901
0.11,838539
0.11,838510
0.11,835219
0.11,835449
0.11,831635
0.11,831015
0.11,831757
0.11,828865
0.11,878959
0.11,861787
0.11,824149
0.11,834233
0.11,819502
0.11,813894
0.11,812984
0.11,812919
0.11,815324
0.11,814136
0.11,809927
0.11,805226
0.11,801139
0.11,799892
0.11,797394
0.11,794476
0.11,799813
0.11,803023
0.11,797793
0.11,791580
0.11,788818
0.11,792692
0.11,791536
0.11,788175
0.11,786334
0.11,784147
0.11,781020
0.11,777947
0.11,780421
0.11,780580
0.11,774923
0.11,772373
0.11,769888
0.11,770520
0.11,767412
0.11,770785
0.11,775352
0.11,777255
0.11,767587
0.11,768554
0.11,768009
0.11,769055
0.11,765758
0.11,769758
0.11,775765
0.11,781751
0.11,788611
0.11,792927
0.11,799711
0.11,798927
0.12,801820
0.12,803770
0.12,804630
0.12,804015
0.12,805257
0.12,817082
0.12,811333
0.12,808320
0.12,810424
0.12,810290
0.12,806266
0.12,789028
0.12,790357
0.12,778241
0.12,781181
0.12,778811
0.12,774489
0.12,784925
0.12,786216
0.12,778688
0.12,782224
0.12,783775
0.12,787086
0.12,789058
0.12,793122
0.12,796508
0.12,802632
0.12,801734
0.12,800045
0.12,796215
0.12,788800
0.12,789863
0.12,812048
0.12,836161
0.12,768150
0.12,767107
0.12,766161
0.12,767114
0.12,766004
0.12,764818
0.12,769996
0.12,774666
0.12,791404
0.12,800347
0.12,800250
0.12,801604
0.12,804802
0.12,807471
0.12,806017
0.12,802918
0.12,798715
0.12,797945
0.12,799057
0.12,795084
0.12,795518
0.12,794524
0.12,792808
0.12,786057
0.12,779764
0.12,774940
0.12,774944
0.12,772221
0.12,770558
0.12,770380
0.12,769291
0.12,767503
0.12,765221
0.12,769346
0.12,768489
0.12,769039
0.12,766478
0.12,763168
0.12,762967
0.12,764448
0.12,767569
0.12,775592
0.12,778681
0.12,778701
0.12,784973
0.12,798154
0.12,828588
0.12,841605
0.12,845191
0.12,844546
0.12,846453
0.12,848817
0.12,850701
0.12,859412
0.12,881463
0.12,884029
0.13,895573
0.13,897795
0.13,897302
0.13,900310
0.13,902112
0.13,905325
0.13,895986
0.13,857057
0.13,854363
0.13,860172
0.13,824955
0.13,815775
0.13,779540
0.13,790677
0.13,790170
0.13,778098
0.13,772784
0.13,781348
0.13,780181
0.13,787876
0.13,836507
0.13,840633
0.13,775112
0.13,760223
0.13,757600
0.13,759745
0.13,760415
0.13,759422
0.13,757650
0.13,760835
0.13,758156
0.13,759723
0.13,759532
0.13,756944
0.13,754888
0.13,754767
0.13,754139
0.13,751926
0.13,749837
0.13,749889
0.13,749059
0.13,747061
0.13,745078
0.13,743229
0.13,741418
0.13,739735
0.13,738069
0.13,735548
0.13,734115
0.13,732729
0.13,731417
0.13,729306
0.13,727144
0.13,725708
0.13,726166
0.13,726577
0.13,725645
0.13,725270
0.13,724898
0.13,729166
0.13,728640
0.13,725636
0.13,723188
0.13,723606
0.13,722064
0.13,722392
0.13,722435
0.13,720317
0.13,718827
0.13,717608
0.13,716816
0.13,715209
0.13,715535
0.13,714016
0.13,712876
0.13,712776
0.13,712378
0.13,712211
0.13,711257
0.13,710319
0.13,710971
0.13,709231
0.13,708357
0.13,707525
0.13,710770
0.13,717520
0.13,710119
0.13,706715
0.13,705796
0.13,704857
0.13,703987
0.14,703192
0.14,703785
0.14,705786
0.14,705988
0.14,705602
0.14,703286
0.14,703212
0.14,705061
0.14,702314
0.14,701572
0.14,700862
0.14,701552
0.14,705098
0.14,704763
0.14,706016
0.14,708616
0.14,706104
0.14,704969
0.14,707721
0.14,706904
0.14,709114
0.14,715421
0.14,732807
0.14,774042
0.14,801734
0.14,805667
0.14,801441
0.14,816761
0.14,822312
0.14,829554
0.14,844487
0.14,870164
0.14,879528
0.14,889168
0.14,915185
0.14,892985
0.14,915155
0.14,915274
0.14,887354
0.14,891652
0.14,848736
0.14,845950
0.14,825512
0.14,783509
0.14,758288
0.14,700155
0.14,699241
0.14,698581
0.14,698763
0.14,697885
0.14,698411
0.14,698422
0.14,698842
0.14,698998
0.14,697229
0.14,697441
0.14,696977
0.14,695931
0.14,699074
0.14,701882
0.14,704097
0.14,704762
0.14,701572
0.14,705946
0.14,707025
0.14,706547
0.14,707923
0.14,727789
0.14,748833
0.14,779684
0.14,808252
0.14,812961
0.14,819093
0.14,824888
0.14,833665
0.14,849627
0.14,847689
0.14,887472
0.14,872670
0.14,912297
0.14,914460
0.14,886308
0.14,886518
0.14,880268
0.14,876306
0.14,855512
0.14,816999
0.14,805975
0.14,797030
0.14,710075
0.15,695328
0.15,696876
0.15,700475
0.15,702349
0.15,703473
0.15,700492
0.15,699136
0.15,706967
0.15,704842
0.15,702243
0.15,713325
0.15,745330
0.15,784263
0.15,793102
0.15,808335
0.15,812884
0.15,819363
0.15,826616
0.15,841828
0.15,851284
0.15,865547
0.15,888792
0.15,885342
0.15,915772
0.15,910550
0.15,880886
0.15,886989
0.15,877403
0.15,875501
0.15,819341
0.15,815317
0.15,798014
0.15,764931
0.15,694198
0.15,693596
0.15,692542
0.15,695142
0.15,695597
0.15,693331
0.15,696509
0.15,697087
0.15,695295
0.15,707698
0.15,708303
0.15,706459
0.15,711682
0.15,712914
0.15,715630
0.15,715517
0.15,717688
0.15,712535
0.15,716758
0.15,718833
0.15,718748
0.15,725725
0.15,727885
0.15,733704
0.15,758585
0.15,779202
0.15,710142
0.15,709396
0.15,708068
0.15,704204
0.15,694855
0.15,693795
0.15,696275
0.15,697642
0.15,693520
0.15,692173
0.15,691480
0.15,690974
0.15,690507
0.15,690070
0.15,689639
0.15,689272
0.15,688925
0.15,688583
0.15,687971
0.15,688448
0.15,687724
0.15,687420
0.15,687137
0.15,698723
0.15,688479
0.15,690892
0.15,689736
0.15,686716
0.15,686563
0.16,686418
0.16,686296
0.16,686199
0.16,686109
0.16,686043
0.16,686002
0.16,688529
0.16,687200
0.16,687424
0.16,685640
0.16,684876
0.16,684746
0.16,684703
0.16,685973
0.16,686440
0.16,686631
0.16,686635
0.16,687676
0.16,687206
0.16,684042
0.16,685518
0.16,686898
0.16,688229
0.16,692258
0.16,692925
0.16,693411
0.16,692227
0.16,692324
0.16,692070
0.16,692703
0.16,692715
0.16,692906
0.16,697635
0.16,697724
0.16,699901
0.16,702632
0.16,715939
0.16,719285
0.16,718869
0.16,734749
0.16,739785
0.16,745661
0.16,740938
0.16,747585
0.16,771054
0.16,803285
0.16,839978
0.16,827680
0.16,859144
0.16,858262
0.16,830906
0.16,840878
0.16,831539
0.16,864703
0.16,843261
0.16,841961
0.16,829884
0.16,837968
0.16,778917
0.16,760737
0.16,716300
0.16,706938
0.16,683401
0.16,683806
0.16,683408
0.16,684806
0.16,686303
0.16,689078
0.16,688575
0.16,689262
0.16,688306
0.16,688920
0.16,686330
0.16,686453
0.16,687257
0.16,689432
0.16,693093
0.16,691686
0.16,698160
0.16,720366
0.16,769856
0.16,786731
0.16,782533
0.16,797615
0.16,802497
0.16,810817
0.16,824166
0.16,830322
0.16,873017
0.16,867872
0.17,890534
0.17,870922
0.17,904026
0.17,900051
0.17,871328
0.17,861723
0.17,851511
0.17,830408
0.17,807996
0.17,796521
0.17,755109
0.17,738937
0.17,682475
0.17,682069
0.17,681687
0.17,681538
0.17,682893
0.17,682943
0.17,683374
0.17,682456
0.17,681503
0.17,682510
0.17,683407
0.17,685125
0.17,688100
0.17,690394
0.17,690159
0.17,687975
0.17,685978
0.17,683478
0.17,681521
0.17,682806
0.17,684019
0.17,683352
0.17,681379
0.17,681416
0.17,680469
0.17,680306
0.17,680278
