0.01, 7305926
0.01, 7281280
0.01, 7275795
0.01, 7261705
0.01, 7260887
0.01, 7260847
0.01, 7236142
0.01, 7236043
0.01, 7232663
0.01, 7230103
0.01, 7222940
0.01, 7222560
0.01, 7205139
0.01, 7196806
0.01, 7194133
0.01, 7189252
0.01, 7177779
0.01, 7147558
0.01, 7139260
0.01, 7138048
0.01, 7111172
0.01, 7111013
0.01, 7102643
0.01, 7079198
0.01, 7037713
0.01, 7031495
0.01, 7017938
0.01, 6990615
0.01, 6989742
0.01, 6981465
0.01, 6975374
0.01, 6973739
0.01, 6968688
0.01, 6955063
0.01, 6920524
0.01, 6912882
0.01, 6911815
0.01, 6859441
0.01, 6851379
0.01, 6848927
0.01, 6825428
0.01, 6825291
0.01, 6802577
0.01, 6777509
0.01, 6775233
0.01, 6770854
0.01, 6765909
0.01, 6761568
0.01, 6733559
0.01, 6730788
0.01, 6707687
0.01, 6700860
0.01, 6587737
0.01, 6582115
0.01, 6575754
0.01, 6571733
0.01, 6570374
0.01, 6562763
0.01, 6559520
0.01, 6486937
0.01, 6480201
0.01, 6478217
0.01, 6461272
0.01, 6459482
0.01, 6444161
0.01, 6439164
0.01, 6438506
0.01, 6431586
0.01, 6427900
0.01, 6427537
0.01, 6404323
0.01, 6369245
0.01, 6369089
0.01, 6361850
0.01, 6358892
0.01, 6356667
0.01, 6282630
0.01, 6279139
0.01, 6273982
0.01, 6264726
0.01, 6198228
0.01, 6191291
0.01, 6189329
0.01, 6164922
0.01, 6115069
0.01, 6090386
0.01, 6041954
0.01, 6013452
0.01, 5994123
0.01, 5972043
0.01, 5970207
0.01, 5965465
0.01, 5964926
0.01, 5935049
0.01, 5931035
0.01, 5927117
0.01, 5926245
0.01, 5919285
0.01, 5917926
0.01, 5917491
0.01, 5913947
0.01, 5913557
0.01, 5900232
0.01, 5899157
0.01, 5896793
0.01, 5896346
0.01, 5894764
0.01, 5892132
0.02, 5884013
0.02, 5883832
0.02, 5878168
0.02, 5870858
0.02, 5866440
0.02, 5766416
0.02, 5764384
0.02, 5763656
0.02, 5762121
0.02, 5758654
0.02, 5708815
0.02, 5707897
0.02, 5703500
0.02, 5697673
0.02, 5691193
0.02, 5683421
0.02, 5657077
0.02, 5633513
0.02, 5613282
0.02, 5594941
0.02, 5592873
0.02, 5560196
0.02, 5551437
0.02, 5543147
0.03, 5525926
0.03, 5523465
0.03, 5514649
0.03, 5504326
0.03, 5479836
0.03, 5452860
0.03, 5430695
0.03, 5421728
0.04, 5403792
0.04, 5374264
0.04, 5373942
0.04, 5364997
0.04, 5331120
0.04, 5329307
0.04, 5329296
0.04, 5305627
0.04, 5295379
0.04, 5292342
0.04, 5267798
0.04, 5262004
0.08, 5233936
0.08, 5210295
0.08, 5194463
0.08, 5185572
0.08, 5179170
0.08, 5179033
0.08, 5175856
0.08, 5164910
0.08, 5148951
0.08, 5097757
0.08, 5086267
0.08, 5084240
0.08, 5082715
0.08, 5080955
0.08, 5080939
0.08, 5080818
0.08, 5079925
0.08, 5046965
0.08, 5043280
0.08, 5042103
0.08, 5010897
0.08, 5006656
0.15, 4977002
0.15, 4964296
0.15, 4961418
0.15, 4893962
0.22, 4882507
0.22, 4865001
0.22, 4855656
0.23, 4838535
0.23, 4837990
0.23, 4796652
0.26, 4779347
0.26, 4778310
0.26, 4757790
0.26, 4750963
0.26, 4748872
0.29, 4706220
0.29, 4699523
0.32, 4687588
0.32, 4686648
0.32, 4685976
0.33, 4672831
0.33, 4666084
0.33, 4629776
0.33, 4610953
0.33, 4610329
0.33, 4604435
0.33, 4604226
0.33, 4595801
0.33, 4587343
0.33, 4572967
0.33, 4563199
0.33, 4556524
0.33, 4552696
0.33, 4541468
0.33, 4534254
0.33, 4531842
0.33, 4531197
0.33, 4506682
0.33, 4503079
0.33, 4483681
0.33, 4474870
0.33, 4474598
0.34, 4473709
0.34, 4471466
0.34, 4454208
0.34, 4445921
0.34, 4445809
0.34, 4444931
0.34, 4409130
0.34, 4408404
0.34, 4404490
0.34, 4389672
0.34, 4388039
0.34, 4380336
0.34, 4365791
0.34, 4355036
0.34, 4354353
0.34, 4353559
0.34, 4344742
0.34, 4322920
0.34, 4321691
0.45, 4303194
0.45, 4302954
0.45, 4294206
0.45, 4284793
0.45, 4284346
0.45, 4276772
0.45, 4249189
0.45, 4248782
0.45, 4242967
0.45, 4239624
0.45, 4235828
0.45, 4228838
0.45, 4225840
0.45, 4216657
0.45, 4207894
0.45, 4206156
0.45, 4199441
0.45, 4163959
0.45, 4153917
0.45, 4142585
0.45, 4044444
0.45, 4040923
0.49, 4036605
0.49, 4035053
0.49, 4035014
0.49, 4030032
0.49, 4029379
0.49, 4010871
0.49, 3979434
0.49, 3945186
0.49, 3924783
0.49, 3922937
0.49, 3916150
0.49, 3907980
0.49, 3889542
0.49, 3883309
0.49, 3878452
0.49, 3861999
0.49, 3858640
0.49, 3856028
0.49, 3855683
0.49, 3854063
0.49, 3851250
0.49, 3848711
0.49, 3848354
0.49, 3833791
0.49, 3830438
0.49, 3824642
0.49, 3823633
0.49, 3796934
0.49, 3793623
0.49, 3791567
0.49, 3787215
0.49, 3785736
0.49, 3770314
0.60, 3766513
0.60, 3762944
0.60, 3761159
0.60, 3750679
0.60, 3748426
0.60, 3728697
0.60, 3717898
0.60, 3716537
0.60, 3705746
0.60, 3678765
0.60, 3671984
0.60, 3663519
0.60, 3641238
0.60, 3640732
0.60, 3638758
0.60, 3625797
0.60, 3623735
0.60, 3596676
0.60, 3595366
0.60, 3589769
0.60, 3577899
0.60, 3576551
0.60, 3573571
0.60, 3570302
0.60, 3563396
0.60, 3547548
0.60, 3539336
0.61, 3537927
0.61, 3537244
0.61, 3535977
0.63, 3534792
0.63, 3533093
0.63, 3529026
0.63, 3519655
0.63, 3516586
0.63, 3504193
0.63, 3493486
0.63, 3485917
0.63, 3483478
0.63, 3477525
0.63, 3477015
0.63, 3464373
0.63, 3456495
0.63, 3454807
0.63, 3454692
0.63, 3449826
0.63, 3444046
0.63, 3439753
0.63, 3433417
0.63, 3412470
0.63, 3365359
0.63, 3350906
0.63, 3347990
0.63, 3343436
0.64, 3334267
0.67, 3322237
0.67, 3318896
0.67, 3313762
0.67, 3296389
0.67, 3277104
0.67, 3274235
0.67, 3254252
0.67, 3248066
0.67, 3239915
0.68, 3223375
0.68, 3215653
0.68, 3211279
0.68, 3206715
0.69, 3201790
0.69, 3192537
0.69, 3188181
0.70, 3183487
0.70, 3176919
0.70, 3146249
0.70, 3142703
0.70, 3142666
0.70, 3134204
0.70, 3107087
0.70, 3106645
0.71, 3075599
0.71, 3075165
0.71, 3074472
0.71, 3073787
0.71, 3072270
0.71, 3067643
0.71, 3067506
0.71, 3058290
0.71, 3054665
0.71, 3054614
0.71, 3053234
0.82, 3048940
0.82, 3048458
0.82, 3044906
0.82, 3040320
0.82, 3023919
0.82, 3014467
0.82, 3011952
0.82, 3009119
0.82, 2975171
0.82, 2973820
0.82, 2961366
0.82, 2958826
0.82, 2957266
0.82, 2955096
0.82, 2944220
0.84, 2934722
0.84, 2931924
0.84, 2931647
0.84, 2929646
0.84, 2915614
0.84, 2911530
0.84, 2891534
0.84, 2887878
0.86, 2887018
0.86, 2879475
0.86, 2873380
0.86, 2872065
0.86, 2872021
0.86, 2859435
0.86, 2849132
0.86, 2844456
0.87, 2815512
0.87, 2810799
0.87, 2806211
0.87, 2797906
0.87, 2794342
0.87, 2790267
0.87, 2787580
0.87, 2772580
0.87, 2767019
0.87, 2752634
0.87, 2747554
0.87, 2743343
0.87, 2715351
0.87, 2714253
0.87, 2706982
0.87, 2703563
0.87, 2702133
0.87, 2698726
0.87, 2696176
0.87, 2689254
0.87, 2683937
0.87, 2677426
0.87, 2675793
0.87, 2672880
0.87, 2664776
0.87, 2660850
0.87, 2660836
0.87, 2658211
0.87, 2653606
0.91, 2650957
0.91, 2649514
0.91, 2635223
0.91, 2632478
0.91, 2631851
0.91, 2631322
0.91, 2622426
0.91, 2616811
0.91, 2616298
0.91, 2609219
0.91, 2595832
0.91, 2594901
0.91, 2586232
0.91, 2586146
0.91, 2585026
0.91, 2584906
0.91, 2575717
0.91, 2544533
0.91, 2542174
1.02, 2540041
1.02, 2532021
1.02, 2530849
1.02, 2529732
1.02, 2521889
1.02, 2521298
1.02, 2518413
1.02, 2517781
1.02, 2515743
1.02, 2515699
1.02, 2515644
1.02, 2507134
1.02, 2504618
1.02, 2500337
1.02, 2491050
1.02, 2490901
1.02, 2490571
1.02, 2483338
1.02, 2475702
1.02, 2474327
1.05, 2469467
1.05, 2469150
1.05, 2464288
1.05, 2457281
1.05, 2457230
1.05, 2448871
1.05, 2436648
1.05, 2436485
1.05, 2433710
1.05, 2433666
1.05, 2425922
1.05, 2423783
1.05, 2419792
1.05, 2419279
1.05, 2390975
1.05, 2390744
1.05, 2382813
1.05, 2380258
1.06, 2373461
1.06, 2368362
1.06, 2355134
1.06, 2354161
1.06, 2344699
1.06, 2343908
1.06, 2343518
1.06, 2343013
1.06, 2336097
1.08, 2331350
1.08, 2322391
1.08, 2321892
1.08, 2305180
1.08, 2297985
1.08, 2296908
1.08, 2296779
1.08, 2296466
1.09, 2287770
1.09, 2283733
1.09, 2282340
1.09, 2276568
1.10, 2273299
1.10, 2272484
1.10, 2269010
1.10, 2267578
1.10, 2259732
1.10, 2256639
1.10, 2254297
1.10, 2253350
1.10, 2253154
1.11, 2252104
1.11, 2252059
1.11, 2248705
1.11, 2244890
1.11, 2244635
1.11, 2237311
1.11, 2237262
1.11, 2226235
1.11, 2225228
1.11, 2221045
1.11, 2209679
1.11, 2207126
1.11, 2199261
1.11, 2196904
1.11, 2192422
1.11, 2185873
1.11, 2180825
1.11, 2178690
1.11, 2176118
1.11, 2175101
1.11, 2172989
1.11, 2158194
1.11, 2157640
1.11, 2149688
1.11, 2149598
1.11, 2148808
1.11, 2148165
1.14, 2132238
1.14, 2132012
1.14, 2130130
1.14, 2105721
1.14, 2104211
1.14, 2103310
1.14, 2101597
1.14, 2098856
1.14, 2097083
1.14, 2092207
1.14, 2087994
1.20, 2085998
1.20, 2085460
1.20, 2072111
1.20, 2069175
1.20, 2064954
1.20, 2064404
1.20, 2054855
1.20, 2054164
1.20, 2047419
1.20, 2045945
1.20, 2045331
1.20, 2039955
1.20, 2034838
1.20, 2033275
1.20, 2033003
1.20, 2024789
1.20, 2022109
1.20, 2021596
1.20, 2017130
1.20, 2010510
1.20, 2006449
1.20, 2005611
1.20, 2002755
1.20, 1991542
1.20, 1991480
1.20, 1990444
1.20, 1988369
1.20, 1983818
1.21, 1979482
1.21, 1967631
1.21, 1967566
1.21, 1964506
1.22, 1954727
1.22, 1954021
1.22, 1942418
1.22, 1937485
1.22, 1925037
1.22, 1921758
1.22, 1913785
1.22, 1913430
1.22, 1912508
1.22, 1905721
1.22, 1898666
1.22, 1898242
1.22, 1887241
1.22, 1882703
1.22, 1882618
1.22, 1880428
1.22, 1878771
1.22, 1868958
1.22, 1866504
1.22, 1864307
1.22, 1860679
1.22, 1859565
1.22, 1855516
1.22, 1852572
1.22, 1852485
1.22, 1851177
1.22, 1849410
1.22, 1847357
1.22, 1839949
1.22, 1838863
1.30, 1838180
1.30, 1837181
1.30, 1836360
1.30, 1835210
1.30, 1829716
1.30, 1829564
1.30, 1820874
1.31, 1813256
1.31, 1806951
1.31, 1806502
1.31, 1804579
1.31, 1804042
1.31, 1801009
1.31, 1798051
1.31, 1797207
1.31, 1796463
1.31, 1793764
1.31, 1792325
1.31, 1790233
1.31, 1779274
1.31, 1777370
1.31, 1776505
1.31, 1770233
1.31, 1767360
1.31, 1765923
1.31, 1765436
1.31, 1754902
1.32, 1751088
1.32, 1749317
1.32, 1748749
1.32, 1748519
1.32, 1744465
1.32, 1739055
1.32, 1721642
1.32, 1718439
1.32, 1714229
1.32, 1710909
1.32, 1710741
1.32, 1702834
1.32, 1701039
1.32, 1695645
1.40, 1692245
1.40, 1691722
1.40, 1686837
1.40, 1683746
1.40, 1681961
1.42, 1681949
1.42, 1681313
1.42, 1678094
1.43, 1676765
1.43, 1673685
1.43, 1668829
1.43, 1665778
1.43, 1665480
1.43, 1661923
1.43, 1660740
1.43, 1657538
1.43, 1652636
1.43, 1650660
1.43, 1649869
1.43, 1645243
1.45, 1644508
1.45, 1643374
1.45, 1641499
1.45, 1637430
1.45, 1630840
1.45, 1630551
1.45, 1628237
1.45, 1626963
1.45, 1619379
1.45, 1616731
1.45, 1607111
1.45, 1605146
1.45, 1605045
1.45, 1599776
1.45, 1598982
1.45, 1594677
1.45, 1593252
1.45, 1585766
1.45, 1585273
1.45, 1572840
1.45, 1568346
1.45, 1565326
1.45, 1555486
1.45, 1552715
1.45, 1551841
1.45, 1529738
1.45, 1529727
1.45, 1526754
1.45, 1524157
1.54, 1523561
1.54, 1514963
1.54, 1513753
1.54, 1509273
1.54, 1507918
1.54, 1494912
1.54, 1493465
1.54, 1485145
1.54, 1481247
1.54, 1471114
1.58, 1463879
1.58, 1462960
1.58, 1458163
1.58, 1456213
1.58, 1455336
1.58, 1451815
1.58, 1451692
1.58, 1448478
1.58, 1444879
1.59, 1440612
1.59, 1427781
1.59, 1426831
1.59, 1426766
1.59, 1422681
1.59, 1414982
1.59, 1414551
1.59, 1404891
1.59, 1403262
1.59, 1402606
1.59, 1397335
1.59, 1393685
1.59, 1388288
1.60, 1379193
1.60, 1370824
1.60, 1369572
1.60, 1362931
1.64, 1351142
1.64, 1350753
1.64, 1344445
1.64, 1341476
1.64, 1341217
1.64, 1333390
1.64, 1333136
1.64, 1332952
1.64, 1330972
1.64, 1329880
1.64, 1328987
1.64, 1326496
1.64, 1323362
1.64, 1320074
1.64, 1317710
1.64, 1317190
1.64, 1316980
1.64, 1314876
1.64, 1313168
1.64, 1312930
1.64, 1311930
1.65, 1297314
1.65, 1296916
1.65, 1296516
1.65, 1295767
1.65, 1295017
1.65, 1292702
1.65, 1291623
1.65, 1290067
1.66, 1289109
1.66, 1287794
1.66, 1286711
1.66, 1285027
1.66, 1284583
1.66, 1284219
1.66, 1283874
1.66, 1282488
1.66, 1280578
1.66, 1280390
1.66, 1277942
1.67, 1274084
1.67, 1274079
1.67, 1268272
1.67, 1268059
1.69, 1264832
1.69, 1253918
1.69, 1251606
1.69, 1247707
1.69, 1240201
1.69, 1239959
1.69, 1237795
1.70, 1234214
1.70, 1231467
1.70, 1226793
1.70, 1226655
1.70, 1225655
1.70, 1225058
1.70, 1217071
1.70, 1216672
1.70, 1216373
1.70, 1213539
1.70, 1209355
1.70, 1209078
1.70, 1205874
1.70, 1198303
1.70, 1196722
1.70, 1187316
1.70, 1185381
1.70, 1183653
1.70, 1182732
1.70, 1182143
1.70, 1181996
1.76, 1181087
1.76, 1180260
1.76, 1179396
1.76, 1178706
1.76, 1176572
1.76, 1175097
1.76, 1171938
1.77, 1171934
1.77, 1171832
1.77, 1168051
1.77, 1167034
1.77, 1162519
1.77, 1161339
1.77, 1160232
1.77, 1157209
1.77, 1157125
1.77, 1157115
1.77, 1148814
1.77, 1146266
1.77, 1143942
1.77, 1141630
1.77, 1140190
1.77, 1139140
1.77, 1136670
1.77, 1136489
1.77, 1136343
1.77, 1135795
1.77, 1132379
1.77, 1128172
1.82, 1127667
1.82, 1121352
1.82, 1119003
1.82, 1118840
1.82, 1118120
1.82, 1116158
1.82, 1115187
1.82, 1110203
1.82, 1109147
1.82, 1105699
1.88, 1104988
1.88, 1104803
1.88, 1103332
1.88, 1101844
1.88, 1101629
1.88, 1100079
1.88, 1098504
1.88, 1097510
1.88, 1093944
1.88, 1093874
1.88, 1093069
1.88, 1092243
1.88, 1090278
1.88, 1089726
1.88, 1089600
1.88, 1089213
1.88, 1088687
1.88, 1087323
1.89, 1083335
1.89, 1080675
1.89, 1074986
1.89, 1074263
1.89, 1068531
1.89, 1051804
1.89, 1051750
1.89, 1043305
1.94, 1042975
1.94, 1042219
1.94, 1039565
1.94, 1039479
1.94, 1039435
1.94, 1037237
1.96, 1036920
1.96, 1035709
1.96, 1030114
1.96, 1028664
1.96, 1023224
1.96, 1021081
1.96, 1020229
1.96, 1019798
1.96, 1019431
1.96, 1019320
1.96, 1018085
1.96, 1018056
1.96, 1017965
1.96, 1013939
1.96, 1013900
1.96, 1011448
1.99, 1009415
1.99, 1006527
1.99, 1001750
1.99, 1001729
1.99, 1000436
2.01, 999866
2.01, 997260
2.01, 993336
2.01, 988051
2.01, 987775
2.01, 987710
2.01, 984923
2.01, 984903
2.01, 983478
2.01, 982679
2.01, 978916
2.02, 975039
2.02, 972592
2.02, 972487
2.02, 971282
2.02, 969659
2.02, 968662
2.02, 967804
2.02, 967753
2.02, 967358
2.02, 966515
2.02, 963377
2.02, 962977
2.02, 962449
2.02, 961608
2.02, 961220
2.02, 960802
2.08, 956425
2.08, 955803
2.08, 955705
2.08, 955697
2.08, 954293
2.10, 949249
2.10, 948821
2.13, 946063
2.13, 945577
2.13, 943873
2.13, 939583
2.13, 939377
2.17, 938987
2.17, 938708
2.20, 935771
2.20, 934108
2.20, 933865
2.20, 928409
2.20, 927839
2.20, 925327
2.20, 924912
2.20, 924450
2.20, 923044
2.20, 921471
2.20, 916938
2.20, 915231
2.20, 913644
2.21, 913083
2.21, 912138
2.21, 912000
2.21, 911600
2.22, 911396
2.22, 908000
2.22, 907923
2.22, 905544
2.22, 902954
2.22, 899096
2.22, 899068
2.22, 897036
2.22, 890987
2.22, 886842
2.22, 882963
2.22, 882635
2.22, 882124
2.22, 881679
2.22, 879400
2.22, 878098
2.25, 877541
2.25, 877119
2.25, 876112
2.25, 872707
2.27, 869482
2.27, 869081
2.28, 868342
2.28, 867759
2.29, 864412
2.29, 862790
2.29, 862462
2.29, 861928
2.29, 860299
2.31, 858358
2.31, 856292
2.31, 854750
2.31, 854160
2.31, 847649
2.31, 847564
2.31, 845947
2.31, 841798
2.31, 841319
2.31, 840332
2.31, 839995
2.31, 839749
2.31, 839323
2.31, 836716
2.32, 835861
2.32, 835707
2.34, 834970
2.34, 831585
2.34, 830691
2.34, 829982
2.35, 829023
2.35, 828054
2.36, 827178
2.38, 827035
2.40, 826090
2.40, 824881
2.41, 822531
2.41, 822299
2.41, 821713
2.43, 821401
2.43, 820488
2.43, 820063
2.43, 819625
2.44, 819082
2.44, 818348
2.44, 812369
2.44, 811437
2.44, 811234
2.44, 810787
2.44, 810041
2.44, 809758
2.44, 809698
2.44, 809117
2.44, 808290
2.44, 807649
2.49, 806063
2.49, 805044
2.49, 803647
2.49, 799336
2.49, 799202
2.49, 798918
2.49, 797898
2.49, 797127
2.49, 796919
2.49, 796442
2.49, 796114
2.50, 795990
2.50, 795429
2.50, 795168
2.50, 792479
2.50, 792324
2.50, 791829
2.50, 791677
2.50, 791649
2.50, 790749
2.50, 789804
2.50, 787011
2.50, 786519
2.50, 784216
2.50, 783884
2.50, 783595
2.50, 783256
2.50, 783244
2.50, 782801
2.50, 782469
2.50, 782010
2.50, 781415
2.50, 780900
2.50, 779326
2.50, 778645
2.50, 777858
2.52, 776111
2.52, 775162
2.52, 774999
2.52, 772994
2.52, 771101
2.52, 769738
2.52, 769565
2.52, 768965
2.52, 767478
2.52, 766240
2.52, 765832
2.52, 764935
2.52, 764535
2.52, 763578
2.52, 763302
2.52, 760634
2.56, 759394
2.56, 758322
2.56, 758153
2.56, 756049
2.57, 756006
2.57, 755861
2.58, 755547
2.59, 754868
2.59, 753495
2.59, 753347
2.59, 752764
2.59, 752153
2.59, 752113
2.59, 751879
2.59, 751604
2.59, 751163
2.59, 750746
2.59, 749432
2.59, 748315
2.59, 746241
2.59, 745848
2.59, 745312
2.64, 744443
2.64, 742421
2.64, 741642
2.64, 740759
2.64, 739174
2.64, 737595
2.64, 735558
2.64, 735526
2.64, 734236
2.65, 732510
2.65, 731290
2.65, 730393
2.65, 730363
2.65, 729916
2.65, 729474
2.66, 729271
2.66, 728879
2.66, 727702
2.66, 727396
2.66, 725351
2.66, 724287
2.66, 724200
2.66, 723988
2.76, 723790
2.76, 723176
2.76, 722425
2.76, 722275
2.76, 721292
2.76, 720014
2.76, 719864
2.76, 719452
2.76, 719235
2.76, 719024
2.76, 718911
2.76, 718716
2.76, 718656
2.76, 716135
2.76, 715555
2.76, 715112
2.76, 713697
2.77, 713620
2.77, 713569
2.77, 712947
2.77, 712653
2.77, 712261
2.77, 712118
2.77, 711929
2.77, 711143
2.77, 710897
2.77, 710224
2.77, 710027
2.77, 709898
2.81, 709518
2.81, 709275
2.81, 707709
2.81, 706418
2.81, 706186
2.81, 705906
2.82, 704401
2.82, 703943
2.82, 703484
2.82, 703372
2.82, 702614
2.82, 702167
2.89, 700906
2.90, 700653
2.90, 700383
2.90, 699171
2.90, 699009
2.90, 698830
2.90, 698507
2.90, 698490
2.90, 697710
2.91, 697000
2.91, 696532
2.91, 696507
2.94, 696166
2.94, 696070
2.94, 695098
2.94, 694634
2.94, 694568
2.95, 694116
2.95, 693975
2.95, 692585
2.96, 692267
2.96, 692100
2.99, 691828
2.99, 691293
2.99, 690327
3.00, 690243
3.00, 689486
3.00, 689406
3.00, 688147
3.01, 686916
3.01, 686352
3.01, 686205
3.01, 685379
3.04, 684874
3.04, 684587
3.04, 683782
3.04, 683496
3.04, 683169
3.04, 683120
3.04, 682206
3.04, 682181
3.05, 681994
3.05, 681988
3.05, 681667
3.05, 681628
3.05, 681626
3.05, 681560
3.05, 681428
3.07, 680482
3.07, 679489
3.24, 679173
3.24, 679158
3.24, 678501
3.24, 677797
3.24, 677176
3.24, 676817
3.24, 676795
3.34, 675974
3.36, 675697
3.39, 675606
3.39, 675488
3.39, 675294
3.39, 674647
3.39, 674047
3.39, 673784
3.39, 673624
3.39, 673056
3.39, 672656
3.44, 672328
3.44, 671867
3.44, 671758
3.44, 671492
3.45, 671421
3.45, 671169
3.46, 671000
3.46, 670749
3.47, 670600
3.47, 670540
3.55, 670468
3.67, 670444
3.68, 670411
3.68, 670389
3.68, 670236
3.69, 669990
3.70, 669441
3.71, 669182
3.71, 669164
3.74, 669129
3.75, 669103
3.75, 669088
3.92, 669011
3.93, 668723
3.93, 668694
4.00, 668635
4.04, 668634
4.06, 668483
4.07, 668424
4.16, 668422
6.81, 668150
6.81, 668129
6.82, 668120
6.82, 667432
6.82, 667363
6.82, 667336
6.83, 667130
6.83, 666528
6.85, 665921
6.87, 665382
6.87, 665322
6.96, 664942
6.97, 664692
6.97, 664443
6.97, 664018
6.97, 663843
6.97, 663821
6.99, 663736
6.99, 663564
6.99, 663320
6.99, 663105
7.05, 662918
7.34, 662855
7.35, 662833
7.41, 662805
7.52, 662717
7.73, 662716
7.73, 662688
7.87, 662678
7.88, 662656
7.89, 662628
12.74, 662228
12.78, 662071
12.78, 661665
12.78, 661500
12.78, 661492
12.81, 661188
12.81, 661166
12.89, 661153
12.97, 660994
13.01, 660850
13.02, 660822
13.17, 660679
13.17, 660651
13.20, 660646
13.22, 660602
13.36, 660580
13.36, 660509
13.37, 660452
13.41, 660424
13.45, 660386
13.51, 660356
13.52, 660296
