0.00,7086964
0.00,6905038
0.00,6770934
0.00,6573306
0.00,6514984
0.00,6316657
0.00,6294652
0.00,6271692
0.00,6095749
0.00,5960200
0.01,5968727
0.01,5834788
0.01,5763823
0.01,5643734
0.01,5641895
0.01,5522870
0.01,5441987
0.01,5418558
0.01,5457353
0.01,5417601
0.01,5418585
0.01,5430561
0.01,5412414
0.01,5295321
0.01,5229522
0.01,5115288
0.01,5103929
0.01,5151655
0.01,5131752
0.01,5129565
0.01,5138141
0.01,5137082
0.01,5136142
0.01,5138656
0.01,5062728
0.01,5064452
0.01,4869696
0.01,4770129
0.01,4679697
0.01,4645912
0.01,4600646
0.01,4507948
0.01,4519139
0.01,4511043
0.01,4428518
0.01,4512675
0.01,4421033
0.01,4415404
0.01,4421940
0.01,4452528
0.02,4470583
0.02,4436671
0.02,4429807
0.02,4465780
0.02,4492772
0.02,4486070
0.02,4415600
0.02,4394959
0.02,4313753
0.02,4321723
0.02,4244473
0.02,4166311
0.02,4180117
0.02,4137236
0.02,4192490
0.02,4095602
0.02,4105027
0.02,4098416
0.02,4016685
0.02,3960379
0.02,3883641
0.02,3877923
0.02,3879988
0.02,3850793
0.02,3787178
0.02,3734820
0.02,3726832
0.02,3730532
0.02,3687934
0.02,3683024
0.02,3608989
0.02,3595714
0.02,3563789
0.02,3513455
0.02,3504983
0.02,3457224
0.02,3403725
0.02,3385648
0.02,3340518
0.02,3276693
0.02,3228155
0.02,3123411
0.02,3078566
0.02,3078109
0.02,3073456
0.02,3083610
0.02,3100028
0.02,3033699
0.02,3038994
0.02,2989352
0.02,2975837
0.02,3061070
0.02,3029879
0.02,3047932
0.02,3012384
0.02,3007052
0.02,3005973
0.02,3017916
0.02,3029956
0.02,3029397
0.02,3057978
0.02,3076466
0.02,3073586
0.03,3070602
0.03,3048810
0.03,3061348
0.03,3027778
0.03,2975286
0.03,2994421
0.03,3008947
0.03,2943106
0.03,2909435
0.03,2901943
0.03,2900027
0.03,2890575
0.03,2905017
0.03,2853626
0.03,2853626
0.03,2863964
0.03,2846914
0.03,2840243
0.03,2839074
0.03,2841328
0.03,2790566
0.03,2742659
0.03,2726870
0.03,2732440
0.03,2731819
0.03,2661486
0.03,2674099
0.03,2594698
0.03,2552317
0.03,2533531
0.03,2501344
0.03,2482005
0.03,2491201
0.03,2486188
0.03,2535645
0.03,2560285
0.03,2494160
0.03,2493529
0.03,2482076
0.03,2460910
0.03,2459710
0.03,2449919
0.03,2455332
0.03,2414319
0.03,2409175
0.03,2391290
0.03,2386990
0.03,2358940
0.03,2350235
0.03,2347779
0.03,2345717
0.03,2315543
0.03,2321008
0.03,2293059
0.03,2300197
0.03,2301327
0.03,2308601
0.03,2307737
0.03,2320342
0.03,2318526
0.03,2306218
0.03,2302286
0.03,2347299
0.03,2379693
0.03,2313730
0.03,2295653
0.03,2286730
0.03,2280199
0.03,2281181
0.03,2285443
0.03,2278587
0.03,2265366
0.03,2234846
0.03,2235756
0.03,2243102
0.03,2247106
0.03,2246681
0.03,2229353
0.03,2230473
0.03,2213020
0.03,2195747
0.03,2170073
0.03,2123819
0.03,2129263
0.03,2135288
0.03,2170160
0.03,2247729
0.03,2191369
0.03,2194040
0.03,2205633
0.04,2246262
0.04,2248579
0.04,2190302
0.04,2190951
0.04,2177082
0.04,2157208
0.04,2175711
0.04,2176816
0.04,2166856
0.04,2147450
0.04,2149174
0.04,2139002
0.04,2146737
0.04,2124849
0.04,2135079
0.04,2127511
0.04,2085018
0.04,2063427
0.04,2087911
0.04,2135988
0.04,2121708
0.04,2146311
0.04,2180891
0.04,2180635
0.04,2122956
0.04,2115323
0.04,2059996
0.04,2057760
0.04,2039196
0.04,2034676
0.04,2050418
0.04,2048852
0.04,2040660
0.04,2039358
0.04,2009974
0.04,1973915
0.04,1968291
0.04,1968217
0.04,1972604
0.04,1957451
0.04,1970868
0.04,1980324
0.04,1981238
0.04,1988512
0.04,1969609
0.04,1938854
0.04,1927193
0.04,1920908
0.04,1921448
0.04,1920568
0.04,1925285
0.04,1886622
0.04,1883957
0.04,1862930
0.04,1823018
0.04,1818267
0.04,1826899
0.04,1841915
0.04,1836721
0.04,1823737
0.04,1812763
0.04,1813313
0.04,1813175
0.04,1807323
0.04,1783709
0.04,1790978
0.04,1788116
0.04,1791158
0.04,1784824
0.04,1763643
0.04,1766995
0.04,1764348
0.04,1757283
0.04,1740614
0.04,1735327
0.04,1742537
0.04,1722137
0.04,1737226
0.04,1755066
0.04,1788965
0.04,1826299
0.04,1762633
0.04,1758419
0.04,1771586
0.04,1767212
0.04,1780676
0.04,1778061
0.04,1767495
0.04,1780820
0.04,1763811
0.04,1749460
0.05,1755078
0.05,1749893
0.05,1762634
0.05,1781504
0.05,1781124
0.05,1842453
0.05,1842057
0.05,1800330
0.05,1778572
0.05,1780821
0.05,1760894
0.05,1719539
0.05,1724034
0.05,1729253
0.05,1724809
0.05,1719088
0.05,1704232
0.05,1708500
0.05,1701840
0.05,1702520
0.05,1695860
0.05,1709611
0.05,1714455
0.05,1718644
0.05,1711705
0.05,1715629
0.05,1704539
0.05,1688833
0.05,1693690
0.05,1690498
0.05,1683887
0.05,1693124
0.05,1686726
0.05,1689177
0.05,1670236
0.05,1627718
0.05,1641428
0.05,1665256
0.05,1661595
0.05,1655360
0.05,1702376
0.05,1698973
0.05,1726050
0.05,1720155
0.05,1737417
0.05,1741129
0.05,1737932
0.05,1732060
0.05,1735717
0.05,1739550
0.05,1749665
0.05,1707972
0.05,1707345
0.05,1697680
0.05,1688039
0.05,1690217
0.05,1697259
0.05,1686605
0.05,1685428
0.05,1624961
0.05,1599993
0.05,1592552
0.05,1594606
0.05,1589237
0.05,1572390
0.05,1574212
0.05,1574198
0.05,1576666
0.05,1573860
0.05,1593913
0.05,1580047
0.05,1577275
0.05,1566435
0.05,1572719
0.05,1586696
0.05,1581728
0.05,1585953
0.05,1583289
0.05,1543808
0.05,1543112
0.05,1553597
0.05,1560151
0.05,1558220
0.05,1572356
0.05,1550985
0.05,1543957
0.05,1546331
0.05,1533042
0.06,1524868
0.06,1514435
0.06,1527963
0.06,1536564
0.06,1534323
0.06,1543926
0.06,1535474
0.06,1521094
0.06,1549272
0.06,1499108
0.06,1494029
0.06,1501921
0.06,1506815
0.06,1490927
0.06,1509662
0.06,1512747
0.06,1499471
0.06,1499653
0.06,1517741
0.06,1525040
0.06,1524261
0.06,1544451
0.06,1576148
0.06,1601925
0.06,1529223
0.06,1530883
0.06,1535623
0.06,1538587
0.06,1525441
0.06,1519588
0.06,1535088
0.06,1529439
0.06,1523808
0.06,1524246
0.06,1506543
0.06,1507504
0.06,1501922
0.06,1496101
0.06,1497811
0.06,1506551
0.06,1514115
0.06,1483860
0.06,1486507
0.06,1487658
0.06,1500214
0.06,1491644
0.06,1482447
0.06,1481120
0.06,1465846
0.06,1454788
0.06,1445490
0.06,1431421
0.06,1422039
0.06,1413936
0.06,1407891
0.06,1407560
0.06,1414061
0.06,1425766
0.06,1416767
0.06,1415898
0.06,1426157
0.06,1432342
0.06,1432887
0.06,1459388
0.06,1487469
0.06,1507917
0.06,1431468
0.06,1438712
0.06,1440034
0.06,1449096
0.06,1448723
0.06,1442730
0.06,1460833
0.06,1455778
0.06,1449867
0.06,1444245
0.06,1411551
0.06,1413456
0.06,1423404
0.06,1418026
0.06,1432810
0.06,1446255
0.06,1442675
0.06,1449790
0.06,1446625
0.06,1460682
0.06,1455521
0.06,1446982
0.06,1449837
0.06,1451353
0.07,1437250
0.07,1456737
0.07,1457267
0.07,1465968
0.07,1489358
0.07,1494883
0.07,1535650
0.07,1531877
0.07,1498854
0.07,1480210
0.07,1471795
0.07,1458075
0.07,1410045
0.07,1427142
0.07,1453519
0.07,1454394
0.07,1459860
0.07,1489117
0.07,1487359
0.07,1502968
0.07,1503969
0.07,1522484
0.07,1526466
0.07,1531955
0.07,1526443
0.07,1520697
0.07,1523607
0.07,1537118
0.07,1491122
0.07,1490311
0.07,1483235
0.07,1480290
0.07,1487207
0.07,1491495
0.07,1500568
0.07,1483270
0.07,1411361
0.07,1409323
0.07,1403102
0.07,1391579
0.07,1391247
0.07,1386414
0.07,1393949
0.07,1402912
0.07,1390446
0.07,1390964
0.07,1406817
0.07,1411302
0.07,1424790
0.07,1424017
0.07,1411510
0.07,1473635
0.07,1452038
0.07,1410008
0.07,1387175
0.07,1379341
0.07,1379277
0.07,1373819
0.07,1372420
0.07,1371402
0.07,1378413
0.07,1367446
0.07,1355137
0.07,1340692
0.07,1337460
0.07,1327837
0.07,1323940
0.07,1321139
0.07,1315097
0.07,1305070
0.07,1289363
0.07,1283526
0.07,1277328
0.07,1267393
0.07,1270774
0.07,1254900
0.07,1257695
0.07,1255581
0.07,1250148
0.07,1248353
0.07,1244300
0.07,1256847
0.07,1254023
0.07,1261611
0.07,1262985
0.07,1239881
0.07,1239301
0.07,1240276
0.07,1252242
0.07,1245395
0.07,1243321
0.08,1242335
0.08,1253440
0.08,1260265
0.08,1271067
0.08,1278175
0.08,1270305
0.08,1342817
0.08,1301491
0.08,1265119
0.08,1245029
0.08,1223347
0.08,1213274
0.08,1215735
0.08,1229831
0.08,1218769
0.08,1241795
0.08,1239440
0.08,1253909
0.08,1260067
0.08,1252935
0.08,1243326
0.08,1248271
0.08,1254867
0.08,1257515
0.08,1259467
0.08,1256863
0.08,1240218
0.08,1236465
0.08,1227301
0.08,1292775
0.08,1274879
0.08,1236954
0.08,1219854
0.08,1200436
0.08,1190492
0.08,1196380
0.08,1196518
0.08,1185789
0.08,1171866
0.08,1174412
0.08,1169465
0.08,1172516
0.08,1173861
0.08,1188516
0.08,1180165
0.08,1175022
0.08,1169010
0.08,1167264
0.08,1158255
0.08,1157856
0.08,1156949
0.08,1151961
0.08,1141957
0.08,1146892
0.08,1166116
0.08,1171933
0.08,1170069
0.08,1191602
0.08,1200791
0.08,1209642
0.08,1209620
0.08,1208539
0.08,1209983
0.08,1198876
0.08,1181311
0.08,1181003
0.08,1182457
0.08,1193500
0.08,1219559
0.08,1221050
0.08,1269739
0.08,1270620
0.08,1236616
0.08,1220845
0.08,1218432
0.08,1196481
0.08,1153788
0.08,1170218
0.08,1199270
0.08,1198667
0.08,1200971
0.08,1227881
0.08,1229373
0.08,1256388
0.08,1266183
0.08,1279383
0.08,1267842
0.08,1272666
0.08,1267250
0.08,1272014
0.08,1278489
0.09,1280192
0.09,1232454
0.09,1243962
0.09,1234722
0.09,1222262
0.09,1221879
0.09,1223202
0.09,1214568
0.09,1212351
0.09,1152419
0.09,1145096
0.09,1128642
0.09,1120216
0.09,1120832
0.09,1120639
0.09,1116228
0.09,1108430
0.09,1109250
0.09,1104675
0.09,1103018
0.09,1095056
0.09,1096674
0.09,1094688
0.09,1092162
0.09,1100880
0.09,1099156
0.09,1090306
0.09,1089087
0.09,1084992
0.09,1084946
0.09,1084586
0.09,1094426
0.09,1100557
0.09,1097734
0.09,1090126
0.09,1104257
0.09,1112503
0.09,1109117
0.09,1130511
0.09,1151598
0.09,1159629
0.09,1151728
0.09,1141503
0.09,1140181
0.09,1133755
0.09,1118741
0.09,1139241
0.09,1143767
0.09,1148597
0.09,1166065
0.09,1170493
0.09,1221491
0.09,1219920
0.09,1185811
0.09,1166678
0.09,1164239
0.09,1140644
0.09,1088721
0.09,1101487
0.09,1123300
0.09,1119875
0.09,1076944
0.09,1076000
0.09,1068735
0.09,1071805
0.09,1084153
0.09,1082498
0.09,1066341
0.09,1055805
0.09,1057114
0.09,1044515
0.09,1030238
0.09,1020145
0.09,1019475
0.09,1024282
0.09,1019700
0.09,1018768
0.09,1014100
0.09,1007881
0.09,1005817
0.09,1008020
0.09,1007687
0.09,1007978
0.09,1010435
0.09,1011735
0.09,1017727
0.09,1005100
0.09,1005463
0.09,1000363
0.10,994208
0.10,988195
0.10,989397
0.10,991073
0.10,992341
0.10,987921
0.10,980678
0.10,974243
0.10,963210
0.10,962972
0.10,960265
0.10,962606
0.10,963292
0.10,968085
0.10,969215
0.10,998764
0.10,1004305
0.10,1003477
0.10,1006421
0.10,1012732
0.10,1004605
0.10,1006211
0.10,1008093
0.10,994275
0.10,997099
0.10,997224
0.10,1004556
0.10,1079224
0.10,1057917
0.10,1025548
0.10,1006816
0.10,998729
0.10,997443
0.10,986703
0.10,982086
0.10,991114
0.10,990939
0.10,992428
0.10,996501
0.10,999528
0.10,997389
0.10,995299
0.10,991360
0.10,984556
0.10,981755
0.10,981116
0.10,992428
0.10,994693
0.10,993437
0.10,982219
0.10,979528
0.10,968976
0.10,970910
0.10,980440
0.10,980194
0.10,980058
0.10,981606
0.10,995049
0.10,1001040
0.10,1000442
0.10,1017165
0.10,1017386
0.10,1025650
0.10,1041129
0.10,1033353
0.10,1018286
0.10,1018150
0.10,1044122
0.10,1044516
0.10,1051487
0.10,1051194
0.10,1051681
0.10,1044106
0.10,1092334
0.10,1090773
0.10,1016205
0.10,1013541
0.10,1010292
0.10,1008189
0.10,976575
0.10,991148
0.10,1017720
0.10,1016945
0.10,1021475
0.10,1033631
0.10,1035324
0.10,1040744
0.10,1042216
0.10,1044483
0.10,1055449
0.10,1065729
0.11,1063929
0.11,1109460
0.11,1107820
0.11,1103195
0.11,1103687
0.11,1104357
0.11,1097661
0.11,1096982
0.11,1086565
0.11,1090517
0.11,1068570
0.11,1068239
0.11,985485
0.11,982460
0.11,978969
0.11,976411
0.11,959888
0.11,964024
0.11,971093
0.11,968112
0.11,970822
0.11,980874
0.11,980955
0.11,993668
0.11,997386
0.11,986439
0.11,984300
0.11,996875
0.11,992846
0.11,1065104
0.11,1039457
0.11,1008600
0.11,982573
0.11,982242
0.11,980427
0.11,978128
0.11,973679
0.11,980546
0.11,987002
0.11,986104
0.11,988958
0.11,991423
0.11,994887
0.11,994876
0.11,991129
0.11,982949
0.11,979503
0.11,980628
0.11,988050
0.11,990530
0.11,987856
0.11,980000
0.11,972634
0.11,961438
0.11,957895
0.11,950253
0.11,952925
0.11,946062
0.11,940738
0.11,937132
0.11,931879
0.11,926901
0.11,926942
0.11,924987
0.11,924962
0.11,925000
0.11,923413
0.11,926703
0.11,923802
0.11,927305
0.11,920919
0.11,921108
0.11,927339
0.11,934672
0.11,933207
0.11,928769
0.11,925924
0.11,926777
0.11,926386
0.11,918255
0.11,918972
0.11,926337
0.11,928072
0.11,931372
0.11,934134
0.11,945332
0.11,957243
0.11,952793
0.11,964053
0.11,969978
0.11,977338
0.12,988507
0.12,982891
0.12,977268
0.12,979469
0.12,997935
0.12,999428
0.12,1003104
0.12,1015991
0.12,1010655
0.12,1018860
0.12,1056663
0.12,1054461
0.12,980136
0.12,980502
0.12,976227
0.12,972333
0.12,943540
0.12,965267
0.12,987003
0.12,991206
0.12,991655
0.12,1005435
0.12,996037
0.12,994384
0.12,997834
0.12,994987
0.12,998239
0.12,1007298
0.12,1007492
0.12,1041388
0.12,1042180
0.12,1042792
0.12,1032244
0.12,947778
0.12,943644
0.12,922871
0.12,928982
0.12,919957
0.12,914186
0.12,910706
0.12,909315
0.12,905580
0.12,901390
0.12,904245
0.12,896694
0.12,895473
0.12,899608
0.12,900350
0.12,899172
0.12,898742
0.12,902616
0.12,901623
0.12,895522
0.12,890952
0.12,898883
0.12,900711
0.12,900353
0.12,895941
0.12,898847
0.12,900949
0.12,895212
0.12,883389
0.12,883276
0.12,888235
0.12,886815
0.12,886124
0.12,885600
0.12,884594
0.12,884880
0.12,894605
0.12,895345
0.12,898309
0.12,900991
0.12,973056
0.12,972692
0.12,1007506
0.12,1012178
0.12,1012799
0.12,1023108
0.12,1023268
0.12,1018070
0.12,1009588
0.12,999472
0.12,997340
0.12,976911
0.12,976324
0.12,969036
0.12,971327
0.12,981694
0.13,981338
0.13,975868
0.13,991459
0.13,980723
0.13,978129
0.13,979700
0.13,953255
0.13,903260
0.13,896277
0.13,901495
0.13,900737
0.13,878553
0.13,894291
0.13,881730
0.13,878593
0.13,870804
0.13,864087
0.13,859900
0.13,857412
0.13,858581
0.13,853685
0.13,852830
0.13,851938
0.13,855865
0.13,857566
0.13,848262
0.13,848720
0.13,849195
0.13,852324
0.13,851836
0.13,849743
0.13,849389
0.13,851849
0.13,849430
0.13,844719
0.13,850068
0.13,847745
0.13,852294
0.13,858063
0.13,868039
0.13,875919
0.13,959529
0.13,992299
0.13,1010973
0.13,1016441
0.13,1015085
0.13,1032062
0.13,1039176
0.13,1029977
0.13,1044474
0.13,1028272
0.13,992770
0.13,1025478
0.13,1027153
0.13,980731
0.13,980413
0.13,976168
0.13,951099
0.13,948208
0.13,938633
0.13,920718
0.13,865436
0.13,841124
0.13,837609
0.13,851340
0.13,871144
0.13,886502
0.13,885683
0.13,882821
0.13,887444
0.13,879625
0.13,875616
0.13,868285
0.13,834175
0.13,835872
0.13,830741
0.13,828112
0.13,827400
0.13,828065
0.13,831668
0.13,833149
0.13,831803
0.13,825046
0.13,821783
0.13,823451
0.13,826306
0.13,818755
0.13,815735
0.13,818751
0.13,818626
0.13,818032
0.14,820655
0.14,822061
0.14,827240
0.14,827984
0.14,824318
0.14,825526
0.14,826414
0.14,827185
0.14,827797
0.14,827722
0.14,825334
0.14,827640
0.14,839965
0.14,849606
0.14,849614
0.14,865315
0.14,869200
0.14,881179
0.14,881615
0.14,880312
0.14,885437
0.14,885745
0.14,911771
0.14,909882
0.14,919461
0.14,960462
0.14,965900
0.14,924993
0.14,916402
0.14,912012
0.14,896062
0.14,895715
0.14,884831
0.14,879838
0.14,846905
0.14,860173
0.14,879671
0.14,880514
0.14,915053
0.14,934377
0.14,952295
0.14,955335
0.14,960632
0.14,954760
0.14,951260
0.14,944988
0.14,944291
0.14,932813
0.14,908844
0.14,908660
0.14,910563
0.14,906669
0.14,900174
0.14,897509
0.14,892332
0.14,894467
0.14,893092
0.14,866552
0.14,818730
0.14,813030
0.14,810288
0.14,810218
0.14,811106
0.14,806618
0.14,804199
0.14,805477
0.14,801545
0.14,798790
0.14,796232
0.14,797044
0.14,799713
0.14,801162
0.14,802463
0.14,802050
0.14,803314
0.14,803588
0.14,804798
0.14,804192
0.14,805928
0.14,807428
0.14,807179
0.14,806257
0.14,807617
0.14,808641
0.14,804385
0.14,797711
0.14,792780
0.14,793776
0.14,792295
0.14,788632
0.15,786695
0.15,783471
0.15,787579
0.15,788765
0.15,787642
0.15,795913
0.15,849514
0.15,863385
0.15,870089
0.15,883932
0.15,889220
0.15,885561
0.15,902206
0.15,913193
0.15,918319
0.15,921985
0.15,953467
0.15,971572
0.15,966427
0.15,989089
0.15,979196
0.15,974298
0.15,998434
0.15,998241
0.15,945285
0.15,931391
0.15,889062
0.15,852933
0.15,832599
0.15,784177
0.15,781030
0.15,778912
0.15,779682
0.15,779199
0.15,779674
0.15,779836
0.15,779124
0.15,777911
0.15,776028
0.15,773988
0.15,771968
0.15,772513
0.15,774430
0.15,775332
0.15,769959
0.15,769039
0.15,769578
0.15,772801
0.15,774418
0.15,774390
0.15,770890
0.15,772527
0.15,772304
0.15,778947
0.15,776515
0.15,774559
0.15,781344
0.15,834015
0.15,844506
0.15,842885
0.15,846907
0.15,848830
0.15,850506
0.15,857619
0.15,864739
0.15,864573
0.15,870422
0.15,908580
0.15,923439
0.15,917274
0.15,933202
0.15,935311
0.15,948985
0.15,950944
0.15,953629
0.15,942409
0.15,917452
0.15,898806
0.15,876632
0.15,853247
0.15,855527
0.15,854137
0.15,798579
0.15,789372
0.15,765725
0.15,767177
0.15,768614
0.15,765812
0.16,770414
0.16,769176
0.16,764068
0.16,762243
0.16,768883
0.16,776984
0.16,779422
0.16,774873
0.16,771705
0.16,770362
0.16,766948
0.16,762150
0.16,760413
0.16,763026
0.16,759668
0.16,756588
0.16,757965
0.16,759122
0.16,754731
0.16,754630
0.16,753043
0.16,751469
0.16,768337
0.16,775351
0.16,752268
0.16,759109
0.16,746465
0.16,744903
0.16,743384
0.16,741877
0.16,742446
0.16,740377
0.16,738899
0.16,741065
0.16,737469
0.16,737861
0.16,741346
0.16,737267
0.16,740084
0.16,737720
0.16,734445
0.16,735391
0.16,732926
0.16,731620
0.16,733191
0.16,734152
0.16,733573
0.16,729233
0.16,741205
0.16,737821
0.16,733222
0.16,729697
0.16,749504
0.16,756335
0.16,757255
0.16,757712
0.16,757107
0.16,756622
0.16,750883
0.16,758586
0.16,760373
0.16,759169
0.16,757138
0.16,824790
0.16,802677
0.16,774671
0.16,765997
0.16,772763
0.16,781344
0.16,768376
0.16,768601
0.16,765368
0.16,762850
0.16,761393
0.16,763719
0.16,766490
0.16,762337
0.16,762682
0.16,757128
0.16,749736
0.16,750081
0.16,750997
0.16,747369
0.16,751633
0.16,749898
0.16,746714
0.16,742013
0.16,735603
0.16,731015
0.16,750995
0.16,756986
0.17,755543
0.17,749877
0.17,749584
0.17,749668
0.17,745308
0.17,751976
0.17,755844
0.17,754229
0.17,753561
0.17,750130
0.17,752293
0.17,750604
0.17,750429
0.17,750058
0.17,831571
0.17,806555
0.17,780966
0.17,768162
0.17,766952
0.17,767167
0.17,770143
0.17,771794
0.17,764719
0.17,761437
0.17,760294
0.17,757689
0.17,756257
0.17,751490
0.17,750694
0.17,746604
0.17,741194
0.17,744603
0.17,749574
0.17,747584
0.17,749660
0.17,750226
0.17,743807
0.17,742607
0.17,736753
0.17,732875
0.17,733704
0.17,733964
0.17,733952
0.17,734502
0.17,733325
0.17,732363
0.17,729896
0.17,730334
0.17,728861
0.17,729398
0.17,730116
0.17,733783
0.17,734382
0.17,738247
0.17,735592
0.17,735003
0.17,735493
0.17,738054
0.17,743974
0.17,744808
0.17,741979
0.17,745519
0.17,744834
0.17,743062
0.17,742018
0.17,756127
0.17,763424
0.17,762656
0.17,777807
0.17,781442
0.17,789601
0.17,790988
0.17,793563
0.17,798758
0.17,798159
0.17,824470
0.17,825234
0.17,831619
0.17,870948
0.17,869561
0.17,824108
0.17,814661
0.17,812260
0.17,793683
0.17,793997
0.17,784753
0.17,781648
0.17,757148
0.17,783147
0.17,785730
0.18,805642
0.18,826151
0.18,846450
0.18,865002
0.18,867282
0.18,868376
0.18,858216
0.18,857989
0.18,855961
0.18,856249
0.18,844951
0.18,817900
0.18,808970
0.18,809474
0.18,806305
0.18,796781
0.18,780862
0.18,742613
0.18,726324
0.18,727156
0.18,726564
0.18,726012
0.18,725498
0.18,723844
0.18,723269
0.18,721932
0.18,720764
0.18,719623
0.18,722480
0.18,718596
0.18,725753
0.18,725310
0.18,727578
0.18,717232
0.18,716142
0.18,714994
0.18,713913
0.18,712855
0.18,711809
0.18,713676
0.18,714824
0.18,717531
0.18,715453
0.18,715149
0.18,713349
0.18,714623
0.18,720725
0.18,720571
0.18,721490
0.18,728065
0.18,727707
0.18,728591
0.18,731905
0.18,745047
0.18,750428
0.18,750589
0.18,766508
0.18,769854
0.18,773701
0.18,776308
0.18,780779
0.18,779879
0.18,779587
0.18,817631
0.18,846312
0.18,853912
0.18,884595
0.18,887535
0.18,850242
0.18,851807
0.18,857495
0.18,837485
0.18,853400
0.18,845617
0.18,859367
0.18,806277
0.18,794116
0.18,762567
0.18,749903
0.18,746655
0.18,710763
0.18,710596
0.18,709298
0.18,709461
0.18,709475
0.18,709493
0.18,708192
0.18,707216
0.18,706251
0.18,705210
0.19,704305
0.19,715378
0.19,726720
0.19,730086
0.19,729773
0.19,742950
0.19,740962
0.19,741179
0.19,744777
0.19,744712
0.19,748148
0.19,749478
0.19,750459
0.19,746379
0.19,745255
0.19,728400
0.19,728372
0.19,728061
0.19,726294
0.19,721143
0.19,716601
0.19,716266
0.19,712186
0.19,712199
0.19,712386
0.19,710470
0.19,709222
0.19,708126
0.19,712875
0.19,718773
0.19,725716
0.19,729973
0.19,738743
0.19,740810
0.19,741328
0.19,748768
0.19,746851
0.19,747982
0.19,748399
0.19,750216
0.19,744082
0.19,744675
0.19,728842
0.19,727811
0.19,727836
0.19,725387
0.19,721770
0.19,718998
0.19,716581
0.19,713366
0.19,710844
0.19,712482
0.19,710836
0.19,710736
0.19,705952
0.19,701266
0.19,699178
0.19,698304
0.19,697434
0.19,696642
0.19,695862
0.19,697529
0.19,697196
0.19,696431
0.19,697600
0.19,699548
0.19,700663
0.19,703971
0.19,706177
0.19,707031
0.19,708202
0.19,705401
0.19,702878
0.19,701972
0.19,702424
0.19,703283
0.19,706455
0.19,710149
0.19,711941
0.19,710987
0.19,711278
0.19,710732
0.19,711798
0.19,711801
0.19,715618
0.19,716733
0.19,715463
0.19,722040
0.19,736127
0.19,768215
0.20,779339
0.20,781891
0.20,780847
0.20,781793
0.20,783988
0.20,794607
0.20,795243
0.20,812630
0.20,817922
0.20,833996
0.20,837076
0.20,843598
0.20,833927
0.20,835048
0.20,836771
0.20,850220
0.20,816512
0.20,810151
0.20,808971
0.20,788573
0.20,780159
0.20,726597
0.20,730613
0.20,730646
0.20,721978
0.20,719318
0.20,708965
0.20,743571
0.20,734063
0.20,695104
0.20,694362
0.20,693689
0.20,693033
0.20,692080
0.20,691441
0.20,692088
0.20,691159
0.20,690489
0.20,689871
0.20,689268
0.20,689665
0.20,689387
0.20,723993
0.20,721513
0.20,704002
0.20,700858
0.20,695359
0.20,688672
0.20,688090
0.20,687135
0.20,690136
0.20,693748
0.20,698997
0.20,701450
0.20,714093
0.20,717176
0.20,722383
0.20,725223
0.20,728435
0.20,730542
0.20,731450
0.20,730526
0.20,731540
0.20,734153
0.20,738998
0.20,734022
0.20,732434
0.20,735090
0.20,739684
0.20,740592
0.20,741765
0.20,740134
0.20,803941
0.20,778598
0.20,745454
0.20,727465
0.20,722838
0.20,722017
0.20,722120
0.20,722430
0.20,718958
0.20,720898
0.20,723018
0.20,723639
0.20,724935
0.20,720574
0.20,723902
0.20,723571
0.20,720672
0.20,712852
0.21,712993
0.21,716827
0.21,718092
0.21,723792
0.21,720531
0.21,713691
0.21,708317
0.21,704740
0.21,698749
0.21,697809
0.21,698556
0.21,702519
0.21,703041
0.21,702758
0.21,702737
0.21,701863
0.21,701209
0.21,697946
0.21,695769
0.21,694324
0.21,692461
0.21,688523
0.21,696780
0.21,700360
0.21,705404
0.21,710780
0.21,714263
0.21,717370
0.21,717692
0.21,720277
0.21,721770
0.21,725622
0.21,729404
0.21,726555
0.21,725232
0.21,725062
0.21,727219
0.21,728543
0.21,729745
0.21,732500
0.21,738470
0.21,739289
0.21,742135
0.21,745563
0.21,749796
0.21,750718
0.21,751944
0.21,749154
0.21,813078
0.21,789550
0.21,755502
0.21,734887
0.21,728046
0.21,724327
0.21,723625
0.21,725800
0.21,721238
0.21,718972
0.21,718654
0.21,719192
0.21,721404
0.21,719323
0.21,722691
0.21,719506
0.21,718616
0.21,713868
0.21,714733
0.21,718496
0.21,719424
0.21,725546
0.21,721379
0.21,716658
0.21,712691
0.21,708035
0.21,703135
0.21,700346
0.21,698722
0.21,699382
0.21,698718
0.21,694391
0.21,693046
0.21,691573
0.21,689547
0.21,687420
0.21,686528
0.21,686657
0.21,686763
0.21,688849
0.21,692106
0.22,692144
0.22,691879
0.22,693559
0.22,693570
0.22,693371
0.22,691258
0.22,690515
0.22,688286
0.22,687384
0.22,690833
0.22,689633
0.22,692703
0.22,695453
0.22,692695
0.22,700494
0.22,722700
0.22,772190
0.22,789301
0.22,786959
0.22,804580
0.22,817649
0.22,858170
0.22,862536
0.22,870682
0.22,876091
0.22,879520
0.22,897496
0.22,875729
0.22,888455
0.22,884731
0.22,840813
0.22,842249
0.22,833422
0.22,823784
0.22,798338
0.22,792250
0.22,756594
0.22,741271
0.22,684809
0.22,683904
0.22,684269
0.22,684559
0.22,687181
0.22,688032
0.22,690334
0.22,688804
0.22,690748
0.22,687934
0.22,688492
0.22,693591
0.22,694052
0.22,693750
0.22,697960
0.22,698214
0.22,698534
0.22,701613
0.22,715396
0.22,720681
0.22,718234
0.22,735032
0.22,738132
0.22,737007
0.22,741624
0.22,763890
0.22,806880
0.22,817576
0.22,842500
0.22,831974
0.22,867249
0.22,897585
0.22,869678
0.22,875636
0.22,865557
0.22,872492
0.22,849261
0.22,842915
0.22,817826
0.22,813743
0.22,737745
0.22,721557
0.22,696653
0.22,687427
0.22,682858
0.22,711253
0.22,711775
0.22,708204
0.22,707888
0.22,698011
0.22,689810
0.22,690639
0.23,692530
0.23,697635
0.23,704308
0.23,706691
0.23,708097
0.23,713535
0.23,717122
0.23,721100
0.23,725383
0.23,724943
0.23,725077
0.23,726691
0.23,727960
0.23,724982
0.23,724595
0.23,725824
0.23,732306
0.23,731674
0.23,731149
0.23,734683
0.23,738903
0.23,741495
0.23,746072
0.23,742988
0.23,808151
0.23,782483
0.23,747285
0.23,728265
0.23,721987
0.23,723476
0.23,724031
0.23,722743
0.23,718670
0.23,715023
0.23,715462
0.23,719301
0.23,720320
0.23,717271
0.23,719398
0.23,715553
0.23,713839
0.23,708934
0.23,711170
0.23,713881
0.23,714631
0.23,720944
0.23,716257
0.23,710663
0.23,706955
0.23,704118
0.23,699543
0.23,698667
0.23,699002
0.23,700144
0.23,699578
0.23,697343
0.23,695346
0.23,693914
0.23,692905
0.23,689335
0.23,687924
0.23,686610
0.23,684970
0.23,686130
0.23,686746
0.23,689443
0.23,686551
0.23,686655
0.23,685513
0.23,686562
0.23,692341
0.23,694452
0.23,693025
0.23,698119
0.23,698602
0.23,700336
0.23,702914
0.23,716859
0.23,722937
0.23,722091
0.23,739303
0.23,742390
0.23,748701
0.23,748248
0.23,753489
0.23,758417
0.23,749959
0.23,774539
0.23,780238
0.23,843138
0.23,855330
0.24,827575
0.24,831330
0.24,830720
0.24,863608
0.24,842166
0.24,840866
0.24,828789
0.24,836873
0.24,777822
0.24,759642
0.24,721621
0.24,719030
0.24,694092
0.24,683012
0.24,688951
0.24,711968
0.24,710423
0.24,706618
0.24,704123
0.24,705079
0.24,700312
0.24,704482
0.24,706733
0.24,711763
0.24,718985
0.24,724557
0.24,724279
0.24,725685
0.24,729862
0.24,734526
0.24,735251
0.24,735729
0.24,733918
0.24,801122
0.24,775812
0.24,738044
0.24,717381
0.24,709954
0.24,709723
0.24,710656
0.24,711226
0.24,708985
0.24,705016
0.24,703829
0.24,706435
0.24,711232
0.24,711787
0.24,716990
0.24,714555
0.24,713634
0.24,706187
0.24,709020
0.24,713304
0.24,713879
0.24,718386
0.24,710777
0.24,704493
0.24,703567
0.24,697887
0.24,691491
0.24,690666
0.24,691979
0.24,695176
0.24,695899
0.24,694727
0.24,692149
0.24,689754
0.24,689538
0.24,687975
0.24,687552
0.24,688460
0.24,690704
0.24,689728
0.24,690038
0.24,691445
0.24,692629
0.24,693718
0.24,692600
0.24,692554
0.24,691850
0.24,692350
0.24,689895
0.24,689805
0.24,690385
0.24,689634
0.24,690991
0.24,690011
0.25,690532
0.25,687707
0.25,687723
0.25,684667
0.25,684131
0.25,686617
0.25,690194
0.25,689204
0.25,690118
0.25,697673
0.25,716083
0.25,755991
0.25,783884
0.25,789669
0.25,787985
0.25,811436
0.25,850697
0.25,855374
0.25,861908
0.25,866679
0.25,882752
0.25,874421
0.25,891515
0.25,858510
0.25,884302
0.25,865004
0.25,837317
0.25,839151
0.25,823232
0.25,816857
0.25,793109
0.25,764620
0.25,740237
0.25,682104
0.25,684208
0.25,684222
0.25,684558
0.25,686701
0.25,681821
0.25,680706
0.25,679635
0.25,678925
0.25,678219
0.25,679847
0.25,681096
0.25,681286
0.25,685175
0.25,695801
0.25,699363
0.25,700484
0.25,705542
0.25,701001
0.25,698858
0.25,698397
0.25,693769
0.25,690322
0.25,707045
0.25,710960
0.25,710099
0.25,710561
0.25,711694
0.25,708772
0.25,708890
0.25,776675
0.25,756638
0.25,731224
0.25,718420
0.25,717210
0.25,717425
0.25,720401
0.25,722052
0.25,715584
0.25,711531
0.25,710393
0.25,709590
0.25,710474
0.25,705238
0.25,704157
0.25,697808
0.25,696124
0.25,691452
0.25,694861
0.25,699832
0.25,697842
0.25,700389
0.25,697384
0.25,692941
0.25,689892
0.25,685732
0.25,680405
0.26,679701
0.26,678980
0.26,681413
0.26,682322
0.26,681399
0.26,680738
0.26,680052
0.26,681607
0.26,682170
0.26,681424
0.26,681861
0.26,682037
0.26,682354
0.26,684375
0.26,685564
0.26,685681
0.26,685597
0.26,683952
0.26,684697
0.26,683845
0.26,685426
0.26,686892
0.26,690679
0.26,692877
0.26,693707
0.26,694332
0.26,694745
0.26,694623
0.26,691487
0.26,690253
0.26,689904
0.26,690073
0.26,689857
0.26,695378
0.26,695664
0.26,693028
0.26,700044
0.26,712172
0.26,744631
0.26,757091
0.26,762223
0.26,763282
0.26,770472
0.26,809566
0.26,810376
0.26,812565
0.26,816072
0.26,826479
0.26,824426
0.26,824964
0.26,822825
0.26,822418
0.26,795835
0.26,807200
0.26,809780
0.26,807281
0.26,807216
0.26,810174
0.26,792677
0.26,774883
0.26,738302
0.26,728871
0.26,754840
0.26,751778
0.26,697280
0.26,685796
0.26,677617
0.26,677164
0.26,677569
0.26,676694
0.26,678691
0.26,681064
0.26,678216
0.26,676272
0.26,675926
0.26,675616
0.26,675338
0.26,675408
0.26,674070
0.26,673823
0.26,673621
0.26,673449
0.26,673383
0.26,672867
0.26,672836
0.26,672808
0.26,673135
0.26,672938
0.26,673124
0.26,672782
0.27,676062
0.27,677329
0.27,677128
0.27,678321
0.27,680596
0.27,683127
0.27,685951
0.27,689086
0.27,687163
0.27,680853
0.27,679532
0.27,682398
0.27,683881
0.27,683754
0.27,681544
0.27,680215
0.27,679371
0.27,678347
0.27,678368
0.27,673154
0.27,673663
0.27,675835
0.27,679306
0.27,680570
0.27,677681
0.27,676171
0.27,677449
0.27,679137
0.27,681667
0.27,684031
0.27,682342
0.27,678472
0.27,679467
0.27,681608
0.27,682919
0.27,678929
0.27,678380
0.27,678882
0.27,678017
0.27,676089
0.27,673908
0.27,672629
0.27,671682
0.27,670774
0.27,670717
