0.00,6723769
0.00,6581813
0.00,6416549
0.00,6401122
0.00,6281150
0.00,6129746
0.00,5898743
0.00,5898084
0.00,5861862
0.00,5796384
0.01,5806574
0.01,5837493
0.01,5714312
0.01,5553028
0.01,5545412
0.01,5350036
0.01,5357741
0.01,5386410
0.01,5365130
0.01,5360791
0.01,5323195
0.01,5240115
0.01,5075589
0.01,4959517
0.01,4858834
0.01,4851180
0.01,4815210
0.01,4794141
0.01,4694563
0.01,4668774
0.01,4576051
0.01,4576884
0.01,4483193
0.01,4513462
0.01,4631280
0.01,4518675
0.01,4513218
0.01,4509897
0.01,4501880
0.01,4497577
0.01,4415361
0.01,4435921
0.01,4519020
0.01,4378754
0.01,4402331
0.01,4321332
0.01,4363198
0.01,4328605
0.02,4295708
0.02,4310232
0.02,4294371
0.02,4226760
0.02,4131166
0.02,4122905
0.02,4074873
0.02,4058042
0.02,4021995
0.02,3983446
0.02,3982535
0.02,3984053
0.02,3970750
0.02,3883607
0.02,3890535
0.02,3910227
0.02,3890120
0.02,3906077
0.02,3792456
0.02,3713002
0.02,3664566
0.02,3695618
0.02,3715800
0.02,3677239
0.02,3665849
0.02,3684788
0.02,3643864
0.02,3569332
0.02,3495805
0.02,3395426
0.02,3344517
0.02,3347618
0.02,3354990
0.02,3305132
0.02,3338144
0.02,3388407
0.02,3380856
0.02,3290877
0.02,3265028
0.02,3244004
0.03,3215531
0.03,3138937
0.03,3122178
0.03,3109871
0.03,3144367
0.03,3167294
0.03,3062075
0.03,2999480
0.03,2955270
0.03,2915186
0.03,2885024
0.03,2893737
0.03,2893322
0.03,2905591
0.03,2909108
0.03,2931018
0.03,3007141
0.03,2983983
0.03,2895673
0.03,2875769
0.03,2825911
0.03,2839797
0.03,2764635
0.03,2715988
0.03,2673273
0.03,2664849
0.03,2628213
0.03,2635489
0.03,2760736
0.03,2716613
0.03,2657668
0.03,2638044
0.03,2651605
0.03,2634495
0.03,2637443
0.03,2578647
0.03,2555245
0.03,2521977
0.03,2481035
0.03,2470398
0.03,2475548
0.03,2412458
0.03,2393441
0.03,2348840
0.03,2382574
0.03,2377899
0.03,2352360
0.03,2340026
0.03,2334200
0.03,2297165
0.03,2294215
0.03,2262061
0.03,2284406
0.03,2288766
0.03,2281770
0.03,2248944
0.03,2245715
0.03,2255516
0.03,2235719
0.03,2215510
0.03,2209305
0.03,2224011
0.03,2195098
0.03,2162363
0.03,2139709
0.03,2132527
0.03,2093471
0.03,2103901
0.03,2107783
0.03,2087773
0.03,2086606
0.03,2057217
0.03,2041820
0.03,2029925
0.03,2047422
0.03,2043431
0.03,1996163
0.03,1988600
0.03,1957261
0.03,1932592
0.03,1906135
0.03,1897827
0.03,1887760
0.03,1880202
0.03,1883754
0.03,1900071
0.03,1897290
0.03,1897920
0.03,1847547
0.03,1858106
0.04,1858899
0.04,1857571
0.04,1854704
0.04,1848719
0.04,1848763
0.04,1852765
0.04,1856832
0.04,1848067
0.04,1848912
0.04,1853453
0.04,1846817
0.04,1845792
0.04,1854927
0.04,1847007
0.04,1813017
0.04,1801843
0.04,1794177
0.04,1790347
0.04,1799440
0.04,1799131
0.04,1795420
0.04,1791956
0.04,1791972
0.04,1790125
0.04,1782698
0.04,1799054
0.04,1821718
0.04,1837722
0.04,1924709
0.04,1937524
0.04,1882393
0.04,1868213
0.04,1871673
0.04,1848781
0.04,1856307
0.04,1838766
0.04,1855386
0.04,1857938
0.04,1864153
0.04,1862683
0.04,1878924
0.04,1897363
0.04,1894405
0.04,1870111
0.04,1828087
0.04,1759976
0.04,1757064
0.04,1757230
0.04,1758070
0.04,1770917
0.04,1772896
0.04,1773406
0.04,1778302
0.04,1760288
0.04,1772625
0.04,1774262
0.04,1774411
0.04,1766616
0.04,1770694
0.04,1785665
0.04,1784872
0.04,1783618
0.04,1762444
0.04,1724248
0.04,1709474
0.04,1695345
0.04,1692012
0.04,1707384
0.04,1717188
0.04,1713485
0.04,1707736
0.04,1671888
0.04,1663097
0.04,1660365
0.04,1643197
0.04,1646564
0.04,1612311
0.04,1622853
0.04,1678064
0.04,1679434
0.04,1669978
0.04,1682280
0.04,1659640
0.04,1671778
0.04,1694409
0.04,1728849
0.04,1746106
0.04,1785286
0.04,1783863
0.05,1791538
0.05,1793767
0.05,1792287
0.05,1796298
0.05,1802013
0.05,1786659
0.05,1753680
0.05,1700797
0.05,1723785
0.05,1710909
0.05,1703388
0.05,1693102
0.05,1659772
0.05,1651307
0.05,1656384
0.05,1657684
0.05,1662445
0.05,1657483
0.05,1678896
0.05,1674746
0.05,1696435
0.05,1697341
0.05,1722481
0.05,1783091
0.05,1770353
0.05,1686444
0.05,1681869
0.05,1664509
0.05,1662419
0.05,1646104
0.05,1623488
0.05,1622909
0.05,1618307
0.05,1627750
0.05,1635951
0.05,1618931
0.05,1627933
0.05,1631319
0.05,1623954
0.05,1634832
0.05,1669065
0.05,1671600
0.05,1736708
0.05,1706043
0.05,1681002
0.05,1726538
0.05,1713583
0.05,1721369
0.05,1745896
0.05,1728719
0.05,1722418
0.05,1771514
0.05,1757223
0.05,1758680
0.05,1735183
0.05,1730665
0.05,1728527
0.05,1745708
0.05,1733484
0.05,1741874
0.05,1766519
0.05,1763099
0.05,1660712
0.05,1663860
0.05,1634655
0.05,1612913
0.05,1587750
0.05,1584107
0.05,1570306
0.05,1578459
0.05,1599833
0.05,1615469
0.05,1635833
0.05,1677868
0.05,1696678
0.05,1709692
0.05,1709965
0.05,1655398
0.05,1642147
0.05,1652545
0.05,1641243
0.05,1643575
0.05,1619856
0.05,1626040
0.05,1634766
0.05,1607818
0.05,1549913
0.05,1601297
0.06,1602874
0.06,1546763
0.06,1558720
0.06,1544380
0.06,1522148
0.06,1511554
0.06,1540496
0.06,1565963
0.06,1631016
0.06,1633105
0.06,1632301
0.06,1647482
0.06,1610020
0.06,1610000
0.06,1620767
0.06,1629003
0.06,1637820
0.06,1676196
0.06,1655269
0.06,1656449
0.06,1677377
0.06,1674599
0.06,1674751
0.06,1683973
0.06,1662865
0.06,1649226
0.06,1613533
0.06,1602638
0.06,1568370
0.06,1561478
0.06,1533384
0.06,1490833
0.06,1475368
0.06,1472144
0.06,1459001
0.06,1438488
0.06,1449282
0.06,1458722
0.06,1454929
0.06,1445385
0.06,1456500
0.06,1461267
0.06,1456518
0.06,1475249
0.06,1469596
0.06,1478262
0.06,1473428
0.06,1486619
0.06,1475549
0.06,1467100
0.06,1475658
0.06,1493627
0.06,1508909
0.06,1489427
0.06,1512381
0.06,1605839
0.06,1606043
0.06,1556031
0.06,1556377
0.06,1561396
0.06,1557245
0.06,1542547
0.06,1459135
0.06,1445607
0.06,1432460
0.06,1431733
0.06,1446121
0.06,1457665
0.06,1456205
0.06,1452990
0.06,1459510
0.06,1468669
0.06,1463613
0.06,1461597
0.06,1459117
0.06,1442332
0.06,1436133
0.06,1450497
0.06,1433666
0.06,1425366
0.06,1430751
0.06,1426935
0.06,1410658
0.06,1406822
0.06,1412349
0.06,1412805
0.06,1409946
0.06,1415592
0.06,1425462
0.06,1430253
0.06,1437347
0.07,1434015
0.07,1426058
0.07,1521174
0.07,1509773
0.07,1477791
0.07,1476063
0.07,1468041
0.07,1479741
0.07,1473055
0.07,1484249
0.07,1504681
0.07,1491772
0.07,1489246
0.07,1490441
0.07,1481871
0.07,1472776
0.07,1475366
0.07,1556232
0.07,1539406
0.07,1401520
0.07,1473604
0.07,1473529
0.07,1476713
0.07,1463586
0.07,1472181
0.07,1529253
0.07,1528936
0.07,1448610
0.07,1435663
0.07,1443759
0.07,1431807
0.07,1431685
0.07,1433585
0.07,1451241
0.07,1452986
0.07,1450640
0.07,1447739
0.07,1428985
0.07,1428116
0.07,1406163
0.07,1409237
0.07,1400694
0.07,1376463
0.07,1376497
0.07,1384143
0.07,1381371
0.07,1369939
0.07,1354828
0.07,1352995
0.07,1351117
0.07,1336523
0.07,1324832
0.07,1317331
0.07,1303913
0.07,1291094
0.07,1283073
0.07,1321082
0.07,1317818
0.07,1270473
0.07,1262949
0.07,1246615
0.07,1241405
0.07,1239750
0.07,1231155
0.07,1229183
0.07,1210535
0.07,1224495
0.07,1220781
0.07,1227786
0.07,1216182
0.07,1208376
0.07,1208960
0.07,1209888
0.07,1226841
0.07,1257774
0.07,1251661
0.07,1255777
0.07,1258320
0.07,1260492
0.07,1247867
0.07,1248705
0.07,1254858
0.07,1256153
0.07,1267266
0.07,1259346
0.07,1250114
0.07,1252419
0.07,1251619
0.07,1253728
0.07,1251817
0.08,1256259
0.08,1328132
0.08,1288962
0.08,1244485
0.08,1201461
0.08,1210613
0.08,1190016
0.08,1182218
0.08,1190394
0.08,1189472
0.08,1194818
0.08,1202586
0.08,1211238
0.08,1211634
0.08,1220162
0.08,1221896
0.08,1202646
0.08,1194475
0.08,1213129
0.08,1208487
0.08,1201035
0.08,1190708
0.08,1187959
0.08,1193503
0.08,1194286
0.08,1208234
0.08,1214909
0.08,1220991
0.08,1214227
0.08,1243425
0.08,1236398
0.08,1244103
0.08,1235286
0.08,1262633
0.08,1271411
0.08,1242349
0.08,1244515
0.08,1282398
0.08,1262069
0.08,1201147
0.08,1192990
0.08,1176577
0.08,1176608
0.08,1176656
0.08,1191082
0.08,1202476
0.08,1200314
0.08,1198258
0.08,1190444
0.08,1189561
0.08,1194374
0.08,1199997
0.08,1199090
0.08,1187067
0.08,1183011
0.08,1182488
0.08,1183112
0.08,1192045
0.08,1189569
0.08,1178879
0.08,1195317
0.08,1194771
0.08,1186976
0.08,1184092
0.08,1172135
0.08,1186099
0.08,1191973
0.08,1187656
0.08,1163983
0.08,1153485
0.08,1158974
0.08,1167816
0.08,1170258
0.08,1227964
0.08,1227161
0.08,1231567
0.08,1247706
0.08,1234590
0.08,1243858
0.08,1248018
0.08,1250488
0.08,1245514
0.08,1289710
0.08,1293656
0.08,1299061
0.08,1299666
0.08,1296789
0.08,1294190
0.08,1292871
0.08,1283081
0.09,1267189
0.09,1242556
0.09,1232962
0.09,1233998
0.09,1240293
0.09,1222334
0.09,1198734
0.09,1186053
0.09,1160600
0.09,1152840
0.09,1152755
0.09,1144386
0.09,1143810
0.09,1142769
0.09,1143287
0.09,1146903
0.09,1131167
0.09,1121150
0.09,1105997
0.09,1106013
0.09,1128575
0.09,1121606
0.09,1096283
0.09,1095360
0.09,1098064
0.09,1097603
0.09,1083427
0.09,1080278
0.09,1072720
0.09,1074336
0.09,1060698
0.09,1062693
0.09,1056220
0.09,1054511
0.09,1043806
0.09,1043372
0.09,1048667
0.09,1058163
0.09,1056985
0.09,1056137
0.09,1050672
0.09,1057143
0.09,1065314
0.09,1058471
0.09,1066480
0.09,1081921
0.09,1104231
0.09,1032609
0.09,1028902
0.09,1027791
0.09,1027716
0.09,1020403
0.09,1023362
0.09,1012993
0.09,1007457
0.09,1008090
0.09,1003027
0.09,1008616
0.09,1009831
0.09,1009137
0.09,1011813
0.09,1054622
0.09,1050162
0.09,1061709
0.09,1061597
0.09,1092914
0.09,1101420
0.09,1098270
0.09,1111040
0.09,1153377
0.09,1156957
0.09,1097908
0.09,1093224
0.09,1070523
0.09,1075490
0.09,1078003
0.09,1081981
0.09,1071444
0.09,1063796
0.09,1063394
0.09,1061075
0.09,1056858
0.09,1053915
0.09,1026769
0.09,1025928
0.09,1034478
0.09,1035076
0.09,1027271
0.09,1015994
0.10,1020252
0.10,1042780
0.10,1045612
0.10,1045752
0.10,1045865
0.10,1048805
0.10,1039231
0.10,1036694
0.10,1034695
0.10,1046829
0.10,1044719
0.10,1042382
0.10,1039442
0.10,1043190
0.10,1044712
0.10,1042643
0.10,1040286
0.10,1046473
0.10,1049602
0.10,1053225
0.10,1052877
0.10,1048144
0.10,1047011
0.10,1052834
0.10,1052244
0.10,1048697
0.10,1047156
0.10,1051360
0.10,1055055
0.10,1050461
0.10,1049734
0.10,1046761
0.10,1038533
0.10,1025699
0.10,1092702
0.10,1066809
0.10,1029220
0.10,1016521
0.10,1006315
0.10,1000231
0.10,996153
0.10,991841
0.10,987770
0.10,995414
0.10,1002304
0.10,1006400
0.10,1003430
0.10,1006401
0.10,1024972
0.10,1021977
0.10,1022233
0.10,1043596
0.10,1066167
0.10,998087
0.10,998777
0.10,998771
0.10,997453
0.10,995218
0.10,994975
0.10,995169
0.10,980061
0.10,973498
0.10,974331
0.10,978095
0.10,967485
0.10,966597
0.10,974974
0.10,977765
0.10,975952
0.10,976604
0.10,1015669
0.10,1015811
0.10,1032051
0.10,1029326
0.10,1049476
0.10,1065898
0.10,1057071
0.10,1070079
0.10,1107688
0.10,1112361
0.10,1054404
0.10,1048452
0.10,1023038
0.10,1016013
0.10,1016135
0.10,1028087
0.10,1019991
0.10,1027074
0.10,1021369
0.10,1006554
0.10,1011003
0.10,1000413
0.11,985000
0.11,982195
0.11,980420
0.11,986256
0.11,987591
0.11,979350
0.11,982497
0.11,983296
0.11,980691
0.11,979902
0.11,985315
0.11,987121
0.11,992646
0.11,989875
0.11,1011311
0.11,1028660
0.11,963197
0.11,961588
0.11,961402
0.11,962274
0.11,960582
0.11,961090
0.11,966461
0.11,966482
0.11,963320
0.11,963675
0.11,966557
0.11,965516
0.11,978714
0.11,978835
0.11,979452
0.11,981316
0.11,984701
0.11,982105
0.11,980504
0.11,978437
0.11,978954
0.11,982261
0.11,987183
0.11,989541
0.11,995279
0.11,990417
0.11,988410
0.11,989288
0.11,988075
0.11,996497
0.11,991664
0.11,990465
0.11,999914
0.11,1010056
0.11,1010783
0.11,1008244
0.11,1011394
0.11,1012278
0.11,1011069
0.11,997129
0.11,994398
0.11,1000750
0.11,1004601
0.11,1002246
0.11,1003285
0.11,1005701
0.11,1016562
0.11,1019578
0.11,1009844
0.11,1075364
0.11,1046535
0.11,996049
0.11,975513
0.11,955311
0.11,957150
0.11,954199
0.11,963024
0.11,966221
0.11,966843
0.11,968877
0.11,974491
0.11,968277
0.11,978150
0.11,977081
0.11,972010
0.11,971008
0.11,968382
0.11,981661
0.11,988856
0.11,991306
0.11,1012050
0.11,1009791
0.11,1013401
0.11,1021414
0.11,1012614
0.12,1008962
0.12,1012033
0.12,1027375
0.12,1024215
0.12,1076195
0.12,1071741
0.12,1035044
0.12,1030856
0.12,998630
0.12,990055
0.12,948063
0.12,948548
0.12,947344
0.12,942599
0.12,937940
0.12,939243
0.12,934575
0.12,939030
0.12,938709
0.12,940604
0.12,940432
0.12,940025
0.12,940781
0.12,938536
0.12,933742
0.12,935712
0.12,940032
0.12,937487
0.12,934007
0.12,937873
0.12,937971
0.12,934762
0.12,930406
0.12,929178
0.12,932428
0.12,937501
0.12,931671
0.12,932254
0.12,937400
0.12,929335
0.12,933293
0.12,926241
0.12,926506
0.12,940737
0.12,947420
0.12,956854
0.12,954734
0.12,956738
0.12,948052
0.12,945706
0.12,951763
0.12,961182
0.12,955785
0.12,955231
0.12,955743
0.12,968230
0.12,970278
0.12,960704
0.12,961161
0.12,960956
0.12,959824
0.12,967457
0.12,963276
0.12,966744
0.12,968615
0.12,972693
0.12,974917
0.12,973275
0.12,970078
0.12,972208
0.12,973991
0.12,983388
0.12,983152
0.12,981200
0.12,982429
0.12,981677
0.12,1046888
0.12,1022822
0.12,987878
0.12,970632
0.12,960623
0.12,963555
0.12,967889
0.12,961631
0.12,956599
0.12,963205
0.12,970113
0.12,977528
0.12,973607
0.13,969134
0.13,972880
0.13,1009559
0.13,999758
0.13,1011744
0.13,996798
0.13,1016190
0.13,1025495
0.13,1015182
0.13,1029734
0.13,1040346
0.13,1030527
0.13,973411
0.13,949988
0.13,928127
0.13,924073
0.13,924851
0.13,920610
0.13,921977
0.13,918101
0.13,925642
0.13,932459
0.13,939075
0.13,946326
0.13,948558
0.13,945989
0.13,948071
0.13,945462
0.13,948936
0.13,949874
0.13,950478
0.13,940320
0.13,937118
0.13,917512
0.13,914154
0.13,915398
0.13,910367
0.13,912109
0.13,907557
0.13,906895
0.13,910929
0.13,912536
0.13,910181
0.13,909104
0.13,910406
0.13,917874
0.13,919118
0.13,919820
0.13,909916
0.13,910237
0.13,928787
0.13,932625
0.13,938054
0.13,933206
0.13,932141
0.13,926562
0.13,925461
0.13,928957
0.13,940373
0.13,942143
0.13,941369
0.13,939981
0.13,940506
0.13,940731
0.13,932885
0.13,933762
0.13,948611
0.13,955299
0.13,956010
0.13,954195
0.13,957009
0.13,959531
0.13,954214
0.13,955648
0.13,959650
0.13,964401
0.13,969862
0.13,971374
0.13,973194
0.13,967303
0.13,998476
0.13,994142
0.13,1004988
0.13,1066147
0.13,1056663
0.13,1043487
0.13,1035818
0.13,1049213
0.13,1088844
0.13,1092220
0.14,1032895
0.14,1023372
0.14,1002414
0.14,999551
0.14,996846
0.14,1001367
0.14,989895
0.14,977949
0.14,979715
0.14,954725
0.14,955086
0.14,934992
0.14,914604
0.14,915790
0.14,901561
0.14,900307
0.14,902521
0.14,904268
0.14,900860
0.14,903058
0.14,907712
0.14,903002
0.14,906646
0.14,903461
0.14,901583
0.14,902461
0.14,894889
0.14,892437
0.14,894397
0.14,890881
0.14,897537
0.14,890903
0.14,889833
0.14,887659
0.14,884679
0.14,880932
0.14,877243
0.14,879545
0.14,872923
0.14,869270
0.14,869807
0.14,866837
0.14,867759
0.14,863353
0.14,861713
0.14,900212
0.14,909316
0.14,858312
0.14,854437
0.14,857361
0.14,857962
0.14,860840
0.14,869830
0.14,872464
0.14,874382
0.14,868892
0.14,870634
0.14,881878
0.14,889506
0.14,888349
0.14,888598
0.14,893159
0.14,900903
0.14,905601
0.14,901505
0.14,889087
0.14,876322
0.14,877748
0.14,904403
0.14,924646
0.14,857738
0.14,855892
0.14,853074
0.14,849018
0.14,845049
0.14,874442
0.14,867237
0.14,854084
0.14,836948
0.14,833944
0.14,831032
0.14,828195
0.14,826325
0.14,823658
0.14,821006
0.14,818399
0.14,816273
0.14,817162
0.14,820562
0.14,823082
0.14,824510
0.15,828222
0.15,828287
0.15,826999
0.15,828278
0.15,814318
0.15,813117
0.15,814391
0.15,811512
0.15,811135
0.15,812921
0.15,815698
0.15,815578
0.15,813817
0.15,813120
0.15,809278
0.15,806049
0.15,808968
0.15,813356
0.15,816936
0.15,816516
0.15,824138
0.15,828240
0.15,826716
0.15,828901
0.15,831581
0.15,836206
0.15,838312
0.15,841986
0.15,840599
0.15,847394
0.15,848096
0.15,850932
0.15,856578
0.15,860117
0.15,864228
0.15,868995
0.15,905451
0.15,908989
0.15,930973
0.15,955075
0.15,1037660
0.15,966170
0.15,929271
0.15,911513
0.15,912448
0.15,907297
0.15,912458
0.15,908763
0.15,889115
0.15,889000
0.15,886374
0.15,891274
0.15,890052
0.15,882968
0.15,879167
0.15,865174
0.15,867217
0.15,845600
0.15,821384
0.15,818085
0.15,812589
0.15,813167
0.15,810434
0.15,806804
0.15,805034
0.15,802374
0.15,803817
0.15,812776
0.15,812786
0.15,816137
0.15,819305
0.15,852806
0.15,855289
0.15,866568
0.15,868269
0.15,943077
0.15,945323
0.15,911615
0.15,901287
0.15,906732
0.15,899765
0.15,897249
0.15,897960
0.15,881472
0.15,885700
0.15,883081
0.15,867668
0.15,860394
0.15,850297
0.15,849967
0.16,830908
0.16,830911
0.16,822505
0.16,814941
0.16,827623
0.16,825405
0.16,828979
0.16,832310
0.16,830178
0.16,829135
0.16,830785
0.16,832502
0.16,827394
0.16,826020
0.16,828343
0.16,823161
0.16,824791
0.16,823594
0.16,823068
0.16,817998
0.16,815982
0.16,813820
0.16,810083
0.16,820572
0.16,821416
0.16,821577
0.16,818140
0.16,820845
0.16,827970
0.16,836482
0.16,843369
0.16,849343
0.16,848286
0.16,851561
0.16,853267
0.16,851372
0.16,845980
0.16,835768
0.16,808085
0.16,798918
0.16,795449
0.16,802372
0.16,799606
0.16,800539
0.16,802076
0.16,801636
0.16,800579
0.16,795617
0.16,794588
0.16,794573
0.16,791630
0.16,790294
0.16,795482
0.16,788555
0.16,787057
0.16,784622
0.16,784480
0.16,782493
0.16,780537
0.16,778758
0.16,777034
0.16,777872
0.16,784481
0.16,784222
0.16,787120
0.16,785264
0.16,799178
0.16,793591
0.16,790839
0.16,786947
0.16,789916
0.16,789725
0.16,795911
0.16,799335
0.16,792417
0.16,795555
0.16,792879
0.16,791594
0.16,786599
0.16,784094
0.16,780263
0.16,778774
0.16,777790
0.16,777379
0.16,779566
0.16,774804
0.16,776867
0.16,778130
0.16,795171
0.17,796012
0.17,791780
0.17,790422
0.17,794251
0.17,799147
0.17,794758
0.17,801581
0.17,799683
0.17,803218
0.17,798513
0.17,800225
0.17,800144
0.17,802134
0.17,796381
0.17,788215
0.17,789332
0.17,787262
0.17,787615
0.17,781343
0.17,781574
0.17,778371
0.17,775910
0.17,773277
0.17,770115
0.17,769586
0.17,767143
0.17,769246
0.17,770837
0.17,771296
0.17,773663
0.17,774755
0.17,778553
0.17,780159
0.17,778527
0.17,772915
0.17,769288
0.17,770571
0.17,772028
0.17,771928
0.17,768795
0.17,765213
0.17,766240
0.17,766963
0.17,765462
0.17,766717
0.17,764226
0.17,768315
0.17,762610
0.17,761679
0.17,759942
0.17,758264
0.17,760852
0.17,761015
0.17,760579
0.17,756856
0.17,754564
0.17,752945
0.17,750183
0.17,750682
0.17,748784
0.17,748724
0.17,746776
0.17,746608
0.17,746986
0.17,744643
0.17,742894
0.17,741322
0.17,739834
0.17,738352
0.17,741246
0.17,742582
0.17,742773
0.17,741244
0.17,740738
0.17,738345
0.17,735980
0.17,737779
0.17,739911
0.17,737603
0.17,739863
0.17,738601
0.17,737333
0.17,737680
0.17,736502
0.17,734605
0.17,733166
0.17,733937
0.17,736310
0.17,736330
0.17,735353
0.18,733449
0.18,730568
0.18,729223
0.18,727879
0.18,726539
0.18,725493
0.18,724155
0.18,722871
0.18,723419
0.18,726323
0.18,726278
0.18,728827
0.18,730617
0.18,730987
0.18,731328
0.18,731384
0.18,730243
0.18,730314
0.18,728182
0.18,729864
0.18,727770
0.18,728042
0.18,723347
0.18,721653
0.18,723609
0.18,723248
0.18,723771
0.18,721998
0.18,723433
0.18,723653
0.18,720826
0.18,719595
0.18,718490
0.18,718616
0.18,719404
0.18,719017
0.18,717972
0.18,719316
0.18,720432
0.18,722303
0.18,721107
0.18,720990
0.18,720828
0.18,718816
0.18,719332
0.18,723813
0.18,722392
0.18,727318
0.18,728333
0.18,730970
0.18,731256
0.18,724198
0.18,724313
0.18,717821
0.18,719420
0.18,715382
0.18,715105
0.18,713839
0.18,721268
0.18,720157
0.18,723116
0.18,712747
0.18,714704
0.18,711655
0.18,713537
0.18,712370
0.18,710341
0.18,709288
0.18,710804
0.18,707301
0.18,706325
0.18,705366
0.18,703854
0.18,702910
0.18,701966
0.18,701125
0.18,701364
0.18,704296
0.18,703419
0.18,702032
0.18,702068
0.18,701573
0.18,701487
0.18,700779
0.18,701714
0.18,701777
0.18,699925
0.18,701975
0.18,702101
0.18,702851
0.19,704531
0.19,704499
0.19,706248
0.19,706875
0.19,713265
0.19,717966
0.19,716371
0.19,717343
0.19,702449
0.19,698256
0.19,697291
0.19,696511
0.19,695732
0.19,696377
0.19,695808
0.19,694611
0.19,693991
0.19,693530
0.19,692928
0.19,692331
0.19,691744
0.19,691159
0.19,690689
0.19,691460
0.19,690269
0.19,689864
0.19,689471
0.19,689184
0.19,690488
0.19,692341
0.19,691375
0.19,690513
0.19,692123
0.19,689933
0.19,688889
0.19,688606
0.19,688423
0.19,688184
0.19,689512
0.19,690226
0.19,687963
0.19,689743
0.19,688475
0.19,687382
0.19,687200
0.19,686586
0.19,686420
0.19,686251
0.19,686068
0.19,685915
0.19,685766
0.19,687024
0.19,687025
0.19,685629
0.19,687170
0.19,687450
0.19,688022
0.19,685488
0.19,685371
0.19,685292
0.19,685381
0.19,685445
0.19,686621
0.19,686984
0.19,687106
0.19,685217
0.19,685146
0.19,686126
0.19,687926
0.19,690096
0.19,692574
0.19,685081
0.19,696667
0.19,686423
0.19,689066
0.19,684776
0.19,684716
0.19,684656
0.19,684632
0.19,687361
0.19,684496
