0.01, 6810487
0.01, 6810354
0.01, 6769283
0.01, 6761324
0.01, 6748789
0.01, 6746583
0.01, 6653739
0.01, 6653599
0.01, 6649791
0.01, 6649292
0.01, 6647720
0.01, 6638516
0.01, 6637805
0.01, 6631335
0.01, 6619107
0.01, 6558173
0.01, 6507635
0.01, 6455613
0.01, 6451814
0.01, 6448676
0.01, 6426006
0.01, 6416448
0.01, 6413810
0.01, 6405544
0.01, 6381328
0.01, 6370589
0.01, 6355408
0.01, 6331218
0.01, 6284508
0.01, 6276947
0.01, 6249548
0.01, 6247109
0.01, 6245617
0.01, 6221985
0.01, 6217770
0.01, 6217493
0.01, 6210148
0.01, 6192882
0.01, 6173893
0.01, 6173420
0.01, 6170300
0.01, 6130446
0.01, 6122071
0.01, 6115693
0.01, 5968429
0.01, 5960009
0.01, 5959624
0.01, 5926566
0.01, 5924909
0.01, 5923976
0.01, 5917145
0.01, 5915982
0.01, 5915363
0.01, 5904381
0.01, 5895713
0.02, 5874349
0.02, 5852861
0.02, 5840071
0.02, 5839476
0.02, 5838013
0.02, 5835070
0.02, 5833486
0.02, 5825219
0.02, 5800228
0.02, 5769757
0.02, 5768162
0.02, 5766159
0.02, 5748266
0.02, 5741584
0.02, 5740450
0.02, 5734486
0.02, 5729773
0.02, 5722683
0.02, 5719593
0.02, 5704215
0.02, 5674608
0.02, 5672048
0.02, 5563350
0.02, 5563335
0.02, 5558576
0.02, 5557925
0.02, 5537107
0.02, 5519057
0.02, 5507224
0.02, 5503053
0.02, 5468672
0.02, 5447937
0.02, 5400033
0.02, 5377143
0.02, 5374277
0.02, 5370774
0.02, 5358592
0.02, 5333195
0.02, 5325602
0.02, 5324104
0.02, 5254495
0.03, 5231635
0.11, 5226603
0.11, 5211395
0.12, 5209775
0.12, 5207460
0.12, 5134502
0.12, 5131329
0.12, 5093697
0.12, 5074805
0.12, 5072334
0.15, 5063572
0.15, 5062127
0.15, 5061368
0.15, 5045052
0.15, 5040886
0.15, 5031932
0.15, 5027845
0.15, 5015053
0.15, 4999507
0.15, 4955859
0.15, 4921650
0.15, 4915280
0.15, 4914430
0.15, 4885217
0.20, 4866736
0.20, 4848629
0.20, 4837126
0.20, 4791014
0.21, 4782102
0.21, 4780349
0.21, 4776961
0.21, 4774569
0.21, 4769353
0.21, 4753922
0.21, 4750557
0.21, 4739644
0.21, 4737290
0.21, 4736023
0.21, 4718318
0.21, 4717085
0.21, 4698604
0.21, 4687249
0.21, 4687060
0.21, 4661936
0.30, 4656269
0.30, 4622765
0.30, 4617335
0.30, 4575661
0.30, 4569858
0.30, 4568182
0.31, 4556700
0.31, 4536769
0.31, 4527401
0.31, 4520207
0.31, 4519024
0.31, 4483847
0.31, 4442077
0.31, 4439715
0.31, 4438400
0.31, 4400525
0.31, 4396597
0.31, 4384227
0.31, 4382659
0.31, 4381559
0.31, 4373990
0.31, 4370773
0.41, 4370014
0.41, 4346647
0.41, 4346637
0.41, 4344262
0.41, 4319310
0.41, 4318024
0.41, 4293297
0.41, 4280652
0.41, 4277249
0.41, 4276390
0.41, 4268684
0.41, 4260909
0.41, 4244347
0.41, 4230088
0.41, 4213565
0.41, 4167327
0.41, 4160419
0.41, 4142734
0.41, 4127367
0.41, 4009023
0.41, 4000907
0.54, 3994722
0.54, 3978920
0.54, 3975042
0.54, 3958501
0.54, 3928146
0.54, 3918979
0.54, 3918952
0.54, 3899426
0.54, 3897288
0.54, 3891571
0.54, 3889920
0.54, 3885914
0.54, 3874370
0.54, 3873240
0.54, 3870131
0.55, 3863111
0.55, 3815365
0.55, 3809134
0.55, 3795677
0.55, 3776432
0.55, 3760447
0.55, 3740577
0.55, 3734727
0.55, 3713658
0.55, 3709161
0.55, 3707996
0.55, 3702195
0.55, 3698928
0.55, 3698653
0.55, 3689759
0.55, 3689581
0.55, 3673535
0.55, 3667947
0.57, 3665751
0.63, 3665748
0.63, 3665190
0.63, 3659281
0.63, 3655935
0.63, 3653355
0.63, 3649096
0.64, 3648204
0.64, 3644592
0.64, 3643841
0.64, 3642283
0.64, 3638675
0.67, 3613366
0.67, 3606966
0.67, 3550644
0.67, 3533693
0.67, 3532439
0.67, 3497767
0.67, 3497408
0.67, 3496255
0.67, 3494500
0.67, 3491685
0.67, 3489591
0.67, 3489280
0.67, 3484829
0.71, 3470822
0.71, 3463587
0.71, 3462459
0.71, 3462301
0.71, 3460087
0.71, 3460022
0.71, 3431913
0.71, 3430179
0.71, 3427705
0.71, 3425107
0.71, 3412550
0.71, 3410736
0.71, 3409448
0.71, 3394924
0.71, 3394416
0.71, 3387570
0.71, 3378471
0.71, 3376474
0.71, 3367868
0.71, 3359988
0.71, 3358490
0.71, 3357552
0.71, 3340698
0.71, 3340645
0.71, 3339012
0.71, 3308822
0.71, 3308209
0.71, 3305649
0.71, 3302680
0.71, 3302392
0.71, 3293286
0.71, 3277825
0.75, 3264455
0.75, 3259577
0.75, 3244359
0.76, 3237359
0.76, 3224861
0.76, 3223767
0.76, 3222305
0.76, 3220125
0.76, 3196346
0.76, 3192909
0.76, 3191486
0.76, 3188398
0.76, 3159767
0.76, 3151318
0.78, 3151039
0.78, 3145875
0.78, 3145309
0.78, 3142871
0.78, 3137668
0.78, 3128870
0.78, 3127753
0.78, 3121157
0.79, 3120191
0.79, 3119999
0.79, 3101689
0.79, 3100585
0.81, 3090488
0.81, 3089207
0.81, 3084931
0.81, 3071696
0.81, 3054808
0.81, 3016651
0.81, 3015288
0.81, 3007479
0.81, 3006812
0.81, 3003396
0.81, 2986258
0.81, 2982161
0.81, 2981653
0.81, 2980722
0.82, 2958265
0.82, 2954822
0.82, 2948910
0.82, 2930278
0.82, 2905563
0.82, 2902684
0.82, 2900355
0.82, 2899519
0.82, 2898769
0.82, 2892170
0.87, 2892108
0.87, 2887336
0.87, 2885846
0.87, 2882425
0.87, 2882194
0.87, 2881412
0.87, 2878160
0.87, 2861714
0.87, 2854525
0.87, 2850872
0.87, 2849134
0.87, 2847075
0.87, 2836664
0.87, 2832393
0.87, 2831697
0.87, 2830947
0.87, 2830896
0.87, 2829618
0.87, 2824003
0.87, 2818844
0.87, 2815987
0.87, 2805415
0.87, 2801316
0.87, 2799376
0.87, 2792712
0.87, 2792509
0.92, 2790641
0.92, 2788202
0.92, 2782673
0.92, 2770968
0.92, 2770786
0.92, 2770782
0.92, 2767908
0.92, 2757704
0.92, 2756949
0.92, 2751206
0.92, 2747029
0.92, 2741048
0.92, 2739865
0.94, 2738994
0.94, 2711679
0.94, 2710293
0.94, 2707862
0.94, 2701404
0.94, 2677878
0.94, 2671447
0.94, 2660891
0.94, 2660738
0.94, 2654882
0.94, 2631641
0.94, 2608462
0.94, 2604673
0.94, 2601220
0.94, 2597886
0.94, 2593669
0.94, 2592944
0.94, 2589741
0.94, 2579609
0.94, 2575312
0.94, 2569095
0.94, 2557546
0.94, 2554396
0.94, 2553770
0.94, 2552273
0.94, 2545993
0.94, 2538412
0.94, 2531122
0.94, 2520724
0.94, 2517989
1.02, 2511566
1.02, 2510636
1.02, 2491573
1.02, 2489362
1.02, 2459539
1.02, 2457622
1.02, 2451377
1.02, 2448038
1.02, 2446985
1.02, 2446242
1.02, 2445984
1.02, 2441059
1.02, 2426176
1.02, 2416729
1.02, 2408798
1.02, 2407149
1.02, 2405418
1.02, 2401655
1.02, 2397905
1.02, 2396505
1.02, 2390456
1.02, 2389605
1.02, 2383444
1.03, 2377168
1.03, 2369623
1.04, 2365085
1.04, 2362156
1.04, 2356439
1.04, 2353699
1.04, 2322201
1.04, 2320063
1.04, 2315138
1.04, 2315068
1.04, 2300720
1.04, 2295346
1.04, 2280250
1.04, 2275833
1.04, 2252265
1.04, 2247781
1.13, 2200050
1.13, 2197253
1.13, 2184215
1.13, 2181351
1.13, 2178803
1.13, 2176108
1.13, 2175152
1.13, 2173175
1.13, 2173074
1.13, 2159129
1.14, 2158966
1.14, 2157882
1.14, 2151570
1.16, 2148780
1.16, 2147129
1.16, 2144741
1.17, 2142865
1.17, 2139453
1.17, 2139450
1.17, 2138078
1.17, 2136865
1.17, 2134290
1.17, 2133486
1.17, 2126998
1.17, 2125846
1.20, 2115542
1.20, 2114652
1.20, 2114029
1.20, 2109046
1.20, 2107993
1.20, 2105997
1.20, 2105453
1.20, 2098143
1.20, 2097373
1.20, 2092693
1.20, 2077139
1.20, 2073656
1.20, 2071970
1.20, 2064058
1.20, 2063448
1.20, 2060278
1.20, 2060187
1.20, 2059977
1.20, 2055193
1.20, 2052748
1.20, 2045435
1.20, 2034248
1.20, 2026540
1.20, 2019272
1.20, 2016048
1.20, 2015111
1.20, 2010795
1.20, 2005850
1.20, 2004277
1.20, 2000193
1.25, 1999363
1.25, 1986888
1.25, 1983588
1.25, 1979988
1.25, 1976476
1.25, 1976424
1.25, 1974747
1.25, 1973146
1.28, 1972031
1.28, 1964809
1.28, 1958929
1.28, 1949002
1.28, 1944375
1.28, 1927890
1.28, 1924528
1.28, 1923675
1.28, 1922468
1.28, 1921723
1.28, 1901906
1.28, 1898041
1.28, 1894638
1.28, 1887178
1.28, 1884550
1.28, 1873055
1.28, 1872032
1.28, 1870160
1.28, 1861998
1.28, 1860504
1.28, 1859106
1.28, 1858926
1.28, 1858860
1.28, 1855956
1.28, 1848648
1.28, 1844750
1.28, 1841292
1.28, 1841156
1.28, 1840290
1.28, 1838999
1.28, 1838856
1.28, 1837171
1.28, 1836134
1.28, 1831526
1.28, 1826869
1.28, 1826384
1.28, 1823203
1.28, 1819829
1.28, 1800624
1.34, 1797369
1.34, 1795376
1.34, 1793552
1.34, 1791850
1.34, 1790727
1.35, 1789190
1.35, 1787079
1.35, 1784593
1.35, 1784472
1.35, 1783744
1.35, 1776518
1.35, 1773952
1.35, 1773785
1.35, 1762554
1.35, 1762130
1.35, 1761196
1.35, 1753859
1.35, 1753220
1.35, 1744742
1.35, 1739205
1.35, 1736891
1.35, 1734603
1.35, 1731372
1.35, 1724948
1.35, 1724075
1.35, 1720703
1.35, 1720133
1.35, 1719433
1.35, 1718281
1.36, 1710597
1.36, 1708117
1.36, 1706318
1.36, 1695681
1.36, 1694775
1.38, 1692739
1.38, 1692250
1.38, 1686285
1.39, 1682950
1.39, 1680725
1.39, 1670946
1.39, 1670701
1.39, 1670607
1.39, 1669174
1.42, 1663100
1.42, 1656700
1.42, 1650807
1.45, 1645053
1.45, 1644737
1.45, 1643664
1.45, 1642548
1.45, 1639833
1.45, 1638863
1.45, 1632663
1.45, 1629552
1.45, 1628372
1.45, 1625381
1.45, 1624148
1.45, 1622906
1.45, 1616568
1.45, 1614650
1.45, 1614489
1.45, 1606973
1.45, 1604199
1.45, 1601711
1.45, 1601612
1.45, 1597753
1.45, 1595614
1.45, 1587480
1.50, 1583418
1.50, 1582893
1.50, 1579133
1.50, 1575202
1.50, 1570821
1.50, 1568530
1.50, 1567415
1.50, 1564513
1.50, 1563932
1.50, 1563646
1.50, 1556129
1.50, 1550855
1.50, 1549914
1.50, 1546068
1.50, 1540144
1.50, 1539760
1.50, 1531060
1.50, 1526132
1.50, 1522646
1.51, 1522617
1.51, 1515809
1.51, 1515716
1.51, 1512629
1.51, 1511053
1.51, 1506144
1.51, 1505877
1.51, 1503488
1.51, 1500363
1.51, 1500256
1.51, 1499184
1.51, 1497276
1.55, 1489662
1.55, 1485145
1.55, 1482633
1.55, 1470693
1.55, 1470258
1.55, 1467971
1.55, 1462930
1.58, 1453790
1.58, 1453245
1.58, 1452706
1.58, 1452182
1.58, 1452067
1.58, 1451964
1.58, 1451713
1.58, 1451424
1.58, 1447103
1.58, 1444765
1.58, 1444514
1.58, 1443565
1.58, 1441780
1.58, 1439163
1.58, 1432412
1.58, 1428058
1.58, 1427620
1.58, 1422676
1.58, 1422643
1.58, 1421514
1.58, 1421384
1.58, 1420827
1.58, 1420772
1.58, 1420245
1.58, 1420242
1.58, 1417695
1.58, 1414309
1.58, 1408020
1.58, 1406955
1.58, 1405468
1.58, 1404444
1.58, 1397373
1.63, 1392022
1.63, 1389675
1.63, 1388252
1.63, 1387434
1.63, 1385951
1.63, 1384959
1.63, 1384032
1.63, 1374463
1.63, 1372438
1.63, 1368176
1.63, 1365764
1.63, 1364962
1.63, 1362816
1.63, 1362053
1.63, 1360959
1.63, 1357651
1.63, 1356611
1.63, 1347335
1.63, 1347282
1.63, 1343721
1.63, 1339840
1.63, 1337360
1.65, 1335439
1.66, 1335203
1.66, 1333936
1.66, 1333291
1.66, 1330184
1.66, 1329085
1.66, 1328499
1.66, 1327804
1.66, 1327613
1.66, 1326478
1.66, 1325324
1.66, 1321966
1.66, 1318911
1.66, 1316047
1.66, 1313176
1.66, 1310146
1.66, 1309886
1.66, 1309779
1.66, 1309550
1.66, 1306751
1.66, 1303650
1.66, 1301738
1.66, 1300518
1.66, 1295452
1.66, 1292308
1.66, 1286243
1.67, 1284850
1.67, 1279086
1.67, 1275860
1.67, 1275694
1.67, 1272832
1.67, 1272421
1.67, 1270543
1.67, 1266358
1.67, 1261426
1.67, 1261234
1.67, 1259675
1.67, 1257799
1.67, 1253511
1.67, 1248815
1.67, 1246646
1.67, 1244966
1.67, 1243566
1.67, 1242021
1.68, 1237309
1.68, 1231784
1.68, 1230717
1.68, 1227675
1.68, 1223844
1.68, 1221770
1.68, 1218948
1.68, 1215445
1.68, 1214326
1.68, 1210444
1.68, 1209690
1.68, 1208480
1.68, 1199350
1.68, 1198996
1.68, 1198846
1.68, 1198275
1.68, 1198108
1.68, 1192183
1.68, 1189858
1.86, 1188895
1.86, 1184888
1.86, 1181293
1.86, 1180419
1.87, 1179565
1.87, 1179456
1.87, 1176699
1.87, 1176444
1.87, 1173886
1.87, 1172465
1.87, 1172457
1.87, 1169914
1.87, 1160966
1.87, 1158709
1.87, 1151713
1.87, 1151237
1.87, 1148388
1.87, 1147966
1.88, 1145642
1.88, 1144472
1.88, 1141866
1.88, 1139566
1.88, 1139491
1.88, 1138430
1.88, 1136248
1.88, 1135763
1.88, 1134284
1.88, 1133878
1.88, 1133017
1.88, 1130019
1.88, 1129974
1.88, 1129801
1.88, 1121637
1.88, 1121243
1.88, 1118534
1.88, 1117588
1.90, 1117217
1.91, 1116694
1.91, 1114688
1.91, 1113632
1.91, 1113050
1.91, 1112897
1.91, 1112774
1.91, 1111897
1.91, 1111825
1.91, 1110410
1.93, 1106778
1.93, 1103444
1.93, 1100474
1.93, 1099552
1.93, 1099101
1.93, 1097495
1.93, 1097094
1.93, 1096704
1.93, 1094233
1.93, 1093392
1.93, 1093171
1.93, 1091758
1.93, 1087921
1.94, 1086053
1.97, 1083608
1.97, 1081300
1.97, 1077983
1.97, 1077788
1.97, 1077616
1.98, 1077161
1.98, 1075482
1.98, 1073282
2.00, 1072822
2.00, 1071445
2.00, 1067835
2.00, 1067538
2.00, 1063824
2.00, 1063770
2.00, 1063324
2.00, 1062494
2.00, 1059628
2.00, 1056025
2.00, 1054933
2.00, 1053398
2.00, 1052393
2.00, 1050566
2.00, 1049008
2.00, 1047929
2.01, 1046820
2.01, 1046711
2.01, 1045452
2.01, 1044511
2.01, 1043279
2.01, 1037785
2.01, 1037665
2.01, 1033537
2.01, 1030956
2.01, 1030647
2.01, 1029207
2.01, 1028368
2.01, 1027234
2.01, 1026125
2.01, 1025921
2.01, 1023091
2.01, 1021859
2.01, 1021448
2.01, 1021413
2.01, 1020100
2.01, 1018743
2.01, 1016211
2.01, 1014731
2.03, 1009124
2.03, 1009114
2.03, 1006844
2.03, 1006766
2.03, 1005567
2.03, 1003963
2.03, 1002781
2.03, 1002519
2.03, 1001371
2.03, 1000717
2.03, 1000000
2.03, 999604
2.03, 993434
2.03, 992478
2.03, 991972
2.03, 991954
2.03, 984504
2.03, 984200
2.04, 981700
2.04, 980745
2.04, 980122
2.04, 979699
2.04, 977749
2.04, 974801
2.04, 974518
2.04, 973378
2.04, 973174
2.04, 972992
2.04, 972440
2.08, 971353
2.08, 968162
2.08, 967141
2.09, 966781
2.09, 966650
2.09, 962053
2.09, 956973
2.09, 946956
2.10, 944856
2.10, 938292
2.10, 937797
2.10, 937214
2.14, 935683
2.14, 934337
2.14, 933677
2.14, 932713
2.14, 932122
2.15, 930949
2.15, 930726
2.15, 929272
2.15, 928507
2.15, 926545
2.15, 921367
2.15, 918790
2.15, 916903
2.17, 914806
2.17, 913228
2.17, 904621
2.17, 904507
2.17, 904488
2.17, 903436
2.17, 903235
2.17, 897560
2.17, 894995
2.17, 893175
2.17, 891503
2.17, 891205
2.17, 891083
2.17, 890694
2.17, 888212
2.17, 886437
2.24, 885884
2.24, 885068
2.24, 884798
2.24, 884473
2.24, 883868
2.26, 883511
2.26, 881202
2.26, 879071
2.26, 877460
2.27, 877274
2.27, 876305
2.27, 876122
2.27, 874862
2.27, 874784
2.27, 874711
2.27, 871893
2.27, 870742
2.27, 867970
2.27, 865531
2.27, 864564
2.27, 863649
2.27, 863523
2.27, 863264
2.27, 862024
2.27, 861210
2.27, 860716
2.27, 860420
2.27, 860179
2.27, 859154
2.27, 859146
2.27, 854853
2.28, 854369
2.32, 854295
2.37, 853706
2.37, 853067
2.37, 849975
2.37, 849770
2.37, 849584
2.37, 848589
2.38, 848289
2.38, 846134
2.38, 843242
2.38, 842213
2.38, 841723
2.38, 840362
2.38, 837056
2.38, 836784
2.38, 834179
2.38, 832104
2.38, 831151
2.38, 830869
2.38, 830128
2.38, 829902
2.38, 828787
2.38, 828450
2.38, 827721
2.38, 824921
2.38, 823380
2.38, 822816
2.38, 822729
2.38, 820854
2.38, 820021
2.39, 819999
2.40, 819154
2.40, 818322
2.40, 817176
2.40, 816644
2.40, 816317
2.40, 815444
2.40, 812586
2.40, 811044
2.40, 810949
2.40, 810813
2.40, 807166
2.40, 802945
2.40, 800407
2.40, 800311
2.40, 799886
2.40, 798845
2.40, 797524
2.40, 797264
2.40, 794830
2.41, 794473
2.41, 793495
2.41, 793411
2.41, 793305
2.41, 792718
2.41, 791036
2.43, 790964
2.43, 790137
2.43, 789163
2.43, 789162
2.43, 789147
2.43, 787246
2.43, 787156
2.43, 785454
2.47, 785052
2.47, 784135
2.47, 784021
2.52, 782956
2.52, 782731
2.52, 781757
2.52, 780533
2.52, 779400
2.52, 779322
2.52, 779319
2.52, 779030
2.53, 777351
2.57, 775919
2.57, 775647
2.57, 772317
2.58, 769362
2.58, 769208
2.58, 769108
2.58, 768348
2.58, 767557
2.59, 767303
2.59, 767114
2.60, 766703
2.60, 765663
2.60, 765522
2.60, 765322
2.60, 764135
2.60, 763973
2.60, 763432
2.60, 763229
2.60, 762854
2.61, 762696
2.61, 762580
2.61, 761407
2.61, 760828
2.61, 760614
2.61, 758876
2.61, 758475
2.61, 758214
2.61, 758206
2.61, 757362
2.61, 756743
2.61, 756294
2.61, 756220
2.61, 756215
2.62, 755623
2.62, 755582
2.62, 754548
2.62, 751708
2.62, 751384
2.62, 751102
2.62, 750198
2.64, 750013
2.64, 749185
2.64, 749153
2.64, 748859
2.64, 748376
2.64, 748092
2.64, 745622
2.64, 744601
2.64, 744507
2.64, 744108
2.64, 743922
2.64, 741044
2.64, 740505
2.64, 740000
2.64, 739900
2.64, 738184
2.64, 737876
2.64, 737656
2.64, 737625
2.64, 737588
2.64, 737242
2.64, 736806
2.64, 735975
2.65, 735694
2.65, 735619
2.65, 735145
2.65, 735090
2.65, 733048
2.65, 732961
2.65, 732215
2.65, 731750
2.65, 731232
2.75, 730790
2.76, 730385
2.76, 729217
2.76, 728855
2.76, 727836
2.76, 727600
2.76, 727518
2.77, 727365
2.77, 725796
2.77, 725088
2.77, 724618
2.77, 724404
2.77, 723856
2.78, 721416
2.78, 721082
2.79, 720932
2.79, 720681
2.79, 720619
2.79, 718812
2.79, 718509
2.83, 716936
2.83, 716759
2.83, 716318
2.84, 716314
2.84, 715353
2.84, 714548
2.84, 714219
2.84, 714017
2.84, 713172
2.84, 713071
2.84, 710833
2.85, 710661
2.88, 709709
2.88, 709646
2.88, 709428
2.88, 709326
2.88, 708909
2.88, 708352
2.88, 707828
2.88, 705850
2.89, 705404
2.89, 705348
2.89, 705205
2.89, 704691
2.89, 704495
2.89, 704274
2.89, 704028
2.89, 703623
2.89, 702114
2.89, 701952
2.89, 701525
2.89, 701343
2.93, 700837
2.93, 699443
2.93, 699022
2.93, 698479
2.93, 698303
2.93, 698266
2.93, 697265
2.93, 696901
2.93, 696678
2.93, 696283
2.96, 695798
2.96, 695781
2.96, 695639
2.96, 695571
2.96, 695362
2.96, 695359
2.96, 694892
2.96, 694665
2.96, 694352
2.97, 693625
3.08, 692998
3.08, 692895
3.08, 692806
3.08, 692657
3.10, 692476
3.10, 692188
3.10, 691607
3.11, 690822
3.11, 690637
3.11, 690587
3.11, 690221
3.11, 689972
3.11, 687664
3.11, 687200
3.12, 686917
3.12, 686852
3.13, 686814
3.13, 686639
3.14, 686210
3.14, 685742
3.14, 685665
3.14, 684651
3.14, 684369
3.14, 684059
3.14, 683887
3.15, 683815
3.15, 683410
3.15, 683350
3.16, 682876
3.16, 682188
3.16, 682158
3.16, 682078
3.16, 682072
3.17, 682033
3.18, 682013
3.27, 681355
3.27, 681252
3.29, 681181
3.30, 681078
3.30, 680623
3.30, 680425
3.31, 680361
3.31, 680152
3.31, 679603
3.31, 679039
3.31, 678610
3.31, 677910
3.32, 677824
3.32, 677573
3.36, 677446
3.36, 677363
3.37, 677290
3.38, 677027
3.38, 676836
3.39, 676770
3.39, 676335
3.39, 675929
3.39, 675439
3.39, 675257
3.40, 674978
3.40, 674841
3.40, 674764
3.40, 674733
3.40, 674580
3.40, 674552
3.41, 674469
3.41, 674371
3.41, 673696
3.42, 672363
3.53, 672283
3.58, 672272
3.59, 672256
3.60, 672007
3.60, 671985
3.60, 671887
3.60, 671758
3.60, 671693
4.10, 671658
4.11, 671582
4.12, 671579
4.13, 671557
4.30, 671554
4.31, 671551
4.69, 671529
6.06, 671007
6.07, 670781
6.07, 670400
6.08, 670388
6.08, 670171
6.09, 670144
6.09, 670116
6.09, 670053
6.09, 669813
6.13, 669707
6.13, 669376
6.14, 669310
6.14, 668824
6.14, 668303
6.14, 667189
6.14, 666901
6.14, 666545
6.21, 666356
6.22, 666281
6.23, 666163
6.24, 665840
6.24, 665719
6.32, 665600
6.32, 665399
6.32, 665348
6.32, 665168
6.34, 665002
6.34, 664774
6.34, 664455
6.47, 664329
6.48, 663979
6.50, 663413
6.50, 663387
6.50, 663355
6.58, 663049
6.58, 662131
6.64, 661866
6.64, 661547
6.65, 661268
6.67, 661139
7.33, 661118
7.35, 661090
12.48, 661015
12.48, 660987
12.48, 660978
12.48, 660958
12.51, 660795
12.51, 660552
12.51, 660292
12.58, 660103
12.58, 659900
12.59, 659840
12.59, 659695
12.60, 659689
12.65, 659644
12.68, 659601
12.70, 659522
12.73, 659345
12.92, 659266
12.94, 659238
13.19, 659215
13.23, 659149
