0.00,7016936
0.00,6834651
0.00,6693579
0.00,6560057
0.00,6412435
0.00,6254771
0.00,6163620
0.00,6149641
0.00,6107465
0.00,6020105
0.01,5888333
0.01,5897516
0.01,5912006
0.01,5898330
0.01,5856105
0.01,5863284
0.01,5862870
0.01,5825052
0.01,5702967
0.01,5576798
0.01,5590507
0.01,5483045
0.01,5479242
0.01,5331249
0.01,5277118
0.01,5278836
0.01,5253157
0.01,5266605
0.01,5251674
0.01,5270132
0.01,5262023
0.01,5270437
0.01,5134915
0.01,5046625
0.01,4941121
0.01,4859122
0.01,4838294
0.01,4749588
0.01,4570065
0.01,4491517
0.01,4380296
0.01,4413374
0.01,4404613
0.01,4437777
0.01,4434324
0.01,4432328
0.01,4425378
0.01,4435484
0.01,4417954
0.01,4404510
0.01,4448823
0.01,4415216
0.01,4280094
0.01,4219084
0.01,4214433
0.01,4130407
0.01,4120042
0.01,4072052
0.02,3981222
0.02,3977565
0.02,3931996
0.02,3909526
0.02,3953023
0.02,3948925
0.02,3902070
0.02,3881687
0.02,3827441
0.02,3736192
0.02,3777695
0.02,3763868
0.02,3747521
0.02,3746496
0.02,3785577
0.02,3793093
0.02,3801480
0.02,3802383
0.02,3801208
0.02,3832952
0.02,3788546
0.02,3791312
0.02,3769318
0.02,3795268
0.02,3782686
0.02,3775042
0.02,3765785
0.02,3753046
0.02,3730605
0.02,3682784
0.02,3648946
0.02,3592373
0.02,3530514
0.02,3549847
0.02,3545200
0.02,3550460
0.02,3528761
0.02,3473599
0.02,3410313
0.02,3360206
0.02,3380471
0.02,3459182
0.02,3444895
0.02,3366222
0.02,3336182
0.02,3336299
0.02,3324203
0.02,3309933
0.02,3271479
0.02,3195460
0.02,3205371
0.02,3192446
0.02,3142130
0.02,3098745
0.02,3122347
0.02,3122909
0.02,3127627
0.02,3115804
0.02,3031216
0.02,3025292
0.02,3016667
0.02,2953940
0.02,2929924
0.02,2909193
0.02,2890451
0.02,2891069
0.02,2887416
0.02,2884130
0.02,2845015
0.02,2811855
0.02,2809285
0.02,2794894
0.02,2790587
0.02,2856524
0.02,2831421
0.02,2767486
0.02,2757944
0.02,2723600
0.02,2674614
0.02,2616132
0.02,2600496
0.02,2596488
0.02,2558121
0.02,2560220
0.02,2578563
0.02,2585143
0.02,2614759
0.02,2605681
0.02,2645459
0.02,2648044
0.02,2614782
0.03,2589775
0.03,2670749
0.03,2661382
0.03,2643083
0.03,2643385
0.03,2657587
0.03,2666416
0.03,2659142
0.03,2640850
0.03,2614099
0.03,2608502
0.03,2601751
0.03,2597233
0.03,2592572
0.03,2592340
0.03,2580261
0.03,2579541
0.03,2516118
0.03,2578241
0.03,2593722
0.03,2575640
0.03,2577340
0.03,2540484
0.03,2520177
0.03,2521300
0.03,2615855
0.03,2614657
0.03,2570763
0.03,2541343
0.03,2520620
0.03,2525593
0.03,2521594
0.03,2538382
0.03,2546673
0.03,2541311
0.03,2522769
0.03,2564590
0.03,2550582
0.03,2571104
0.03,2554351
0.03,2550435
0.03,2560214
0.03,2565480
0.03,2568631
0.03,2591906
0.03,2604861
0.03,2616328
0.03,2623730
0.03,2654462
0.03,2610770
0.03,2589306
0.03,2591820
0.03,2566993
0.03,2569338
0.03,2569531
0.03,2567649
0.03,2529621
0.03,2527484
0.03,2528812
0.03,2536765
0.03,2561823
0.03,2547904
0.03,2553140
0.03,2576910
0.03,2566250
0.03,2567238
0.03,2600066
0.03,2599809
0.03,2608745
0.03,2616949
0.03,2596642
0.03,2597379
0.03,2606007
0.03,2612979
0.03,2553538
0.03,2573972
0.03,2558063
0.03,2569876
0.03,2533759
0.03,2463334
0.03,2430614
0.03,2389861
0.03,2400432
0.03,2363858
0.03,2349410
0.03,2313582
0.03,2349868
0.03,2337501
0.03,2340600
0.03,2348484
0.04,2375317
0.04,2387151
0.04,2395527
0.04,2375288
0.04,2385873
0.04,2403776
0.04,2411960
0.04,2401609
0.04,2420904
0.04,2394907
0.04,2394310
0.04,2408088
0.04,2403441
0.04,2356643
0.04,2358394
0.04,2379219
0.04,2384431
0.04,2379068
0.04,2327983
0.04,2321370
0.04,2283804
0.04,2285598
0.04,2291744
0.04,2293091
0.04,2254039
0.04,2253382
0.04,2253753
0.04,2259322
0.04,2254921
0.04,2259182
0.04,2259805
0.04,2254083
0.04,2211973
0.04,2170755
0.04,2166740
0.04,2113070
0.04,2106717
0.04,2096083
0.04,2071238
0.04,2066297
0.04,2045948
0.04,2037187
0.04,2008810
0.04,2008127
0.04,2001456
0.04,2034525
0.04,2063440
0.04,2095211
0.04,2109953
0.04,2047125
0.04,2045475
0.04,2047816
0.04,2117858
0.04,2111005
0.04,2067151
0.04,2023952
0.04,2017140
0.04,2031331
0.04,2063808
0.04,2046476
0.04,2048741
0.04,2050031
0.04,2046216
0.04,2066686
0.04,2004144
0.04,1979531
0.04,1983810
0.04,1953398
0.04,1952098
0.04,1950997
0.04,1952892
0.04,1955324
0.04,1953263
0.04,1958087
0.04,1960710
0.04,1955919
0.04,1929156
0.04,1902810
0.04,1898973
0.04,1903096
0.04,1908244
0.04,1899327
0.04,1857581
0.04,1838287
0.04,1842028
0.04,1833042
0.04,1833566
0.04,1843030
0.04,1852099
0.04,1878838
0.04,1895905
0.05,1917780
0.05,1828457
0.05,1812709
0.05,1812500
0.05,1794441
0.05,1791940
0.05,1783137
0.05,1802526
0.05,1792200
0.05,1771269
0.05,1764840
0.05,1775948
0.05,1762618
0.05,1746276
0.05,1736728
0.05,1738045
0.05,1734970
0.05,1744052
0.05,1716386
0.05,1689201
0.05,1690206
0.05,1674589
0.05,1683312
0.05,1682392
0.05,1672992
0.05,1667377
0.05,1679932
0.05,1669710
0.05,1662659
0.05,1671178
0.05,1670322
0.05,1659068
0.05,1672896
0.05,1672718
0.05,1664581
0.05,1671409
0.05,1671521
0.05,1669218
0.05,1658578
0.05,1659617
0.05,1635697
0.05,1647417
0.05,1645343
0.05,1646411
0.05,1639913
0.05,1631842
0.05,1656573
0.05,1671207
0.05,1695283
0.05,1678309
0.05,1685754
0.05,1707510
0.05,1712568
0.05,1698920
0.05,1698494
0.05,1706083
0.05,1706980
0.05,1731177
0.05,1744236
0.05,1747104
0.05,1748032
0.05,1688206
0.05,1680745
0.05,1641222
0.05,1642200
0.05,1609994
0.05,1579621
0.05,1587240
0.05,1582884
0.05,1581972
0.05,1575728
0.05,1582014
0.05,1586145
0.05,1622235
0.05,1649432
0.05,1650435
0.05,1653843
0.05,1655638
0.05,1635658
0.05,1629893
0.05,1697312
0.05,1700256
0.05,1636064
0.05,1609326
0.05,1606350
0.05,1616351
0.05,1603657
0.05,1618515
0.05,1630447
0.05,1625237
0.06,1632379
0.06,1616594
0.06,1573057
0.06,1555672
0.06,1568677
0.06,1567102
0.06,1560214
0.06,1547249
0.06,1553185
0.06,1574240
0.06,1566521
0.06,1540003
0.06,1513348
0.06,1510406
0.06,1506019
0.06,1490573
0.06,1487976
0.06,1475114
0.06,1488847
0.06,1488102
0.06,1488880
0.06,1491000
0.06,1491200
0.06,1507406
0.06,1519944
0.06,1515334
0.06,1505746
0.06,1497420
0.06,1494598
0.06,1507114
0.06,1504873
0.06,1507355
0.06,1501769
0.06,1491652
0.06,1525571
0.06,1560145
0.06,1585431
0.06,1521390
0.06,1524048
0.06,1522082
0.06,1515948
0.06,1515206
0.06,1478860
0.06,1470062
0.06,1472705
0.06,1484887
0.06,1493897
0.06,1483588
0.06,1467452
0.06,1462870
0.06,1470823
0.06,1479789
0.06,1488057
0.06,1496128
0.06,1492681
0.06,1489302
0.06,1483569
0.06,1489725
0.06,1479908
0.06,1486923
0.06,1506803
0.06,1493374
0.06,1472523
0.06,1475335
0.06,1473498
0.06,1463151
0.06,1477109
0.06,1474857
0.06,1459223
0.06,1465491
0.06,1448936
0.06,1452436
0.06,1444196
0.06,1454137
0.06,1444511
0.06,1450512
0.06,1458830
0.06,1444596
0.06,1445998
0.06,1459209
0.06,1459643
0.06,1513178
0.06,1501203
0.06,1490723
0.06,1527190
0.06,1543356
0.06,1561046
0.07,1558689
0.07,1558833
0.07,1557229
0.07,1560493
0.07,1559307
0.07,1556864
0.07,1569260
0.07,1541466
0.07,1526528
0.07,1538723
0.07,1522013
0.07,1517779
0.07,1518651
0.07,1540055
0.07,1558503
0.07,1561767
0.07,1554091
0.07,1544774
0.07,1494042
0.07,1505091
0.07,1516567
0.07,1522507
0.07,1510005
0.07,1490853
0.07,1501335
0.07,1486232
0.07,1484199
0.07,1482271
0.07,1443156
0.07,1459381
0.07,1470016
0.07,1468117
0.07,1451493
0.07,1453953
0.07,1460222
0.07,1454408
0.07,1453732
0.07,1453997
0.07,1470659
0.07,1473550
0.07,1465402
0.07,1461644
0.07,1468996
0.07,1464942
0.07,1434786
0.07,1456676
0.07,1458772
0.07,1460450
0.07,1462240
0.07,1444873
0.07,1435975
0.07,1487007
0.07,1515651
0.07,1517954
0.07,1529788
0.07,1523776
0.07,1540015
0.07,1531578
0.07,1545696
0.07,1529712
0.07,1515218
0.07,1571268
0.07,1570396
0.07,1512726
0.07,1484225
0.07,1456980
0.07,1447618
0.07,1436543
0.07,1466655
0.07,1469253
0.07,1483062
0.07,1514699
0.07,1537696
0.07,1549811
0.07,1541427
0.07,1546845
0.07,1536217
0.07,1555135
0.07,1576663
0.07,1574338
0.07,1559261
0.07,1529678
0.07,1529801
0.07,1512830
0.07,1515533
0.07,1508768
0.07,1510032
0.07,1529992
0.07,1560105
0.07,1554652
0.07,1510776
0.08,1499482
0.08,1547115
0.08,1507003
0.08,1473331
0.08,1444210
0.08,1436659
0.08,1444206
0.08,1451075
0.08,1454531
0.08,1458888
0.08,1443226
0.08,1422480
0.08,1428799
0.08,1429281
0.08,1421519
0.08,1424457
0.08,1483641
0.08,1461947
0.08,1447045
0.08,1429841
0.08,1433129
0.08,1443987
0.08,1434303
0.08,1442710
0.08,1459552
0.08,1450600
0.08,1446514
0.08,1450238
0.08,1450029
0.08,1454466
0.08,1437732
0.08,1434021
0.08,1436617
0.08,1492801
0.08,1499306
0.08,1473326
0.08,1483038
0.08,1471763
0.08,1487830
0.08,1498663
0.08,1503785
0.08,1492137
0.08,1498379
0.08,1542706
0.08,1544295
0.08,1483009
0.08,1468736
0.08,1469113
0.08,1501612
0.08,1496006
0.08,1511122
0.08,1506960
0.08,1492981
0.08,1516425
0.08,1508433
0.08,1459532
0.08,1443649
0.08,1459061
0.08,1444890
0.08,1421540
0.08,1420453
0.08,1399175
0.08,1397141
0.08,1397017
0.08,1395055
0.08,1393058
0.08,1385003
0.08,1399873
0.08,1409261
0.08,1407586
0.08,1406421
0.08,1406465
0.08,1398610
0.08,1402187
0.08,1378683
0.08,1367806
0.08,1349755
0.08,1335144
0.08,1336504
0.08,1343589
0.08,1325570
0.08,1326195
0.08,1348148
0.08,1354186
0.08,1345684
0.08,1346022
0.08,1321724
0.08,1307888
0.08,1298180
0.08,1290866
0.09,1290489
0.09,1297644
0.09,1295609
0.09,1288030
0.09,1288899
0.09,1287832
0.09,1279599
0.09,1275935
0.09,1258086
0.09,1254843
0.09,1256056
0.09,1257705
0.09,1263687
0.09,1269253
0.09,1275143
0.09,1270352
0.09,1281514
0.09,1292060
0.09,1298897
0.09,1308956
0.09,1311026
0.09,1302483
0.09,1284984
0.09,1284139
0.09,1284036
0.09,1291178
0.09,1296410
0.09,1288984
0.09,1287908
0.09,1288882
0.09,1294839
0.09,1307896
0.09,1309338
0.09,1383361
0.09,1357200
0.09,1323296
0.09,1300227
0.09,1293691
0.09,1281367
0.09,1281979
0.09,1282080
0.09,1290143
0.09,1282938
0.09,1283334
0.09,1267401
0.09,1270596
0.09,1278691
0.09,1252672
0.09,1235659
0.09,1222843
0.09,1210067
0.09,1235557
0.09,1187502
0.09,1188404
0.09,1183050
0.09,1178992
0.09,1179945
0.09,1190016
0.09,1202518
0.09,1199171
0.09,1185797
0.09,1194306
0.09,1209720
0.09,1217006
0.09,1208647
0.09,1212814
0.09,1211878
0.09,1214362
0.09,1214852
0.09,1216954
0.09,1213509
0.09,1266917
0.09,1226705
0.09,1181779
0.09,1168416
0.09,1166790
0.09,1176724
0.09,1179304
0.09,1147532
0.09,1156776
0.09,1157090
0.09,1165837
0.09,1170956
0.09,1176823
0.09,1169359
0.09,1161645
0.09,1158830
0.10,1167706
0.10,1152317
0.10,1160727
0.10,1165726
0.10,1158461
0.10,1148114
0.10,1143295
0.10,1136386
0.10,1134011
0.10,1134515
0.10,1127307
0.10,1126361
0.10,1123904
0.10,1124707
0.10,1122305
0.10,1114884
0.10,1120250
0.10,1120485
0.10,1127231
0.10,1123535
0.10,1122717
0.10,1116959
0.10,1127799
0.10,1131109
0.10,1117807
0.10,1115500
0.10,1120888
0.10,1109381
0.10,1109631
0.10,1114258
0.10,1101938
0.10,1106076
0.10,1101868
0.10,1107262
0.10,1105705
0.10,1116913
0.10,1132029
0.10,1135816
0.10,1130995
0.10,1128195
0.10,1119470
0.10,1106952
0.10,1106231
0.10,1113835
0.10,1103335
0.10,1109755
0.10,1106329
0.10,1100714
0.10,1090037
0.10,1092926
0.10,1093105
0.10,1089488
0.10,1089068
0.10,1080445
0.10,1068635
0.10,1060218
0.10,1066737
0.10,1048633
0.10,1040334
0.10,1044512
0.10,1058555
0.10,1052290
0.10,1057089
0.10,1053678
0.10,1057641
0.10,1056953
0.10,1060121
0.10,1056272
0.10,1043467
0.10,1036353
0.10,1043238
0.10,1067191
0.10,1076496
0.10,1065209
0.10,1062103
0.10,1061685
0.10,1055642
0.10,1048897
0.10,1052825
0.10,1030622
0.10,1041750
0.10,1029862
0.10,1039650
0.10,1042882
0.10,1052797
0.10,1052129
0.10,1047162
0.10,1047367
0.11,1042634
0.11,1035291
0.11,1031943
0.11,1039795
0.11,1027495
0.11,1032566
0.11,1035483
0.11,1036592
0.11,1039927
0.11,1035005
0.11,1041622
0.11,1037926
0.11,1037108
0.11,1040351
0.11,1039446
0.11,1047991
0.11,1036981
0.11,1033430
0.11,1029463
0.11,1036884
0.11,1031224
0.11,1018369
0.11,1014571
0.11,1017388
0.11,1007019
0.11,1008740
0.11,1005331
0.11,1008334
0.11,998437
0.11,998241
0.11,996201
0.11,988357
0.11,1002213
0.11,1003795
0.11,1014291
0.11,1025100
0.11,1021489
0.11,1000807
0.11,1003692
0.11,1009634
0.11,1011420
0.11,1010852
0.11,1018675
0.11,1020194
0.11,1016017
0.11,1017928
0.11,1006561
0.11,1003432
0.11,1011831
0.11,1011655
0.11,1014522
0.11,1013640
0.11,1021467
0.11,1025068
0.11,1023031
0.11,1022279
0.11,1051329
0.11,1081391
0.11,1107514
0.11,1044556
0.11,1045866
0.11,1043001
0.11,1038636
0.11,1036904
0.11,1032299
0.11,1042339
0.11,1041752
0.11,1037229
0.11,1027231
0.11,1028106
0.11,1041029
0.11,1041490
0.11,1040696
0.11,1030060
0.11,1028416
0.11,1017128
0.11,1028731
0.11,1025512
0.11,1026929
0.11,1025101
0.11,1027978
0.11,1031610
0.11,1029615
0.11,1034156
0.11,1032699
0.11,1022793
0.11,1017453
0.11,1011270
0.11,1007930
0.11,1003594
0.11,992349
0.12,1005948
0.12,1015376
0.12,1012611
0.12,1029593
0.12,1052269
0.12,1042350
0.12,1036270
0.12,1066992
0.12,1078213
0.12,1122155
0.12,1117135
0.12,1083091
0.12,1066994
0.12,1055291
0.12,1054148
0.12,1042070
0.12,1043666
0.12,1036744
0.12,1020788
0.12,1027578
0.12,1028749
0.12,1076560
0.12,1025256
0.12,1020169
0.12,1007845
0.12,1019092
0.12,1021256
0.12,1030146
0.12,1024890
0.12,1023772
0.12,1027084
0.12,991845
0.12,981470
0.12,990527
0.12,995944
0.12,999480
0.12,1008492
0.12,1017318
0.12,1007476
0.12,988964
0.12,998270
0.12,1002207
0.12,1003143
0.12,1003444
0.12,1008759
0.12,1009457
0.12,1005998
0.12,1004573
0.12,996229
0.12,997446
0.12,1003785
0.12,1005011
0.12,1010868
0.12,1008188
0.12,1014202
0.12,1016286
0.12,1013778
0.12,1013519
0.12,1038259
0.12,1073787
0.12,1105589
0.12,1039516
0.12,1037928
0.12,1030269
0.12,1029054
0.12,1024550
0.12,1024639
0.12,1035418
0.12,1035747
0.12,1019632
0.12,1019044
0.12,1023862
0.12,1030230
0.12,1032339
0.12,1033102
0.12,1021836
0.12,1013320
0.12,1020219
0.12,1020369
0.12,1018173
0.12,1017750
0.12,1017410
0.12,1022838
0.12,1017132
0.12,1025832
0.12,1031270
0.12,1016191
0.12,1009330
0.12,1006795
0.12,1001601
0.13,1000132
0.13,991226
0.13,982583
0.13,1000138
0.13,1003891
0.13,1003424
0.13,1020265
0.13,1039879
0.13,1027468
0.13,1027688
0.13,1073751
0.13,1070034
0.13,1110146
0.13,1108769
0.13,1068687
0.13,1057506
0.13,1047966
0.13,1049652
0.13,1038115
0.13,1035418
0.13,1020753
0.13,1012260
0.13,1031599
0.13,1070555
0.13,1072648
0.13,1026387
0.13,1010414
0.13,1023059
0.13,1012511
0.13,1023484
0.13,1021003
0.13,1023519
0.13,1019075
0.13,1021792
0.13,973418
0.13,972155
0.13,971488
0.13,977013
0.13,974268
0.13,970624
0.13,972360
0.13,974152
0.13,978089
0.13,982887
0.13,992487
0.13,998100
0.13,998023
0.13,995567
0.13,993215
0.13,994420
0.13,988611
0.13,983948
0.13,963772
0.13,964671
0.13,966165
0.13,955090
0.13,956567
0.13,948659
0.13,949693
0.13,951464
0.13,949942
0.13,948967
0.13,950574
0.13,956476
0.13,958119
0.13,964125
0.13,946900
0.13,951726
0.13,954137
0.13,959447
0.13,946409
0.13,941924
0.13,935322
0.13,929124
0.13,926559
0.13,920711
0.13,920508
0.13,914972
0.13,910930
0.13,907834
0.13,902477
0.13,904878
0.13,908893
0.13,909132
0.13,906311
0.13,913365
0.13,916517
0.13,915898
0.14,914743
0.14,910736
0.14,907511
0.14,902594
0.14,898139
0.14,893737
0.14,894060
0.14,895026
0.14,895789
0.14,895059
0.14,896536
0.14,888628
0.14,883525
0.14,880057
0.14,881922
0.14,880400
0.14,882027
0.14,881301
0.14,879354
0.14,877842
0.14,875210
0.14,877745
0.14,883711
0.14,876319
0.14,891816
0.14,877908
0.14,888351
0.14,894645
0.14,924752
0.14,919982
0.14,872248
0.14,863844
0.14,859654
0.14,859563
0.14,857981
0.14,857407
0.14,854885
0.14,861697
0.14,861893
0.14,860300
0.14,859459
0.14,859128
0.14,856508
0.14,858758
0.14,858449
0.14,856444
0.14,857735
0.14,859482
0.14,861430
0.14,864346
0.14,866756
0.14,862936
0.14,860600
0.14,863837
0.14,868561
0.14,872640
0.14,870982
0.14,877457
0.14,882884
0.14,878776
0.14,865758
0.14,870431
0.14,867943
0.14,867943
0.14,864787
0.14,870236
0.14,862599
0.14,858225
0.14,858975
0.14,851068
0.14,848885
0.14,846665
0.14,846798
0.14,849959
0.14,847145
0.14,857756
0.14,883026
0.14,926343
0.14,958415
0.14,894667
0.14,899371
0.14,906686
0.14,907680
0.14,910138
0.14,908146
0.14,907406
0.14,905717
0.14,899893
0.14,902637
0.15,902131
0.15,902710
0.15,900479
0.15,901158
0.15,904041
0.15,898163
0.15,891416
0.15,892282
0.15,888628
0.15,887810
0.15,896436
0.15,900424
0.15,901357
0.15,904020
0.15,912104
0.15,923875
0.15,967264
0.15,972925
0.15,980663
0.15,977241
0.15,996509
0.15,981188
0.15,995438
0.15,996793
0.15,996885
0.15,1013148
0.15,1019161
0.15,1014581
0.15,1020138
0.15,987771
0.15,994615
0.15,982546
0.15,999935
0.15,989421
0.15,984926
0.15,1000854
0.15,986002
0.15,933744
0.15,878064
0.15,874892
0.15,843458
0.15,841280
0.15,845273
0.15,838245
0.15,839070
0.15,842931
0.15,839798
0.15,841749
0.15,843091
0.15,841677
0.15,843326
0.15,840517
0.15,839426
0.15,838935
0.15,841577
0.15,839059
0.15,836879
0.15,836885
0.15,835391
0.15,836364
0.15,838542
0.15,843394
0.15,839680
0.15,836763
0.15,837511
0.15,832663
0.15,829140
0.15,830763
0.15,835328
0.15,838204
0.15,837509
0.15,840543
0.15,839381
0.15,834742
0.15,839812
0.15,839121
0.15,841300
0.15,840967
0.15,847345
0.15,848999
0.15,847010
0.15,853234
0.15,862755
0.15,866934
0.15,861107
0.15,870058
0.15,882552
0.15,883497
0.15,870299
0.15,884859
0.15,898503
0.16,941896
0.16,946706
0.16,960505
0.16,955367
0.16,974156
0.16,973289
0.16,985467
0.16,980088
0.16,991135
0.16,1005387
0.16,1031152
0.16,1057108
0.16,1086043
0.16,984308
0.16,988153
0.16,984878
0.16,981089
0.16,974238
0.16,972590
0.16,960651
0.16,954906
0.16,948690
0.16,902719
0.16,919453
0.16,918712
0.16,926648
0.16,919441
0.16,936360
0.16,934432
0.16,932040
0.16,977558
0.16,975814
0.16,936334
0.16,928807
0.16,925307
0.16,896215
0.16,898405
0.16,893639
0.16,891807
0.16,890250
0.16,882034
0.16,873899
0.16,857230
0.16,856969
0.16,825265
0.16,823941
0.16,825382
0.16,827741
0.16,831196
0.16,837941
0.16,834695
0.16,833792
0.16,836405
0.16,836099
0.16,836034
0.16,835751
0.16,837549
0.16,838736
0.16,836229
0.16,833067
0.16,837307
0.16,843839
0.16,845092
0.16,844632
0.16,853312
0.16,870420
0.16,919594
0.16,920627
0.16,933562
0.16,935141
0.16,954629
0.16,947822
0.16,964467
0.16,965385
0.16,973659
0.16,981900
0.16,987387
0.16,972609
0.16,975426
0.16,939364
0.16,941349
0.16,928801
0.16,926522
0.16,920815
0.16,905424
0.16,888829
0.16,895293
0.17,891991
0.17,863468
0.17,890395
0.17,893209
0.17,902145
0.17,895703
0.17,912993
0.17,911911
0.17,919744
0.17,966691
0.17,967861
0.17,930014
0.17,918216
0.17,918884
0.17,892163
0.17,892545
0.17,887640
0.17,890697
0.17,893520
0.17,877991
0.17,874298
0.17,865458
0.17,867186
0.17,852512
0.17,835113
0.17,838182
0.17,848860
0.17,850440
0.17,850383
0.17,849174
0.17,859477
0.17,861040
0.17,859569
0.17,858490
0.17,863639
0.17,855329
0.17,859821
0.17,888959
0.17,907800
0.17,825717
0.17,824497
0.17,825131
0.17,830054
0.17,826596
0.17,825922
0.17,827049
0.17,825516
0.17,817987
0.17,813087
0.17,809711
0.17,806411
0.17,807134
0.17,803161
0.17,802544
0.17,799420
0.17,796310
0.17,803165
0.17,807931
0.17,802099
0.17,801616
0.17,803225
0.17,802894
0.17,806762
0.17,810710
0.17,808502
0.17,807102
0.17,807589
0.17,807782
0.17,810720
0.17,812745
0.17,810784
0.17,818540
0.17,830247
0.17,876109
0.17,878902
0.17,892062
0.17,895813
0.17,915947
0.17,917072
0.17,925304
0.17,924123
0.17,931622
0.17,936319
0.17,939219
0.17,928965
0.17,928924
0.17,893808
0.17,892391
0.17,885308
0.17,881415
0.18,878873
0.18,883629
0.18,870703
0.18,867995
0.18,866296
0.18,830084
0.18,849822
0.18,852315
0.18,859225
0.18,858382
0.18,880880
0.18,884722
0.18,902782
0.18,953383
0.18,951223
0.18,914187
0.18,924159
0.18,929063
0.18,901423
0.18,902038
0.18,898015
0.18,896825
0.18,897160
0.18,890473
0.18,890109
0.18,872433
0.18,868211
0.18,858896
0.18,831657
0.18,837431
0.18,839201
0.18,836574
0.18,835226
0.18,833464
0.18,835225
0.18,834136
0.18,831996
0.18,825197
0.18,823394
0.18,830175
0.18,830680
0.18,827617
0.18,826602
0.18,822726
0.18,828119
0.18,828936
0.18,830444
0.18,821609
0.18,815070
0.18,814527
0.18,811762
0.18,810883
0.18,810564
0.18,810449
0.18,812027
0.18,823329
0.18,823880
0.18,828635
0.18,831723
0.18,820538
0.18,876008
0.18,860335
0.18,825613
0.18,801554
0.18,793257
0.18,792662
0.18,791568
0.18,788754
0.18,789808
0.18,791445
0.18,794932
0.18,796950
0.18,793851
0.18,794059
0.18,797570
0.18,798065
0.18,792799
0.18,786987
0.18,787141
0.18,786080
0.18,785936
0.18,788865
0.18,789047
0.18,789550
0.18,790269
0.18,790271
0.18,793109
0.18,796427
0.18,795514
0.18,792904
0.19,793108
0.19,793057
0.19,795763
0.19,803062
0.19,804957
0.19,808329
0.19,802708
0.19,797819
0.19,802525
0.19,808348
0.19,808384
0.19,815232
0.19,821285
0.19,869775
0.19,880058
0.19,891051
0.19,896331
0.19,919028
0.19,919294
0.19,929285
0.19,929264
0.19,937829
0.19,943261
0.19,947373
0.19,932012
0.19,933271
0.19,896310
0.19,891967
0.19,877928
0.19,884374
0.19,880646
0.19,880700
0.19,874965
0.19,877733
0.19,879224
0.19,854948
0.19,882124
0.19,888062
0.19,895803
0.19,890985
0.19,909541
0.19,907109
0.19,910158
0.19,952800
0.19,949277
0.19,905365
0.19,898149
0.19,898911
0.19,869716
0.19,866270
0.19,857646
0.19,852271
0.19,849671
0.19,841856
0.19,837297
0.19,820363
0.19,816048
0.19,807918
0.19,786777
0.19,791652
0.19,794892
0.19,794237
0.19,794918
0.19,785229
0.19,798285
0.19,800445
0.19,804077
0.19,804244
0.19,802977
0.19,805498
0.19,814846
0.19,815258
0.19,813172
0.19,810671
0.19,818359
0.19,803290
0.19,803825
0.19,828154
0.19,851858
0.19,784890
0.19,782376
0.19,781511
0.19,779958
0.19,778706
0.19,776148
0.19,773624
0.19,781517
0.19,783927
0.20,784482
0.20,786459
0.20,793925
0.20,797405
0.20,797050
0.20,798869
0.20,796753
0.20,792934
0.20,797868
0.20,790284
0.20,782634
0.20,778604
0.20,777667
0.20,778088
0.20,774035
0.20,778068
0.20,782127
0.20,775906
0.20,776230
0.20,795124
0.20,804356
0.20,805329
0.20,804299
0.20,801125
0.20,802773
0.20,805436
0.20,790568
0.20,785701
0.20,783257
0.20,781418
0.20,771629
0.20,768627
0.20,766162
0.20,767285
0.20,772848
0.20,769674
0.20,763650
0.20,762008
0.20,759768
0.20,762557
0.20,765304
0.20,767733
0.20,765254
0.20,765275
0.20,766754
0.20,765531
0.20,763728
0.20,761476
0.20,760905
0.20,761706
0.20,761980
0.20,758548
0.20,761509
0.20,762760
0.20,764434
0.20,773191
0.20,775844
0.20,779887
0.20,785813
0.20,793982
0.20,796137
0.20,788064
0.20,799715
0.20,802003
0.20,802055
0.20,798186
0.20,802363
0.20,798606
0.20,804496
0.20,810028
0.20,810246
0.20,810696
0.20,820008
0.20,820720
0.20,860511
0.20,862925
0.20,869144
0.20,871823
0.20,890503
0.20,881746
0.20,899201
0.20,902797
0.20,909201
0.20,913686
0.20,915131
0.20,903000
0.20,901693
0.20,859595
0.20,857183
0.20,843801
0.21,842609
0.21,843099
0.21,832255
0.21,830991
0.21,846284
0.21,849009
0.21,827576
0.21,856605
0.21,860112
0.21,868434
0.21,865525
0.21,891416
0.21,916333
0.21,940721
0.21,921372
0.21,919016
0.21,880788
0.21,866374
0.21,865090
0.21,840152
0.21,840563
0.21,835743
0.21,837164
0.21,839529
0.21,834109
0.21,831963
0.21,820314
0.21,821628
0.21,808612
0.21,777355
0.21,767214
0.21,768556
0.21,761975
0.21,760791
0.21,763650
0.21,757607
0.21,755162
0.21,754118
0.21,758167
0.21,759340
0.21,762426
0.21,762425
0.21,761971
0.21,757435
0.21,758317
0.21,758256
0.21,759376
0.21,755732
0.21,750356
0.21,748701
0.21,750755
0.21,746590
0.21,744521
0.21,742601
0.21,741894
0.21,741318
0.21,736526
0.21,737404
0.21,736911
0.21,735762
0.21,733930
0.21,736575
0.21,734728
0.21,731146
0.21,732571
0.21,729812
0.21,728156
0.21,730142
0.21,727956
0.21,726405
0.21,726870
0.21,724508
0.21,723098
0.21,729377
0.21,737580
0.21,741269
0.21,747747
0.21,756990
0.21,759096
0.21,761468
0.21,762818
0.21,765243
0.21,767436
0.21,773635
0.21,795075
0.21,830723
0.21,857543
0.21,791893
0.21,793288
0.21,791032
0.22,788989
0.22,785452
0.22,781966
0.22,780946
0.22,780545
0.22,779114
0.22,774164
0.22,775778
0.22,775760
0.22,773663
0.22,771702
0.22,771071
0.22,772953
0.22,766531
0.22,770168
0.22,770527
0.22,768897
0.22,768899
0.22,770696
0.22,770726
0.22,773334
0.22,775160
0.22,774390
0.22,766462
0.22,767739
0.22,767636
0.22,764501
0.22,761811
0.22,759830
0.22,760169
0.22,761914
0.22,768807
0.22,753062
0.22,749521
0.22,756402
0.22,770009
0.22,835827
0.22,844440
0.22,859521
0.22,866024
0.22,891701
0.22,900820
0.22,907147
0.22,925844
0.22,923040
0.22,916665
0.22,943243
0.22,934222
0.22,900486
0.22,867585
0.22,868323
0.22,839835
0.22,831696
0.22,820029
0.22,816045
0.22,745809
0.22,721692
0.22,729674
0.22,731612
0.22,732175
0.22,739658
0.22,751405
0.22,798505
0.22,804154
0.22,815986
0.22,821144
0.22,840464
0.22,842698
0.22,854628
0.22,855274
0.22,859598
0.22,863315
0.22,865879
0.22,852299
0.22,855730
0.22,820035
0.22,811259
0.22,812503
0.22,825453
0.22,823821
0.22,823784
0.22,815252
0.22,818706
0.22,823512
0.22,803733
0.22,839438
0.22,869957
0.22,895535
0.22,815481
0.22,828417
0.22,829151
0.23,837325
0.23,886513
0.23,885698
0.23,846403
0.23,833618
0.23,829152
0.23,802977
0.23,809851
0.23,806148
0.23,806704
0.23,807010
0.23,798883
0.23,795875
0.23,771917
0.23,770336
0.23,760673
0.23,738919
0.23,733781
0.23,729694
0.23,727127
0.23,723189
0.23,725211
0.23,724290
0.23,722207
0.23,720267
0.23,720182
0.23,721700
0.23,727741
0.23,730237
0.23,732547
0.23,740631
0.23,750981
0.23,797816
0.23,805162
0.23,815485
0.23,820551
0.23,842952
0.23,844271
0.23,850562
0.23,850305
0.23,857656
0.23,858546
0.23,865226
0.23,856566
0.23,845735
0.23,816359
0.23,832947
0.23,827186
0.23,827342
0.23,826422
0.23,825950
0.23,819426
0.23,830123
0.23,852362
0.23,852704
0.23,888810
0.23,819425
0.23,822766
0.23,812499
0.23,826208
0.23,827340
0.23,836223
0.23,885461
0.23,885170
0.23,842893
0.23,828689
0.23,834386
0.23,807547
0.23,807089
0.23,802901
0.23,803509
0.23,804078
0.23,785482
0.23,780592
0.23,768842
0.23,768948
0.23,758085
0.23,738251
0.23,732582
0.23,725067
0.23,726414
0.23,722801
0.23,720139
0.23,719466
0.23,718603
0.23,716510
0.23,715349
0.24,713963
0.24,712584
0.24,712347
0.24,711035
0.24,709730
0.24,710837
0.24,715168
0.24,716788
0.24,718407
0.24,719011
0.24,718346
0.24,716152
0.24,718939
0.24,714965
0.24,717029
0.24,725076
0.24,728787
0.24,733279
0.24,738908
0.24,744123
0.24,744844
0.24,749235
0.24,752578
0.24,755279
0.24,755807
0.24,760545
0.24,782483
0.24,817759
0.24,846719
0.24,783264
0.24,784847
0.24,781592
0.24,776965
0.24,777872
0.24,776211
0.24,776368
0.24,771846
0.24,771788
0.24,767406
0.24,773220
0.24,775168
0.24,777238
0.24,781955
0.24,782522
0.24,780998
0.24,779668
0.24,796870
0.24,831552
0.24,849863
0.24,858790
0.24,862845
0.24,881633
0.24,881054
0.24,891110
0.24,887202
0.24,893468
0.24,900169
0.24,903663
0.24,891813
0.24,890248
0.24,845280
0.24,844767
0.24,836404
0.24,832288
0.24,813519
0.24,810283
0.24,812776
0.24,785874
0.24,786085
0.24,731947
0.24,733289
0.24,731172
0.24,736453
0.24,728453
0.24,717422
0.24,722797
0.24,709011
0.24,710273
0.24,710720
0.24,709259
0.24,712025
0.24,715364
0.24,719781
0.24,724073
0.24,724397
0.24,723606
0.24,720423
0.24,724937
0.24,724309
0.24,724312
0.25,721263
0.25,725322
0.25,723778
0.25,722933
0.25,723940
0.25,725016
0.25,729899
0.25,735117
0.25,734469
0.25,743779
0.25,765080
0.25,800066
0.25,819005
0.25,832231
0.25,842775
0.25,866797
0.25,860351
0.25,873260
0.25,875050
0.25,881176
0.25,884745
0.25,889613
0.25,871766
0.25,873873
0.25,834214
0.25,831240
0.25,821416
0.25,819601
0.25,815239
0.25,812411
0.25,810235
0.25,793573
0.25,796573
0.25,769585
0.25,781555
0.25,784376
0.25,789527
0.25,784968
0.25,800398
0.25,805725
0.25,818102
0.25,829447
0.25,867887
0.25,867927
0.25,819361
0.25,818320
0.25,791629
0.25,793938
0.25,786813
0.25,782951
0.25,780598
0.25,772521
0.25,767133
0.25,748770
0.25,747867
0.25,741615
0.25,735792
0.25,747528
0.25,746228
0.25,747304
0.25,747086
0.25,752542
0.25,752701
0.25,753271
0.25,753106
0.25,752800
0.25,752992
0.25,754917
0.25,754187
0.25,756929
0.25,761624
0.25,760700
0.25,763602
0.25,763354
0.25,762567
0.25,755596
0.25,755878
0.25,748692
0.25,734276
0.25,733353
0.25,759797
0.25,781181
0.25,715231
0.25,713595
0.25,711459
0.25,711261
0.25,707665
0.25,706477
0.25,705133
0.25,707770
0.26,716726
0.26,715842
0.26,728330
0.26,729053
0.26,704852
0.26,707115
0.26,710317
0.26,702738
0.26,701680
0.26,700628
0.26,701910
0.26,699644
0.26,698672
0.26,697716
0.26,697945
0.26,698718
0.26,697147
0.26,698780
0.26,696142
0.26,695305
0.26,694559
0.26,693728
0.26,692948
0.26,692180
0.26,692835
0.26,692321
0.26,694058
0.26,695095
0.26,694933
0.26,692719
0.26,690944
0.26,691459
0.26,690722
0.26,689680
0.26,690014
0.26,691372
0.26,691277
0.26,690119
0.26,689446
0.26,689875
0.26,689903
0.26,690258
0.26,690582
0.26,691977
0.26,692504
0.26,694938
0.26,694071
0.26,694074
0.26,693989
0.26,695440
0.26,696911
0.26,697482
0.26,698922
0.26,699612
0.26,699872
0.26,699622
0.26,700421
0.26,700699
0.26,698242
0.26,699302
0.26,697919
0.26,696987
0.26,697996
0.26,697990
0.26,700549
0.26,701213
0.26,717079
0.26,722267
0.26,723606
0.26,727562
0.26,727567
0.26,727911
0.26,730274
0.26,725789
0.26,724898
0.26,726413
0.26,729384
0.26,724518
0.26,723942
0.26,720426
0.26,717153
0.26,713450
0.26,711619
0.26,710236
0.26,713273
0.26,708425
0.26,699667
0.26,697358
0.26,695144
0.26,691845
0.27,688580
0.27,687822
0.27,687080
0.27,686348
0.27,690642
0.27,685866
0.27,685154
0.27,686217
0.27,685943
0.27,685782
0.27,684450
0.27,684260
0.27,688195
0.27,690014
0.27,690620
0.27,683561
0.27,682901
0.27,682251
0.27,681629
0.27,680973
0.27,681158
0.27,680330
0.27,679720
0.27,679773
0.27,680628
0.27,682871
0.27,680397
0.27,681969
0.27,684139
0.27,686622
0.27,679124
0.27,678534
0.27,679111
0.27,682175
0.27,683240
0.27,682765
0.27,684549
0.27,684667
0.27,686793
0.27,692945
0.27,694071
0.27,695874
0.27,688734
0.27,688966
0.27,688668
0.27,687788
0.27,685684
0.27,687358
0.27,686885
0.27,687711
0.27,689489
0.27,691662
0.27,698677
0.27,701482
0.27,703794
0.27,716639
0.27,727993
0.27,746530
0.27,762968
0.27,780854
0.27,784691
0.27,798089
0.27,802071
0.27,823765
0.27,828949
0.27,854471
0.27,880942
0.27,920808
0.27,939326
0.27,878597
0.27,882653
0.27,880431
0.27,844529
0.27,841729
0.27,833979
0.27,830898
0.27,825639
0.27,804863
0.27,798502
0.27,759199
0.27,775188
0.27,775743
0.27,780981
0.27,774096
0.27,785368
0.27,774713
0.27,780299
0.27,790500
0.27,832077
0.27,831153
0.27,783743
0.28,779075
0.28,752399
0.28,751599
0.28,747430
0.28,745909
0.28,746324
0.28,738151
0.28,733393
0.28,719168
0.28,716374
0.28,707787
0.28,680301
0.28,677946
0.28,678423
0.28,677699
0.28,677178
0.28,676688
0.28,676216
0.28,675593
0.28,675132
0.28,680773
0.28,682769
0.28,680269
0.28,678657
0.28,677833
0.28,676996
0.28,676028
0.28,674700
0.28,677876
0.28,679808
0.28,677739
0.28,676595
0.28,677676
0.28,679425
0.28,678785
0.28,677893
0.28,675975
0.28,675043
0.28,674076
0.28,673651
0.28,673231
0.28,672834
0.28,671922
0.28,670968
0.28,670619
0.28,682205
0.28,671961
0.28,674604
0.28,670370
0.28,670511
0.28,671375
0.28,672575
0.28,672579
0.28,673051
0.28,673544
0.28,672816
0.28,671889
0.28,678316
0.28,683075
0.28,686787
0.28,691947
0.28,694224
0.28,693586
0.28,697030
0.28,699632
0.28,701843
0.28,702938
0.28,704642
0.28,722044
0.28,757167
0.28,773714
0.28,721285
0.28,735049
0.28,730171
0.28,729305
0.28,725228
0.28,722995
0.28,722623
0.28,716588
0.28,711759
0.28,706936
0.28,705945
0.28,694931
0.28,692244
0.28,695579
0.28,693005
0.28,691734
0.28,689894
0.28,687728
0.28,686694
0.28,686501
0.28,689338
0.29,695022
0.29,695024
0.29,695975
0.29,697133
0.29,697077
0.29,696723
0.29,701223
0.29,698817
0.29,698504
0.29,698712
0.29,696676
0.29,694862
0.29,692819
0.29,695365
0.29,685003
0.29,694570
0.29,703375
0.29,704599
0.29,722547
0.29,726384
0.29,734614
0.29,737687
0.29,741630
0.29,746967
0.29,746445
0.29,773492
0.29,773504
0.29,821105
0.29,820016
0.29,780612
0.29,772224
0.29,762954
0.29,760620
0.29,742168
0.29,741807
0.29,731736
0.29,728118
0.29,704027
0.29,734476
0.29,737677
0.29,757593
0.29,761575
0.29,763904
0.29,772274
0.29,773133
0.29,791472
0.29,797724
0.29,813287
0.29,815623
0.29,813857
0.29,805054
0.29,805559
0.29,803125
0.29,802683
0.29,768592
0.29,765268
0.29,753089
0.29,747936
0.29,736455
0.29,723093
0.29,692878
0.29,670111
0.29,670149
0.29,670275
0.29,670528
0.29,671213
0.29,672454
0.29,671814
0.29,670210
0.29,670849
0.29,677189
0.29,681349
0.29,684398
0.29,688538
0.29,691881
0.29,693271
0.29,697671
0.29,700748
0.29,701873
0.29,700338
0.29,701652
0.29,720861
0.29,745110
0.29,778132
0.29,723679
0.29,730690
0.29,728391
0.29,726897
0.29,723558
0.29,721991
0.30,716638
0.30,712115
0.30,709172
0.30,706225
0.30,693790
0.30,692580
0.30,694895
0.30,691895
0.30,690016
0.30,691675
0.30,684243
0.30,686869
0.30,686459
0.30,688705
0.30,694384
0.30,695525
0.30,695438
0.30,696908
0.30,699537
0.30,696957
0.30,697326
0.30,697390
0.30,698865
0.30,699462
0.30,699033
0.30,696005
0.30,694857
0.30,692168
0.30,694668
0.30,684304
0.30,694285
0.30,702273
0.30,704282
0.30,721205
0.30,725785
0.30,734608
0.30,737700
0.30,740699
0.30,745178
0.30,745561
0.30,772968
0.30,774882
0.30,818909
0.30,818157
0.30,779932
0.30,772217
0.30,761693
0.30,759316
0.30,741174
0.30,739690
0.30,730496
0.30,725454
0.30,701636
0.30,733250
0.30,738058
0.30,756986
0.30,758287
0.30,762713
0.30,768807
0.30,770171
0.30,793993
0.30,796640
0.30,810942
0.30,809873
0.30,814136
0.30,804478
0.30,804780
0.30,802058
0.30,803623
0.30,764886
0.30,761560
0.30,750603
0.30,738483
0.30,735514
0.30,726091
0.30,685589
0.30,669074
0.30,668880
0.30,668665
0.30,668520
0.30,668441
0.30,668758
0.30,669539
0.30,669385
0.30,669758
0.30,668182
0.30,667007
0.30,666979
