0.00,7105562
0.00,6954626
0.00,6819416
0.00,6670540
0.00,6494489
0.00,6371952
0.00,6368611
0.00,6239219
0.00,6092774
0.01,6093567
0.01,5953065
0.01,5792632
0.01,5768323
0.01,5629662
0.01,5514622
0.01,5401940
0.01,5437812
0.01,5414973
0.01,5404965
0.01,5316683
0.01,5296199
0.01,5329177
0.01,5260579
0.01,5261785
0.01,5083446
0.01,4916496
0.01,4829847
0.01,4785738
0.01,4687945
0.01,4572312
0.01,4430386
0.01,4481846
0.01,4497833
0.01,4428020
0.01,4354004
0.01,4359505
0.01,4381661
0.01,4367577
0.01,4267609
0.01,4181012
0.01,4107825
0.01,4094914
0.01,4021006
0.01,4068018
0.01,4071793
0.01,4039076
0.01,3966670
0.01,3996810
0.01,4010728
0.01,4033632
0.01,3962041
0.01,3997563
0.01,3990415
0.01,4006083
0.01,3951534
0.01,3884770
0.01,3864693
0.01,3773831
0.01,3712928
0.01,3589578
0.01,3578258
0.01,3577145
0.02,3560941
0.02,3558856
0.02,3507579
0.02,3604486
0.02,3532331
0.02,3518165
0.02,3508249
0.02,3517294
0.02,3531788
0.02,3579873
0.02,3552374
0.02,3520238
0.02,3493222
0.02,3496817
0.02,3501781
0.02,3562491
0.02,3495675
0.02,3499115
0.02,3495084
0.02,3507702
0.02,3497602
0.02,3509899
0.02,3529570
0.02,3542854
0.02,3550312
0.02,3548655
0.02,3591622
0.02,3552448
0.02,3531950
0.02,3539941
0.02,3483001
0.02,3417017
0.02,3401275
0.02,3389248
0.02,3392091
0.02,3405385
0.02,3343842
0.02,3332104
0.02,3340547
0.02,3363991
0.02,3362577
0.02,3352748
0.02,3373416
0.02,3419024
0.02,3409793
0.02,3320378
0.02,3287532
0.02,3273456
0.02,3254692
0.02,3247709
0.02,3194286
0.02,3179030
0.02,3167703
0.02,3105409
0.02,3070378
0.02,3013975
0.02,3001051
0.02,2995151
0.02,2993316
0.02,2968041
0.02,2923993
0.02,2911532
0.02,2905274
0.02,2817205
0.02,2785722
0.02,2789393
0.02,2818698
0.02,2798143
0.02,2777890
0.02,2764920
0.02,2774078
0.02,2861625
0.02,2830623
0.02,2789569
0.02,2814419
0.02,2805799
0.02,2804737
0.02,2776482
0.02,2713976
0.02,2691214
0.02,2656540
0.02,2702948
0.02,2735716
0.02,2680818
0.02,2596457
0.02,2618699
0.02,2668626
0.02,2675617
0.02,2691393
0.02,2734748
0.02,2740997
0.03,2725389
0.03,2727734
0.03,2710746
0.03,2708821
0.03,2671350
0.03,2643785
0.03,2654235
0.03,2671732
0.03,2626189
0.03,2626003
0.03,2668446
0.03,2684141
0.03,2617244
0.03,2618462
0.03,2611610
0.03,2623106
0.03,2547586
0.03,2533270
0.03,2531721
0.03,2489079
0.03,2488882
0.03,2486183
0.03,2442982
0.03,2446635
0.03,2443476
0.03,2429468
0.03,2414068
0.03,2377150
0.03,2345341
0.03,2336218
0.03,2295431
0.03,2307494
0.03,2327267
0.03,2399313
0.03,2388862
0.03,2349434
0.03,2352836
0.03,2353285
0.03,2344384
0.03,2316631
0.03,2299196
0.03,2283989
0.03,2274931
0.03,2272350
0.03,2225342
0.03,2227094
0.03,2234339
0.03,2228277
0.03,2224714
0.03,2239081
0.03,2254649
0.03,2295982
0.03,2308927
0.03,2321547
0.03,2315976
0.03,2333228
0.03,2338244
0.03,2361320
0.03,2345609
0.03,2336611
0.03,2331343
0.03,2343398
0.03,2362301
0.03,2332819
0.03,2325700
0.03,2277181
0.03,2285516
0.03,2276759
0.03,2306832
0.03,2309613
0.03,2285722
0.03,2287137
0.03,2314806
0.03,2308519
0.03,2201605
0.03,2204502
0.03,2174777
0.03,2172145
0.03,2173230
0.03,2145633
0.03,2142725
0.03,2113294
0.03,2113213
0.03,2130903
0.03,2103535
0.03,2103165
0.03,2120589
0.03,2107859
0.03,2108573
0.03,2089628
0.03,2090937
0.04,2091507
0.04,2095269
0.04,2091135
0.04,2090748
0.04,2096369
0.04,2078146
0.04,2076436
0.04,2072880
0.04,2058970
0.04,2052304
0.04,2050920
0.04,2053738
0.04,2060556
0.04,2059944
0.04,2051187
0.04,2005384
0.04,2004948
0.04,2006841
0.04,2009319
0.04,1982531
0.04,1986068
0.04,1991776
0.04,1995618
0.04,1990843
0.04,1992454
0.04,1959303
0.04,1935206
0.04,1987343
0.04,1997380
0.04,2001866
0.04,2002302
0.04,1988348
0.04,1989633
0.04,1996483
0.04,2002235
0.04,2004345
0.04,2038118
0.04,2048755
0.04,2039226
0.04,2030929
0.04,2027596
0.04,2026438
0.04,2036172
0.04,2053950
0.04,2008931
0.04,2004113
0.04,1973493
0.04,1966980
0.04,1946062
0.04,1929551
0.04,1917186
0.04,1890724
0.04,1864750
0.04,1853425
0.04,1865994
0.04,1836929
0.04,1831626
0.04,1812845
0.04,1819864
0.04,1830483
0.04,1833465
0.04,1797225
0.04,1803954
0.04,1770905
0.04,1748082
0.04,1741403
0.04,1755233
0.04,1753226
0.04,1751279
0.04,1752840
0.04,1759518
0.04,1764498
0.04,1775399
0.04,1780395
0.04,1763432
0.04,1754252
0.04,1760884
0.04,1765191
0.04,1753290
0.04,1756281
0.04,1732870
0.04,1725184
0.04,1722052
0.04,1717578
0.04,1727114
0.04,1745354
0.04,1732889
0.04,1728321
0.04,1719285
0.04,1681704
0.04,1723733
0.05,1725848
0.05,1691699
0.05,1686070
0.05,1660727
0.05,1659155
0.05,1638536
0.05,1610855
0.05,1610607
0.05,1618589
0.05,1619891
0.05,1601567
0.05,1609518
0.05,1622209
0.05,1622887
0.05,1633653
0.05,1614639
0.05,1614660
0.05,1624189
0.05,1619253
0.05,1612403
0.05,1601226
0.05,1653392
0.05,1628986
0.05,1653067
0.05,1673265
0.05,1671682
0.05,1678683
0.05,1685169
0.05,1728010
0.05,1727226
0.05,1648679
0.05,1635322
0.05,1635683
0.05,1643666
0.05,1662060
0.05,1653550
0.05,1632855
0.05,1632928
0.05,1634598
0.05,1628457
0.05,1641506
0.05,1605471
0.05,1578240
0.05,1580389
0.05,1582923
0.05,1610583
0.05,1599230
0.05,1596814
0.05,1596751
0.05,1603055
0.05,1602069
0.05,1597588
0.05,1593979
0.05,1587165
0.05,1564397
0.05,1551450
0.05,1546685
0.05,1528752
0.05,1524774
0.05,1541397
0.05,1543009
0.05,1524642
0.05,1521530
0.05,1521982
0.05,1528222
0.05,1564888
0.05,1603863
0.05,1665296
0.05,1705649
0.05,1643308
0.05,1649465
0.05,1649958
0.05,1640999
0.05,1641733
0.05,1648768
0.05,1661916
0.05,1676319
0.05,1663922
0.05,1680561
0.05,1680276
0.05,1686775
0.05,1699358
0.05,1680311
0.05,1680547
0.05,1669268
0.05,1642380
0.05,1644468
0.05,1624105
0.05,1620121
0.05,1564553
0.06,1561367
0.06,1548397
0.06,1535955
0.06,1548349
0.06,1544824
0.06,1539429
0.06,1541031
0.06,1570673
0.06,1568733
0.06,1600022
0.06,1627527
0.06,1625184
0.06,1624380
0.06,1627212
0.06,1666729
0.06,1663316
0.06,1598739
0.06,1589972
0.06,1583853
0.06,1600642
0.06,1598867
0.06,1576207
0.06,1576958
0.06,1550780
0.06,1549994
0.06,1554526
0.06,1570033
0.06,1546899
0.06,1519171
0.06,1500099
0.06,1499846
0.06,1488835
0.06,1509465
0.06,1535646
0.06,1549913
0.06,1558098
0.06,1561885
0.06,1567654
0.06,1553597
0.06,1554070
0.06,1553395
0.06,1567198
0.06,1590660
0.06,1589854
0.06,1604355
0.06,1605871
0.06,1607305
0.06,1607550
0.06,1606299
0.06,1606819
0.06,1608564
0.06,1583352
0.06,1582551
0.06,1559044
0.06,1558671
0.06,1527354
0.06,1521511
0.06,1508905
0.06,1484941
0.06,1485046
0.06,1510061
0.06,1516507
0.06,1562540
0.06,1554656
0.06,1586942
0.06,1620566
0.06,1647909
0.06,1637905
0.06,1633133
0.06,1639202
0.06,1625061
0.06,1631082
0.06,1654211
0.06,1679088
0.06,1710652
0.06,1622085
0.06,1614486
0.06,1611366
0.06,1607772
0.06,1613959
0.06,1617349
0.06,1616215
0.06,1602813
0.06,1579495
0.06,1549245
0.06,1527003
0.06,1525215
0.06,1533795
0.06,1527366
0.07,1524120
0.07,1523971
0.07,1520544
0.07,1533565
0.07,1545532
0.07,1548572
0.07,1559031
0.07,1545914
0.07,1539794
0.07,1541877
0.07,1546495
0.07,1614621
0.07,1602675
0.07,1532486
0.07,1527786
0.07,1491370
0.07,1463575
0.07,1456928
0.07,1434268
0.07,1449833
0.07,1457694
0.07,1481599
0.07,1509786
0.07,1517409
0.07,1509298
0.07,1518878
0.07,1555265
0.07,1553788
0.07,1478217
0.07,1477341
0.07,1474443
0.07,1488120
0.07,1505485
0.07,1485865
0.07,1495013
0.07,1485436
0.07,1473770
0.07,1483468
0.07,1470954
0.07,1460539
0.07,1435660
0.07,1429714
0.07,1428189
0.07,1430092
0.07,1434989
0.07,1431378
0.07,1411675
0.07,1407715
0.07,1398749
0.07,1392506
0.07,1368415
0.07,1363433
0.07,1352555
0.07,1365392
0.07,1357669
0.07,1351281
0.07,1339409
0.07,1325105
0.07,1318936
0.07,1307180
0.07,1293611
0.07,1296808
0.07,1301084
0.07,1286623
0.07,1286742
0.07,1280587
0.07,1283531
0.07,1289145
0.07,1300434
0.07,1297731
0.07,1310148
0.07,1311778
0.07,1315353
0.07,1345011
0.07,1337152
0.07,1360938
0.07,1381906
0.07,1408520
0.07,1425661
0.07,1421646
0.07,1427653
0.07,1426302
0.07,1420509
0.07,1410278
0.07,1412970
0.07,1410217
0.07,1393288
0.07,1387916
0.07,1383265
0.07,1409202
0.07,1414616
0.08,1391762
0.08,1385913
0.08,1378077
0.08,1369352
0.08,1353375
0.08,1356464
0.08,1376940
0.08,1397124
0.08,1323856
0.08,1331944
0.08,1317998
0.08,1308502
0.08,1316717
0.08,1326857
0.08,1328464
0.08,1330677
0.08,1330410
0.08,1314804
0.08,1313543
0.08,1304716
0.08,1295814
0.08,1291537
0.08,1275500
0.08,1268017
0.08,1255732
0.08,1255053
0.08,1256742
0.08,1260870
0.08,1247337
0.08,1246516
0.08,1244037
0.08,1234670
0.08,1223087
0.08,1225456
0.08,1271917
0.08,1278446
0.08,1313679
0.08,1321238
0.08,1349365
0.08,1359649
0.08,1358370
0.08,1362607
0.08,1350662
0.08,1341788
0.08,1343898
0.08,1356635
0.08,1328463
0.08,1304887
0.08,1309994
0.08,1318930
0.08,1307777
0.08,1298194
0.08,1292833
0.08,1291111
0.08,1290436
0.08,1281221
0.08,1252612
0.08,1240831
0.08,1234121
0.08,1220016
0.08,1226811
0.08,1213039
0.08,1213187
0.08,1212961
0.08,1207801
0.08,1209418
0.08,1214322
0.08,1214017
0.08,1212841
0.08,1214203
0.08,1208651
0.08,1220895
0.08,1230480
0.08,1216262
0.08,1225558
0.08,1219860
0.08,1224680
0.08,1218812
0.08,1225573
0.08,1216671
0.08,1222176
0.08,1228391
0.08,1231556
0.08,1228092
0.08,1219361
0.08,1214930
0.08,1227411
0.08,1228631
0.08,1244406
0.08,1236859
0.08,1241572
0.09,1236203
0.09,1231652
0.09,1213664
0.09,1217211
0.09,1220346
0.09,1228347
0.09,1225153
0.09,1231828
0.09,1259806
0.09,1295760
0.09,1216141
0.09,1213680
0.09,1214122
0.09,1211362
0.09,1213162
0.09,1221215
0.09,1208811
0.09,1212310
0.09,1210154
0.09,1199380
0.09,1199562
0.09,1198296
0.09,1194528
0.09,1193352
0.09,1180427
0.09,1169813
0.09,1161339
0.09,1151068
0.09,1168709
0.09,1186826
0.09,1143308
0.09,1133617
0.09,1137398
0.09,1118921
0.09,1116697
0.09,1112372
0.09,1102051
0.09,1100275
0.09,1093636
0.09,1093863
0.09,1098085
0.09,1097300
0.09,1095543
0.09,1098059
0.09,1105131
0.09,1125621
0.09,1124150
0.09,1129617
0.09,1123357
0.09,1126091
0.09,1096205
0.09,1085584
0.09,1085834
0.09,1079972
0.09,1083124
0.09,1079457
0.09,1071982
0.09,1080624
0.09,1076432
0.09,1083036
0.09,1085478
0.09,1083931
0.09,1087311
0.09,1095531
0.09,1097872
0.09,1100447
0.09,1100671
0.09,1113006
0.09,1111208
0.09,1120879
0.09,1121725
0.09,1108110
0.09,1107735
0.09,1112078
0.09,1109582
0.09,1111529
0.09,1108601
0.09,1109063
0.09,1110413
0.09,1122701
0.09,1116338
0.09,1111371
0.09,1105602
0.09,1105739
0.09,1079413
0.09,1091812
0.09,1063619
0.09,1054168
0.09,1065838
0.10,1060951
0.10,1071839
0.10,1046373
0.10,1042130
0.10,1059150
0.10,1073651
0.10,1076602
0.10,1097748
0.10,1090355
0.10,1092472
0.10,1098946
0.10,1144654
0.10,1183352
0.10,1187512
0.10,1139009
0.10,1145241
0.10,1131048
0.10,1127797
0.10,1124505
0.10,1106702
0.10,1115154
0.10,1113476
0.10,1104571
0.10,1095376
0.10,1090508
0.10,1079246
0.10,1061412
0.10,1065286
0.10,1079826
0.10,1109314
0.10,1113926
0.10,1116398
0.10,1123285
0.10,1143310
0.10,1182645
0.10,1193698
0.10,1199673
0.10,1196522
0.10,1199676
0.10,1205203
0.10,1209266
0.10,1223210
0.10,1207640
0.10,1184149
0.10,1183109
0.10,1185452
0.10,1172289
0.10,1165454
0.10,1166141
0.10,1145230
0.10,1138221
0.10,1096036
0.10,1087553
0.10,1086865
0.10,1078089
0.10,1075194
0.10,1083190
0.10,1102316
0.10,1102821
0.10,1092454
0.10,1097052
0.10,1091585
0.10,1092640
0.10,1095708
0.10,1089255
0.10,1089826
0.10,1089723
0.10,1090671
0.10,1084062
0.10,1088310
0.10,1094289
0.10,1105721
0.10,1100925
0.10,1165900
0.10,1136269
0.10,1103328
0.10,1073105
0.10,1063493
0.10,1058575
0.10,1054091
0.10,1050178
0.10,1044603
0.10,1039754
0.10,1035344
0.10,1038295
0.10,1039553
0.10,1054370
0.10,1058928
0.10,1056770
0.10,1057018
0.10,1066675
0.11,1078959
0.11,1089219
0.11,1110307
0.11,1137327
0.11,1067961
0.11,1071711
0.11,1067098
0.11,1053987
0.11,1053308
0.11,1039710
0.11,1035522
0.11,1036848
0.11,1039464
0.11,1041145
0.11,1038874
0.11,1040398
0.11,1040198
0.11,1035956
0.11,1046700
0.11,1043145
0.11,1030277
0.11,1028752
0.11,1026781
0.11,1026537
0.11,1029831
0.11,1027288
0.11,1023706
0.11,1029769
0.11,1023600
0.11,1024212
0.11,1018220
0.11,1013353
0.11,1010256
0.11,1020576
0.11,1011377
0.11,1001136
0.11,1029263
0.11,1071309
0.11,1048474
0.11,1004060
0.11,1007374
0.11,992237
0.11,995432
0.11,995862
0.11,993635
0.11,1000114
0.11,1003419
0.11,1005140
0.11,997610
0.11,999639
0.11,994635
0.11,1001677
0.11,1000327
0.11,1007240
0.11,1005844
0.11,996754
0.11,991819
0.11,997016
0.11,1006226
0.11,1006436
0.11,999895
0.11,993151
0.11,988569
0.11,1000718
0.11,1010434
0.11,1006888
0.11,990205
0.11,1004758
0.11,1015973
0.11,1015806
0.11,1034258
0.11,1038696
0.11,1053410
0.11,1051011
0.11,1052555
0.11,1056188
0.11,1049764
0.11,1065434
0.11,1068200
0.11,1070206
0.11,1083167
0.11,1075692
0.11,1123615
0.11,1123827
0.11,1093837
0.11,1051859
0.11,1049827
0.11,1063802
0.11,1066173
0.11,1039691
0.12,1046148
0.12,1059925
0.12,1081633
0.12,1092892
0.12,1093847
0.12,1088397
0.12,1079884
0.12,1105743
0.12,1133183
0.12,1144256
0.12,1147405
0.12,1139823
0.12,1129328
0.12,1131800
0.12,1135699
0.12,1114897
0.12,1095335
0.12,1083341
0.12,1078554
0.12,1070692
0.12,1064124
0.12,1063421
0.12,1047098
0.12,1042810
0.12,999611
0.12,1000140
0.12,1006736
0.12,989318
0.12,988182
0.12,985034
0.12,985847
0.12,990248
0.12,1001104
0.12,1007989
0.12,1017636
0.12,1026332
0.12,1041440
0.12,1074850
0.12,1100512
0.12,1034618
0.12,1044165
0.12,1045942
0.12,1039017
0.12,1039443
0.12,1047858
0.12,1035520
0.12,1035985
0.12,1037006
0.12,1034395
0.12,1033100
0.12,1032522
0.12,1026975
0.12,1023439
0.12,1038559
0.12,1034232
0.12,1025148
0.12,1018506
0.12,1030052
0.12,1033541
0.12,1035598
0.12,1083710
0.12,1086911
0.12,1105992
0.12,1109118
0.12,1114255
0.12,1125767
0.12,1128397
0.12,1127554
0.12,1150113
0.12,1162884
0.12,1159045
0.12,1150279
0.12,1156521
0.12,1143637
0.12,1143809
0.12,1137536
0.12,1121837
0.12,1106184
0.12,1098692
0.12,1101744
0.12,1099546
0.12,1095185
0.12,1065477
0.12,1036819
0.12,1015626
0.12,1013914
0.12,1008239
0.12,1023451
0.12,972505
0.13,986823
0.13,988686
0.13,986484
0.13,985856
0.13,989699
0.13,986553
0.13,984787
0.13,985177
0.13,979971
0.13,984339
0.13,989782
0.13,996113
0.13,996136
0.13,1002123
0.13,1000344
0.13,1001192
0.13,1008227
0.13,1007965
0.13,997481
0.13,998839
0.13,1001177
0.13,989299
0.13,986656
0.13,988854
0.13,993432
0.13,997453
0.13,1007636
0.13,1014380
0.13,1035533
0.13,1067821
0.13,1088939
0.13,1016001
0.13,1023602
0.13,1022163
0.13,1019406
0.13,1028566
0.13,1046411
0.13,1038662
0.13,1041713
0.13,1087279
0.13,1092974
0.13,1107266
0.13,1106489
0.13,1112486
0.13,1121507
0.13,1132296
0.13,1129369
0.13,1142577
0.13,1140727
0.13,1140066
0.13,1142515
0.13,1149660
0.13,1156314
0.13,1156422
0.13,1147848
0.13,1138785
0.13,1111640
0.13,1105082
0.13,1102183
0.13,1097124
0.13,1084078
0.13,1051897
0.13,1031349
0.13,1009592
0.13,1027112
0.13,1005151
0.13,1001583
0.13,1001754
0.13,1053673
0.13,1051546
0.13,1004777
0.13,996213
0.13,994489
0.13,982353
0.13,989426
0.13,965281
0.13,963380
0.13,979836
0.13,959303
0.13,962437
0.13,966478
0.13,968154
0.13,956282
0.13,954758
0.13,956267
0.13,950625
0.13,944525
0.13,944123
0.13,948123
0.13,950215
0.14,949125
0.14,952556
0.14,944126
0.14,946308
0.14,938778
0.14,937317
0.14,941451
0.14,940327
0.14,934221
0.14,931705
0.14,930243
0.14,931011
0.14,938099
0.14,935941
0.14,937728
0.14,935446
0.14,939941
0.14,940534
0.14,939423
0.14,937057
0.14,936900
0.14,929353
0.14,922400
0.14,920917
0.14,918424
0.14,917924
0.14,921120
0.14,913114
0.14,910727
0.14,906947
0.14,904549
0.14,905171
0.14,909561
0.14,910527
0.14,914277
0.14,909549
0.14,915175
0.14,914650
0.14,932042
0.14,934395
0.14,934218
0.14,934643
0.14,937369
0.14,931973
0.14,933897
0.14,929174
0.14,923903
0.14,929149
0.14,929722
0.14,927437
0.14,921814
0.14,924477
0.14,918105
0.14,921924
0.14,920261
0.14,928331
0.14,928091
0.14,922398
0.14,925570
0.14,917947
0.14,918589
0.14,921452
0.14,930985
0.14,932895
0.14,940100
0.14,952063
0.14,974570
0.14,1009417
0.14,1035431
0.14,965243
0.14,968253
0.14,964739
0.14,960645
0.14,958097
0.14,958260
0.14,959612
0.14,960540
0.14,963635
0.14,964321
0.14,965109
0.14,959587
0.14,967545
0.14,980839
0.14,980574
0.14,975438
0.14,973786
0.14,987324
0.14,1027609
0.14,1025760
0.14,1030320
0.15,1043566
0.15,1040405
0.15,1043439
0.15,1069581
0.15,1081192
0.15,1082061
0.15,1083777
0.15,1090043
0.15,1093517
0.15,1087087
0.15,1077370
0.15,1063396
0.15,1034555
0.15,1010376
0.15,1001858
0.15,1003251
0.15,986127
0.15,987191
0.15,975457
0.15,925728
0.15,923620
0.15,924532
0.15,933142
0.15,903143
0.15,942585
0.15,929567
0.15,890608
0.15,885078
0.15,886825
0.15,880428
0.15,881770
0.15,884849
0.15,887971
0.15,888183
0.15,889315
0.15,889707
0.15,888480
0.15,882288
0.15,877956
0.15,884454
0.15,885681
0.15,882990
0.15,880014
0.15,885578
0.15,879535
0.15,878292
0.15,872562
0.15,875469
0.15,873024
0.15,877065
0.15,889556
0.15,893052
0.15,889035
0.15,898953
0.15,896055
0.15,892651
0.15,885235
0.15,877802
0.15,877709
0.15,876218
0.15,876840
0.15,870406
0.15,868907
0.15,868365
0.15,866502
0.15,861934
0.15,861457
0.15,856926
0.15,853573
0.15,849163
0.15,844807
0.15,842532
0.15,837804
0.15,843427
0.15,849940
0.15,847892
0.15,848198
0.15,848862
0.15,851910
0.15,849871
0.15,849816
0.15,849672
0.15,844437
0.15,851115
0.15,849177
0.15,849474
0.15,849754
0.15,852032
0.15,856853
0.15,859334
0.16,859570
0.16,847171
0.16,841841
0.16,839458
0.16,844658
0.16,841835
0.16,848473
0.16,853608
0.16,864152
0.16,865910
0.16,870738
0.16,866154
0.16,867615
0.16,866644
0.16,864416
0.16,859418
0.16,866426
0.16,873319
0.16,868754
0.16,870337
0.16,876620
0.16,873752
0.16,869517
0.16,870154
0.16,869745
0.16,864120
0.16,865766
0.16,857694
0.16,858326
0.16,857475
0.16,866642
0.16,870186
0.16,877620
0.16,886020
0.16,904252
0.16,934976
0.16,962830
0.16,895549
0.16,900774
0.16,897208
0.16,889848
0.16,881171
0.16,885399
0.16,885661
0.16,888200
0.16,886563
0.16,888647
0.16,892885
0.16,895732
0.16,905144
0.16,905105
0.16,903165
0.16,901075
0.16,893336
0.16,890506
0.16,884745
0.16,883615
0.16,876414
0.16,877975
0.16,878484
0.16,881313
0.16,882770
0.16,889996
0.16,890041
0.16,894474
0.16,888975
0.16,887358
0.16,892150
0.16,908417
0.16,955369
0.16,953250
0.16,942580
0.16,950321
0.16,953949
0.16,951424
0.16,984749
0.16,997649
0.16,1006480
0.16,1008255
0.16,1021021
0.16,1031170
0.16,1028031
0.16,1039165
0.16,1007755
0.16,1013770
0.16,1010381
0.16,980773
0.16,976589
0.17,951550
0.17,938693
0.17,901768
0.17,845766
0.17,833118
0.17,835228
0.17,830216
0.17,828925
0.17,834348
0.17,844669
0.17,847728
0.17,853220
0.17,849280
0.17,855084
0.17,861700
0.17,860959
0.17,863095
0.17,867602
0.17,863783
0.17,869330
0.17,866940
0.17,863759
0.17,854851
0.17,859530
0.17,869951
0.17,865158
0.17,863437
0.17,864221
0.17,857950
0.17,854150
0.17,854056
0.17,854952
0.17,852255
0.17,856257
0.17,848617
0.17,849013
0.17,848053
0.17,854611
0.17,861662
0.17,872281
0.17,882302
0.17,900553
0.17,933268
0.17,960882
0.17,898322
0.17,897878
0.17,891596
0.17,887780
0.17,877392
0.17,887874
0.17,888149
0.17,889385
0.17,888111
0.17,893524
0.17,891084
0.17,898354
0.17,905565
0.17,905454
0.17,911548
0.17,924828
0.17,963066
0.17,961749
0.17,963866
0.17,973339
0.17,972622
0.17,970500
0.17,990466
0.17,1004121
0.17,1007005
0.17,1009398
0.17,1018114
0.17,1018926
0.17,1016820
0.17,1006634
0.17,990549
0.17,964059
0.17,954635
0.17,946641
0.17,927377
0.17,911208
0.17,906309
0.17,893454
0.17,845182
0.17,842407
0.17,840268
0.17,846490
0.17,837480
0.17,848132
0.17,834391
0.17,835204
0.17,824169
0.18,826035
0.18,828005
0.18,829802
0.18,833740
0.18,833348
0.18,841758
0.18,837593
0.18,837179
0.18,839284
0.18,838417
0.18,831668
0.18,832889
0.18,830604
0.18,829617
0.18,829283
0.18,827341
0.18,828336
0.18,823972
0.18,820446
0.18,828056
0.18,829788
0.18,830134
0.18,825259
0.18,827084
0.18,830494
0.18,837379
0.18,836964
0.18,836507
0.18,844976
0.18,860247
0.18,909698
0.18,911181
0.18,916885
0.18,930638
0.18,927974
0.18,925645
0.18,948270
0.18,960115
0.18,958528
0.18,957286
0.18,968336
0.18,974070
0.18,977765
0.18,977148
0.18,963286
0.18,936407
0.18,931235
0.18,932696
0.18,932224
0.18,921755
0.18,912890
0.18,915011
0.18,881972
0.18,903067
0.18,906732
0.18,919149
0.18,911551
0.18,936711
0.18,939106
0.18,948767
0.18,956280
0.18,999500
0.18,1005627
0.18,956429
0.18,955372
0.18,929754
0.18,929405
0.18,923828
0.18,921505
0.18,921570
0.18,907629
0.18,904566
0.18,877480
0.18,877214
0.18,867610
0.18,857576
0.18,857489
0.18,854580
0.18,851900
0.18,863404
0.18,889633
0.18,909502
0.18,836736
0.18,832900
0.18,829857
0.18,827459
0.18,827888
0.18,832426
0.18,830051
0.18,829684
0.19,829205
0.19,830273
0.19,827643
0.19,816657
0.19,814802
0.19,811025
0.19,832849
0.19,822428
0.19,817061
0.19,815462
0.19,815905
0.19,807384
0.19,806640
0.19,802534
0.19,800909
0.19,801824
0.19,803225
0.19,803470
0.19,803616
0.19,808222
0.19,813129
0.19,809535
0.19,806655
0.19,800295
0.19,802129
0.19,802124
0.19,812076
0.19,813095
0.19,810644
0.19,820323
0.19,834246
0.19,884423
0.19,884063
0.19,890399
0.19,904529
0.19,928126
0.19,943609
0.19,955141
0.19,953780
0.19,950230
0.19,943633
0.19,944267
0.19,941001
0.19,928739
0.19,905491
0.19,903012
0.19,902432
0.19,897980
0.19,894103
0.19,895371
0.19,888740
0.19,883520
0.19,879445
0.19,843952
0.19,864814
0.19,866559
0.19,881182
0.19,874093
0.19,900979
0.19,905672
0.19,917181
0.19,930020
0.19,973144
0.19,970581
0.19,930253
0.19,929512
0.19,903229
0.19,901830
0.19,903091
0.19,906760
0.19,901186
0.19,892483
0.19,890878
0.19,872301
0.19,870875
0.19,860963
0.19,846868
0.19,846131
0.19,845175
0.19,837167
0.19,840994
0.19,840283
0.19,840563
0.19,835301
0.19,836307
0.19,832178
0.19,836650
0.19,862782
0.19,887792
0.20,819052
0.20,816636
0.20,815144
0.20,811294
0.20,806402
0.20,803432
0.20,798534
0.20,800699
0.20,796401
0.20,794362
0.20,791238
0.20,788352
0.20,786482
0.20,783828
0.20,781998
0.20,779412
0.20,780845
0.20,781080
0.20,780778
0.20,781912
0.20,782999
0.20,782624
0.20,782489
0.20,784818
0.20,787433
0.20,787910
0.20,792422
0.20,795608
0.20,798086
0.20,799441
0.20,800696
0.20,803280
0.20,806814
0.20,805667
0.20,809821
0.20,813392
0.20,808546
0.20,809125
0.20,808697
0.20,810598
0.20,813450
0.20,817224
0.20,820761
0.20,818134
0.20,820063
0.20,826563
0.20,828739
0.20,822378
0.20,822076
0.20,833121
0.20,827536
0.20,827428
0.20,813278
0.20,811986
0.20,810002
0.20,825864
0.20,827781
0.20,837213
0.20,853476
0.20,880967
0.20,958625
0.20,990544
0.20,930173
0.20,949086
0.20,971131
0.20,983101
0.20,989137
0.20,986219
0.20,983581
0.20,979523
0.20,969925
0.20,968850
0.20,955630
0.20,935353
0.20,936223
0.20,933689
0.20,926620
0.20,920313
0.20,914226
0.20,900058
0.20,892302
0.20,887623
0.20,844483
0.20,852748
0.20,852448
0.20,861425
0.20,855780
0.20,873199
0.20,873594
0.20,877465
0.21,887558
0.21,925057
0.21,920591
0.21,874561
0.21,865988
0.21,836866
0.21,820326
0.21,809481
0.21,807748
0.21,784374
0.21,777182
0.21,779622
0.21,781932
0.21,779561
0.21,777716
0.21,775458
0.21,776929
0.21,777085
0.21,775691
0.21,774178
0.21,774083
0.21,771942
0.21,772632
0.21,769238
0.21,771683
0.21,766635
0.21,764652
0.21,762883
0.21,761761
0.21,762564
0.21,765518
0.21,763301
0.21,763455
0.21,767090
0.21,774310
0.21,780127
0.21,780874
0.21,774945
0.21,776767
0.21,780117
0.21,781951
0.21,778933
0.21,781922
0.21,777268
0.21,780943
0.21,779069
0.21,786383
0.21,784942
0.21,789281
0.21,794149
0.21,791971
0.21,794587
0.21,796560
0.21,795257
0.21,788826
0.21,789877
0.21,795218
0.21,794643
0.21,796029
0.21,790890
0.21,792364
0.21,793617
0.21,800251
0.21,816778
0.21,818394
0.21,825641
0.21,840384
0.21,876698
0.21,901509
0.21,842425
0.21,842098
0.21,840942
0.21,848907
0.21,859463
0.21,907557
0.21,911178
0.21,914320
0.21,921705
0.21,943209
0.21,954351
0.21,965850
0.21,964829
0.21,959436
0.21,954941
0.21,951976
0.21,948817
0.21,935387
0.21,910151
0.21,908155
0.21,907063
0.21,896531
0.22,887796
0.22,886608
0.22,877071
0.22,876428
0.22,872135
0.22,825393
0.22,835570
0.22,833604
0.22,836041
0.22,830999
0.22,840897
0.22,839625
0.22,829778
0.22,831579
0.22,870402
0.22,848213
0.22,800014
0.22,797880
0.22,769606
0.22,766429
0.22,759821
0.22,759221
0.22,757311
0.22,755964
0.22,757530
0.22,761955
0.22,763653
0.22,764672
0.22,769267
0.22,772812
0.22,772783
0.22,770720
0.22,771645
0.22,768931
0.22,774586
0.22,773946
0.22,777695
0.22,787580
0.22,803509
0.22,853777
0.22,862748
0.22,864037
0.22,878410
0.22,903402
0.22,923039
0.22,935832
0.22,934763
0.22,924816
0.22,922892
0.22,922231
0.22,919578
0.22,907608
0.22,889122
0.22,881120
0.22,877660
0.22,865914
0.22,861699
0.22,856434
0.22,845107
0.22,850867
0.22,850982
0.22,826049
0.22,854057
0.22,856278
0.22,858541
0.22,857669
0.22,880642
0.22,877550
0.22,887528
0.22,888431
0.22,925352
0.22,923271
0.22,881819
0.22,888234
0.22,861792
0.22,862790
0.22,866636
0.22,890717
0.22,912234
0.22,838126
0.22,831494
0.22,816246
0.22,821376
0.22,808555
0.22,787807
0.22,784863
0.22,780369
0.22,776891
0.22,774952
0.22,774357
0.22,772371
0.22,767638
0.23,765912
0.23,764305
0.23,762604
0.23,760403
0.23,759246
0.23,755595
0.23,756755
0.23,755647
0.23,754723
0.23,755760
0.23,755740
0.23,754925
0.23,757367
0.23,754964
0.23,758908
0.23,761130
0.23,762484
0.23,763200
0.23,760748
0.23,759419
0.23,758988
0.23,763180
0.23,766496
0.23,764589
0.23,763118
0.23,763819
0.23,767331
0.23,758246
0.23,755384
0.23,751195
0.23,749094
0.23,747150
0.23,746253
0.23,744451
0.23,745883
0.23,741910
0.23,744008
0.23,742612
0.23,743704
0.23,746108
0.23,747861
0.23,751808
0.23,750720
0.23,751472
0.23,750097
0.23,750623
0.23,749365
0.23,748999
0.23,744498
0.23,743859
0.23,741143
0.23,741590
0.23,742496
0.23,742182
0.23,743499
0.23,743120
0.23,744703
0.23,747719
0.23,751734
0.23,755026
0.23,757912
0.23,764596
0.23,763888
0.23,764368
0.23,759468
0.23,761061
0.23,760257
0.23,765657
0.23,764559
0.23,768421
0.23,783537
0.23,787977
0.23,832181
0.23,836681
0.23,841086
0.23,853089
0.23,875492
0.23,887625
0.23,897810
0.23,897052
0.23,894294
0.23,892257
0.23,888058
0.23,885855
0.23,872572
0.23,851053
0.23,849416
0.23,847235
0.23,839509
0.24,831183
0.24,828207
0.24,819428
0.24,816588
0.24,814354
0.24,778373
0.24,802521
0.24,804634
0.24,810902
0.24,807955
0.24,826522
0.24,830000
0.24,845119
0.24,856341
0.24,903834
0.24,904549
0.24,860347
0.24,860681
0.24,837170
0.24,837294
0.24,838140
0.24,838239
0.24,840880
0.24,831598
0.24,829346
0.24,812653
0.24,814588
0.24,807364
0.24,791372
0.24,794072
0.24,789292
0.24,787901
0.24,788341
0.24,787340
0.24,789095
0.24,783774
0.24,782984
0.24,778644
0.24,772690
0.24,777348
0.24,776712
0.24,774173
0.24,779612
0.24,805541
0.24,825970
0.24,754903
0.24,744528
0.24,745728
0.24,748391
0.24,744359
0.24,744721
0.24,745777
0.24,745510
0.24,738975
0.24,737660
0.24,737154
0.24,735498
0.24,733964
0.24,731883
0.24,733793
0.24,733026
0.24,734341
0.24,735363
0.24,734938
0.24,735868
0.24,740307
0.24,741309
0.24,744498
0.24,745648
0.24,746476
0.24,749226
0.24,750536
0.24,748779
0.24,752552
0.24,752551
0.24,754480
0.24,754311
0.24,751872
0.24,754038
0.24,752764
0.24,752569
0.24,750046
0.24,751287
0.24,753215
0.24,758914
0.24,755966
0.24,754572
0.24,763075
0.24,776850
0.24,823795
0.25,826029
0.25,826370
0.25,840845
0.25,867552
0.25,881605
0.25,893741
0.25,892015
0.25,894509
0.25,888665
0.25,886363
0.25,888424
0.25,883203
0.25,863883
0.25,864764
0.25,858003
0.25,853850
0.25,850480
0.25,845888
0.25,834668
0.25,835929
0.25,829010
0.25,798628
0.25,823009
0.25,829329
0.25,836824
0.25,835786
0.25,856170
0.25,860034
0.25,872013
0.25,882686
0.25,920142
0.25,910824
0.25,868072
0.25,871072
0.25,838958
0.25,838702
0.25,825388
0.25,823273
0.25,820053
0.25,813390
0.25,819469
0.25,801898
0.25,807134
0.25,810118
0.25,816863
0.25,834587
0.25,759141
0.25,758516
0.25,754934
0.25,752711
0.25,747871
0.25,748787
0.25,748688
0.25,745900
0.25,743652
0.25,746841
0.25,746563
0.25,744369
0.25,741847
0.25,742202
0.25,741191
0.25,737975
0.25,730375
0.25,735876
0.25,728715
0.25,739661
0.25,726689
0.25,725264
0.25,723879
0.25,722541
0.25,721857
0.25,720545
0.25,720099
0.25,722287
0.25,725377
0.25,725495
0.25,728842
0.25,728076
0.25,727760
0.25,718813
0.25,716135
0.25,714427
0.25,713145
0.25,712384
0.25,711194
0.25,710581
0.25,709465
0.25,709830
0.25,707405
0.25,706300
0.25,705375
0.25,707175
0.26,708941
0.26,714699
0.26,704330
0.26,705791
0.26,707884
0.26,709734
0.26,711153
0.26,712330
0.26,715641
0.26,717945
0.26,717006
0.26,716470
0.26,718615
0.26,720723
0.26,724613
0.26,723096
0.26,721368
0.26,716648
0.26,715200
0.26,714704
0.26,713887
0.26,713692
0.26,715831
0.26,717608
0.26,721279
0.26,722530
0.26,720004
0.26,719402
0.26,720632
0.26,718372
0.26,714383
0.26,713547
0.26,708088
0.26,707581
0.26,712373
0.26,717892
0.26,721476
0.26,724084
0.26,730975
0.26,729604
0.26,730955
0.26,731526
0.26,736553
0.26,738386
0.26,753908
0.26,749551
0.26,754112
0.26,765943
0.26,778108
0.26,808771
0.26,825264
0.26,820573
0.26,830161
0.26,856162
0.26,856036
0.26,856873
0.26,854771
0.26,862486
0.26,861711
0.26,856721
0.26,840973
0.26,833431
0.26,805564
0.26,795723
0.26,802847
0.26,814726
0.26,811420
0.26,810872
0.26,811371
0.26,798227
0.26,800184
0.26,777557
0.26,801808
0.26,810499
0.26,831314
0.26,853122
0.26,881434
0.26,811912
0.26,819377
0.26,829303
0.26,870051
0.26,865971
0.26,817764
0.26,814325
0.26,790886
0.26,790554
0.26,789633
0.26,791276
0.26,791979
0.27,782622
0.27,780042
0.27,766612
0.27,764233
0.27,746959
0.27,722954
0.27,718183
0.27,712832
0.27,711528
0.27,711708
0.27,706756
0.27,704708
0.27,705033
0.27,703325
0.27,702337
0.27,701353
0.27,703916
0.27,706234
0.27,705075
0.27,702770
0.27,704079
0.27,703824
0.27,701765
0.27,700383
0.27,700340
0.27,699742
0.27,698429
0.27,696954
0.27,696080
0.27,695215
0.27,694395
0.27,693697
0.27,694733
0.27,696104
0.27,698722
0.27,698847
0.27,697737
0.27,696495
0.27,693885
0.27,692703
0.27,694889
0.27,696945
0.27,700097
0.27,703760
0.27,708558
0.27,709927
0.27,710207
0.27,710580
0.27,717439
0.27,720141
0.27,722172
0.27,718744
0.27,722162
0.27,725007
0.27,726543
0.27,729132
0.27,731532
0.27,727118
0.27,728057
0.27,728683
0.27,731012
0.27,729200
0.27,727129
0.27,728624
0.27,724382
0.27,725573
0.27,722641
0.27,715405
0.27,716403
0.27,720571
0.27,728025
0.27,736452
0.27,737690
0.27,738106
0.27,736939
0.27,735975
0.27,733375
0.27,738874
0.27,739563
0.27,748578
0.27,770036
0.27,804621
0.27,831864
0.27,764964
0.27,764332
0.27,762199
0.27,758658
0.27,755547
0.27,755111
0.27,759643
0.27,763165
0.27,760605
0.28,759647
0.28,757048
0.28,758259
0.28,755831
0.28,754115
0.28,752834
0.28,764589
0.28,759995
0.28,756753
0.28,763913
0.28,779966
0.28,813001
0.28,830098
0.28,832499
0.28,842776
0.28,874505
0.28,871690
0.28,873080
0.28,876738
0.28,884112
0.28,885441
0.28,877457
0.28,858435
0.28,852509
0.28,828902
0.28,811286
0.28,810000
0.28,803337
0.28,794103
0.28,805217
0.28,808472
0.28,790023
0.28,781534
0.28,729673
0.28,734205
0.28,722080
0.28,737608
0.28,708219
0.28,747555
0.28,741267
0.28,691997
0.28,692205
0.28,694209
0.28,697107
0.28,698139
0.28,704283
0.28,706807
0.28,709876
0.28,710054
0.28,717406
0.28,719991
0.28,721764
0.28,717077
0.28,721514
0.28,723608
0.28,724501
0.28,725641
0.28,728382
0.28,724889
0.28,725659
0.28,723677
0.28,725909
0.28,726361
0.28,727866
0.28,729841
0.28,723470
0.28,721850
0.28,719268
0.28,712827
0.28,713096
0.28,717200
0.28,725373
0.28,735456
0.28,737370
0.28,737934
0.28,735735
0.28,733948
0.28,730651
0.28,736756
0.28,738328
0.28,746750
0.28,766647
0.28,801568
0.28,828476
0.28,764582
0.28,766229
0.28,765709
0.28,763574
0.28,758704
0.28,756885
0.29,754284
0.29,755125
0.29,752146
0.29,754795
0.29,756847
0.29,757905
0.29,756794
0.29,754358
0.29,755469
0.29,753220
0.29,745861
0.29,743079
0.29,755965
0.29,755425
0.29,753474
0.29,762169
0.29,776024
0.29,809146
0.29,826118
0.29,827453
0.29,836616
0.29,872136
0.29,872591
0.29,873804
0.29,872577
0.29,876505
0.29,876129
0.29,869503
0.29,837440
0.29,833320
0.29,812227
0.29,805798
0.29,819704
0.29,814021
0.29,815671
0.29,817120
0.29,822663
0.29,805886
0.29,788092
0.29,751511
0.29,742080
0.29,768049
0.29,764987
0.29,710489
0.29,699005
0.29,690826
0.29,690125
0.29,689294
0.29,688601
0.29,687633
0.29,688966
0.29,689935
0.29,688081
0.29,686868
0.29,687227
0.29,688688
0.29,687912
0.29,687285
0.29,686110
0.29,685437
0.29,684574
0.29,687440
0.29,690412
0.29,698075
0.29,720255
0.29,719796
0.29,721971
0.29,698830
0.29,702928
0.29,690517
0.29,683904
0.29,683078
0.29,682476
0.29,681876
0.29,681286
0.29,680722
0.29,680926
0.29,680132
0.29,679578
0.29,679031
0.29,679119
0.29,678486
0.29,677967
0.29,677317
0.29,676827
0.29,676367
0.29,675961
0.29,675582
0.29,675236
0.29,674957
0.29,674650
0.30,687795
0.30,685714
0.30,675461
0.30,674204
0.30,674020
0.30,673855
0.30,673692
0.30,673623
0.30,673553
0.30,673512
0.30,673845
0.30,674140
0.30,674130
0.30,673104
0.30,672678
0.30,672461
0.30,672433
