0.00,6975697
0.00,6774742
0.00,6743695
0.00,6575348
0.00,6413790
0.00,6235315
0.00,6236911
0.00,6237560
0.00,6232817
0.01,6215166
0.01,6211565
0.01,6196785
0.01,6186088
0.01,6098374
0.01,5850673
0.01,5840951
0.01,5712162
0.01,5676947
0.01,5486098
0.01,5366119
0.01,5468191
0.01,5353972
0.01,5371546
0.01,5256307
0.01,5164460
0.01,5072502
0.01,4975937
0.01,4863183
0.01,4847162
0.01,4751288
0.01,4638061
0.01,4538623
0.01,4540555
0.01,4511506
0.01,4514321
0.01,4529435
0.01,4501690
0.01,4391265
0.01,4381294
0.01,4317665
0.01,4324747
0.01,4340790
0.01,4367313
0.01,4305262
0.01,4286379
0.01,4327408
0.01,4323736
0.01,4227895
0.01,4227550
0.02,4245806
0.02,4265045
0.02,4195200
0.02,4197249
0.02,4184533
0.02,4201824
0.02,4252782
0.02,4245057
0.02,4109277
0.02,4124345
0.02,4122281
0.02,4126432
0.02,4030257
0.02,3964823
0.02,3899393
0.02,3844095
0.02,3914360
0.02,3890633
0.02,3785808
0.02,3673542
0.02,3639619
0.02,3655259
0.02,3578319
0.02,3574983
0.02,3509828
0.02,3531275
0.02,3520853
0.02,3519426
0.02,3498783
0.02,3463373
0.02,3492387
0.02,3496647
0.02,3536032
0.02,3551275
0.02,3455151
0.02,3397719
0.02,3366229
0.02,3443462
0.02,3442928
0.02,3397536
0.02,3416773
0.02,3356774
0.02,3333139
0.02,3330388
0.02,3332265
0.02,3324795
0.02,3300583
0.02,3259480
0.02,3232081
0.02,3220508
0.02,3205150
0.02,3239505
0.02,3214383
0.02,3217719
0.02,3122473
0.02,3099164
0.02,3063794
0.02,3043375
0.02,3054951
0.02,2993648
0.02,2999608
0.02,2968992
0.02,2972937
0.02,2970398
0.02,2991000
0.02,2963576
0.02,2969614
0.02,2945468
0.02,2908724
0.02,2862357
0.02,2899528
0.02,2865912
0.02,2866933
0.02,2862729
0.02,2873407
0.02,2867838
0.02,2821296
0.02,2801361
0.02,2811106
0.02,2795633
0.02,2793170
0.02,2769137
0.02,2723603
0.02,2687545
0.02,2654405
0.02,2644456
0.02,2615101
0.02,2565311
0.02,2522727
0.02,2500886
0.02,2451980
0.02,2458508
0.02,2433305
0.03,2422244
0.03,2417216
0.03,2412880
0.03,2391250
0.03,2387012
0.03,2387043
0.03,2340418
0.03,2334754
0.03,2303124
0.03,2296803
0.03,2296229
0.03,2297288
0.03,2278771
0.03,2285931
0.03,2284177
0.03,2263571
0.03,2260314
0.03,2254678
0.03,2205098
0.03,2206624
0.03,2198095
0.03,2162258
0.03,2152500
0.03,2148492
0.03,2148277
0.03,2120972
0.03,2094307
0.03,2099199
0.03,2077033
0.03,2075804
0.03,2067163
0.03,2071695
0.03,2061673
0.03,2041781
0.03,2046314
0.03,2052146
0.03,2047567
0.03,2041665
0.03,2031060
0.03,2030823
0.03,2017389
0.03,1995268
0.03,1997238
0.03,2003364
0.03,1998913
0.03,1971407
0.03,1974113
0.03,1954727
0.03,1951002
0.03,1944729
0.03,1899109
0.03,1914558
0.03,1918945
0.03,1915732
0.03,1923861
0.03,1921767
0.03,1912919
0.03,1908747
0.03,1893250
0.03,1874570
0.03,1871943
0.03,1884176
0.03,1887418
0.03,1879699
0.03,1872369
0.03,1872658
0.03,1874337
0.03,1868421
0.03,1866631
0.03,1859198
0.03,1862988
0.03,1860703
0.03,1854551
0.03,1863458
0.03,1872269
0.03,1890869
0.03,1948491
0.03,1919885
0.03,1873851
0.03,1840793
0.03,1841620
0.03,1835152
0.03,1842952
0.03,1847171
0.03,1840054
0.03,1805244
0.03,1807965
0.03,1806654
0.03,1806998
0.04,1815728
0.04,1814226
0.04,1813149
0.04,1816185
0.04,1826823
0.04,1808634
0.04,1774439
0.04,1760117
0.04,1758886
0.04,1769365
0.04,1767212
0.04,1781884
0.04,1786934
0.04,1774024
0.04,1773314
0.04,1772584
0.04,1784324
0.04,1780122
0.04,1777854
0.04,1788905
0.04,1757639
0.04,1751438
0.04,1748512
0.04,1722005
0.04,1706312
0.04,1678677
0.04,1699842
0.04,1698773
0.04,1692203
0.04,1700458
0.04,1693188
0.04,1680485
0.04,1674855
0.04,1683857
0.04,1666706
0.04,1643175
0.04,1634770
0.04,1639314
0.04,1639352
0.04,1634431
0.04,1640467
0.04,1607661
0.04,1596607
0.04,1589767
0.04,1570713
0.04,1565195
0.04,1566159
0.04,1571792
0.04,1569553
0.04,1576493
0.04,1573607
0.04,1559981
0.04,1565438
0.04,1558330
0.04,1576042
0.04,1571652
0.04,1574036
0.04,1579764
0.04,1598824
0.04,1623795
0.04,1623298
0.04,1653023
0.04,1653296
0.04,1646828
0.04,1647994
0.04,1639426
0.04,1640928
0.04,1666487
0.04,1708157
0.04,1703033
0.04,1644691
0.04,1650904
0.04,1622636
0.04,1623410
0.04,1614251
0.04,1618981
0.04,1602117
0.04,1595562
0.04,1590959
0.04,1648341
0.04,1623057
0.04,1604591
0.04,1580671
0.04,1588385
0.04,1575503
0.04,1571029
0.04,1565353
0.04,1579059
0.04,1581429
0.04,1576199
0.04,1574013
0.04,1573262
0.05,1587062
0.05,1587952
0.05,1580260
0.05,1583618
0.05,1601608
0.05,1580031
0.05,1561941
0.05,1578565
0.05,1580812
0.05,1578580
0.05,1555583
0.05,1557545
0.05,1562965
0.05,1558032
0.05,1554527
0.05,1537437
0.05,1540327
0.05,1591248
0.05,1569362
0.05,1546796
0.05,1516409
0.05,1532990
0.05,1549531
0.05,1528852
0.05,1539232
0.05,1537862
0.05,1540051
0.05,1532848
0.05,1523136
0.05,1505642
0.05,1500820
0.05,1511716
0.05,1509707
0.05,1528581
0.05,1482122
0.05,1469231
0.05,1474011
0.05,1461682
0.05,1451165
0.05,1447430
0.05,1464152
0.05,1519157
0.05,1517503
0.05,1550638
0.05,1552572
0.05,1567342
0.05,1565664
0.05,1566232
0.05,1609323
0.05,1603707
0.05,1550821
0.05,1506542
0.05,1513376
0.05,1516689
0.05,1514070
0.05,1511073
0.05,1498775
0.05,1516192
0.05,1494039
0.05,1488170
0.05,1473875
0.05,1462685
0.05,1467335
0.05,1464104
0.05,1456748
0.05,1468361
0.05,1478208
0.05,1465313
0.05,1466850
0.05,1465326
0.05,1461010
0.05,1456503
0.05,1455425
0.05,1463736
0.05,1465370
0.05,1434757
0.05,1423288
0.05,1431762
0.05,1428686
0.05,1410098
0.05,1401744
0.05,1396867
0.05,1390451
0.05,1402501
0.05,1406496
0.05,1413339
0.05,1375037
0.05,1378693
0.05,1377597
0.05,1374286
0.06,1359885
0.06,1340105
0.06,1334740
0.06,1328732
0.06,1315700
0.06,1337146
0.06,1354018
0.06,1350422
0.06,1338773
0.06,1349327
0.06,1352069
0.06,1349302
0.06,1325633
0.06,1323491
0.06,1351501
0.06,1371166
0.06,1303932
0.06,1316158
0.06,1312869
0.06,1332385
0.06,1332285
0.06,1323695
0.06,1300412
0.06,1297814
0.06,1303718
0.06,1294939
0.06,1295657
0.06,1299577
0.06,1299731
0.06,1296813
0.06,1281693
0.06,1286713
0.06,1290948
0.06,1371738
0.06,1338275
0.06,1303793
0.06,1288837
0.06,1273724
0.06,1268530
0.06,1270470
0.06,1256169
0.06,1240637
0.06,1232916
0.06,1225990
0.06,1223725
0.06,1220964
0.06,1223111
0.06,1236727
0.06,1244805
0.06,1245003
0.06,1234584
0.06,1225998
0.06,1225675
0.06,1231272
0.06,1229808
0.06,1231196
0.06,1236875
0.06,1332630
0.06,1314195
0.06,1279247
0.06,1251072
0.06,1235313
0.06,1238812
0.06,1242449
0.06,1246596
0.06,1240841
0.06,1237895
0.06,1241823
0.06,1245307
0.06,1248250
0.06,1260481
0.06,1258845
0.06,1224312
0.06,1214149
0.06,1207122
0.06,1203001
0.06,1195808
0.06,1208363
0.06,1210745
0.06,1198189
0.06,1177644
0.06,1164378
0.06,1173049
0.06,1167523
0.06,1166540
0.06,1179536
0.06,1185188
0.06,1186636
0.06,1211111
0.07,1210297
0.07,1222518
0.07,1202381
0.07,1209055
0.07,1181921
0.07,1196716
0.07,1165510
0.07,1174502
0.07,1175297
0.07,1231453
0.07,1224696
0.07,1183959
0.07,1158619
0.07,1158544
0.07,1191435
0.07,1143380
0.07,1132649
0.07,1130001
0.07,1157109
0.07,1153698
0.07,1143811
0.07,1136612
0.07,1208290
0.07,1188307
0.07,1165632
0.07,1156524
0.07,1159552
0.07,1166970
0.07,1161375
0.07,1164686
0.07,1170855
0.07,1170811
0.07,1163535
0.07,1168774
0.07,1173795
0.07,1170212
0.07,1170584
0.07,1181202
0.07,1183437
0.07,1174240
0.07,1176327
0.07,1179532
0.07,1182404
0.07,1176629
0.07,1172390
0.07,1173388
0.07,1158867
0.07,1159668
0.07,1159763
0.07,1157910
0.07,1154477
0.07,1151090
0.07,1155990
0.07,1151029
0.07,1145820
0.07,1124775
0.07,1118969
0.07,1112114
0.07,1105764
0.07,1099299
0.07,1099896
0.07,1091365
0.07,1089710
0.07,1093443
0.07,1095666
0.07,1088582
0.07,1101277
0.07,1100279
0.07,1107248
0.07,1103283
0.07,1112946
0.07,1111958
0.07,1106838
0.07,1108384
0.07,1104084
0.07,1105544
0.07,1110735
0.07,1192220
0.07,1150761
0.07,1114029
0.07,1097601
0.07,1091936
0.07,1097076
0.07,1127563
0.07,1126699
0.07,1122809
0.07,1119199
0.07,1128561
0.07,1126527
0.07,1130136
0.08,1129486
0.08,1131514
0.08,1131186
0.08,1120346
0.08,1133454
0.08,1137253
0.08,1141911
0.08,1132987
0.08,1133249
0.08,1132827
0.08,1133294
0.08,1134484
0.08,1133687
0.08,1131027
0.08,1136562
0.08,1136482
0.08,1148347
0.08,1148567
0.08,1135434
0.08,1119100
0.08,1116682
0.08,1118296
0.08,1122153
0.08,1120288
0.08,1116791
0.08,1119416
0.08,1106552
0.08,1106971
0.08,1108949
0.08,1095581
0.08,1079825
0.08,1078745
0.08,1072297
0.08,1071062
0.08,1069857
0.08,1066267
0.08,1060100
0.08,1055629
0.08,1053888
0.08,1055095
0.08,1084762
0.08,1084020
0.08,1078521
0.08,1070108
0.08,1073267
0.08,1053825
0.08,1053435
0.08,1063203
0.08,1049663
0.08,1051470
0.08,1041423
0.08,1032936
0.08,1031012
0.08,1026994
0.08,1019173
0.08,1021068
0.08,1018019
0.08,1017191
0.08,1016532
0.08,1030622
0.08,1030222
0.08,1039466
0.08,1041587
0.08,1051173
0.08,1048861
0.08,1043252
0.08,1044985
0.08,1048470
0.08,1047403
0.08,1052570
0.08,1131274
0.08,1108076
0.08,1080989
0.08,1055944
0.08,1046089
0.08,1045225
0.08,1053205
0.08,1048454
0.08,1042176
0.08,1039103
0.08,1045039
0.08,1039219
0.08,1040597
0.08,1032034
0.08,1019013
0.08,1009111
0.08,1005284
0.08,1003676
0.08,1000026
0.08,998811
0.08,998859
0.09,998453
0.09,998895
0.09,1001186
0.09,997586
0.09,1001775
0.09,1009637
0.09,1006321
0.09,1011054
0.09,1007338
0.09,1020957
0.09,1032688
0.09,1027709
0.09,1025340
0.09,1023740
0.09,1028970
0.09,1023520
0.09,1022857
0.09,1024694
0.09,1025231
0.09,1020256
0.09,1022887
0.09,1037408
0.09,1059666
0.09,1091540
0.09,1108884
0.09,1024384
0.09,1019540
0.09,1018583
0.09,1025363
0.09,1024650
0.09,1029795
0.09,1031588
0.09,1029944
0.09,1019131
0.09,1007425
0.09,1005372
0.09,995255
0.09,992967
0.09,992000
0.09,995390
0.09,998776
0.09,993910
0.09,995852
0.09,1000221
0.09,999300
0.09,991341
0.09,992275
0.09,986135
0.09,987544
0.09,994862
0.09,1011684
0.09,1022198
0.09,1019068
0.09,1005507
0.09,1001602
0.09,1003675
0.09,1003048
0.09,1004439
0.09,1013339
0.09,1018033
0.09,1012320
0.09,1009709
0.09,1022353
0.09,1031819
0.09,1069748
0.09,1089926
0.09,1005465
0.09,989338
0.09,981167
0.09,973280
0.09,974247
0.09,979248
0.09,983679
0.09,978953
0.09,999502
0.09,999910
0.09,997461
0.09,996383
0.09,1012542
0.09,1007524
0.09,1010087
0.09,1005806
0.09,1003572
0.09,1006383
0.09,1005782
0.09,1006242
0.09,1004350
0.09,1002925
0.09,975986
0.09,963098
0.09,965907
0.10,970410
0.10,972988
0.10,976173
0.10,987129
0.10,991143
0.10,997675
0.10,1004143
0.10,999986
0.10,1003291
0.10,1006276
0.10,1007302
0.10,1011718
0.10,1015351
0.10,999465
0.10,1054210
0.10,1026209
0.10,994495
0.10,962480
0.10,952218
0.10,954018
0.10,951601
0.10,955575
0.10,953951
0.10,952033
0.10,950596
0.10,952459
0.10,952522
0.10,953150
0.10,950474
0.10,978205
0.10,963563
0.10,984679
0.10,1022487
0.10,1001891
0.10,952137
0.10,949766
0.10,939869
0.10,948273
0.10,934043
0.10,928435
0.10,933042
0.10,928773
0.10,922862
0.10,925020
0.10,920580
0.10,917765
0.10,911481
0.10,905459
0.10,900137
0.10,895035
0.10,897514
0.10,893393
0.10,891133
0.10,892239
0.10,895366
0.10,893547
0.10,891156
0.10,891686
0.10,885141
0.10,883653
0.10,888743
0.10,878916
0.10,876689
0.10,879792
0.10,884374
0.10,880912
0.10,898983
0.10,926798
0.10,945147
0.10,880575
0.10,876946
0.10,891503
0.10,891394
0.10,892693
0.10,890505
0.10,892217
0.10,899156
0.10,890253
0.10,885197
0.10,884324
0.10,874771
0.10,876877
0.10,871482
0.10,866720
0.10,863518
0.10,866641
0.10,872572
0.10,865487
0.11,869334
0.11,867204
0.11,866029
0.11,864781
0.11,852169
0.11,848779
0.11,846791
0.11,844717
0.11,908062
0.11,897819
0.11,892046
0.11,895521
0.11,875186
0.11,856482
0.11,853868
0.11,886598
0.11,893959
0.11,908603
0.11,906299
0.11,925968
0.11,931168
0.11,939817
0.11,987278
0.11,987138
0.11,953069
0.11,949036
0.11,956470
0.11,927275
0.11,927308
0.11,923807
0.11,918429
0.11,912823
0.11,903078
0.11,903301
0.11,887039
0.11,888070
0.11,880380
0.11,867085
0.11,866164
0.11,865457
0.11,875857
0.11,882628
0.11,888867
0.11,886383
0.11,879449
0.11,876795
0.11,879799
0.11,879375
0.11,880220
0.11,878365
0.11,879568
0.11,874009
0.11,877578
0.11,878900
0.11,876012
0.11,876786
0.11,879336
0.11,870301
0.11,875025
0.11,879540
0.11,879074
0.11,878500
0.11,881980
0.11,886514
0.11,885059
0.11,884656
0.11,884096
0.11,881767
0.11,884883
0.11,890059
0.11,883176
0.11,880720
0.11,875493
0.11,871984
0.11,871765
0.11,871024
0.11,867679
0.11,865853
0.11,866770
0.11,873681
0.11,884193
0.11,888270
0.11,888452
0.11,890531
0.11,885721
0.11,891388
0.11,883627
0.11,885596
0.11,887609
0.11,889142
0.12,896739
0.12,898335
0.12,895663
0.12,891411
0.12,891702
0.12,897307
0.12,964126
0.12,939921
0.12,904262
0.12,886558
0.12,878995
0.12,876025
0.12,877917
0.12,882732
0.12,878612
0.12,874253
0.12,868651
0.12,864717
0.12,857530
0.12,852835
0.12,842310
0.12,838161
0.12,837514
0.12,837065
0.12,839854
0.12,840678
0.12,842801
0.12,841365
0.12,833963
0.12,831220
0.12,835504
0.12,835640
0.12,836641
0.12,839481
0.12,848203
0.12,847846
0.12,846198
0.12,848132
0.12,848419
0.12,846866
0.12,845480
0.12,843172
0.12,837536
0.12,841885
0.12,858620
0.12,869535
0.12,864976
0.12,863414
0.12,860313
0.12,862557
0.12,858481
0.12,856579
0.12,855291
0.12,855734
0.12,854470
0.12,859713
0.12,856665
0.12,859124
0.12,853985
0.12,850613
0.12,841590
0.12,844534
0.12,849940
0.12,850027
0.12,848283
0.12,854426
0.12,854557
0.12,855949
0.12,855443
0.12,854924
0.12,854012
0.12,859315
0.12,867009
0.12,867933
0.12,867394
0.12,868175
0.12,869895
0.12,871401
0.12,872589
0.12,871769
0.12,874614
0.12,874807
0.12,875701
0.12,882207
0.12,882374
0.12,882609
0.12,882821
0.12,886681
0.12,892603
0.12,885675
0.12,875983
0.13,881073
0.13,876218
0.13,882530
0.13,886944
0.13,889007
0.13,881803
0.13,881208
0.13,870001
0.13,927924
0.13,887107
0.13,827341
0.13,830908
0.13,832507
0.13,834720
0.13,833195
0.13,823521
0.13,821044
0.13,817693
0.13,818773
0.13,813849
0.13,813803
0.13,816710
0.13,812889
0.13,813059
0.13,813470
0.13,813821
0.13,817669
0.13,819730
0.13,817303
0.13,812361
0.13,810762
0.13,811229
0.13,806748
0.13,802442
0.13,801087
0.13,803121
0.13,814220
0.13,826363
0.13,834748
0.13,838664
0.13,834719
0.13,833759
0.13,830876
0.13,832612
0.13,833628
0.13,832296
0.13,835075
0.13,835117
0.13,832357
0.13,832905
0.13,825985
0.13,823736
0.13,825457
0.13,821130
0.13,814271
0.13,820475
0.13,824708
0.13,823974
0.13,820420
0.13,823384
0.13,826547
0.13,831395
0.13,835387
0.13,836151
0.13,833649
0.13,840653
0.13,844935
0.13,843622
0.13,841110
0.13,843102
0.13,848054
0.13,851882
0.13,851839
0.13,843268
0.13,848582
0.13,843261
0.13,841639
0.13,845426
0.13,847982
0.13,843157
0.13,841780
0.13,842430
0.13,849573
0.13,836021
0.13,822602
0.13,824473
0.13,846689
0.13,868329
0.14,800554
0.14,800150
0.14,797756
0.14,800107
0.14,794690
0.14,793357
0.14,790413
0.14,790189
0.14,799252
0.14,825714
0.14,832936
0.14,836287
0.14,818979
0.14,797679
0.14,787806
0.14,786016
0.14,781949
0.14,784959
0.14,787700
0.14,784557
0.14,778802
0.14,775267
0.14,772841
0.14,770452
0.14,767789
0.14,765496
0.14,764899
0.14,762604
0.14,760467
0.14,761511
0.14,762626
0.14,763652
0.14,763384
0.14,768422
0.14,771999
0.14,775203
0.14,773778
0.14,770417
0.14,762783
0.14,756488
0.14,754254
0.14,755570
0.14,755063
0.14,754862
0.14,756372
0.14,756793
0.14,759387
0.14,760517
0.14,762054
0.14,765554
0.14,765719
0.14,765840
0.14,763774
0.14,755479
0.14,753078
0.14,752199
0.14,750277
0.14,749684
0.14,751080
0.14,755900
0.14,756035
0.14,758362
0.14,760046
0.14,762819
0.14,763667
0.14,763240
0.14,763663
0.14,768260
0.14,774391
0.14,771229
0.14,770156
0.14,764814
0.14,766876
0.14,765334
0.14,763106
0.14,761286
0.14,769613
0.14,767127
0.14,767915
0.14,764997
0.14,765261
0.14,764025
0.14,763682
0.14,763004
0.14,762635
0.14,762712
0.14,764971
0.14,769876
0.14,773102
0.15,780058
0.15,782961
0.15,780965
0.15,781958
0.15,780765
0.15,780051
0.15,782869
0.15,786061
0.15,788108
0.15,782895
0.15,782084
0.15,779527
0.15,779888
0.15,783962
0.15,781614
0.15,774258
0.15,775769
0.15,787155
0.15,787162
0.15,795410
0.15,800982
0.15,800480
0.15,796085
0.15,792923
0.15,791810
0.15,791573
0.15,788008
0.15,783839
0.15,790486
0.15,818106
0.15,840737
0.15,767917
0.15,763809
0.15,760610
0.15,760233
0.15,761553
0.15,761863
0.15,751260
0.15,750011
0.15,748129
0.15,748232
0.15,747559
0.15,745617
0.15,745285
0.15,743600
0.15,741922
0.15,741168
0.15,739727
0.15,738308
0.15,736939
0.15,738055
0.15,737845
0.15,737979
0.15,738076
0.15,748916
0.15,749534
0.15,754347
0.15,743145
0.15,740471
0.15,738617
0.15,737611
0.15,734870
0.15,739210
0.15,742793
0.15,737951
0.15,741705
0.15,755569
0.15,790982
0.15,824366
0.15,763347
0.15,769137
0.15,764488
0.15,765743
0.15,761888
0.15,756824
0.15,761746
0.15,763984
0.15,753755
0.15,753219
0.15,750750
0.15,753575
0.15,750710
0.15,747208
0.15,747042
0.15,744934
0.15,736435
0.15,737761
0.16,732999
0.16,731656
0.16,732886
0.16,738234
0.16,738633
0.16,735923
0.16,732239
0.16,734231
0.16,734700
0.16,738733
0.16,730963
0.16,737636
0.16,735595
0.16,736469
0.16,754241
0.16,786565
0.16,812791
0.16,759799
0.16,763785
0.16,762654
0.16,760077
0.16,758827
0.16,756042
0.16,754490
0.16,755529
0.16,755802
0.16,749828
0.16,748795
0.16,749811
0.16,748054
0.16,746054
0.16,741173
0.16,739826
0.16,735663
0.16,731854
0.16,732198
0.16,728450
0.16,730607
0.16,732205
0.16,741184
0.16,762409
0.16,797876
0.16,822856
0.16,765473
0.16,772657
0.16,772461
0.16,765836
0.16,757403
0.16,752571
0.16,756292
0.16,753329
0.16,749224
0.16,746600
0.16,748174
0.16,749425
0.16,745585
0.16,749652
0.16,753129
0.16,743605
0.16,736251
0.16,729941
0.16,730812
0.16,730548
0.16,727848
0.16,726775
0.16,725252
0.16,727159
0.16,726219
0.16,724989
0.16,724798
0.16,726666
0.16,730220
0.16,728485
0.16,731366
0.16,731765
0.16,731993
0.16,729254
0.16,733272
0.16,742023
0.16,762605
0.16,798818
0.16,825823
0.16,769576
0.16,777279
0.16,771970
0.16,769307
0.16,768290
0.16,758587
0.17,753501
0.17,751029
0.17,748506
0.17,745559
0.17,745662
0.17,746507
0.17,747852
0.17,745853
0.17,742019
0.17,744164
0.17,741976
0.17,732262
0.17,731053
0.17,728889
0.17,727313
0.17,728167
0.17,723145
0.17,724804
0.17,722627
0.17,719728
0.17,717862
0.17,716596
0.17,715371
0.17,714153
0.17,714309
0.17,712993
0.17,711805
0.17,710461
0.17,709317
0.17,708448
0.17,707343
0.17,709094
0.17,710042
0.17,712342
0.17,709372
0.17,708051
0.17,711618
0.17,714503
0.17,716690
0.17,718100
0.17,720560
0.17,725079
0.17,725350
0.17,725073
0.17,728733
0.17,730950
0.17,728355
0.17,724900
0.17,723079
0.17,722804
0.17,723109
0.17,724497
0.17,724821
0.17,729053
0.17,729296
0.17,726153
0.17,720946
0.17,722847
0.17,720512
0.17,721280
0.17,721944
0.17,722012
0.17,719637
0.17,720716
0.17,724170
0.17,731427
0.17,738383
0.17,741286
0.17,739835
0.17,743393
0.17,738473
0.17,739280
0.17,741959
0.17,743248
0.17,743884
0.17,740157
0.17,740177
0.17,741002
0.17,744510
0.17,743944
0.17,742931
0.17,739104
0.17,735256
0.17,736577
0.17,736454
0.17,734476
0.17,745351
0.17,745467
0.17,745075
0.18,748500
0.18,752199
0.18,756004
0.18,781251
0.18,803364
0.18,730439
0.18,728132
0.18,726809
0.18,729003
0.18,725227
0.18,722681
0.18,724698
0.18,721343
0.18,716616
0.18,716388
0.18,717378
0.18,721911
0.18,719464
0.18,712618
0.18,706173
0.18,704956
0.18,703939
0.18,705790
0.18,705566
0.18,705324
0.18,706735
0.18,706267
0.18,706600
0.18,709549
0.18,709163
0.18,708645
0.18,709962
0.18,712055
0.18,708969
0.18,704553
0.18,706044
0.18,705412
0.18,707663
0.18,709769
0.18,717275
0.18,738609
0.18,772507
0.18,799637
0.18,739997
0.18,751939
0.18,738867
0.18,737770
0.18,738372
0.18,732959
0.18,731994
0.18,732006
0.18,724700
0.18,726127
0.18,724330
0.18,724417
0.18,727566
0.18,732589
0.18,724437
0.18,720154
0.18,715082
0.18,710565
0.18,707040
0.18,705918
0.18,708649
0.18,707559
0.18,703521
0.18,703094
0.18,703032
0.18,704121
0.18,704092
0.18,702113
0.18,701221
0.18,701069
0.18,701380
0.18,699914
0.18,699255
0.18,698379
0.18,697509
0.18,696676
0.18,698082
0.18,697903
0.18,698434
0.18,697380
0.18,698333
0.18,700403
0.18,699701
0.18,701168
0.18,701960
0.18,702288
0.18,702913
0.19,702798
0.19,704836
0.19,703845
0.19,702888
0.19,707702
0.19,708138
0.19,710962
0.19,710899
0.19,713119
0.19,713469
0.19,713579
0.19,713609
0.19,713985
0.19,714735
0.19,709152
0.19,707332
0.19,705727
0.19,708945
0.19,711164
0.19,713791
0.19,714293
0.19,719660
0.19,720754
0.19,719712
0.19,715409
0.19,716293
0.19,720288
0.19,727371
0.19,735113
0.19,740821
0.19,739940
0.19,741505
0.19,741156
0.19,745096
0.19,764011
0.19,796747
0.19,819211
0.19,752759
0.19,755170
0.19,758347
0.19,759862
0.19,757497
0.19,757659
0.19,757387
0.19,758613
0.19,753475
0.19,749511
0.19,744223
0.19,744640
0.19,743137
0.19,742209
0.19,744431
0.19,748322
0.19,746717
0.19,752593
0.19,749437
0.19,745654
0.19,743159
0.19,742200
0.19,741784
0.19,737499
0.19,733538
0.19,734529
0.19,735853
0.19,724847
0.19,719413
0.19,717687
0.19,718403
0.19,718146
0.19,717220
0.19,710159
0.19,701219
0.19,695846
0.19,697352
0.19,696177
0.19,696322
0.19,694725
0.19,693979
0.19,694110
0.19,694246
0.19,697315
0.19,693781
0.19,694206
0.19,694875
0.19,697957
0.19,698703
0.19,698857
0.20,700937
0.20,700802
0.20,702558
0.20,701826
0.20,699046
0.20,701382
0.20,701747
0.20,703451
0.20,705137
0.20,705877
0.20,705064
0.20,704724
0.20,704934
0.20,706457
0.20,707231
0.20,708693
0.20,710001
0.20,707544
0.20,706345
0.20,705798
0.20,706076
0.20,707864
0.20,710473
0.20,711549
0.20,710181
0.20,714990
0.20,716373
0.20,721396
0.20,724654
0.20,732176
0.20,735496
0.20,735454
0.20,738105
0.20,738201
0.20,740754
0.20,758940
0.20,792630
0.20,818657
0.20,753458
0.20,753840
0.20,749737
0.20,749673
0.20,747397
0.20,751094
0.20,752873
0.20,754289
0.20,751594
0.20,748898
0.20,748063
0.20,748030
0.20,745161
0.20,740807
0.20,741175
0.20,740878
0.20,738925
0.20,743269
0.20,746192
0.20,743661
0.20,746029
0.20,743079
0.20,739481
0.20,739036
0.20,738442
0.20,740612
0.20,735314
0.20,729914
0.20,725990
0.20,725396
0.20,722259
0.20,722745
0.20,722802
0.20,721222
0.20,710544
0.20,700836
0.20,694322
0.20,692622
0.20,691963
0.20,696712
0.20,696504
0.20,694008
0.20,694753
0.20,693688
0.20,694450
0.20,696482
0.20,698205
0.20,702753
0.20,704607
0.20,705356
0.21,706178
0.21,704405
0.21,697656
0.21,698961
0.21,699274
0.21,697152
0.21,691332
0.21,690250
0.21,690536
0.21,689935
0.21,690329
0.21,688559
0.21,688953
0.21,701860
0.21,713365
0.21,691521
0.21,730264
0.21,733636
0.21,740401
0.21,745441
0.21,764707
0.21,766812
0.21,775778
0.21,827396
0.21,831766
0.21,795877
0.21,789170
0.21,791736
0.21,766486
0.21,766273
0.21,759979
0.21,756237
0.21,754215
0.21,748865
0.21,744595
0.21,725294
0.21,724882
0.21,717604
0.21,702737
0.21,698849
0.21,700636
0.21,699693
0.21,695576
0.21,693805
0.21,693761
0.21,693806
0.21,694441
0.21,689928
0.21,689671
0.21,690834
0.21,692330
0.21,695435
0.21,696600
0.21,697436
0.21,698373
0.21,695491
0.21,695724
0.21,697458
0.21,704341
0.21,712399
0.21,720064
0.21,729077
0.21,730724
0.21,730620
0.21,730737
0.21,734069
0.21,750941
0.21,784261
0.21,809260
0.21,741902
0.21,741280
0.21,737717
0.21,729447
0.21,725389
0.21,724730
0.21,727464
0.21,730838
0.21,730124
0.21,729169
0.21,730159
0.21,730027
0.21,726604
0.21,725123
0.21,727015
0.21,727939
0.21,725682
0.21,726954
0.21,725662
0.21,723514
0.21,725284
0.22,725001
0.22,722679
0.22,723225
0.22,724824
0.22,726124
0.22,726641
0.22,726806
0.22,725862
0.22,720381
0.22,722561
0.22,728406
0.22,725761
0.22,724216
0.22,718216
0.22,715216
0.22,711954
0.22,708956
0.22,704264
0.22,706028
0.22,708667
0.22,708759
0.22,704626
0.22,707609
0.22,700677
0.22,695761
0.22,692385
0.22,689746
0.22,685280
0.22,707145
0.22,690689
0.22,729432
0.22,732804
0.22,739569
0.22,744609
0.22,763875
0.22,765980
0.22,774946
0.22,826564
0.22,830934
0.22,795045
0.22,788338
0.22,790904
0.22,765654
0.22,765441
0.22,759147
0.22,755405
0.22,753383
0.22,748033
0.22,743763
0.22,724462
0.22,724050
0.22,716772
0.22,701905
0.22,698017
0.22,699804
0.22,698861
0.22,694744
0.22,692973
0.22,692929
0.22,692974
0.22,693609
0.22,689096
0.22,688839
0.22,690002
0.22,691498
0.22,694603
0.22,695768
0.22,696604
0.22,697541
0.22,694659
0.22,694892
0.22,696626
0.22,703509
0.22,711567
0.22,719232
0.22,728245
0.22,729892
0.22,729788
0.22,729905
0.22,733237
0.22,750109
0.22,783429
0.22,808428
0.22,741070
0.22,740448
0.22,736885
0.22,728615
0.22,724557
0.22,723898
0.23,726632
0.23,730006
0.23,729292
0.23,728337
0.23,729327
0.23,729195
0.23,725772
0.23,724291
0.23,726183
0.23,727107
0.23,724850
0.23,726122
0.23,724830
0.23,722682
0.23,724452
0.23,724169
0.23,721847
0.23,722393
0.23,723992
0.23,725292
0.23,725809
0.23,725974
0.23,725030
0.23,719549
0.23,721729
0.23,727574
0.23,724929
0.23,723384
0.23,717384
0.23,714384
0.23,711122
0.23,708124
0.23,703432
0.23,705196
0.23,707835
0.23,707927
0.23,703794
0.23,706777
0.23,699845
0.23,694929
0.23,691553
0.23,688914
0.23,684448
0.23,688026
0.23,689826
0.23,719038
0.23,732433
0.23,741918
0.23,740426
0.23,762631
0.23,765214
0.23,772924
0.23,821627
0.23,825838
0.23,793841
0.23,786629
0.23,789366
0.23,763341
0.23,764789
0.23,758871
0.23,754629
0.23,751854
0.23,744816
0.23,742728
0.23,725588
0.23,723217
0.23,716741
0.23,701462
0.23,696858
0.23,695655
0.23,698439
0.23,692252
0.23,690999
0.23,691333
0.23,691131
0.23,692852
0.23,689206
0.23,687827
0.23,687875
0.23,689350
0.23,691987
0.23,693785
0.23,694471
0.23,696704
0.23,694625
0.23,692919
0.23,693911
0.23,695042
0.24,703131
0.24,712106
0.24,720208
0.24,727861
0.24,728715
0.24,728780
0.24,729099
0.24,731770
0.24,749226
0.24,782752
0.24,806460
0.24,738225
0.24,737913
0.24,727635
0.24,725953
0.24,724294
0.24,725161
0.24,727505
0.24,732333
0.24,728949
0.24,728985
0.24,727661
0.24,726011
0.24,723212
0.24,724669
0.24,726245
0.24,725789
0.24,725514
0.24,725087
0.24,722575
0.24,723806
0.24,723619
0.24,723002
0.24,721214
0.24,724469
0.24,725019
0.24,725275
0.24,725134
0.24,725666
0.24,723980
0.24,719058
0.24,722873
0.24,726413
0.24,724407
0.24,722228
0.24,715351
0.24,709299
0.24,710290
0.24,708458
0.24,702889
0.24,706355
0.24,710533
0.24,705214
0.24,705544
0.24,703515
0.24,696124
0.24,692627
0.24,689561
0.24,688336
0.24,683455
0.24,682868
0.24,682283
0.24,681725
0.24,681037
0.24,680497
0.24,680904
0.24,681052
0.24,705428
0.24,704393
0.24,724182
0.24,715169
0.24,729971
0.24,741406
0.24,760310
0.24,758465
0.24,769317
0.24,817234
0.24,817469
0.24,782612
0.24,779537
0.24,785230
0.24,758840
0.24,759420
0.24,754452
0.24,752420
0.24,749444
0.24,741070
0.24,736605
0.24,719808
0.24,721872
0.25,715348
0.25,699068
0.25,695618
0.25,693255
0.25,691686
0.25,686934
0.25,687148
0.25,685684
0.25,686347
0.25,688191
0.25,685331
0.25,685907
0.25,685618
0.25,684822
0.25,686347
0.25,687599
0.25,688415
0.25,691229
0.25,690127
0.25,690521
0.25,690391
0.25,689011
0.25,690951
0.25,693926
0.25,703003
0.25,710969
0.25,717468
0.25,724316
0.25,725747
0.25,725434
0.25,725492
0.25,728368
0.25,744839
0.25,776534
0.25,800122
0.25,725193
0.25,724553
0.25,723269
0.25,725465
0.25,724952
0.25,726915
0.25,728080
0.25,731258
0.25,726675
0.25,723848
0.25,721063
0.25,721445
0.25,721912
0.25,721935
0.25,724424
0.25,724804
0.25,721433
0.25,722354
0.25,721154
0.25,720261
0.25,720334
0.25,722899
0.25,723697
0.25,723978
0.25,723051
0.25,722789
0.25,722428
0.25,722713
0.25,722820
0.25,717326
0.25,719518
0.25,722952
0.25,719475
0.25,714395
0.25,708765
0.25,707812
0.25,709024
0.25,710595
0.25,705884
0.25,705868
0.25,708912
0.25,702676
0.25,697105
0.25,695922
0.25,690447
0.25,687719
0.25,682264
0.25,679973
0.25,680873
0.25,681417
0.25,681768
0.25,679469
0.25,678821
0.25,678376
0.26,677830
0.26,677333
0.26,676875
0.26,676456
0.26,676078
0.26,675714
0.26,675373
0.26,678102
0.26,675060
0.26,674760
0.26,674500
0.26,674268
0.26,674039
0.26,673692
0.26,673520
0.26,673363
0.26,673160
0.26,673046
0.26,672924
0.26,672853
0.26,672787
0.26,673290
0.26,673715
0.26,674021
0.26,698943
0.26,711309
0.26,752315
0.26,719808
0.26,718830
0.26,725289
0.26,753998
0.26,755522
0.26,758244
0.26,809647
0.26,810297
0.26,774482
0.26,768661
0.26,774523
0.26,751564
0.26,751685
0.26,746626
0.26,743934
0.26,742772
0.26,734530
0.26,729566
0.26,712005
0.26,712044
0.26,706008
0.26,690729
0.26,686125
0.26,685031
0.26,687721
0.26,682371
0.26,680496
0.26,680465
0.26,680148
0.26,680339
0.26,677754
0.26,678035
0.26,678915
0.26,677585
0.26,679129
0.26,680593
0.26,680684
0.26,682397
0.26,682072
0.26,682713
0.26,683141
0.26,682627
0.26,683156
0.26,684914
0.26,688600
0.26,696130
0.26,704542
0.26,710531
0.26,717615
0.26,718409
0.26,718459
0.26,718301
0.26,719680
0.26,736008
0.26,768669
0.26,784887
0.26,715759
0.26,718066
0.26,718636
0.27,720140
0.27,721088
0.27,720380
0.27,722524
0.27,723611
0.27,717283
0.27,715033
0.27,714096
0.27,715140
0.27,715354
0.27,717211
0.27,717780
0.27,716886
0.27,715620
0.27,714940
0.27,713912
0.27,714526
0.27,716133
0.27,717904
0.27,717190
0.27,717360
0.27,716155
0.27,715632
0.27,715747
0.27,717487
0.27,715248
0.27,710300
0.27,711935
0.27,714435
0.27,708559
0.27,707964
0.27,704181
0.27,700536
0.27,703337
0.27,709185
0.27,699237
0.27,701796
0.27,699427
0.27,692741
0.27,688504
0.27,688057
0.27,682740
0.27,676131
0.27,672722
0.27,673674
0.27,673197
0.27,673604
0.27,673752
0.27,698128
0.27,697093
0.27,716882
0.27,707869
0.27,722671
0.27,734106
0.27,753010
0.27,751165
0.27,762017
0.27,809934
0.27,810169
0.27,775312
0.27,772237
0.27,777930
0.27,751540
0.27,752120
0.27,747152
0.27,745120
0.27,742144
0.27,733770
0.27,729305
0.27,712245
0.27,712275
0.27,704997
0.27,690130
0.27,686349
0.27,688007
0.27,687876
0.27,683551
0.27,680390
0.27,679996
0.27,679677
0.27,680891
0.27,678031
0.27,678607
0.27,677102
0.27,677500
0.27,680373
0.27,680430
0.27,681558
0.27,683929
0.27,682984
0.28,683522
0.28,683297
0.28,681647
0.28,683651
0.28,686210
0.28,696042
0.28,703616
0.28,710666
0.28,716884
0.28,718513
0.28,718262
0.28,718311
0.28,721164
0.28,737116
0.28,769234
0.28,792822
0.28,717893
0.28,717253
0.28,716391
0.28,718167
0.28,717650
0.28,719615
0.28,720780
0.28,723958
0.28,719375
0.28,716548
0.28,713763
0.28,713384
0.28,714625
0.28,716104
0.28,717141
0.28,717261
0.28,714133
0.28,714243
0.28,713660
0.28,713155
0.28,714157
0.28,715599
0.28,716397
0.28,716678
0.28,715751
0.28,715489
0.28,715128
0.28,715413
0.28,715520
0.28,710026
0.28,712218
0.28,715652
0.28,712175
0.28,707095
0.28,701465
0.28,698395
0.28,699816
0.28,705203
0.28,699809
0.28,698568
0.28,701612
0.28,695376
0.28,689805
0.28,688622
0.28,683147
0.28,680419
0.28,674964
0.28,672673
0.28,672637
0.28,672617
0.28,672614
