0.01, 7070696
0.01, 7069522
0.01, 7069202
0.01, 7016250
0.01, 7014880
0.01, 7000241
0.01, 6964093
0.01, 6960242
0.01, 6954285
0.01, 6903955
0.01, 6903858
0.01, 6898758
0.01, 6895909
0.01, 6893137
0.01, 6887674
0.01, 6878429
0.01, 6875061
0.01, 6872227
0.01, 6865204
0.01, 6839328
0.01, 6810422
0.01, 6798707
0.01, 6796961
0.01, 6796065
0.01, 6787146
0.01, 6787095
0.01, 6778822
0.01, 6775024
0.01, 6769123
0.01, 6687947
0.01, 6655192
0.01, 6643016
0.01, 6635201
0.01, 6630821
0.01, 6630507
0.01, 6616938
0.01, 6578960
0.01, 6463281
0.01, 6440141
0.01, 6438326
0.01, 6431012
0.01, 6425842
0.01, 6416075
0.01, 6402642
0.01, 6397973
0.01, 6395631
0.01, 6383425
0.01, 6379368
0.01, 6374960
0.01, 6337164
0.01, 6320737
0.01, 6294322
0.01, 6284150
0.01, 6275797
0.01, 6274812
0.01, 6263366
0.01, 6256622
0.01, 6233750
0.01, 6203956
0.01, 6203559
0.01, 6177083
0.01, 6153411
0.01, 6153104
0.01, 6148740
0.01, 6147016
0.01, 6144626
0.01, 6139141
0.01, 6068038
0.01, 6038048
0.01, 6011183
0.01, 6003696
0.01, 5994112
0.01, 5962905
0.01, 5883947
0.01, 5878577
0.01, 5870387
0.01, 5851052
0.01, 5850486
0.01, 5828955
0.01, 5805800
0.01, 5764310
0.01, 5759233
0.01, 5758820
0.01, 5758554
0.02, 5751864
0.02, 5725360
0.02, 5709235
0.02, 5708110
0.02, 5692849
0.02, 5684872
0.02, 5684729
0.02, 5679922
0.02, 5676863
0.02, 5652192
0.02, 5650208
0.03, 5645156
0.03, 5643444
0.03, 5643051
0.03, 5640703
0.03, 5636201
0.03, 5619312
0.03, 5617510
0.03, 5616892
0.03, 5615658
0.03, 5592268
0.03, 5590146
0.03, 5589265
0.03, 5587592
0.03, 5585114
0.03, 5569572
0.03, 5565289
0.04, 5562992
0.04, 5554918
0.04, 5554916
0.04, 5553379
0.04, 5525166
0.04, 5522106
0.04, 5514151
0.04, 5512829
0.04, 5500613
0.04, 5487229
0.04, 5481867
0.04, 5474940
0.04, 5439880
0.04, 5423432
0.04, 5398375
0.04, 5354776
0.04, 5353624
0.04, 5351353
0.04, 5348111
0.04, 5344191
0.04, 5341893
0.04, 5330757
0.04, 5297123
0.04, 5257738
0.04, 5230245
0.04, 5228749
0.10, 5196525
0.10, 5188492
0.13, 5174764
0.13, 5174741
0.13, 5172284
0.13, 5162925
0.13, 5148575
0.13, 5145638
0.15, 5128089
0.15, 5123851
0.15, 5121617
0.15, 5113016
0.15, 5039253
0.15, 5036339
0.15, 5026400
0.15, 5018895
0.15, 4986127
0.15, 4975022
0.15, 4973996
0.15, 4973140
0.15, 4944265
0.15, 4933599
0.15, 4912873
0.15, 4861617
0.15, 4852547
0.15, 4844249
0.15, 4844232
0.22, 4823961
0.22, 4810587
0.23, 4801120
0.23, 4721041
0.23, 4719536
0.23, 4718444
0.23, 4705845
0.23, 4705837
0.23, 4696387
0.23, 4692959
0.23, 4677075
0.23, 4673925
0.23, 4673561
0.23, 4615676
0.23, 4612145
0.23, 4591901
0.23, 4587564
0.23, 4587363
0.23, 4574253
0.23, 4573517
0.23, 4557912
0.23, 4555270
0.23, 4552573
0.23, 4543501
0.23, 4535095
0.23, 4459807
0.23, 4459588
0.23, 4433871
0.23, 4430538
0.23, 4423168
0.39, 4422879
0.39, 4410908
0.39, 4353363
0.39, 4347075
0.39, 4336554
0.39, 4324733
0.39, 4309351
0.39, 4308488
0.46, 4307920
0.47, 4305582
0.47, 4299273
0.47, 4271906
0.47, 4264981
0.47, 4238579
0.47, 4237116
0.47, 4218563
0.47, 4198571
0.47, 4195976
0.47, 4188894
0.47, 4173928
0.47, 4170399
0.47, 4158639
0.47, 4151098
0.47, 4143567
0.47, 4130893
0.47, 4128954
0.52, 4127320
0.52, 4108477
0.52, 4106881
0.52, 4104980
0.52, 4097855
0.52, 4097219
0.52, 4096067
0.52, 4081666
0.52, 4076733
0.52, 4071565
0.52, 4067062
0.52, 4066072
0.52, 4065951
0.52, 4064528
0.52, 4062717
0.52, 4055896
0.52, 4034982
0.52, 4031806
0.52, 4010446
0.52, 4010196
0.52, 3998234
0.52, 3993225
0.52, 3987993
0.52, 3987007
0.52, 3982286
0.52, 3979642
0.52, 3965716
0.52, 3946176
0.52, 3944479
0.52, 3938226
0.52, 3921346
0.52, 3916120
0.56, 3908957
0.56, 3900626
0.56, 3898374
0.58, 3870038
0.58, 3868734
0.58, 3838102
0.58, 3837939
0.58, 3827882
0.58, 3826233
0.58, 3821850
0.59, 3820652
0.59, 3816904
0.59, 3801995
0.59, 3801754
0.59, 3789567
0.60, 3789038
0.60, 3778328
0.60, 3778117
0.60, 3777673
0.60, 3766033
0.60, 3765056
0.64, 3749727
0.64, 3747255
0.64, 3741028
0.64, 3740729
0.64, 3740712
0.64, 3739493
0.64, 3733886
0.64, 3718792
0.64, 3718459
0.64, 3717269
0.64, 3716544
0.64, 3684060
0.64, 3679964
0.64, 3673361
0.64, 3671847
0.64, 3657675
0.64, 3639324
0.64, 3628373
0.64, 3626116
0.64, 3618180
0.64, 3588491
0.64, 3587113
0.64, 3586772
0.64, 3585031
0.64, 3584176
0.64, 3569347
0.64, 3567514
0.64, 3564725
0.65, 3562997
0.65, 3560581
0.65, 3557368
0.65, 3545509
0.65, 3534841
0.65, 3531059
0.65, 3528453
0.65, 3523583
0.65, 3515264
0.68, 3513498
0.68, 3506154
0.68, 3503458
0.68, 3494347
0.68, 3494182
0.68, 3474937
0.69, 3468898
0.69, 3468866
0.69, 3465203
0.69, 3449994
0.69, 3449928
0.69, 3431930
0.69, 3423377
0.72, 3410518
0.72, 3401310
0.72, 3396649
0.72, 3396566
0.72, 3392363
0.72, 3389204
0.72, 3388867
0.72, 3386106
0.72, 3385362
0.72, 3381260
0.72, 3327680
0.72, 3295987
0.72, 3282606
0.72, 3281603
0.72, 3276002
0.72, 3274634
0.72, 3271729
0.75, 3271121
0.75, 3271025
0.75, 3264297
0.75, 3259124
0.75, 3232273
0.75, 3225032
0.75, 3202967
0.75, 3201064
0.75, 3198787
0.75, 3190778
0.75, 3186698
0.75, 3185158
0.75, 3177273
0.75, 3165174
0.75, 3159097
0.76, 3152028
0.76, 3150239
0.76, 3144252
0.76, 3137810
0.81, 3108992
0.81, 3108784
0.81, 3107926
0.81, 3106731
0.81, 3096235
0.81, 3095291
0.81, 3093797
0.81, 3091185
0.81, 3088597
0.82, 3080317
0.82, 3063387
0.82, 3061841
0.82, 3059753
0.82, 3035836
0.82, 3034512
0.82, 3034109
0.82, 3010314
0.82, 3007801
0.83, 2996341
0.83, 2996088
0.83, 2995383
0.83, 2993989
0.83, 2991436
0.83, 2982480
0.83, 2972712
0.83, 2970219
0.83, 2955326
0.83, 2955277
0.83, 2952174
0.83, 2941518
0.83, 2941283
0.83, 2930028
0.83, 2928973
0.83, 2928482
0.83, 2925736
0.83, 2925007
0.83, 2921911
0.83, 2921385
0.83, 2911914
0.83, 2903090
0.89, 2891918
0.89, 2890224
0.90, 2889364
0.90, 2881336
0.90, 2877261
0.90, 2877210
0.90, 2873694
0.90, 2868132
0.90, 2865785
0.90, 2853798
0.90, 2838688
0.90, 2837616
0.90, 2834149
0.90, 2832609
0.90, 2798004
0.90, 2789294
0.90, 2780893
0.90, 2775257
0.90, 2766399
0.90, 2760073
0.90, 2755351
0.90, 2752030
0.90, 2736827
0.90, 2736100
0.90, 2735169
0.90, 2732551
0.90, 2721952
0.90, 2718604
0.96, 2704646
0.96, 2696090
0.96, 2695769
0.96, 2694366
0.97, 2684162
0.98, 2663681
0.98, 2660655
0.99, 2650327
0.99, 2649488
0.99, 2646815
0.99, 2645125
0.99, 2642594
0.99, 2642479
0.99, 2631163
0.99, 2620166
0.99, 2619303
0.99, 2617574
0.99, 2612281
0.99, 2608183
0.99, 2600674
0.99, 2596184
0.99, 2595478
0.99, 2583715
0.99, 2575233
0.99, 2565531
1.00, 2564071
1.00, 2562829
1.00, 2556953
1.00, 2555390
1.00, 2554993
1.00, 2551192
1.00, 2541795
1.00, 2538641
1.01, 2535532
1.01, 2534948
1.01, 2519630
1.01, 2512379
1.01, 2509263
1.01, 2485266
1.01, 2482976
1.01, 2477795
1.01, 2477445
1.01, 2477378
1.01, 2455912
1.01, 2455492
1.01, 2443614
1.01, 2439789
1.01, 2438836
1.01, 2430315
1.01, 2404759
1.01, 2395721
1.01, 2393337
1.01, 2392418
1.01, 2389085
1.01, 2378861
1.01, 2372624
1.01, 2370002
1.01, 2350815
1.01, 2348961
1.01, 2346550
1.01, 2334539
1.01, 2328138
1.01, 2325726
1.01, 2317210
1.07, 2315335
1.08, 2311152
1.08, 2309947
1.08, 2309541
1.08, 2307845
1.08, 2299065
1.08, 2291464
1.08, 2288517
1.08, 2285109
1.08, 2284657
1.08, 2275596
1.08, 2263947
1.08, 2262273
1.08, 2262189
1.08, 2258195
1.08, 2256917
1.08, 2249445
1.08, 2246631
1.08, 2246241
1.08, 2225043
1.08, 2184763
1.08, 2181993
1.08, 2181320
1.08, 2162013
1.08, 2160197
1.08, 2154815
1.08, 2154262
1.09, 2153748
1.09, 2148078
1.11, 2145578
1.11, 2119803
1.11, 2118816
1.11, 2117161
1.11, 2116768
1.17, 2110722
1.17, 2109567
1.17, 2107026
1.17, 2092091
1.17, 2090715
1.17, 2089682
1.17, 2086504
1.17, 2085266
1.18, 2083010
1.18, 2082813
1.18, 2075106
1.18, 2069210
1.18, 2067974
1.18, 2058575
1.18, 2056067
1.18, 2053922
1.18, 2053806
1.18, 2049500
1.18, 2045928
1.18, 2040216
1.18, 2037803
1.18, 2033458
1.18, 2013360
1.18, 2009819
1.18, 2009478
1.18, 2007849
1.19, 2002219
1.19, 2000998
1.19, 1991832
1.19, 1988671
1.19, 1980574
1.19, 1980359
1.19, 1971392
1.22, 1969456
1.22, 1964892
1.22, 1964387
1.22, 1961144
1.22, 1959649
1.22, 1958521
1.22, 1956463
1.22, 1945204
1.24, 1936340
1.24, 1929804
1.24, 1928640
1.24, 1921577
1.24, 1920947
1.24, 1912317
1.24, 1907359
1.24, 1904345
1.24, 1902717
1.26, 1888704
1.26, 1882473
1.26, 1878829
1.26, 1864039
1.26, 1863840
1.26, 1863510
1.26, 1863400
1.26, 1860897
1.30, 1855326
1.30, 1853899
1.30, 1847353
1.30, 1836278
1.30, 1831658
1.30, 1829642
1.30, 1828050
1.30, 1827539
1.33, 1824038
1.33, 1819455
1.33, 1817882
1.33, 1811482
1.34, 1784009
1.34, 1770888
1.34, 1769391
1.34, 1768239
1.34, 1761980
1.34, 1757600
1.34, 1755006
1.34, 1754282
1.34, 1747891
1.34, 1746876
1.34, 1745289
1.34, 1744958
1.34, 1740882
1.34, 1740647
1.34, 1737498
1.34, 1732421
1.34, 1731496
1.34, 1729224
1.34, 1726446
1.34, 1718071
1.34, 1713464
1.34, 1711217
1.34, 1711209
1.34, 1710596
1.34, 1702815
1.34, 1702376
1.34, 1697321
1.34, 1693312
1.34, 1679475
1.34, 1670928
1.44, 1668449
1.44, 1667663
1.44, 1665289
1.44, 1662627
1.45, 1662374
1.45, 1661908
1.45, 1660862
1.45, 1659583
1.45, 1659350
1.45, 1652061
1.45, 1651396
1.47, 1650248
1.47, 1647751
1.47, 1647647
1.47, 1642891
1.47, 1641011
1.47, 1638757
1.47, 1629240
1.47, 1629228
1.47, 1629062
1.47, 1628018
1.47, 1624912
1.47, 1623951
1.47, 1621951
1.47, 1621484
1.47, 1621002
1.47, 1619107
1.47, 1618380
1.47, 1617874
1.47, 1617471
1.47, 1615973
1.47, 1614418
1.47, 1608818
1.47, 1599521
1.47, 1599253
1.49, 1596140
1.49, 1590175
1.49, 1589411
1.49, 1586811
1.49, 1585580
1.49, 1585523
1.50, 1574409
1.51, 1573323
1.51, 1572644
1.51, 1555505
1.51, 1555376
1.51, 1553391
1.51, 1552742
1.51, 1552712
1.51, 1551467
1.51, 1551307
1.51, 1548882
1.51, 1541951
1.51, 1536496
1.51, 1535061
1.51, 1530595
1.54, 1530169
1.54, 1526601
1.54, 1523581
1.54, 1523330
1.54, 1522640
1.54, 1519026
1.54, 1518001
1.54, 1514406
1.54, 1513812
1.54, 1513451
1.54, 1511351
1.55, 1510771
1.55, 1510123
1.55, 1508027
1.55, 1507743
1.55, 1502588
1.55, 1502363
1.55, 1483957
1.55, 1482149
1.55, 1477384
1.55, 1476894
1.55, 1468446
1.55, 1467334
1.55, 1458908
1.55, 1454144
1.55, 1451271
1.55, 1448133
1.55, 1441883
1.55, 1434694
1.55, 1433962
1.56, 1432258
1.56, 1431976
1.56, 1431038
1.56, 1426874
1.56, 1424296
1.56, 1423913
1.56, 1422933
1.56, 1420001
1.56, 1412478
1.56, 1401329
1.56, 1391545
1.56, 1390663
1.58, 1390137
1.58, 1381457
1.58, 1379793
1.62, 1377913
1.62, 1376962
1.67, 1376540
1.67, 1370773
1.67, 1368714
1.67, 1364791
1.67, 1356419
1.67, 1355672
1.67, 1354443
1.67, 1353675
1.67, 1352415
1.67, 1351933
1.67, 1351583
1.67, 1349390
1.67, 1348282
1.67, 1346614
1.67, 1344870
1.67, 1339243
1.67, 1338779
1.67, 1336599
1.67, 1336298
1.68, 1336295
1.68, 1334455
1.68, 1332820
1.68, 1332626
1.68, 1331448
1.68, 1330425
1.68, 1329130
1.75, 1322762
1.75, 1322102
1.75, 1322074
1.75, 1320412
1.75, 1317047
1.75, 1315967
1.75, 1315943
1.75, 1313151
1.75, 1312834
1.75, 1312787
1.76, 1312467
1.76, 1312032
1.76, 1311147
1.76, 1310890
1.76, 1307345
1.76, 1302695
1.76, 1299740
1.76, 1290782
1.76, 1289019
1.76, 1285535
1.76, 1283771
1.76, 1278979
1.76, 1278280
1.76, 1277702
1.76, 1277563
1.76, 1275093
1.76, 1273522
1.76, 1272914
1.76, 1271343
1.76, 1270806
1.76, 1269757
1.77, 1266229
1.77, 1263844
1.77, 1262879
1.77, 1261177
1.77, 1256416
1.77, 1255226
1.77, 1253504
1.77, 1251641
1.77, 1245502
1.77, 1245378
1.77, 1240090
1.77, 1232699
1.77, 1231807
1.77, 1230513
1.78, 1225064
1.78, 1224237
1.78, 1222743
1.78, 1219084
1.78, 1218692
1.78, 1218211
1.79, 1217635
1.79, 1216096
1.79, 1215853
1.79, 1213797
1.79, 1211040
1.79, 1209555
1.79, 1206219
1.79, 1201799
1.79, 1196974
1.81, 1196952
1.81, 1188117
1.81, 1188028
1.81, 1187548
1.81, 1186986
1.81, 1186857
1.83, 1185933
1.83, 1185640
1.83, 1185291
1.84, 1181704
1.84, 1176264
1.85, 1175582
1.85, 1172545
1.85, 1170400
1.85, 1169972
1.85, 1169727
1.85, 1168783
1.85, 1167442
1.85, 1166133
1.85, 1165872
1.85, 1163987
1.85, 1161931
1.85, 1160319
1.85, 1160196
1.85, 1159914
1.88, 1153717
1.88, 1153483
1.88, 1146636
1.88, 1143271
1.88, 1142720
1.89, 1140672
1.89, 1137396
1.89, 1127290
1.89, 1125728
1.89, 1124325
1.89, 1120894
1.89, 1117174
1.89, 1115615
1.89, 1106298
1.89, 1106181
1.89, 1105073
1.89, 1104930
1.90, 1103870
1.90, 1102271
1.90, 1102190
1.90, 1101704
1.90, 1100018
1.90, 1099906
1.90, 1099717
1.91, 1096781
1.91, 1095506
1.93, 1093550
1.93, 1092985
1.98, 1085487
1.98, 1084716
1.98, 1084198
1.98, 1080414
1.98, 1079463
1.98, 1078450
1.98, 1075436
1.98, 1068241
1.98, 1067040
1.98, 1066097
1.98, 1064400
1.98, 1063186
1.98, 1060436
1.98, 1057666
1.98, 1055312
1.99, 1054806
1.99, 1053924
1.99, 1053765
1.99, 1052155
1.99, 1050148
1.99, 1049100
1.99, 1044320
1.99, 1041026
1.99, 1040986
1.99, 1039915
1.99, 1038657
1.99, 1037449
1.99, 1035440
1.99, 1034665
1.99, 1034416
2.04, 1030708
2.05, 1030499
2.05, 1021210
2.05, 1020930
2.05, 1020848
2.05, 1020634
2.05, 1013001
2.05, 1011078
2.05, 1011014
2.05, 1009466
2.05, 1009176
2.05, 1008411
2.05, 1007187
2.05, 1005126
2.05, 1003554
2.05, 1003230
2.05, 1002939
2.05, 1001550
2.05, 1001400
2.05, 1000112
2.05, 999740
2.07, 998361
2.07, 998120
2.07, 997811
2.08, 995939
2.08, 994621
2.08, 991185
2.08, 991074
2.08, 987321
2.08, 981854
2.08, 978291
2.09, 977478
2.09, 977236
2.10, 976012
2.10, 975951
2.10, 975669
2.10, 971716
2.10, 971510
2.10, 967301
2.10, 962438
2.10, 962208
2.10, 960759
2.10, 956937
2.10, 956376
2.10, 954879
2.10, 952402
2.10, 951196
2.10, 949183
2.10, 948237
2.10, 947350
2.10, 945785
2.10, 937561
2.10, 936005
2.10, 935608
2.11, 933636
2.11, 933611
2.11, 932769
2.11, 932195
2.15, 931888
2.15, 928880
2.15, 928851
2.15, 927935
2.15, 926761
2.15, 922458
2.15, 915024
2.15, 914044
2.15, 913263
2.15, 912030
2.15, 910377
2.15, 908594
2.15, 907087
2.15, 907060
2.15, 906837
2.15, 906356
2.15, 903389
2.16, 900999
2.16, 900769
2.16, 897734
2.16, 891488
2.16, 891485
2.16, 891035
2.16, 890499
2.16, 889548
2.16, 888729
2.28, 887533
2.28, 887372
2.28, 885801
2.28, 884670
2.28, 884287
2.28, 882883
2.28, 881926
2.28, 881329
2.28, 879971
2.28, 879441
2.29, 875803
2.29, 873976
2.29, 873523
2.29, 872834
2.29, 870125
2.29, 870119
2.29, 869833
2.29, 865920
2.29, 865408
2.29, 865370
2.33, 864648
2.33, 864250
2.33, 863166
2.33, 861294
2.33, 861161
2.34, 860709
2.34, 860171
2.34, 859438
2.34, 857879
2.34, 855420
2.34, 849049
2.34, 847538
2.34, 846684
2.34, 846643
2.34, 846409
2.34, 844348
2.34, 843201
2.34, 841552
2.34, 841048
2.34, 839231
2.34, 839000
2.34, 838078
2.34, 837030
2.35, 836026
2.35, 835942
2.36, 835878
2.36, 834682
2.36, 834576
2.36, 833777
2.36, 833546
2.36, 833427
2.36, 832901
2.36, 831760
2.36, 831108
2.36, 829831
2.36, 828951
2.36, 827874
2.36, 827621
2.36, 827118
2.36, 825646
2.36, 825637
2.36, 824943
2.36, 824318
2.36, 823972
2.36, 823749
2.38, 823361
2.38, 821468
2.38, 821197
2.38, 821177
2.38, 821004
2.38, 820957
2.38, 819734
2.38, 818860
2.38, 818625
2.38, 818279
2.38, 817596
2.39, 817495
2.39, 817066
2.39, 815271
2.39, 814856
2.39, 814445
2.39, 814136
2.39, 813312
2.39, 811105
2.39, 810631
2.39, 810271
2.39, 809999
2.39, 809338
2.39, 808954
2.39, 806306
2.40, 805264
2.40, 803731
2.40, 800580
2.40, 800299
2.40, 800281
2.40, 799845
2.40, 799420
2.40, 798221
2.40, 797798
2.40, 797703
2.40, 797469
2.40, 795380
2.40, 794100
2.40, 793552
2.40, 793389
2.52, 792214
2.52, 790895
2.52, 789687
2.52, 789512
2.52, 788800
2.52, 788069
2.52, 787706
2.52, 785495
2.52, 782661
2.53, 782479
2.53, 782442
2.53, 781774
2.53, 781279
2.53, 781164
2.54, 778973
2.54, 777867
2.54, 777749
2.54, 776287
2.54, 774575
2.54, 773629
2.54, 773183
2.54, 772076
2.54, 771689
2.55, 769243
2.55, 769171
2.55, 769127
2.55, 768311
2.55, 767585
2.55, 767563
2.56, 767482
2.56, 766963
2.57, 766340
2.57, 766007
2.57, 764880
2.57, 762904
2.57, 762875
2.57, 762053
2.57, 761579
2.57, 761375
2.57, 761033
2.57, 760070
2.57, 759892
2.57, 759544
2.57, 759538
2.57, 759474
2.57, 759082
2.57, 757357
2.57, 756916
2.58, 756268
2.58, 755996
2.58, 754586
2.58, 754435
2.58, 753980
2.58, 752927
2.58, 752136
2.58, 751333
2.58, 750876
2.58, 750716
2.60, 750701
2.60, 750241
2.61, 749883
2.61, 749513
2.61, 749356
2.64, 748481
2.64, 748087
2.64, 747398
2.64, 746136
2.64, 745642
2.66, 745319
2.67, 744934
2.67, 744111
2.67, 743785
2.67, 743504
2.67, 743177
2.67, 742332
2.68, 740995
2.68, 740129
2.68, 739584
2.68, 737855
2.68, 737452
2.70, 737423
2.70, 736371
2.70, 735062
2.72, 733710
2.72, 733667
2.72, 733563
2.74, 731839
2.74, 731154
2.74, 730780
2.74, 729291
2.74, 728286
2.74, 728259
2.77, 728139
2.77, 727533
2.77, 727224
2.77, 725841
2.77, 725816
2.77, 725732
2.77, 725133
2.77, 723438
2.77, 722613
2.77, 722534
2.77, 720680
2.77, 720598
2.77, 720561
2.80, 720474
2.80, 719829
2.80, 719074
2.80, 718465
2.86, 718212
2.86, 717353
2.86, 717078
2.86, 715560
2.86, 715014
2.86, 714938
2.87, 714784
2.88, 713830
2.89, 713739
2.89, 711686
2.89, 711347
2.89, 710445
2.90, 710153
2.90, 710060
2.90, 709347
2.90, 709070
2.91, 707094
2.93, 706549
2.93, 706273
2.93, 706255
2.93, 705809
2.93, 705641
2.93, 704951
2.94, 704463
2.94, 703633
2.94, 703019
2.97, 702565
2.97, 702446
2.97, 701180
2.98, 699777
2.98, 699230
2.98, 698534
2.98, 697897
2.98, 697465
2.98, 697266
2.99, 697171
2.99, 696262
3.03, 695656
3.03, 695326
3.03, 695196
3.04, 694955
3.04, 694905
3.04, 694840
3.06, 694711
3.06, 693938
3.06, 693695
3.06, 692362
3.06, 691979
3.06, 691458
3.06, 690370
3.09, 690313
3.09, 690285
3.09, 690261
3.09, 690005
3.10, 689344
3.10, 689152
3.10, 688908
3.10, 688792
3.10, 687780
3.10, 687761
3.11, 685962
3.11, 685161
3.11, 684635
3.11, 684575
3.11, 684444
3.11, 683970
3.13, 683859
3.13, 682849
3.13, 682555
3.13, 681809
3.13, 680316
3.13, 680301
3.13, 679846
3.14, 679176
3.14, 678515
3.14, 678408
3.15, 678134
3.15, 677158
3.15, 676682
3.16, 676350
3.20, 676280
3.21, 676129
3.21, 675946
3.21, 675915
3.21, 674827
3.22, 674776
3.22, 674376
3.22, 674284
3.22, 673794
3.22, 673715
3.22, 673655
3.22, 673565
3.31, 672898
3.33, 672856
3.33, 672373
3.33, 672137
3.33, 671498
3.33, 670698
3.33, 670666
3.34, 670521
3.34, 670306
3.34, 670256
3.35, 669811
3.36, 669433
3.38, 669022
3.41, 668132
3.42, 668025
3.55, 667958
3.55, 667881
3.64, 667574
3.64, 667522
3.64, 667513
3.65, 667281
3.65, 667212
3.65, 666899
3.66, 666868
3.66, 666836
3.68, 666820
3.68, 666741
3.68, 666701
3.70, 666231
3.72, 666131
3.74, 665956
3.75, 665890
3.76, 665842
3.76, 665812
3.76, 665790
3.76, 665628
3.77, 665483
3.80, 665315
3.84, 665269
3.85, 665112
3.85, 665052
3.86, 665030
3.86, 664996
3.88, 664951
3.88, 664915
3.90, 664891
3.91, 664693
3.94, 664639
4.09, 664591
4.13, 664554
4.19, 664512
4.26, 664491
4.27, 664446
7.57, 664441
7.65, 664409
7.66, 664387
7.75, 664359
13.26, 664113
13.29, 664050
13.29, 663853
13.29, 663573
13.29, 663398
13.31, 662946
13.32, 662279
13.33, 662227
13.34, 661724
13.37, 661690
13.39, 661489
13.40, 660924
13.40, 660861
13.41, 660427
13.41, 660350
13.42, 660332
13.42, 660239
13.63, 660212
13.65, 660140
13.67, 659996
13.68, 659968
13.70, 659956
13.71, 659756
13.72, 659696
13.73, 659527
13.75, 659526
13.75, 659393
13.77, 659366
13.87, 659307
13.87, 659092
13.99, 659028
