0.05,6467097
0.05,6300778
0.05,6268649
0.05,6183048
0.05,6075156
0.05,6075392
0.05,5954241
0.05,5947092
0.05,5820063
0.05,5763282
0.05,5688412
0.05,5692173
0.05,5670364
0.05,5677735
0.05,5602289
0.05,5600012
0.05,5460729
0.05,5376466
0.05,5370172
0.05,5363122
0.05,5307112
0.05,5309636
0.05,5311658
0.05,5223360
0.05,5054718
0.05,4968809
0.05,4852620
0.05,4809323
0.05,4690990
0.05,4593163
0.05,4518110
0.05,4448555
0.05,4412444
0.05,4425236
0.05,4436419
0.05,4457298
0.05,4430520
0.05,4419537
0.05,4440802
0.05,4437834
0.05,4449594
0.05,4433717
0.05,4435764
0.06,4434106
0.06,4334135
0.06,4371928
0.06,4363182
0.06,4363748
0.06,4377320
0.06,4369613
0.06,4370976
0.06,4280688
0.06,4302207
0.06,4294244
0.06,4288387
0.06,4282839
0.06,4269988
0.06,4265521
0.06,4281437
0.06,4348089
0.06,4331706
0.06,4227798
0.06,4132991
0.06,4062298
0.06,4052946
0.06,3987048
0.06,4000652
0.06,4004385
0.06,4000757
0.06,4004619
0.06,4012729
0.06,4003642
0.06,4000703
0.06,3919247
0.06,3848562
0.06,3779724
0.06,3713992
0.06,3637410
0.06,3577492
0.06,3501901
0.06,3458969
0.06,3427140
0.06,3358278
0.06,3357681
0.06,3292133
0.06,3319971
0.06,3306093
0.06,3313146
0.06,3322764
0.06,3356950
0.06,3317946
0.06,3229806
0.06,3245394
0.06,3244998
0.06,3237619
0.06,3222357
0.06,3216498
0.06,3208693
0.06,3164931
0.06,3117359
0.06,3071394
0.06,3075329
0.06,3041658
0.06,3062295
0.06,3048249
0.06,2997414
0.06,2963757
0.06,2958499
0.06,2903254
0.06,2881819
0.06,2881908
0.06,2934758
0.06,2883067
0.06,2865273
0.06,2906331
0.06,2910055
0.06,2958376
0.06,2939312
0.06,2930819
0.06,2944600
0.06,2868563
0.06,2872491
0.06,2860644
0.06,2896478
0.06,2862742
0.06,2927003
0.06,2895706
0.06,2886791
0.06,2876336
0.06,2897600
0.06,2950418
0.07,2949516
0.07,3022332
0.07,2907497
0.07,2883897
0.07,2882274
0.07,2932427
0.07,2933042
0.07,2943812
0.07,2924282
0.07,2932622
0.07,2945214
0.07,2906265
0.07,2907781
0.07,2844067
0.07,2841286
0.07,2805621
0.07,2796441
0.07,2760276
0.07,2714334
0.07,2704139
0.07,2700903
0.07,2696431
0.07,2650045
0.07,2638854
0.07,2631944
0.07,2643739
0.07,2649272
0.07,2648879
0.07,2636519
0.07,2619941
0.07,2577454
0.07,2546083
0.07,2551070
0.07,2537898
0.07,2509207
0.07,2501974
0.07,2462097
0.07,2422350
0.07,2414240
0.07,2403000
0.07,2352017
0.07,2365313
0.07,2359835
0.07,2366532
0.07,2340190
0.07,2294186
0.07,2271113
0.07,2264650
0.07,2282413
0.07,2305507
0.07,2298386
0.07,2337665
0.07,2361947
0.07,2309396
0.07,2296825
0.07,2297282
0.07,2295388
0.07,2286752
0.07,2256463
0.07,2263536
0.07,2274127
0.07,2279378
0.07,2267609
0.07,2200330
0.07,2173036
0.07,2166101
0.07,2150309
0.07,2118027
0.07,2131951
0.07,2053524
0.07,2016571
0.07,2013633
0.07,1983948
0.07,1971834
0.07,1947544
0.07,1965715
0.07,2010433
0.07,2037875
0.07,2064349
0.07,2026704
0.07,2038765
0.07,2052723
0.07,2044163
0.07,2060038
0.07,2044231
0.07,2044781
0.07,2000809
0.07,2000372
0.07,2033655
0.07,2045172
0.07,2037870
0.08,2034080
0.08,2038064
0.08,2042884
0.08,2051039
0.08,2019958
0.08,2019014
0.08,1954495
0.08,2001097
0.08,1989281
0.08,1946123
0.08,1935120
0.08,1912167
0.08,1915018
0.08,1876877
0.08,1877504
0.08,1843397
0.08,1853182
0.08,1842105
0.08,1844471
0.08,1837618
0.08,1854118
0.08,1834065
0.08,1824797
0.08,1822517
0.08,1811917
0.08,1797259
0.08,1798748
0.08,1808819
0.08,1804108
0.08,1803659
0.08,1795552
0.08,1827745
0.08,1868159
0.08,1879858
0.08,1811994
0.08,1818247
0.08,1817863
0.08,1827721
0.08,1820351
0.08,1807626
0.08,1814790
0.08,1759825
0.08,1750083
0.08,1743232
0.08,1713191
0.08,1737107
0.08,1738387
0.08,1712415
0.08,1700138
0.08,1675587
0.08,1675894
0.08,1692129
0.08,1694168
0.08,1683926
0.08,1682914
0.08,1678279
0.08,1706489
0.08,1729422
0.08,1756077
0.08,1689702
0.08,1690170
0.08,1689336
0.08,1705880
0.08,1701907
0.08,1699306
0.08,1703388
0.08,1698977
0.08,1699046
0.08,1711686
0.08,1701248
0.08,1708610
0.08,1712126
0.08,1686019
0.08,1677993
0.08,1667621
0.08,1650744
0.08,1639639
0.08,1648613
0.08,1619737
0.08,1619253
0.08,1619771
0.08,1589252
0.08,1576908
0.08,1565547
0.08,1562752
0.08,1563771
0.08,1571151
0.08,1581537
0.08,1596463
0.08,1564678
0.09,1536261
0.09,1544684
0.09,1554956
0.09,1570294
0.09,1542722
0.09,1543065
0.09,1560554
0.09,1515133
0.09,1509951
0.09,1508532
0.09,1499782
0.09,1513773
0.09,1503913
0.09,1495487
0.09,1509648
0.09,1498453
0.09,1476371
0.09,1464048
0.09,1451559
0.09,1458734
0.09,1469573
0.09,1483569
0.09,1473813
0.09,1445320
0.09,1430362
0.09,1434473
0.09,1439198
0.09,1443273
0.09,1445357
0.09,1480537
0.09,1509347
0.09,1537092
0.09,1537701
0.09,1545476
0.09,1555878
0.09,1558249
0.09,1554403
0.09,1562430
0.09,1593312
0.09,1630567
0.09,1628603
0.09,1601451
0.09,1598970
0.09,1560286
0.09,1568960
0.09,1563282
0.09,1550617
0.09,1527519
0.09,1436262
0.09,1423618
0.09,1405912
0.09,1401476
0.09,1407827
0.09,1401465
0.09,1384426
0.09,1374232
0.09,1385858
0.09,1414948
0.09,1427357
0.09,1361176
0.09,1365148
0.09,1362724
0.09,1370761
0.09,1379587
0.09,1374063
0.09,1378878
0.09,1381930
0.09,1372358
0.09,1369599
0.09,1367806
0.09,1366003
0.09,1364292
0.09,1376548
0.09,1393075
0.09,1388065
0.09,1394544
0.09,1394927
0.09,1394731
0.09,1385564
0.09,1394424
0.09,1392817
0.09,1389140
0.09,1401657
0.09,1405198
0.09,1402708
0.09,1396064
0.09,1381532
0.09,1384273
0.10,1384863
0.10,1384638
0.10,1393942
0.10,1405139
0.10,1460864
0.10,1438469
0.10,1410494
0.10,1375275
0.10,1369157
0.10,1354590
0.10,1342176
0.10,1337955
0.10,1338718
0.10,1336660
0.10,1323311
0.10,1313496
0.10,1300479
0.10,1285259
0.10,1286590
0.10,1278898
0.10,1273295
0.10,1268356
0.10,1256727
0.10,1242211
0.10,1240746
0.10,1242648
0.10,1231112
0.10,1224306
0.10,1220444
0.10,1221757
0.10,1217131
0.10,1217783
0.10,1218353
0.10,1215027
0.10,1215020
0.10,1213278
0.10,1212171
0.10,1191023
0.10,1189126
0.10,1183591
0.10,1173125
0.10,1196943
0.10,1197682
0.10,1206881
0.10,1191913
0.10,1190186
0.10,1192924
0.10,1208748
0.10,1208513
0.10,1208755
0.10,1217195
0.10,1218825
0.10,1209242
0.10,1205545
0.10,1197397
0.10,1184875
0.10,1172271
0.10,1182491
0.10,1190565
0.10,1184234
0.10,1177104
0.10,1176553
0.10,1176094
0.10,1177062
0.10,1177762
0.10,1191603
0.10,1188038
0.10,1250191
0.10,1228013
0.10,1201728
0.10,1164109
0.10,1162769
0.10,1162727
0.10,1174110
0.10,1178359
0.10,1182387
0.10,1190174
0.10,1184676
0.10,1204195
0.10,1210712
0.10,1210949
0.10,1217294
0.10,1213140
0.10,1209702
0.10,1237982
0.10,1250205
0.10,1248527
0.10,1248165
0.10,1295761
0.10,1288129
0.10,1231204
0.10,1223448
0.11,1202107
0.11,1187579
0.11,1197420
0.11,1209974
0.11,1221873
0.11,1166805
0.11,1153470
0.11,1155929
0.11,1152522
0.11,1152583
0.11,1154743
0.11,1155853
0.11,1143391
0.11,1134344
0.11,1130761
0.11,1129668
0.11,1132629
0.11,1120056
0.11,1114780
0.11,1107994
0.11,1094872
0.11,1093186
0.11,1089157
0.11,1080834
0.11,1078580
0.11,1070533
0.11,1070671
0.11,1077588
0.11,1092259
0.11,1093984
0.11,1093538
0.11,1092620
0.11,1081763
0.11,1078346
0.11,1083132
0.11,1086603
0.11,1089134
0.11,1093783
0.11,1094298
0.11,1074255
0.11,1066205
0.11,1080689
0.11,1094015
0.11,1107360
0.11,1111098
0.11,1104527
0.11,1105841
0.11,1113299
0.11,1122213
0.11,1116743
0.11,1117907
0.11,1114615
0.11,1110800
0.11,1097740
0.11,1072807
0.11,1076170
0.11,1079720
0.11,1148421
0.11,1130930
0.11,1113672
0.11,1076901
0.11,1069036
0.11,1068687
0.11,1066724
0.11,1066940
0.11,1060186
0.11,1052381
0.11,1053492
0.11,1070725
0.11,1075723
0.11,1065660
0.11,1064899
0.11,1058597
0.11,1056834
0.11,1063430
0.11,1062673
0.11,1055934
0.11,1055380
0.11,1055958
0.11,1052569
0.11,1054092
0.11,1059079
0.11,1065943
0.11,1057916
0.11,1051651
0.11,1044581
0.11,1038280
0.11,1053233
0.11,1066377
0.11,1075562
0.11,1099626
0.12,1105707
0.12,1111170
0.12,1113274
0.12,1104679
0.12,1109536
0.12,1143893
0.12,1136171
0.12,1140739
0.12,1177614
0.12,1178235
0.12,1124234
0.12,1120812
0.12,1121257
0.12,1097573
0.12,1079776
0.12,1079439
0.12,1087822
0.12,1088497
0.12,1056052
0.12,1096787
0.12,1122669
0.12,1112298
0.12,1112932
0.12,1123504
0.12,1149465
0.12,1161304
0.12,1162079
0.12,1165586
0.12,1171412
0.12,1161844
0.12,1164921
0.12,1166783
0.12,1165904
0.12,1141241
0.12,1126716
0.12,1123751
0.12,1120983
0.12,1124433
0.12,1126877
0.12,1108799
0.12,1099373
0.12,1064803
0.12,1045091
0.12,1038289
0.12,1041157
0.12,1036349
0.12,1036949
0.12,1038417
0.12,1038483
0.12,1037432
0.12,1036920
0.12,1032678
0.12,1034657
0.12,1037380
0.12,1035501
0.12,1026519
0.12,1025134
0.12,1020632
0.12,1016668
0.12,1013776
0.12,1011566
0.12,1004614
0.12,1003833
0.12,1007155
0.12,997193
0.12,996764
0.12,996539
0.12,993302
0.12,995812
0.12,996742
0.12,991956
0.12,981239
0.12,974826
0.12,974522
0.12,973508
0.12,969636
0.12,958811
0.12,952617
0.12,960477
0.12,958837
0.12,950752
0.12,952939
0.12,959777
0.12,964983
0.12,978798
0.12,989576
0.12,993776
0.12,1015326
0.12,1020344
0.12,1023546
0.12,1028570
0.13,1021442
0.13,1026751
0.13,1052724
0.13,1048236
0.13,1056098
0.13,1092195
0.13,1092872
0.13,1042271
0.13,1034058
0.13,1033001
0.13,1009657
0.13,995917
0.13,996242
0.13,1007434
0.13,1003994
0.13,970298
0.13,1019152
0.13,1048085
0.13,1050546
0.13,1056103
0.13,1053820
0.13,1076740
0.13,1101605
0.13,1108125
0.13,1096507
0.13,1092892
0.13,1092576
0.13,1083229
0.13,1087584
0.13,1077341
0.13,1044906
0.13,1045460
0.13,1036348
0.13,1026683
0.13,1027391
0.13,1027443
0.13,1008834
0.13,1003927
0.13,978206
0.13,962849
0.13,956401
0.13,954290
0.13,957641
0.13,952022
0.13,948175
0.13,943869
0.13,938278
0.13,944114
0.13,946152
0.13,945068
0.13,945372
0.13,947549
0.13,967662
0.13,985998
0.13,954938
0.13,937948
0.13,938915
0.13,935258
0.13,934292
0.13,930235
0.13,933939
0.13,949815
0.13,961547
0.13,960412
0.13,972210
0.13,978530
0.13,1005311
0.13,1048422
0.13,1066115
0.13,1064454
0.13,1096053
0.13,1087210
0.13,1096405
0.13,1140492
0.13,1145880
0.13,1101272
0.13,1106039
0.13,1104054
0.13,1085652
0.13,1078192
0.13,1069446
0.13,1026690
0.13,1023682
0.13,962683
0.13,950047
0.13,924644
0.13,922793
0.13,931977
0.13,934703
0.14,932360
0.14,941554
0.14,948715
0.14,951738
0.14,945720
0.14,947207
0.14,946023
0.14,948436
0.14,949055
0.14,949147
0.14,947806
0.14,950596
0.14,953746
0.14,959268
0.14,965210
0.14,965173
0.14,972367
0.14,968350
0.14,970728
0.14,967843
0.14,963031
0.14,979774
0.14,977672
0.14,973388
0.14,974061
0.14,974772
0.14,976532
0.14,981070
0.14,976809
0.14,995167
0.14,1029197
0.14,1056517
0.14,1000138
0.14,996818
0.14,990273
0.14,998471
0.14,1012353
0.14,1048883
0.14,1080849
0.14,1083493
0.14,1069235
0.14,1068700
0.14,1086931
0.14,1098311
0.14,1103068
0.14,1098292
0.14,1097143
0.14,1095716
0.14,1096697
0.14,1087977
0.14,1073747
0.14,1030165
0.14,1027014
0.14,1023004
0.14,1022305
0.14,1018073
0.14,1010876
0.14,993143
0.14,984112
0.14,947034
0.14,983730
0.14,987377
0.14,988017
0.14,972337
0.14,976766
0.14,1003762
0.14,1006734
0.14,1016065
0.14,1062235
0.14,1059999
0.14,1023926
0.14,1020773
0.14,1024551
0.14,992291
0.14,990795
0.14,1003000
0.14,1000272
0.14,993982
0.14,987532
0.14,963630
0.14,962429
0.14,955334
0.14,945925
0.14,948735
0.14,939874
0.14,938333
0.14,934766
0.14,924090
0.14,925390
0.14,934250
0.14,930833
0.15,923024
0.15,920128
0.15,919954
0.15,922522
0.15,920076
0.15,915160
0.15,910955
0.15,908903
0.15,904730
0.15,905581
0.15,904278
0.15,915265
0.15,913796
0.15,896112
0.15,892912
0.15,896466
0.15,890966
0.15,888466
0.15,884402
0.15,878794
0.15,874843
0.15,872701
0.15,872157
0.15,867111
0.15,865635
0.15,866776
0.15,866682
0.15,934592
0.15,914265
0.15,861898
0.15,872249
0.15,872765
0.15,866763
0.15,873380
0.15,872062
0.15,871877
0.15,861442
0.15,865791
0.15,864817
0.15,865208
0.15,872392
0.15,869022
0.15,869383
0.15,865892
0.15,860779
0.15,859124
0.15,862854
0.15,866368
0.15,868812
0.15,864652
0.15,866011
0.15,866394
0.15,869623
0.15,877475
0.15,874936
0.15,863611
0.15,863507
0.15,859198
0.15,858092
0.15,858366
0.15,858993
0.15,857228
0.15,860155
0.15,862965
0.15,869667
0.15,866960
0.15,869712
0.15,868652
0.15,864356
0.15,862226
0.15,861393
0.15,858576
0.15,855688
0.15,857030
0.15,860119
0.15,865493
0.15,865635
0.15,865984
0.15,867575
0.15,864943
0.15,867535
0.15,863967
0.15,868011
0.15,869284
0.15,865708
0.15,863650
0.15,863480
0.15,868721
0.15,873890
0.15,863077
0.15,858693
0.16,852858
0.16,850192
0.16,846603
0.16,843113
0.16,839711
0.16,840093
0.16,836286
0.16,835617
0.16,833853
0.16,839959
0.16,833413
0.16,832740
0.16,830790
0.16,840804
0.16,841628
0.16,842085
0.16,859173
0.16,851469
0.16,837941
0.16,841949
0.16,831880
0.16,827657
0.16,833607
0.16,832838
0.16,824525
0.16,820602
0.16,819143
0.16,814890
0.16,811886
0.16,810961
0.16,808186
0.16,809010
0.16,807479
0.16,804857
0.16,805271
0.16,805938
0.16,802244
0.16,803067
0.16,806388
0.16,799897
0.16,798551
0.16,795689
0.16,797380
0.16,798705
0.16,798703
0.16,801110
0.16,799378
0.16,799066
0.16,799536
0.16,797779
0.16,804971
0.16,807900
0.16,807192
0.16,814697
0.16,827082
0.16,859756
0.16,874255
0.16,873030
0.16,877690
0.16,885751
0.16,889765
0.16,897252
0.16,931493
0.16,930795
0.16,934690
0.16,931950
0.16,934946
0.16,941293
0.16,936500
0.16,913712
0.16,913493
0.16,896545
0.16,887188
0.16,891692
0.16,880998
0.16,858277
0.16,852901
0.16,816906
0.16,821784
0.16,810697
0.16,810581
0.16,796399
0.16,805802
0.16,810024
0.16,820178
0.16,843081
0.16,839369
0.16,789083
0.17,783709
0.17,783185
0.17,780795
0.17,782297
0.17,778450
0.17,776157
0.17,773889
0.17,771655
0.17,768034
0.17,765994
0.17,764203
0.17,762237
0.17,762101
0.17,782144
0.17,823362
0.17,850843
0.17,787765
0.17,789901
0.17,788843
0.17,783477
0.17,785088
0.17,789038
0.17,786244
0.17,783302
0.17,766967
0.17,767465
0.17,764475
0.17,765772
0.17,773205
0.17,779244
0.17,779596
0.17,775961
0.17,762580
0.17,764273
0.17,761439
0.17,755939
0.17,756075
0.17,753166
0.17,752958
0.17,753197
0.17,754380
0.17,752828
0.17,752920
0.17,749227
0.17,747040
0.17,745232
0.17,746132
0.17,745805
0.17,745055
0.17,743822
0.17,742137
0.17,740847
0.17,740664
0.17,738963
0.17,739126
0.17,739553
0.17,737622
0.17,737626
0.17,738006
0.17,736181
0.17,734824
0.17,733512
0.17,734882
0.17,733618
0.17,739341
0.17,737353
0.17,738721
0.17,747984
0.17,765219
0.17,805384
0.17,832767
0.17,835732
0.17,836125
0.17,849911
0.17,851916
0.17,868996
0.17,909069
0.17,913832
0.17,923810
0.17,917226
0.17,940591
0.17,938046
0.17,921608
0.17,932012
0.17,933439
0.17,880605
0.17,879852
0.17,877853
0.17,844965
0.17,814196
0.18,789373
0.18,731240
0.18,729962
0.18,730542
0.18,728953
0.18,730354
0.18,732741
0.18,732112
0.18,731422
0.18,732257
0.18,733375
0.18,733495
0.18,733974
0.18,730840
0.18,729641
0.18,728897
0.18,730521
0.18,732851
0.18,730993
0.18,729944
0.18,729338
0.18,730961
0.18,732634
0.18,731968
0.18,729447
0.18,729730
0.18,732592
0.18,734821
0.18,734423
0.18,731539
0.18,729193
0.18,729513
0.18,730652
0.18,731811
0.18,732114
0.18,731844
0.18,729651
0.18,729687
0.18,731447
0.18,733005
0.18,731883
0.18,738530
0.18,738761
0.18,736426
0.18,746066
0.18,778071
0.18,817207
0.18,828475
0.18,840159
0.18,842786
0.18,854108
0.18,860881
0.18,875121
0.18,917481
0.18,911141
0.18,934993
0.18,925576
0.18,915672
0.18,946047
0.18,945757
0.18,895418
0.18,895975
0.18,874872
0.18,852004
0.18,848852
0.18,826611
0.18,797293
0.18,726939
0.18,726097
0.18,726728
0.18,727311
0.18,726895
0.18,726787
0.18,726979
0.18,725200
0.18,724026
0.18,723308
0.18,722203
0.18,722036
0.18,721019
0.18,721562
0.18,720000
0.18,718983
0.18,718558
0.18,717582
0.18,722707
0.18,724880
0.18,728491
0.18,727980
0.19,733176
0.19,733953
0.19,731673
0.19,739083
0.19,752298
0.19,784432
0.19,797028
0.19,795185
0.19,798459
0.19,802657
0.19,810107
0.19,816621
0.19,853640
0.19,852996
0.19,860874
0.19,873602
0.19,879765
0.19,879511
0.19,889496
0.19,873953
0.19,876093
0.19,861074
0.19,864295
0.19,863324
0.19,854344
0.19,849211
0.19,820354
0.19,798680
0.19,804465
0.19,759238
0.19,749596
0.19,717968
0.19,716656
0.19,716573
0.19,714784
0.19,716095
0.19,713857
0.19,712983
0.19,713167
0.19,712282
0.19,712137
0.19,712874
0.19,711220
0.19,710104
0.19,709259
0.19,708433
0.19,709272
0.19,707889
0.19,711448
0.19,710964
0.19,709794
0.19,707124
0.19,705765
0.19,704637
0.19,703918
0.19,703171
0.19,702461
0.19,701768
0.19,701077
0.19,700410
0.19,699808
0.19,699232
0.19,698384
0.19,697523
0.19,697047
0.19,696573
0.19,698386
0.19,700892
0.19,701660
0.19,699987
0.19,698364
0.19,698970
0.19,701704
0.19,703133
0.19,704863
0.19,706998
0.19,706646
0.19,704974
0.19,704296
0.19,701666
0.19,701839
0.19,700223
0.19,701042
0.19,698792
0.19,698854
0.19,700614
0.19,702172
0.19,701050
0.19,707697
0.19,707928
0.20,705593
0.20,715233
0.20,747238
0.20,786171
0.20,795010
0.20,810243
0.20,815804
0.20,824448
0.20,837797
0.20,843953
0.20,886648
0.20,881503
0.20,904165
0.20,885237
0.20,913075
0.20,915238
0.20,887086
0.20,875033
0.20,865142
0.20,844039
0.20,821627
0.20,810152
0.20,795582
0.20,766460
0.20,696106
0.20,697045
0.20,698571
0.20,698352
0.20,696719
0.20,696678
0.20,697853
0.20,700348
0.20,699726
0.20,701597
0.20,705302
0.20,704891
0.20,704622
0.20,703666
0.20,703053
0.20,702855
0.20,701056
0.20,700867
0.20,702424
0.20,702921
0.20,704414
0.20,700071
0.20,698362
0.20,705228
0.20,707290
0.20,706891
0.20,713033
0.20,726855
0.20,725219
0.20,726105
0.20,757046
0.20,797038
0.20,816727
0.20,822257
0.20,830146
0.20,840336
0.20,844928
0.20,866205
0.20,884603
0.20,911306
0.20,910204
0.20,881510
0.20,888732
0.20,886708
0.20,881770
0.20,843159
0.20,837720
0.20,808440
0.20,804769
0.20,740186
0.20,722211
0.20,695080
0.20,695283
0.20,694616
0.20,694157
0.20,693706
0.20,693283
0.20,694556
0.20,697557
0.20,695941
0.20,694225
0.20,692861
0.20,692442
0.20,692023
0.21,691606
0.21,691193
0.21,690788
0.21,690392
0.21,690003
0.21,689624
0.21,689393
0.21,689325
0.21,688867
0.21,688081
0.21,687734
0.21,687455
0.21,687179
0.21,686919
0.21,686660
0.21,686496
0.21,686356
0.21,686190
0.21,686074
0.21,690518
0.21,697514
0.21,695738
0.21,689794
0.21,696466
0.21,704934
0.21,709431
0.21,721335
0.21,741743
0.21,778039
0.21,809390
0.21,748245
0.21,753141
0.21,751011
0.21,751583
0.21,748884
0.21,749487
0.21,751176
0.21,750340
0.21,747803
0.21,744199
0.21,744352
0.21,745170
0.21,744843
0.21,745838
0.21,745430
0.21,744219
0.21,727829
0.21,727021
0.21,724715
0.21,725098
0.21,724783
0.21,725505
0.21,723622
0.21,719868
0.21,725560
0.21,724379
0.21,730740
0.21,731867
0.21,735232
0.21,738098
0.21,737774
0.21,737100
0.21,737534
0.21,737350
0.21,736391
0.21,740378
0.21,741288
0.21,739886
0.21,739488
0.21,744250
0.21,742594
0.21,735273
0.21,739339
0.21,753688
0.21,785986
0.21,792189
0.21,792158
0.21,793728
0.21,795356
0.21,800781
0.21,799184
0.21,835254
0.21,833820
0.21,836016
0.21,835784
0.21,845422
0.21,840654
0.21,835350
0.21,819781
0.21,817807
0.22,798890
0.22,796902
0.22,787411
0.22,781949
0.22,760868
0.22,758128
0.22,724719
0.22,745676
0.22,749558
0.22,759044
0.22,760526
0.22,779556
0.22,785591
0.22,799024
0.22,807204
0.22,843932
0.22,841590
0.22,791841
0.22,790600
0.22,764012
0.22,762670
0.22,757983
0.22,755006
0.22,753605
0.22,747936
0.22,744760
0.22,726182
0.22,725032
0.22,717128
0.22,703028
0.22,701609
0.22,699198
0.22,699008
0.22,695905
0.22,697122
0.22,698269
0.22,695531
0.22,693741
0.22,691093
0.22,686535
0.22,685365
0.22,684384
0.22,684619
0.22,683545
0.22,691458
0.22,692944
0.22,688588
0.22,683652
0.22,686007
0.22,692933
0.22,694840
0.22,697488
0.22,712703
0.22,735920
0.22,774489
0.22,799716
0.22,737479
0.22,746678
0.22,746653
0.22,746813
0.22,743770
0.22,744158
0.22,744485
0.22,744007
0.22,742626
0.22,740035
0.22,740224
0.22,740560
0.22,741170
0.22,742807
0.22,740600
0.22,739696
0.22,723852
0.22,721108
0.22,720015
0.22,719971
0.22,718720
0.22,720231
0.22,718223
0.22,714584
0.22,720135
0.22,718436
0.22,725764
0.22,727055
0.22,730938
0.22,735208
0.22,735306
0.22,735157
0.22,735511
0.22,734784
0.22,734577
0.22,735176
0.23,732052
0.23,731198
0.23,731197
0.23,732979
0.23,733275
0.23,733234
0.23,729118
0.23,723451
0.23,733593
0.23,742900
0.23,773749
0.23,786388
0.23,785673
0.23,783411
0.23,784934
0.23,794475
0.23,793162
0.23,828483
0.23,828547
0.23,830752
0.23,829149
0.23,837775
0.23,834757
0.23,831631
0.23,817453
0.23,816235
0.23,794918
0.23,790664
0.23,781723
0.23,778267
0.23,758758
0.23,757383
0.23,722162
0.23,743349
0.23,748605
0.23,759252
0.23,762568
0.23,782799
0.23,783466
0.23,791679
0.23,798662
0.23,833080
0.23,830571
0.23,785625
0.23,785284
0.23,759181
0.23,759115
0.23,754310
0.23,753559
0.23,752342
0.23,743360
0.23,739149
0.23,721466
0.23,719060
0.23,712469
0.23,697456
0.23,695243
0.23,694995
0.23,695180
0.23,693028
0.23,692982
0.23,692511
0.23,690888
0.23,686515
0.23,682659
0.23,681285
0.23,681031
0.23,680684
0.23,680651
0.23,680623
0.23,680601
0.23,685541
0.23,681744
0.23,684060
0.23,683206
0.23,683141
0.23,682496
0.23,681663
0.23,690559
0.23,685891
0.23,685497
0.23,684380
0.23,683446
0.23,683021
0.23,680782
0.23,679366
0.24,678747
0.24,677354
0.24,677328
