0.00, 7221229
0.00, 7219598
0.01, 7189689
0.01, 7172626
0.01, 7166584
0.01, 7164365
0.01, 7143042
0.01, 7137909
0.01, 7129788
0.01, 7119582
0.01, 7074884
0.01, 7056340
0.01, 7050429
0.01, 7043339
0.01, 6965507
0.01, 6961862
0.01, 6958413
0.01, 6944644
0.01, 6940096
0.01, 6915073
0.01, 6913233
0.01, 6912951
0.01, 6912832
0.01, 6788342
0.01, 6788075
0.01, 6737830
0.01, 6724236
0.01, 6701100
0.01, 6697759
0.01, 6697045
0.01, 6691014
0.01, 6690471
0.01, 6679599
0.01, 6679207
0.01, 6653849
0.01, 6636491
0.01, 6584811
0.01, 6576669
0.01, 6576189
0.01, 6505186
0.01, 6467742
0.01, 6458669
0.01, 6454595
0.01, 6441331
0.01, 6410573
0.01, 6386415
0.01, 6351194
0.01, 6350602
0.01, 6330686
0.01, 6324846
0.01, 6321485
0.01, 6309011
0.01, 6280010
0.01, 6262065
0.01, 6259969
0.01, 6244804
0.01, 6244716
0.01, 6221795
0.01, 6220452
0.01, 6136000
0.01, 6133381
0.01, 6119630
0.01, 6114794
0.01, 6109414
0.01, 6108406
0.01, 6105677
0.01, 6093718
0.01, 6069068
0.01, 6022198
0.01, 6021569
0.01, 6015280
0.01, 6006406
0.01, 5999855
0.01, 5969627
0.01, 5955138
0.01, 5952750
0.01, 5952672
0.01, 5929010
0.01, 5917576
0.01, 5913841
0.01, 5911030
0.01, 5910404
0.01, 5891266
0.01, 5891186
0.01, 5837169
0.01, 5834034
0.01, 5830671
0.01, 5827806
0.01, 5766742
0.01, 5762101
0.01, 5710756
0.01, 5696881
0.01, 5666564
0.01, 5639508
0.01, 5634769
0.01, 5618885
0.01, 5615405
0.01, 5611807
0.01, 5603916
0.01, 5603868
0.01, 5602783
0.01, 5597741
0.01, 5592917
0.01, 5576501
0.01, 5572502
0.01, 5566642
0.01, 5550451
0.01, 5548056
0.01, 5503527
0.01, 5503190
0.01, 5469486
0.01, 5460773
0.01, 5453454
0.01, 5451346
0.01, 5402890
0.01, 5390383
0.01, 5390311
0.01, 5389691
0.07, 5388895
0.07, 5371497
0.07, 5355791
0.07, 5336337
0.07, 5336334
0.07, 5325028
0.07, 5319713
0.07, 5313780
0.07, 5306882
0.07, 5302690
0.07, 5255203
0.07, 5252826
0.07, 5252163
0.07, 5248031
0.15, 5191120
0.15, 5183801
0.15, 5183546
0.15, 5180268
0.15, 5177852
0.15, 5168235
0.15, 5167857
0.15, 5165162
0.15, 5130661
0.15, 5121131
0.17, 5110026
0.17, 5103743
0.17, 5097519
0.17, 5096603
0.17, 5075387
0.17, 5072068
0.17, 5071894
0.17, 5050332
0.17, 5047505
0.17, 5028918
0.17, 5026475
0.17, 5019769
0.17, 5016630
0.17, 5009107
0.17, 5000904
0.17, 4976798
0.17, 4974601
0.17, 4973028
0.17, 4972692
0.17, 4947600
0.17, 4947583
0.17, 4936583
0.17, 4896585
0.17, 4881435
0.17, 4880264
0.17, 4872958
0.17, 4867357
0.17, 4856843
0.17, 4847586
0.17, 4843011
0.17, 4830542
0.17, 4797475
0.17, 4792354
0.17, 4788492
0.17, 4783567
0.17, 4761617
0.17, 4730515
0.21, 4725187
0.21, 4720922
0.21, 4710305
0.26, 4684438
0.29, 4669022
0.29, 4648205
0.29, 4628836
0.29, 4615573
0.29, 4614099
0.29, 4579116
0.29, 4543952
0.29, 4543724
0.29, 4537912
0.29, 4535264
0.29, 4515890
0.29, 4515134
0.35, 4505863
0.35, 4503927
0.35, 4498428
0.35, 4475081
0.35, 4416035
0.35, 4371118
0.35, 4365459
0.46, 4362626
0.46, 4362489
0.46, 4359673
0.46, 4358011
0.46, 4353037
0.46, 4348123
0.46, 4345430
0.46, 4344236
0.46, 4328643
0.46, 4304398
0.46, 4303108
0.46, 4275329
0.46, 4250725
0.46, 4238105
0.46, 4233559
0.46, 4228425
0.46, 4162806
0.46, 4155459
0.46, 4149838
0.46, 4140683
0.46, 4123542
0.46, 4092975
0.46, 4085588
0.46, 4079398
0.46, 4077191
0.46, 4067933
0.46, 4066846
0.46, 4064895
0.46, 4041131
0.46, 4027937
0.46, 3977543
0.57, 3954410
0.57, 3909399
0.57, 3908002
0.57, 3905943
0.57, 3893485
0.57, 3882363
0.57, 3882023
0.57, 3858177
0.57, 3858167
0.57, 3856920
0.59, 3852450
0.59, 3842133
0.59, 3827929
0.60, 3825487
0.60, 3794783
0.60, 3783692
0.60, 3780668
0.60, 3751913
0.60, 3735073
0.60, 3734897
0.60, 3732968
0.60, 3725562
0.63, 3720621
0.63, 3719175
0.63, 3700087
0.66, 3695976
0.66, 3695806
0.66, 3687589
0.66, 3687122
0.66, 3682449
0.66, 3679875
0.66, 3679867
0.66, 3677267
0.66, 3671501
0.66, 3655229
0.66, 3654189
0.69, 3653652
0.69, 3650592
0.69, 3645032
0.69, 3642378
0.69, 3631888
0.69, 3624958
0.69, 3624067
0.69, 3620924
0.69, 3619158
0.69, 3613614
0.69, 3610729
0.69, 3610368
0.69, 3603908
0.69, 3554081
0.69, 3500403
0.69, 3487745
0.69, 3483732
0.69, 3483620
0.69, 3482732
0.69, 3479578
0.69, 3470013
0.69, 3469630
0.69, 3460574
0.69, 3458256
0.69, 3450015
0.69, 3446481
0.69, 3441069
0.69, 3440573
0.69, 3436587
0.69, 3435843
0.69, 3424897
0.69, 3424718
0.69, 3420493
0.69, 3420248
0.69, 3416114
0.69, 3415935
0.69, 3388061
0.69, 3386815
0.69, 3386667
0.69, 3377429
0.69, 3368266
0.69, 3363042
0.69, 3362632
0.69, 3362092
0.69, 3360219
0.69, 3351071
0.69, 3347400
0.69, 3337018
0.69, 3328412
0.69, 3325187
0.71, 3305699
0.71, 3296730
0.71, 3268075
0.71, 3261245
0.71, 3223852
0.71, 3219515
0.71, 3216642
0.71, 3211161
0.71, 3210067
0.71, 3198429
0.71, 3197187
0.71, 3195549
0.71, 3191536
0.71, 3179600
0.71, 3179141
0.71, 3178269
0.78, 3178080
0.78, 3174661
0.78, 3169794
0.78, 3150595
0.78, 3132333
0.79, 3108429
0.79, 3106026
0.79, 3103192
0.79, 3102375
0.79, 3100385
0.79, 3084547
0.80, 3076403
0.80, 3067483
0.80, 3064501
0.80, 3063611
0.80, 3056851
0.80, 3054709
0.80, 3049365
0.80, 3046102
0.80, 3045195
0.80, 3038231
0.80, 3016721
0.80, 2988671
0.80, 2949331
0.80, 2938213
0.80, 2937778
0.80, 2935662
0.80, 2925999
0.80, 2900270
0.80, 2896888
0.80, 2890283
0.80, 2874181
0.80, 2866074
0.80, 2862241
0.80, 2861480
0.80, 2844716
0.80, 2821022
0.80, 2810512
0.80, 2809710
0.80, 2802388
0.80, 2799278
0.90, 2798827
0.90, 2797618
0.90, 2778674
0.90, 2777503
0.90, 2773723
0.90, 2764787
0.90, 2762439
0.90, 2759002
0.90, 2755752
0.90, 2752584
0.90, 2748338
0.90, 2735596
0.90, 2725416
0.90, 2711005
0.90, 2710725
0.90, 2708611
0.90, 2704872
0.90, 2703163
0.90, 2701979
0.90, 2699497
0.90, 2698814
0.90, 2698156
0.90, 2697147
0.90, 2696343
0.90, 2691572
0.90, 2682811
0.90, 2682409
0.90, 2671960
0.90, 2668589
0.90, 2660361
0.90, 2658696
0.90, 2658008
0.90, 2650945
0.90, 2650233
0.90, 2642017
0.90, 2637375
0.90, 2613962
0.90, 2612213
0.90, 2584232
0.90, 2565328
0.90, 2561078
0.90, 2560955
0.90, 2559029
0.90, 2558421
0.90, 2558217
0.90, 2553549
0.90, 2550237
0.90, 2546166
0.90, 2543787
0.90, 2543148
0.90, 2536217
1.00, 2533098
1.00, 2523445
1.00, 2521753
1.00, 2496261
1.03, 2495778
1.03, 2480867
1.03, 2470878
1.03, 2469978
1.05, 2462933
1.05, 2462297
1.05, 2457491
1.05, 2445559
1.05, 2445164
1.05, 2443542
1.05, 2442676
1.05, 2435542
1.05, 2434845
1.05, 2433964
1.05, 2433699
1.05, 2431357
1.05, 2406001
1.05, 2372062
1.05, 2370400
1.05, 2369474
1.05, 2367397
1.05, 2365572
1.05, 2352447
1.05, 2339152
1.05, 2338828
1.05, 2338824
1.05, 2336365
1.05, 2334573
1.05, 2331010
1.05, 2328675
1.05, 2326495
1.05, 2320574
1.05, 2308726
1.05, 2305580
1.05, 2305424
1.05, 2304597
1.05, 2297134
1.05, 2290227
1.09, 2281248
1.09, 2280758
1.09, 2275739
1.12, 2274726
1.12, 2273734
1.12, 2258619
1.12, 2254693
1.12, 2254433
1.12, 2252941
1.12, 2249290
1.12, 2245659
1.12, 2244658
1.12, 2244263
1.14, 2232094
1.14, 2231280
1.14, 2225070
1.14, 2218780
1.14, 2215366
1.14, 2212661
1.14, 2209283
1.14, 2206852
1.14, 2206151
1.14, 2199592
1.14, 2196059
1.14, 2194291
1.14, 2194259
1.14, 2193842
1.14, 2187855
1.15, 2183417
1.15, 2173976
1.15, 2170701
1.15, 2165294
1.15, 2163285
1.15, 2162639
1.15, 2151065
1.15, 2147972
1.15, 2146817
1.15, 2127236
1.16, 2108151
1.16, 2106476
1.16, 2105412
1.16, 2097430
1.16, 2092778
1.16, 2089428
1.16, 2087530
1.16, 2085423
1.16, 2082240
1.16, 2082214
1.16, 2079359
1.16, 2078929
1.16, 2074747
1.16, 2072841
1.16, 2071030
1.16, 2069907
1.16, 2058932
1.16, 2053228
1.24, 2036206
1.24, 2028626
1.24, 2014221
1.24, 2007956
1.24, 2007112
1.25, 2005754
1.25, 2003763
1.25, 2002601
1.25, 2000738
1.25, 1995995
1.25, 1993815
1.25, 1992499
1.25, 1963635
1.25, 1963274
1.25, 1958099
1.26, 1957931
1.26, 1952713
1.26, 1950121
1.26, 1949451
1.26, 1947776
1.26, 1944085
1.26, 1944083
1.26, 1943950
1.26, 1942816
1.26, 1939622
1.26, 1938511
1.26, 1938278
1.26, 1934283
1.26, 1932376
1.26, 1930951
1.26, 1927160
1.26, 1927150
1.26, 1926158
1.26, 1924059
1.26, 1919657
1.26, 1918859
1.26, 1916246
1.28, 1911309
1.28, 1894987
1.28, 1893531
1.28, 1883542
1.28, 1877591
1.28, 1877329
1.28, 1873935
1.28, 1873799
1.28, 1873664
1.28, 1871784
1.28, 1870725
1.28, 1870365
1.28, 1869766
1.28, 1868446
1.28, 1867237
1.28, 1848167
1.28, 1848065
1.28, 1829782
1.28, 1829156
1.28, 1820607
1.28, 1813070
1.28, 1812231
1.28, 1808114
1.28, 1807731
1.28, 1807544
1.28, 1798122
1.28, 1798068
1.28, 1795678
1.28, 1795320
1.28, 1771575
1.28, 1766941
1.28, 1762041
1.28, 1761975
1.28, 1760196
1.28, 1755869
1.28, 1755537
1.28, 1750485
1.30, 1749590
1.30, 1748801
1.30, 1747744
1.30, 1746283
1.30, 1735406
1.30, 1733492
1.30, 1726339
1.30, 1726062
1.30, 1723442
1.30, 1719861
1.30, 1719485
1.30, 1702295
1.39, 1700155
1.39, 1699836
1.39, 1697998
1.39, 1697346
1.39, 1694693
1.39, 1692837
1.39, 1692124
1.39, 1684582
1.39, 1684322
1.39, 1684038
1.40, 1683759
1.40, 1683347
1.40, 1682612
1.40, 1679683
1.40, 1677277
1.40, 1674792
1.40, 1672122
1.40, 1671083
1.40, 1666549
1.40, 1664960
1.40, 1664503
1.40, 1661405
1.40, 1659184
1.47, 1658316
1.47, 1657038
1.47, 1647124
1.47, 1646773
1.47, 1645467
1.47, 1639807
1.47, 1629084
1.47, 1622342
1.47, 1620098
1.47, 1611811
1.47, 1609973
1.47, 1608415
1.47, 1608225
1.47, 1607975
1.47, 1607322
1.47, 1606456
1.47, 1604743
1.47, 1599983
1.47, 1597393
1.47, 1596145
1.47, 1591045
1.47, 1580680
1.47, 1580440
1.48, 1578524
1.48, 1574126
1.48, 1568541
1.48, 1567329
1.48, 1561665
1.48, 1561414
1.48, 1558282
1.48, 1553171
1.48, 1548354
1.48, 1548091
1.48, 1545818
1.48, 1528720
1.48, 1520435
1.48, 1519707
1.48, 1519566
1.48, 1519476
1.48, 1512347
1.48, 1511496
1.48, 1505749
1.48, 1505614
1.50, 1500771
1.50, 1499088
1.50, 1498924
1.50, 1497423
1.50, 1490508
1.50, 1489040
1.50, 1488832
1.50, 1488550
1.50, 1488376
1.50, 1488144
1.50, 1484832
1.52, 1479216
1.52, 1478022
1.52, 1476936
1.52, 1468532
1.52, 1466076
1.52, 1465945
1.52, 1464795
1.52, 1463530
1.52, 1462821
1.52, 1462301
1.52, 1457726
1.52, 1455701
1.61, 1449974
1.61, 1448550
1.61, 1445052
1.61, 1441379
1.61, 1441122
1.61, 1439239
1.61, 1437139
1.61, 1436699
1.61, 1434365
1.61, 1432832
1.61, 1430561
1.61, 1429954
1.61, 1420556
1.61, 1420221
1.61, 1418387
1.61, 1417494
1.61, 1415756
1.65, 1410366
1.65, 1410111
1.65, 1408525
1.65, 1407046
1.65, 1406427
1.65, 1403119
1.65, 1403115
1.65, 1399027
1.65, 1397285
1.65, 1397042
1.65, 1392432
1.65, 1391795
1.65, 1391730
1.65, 1389391
1.65, 1388482
1.65, 1382353
1.65, 1382189
1.68, 1378808
1.68, 1377787
1.68, 1375498
1.68, 1373393
1.68, 1364181
1.69, 1361847
1.69, 1361239
1.69, 1359714
1.69, 1357181
1.69, 1355473
1.69, 1354371
1.69, 1353423
1.69, 1353383
1.69, 1351291
1.73, 1347508
1.73, 1343056
1.73, 1343049
1.73, 1342615
1.73, 1341552
1.73, 1341219
1.73, 1334131
1.73, 1332767
1.73, 1330954
1.73, 1328301
1.73, 1327476
1.73, 1327447
1.73, 1327330
1.73, 1326593
1.73, 1323265
1.73, 1317972
1.73, 1317822
1.73, 1316490
1.73, 1315613
1.73, 1309465
1.73, 1308721
1.73, 1306795
1.73, 1305253
1.73, 1304985
1.73, 1300873
1.73, 1300399
1.73, 1295440
1.73, 1293647
1.73, 1289803
1.73, 1287523
1.73, 1287386
1.73, 1277078
1.73, 1273914
1.73, 1272231
1.73, 1269303
1.73, 1267094
1.73, 1266992
1.73, 1265389
1.73, 1265130
1.73, 1263928
1.73, 1262984
1.74, 1260846
1.74, 1260246
1.74, 1257745
1.74, 1256857
1.74, 1256805
1.74, 1256789
1.74, 1253200
1.74, 1249531
1.74, 1247187
1.74, 1241963
1.74, 1241594
1.74, 1240296
1.74, 1236812
1.74, 1232620
1.74, 1226472
1.74, 1224862
1.74, 1223918
1.74, 1223734
1.74, 1223004
1.74, 1220336
1.74, 1216480
1.74, 1214144
1.74, 1213878
1.74, 1209645
1.74, 1208332
1.80, 1206982
1.80, 1205592
1.80, 1205234
1.80, 1205175
1.80, 1203032
1.80, 1201561
1.80, 1199557
1.81, 1199148
1.81, 1197630
1.81, 1194214
1.81, 1187705
1.82, 1187312
1.82, 1186985
1.82, 1182788
1.82, 1182384
1.82, 1180504
1.82, 1180499
1.82, 1180182
1.82, 1179666
1.82, 1179068
1.82, 1178121
1.82, 1177485
1.82, 1175952
1.82, 1175773
1.82, 1172270
1.82, 1169339
1.82, 1169280
1.83, 1168408
1.83, 1168371
1.83, 1168160
1.83, 1167930
1.83, 1167415
1.83, 1166227
1.83, 1166182
1.83, 1166163
1.83, 1165386
1.83, 1165315
1.83, 1165259
1.83, 1164270
1.83, 1162697
1.83, 1161773
1.83, 1161023
1.83, 1159063
1.83, 1158114
1.83, 1155729
1.83, 1151814
1.89, 1146923
1.89, 1144652
1.89, 1144265
1.89, 1143538
1.89, 1134067
1.89, 1126776
1.89, 1125705
1.89, 1125055
1.89, 1122094
1.89, 1121888
1.89, 1121021
1.89, 1118289
1.89, 1115696
1.89, 1113620
1.89, 1111982
1.89, 1111941
1.89, 1110685
1.89, 1107180
1.89, 1105387
1.89, 1102286
1.89, 1102241
1.89, 1096908
1.89, 1094682
1.89, 1089938
1.89, 1082278
1.89, 1078399
1.93, 1077648
1.93, 1076961
1.93, 1075385
1.93, 1073507
1.93, 1072414
1.93, 1070610
1.93, 1064612
1.93, 1063018
1.95, 1056786
1.95, 1052497
1.95, 1051758
1.95, 1049887
1.95, 1045936
1.95, 1042512
1.95, 1041902
1.98, 1041866
1.98, 1041789
1.98, 1039319
1.98, 1037820
1.98, 1031830
1.98, 1026941
1.98, 1026819
1.98, 1024686
1.98, 1023006
1.98, 1021114
2.02, 1020590
2.04, 1020241
2.04, 1019190
2.04, 1018034
2.04, 1013323
2.05, 1013057
2.05, 1012732
2.05, 1011856
2.05, 1011322
2.05, 1010748
2.06, 1010591
2.06, 1009165
2.06, 1006784
2.06, 998468
2.06, 998195
2.06, 997953
2.06, 995388
2.06, 991543
2.09, 990002
2.09, 988991
2.09, 988104
2.09, 987696
2.09, 987435
2.09, 986751
2.09, 981779
2.09, 981149
2.10, 981147
2.10, 978801
2.10, 977880
2.10, 977856
2.10, 974566
2.10, 973660
2.10, 969861
2.13, 969623
2.13, 967792
2.13, 966843
2.13, 966157
2.13, 965991
2.14, 965704
2.14, 965691
2.14, 963151
2.14, 962018
2.14, 961541
2.14, 961184
2.14, 960284
2.14, 959639
2.14, 956968
2.14, 956105
2.14, 954298
2.14, 950776
2.14, 950196
2.15, 949747
2.15, 947290
2.15, 946797
2.15, 944871
2.15, 943961
2.15, 943615
2.15, 943357
2.15, 942276
2.15, 941439
2.15, 940715
2.15, 939101
2.15, 936339
2.15, 936265
2.15, 934146
2.15, 932141
2.15, 931997
2.15, 930784
2.15, 930186
2.15, 929697
2.15, 926627
2.15, 926029
2.15, 925809
2.15, 924330
2.15, 923798
2.15, 923713
2.15, 922246
2.15, 919883
2.15, 919847
2.15, 919518
2.20, 917951
2.20, 917384
2.20, 916002
2.20, 913883
2.20, 909336
2.20, 908929
2.20, 908050
2.20, 906853
2.20, 906634
2.21, 905537
2.21, 903110
2.21, 900881
2.21, 899430
2.21, 897854
2.21, 896947
2.21, 896127
2.21, 894085
2.21, 893351
2.22, 892699
2.22, 889519
2.22, 886046
2.24, 885613
2.24, 884774
2.24, 883764
2.24, 883703
2.24, 883652
2.25, 881921
2.25, 881394
2.25, 880796
2.25, 879339
2.25, 875364
2.25, 874648
2.25, 874067
2.25, 873633
2.25, 873429
2.25, 873415
2.25, 870125
2.25, 867215
2.25, 866729
2.25, 866407
2.25, 863012
2.25, 861349
2.25, 861250
2.25, 859246
2.25, 858546
2.25, 857608
2.25, 856652
2.25, 856233
2.25, 855849
2.27, 855633
2.27, 855410
2.27, 854391
2.27, 853862
2.27, 853668
2.27, 852982
2.27, 848669
2.27, 848321
2.30, 848242
2.30, 846896
2.30, 845960
2.30, 845254
2.30, 844864
2.30, 843417
2.30, 842921
2.30, 841664
2.30, 840800
2.30, 839640
2.30, 839472
2.30, 839412
2.30, 835253
2.30, 834914
2.30, 834720
2.30, 833314
2.32, 832348
2.32, 831401
2.32, 830788
2.32, 830308
2.39, 829390
2.39, 829206
2.39, 827640
2.39, 827638
2.39, 827309
2.39, 827257
2.39, 826098
2.39, 825897
2.39, 824826
2.39, 824668
2.39, 823343
2.39, 823174
2.39, 822969
2.39, 821615
2.40, 820870
2.40, 819321
2.40, 818211
2.41, 818139
2.41, 815659
2.41, 813408
2.41, 811380
2.41, 809877
2.41, 809626
2.41, 807025
2.41, 807024
2.41, 805599
2.42, 804060
2.42, 804049
2.42, 800468
2.45, 799837
2.45, 799148
2.45, 798612
2.45, 798539
2.45, 797758
2.48, 797729
2.48, 797670
2.48, 796430
2.48, 793302
2.48, 792656
2.50, 792375
2.50, 791947
2.51, 791569
2.51, 789869
2.51, 788662
2.51, 788484
2.51, 787211
2.51, 786668
2.51, 786295
2.51, 783764
2.51, 783530
2.51, 782804
2.51, 782483
2.51, 781643
2.51, 781042
2.51, 781038
2.51, 779930
2.52, 777874
2.52, 777138
2.52, 776122
2.52, 776064
2.52, 775828
2.52, 774179
2.52, 774176
2.52, 774161
2.52, 774125
2.52, 771176
2.55, 771016
2.57, 770549
2.57, 770401
2.57, 767950
2.57, 767895
2.58, 766842
2.58, 766643
2.60, 766236
2.60, 765248
2.60, 763250
2.60, 761649
2.60, 760873
2.60, 760705
2.60, 760323
2.60, 758614
2.60, 757326
2.60, 757163
2.60, 755858
2.60, 755822
2.60, 755201
2.60, 753936
2.60, 753552
2.60, 753311
2.60, 753252
2.60, 750038
2.61, 749297
2.61, 749130
2.61, 749025
2.61, 748553
2.61, 747567
2.62, 747297
2.62, 747246
2.62, 746035
2.62, 744950
2.62, 744507
2.68, 743750
2.68, 742433
2.68, 742059
2.75, 740909
2.76, 740509
2.76, 740062
2.76, 739249
2.76, 738081
2.76, 737389
2.76, 737377
2.76, 736699
2.76, 735571
2.76, 734292
2.76, 731731
2.77, 731381
2.77, 731280
2.77, 731143
2.77, 730845
2.77, 730051
2.77, 729137
2.77, 728682
2.77, 727651
2.77, 727309
2.77, 727250
2.77, 727210
2.77, 726544
2.77, 725498
2.77, 725467
2.82, 725461
2.82, 724459
2.83, 724388
2.83, 723231
2.83, 722648
2.83, 721977
2.83, 721549
2.83, 721166
2.83, 720122
2.83, 718517
2.83, 717495
2.83, 716916
2.89, 716597
2.89, 716354
2.89, 715460
2.89, 715061
2.89, 715016
2.89, 714979
2.95, 714212
2.95, 713825
2.95, 713714
2.95, 713188
2.97, 712929
2.97, 711494
2.98, 710914
2.98, 710669
3.02, 709234
3.04, 709231
3.04, 709001
3.04, 708773
3.04, 707757
3.04, 707015
3.04, 705713
3.04, 705069
3.04, 704178
3.04, 703431
3.05, 702926
3.05, 702089
3.05, 701534
3.05, 701238
3.05, 701036
3.05, 700289
3.06, 699239
3.06, 698096
3.06, 696996
3.06, 696681
3.08, 696421
3.08, 696184
3.09, 696160
3.09, 695901
3.09, 695881
3.09, 695563
3.09, 694097
3.10, 691496
3.10, 691251
3.10, 690384
3.10, 689853
3.10, 689446
3.10, 688591
3.10, 687516
3.10, 686500
3.10, 685878
3.11, 685802
3.11, 685702
3.11, 685426
3.11, 685316
3.12, 685194
3.12, 683979
3.12, 683964
3.14, 683150
3.20, 682813
3.21, 682713
3.22, 682509
3.23, 682500
3.23, 682440
3.23, 682321
3.23, 682090
3.26, 681061
3.27, 680833
3.27, 680756
3.27, 680197
3.27, 679876
3.28, 679758
3.28, 679592
3.28, 678440
3.28, 678239
3.28, 678179
3.29, 677972
3.29, 677671
3.33, 677535
3.33, 676342
3.33, 675885
3.33, 675736
3.33, 675699
3.33, 674200
3.34, 674028
3.35, 673917
3.35, 673853
3.36, 673391
3.36, 673066
3.36, 673006
3.36, 672996
3.37, 672963
3.48, 672366
3.48, 672214
3.49, 671834
3.49, 671738
3.49, 671720
3.49, 671420
3.50, 670889
3.51, 670384
3.55, 670134
3.55, 669834
3.56, 669452
3.56, 669180
3.57, 668864
3.57, 668252
3.58, 668209
3.59, 667875
3.60, 667803
3.60, 667785
3.61, 667668
3.62, 667525
3.89, 667418
3.89, 667362
3.90, 667279
3.90, 667172
3.91, 667112
3.91, 667013
4.06, 667008
4.07, 666886
4.22, 666871
4.31, 666831
4.36, 666782
7.01, 666759
7.01, 665450
7.01, 665168
7.04, 665115
7.05, 664970
7.05, 664869
7.09, 664726
7.11, 664703
7.17, 664650
7.23, 664395
7.23, 664378
7.24, 664348
7.24, 664308
7.26, 664232
7.26, 663936
7.26, 663464
7.31, 663454
7.31, 663237
7.32, 663177
7.33, 663032
7.63, 662920
7.66, 662860
13.88, 662788
14.01, 662769
14.04, 662579
14.07, 662481
14.11, 662364
20.84, 662253
20.84, 662189
20.85, 662170
20.86, 662167
20.86, 662142
20.88, 662139
20.91, 661741
20.99, 661738
21.06, 661733
21.08, 661730
