0.01, 6990363
0.01, 6984741
0.01, 6984312
0.01, 6978902
0.01, 6970742
0.01, 6957614
0.01, 6951392
0.01, 6943307
0.01, 6918444
0.01, 6916963
0.01, 6909503
0.01, 6900988
0.01, 6899451
0.01, 6885648
0.01, 6854282
0.01, 6845500
0.01, 6805364
0.01, 6798901
0.01, 6790438
0.01, 6710861
0.01, 6706413
0.01, 6697552
0.01, 6669183
0.01, 6666066
0.01, 6656382
0.01, 6652377
0.01, 6644513
0.01, 6641390
0.01, 6633012
0.01, 6595180
0.01, 6594919
0.01, 6594729
0.01, 6580534
0.01, 6539849
0.01, 6535639
0.01, 6527111
0.01, 6526688
0.01, 6516258
0.01, 6506591
0.01, 6504764
0.01, 6499421
0.01, 6498136
0.01, 6484890
0.01, 6475193
0.01, 6458084
0.01, 6457644
0.01, 6429142
0.01, 6414405
0.01, 6396987
0.01, 6384935
0.01, 6341202
0.01, 6316302
0.01, 6272223
0.01, 6259523
0.01, 6250229
0.01, 6242139
0.01, 6235652
0.01, 6232034
0.01, 6231802
0.01, 6227803
0.01, 6220000
0.01, 6208621
0.01, 6203413
0.01, 6185111
0.01, 6177962
0.01, 6172903
0.01, 6147939
0.01, 6099128
0.01, 6090917
0.01, 6083011
0.01, 6082547
0.01, 6056113
0.01, 6052284
0.01, 6051635
0.01, 6050675
0.01, 6039901
0.01, 6019225
0.01, 5991634
0.01, 5965376
0.01, 5950399
0.01, 5945686
0.01, 5931006
0.01, 5930396
0.01, 5920167
0.01, 5917253
0.01, 5916146
0.01, 5904264
0.01, 5892115
0.01, 5890235
0.01, 5889734
0.01, 5884196
0.01, 5878530
0.01, 5873370
0.01, 5863530
0.02, 5862059
0.02, 5851696
0.02, 5827454
0.02, 5826905
0.02, 5825466
0.02, 5819572
0.02, 5740740
0.02, 5728485
0.02, 5699409
0.02, 5674418
0.02, 5669076
0.02, 5668090
0.02, 5667016
0.02, 5663727
0.02, 5653070
0.02, 5650368
0.02, 5647153
0.02, 5594970
0.02, 5582629
0.02, 5555705
0.02, 5532780
0.02, 5532698
0.02, 5512121
0.02, 5505110
0.02, 5486928
0.02, 5479887
0.02, 5469641
0.02, 5464974
0.02, 5450331
0.02, 5420493
0.03, 5419239
0.03, 5412324
0.03, 5404006
0.03, 5393455
0.03, 5393406
0.03, 5393233
0.03, 5333893
0.03, 5329438
0.03, 5314486
0.03, 5310430
0.03, 5301252
0.03, 5282455
0.03, 5281316
0.03, 5266968
0.03, 5240092
0.03, 5220882
0.03, 5182498
0.03, 5181179
0.03, 5176105
0.03, 5175962
0.12, 5162786
0.12, 5072199
0.16, 5058630
0.16, 5023727
0.16, 5009127
0.16, 5007825
0.16, 4997949
0.16, 4996521
0.16, 4982005
0.16, 4976384
0.16, 4971366
0.16, 4970024
0.16, 4910069
0.16, 4909726
0.16, 4891919
0.16, 4871715
0.16, 4858087
0.16, 4857711
0.16, 4857548
0.16, 4850156
0.16, 4838905
0.16, 4838192
0.16, 4825411
0.23, 4814360
0.23, 4730863
0.23, 4713383
0.23, 4703571
0.30, 4681031
0.30, 4678759
0.30, 4673357
0.34, 4653822
0.34, 4649275
0.34, 4645505
0.34, 4628547
0.34, 4619536
0.34, 4610083
0.34, 4598893
0.34, 4550444
0.35, 4536047
0.35, 4519988
0.35, 4512034
0.35, 4509437
0.35, 4499666
0.35, 4487620
0.35, 4478254
0.35, 4475414
0.35, 4469589
0.35, 4464598
0.35, 4461086
0.35, 4460105
0.35, 4410019
0.42, 4397836
0.42, 4395688
0.42, 4395096
0.42, 4381647
0.42, 4378302
0.42, 4367839
0.42, 4354542
0.42, 4353607
0.42, 4349854
0.42, 4342699
0.43, 4340559
0.43, 4324704
0.43, 4281214
0.43, 4261507
0.43, 4235341
0.43, 4235069
0.43, 4234721
0.43, 4214541
0.43, 4209544
0.43, 4208506
0.43, 4172295
0.43, 4170546
0.43, 4132137
0.43, 4123517
0.43, 4113582
0.43, 4108252
0.43, 4095555
0.43, 4079243
0.43, 4049813
0.43, 4033687
0.43, 4010332
0.46, 4007296
0.46, 4006972
0.51, 4005230
0.51, 4003535
0.51, 3994094
0.51, 3993957
0.51, 3993415
0.51, 3959467
0.51, 3958013
0.51, 3947057
0.51, 3929012
0.51, 3924411
0.51, 3913168
0.51, 3912542
0.51, 3910300
0.51, 3901750
0.51, 3879156
0.51, 3859232
0.51, 3827710
0.51, 3802379
0.56, 3772249
0.56, 3770213
0.56, 3763928
0.56, 3747951
0.56, 3733574
0.56, 3710742
0.56, 3708434
0.56, 3698511
0.56, 3696700
0.56, 3691415
0.56, 3638407
0.56, 3634721
0.56, 3634428
0.56, 3605858
0.56, 3604993
0.56, 3590928
0.56, 3565384
0.56, 3563959
0.56, 3563597
0.56, 3560713
0.56, 3559682
0.56, 3557028
0.67, 3553827
0.67, 3553700
0.67, 3552971
0.68, 3550260
0.68, 3546739
0.68, 3543815
0.68, 3532066
0.68, 3531359
0.68, 3518991
0.68, 3517479
0.68, 3514789
0.68, 3501346
0.68, 3478693
0.69, 3473990
0.69, 3470457
0.69, 3465989
0.69, 3449305
0.69, 3443353
0.69, 3433068
0.69, 3425482
0.69, 3416664
0.69, 3407683
0.69, 3405680
0.69, 3399150
0.69, 3398157
0.69, 3394344
0.69, 3391347
0.69, 3356628
0.69, 3337424
0.69, 3336813
0.69, 3324995
0.69, 3317718
0.69, 3316822
0.69, 3290471
0.69, 3265309
0.69, 3249722
0.69, 3244080
0.69, 3241604
0.74, 3231115
0.74, 3225841
0.74, 3224470
0.74, 3220383
0.74, 3218481
0.74, 3172736
0.74, 3156389
0.74, 3143763
0.74, 3112199
0.74, 3111965
0.74, 3110272
0.75, 3103403
0.75, 3101604
0.75, 3092105
0.75, 3090830
0.81, 3074946
0.81, 3070358
0.84, 3067967
0.84, 3064046
0.84, 3057746
0.84, 3025590
0.84, 3014456
0.84, 3011103
0.84, 3010795
0.84, 3010019
0.84, 3008695
0.84, 3003018
0.84, 3000880
0.84, 2990487
0.84, 2984393
0.84, 2965291
0.84, 2965223
0.84, 2953271
0.84, 2950404
0.84, 2945816
0.84, 2924226
0.84, 2923381
0.84, 2914492
0.84, 2913512
0.84, 2909774
0.84, 2904934
0.84, 2904881
0.84, 2901440
0.84, 2893602
0.84, 2892334
0.84, 2864147
0.84, 2857083
0.84, 2857015
0.84, 2823867
0.84, 2821627
0.84, 2820222
0.84, 2819716
0.84, 2818194
0.84, 2805103
0.84, 2789696
0.84, 2789566
0.84, 2785462
0.84, 2783211
0.84, 2780433
0.84, 2773314
0.84, 2748211
0.84, 2731247
0.87, 2724762
0.87, 2722553
0.87, 2720616
0.91, 2715687
0.91, 2712845
0.91, 2712473
0.91, 2711188
0.91, 2704699
0.91, 2703628
0.91, 2703474
0.91, 2702464
0.91, 2699644
0.91, 2699573
0.91, 2699431
0.91, 2695031
0.91, 2690198
0.91, 2686265
0.91, 2686017
0.91, 2683162
0.91, 2682397
0.91, 2681811
0.91, 2675425
0.91, 2674784
0.91, 2674070
0.93, 2668193
0.93, 2666473
0.93, 2647620
0.97, 2647573
0.97, 2647237
0.97, 2642314
0.97, 2638049
0.97, 2635060
0.97, 2625830
0.97, 2623295
0.97, 2582685
0.97, 2575239
0.97, 2574171
0.97, 2566854
0.97, 2565215
0.97, 2561943
0.97, 2560235
0.97, 2554338
0.97, 2553204
0.97, 2542907
0.97, 2542196
1.01, 2528683
1.01, 2528245
1.01, 2527624
1.01, 2526672
1.01, 2525975
1.01, 2521596
1.01, 2519228
1.01, 2515970
1.01, 2506103
1.01, 2488356
1.01, 2482386
1.01, 2482050
1.01, 2478516
1.01, 2475740
1.01, 2461647
1.01, 2448028
1.01, 2436786
1.01, 2434007
1.01, 2426152
1.01, 2422259
1.01, 2420987
1.01, 2417799
1.01, 2417158
1.01, 2407086
1.01, 2402471
1.05, 2387747
1.05, 2376938
1.05, 2366242
1.05, 2352462
1.05, 2351490
1.05, 2342304
1.05, 2339691
1.06, 2337981
1.06, 2337283
1.06, 2334325
1.06, 2328543
1.06, 2327596
1.06, 2327373
1.06, 2320669
1.06, 2320378
1.06, 2318639
1.06, 2313978
1.06, 2304776
1.06, 2297744
1.06, 2270491
1.06, 2269835
1.06, 2268939
1.06, 2259372
1.06, 2259152
1.13, 2258518
1.13, 2256007
1.13, 2255867
1.13, 2255649
1.13, 2241242
1.13, 2241178
1.13, 2238739
1.14, 2207808
1.14, 2206714
1.14, 2184600
1.14, 2183805
1.14, 2181665
1.14, 2179329
1.14, 2178702
1.14, 2178424
1.14, 2174075
1.14, 2174054
1.14, 2174016
1.14, 2173376
1.14, 2170895
1.14, 2170013
1.14, 2169375
1.14, 2165549
1.14, 2162989
1.15, 2159840
1.15, 2156953
1.15, 2156900
1.15, 2155614
1.15, 2151862
1.15, 2149982
1.15, 2141046
1.15, 2137079
1.15, 2126361
1.15, 2124505
1.15, 2121897
1.15, 2118099
1.15, 2116761
1.15, 2114747
1.15, 2110465
1.17, 2107847
1.17, 2105141
1.17, 2103443
1.17, 2103070
1.17, 2086217
1.17, 2086213
1.17, 2086154
1.17, 2069014
1.17, 2051352
1.17, 2034841
1.17, 2018906
1.17, 2017793
1.17, 2017158
1.17, 2015040
1.17, 2008094
1.20, 2000449
1.20, 1998211
1.20, 1986275
1.20, 1974222
1.20, 1966412
1.20, 1965659
1.20, 1965159
1.20, 1962538
1.20, 1951168
1.20, 1947957
1.22, 1944581
1.22, 1940567
1.22, 1937797
1.22, 1932614
1.22, 1931977
1.22, 1930958
1.22, 1916805
1.22, 1913376
1.22, 1911818
1.22, 1882757
1.22, 1882311
1.22, 1882166
1.22, 1876935
1.22, 1876544
1.22, 1876070
1.22, 1873113
1.22, 1871899
1.22, 1857872
1.22, 1856046
1.22, 1849550
1.33, 1849199
1.33, 1848273
1.33, 1844703
1.33, 1837036
1.33, 1820846
1.33, 1815989
1.33, 1799971
1.33, 1794598
1.33, 1793147
1.33, 1785859
1.33, 1776949
1.33, 1776335
1.33, 1775783
1.33, 1775716
1.33, 1747036
1.33, 1746477
1.33, 1746346
1.33, 1739027
1.33, 1728985
1.33, 1726163
1.33, 1722078
1.33, 1718948
1.33, 1709959
1.33, 1709628
1.33, 1692966
1.33, 1688405
1.33, 1684508
1.33, 1682967
1.34, 1682577
1.34, 1678464
1.34, 1674895
1.34, 1669664
1.34, 1669569
1.36, 1663348
1.36, 1657830
1.36, 1652290
1.39, 1650884
1.39, 1649596
1.39, 1642350
1.39, 1634985
1.39, 1603467
1.39, 1601172
1.39, 1599084
1.39, 1596755
1.39, 1594826
1.39, 1593337
1.39, 1593194
1.39, 1591415
1.39, 1589947
1.39, 1585457
1.39, 1585044
1.39, 1581586
1.39, 1580250
1.39, 1580188
1.39, 1576177
1.39, 1575311
1.41, 1574261
1.42, 1573770
1.43, 1564942
1.43, 1562628
1.43, 1556507
1.43, 1553604
1.43, 1552664
1.43, 1551105
1.43, 1549625
1.43, 1549484
1.43, 1548221
1.43, 1543536
1.43, 1542126
1.43, 1542059
1.43, 1536086
1.43, 1530441
1.43, 1528625
1.43, 1509996
1.43, 1505205
1.43, 1504876
1.43, 1503431
1.43, 1502873
1.43, 1497702
1.48, 1497336
1.48, 1495049
1.48, 1486560
1.48, 1484823
1.48, 1484795
1.48, 1483776
1.49, 1481535
1.49, 1481418
1.49, 1475462
1.52, 1467961
1.52, 1467828
1.52, 1467033
1.52, 1466602
1.52, 1462445
1.52, 1462427
1.52, 1457836
1.52, 1450265
1.52, 1441916
1.52, 1440634
1.52, 1433642
1.52, 1426568
1.52, 1426302
1.52, 1423991
1.52, 1423373
1.52, 1421486
1.52, 1417969
1.52, 1416574
1.52, 1415092
1.58, 1413382
1.58, 1412135
1.58, 1410952
1.58, 1407245
1.58, 1405890
1.58, 1402945
1.61, 1400810
1.61, 1397492
1.61, 1397012
1.61, 1391806
1.61, 1389648
1.61, 1388295
1.61, 1385287
1.61, 1382932
1.61, 1377375
1.61, 1377058
1.61, 1376636
1.61, 1376571
1.61, 1373467
1.61, 1371384
1.61, 1363577
1.61, 1360177
1.61, 1357241
1.61, 1355864
1.61, 1355844
1.61, 1352676
1.61, 1352197
1.61, 1348513
1.61, 1346919
1.61, 1344960
1.61, 1324005
1.61, 1321332
1.61, 1318747
1.61, 1317570
1.61, 1317070
1.61, 1312545
1.61, 1312269
1.61, 1304829
1.61, 1303709
1.61, 1300239
1.61, 1295379
1.64, 1290022
1.64, 1286324
1.67, 1284991
1.67, 1282807
1.67, 1281229
1.67, 1275228
1.67, 1274878
1.67, 1274785
1.67, 1261413
1.67, 1261120
1.67, 1259124
1.67, 1254885
1.67, 1253696
1.67, 1251824
1.67, 1247447
1.67, 1245448
1.67, 1245373
1.67, 1238988
1.67, 1238442
1.67, 1237977
1.68, 1237370
1.68, 1230578
1.68, 1227337
1.68, 1224766
1.68, 1223162
1.68, 1219832
1.68, 1217922
1.68, 1215329
1.68, 1213926
1.68, 1213746
1.68, 1212648
1.69, 1212492
1.69, 1210686
1.69, 1209496
1.69, 1209399
1.69, 1208353
1.69, 1204981
1.69, 1204943
1.69, 1198789
1.69, 1196575
1.69, 1186177
1.69, 1185019
1.69, 1179442
1.69, 1173727
1.69, 1173378
1.69, 1170407
1.69, 1169296
1.69, 1168126
1.69, 1167823
1.69, 1167298
1.69, 1165357
1.79, 1161102
1.79, 1149726
1.79, 1149540
1.79, 1149299
1.79, 1147604
1.79, 1147467
1.79, 1145357
1.79, 1143023
1.79, 1140823
1.79, 1140283
1.79, 1135353
1.81, 1134986
1.81, 1134774
1.81, 1131046
1.81, 1130854
1.90, 1128388
1.90, 1127850
1.90, 1127464
1.90, 1126742
1.90, 1126496
1.90, 1125153
1.90, 1121749
1.90, 1119157
1.90, 1118181
1.90, 1118057
1.90, 1114184
1.90, 1113215
1.90, 1112819
1.90, 1110416
1.90, 1107607
1.90, 1105842
1.90, 1104572
1.90, 1101214
1.90, 1098144
1.90, 1096978
1.90, 1095491
1.90, 1094037
1.90, 1092545
1.90, 1088004
1.90, 1086466
1.90, 1085741
1.91, 1083366
1.91, 1082475
1.91, 1082452
1.91, 1080709
1.91, 1077743
1.91, 1077705
1.91, 1077610
1.91, 1074825
1.91, 1069591
1.93, 1064798
1.93, 1062366
1.93, 1060559
1.93, 1060453
1.93, 1060407
1.93, 1059430
1.93, 1054173
1.93, 1050993
1.93, 1050770
1.93, 1049964
1.97, 1048752
1.98, 1047811
1.98, 1046696
1.98, 1044168
1.98, 1043345
1.98, 1040348
1.98, 1036902
1.98, 1033146
1.98, 1029564
1.98, 1028536
1.98, 1028351
1.98, 1025627
1.98, 1023471
1.98, 1022186
1.98, 1021171
1.98, 1020899
1.98, 1020120
1.98, 1016416
1.98, 1014502
1.98, 1014365
1.98, 1012984
1.98, 1011475
1.98, 1010198
1.99, 1008712
1.99, 1008125
1.99, 1004610
1.99, 1002509
1.99, 1001934
2.05, 1001629
2.05, 998012
2.05, 997756
2.05, 996095
2.05, 996056
2.05, 995112
2.05, 992735
2.05, 984543
2.05, 976928
2.05, 976814
2.05, 976600
2.05, 975027
2.05, 973103
2.05, 971199
2.05, 969859
2.05, 969547
2.05, 969088
2.06, 960550
2.06, 959401
2.06, 959360
2.06, 957034
2.06, 956498
2.06, 956353
2.06, 952522
2.06, 951505
2.06, 946696
2.06, 944992
2.06, 941531
2.06, 939083
2.06, 937380
2.06, 936942
2.06, 935223
2.06, 934944
2.06, 934463
2.06, 934324
2.06, 926188
2.08, 925803
2.12, 924728
2.12, 924296
2.12, 923685
2.12, 923565
2.12, 921206
2.14, 920855
2.14, 920197
2.14, 919835
2.14, 917668
2.14, 913655
2.14, 912868
2.14, 912649
2.14, 912050
2.14, 909524
2.14, 909145
2.14, 908205
2.15, 906885
2.15, 906703
2.15, 904869
2.15, 900842
2.15, 900228
2.15, 899294
2.15, 897400
2.15, 896944
2.15, 896878
2.15, 893889
2.15, 892610
2.15, 891374
2.15, 891232
2.15, 890550
2.15, 890400
2.15, 889295
2.16, 888608
2.16, 888177
2.16, 885685
2.16, 885001
2.16, 884959
2.16, 884621
2.16, 883840
2.16, 883826
2.16, 883228
2.18, 882490
2.18, 879230
2.18, 876858
2.18, 876046
2.18, 875757
2.18, 874913
2.18, 872769
2.18, 872730
2.18, 869437
2.18, 867864
2.18, 867674
2.24, 867290
2.24, 866829
2.24, 864482
2.24, 864474
2.24, 864121
2.24, 863119
2.25, 858912
2.25, 854798
2.27, 850572
2.27, 850035
2.27, 849236
2.27, 849043
2.27, 848375
2.27, 846094
2.27, 846025
2.27, 845341
2.28, 844710
2.29, 842169
2.29, 841024
2.29, 838312
2.29, 836860
2.29, 835339
2.29, 833606
2.30, 833420
2.30, 833264
2.30, 832062
2.30, 831518
2.30, 829562
2.30, 829355
2.38, 828856
2.38, 826742
2.38, 826595
2.38, 826541
2.38, 826369
2.38, 825181
2.38, 824630
2.38, 824082
2.38, 823460
2.38, 823240
2.38, 820786
2.38, 820643
2.38, 820000
2.38, 819463
2.38, 819214
2.38, 816916
2.38, 816335
2.38, 816096
2.38, 815350
2.38, 811518
2.39, 810475
2.39, 809451
2.39, 809072
2.39, 808606
2.39, 808564
2.39, 805623
2.39, 805524
2.39, 804624
2.39, 804308
2.39, 802688
2.39, 802625
2.39, 802478
2.39, 801920
2.39, 799662
2.39, 799435
2.39, 798407
2.39, 797158
2.39, 797151
2.39, 796762
2.39, 796736
2.39, 795293
2.39, 794860
2.39, 792257
2.43, 790581
2.43, 786804
2.43, 786307
2.43, 786261
2.43, 785949
2.43, 784670
2.43, 783787
2.43, 783498
2.43, 782616
2.43, 782216
2.43, 781740
2.44, 780764
2.44, 779984
2.44, 779457
2.44, 776375
2.44, 773774
2.44, 773508
2.44, 769454
2.44, 769392
2.44, 769371
2.52, 768500
2.52, 768426
2.52, 767464
2.55, 766636
2.55, 766162
2.55, 764231
2.55, 763621
2.55, 763323
2.55, 762396
2.55, 761284
2.55, 760754
2.55, 760321
2.55, 759735
2.55, 759231
2.55, 757920
2.55, 756907
2.55, 756745
2.55, 756736
2.56, 755944
2.56, 755695
2.56, 754422
2.56, 753407
2.56, 752724
2.56, 752458
2.56, 751043
2.57, 749774
2.59, 749769
2.59, 748909
2.59, 747703
2.59, 746539
2.62, 745474
2.62, 745472
2.64, 744652
2.64, 743203
2.64, 741812
2.64, 741678
2.64, 741645
2.64, 740626
2.64, 739650
2.64, 739127
2.64, 738827
2.64, 738221
2.65, 736571
2.65, 735734
2.65, 733285
2.65, 732112
2.65, 730619
2.65, 730580
2.65, 729897
2.65, 727819
2.65, 727683
2.67, 726495
2.67, 726456
2.67, 725874
2.68, 725086
2.68, 724735
2.68, 723315
2.68, 722441
2.68, 721603
2.68, 719302
2.69, 719245
2.69, 718833
2.71, 718074
2.71, 717942
2.71, 717598
2.71, 717485
2.71, 716257
2.71, 716167
2.78, 714905
2.78, 714685
2.78, 714684
2.78, 714245
2.78, 714052
2.79, 713675
2.79, 713002
2.79, 712723
2.79, 712663
2.79, 712210
2.79, 711825
2.79, 711634
2.79, 711580
2.80, 710318
2.82, 710278
2.82, 710001
2.83, 709314
2.83, 709271
2.83, 708643
2.83, 708030
2.83, 707666
2.84, 707362
2.84, 707316
2.84, 707242
2.84, 706962
2.84, 706562
2.84, 706175
2.84, 705998
2.84, 705683
2.84, 705216
2.84, 704263
2.85, 704138
2.85, 703679
2.85, 703392
2.85, 703165
2.85, 702760
2.85, 702379
2.85, 701556
2.86, 701168
2.88, 701156
2.88, 700310
2.88, 700188
2.88, 699325
2.88, 698985
2.88, 698383
2.88, 697357
2.88, 696682
2.89, 696463
2.91, 696350
2.91, 696210
2.91, 696016
2.91, 695056
2.97, 694119
2.97, 694063
3.03, 694017
3.03, 693657
3.03, 693621
3.03, 692990
3.03, 692411
3.04, 691752
3.04, 691481
3.04, 691143
3.04, 690644
3.04, 690525
3.04, 689970
3.04, 688958
3.05, 687454
3.05, 686593
3.05, 686590
3.07, 685710
3.07, 685365
3.07, 684765
3.08, 684436
3.08, 684408
3.08, 684380
3.08, 684337
3.08, 683824
3.08, 683619
3.08, 682952
3.08, 682949
3.08, 681938
3.08, 681640
3.08, 681554
3.11, 681469
3.11, 681434
3.11, 680889
3.11, 680861
3.12, 680714
3.12, 680663
3.12, 680270
3.12, 679623
3.12, 679376
3.12, 679368
3.12, 679219
3.13, 678793
3.13, 678607
3.14, 678486
3.14, 678206
3.14, 678133
3.14, 677948
3.14, 677877
3.14, 676931
3.14, 676893
3.14, 676732
3.25, 676488
3.25, 676061
3.25, 675975
3.25, 675685
3.25, 675625
3.25, 675164
3.25, 675105
3.25, 675101
3.29, 674777
3.29, 674754
3.29, 674709
3.29, 674582
3.29, 674398
3.30, 674346
3.31, 673379
3.33, 672862
3.33, 672511
3.36, 672235
3.36, 672158
3.36, 671793
3.37, 671637
3.44, 671572
3.44, 671193
3.48, 670929
3.48, 670749
3.49, 670669
3.49, 669942
3.50, 669494
3.51, 669279
3.51, 668600
3.51, 668312
3.52, 668252
3.52, 668230
3.53, 668079
3.53, 667966
3.53, 667892
3.54, 667771
3.57, 667736
3.57, 667041
3.57, 667019
3.59, 666821
3.59, 666558
3.60, 666498
3.60, 666033
3.60, 665795
3.60, 665390
3.61, 665368
3.61, 665319
3.61, 665286
3.71, 664996
3.71, 664654
3.74, 664631
3.74, 664355
3.75, 664303
3.81, 664302
3.82, 664100
3.82, 663934
3.87, 663910
3.87, 663851
3.87, 663805
3.89, 663707
3.89, 663685
3.90, 663608
3.90, 663426
3.92, 663373
3.92, 663313
3.92, 663141
3.93, 663122
3.99, 663099
4.06, 663080
4.35, 663071
4.35, 663052
4.39, 663030
6.94, 662574
6.94, 662514
6.94, 662353
6.96, 662330
7.15, 662280
7.25, 662234
7.28, 662206
7.32, 662146
7.40, 662119
7.58, 662117
7.60, 662090
12.63, 662024
12.65, 661802
12.65, 661683
12.65, 661661
12.66, 661389
12.66, 661041
12.67, 660981
12.67, 660625
12.67, 660344
12.68, 660064
12.68, 659985
12.70, 659982
12.70, 659767
12.70, 659507
12.89, 659374
12.90, 659229
12.94, 659188
12.95, 659166
12.99, 659107
12.99, 659082
13.00, 659063
13.04, 658295
13.07, 658267
13.08, 658248
13.08, 658220
13.47, 658188
