0.01, 6959365
0.01, 6946301
0.01, 6912721
0.01, 6908145
0.01, 6894556
0.01, 6883108
0.01, 6857714
0.01, 6857217
0.01, 6834543
0.01, 6828417
0.01, 6800749
0.01, 6799888
0.01, 6730004
0.01, 6700582
0.01, 6692326
0.01, 6688917
0.01, 6659288
0.01, 6658630
0.01, 6622911
0.01, 6613450
0.01, 6556576
0.01, 6556434
0.01, 6555533
0.01, 6555273
0.01, 6535155
0.01, 6531481
0.01, 6511494
0.01, 6507846
0.01, 6504183
0.01, 6450869
0.01, 6446556
0.01, 6446391
0.01, 6442413
0.01, 6431780
0.01, 6425652
0.01, 6379521
0.01, 6375772
0.01, 6362973
0.01, 6338419
0.01, 6322991
0.01, 6321973
0.01, 6297834
0.01, 6297234
0.01, 6269405
0.01, 6248646
0.01, 6248419
0.01, 6232977
0.01, 6232539
0.01, 6232178
0.01, 6231081
0.01, 6224114
0.01, 6215602
0.01, 6196968
0.01, 6188598
0.01, 6173179
0.01, 6155616
0.01, 6137968
0.01, 6129249
0.01, 6127577
0.01, 6112557
0.01, 6100724
0.01, 6045889
0.01, 5992416
0.01, 5939625
0.01, 5938894
0.01, 5931807
0.01, 5904694
0.01, 5899539
0.01, 5852448
0.01, 5811029
0.01, 5800505
0.01, 5790303
0.02, 5758580
0.02, 5750312
0.02, 5743953
0.02, 5742522
0.02, 5739279
0.02, 5733951
0.02, 5732529
0.02, 5730695
0.02, 5710092
0.02, 5698298
0.02, 5677052
0.02, 5676511
0.02, 5675885
0.02, 5674894
0.02, 5668269
0.02, 5666210
0.02, 5664789
0.02, 5663523
0.02, 5663509
0.02, 5654858
0.02, 5641929
0.02, 5620253
0.02, 5604462
0.02, 5602569
0.02, 5598934
0.02, 5588981
0.03, 5578256
0.03, 5573099
0.03, 5570645
0.03, 5566148
0.03, 5545026
0.03, 5517493
0.03, 5511505
0.03, 5500997
0.03, 5500810
0.03, 5492233
0.03, 5489681
0.03, 5477485
0.03, 5463943
0.04, 5460140
0.04, 5449502
0.04, 5390310
0.04, 5386817
0.04, 5383585
0.04, 5371677
0.04, 5357638
0.04, 5342489
0.05, 5327372
0.05, 5326628
0.05, 5312851
0.05, 5312238
0.05, 5311778
0.05, 5255861
0.05, 5242563
0.05, 5242174
0.05, 5241455
0.05, 5236883
0.05, 5232433
0.05, 5230646
0.06, 5224350
0.06, 5213803
0.06, 5213126
0.06, 5201548
0.06, 5152751
0.06, 5126869
0.06, 5103164
0.06, 5040593
0.06, 5034570
0.06, 5030418
0.19, 5023101
0.19, 5023054
0.19, 5019031
0.19, 5011243
0.19, 4993581
0.19, 4992223
0.19, 4985625
0.19, 4978999
0.20, 4967265
0.21, 4966833
0.21, 4957245
0.21, 4942825
0.22, 4934679
0.22, 4903538
0.22, 4888904
0.22, 4875206
0.22, 4850756
0.22, 4850507
0.22, 4833593
0.22, 4831441
0.22, 4795923
0.22, 4789861
0.22, 4788631
0.22, 4788205
0.26, 4787196
0.26, 4765633
0.26, 4763486
0.26, 4734125
0.26, 4727562
0.26, 4693060
0.26, 4666313
0.26, 4650690
0.26, 4635355
0.26, 4608435
0.26, 4599138
0.26, 4595537
0.26, 4589436
0.26, 4580601
0.26, 4565951
0.26, 4546464
0.26, 4546389
0.26, 4539110
0.26, 4536985
0.26, 4525749
0.26, 4511740
0.26, 4497827
0.26, 4496369
0.26, 4477781
0.29, 4471741
0.29, 4459744
0.29, 4444253
0.29, 4442524
0.29, 4438333
0.29, 4419524
0.29, 4406848
0.29, 4404175
0.29, 4398733
0.29, 4398316
0.29, 4388411
0.29, 4373078
0.29, 4366681
0.29, 4358883
0.29, 4352266
0.29, 4339260
0.29, 4338648
0.29, 4327532
0.29, 4306640
0.29, 4287235
0.29, 4281039
0.29, 4274687
0.37, 4273147
0.37, 4257630
0.37, 4257153
0.37, 4245820
0.37, 4227317
0.37, 4226981
0.37, 4226731
0.37, 4221271
0.37, 4171422
0.37, 4130693
0.37, 4130204
0.45, 4089489
0.45, 4086023
0.45, 4084436
0.45, 4083888
0.45, 4079462
0.45, 4075820
0.45, 4046470
0.45, 4027575
0.45, 3995603
0.45, 3991178
0.45, 3984641
0.45, 3983720
0.45, 3983108
0.45, 3966602
0.45, 3948570
0.45, 3908050
0.50, 3906915
0.50, 3905006
0.50, 3880407
0.53, 3854875
0.53, 3841726
0.53, 3838509
0.53, 3838408
0.53, 3836043
0.53, 3833016
0.53, 3832034
0.53, 3831695
0.53, 3821443
0.53, 3812739
0.53, 3806457
0.53, 3804418
0.59, 3797799
0.59, 3789874
0.59, 3786708
0.59, 3785642
0.59, 3765374
0.59, 3757690
0.59, 3737404
0.59, 3733361
0.59, 3718155
0.59, 3689349
0.59, 3688736
0.59, 3686984
0.59, 3685623
0.59, 3674057
0.59, 3666638
0.59, 3649479
0.59, 3640410
0.59, 3615166
0.59, 3612225
0.59, 3607911
0.59, 3593503
0.59, 3580920
0.59, 3580628
0.60, 3570545
0.60, 3567192
0.60, 3546610
0.60, 3545862
0.67, 3541101
0.67, 3538601
0.68, 3537982
0.68, 3525508
0.68, 3516030
0.69, 3506390
0.69, 3499195
0.69, 3495072
0.69, 3470492
0.69, 3464377
0.69, 3450928
0.69, 3444601
0.69, 3434250
0.69, 3428519
0.72, 3424895
0.72, 3409824
0.72, 3405762
0.72, 3375493
0.72, 3374011
0.72, 3373298
0.73, 3369904
0.73, 3355107
0.73, 3354911
0.73, 3351857
0.73, 3345120
0.73, 3344909
0.73, 3340529
0.73, 3337490
0.73, 3328750
0.73, 3328635
0.73, 3309238
0.73, 3305048
0.73, 3301378
0.73, 3299105
0.73, 3294848
0.73, 3280497
0.73, 3263917
0.73, 3261833
0.73, 3241575
0.73, 3231740
0.73, 3222809
0.73, 3222490
0.74, 3214832
0.74, 3208772
0.74, 3192238
0.74, 3179452
0.74, 3177067
0.74, 3174886
0.74, 3170516
0.74, 3170021
0.74, 3141410
0.74, 3126529
0.74, 3120275
0.74, 3109797
0.74, 3107085
0.74, 3100335
0.78, 3096163
0.78, 3094539
0.78, 3087419
0.78, 3075135
0.78, 3074806
0.78, 3062537
0.78, 3059038
0.78, 3057803
0.78, 3053725
0.78, 3052898
0.78, 3048657
0.78, 3046093
0.78, 3041750
0.78, 3020844
0.78, 3016189
0.78, 2988545
0.78, 2980257
0.78, 2977109
0.85, 2929992
0.87, 2928109
0.87, 2927967
0.87, 2924006
0.87, 2922424
0.87, 2917009
0.87, 2904493
0.87, 2903124
0.87, 2899637
0.87, 2897673
0.87, 2897070
0.87, 2892898
0.87, 2892826
0.87, 2869284
0.87, 2863567
0.88, 2840993
0.88, 2840350
0.88, 2839395
0.88, 2835701
0.88, 2817632
0.88, 2816869
0.89, 2805706
0.89, 2794772
0.89, 2769785
0.89, 2767266
0.89, 2762147
0.89, 2755351
0.89, 2745794
0.89, 2744253
0.89, 2737198
0.89, 2729337
0.89, 2728145
0.89, 2727290
0.89, 2725725
0.89, 2717583
0.89, 2715940
0.89, 2709878
0.89, 2702002
0.89, 2688675
0.89, 2684842
0.89, 2681412
0.89, 2672360
0.89, 2668018
0.89, 2662827
0.89, 2637768
0.89, 2636822
0.89, 2634203
0.89, 2612238
0.89, 2607230
0.89, 2595606
0.89, 2595358
0.89, 2594964
0.89, 2583488
0.89, 2578871
0.89, 2564084
0.89, 2561764
0.89, 2558623
0.89, 2554030
0.89, 2551457
0.89, 2546993
0.93, 2545991
0.93, 2537194
0.93, 2534242
0.94, 2533612
0.94, 2532331
0.94, 2528676
0.94, 2518667
1.02, 2518086
1.02, 2501353
1.02, 2500201
1.02, 2492965
1.02, 2489833
1.02, 2482360
1.03, 2459239
1.03, 2456226
1.03, 2434230
1.03, 2433311
1.03, 2424944
1.03, 2416447
1.03, 2409806
1.03, 2409710
1.04, 2403996
1.04, 2402986
1.04, 2399198
1.04, 2397540
1.04, 2396662
1.04, 2391688
1.04, 2369991
1.04, 2363434
1.04, 2359838
1.04, 2354677
1.04, 2350697
1.04, 2337712
1.04, 2324370
1.04, 2317316
1.04, 2314240
1.04, 2308350
1.04, 2302567
1.08, 2291403
1.08, 2291267
1.08, 2288384
1.08, 2281576
1.08, 2281556
1.08, 2256543
1.08, 2253872
1.08, 2253865
1.08, 2250031
1.08, 2249640
1.08, 2249636
1.08, 2249025
1.08, 2246469
1.08, 2244465
1.08, 2241767
1.08, 2234479
1.08, 2233721
1.10, 2228002
1.10, 2223414
1.10, 2221072
1.10, 2217619
1.10, 2212206
1.10, 2209960
1.10, 2205326
1.11, 2203400
1.11, 2200588
1.11, 2185646
1.12, 2156073
1.12, 2150347
1.12, 2147338
1.12, 2137747
1.12, 2136891
1.12, 2136111
1.12, 2132724
1.12, 2127112
1.12, 2124689
1.12, 2123026
1.12, 2122764
1.12, 2115610
1.12, 2114068
1.12, 2105081
1.19, 2103049
1.19, 2086864
1.19, 2080309
1.19, 2078486
1.20, 2070106
1.20, 2061775
1.20, 2057589
1.20, 2056799
1.20, 2056399
1.20, 2055740
1.20, 2054443
1.20, 2051668
1.20, 2047112
1.20, 2037805
1.20, 2037795
1.20, 2025534
1.20, 2025123
1.20, 2024774
1.20, 2023238
1.20, 2020682
1.20, 2019661
1.20, 2019484
1.20, 2016346
1.22, 2015962
1.23, 2008318
1.23, 2007985
1.23, 2002618
1.23, 2001178
1.23, 2000352
1.23, 1998927
1.23, 1995570
1.23, 1994846
1.23, 1989567
1.23, 1988687
1.23, 1984228
1.23, 1982693
1.23, 1980533
1.23, 1971995
1.23, 1964795
1.23, 1960722
1.23, 1959356
1.23, 1959185
1.23, 1955178
1.23, 1950553
1.23, 1945919
1.23, 1943878
1.23, 1934161
1.23, 1933963
1.23, 1933481
1.23, 1933169
1.23, 1932305
1.23, 1920937
1.23, 1920401
1.25, 1905260
1.25, 1901738
1.25, 1900073
1.25, 1897122
1.26, 1895551
1.26, 1893184
1.26, 1888962
1.26, 1879375
1.26, 1878763
1.26, 1870921
1.26, 1860501
1.26, 1852834
1.31, 1850499
1.31, 1850081
1.31, 1843578
1.31, 1837486
1.31, 1827819
1.32, 1811712
1.33, 1792965
1.33, 1779456
1.33, 1778433
1.33, 1767448
1.33, 1767348
1.33, 1762181
1.33, 1753182
1.33, 1749898
1.33, 1748931
1.33, 1745784
1.33, 1745770
1.33, 1741049
1.36, 1739398
1.36, 1738687
1.36, 1734952
1.39, 1723130
1.40, 1717148
1.40, 1716175
1.40, 1712502
1.40, 1703915
1.40, 1702975
1.40, 1702934
1.40, 1699218
1.40, 1699183
1.40, 1697595
1.41, 1696571
1.41, 1695996
1.41, 1693754
1.41, 1675176
1.41, 1671913
1.42, 1671829
1.42, 1668041
1.42, 1650200
1.42, 1647700
1.42, 1641962
1.42, 1641799
1.42, 1637723
1.42, 1632972
1.42, 1629871
1.42, 1629863
1.42, 1629725
1.42, 1627308
1.44, 1620157
1.44, 1619891
1.44, 1615190
1.44, 1604861
1.44, 1603940
1.44, 1601072
1.44, 1589928
1.44, 1579874
1.44, 1577659
1.44, 1573872
1.44, 1571468
1.44, 1564202
1.44, 1563224
1.44, 1562385
1.50, 1561557
1.50, 1558010
1.50, 1553955
1.50, 1553239
1.50, 1550146
1.50, 1549389
1.50, 1544323
1.50, 1543147
1.50, 1542913
1.50, 1541318
1.50, 1536026
1.50, 1535660
1.50, 1532966
1.50, 1532866
1.50, 1532818
1.50, 1529722
1.51, 1525051
1.51, 1525039
1.55, 1522784
1.55, 1520902
1.55, 1519608
1.55, 1519406
1.55, 1517358
1.55, 1507127
1.55, 1499858
1.55, 1496558
1.55, 1495479
1.55, 1494925
1.55, 1488655
1.55, 1488559
1.55, 1488531
1.55, 1487575
1.55, 1483340
1.55, 1482172
1.55, 1477787
1.55, 1470839
1.55, 1469751
1.55, 1469137
1.55, 1468634
1.55, 1466962
1.55, 1462603
1.55, 1460910
1.56, 1459394
1.56, 1458398
1.56, 1457176
1.56, 1455271
1.56, 1453588
1.56, 1453532
1.56, 1448622
1.56, 1440126
1.56, 1435905
1.56, 1434841
1.56, 1434370
1.56, 1433584
1.56, 1432964
1.56, 1431902
1.56, 1431854
1.56, 1429158
1.57, 1427930
1.57, 1427668
1.57, 1426862
1.57, 1426216
1.57, 1423493
1.62, 1422016
1.62, 1415255
1.62, 1411063
1.62, 1410824
1.62, 1406151
1.62, 1405285
1.62, 1403590
1.62, 1401902
1.62, 1401085
1.62, 1394899
1.62, 1387926
1.63, 1384807
1.63, 1384624
1.63, 1380467
1.64, 1380134
1.64, 1378825
1.64, 1373429
1.64, 1366794
1.64, 1362332
1.64, 1362258
1.64, 1357966
1.64, 1341552
1.64, 1340995
1.64, 1333009
1.64, 1332607
1.64, 1331026
1.64, 1329342
1.64, 1328531
1.65, 1324774
1.65, 1321995
1.65, 1316061
1.65, 1313316
1.65, 1309887
1.65, 1294740
1.65, 1292609
1.65, 1291165
1.65, 1287976
1.65, 1284897
1.69, 1284571
1.69, 1281617
1.69, 1281427
1.69, 1278311
1.69, 1278240
1.69, 1275723
1.69, 1269877
1.69, 1266420
1.69, 1266370
1.75, 1261230
1.75, 1260969
1.75, 1260743
1.76, 1259123
1.76, 1257439
1.79, 1256764
1.79, 1256046
1.79, 1249331
1.79, 1247780
1.79, 1247590
1.79, 1243658
1.79, 1242499
1.79, 1242457
1.79, 1241813
1.79, 1241720
1.79, 1234577
1.79, 1232916
1.79, 1225604
1.79, 1218307
1.79, 1218284
1.79, 1217797
1.79, 1216661
1.79, 1215931
1.79, 1207110
1.79, 1206843
1.79, 1205077
1.79, 1201018
1.79, 1197967
1.79, 1196196
1.79, 1193692
1.79, 1192808
1.80, 1188149
1.80, 1186327
1.80, 1186045
1.80, 1184746
1.80, 1180107
1.81, 1177846
1.81, 1176947
1.81, 1175543
1.81, 1174041
1.81, 1173559
1.81, 1170942
1.81, 1169466
1.82, 1167056
1.82, 1167038
1.82, 1166596
1.82, 1165157
1.82, 1163879
1.82, 1162911
1.82, 1160131
1.82, 1157483
1.82, 1154897
1.82, 1153096
1.82, 1152475
1.82, 1151617
1.82, 1148990
1.82, 1146245
1.85, 1146069
1.85, 1145929
1.85, 1141419
1.85, 1133776
1.85, 1132071
1.85, 1129294
1.85, 1128626
1.86, 1128560
1.87, 1124491
1.87, 1124150
1.87, 1123605
1.88, 1121094
1.88, 1116716
1.88, 1115433
1.88, 1112284
1.92, 1109233
1.92, 1101766
1.92, 1100042
1.92, 1098464
1.92, 1098361
1.92, 1097160
1.94, 1095481
1.94, 1094953
1.95, 1091137
1.95, 1089882
1.95, 1085054
1.95, 1070186
1.95, 1069404
1.95, 1059721
1.98, 1053743
1.98, 1052518
1.98, 1050582
1.99, 1049383
1.99, 1049102
1.99, 1048769
1.99, 1047571
1.99, 1045642
1.99, 1044262
2.00, 1039337
2.00, 1038706
2.00, 1038407
2.01, 1036823
2.01, 1034478
2.01, 1033010
2.01, 1031882
2.01, 1031368
2.01, 1031063
2.01, 1023538
2.01, 1023330
2.01, 1022647
2.01, 1020999
2.01, 1020225
2.01, 1015520
2.01, 1014931
2.01, 1013304
2.01, 1008087
2.01, 1006822
2.02, 1006405
2.02, 1005933
2.02, 1005822
2.02, 1004514
2.02, 1003203
2.02, 1000028
2.02, 998881
2.02, 998469
2.08, 997783
2.08, 994733
2.08, 994700
2.08, 993195
2.08, 989507
2.08, 988974
2.08, 988072
2.08, 987665
2.08, 987506
2.08, 985139
2.08, 982876
2.08, 980099
2.08, 971070
2.08, 969553
2.08, 966951
2.08, 964381
2.08, 961710
2.08, 961478
2.08, 960970
2.08, 958889
2.08, 954326
2.08, 954196
2.08, 952080
2.08, 949381
2.08, 948850
2.08, 947969
2.08, 946917
2.09, 946822
2.09, 944717
2.09, 944542
2.09, 940887
2.09, 939041
2.11, 938502
2.11, 937244
2.11, 936220
2.11, 934959
2.11, 933943
2.11, 933037
2.11, 932679
2.11, 931568
2.11, 930539
2.11, 929530
2.11, 927645
2.11, 927284
2.11, 925407
2.11, 925063
2.11, 924795
2.11, 922404
2.11, 921622
2.12, 920368
2.12, 917598
2.12, 917585
2.12, 916126
2.12, 915665
2.12, 915330
2.13, 915087
2.13, 913890
2.13, 912548
2.13, 909471
2.13, 909281
2.13, 908976
2.13, 907977
2.19, 906200
2.19, 905394
2.19, 903825
2.19, 903596
2.19, 900469
2.19, 900099
2.19, 899825
2.19, 899482
2.19, 899207
2.19, 896874
2.19, 896673
2.19, 893269
2.19, 892462
2.19, 888176
2.19, 886513
2.20, 885163
2.21, 884628
2.21, 882336
2.21, 881998
2.21, 881249
2.21, 880637
2.21, 880488
2.21, 879860
2.21, 878952
2.21, 876253
2.21, 875439
2.21, 874102
2.21, 871824
2.21, 871592
2.21, 870784
2.21, 870212
2.21, 868946
2.21, 867926
2.21, 867655
2.21, 864088
2.21, 863675
2.21, 863541
2.21, 863434
2.21, 860833
2.21, 859876
2.21, 856722
2.21, 856332
2.21, 854673
2.22, 852268
2.22, 851314
2.22, 851059
2.34, 850938
2.34, 847983
2.34, 845019
2.34, 844688
2.34, 843767
2.34, 842495
2.34, 842439
2.34, 838682
2.34, 837333
2.34, 836905
2.34, 835832
2.34, 835820
2.34, 834842
2.34, 834433
2.34, 833794
2.34, 833786
2.34, 831404
2.34, 829575
2.34, 829188
2.35, 829095
2.35, 828567
2.35, 827140
2.35, 826735
2.43, 825475
2.43, 824837
2.43, 823968
2.47, 823832
2.47, 822702
2.48, 821130
2.48, 820556
2.48, 819693
2.48, 819308
2.48, 818150
2.48, 815596
2.48, 814874
2.48, 814406
2.49, 814249
2.49, 812688
2.50, 812551
2.50, 811879
2.50, 804361
2.50, 804249
2.50, 804218
2.50, 803446
2.50, 801402
2.50, 799999
2.50, 796698
2.50, 795324
2.50, 794987
2.50, 793999
2.50, 793478
2.50, 793163
2.51, 792157
2.51, 791875
2.51, 791780
2.51, 790471
2.51, 789994
2.51, 788825
2.51, 788490
2.51, 785553
2.53, 784027
2.56, 783451
2.56, 782801
2.56, 782246
2.56, 781776
2.56, 780052
2.56, 778857
2.56, 778456
2.56, 777761
2.56, 776045
2.57, 775549
2.57, 775484
2.57, 774883
2.57, 772512
2.57, 771797
2.57, 770877
2.57, 770659
2.59, 769074
2.59, 768618
2.59, 765107
2.59, 765074
2.59, 764853
2.59, 763568
2.59, 763409
2.59, 763293
2.59, 762699
2.59, 762696
2.66, 762527
2.66, 762374
2.66, 762270
2.66, 762062
2.66, 762030
2.66, 761617
2.66, 760570
2.66, 759795
2.66, 758646
2.66, 756743
2.67, 756555
2.67, 756280
2.67, 754833
2.67, 754663
2.67, 754144
2.67, 752417
2.67, 752380
2.67, 752350
2.67, 751761
2.67, 751546
2.67, 751252
2.67, 751089
2.67, 750769
2.67, 750754
2.67, 750496
2.67, 750088
2.68, 749657
2.68, 749051
2.68, 748688
2.68, 748399
2.68, 746730
2.68, 746686
2.68, 745829
2.69, 745795
2.69, 745647
2.71, 744977
2.71, 742412
2.73, 741972
2.73, 741854
2.73, 741230
2.73, 739106
2.73, 738370
2.73, 737834
2.73, 737808
2.73, 737005
2.73, 736957
2.73, 736298
2.73, 736201
2.73, 735826
2.73, 735638
2.74, 733898
2.74, 733662
2.74, 733097
2.74, 732861
2.75, 732196
2.75, 732108
2.75, 729918
2.75, 729611
2.75, 728860
2.75, 727950
2.75, 727657
2.79, 726689
2.83, 726554
2.83, 726283
2.83, 726032
2.83, 725615
2.83, 725579
2.83, 723915
2.84, 723559
2.84, 723145
2.84, 722661
2.84, 722428
2.87, 722003
2.89, 721800
2.89, 720409
2.89, 719263
2.90, 719077
2.90, 718873
2.90, 718709
2.91, 718079
2.91, 717332
2.91, 716442
2.91, 716347
2.91, 716207
2.91, 715963
2.91, 715492
2.92, 715130
2.92, 713777
2.92, 713430
2.94, 713388
2.94, 712530
2.94, 712301
2.94, 711831
2.95, 710673
2.95, 710384
2.95, 710184
2.95, 709582
2.95, 709492
2.95, 709316
2.95, 709305
2.95, 707553
2.99, 707429
2.99, 706393
2.99, 706208
3.00, 706167
3.08, 706144
3.08, 706118
3.08, 706074
3.09, 706018
3.09, 705856
3.09, 705351
3.09, 704488
3.09, 703965
3.10, 703632
3.10, 703274
3.10, 703208
3.11, 702705
3.11, 702368
3.11, 702346
3.11, 702274
3.11, 701866
3.11, 701481
3.11, 700312
3.12, 700179
3.12, 700074
3.12, 699503
3.12, 699017
3.12, 698804
3.12, 698266
3.12, 698101
3.12, 697285
3.12, 697003
3.12, 696625
3.12, 696224
3.16, 695917
3.16, 695626
3.16, 695514
3.16, 694986
3.16, 694910
3.16, 694491
3.17, 694225
3.17, 694197
3.17, 693797
3.17, 693749
3.18, 693536
3.18, 693010
3.18, 692499
3.18, 692120
3.24, 691660
3.24, 691594
3.25, 691592
3.25, 691341
3.33, 691252
3.33, 691173
3.33, 691125
3.33, 690920
3.34, 690503
3.34, 690076
3.34, 689923
3.34, 689843
3.34, 689805
3.36, 689754
3.37, 689443
3.37, 689311
3.37, 689249
3.37, 689195
3.37, 688915
3.37, 688633
3.38, 687845
3.40, 687828
3.48, 687801
3.48, 687722
3.49, 687663
3.49, 687120
3.50, 687071
3.51, 686699
3.51, 686677
3.51, 686386
3.52, 686371
3.54, 686169
3.54, 686047
3.54, 686018
3.54, 685988
3.54, 685457
3.54, 685409
3.54, 685357
3.60, 685083
3.61, 684385
3.61, 684126
3.61, 683883
3.63, 683870
3.63, 683842
3.63, 683436
3.63, 682995
3.66, 682983
3.74, 682633
3.75, 682618
3.75, 682552
3.78, 682529
3.78, 682238
3.82, 682137
3.82, 682077
3.89, 681532
3.89, 681510
3.90, 681335
3.90, 681307
3.92, 681247
3.96, 681231
3.98, 681209
4.02, 681181
6.62, 681170
6.63, 680797
6.63, 680165
6.63, 680025
6.63, 679799
6.63, 678892
6.63, 678304
6.63, 678049
6.64, 677628
6.64, 677479
6.66, 677371
6.66, 677165
6.66, 677137
6.66, 676903
6.66, 676577
6.66, 676415
6.66, 675828
6.67, 675671
6.67, 675660
6.67, 675513
6.68, 675439
6.73, 675207
6.73, 674876
6.74, 674615
6.74, 674425
6.74, 674314
6.74, 674136
6.74, 673329
6.74, 672962
6.74, 672557
6.75, 672238
6.75, 671557
6.75, 671415
6.75, 671359
6.75, 671178
6.76, 671171
6.76, 671085
6.76, 670327
6.77, 669205
6.84, 669183
6.86, 669082
6.91, 669067
6.91, 668193
6.91, 667490
6.92, 667174
6.93, 666758
7.03, 666734
7.07, 666647
7.07, 666359
7.07, 666355
7.33, 666007
7.33, 665763
7.33, 665561
7.34, 665404
7.34, 665128
7.34, 665100
7.35, 665068
7.36, 664662
7.37, 664640
7.41, 664585
7.42, 664491
7.42, 664412
7.42, 664295
7.52, 664269
7.56, 664207
7.56, 664200
7.59, 664175
7.64, 664168
17.36, 664151
17.36, 664084
17.36, 663912
17.63, 663911
17.65, 663878
17.66, 663850
17.67, 663805
17.93, 663774
18.23, 663730
18.29, 663702
18.30, 663636
20.10, 663308
20.15, 663237
20.15, 663167
20.15, 662609
20.16, 662126
20.31, 661963
20.32, 661545
20.38, 661465
20.41, 661230
20.44, 661162
20.44, 660970
20.48, 660958
20.49, 660955
20.50, 660898
20.50, 660870
20.51, 660806
20.52, 660803
20.58, 660784
21.05, 660781
