0.00,6767273
0.00,6609247
0.00,6428889
0.00,6426706
0.00,6283860
0.00,6163673
0.00,6139733
0.00,6045910
0.00,6014318
0.01,5875520
0.01,5798630
0.01,5758458
0.01,5719191
0.01,5752050
0.01,5579881
0.01,5581330
0.01,5436599
0.01,5437803
0.01,5471485
0.01,5417128
0.01,5324632
0.01,5358155
0.01,5343200
0.01,5335829
0.01,5328565
0.01,5318532
0.01,5317324
0.01,5180466
0.01,5044525
0.01,4953954
0.01,4878959
0.01,4877034
0.01,4763329
0.01,4741900
0.01,4662948
0.01,4630993
0.01,4633383
0.01,4528424
0.01,4425933
0.01,4342087
0.01,4322957
0.01,4327480
0.01,4329840
0.01,4320170
0.01,4275750
0.01,4325629
0.01,4213986
0.01,4121793
0.01,4113495
0.01,4101746
0.01,4025813
0.01,4089734
0.01,4071970
0.02,4070413
0.02,4046320
0.02,4103850
0.02,4143318
0.02,4114174
0.02,4068218
0.02,4063724
0.02,4029768
0.02,4065431
0.02,3970867
0.02,3991221
0.02,3936115
0.02,3940945
0.02,3857154
0.02,3850341
0.02,3830921
0.02,3831439
0.02,3856632
0.02,3720827
0.02,3731863
0.02,3711688
0.02,3724664
0.02,3769496
0.02,3659900
0.02,3589670
0.02,3565969
0.02,3537335
0.02,3497832
0.02,3426172
0.02,3419545
0.02,3360715
0.02,3375206
0.02,3369899
0.02,3309173
0.02,3351411
0.02,3344478
0.02,3385610
0.02,3246058
0.02,3197337
0.02,3185692
0.02,3178829
0.02,3163956
0.02,3173689
0.02,3145029
0.02,3164100
0.02,3175338
0.02,3217738
0.02,3213578
0.02,3135265
0.02,3140059
0.02,3121489
0.02,3086462
0.02,3062855
0.02,3071147
0.02,3022007
0.02,2996045
0.02,3000667
0.02,2934567
0.02,2935203
0.02,2922775
0.02,2916992
0.02,2966476
0.02,2990323
0.02,2901626
0.02,2892910
0.02,2895687
0.02,2877340
0.02,2867817
0.02,2823076
0.02,2812911
0.02,2780479
0.02,2754508
0.02,2710516
0.02,2732015
0.02,2766744
0.02,2771762
0.02,2716014
0.02,2705419
0.02,2659341
0.02,2638452
0.02,2645667
0.02,2590533
0.02,2530674
0.02,2540016
0.02,2562093
0.02,2563917
0.02,2559708
0.02,2533658
0.02,2543458
0.02,2526493
0.03,2529609
0.03,2491715
0.03,2461526
0.03,2459485
0.03,2434991
0.03,2448274
0.03,2436666
0.03,2431456
0.03,2430797
0.03,2421004
0.03,2409509
0.03,2406219
0.03,2402629
0.03,2401694
0.03,2370736
0.03,2334298
0.03,2343416
0.03,2374471
0.03,2364859
0.03,2358973
0.03,2365322
0.03,2333260
0.03,2329929
0.03,2298743
0.03,2306845
0.03,2243724
0.03,2240582
0.03,2228983
0.03,2199593
0.03,2196474
0.03,2176067
0.03,2170948
0.03,2171219
0.03,2174062
0.03,2177948
0.03,2215724
0.03,2233048
0.03,2232346
0.03,2265756
0.03,2276463
0.03,2213260
0.03,2241971
0.03,2207837
0.03,2209246
0.03,2236536
0.03,2298689
0.03,2251087
0.03,2236889
0.03,2222790
0.03,2200448
0.03,2215483
0.03,2209494
0.03,2195846
0.03,2197622
0.03,2195289
0.03,2168582
0.03,2138527
0.03,2141018
0.03,2141542
0.03,2129972
0.03,2130563
0.03,2142931
0.03,2142923
0.03,2097839
0.03,2098763
0.03,2092811
0.03,2049670
0.03,2051562
0.03,2011008
0.03,1978339
0.03,1970286
0.03,1998051
0.03,1999484
0.03,2065034
0.03,2045094
0.03,2003167
0.03,1980978
0.03,1940869
0.03,1913546
0.03,1917238
0.03,1884477
0.03,1879623
0.03,1847651
0.03,1831912
0.03,1828843
0.03,1827120
0.03,1820856
0.03,1811832
0.04,1798313
0.04,1799057
0.04,1798266
0.04,1803749
0.04,1831608
0.04,1834888
0.04,1763404
0.04,1730534
0.04,1715191
0.04,1704972
0.04,1690865
0.04,1686777
0.04,1671473
0.04,1683080
0.04,1669147
0.04,1668992
0.04,1676273
0.04,1652181
0.04,1644031
0.04,1656535
0.04,1658108
0.04,1658181
0.04,1658909
0.04,1650918
0.04,1651242
0.04,1656307
0.04,1664224
0.04,1665839
0.04,1671726
0.04,1679779
0.04,1717620
0.04,1760126
0.04,1689777
0.04,1686619
0.04,1688601
0.04,1659138
0.04,1655665
0.04,1666475
0.04,1670196
0.04,1659887
0.04,1646303
0.04,1615330
0.04,1648216
0.04,1676354
0.04,1671746
0.04,1695518
0.04,1731789
0.04,1728366
0.04,1730644
0.04,1718405
0.04,1709037
0.04,1690451
0.04,1683181
0.04,1685267
0.04,1681969
0.04,1644096
0.04,1637688
0.04,1633645
0.04,1635662
0.04,1627000
0.04,1626268
0.04,1627651
0.04,1626951
0.04,1632391
0.04,1626923
0.04,1633686
0.04,1650325
0.04,1698351
0.04,1726791
0.04,1647637
0.04,1645192
0.04,1658511
0.04,1645298
0.04,1648962
0.04,1658807
0.04,1652041
0.04,1627202
0.04,1627337
0.04,1626093
0.04,1621859
0.04,1617714
0.04,1613752
0.04,1615811
0.04,1616308
0.04,1614946
0.04,1598179
0.04,1576446
0.04,1575427
0.04,1565316
0.05,1565962
0.05,1577248
0.05,1579923
0.05,1575971
0.05,1589014
0.05,1614186
0.05,1647603
0.05,1635154
0.05,1641248
0.05,1648088
0.05,1638385
0.05,1647941
0.05,1669252
0.05,1689393
0.05,1639404
0.05,1644733
0.05,1626525
0.05,1631526
0.05,1638285
0.05,1642013
0.05,1689399
0.05,1688484
0.05,1639249
0.05,1641555
0.05,1614227
0.05,1574859
0.05,1564870
0.05,1586064
0.05,1636251
0.05,1622224
0.05,1615014
0.05,1632417
0.05,1617328
0.05,1618588
0.05,1617937
0.05,1604408
0.05,1628753
0.05,1643756
0.05,1644914
0.05,1664525
0.05,1643637
0.05,1631487
0.05,1688372
0.05,1680898
0.05,1635329
0.05,1646640
0.05,1619328
0.05,1576927
0.05,1555037
0.05,1570911
0.05,1568494
0.05,1557667
0.05,1588724
0.05,1578470
0.05,1603176
0.05,1608926
0.05,1601450
0.05,1617972
0.05,1610916
0.05,1610955
0.05,1599979
0.05,1579858
0.05,1578830
0.05,1591954
0.05,1581357
0.05,1610567
0.05,1614881
0.05,1614567
0.05,1674654
0.05,1663218
0.05,1622137
0.05,1623635
0.05,1592430
0.05,1557943
0.05,1527963
0.05,1538597
0.05,1575541
0.05,1598306
0.05,1566685
0.05,1616425
0.05,1581016
0.05,1527719
0.05,1523013
0.05,1503462
0.05,1500947
0.05,1483569
0.05,1487595
0.05,1467393
0.05,1451104
0.06,1473507
0.06,1470604
0.06,1522083
0.06,1509015
0.06,1463428
0.06,1451894
0.06,1461437
0.06,1447325
0.06,1429705
0.06,1410905
0.06,1408218
0.06,1407919
0.06,1409877
0.06,1403640
0.06,1390131
0.06,1376431
0.06,1374452
0.06,1366955
0.06,1360252
0.06,1362855
0.06,1352985
0.06,1351865
0.06,1351322
0.06,1346548
0.06,1344593
0.06,1330285
0.06,1359985
0.06,1353549
0.06,1355702
0.06,1333536
0.06,1394752
0.06,1375273
0.06,1316469
0.06,1318345
0.06,1303123
0.06,1305229
0.06,1310999
0.06,1306883
0.06,1312312
0.06,1302665
0.06,1291981
0.06,1300993
0.06,1297815
0.06,1284432
0.06,1269590
0.06,1256453
0.06,1255528
0.06,1246205
0.06,1241836
0.06,1240261
0.06,1239979
0.06,1226481
0.06,1218086
0.06,1221090
0.06,1215694
0.06,1204088
0.06,1200936
0.06,1200088
0.06,1198189
0.06,1184697
0.06,1188629
0.06,1185762
0.06,1179689
0.06,1174664
0.06,1178338
0.06,1190205
0.06,1233409
0.06,1226121
0.06,1232298
0.06,1254956
0.06,1252238
0.06,1260016
0.06,1271905
0.06,1309413
0.06,1301329
0.06,1246086
0.06,1247227
0.06,1232206
0.06,1233300
0.06,1215450
0.06,1232369
0.06,1226715
0.06,1217029
0.06,1213294
0.06,1223022
0.06,1206401
0.06,1208593
0.06,1174710
0.07,1165745
0.07,1194314
0.07,1189453
0.07,1204011
0.07,1195958
0.07,1205781
0.07,1211131
0.07,1220683
0.07,1211364
0.07,1223839
0.07,1219778
0.07,1241604
0.07,1239408
0.07,1299458
0.07,1297400
0.07,1259889
0.07,1258002
0.07,1254406
0.07,1242680
0.07,1223448
0.07,1222045
0.07,1228447
0.07,1177768
0.07,1167154
0.07,1143614
0.07,1139756
0.07,1142320
0.07,1141821
0.07,1141875
0.07,1126745
0.07,1122083
0.07,1120146
0.07,1123401
0.07,1124658
0.07,1122671
0.07,1122217
0.07,1120874
0.07,1121369
0.07,1121068
0.07,1114888
0.07,1109274
0.07,1109454
0.07,1108999
0.07,1098117
0.07,1117899
0.07,1128769
0.07,1132224
0.07,1128787
0.07,1122520
0.07,1117156
0.07,1125466
0.07,1125473
0.07,1126121
0.07,1126449
0.07,1125439
0.07,1125828
0.07,1124873
0.07,1129782
0.07,1135039
0.07,1142275
0.07,1163564
0.07,1199821
0.07,1226485
0.07,1158741
0.07,1137899
0.07,1134762
0.07,1131673
0.07,1128597
0.07,1131588
0.07,1126407
0.07,1129456
0.07,1130711
0.07,1134422
0.07,1138469
0.07,1133835
0.07,1118702
0.07,1104246
0.07,1108928
0.07,1104222
0.07,1085634
0.07,1088853
0.07,1088115
0.07,1088038
0.07,1083919
0.07,1084450
0.07,1098718
0.07,1091298
0.08,1084930
0.08,1087451
0.08,1086117
0.08,1089468
0.08,1084166
0.08,1090774
0.08,1095647
0.08,1075703
0.08,1066297
0.08,1071503
0.08,1067869
0.08,1070897
0.08,1074114
0.08,1072097
0.08,1069410
0.08,1070681
0.08,1068284
0.08,1084666
0.08,1078094
0.08,1075096
0.08,1074627
0.08,1066391
0.08,1065320
0.08,1062341
0.08,1055013
0.08,1050057
0.08,1053497
0.08,1041885
0.08,1045211
0.08,1056830
0.08,1052255
0.08,1052242
0.08,1050458
0.08,1039230
0.08,1054011
0.08,1050588
0.08,1047345
0.08,1030922
0.08,1023451
0.08,1020054
0.08,1022072
0.08,1017334
0.08,1018164
0.08,1019623
0.08,1017982
0.08,1016625
0.08,1016872
0.08,1018221
0.08,1023597
0.08,1015869
0.08,1013030
0.08,1007272
0.08,1007228
0.08,1008634
0.08,1019647
0.08,1009904
0.08,997195
0.08,996754
0.08,997191
0.08,997883
0.08,999286
0.08,1018905
0.08,1024261
0.08,1026701
0.08,1022792
0.08,1023218
0.08,1008148
0.08,1013736
0.08,1023144
0.08,1026103
0.08,1028301
0.08,1027113
0.08,1026060
0.08,1017019
0.08,1018949
0.08,1022453
0.08,1034129
0.08,1053253
0.08,1086304
0.08,1113481
0.08,1051663
0.08,1053143
0.08,1047390
0.08,1049330
0.08,1043764
0.08,1033880
0.08,1035285
0.08,1047716
0.09,1033972
0.09,1025337
0.09,1015202
0.09,984894
0.09,991923
0.09,996863
0.09,997441
0.09,995846
0.09,999259
0.09,1001098
0.09,1026550
0.09,1026258
0.09,1039863
0.09,1032523
0.09,1031598
0.09,1030087
0.09,1036142
0.09,1032388
0.09,1030119
0.09,1028346
0.09,1093204
0.09,1067834
0.09,1039981
0.09,1022144
0.09,1013042
0.09,1002209
0.09,1002664
0.09,1010419
0.09,1012450
0.09,1003891
0.09,999537
0.09,995207
0.09,997585
0.09,991675
0.09,976526
0.09,982634
0.09,988469
0.09,988852
0.09,989756
0.09,994866
0.09,978727
0.09,984378
0.09,991151
0.09,967856
0.09,969983
0.09,967333
0.09,962158
0.09,955006
0.09,962337
0.09,952481
0.09,978205
0.09,986433
0.09,1003757
0.09,987673
0.09,996890
0.09,996100
0.09,1005543
0.09,1011500
0.09,1041417
0.09,1054656
0.09,1052513
0.09,1059805
0.09,1090353
0.09,1089689
0.09,1036428
0.09,1035251
0.09,1015700
0.09,1014945
0.09,1017771
0.09,1022381
0.09,1021310
0.09,973675
0.09,964130
0.09,979688
0.09,978504
0.09,988253
0.09,992227
0.09,992070
0.09,990423
0.09,995257
0.09,992303
0.09,993093
0.09,988960
0.09,983160
0.09,985224
0.09,977790
0.09,973173
0.09,983358
0.09,991772
0.09,993005
0.10,991654
0.10,981523
0.10,981880
0.10,1002475
0.10,1001821
0.10,1005191
0.10,1001998
0.10,999577
0.10,996629
0.10,998421
0.10,998145
0.10,998346
0.10,991505
0.10,991649
0.10,998379
0.10,1002202
0.10,1001704
0.10,1002871
0.10,1004926
0.10,1074800
0.10,1047593
0.10,1010264
0.10,989226
0.10,982897
0.10,984145
0.10,979317
0.10,983481
0.10,979984
0.10,982408
0.10,978769
0.10,968907
0.10,968664
0.10,968651
0.10,964993
0.10,965086
0.10,965569
0.10,974517
0.10,975949
0.10,975748
0.10,968928
0.10,973833
0.10,960898
0.10,958791
0.10,951687
0.10,947374
0.10,947726
0.10,947114
0.10,947161
0.10,943317
0.10,948254
0.10,945392
0.10,944827
0.10,937814
0.10,938532
0.10,935897
0.10,932139
0.10,932026
0.10,931811
0.10,936180
0.10,932774
0.10,932295
0.10,943846
0.10,966353
0.10,968964
0.10,985693
0.10,975965
0.10,983950
0.10,985197
0.10,995543
0.10,994914
0.10,1022371
0.10,1033011
0.10,1031521
0.10,1040117
0.10,1069740
0.10,1068133
0.10,1010815
0.10,1013065
0.10,993657
0.10,994840
0.10,1002261
0.10,1000923
0.10,1003797
0.10,958034
0.10,948159
0.10,954386
0.10,956633
0.11,954759
0.11,957717
0.11,960443
0.11,959797
0.11,975839
0.11,977200
0.11,978406
0.11,975805
0.11,973707
0.11,977627
0.11,970092
0.11,965364
0.11,967452
0.11,970722
0.11,967830
0.11,962790
0.11,950058
0.11,950854
0.11,970258
0.11,969416
0.11,972273
0.11,976402
0.11,977126
0.11,976387
0.11,983806
0.11,983850
0.11,989465
0.11,982570
0.11,974928
0.11,975187
0.11,976682
0.11,980852
0.11,981774
0.11,986369
0.11,1053024
0.11,1029032
0.11,995630
0.11,962754
0.11,954713
0.11,950626
0.11,940490
0.11,948375
0.11,946365
0.11,956255
0.11,952817
0.11,956505
0.11,950994
0.11,957696
0.11,955375
0.11,952302
0.11,941938
0.11,944488
0.11,946002
0.11,953835
0.11,951914
0.11,956045
0.11,953233
0.11,954564
0.11,958491
0.11,960512
0.11,953208
0.11,952324
0.11,944179
0.11,937002
0.11,929127
0.11,924543
0.11,923874
0.11,925088
0.11,930447
0.11,934606
0.11,931818
0.11,930174
0.11,930139
0.11,929085
0.11,925945
0.11,928198
0.11,925264
0.11,918920
0.11,916964
0.11,915019
0.11,915505
0.11,916578
0.11,912964
0.11,909215
0.11,909824
0.11,902260
0.11,900389
0.11,902843
0.11,896653
0.12,895905
0.12,899763
0.12,892278
0.12,890179
0.12,890826
0.12,886647
0.12,886508
0.12,927745
0.12,934322
0.12,883107
0.12,879714
0.12,880980
0.12,882743
0.12,886090
0.12,884375
0.12,881663
0.12,875777
0.12,871622
0.12,868236
0.12,864788
0.12,862089
0.12,858803
0.12,868477
0.12,855767
0.12,875542
0.12,870155
0.12,878665
0.12,872270
0.12,908684
0.12,906331
0.12,861827
0.12,852510
0.12,874067
0.12,861192
0.12,863795
0.12,858513
0.12,923687
0.12,921677
0.12,882873
0.12,870099
0.12,857365
0.12,852488
0.12,845325
0.12,842305
0.12,841579
0.12,841213
0.12,838371
0.12,843315
0.12,840079
0.12,835710
0.12,834320
0.12,837518
0.12,835635
0.12,837360
0.12,840108
0.12,841824
0.12,843750
0.12,843504
0.12,842173
0.12,838356
0.12,835793
0.12,840415
0.12,843084
0.12,843074
0.12,838640
0.12,832511
0.12,832663
0.12,834036
0.12,841523
0.12,843032
0.12,837148
0.12,837269
0.12,833536
0.12,832897
0.12,827858
0.12,825593
0.12,828374
0.12,833820
0.12,835611
0.12,838374
0.12,837170
0.12,835109
0.12,829692
0.12,828541
0.12,828128
0.12,828602
0.12,826795
0.12,828316
0.13,826844
0.13,830606
0.13,829445
0.13,830097
0.13,834559
0.13,831130
0.13,827889
0.13,832333
0.13,836524
0.13,837799
0.13,836759
0.13,834861
0.13,831719
0.13,826777
0.13,820079
0.13,818415
0.13,818404
0.13,825403
0.13,825109
0.13,827328
0.13,824540
0.13,823437
0.13,818541
0.13,815469
0.13,816919
0.13,813569
0.13,811199
0.13,811421
0.13,809707
0.13,807193
0.13,806305
0.13,803941
0.13,809078
0.13,800891
0.13,801507
0.13,801375
0.13,797297
0.13,795025
0.13,794077
0.13,791271
0.13,789200
0.13,787163
0.13,785156
0.13,782651
0.13,785559
0.13,784583
0.13,782627
0.13,781464
0.13,779450
0.13,777494
0.13,774883
0.13,774523
0.13,771044
0.13,776068
0.13,776930
0.13,782756
0.13,782812
0.13,786166
0.13,792316
0.13,829554
0.13,835746
0.13,850086
0.13,854080
0.13,926932
0.13,925857
0.13,885958
0.13,873511
0.13,884783
0.13,874928
0.13,870323
0.13,864908
0.13,849615
0.13,854554
0.13,848877
0.13,845472
0.13,844718
0.13,837615
0.13,835366
0.13,817018
0.13,816787
0.13,809791
0.13,798199
0.13,800419
0.13,807528
0.13,811620
0.13,816344
0.13,818069
0.13,810769
0.14,812721
0.14,813975
0.14,817825
0.14,820990
0.14,821649
0.14,820762
0.14,820405
0.14,819907
0.14,816886
0.14,815510
0.14,815451
0.14,815052
0.14,806496
0.14,807176
0.14,826927
0.14,824820
0.14,822808
0.14,821428
0.14,822489
0.14,825372
0.14,825905
0.14,825973
0.14,826352
0.14,821739
0.14,820359
0.14,824014
0.14,825197
0.14,825875
0.14,830556
0.14,830131
0.14,897367
0.14,867299
0.14,834991
0.14,817866
0.14,807013
0.14,805643
0.14,804293
0.14,811217
0.14,810581
0.14,809154
0.14,802757
0.14,794650
0.14,794277
0.14,794029
0.14,790808
0.14,789079
0.14,793182
0.14,801238
0.14,807552
0.14,804535
0.14,803500
0.14,805434
0.14,804401
0.14,801345
0.14,798011
0.14,786091
0.14,777365
0.14,772089
0.14,769085
0.14,767318
0.14,765581
0.14,765732
0.14,762250
0.14,760543
0.14,758844
0.14,758469
0.14,761342
0.14,761666
0.14,756871
0.14,760473
0.14,761754
0.14,763395
0.14,762393
0.14,764535
0.14,761686
0.14,761740
0.14,763488
0.14,765136
0.14,768017
0.14,776772
0.14,779916
0.14,779037
0.14,783203
0.14,781761
0.14,780754
0.14,792730
0.14,827495
0.14,828565
0.15,833024
0.15,835289
0.15,910662
0.15,908633
0.15,872285
0.15,866436
0.15,870675
0.15,859721
0.15,856404
0.15,854293
0.15,838084
0.15,841403
0.15,833916
0.15,828958
0.15,825656
0.15,816708
0.15,813756
0.15,795727
0.15,794717
0.15,787597
0.15,782027
0.15,793703
0.15,794702
0.15,794087
0.15,793436
0.15,799898
0.15,796971
0.15,797153
0.15,798861
0.15,805332
0.15,807587
0.15,806559
0.15,803935
0.15,802901
0.15,802323
0.15,797873
0.15,797527
0.15,798215
0.15,794623
0.15,784284
0.15,785383
0.15,806560
0.15,805593
0.15,808143
0.15,808659
0.15,806370
0.15,805549
0.15,805695
0.15,810906
0.15,808401
0.15,805176
0.15,805940
0.15,808156
0.15,812651
0.15,812990
0.15,815388
0.15,813075
0.15,880398
0.15,851796
0.15,813243
0.15,793517
0.15,788988
0.15,790452
0.15,788874
0.15,795934
0.15,798153
0.15,799804
0.15,791396
0.15,789607
0.15,791081
0.15,785827
0.15,777702
0.15,785261
0.15,784857
0.15,785650
0.15,779252
0.15,778070
0.15,772691
0.15,771318
0.15,764368
0.15,760250
0.15,755369
0.15,759436
0.15,762145
0.15,764218
0.15,767800
0.15,771163
0.15,771344
0.16,778188
0.16,816926
0.16,825675
0.16,836559
0.16,836456
0.16,910675
0.16,908013
0.16,870710
0.16,868452
0.16,868468
0.16,857523
0.16,851956
0.16,850233
0.16,834344
0.16,838436
0.16,833425
0.16,831744
0.16,831608
0.16,822646
0.16,820458
0.16,803432
0.16,801505
0.16,791302
0.16,781159
0.16,792455
0.16,793138
0.16,795353
0.16,794576
0.16,802561
0.16,800251
0.16,796904
0.16,799169
0.16,802781
0.16,807555
0.16,805330
0.16,804812
0.16,803399
0.16,804591
0.16,801450
0.16,800063
0.16,803126
0.16,799046
0.16,791276
0.16,789152
0.16,810439
0.16,807567
0.16,805646
0.16,806917
0.16,808081
0.16,810060
0.16,808377
0.16,812557
0.16,809712
0.16,806462
0.16,809391
0.16,813553
0.16,813182
0.16,810563
0.16,811942
0.16,810460
0.16,877267
0.16,852917
0.16,820041
0.16,799062
0.16,791275
0.16,790575
0.16,790303
0.16,795444
0.16,794909
0.16,791173
0.16,783684
0.16,779435
0.16,782383
0.16,781697
0.16,775469
0.16,775372
0.16,779008
0.16,787813
0.16,788567
0.16,790974
0.16,789591
0.16,788538
0.16,785090
0.16,787685
0.16,774274
0.16,768811
0.16,757030
0.16,753687
0.17,753429
0.17,751889
0.17,750485
0.17,751639
0.17,750115
0.17,748032
0.17,747983
0.17,749165
0.17,748735
0.17,748147
0.17,748579
0.17,749367
0.17,746145
0.17,747266
0.17,744520
0.17,743183
0.17,744642
0.17,741847
0.17,740511
0.17,740718
0.17,741642
0.17,743667
0.17,746005
0.17,751124
0.17,751949
0.17,751672
0.17,754914
0.17,757660
0.17,756103
0.17,761167
0.17,760509
0.17,755477
0.17,747936
0.17,745596
0.17,744801
0.17,742552
0.17,741130
0.17,741555
0.17,743738
0.17,740464
0.17,742168
0.17,744059
0.17,742761
0.17,737647
0.17,736674
0.17,737851
0.17,738421
0.17,733810
0.17,732586
0.17,732875
0.17,730831
0.17,729710
0.17,728605
0.17,732173
0.17,728877
0.17,730717
0.17,727252
0.17,727016
0.17,724969
0.17,725342
0.17,724660
0.17,721875
0.17,721874
0.17,720007
0.17,719016
0.17,717763
0.17,716838
0.17,716615
0.17,715281
0.17,713408
0.17,718806
0.17,735353
0.17,728867
0.17,723108
0.17,724234
0.17,719224
0.17,721548
0.17,720267
0.17,716465
0.17,715991
0.17,717320
0.17,720373
0.17,721445
0.17,722994
0.17,730987
0.17,767540
0.17,771057
0.17,780423
0.18,782400
0.18,857957
0.18,858566
0.18,823721
0.18,819261
0.18,820529
0.18,809411
0.18,804614
0.18,800879
0.18,786320
0.18,791536
0.18,785772
0.18,783027
0.18,781293
0.18,774797
0.18,771028
0.18,754820
0.18,755420
0.18,748113
0.18,739271
0.18,752672
0.18,751631
0.18,752054
0.18,747046
0.18,750278
0.18,755169
0.18,758524
0.18,758830
0.18,758351
0.18,757150
0.18,755223
0.18,755731
0.18,752865
0.18,749803
0.18,749992
0.18,750209
0.18,745440
0.18,747802
0.18,752537
0.18,753540
0.18,767638
0.18,768193
0.18,766137
0.18,765945
0.18,767796
0.18,769531
0.18,768388
0.18,772543
0.18,771921
0.18,768599
0.18,768906
0.18,771508
0.18,773265
0.18,773897
0.18,774958
0.18,771895
0.18,838276
0.18,812423
0.18,778733
0.18,761106
0.18,753687
0.18,753083
0.18,750673
0.18,753589
0.18,752973
0.18,752232
0.18,749749
0.18,744559
0.18,743569
0.18,737624
0.18,727260
0.18,726045
0.18,731630
0.18,741383
0.18,748044
0.18,752557
0.18,747750
0.18,746766
0.18,745649
0.18,749200
0.18,745996
0.18,741474
0.18,731785
0.18,730970
0.18,720077
0.18,714900
0.18,712415
0.18,712726
0.19,711438
0.19,710366
0.19,715175
0.19,719897
0.19,716897
0.19,709457
0.19,708567
0.19,707762
0.19,706973
0.19,706193
0.19,705535
0.19,704886
0.19,704263
0.19,703641
0.19,703024
0.19,702437
0.19,702316
0.19,700486
0.19,699707
0.19,711052
0.19,700808
0.19,703204
0.19,702037
0.19,698995
0.19,698503
0.19,699736
0.19,703430
0.19,705651
0.19,705753
0.19,703763
0.19,701145
0.19,700665
0.19,699844
0.19,698060
0.19,699869
0.19,702591
0.19,701935
0.19,702413
0.19,702841
0.19,700277
0.19,696920
0.19,696231
0.19,695842
0.19,695491
0.19,695193
0.19,694902
0.19,695352
0.19,727249
0.19,708213
0.19,707588
0.19,694970
0.19,697656
0.19,694614
0.19,694339
0.19,694092
0.19,693875
0.19,693700
0.19,693567
0.19,693445
0.19,693334
0.19,692803
0.19,692705
0.19,692220
0.19,692156
