0.01, 7179845
0.01, 7179761
0.01, 7132461
0.01, 7125297
0.01, 7123166
0.01, 7091840
0.01, 7091716
0.01, 7091653
0.01, 7085912
0.01, 7081369
0.01, 7062936
0.01, 6967052
0.01, 6949301
0.01, 6911211
0.01, 6839691
0.01, 6722417
0.01, 6711823
0.01, 6709879
0.01, 6697828
0.01, 6692292
0.01, 6680494
0.01, 6673148
0.01, 6672010
0.01, 6670841
0.01, 6620005
0.01, 6614110
0.01, 6588416
0.01, 6585371
0.01, 6518600
0.01, 6491234
0.01, 6490817
0.01, 6489253
0.01, 6487526
0.01, 6484420
0.01, 6475976
0.01, 6473344
0.01, 6469723
0.01, 6469710
0.01, 6464807
0.01, 6456197
0.01, 6447484
0.01, 6439797
0.01, 6422989
0.01, 6422468
0.01, 6421422
0.01, 6411458
0.01, 6403190
0.01, 6395499
0.01, 6370935
0.01, 6365332
0.01, 6364281
0.01, 6363143
0.01, 6361059
0.01, 6341858
0.01, 6331885
0.01, 6307966
0.01, 6301722
0.01, 6298279
0.01, 6293849
0.01, 6273355
0.01, 6240007
0.01, 6236727
0.01, 6236290
0.01, 6235380
0.01, 6228289
0.01, 6220825
0.01, 6220221
0.01, 6183142
0.01, 6178204
0.01, 6178082
0.01, 6172327
0.01, 6169438
0.01, 6153004
0.01, 6139666
0.01, 6139627
0.01, 6135946
0.01, 6130764
0.01, 6122357
0.01, 6113477
0.01, 6100213
0.01, 6099003
0.01, 6090639
0.01, 6060709
0.01, 6050000
0.01, 6048647
0.01, 6042190
0.01, 6027601
0.01, 6025860
0.01, 6004846
0.01, 5996644
0.01, 5996331
0.01, 5992819
0.01, 5983252
0.01, 5981529
0.01, 5976620
0.01, 5966020
0.01, 5924313
0.01, 5903053
0.01, 5898806
0.01, 5858832
0.01, 5851941
0.01, 5834883
0.01, 5831971
0.01, 5825436
0.01, 5818099
0.01, 5807106
0.01, 5803152
0.01, 5803065
0.01, 5794117
0.01, 5789945
0.01, 5786214
0.01, 5768577
0.01, 5759446
0.01, 5758722
0.01, 5754751
0.01, 5752151
0.01, 5717655
0.01, 5716738
0.02, 5712972
0.02, 5709313
0.02, 5709310
0.02, 5700758
0.02, 5695680
0.02, 5688872
0.02, 5650311
0.02, 5648896
0.02, 5635890
0.02, 5634540
0.02, 5575340
0.02, 5571704
0.02, 5563555
0.02, 5539202
0.02, 5537527
0.02, 5537242
0.02, 5537124
0.02, 5531163
0.02, 5503390
0.04, 5495319
0.04, 5490388
0.04, 5480045
0.04, 5477646
0.04, 5475711
0.04, 5474630
0.04, 5473392
0.04, 5472678
0.04, 5462187
0.04, 5457518
0.04, 5450916
0.04, 5450043
0.04, 5449022
0.04, 5442333
0.04, 5434017
0.04, 5425551
0.04, 5421584
0.04, 5417424
0.04, 5417414
0.04, 5412426
0.04, 5408316
0.04, 5406060
0.04, 5360846
0.04, 5355326
0.04, 5344669
0.04, 5304917
0.04, 5299497
0.04, 5280609
0.04, 5279499
0.04, 5277982
0.04, 5277175
0.07, 5255823
0.07, 5238720
0.07, 5238713
0.07, 5232634
0.07, 5218421
0.07, 5212813
0.07, 5163841
0.07, 5160811
0.07, 5151046
0.07, 5150775
0.07, 5150324
0.07, 5140660
0.07, 5138277
0.07, 5103247
0.07, 5074394
0.07, 5072342
0.07, 5038960
0.07, 4897020
0.20, 4896401
0.20, 4895396
0.20, 4888640
0.20, 4883575
0.20, 4872696
0.20, 4846172
0.20, 4822618
0.20, 4822533
0.20, 4819709
0.20, 4819623
0.24, 4818879
0.24, 4801308
0.24, 4792877
0.24, 4791278
0.24, 4677023
0.24, 4676966
0.24, 4652746
0.24, 4650173
0.24, 4649293
0.24, 4648946
0.24, 4647620
0.24, 4644506
0.24, 4633003
0.24, 4631391
0.24, 4621292
0.24, 4620885
0.32, 4613828
0.32, 4612602
0.33, 4595995
0.33, 4588685
0.33, 4587451
0.33, 4586973
0.33, 4533447
0.33, 4515559
0.36, 4484074
0.36, 4481119
0.36, 4477738
0.36, 4451898
0.36, 4402917
0.36, 4401325
0.36, 4389986
0.36, 4382822
0.36, 4382455
0.36, 4378709
0.36, 4366214
0.36, 4336919
0.36, 4301928
0.36, 4300268
0.36, 4267865
0.36, 4266120
0.36, 4265446
0.36, 4255252
0.36, 4234064
0.36, 4229965
0.36, 4229845
0.36, 4228477
0.36, 4201923
0.36, 4191734
0.36, 4177490
0.42, 4174756
0.42, 4174023
0.42, 4172785
0.42, 4171602
0.42, 4155795
0.42, 4136510
0.42, 4132090
0.42, 4131898
0.42, 4131300
0.42, 4125047
0.42, 4107931
0.42, 4106077
0.42, 4102534
0.42, 4101710
0.42, 4096988
0.42, 4093818
0.42, 4090157
0.42, 4083937
0.42, 4063855
0.42, 4039920
0.42, 4030521
0.42, 4002669
0.42, 3955324
0.42, 3950807
0.42, 3948926
0.42, 3945975
0.42, 3935952
0.48, 3907606
0.48, 3902202
0.48, 3898725
0.48, 3897995
0.48, 3897977
0.48, 3873711
0.48, 3864462
0.58, 3862142
0.58, 3853913
0.58, 3850298
0.58, 3841550
0.58, 3830002
0.58, 3829159
0.58, 3826834
0.58, 3824936
0.58, 3823144
0.58, 3822920
0.58, 3816317
0.58, 3798337
0.58, 3790783
0.58, 3749216
0.58, 3641819
0.58, 3636277
0.58, 3625243
0.58, 3625087
0.58, 3624115
0.58, 3616220
0.58, 3601008
0.58, 3596945
0.58, 3580464
0.58, 3543959
0.58, 3535738
0.67, 3525841
0.71, 3523899
0.71, 3519534
0.71, 3505909
0.71, 3505373
0.71, 3500996
0.71, 3476627
0.71, 3475947
0.71, 3474287
0.71, 3462561
0.71, 3458505
0.71, 3447973
0.71, 3432157
0.71, 3424847
0.71, 3418279
0.71, 3389536
0.71, 3388057
0.71, 3387979
0.71, 3378939
0.71, 3378429
0.71, 3361505
0.71, 3360573
0.71, 3352750
0.71, 3337920
0.71, 3336065
0.71, 3313487
0.74, 3279059
0.74, 3276487
0.74, 3272233
0.74, 3271299
0.74, 3265378
0.74, 3247174
0.74, 3247092
0.74, 3228501
0.74, 3226402
0.74, 3224917
0.74, 3222247
0.74, 3217276
0.74, 3205285
0.74, 3201445
0.74, 3187615
0.74, 3185082
0.74, 3170552
0.74, 3168386
0.76, 3168347
0.76, 3164477
0.81, 3156847
0.81, 3154079
0.82, 3146709
0.82, 3146038
0.82, 3131749
0.82, 3131445
0.82, 3131166
0.82, 3127827
0.82, 3127372
0.82, 3116727
0.82, 3112400
0.82, 3111498
0.82, 3111277
0.82, 3106344
0.82, 3098908
0.82, 3093843
0.82, 3080881
0.82, 3031062
0.82, 3020201
0.82, 3016246
0.82, 3003869
0.82, 2996780
0.82, 2972275
0.82, 2964410
0.82, 2932340
0.82, 2929336
0.82, 2929267
0.82, 2921248
0.82, 2918993
0.82, 2908992
0.82, 2896671
0.82, 2895585
0.82, 2884003
0.82, 2879192
0.82, 2877316
0.82, 2872091
0.82, 2870977
0.82, 2865739
0.86, 2861608
0.86, 2859965
0.88, 2858192
0.88, 2840554
0.88, 2839475
0.88, 2826871
0.88, 2826239
0.88, 2825335
0.88, 2820446
0.88, 2810226
0.88, 2810083
0.88, 2808076
0.88, 2805498
0.88, 2801137
0.88, 2800992
0.88, 2797233
0.88, 2789226
0.88, 2785487
0.88, 2782264
0.88, 2764953
0.88, 2749289
0.88, 2737450
0.88, 2728816
0.88, 2721224
0.88, 2716283
0.88, 2711726
0.88, 2704908
0.88, 2701377
0.88, 2696061
0.88, 2695744
0.88, 2694535
0.88, 2691805
0.88, 2683321
0.88, 2682470
0.88, 2675645
0.88, 2674216
0.88, 2672758
0.88, 2664460
0.91, 2655477
0.91, 2654287
0.91, 2644755
0.91, 2607730
0.91, 2604295
0.91, 2603402
0.91, 2603339
0.91, 2599642
0.91, 2593921
0.91, 2590344
0.94, 2583453
0.94, 2579326
0.94, 2572268
0.94, 2572179
0.94, 2569489
0.94, 2569354
0.94, 2568859
0.94, 2556991
0.94, 2554460
0.94, 2552484
0.94, 2539557
0.94, 2532665
0.94, 2531521
0.99, 2529639
0.99, 2526940
0.99, 2522550
0.99, 2514027
0.99, 2508281
0.99, 2483718
0.99, 2477336
1.00, 2471237
1.00, 2446776
1.00, 2446550
1.00, 2445132
1.00, 2439567
1.00, 2437935
1.00, 2437628
1.00, 2436536
1.00, 2436053
1.00, 2436010
1.00, 2432365
1.00, 2430184
1.00, 2425693
1.00, 2409911
1.00, 2409617
1.03, 2406151
1.03, 2393574
1.03, 2393208
1.03, 2389660
1.03, 2387497
1.03, 2376368
1.03, 2364488
1.03, 2361008
1.05, 2351943
1.05, 2351443
1.05, 2324648
1.05, 2320487
1.09, 2312395
1.09, 2307750
1.09, 2307360
1.09, 2293228
1.09, 2290203
1.10, 2284997
1.10, 2255740
1.10, 2250191
1.10, 2250168
1.10, 2239555
1.10, 2238768
1.10, 2238452
1.10, 2236627
1.10, 2230568
1.10, 2227388
1.10, 2227207
1.10, 2219748
1.10, 2202070
1.10, 2201971
1.10, 2201110
1.10, 2198189
1.10, 2186113
1.10, 2186096
1.10, 2184590
1.10, 2184375
1.10, 2183929
1.10, 2182084
1.10, 2173031
1.12, 2169258
1.15, 2169198
1.15, 2164334
1.15, 2162181
1.16, 2159469
1.16, 2150182
1.16, 2145700
1.16, 2142664
1.16, 2141884
1.16, 2138773
1.17, 2130596
1.17, 2117734
1.17, 2098232
1.18, 2097532
1.18, 2097258
1.18, 2095595
1.18, 2090623
1.18, 2084165
1.18, 2083976
1.18, 2076842
1.18, 2073785
1.18, 2073526
1.18, 2072685
1.18, 2072600
1.18, 2068180
1.18, 2059926
1.18, 2056713
1.18, 2054863
1.18, 2051917
1.18, 2047828
1.18, 2040328
1.18, 2039413
1.18, 2039168
1.18, 2028041
1.18, 2027922
1.18, 2023402
1.18, 2023028
1.18, 2017776
1.18, 1999897
1.18, 1994859
1.18, 1991627
1.18, 1988138
1.18, 1987690
1.18, 1983406
1.18, 1981413
1.18, 1981080
1.18, 1978765
1.18, 1976178
1.18, 1969986
1.18, 1968784
1.18, 1968561
1.18, 1966604
1.25, 1958497
1.25, 1957118
1.25, 1956354
1.25, 1945952
1.25, 1944789
1.25, 1942548
1.25, 1939500
1.25, 1936844
1.25, 1934119
1.25, 1923691
1.25, 1899202
1.25, 1898848
1.25, 1892851
1.25, 1889403
1.25, 1872300
1.25, 1871461
1.25, 1870537
1.25, 1869184
1.25, 1867751
1.26, 1866305
1.26, 1864825
1.26, 1864249
1.26, 1864046
1.26, 1861116
1.26, 1853346
1.26, 1852239
1.26, 1849918
1.26, 1849843
1.26, 1849154
1.26, 1838387
1.26, 1836447
1.26, 1829562
1.26, 1826335
1.28, 1823297
1.28, 1823057
1.28, 1808991
1.28, 1807873
1.28, 1806816
1.28, 1795097
1.28, 1788114
1.28, 1784240
1.28, 1776349
1.28, 1773687
1.35, 1765554
1.37, 1763043
1.37, 1762028
1.37, 1757671
1.37, 1755588
1.37, 1754452
1.37, 1753928
1.37, 1747695
1.37, 1747674
1.37, 1745968
1.37, 1742112
1.37, 1737191
1.37, 1735210
1.37, 1726275
1.37, 1718740
1.37, 1718290
1.37, 1717571
1.37, 1716259
1.37, 1710841
1.37, 1710813
1.37, 1709486
1.37, 1706393
1.37, 1697993
1.37, 1696823
1.37, 1694602
1.37, 1693154
1.37, 1689644
1.37, 1688796
1.37, 1688098
1.37, 1683034
1.37, 1679091
1.37, 1678584
1.38, 1671412
1.38, 1663965
1.38, 1651558
1.38, 1650282
1.38, 1649184
1.38, 1647356
1.38, 1643468
1.38, 1642753
1.38, 1638104
1.38, 1634984
1.38, 1632637
1.38, 1632093
1.38, 1621968
1.38, 1620141
1.38, 1619966
1.39, 1613896
1.39, 1611806
1.39, 1609736
1.39, 1609366
1.40, 1609102
1.40, 1601037
1.40, 1598585
1.40, 1597607
1.40, 1597434
1.40, 1592349
1.40, 1590688
1.40, 1589871
1.40, 1587213
1.40, 1581225
1.40, 1580021
1.40, 1575974
1.40, 1575868
1.40, 1575766
1.40, 1570245
1.40, 1569382
1.40, 1569324
1.40, 1564690
1.40, 1563911
1.42, 1563329
1.42, 1561196
1.42, 1554709
1.42, 1554402
1.42, 1551334
1.42, 1543804
1.42, 1541154
1.42, 1540042
1.42, 1539325
1.42, 1535893
1.42, 1533713
1.42, 1529687
1.47, 1525999
1.47, 1525133
1.47, 1521016
1.47, 1521009
1.47, 1517021
1.49, 1515649
1.49, 1514679
1.49, 1514248
1.49, 1513694
1.49, 1512232
1.49, 1507910
1.49, 1503654
1.49, 1499069
1.49, 1493728
1.49, 1493135
1.49, 1491965
1.49, 1491957
1.49, 1487078
1.49, 1483971
1.49, 1479307
1.49, 1476264
1.49, 1474623
1.49, 1470365
1.49, 1469756
1.49, 1468762
1.49, 1463867
1.49, 1463460
1.49, 1461541
1.49, 1460001
1.49, 1456752
1.50, 1453260
1.50, 1451897
1.50, 1450996
1.50, 1450612
1.50, 1450369
1.50, 1446413
1.50, 1440952
1.50, 1437922
1.50, 1435806
1.51, 1434135
1.51, 1433314
1.51, 1432441
1.56, 1430816
1.56, 1428241
1.56, 1427999
1.56, 1427841
1.56, 1424970
1.56, 1423914
1.57, 1423307
1.57, 1422478
1.57, 1421951
1.57, 1419589
1.57, 1419151
1.57, 1418559
1.57, 1412742
1.57, 1410547
1.57, 1409609
1.57, 1408212
1.59, 1406780
1.59, 1403367
1.59, 1399313
1.59, 1395833
1.59, 1392212
1.59, 1384492
1.59, 1378643
1.59, 1377870
1.59, 1375385
1.59, 1372111
1.60, 1370859
1.60, 1370021
1.60, 1369960
1.60, 1367295
1.60, 1366923
1.60, 1352902
1.60, 1352075
1.60, 1349538
1.60, 1349389
1.60, 1347008
1.61, 1342602
1.66, 1342594
1.66, 1341779
1.66, 1336540
1.66, 1335007
1.66, 1332919
1.66, 1330875
1.66, 1325608
1.66, 1322664
1.66, 1318844
1.66, 1318584
1.66, 1314715
1.66, 1310931
1.66, 1306579
1.66, 1303337
1.66, 1298791
1.66, 1295873
1.66, 1294249
1.66, 1291125
1.66, 1290969
1.66, 1288758
1.66, 1287580
1.66, 1285435
1.66, 1285092
1.66, 1285026
1.66, 1282264
1.66, 1273547
1.66, 1271543
1.72, 1269321
1.72, 1268830
1.73, 1263386
1.73, 1262605
1.73, 1258887
1.73, 1255440
1.73, 1255278
1.73, 1252052
1.73, 1250694
1.73, 1250201
1.73, 1248194
1.73, 1246120
1.73, 1244118
1.73, 1242565
1.73, 1234062
1.73, 1233414
1.73, 1231841
1.73, 1230022
1.73, 1229796
1.73, 1223081
1.73, 1218178
1.73, 1217005
1.73, 1214215
1.73, 1213900
1.73, 1212448
1.74, 1208088
1.74, 1205655
1.74, 1205063
1.74, 1204856
1.74, 1204331
1.74, 1203870
1.74, 1203632
1.74, 1202315
1.74, 1201768
1.74, 1201493
1.74, 1196335
1.77, 1194244
1.77, 1193783
1.77, 1192589
1.77, 1191672
1.77, 1191020
1.77, 1190372
1.77, 1186696
1.77, 1184990
1.77, 1184905
1.77, 1184867
1.77, 1183081
1.77, 1177185
1.77, 1176896
1.79, 1175947
1.80, 1170667
1.80, 1169531
1.80, 1168760
1.80, 1165421
1.80, 1163262
1.80, 1161617
1.80, 1161170
1.80, 1160736
1.81, 1160377
1.81, 1155426
1.81, 1152615
1.81, 1150813
1.81, 1148591
1.81, 1141727
1.81, 1141312
1.81, 1138451
1.81, 1134290
1.81, 1128721
1.81, 1127731
1.81, 1123434
1.81, 1123018
1.81, 1122003
1.81, 1121223
1.81, 1120958
1.81, 1116796
1.81, 1113854
1.81, 1113279
1.81, 1111708
1.81, 1111125
1.82, 1110286
1.82, 1109464
1.82, 1107570
1.82, 1105237
1.82, 1099873
1.82, 1099510
1.82, 1099139
1.83, 1097310
1.87, 1095166
1.87, 1094286
1.87, 1092892
1.87, 1089642
1.87, 1088866
1.87, 1085597
1.87, 1083557
1.87, 1083320
1.87, 1082864
1.87, 1082669
1.87, 1080713
1.87, 1080631
1.87, 1075335
1.87, 1074779
1.87, 1074747
1.87, 1074746
1.87, 1071516
1.87, 1069914
1.87, 1069142
1.87, 1068315
1.87, 1066003
1.88, 1065611
1.88, 1065344
1.88, 1062278
1.88, 1061010
1.90, 1060700
1.90, 1059483
1.90, 1059461
1.90, 1057926
1.91, 1056245
1.91, 1052251
1.91, 1051192
1.91, 1050024
1.91, 1049615
2.03, 1047783
2.03, 1046381
2.03, 1043551
2.03, 1043478
2.03, 1043192
2.03, 1041300
2.03, 1039571
2.03, 1038950
2.03, 1035276
2.03, 1033357
2.03, 1032736
2.04, 1029453
2.04, 1028264
2.04, 1028248
2.04, 1026701
2.04, 1024263
2.04, 1022212
2.04, 1021831
2.04, 1019751
2.04, 1016557
2.04, 1016036
2.04, 1014248
2.04, 1009650
2.05, 1006818
2.05, 1004683
2.05, 1004505
2.05, 1000588
2.05, 999915
2.05, 999070
2.05, 997084
2.05, 986080
2.05, 984764
2.05, 984477
2.05, 983600
2.05, 981881
2.05, 980591
2.05, 979369
2.05, 978342
2.05, 976912
2.06, 973318
2.06, 973274
2.06, 973202
2.06, 971661
2.06, 971573
2.06, 971147
2.06, 969269
2.06, 968168
2.06, 967346
2.06, 965972
2.06, 962730
2.06, 962605
2.06, 959243
2.07, 958479
2.07, 953814
2.07, 951792
2.07, 951777
2.07, 948253
2.07, 947148
2.07, 946154
2.07, 943788
2.07, 941377
2.07, 939567
2.07, 939518
2.07, 937769
2.07, 937572
2.07, 937547
2.07, 936342
2.10, 933913
2.10, 932662
2.15, 931734
2.15, 931219
2.15, 930914
2.15, 930630
2.15, 930245
2.15, 929819
2.15, 925988
2.15, 925849
2.15, 922614
2.15, 922461
2.15, 922447
2.15, 921787
2.15, 921183
2.15, 919431
2.15, 919059
2.15, 916958
2.16, 916453
2.16, 915915
2.16, 914181
2.16, 913702
2.16, 909742
2.16, 908519
2.16, 905981
2.16, 903147
2.16, 902467
2.16, 900647
2.16, 900502
2.16, 896691
2.16, 896496
2.16, 892359
2.17, 892257
2.17, 892155
2.18, 892023
2.18, 889679
2.18, 888710
2.18, 888219
2.18, 887952
2.18, 886464
2.18, 884394
2.18, 883398
2.19, 883215
2.19, 882845
2.19, 881781
2.20, 876440
2.20, 875221
2.20, 872839
2.20, 872225
2.20, 871883
2.20, 871232
2.20, 870288
2.20, 869213
2.20, 867691
2.20, 867423
2.20, 867130
2.26, 866382
2.26, 865462
2.26, 862742
2.26, 860987
2.26, 860160
2.26, 857905
2.26, 855721
2.26, 855079
2.26, 854563
2.26, 852667
2.26, 852183
2.27, 852089
2.31, 850250
2.31, 850047
2.31, 849933
2.31, 849383
2.32, 849004
2.32, 842541
2.32, 842006
2.32, 840288
2.32, 838066
2.32, 830725
2.32, 830181
2.32, 829832
2.32, 829615
2.32, 827583
2.32, 827489
2.35, 826873
2.35, 823583
2.35, 821098
2.35, 820475
2.35, 819323
2.35, 819042
2.35, 818417
2.35, 815937
2.35, 815445
2.35, 815293
2.35, 815068
2.35, 814569
2.35, 813432
2.35, 812521
2.35, 811945
2.35, 810520
2.35, 809645
2.35, 808331
2.35, 806742
2.36, 805150
2.36, 804521
2.36, 804021
2.36, 803929
2.36, 803135
2.36, 801394
2.36, 800216
2.36, 798586
2.41, 798076
2.42, 797067
2.42, 793091
2.42, 792584
2.42, 792462
2.42, 792268
2.42, 792212
2.42, 790730
2.42, 789941
2.42, 789747
2.42, 789126
2.42, 788275
2.42, 788025
2.42, 787280
2.42, 787003
2.47, 786795
2.47, 786450
2.48, 784145
2.48, 783580
2.51, 783196
2.51, 783030
2.55, 782739
2.55, 782658
2.55, 781018
2.55, 780035
2.55, 778016
2.55, 777449
2.56, 777351
2.56, 777159
2.56, 776380
2.56, 776329
2.58, 775352
2.58, 774311
2.58, 773822
2.58, 773442
2.58, 773190
2.58, 771404
2.61, 769706
2.61, 768112
2.61, 767180
2.61, 765092
2.61, 764629
2.61, 764027
2.61, 762509
2.61, 760855
2.61, 760432
2.61, 760262
2.61, 759842
2.61, 759350
2.61, 756643
2.61, 755485
2.61, 755363
2.62, 755326
2.62, 755188
2.65, 754906
2.65, 754592
2.66, 754233
2.66, 754182
2.66, 753534
2.66, 752300
2.66, 751866
2.66, 751595
2.66, 751569
2.66, 751171
2.67, 750540
2.67, 750130
2.68, 749434
2.72, 748402
2.72, 747275
2.72, 746999
2.72, 746355
2.73, 744944
2.73, 744303
2.73, 743827
2.73, 743262
2.73, 741755
2.73, 741254
2.73, 740805
2.73, 739697
2.73, 739401
2.73, 738054
2.73, 738014
2.73, 737506
2.73, 735383
2.73, 734546
2.73, 733847
2.73, 733235
2.74, 732108
2.74, 732046
2.74, 731358
2.74, 730941
2.74, 730672
2.74, 730591
2.74, 730561
2.74, 730236
2.74, 728256
2.74, 728199
2.74, 727752
2.74, 726919
2.74, 725463
2.74, 724800
2.75, 724593
2.75, 724325
2.75, 723073
2.75, 721511
2.75, 720533
2.76, 720079
2.76, 718794
2.76, 718243
2.76, 716530
2.76, 716368
2.76, 715366
2.76, 714873
2.79, 714674
2.80, 713361
2.80, 713073
2.81, 712340
2.82, 712083
2.82, 710789
2.82, 710776
2.82, 710760
2.82, 709048
2.82, 708651
2.82, 708590
2.84, 707803
2.85, 707255
2.85, 707233
2.86, 707008
2.86, 706973
2.86, 706280
2.86, 705422
2.86, 705181
2.86, 705047
2.87, 704782
2.87, 704754
2.88, 704356
2.88, 704279
2.89, 704220
2.90, 704177
2.90, 703461
2.90, 702444
2.90, 702225
2.91, 701798
2.91, 701154
2.91, 700295
2.91, 700143
2.91, 699566
2.91, 699557
2.91, 699136
2.94, 698731
2.94, 698312
2.95, 697713
2.95, 696682
2.96, 696647
2.96, 695669
2.96, 695540
2.96, 694409
2.97, 693775
2.97, 693655
2.97, 693601
2.97, 693525
2.97, 693507
2.97, 693218
2.97, 693055
2.99, 692484
2.99, 692205
2.99, 691672
2.99, 691508
3.00, 691290
3.00, 691025
3.00, 690919
3.00, 690501
3.01, 690281
3.01, 690047
3.02, 689983
3.04, 689898
3.04, 689744
3.09, 689226
3.09, 689142
3.09, 688748
3.09, 687883
3.09, 687689
3.10, 687175
3.11, 686943
3.11, 686739
3.11, 686600
3.11, 686284
3.12, 686024
3.12, 684546
3.12, 684292
3.13, 682730
3.13, 682584
3.13, 681754
3.13, 681505
3.14, 681399
3.14, 681307
3.14, 680775
3.14, 680303
3.15, 680163
3.15, 680067
3.15, 679626
3.15, 679450
3.16, 679363
3.17, 679358
3.17, 679180
3.17, 678742
3.17, 678653
3.17, 678594
3.31, 678352
3.32, 678348
3.32, 677895
3.32, 677497
3.32, 677078
3.32, 676710
3.32, 676259
3.32, 676253
3.32, 676238
3.32, 674994
3.32, 674601
3.33, 674473
3.34, 673767
3.34, 673411
3.47, 673400
3.47, 673357
3.48, 671485
3.56, 671461
3.57, 671401
3.57, 670632
3.60, 670480
3.60, 670237
3.67, 670188
3.67, 669875
3.69, 669599
3.69, 669529
3.72, 669151
3.72, 668804
3.73, 668711
3.81, 668646
3.81, 668618
3.84, 668539
3.95, 668532
3.96, 668524
4.05, 668309
4.06, 668303
4.18, 668277
6.84, 667808
6.84, 667778
6.91, 667188
6.91, 666832
6.91, 666763
6.92, 666760
6.92, 666738
6.95, 666151
6.95, 665609
6.96, 665595
6.97, 665120
7.01, 664992
7.01, 664808
7.03, 664663
7.03, 664491
7.03, 664391
7.04, 664325
7.44, 664274
7.45, 664129
7.51, 664110
7.52, 664065
7.53, 664045
7.55, 664042
17.17, 663956
17.17, 663877
17.18, 663832
17.19, 663777
17.31, 663724
17.31, 663696
17.32, 663655
17.40, 663512
17.40, 663124
17.42, 663079
17.43, 662846
