0.00,6112745
0.00,5945962
0.00,5731724
0.00,5594360
0.00,5486484
0.00,5488310
0.00,5425833
0.00,5395844
0.00,5350801
0.00,5314240
0.01,5332546
0.01,5340478
0.01,5252884
0.01,5139347
0.01,5065043
0.01,5061514
0.01,5042139
0.01,4949310
0.01,4967601
0.01,4968217
0.01,4849576
0.01,4849275
0.01,4771129
0.01,4704807
0.01,4587480
0.01,4492095
0.01,4404425
0.01,4388768
0.01,4373108
0.01,4307971
0.01,4283266
0.01,4218285
0.01,4159548
0.01,4140281
0.01,4058707
0.01,4054441
0.01,4043745
0.01,3966370
0.01,3990214
0.01,3887776
0.01,3888476
0.01,3857485
0.01,3850029
0.01,3861226
0.01,3785555
0.01,3719468
0.01,3655853
0.01,3670087
0.01,3632947
0.02,3604411
0.02,3562892
0.02,3558409
0.02,3582327
0.02,3560218
0.02,3525074
0.02,3498690
0.02,3499190
0.02,3523194
0.02,3518197
0.02,3525186
0.02,3514490
0.02,3513380
0.02,3571256
0.02,3564982
0.02,3444524
0.02,3386676
0.02,3363795
0.02,3361537
0.02,3343579
0.02,3414407
0.02,3419329
0.02,3349527
0.02,3246231
0.02,3193447
0.02,3217039
0.02,3224436
0.02,3207054
0.02,3195651
0.02,3160144
0.02,3163313
0.02,3175069
0.02,3129796
0.02,3132247
0.02,3138623
0.02,3121981
0.02,3093967
0.02,3040409
0.02,2999581
0.02,2920939
0.02,2909084
0.02,2931028
0.02,2928889
0.02,2985298
0.02,3012225
0.02,2952652
0.02,2951085
0.02,2960457
0.02,2942502
0.02,2943595
0.02,2953455
0.02,2836905
0.02,2844229
0.02,2814601
0.02,2808226
0.02,2784847
0.02,2754561
0.02,2751308
0.02,2706633
0.02,2667461
0.02,2655990
0.02,2637017
0.02,2600533
0.02,2595474
0.02,2598064
0.02,2577646
0.02,2580792
0.02,2563306
0.02,2521538
0.02,2525649
0.02,2538100
0.02,2528015
0.02,2529325
0.02,2497617
0.03,2457530
0.03,2461390
0.03,2456136
0.03,2452991
0.03,2448063
0.03,2414226
0.03,2407113
0.03,2400179
0.03,2404297
0.03,2397776
0.03,2356392
0.03,2366746
0.03,2339825
0.03,2313767
0.03,2280505
0.03,2305178
0.03,2296840
0.03,2299401
0.03,2245963
0.03,2265981
0.03,2282539
0.03,2263564
0.03,2239333
0.03,2272410
0.03,2353771
0.03,2346904
0.03,2272720
0.03,2268141
0.03,2285924
0.03,2301096
0.03,2285367
0.03,2301929
0.03,2216131
0.03,2213489
0.03,2213324
0.03,2199973
0.03,2199822
0.03,2191250
0.03,2159395
0.03,2124489
0.03,2101112
0.03,2062821
0.03,2087552
0.03,2100993
0.03,2123322
0.03,2100306
0.03,2086210
0.03,2097830
0.03,2169057
0.03,2175351
0.03,2097966
0.03,2105732
0.03,2093549
0.03,2076131
0.03,2089454
0.03,2092623
0.03,2104379
0.03,2091634
0.03,2033836
0.03,2017524
0.03,1992613
0.03,1997447
0.03,2017109
0.03,2079357
0.03,2052314
0.03,1956738
0.03,1950208
0.03,1944136
0.03,1953169
0.03,1944834
0.03,1945053
0.03,1925774
0.03,1913456
0.03,1922654
0.03,1905412
0.03,1928310
0.03,1930900
0.03,1938076
0.03,1935125
0.03,1898618
0.03,1913022
0.03,1891020
0.03,1842145
0.03,1855057
0.03,1852501
0.03,1867803
0.03,1851082
0.03,1832521
0.03,1834406
0.03,1839533
0.04,1841569
0.04,1832637
0.04,1812312
0.04,1830380
0.04,1787312
0.04,1772421
0.04,1769543
0.04,1781264
0.04,1780508
0.04,1781853
0.04,1755437
0.04,1755615
0.04,1756321
0.04,1763247
0.04,1755096
0.04,1737977
0.04,1747701
0.04,1731068
0.04,1745572
0.04,1803931
0.04,1819537
0.04,1842946
0.04,1847777
0.04,1798186
0.04,1787921
0.04,1780233
0.04,1763085
0.04,1781494
0.04,1852588
0.04,1853030
0.04,1771632
0.04,1782765
0.04,1788653
0.04,1772047
0.04,1788068
0.04,1802499
0.04,1802808
0.04,1777838
0.04,1738634
0.04,1744349
0.04,1737386
0.04,1732053
0.04,1736578
0.04,1719786
0.04,1714106
0.04,1711607
0.04,1706789
0.04,1689358
0.04,1694117
0.04,1685620
0.04,1675345
0.04,1677669
0.04,1686633
0.04,1680480
0.04,1667135
0.04,1645674
0.04,1623741
0.04,1649398
0.04,1653323
0.04,1653093
0.04,1716316
0.04,1689666
0.04,1650938
0.04,1650501
0.04,1633281
0.04,1643488
0.04,1643310
0.04,1636780
0.04,1630006
0.04,1642025
0.04,1640256
0.04,1633637
0.04,1631329
0.04,1643318
0.04,1645247
0.04,1648391
0.04,1621562
0.04,1623040
0.04,1625658
0.04,1624721
0.04,1597657
0.04,1592572
0.04,1600713
0.04,1588682
0.04,1600048
0.04,1604250
0.04,1608470
0.04,1615519
0.04,1619315
0.04,1598842
0.05,1589619
0.05,1615276
0.05,1605071
0.05,1624618
0.05,1682194
0.05,1655544
0.05,1616816
0.05,1616379
0.05,1590144
0.05,1567552
0.05,1563322
0.05,1562881
0.05,1559183
0.05,1540575
0.05,1533084
0.05,1566410
0.05,1512354
0.05,1492633
0.05,1493579
0.05,1502726
0.05,1505654
0.05,1502970
0.05,1528521
0.05,1517569
0.05,1507257
0.05,1496714
0.05,1519824
0.05,1526588
0.05,1544192
0.05,1608174
0.05,1574952
0.05,1530150
0.05,1539217
0.05,1539835
0.05,1535410
0.05,1519253
0.05,1521816
0.05,1533758
0.05,1538926
0.05,1525045
0.05,1517287
0.05,1507565
0.05,1500574
0.05,1522109
0.05,1488726
0.05,1480166
0.05,1473021
0.05,1456045
0.05,1481976
0.05,1483594
0.05,1467562
0.05,1442897
0.05,1448670
0.05,1462310
0.05,1442049
0.05,1445952
0.05,1444765
0.05,1447047
0.05,1490615
0.05,1470600
0.05,1419847
0.05,1402500
0.05,1397846
0.05,1389618
0.05,1413717
0.05,1439515
0.05,1435179
0.05,1478715
0.05,1480326
0.05,1477290
0.05,1486496
0.05,1520382
0.05,1522860
0.05,1455004
0.05,1454106
0.05,1440298
0.05,1458515
0.05,1453546
0.05,1438329
0.05,1433610
0.05,1427977
0.05,1429994
0.05,1408925
0.05,1407253
0.05,1398920
0.05,1378953
0.05,1395500
0.05,1415105
0.06,1422989
0.06,1424417
0.06,1475241
0.06,1456837
0.06,1461446
0.06,1470214
0.06,1506448
0.06,1497168
0.06,1441166
0.06,1442226
0.06,1441598
0.06,1433373
0.06,1436916
0.06,1423209
0.06,1416508
0.06,1410533
0.06,1415808
0.06,1393684
0.06,1392871
0.06,1382498
0.06,1360171
0.06,1358597
0.06,1344812
0.06,1341904
0.06,1332685
0.06,1334789
0.06,1316559
0.06,1328047
0.06,1316084
0.06,1310197
0.06,1325123
0.06,1327538
0.06,1325436
0.06,1320749
0.06,1322048
0.06,1325875
0.06,1340701
0.06,1323445
0.06,1309471
0.06,1312085
0.06,1333345
0.06,1325967
0.06,1324397
0.06,1311563
0.06,1313503
0.06,1321083
0.06,1344961
0.06,1342908
0.06,1351348
0.06,1357388
0.06,1337952
0.06,1324793
0.06,1329821
0.06,1328153
0.06,1340149
0.06,1347955
0.06,1353513
0.06,1351552
0.06,1343160
0.06,1340249
0.06,1319758
0.06,1317935
0.06,1332562
0.06,1319921
0.06,1299861
0.06,1299176
0.06,1298283
0.06,1294656
0.06,1297698
0.06,1336342
0.06,1365182
0.06,1300342
0.06,1280444
0.06,1281599
0.06,1275204
0.06,1267927
0.06,1256927
0.06,1248311
0.06,1234291
0.06,1229819
0.06,1220747
0.06,1216191
0.06,1219596
0.06,1227916
0.06,1239340
0.06,1256812
0.06,1256382
0.06,1257665
0.06,1261372
0.07,1255637
0.07,1255005
0.07,1266373
0.07,1265680
0.07,1268558
0.07,1261121
0.07,1249631
0.07,1225806
0.07,1231758
0.07,1220703
0.07,1232271
0.07,1236308
0.07,1251302
0.07,1246032
0.07,1250581
0.07,1248820
0.07,1226251
0.07,1225989
0.07,1242757
0.07,1240734
0.07,1229079
0.07,1224475
0.07,1235167
0.07,1235639
0.07,1235506
0.07,1234782
0.07,1226818
0.07,1226201
0.07,1219869
0.07,1196919
0.07,1200591
0.07,1192225
0.07,1190834
0.07,1190431
0.07,1190510
0.07,1210197
0.07,1210839
0.07,1204402
0.07,1217516
0.07,1222030
0.07,1219057
0.07,1199693
0.07,1195515
0.07,1176849
0.07,1175158
0.07,1182166
0.07,1184348
0.07,1199974
0.07,1196534
0.07,1187073
0.07,1187845
0.07,1191322
0.07,1196345
0.07,1189935
0.07,1206189
0.07,1214024
0.07,1214515
0.07,1210336
0.07,1207837
0.07,1198314
0.07,1188737
0.07,1178338
0.07,1173322
0.07,1170054
0.07,1173964
0.07,1173119
0.07,1169605
0.07,1167760
0.07,1157640
0.07,1149329
0.07,1142708
0.07,1139748
0.07,1134313
0.07,1128908
0.07,1130693
0.07,1153326
0.07,1153380
0.07,1147491
0.07,1144248
0.07,1143951
0.07,1150214
0.07,1148212
0.07,1134535
0.07,1127401
0.07,1132230
0.07,1156392
0.07,1187503
0.07,1210089
0.07,1125248
0.07,1112370
0.08,1104442
0.08,1109822
0.08,1124650
0.08,1119846
0.08,1111612
0.08,1090719
0.08,1079644
0.08,1070779
0.08,1067672
0.08,1070909
0.08,1077488
0.08,1068834
0.08,1070355
0.08,1067517
0.08,1061586
0.08,1065232
0.08,1063985
0.08,1060929
0.08,1054598
0.08,1055335
0.08,1055625
0.08,1068008
0.08,1070296
0.08,1069633
0.08,1062583
0.08,1057336
0.08,1047420
0.08,1053336
0.08,1052223
0.08,1047180
0.08,1048481
0.08,1046801
0.08,1045316
0.08,1037824
0.08,1032018
0.08,1031603
0.08,1025976
0.08,1022596
0.08,1054658
0.08,1015699
0.08,1014889
0.08,1017114
0.08,1008788
0.08,1007190
0.08,1007232
0.08,1009593
0.08,1009158
0.08,1004378
0.08,1004650
0.08,1003707
0.08,1013546
0.08,1019009
0.08,1021038
0.08,1031268
0.08,1038650
0.08,1031555
0.08,1033956
0.08,1030609
0.08,1029951
0.08,1029111
0.08,1027569
0.08,1024218
0.08,1026955
0.08,1030467
0.08,1029283
0.08,1027906
0.08,1028779
0.08,1022101
0.08,1021106
0.08,1032533
0.08,1042788
0.08,1036249
0.08,1028557
0.08,1027050
0.08,1028580
0.08,1028180
0.08,1029514
0.08,1037966
0.08,1060225
0.08,1098349
0.08,1119745
0.08,1048516
0.08,1049354
0.08,1048934
0.08,1042016
0.08,1046425
0.08,1051907
0.08,1045229
0.08,1043403
0.09,1045483
0.09,1046616
0.09,1047552
0.09,1040409
0.09,1041146
0.09,1023883
0.09,1021956
0.09,1021365
0.09,1009295
0.09,1002062
0.09,996494
0.09,991278
0.09,992808
0.09,987563
0.09,992498
0.09,995157
0.09,989109
0.09,984190
0.09,984910
0.09,986528
0.09,983073
0.09,976749
0.09,976356
0.09,976933
0.09,970872
0.09,974824
0.09,971235
0.09,966631
0.09,958484
0.09,973136
0.09,959228
0.09,991290
0.09,952331
0.09,957013
0.09,955275
0.09,957295
0.09,956450
0.09,949446
0.09,946419
0.09,942829
0.09,949599
0.09,947677
0.09,951271
0.09,936884
0.09,942049
0.09,947004
0.09,951670
0.09,952714
0.09,952737
0.09,950278
0.09,957707
0.09,956648
0.09,948527
0.09,943475
0.09,931971
0.09,935307
0.09,940495
0.09,931052
0.09,931359
0.09,934209
0.09,928542
0.09,933294
0.09,926531
0.09,925046
0.09,927180
0.09,927924
0.09,925912
0.09,921090
0.09,915383
0.09,912519
0.09,911666
0.09,900369
0.09,900157
0.09,895345
0.09,897592
0.09,903880
0.09,900812
0.09,901968
0.09,902165
0.09,904178
0.09,904323
0.09,903377
0.09,900429
0.09,895523
0.09,898224
0.09,899344
0.09,899609
0.09,900380
0.10,895937
0.10,898296
0.10,896545
0.10,896882
0.10,901300
0.10,893319
0.10,897916
0.10,899633
0.10,902423
0.10,901456
0.10,901313
0.10,906893
0.10,910741
0.10,915808
0.10,924090
0.10,933989
0.10,936411
0.10,934958
0.10,935966
0.10,935762
0.10,938531
0.10,944900
0.10,938802
0.10,937998
0.10,931949
0.10,932618
0.10,936422
0.10,933762
0.10,944759
0.10,942901
0.10,942385
0.10,945200
0.10,943510
0.10,942640
0.10,943994
0.10,941197
0.10,946551
0.10,952863
0.10,945997
0.10,941682
0.10,944293
0.10,944138
0.10,948995
0.10,937751
0.10,994998
0.10,958099
0.10,920287
0.10,902349
0.10,898484
0.10,897945
0.10,894656
0.10,895642
0.10,895640
0.10,885748
0.10,886808
0.10,904883
0.10,909600
0.10,909586
0.10,911736
0.10,913624
0.10,913005
0.10,921460
0.10,914971
0.10,915393
0.10,918582
0.10,921250
0.10,932592
0.10,932533
0.10,935238
0.10,935718
0.10,937651
0.10,936544
0.10,935121
0.10,933355
0.10,929510
0.10,927349
0.10,932256
0.10,937982
0.10,941038
0.10,944298
0.10,947071
0.10,950743
0.10,952878
0.10,950044
0.10,1016451
0.10,987079
0.10,953826
0.10,928814
0.10,917998
0.10,910360
0.10,915133
0.11,916322
0.11,915826
0.11,914142
0.11,917152
0.11,911526
0.11,909985
0.11,912471
0.11,913708
0.11,913677
0.11,905785
0.11,909039
0.11,910700
0.11,913372
0.11,923700
0.11,918176
0.11,912770
0.11,914167
0.11,919605
0.11,918655
0.11,922598
0.11,916642
0.11,906968
0.11,913290
0.11,909266
0.11,899354
0.11,902745
0.11,904490
0.11,903706
0.11,894071
0.11,884167
0.11,883252
0.11,885652
0.11,897623
0.11,902640
0.11,901564
0.11,897613
0.11,899044
0.11,891444
0.11,883803
0.11,890931
0.11,895092
0.11,895175
0.11,894284
0.11,888221
0.11,888509
0.11,894262
0.11,890288
0.11,885343
0.11,882308
0.11,888970
0.11,892871
0.11,892006
0.11,887675
0.11,886922
0.11,889209
0.11,898300
0.11,902836
0.11,898736
0.11,891560
0.11,891510
0.11,893168
0.11,886055
0.11,892208
0.11,890175
0.11,884827
0.11,882079
0.11,876546
0.11,874472
0.11,873259
0.11,873471
0.11,873046
0.11,869831
0.11,868201
0.11,868287
0.11,875934
0.11,882237
0.11,884078
0.11,880185
0.11,877755
0.11,876053
0.11,876968
0.11,877104
0.11,871530
0.11,873405
0.11,869385
0.11,871574
0.11,878391
0.11,878597
0.11,882031
0.12,888851
0.12,888409
0.12,882861
0.12,869867
0.12,869333
0.12,873021
0.12,863520
0.12,861716
0.12,864242
0.12,864295
0.12,864202
0.12,863346
0.12,863950
0.12,860227
0.12,854047
0.12,850698
0.12,848444
0.12,847347
0.12,851842
0.12,857539
0.12,857914
0.12,845897
0.12,841630
0.12,836259
0.12,830920
0.12,831477
0.12,831627
0.12,828473
0.12,826277
0.12,823252
0.12,817977
0.12,811671
0.12,810354
0.12,806884
0.12,805125
0.12,801862
0.12,800858
0.12,807916
0.12,808129
0.12,807620
0.12,808650
0.12,805909
0.12,805253
0.12,810186
0.12,806244
0.12,809147
0.12,803422
0.12,805721
0.12,804698
0.12,798533
0.12,799549
0.12,798738
0.12,797627
0.12,799859
0.12,801254
0.12,801038
0.12,798262
0.12,802148
0.12,805269
0.12,801694
0.12,794766
0.12,792044
0.12,794938
0.12,789057
0.12,790490
0.12,791774
0.12,791674
0.12,793724
0.12,796433
0.12,794304
0.12,787380
0.12,789306
0.12,790075
0.12,792419
0.12,790470
0.12,788199
0.12,787739
0.12,784237
0.12,786434
0.12,787762
0.12,792937
0.12,792524
0.12,792239
0.12,785331
0.12,788961
0.12,793278
0.12,790824
0.12,790133
0.13,798817
0.13,796833
0.13,795485
0.13,795373
0.13,793770
0.13,794627
0.13,795470
0.13,793512
0.13,797261
0.13,790885
0.13,793648
0.13,794173
0.13,789442
0.13,780892
0.13,784600
0.13,786169
0.13,790572
0.13,787564
0.13,790767
0.13,791099
0.13,789715
0.13,792967
0.13,795696
0.13,803569
0.13,803207
0.13,799873
0.13,793809
0.13,791485
0.13,786988
0.13,784836
0.13,782757
0.13,779826
0.13,776772
0.13,777680
0.13,774173
0.13,782583
0.13,779357
0.13,771778
0.13,769397
0.13,768566
0.13,767992
0.13,773205
0.13,773473
0.13,771881
0.13,771300
0.13,771508
0.13,772366
0.13,772256
0.13,774191
0.13,773317
0.13,762663
0.13,759949
0.13,757982
0.13,755927
0.13,755599
0.13,755556
0.13,756996
0.13,757155
0.13,753737
0.13,752193
0.13,750304
0.13,751887
0.13,750956
0.13,751051
0.13,750027
0.13,748329
0.13,746844
0.13,746485
0.13,744722
0.13,745854
0.13,746548
0.13,744025
0.13,743997
0.13,743736
0.13,745005
0.13,746376
0.13,744405
0.13,741813
0.13,740157
0.13,738528
0.13,737690
0.13,742008
0.13,740182
0.13,735970
0.13,734450
0.13,732625
0.13,733029
0.13,730353
0.14,728941
0.14,727582
0.14,726270
0.14,751192
0.14,763558
0.14,804564
0.14,772057
0.14,771079
0.14,776827
0.14,806196
0.14,807589
0.14,813830
0.14,819949
0.14,849600
0.14,850428
0.14,811622
0.14,817220
0.14,796586
0.14,796566
0.14,791926
0.14,790361
0.14,787693
0.14,777385
0.14,771848
0.14,757499
0.14,758474
0.14,755967
0.14,750381
0.14,764096
0.14,766297
0.14,771812
0.14,769499
0.14,768452
0.14,763693
0.14,766163
0.14,760897
0.14,756573
0.14,762165
0.14,772588
0.14,772061
0.14,772384
0.14,770566
0.14,773369
0.14,772654
0.14,773294
0.14,776683
0.14,777623
0.14,777280
0.14,778644
0.14,777412
0.14,777154
0.14,777832
0.14,777464
0.14,780832
0.14,782223
0.14,780205
0.14,777634
0.14,778029
0.14,780640
0.14,784932
0.14,786087
0.14,784240
0.14,785535
0.14,787991
0.14,788192
0.14,793778
0.14,792231
0.14,856826
0.14,831983
0.14,796514
0.14,778016
0.14,770403
0.14,768688
0.14,764193
0.14,760103
0.14,760481
0.14,760936
0.14,762712
0.14,761977
0.14,762511
0.14,760309
0.14,763628
0.14,764128
0.14,753448
0.14,751700
0.14,755955
0.14,762191
0.14,761029
0.14,764030
0.14,766048
0.14,763165
0.15,757561
0.15,757206
0.15,757371
0.15,754080
0.15,749095
0.15,751196
0.15,747133
0.15,742004
0.15,740719
0.15,738859
0.15,738335
0.15,741457
0.15,738954
0.15,736378
0.15,735468
0.15,730302
0.15,725802
0.15,734542
0.15,735315
0.15,735635
0.15,730539
0.15,729094
0.15,726521
0.15,726927
0.15,725770
0.15,725466
0.15,725702
0.15,726554
0.15,726979
0.15,728612
0.15,728544
0.15,731710
0.15,730671
0.15,723358
0.15,720335
0.15,719989
0.15,718736
0.15,717503
0.15,718007
0.15,716307
0.15,715114
0.15,717139
0.15,716610
0.15,715152
0.15,716352
0.15,719830
0.15,721548
0.15,721919
0.15,724954
0.15,724772
0.15,722343
0.15,721597
0.15,721759
0.15,719767
0.15,718881
0.15,716363
0.15,713936
0.15,713652
0.15,714678
0.15,714997
0.15,715405
0.15,714290
0.15,713169
0.15,714684
0.15,714400
0.15,715129
0.15,715594
0.15,715951
0.15,717990
0.15,713750
0.15,712245
0.15,715734
0.15,712830
0.15,713866
0.15,713541
0.15,715526
0.15,714052
0.15,714814
0.15,708388
0.15,707014
0.15,705583
0.15,704465
0.15,705753
0.15,714163
0.15,710937
0.15,703358
0.15,702333
0.15,701320
0.15,700132
0.15,698787
0.15,697839
0.16,703582
0.16,697666
0.16,696779
0.16,695909
0.16,705924
0.16,745310
0.16,747395
0.16,750637
0.16,764169
0.16,804603
0.16,819169
0.16,827854
0.16,809841
0.16,808018
0.16,794910
0.16,783159
0.16,777440
0.16,758864
0.16,751101
0.16,711908
0.16,735299
0.16,745637
0.16,757905
0.16,759257
0.16,775037
0.16,776278
0.16,789705
0.16,801529
0.16,839935
0.16,841340
0.16,797310
0.16,802325
0.16,775034
0.16,774062
0.16,768154
0.16,765540
0.16,763946
0.16,756360
0.16,752466
0.16,737101
0.16,736784
0.16,729191
0.16,722842
0.16,735360
0.16,738088
0.16,738724
0.16,734591
0.16,731100
0.16,722712
0.16,719500
0.16,723076
0.16,727021
0.16,727079
0.16,734886
0.16,738334
0.16,739918
0.16,742136
0.16,742879
0.16,744539
0.16,744221
0.16,746046
0.16,747542
0.16,747253
0.16,748400
0.16,749985
0.16,751404
0.16,753713
0.16,751461
0.16,750148
0.16,749730
0.16,748120
0.16,748503
0.16,753010
0.16,753211
0.16,756735
0.16,753169
0.16,753504
0.16,756187
0.16,758386
0.16,758133
0.16,760165
0.16,757884
0.16,822500
0.16,797047
0.16,763746
0.16,744763
0.16,737155
0.16,736424
0.17,732333
0.17,724815
0.17,724973
0.17,726578
0.17,728714
0.17,727400
0.17,728699
0.17,730629
0.17,729421
0.17,728603
0.17,730072
0.17,733092
0.17,730885
0.17,735633
0.17,736477
0.17,734727
0.17,731126
0.17,732288
0.17,726588
0.17,725323
0.17,722796
0.17,720367
0.17,720500
0.17,714603
0.17,710255
0.17,704163
0.17,699421
0.17,696314
0.17,695098
0.17,693922
0.17,693027
0.17,692096
0.17,691150
0.17,690799
0.17,690049
0.17,689317
0.17,689254
0.17,688556
0.17,687907
0.17,687263
0.17,686657
0.17,685820
0.17,686243
0.17,685251
0.17,684685
0.17,685737
0.17,685231
0.17,686138
0.17,683796
0.17,684203
0.17,684818
0.17,686540
0.17,683522
0.17,683928
0.17,683939
0.17,683756
0.17,684459
0.17,686826
0.17,689326
0.17,690078
0.17,689023
0.17,689866
0.17,689372
0.17,689608
0.17,687398
0.17,685398
0.17,685211
0.17,683730
0.17,682883
0.17,682321
0.17,682907
0.17,683794
0.17,683804
0.17,684226
0.17,684003
0.17,683663
0.17,683103
0.17,681486
0.17,680926
0.17,680410
0.17,679991
0.17,682677
0.17,679635
0.17,681075
0.17,679330
0.17,679034
0.17,678767
0.17,684606
0.17,685212
0.18,678153
0.18,677670
0.18,677411
0.18,677164
0.18,676981
0.18,676764
0.18,676572
0.18,676415
0.18,676212
0.18,676067
0.18,676569
0.18,675868
0.18,675352
0.18,675261
0.18,676241
0.18,678041
0.18,680211
0.18,682694
0.18,675196
0.18,686782
0.18,676538
0.18,679181
0.18,674947
0.18,674883
0.18,680858
0.18,679032
0.18,676920
0.18,674820
0.18,677523
0.18,680239
0.18,676952
0.18,673565
0.18,673505
0.18,673476
0.18,673448
0.18,673422
