0.00,6762801
0.00,6628984
0.00,6599489
0.00,6434736
0.00,6287375
0.00,6121372
0.00,5976157
0.00,5976470
0.00,5973372
0.00,5969549
0.00,5734997
0.00,5620222
0.00,5579595
0.00,5542199
0.00,5526789
0.00,5534564
0.00,5533968
0.00,5533348
0.00,5396164
0.00,5277977
0.00,5182379
0.00,5084548
0.00,5045963
0.00,4916490
0.01,4818071
0.01,4705407
0.01,4598148
0.01,4588609
0.01,4480757
0.01,4440857
0.01,4402774
0.01,4395300
0.01,4375084
0.01,4383372
0.01,4386501
0.01,4372618
0.01,4429831
0.01,4428291
0.01,4376242
0.01,4382291
0.01,4396023
0.01,4407922
0.01,4266584
0.01,4259241
0.01,4188002
0.01,4187828
0.01,4101763
0.01,4061459
0.01,4017763
0.01,3934146
0.01,3936942
0.01,3856013
0.01,3768261
0.01,3794998
0.01,3837886
0.01,3841090
0.01,3796213
0.01,3762389
0.01,3755068
0.01,3755130
0.01,3715704
0.01,3769362
0.01,3773789
0.01,3775721
0.01,3764882
0.01,3780439
0.01,3790177
0.01,3745296
0.01,3740645
0.01,3742181
0.01,3731276
0.01,3724411
0.01,3727767
0.01,3721360
0.01,3698775
0.01,3711247
0.01,3757335
0.01,3751293
0.01,3702174
0.01,3702069
0.01,3755419
0.01,3764277
0.01,3767845
0.01,3679057
0.01,3631066
0.01,3598332
0.01,3592780
0.01,3609815
0.01,3573643
0.01,3575086
0.01,3611357
0.01,3534469
0.01,3510640
0.01,3469153
0.01,3418216
0.01,3427435
0.01,3404549
0.01,3389297
0.01,3378907
0.01,3395628
0.01,3372695
0.01,3302768
0.01,3371236
0.01,3385931
0.01,3336341
0.01,3336744
0.01,3337703
0.01,3327132
0.01,3348284
0.01,3328099
0.01,3329714
0.01,3308509
0.01,3367533
0.01,3363481
0.01,3365866
0.01,3319118
0.02,3320302
0.02,3347977
0.02,3354723
0.02,3320445
0.02,3311592
0.02,3306500
0.02,3306015
0.02,3240885
0.02,3187318
0.02,3139524
0.02,3110858
0.02,3115532
0.02,3127469
0.02,3136130
0.02,3188992
0.02,3198585
0.02,3188389
0.02,3175585
0.02,3161683
0.02,3106196
0.02,3089710
0.02,3078007
0.02,3061767
0.02,3048977
0.02,2994779
0.02,3005671
0.02,3001704
0.02,2959014
0.02,2913250
0.02,2855669
0.02,2855195
0.02,2855317
0.02,2843725
0.02,2797245
0.02,2808028
0.02,2812607
0.02,2760004
0.02,2715390
0.02,2708989
0.02,2686009
0.02,2669452
0.02,2677727
0.02,2746661
0.02,2655038
0.02,2691499
0.02,2634764
0.02,2701451
0.02,2671812
0.02,2631063
0.02,2577604
0.02,2523943
0.02,2525419
0.02,2462041
0.02,2428152
0.02,2428813
0.02,2433908
0.02,2449318
0.02,2441139
0.02,2446911
0.02,2474431
0.02,2514977
0.02,2509971
0.02,2473958
0.02,2443773
0.02,2441719
0.02,2410195
0.02,2423171
0.02,2380731
0.02,2348733
0.02,2306045
0.02,2303017
0.02,2267870
0.02,2274424
0.02,2248025
0.02,2256155
0.02,2207794
0.02,2172939
0.02,2172092
0.02,2183116
0.02,2182238
0.02,2139609
0.02,2139440
0.02,2139691
0.02,2131689
0.02,2123378
0.02,2139435
0.02,2107412
0.02,2078717
0.02,2106211
0.02,2109846
0.03,2140751
0.03,2123554
0.03,2133504
0.03,2150760
0.03,2192869
0.03,2201271
0.03,2158148
0.03,2138453
0.03,2114867
0.03,2096882
0.03,2100398
0.03,2048468
0.03,2006509
0.03,1982683
0.03,1980278
0.03,1930946
0.03,1940820
0.03,1939499
0.03,1925792
0.03,1926226
0.03,1944145
0.03,1936418
0.03,1921841
0.03,1923923
0.03,1924348
0.03,1976675
0.03,1922607
0.03,1887910
0.03,1885561
0.03,1854339
0.03,1850119
0.03,1850857
0.03,1861179
0.03,1835134
0.03,1839482
0.03,1836086
0.03,1833147
0.03,1809972
0.03,1807101
0.03,1806291
0.03,1829984
0.03,1834393
0.03,1835672
0.03,1861513
0.03,1888473
0.03,1925904
0.03,1922405
0.03,1879046
0.03,1849663
0.03,1848200
0.03,1863090
0.03,1850229
0.03,1847006
0.03,1831862
0.03,1850367
0.03,1846489
0.03,1847283
0.03,1875922
0.03,1874639
0.03,1880616
0.03,1880937
0.03,1850630
0.03,1863579
0.03,1903642
0.03,1926817
0.03,1963676
0.03,2006061
0.03,1932245
0.03,1928357
0.03,1929059
0.03,1998091
0.03,1993431
0.03,1975616
0.03,1975758
0.03,1974414
0.03,1974579
0.03,1979150
0.03,1949973
0.03,1948275
0.03,1898713
0.03,1893781
0.03,1875887
0.03,1859737
0.03,1844005
0.03,1771218
0.03,1757598
0.03,1753918
0.03,1764941
0.03,1765408
0.03,1779124
0.03,1772827
0.04,1751128
0.04,1724080
0.04,1705340
0.04,1689820
0.04,1665926
0.04,1651560
0.04,1628637
0.04,1611146
0.04,1606857
0.04,1587005
0.04,1572094
0.04,1553771
0.04,1542985
0.04,1544376
0.04,1539679
0.04,1537932
0.04,1511999
0.04,1516203
0.04,1546526
0.04,1547692
0.04,1546248
0.04,1537847
0.04,1544892
0.04,1533384
0.04,1525016
0.04,1528302
0.04,1532834
0.04,1533000
0.04,1536319
0.04,1536814
0.04,1531720
0.04,1538314
0.04,1540621
0.04,1534710
0.04,1534722
0.04,1517349
0.04,1508985
0.04,1516633
0.04,1484578
0.04,1492653
0.04,1492815
0.04,1494592
0.04,1495691
0.04,1494198
0.04,1482047
0.04,1482607
0.04,1499680
0.04,1508572
0.04,1520652
0.04,1537484
0.04,1526415
0.04,1521117
0.04,1520956
0.04,1515357
0.04,1509476
0.04,1505369
0.04,1503896
0.04,1508952
0.04,1505473
0.04,1505349
0.04,1587596
0.04,1560319
0.04,1525092
0.04,1505523
0.04,1499618
0.04,1506536
0.04,1502313
0.04,1496667
0.04,1490428
0.04,1496627
0.04,1498045
0.04,1492344
0.04,1489681
0.04,1467150
0.04,1473132
0.04,1488256
0.04,1493081
0.04,1480781
0.04,1470832
0.04,1484094
0.04,1475283
0.04,1471341
0.04,1468525
0.04,1449760
0.04,1443768
0.04,1452752
0.04,1449195
0.04,1447007
0.05,1452357
0.05,1451810
0.05,1460335
0.05,1443854
0.05,1448261
0.05,1434457
0.05,1434986
0.05,1431091
0.05,1422458
0.05,1412144
0.05,1411999
0.05,1405032
0.05,1395098
0.05,1388246
0.05,1383456
0.05,1375655
0.05,1370113
0.05,1364424
0.05,1369643
0.05,1372584
0.05,1365425
0.05,1359755
0.05,1358345
0.05,1354015
0.05,1358312
0.05,1358306
0.05,1353585
0.05,1351640
0.05,1344588
0.05,1339140
0.05,1361346
0.05,1364967
0.05,1354403
0.05,1350089
0.05,1341439
0.05,1346525
0.05,1361821
0.05,1363620
0.05,1368416
0.05,1376833
0.05,1373638
0.05,1361887
0.05,1367054
0.05,1367322
0.05,1342345
0.05,1338139
0.05,1333450
0.05,1334415
0.05,1339759
0.05,1319235
0.05,1316820
0.05,1316697
0.05,1321260
0.05,1318202
0.05,1305353
0.05,1289101
0.05,1293886
0.05,1296080
0.05,1296821
0.05,1306994
0.05,1280606
0.05,1287449
0.05,1278851
0.05,1280730
0.05,1278392
0.05,1284429
0.05,1312233
0.05,1322724
0.05,1315896
0.05,1317368
0.05,1315245
0.05,1307790
0.05,1315193
0.05,1301775
0.05,1297138
0.05,1302826
0.05,1296235
0.05,1307608
0.05,1306010
0.05,1305501
0.05,1385250
0.05,1347314
0.05,1301955
0.05,1277650
0.05,1291854
0.05,1295448
0.05,1307239
0.05,1307050
0.05,1303721
0.05,1305137
0.05,1309266
0.06,1313844
0.06,1300214
0.06,1300418
0.06,1299516
0.06,1291319
0.06,1288047
0.06,1284880
0.06,1293614
0.06,1295854
0.06,1287728
0.06,1285645
0.06,1276986
0.06,1276249
0.06,1278425
0.06,1281796
0.06,1264233
0.06,1263194
0.06,1253774
0.06,1255033
0.06,1257318
0.06,1282117
0.06,1279223
0.06,1269204
0.06,1271392
0.06,1272575
0.06,1279384
0.06,1276107
0.06,1275553
0.06,1276829
0.06,1280860
0.06,1277752
0.06,1271213
0.06,1267360
0.06,1273463
0.06,1354119
0.06,1336013
0.06,1306308
0.06,1270673
0.06,1269993
0.06,1269207
0.06,1277521
0.06,1286599
0.06,1287925
0.06,1291923
0.06,1277724
0.06,1273911
0.06,1287378
0.06,1278046
0.06,1280236
0.06,1281042
0.06,1291414
0.06,1300929
0.06,1309619
0.06,1304012
0.06,1292927
0.06,1286570
0.06,1283561
0.06,1278269
0.06,1280846
0.06,1285324
0.06,1284997
0.06,1291535
0.06,1299252
0.06,1296206
0.06,1284137
0.06,1274505
0.06,1272442
0.06,1281566
0.06,1286629
0.06,1254867
0.06,1264109
0.06,1263342
0.06,1251516
0.06,1297691
0.06,1292956
0.06,1308854
0.06,1334133
0.06,1352380
0.06,1392874
0.06,1382445
0.06,1351252
0.06,1342850
0.06,1322592
0.06,1341375
0.06,1328850
0.06,1332460
0.06,1327789
0.06,1313884
0.06,1311394
0.06,1308491
0.06,1336512
0.06,1336108
0.07,1316312
0.07,1314786
0.07,1286675
0.07,1291288
0.07,1301716
0.07,1318365
0.07,1322070
0.07,1345385
0.07,1344002
0.07,1326547
0.07,1327640
0.07,1388757
0.07,1389179
0.07,1376602
0.07,1376384
0.07,1369382
0.07,1370109
0.07,1372461
0.07,1361970
0.07,1370249
0.07,1348280
0.07,1331142
0.07,1325963
0.07,1330959
0.07,1308168
0.07,1274573
0.07,1251091
0.07,1252748
0.07,1254653
0.07,1252170
0.07,1239761
0.07,1237430
0.07,1232979
0.07,1225331
0.07,1224257
0.07,1226649
0.07,1239958
0.07,1238517
0.07,1240384
0.07,1244422
0.07,1243924
0.07,1245404
0.07,1250722
0.07,1258928
0.07,1241881
0.07,1233860
0.07,1231249
0.07,1219500
0.07,1220258
0.07,1238554
0.07,1226258
0.07,1234406
0.07,1236739
0.07,1230853
0.07,1242798
0.07,1242694
0.07,1243121
0.07,1243778
0.07,1237874
0.07,1241789
0.07,1238387
0.07,1244618
0.07,1337507
0.07,1308880
0.07,1274825
0.07,1240673
0.07,1239653
0.07,1220968
0.07,1224440
0.07,1229257
0.07,1273975
0.07,1309526
0.07,1338149
0.07,1247524
0.07,1241115
0.07,1236887
0.07,1230952
0.07,1236541
0.07,1234828
0.07,1247836
0.07,1240075
0.07,1235490
0.07,1238095
0.07,1232229
0.07,1231939
0.07,1249615
0.07,1240380
0.07,1240677
0.07,1232748
0.08,1233927
0.08,1253328
0.08,1252923
0.08,1257306
0.08,1261562
0.08,1258730
0.08,1245756
0.08,1233360
0.08,1227371
0.08,1203123
0.08,1218148
0.08,1218073
0.08,1209386
0.08,1203528
0.08,1200546
0.08,1202592
0.08,1198664
0.08,1195863
0.08,1198775
0.08,1207081
0.08,1215889
0.08,1223069
0.08,1235301
0.08,1236906
0.08,1237900
0.08,1242038
0.08,1235371
0.08,1235658
0.08,1251004
0.08,1251713
0.08,1258111
0.08,1254116
0.08,1260014
0.08,1259151
0.08,1260171
0.08,1260088
0.08,1282903
0.08,1310034
0.08,1332045
0.08,1325288
0.08,1324326
0.08,1323456
0.08,1351011
0.08,1358259
0.08,1365522
0.08,1362269
0.08,1354865
0.08,1362811
0.08,1339450
0.08,1382646
0.08,1372511
0.08,1309961
0.08,1325612
0.08,1341338
0.08,1368496
0.08,1357304
0.08,1329608
0.08,1326701
0.08,1277269
0.08,1206418
0.08,1185275
0.08,1186474
0.08,1186579
0.08,1167841
0.08,1157360
0.08,1163260
0.08,1177979
0.08,1176798
0.08,1189113
0.08,1181718
0.08,1167171
0.08,1177229
0.08,1179151
0.08,1165891
0.08,1167548
0.08,1169801
0.08,1181769
0.08,1216256
0.08,1247429
0.08,1259762
0.08,1176761
0.08,1170421
0.08,1167514
0.08,1165384
0.08,1174417
0.08,1182659
0.08,1187170
0.08,1188709
0.08,1176086
0.08,1174657
0.09,1171796
0.09,1170198
0.09,1183050
0.09,1180465
0.09,1188330
0.09,1172685
0.09,1175522
0.09,1186181
0.09,1181390
0.09,1181945
0.09,1190159
0.09,1183083
0.09,1175888
0.09,1167898
0.09,1163199
0.09,1158062
0.09,1167821
0.09,1162581
0.09,1160883
0.09,1156322
0.09,1160597
0.09,1160975
0.09,1170394
0.09,1162737
0.09,1149775
0.09,1148036
0.09,1149946
0.09,1150864
0.09,1150881
0.09,1151092
0.09,1146200
0.09,1150002
0.09,1145823
0.09,1134952
0.09,1130829
0.09,1125894
0.09,1116771
0.09,1119572
0.09,1118912
0.09,1105998
0.09,1098419
0.09,1105612
0.09,1094316
0.09,1100356
0.09,1100262
0.09,1084274
0.09,1080398
0.09,1080740
0.09,1078344
0.09,1074794
0.09,1066747
0.09,1071862
0.09,1061853
0.09,1060064
0.09,1058421
0.09,1057765
0.09,1048934
0.09,1045929
0.09,1044082
0.09,1036322
0.09,1038087
0.09,1043374
0.09,1055653
0.09,1072174
0.09,1076448
0.09,1078336
0.09,1080306
0.09,1080398
0.09,1084615
0.09,1073323
0.09,1073750
0.09,1083249
0.09,1079507
0.09,1076649
0.09,1066617
0.09,1076895
0.09,1080039
0.09,1084305
0.09,1092867
0.09,1104761
0.09,1130854
0.09,1142413
0.09,1138571
0.09,1144037
0.09,1162840
0.09,1194580
0.09,1278650
0.09,1255813
0.09,1220038
0.09,1193257
0.10,1200707
0.10,1198944
0.10,1200860
0.10,1209545
0.10,1164884
0.10,1161814
0.10,1161074
0.10,1154870
0.10,1156992
0.10,1160901
0.10,1146173
0.10,1134915
0.10,1096007
0.10,1116301
0.10,1110444
0.10,1107940
0.10,1082026
0.10,1082108
0.10,1090772
0.10,1102360
0.10,1110037
0.10,1110960
0.10,1115650
0.10,1143385
0.10,1137849
0.10,1137982
0.10,1145170
0.10,1197580
0.10,1197932
0.10,1138817
0.10,1137189
0.10,1116044
0.10,1111856
0.10,1103268
0.10,1034995
0.10,1032077
0.10,1019727
0.10,1018954
0.10,1019364
0.10,1021416
0.10,1014837
0.10,1013958
0.10,1008426
0.10,1007189
0.10,1006187
0.10,1000611
0.10,1006363
0.10,998088
0.10,992568
0.10,991180
0.10,985474
0.10,980217
0.10,981824
0.10,979580
0.10,975758
0.10,972159
0.10,969934
0.10,964538
0.10,958744
0.10,963404
0.10,970342
0.10,976013
0.10,982793
0.10,979982
0.10,975317
0.10,978113
0.10,977538
0.10,989318
0.10,984994
0.10,991719
0.10,1000284
0.10,1002986
0.10,1002950
0.10,999691
0.10,1007478
0.10,1009338
0.10,1002395
0.10,1002737
0.10,1024751
0.10,1043854
0.10,1059564
0.10,1049413
0.10,1056757
0.10,1066201
0.10,1095307
0.10,1099000
0.10,1108841
0.10,1116268
0.10,1114324
0.10,1116365
0.10,1122817
0.11,1132914
0.11,1142510
0.11,1179086
0.11,1149100
0.11,1113790
0.11,1078259
0.11,1076197
0.11,1071590
0.11,1050892
0.11,1041513
0.11,1011364
0.11,1032499
0.11,1017132
0.11,1016348
0.11,995986
0.11,998817
0.11,999137
0.11,1018842
0.11,1020685
0.11,1026431
0.11,1029507
0.11,1055560
0.11,1051119
0.11,1054214
0.11,1069867
0.11,1120205
0.11,1122478
0.11,1059637
0.11,1061787
0.11,1038559
0.11,1034820
0.11,1037144
0.11,981509
0.11,977814
0.11,978936
0.11,969097
0.11,968218
0.11,971981
0.11,968181
0.11,953989
0.11,950354
0.11,999045
0.11,945725
0.11,950560
0.11,940663
0.11,936023
0.11,938753
0.11,933352
0.11,934574
0.11,925783
0.11,921393
0.11,956439
0.11,933310
0.11,924461
0.11,922900
0.11,912364
0.11,915229
0.11,909263
0.11,918694
0.11,926087
0.11,911291
0.11,915435
0.11,901205
0.11,900389
0.11,901367
0.11,900400
0.11,900026
0.11,900948
0.11,900990
0.11,902807
0.11,905474
0.11,901273
0.11,902755
0.11,899209
0.11,901004
0.11,906897
0.11,918589
0.11,911889
0.11,916591
0.11,922711
0.11,931589
0.11,940854
0.11,936733
0.11,937358
0.11,939767
0.11,938236
0.11,930577
0.11,937521
0.12,944071
0.12,949219
0.12,943163
0.12,941480
0.12,946182
0.12,946978
0.12,942706
0.12,939216
0.12,941102
0.12,949111
0.12,945498
0.12,949616
0.12,960725
0.12,978808
0.12,1091980
0.12,1073192
0.12,1037273
0.12,1013779
0.12,1026333
0.12,1049109
0.12,1044667
0.12,1059091
0.12,1062832
0.12,1061336
0.12,1063681
0.12,1068944
0.12,1079189
0.12,1088425
0.12,1040721
0.12,1043079
0.12,1043829
0.12,1034624
0.12,1029440
0.12,1027021
0.12,1011536
0.12,1006608
0.12,972560
0.12,987860
0.12,988676
0.12,990648
0.12,979209
0.12,978040
0.12,973009
0.12,977015
0.12,1001269
0.12,1000284
0.12,1009335
0.12,1018692
0.12,1060480
0.12,1064264
0.12,1008984
0.12,993792
0.12,960821
0.12,960617
0.12,951142
0.12,951766
0.12,933903
0.12,918235
0.12,893283
0.12,895159
0.12,897055
0.12,901327
0.12,903133
0.12,905102
0.12,903204
0.12,903124
0.12,906054
0.12,909712
0.12,918663
0.12,912679
0.12,918985
0.12,929710
0.12,938903
0.12,949423
0.12,942014
0.12,945970
0.12,944284
0.12,931910
0.12,925647
0.12,929550
0.12,941757
0.12,948928
0.12,939053
0.12,944770
0.12,951071
0.12,980507
0.12,993907
0.12,995327
0.12,1008059
0.12,1015224
0.13,1037650
0.13,1044864
0.13,1055289
0.13,1061692
0.13,1145520
0.13,1118887
0.13,1087616
0.13,1063685
0.13,1070364
0.13,1020387
0.13,1013556
0.13,1019245
0.13,1015495
0.13,1008974
0.13,1005384
0.13,985687
0.13,988793
0.13,951639
0.13,965561
0.13,971526
0.13,976948
0.13,959023
0.13,960961
0.13,954901
0.13,960399
0.13,983985
0.13,997300
0.13,1005733
0.13,1016453
0.13,1049599
0.13,1054962
0.13,999821
0.13,997477
0.13,970816
0.13,974104
0.13,959003
0.13,967281
0.13,951998
0.13,943733
0.13,919607
0.13,910183
0.13,891255
0.13,905147
0.13,928201
0.13,940619
0.13,958004
0.13,963072
0.13,987427
0.13,971973
0.13,1008478
0.13,1016737
0.13,1018649
0.13,1030136
0.13,1019860
0.13,1024966
0.13,1022937
0.13,1046378
0.13,1049250
0.13,1044501
0.13,1043893
0.13,1032809
0.13,1032609
0.13,979048
0.13,967706
0.13,945950
0.13,899589
0.13,904779
0.13,908309
0.13,933837
0.13,937962
0.13,962808
0.13,960536
0.13,977774
0.13,968802
0.13,1013882
0.13,1046044
0.13,1031818
0.13,1028767
0.13,1024328
0.13,1030051
0.13,1044907
0.13,1047812
0.13,1057985
0.13,1044120
0.13,1041737
0.13,1032576
0.13,1034132
0.13,981042
0.13,968881
0.13,886032
0.13,873489
0.13,869026
0.14,864905
0.14,864464
0.14,860562
0.14,856723
0.14,855419
0.14,851663
0.14,851319
0.14,851633
0.14,847608
0.14,844680
0.14,841421
0.14,837790
0.14,837801
0.14,837792
0.14,839602
0.14,839346
0.14,830737
0.14,824702
0.14,822118
0.14,821659
0.14,847627
0.14,874458
0.14,818619
0.14,812854
0.14,817594
0.14,811629
0.14,811598
0.14,810517
0.14,807065
0.14,802695
0.14,801117
0.14,797412
0.14,794055
0.14,797203
0.14,794518
0.14,792818
0.14,790093
0.14,801510
0.14,794817
0.14,787260
0.14,784465
0.14,784847
0.14,786265
0.14,785328
0.14,786610
0.14,793052
0.14,793701
0.14,794153
0.14,798352
0.14,800957
0.14,804892
0.14,800328
0.14,797754
0.14,797955
0.14,801360
0.14,800776
0.14,801791
0.14,807961
0.14,813667
0.14,844411
0.14,858128
0.14,858368
0.14,864937
0.14,876051
0.14,900264
0.14,898447
0.14,912607
0.14,924371
0.14,922377
0.14,919487
0.14,916617
0.14,914905
0.14,915896
0.14,883847
0.14,879994
0.14,878318
0.14,872295
0.14,868148
0.14,866506
0.14,851510
0.14,851460
0.14,824357
0.14,846695
0.14,845401
0.14,852963
0.14,844770
0.14,852342
0.14,857381
0.14,861535
0.15,882239
0.15,885651
0.15,891891
0.15,903595
0.15,942162
0.15,943153
0.15,903407
0.15,909732
0.15,880870
0.15,882536
0.15,869072
0.15,867748
0.15,853347
0.15,851897
0.15,844402
0.15,828017
0.15,830943
0.15,830435
0.15,833895
0.15,833299
0.15,830345
0.15,835512
0.15,829457
0.15,836690
0.15,839833
0.15,843537
0.15,841378
0.15,834989
0.15,815050
0.15,811861
0.15,829462
0.15,851505
0.15,789451
0.15,788270
0.15,803055
0.15,805335
0.15,803191
0.15,801977
0.15,802465
0.15,801815
0.15,789811
0.15,789148
0.15,788964
0.15,790312
0.15,789580
0.15,787383
0.15,780759
0.15,779569
0.15,778294
0.15,775506
0.15,778210
0.15,782252
0.15,781251
0.15,782751
0.15,780337
0.15,777417
0.15,779593
0.15,780910
0.15,772583
0.15,771082
0.15,769442
0.15,769249
0.15,767120
0.15,771639
0.15,770647
0.15,774923
0.15,777084
0.15,778352
0.15,778632
0.15,779138
0.15,782542
0.15,782871
0.15,784915
0.15,789429
0.15,794778
0.15,799682
0.15,806527
0.15,813863
0.15,819005
0.15,822010
0.15,819971
0.15,814484
0.15,813966
0.15,812777
0.15,817658
0.15,814535
0.15,813151
0.15,821306
0.15,827307
0.16,852870
0.16,866050
0.16,865842
0.16,874150
0.16,886525
0.16,914563
0.16,925443
0.16,959969
0.16,1006579
0.16,1034020
0.16,946984
0.16,936125
0.16,930128
0.16,930553
0.16,901573
0.16,897588
0.16,890373
0.16,888369
0.16,885845
0.16,883478
0.16,868947
0.16,865221
0.16,825208
0.16,840396
0.16,843275
0.16,854052
0.16,838653
0.16,837495
0.16,836723
0.16,837198
0.16,857165
0.16,870947
0.16,881399
0.16,893278
0.16,931953
0.16,933570
0.16,883383
0.16,880770
0.16,851815
0.16,853081
0.16,838651
0.16,840583
0.16,831305
0.16,832698
0.16,822369
0.16,798249
0.16,783743
0.16,773860
0.16,770161
0.16,765053
0.16,766554
0.16,771115
0.16,772873
0.16,777630
0.16,781713
0.16,785367
0.16,790275
0.16,791845
0.16,787637
0.16,790861
0.16,791995
0.16,792947
0.16,792030
0.16,794736
0.16,793849
0.16,808327
0.16,818122
0.16,820851
0.16,831114
0.16,834597
0.16,858066
0.16,868356
0.16,867172
0.16,869487
0.16,862658
0.16,885283
0.16,898365
0.16,911817
0.16,922682
0.16,922294
0.16,918813
0.16,917209
0.16,916714
0.16,919837
0.16,901057
0.16,923624
0.16,957767
0.16,980731
0.16,891112
0.16,883437
0.17,865167
0.17,863422
0.17,828810
0.17,844404
0.17,836753
0.17,843655
0.17,833453
0.17,829847
0.17,828167
0.17,828576
0.17,850185
0.17,854232
0.17,863551
0.17,879406
0.17,917743
0.17,917263
0.17,865453
0.17,862575
0.17,834040
0.17,845647
0.17,835851
0.17,839768
0.17,824981
0.17,826489
0.17,818748
0.17,797443
0.17,792566
0.17,788318
0.17,783357
0.17,780974
0.17,781542
0.17,779284
0.17,775420
0.17,762696
0.17,760717
0.17,759798
0.17,760911
0.17,762653
0.17,757904
0.17,760477
0.17,765214
0.17,765156
0.17,768205
0.17,763605
0.17,760806
0.17,755031
0.17,753424
0.17,753705
0.17,751184
0.17,751291
0.17,751572
0.17,749665
0.17,747954
0.17,752352
0.17,755926
0.17,754977
0.17,753053
0.17,752839
0.17,753970
0.17,755520
0.17,754611
0.17,754111
0.17,754451
0.17,755611
0.17,753491
0.17,753005
0.17,751945
0.17,752323
0.17,749703
0.17,748874
0.17,749503
0.17,753519
0.17,754073
0.17,754687
0.17,758281
0.17,758792
0.17,758589
0.17,754610
0.17,752336
0.17,750081
0.17,755520
0.17,759401
0.17,760094
0.17,767099
0.17,782160
0.17,814874
0.17,826623
0.17,827021
0.17,835083
0.18,845003
0.18,867497
0.18,867413
0.18,880684
0.18,891543
0.18,888728
0.18,884152
0.18,881612
0.18,880346
0.18,881169
0.18,850678
0.18,846227
0.18,847087
0.18,838172
0.18,831166
0.18,831968
0.18,816154
0.18,811782
0.18,781463
0.18,803768
0.18,808323
0.18,817287
0.18,808177
0.18,815749
0.18,820788
0.18,824942
0.18,845646
0.18,849058
0.18,855298
0.18,867002
0.18,905569
0.18,906560
0.18,866814
0.18,873139
0.18,844277
0.18,845943
0.18,832479
0.18,831155
0.18,816754
0.18,815304
0.18,807809
0.18,791424
0.18,794350
0.18,793842
0.18,797302
0.18,796706
0.18,793477
0.18,795260
0.18,788562
0.18,786443
0.18,796677
0.18,795762
0.18,792594
0.18,784172
0.18,770511
0.18,771852
0.18,792596
0.18,815185
0.18,755264
0.18,777201
0.18,785173
0.18,780756
0.18,778296
0.18,774467
0.18,769597
0.18,764606
0.18,763101
0.18,757090
0.18,756690
0.18,754168
0.18,751971
0.18,745347
0.18,742278
0.18,740536
0.18,738346
0.18,736759
0.18,735805
0.18,735045
0.18,734788
0.18,732983
0.18,731550
0.18,753549
0.18,739808
0.18,740621
0.18,729318
0.18,738573
0.18,740442
0.18,748328
0.19,760841
0.19,776848
0.19,772410
0.19,721195
0.19,719883
0.19,718620
0.19,720982
0.19,719762
0.19,719278
0.19,720292
0.19,719255
0.19,718776
0.19,716929
0.19,717985
0.19,718341
0.19,716931
0.19,716211
0.19,718403
0.19,715087
0.19,716484
0.19,717251
0.19,717245
0.19,715237
0.19,714010
0.19,713815
0.19,714108
0.19,717793
0.19,715581
0.19,714048
0.19,712426
0.19,711447
0.19,712132
0.19,713767
0.19,715578
0.19,717477
0.19,714565
0.19,714566
0.19,712645
0.19,713199
0.19,712235
0.19,713535
0.19,713602
0.19,714863
0.19,713899
0.19,714726
0.19,720715
0.19,720433
0.19,720473
0.19,726398
0.19,726077
0.19,726006
0.19,720355
0.19,716696
0.19,711719
0.19,713519
0.19,714547
0.19,714346
0.19,717703
0.19,724913
0.19,727281
0.19,727705
0.19,735603
0.19,748430
0.19,779159
0.19,791690
0.19,793289
0.19,796909
0.19,811638
0.19,835666
0.19,835953
0.19,846245
0.19,855439
0.19,853307
0.19,849406
0.19,845204
0.19,841104
0.19,842365
0.19,813308
0.19,812911
0.19,810182
0.19,801943
0.19,800090
0.19,800173
0.19,780088
0.19,777018
0.19,746293
0.19,769569
0.19,773191
0.19,782833
0.19,784540
0.19,805483
0.19,809800
0.20,822242
0.20,832730
0.20,867980
0.20,868568
0.20,825018
0.20,828151
0.20,808471
0.20,810563
0.20,803286
0.20,803981
0.20,806894
0.20,799382
0.20,799020
0.20,781479
0.20,783819
0.20,772843
0.20,755657
0.20,759350
0.20,757209
0.20,759284
0.20,758876
0.20,761777
0.20,762313
0.20,757138
0.20,753226
0.20,761134
0.20,758211
0.20,749818
0.20,735134
0.20,736257
0.20,761052
0.20,779491
0.20,717623
0.20,740508
0.20,745232
0.20,746896
0.20,743148
0.20,743725
0.20,736393
0.20,735417
0.20,728041
0.20,722932
0.20,721850
0.20,718402
0.20,716485
0.20,714549
0.20,709926
0.20,709337
0.20,708490
0.20,707831
0.20,708060
0.20,706794
0.20,705968
0.20,705392
0.20,704594
0.20,703822
0.20,702827
0.20,704415
0.20,702074
0.20,701406
0.20,700750
0.20,701671
0.20,702096
0.20,703918
0.20,703282
0.20,700591
0.20,699527
0.20,698525
0.20,697865
0.20,697210
0.20,696566
0.20,695735
0.20,695104
0.20,694783
0.20,696020
0.20,697738
0.20,697536
0.20,698226
0.20,697733
0.20,700983
0.20,701884
0.20,702955
0.20,702619
0.20,710603
0.20,711863
0.20,710806
0.20,704899
0.20,699836
0.20,698810
0.21,697843
0.21,697419
0.21,697884
0.21,699289
0.21,699376
0.21,702682
0.21,710012
0.21,713091
0.21,713774
0.21,721321
0.21,732048
0.21,761887
0.21,774564
0.21,776087
0.21,777005
0.21,791537
0.21,818382
0.21,821864
0.21,838146
0.21,843752
0.21,839893
0.21,832837
0.21,832248
0.21,829916
0.21,828946
0.21,797948
0.21,797735
0.21,796750
0.21,788851
0.21,786721
0.21,785480
0.21,767663
0.21,764808
0.21,733205
0.21,756980
0.21,764415
0.21,775399
0.21,777133
0.21,795369
0.21,793679
0.21,804814
0.21,815703
0.21,854982
0.21,861763
0.21,820915
0.21,819640
0.21,795010
0.21,797399
0.21,792929
0.21,795010
0.21,793519
0.21,789748
0.21,784366
0.21,767218
0.21,765754
0.21,753922
0.21,739222
0.21,743370
0.21,746063
0.21,746194
0.21,744405
0.21,746019
0.21,746208
0.21,739778
0.21,728666
0.21,721914
0.21,723274
0.21,746511
0.21,768060
0.21,699725
0.21,717277
0.21,722506
0.21,724846
0.21,723868
0.21,727588
0.21,726894
0.21,726575
0.21,722313
0.21,717120
0.21,716632
0.21,706535
0.21,701038
0.21,697581
0.21,694554
0.21,693762
0.21,693041
0.21,692418
0.21,691852
0.21,703197
0.21,692953
0.22,695349
0.22,694182
0.22,691140
0.22,691343
0.22,690664
0.22,725306
0.22,722826
0.22,705315
0.22,702308
0.22,696598
0.22,689985
0.22,689486
0.22,689068
0.22,688578
0.22,688646
0.22,688152
0.22,697250
0.22,699079
0.22,700411
0.22,700764
0.22,694048
0.22,691637
0.22,688563
0.22,689117
0.22,687727
0.22,687017
0.22,686518
0.22,686077
0.22,686995
0.22,688306
0.22,686837
0.22,686687
0.22,687052
0.22,687342
0.22,689964
0.22,689936
0.22,690589
0.22,691283
0.22,695419
0.22,696057
0.22,696661
0.22,696017
0.22,701843
0.22,704075
0.22,704644
0.22,698067
0.22,691743
0.22,690786
0.22,690408
0.22,690211
0.22,691236
0.22,692914
0.22,692887
0.22,696703
0.22,703915
0.22,707319
0.22,709082
0.22,716046
0.22,725467
0.22,755066
0.22,769080
0.22,771573
0.22,774057
0.22,776431
0.22,785512
0.22,787158
0.22,790568
0.22,810593
0.22,812380
0.22,828829
0.22,834793
0.22,838083
0.22,827379
0.22,827898
0.22,825991
0.22,827272
0.22,792066
0.22,785958
0.22,782230
0.22,765503
0.22,765222
0.22,736250
0.22,757767
0.22,758538
0.22,767244
0.22,768428
0.22,787603
0.22,796629
0.22,810010
0.22,817621
0.22,860946
0.23,865018
0.23,818294
0.23,819808
0.23,792407
0.23,796790
0.23,790679
0.23,788679
0.23,787790
0.23,777127
0.23,773604
0.23,753900
0.23,756350
0.23,751310
0.23,735675
0.23,740781
0.23,739488
0.23,737170
0.23,730698
0.23,722046
0.23,727865
0.23,752746
0.23,773363
0.23,701724
0.23,714050
0.23,716279
0.23,713072
0.23,707811
0.23,712110
0.23,712557
0.23,715463
0.23,716627
0.23,713281
0.23,716475
0.23,711125
0.23,708961
0.23,705468
0.23,702746
0.23,688424
0.23,687620
0.23,685641
0.23,684923
0.23,684545
0.23,684198
0.23,684541
0.23,688641
0.23,690077
0.23,690483
0.23,683524
0.23,682887
0.23,683337
0.23,715234
0.23,696198
0.23,695573
0.23,682955
0.23,685641
0.23,682599
0.23,682355
0.23,682130
0.23,682444
0.23,683882
0.23,685981
0.23,689059
0.23,690518
0.23,691093
0.23,692053
0.23,694848
0.23,693017
0.23,691354
0.23,691215
0.23,689956
0.23,688808
0.23,687426
0.23,686147
0.23,686538
0.23,685624
0.23,683338
0.23,682038
0.23,683033
0.23,685692
0.23,687991
0.23,690227
0.23,690615
0.23,692292
0.23,693339
0.23,693536
0.23,691230
0.23,690236
0.23,690281
0.23,689062
0.23,687938
0.23,685900
0.24,684398
0.24,684768
0.24,684204
0.24,682566
0.24,681477
0.24,681124
0.24,680925
0.24,682301
0.24,682371
0.24,682895
0.24,683342
0.24,687186
0.24,694816
0.24,697428
0.24,697670
0.24,704586
0.24,718154
0.24,749574
0.24,761937
0.24,763628
0.24,764986
0.24,767154
0.24,776143
0.24,812615
0.24,813038
0.24,816426
0.24,817037
0.24,826803
0.24,824758
0.24,823023
0.24,808732
0.24,807342
0.24,786029
0.24,781851
0.24,780991
0.24,773757
0.24,769290
0.24,748429
0.24,745364
0.24,716435
0.24,740323
0.24,744297
0.24,752065
0.24,752523
0.24,770090
0.24,772730
0.24,784688
0.24,797463
0.24,839179
0.24,842305
0.24,795281
0.24,793704
0.24,767590
0.24,769456
0.24,766753
0.24,770814
0.24,771663
0.24,762570
0.24,761854
0.24,749669
0.24,748816
0.24,742227
0.24,722760
0.24,730489
0.24,727879
0.24,728096
0.24,728291
0.24,727891
0.24,730640
0.24,730734
0.24,733693
0.24,734134
0.24,734288
0.24,736871
0.24,737136
0.24,731525
0.24,725980
0.24,713368
0.24,713043
0.24,733901
0.24,749910
0.24,692800
0.24,712564
0.24,714445
0.24,706695
0.24,703620
0.24,703612
0.24,699927
0.24,702495
0.24,704110
0.24,701732
0.25,687084
0.25,683217
0.25,680727
0.25,683317
0.25,690868
0.25,693252
0.25,693856
0.25,701887
0.25,714495
0.25,745684
0.25,758424
0.25,760933
0.25,763601
0.25,767045
0.25,776442
0.25,812732
0.25,812761
0.25,814307
0.25,813936
0.25,824972
0.25,821916
0.25,818667
0.25,803465
0.25,800574
0.25,781418
0.25,780100
0.25,780072
0.25,773628
0.25,768356
0.25,748307
0.25,746311
0.25,717177
0.25,739312
0.25,740533
0.25,748892
0.25,751057
0.25,769491
0.25,771800
0.25,780542
0.25,789579
0.25,828040
0.25,828792
0.25,785500
0.25,788912
0.25,764199
0.25,767083
0.25,761201
0.25,757332
0.25,756409
0.25,750338
0.25,748357
0.25,737900
0.25,739568
0.25,729754
0.25,717046
0.25,720500
0.25,717604
0.25,719175
0.25,719137
0.25,725528
0.25,725055
0.25,724999
0.25,726922
0.25,727570
0.25,731266
0.25,732815
0.25,735882
0.25,733444
0.25,734560
0.25,737451
0.25,738746
0.25,738358
0.25,730873
0.25,716171
0.25,707866
0.25,728521
0.25,748525
0.25,686160
0.25,701090
0.25,704425
0.25,702254
0.25,700878
0.25,701558
0.25,686188
0.25,686806
0.25,691321
0.25,684845
0.25,678957
0.25,678897
