0.00,6868804
0.00,6721303
0.00,6411561
0.00,6352439
0.00,6221845
0.00,6087202
0.00,6031998
0.00,5925808
0.00,5786237
0.00,5772255
0.01,5782862
0.01,5761729
0.01,5779422
0.01,5624388
0.01,5649015
0.01,5586689
0.01,5544801
0.01,5521759
0.01,5517870
0.01,5508384
0.01,5383485
0.01,5328636
0.01,5341193
0.01,5347872
0.01,5351817
0.01,5344940
0.01,5343992
0.01,5338490
0.01,5144749
0.01,5021630
0.01,5007282
0.01,4893433
0.01,4787041
0.01,4792115
0.01,4702435
0.01,4595085
0.01,4636968
0.01,4627043
0.01,4583800
0.01,4628516
0.01,4600947
0.01,4548609
0.01,4495413
0.01,4387878
0.01,4391733
0.01,4389240
0.01,4391351
0.01,4381017
0.01,4306485
0.02,4322063
0.02,4209988
0.02,4134927
0.02,4119923
0.02,4038901
0.02,4047802
0.02,4057115
0.02,4062032
0.02,4057424
0.02,4051527
0.02,3950616
0.02,3918993
0.02,3892433
0.02,3901716
0.02,3962939
0.02,3960447
0.02,3911083
0.02,3912836
0.02,3907144
0.02,3901160
0.02,3850942
0.02,3858381
0.02,3858730
0.02,3853503
0.02,3854438
0.02,3919030
0.02,3917795
0.02,3833957
0.02,3750246
0.02,3686899
0.02,3630478
0.02,3614372
0.02,3546946
0.02,3494713
0.02,3420080
0.02,3377236
0.02,3355266
0.02,3380399
0.02,3467421
0.02,3480495
0.02,3446534
0.02,3445865
0.02,3478112
0.02,3427118
0.02,3414846
0.02,3410494
0.02,3428836
0.02,3370904
0.02,3324849
0.02,3248133
0.02,3248297
0.02,3210783
0.02,3244799
0.02,3166860
0.02,3153680
0.02,3226004
0.02,3195584
0.02,3158543
0.02,3123559
0.02,3107511
0.02,3105729
0.02,3087359
0.02,3044912
0.02,2989552
0.02,2974144
0.02,2960532
0.02,3007057
0.02,2990335
0.02,2918555
0.02,2986940
0.02,2962513
0.02,2914505
0.02,2935256
0.02,2944137
0.02,2951576
0.02,2951925
0.02,2946698
0.02,2974512
0.02,3004274
0.02,3010990
0.02,2945685
0.02,2929039
0.02,2921750
0.02,2876298
0.03,2879396
0.03,2891650
0.03,2908049
0.03,2970296
0.03,2969311
0.03,2920333
0.03,2917325
0.03,2921931
0.03,2907327
0.03,2869059
0.03,2821220
0.03,2810618
0.03,2858228
0.03,2873125
0.03,2805597
0.03,2753192
0.03,2748070
0.03,2700483
0.03,2689885
0.03,2691928
0.03,2660235
0.03,2648394
0.03,2625872
0.03,2626320
0.03,2634029
0.03,2610556
0.03,2611566
0.03,2662951
0.03,2688416
0.03,2615857
0.03,2597050
0.03,2596698
0.03,2559874
0.03,2534226
0.03,2536428
0.03,2550120
0.03,2530107
0.03,2532917
0.03,2530339
0.03,2516264
0.03,2466822
0.03,2442418
0.03,2401509
0.03,2433733
0.03,2416653
0.03,2435145
0.03,2433203
0.03,2433226
0.03,2447112
0.03,2442867
0.03,2444793
0.03,2446213
0.03,2459255
0.03,2422107
0.03,2420871
0.03,2483771
0.03,2491865
0.03,2506126
0.03,2495077
0.03,2500312
0.03,2485038
0.03,2473365
0.03,2485909
0.03,2492925
0.03,2418340
0.03,2406756
0.03,2390200
0.03,2395351
0.03,2386546
0.03,2394122
0.03,2392391
0.03,2390284
0.03,2362277
0.03,2359450
0.03,2298422
0.03,2274172
0.03,2246304
0.03,2227290
0.03,2233186
0.03,2206388
0.03,2208918
0.03,2215333
0.03,2217286
0.03,2256425
0.03,2284848
0.03,2228138
0.03,2232926
0.03,2237771
0.04,2212784
0.04,2169885
0.04,2175565
0.04,2175711
0.04,2181522
0.04,2173670
0.04,2180698
0.04,2190634
0.04,2184741
0.04,2191734
0.04,2195844
0.04,2164357
0.04,2171901
0.04,2144202
0.04,2107153
0.04,2071582
0.04,2076481
0.04,2073272
0.04,2068387
0.04,2025466
0.04,1992277
0.04,1996608
0.04,1976399
0.04,1968757
0.04,1955148
0.04,1956578
0.04,1951792
0.04,1948124
0.04,1918764
0.04,1904520
0.04,1909597
0.04,1890277
0.04,1860132
0.04,1854166
0.04,1844549
0.04,1831726
0.04,1825686
0.04,1844404
0.04,1839898
0.04,1842622
0.04,1843022
0.04,1846383
0.04,1830689
0.04,1830129
0.04,1827176
0.04,1830601
0.04,1834573
0.04,1837114
0.04,1819706
0.04,1831412
0.04,1824118
0.04,1860358
0.04,1858788
0.04,1859172
0.04,1852009
0.04,1868294
0.04,1868671
0.04,1874719
0.04,1895255
0.04,1956981
0.04,1941292
0.04,1908500
0.04,1905304
0.04,1888885
0.04,1871746
0.04,1848358
0.04,1849581
0.04,1862719
0.04,1853051
0.04,1861966
0.04,1820793
0.04,1873983
0.04,1865071
0.04,1876320
0.04,1873473
0.04,1873072
0.04,1887350
0.04,1895839
0.04,1912143
0.04,1907201
0.04,1956644
0.04,1942978
0.04,1841322
0.04,1813337
0.04,1806088
0.04,1820938
0.04,1831586
0.04,1785223
0.04,1782341
0.04,1776762
0.05,1759098
0.05,1725520
0.05,1729883
0.05,1721297
0.05,1703710
0.05,1722187
0.05,1675963
0.05,1674861
0.05,1720783
0.05,1730702
0.05,1722007
0.05,1714306
0.05,1709515
0.05,1736330
0.05,1751724
0.05,1749937
0.05,1757927
0.05,1820118
0.05,1823208
0.05,1781730
0.05,1759559
0.05,1751717
0.05,1755377
0.05,1756482
0.05,1753065
0.05,1755987
0.05,1731307
0.05,1706333
0.05,1705306
0.05,1711008
0.05,1665799
0.05,1643068
0.05,1622184
0.05,1616195
0.05,1641779
0.05,1629184
0.05,1637470
0.05,1617529
0.05,1627366
0.05,1618609
0.05,1617634
0.05,1616081
0.05,1609536
0.05,1622275
0.05,1597358
0.05,1604286
0.05,1602445
0.05,1616205
0.05,1620762
0.05,1608324
0.05,1611495
0.05,1624989
0.05,1626785
0.05,1616567
0.05,1593983
0.05,1584252
0.05,1566952
0.05,1574186
0.05,1577537
0.05,1547243
0.05,1537242
0.05,1529143
0.05,1526418
0.05,1522921
0.05,1511257
0.05,1506111
0.05,1512710
0.05,1509169
0.05,1518693
0.05,1514008
0.05,1513903
0.05,1519680
0.05,1539588
0.05,1569992
0.05,1562723
0.05,1561346
0.05,1558597
0.05,1565025
0.05,1600480
0.05,1608575
0.05,1584509
0.05,1575872
0.05,1595692
0.05,1589355
0.05,1529576
0.05,1490821
0.05,1491341
0.05,1498153
0.06,1528377
0.06,1519675
0.06,1506713
0.06,1525610
0.06,1526235
0.06,1533699
0.06,1533581
0.06,1553019
0.06,1534541
0.06,1528239
0.06,1554345
0.06,1614425
0.06,1613114
0.06,1568190
0.06,1571250
0.06,1561574
0.06,1555280
0.06,1536041
0.06,1517672
0.06,1524734
0.06,1519997
0.06,1526123
0.06,1492128
0.06,1510503
0.06,1509278
0.06,1525092
0.06,1528010
0.06,1536639
0.06,1556550
0.06,1570172
0.06,1561460
0.06,1560990
0.06,1605224
0.06,1602072
0.06,1554824
0.06,1529250
0.06,1534901
0.06,1546523
0.06,1542194
0.06,1552305
0.06,1548541
0.06,1542773
0.06,1517766
0.06,1499741
0.06,1495829
0.06,1474354
0.06,1453054
0.06,1464295
0.06,1474622
0.06,1462755
0.06,1436505
0.06,1455009
0.06,1487956
0.06,1494595
0.06,1495787
0.06,1502190
0.06,1487204
0.06,1491701
0.06,1503262
0.06,1513289
0.06,1508170
0.06,1516814
0.06,1511946
0.06,1545413
0.06,1555400
0.06,1565862
0.06,1562300
0.06,1571744
0.06,1553717
0.06,1542095
0.06,1530759
0.06,1529721
0.06,1489547
0.06,1469983
0.06,1455194
0.06,1477855
0.06,1471444
0.06,1487644
0.06,1487661
0.06,1496242
0.06,1519157
0.06,1511626
0.06,1515520
0.06,1512847
0.06,1563314
0.06,1575993
0.06,1513225
0.06,1503560
0.06,1490202
0.06,1484371
0.07,1479874
0.07,1477481
0.07,1481864
0.07,1487925
0.07,1459262
0.07,1450999
0.07,1442527
0.07,1420221
0.07,1419542
0.07,1428749
0.07,1438718
0.07,1447853
0.07,1448997
0.07,1424136
0.07,1412935
0.07,1397380
0.07,1389588
0.07,1389272
0.07,1387924
0.07,1378252
0.07,1375820
0.07,1375468
0.07,1394989
0.07,1406609
0.07,1407622
0.07,1399582
0.07,1403849
0.07,1425583
0.07,1434586
0.07,1360733
0.07,1356694
0.07,1365750
0.07,1379545
0.07,1403470
0.07,1422719
0.07,1423585
0.07,1429317
0.07,1422055
0.07,1422347
0.07,1429800
0.07,1429311
0.07,1430977
0.07,1436543
0.07,1447240
0.07,1479187
0.07,1491781
0.07,1489765
0.07,1487617
0.07,1483209
0.07,1481460
0.07,1476663
0.07,1461967
0.07,1461411
0.07,1411889
0.07,1403738
0.07,1378726
0.07,1390475
0.07,1381193
0.07,1392510
0.07,1394275
0.07,1411177
0.07,1443267
0.07,1451264
0.07,1446342
0.07,1441697
0.07,1483535
0.07,1484833
0.07,1428538
0.07,1425135
0.07,1414282
0.07,1383871
0.07,1372725
0.07,1364338
0.07,1342270
0.07,1333476
0.07,1320403
0.07,1306677
0.07,1291055
0.07,1303358
0.07,1311716
0.07,1300321
0.07,1301971
0.07,1297453
0.07,1309375
0.07,1310426
0.07,1323451
0.07,1329989
0.07,1333902
0.07,1332892
0.07,1336923
0.08,1350385
0.08,1366931
0.08,1389677
0.08,1389577
0.08,1382657
0.08,1387354
0.08,1391093
0.08,1386705
0.08,1389511
0.08,1371817
0.08,1364869
0.08,1382541
0.08,1396834
0.08,1413387
0.08,1411325
0.08,1414027
0.08,1415692
0.08,1428166
0.08,1421398
0.08,1424268
0.08,1409252
0.08,1357836
0.08,1342032
0.08,1314411
0.08,1331934
0.08,1317680
0.08,1326292
0.08,1329548
0.08,1339725
0.08,1361583
0.08,1378529
0.08,1380364
0.08,1372896
0.08,1417679
0.08,1422647
0.08,1369165
0.08,1366592
0.08,1354198
0.08,1359356
0.08,1350613
0.08,1341875
0.08,1345970
0.08,1346570
0.08,1316509
0.08,1307694
0.08,1301827
0.08,1286278
0.08,1289639
0.08,1291626
0.08,1297687
0.08,1284378
0.08,1283142
0.08,1285066
0.08,1268723
0.08,1274164
0.08,1269244
0.08,1278066
0.08,1283695
0.08,1281817
0.08,1284419
0.08,1284107
0.08,1280037
0.08,1283175
0.08,1280622
0.08,1261355
0.08,1276614
0.08,1255372
0.08,1255036
0.08,1242326
0.08,1235155
0.08,1235720
0.08,1245338
0.08,1252770
0.08,1256146
0.08,1277708
0.08,1275099
0.08,1265304
0.08,1291629
0.08,1275538
0.08,1274948
0.08,1290068
0.08,1309535
0.08,1369645
0.08,1369833
0.08,1330207
0.08,1330209
0.08,1333909
0.08,1328075
0.08,1299858
0.08,1302281
0.09,1292983
0.09,1275814
0.09,1272967
0.09,1276347
0.09,1315602
0.09,1329988
0.09,1382862
0.09,1400225
0.09,1403807
0.09,1404390
0.09,1413093
0.09,1413753
0.09,1417966
0.09,1418214
0.09,1409829
0.09,1383311
0.09,1379869
0.09,1371501
0.09,1368011
0.09,1367328
0.09,1363049
0.09,1429330
0.09,1399745
0.09,1365404
0.09,1339694
0.09,1310046
0.09,1290708
0.09,1274707
0.09,1268788
0.09,1272703
0.09,1271628
0.09,1255544
0.09,1253721
0.09,1252926
0.09,1255339
0.09,1255500
0.09,1242527
0.09,1237856
0.09,1237255
0.09,1236538
0.09,1230388
0.09,1222390
0.09,1218458
0.09,1226557
0.09,1235398
0.09,1231707
0.09,1233456
0.09,1235892
0.09,1236293
0.09,1235692
0.09,1244389
0.09,1244249
0.09,1246635
0.09,1244599
0.09,1248895
0.09,1244176
0.09,1250741
0.09,1228409
0.09,1235037
0.09,1239874
0.09,1241480
0.09,1239452
0.09,1242776
0.09,1237362
0.09,1245462
0.09,1279712
0.09,1315806
0.09,1343078
0.09,1263164
0.09,1260767
0.09,1252900
0.09,1256107
0.09,1264012
0.09,1263847
0.09,1266957
0.09,1264222
0.09,1259313
0.09,1259810
0.09,1256875
0.09,1250123
0.09,1257929
0.09,1251521
0.09,1239046
0.09,1236986
0.09,1234425
0.09,1231080
0.09,1239104
0.09,1238259
0.10,1241565
0.10,1239354
0.10,1242104
0.10,1271638
0.10,1273373
0.10,1273749
0.10,1270099
0.10,1254571
0.10,1250097
0.10,1234306
0.10,1223635
0.10,1230058
0.10,1228734
0.10,1237603
0.10,1224077
0.10,1228352
0.10,1212616
0.10,1202971
0.10,1215930
0.10,1218209
0.10,1222172
0.10,1226478
0.10,1236374
0.10,1240841
0.10,1244912
0.10,1239245
0.10,1240131
0.10,1240250
0.10,1247857
0.10,1223591
0.10,1212165
0.10,1212790
0.10,1222581
0.10,1228557
0.10,1233016
0.10,1237131
0.10,1236425
0.10,1224606
0.10,1234474
0.10,1239071
0.10,1231970
0.10,1236141
0.10,1240219
0.10,1239974
0.10,1241429
0.10,1236777
0.10,1223186
0.10,1221692
0.10,1245847
0.10,1262451
0.10,1191321
0.10,1177114
0.10,1165890
0.10,1156295
0.10,1151583
0.10,1147955
0.10,1137706
0.10,1127732
0.10,1127121
0.10,1121474
0.10,1111750
0.10,1116843
0.10,1117202
0.10,1110145
0.10,1117635
0.10,1116428
0.10,1111060
0.10,1102869
0.10,1092761
0.10,1093290
0.10,1091906
0.10,1085766
0.10,1093058
0.10,1084741
0.10,1085520
0.10,1077779
0.10,1071721
0.10,1071936
0.10,1062827
0.10,1057805
0.10,1056683
0.10,1049093
0.10,1047145
0.10,1050239
0.10,1076637
0.10,1083590
0.10,1090023
0.10,1086218
0.10,1084690
0.11,1088812
0.11,1089640
0.11,1088247
0.11,1097052
0.11,1100706
0.11,1101025
0.11,1086732
0.11,1080488
0.11,1077596
0.11,1085292
0.11,1112558
0.11,1129660
0.11,1055996
0.11,1056549
0.11,1051508
0.11,1050255
0.11,1041372
0.11,1047550
0.11,1048150
0.11,1053522
0.11,1033826
0.11,1047481
0.11,1046762
0.11,1059710
0.11,1054736
0.11,1062613
0.11,1072782
0.11,1077168
0.11,1076654
0.11,1073903
0.11,1070131
0.11,1065668
0.11,1068525
0.11,1070989
0.11,1074162
0.11,1070935
0.11,1072620
0.11,1063518
0.11,1054150
0.11,1057797
0.11,1074892
0.11,1097578
0.11,1029571
0.11,1031470
0.11,1026969
0.11,1021990
0.11,1020236
0.11,1013224
0.11,1013816
0.11,1011766
0.11,1012622
0.11,1006746
0.11,1013081
0.11,1013843
0.11,998979
0.11,996114
0.11,994602
0.11,994275
0.11,988469
0.11,972059
0.11,976255
0.11,974276
0.11,964758
0.11,964865
0.11,973320
0.11,970946
0.11,971956
0.11,971401
0.11,971322
0.11,961326
0.11,957356
0.11,966083
0.11,978096
0.11,984133
0.11,985661
0.11,978840
0.11,982400
0.11,979542
0.11,978375
0.11,981784
0.11,991785
0.11,998007
0.11,1005908
0.11,1006063
0.11,1002785
0.11,997435
0.11,994697
0.11,994681
0.11,994649
0.12,997691
0.12,996808
0.12,996095
0.12,994216
0.12,992833
0.12,1010796
0.12,1015064
0.12,1012558
0.12,1007213
0.12,1005359
0.12,1008209
0.12,1005303
0.12,995662
0.12,991992
0.12,991499
0.12,994508
0.12,996647
0.12,998196
0.12,1004684
0.12,1003735
0.12,1004102
0.12,1075709
0.12,1050187
0.12,1017967
0.12,995901
0.12,986651
0.12,986247
0.12,979440
0.12,975609
0.12,981297
0.12,977914
0.12,972193
0.12,971416
0.12,985848
0.12,983438
0.12,980213
0.12,981457
0.12,979183
0.12,974105
0.12,984914
0.12,980972
0.12,972818
0.12,973480
0.12,965581
0.12,959470
0.12,969903
0.12,973241
0.12,980627
0.12,971608
0.12,974200
0.12,974874
0.12,967178
0.12,966891
0.12,971454
0.12,961616
0.12,949109
0.12,942681
0.12,940405
0.12,942066
0.12,934362
0.12,938648
0.12,934853
0.12,931221
0.12,925744
0.12,920368
0.12,915458
0.12,910055
0.12,910577
0.12,911972
0.12,916384
0.12,935158
0.12,943774
0.12,943827
0.12,973635
0.12,967879
0.12,969854
0.12,984476
0.12,979558
0.12,976366
0.12,992203
0.12,1018830
0.12,1009902
0.12,1046451
0.12,1048051
0.12,1013572
0.12,1004594
0.12,994566
0.12,979190
0.12,976725
0.13,958728
0.13,951930
0.13,961408
0.13,941719
0.13,969282
0.13,984003
0.13,1033963
0.13,1044892
0.13,1043481
0.13,1048572
0.13,1058419
0.13,1052332
0.13,1045522
0.13,1039000
0.13,1028496
0.13,1003731
0.13,1006135
0.13,1002364
0.13,1001595
0.13,991637
0.13,990082
0.13,986465
0.13,989179
0.13,991068
0.13,986939
0.13,968335
0.13,952225
0.13,943143
0.13,935669
0.13,941892
0.13,935314
0.13,920585
0.13,916470
0.13,911285
0.13,913405
0.13,913150
0.13,919111
0.13,930839
0.13,926226
0.13,928298
0.13,939598
0.13,937773
0.13,939017
0.13,928318
0.13,930221
0.13,933090
0.13,933059
0.13,925872
0.13,930186
0.13,933147
0.13,938840
0.13,940764
0.13,953203
0.13,952497
0.13,948383
0.13,943982
0.13,957227
0.13,953323
0.13,957416
0.13,956826
0.13,951710
0.13,947018
0.13,955331
0.13,947028
0.13,953148
0.13,974646
0.13,997468
0.13,919467
0.13,919695
0.13,921787
0.13,900568
0.13,897958
0.13,896856
0.13,896573
0.13,896158
0.13,890727
0.13,888163
0.13,883428
0.13,875565
0.13,871142
0.13,866733
0.13,872100
0.13,875672
0.13,874823
0.13,869240
0.13,868092
0.13,871523
0.13,871975
0.13,871656
0.14,869192
0.14,876373
0.14,876620
0.14,876197
0.14,874348
0.14,891977
0.14,901554
0.14,906747
0.14,932253
0.14,934806
0.14,932744
0.14,949288
0.14,945625
0.14,943639
0.14,956954
0.14,974706
0.14,973879
0.14,1010961
0.14,1012667
0.14,982614
0.14,971226
0.14,965151
0.14,943528
0.14,944067
0.14,936603
0.14,935078
0.14,946598
0.14,912685
0.14,950637
0.14,964257
0.14,1012646
0.14,1029446
0.14,1023891
0.14,1032066
0.14,1044517
0.14,1039545
0.14,1028603
0.14,1023345
0.14,1007478
0.14,983722
0.14,983175
0.14,981848
0.14,980175
0.14,971292
0.14,966076
0.14,961421
0.14,960445
0.14,965568
0.14,962815
0.14,954454
0.14,930469
0.14,932950
0.14,931949
0.14,951787
0.14,982050
0.14,1001232
0.14,926626
0.14,922826
0.14,911853
0.14,910154
0.14,911875
0.14,908309
0.14,906510
0.14,898254
0.14,905535
0.14,906865
0.14,906403
0.14,905400
0.14,904243
0.14,905712
0.14,909257
0.14,907649
0.14,896297
0.14,901316
0.14,903658
0.14,898439
0.14,894624
0.14,890983
0.14,891026
0.14,885899
0.14,875274
0.14,871028
0.14,874813
0.14,880143
0.14,870524
0.14,871296
0.14,865717
0.14,863392
0.14,863692
0.14,863952
0.14,875210
0.15,874733
0.15,872458
0.15,881514
0.15,896938
0.15,926754
0.15,940701
0.15,940912
0.15,936777
0.15,937934
0.15,946768
0.15,948954
0.15,956668
0.15,955351
0.15,958098
0.15,954874
0.15,984453
0.15,996760
0.15,1001771
0.15,1009575
0.15,1025898
0.15,1018289
0.15,1012000
0.15,1028440
0.15,1017619
0.15,958444
0.15,960969
0.15,896274
0.15,884814
0.15,882444
0.15,895504
0.15,896536
0.15,911017
0.15,906854
0.15,858595
0.15,856285
0.15,852216
0.15,849619
0.15,854738
0.15,853483
0.15,850481
0.15,861239
0.15,861503
0.15,864095
0.15,867656
0.15,859722
0.15,850816
0.15,849350
0.15,849909
0.15,845974
0.15,848476
0.15,850596
0.15,850341
0.15,856531
0.15,864119
0.15,867062
0.15,864817
0.15,876789
0.15,874964
0.15,876208
0.15,865509
0.15,867412
0.15,870281
0.15,870250
0.15,863063
0.15,867377
0.15,870338
0.15,876031
0.15,877955
0.15,890394
0.15,892607
0.15,884598
0.15,881553
0.15,891158
0.15,890514
0.15,894607
0.15,894017
0.15,888901
0.15,884209
0.15,892522
0.15,884219
0.15,888110
0.15,911484
0.15,931190
0.15,855631
0.15,856886
0.15,858978
0.15,846475
0.15,844577
0.16,847499
0.16,850598
0.16,851154
0.16,844739
0.16,845903
0.16,840559
0.16,838690
0.16,839629
0.16,836285
0.16,839231
0.16,841039
0.16,838385
0.16,837827
0.16,838989
0.16,839284
0.16,839956
0.16,842439
0.16,838999
0.16,845997
0.16,848199
0.16,849706
0.16,855957
0.16,859292
0.16,863937
0.16,860977
0.16,861573
0.16,871007
0.16,867530
0.16,868383
0.16,862599
0.16,864983
0.16,867041
0.16,867607
0.16,860991
0.16,865256
0.16,865658
0.16,870711
0.16,874453
0.16,871234
0.16,873034
0.16,868410
0.16,863678
0.16,868514
0.16,859518
0.16,861158
0.16,855518
0.16,853982
0.16,854744
0.16,861099
0.16,869910
0.16,890306
0.16,925672
0.16,952690
0.16,890641
0.16,890281
0.16,889057
0.16,883420
0.16,884831
0.16,887485
0.16,885393
0.16,869398
0.16,862178
0.16,857878
0.16,856948
0.16,853330
0.16,854637
0.16,853223
0.16,847817
0.16,845731
0.16,830482
0.16,830286
0.16,830070
0.16,830439
0.16,825955
0.16,824007
0.16,825663
0.16,834078
0.16,831801
0.16,830037
0.16,840666
0.16,850611
0.16,889018
0.16,903295
0.16,906720
0.16,909587
0.16,923376
0.16,930946
0.16,929108
0.17,954145
0.17,957583
0.17,958334
0.17,974808
0.17,993462
0.17,994583
0.17,1008742
0.17,1033313
0.17,1016938
0.17,1031677
0.17,1033217
0.17,1009899
0.17,997424
0.17,928821
0.17,889076
0.17,833268
0.17,826097
0.17,820620
0.17,817241
0.17,813869
0.17,815939
0.17,813679
0.17,811144
0.17,811871
0.17,816046
0.17,816107
0.17,815850
0.17,816990
0.17,824585
0.17,822868
0.17,824025
0.17,822575
0.17,840120
0.17,844387
0.17,838721
0.17,857709
0.17,879435
0.17,919972
0.17,947105
0.17,942340
0.17,931456
0.17,943788
0.17,970018
0.17,957099
0.17,992708
0.17,992006
0.17,965351
0.17,963936
0.17,978491
0.17,964976
0.17,968411
0.17,968662
0.17,963812
0.17,953739
0.17,895356
0.17,881936
0.17,808354
0.17,814293
0.17,818370
0.17,818172
0.17,827449
0.17,839027
0.17,872585
0.17,886568
0.17,888705
0.17,887194
0.17,886549
0.17,889853
0.17,891343
0.17,903273
0.17,904350
0.17,907145
0.17,906960
0.17,932448
0.17,947856
0.17,950461
0.17,947601
0.17,951913
0.17,943660
0.17,928470
0.17,932341
0.17,941101
0.17,906678
0.17,906576
0.17,877327
0.17,887407
0.17,874630
0.17,881998
0.18,901526
0.18,899740
0.18,927596
0.18,937257
0.18,951097
0.18,991332
0.18,987818
0.18,943324
0.18,944635
0.18,923561
0.18,908109
0.18,908108
0.18,918251
0.18,910022
0.18,913688
0.18,905177
0.18,882514
0.18,881950
0.18,884829
0.18,905266
0.18,943777
0.18,878322
0.18,876334
0.18,870314
0.18,871370
0.18,871727
0.18,872270
0.18,868530
0.18,862608
0.18,863820
0.18,864172
0.18,863472
0.18,860469
0.18,858382
0.18,858669
0.18,858561
0.18,856428
0.18,843981
0.18,840818
0.18,837808
0.18,844071
0.18,838874
0.18,828904
0.18,830347
0.18,833490
0.18,839953
0.18,843297
0.18,847128
0.18,849643
0.18,846179
0.18,844422
0.18,848131
0.18,847177
0.18,844396
0.18,847195
0.18,840108
0.18,832338
0.18,834077
0.18,830009
0.18,822550
0.18,814705
0.18,808572
0.18,807888
0.18,808383
0.18,804617
0.18,804938
0.18,807148
0.18,812769
0.18,816328
0.18,817780
0.18,813465
0.18,811430
0.18,804383
0.18,806046
0.18,805352
0.18,801079
0.18,803031
0.18,801968
0.18,805938
0.18,804773
0.18,807541
0.18,807950
0.18,801213
0.18,798110
0.18,795348
0.18,796503
0.18,798467
0.18,792815
0.18,790403
0.19,791398
0.19,793456
0.19,796719
0.19,800048
0.19,795471
0.19,797521
0.19,798370
0.19,798776
0.19,806856
0.19,812643
0.19,817776
0.19,817552
0.19,816428
0.19,818852
0.19,819715
0.19,817182
0.19,811705
0.19,811503
0.19,822243
0.19,816220
0.19,822429
0.19,818752
0.19,817452
0.19,818798
0.19,821820
0.19,821616
0.19,823573
0.19,832978
0.19,832296
0.19,831906
0.19,832558
0.19,839828
0.19,838766
0.19,840539
0.19,838437
0.19,833671
0.19,825956
0.19,834103
0.19,862198
0.19,892221
0.19,814184
0.19,799928
0.19,801506
0.19,801195
0.19,802400
0.19,796063
0.19,797679
0.19,791962
0.19,791631
0.19,789489
0.19,789805
0.19,790464
0.19,792090
0.19,796930
0.19,795586
0.19,794930
0.19,795755
0.19,798168
0.19,800108
0.19,798244
0.19,802473
0.19,803141
0.19,802470
0.19,807591
0.19,812001
0.19,819661
0.19,815489
0.19,812149
0.19,808509
0.19,806396
0.19,798474
0.19,794110
0.19,795265
0.19,805391
0.19,815399
0.19,824405
0.19,820297
0.19,824203
0.19,832226
0.19,833011
0.19,832584
0.19,834975
0.19,837664
0.19,834585
0.19,836033
0.19,835020
0.19,840228
0.19,833892
0.19,838240
0.19,840460
0.20,830919
0.20,821946
0.20,817598
0.20,839145
0.20,861193
0.20,796978
0.20,792867
0.20,791734
0.20,792741
0.20,788500
0.20,787567
0.20,786511
0.20,795316
0.20,790465
0.20,788195
0.20,786248
0.20,785220
0.20,782115
0.20,781540
0.20,779320
0.20,777061
0.20,778821
0.20,784978
0.20,792864
0.20,798065
0.20,797935
0.20,785329
0.20,781333
0.20,774959
0.20,771113
0.20,770582
0.20,767905
0.20,765883
0.20,763900
0.20,762036
0.20,761381
0.20,759611
0.20,757655
0.20,757056
0.20,755354
0.20,758328
0.20,757329
0.20,759129
0.20,757829
0.20,756217
0.20,755826
0.20,755162
0.20,754567
0.20,755021
0.20,752670
0.20,750698
0.20,749018
0.20,753193
0.20,755693
0.20,755510
0.20,748467
0.20,747097
0.20,745443
0.20,743859
0.20,746646
0.20,746181
0.20,744759
0.20,751173
0.20,760690
0.20,760254
0.20,758107
0.20,749170
0.20,742379
0.20,740252
0.20,739716
0.20,740571
0.20,740760
0.20,737621
0.20,738541
0.20,739023
0.20,742388
0.20,746225
0.20,746984
0.20,746712
0.20,743612
0.20,736091
0.20,737479
0.20,739192
0.20,736813
0.20,737558
0.20,745882
0.20,748114
0.20,750829
0.21,749935
0.21,747486
0.21,746124
0.21,745902
0.21,740766
0.21,739601
0.21,736942
0.21,734629
0.21,734758
0.21,744031
0.21,745123
0.21,749621
0.21,746715
0.21,744517
0.21,742772
0.21,740163
0.21,738173
0.21,736958
0.21,734808
0.21,734912
0.21,734713
0.21,732584
0.21,733350
0.21,733226
0.21,738698
0.21,739938
0.21,742754
0.21,743435
0.21,747508
0.21,744847
0.21,744275
0.21,744030
0.21,742109
0.21,738659
0.21,740117
0.21,741804
0.21,740159
0.21,745231
0.21,746015
0.21,744363
0.21,751966
0.21,755865
0.21,760998
0.21,764272
0.21,766606
0.21,764166
0.21,760348
0.21,760627
0.21,761181
0.21,761280
0.21,755463
0.21,755753
0.21,764028
0.21,761538
0.21,764794
0.21,762941
0.21,761113
0.21,767766
0.21,767509
0.21,764442
0.21,762460
0.21,767185
0.21,770767
0.21,769709
0.21,779517
0.21,781712
0.21,779796
0.21,781636
0.21,773333
0.21,778248
0.21,804010
0.21,823773
0.21,752524
0.21,752634
0.21,750492
0.21,750497
0.21,745839
0.21,742063
0.21,741530
0.21,744632
0.21,747487
0.21,741575
0.21,734825
0.21,733604
0.21,732815
0.21,731231
0.21,729909
0.21,730241
0.21,730297
0.22,728608
0.22,727902
0.22,725650
0.22,739812
0.22,725081
0.22,740059
0.22,727433
0.22,718829
0.22,717643
0.22,716473
0.22,715310
0.22,714166
0.22,713611
0.22,712657
0.22,711711
0.22,711220
0.22,711443
0.22,712365
0.22,712517
0.22,711360
0.22,710307
0.22,709475
0.22,708644
0.22,707817
0.22,706798
0.22,706893
0.22,708046
0.22,711825
0.22,715339
0.22,716504
0.22,715866
0.22,715334
0.22,712008
0.22,712798
0.22,714314
0.22,710887
0.22,709468
0.22,712768
0.22,715386
0.22,721197
0.22,725545
0.22,731658
0.22,734989
0.22,739180
0.22,737765
0.22,735338
0.22,738492
0.22,737596
0.22,736811
0.22,738249
0.22,740381
0.22,742708
0.22,742064
0.22,747009
0.22,742124
0.22,741304
0.22,745926
0.22,746357
0.22,745016
0.22,742108
0.22,741316
0.22,741628
0.22,742869
0.22,745641
0.22,747739
0.22,748207
0.22,744701
0.22,739274
0.22,750116
0.22,779853
0.22,801280
0.22,737170
0.22,734079
0.22,733186
0.22,738203
0.22,729493
0.22,723674
0.22,723341
0.22,724960
0.22,724477
0.22,721192
0.22,722169
0.22,722140
0.22,719245
0.22,717423
0.22,717007
0.22,717216
0.22,708316
0.22,706010
0.23,705234
0.23,707876
0.23,704663
0.23,707864
0.23,703518
0.23,702752
0.23,701892
0.23,701135
0.23,700386
0.23,699644
0.23,698918
0.23,698004
0.23,697365
0.23,700951
0.23,704630
0.23,705923
0.23,705249
0.23,707373
0.23,704657
0.23,707562
0.23,708560
0.23,715491
0.23,714452
0.23,717662
0.23,716512
0.23,714598
0.23,719667
0.23,719591
0.23,722003
0.23,725871
0.23,730831
0.23,735937
0.23,734622
0.23,740190
0.23,734865
0.23,733879
0.23,738092
0.23,735774
0.23,736099
0.23,736071
0.23,735709
0.23,737166
0.23,738170
0.23,740619
0.23,741963
0.23,739039
0.23,736725
0.23,738421
0.23,755994
0.23,786572
0.23,809426
0.23,741942
0.23,741322
0.23,733258
0.23,729078
0.23,725214
0.23,717492
0.23,719509
0.23,720543
0.23,723383
0.23,726019
0.23,721126
0.23,718012
0.23,716466
0.23,713210
0.23,711302
0.23,709629
0.23,701907
0.23,701001
0.23,698471
0.23,697813
0.23,698546
0.23,701206
0.23,704446
0.23,705048
0.23,706435
0.23,709573
0.23,709737
0.23,710908
0.23,713964
0.23,714813
0.23,715419
0.23,713863
0.23,712004
0.23,716280
0.23,716711
0.23,720607
0.23,724601
0.23,728090
0.23,734264
0.23,734124
0.24,738565
0.24,736260
0.24,734282
0.24,737225
0.24,736066
0.24,734998
0.24,735784
0.24,736969
0.24,736743
0.24,736515
0.24,741493
0.24,741271
0.24,741352
0.24,738385
0.24,739412
0.24,755512
0.24,789096
0.24,810713
0.24,742880
0.24,742687
0.24,739434
0.24,732622
0.24,726355
0.24,720846
0.24,717045
0.24,722556
0.24,722164
0.24,720096
0.24,727279
0.24,720528
0.24,717127
0.24,714468
0.24,712797
0.24,710553
0.24,700801
0.24,701337
0.24,699595
0.24,696095
0.24,694842
0.24,694232
0.24,693679
0.24,694891
0.24,693132
0.24,692606
0.24,692105
0.24,691684
0.24,691223
0.24,690466
0.24,690119
0.24,692382
0.24,692827
0.24,691813
0.24,690923
0.24,692049
0.24,692576
0.24,692042
0.24,690570
0.24,689428
0.24,688536
0.24,688243
0.24,687964
0.24,687688
0.24,687428
0.24,687236
0.24,687054
0.24,686892
0.24,689051
0.24,688579
0.24,686990
0.24,687461
0.24,688300
0.24,686917
0.24,686641
0.24,686381
0.24,686245
0.24,687060
0.24,687919
0.24,685801
0.24,685626
0.24,685471
0.24,689968
0.24,692221
0.24,693938
0.24,696210
0.24,705476
0.24,717322
0.24,748664
0.24,760278
0.25,762459
0.25,764786
0.25,766920
0.25,770869
0.25,773348
0.25,779551
0.25,780388
0.25,781854
0.25,784903
0.25,818150
0.25,819737
0.25,822623
0.25,823668
0.25,833694
0.25,829641
0.25,825718
0.25,810409
0.25,806738
0.25,752467
0.25,749114
0.25,722729
0.25,750951
0.25,755033
0.25,764889
0.25,756521
0.25,763146
0.25,783803
0.25,786570
0.25,795512
0.25,843728
0.25,845506
0.25,809915
0.25,806975
0.25,813145
0.25,791403
0.25,792046
0.25,788763
0.25,782983
0.25,768564
0.25,763044
0.25,741076
0.25,738879
0.25,731569
0.25,726887
0.25,738816
0.25,738451
0.25,743012
0.25,733662
0.25,730380
0.25,733498
0.25,730153
0.25,728812
0.25,725714
0.25,724974
0.25,726397
0.25,725902
0.25,727877
0.25,729062
0.25,728985
0.25,728895
0.25,734155
0.25,752941
0.25,787354
0.25,815074
0.25,751698
0.25,753322
0.25,751756
0.25,749510
0.25,744648
0.25,742704
0.25,743281
0.25,740645
0.25,736552
0.25,732671
0.25,732157
0.25,730977
0.25,729587
0.25,727935
0.25,728114
0.25,726336
0.25,720133
0.25,722581
0.25,723596
0.25,725596
0.25,726085
0.25,729810
0.25,730246
0.25,727601
0.25,722611
0.25,721808
0.26,723024
0.26,722146
0.26,720238
0.26,718642
0.26,713754
0.26,709714
0.26,707619
0.26,712612
0.26,706700
0.26,703554
0.26,706161
0.26,702484
0.26,693216
0.26,691138
0.26,687299
0.26,685333
0.26,685216
0.26,685732
0.26,687270
0.26,685828
0.26,686764
0.26,685920
0.26,684471
0.26,683783
0.26,684703
0.26,686030
0.26,686477
0.26,689394
0.26,692889
0.26,694648
0.26,694722
0.26,694160
0.26,693115
0.26,691242
0.26,689551
0.26,685718
0.26,690138
0.26,693808
0.26,696442
0.26,705089
0.26,707725
0.26,710920
0.26,711190
0.26,708099
0.26,715178
0.26,714343
0.26,713720
0.26,716038
0.26,717923
0.26,720867
0.26,719546
0.26,723398
0.26,720569
0.26,720553
0.26,723079
0.26,721351
0.26,722229
0.26,720962
0.26,722512
0.26,721563
0.26,719789
0.26,721390
0.26,723828
0.26,722625
0.26,722410
0.26,723620
0.26,736424
0.26,761838
0.26,781875
0.26,714090
0.26,712003
0.26,712094
0.26,708972
0.26,707497
0.26,713595
0.26,708455
0.26,704097
0.26,701361
0.26,702016
0.26,700071
0.26,697727
0.26,695628
0.26,696434
0.26,694248
0.26,691414
0.26,686174
0.26,683771
0.26,682817
0.26,685587
0.26,689826
0.27,691271
0.27,692985
0.27,693303
0.27,692837
0.27,693233
0.27,691328
0.27,690647
0.27,693397
0.27,694242
0.27,692011
0.27,691115
0.27,691323
0.27,693159
0.27,700566
0.27,704784
0.27,711278
0.27,714862
0.27,716913
0.27,714222
0.27,711075
0.27,713444
0.27,709961
0.27,709709
0.27,712743
0.27,715071
0.27,717570
0.27,716383
0.27,722539
0.27,717592
0.27,718651
0.27,720126
0.27,716358
0.27,714667
0.27,716401
0.27,716847
0.27,720583
0.27,722132
0.27,722893
0.27,719375
0.27,719563
0.27,716716
0.27,712884
0.27,729765
0.27,757465
0.27,780336
0.27,717044
0.27,709100
0.27,705391
0.27,704721
0.27,700696
0.27,699686
0.27,700801
0.27,698357
0.27,696311
0.27,696839
0.27,695755
0.27,694854
0.27,694058
0.27,694726
0.27,692226
0.27,681891
0.27,682522
0.27,681282
0.27,680969
0.27,680933
0.27,680904
0.27,680886
