0.00,6926198
0.00,6756648
0.00,6624743
0.00,6582535
0.00,6551379
0.00,6410944
0.00,6272765
0.00,6262620
0.00,6131805
0.00,6131161
0.00,6153872
0.01,5979894
0.01,5886681
0.01,5768339
0.01,5622973
0.01,5521043
0.01,5399158
0.01,5373550
0.01,5302686
0.01,5224187
0.01,5118157
0.01,5156921
0.01,5135405
0.01,5075617
0.01,5067474
0.01,5075242
0.01,5065126
0.01,5061088
0.01,4953061
0.01,4977761
0.01,4967187
0.01,4965791
0.01,4965452
0.01,4963007
0.01,4878007
0.01,4900849
0.01,4922041
0.01,4885513
0.01,4887416
0.01,4765606
0.01,4659347
0.01,4586514
0.01,4579284
0.01,4574053
0.01,4460110
0.01,4467499
0.01,4473188
0.01,4494254
0.01,4499293
0.01,4365953
0.01,4307277
0.02,4243698
0.02,4206838
0.02,4122087
0.02,4030679
0.02,3947448
0.02,3882066
0.02,3802641
0.02,3755440
0.02,3688848
0.02,3621219
0.02,3614910
0.02,3568397
0.02,3546738
0.02,3503167
0.02,3501785
0.02,3516481
0.02,3523215
0.02,3574965
0.02,3624998
0.02,3631922
0.02,3617220
0.02,3623205
0.02,3611783
0.02,3593452
0.02,3639461
0.02,3615499
0.02,3640273
0.02,3612896
0.02,3548774
0.02,3539855
0.02,3512847
0.02,3534527
0.02,3501649
0.02,3457062
0.02,3449717
0.02,3373114
0.02,3357053
0.02,3357974
0.02,3419984
0.02,3294745
0.02,3309878
0.02,3286060
0.02,3266632
0.02,3263754
0.02,3216521
0.02,3200978
0.02,3135858
0.02,3128723
0.02,3102746
0.02,3083281
0.02,3077424
0.02,3062884
0.02,3023431
0.02,3055522
0.02,3051060
0.02,3034682
0.02,3054810
0.02,3064682
0.03,3061753
0.03,3100848
0.03,3093623
0.03,3115133
0.03,3047749
0.03,3045397
0.03,3103307
0.03,3106768
0.03,3107423
0.03,3104956
0.03,3139828
0.03,3139836
0.03,3137759
0.03,3121402
0.03,3112340
0.03,3070038
0.03,3031479
0.03,2976365
0.03,2922473
0.03,2911591
0.03,2891704
0.03,2847794
0.03,2847121
0.03,2791559
0.03,2847194
0.03,2877139
0.03,2800286
0.03,2748972
0.03,2739378
0.03,2732775
0.03,2743178
0.03,2686564
0.03,2688640
0.03,2624469
0.03,2628339
0.03,2623203
0.03,2582677
0.03,2578340
0.03,2588861
0.03,2573594
0.03,2534156
0.03,2544375
0.03,2491135
0.03,2511872
0.03,2518279
0.03,2524617
0.03,2544969
0.03,2563105
0.03,2546815
0.03,2552281
0.03,2564857
0.03,2593397
0.03,2612303
0.03,2545857
0.03,2546762
0.03,2527682
0.03,2523609
0.03,2501913
0.03,2460612
0.03,2457249
0.03,2453784
0.03,2424963
0.03,2396964
0.03,2357779
0.03,2337169
0.03,2309120
0.03,2257213
0.03,2252066
0.03,2273097
0.03,2259326
0.03,2253946
0.03,2246847
0.03,2238686
0.03,2242381
0.03,2239967
0.03,2244352
0.03,2246743
0.03,2236102
0.03,2214357
0.03,2237071
0.03,2233120
0.03,2216692
0.03,2203514
0.03,2188891
0.03,2191625
0.03,2195907
0.03,2191239
0.03,2178679
0.03,2152064
0.03,2119657
0.03,2091725
0.04,2063466
0.04,2049034
0.04,2046266
0.04,2048474
0.04,2015422
0.04,2014436
0.04,2015233
0.04,2021169
0.04,2013608
0.04,2001093
0.04,2000767
0.04,2007624
0.04,2013777
0.04,2011679
0.04,1996779
0.04,2005600
0.04,2033358
0.04,2093625
0.04,2069467
0.04,2011808
0.04,1957557
0.04,1949335
0.04,1916424
0.04,1885065
0.04,1858755
0.04,1882763
0.04,1895790
0.04,1910348
0.04,1928621
0.04,1941922
0.04,2017658
0.04,1985017
0.04,1947437
0.04,1964477
0.04,1957147
0.04,1935955
0.04,1917516
0.04,1902327
0.04,1901528
0.04,1893912
0.04,1857702
0.04,1857969
0.04,1866176
0.04,1856194
0.04,1854381
0.04,1878307
0.04,1879429
0.04,1870930
0.04,1864493
0.04,1848209
0.04,1858046
0.04,1835807
0.04,1808927
0.04,1820700
0.04,1820225
0.04,1837428
0.04,1811187
0.04,1793624
0.04,1809420
0.04,1811913
0.04,1809368
0.04,1807656
0.04,1825610
0.04,1823142
0.04,1798565
0.04,1783496
0.04,1790474
0.04,1805943
0.04,1802256
0.04,1783639
0.04,1794111
0.04,1794749
0.04,1763102
0.04,1758998
0.04,1770696
0.04,1756190
0.04,1756634
0.04,1763258
0.04,1762428
0.04,1772499
0.04,1771165
0.04,1772529
0.04,1774037
0.04,1774212
0.04,1778627
0.04,1785832
0.04,1768808
0.04,1730966
0.04,1713421
0.04,1708433
0.04,1708391
0.05,1720404
0.05,1747994
0.05,1811278
0.05,1787938
0.05,1725171
0.05,1703004
0.05,1697313
0.05,1707683
0.05,1728358
0.05,1727827
0.05,1720587
0.05,1701347
0.05,1701269
0.05,1694024
0.05,1694930
0.05,1699267
0.05,1712594
0.05,1698758
0.05,1676454
0.05,1670379
0.05,1683951
0.05,1700222
0.05,1706576
0.05,1699681
0.05,1694712
0.05,1697071
0.05,1699883
0.05,1697314
0.05,1660647
0.05,1666188
0.05,1654850
0.05,1655173
0.05,1652198
0.05,1651564
0.05,1624068
0.05,1604579
0.05,1585495
0.05,1573835
0.05,1573838
0.05,1573730
0.05,1563815
0.05,1564438
0.05,1565361
0.05,1571490
0.05,1562216
0.05,1555645
0.05,1569504
0.05,1563566
0.05,1559643
0.05,1550189
0.05,1532865
0.05,1511858
0.05,1511521
0.05,1510580
0.05,1493524
0.05,1493205
0.05,1486935
0.05,1485558
0.05,1464597
0.05,1464827
0.05,1459693
0.05,1460100
0.05,1462526
0.05,1461726
0.05,1458047
0.05,1443295
0.05,1441361
0.05,1436240
0.05,1423289
0.05,1420930
0.05,1418551
0.05,1400450
0.05,1394479
0.05,1391627
0.05,1380227
0.05,1373744
0.05,1364441
0.05,1365339
0.05,1365580
0.05,1357152
0.05,1373874
0.05,1373810
0.05,1378063
0.05,1351121
0.05,1363276
0.05,1364660
0.05,1360897
0.05,1345679
0.05,1332104
0.05,1319622
0.05,1307167
0.06,1298990
0.06,1297667
0.06,1287190
0.06,1283982
0.06,1293636
0.06,1296179
0.06,1297382
0.06,1270847
0.06,1259454
0.06,1260994
0.06,1254782
0.06,1236208
0.06,1235699
0.06,1240493
0.06,1250254
0.06,1258180
0.06,1257943
0.06,1252219
0.06,1251659
0.06,1259258
0.06,1252267
0.06,1261786
0.06,1245427
0.06,1255898
0.06,1261306
0.06,1265272
0.06,1267866
0.06,1270341
0.06,1270362
0.06,1287533
0.06,1341835
0.06,1313535
0.06,1255666
0.06,1250341
0.06,1259276
0.06,1272963
0.06,1277539
0.06,1267953
0.06,1258796
0.06,1264565
0.06,1260590
0.06,1267235
0.06,1263954
0.06,1259766
0.06,1260188
0.06,1252078
0.06,1261659
0.06,1251676
0.06,1251807
0.06,1258594
0.06,1263224
0.06,1270470
0.06,1276333
0.06,1284709
0.06,1289782
0.06,1289358
0.06,1289875
0.06,1293444
0.06,1287814
0.06,1271824
0.06,1264663
0.06,1248795
0.06,1246725
0.06,1259363
0.06,1261461
0.06,1260090
0.06,1263561
0.06,1252033
0.06,1251642
0.06,1227080
0.06,1229040
0.06,1224789
0.06,1226809
0.06,1230341
0.06,1222650
0.06,1222111
0.06,1220117
0.06,1211480
0.06,1215195
0.06,1226597
0.06,1235147
0.06,1230114
0.06,1235118
0.06,1229957
0.06,1212248
0.06,1216686
0.06,1220045
0.06,1229644
0.07,1230256
0.07,1229911
0.07,1229115
0.07,1226298
0.07,1222518
0.07,1218077
0.07,1230490
0.07,1224191
0.07,1215189
0.07,1217778
0.07,1217227
0.07,1201384
0.07,1198010
0.07,1207455
0.07,1209431
0.07,1199021
0.07,1189713
0.07,1183183
0.07,1185221
0.07,1187001
0.07,1177971
0.07,1172696
0.07,1162349
0.07,1158509
0.07,1170142
0.07,1226304
0.07,1206178
0.07,1153181
0.07,1184543
0.07,1196586
0.07,1143154
0.07,1133192
0.07,1130962
0.07,1136247
0.07,1154632
0.07,1137749
0.07,1146569
0.07,1147508
0.07,1159690
0.07,1161140
0.07,1164059
0.07,1157617
0.07,1186950
0.07,1218229
0.07,1240687
0.07,1174840
0.07,1175900
0.07,1177956
0.07,1183036
0.07,1185405
0.07,1182621
0.07,1158607
0.07,1156615
0.07,1151420
0.07,1153650
0.07,1150454
0.07,1142895
0.07,1128512
0.07,1128522
0.07,1129790
0.07,1137119
0.07,1137236
0.07,1126823
0.07,1135043
0.07,1138684
0.07,1138614
0.07,1127465
0.07,1128229
0.07,1129849
0.07,1131013
0.07,1128110
0.07,1122655
0.07,1115101
0.07,1115750
0.07,1106718
0.07,1102981
0.07,1105988
0.07,1117579
0.07,1118209
0.07,1110329
0.07,1101253
0.07,1099516
0.07,1095246
0.07,1082645
0.07,1077302
0.07,1077652
0.07,1074090
0.07,1071426
0.07,1076723
0.07,1075815
0.07,1074707
0.08,1066408
0.08,1064997
0.08,1058689
0.08,1044845
0.08,1040695
0.08,1050165
0.08,1055776
0.08,1049884
0.08,1038111
0.08,1032457
0.08,1024667
0.08,1022345
0.08,1021812
0.08,1022872
0.08,1015292
0.08,1012658
0.08,1008607
0.08,1009236
0.08,1002720
0.08,1003626
0.08,998438
0.08,992941
0.08,993940
0.08,986037
0.08,982307
0.08,988223
0.08,990847
0.08,994429
0.08,1001277
0.08,995404
0.08,989989
0.08,990348
0.08,994611
0.08,984973
0.08,985129
0.08,983836
0.08,986837
0.08,981695
0.08,980325
0.08,982836
0.08,975388
0.08,971165
0.08,966821
0.08,964693
0.08,965598
0.08,967456
0.08,960158
0.08,958820
0.08,965993
0.08,965139
0.08,966077
0.08,965835
0.08,961670
0.08,965434
0.08,963695
0.08,963545
0.08,960568
0.08,959219
0.08,954875
0.08,947184
0.08,938053
0.08,941428
0.08,936294
0.08,934139
0.08,931576
0.08,934055
0.08,936311
0.08,931870
0.08,926070
0.08,922830
0.08,924761
0.08,917023
0.08,916496
0.08,911040
0.08,909400
0.08,910635
0.08,912042
0.08,909829
0.08,913221
0.08,914435
0.08,913498
0.08,913321
0.08,912776
0.08,915020
0.08,916206
0.08,913375
0.08,912297
0.08,911469
0.08,916117
0.08,912089
0.08,909655
0.08,904213
0.08,904257
0.09,901897
0.09,900480
0.09,895634
0.09,894362
0.09,900781
0.09,897382
0.09,889523
0.09,888574
0.09,891391
0.09,889101
0.09,891932
0.09,889668
0.09,891361
0.09,898531
0.09,899533
0.09,898363
0.09,897157
0.09,895881
0.09,897575
0.09,899165
0.09,897857
0.09,897717
0.09,897468
0.09,899753
0.09,893890
0.09,892398
0.09,890628
0.09,887769
0.09,886954
0.09,892975
0.09,893682
0.09,895500
0.09,896237
0.09,896920
0.09,894485
0.09,895968
0.09,901520
0.09,900947
0.09,903228
0.09,906071
0.09,912404
0.09,916201
0.09,919096
0.09,907234
0.09,905204
0.09,916116
0.09,923521
0.09,928262
0.09,929412
0.09,928088
0.09,921557
0.09,920803
0.09,920000
0.09,914659
0.09,909771
0.09,912649
0.09,917291
0.09,919638
0.09,916864
0.09,913579
0.09,910526
0.09,908412
0.09,909654
0.09,917448
0.09,926700
0.09,948039
0.09,984999
0.09,1013190
0.09,949805
0.09,951610
0.09,951202
0.09,947819
0.09,948853
0.09,951321
0.09,949439
0.09,946379
0.09,946024
0.09,949327
0.09,941945
0.09,940036
0.09,941702
0.09,942986
0.09,939593
0.09,932751
0.09,920723
0.09,917237
0.09,913713
0.09,909909
0.09,895304
0.09,893608
0.09,894438
0.10,891716
0.10,889233
0.10,886498
0.10,887815
0.10,895386
0.10,886980
0.10,880305
0.10,877055
0.10,877485
0.10,885070
0.10,883601
0.10,880248
0.10,872148
0.10,869395
0.10,871119
0.10,873264
0.10,874531
0.10,879462
0.10,879611
0.10,871071
0.10,871578
0.10,877199
0.10,881087
0.10,885801
0.10,896878
0.10,902626
0.10,902654
0.10,906124
0.10,897786
0.10,897244
0.10,905092
0.10,908915
0.10,907144
0.10,904211
0.10,901776
0.10,900664
0.10,901098
0.10,899686
0.10,899041
0.10,887445
0.10,890157
0.10,890044
0.10,885967
0.10,881510
0.10,883567
0.10,887776
0.10,891452
0.10,888629
0.10,894684
0.10,899873
0.10,909284
0.10,936392
0.10,963973
0.10,899848
0.10,890736
0.10,888287
0.10,881682
0.10,881304
0.10,881287
0.10,877974
0.10,873040
0.10,863134
0.10,859626
0.10,872516
0.10,876193
0.10,875117
0.10,880705
0.10,891371
0.10,896587
0.10,896383
0.10,893157
0.10,895631
0.10,894365
0.10,893968
0.10,886044
0.10,879165
0.10,882113
0.10,883009
0.10,883660
0.10,883593
0.10,889105
0.10,892780
0.10,898531
0.10,901387
0.10,904881
0.10,917358
0.10,913507
0.10,913075
0.10,911920
0.10,910748
0.10,909589
0.11,910623
0.11,912194
0.11,912497
0.11,913160
0.11,915250
0.11,912362
0.11,910092
0.11,908333
0.11,908601
0.11,906711
0.11,968576
0.11,942329
0.11,909034
0.11,886664
0.11,880611
0.11,882851
0.11,874673
0.11,876174
0.11,882037
0.11,874840
0.11,872088
0.11,869870
0.11,866382
0.11,856042
0.11,856447
0.11,853358
0.11,850877
0.11,851845
0.11,852082
0.11,855676
0.11,859116
0.11,851676
0.11,849472
0.11,851049
0.11,854150
0.11,856054
0.11,854963
0.11,854597
0.11,852830
0.11,851342
0.11,848671
0.11,851333
0.11,855525
0.11,857785
0.11,858502
0.11,853105
0.11,850976
0.11,851907
0.11,855858
0.11,855840
0.11,851355
0.11,847249
0.11,847286
0.11,842711
0.11,839366
0.11,837997
0.11,834727
0.11,844183
0.11,842832
0.11,854918
0.11,866154
0.11,840698
0.11,829354
0.11,829057
0.11,832284
0.11,836101
0.11,834433
0.11,833947
0.11,834552
0.11,835343
0.11,840070
0.11,845145
0.11,851032
0.11,850554
0.11,848181
0.11,846786
0.11,855565
0.11,858676
0.11,856104
0.11,863518
0.11,873720
0.11,877608
0.11,878312
0.11,875537
0.11,873800
0.11,868816
0.11,868565
0.11,864271
0.11,860226
0.11,861489
0.11,865132
0.11,864050
0.12,864267
0.12,856339
0.12,856511
0.12,860561
0.12,860293
0.12,861326
0.12,876242
0.12,873247
0.12,876408
0.12,880130
0.12,881277
0.12,877914
0.12,877472
0.12,875845
0.12,878438
0.12,876511
0.12,879843
0.12,878821
0.12,878575
0.12,882188
0.12,883267
0.12,875592
0.12,925155
0.12,896256
0.12,862172
0.12,836333
0.12,828747
0.12,825681
0.12,835974
0.12,821744
0.12,818481
0.12,815219
0.12,816866
0.12,812029
0.12,815142
0.12,817345
0.12,815623
0.12,808928
0.12,805908
0.12,805279
0.12,804196
0.12,805649
0.12,803598
0.12,800875
0.12,799210
0.12,802615
0.12,805536
0.12,810515
0.12,806812
0.12,798429
0.12,795515
0.12,793603
0.12,790954
0.12,788307
0.12,788304
0.12,790016
0.12,787439
0.12,784819
0.12,782277
0.12,781703
0.12,782954
0.12,782902
0.12,784644
0.12,785326
0.12,790452
0.12,787540
0.12,790620
0.12,788460
0.12,783239
0.12,779009
0.12,782505
0.12,776626
0.12,774325
0.12,772091
0.12,770209
0.12,768101
0.12,766001
0.12,766392
0.12,769160
0.12,773340
0.12,775506
0.12,777374
0.12,774243
0.12,768744
0.12,768659
0.12,766556
0.12,767715
0.12,768511
0.12,769606
0.12,771820
0.12,768185
0.13,763269
0.13,761208
0.13,759166
0.13,756797
0.13,757499
0.13,763340
0.13,758690
0.13,778724
0.13,753813
0.13,751834
0.13,755054
0.13,753430
0.13,749913
0.13,747330
0.13,745535
0.13,742945
0.13,742050
0.13,741014
0.13,739318
0.13,737642
0.13,737633
0.13,739567
0.13,738968
0.13,735976
0.13,754915
0.13,774647
0.13,787155
0.13,789309
0.13,794067
0.13,806603
0.13,799543
0.13,812064
0.13,831638
0.13,826655
0.13,874619
0.13,876955
0.13,844098
0.13,837790
0.13,825614
0.13,804576
0.13,802971
0.13,795460
0.13,791280
0.13,767534
0.13,796003
0.13,799756
0.13,802843
0.13,816632
0.13,819853
0.13,824997
0.13,833526
0.13,834299
0.13,869241
0.13,867355
0.13,866485
0.13,879771
0.13,875750
0.13,873641
0.13,871010
0.13,858967
0.13,857947
0.13,837229
0.13,833860
0.13,824838
0.13,820525
0.13,819944
0.13,778435
0.13,773637
0.13,766019
0.13,768199
0.13,768794
0.13,761349
0.13,752098
0.13,750411
0.13,753915
0.13,758141
0.13,761309
0.13,768636
0.13,773319
0.13,768087
0.13,769181
0.13,767309
0.13,766878
0.13,775733
0.13,781831
0.13,783925
0.13,781551
0.13,777941
0.13,769837
0.13,769391
0.14,772392
0.14,769144
0.14,769352
0.14,773945
0.14,779829
0.14,774903
0.14,768968
0.14,765633
0.14,764565
0.14,764923
0.14,766986
0.14,769556
0.14,777354
0.14,792155
0.14,823720
0.14,849825
0.14,788466
0.14,791554
0.14,792335
0.14,793353
0.14,794358
0.14,791261
0.14,790038
0.14,788587
0.14,784451
0.14,784337
0.14,784584
0.14,782510
0.14,778058
0.14,774829
0.14,776553
0.14,777296
0.14,774699
0.14,775909
0.14,769115
0.14,763107
0.14,754694
0.14,758667
0.14,761831
0.14,761312
0.14,753098
0.14,746905
0.14,745301
0.14,741190
0.14,739686
0.14,736772
0.14,740268
0.14,734389
0.14,732846
0.14,732829
0.14,730253
0.14,728799
0.14,728455
0.14,727071
0.14,725735
0.14,724421
0.14,725980
0.14,726451
0.14,726789
0.14,723185
0.14,724163
0.14,722248
0.14,725179
0.14,720993
0.14,721917
0.14,721034
0.14,720182
0.14,721490
0.14,718987
0.14,717808
0.14,716640
0.14,715484
0.14,716952
0.14,715968
0.14,719007
0.14,715968
0.14,714421
0.14,716043
0.14,712336
0.14,712559
0.14,712104
0.14,711936
0.14,710797
0.14,709701
0.14,709986
0.14,708654
0.14,707687
0.14,706383
0.14,704948
0.14,704026
0.14,703172
0.15,702335
0.15,701792
0.15,703190
0.15,707068
0.15,708043
0.15,709683
0.15,709954
0.15,711172
0.15,709455
0.15,709493
0.15,707343
0.15,705723
0.15,706414
0.15,706940
0.15,706252
0.15,707998
0.15,710439
0.15,709909
0.15,710696
0.15,708535
0.15,710654
0.15,712869
0.15,713095
0.15,714389
0.15,714272
0.15,709501
0.15,710501
0.15,711406
0.15,710693
0.15,710083
0.15,709516
0.15,712512
0.15,714297
0.15,715963
0.15,714119
0.15,715016
0.15,712036
0.15,714021
0.15,714408
0.15,711128
0.15,709002
0.15,718014
0.15,723099
0.15,729276
0.15,736551
0.15,738177
0.15,736167
0.15,734665
0.15,737425
0.15,733595
0.15,739645
0.15,746362
0.15,756102
0.15,753770
0.15,752847
0.15,749818
0.15,747802
0.15,748049
0.15,746295
0.15,738701
0.15,734684
0.15,737731
0.15,739297
0.15,730734
0.15,728354
0.15,724404
0.15,723118
0.15,725397
0.15,723103
0.15,727568
0.15,729043
0.15,727444
0.15,753329
0.15,774865
0.15,709166
0.15,711027
0.15,705463
0.15,704950
0.15,700885
0.15,701155
0.15,704377
0.15,704071
0.15,706935
0.15,708643
0.15,709485
0.15,708694
0.15,709525
0.15,706838
0.15,706620
0.15,704028
0.15,703781
0.16,706488
0.16,708704
0.16,708562
0.16,709914
0.16,709714
0.16,710004
0.16,710895
0.16,709030
0.16,709926
0.16,709967
0.16,711110
0.16,713075
0.16,713607
0.16,710631
0.16,710791
0.16,711379
0.16,711655
0.16,710152
0.16,709206
0.16,710282
0.16,712951
0.16,714815
0.16,714740
0.16,710680
0.16,706155
0.16,706459
0.16,711487
0.16,709808
0.16,712621
0.16,722154
0.16,725387
0.16,726742
0.16,736301
0.16,738471
0.16,739031
0.16,742202
0.16,743020
0.16,745061
0.16,742449
0.16,750020
0.16,753240
0.16,752888
0.16,750241
0.16,745777
0.16,740958
0.16,741356
0.16,744957
0.16,741190
0.16,736086
0.16,736569
0.16,739470
0.16,732140
0.16,730415
0.16,722584
0.16,722345
0.16,720854
0.16,716557
0.16,722306
0.16,725096
0.16,725736
0.16,750557
0.16,769892
0.16,704211
0.16,702918
0.16,701134
0.16,699231
0.16,698157
0.16,697328
0.16,696500
0.16,695733
0.16,694983
0.16,694241
0.16,693504
0.16,692388
0.16,692023
0.16,691649
0.16,693574
0.16,694918
0.16,695285
0.16,694730
0.16,693148
0.16,689695
0.16,689980
0.16,692591
0.16,691544
0.16,688690
0.16,687706
0.16,686996
0.16,686304
0.17,685616
0.17,691292
0.17,684961
0.17,684558
0.17,683948
0.17,683343
0.17,682741
0.17,682178
0.17,681658
0.17,681139
0.17,680621
0.17,680857
0.17,693537
0.17,691456
0.17,680767
0.17,686443
0.17,680112
0.17,680565
0.17,682212
0.17,683305
0.17,687503
0.17,715869
0.17,715159
0.17,714841
0.17,694323
0.17,694952
0.17,679624
0.17,678981
0.17,678602
0.17,678227
0.17,680913
0.17,677871
0.17,677524
0.17,677420
0.17,677870
0.17,709767
0.17,690731
0.17,690106
0.17,677488
0.17,680174
0.17,677132
0.17,676872
0.17,677263
0.17,678915
0.17,678430
0.17,680181
0.17,680108
0.17,679894
0.17,679089
0.17,679004
0.17,678860
0.17,680668
0.17,682845
0.17,683873
0.17,685275
0.17,684386
0.17,684340
0.17,682591
0.17,680762
0.17,679881
0.17,680612
0.17,682431
0.17,681604
0.17,683997
0.17,685780
0.17,687598
0.17,687860
0.17,687581
0.17,684766
0.17,686397
0.17,687676
0.17,685411
0.17,686448
0.17,686456
0.17,685584
0.17,691145
0.17,693873
0.17,692032
0.17,689588
0.17,693597
0.17,699716
0.17,704251
0.17,708392
0.17,713528
0.17,718490
0.17,712966
0.17,713070
0.17,706390
0.17,704820
0.17,711442
0.17,716885
0.18,717021
0.18,717593
0.18,716206
0.18,713034
0.18,707656
0.18,709365
0.18,706168
0.18,703264
0.18,710809
0.18,713668
0.18,713314
0.18,705778
0.18,699297
0.18,697555
0.18,698105
0.18,699614
0.18,707717
0.18,709638
0.18,717236
0.18,745372
0.18,765187
0.18,696034
0.18,694530
0.18,693066
0.18,692831
0.18,687409
0.18,680163
0.18,680668
0.18,681509
0.18,677043
0.18,676485
0.18,675792
0.18,675647
0.18,675542
0.18,675186
0.18,674984
0.18,674885
0.18,675552
0.18,674817
0.18,679190
0.18,685402
0.18,692809
0.18,697512
0.18,702072
0.18,711011
0.18,715151
0.18,710229
0.18,710161
0.18,706276
0.18,707496
0.18,715089
0.18,717654
0.18,718617
0.18,719872
0.18,716552
0.18,714889
0.18,710493
0.18,708120
0.18,704107
0.18,704447
0.18,704497
0.18,707781
0.18,702679
0.18,697388
0.18,683911
0.18,682200
0.18,684017
0.18,687345
0.18,704249
0.18,712758
0.18,729571
0.18,750601
0.18,770829
0.18,699869
0.18,698902
0.18,695497
0.18,693680
0.18,691865
0.18,691084
0.18,692662
0.18,689213
0.18,686087
0.18,687902
0.18,688784
0.18,689274
0.18,685713
0.18,677934
0.18,674134
0.18,675116
0.18,681900
0.18,684735
0.19,689853
0.19,697230
0.19,702598
0.19,699861
0.19,703195
0.19,700060
0.19,701017
0.19,712016
0.19,715662
0.19,716516
0.19,716934
0.19,714246
0.19,712985
0.19,711121
0.19,709255
0.19,706550
0.19,707341
0.19,707607
0.19,710298
0.19,702237
0.19,699256
0.19,690981
0.19,691738
0.19,692174
0.19,694549
0.19,703001
0.19,709809
0.19,718311
0.19,746678
0.19,768756
0.19,700495
0.19,702090
0.19,699756
0.19,703449
0.19,695548
0.19,694583
0.19,694315
0.19,691979
0.19,687939
0.19,688871
0.19,686972
0.19,685681
0.19,685193
0.19,683223
0.19,681726
0.19,679348
0.19,674446
0.19,671256
0.19,671196
0.19,671169
0.19,671147
0.19,671129
