0.00,7159687
0.00,7015618
0.00,6862252
0.00,6714472
0.00,6573174
0.00,6553873
0.00,6375537
0.00,6393234
0.00,6160384
0.01,6024175
0.01,5975966
0.01,5986071
0.01,5978994
0.01,5937939
0.01,5939289
0.01,5793842
0.01,5784382
0.01,5835652
0.01,5796883
0.01,5695089
0.01,5526047
0.01,5425856
0.01,5429592
0.01,5391653
0.01,5270377
0.01,5170071
0.01,5153893
0.01,5198582
0.01,5152702
0.01,5067885
0.01,4960696
0.01,4878496
0.01,4788073
0.01,4782684
0.01,4804746
0.01,4797543
0.01,4813723
0.01,4815482
0.01,4687161
0.01,4682035
0.01,4610128
0.01,4527246
0.01,4461878
0.01,4377963
0.01,4353954
0.01,4355014
0.01,4321961
0.01,4281239
0.02,4263873
0.02,4263052
0.02,4276611
0.02,4337279
0.02,4361297
0.02,4344326
0.02,4236797
0.02,4160284
0.02,4159442
0.02,4081131
0.02,4068590
0.02,4068967
0.02,4056993
0.02,3939715
0.02,3935530
0.02,3966227
0.02,3976009
0.02,3963688
0.02,3939942
0.02,3842191
0.02,3771872
0.02,3695164
0.02,3702813
0.02,3723881
0.02,3754018
0.02,3844312
0.02,3863161
0.02,3738920
0.02,3692693
0.02,3677868
0.02,3598565
0.02,3560816
0.02,3498555
0.02,3476087
0.02,3528844
0.02,3490168
0.02,3490152
0.02,3504060
0.02,3502825
0.02,3548344
0.02,3528073
0.02,3531378
0.02,3540033
0.02,3540775
0.02,3547421
0.02,3482369
0.02,3454377
0.02,3455541
0.02,3477700
0.02,3497319
0.02,3524541
0.02,3541264
0.02,3485597
0.02,3506393
0.02,3471546
0.02,3411775
0.02,3395325
0.02,3399103
0.02,3315806
0.02,3261193
0.02,3204657
0.02,3212144
0.02,3226747
0.02,3245954
0.02,3219831
0.02,3182316
0.02,3138328
0.02,3147808
0.03,3133853
0.03,3087353
0.03,3074811
0.03,3062112
0.03,3049645
0.03,3045818
0.03,2986645
0.03,3006320
0.03,2989328
0.03,2996303
0.03,3064671
0.03,3007373
0.03,2945646
0.03,2930876
0.03,2882317
0.03,2875961
0.03,2813467
0.03,2809367
0.03,2812214
0.03,2810004
0.03,2878924
0.03,2853994
0.03,2749905
0.03,2755398
0.03,2726618
0.03,2726464
0.03,2721929
0.03,2699857
0.03,2667170
0.03,2670527
0.03,2668215
0.03,2633877
0.03,2604337
0.03,2604374
0.03,2604722
0.03,2573222
0.03,2553277
0.03,2545880
0.03,2497516
0.03,2490475
0.03,2474689
0.03,2475804
0.03,2476819
0.03,2450824
0.03,2447466
0.03,2456274
0.03,2406471
0.03,2388932
0.03,2405114
0.03,2403567
0.03,2355833
0.03,2317558
0.03,2324513
0.03,2279335
0.03,2263781
0.03,2268490
0.03,2266985
0.03,2281685
0.03,2283130
0.03,2270319
0.03,2269610
0.03,2287160
0.03,2282509
0.03,2271645
0.03,2270474
0.03,2270464
0.03,2245547
0.03,2229878
0.03,2197497
0.03,2140761
0.03,2137875
0.03,2105696
0.03,2094001
0.03,2060052
0.03,2058985
0.03,2060047
0.03,2067076
0.03,2009656
0.03,2007706
0.03,1985645
0.03,1983979
0.03,1988006
0.03,1998127
0.03,2010256
0.03,2060077
0.03,2068515
0.03,2090477
0.03,2064461
0.03,2045757
0.03,2075810
0.04,2064674
0.04,2064057
0.04,2066394
0.04,2065465
0.04,2081678
0.04,2083480
0.04,2083935
0.04,2102581
0.04,2049444
0.04,2048791
0.04,2050835
0.04,2040707
0.04,2034861
0.04,2016078
0.04,2015125
0.04,2011262
0.04,1987217
0.04,1932098
0.04,1899529
0.04,1897084
0.04,1901001
0.04,1892197
0.04,1888248
0.04,1856596
0.04,1855395
0.04,1858383
0.04,1803214
0.04,1806335
0.04,1806950
0.04,1807096
0.04,1807203
0.04,1822187
0.04,1821650
0.04,1822208
0.04,1820039
0.04,1816948
0.04,1801293
0.04,1805325
0.04,1772314
0.04,1772406
0.04,1768670
0.04,1781044
0.04,1763870
0.04,1777723
0.04,1777769
0.04,1772396
0.04,1776617
0.04,1785337
0.04,1774255
0.04,1763975
0.04,1761527
0.04,1775393
0.04,1767301
0.04,1751355
0.04,1754590
0.04,1778272
0.04,1779775
0.04,1793297
0.04,1786997
0.04,1789245
0.04,1783208
0.04,1784756
0.04,1806188
0.04,1797192
0.04,1784971
0.04,1767515
0.04,1781555
0.04,1805148
0.04,1817946
0.04,1877806
0.04,1879026
0.04,1849216
0.04,1843531
0.04,1811819
0.04,1784900
0.04,1750403
0.04,1757781
0.04,1753664
0.04,1727015
0.04,1719128
0.04,1704350
0.04,1710420
0.04,1715839
0.04,1706755
0.04,1707365
0.04,1706219
0.04,1709393
0.04,1710167
0.04,1713625
0.04,1706772
0.04,1681758
0.05,1686763
0.05,1693118
0.05,1656031
0.05,1644001
0.05,1626362
0.05,1648849
0.05,1639889
0.05,1636764
0.05,1637839
0.05,1630819
0.05,1632184
0.05,1646885
0.05,1634768
0.05,1627609
0.05,1609832
0.05,1585050
0.05,1571102
0.05,1561677
0.05,1571799
0.05,1580723
0.05,1567311
0.05,1563922
0.05,1567569
0.05,1567661
0.05,1532333
0.05,1530921
0.05,1516028
0.05,1519756
0.05,1528778
0.05,1526587
0.05,1528070
0.05,1544119
0.05,1550698
0.05,1544959
0.05,1540617
0.05,1544954
0.05,1550777
0.05,1534978
0.05,1527846
0.05,1528461
0.05,1520003
0.05,1531349
0.05,1539833
0.05,1503170
0.05,1523297
0.05,1518581
0.05,1522199
0.05,1527864
0.05,1527924
0.05,1513053
0.05,1521246
0.05,1534605
0.05,1608810
0.05,1584526
0.05,1535525
0.05,1521476
0.05,1513729
0.05,1527197
0.05,1546335
0.05,1518824
0.05,1517791
0.05,1507539
0.05,1491895
0.05,1493435
0.05,1495424
0.05,1483498
0.05,1474586
0.05,1479883
0.05,1461546
0.05,1465165
0.05,1474746
0.05,1510912
0.05,1524296
0.05,1528754
0.05,1530432
0.05,1527085
0.05,1538985
0.05,1543439
0.05,1539023
0.05,1565023
0.05,1587010
0.05,1586020
0.05,1583520
0.05,1579998
0.05,1587472
0.05,1561626
0.05,1561598
0.05,1574424
0.06,1540480
0.06,1531805
0.06,1530900
0.06,1514951
0.06,1504889
0.06,1456046
0.06,1445070
0.06,1464429
0.06,1495168
0.06,1495515
0.06,1531523
0.06,1566541
0.06,1576720
0.06,1524934
0.06,1533392
0.06,1497553
0.06,1486691
0.06,1485486
0.06,1491139
0.06,1501079
0.06,1496030
0.06,1530218
0.06,1536463
0.06,1503144
0.06,1498673
0.06,1476961
0.06,1481229
0.06,1454713
0.06,1448106
0.06,1427970
0.06,1420472
0.06,1437516
0.06,1452335
0.06,1487944
0.06,1510080
0.06,1525122
0.06,1532728
0.06,1536149
0.06,1547286
0.06,1550589
0.06,1597954
0.06,1625782
0.06,1581118
0.06,1584492
0.06,1583334
0.06,1599414
0.06,1597431
0.06,1598458
0.06,1581298
0.06,1584183
0.06,1583542
0.06,1545391
0.06,1517496
0.06,1519008
0.06,1511474
0.06,1530941
0.06,1486283
0.06,1459285
0.06,1453205
0.06,1449092
0.06,1458156
0.06,1461177
0.06,1447863
0.06,1435775
0.06,1438019
0.06,1433651
0.06,1435883
0.06,1409086
0.06,1398605
0.06,1422318
0.06,1454937
0.06,1460239
0.06,1418846
0.06,1382419
0.06,1384475
0.06,1390386
0.06,1384834
0.06,1373699
0.06,1375573
0.06,1375453
0.06,1376528
0.06,1362357
0.06,1352617
0.06,1340165
0.06,1329951
0.06,1342734
0.06,1353194
0.06,1381200
0.06,1373393
0.06,1384603
0.06,1378263
0.07,1399703
0.07,1402377
0.07,1402550
0.07,1412944
0.07,1430505
0.07,1448582
0.07,1426596
0.07,1472493
0.07,1432000
0.07,1445341
0.07,1480653
0.07,1479480
0.07,1492492
0.07,1496258
0.07,1489926
0.07,1470649
0.07,1457936
0.07,1440762
0.07,1424890
0.07,1381389
0.07,1346451
0.07,1324479
0.07,1324215
0.07,1319643
0.07,1311298
0.07,1303890
0.07,1294553
0.07,1298762
0.07,1351192
0.07,1373131
0.07,1283355
0.07,1277463
0.07,1276015
0.07,1279065
0.07,1269610
0.07,1259090
0.07,1262066
0.07,1265016
0.07,1271886
0.07,1255073
0.07,1244899
0.07,1247225
0.07,1242375
0.07,1242441
0.07,1237715
0.07,1228113
0.07,1230144
0.07,1218340
0.07,1204537
0.07,1195057
0.07,1219286
0.07,1229978
0.07,1217007
0.07,1227934
0.07,1208149
0.07,1189013
0.07,1193610
0.07,1191958
0.07,1188391
0.07,1187705
0.07,1176584
0.07,1180112
0.07,1185557
0.07,1181457
0.07,1169011
0.07,1165932
0.07,1168763
0.07,1169210
0.07,1168264
0.07,1160225
0.07,1160058
0.07,1154010
0.07,1152955
0.07,1144656
0.07,1136782
0.07,1139718
0.07,1134251
0.07,1201436
0.07,1178730
0.07,1126407
0.07,1174034
0.07,1210376
0.07,1165848
0.07,1162334
0.07,1158354
0.07,1158554
0.07,1159752
0.07,1157112
0.07,1149590
0.07,1152871
0.07,1152282
0.08,1159494
0.08,1165126
0.08,1150836
0.08,1154897
0.08,1149031
0.08,1143548
0.08,1146275
0.08,1148447
0.08,1156084
0.08,1151636
0.08,1136302
0.08,1128012
0.08,1147189
0.08,1172772
0.08,1172123
0.08,1180774
0.08,1180968
0.08,1204097
0.08,1208173
0.08,1220003
0.08,1229539
0.08,1258283
0.08,1261258
0.08,1209508
0.08,1215275
0.08,1187083
0.08,1181428
0.08,1186914
0.08,1184193
0.08,1173308
0.08,1177200
0.08,1176305
0.08,1149970
0.08,1134257
0.08,1129188
0.08,1130806
0.08,1134088
0.08,1153266
0.08,1184326
0.08,1215815
0.08,1225665
0.08,1247579
0.08,1256076
0.08,1247956
0.08,1260297
0.08,1258131
0.08,1249654
0.08,1249658
0.08,1252219
0.08,1244439
0.08,1218941
0.08,1218093
0.08,1217361
0.08,1206186
0.08,1205229
0.08,1201443
0.08,1197673
0.08,1201179
0.08,1188384
0.08,1186141
0.08,1142018
0.08,1133186
0.08,1129307
0.08,1122420
0.08,1128629
0.08,1136432
0.08,1137197
0.08,1128114
0.08,1134489
0.08,1134300
0.08,1141028
0.08,1141094
0.08,1143866
0.08,1138773
0.08,1150153
0.08,1148423
0.08,1139004
0.08,1141367
0.08,1145680
0.08,1145203
0.08,1156024
0.08,1147581
0.08,1159250
0.08,1162540
0.08,1158427
0.08,1165587
0.08,1185499
0.08,1225912
0.08,1248232
0.08,1182663
0.09,1179086
0.09,1173842
0.09,1171693
0.09,1176065
0.09,1174794
0.09,1157182
0.09,1157724
0.09,1157891
0.09,1156876
0.09,1156444
0.09,1136331
0.09,1140271
0.09,1141212
0.09,1144966
0.09,1150580
0.09,1157668
0.09,1210200
0.09,1209244
0.09,1212610
0.09,1210370
0.09,1198206
0.09,1207347
0.09,1206746
0.09,1224013
0.09,1231945
0.09,1255190
0.09,1279776
0.09,1301226
0.09,1302552
0.09,1325126
0.09,1329304
0.09,1295372
0.09,1313421
0.09,1289719
0.09,1279736
0.09,1263502
0.09,1251243
0.09,1208423
0.09,1171944
0.09,1159183
0.09,1138412
0.09,1110172
0.09,1108715
0.09,1111179
0.09,1111253
0.09,1100972
0.09,1097706
0.09,1090526
0.09,1089400
0.09,1080145
0.09,1072795
0.09,1068729
0.09,1064478
0.09,1053506
0.09,1056826
0.09,1053861
0.09,1052338
0.09,1048057
0.09,1041210
0.09,1038633
0.09,1031316
0.09,1032395
0.09,1032682
0.09,1033595
0.09,1029657
0.09,1035374
0.09,1085605
0.09,1086862
0.09,1102389
0.09,1102276
0.09,1110117
0.09,1116232
0.09,1121546
0.09,1130700
0.09,1133089
0.09,1123782
0.09,1146176
0.09,1154134
0.09,1154626
0.09,1158044
0.09,1176719
0.09,1173454
0.09,1160873
0.09,1160202
0.09,1142503
0.09,1118350
0.09,1119123
0.09,1097202
0.09,1073445
0.09,1054711
0.10,1054135
0.10,1050005
0.10,1061497
0.10,1083974
0.10,1111102
0.10,1115576
0.10,1112250
0.10,1118783
0.10,1136207
0.10,1129406
0.10,1129632
0.10,1160182
0.10,1143302
0.10,1200337
0.10,1206085
0.10,1165540
0.10,1147481
0.10,1143101
0.10,1144384
0.10,1122860
0.10,1136894
0.10,1117367
0.10,1119309
0.10,1095646
0.10,1085246
0.10,1070634
0.10,1072412
0.10,1098007
0.10,1118977
0.10,1054345
0.10,1045307
0.10,1051209
0.10,1052392
0.10,1050628
0.10,1044465
0.10,1031900
0.10,1037262
0.10,1034504
0.10,1033442
0.10,1036687
0.10,1031184
0.10,1043533
0.10,1046281
0.10,1033520
0.10,1041095
0.10,1038457
0.10,1034802
0.10,1045412
0.10,1041494
0.10,1056629
0.10,1060374
0.10,1081574
0.10,1079714
0.10,1093171
0.10,1081188
0.10,1102056
0.10,1109863
0.10,1118813
0.10,1130087
0.10,1166382
0.10,1165277
0.10,1115149
0.10,1122453
0.10,1091063
0.10,1088386
0.10,1090637
0.10,1074562
0.10,1063039
0.10,1062885
0.10,1065122
0.10,1050161
0.10,1031084
0.10,1023947
0.10,1016426
0.10,1009275
0.10,1007091
0.10,1007594
0.10,1011004
0.10,1006070
0.10,1006425
0.10,1007439
0.10,1000736
0.10,999962
0.10,999072
0.10,994215
0.10,993105
0.10,989721
0.10,993261
0.10,992214
0.10,991586
0.10,993719
0.11,992959
0.11,997019
0.11,998551
0.11,987829
0.11,985824
0.11,984489
0.11,985152
0.11,1004842
0.11,1019371
0.11,1026143
0.11,1024089
0.11,1024509
0.11,1029055
0.11,1026273
0.11,1022372
0.11,1020975
0.11,1023848
0.11,1031987
0.11,1026460
0.11,1025078
0.11,1015410
0.11,1009976
0.11,1016490
0.11,1023130
0.11,1029550
0.11,1033253
0.11,1047358
0.11,1078868
0.11,1116307
0.11,1112326
0.11,1120422
0.11,1131980
0.11,1112821
0.11,1129644
0.11,1132436
0.11,1135436
0.11,1136673
0.11,1159345
0.11,1147645
0.11,1133371
0.11,1136941
0.11,1156433
0.11,1151480
0.11,1115948
0.11,1137922
0.11,1106347
0.11,1109951
0.11,1093174
0.11,1067784
0.11,1022100
0.11,1031813
0.11,1022392
0.11,997364
0.11,978114
0.11,977478
0.11,975442
0.11,978371
0.11,978202
0.11,979514
0.11,979238
0.11,981873
0.11,978233
0.11,977575
0.11,972786
0.11,974755
0.11,974544
0.11,971440
0.11,969122
0.11,964427
0.11,959302
0.11,966775
0.11,966572
0.11,965050
0.11,953388
0.11,948404
0.11,949973
0.11,943690
0.11,937912
0.11,932436
0.11,933061
0.11,930480
0.11,925106
0.11,926898
0.11,927015
0.11,927262
0.11,926062
0.11,923189
0.11,928419
0.11,925714
0.11,934622
0.12,932039
0.12,922349
0.12,933999
0.12,928001
0.12,930812
0.12,924762
0.12,933845
0.12,938067
0.12,946720
0.12,929726
0.12,968341
0.12,917126
0.12,918392
0.12,919912
0.12,919627
0.12,921038
0.12,918759
0.12,916749
0.12,921008
0.12,917315
0.12,914511
0.12,911786
0.12,907872
0.12,913075
0.12,915002
0.12,916455
0.12,915816
0.12,915389
0.12,911814
0.12,903858
0.12,906297
0.12,898799
0.12,901430
0.12,903559
0.12,906047
0.12,902334
0.12,899870
0.12,895515
0.12,890673
0.12,897389
0.12,894811
0.12,943043
0.12,945789
0.12,957242
0.12,950764
0.12,940252
0.12,903130
0.12,885591
0.12,883539
0.12,878523
0.12,878535
0.12,874109
0.12,869850
0.12,863260
0.12,859327
0.12,858969
0.12,857841
0.12,853969
0.12,855560
0.12,852425
0.12,855583
0.12,867886
0.12,871927
0.12,862629
0.12,852241
0.12,854280
0.12,848151
0.12,844456
0.12,845180
0.12,843604
0.12,842957
0.12,839304
0.12,836912
0.12,839323
0.12,838503
0.12,838442
0.12,832471
0.12,834578
0.12,835704
0.12,833936
0.12,834866
0.12,839774
0.12,840896
0.12,838064
0.12,838611
0.12,840804
0.12,886459
0.12,888509
0.12,906146
0.13,905123
0.13,908559
0.13,906783
0.13,908291
0.13,919891
0.13,920710
0.13,945307
0.13,959869
0.13,960435
0.13,967422
0.13,968885
0.13,980994
0.13,977931
0.13,974837
0.13,957883
0.13,935770
0.13,939228
0.13,930810
0.13,911361
0.13,883213
0.13,868916
0.13,860126
0.13,852174
0.13,857252
0.13,861359
0.13,865989
0.13,879762
0.13,887647
0.13,889521
0.13,884355
0.13,920644
0.13,919824
0.13,930152
0.13,934594
0.13,953693
0.13,955035
0.13,964807
0.13,964718
0.13,1005783
0.13,1012469
0.13,960040
0.13,960182
0.13,935164
0.13,938623
0.13,935466
0.13,936061
0.13,933386
0.13,937091
0.13,959583
0.13,963209
0.13,899191
0.13,887862
0.13,863535
0.13,858904
0.13,855614
0.13,855566
0.13,849636
0.13,843505
0.13,839993
0.13,840400
0.13,828918
0.13,831870
0.13,832743
0.13,835596
0.13,834642
0.13,837880
0.13,841093
0.13,835700
0.13,843304
0.13,842364
0.13,853088
0.13,838367
0.13,830048
0.13,837811
0.13,836521
0.13,831049
0.13,820664
0.13,821573
0.13,820539
0.13,818554
0.13,822476
0.13,822496
0.13,819057
0.13,813551
0.13,810427
0.13,807470
0.13,809092
0.13,805593
0.13,805164
0.13,802590
0.13,811404
0.13,806299
0.14,815652
0.14,816366
0.14,836631
0.14,852929
0.14,845476
0.14,847556
0.14,814368
0.14,802143
0.14,802533
0.14,803072
0.14,801230
0.14,799562
0.14,796921
0.14,794499
0.14,792096
0.14,790595
0.14,790858
0.14,791385
0.14,792676
0.14,789805
0.14,787075
0.14,786758
0.14,787895
0.14,790064
0.14,790710
0.14,793248
0.14,789990
0.14,789057
0.14,793648
0.14,792917
0.14,792984
0.14,794644
0.14,791276
0.14,786540
0.14,788688
0.14,796838
0.14,803314
0.14,806535
0.14,815452
0.14,824982
0.14,826856
0.14,815974
0.14,817238
0.14,816385
0.14,817045
0.14,825215
0.14,822469
0.14,821503
0.14,820740
0.14,823609
0.14,827446
0.14,826244
0.14,824915
0.14,828343
0.14,832738
0.14,833407
0.14,839548
0.14,840050
0.14,894289
0.14,930200
0.14,980395
0.14,1012447
0.14,973131
0.14,995313
0.14,993501
0.14,996005
0.14,989592
0.14,983425
0.14,982424
0.14,981434
0.14,967457
0.14,940125
0.14,939871
0.14,934368
0.14,932368
0.14,928907
0.14,923707
0.14,923053
0.14,889535
0.14,885797
0.14,845214
0.14,825931
0.14,815547
0.14,807871
0.14,809087
0.14,808662
0.14,807835
0.14,812639
0.14,821118
0.14,821929
0.14,830560
0.15,865352
0.15,860394
0.15,862114
0.15,862226
0.15,878685
0.15,878191
0.15,885838
0.15,895956
0.15,937286
0.15,939383
0.15,886128
0.15,881359
0.15,850849
0.15,850243
0.15,847750
0.15,851076
0.15,852521
0.15,843284
0.15,838871
0.15,814347
0.15,815041
0.15,783628
0.15,785357
0.15,788061
0.15,791016
0.15,790204
0.15,792911
0.15,790197
0.15,785656
0.15,787258
0.15,783753
0.15,780839
0.15,778736
0.15,777131
0.15,789004
0.15,789227
0.15,778077
0.15,775207
0.15,773152
0.15,779070
0.15,775604
0.15,768199
0.15,765431
0.15,763472
0.15,762904
0.15,761171
0.15,759282
0.15,758867
0.15,757540
0.15,763960
0.15,767521
0.15,813985
0.15,824232
0.15,823318
0.15,807027
0.15,818013
0.15,810472
0.15,817847
0.15,817390
0.15,804768
0.15,802226
0.15,791207
0.15,790507
0.15,755917
0.15,760045
0.15,755304
0.15,764956
0.15,753018
0.15,750460
0.15,767694
0.15,748734
0.15,750576
0.15,750284
0.15,749365
0.15,749433
0.15,750057
0.15,751070
0.15,753236
0.15,756774
0.15,754974
0.15,759581
0.15,759535
0.15,757531
0.15,758222
0.15,761183
0.15,765024
0.15,767310
0.15,768853
0.15,765429
0.16,765306
0.16,765562
0.16,765430
0.16,766511
0.16,770604
0.16,772868
0.16,778380
0.16,784355
0.16,785864
0.16,773470
0.16,773467
0.16,769064
0.16,768535
0.16,777240
0.16,777778
0.16,776454
0.16,776223
0.16,775306
0.16,781790
0.16,782012
0.16,781599
0.16,783101
0.16,781835
0.16,784447
0.16,788923
0.16,792240
0.16,797462
0.16,819710
0.16,856932
0.16,883468
0.16,819621
0.16,821778
0.16,817784
0.16,812237
0.16,809094
0.16,807522
0.16,811337
0.16,810812
0.16,809440
0.16,808282
0.16,812741
0.16,812462
0.16,814079
0.16,815022
0.16,820580
0.16,819691
0.16,807828
0.16,851317
0.16,862621
0.16,865357
0.16,864629
0.16,849413
0.16,849063
0.16,852545
0.16,860318
0.16,866320
0.16,868088
0.16,904613
0.16,904832
0.16,916278
0.16,920394
0.16,930602
0.16,940289
0.16,939548
0.16,923382
0.16,924385
0.16,902897
0.16,865911
0.16,857463
0.16,834218
0.16,814056
0.16,795688
0.16,792070
0.16,791563
0.16,792048
0.16,789306
0.16,818082
0.16,818828
0.16,818869
0.16,809005
0.16,806433
0.16,798572
0.16,809238
0.16,798659
0.16,833289
0.16,828227
0.16,778370
0.16,776064
0.16,747550
0.16,749165
0.16,749371
0.17,751176
0.17,748238
0.17,751171
0.17,749269
0.17,747195
0.17,745222
0.17,743654
0.17,743620
0.17,746839
0.17,746722
0.17,745674
0.17,746605
0.17,746358
0.17,745308
0.17,748287
0.17,753704
0.17,752160
0.17,749317
0.17,746653
0.17,743970
0.17,742450
0.17,742146
0.17,740255
0.17,741180
0.17,738783
0.17,737365
0.17,737512
0.17,738448
0.17,735961
0.17,734511
0.17,734321
0.17,738437
0.17,769229
0.17,773608
0.17,776769
0.17,776845
0.17,774004
0.17,761071
0.17,763528
0.17,786307
0.17,803142
0.17,736019
0.17,739310
0.17,741720
0.17,748117
0.17,757461
0.17,758132
0.17,784576
0.17,806213
0.17,737783
0.17,737338
0.17,736266
0.17,736469
0.17,734926
0.17,736118
0.17,731036
0.17,729650
0.17,728312
0.17,726975
0.17,727704
0.17,725852
0.17,724540
0.17,723252
0.17,721989
0.17,720805
0.17,719630
0.17,718525
0.17,722305
0.17,717468
0.17,724960
0.17,725418
0.17,715639
0.17,715279
0.17,714294
0.17,713242
0.17,714535
0.17,711884
0.17,710378
0.17,708995
0.17,709563
0.17,710171
0.17,709993
0.17,707713
0.17,707689
0.17,709122
0.17,708609
0.17,707635
0.17,709347
0.17,707689
0.17,706718
0.17,711840
0.17,731052
0.18,733135
0.18,731338
0.18,730707
0.18,726344
0.18,716938
0.18,717625
0.18,719712
0.18,718641
0.18,734385
0.18,755343
0.18,756894
0.18,755122
0.18,754369
0.18,753798
0.18,752697
0.18,752611
0.18,756051
0.18,756719
0.18,752539
0.18,737716
0.18,738167
0.18,759025
0.18,776395
0.18,705851
0.18,707682
0.18,711775
0.18,713142
0.18,730253
0.18,732787
0.18,732203
0.18,725060
0.18,719300
0.18,712472
0.18,710940
0.18,719513
0.18,719104
0.18,730155
0.18,752866
0.18,753877
0.18,751068
0.18,749345
0.18,750019
0.18,750406
0.18,750616
0.18,749319
0.18,735372
0.18,733122
0.18,754495
0.18,775708
0.18,707137
0.18,704066
0.18,703229
0.18,706190
0.18,703733
0.18,704557
0.18,707502
0.18,709941
0.18,702443
0.18,701882
0.18,701105
0.18,700333
0.18,732230
0.18,713194
0.18,712569
0.18,699951
0.18,699367
0.18,698666
0.18,697835
0.18,697157
0.18,696489
0.18,696273
0.18,695747
0.18,695226
0.18,694736
0.18,694278
0.18,693669
0.18,693264
0.18,692862
0.18,695548
0.18,692506
0.18,692447
0.18,692460
0.18,692706
0.18,691873
0.18,692018
0.18,691413
0.18,691151
0.18,690663
0.18,692334
0.19,694595
0.19,695306
0.19,696554
0.19,695430
0.19,695861
0.19,694822
0.19,692785
0.19,692552
0.19,691924
0.19,690382
0.19,692844
0.19,692372
0.19,692351
0.19,691459
0.19,690136
0.19,691543
0.19,691536
0.19,692123
0.19,691927
0.19,689253
0.19,688943
0.19,689318
0.19,688365
0.19,688160
0.19,687991
0.19,687842
0.19,687720
0.19,687603
0.19,687505
0.19,687282
0.19,690427
0.19,691999
0.19,694048
0.19,693896
0.19,695235
0.19,694311
0.19,693689
0.19,693600
0.19,692794
0.19,690184
0.19,691987
0.19,692663
0.19,695262
0.19,694035
0.19,694219
0.19,694791
0.19,695125
0.19,697463
0.19,700772
0.19,702905
0.19,702795
0.19,701002
0.19,698267
0.19,703548
0.19,708943
0.19,713494
0.19,716002
0.19,719493
0.19,715304
0.19,715885
0.19,722418
0.19,720452
0.19,724230
0.19,721250
0.19,716863
0.19,714903
0.19,715459
0.19,717312
0.19,720168
0.19,723747
0.19,727362
0.19,734820
0.19,756351
0.19,792764
0.19,820178
0.19,756361
0.19,759966
0.19,760212
0.19,760645
0.19,756904
0.19,755592
0.19,756818
0.19,756258
0.19,753897
0.19,751432
0.19,751681
0.19,752880
0.19,750786
0.19,749984
0.20,746400
0.20,744366
0.20,728596
0.20,731309
0.20,734810
0.20,733034
0.20,734028
0.20,734452
0.20,736612
0.20,735199
0.20,734958
0.20,738809
0.20,722522
0.20,722565
0.20,771035
0.20,782724
0.20,784427
0.20,787435
0.20,794315
0.20,798917
0.20,808901
0.20,845860
0.20,853634
0.20,860152
0.20,861568
0.20,880503
0.20,883328
0.20,879982
0.20,866946
0.20,863249
0.20,842241
0.20,836871
0.20,835002
0.20,826750
0.20,800934
0.20,793868
0.20,770674
0.20,750773
0.20,733875
0.20,729389
0.20,726995
0.20,720307
0.20,717392
0.20,727755
0.20,718870
0.20,723385
0.20,702274
0.20,713445
0.20,709533
0.20,716094
0.20,723852
0.20,764742
0.20,766192
0.20,691138
0.20,687120
0.20,687049
0.20,686990
0.20,686964
0.20,686907
0.20,687836
0.20,686662
0.20,686276
0.20,686260
0.20,686162
