0.00, 6988438
0.00, 6977223
0.01, 6950325
0.01, 6946411
0.01, 6946008
0.01, 6939875
0.01, 6931825
0.01, 6930357
0.01, 6921873
0.01, 6920696
0.01, 6918803
0.01, 6918026
0.01, 6915238
0.01, 6914010
0.01, 6911999
0.01, 6909426
0.01, 6909298
0.01, 6892039
0.01, 6871277
0.01, 6866489
0.01, 6864994
0.01, 6864595
0.01, 6859754
0.01, 6847230
0.01, 6836170
0.01, 6805053
0.01, 6802335
0.01, 6791941
0.01, 6781676
0.01, 6763585
0.01, 6752958
0.01, 6744908
0.01, 6743541
0.01, 6742707
0.01, 6696904
0.01, 6696039
0.01, 6674476
0.01, 6673851
0.01, 6666273
0.01, 6661754
0.01, 6661685
0.01, 6655766
0.01, 6625369
0.01, 6623635
0.01, 6604265
0.01, 6598912
0.01, 6592955
0.01, 6547139
0.01, 6539692
0.01, 6538368
0.01, 6510605
0.01, 6501383
0.01, 6501280
0.01, 6481316
0.01, 6481206
0.01, 6392604
0.01, 6389038
0.01, 6387840
0.01, 6378845
0.01, 6376386
0.01, 6353537
0.01, 6345845
0.01, 6327696
0.01, 6318300
0.01, 6314665
0.01, 6314038
0.01, 6299038
0.01, 6281780
0.01, 6278134
0.01, 6240862
0.01, 6219909
0.01, 6217595
0.01, 6209343
0.01, 6181208
0.01, 6179604
0.01, 6160864
0.01, 6151836
0.01, 6113420
0.01, 6111519
0.01, 6107242
0.01, 6075411
0.01, 6008190
0.01, 6007747
0.01, 5985555
0.01, 5982006
0.01, 5977901
0.01, 5977310
0.01, 5968945
0.01, 5943338
0.01, 5942265
0.01, 5913744
0.01, 5908150
0.01, 5866141
0.01, 5858982
0.01, 5843974
0.01, 5835002
0.01, 5824028
0.01, 5743668
0.01, 5743141
0.01, 5739676
0.01, 5721822
0.02, 5717477
0.02, 5697940
0.02, 5697307
0.02, 5670019
0.02, 5659262
0.02, 5658474
0.02, 5645733
0.02, 5638099
0.02, 5633241
0.02, 5626394
0.02, 5620171
0.02, 5595498
0.02, 5594378
0.02, 5576896
0.02, 5566754
0.02, 5549917
0.02, 5546921
0.02, 5543660
0.02, 5542270
0.02, 5531823
0.02, 5515273
0.02, 5508842
0.02, 5506690
0.02, 5480555
0.02, 5476449
0.02, 5475099
0.02, 5473222
0.02, 5461537
0.02, 5457735
0.02, 5435778
0.02, 5426117
0.02, 5417113
0.02, 5414577
0.02, 5399849
0.02, 5391232
0.02, 5391097
0.03, 5377901
0.03, 5375478
0.03, 5346812
0.03, 5313269
0.03, 5279996
0.03, 5269383
0.03, 5242018
0.04, 5238386
0.06, 5193380
0.06, 5177905
0.09, 5170958
0.09, 5162129
0.09, 5029799
0.09, 5014544
0.09, 5013777
0.09, 5002434
0.09, 4996746
0.09, 4995492
0.09, 4990420
0.09, 4983809
0.09, 4981249
0.09, 4974842
0.09, 4899893
0.09, 4894118
0.09, 4892015
0.09, 4887201
0.09, 4885672
0.09, 4791870
0.09, 4787918
0.09, 4778845
0.09, 4767434
0.09, 4764090
0.09, 4725749
0.27, 4724743
0.27, 4704030
0.27, 4695534
0.27, 4694496
0.27, 4682607
0.27, 4663650
0.27, 4631917
0.27, 4627228
0.27, 4625209
0.27, 4622775
0.27, 4589539
0.27, 4582569
0.27, 4549062
0.27, 4536613
0.27, 4529550
0.27, 4529520
0.27, 4521694
0.29, 4517216
0.32, 4501404
0.32, 4500280
0.35, 4496922
0.39, 4492776
0.39, 4477696
0.39, 4467507
0.39, 4466575
0.39, 4451786
0.39, 4449634
0.39, 4449026
0.39, 4447799
0.39, 4436505
0.39, 4434453
0.39, 4423256
0.39, 4388740
0.39, 4387985
0.39, 4365434
0.39, 4358601
0.39, 4266257
0.40, 4238324
0.40, 4237910
0.40, 4204773
0.40, 4204270
0.40, 4178892
0.40, 4174042
0.40, 4169123
0.40, 4125022
0.40, 4123745
0.40, 4123173
0.40, 4102696
0.40, 4093143
0.40, 4082733
0.44, 4075484
0.44, 4049081
0.44, 4045133
0.44, 4043798
0.44, 4043453
0.44, 4043312
0.44, 4042801
0.44, 4030189
0.44, 4024421
0.53, 4024226
0.53, 4019984
0.53, 4016251
0.53, 3996521
0.53, 3985570
0.53, 3968089
0.53, 3964904
0.53, 3963661
0.53, 3961344
0.53, 3949810
0.53, 3946353
0.53, 3943210
0.53, 3926851
0.53, 3926243
0.53, 3925909
0.53, 3923064
0.53, 3908591
0.53, 3906318
0.53, 3898902
0.53, 3891249
0.53, 3881843
0.53, 3878506
0.53, 3860965
0.53, 3860306
0.53, 3857093
0.53, 3839182
0.53, 3832903
0.53, 3831970
0.54, 3819810
0.54, 3818159
0.54, 3800251
0.54, 3791693
0.54, 3789819
0.54, 3789511
0.54, 3785566
0.57, 3773113
0.57, 3769602
0.57, 3769506
0.57, 3753590
0.57, 3745579
0.57, 3737838
0.57, 3722958
0.57, 3711620
0.57, 3708239
0.57, 3693925
0.57, 3693917
0.57, 3667093
0.57, 3659732
0.63, 3645811
0.63, 3635054
0.63, 3634759
0.63, 3631536
0.63, 3611988
0.63, 3611089
0.63, 3606476
0.63, 3605802
0.63, 3586506
0.63, 3585470
0.63, 3565942
0.63, 3558513
0.63, 3519705
0.63, 3518255
0.63, 3517498
0.63, 3509388
0.64, 3495171
0.64, 3485084
0.64, 3480416
0.69, 3474084
0.69, 3440479
0.69, 3438273
0.69, 3437633
0.69, 3423522
0.69, 3422766
0.69, 3420654
0.69, 3418298
0.69, 3367902
0.69, 3367894
0.69, 3360715
0.69, 3358946
0.69, 3358395
0.69, 3355274
0.69, 3341277
0.69, 3314215
0.69, 3313727
0.69, 3310913
0.69, 3300425
0.74, 3299297
0.74, 3285701
0.74, 3283960
0.74, 3248946
0.74, 3248611
0.74, 3236949
0.74, 3227927
0.74, 3225133
0.74, 3217524
0.74, 3205689
0.75, 3200578
0.75, 3193149
0.75, 3190953
0.75, 3179573
0.75, 3178986
0.75, 3176469
0.75, 3168509
0.75, 3166699
0.75, 3150316
0.75, 3136687
0.75, 3132446
0.76, 3127371
0.76, 3123778
0.76, 3112837
0.77, 3092048
0.77, 3088921
0.77, 3085989
0.77, 3067907
0.77, 3061774
0.77, 3060970
0.77, 3057505
0.77, 3057082
0.77, 3054147
0.77, 3052553
0.77, 3051390
0.77, 3048795
0.77, 3042578
0.77, 3018148
0.77, 2989750
0.77, 2988971
0.77, 2984313
0.79, 2965994
0.79, 2965053
0.79, 2947716
0.79, 2947382
0.79, 2934969
0.79, 2920658
0.79, 2915460
0.79, 2914237
0.79, 2888301
0.79, 2867135
0.79, 2864870
0.79, 2853216
0.79, 2850935
0.79, 2840700
0.79, 2838910
0.79, 2826470
0.85, 2796617
0.85, 2795706
0.85, 2794199
0.85, 2791521
0.85, 2772004
0.85, 2769351
0.86, 2768657
0.86, 2768117
0.86, 2760621
0.86, 2753698
0.86, 2738616
0.86, 2737654
0.86, 2728057
0.86, 2710386
0.86, 2689583
0.86, 2687404
0.86, 2679414
0.92, 2676522
0.92, 2643253
0.96, 2642606
0.96, 2629306
0.96, 2628510
0.96, 2626924
0.96, 2623905
0.96, 2621640
0.96, 2615086
0.96, 2614495
0.96, 2614316
0.97, 2611755
0.97, 2600970
0.97, 2600613
0.97, 2594267
0.97, 2591748
0.97, 2591401
0.97, 2555415
0.97, 2553390
0.97, 2543061
0.97, 2531637
0.97, 2528014
0.97, 2522769
0.97, 2521003
0.97, 2517388
0.97, 2514994
0.97, 2506830
0.97, 2491823
0.97, 2483737
0.97, 2482121
0.97, 2481736
0.97, 2456251
0.97, 2439945
0.97, 2434156
0.97, 2433485
0.97, 2433121
0.97, 2427041
1.02, 2381170
1.02, 2380232
1.02, 2360673
1.02, 2360411
1.02, 2345632
1.02, 2345121
1.02, 2328358
1.03, 2320162
1.03, 2310080
1.03, 2289156
1.03, 2286936
1.03, 2280089
1.03, 2277903
1.03, 2276164
1.03, 2261546
1.03, 2259774
1.03, 2257976
1.03, 2250191
1.03, 2247156
1.03, 2242154
1.03, 2239206
1.03, 2236295
1.03, 2233819
1.11, 2227642
1.11, 2225398
1.11, 2220325
1.11, 2218928
1.11, 2218651
1.11, 2214866
1.11, 2214075
1.11, 2212875
1.11, 2210526
1.11, 2208720
1.11, 2204688
1.11, 2193960
1.11, 2191645
1.11, 2187299
1.11, 2186491
1.11, 2186325
1.11, 2179680
1.11, 2178723
1.11, 2176385
1.11, 2175337
1.11, 2172553
1.11, 2171347
1.11, 2166005
1.11, 2165898
1.11, 2159369
1.11, 2155646
1.11, 2155610
1.11, 2154919
1.11, 2153921
1.12, 2152548
1.12, 2151303
1.15, 2139954
1.15, 2133539
1.15, 2130037
1.15, 2124963
1.15, 2121358
1.15, 2113576
1.15, 2113275
1.15, 2108624
1.15, 2104338
1.15, 2103009
1.15, 2091915
1.15, 2085050
1.16, 2083221
1.16, 2082839
1.17, 2081944
1.17, 2071092
1.17, 2068740
1.17, 2065147
1.17, 2054217
1.17, 2047942
1.17, 2030408
1.17, 2030195
1.17, 2030005
1.17, 2024967
1.17, 2024645
1.18, 2024381
1.18, 2023744
1.18, 2003399
1.18, 2000032
1.18, 1993250
1.18, 1992697
1.18, 1988320
1.18, 1979753
1.18, 1960183
1.18, 1958524
1.19, 1957414
1.19, 1954038
1.19, 1948610
1.19, 1947764
1.19, 1945900
1.19, 1943053
1.19, 1938998
1.19, 1937213
1.19, 1930960
1.19, 1929511
1.19, 1927957
1.19, 1913661
1.19, 1908763
1.19, 1897747
1.19, 1896281
1.19, 1891262
1.19, 1886189
1.20, 1886023
1.20, 1884847
1.20, 1884722
1.20, 1883816
1.20, 1875213
1.20, 1874753
1.22, 1873356
1.22, 1872173
1.22, 1871297
1.22, 1870168
1.22, 1864191
1.22, 1860582
1.22, 1859546
1.22, 1846700
1.22, 1843997
1.22, 1840755
1.22, 1839857
1.22, 1839616
1.22, 1829825
1.22, 1826767
1.22, 1821016
1.22, 1817835
1.22, 1798733
1.22, 1798344
1.22, 1795451
1.22, 1789506
1.22, 1789489
1.22, 1785620
1.22, 1783551
1.22, 1775963
1.22, 1774920
1.22, 1773839
1.22, 1750437
1.22, 1750049
1.22, 1745497
1.38, 1741341
1.38, 1740601
1.38, 1740352
1.38, 1731295
1.38, 1721349
1.38, 1721102
1.38, 1720551
1.38, 1713068
1.38, 1709443
1.38, 1708252
1.38, 1704313
1.38, 1693946
1.38, 1691991
1.38, 1691603
1.38, 1687905
1.38, 1682409
1.38, 1681625
1.38, 1665708
1.38, 1660217
1.38, 1656429
1.38, 1655520
1.38, 1653811
1.38, 1652108
1.38, 1647645
1.38, 1642477
1.38, 1641676
1.42, 1641408
1.42, 1638887
1.42, 1638333
1.42, 1632136
1.42, 1628543
1.42, 1616668
1.42, 1610445
1.43, 1608447
1.43, 1604282
1.43, 1603075
1.43, 1587444
1.43, 1582990
1.44, 1577916
1.44, 1574421
1.44, 1573698
1.44, 1573154
1.44, 1572781
1.45, 1572358
1.45, 1571132
1.45, 1564544
1.45, 1563670
1.45, 1563469
1.45, 1560945
1.45, 1560066
1.45, 1556944
1.45, 1550610
1.45, 1549672
1.45, 1548125
1.45, 1545562
1.45, 1545224
1.45, 1543831
1.45, 1540057
1.45, 1539391
1.45, 1535371
1.45, 1533276
1.45, 1533079
1.45, 1531257
1.45, 1530354
1.45, 1528498
1.45, 1522949
1.45, 1522947
1.45, 1517455
1.45, 1516100
1.45, 1508906
1.45, 1506282
1.45, 1500414
1.45, 1499776
1.45, 1495121
1.45, 1486727
1.45, 1486124
1.50, 1485279
1.50, 1484874
1.50, 1482108
1.50, 1481261
1.55, 1480767
1.55, 1480741
1.55, 1473494
1.55, 1468680
1.55, 1467648
1.55, 1465731
1.56, 1465117
1.56, 1463118
1.56, 1460825
1.56, 1458295
1.56, 1457939
1.56, 1454379
1.56, 1442404
1.56, 1440282
1.56, 1439242
1.56, 1436514
1.56, 1435233
1.56, 1432439
1.56, 1430131
1.56, 1422400
1.56, 1420523
1.56, 1419812
1.56, 1416194
1.56, 1415337
1.56, 1412707
1.56, 1409712
1.56, 1409618
1.56, 1409498
1.59, 1407998
1.59, 1404768
1.61, 1399383
1.61, 1398583
1.61, 1396792
1.61, 1396459
1.61, 1394560
1.61, 1393989
1.61, 1393305
1.61, 1392957
1.61, 1390456
1.61, 1385545
1.61, 1381284
1.61, 1380510
1.61, 1380103
1.61, 1376930
1.61, 1376770
1.61, 1375536
1.61, 1375184
1.61, 1372528
1.61, 1371439
1.61, 1364075
1.61, 1360256
1.61, 1359831
1.61, 1359109
1.61, 1358807
1.61, 1356432
1.61, 1353172
1.61, 1353072
1.61, 1351978
1.61, 1349067
1.61, 1348377
1.61, 1347709
1.61, 1345947
1.61, 1334726
1.61, 1329709
1.61, 1328179
1.61, 1327973
1.62, 1325470
1.62, 1321958
1.62, 1320453
1.62, 1319787
1.62, 1319599
1.64, 1316395
1.64, 1308312
1.64, 1307059
1.64, 1305641
1.64, 1305277
1.66, 1303306
1.66, 1301287
1.66, 1299418
1.66, 1296294
1.66, 1295582
1.66, 1294783
1.66, 1293285
1.66, 1289870
1.66, 1280827
1.66, 1278050
1.67, 1277042
1.67, 1276380
1.67, 1276353
1.67, 1276339
1.67, 1276159
1.67, 1271576
1.67, 1268122
1.67, 1266238
1.67, 1262198
1.67, 1261230
1.67, 1256799
1.67, 1249042
1.67, 1248794
1.67, 1248532
1.67, 1246272
1.67, 1245784
1.67, 1237716
1.67, 1235047
1.67, 1223277
1.68, 1223136
1.68, 1222820
1.68, 1221584
1.75, 1221085
1.75, 1220101
1.75, 1218884
1.75, 1210932
1.76, 1210716
1.76, 1210272
1.76, 1204912
1.76, 1194097
1.77, 1193937
1.77, 1193520
1.78, 1189455
1.79, 1184210
1.79, 1181985
1.79, 1181620
1.79, 1178097
1.79, 1177068
1.79, 1173414
1.79, 1173239
1.79, 1171640
1.79, 1171512
1.79, 1167909
1.79, 1167057
1.79, 1164949
1.79, 1164084
1.79, 1163871
1.79, 1162660
1.79, 1160865
1.79, 1159673
1.80, 1159214
1.84, 1156476
1.84, 1154958
1.84, 1154953
1.84, 1154940
1.84, 1153402
1.84, 1153111
1.84, 1149230
1.84, 1149159
1.84, 1149040
1.84, 1146524
1.85, 1145176
1.85, 1141215
1.85, 1140312
1.85, 1140189
1.86, 1139992
1.86, 1138069
1.86, 1138067
1.86, 1136549
1.86, 1135371
1.86, 1133587
1.86, 1131907
1.86, 1129962
1.86, 1128332
1.86, 1126032
1.86, 1120077
1.86, 1119254
1.86, 1116223
1.86, 1114262
1.86, 1112977
1.86, 1111996
1.86, 1109336
1.86, 1108887
1.86, 1106244
1.86, 1104935
1.87, 1104167
1.87, 1098979
1.87, 1092897
1.87, 1091047
1.87, 1090415
1.87, 1089719
1.87, 1088962
1.87, 1088295
1.87, 1085876
1.87, 1084494
1.87, 1081249
1.87, 1074722
1.89, 1073892
1.89, 1073807
1.93, 1073089
1.93, 1072512
1.95, 1070749
1.95, 1067907
1.95, 1067819
1.95, 1067752
1.95, 1066733
1.95, 1066182
1.95, 1063166
1.95, 1061496
1.95, 1060587
1.95, 1059054
1.95, 1058896
1.95, 1054197
1.95, 1051455
1.95, 1051011
1.95, 1046775
1.97, 1046593
1.99, 1046086
1.99, 1041415
1.99, 1041145
1.99, 1039232
1.99, 1037151
1.99, 1036892
1.99, 1036718
1.99, 1035023
1.99, 1034715
1.99, 1034486
1.99, 1030954
1.99, 1029045
1.99, 1028425
1.99, 1024969
1.99, 1024628
1.99, 1023818
1.99, 1023530
1.99, 1021390
1.99, 1018238
1.99, 1017843
1.99, 1017653
2.00, 1016546
2.00, 1014204
2.00, 1009651
2.00, 1008762
2.00, 1004437
2.00, 1002741
2.03, 1002489
2.03, 998951
2.03, 995224
2.03, 995208
2.03, 993313
2.03, 992155
2.03, 990008
2.03, 989538
2.03, 987965
2.03, 984749
2.03, 984266
2.03, 983077
2.03, 981616
2.03, 980951
2.03, 978994
2.03, 978253
2.03, 976566
2.03, 969421
2.03, 968399
2.05, 968157
2.05, 967341
2.05, 965205
2.05, 964270
2.05, 962620
2.05, 960851
2.05, 960707
2.06, 960365
2.07, 959371
2.07, 953998
2.07, 950517
2.07, 950246
2.07, 949301
2.07, 946703
2.07, 945253
2.07, 941640
2.07, 941335
2.07, 939495
2.07, 939222
2.07, 936529
2.07, 936136
2.07, 935208
2.07, 933137
2.07, 933008
2.15, 933003
2.15, 931957
2.15, 931731
2.15, 928974
2.15, 927400
2.15, 927335
2.15, 926647
2.15, 921178
2.15, 920325
2.15, 919918
2.15, 918227
2.15, 916498
2.16, 915467
2.16, 914175
2.16, 913412
2.16, 909671
2.16, 909472
2.16, 907946
2.16, 907418
2.16, 906709
2.16, 904665
2.17, 903315
2.17, 899316
2.17, 898585
2.17, 898424
2.17, 897007
2.17, 893796
2.17, 893348
2.17, 892930
2.17, 892782
2.17, 891062
2.17, 889791
2.17, 889273
2.17, 887270
2.17, 886500
2.17, 886013
2.17, 885403
2.17, 884861
2.18, 884125
2.18, 883737
2.18, 878607
2.18, 877620
2.18, 876279
2.18, 874916
2.18, 874331
2.18, 872735
2.18, 871849
2.22, 870234
2.22, 869710
2.23, 863431
2.23, 862954
2.23, 862553
2.23, 861778
2.23, 861364
2.23, 861317
2.23, 859817
2.23, 859699
2.23, 859395
2.23, 858018
2.23, 856311
2.29, 855594
2.29, 854718
2.29, 852522
2.29, 851028
2.29, 847579
2.29, 844460
2.29, 843631
2.29, 842071
2.30, 839937
2.30, 839192
2.30, 838681
2.30, 837179
2.30, 834250
2.30, 831731
2.30, 831637
2.30, 831146
2.30, 831137
2.30, 830923
2.30, 829728
2.32, 829615
2.32, 828184
2.32, 827078
2.32, 826609
2.32, 825864
2.32, 823551
2.32, 823344
2.32, 822175
2.32, 821110
2.34, 820989
2.34, 819184
2.34, 816591
2.34, 815955
2.34, 815863
2.36, 814805
2.36, 814550
2.36, 813678
2.36, 813242
2.36, 812416
2.36, 811459
2.36, 811065
2.36, 808558
2.36, 808340
2.37, 803652
2.37, 802445
2.37, 802161
2.41, 798880
2.41, 798793
2.41, 795940
2.41, 792762
2.41, 792625
2.41, 792255
2.41, 789468
2.41, 789109
2.41, 788781
2.41, 788769
2.42, 785075
2.42, 783129
2.42, 782831
2.42, 781668
2.42, 781377
2.42, 781276
2.42, 780619
2.42, 780169
2.42, 778005
2.51, 777958
2.52, 777584
2.52, 777447
2.52, 777433
2.52, 776537
2.52, 773966
2.52, 773634
2.52, 773342
2.52, 772681
2.52, 772343
2.52, 769613
2.52, 766873
2.52, 765868
2.52, 765838
2.53, 764887
2.53, 764842
2.53, 764713
2.53, 764535
2.53, 764500
2.53, 764009
2.53, 763972
2.53, 762840
2.53, 762140
2.53, 761133
2.53, 761077
2.53, 758681
2.53, 756563
2.53, 756410
2.53, 755226
2.54, 754832
2.54, 754654
2.54, 754360
2.55, 753508
2.55, 752674
2.56, 752533
2.56, 751018
2.56, 750852
2.56, 750664
2.56, 748895
2.56, 748561
2.59, 747148
2.60, 747051
2.60, 745159
2.60, 745147
2.60, 744051
2.60, 743489
2.60, 743388
2.61, 742887
2.61, 742486
2.61, 742184
2.61, 740791
2.61, 738579
2.61, 738431
2.61, 736157
2.65, 735365
2.65, 735288
2.65, 734380
2.65, 734017
2.65, 733907
2.70, 733009
2.70, 732681
2.70, 731739
2.71, 731462
2.71, 731169
2.76, 730326
2.76, 729933
2.76, 729856
2.76, 729273
2.76, 728683
2.76, 726737
2.76, 725433
2.76, 725231
2.77, 724869
2.77, 724745
2.77, 723433
2.77, 723083
2.77, 722769
2.77, 722757
2.79, 722450
2.79, 721721
2.79, 720676
2.79, 717121
2.79, 716845
2.79, 716707
2.79, 716144
2.79, 716115
2.79, 715519
2.80, 714244
2.80, 714003
2.80, 713900
2.80, 713796
2.80, 713560
2.80, 713549
2.80, 711194
2.80, 711172
2.80, 710347
2.80, 708466
2.80, 708238
2.81, 707095
2.81, 706526
2.81, 705860
2.81, 703250
2.81, 702702
2.81, 702142
2.81, 702030
2.82, 701013
2.82, 700008
2.82, 699733
2.87, 699679
2.87, 698574
2.87, 698111
2.87, 697352
2.87, 697297
2.87, 696872
2.87, 696800
2.88, 696472
2.88, 693359
2.88, 691893
2.88, 690802
2.88, 690657
2.88, 689929
2.88, 689246
2.88, 688175
2.88, 688050
2.90, 687876
2.90, 687622
2.90, 687422
2.90, 687281
2.90, 686876
2.91, 685519
2.91, 685021
2.91, 684958
2.91, 684811
2.91, 684809
2.91, 684288
2.91, 684113
2.92, 683883
3.03, 681900
3.03, 681403
3.03, 680142
3.03, 680037
3.03, 679652
3.03, 679418
3.03, 679066
3.03, 678923
3.04, 678372
3.05, 678101
3.05, 678045
3.06, 677802
3.06, 677516
3.06, 677514
3.06, 676968
3.06, 676307
3.06, 675850
3.06, 675434
3.07, 675135
3.07, 674966
3.21, 674303
3.23, 673953
3.23, 673239
3.23, 672883
3.24, 672601
3.24, 672584
3.24, 672510
3.24, 672197
3.24, 672130
3.25, 671896
3.25, 671843
3.25, 671167
3.25, 670625
3.25, 670325
3.25, 670323
3.25, 670233
3.26, 669912
3.40, 669840
3.40, 669766
3.40, 668781
3.41, 668678
3.41, 668080
3.43, 667700
3.43, 667374
3.43, 667010
3.49, 666853
3.51, 666698
3.51, 666556
3.52, 666496
3.52, 666474
3.52, 665992
3.52, 665306
3.52, 665201
3.52, 665072
3.53, 665027
3.54, 664956
3.54, 664827
3.56, 664665
3.56, 664586
3.56, 664473
3.57, 664380
3.57, 664329
3.58, 664269
3.58, 664162
3.58, 664138
3.60, 663911
3.61, 663739
3.61, 663509
3.62, 663470
3.71, 663456
3.72, 663434
3.83, 663340
3.83, 663025
3.87, 662965
3.95, 662756
3.95, 662634
4.05, 662484
4.06, 662362
4.36, 662334
4.36, 662270
6.57, 662064
6.57, 661995
6.57, 661778
6.57, 661549
6.58, 661249
6.58, 661127
6.59, 661037
6.59, 660934
6.76, 660720
6.86, 660481
6.88, 660152
6.89, 659935
6.92, 659933
6.99, 659820
6.99, 659784
7.00, 659667
7.01, 659453
7.01, 659374
7.03, 658784
7.04, 658695
7.18, 658645
7.18, 658470
7.27, 658375
7.31, 658371
7.36, 658343
