0.00,7169779
0.00,7018819
0.00,6808474
0.00,6654724
0.00,6484725
0.00,6453773
0.00,6301189
0.00,6163250
0.00,6153808
0.00,6028237
0.01,6028397
0.01,5936818
0.01,5934833
0.01,5807887
0.01,5725325
0.01,5726030
0.01,5718682
0.01,5589971
0.01,5642919
0.01,5566954
0.01,5463790
0.01,5472361
0.01,5408454
0.01,5293476
0.01,5264891
0.01,5163860
0.01,5153372
0.01,5169910
0.01,5165999
0.01,5166425
0.01,5181691
0.01,5182680
0.01,5183205
0.01,5052388
0.01,4988116
0.01,4874242
0.01,4781009
0.01,4758681
0.01,4658693
0.01,4674148
0.01,4712572
0.01,4569172
0.01,4463113
0.01,4379534
0.01,4384240
0.01,4252753
0.01,4244984
0.01,4183881
0.01,4198509
0.02,4191505
0.02,4202735
0.02,4109294
0.02,4090680
0.02,4078872
0.02,4105087
0.02,4039131
0.02,4048619
0.02,4024237
0.02,4064318
0.02,4064105
0.02,4056620
0.02,4043295
0.02,4065092
0.02,4065755
0.02,4041734
0.02,4006290
0.02,3929533
0.02,3890419
0.02,3820665
0.02,3755113
0.02,3690565
0.02,3622073
0.02,3615582
0.02,3603145
0.02,3646346
0.02,3522509
0.02,3502627
0.02,3501655
0.02,3499504
0.02,3492378
0.02,3437426
0.02,3416298
0.02,3345274
0.02,3326657
0.02,3343128
0.02,3378699
0.02,3318571
0.02,3248427
0.02,3232451
0.02,3277376
0.02,3319950
0.02,3311620
0.02,3300071
0.02,3299485
0.02,3258766
0.02,3236202
0.02,3327787
0.02,3387238
0.02,3309656
0.02,3311721
0.02,3285591
0.02,3243417
0.02,3172096
0.02,3153906
0.02,3150444
0.02,3150755
0.02,3200947
0.02,3196415
0.02,3095735
0.02,3081393
0.02,3109820
0.02,3095966
0.02,3095488
0.02,3171953
0.02,3171736
0.02,3070044
0.02,3068048
0.02,3004040
0.02,2972411
0.02,2928361
0.02,2874770
0.02,2946688
0.02,2927316
0.02,2960382
0.02,3009511
0.03,3005721
0.03,3007569
0.03,3019388
0.03,3017353
0.03,2902082
0.03,2903586
0.03,2936565
0.03,2939511
0.03,2917605
0.03,2901455
0.03,2905851
0.03,2922106
0.03,2889562
0.03,2890777
0.03,2919319
0.03,2964381
0.03,2968699
0.03,2950040
0.03,2897816
0.03,2855819
0.03,2878892
0.03,2919611
0.03,2920197
0.03,2931746
0.03,2940076
0.03,2959592
0.03,2977557
0.03,2922279
0.03,2922482
0.03,2899490
0.03,2897946
0.03,2890816
0.03,2886172
0.03,2892745
0.03,2907223
0.03,2902973
0.03,2862727
0.03,2904879
0.03,2958938
0.03,2880540
0.03,2843347
0.03,2805000
0.03,2794303
0.03,2851051
0.03,2825615
0.03,2828425
0.03,2805886
0.03,2802346
0.03,2747700
0.03,2746066
0.03,2792613
0.03,2798009
0.03,2738775
0.03,2688357
0.03,2681592
0.03,2671535
0.03,2664768
0.03,2635602
0.03,2627923
0.03,2656125
0.03,2658323
0.03,2602456
0.03,2567275
0.03,2538494
0.03,2528149
0.03,2505226
0.03,2458522
0.03,2420104
0.03,2413902
0.03,2348880
0.03,2345904
0.03,2357777
0.03,2358459
0.03,2411075
0.03,2419436
0.03,2371480
0.03,2344602
0.03,2297846
0.03,2296918
0.03,2323538
0.03,2343615
0.03,2341498
0.03,2322263
0.03,2314197
0.03,2309645
0.03,2306814
0.03,2337465
0.03,2322799
0.03,2316903
0.04,2394350
0.04,2397437
0.04,2321494
0.04,2335617
0.04,2323947
0.04,2280438
0.04,2266715
0.04,2265084
0.04,2271712
0.04,2294277
0.04,2317962
0.04,2400078
0.04,2359382
0.04,2286294
0.04,2279939
0.04,2299882
0.04,2261266
0.04,2264537
0.04,2272448
0.04,2258085
0.04,2300685
0.04,2296806
0.04,2277289
0.04,2266771
0.04,2278721
0.04,2318860
0.04,2310762
0.04,2299527
0.04,2282381
0.04,2254412
0.04,2234934
0.04,2190279
0.04,2171634
0.04,2172887
0.04,2182635
0.04,2180816
0.04,2129292
0.04,2131222
0.04,2127682
0.04,2111967
0.04,2110495
0.04,2108592
0.04,2109742
0.04,2115964
0.04,2128269
0.04,2122962
0.04,2125907
0.04,2120722
0.04,2118877
0.04,2091648
0.04,2072011
0.04,2075051
0.04,2064559
0.04,2081938
0.04,2137045
0.04,2165321
0.04,2077168
0.04,2081279
0.04,2094527
0.04,2095938
0.04,2079731
0.04,2073435
0.04,2015878
0.04,2016343
0.04,2033330
0.04,1985432
0.04,1988566
0.04,1981181
0.04,1950625
0.04,1947333
0.04,1951974
0.04,1952973
0.04,2000537
0.04,1997525
0.04,2011813
0.04,1977003
0.04,1980815
0.04,1991981
0.04,1991624
0.04,1995542
0.04,2056721
0.04,2062450
0.04,2055051
0.04,2048156
0.04,2045183
0.04,2041581
0.04,2049990
0.04,2050165
0.04,2034113
0.05,2011339
0.05,2009931
0.05,2024669
0.05,2023100
0.05,1962671
0.05,1925259
0.05,1941908
0.05,1982360
0.05,1986356
0.05,1984984
0.05,1988693
0.05,2020576
0.05,2020308
0.05,2029435
0.05,2008953
0.05,1939265
0.05,1936961
0.05,1937017
0.05,1937355
0.05,1939754
0.05,1882640
0.05,1852716
0.05,1854585
0.05,1873675
0.05,1856910
0.05,1854716
0.05,1865042
0.05,1866054
0.05,1918268
0.05,1929525
0.05,1944119
0.05,1949933
0.05,1989569
0.05,1988054
0.05,2000566
0.05,2014050
0.05,2018744
0.05,2018668
0.05,2023176
0.05,2019283
0.05,2018054
0.05,1972474
0.05,1962619
0.05,1940930
0.05,1931251
0.05,1933608
0.05,1955580
0.05,1990117
0.05,2020080
0.05,1901075
0.05,1882865
0.05,1878118
0.05,1876883
0.05,1878390
0.05,1879966
0.05,1858593
0.05,1828955
0.05,1836079
0.05,1834273
0.05,1795220
0.05,1795243
0.05,1804486
0.05,1805905
0.05,1807449
0.05,1784249
0.05,1764325
0.05,1765264
0.05,1735792
0.05,1708782
0.05,1709022
0.05,1742697
0.05,1748602
0.05,1744627
0.05,1742149
0.05,1741847
0.05,1739216
0.05,1807361
0.05,1787753
0.05,1769966
0.05,1749807
0.05,1823528
0.05,1821223
0.05,1781012
0.05,1780244
0.05,1791726
0.05,1763937
0.05,1779044
0.05,1775618
0.05,1771738
0.05,1795835
0.06,1768341
0.06,1777104
0.06,1738920
0.06,1744048
0.06,1753440
0.06,1738960
0.06,1727877
0.06,1706827
0.06,1756645
0.06,1768184
0.06,1660043
0.06,1657083
0.06,1642943
0.06,1647427
0.06,1653508
0.06,1620540
0.06,1626877
0.06,1621667
0.06,1627524
0.06,1634466
0.06,1632688
0.06,1646518
0.06,1645896
0.06,1665404
0.06,1664634
0.06,1661064
0.06,1655438
0.06,1723688
0.06,1696333
0.06,1648283
0.06,1632416
0.06,1636192
0.06,1620837
0.06,1628577
0.06,1620963
0.06,1622107
0.06,1633159
0.06,1633725
0.06,1637165
0.06,1639812
0.06,1644479
0.06,1619910
0.06,1597195
0.06,1575629
0.06,1563893
0.06,1547613
0.06,1556546
0.06,1557140
0.06,1584914
0.06,1592651
0.06,1589504
0.06,1586125
0.06,1639847
0.06,1612297
0.06,1585814
0.06,1539262
0.06,1525377
0.06,1521592
0.06,1503251
0.06,1486364
0.06,1482978
0.06,1480749
0.06,1508372
0.06,1507428
0.06,1498807
0.06,1479959
0.06,1518578
0.06,1462839
0.06,1469768
0.06,1474549
0.06,1475032
0.06,1472649
0.06,1476478
0.06,1507202
0.06,1462005
0.06,1455445
0.06,1437819
0.06,1424951
0.06,1413670
0.06,1419665
0.06,1434478
0.06,1425412
0.06,1431175
0.06,1431101
0.06,1424527
0.06,1427658
0.06,1429381
0.06,1445222
0.06,1419459
0.06,1427704
0.07,1410596
0.07,1426126
0.07,1426519
0.07,1437098
0.07,1436589
0.07,1436017
0.07,1425823
0.07,1409047
0.07,1403815
0.07,1404258
0.07,1396742
0.07,1382330
0.07,1362769
0.07,1360028
0.07,1364418
0.07,1366471
0.07,1388961
0.07,1393129
0.07,1394858
0.07,1390666
0.07,1390187
0.07,1401902
0.07,1402122
0.07,1391619
0.07,1388702
0.07,1382856
0.07,1384862
0.07,1388751
0.07,1390512
0.07,1401673
0.07,1400244
0.07,1399521
0.07,1417572
0.07,1418788
0.07,1410296
0.07,1468588
0.07,1441934
0.07,1418545
0.07,1378955
0.07,1365947
0.07,1368533
0.07,1372298
0.07,1377734
0.07,1373815
0.07,1379011
0.07,1383011
0.07,1413139
0.07,1395225
0.07,1430515
0.07,1419228
0.07,1452054
0.07,1435357
0.07,1435167
0.07,1451302
0.07,1491116
0.07,1491820
0.07,1434516
0.07,1430568
0.07,1408414
0.07,1398096
0.07,1404284
0.07,1403727
0.07,1399274
0.07,1407375
0.07,1416853
0.07,1408359
0.07,1399408
0.07,1379332
0.07,1352299
0.07,1344285
0.07,1353325
0.07,1347724
0.07,1337308
0.07,1334932
0.07,1335920
0.07,1334896
0.07,1329486
0.07,1319027
0.07,1349525
0.07,1361158
0.07,1356702
0.07,1354749
0.07,1340613
0.07,1336903
0.07,1352978
0.07,1358507
0.07,1357342
0.07,1354095
0.07,1370539
0.07,1368775
0.08,1438834
0.08,1445503
0.08,1407419
0.08,1395278
0.08,1385459
0.08,1400089
0.08,1378871
0.08,1387653
0.08,1346081
0.08,1332813
0.08,1302683
0.08,1302656
0.08,1304921
0.08,1292263
0.08,1282514
0.08,1280987
0.08,1283386
0.08,1285650
0.08,1288636
0.08,1338022
0.08,1353752
0.08,1340022
0.08,1317903
0.08,1302335
0.08,1293720
0.08,1270420
0.08,1256528
0.08,1245092
0.08,1242183
0.08,1228252
0.08,1233420
0.08,1224876
0.08,1227220
0.08,1214543
0.08,1220018
0.08,1220701
0.08,1211155
0.08,1221399
0.08,1211935
0.08,1216004
0.08,1215537
0.08,1271130
0.08,1297785
0.08,1297687
0.08,1289888
0.08,1291326
0.08,1291857
0.08,1316385
0.08,1314343
0.08,1308064
0.08,1311695
0.08,1330104
0.08,1328691
0.08,1366175
0.08,1359122
0.08,1352481
0.08,1341941
0.08,1353756
0.08,1372420
0.08,1378972
0.08,1331014
0.08,1291879
0.08,1266895
0.08,1243434
0.08,1235699
0.08,1238686
0.08,1254800
0.08,1283672
0.08,1291890
0.08,1342971
0.08,1343945
0.08,1308230
0.08,1299200
0.08,1290882
0.08,1302135
0.08,1274742
0.08,1272313
0.08,1232446
0.08,1218335
0.08,1227891
0.08,1257916
0.08,1270908
0.08,1269819
0.08,1252066
0.08,1244380
0.08,1243894
0.08,1243570
0.09,1248449
0.09,1259161
0.09,1275586
0.09,1264240
0.09,1319187
0.09,1333324
0.09,1297059
0.09,1292922
0.09,1285105
0.09,1281200
0.09,1255558
0.09,1260729
0.09,1218815
0.09,1209351
0.09,1201998
0.09,1217995
0.09,1221029
0.09,1229179
0.09,1239168
0.09,1229220
0.09,1234455
0.09,1221336
0.09,1214896
0.09,1209242
0.09,1217140
0.09,1224755
0.09,1224607
0.09,1222732
0.09,1222494
0.09,1220095
0.09,1219490
0.09,1223722
0.09,1233683
0.09,1231614
0.09,1235254
0.09,1233585
0.09,1220586
0.09,1289310
0.09,1293270
0.09,1294985
0.09,1304438
0.09,1304405
0.09,1303342
0.09,1318997
0.09,1326596
0.09,1326444
0.09,1329988
0.09,1362186
0.09,1363887
0.09,1388069
0.09,1383096
0.09,1362078
0.09,1360856
0.09,1355953
0.09,1365057
0.09,1364129
0.09,1321603
0.09,1314666
0.09,1311027
0.09,1287923
0.09,1262773
0.09,1250388
0.09,1243922
0.09,1236529
0.09,1235343
0.09,1234278
0.09,1235925
0.09,1246413
0.09,1243497
0.09,1243882
0.09,1252333
0.09,1250894
0.09,1235826
0.09,1299798
0.09,1270304
0.09,1268078
0.09,1245495
0.09,1259591
0.09,1285925
0.09,1285551
0.09,1283800
0.09,1279966
0.09,1274241
0.09,1265085
0.09,1263589
0.09,1270284
0.09,1286530
0.09,1287711
0.09,1338333
0.10,1343063
0.10,1307192
0.10,1299068
0.10,1285705
0.10,1292824
0.10,1264804
0.10,1262168
0.10,1222824
0.10,1197374
0.10,1221145
0.10,1265941
0.10,1263606
0.10,1290031
0.10,1287297
0.10,1285017
0.10,1294322
0.10,1328189
0.10,1328181
0.10,1269597
0.10,1270011
0.10,1250057
0.10,1236846
0.10,1241282
0.10,1244236
0.10,1240651
0.10,1246836
0.10,1255307
0.10,1257238
0.10,1246038
0.10,1220420
0.10,1216746
0.10,1208801
0.10,1271432
0.10,1271493
0.10,1265720
0.10,1266569
0.10,1271299
0.10,1278985
0.10,1291685
0.10,1293233
0.10,1288623
0.10,1290013
0.10,1309558
0.10,1305497
0.10,1322122
0.10,1296389
0.10,1269511
0.10,1259153
0.10,1226698
0.10,1184266
0.10,1176431
0.10,1170818
0.10,1171755
0.10,1162962
0.10,1155824
0.10,1159851
0.10,1155452
0.10,1163287
0.10,1155614
0.10,1151697
0.10,1150917
0.10,1148816
0.10,1149639
0.10,1162979
0.10,1182293
0.10,1190586
0.10,1177089
0.10,1174091
0.10,1167803
0.10,1158148
0.10,1155864
0.10,1162117
0.10,1168884
0.10,1179700
0.10,1183485
0.10,1188367
0.10,1209494
0.10,1229282
0.10,1231079
0.10,1249571
0.10,1288463
0.10,1288751
0.10,1270523
0.10,1274625
0.10,1300764
0.10,1303730
0.10,1307818
0.10,1293016
0.10,1292701
0.10,1268505
0.10,1268745
0.11,1269724
0.11,1277267
0.11,1266948
0.11,1274513
0.11,1274816
0.11,1274277
0.11,1271087
0.11,1245235
0.11,1189518
0.11,1196800
0.11,1189901
0.11,1185528
0.11,1187359
0.11,1200685
0.11,1199211
0.11,1199051
0.11,1201342
0.11,1199805
0.11,1194429
0.11,1194009
0.11,1190524
0.11,1191306
0.11,1194873
0.11,1202000
0.11,1200063
0.11,1201923
0.11,1201473
0.11,1199043
0.11,1195906
0.11,1266311
0.11,1240497
0.11,1206315
0.11,1176043
0.11,1160385
0.11,1166700
0.11,1169774
0.11,1193024
0.11,1188389
0.11,1172126
0.11,1160266
0.11,1159942
0.11,1157920
0.11,1164184
0.11,1167927
0.11,1146152
0.11,1140957
0.11,1141480
0.11,1142918
0.11,1132211
0.11,1127219
0.11,1127755
0.11,1128063
0.11,1117013
0.11,1123673
0.11,1128779
0.11,1136021
0.11,1156957
0.11,1182307
0.11,1187118
0.11,1208456
0.11,1242432
0.11,1241480
0.11,1236545
0.11,1240347
0.11,1242961
0.11,1251394
0.11,1254022
0.11,1227963
0.11,1230031
0.11,1214789
0.11,1217652
0.11,1218968
0.11,1217991
0.11,1199143
0.11,1193393
0.11,1186503
0.11,1187628
0.11,1186710
0.11,1175826
0.11,1118372
0.11,1106076
0.11,1103998
0.11,1097022
0.11,1087710
0.11,1086676
0.11,1082905
0.11,1084923
0.11,1079971
0.12,1081744
0.12,1067154
0.12,1096973
0.12,1057523
0.12,1053761
0.12,1053670
0.12,1074602
0.12,1108489
0.12,1133345
0.12,1070278
0.12,1072427
0.12,1073422
0.12,1065354
0.12,1068563
0.12,1061662
0.12,1054510
0.12,1055726
0.12,1056216
0.12,1060714
0.12,1057293
0.12,1056405
0.12,1057334
0.12,1055502
0.12,1045935
0.12,1042556
0.12,1044774
0.12,1050518
0.12,1059527
0.12,1057906
0.12,1075076
0.12,1073385
0.12,1084621
0.12,1079672
0.12,1083567
0.12,1081536
0.12,1077766
0.12,1080739
0.12,1076137
0.12,1074933
0.12,1060343
0.12,1061681
0.12,1084128
0.12,1110052
0.12,1035112
0.12,1030554
0.12,1025135
0.12,1026737
0.12,1023696
0.12,1032314
0.12,1019518
0.12,1018396
0.12,1013381
0.12,1012744
0.12,1017242
0.12,1019485
0.12,1020678
0.12,1011256
0.12,1024887
0.12,1029982
0.12,1063582
0.12,1047794
0.12,1021427
0.12,1061407
0.12,1053755
0.12,1005167
0.12,997902
0.12,991832
0.12,989594
0.12,994734
0.12,992774
0.12,992246
0.12,992168
0.12,997491
0.12,996501
0.12,992303
0.12,992915
0.12,996497
0.12,987121
0.12,982921
0.12,980963
0.12,978992
0.12,973097
0.12,973149
0.12,965676
0.12,968120
0.12,994818
0.12,1018390
0.12,1025311
0.13,1049818
0.13,1094231
0.13,1095451
0.13,1101815
0.13,1107474
0.13,1110046
0.13,1118781
0.13,1121018
0.13,1097708
0.13,1096214
0.13,1058582
0.13,1055983
0.13,1057145
0.13,1057369
0.13,1043736
0.13,1041909
0.13,1039824
0.13,1040363
0.13,1036402
0.13,1022855
0.13,973930
0.13,967133
0.13,990711
0.13,1005993
0.13,1002391
0.13,994898
0.13,994867
0.13,1012332
0.13,1032422
0.13,1035122
0.13,1051578
0.13,1101591
0.13,1105562
0.13,1071499
0.13,1062793
0.13,1063141
0.13,1033716
0.13,1034252
0.13,1033527
0.13,1033409
0.13,1028235
0.13,1021083
0.13,1008307
0.13,999736
0.13,994528
0.13,1000736
0.13,1007107
0.13,1009027
0.13,1011129
0.13,1003851
0.13,1004718
0.13,998645
0.13,990980
0.13,986597
0.13,988024
0.13,981021
0.13,982253
0.13,980390
0.13,981580
0.13,984120
0.13,980461
0.13,983549
0.13,997919
0.13,996288
0.13,1005508
0.13,1004684
0.13,1005046
0.13,1006782
0.13,1006110
0.13,1006304
0.13,1006179
0.13,1002046
0.13,992303
0.13,992562
0.13,1006421
0.13,1031224
0.13,961788
0.13,962013
0.13,968813
0.13,976331
0.13,985239
0.13,991815
0.13,998612
0.13,1029165
0.13,1044313
0.13,1040584
0.13,1059222
0.13,1101342
0.13,1108638
0.13,1117249
0.13,1120868
0.14,1121749
0.14,1132523
0.14,1132086
0.14,1111312
0.14,1112491
0.14,1076075
0.14,1079944
0.14,1070525
0.14,1070096
0.14,1058279
0.14,1062005
0.14,1059003
0.14,1059135
0.14,1060689
0.14,1052848
0.14,1018175
0.14,1019237
0.14,1046514
0.14,1089628
0.14,1123748
0.14,1055589
0.14,1050134
0.14,1045603
0.14,1063558
0.14,1064383
0.14,1076013
0.14,1118062
0.14,1120962
0.14,1078982
0.14,1065845
0.14,1062142
0.14,1038189
0.14,1039046
0.14,1037882
0.14,1040210
0.14,1040970
0.14,1022644
0.14,999805
0.14,988976
0.14,968559
0.14,963149
0.14,962343
0.14,957303
0.14,961577
0.14,958924
0.14,959087
0.14,951534
0.14,951012
0.14,952906
0.14,952167
0.14,953324
0.14,951976
0.14,953523
0.14,953205
0.14,953989
0.14,953542
0.14,949302
0.14,944145
0.14,940784
0.14,934178
0.14,932529
0.14,936041
0.14,934152
0.14,948320
0.14,938499
0.14,938064
0.14,926713
0.14,920885
0.14,926594
0.14,926139
0.14,925943
0.14,926430
0.14,927182
0.14,921170
0.14,913887
0.14,916870
0.14,915135
0.14,915641
0.14,915678
0.14,926270
0.14,926780
0.14,934520
0.14,943576
0.14,945807
0.14,946589
0.14,952694
0.14,944609
0.14,950505
0.14,944493
0.14,940536
0.14,944228
0.15,944854
0.15,934791
0.15,934975
0.15,927081
0.15,925556
0.15,927877
0.15,931498
0.15,938621
0.15,939358
0.15,940792
0.15,947141
0.15,942493
0.15,944183
0.15,946934
0.15,953447
0.15,961104
0.15,966178
0.15,985618
0.15,1015357
0.15,1042250
0.15,980863
0.15,979797
0.15,976573
0.15,979559
0.15,975441
0.15,974482
0.15,969868
0.15,974911
0.15,967616
0.15,965947
0.15,965999
0.15,964972
0.15,964731
0.15,967437
0.15,966416
0.15,967438
0.15,954308
0.15,951118
0.15,953389
0.15,951967
0.15,954994
0.15,961434
0.15,961904
0.15,964232
0.15,968150
0.15,967025
0.15,959744
0.15,977970
0.15,1002490
0.15,1011181
0.15,1033054
0.15,1086684
0.15,1088173
0.15,1089708
0.15,1096676
0.15,1083821
0.15,1090350
0.15,1090446
0.15,1052298
0.15,1050554
0.15,1025525
0.15,1040322
0.15,1045936
0.15,1049523
0.15,1042972
0.15,1048754
0.15,1042983
0.15,1065688
0.15,1058065
0.15,1036641
0.15,1023962
0.15,1010111
0.15,950090
0.15,925552
0.15,929336
0.15,918680
0.15,908107
0.15,903022
0.15,897963
0.15,899839
0.15,904168
0.15,904059
0.15,907422
0.15,904117
0.15,892916
0.15,887918
0.15,883008
0.16,889565
0.16,890442
0.16,889255
0.16,877133
0.16,873211
0.16,877689
0.16,878054
0.16,878772
0.16,877677
0.16,880933
0.16,877725
0.16,873143
0.16,872666
0.16,872480
0.16,868671
0.16,863440
0.16,859667
0.16,856654
0.16,867638
0.16,868480
0.16,868074
0.16,861342
0.16,861479
0.16,861746
0.16,862732
0.16,856593
0.16,860664
0.16,861029
0.16,860232
0.16,855556
0.16,862393
0.16,859805
0.16,856441
0.16,854182
0.16,865063
0.16,864441
0.16,861634
0.16,859844
0.16,861254
0.16,860676
0.16,864354
0.16,859817
0.16,859922
0.16,864804
0.16,866422
0.16,857194
0.16,857243
0.16,855707
0.16,854578
0.16,848448
0.16,847690
0.16,844204
0.16,840568
0.16,838601
0.16,835375
0.16,831932
0.16,828184
0.16,824932
0.16,826526
0.16,826324
0.16,832264
0.16,832268
0.16,831425
0.16,829081
0.16,830483
0.16,830360
0.16,828404
0.16,831684
0.16,830070
0.16,831388
0.16,833701
0.16,835079
0.16,835092
0.16,834487
0.16,835457
0.16,830944
0.16,832287
0.16,833884
0.16,834466
0.16,832445
0.16,830130
0.16,821723
0.16,821235
0.16,823638
0.16,817755
0.16,814603
0.16,818444
0.16,823829
0.17,827101
0.17,823758
0.17,822067
0.17,818372
0.17,816243
0.17,812874
0.17,809823
0.17,806879
0.17,803937
0.17,803966
0.17,802218
0.17,801564
0.17,802597
0.17,801275
0.17,801491
0.17,797517
0.17,799710
0.17,794830
0.17,792431
0.17,793617
0.17,792539
0.17,796087
0.17,797168
0.17,798135
0.17,807341
0.17,815343
0.17,818425
0.17,826525
0.17,833199
0.17,832602
0.17,831295
0.17,823234
0.17,826847
0.17,823942
0.17,823078
0.17,831119
0.17,833991
0.17,832941
0.17,835685
0.17,829591
0.17,824428
0.17,822455
0.17,822779
0.17,824955
0.17,829926
0.17,834836
0.17,835632
0.17,838511
0.17,839810
0.17,844382
0.17,845138
0.17,846898
0.17,850537
0.17,873315
0.17,903521
0.17,928066
0.17,859900
0.17,870826
0.17,871623
0.17,874657
0.17,897212
0.17,917175
0.17,921169
0.17,944314
0.17,981759
0.17,982070
0.17,984952
0.17,984552
0.17,989761
0.17,994761
0.17,994995
0.17,971218
0.17,968150
0.17,946756
0.17,942269
0.17,940320
0.17,939352
0.17,923562
0.17,921030
0.17,922788
0.17,921253
0.17,920122
0.17,904672
0.17,853365
0.17,829016
0.17,832164
0.17,845161
0.17,857883
0.17,867033
0.18,870609
0.18,863286
0.18,877758
0.18,871511
0.18,878832
0.18,909226
0.18,901453
0.18,840840
0.18,823718
0.18,823060
0.18,795328
0.18,789720
0.18,801952
0.18,845109
0.18,857721
0.18,854591
0.18,835643
0.18,822656
0.18,817639
0.18,794454
0.18,786485
0.18,793337
0.18,786118
0.18,779871
0.18,799141
0.18,795914
0.18,799010
0.18,792596
0.18,800670
0.18,785219
0.18,787995
0.18,814837
0.18,777246
0.18,785214
0.18,787254
0.18,788259
0.18,780110
0.18,787930
0.18,789793
0.18,801509
0.18,824268
0.18,824040
0.18,770720
0.18,768254
0.18,765865
0.18,764008
0.18,763036
0.18,762643
0.18,760517
0.18,761950
0.18,767790
0.18,769563
0.18,781479
0.18,779252
0.18,769199
0.18,765559
0.18,758306
0.18,757023
0.18,759883
0.18,762185
0.18,766113
0.18,767177
0.18,769488
0.18,767353
0.18,765324
0.18,763354
0.18,766757
0.18,764396
0.18,765119
0.18,762569
0.18,760119
0.18,761451
0.18,763329
0.18,765359
0.18,767641
0.18,765230
0.18,766961
0.18,770006
0.18,772819
0.18,779740
0.18,779934
0.18,778860
0.18,776489
0.18,771092
0.18,768849
0.18,771650
0.18,771868
0.18,775245
0.18,773974
0.18,774142
0.19,773699
0.19,773703
0.19,779157
0.19,779414
0.19,772433
0.19,769752
0.19,773441
0.19,771435
0.19,772808
0.19,823460
0.19,835479
0.19,837292
0.19,837950
0.19,838363
0.19,842300
0.19,854452
0.19,854340
0.19,890530
0.19,891380
0.19,888114
0.19,890319
0.19,897310
0.19,890514
0.19,900461
0.19,895905
0.19,893843
0.19,870585
0.19,868033
0.19,860257
0.19,842395
0.19,850959
0.19,838266
0.19,822148
0.19,810332
0.19,805998
0.19,798736
0.19,797999
0.19,804276
0.19,838753
0.19,850669
0.19,860159
0.19,862338
0.19,879267
0.19,886323
0.19,897292
0.19,942142
0.19,942878
0.19,904953
0.19,891793
0.19,896505
0.19,888172
0.19,909344
0.19,839527
0.19,839886
0.19,841499
0.19,833642
0.19,832425
0.19,819734
0.19,820230
0.19,811126
0.19,785772
0.19,782755
0.19,776760
0.19,778449
0.19,777811
0.19,780590
0.19,775818
0.19,769117
0.19,766255
0.19,759564
0.19,758551
0.19,760060
0.19,757421
0.19,754278
0.19,756385
0.19,756796
0.19,757676
0.19,763847
0.19,766817
0.19,769464
0.19,773063
0.19,772013
0.19,771066
0.19,770986
0.19,769301
0.19,768306
0.19,772127
0.19,772609
0.20,777529
0.20,771621
0.20,769937
0.20,770976
0.20,764263
0.20,763850
0.20,763518
0.20,756713
0.20,754412
0.20,753425
0.20,755076
0.20,754726
0.20,755065
0.20,752120
0.20,749991
0.20,751709
0.20,754231
0.20,752067
0.20,754631
0.20,757722
0.20,757397
0.20,758122
0.20,763847
0.20,762229
0.20,759915
0.20,760924
0.20,765592
0.20,768812
0.20,769726
0.20,768370
0.20,780502
0.20,783035
0.20,778413
0.20,823213
0.20,848678
0.20,849434
0.20,845966
0.20,848041
0.20,849815
0.20,860349
0.20,867019
0.20,910202
0.20,912233
0.20,918814
0.20,916054
0.20,917901
0.20,925036
0.20,930051
0.20,898320
0.20,896390
0.20,872655
0.20,869404
0.20,858432
0.20,841916
0.20,846677
0.20,826972
0.20,814819
0.20,809454
0.20,813679
0.20,831076
0.20,860548
0.20,886156
0.20,848078
0.20,846220
0.20,850990
0.20,843927
0.20,854937
0.20,854438
0.20,864611
0.20,914690
0.20,913744
0.20,875371
0.20,862611
0.20,863463
0.20,836983
0.20,837742
0.20,831221
0.20,829135
0.20,822519
0.20,812390
0.20,810730
0.20,798529
0.20,797020
0.20,786306
0.20,764531
0.20,762177
0.20,757706
0.20,754038
0.20,751644
0.21,760287
0.21,760166
0.21,749709
0.21,747667
0.21,747992
0.21,745627
0.21,743598
0.21,741885
0.21,740029
0.21,739098
0.21,736109
0.21,736448
0.21,734927
0.21,733141
0.21,733575
0.21,739781
0.21,744946
0.21,748452
0.21,746736
0.21,742767
0.21,741437
0.21,744859
0.21,745628
0.21,745358
0.21,739001
0.21,737418
0.21,736186
0.21,736241
0.21,737682
0.21,740342
0.21,740841
0.21,743375
0.21,739846
0.21,738277
0.21,737162
0.21,734955
0.21,733627
0.21,735617
0.21,737081
0.21,738430
0.21,742075
0.21,741962
0.21,751730
0.21,757131
0.21,762373
0.21,768142
0.21,772151
0.21,771242
0.21,764964
0.21,764969
0.21,762271
0.21,765143
0.21,771863
0.21,779960
0.21,775744
0.21,775224
0.21,772070
0.21,764977
0.21,766323
0.21,770730
0.21,767694
0.21,775883
0.21,778352
0.21,781687
0.21,782049
0.21,786662
0.21,787019
0.21,790220
0.21,789173
0.21,787777
0.21,842096
0.21,875784
0.21,913967
0.21,942528
0.21,879937
0.21,886738
0.21,897656
0.21,897933
0.21,933907
0.21,931151
0.21,932687
0.21,932021
0.21,932211
0.21,936396
0.21,938180
0.21,915379
0.21,912329
0.21,893178
0.21,889395
0.22,880955
0.22,853391
0.22,845122
0.22,821421
0.22,802815
0.22,787821
0.22,785273
0.22,783343
0.22,779208
0.22,778350
0.22,808440
0.22,807569
0.22,813630
0.22,806045
0.22,817759
0.22,820141
0.22,834434
0.22,887033
0.22,885018
0.22,839993
0.22,828578
0.22,820385
0.22,791039
0.22,774499
0.22,764832
0.22,762059
0.22,740647
0.22,731355
0.22,729939
0.22,730672
0.22,730316
0.22,728178
0.22,727029
0.22,725373
0.22,727865
0.22,723790
0.22,723431
0.22,722032
0.22,720667
0.22,719302
0.22,720574
0.22,718947
0.22,717570
0.22,720324
0.22,717249
0.22,716901
0.22,715569
0.22,714395
0.22,713256
0.22,713089
0.22,714141
0.22,713413
0.22,715480
0.22,714986
0.22,714169
0.22,715257
0.22,713188
0.22,710838
0.22,711730
0.22,712051
0.22,711037
0.22,712285
0.22,710463
0.22,708629
0.22,707490
0.22,706473
0.22,705994
0.22,703535
0.22,702947
0.22,703195
0.22,703633
0.22,701803
0.22,700929
0.22,700567
0.22,703204
0.22,707194
0.22,704816
0.22,702700
0.22,706803
0.22,710461
0.22,710078
0.22,699756
0.22,702543
0.22,702078
0.22,700140
0.22,701851
0.22,698166
0.22,697382
0.23,696613
0.23,695855
0.23,695105
0.23,694358
0.23,693678
0.23,693777
0.23,693715
0.23,692914
0.23,692937
0.23,692602
0.23,691963
0.23,691340
0.23,690743
0.23,690196
0.23,689653
0.23,689122
0.23,688564
0.23,688095
0.23,687654
0.23,687560
0.23,687122
0.23,688983
0.23,687947
0.23,687583
0.23,686702
0.23,686846
0.23,687188
0.23,689637
0.23,688210
0.23,689184
0.23,695151
0.23,698285
0.23,697780
0.23,698223
0.23,699742
0.23,698836
0.23,702950
0.23,703038
0.23,702009
0.23,701973
0.23,702024
0.23,701873
0.23,699199
0.23,698810
0.23,695346
0.23,693308
0.23,693638
0.23,694788
0.23,693422
0.23,694973
0.23,696334
0.23,695934
0.23,696640
0.23,696985
0.23,695181
0.23,696603
0.23,702633
0.23,707961
0.23,710789
0.23,712819
0.23,717098
0.23,715972
0.23,719571
0.23,726199
0.23,728105
0.23,729371
0.23,731236
0.23,726816
0.23,726597
0.23,728169
0.23,730694
0.23,731555
0.23,732039
0.23,726360
0.23,725727
0.23,724333
0.23,724890
0.23,727558
0.23,727577
0.23,730793
0.23,735531
0.23,733245
0.23,736254
0.23,739492
0.23,746630
0.23,767399
0.23,802651
0.23,827611
0.23,759779
0.23,767285
0.24,770099
0.24,771876
0.24,823913
0.24,834030
0.24,833666
0.24,835055
0.24,833636
0.24,835050
0.24,843169
0.24,842573
0.24,877807
0.24,878788
0.24,881310
0.24,881337
0.24,882558
0.24,885224
0.24,887020
0.24,864043
0.24,861239
0.24,840504
0.24,835744
0.24,826855
0.24,801078
0.24,793733
0.24,770293
0.24,751616
0.24,734403
0.24,731225
0.24,728817
0.24,725373
0.24,727358
0.24,758096
0.24,756006
0.24,764247
0.24,753896
0.24,764119
0.24,746638
0.24,748908
0.24,757912
0.24,776485
0.24,772444
0.24,721408
0.24,719519
0.24,691787
0.24,686179
0.24,685774
0.24,685370
0.24,684971
0.24,684573
0.24,684675
0.24,684929
0.24,685051
0.24,686289
0.24,686080
0.24,686343
0.24,685751
0.24,683929
0.24,684865
0.24,684175
0.24,683868
0.24,683379
0.24,686065
0.24,683023
0.24,682676
0.24,682380
0.24,682101
0.24,681840
0.24,681580
0.24,681347
0.24,681095
0.24,680526
0.24,680373
0.24,680228
0.24,680111
0.24,680008
0.24,679908
0.24,679809
0.24,679735
0.24,679669
0.24,679609
0.24,679577
