0.00,6721706
0.00,6609576
0.00,6551724
0.00,6504531
0.00,6410722
0.00,6355529
0.00,6367182
0.00,6260922
0.00,6251833
0.01,6252574
0.01,6249048
0.01,6017551
0.01,5981841
0.01,5987894
0.01,5912721
0.01,5910542
0.01,5811199
0.01,5720805
0.01,5696927
0.01,5586303
0.01,5471897
0.01,5373851
0.01,5286963
0.01,5292280
0.01,5318045
0.01,5282971
0.01,5283849
0.01,5309465
0.01,5308079
0.01,5241911
0.01,5084724
0.01,5103748
0.01,5102260
0.01,4976640
0.01,5033688
0.01,5057726
0.01,5044196
0.01,5021598
0.01,5000329
0.01,4995661
0.01,5009378
0.01,5012152
0.01,5019626
0.01,4967153
0.01,4877541
0.01,4797194
0.01,4710988
0.01,4758127
0.01,4761510
0.02,4715786
0.02,4671896
0.02,4710051
0.02,4586866
0.02,4586211
0.02,4632986
0.02,4633613
0.02,4589164
0.02,4495324
0.02,4492422
0.02,4489409
0.02,4492036
0.02,4515133
0.02,4517696
0.02,4518206
0.02,4503916
0.02,4502555
0.02,4507288
0.02,4510361
0.02,4454370
0.02,4449242
0.02,4458040
0.02,4477074
0.02,4490782
0.02,4474522
0.02,4387784
0.02,4302101
0.02,4219929
0.02,4225482
0.02,4149693
0.02,4074834
0.02,4108924
0.02,4146451
0.02,4143692
0.02,4064602
0.02,4093436
0.02,4068890
0.02,3997650
0.02,4034697
0.02,3903085
0.02,3851936
0.02,3854207
0.02,3745209
0.02,3726737
0.02,3794854
0.02,3793529
0.02,3749956
0.02,3702462
0.02,3722416
0.02,3641927
0.02,3639879
0.02,3586068
0.02,3587329
0.02,3594354
0.02,3602664
0.02,3559425
0.02,3533351
0.02,3460214
0.02,3479023
0.02,3470158
0.02,3454729
0.02,3392569
0.02,3377284
0.02,3373611
0.02,3316460
0.02,3334017
0.02,3307771
0.02,3308335
0.02,3317563
0.02,3345528
0.02,3297807
0.02,3325502
0.02,3285219
0.02,3215956
0.02,3150517
0.02,3133602
0.03,3073310
0.03,3016861
0.03,3003602
0.03,2993449
0.03,2970810
0.03,2928174
0.03,2898633
0.03,2863585
0.03,2848701
0.03,2812194
0.03,2776261
0.03,2748741
0.03,2710635
0.03,2673012
0.03,2605309
0.03,2653581
0.03,2606282
0.03,2624481
0.03,2606518
0.03,2553431
0.03,2550806
0.03,2540088
0.03,2512909
0.03,2514226
0.03,2512490
0.03,2492642
0.03,2487149
0.03,2483231
0.03,2426545
0.03,2436856
0.03,2431490
0.03,2427437
0.03,2420055
0.03,2435397
0.03,2409830
0.03,2378167
0.03,2341416
0.03,2344979
0.03,2340998
0.03,2259373
0.03,2275606
0.03,2283081
0.03,2320838
0.03,2305994
0.03,2307081
0.03,2345822
0.03,2332197
0.03,2289109
0.03,2275020
0.03,2251791
0.03,2240473
0.03,2211358
0.03,2222871
0.03,2253144
0.03,2250373
0.03,2277476
0.03,2231456
0.03,2194222
0.03,2209373
0.03,2208098
0.03,2204918
0.03,2184796
0.03,2119418
0.03,2126467
0.03,2109481
0.03,2108974
0.03,2073467
0.03,2074160
0.03,2069248
0.03,2084928
0.03,2090644
0.03,2108777
0.03,2112529
0.03,2110085
0.03,2122466
0.03,2116819
0.03,2133100
0.03,2178746
0.03,2167416
0.03,2166910
0.03,2166292
0.03,2175833
0.03,2162090
0.03,2162204
0.03,2154743
0.03,2175099
0.03,2129335
0.03,2130357
0.04,2124748
0.04,2128565
0.04,2121808
0.04,2041977
0.04,2041074
0.04,2038716
0.04,2036616
0.04,2026056
0.04,2015487
0.04,2018414
0.04,2016951
0.04,2000590
0.04,1984054
0.04,1955709
0.04,1955005
0.04,1926325
0.04,1923840
0.04,1923036
0.04,1898264
0.04,1897984
0.04,1882728
0.04,1876284
0.04,1856806
0.04,1832825
0.04,1828854
0.04,1830100
0.04,1854595
0.04,1838774
0.04,1844541
0.04,1838163
0.04,1838799
0.04,1797057
0.04,1790725
0.04,1792964
0.04,1812135
0.04,1809030
0.04,1766396
0.04,1767035
0.04,1766776
0.04,1735698
0.04,1739660
0.04,1740146
0.04,1740266
0.04,1716188
0.04,1735773
0.04,1736511
0.04,1726852
0.04,1721516
0.04,1707784
0.04,1706745
0.04,1714829
0.04,1735495
0.04,1737480
0.04,1770888
0.04,1792728
0.04,1725242
0.04,1704857
0.04,1696886
0.04,1705569
0.04,1714295
0.04,1765378
0.04,1726383
0.04,1664674
0.04,1659017
0.04,1662674
0.04,1672897
0.04,1669026
0.04,1671812
0.04,1679259
0.04,1689985
0.04,1698893
0.04,1691970
0.04,1713468
0.04,1806722
0.04,1801380
0.04,1763559
0.04,1754188
0.04,1749232
0.04,1716576
0.04,1723153
0.04,1740767
0.04,1728566
0.04,1730827
0.04,1728327
0.04,1706878
0.04,1679823
0.04,1689614
0.05,1704846
0.05,1701893
0.05,1707581
0.05,1698422
0.05,1645583
0.05,1645684
0.05,1652035
0.05,1651798
0.05,1654733
0.05,1646953
0.05,1644468
0.05,1636931
0.05,1620460
0.05,1597817
0.05,1617314
0.05,1619758
0.05,1616782
0.05,1622857
0.05,1630601
0.05,1627751
0.05,1618241
0.05,1628552
0.05,1625321
0.05,1618012
0.05,1622433
0.05,1620211
0.05,1624562
0.05,1628538
0.05,1623859
0.05,1637914
0.05,1633266
0.05,1629568
0.05,1597182
0.05,1576123
0.05,1561111
0.05,1550788
0.05,1547390
0.05,1537193
0.05,1554365
0.05,1580191
0.05,1591444
0.05,1582487
0.05,1596065
0.05,1591949
0.05,1592042
0.05,1598321
0.05,1613119
0.05,1631008
0.05,1643693
0.05,1659092
0.05,1646299
0.05,1646866
0.05,1644853
0.05,1636670
0.05,1658870
0.05,1655748
0.05,1613608
0.05,1612075
0.05,1597444
0.05,1603534
0.05,1608340
0.05,1522817
0.05,1500876
0.05,1533355
0.05,1532527
0.05,1481918
0.05,1478992
0.05,1505232
0.05,1474694
0.05,1547991
0.05,1537526
0.05,1542005
0.05,1577042
0.05,1571541
0.05,1612296
0.05,1614866
0.05,1616164
0.05,1614131
0.05,1614534
0.05,1609250
0.05,1608816
0.05,1601192
0.05,1590347
0.05,1562400
0.05,1537217
0.05,1535692
0.05,1529154
0.06,1522650
0.06,1487368
0.06,1455599
0.06,1471820
0.06,1476064
0.06,1477791
0.06,1467308
0.06,1476643
0.06,1479146
0.06,1478919
0.06,1463285
0.06,1465166
0.06,1468625
0.06,1437327
0.06,1417689
0.06,1423291
0.06,1418599
0.06,1394151
0.06,1390692
0.06,1374838
0.06,1385413
0.06,1396848
0.06,1396912
0.06,1400922
0.06,1392428
0.06,1388054
0.06,1382344
0.06,1381074
0.06,1362747
0.06,1366923
0.06,1393689
0.06,1347674
0.06,1342590
0.06,1335583
0.06,1322429
0.06,1320615
0.06,1318467
0.06,1309840
0.06,1329581
0.06,1339245
0.06,1343831
0.06,1343422
0.06,1339658
0.06,1334080
0.06,1326860
0.06,1331314
0.06,1337865
0.06,1336664
0.06,1322816
0.06,1306227
0.06,1300338
0.06,1287968
0.06,1283783
0.06,1282613
0.06,1269959
0.06,1260766
0.06,1257432
0.06,1249721
0.06,1250345
0.06,1251505
0.06,1255674
0.06,1269078
0.06,1267917
0.06,1264045
0.06,1271185
0.06,1277461
0.06,1276743
0.06,1273513
0.06,1277690
0.06,1284312
0.06,1282760
0.06,1279928
0.06,1284154
0.06,1287718
0.06,1263291
0.06,1258562
0.06,1272144
0.06,1276406
0.06,1283679
0.06,1299152
0.06,1367788
0.06,1342622
0.06,1278614
0.06,1270159
0.06,1256671
0.06,1244378
0.06,1246280
0.06,1249428
0.06,1254487
0.07,1229296
0.07,1223787
0.07,1212300
0.07,1203668
0.07,1191610
0.07,1191808
0.07,1203965
0.07,1249356
0.07,1260530
0.07,1247477
0.07,1263508
0.07,1269668
0.07,1272043
0.07,1288379
0.07,1322409
0.07,1334633
0.07,1353600
0.07,1354518
0.07,1364219
0.07,1372836
0.07,1366528
0.07,1370500
0.07,1382127
0.07,1396780
0.07,1383393
0.07,1340961
0.07,1345022
0.07,1324098
0.07,1323194
0.07,1276393
0.07,1257248
0.07,1254241
0.07,1243819
0.07,1275276
0.07,1274334
0.07,1283095
0.07,1258612
0.07,1271604
0.07,1269742
0.07,1272106
0.07,1322032
0.07,1325616
0.07,1291238
0.07,1279196
0.07,1278141
0.07,1251055
0.07,1238697
0.07,1235368
0.07,1241731
0.07,1226853
0.07,1241117
0.07,1206716
0.07,1178900
0.07,1176028
0.07,1174041
0.07,1174828
0.07,1201795
0.07,1210228
0.07,1215379
0.07,1209445
0.07,1202773
0.07,1214038
0.07,1201293
0.07,1213363
0.07,1208971
0.07,1213252
0.07,1213698
0.07,1210627
0.07,1214412
0.07,1221204
0.07,1216918
0.07,1221620
0.07,1223598
0.07,1226339
0.07,1219453
0.07,1219596
0.07,1227479
0.07,1228814
0.07,1207811
0.07,1204154
0.07,1202067
0.07,1195869
0.07,1197270
0.07,1202312
0.07,1203215
0.07,1210230
0.07,1204553
0.07,1210677
0.08,1185863
0.08,1182790
0.08,1182632
0.08,1166071
0.08,1175034
0.08,1181116
0.08,1179715
0.08,1199574
0.08,1199606
0.08,1198966
0.08,1252754
0.08,1245969
0.08,1253789
0.08,1278608
0.08,1307108
0.08,1300335
0.08,1296707
0.08,1333712
0.08,1333280
0.08,1315082
0.08,1320389
0.08,1331683
0.08,1310243
0.08,1308937
0.08,1294816
0.08,1301968
0.08,1272877
0.08,1276562
0.08,1214512
0.08,1157998
0.08,1152572
0.08,1148418
0.08,1151454
0.08,1144261
0.08,1141576
0.08,1174445
0.08,1156936
0.08,1130523
0.08,1130715
0.08,1112700
0.08,1110846
0.08,1117574
0.08,1112319
0.08,1116924
0.08,1111022
0.08,1108314
0.08,1101933
0.08,1101693
0.08,1102206
0.08,1093996
0.08,1084752
0.08,1082265
0.08,1082526
0.08,1091966
0.08,1147236
0.08,1176703
0.08,1111621
0.08,1096638
0.08,1077577
0.08,1077554
0.08,1079297
0.08,1066919
0.08,1069654
0.08,1057545
0.08,1058021
0.08,1047482
0.08,1048308
0.08,1043575
0.08,1042425
0.08,1039274
0.08,1039770
0.08,1042524
0.08,1040267
0.08,1041606
0.08,1038630
0.08,1036429
0.08,1030665
0.08,1031803
0.08,1026318
0.08,1027716
0.08,1029017
0.08,1028458
0.08,1027365
0.08,1032089
0.08,1033164
0.08,1028789
0.08,1017098
0.09,1024532
0.09,1025524
0.09,1026856
0.09,1022151
0.09,1024454
0.09,1018293
0.09,1019310
0.09,1016578
0.09,1013315
0.09,1012795
0.09,1005192
0.09,1006992
0.09,998490
0.09,991135
0.09,991885
0.09,994446
0.09,984640
0.09,987999
0.09,991672
0.09,989155
0.09,989746
0.09,990773
0.09,986248
0.09,983577
0.09,981702
0.09,986656
0.09,990569
0.09,982446
0.09,977272
0.09,973167
0.09,964661
0.09,958053
0.09,957808
0.09,956233
0.09,960483
0.09,954811
0.09,950210
0.09,950747
0.09,957827
0.09,955277
0.09,950821
0.09,954133
0.09,958060
0.09,951605
0.09,951689
0.09,953698
0.09,955131
0.09,954716
0.09,949158
0.09,948357
0.09,953000
0.09,961404
0.09,960445
0.09,959849
0.09,954396
0.09,948325
0.09,951185
0.09,950178
0.09,952035
0.09,962710
0.09,964267
0.09,971551
0.09,972677
0.09,975177
0.09,979376
0.09,967551
0.09,974916
0.09,963075
0.09,957904
0.09,956554
0.09,965212
0.09,967049
0.09,951732
0.09,946689
0.09,947267
0.09,967882
0.09,970927
0.09,970359
0.09,963979
0.09,972576
0.09,970666
0.09,982710
0.09,989271
0.09,988318
0.09,990864
0.09,991576
0.09,989555
0.09,980166
0.10,978240
0.10,987909
0.10,988754
0.10,986337
0.10,988742
0.10,987831
0.10,986156
0.10,989759
0.10,990214
0.10,982953
0.10,985855
0.10,976649
0.10,970203
0.10,973109
0.10,979399
0.10,983003
0.10,985535
0.10,982831
0.10,980949
0.10,978356
0.10,971451
0.10,962815
0.10,968302
0.10,972495
0.10,973398
0.10,989794
0.10,996226
0.10,1005266
0.10,1008870
0.10,1003391
0.10,1008390
0.10,1009638
0.10,1037111
0.10,1038166
0.10,1047701
0.10,1079647
0.10,1083030
0.10,1037871
0.10,1025088
0.10,1021957
0.10,997281
0.10,993324
0.10,983741
0.10,978114
0.10,960228
0.10,993610
0.10,1000718
0.10,1005657
0.10,1027840
0.10,1033785
0.10,1020856
0.10,1019807
0.10,1064611
0.10,1051710
0.10,996755
0.10,986789
0.10,987871
0.10,990411
0.10,988677
0.10,960319
0.10,938435
0.10,996491
0.10,1025276
0.10,958545
0.10,945382
0.10,939979
0.10,944038
0.10,947735
0.10,933224
0.10,939959
0.10,924595
0.10,929971
0.10,916330
0.10,913453
0.10,920685
0.10,973572
0.10,998663
0.10,932784
0.10,907855
0.10,909353
0.10,938673
0.10,901896
0.10,899417
0.10,901588
0.10,906760
0.10,892876
0.10,895790
0.10,895389
0.10,891196
0.10,886825
0.11,885091
0.11,886028
0.11,889358
0.11,890516
0.11,888230
0.11,889933
0.11,891234
0.11,890675
0.11,889582
0.11,894306
0.11,895381
0.11,895770
0.11,887046
0.11,885502
0.11,885776
0.11,886138
0.11,893206
0.11,911320
0.11,965460
0.11,965069
0.11,968971
0.11,976872
0.11,979222
0.11,979155
0.11,996086
0.11,1000509
0.11,1010583
0.11,1011070
0.11,1014783
0.11,1017861
0.11,1024580
0.11,1023098
0.11,1016812
0.11,969326
0.11,965865
0.11,981949
0.11,983493
0.11,973398
0.11,973773
0.11,975264
0.11,952635
0.11,977020
0.11,980217
0.11,987599
0.11,986699
0.11,1000803
0.11,1002543
0.11,1003029
0.11,1049836
0.11,1052713
0.11,1020781
0.11,1009808
0.11,1010875
0.11,987241
0.11,987729
0.11,980901
0.11,1034460
0.11,1018369
0.11,965133
0.11,960912
0.11,942574
0.11,933331
0.11,922533
0.11,905146
0.11,893316
0.11,890010
0.11,884192
0.11,887204
0.11,892009
0.11,892375
0.11,884974
0.11,881455
0.11,877897
0.11,878034
0.11,870928
0.11,870299
0.11,871639
0.11,870254
0.11,866804
0.11,868920
0.11,863881
0.11,859459
0.11,863018
0.11,864704
0.11,866254
0.11,864028
0.11,861831
0.11,862726
0.11,855075
0.12,850419
0.12,846099
0.12,842665
0.12,840145
0.12,842612
0.12,847539
0.12,844698
0.12,846520
0.12,850579
0.12,852270
0.12,848874
0.12,838985
0.12,837776
0.12,833702
0.12,834160
0.12,830912
0.12,833984
0.12,832533
0.12,833491
0.12,839096
0.12,846248
0.12,845489
0.12,842807
0.12,837705
0.12,837708
0.12,837216
0.12,839787
0.12,837946
0.12,832206
0.12,831735
0.12,837767
0.12,844940
0.12,846939
0.12,844779
0.12,839147
0.12,833973
0.12,829322
0.12,828307
0.12,829374
0.12,829309
0.12,824903
0.12,829616
0.12,834801
0.12,837209
0.12,838956
0.12,839911
0.12,844445
0.12,844148
0.12,849117
0.12,841632
0.12,835395
0.12,835855
0.12,838234
0.12,837111
0.12,838257
0.12,836992
0.12,834748
0.12,828010
0.12,827064
0.12,827761
0.12,827845
0.12,825829
0.12,819588
0.12,821639
0.12,827605
0.12,827162
0.12,827613
0.12,821597
0.12,815899
0.12,812346
0.12,810035
0.12,810517
0.12,810254
0.12,813996
0.12,813036
0.12,806866
0.12,806484
0.12,803128
0.12,803192
0.12,799574
0.12,797813
0.12,797894
0.12,795076
0.12,797691
0.12,794231
0.12,793305
0.12,802612
0.12,801313
0.13,797095
0.13,790710
0.13,799895
0.13,797213
0.13,796818
0.13,794345
0.13,791055
0.13,787053
0.13,785746
0.13,790863
0.13,796685
0.13,797025
0.13,798371
0.13,795394
0.13,792194
0.13,792415
0.13,793060
0.13,791350
0.13,788179
0.13,796744
0.13,797552
0.13,797474
0.13,793740
0.13,793786
0.13,786527
0.13,785400
0.13,785296
0.13,793395
0.13,795586
0.13,800443
0.13,799712
0.13,800271
0.13,798947
0.13,796029
0.13,793375
0.13,795623
0.13,798068
0.13,800250
0.13,805485
0.13,803966
0.13,800899
0.13,796865
0.13,791188
0.13,790091
0.13,790271
0.13,791501
0.13,787058
0.13,783828
0.13,783582
0.13,782683
0.13,785877
0.13,781238
0.13,778493
0.13,776067
0.13,773724
0.13,774667
0.13,781821
0.13,780863
0.13,780178
0.13,787297
0.13,801710
0.13,854039
0.13,855830
0.13,862907
0.13,869695
0.13,871674
0.13,872433
0.13,893955
0.13,895975
0.13,906648
0.13,907884
0.13,913909
0.13,912294
0.13,919717
0.13,923938
0.13,920313
0.13,880262
0.13,868482
0.13,866266
0.13,864818
0.13,851732
0.13,844696
0.13,841316
0.13,810496
0.13,831659
0.13,829549
0.13,840044
0.14,838795
0.14,859912
0.14,863748
0.14,874116
0.14,924499
0.14,925115
0.14,891252
0.14,876756
0.14,878371
0.14,853189
0.14,855303
0.14,851086
0.14,851451
0.14,849207
0.14,841432
0.14,837377
0.14,818101
0.14,815884
0.14,807486
0.14,799203
0.14,809936
0.14,813465
0.14,811623
0.14,815839
0.14,821463
0.14,820364
0.14,816638
0.14,817629
0.14,819037
0.14,821521
0.14,820858
0.14,819928
0.14,821076
0.14,821295
0.14,820980
0.14,830511
0.14,832393
0.14,830575
0.14,832619
0.14,830931
0.14,828977
0.14,824467
0.14,819268
0.14,814281
0.14,813547
0.14,815860
0.14,814003
0.14,811014
0.14,807661
0.14,806914
0.14,796880
0.14,797493
0.14,789395
0.14,793456
0.14,789018
0.14,789510
0.14,790257
0.14,784423
0.14,788692
0.14,789642
0.14,791245
0.14,794306
0.14,798983
0.14,811270
0.14,866039
0.14,891299
0.14,827611
0.14,798135
0.14,781317
0.14,783268
0.14,784291
0.14,781881
0.14,776589
0.14,780787
0.14,780630
0.14,778248
0.14,774517
0.14,771397
0.14,769096
0.14,766833
0.14,768624
0.14,769647
0.14,770639
0.14,764289
0.14,762629
0.14,760604
0.14,760592
0.15,762853
0.15,763256
0.15,763206
0.15,758129
0.15,757485
0.15,757777
0.15,760141
0.15,757492
0.15,756717
0.15,758590
0.15,760967
0.15,768576
0.15,768181
0.15,768440
0.15,765865
0.15,767590
0.15,764603
0.15,753911
0.15,754608
0.15,752334
0.15,750424
0.15,749489
0.15,747615
0.15,746685
0.15,745005
0.15,743339
0.15,743998
0.15,740958
0.15,741064
0.15,738849
0.15,738316
0.15,737209
0.15,736682
0.15,735087
0.15,733572
0.15,734619
0.15,733870
0.15,732079
0.15,731099
0.15,730341
0.15,728569
0.15,728654
0.15,729034
0.15,726785
0.15,725150
0.15,726214
0.15,726693
0.15,731332
0.15,735182
0.15,738315
0.15,739913
0.15,741355
0.15,747537
0.15,749876
0.15,748767
0.15,742957
0.15,739825
0.15,737133
0.15,737863
0.15,734542
0.15,732465
0.15,729602
0.15,727454
0.15,728660
0.15,728818
0.15,729160
0.15,728409
0.15,730419
0.15,729670
0.15,725978
0.15,723485
0.15,726353
0.15,727965
0.15,724981
0.15,726968
0.15,726255
0.15,725294
0.15,725501
0.15,726681
0.15,730044
0.15,727397
0.15,727138
0.15,725161
0.15,726615
0.15,729491
0.15,730982
0.15,728606
0.16,726966
0.16,721302
0.16,719944
0.16,720261
0.16,718595
0.16,717283
0.16,716022
0.16,715638
0.16,722684
0.16,724606
0.16,721909
0.16,714411
0.16,713201
0.16,712057
0.16,711184
0.16,712479
0.16,712269
0.16,712970
0.16,711221
0.16,710100
0.16,708765
0.16,707707
0.16,706753
0.16,705802
0.16,704871
0.16,704024
0.16,704917
0.16,706441
0.16,706859
0.16,705488
0.16,705407
0.16,708126
0.16,705375
0.16,705147
0.16,705828
0.16,706597
0.16,703102
0.16,703052
0.16,703172
0.16,702180
0.16,701349
0.16,700569
0.16,709966
0.16,711656
0.16,712988
0.16,713223
0.16,706403
0.16,704853
0.16,701836
0.16,703793
0.16,703312
0.16,699805
0.16,699043
0.16,698285
0.16,698794
0.16,701864
0.16,698691
0.16,699188
0.16,700201
0.16,700872
0.16,699953
0.16,697460
0.16,697285
0.16,696543
0.16,703758
0.16,700027
0.16,719724
0.16,697053
0.16,704099
0.16,706021
0.16,703324
0.16,695826
0.16,695133
0.16,694465
0.16,696039
0.16,696726
0.16,698362
0.16,697923
0.16,698742
0.16,697187
0.16,699544
0.16,699994
0.16,700841
0.16,693806
0.16,693151
0.16,694006
0.16,696249
0.17,693775
0.17,695347
0.17,697198
0.17,702848
0.17,692502
0.17,691865
0.17,693040
0.17,692234
0.17,692526
0.17,692547
0.17,692834
0.17,695217
0.17,691480
0.17,691349
0.17,696034
0.17,697709
0.17,697103
0.17,690650
0.17,690078
0.17,690234
0.17,688958
0.17,689435
0.17,688711
0.17,688235
0.17,687794
0.17,688394
0.17,699478
0.17,698599
0.17,691644
0.17,693448
0.17,696311
0.17,697579
0.17,692146
0.17,692722
0.17,687432
0.17,687623
0.17,689244
0.17,689193
0.17,690185
0.17,690687
0.17,693977
0.17,698419
0.17,698291
0.17,698083
0.17,688346
0.17,686685
0.17,686338
0.17,686040
0.17,685746
0.17,697332
0.17,687088
0.17,689501
0.17,688345
0.17,685325
0.17,685089
0.17,684859
0.17,684684
0.17,685945
0.17,686701
0.17,690095
0.17,696896
0.17,698168
0.17,698487
0.17,705419
0.17,718504
0.17,751038
0.17,763235
0.17,765076
0.17,767596
0.17,771112
0.17,781008
0.17,781515
0.17,816304
0.17,817808
0.17,822764
0.17,824029
0.17,833590
0.17,831008
0.17,825489
0.17,809552
0.17,807622
0.17,785536
0.17,781929
0.17,775122
0.17,770983
0.17,751521
0.17,750126
0.17,721706
0.18,744197
0.18,747780
0.18,756569
0.18,755292
0.18,772252
0.18,774678
0.18,782130
0.18,830361
0.18,832126
0.18,795869
0.18,788086
0.18,791143
0.18,764822
0.18,763578
0.18,758469
0.18,754556
0.18,752031
0.18,744646
0.18,736161
0.18,718220
0.18,715058
0.18,709906
0.18,708622
0.18,724574
0.18,723481
0.18,727015
0.18,727654
0.18,732065
0.18,729809
0.18,730311
0.18,733185
0.18,733370
0.18,735607
0.18,735949
0.18,742002
0.18,746653
0.18,748597
0.18,746901
0.18,747632
0.18,743911
0.18,742161
0.18,740106
0.18,735473
0.18,736129
0.18,733522
0.18,732727
0.18,733071
0.18,732590
0.18,729908
0.18,719087
0.18,717918
0.18,718789
0.18,716775
0.18,714991
0.18,708027
0.18,700716
0.18,697723
0.18,690372
0.18,691476
0.18,703141
0.18,701894
0.18,704880
0.18,704991
0.18,701641
0.18,703243
0.18,707685
0.18,716457
0.18,801884
0.18,776541
0.18,743397
0.18,725408
0.18,712401
0.18,710646
0.18,702899
0.18,696368
0.18,688124
0.18,695180
0.18,695150
0.18,695799
0.18,690767
0.18,688473
0.18,685295
0.18,684515
0.18,684362
0.18,685385
0.18,685680
0.18,685716
0.18,686958
0.19,686340
0.19,686446
0.19,684231
0.19,684803
0.19,684402
0.19,684698
0.19,685993
0.19,685783
0.19,686484
0.19,684735
0.19,683614
0.19,683485
0.19,683425
0.19,683367
0.19,683339
0.19,683312
