0.01, 7033550
0.01, 7024636
0.01, 7018814
0.01, 6977363
0.01, 6975833
0.01, 6966212
0.01, 6960611
0.01, 6954859
0.01, 6951834
0.01, 6921518
0.01, 6905713
0.01, 6894194
0.01, 6884423
0.01, 6853514
0.01, 6850890
0.01, 6809443
0.01, 6806446
0.01, 6799199
0.01, 6798017
0.01, 6796478
0.01, 6751744
0.01, 6750858
0.01, 6745899
0.01, 6742590
0.01, 6728285
0.01, 6726938
0.01, 6725105
0.01, 6724487
0.01, 6668989
0.01, 6660868
0.01, 6658690
0.01, 6577045
0.01, 6526836
0.01, 6525173
0.01, 6524241
0.01, 6483077
0.01, 6473431
0.01, 6461928
0.01, 6459781
0.01, 6455794
0.01, 6433686
0.01, 6425147
0.01, 6410591
0.01, 6402892
0.01, 6390832
0.01, 6369359
0.01, 6357943
0.01, 6356207
0.01, 6303592
0.01, 6284563
0.01, 6268872
0.01, 6246653
0.01, 6226353
0.01, 6217009
0.01, 6208042
0.01, 6208025
0.01, 6197732
0.01, 6183646
0.01, 6122860
0.01, 6122238
0.01, 6117334
0.01, 6099608
0.01, 6084191
0.01, 6071359
0.01, 6057588
0.01, 6056625
0.01, 6045921
0.01, 6036107
0.01, 6020997
0.01, 6017287
0.01, 6005085
0.01, 6004700
0.01, 5991086
0.01, 5990739
0.01, 5989872
0.01, 5976802
0.01, 5950552
0.01, 5947803
0.01, 5920827
0.01, 5907116
0.01, 5906002
0.01, 5902534
0.01, 5863886
0.01, 5856532
0.01, 5852662
0.01, 5848624
0.01, 5808192
0.01, 5805745
0.01, 5789313
0.01, 5764077
0.01, 5759427
0.01, 5700196
0.01, 5699664
0.01, 5692375
0.01, 5669424
0.01, 5662389
0.01, 5649056
0.01, 5644395
0.01, 5631639
0.01, 5630439
0.01, 5628465
0.01, 5612901
0.01, 5612363
0.01, 5602043
0.01, 5601186
0.01, 5593255
0.01, 5584600
0.01, 5573344
0.01, 5559220
0.01, 5543326
0.01, 5537117
0.03, 5513574
0.03, 5512267
0.03, 5503386
0.03, 5502657
0.03, 5491075
0.03, 5484685
0.03, 5471639
0.03, 5471635
0.03, 5470351
0.03, 5457460
0.03, 5457356
0.03, 5452825
0.04, 5449794
0.04, 5449211
0.04, 5432572
0.04, 5427712
0.04, 5359197
0.04, 5357570
0.04, 5356079
0.04, 5349791
0.04, 5336929
0.04, 5250707
0.04, 5248612
0.04, 5247856
0.04, 5225842
0.04, 5224170
0.04, 5218865
0.04, 5217090
0.04, 5186079
0.04, 5184720
0.04, 5175844
0.04, 5161677
0.06, 5154796
0.06, 5152670
0.06, 5146916
0.06, 5141832
0.06, 5122713
0.06, 5114316
0.06, 5113357
0.06, 5072646
0.06, 5066298
0.06, 5066012
0.06, 5064113
0.06, 5050877
0.09, 4989633
0.09, 4989313
0.09, 4987721
0.19, 4972923
0.19, 4970389
0.19, 4964390
0.23, 4916989
0.23, 4910372
0.23, 4897921
0.23, 4885607
0.23, 4881507
0.23, 4796981
0.23, 4790337
0.23, 4787013
0.23, 4785033
0.23, 4764527
0.23, 4754062
0.23, 4752497
0.23, 4748850
0.23, 4725733
0.23, 4722205
0.23, 4715896
0.28, 4694853
0.28, 4673819
0.28, 4666735
0.30, 4635916
0.30, 4633471
0.30, 4613334
0.30, 4589484
0.30, 4549884
0.30, 4547930
0.30, 4533364
0.33, 4510023
0.33, 4502241
0.38, 4501311
0.38, 4496450
0.38, 4495858
0.38, 4488822
0.38, 4488673
0.38, 4482850
0.38, 4472673
0.38, 4454773
0.38, 4450622
0.38, 4433884
0.38, 4427071
0.38, 4425308
0.38, 4425181
0.38, 4404321
0.38, 4397888
0.38, 4397483
0.38, 4389797
0.38, 4387590
0.38, 4374402
0.38, 4367704
0.38, 4358887
0.38, 4349796
0.38, 4338759
0.38, 4331231
0.38, 4323036
0.38, 4317197
0.38, 4311501
0.38, 4297126
0.38, 4296232
0.38, 4290990
0.38, 4278963
0.38, 4274505
0.38, 4235235
0.38, 4230906
0.38, 4220090
0.38, 4195013
0.38, 4184889
0.38, 4177167
0.38, 4152852
0.41, 4149373
0.41, 4147129
0.41, 4126498
0.48, 4115020
0.48, 4112639
0.48, 4110260
0.48, 4109881
0.48, 4108407
0.48, 4101284
0.48, 4100619
0.48, 4097255
0.48, 4096878
0.48, 4095595
0.48, 4089092
0.48, 4086895
0.48, 4086168
0.48, 4061366
0.48, 4041642
0.48, 4029781
0.51, 4027347
0.51, 4016047
0.51, 4012256
0.51, 4009696
0.51, 3998508
0.51, 3995857
0.51, 3992290
0.51, 3984961
0.51, 3971191
0.51, 3969419
0.51, 3967486
0.51, 3966031
0.51, 3928686
0.51, 3906457
0.51, 3897473
0.51, 3889211
0.51, 3886598
0.51, 3884817
0.51, 3881985
0.51, 3873536
0.51, 3869079
0.51, 3863467
0.51, 3853850
0.51, 3810257
0.51, 3800290
0.51, 3797521
0.51, 3797373
0.51, 3775145
0.60, 3765852
0.60, 3758362
0.60, 3751617
0.60, 3749937
0.60, 3729059
0.60, 3726864
0.60, 3726464
0.60, 3725405
0.60, 3725384
0.60, 3711363
0.60, 3704873
0.60, 3664173
0.60, 3660048
0.60, 3656404
0.60, 3646715
0.60, 3636085
0.60, 3625001
0.60, 3623375
0.60, 3622573
0.60, 3613818
0.60, 3607661
0.60, 3605180
0.60, 3571766
0.60, 3562487
0.61, 3559797
0.61, 3559413
0.61, 3558644
0.61, 3553122
0.61, 3548435
0.61, 3517451
0.61, 3513387
0.61, 3511770
0.63, 3503685
0.63, 3502866
0.63, 3493331
0.63, 3467468
0.63, 3458241
0.63, 3432017
0.63, 3428762
0.66, 3421434
0.66, 3397596
0.66, 3380937
0.66, 3371671
0.66, 3355345
0.66, 3344626
0.66, 3344064
0.73, 3343404
0.73, 3324519
0.73, 3312664
0.73, 3309684
0.75, 3307969
0.75, 3303490
0.75, 3290422
0.75, 3281223
0.75, 3280946
0.75, 3278070
0.75, 3273026
0.75, 3269998
0.75, 3263683
0.75, 3263519
0.75, 3240901
0.75, 3222233
0.76, 3220188
0.76, 3194325
0.76, 3190729
0.76, 3190080
0.76, 3187518
0.76, 3177508
0.76, 3176564
0.76, 3176001
0.76, 3173167
0.76, 3160006
0.76, 3158868
0.76, 3158022
0.76, 3109948
0.76, 3104966
0.76, 3095852
0.80, 3092152
0.80, 3090443
0.80, 3086913
0.80, 3082772
0.80, 3078289
0.80, 3072986
0.80, 3055030
0.80, 3046385
0.80, 3045655
0.80, 3036252
0.80, 3034369
0.80, 3033150
0.80, 3013423
0.80, 3009782
0.80, 3008002
0.80, 3005210
0.81, 3001896
0.81, 2990341
0.81, 2989393
0.81, 2981108
0.81, 2980165
0.81, 2977068
0.81, 2967190
0.81, 2966291
0.81, 2965799
0.81, 2932720
0.81, 2932678
0.81, 2923967
0.81, 2919778
0.82, 2903485
0.82, 2891610
0.82, 2885096
0.82, 2884024
0.82, 2876035
0.82, 2865965
0.82, 2865735
0.82, 2864879
0.82, 2861985
0.82, 2858581
0.82, 2846195
0.91, 2844862
0.91, 2836809
0.91, 2825755
0.91, 2825501
0.91, 2820950
0.91, 2816932
0.91, 2792079
0.91, 2788819
0.91, 2788502
0.91, 2786750
0.91, 2779585
0.92, 2773478
0.92, 2757591
0.92, 2745898
0.92, 2745554
0.92, 2744645
0.92, 2735775
0.92, 2733478
0.92, 2733232
0.92, 2727331
0.92, 2717945
0.92, 2714014
0.94, 2709197
0.94, 2707847
0.94, 2707662
0.94, 2706152
0.94, 2702743
0.94, 2696360
0.94, 2694404
0.94, 2692515
0.94, 2692487
0.94, 2666444
0.94, 2663964
0.94, 2662923
0.94, 2662323
0.94, 2652459
0.94, 2648992
0.94, 2644930
0.94, 2639700
0.94, 2627589
0.94, 2617661
0.94, 2599131
0.94, 2597126
0.94, 2582168
1.00, 2580835
1.00, 2580218
1.00, 2563042
1.02, 2559512
1.02, 2554067
1.02, 2553115
1.02, 2552888
1.02, 2549585
1.02, 2545714
1.02, 2542261
1.02, 2534890
1.02, 2534364
1.02, 2506995
1.02, 2456725
1.02, 2454497
1.02, 2453411
1.02, 2452497
1.02, 2446741
1.02, 2444926
1.02, 2438170
1.02, 2421750
1.02, 2417095
1.02, 2413910
1.02, 2412534
1.02, 2407518
1.02, 2405163
1.02, 2400048
1.02, 2385447
1.02, 2377823
1.02, 2374484
1.02, 2370193
1.02, 2367240
1.02, 2365682
1.02, 2361046
1.07, 2354217
1.07, 2353997
1.07, 2353226
1.07, 2348063
1.07, 2347327
1.07, 2347122
1.07, 2344096
1.07, 2343816
1.07, 2331499
1.07, 2330302
1.08, 2329917
1.08, 2323990
1.08, 2323893
1.08, 2312578
1.08, 2311250
1.08, 2309715
1.08, 2308414
1.08, 2307599
1.13, 2293592
1.13, 2281640
1.13, 2277425
1.13, 2276103
1.13, 2273530
1.13, 2270540
1.13, 2266230
1.13, 2260244
1.13, 2240490
1.13, 2239963
1.13, 2239397
1.13, 2236816
1.13, 2235031
1.13, 2234243
1.13, 2219994
1.13, 2219575
1.13, 2215283
1.13, 2212038
1.13, 2211956
1.13, 2210448
1.13, 2208005
1.16, 2197579
1.16, 2191054
1.16, 2188474
1.16, 2187804
1.16, 2187496
1.16, 2183394
1.16, 2182450
1.16, 2182168
1.16, 2177768
1.16, 2170341
1.16, 2163624
1.16, 2161988
1.16, 2152303
1.16, 2146444
1.16, 2145794
1.17, 2145481
1.17, 2142813
1.17, 2130687
1.17, 2127867
1.17, 2113066
1.17, 2085270
1.17, 2082135
1.17, 2082015
1.17, 2079492
1.17, 2049003
1.24, 2047703
1.24, 2043134
1.24, 2036849
1.24, 2035515
1.24, 2035026
1.25, 2021632
1.25, 2018267
1.25, 2009276
1.25, 2004018
1.25, 1997198
1.25, 1990931
1.25, 1990638
1.25, 1983844
1.25, 1979865
1.26, 1978885
1.26, 1973786
1.26, 1971974
1.26, 1970531
1.26, 1970271
1.26, 1969938
1.26, 1961640
1.26, 1960722
1.26, 1959886
1.26, 1959090
1.26, 1957503
1.26, 1947009
1.26, 1944806
1.26, 1944038
1.26, 1944013
1.26, 1942155
1.26, 1938845
1.26, 1927984
1.27, 1923004
1.27, 1921092
1.27, 1916328
1.27, 1905264
1.27, 1900296
1.27, 1900237
1.27, 1897329
1.29, 1895149
1.29, 1894790
1.29, 1890996
1.29, 1890310
1.29, 1877828
1.30, 1873614
1.30, 1872883
1.30, 1864133
1.30, 1854123
1.30, 1847252
1.30, 1846911
1.30, 1839188
1.30, 1833493
1.30, 1832667
1.30, 1832552
1.31, 1828340
1.31, 1825935
1.31, 1825754
1.31, 1824058
1.34, 1814054
1.34, 1806030
1.34, 1803843
1.34, 1801352
1.34, 1787560
1.34, 1784629
1.34, 1783554
1.34, 1779340
1.34, 1777954
1.34, 1774439
1.34, 1773592
1.34, 1771830
1.34, 1771620
1.34, 1761944
1.34, 1758160
1.34, 1756677
1.34, 1756601
1.34, 1755451
1.34, 1745883
1.34, 1743297
1.34, 1742464
1.34, 1742463
1.36, 1741393
1.36, 1739852
1.36, 1738380
1.36, 1733960
1.36, 1732455
1.36, 1727020
1.36, 1721967
1.36, 1719570
1.36, 1716400
1.36, 1715564
1.41, 1714542
1.41, 1708303
1.41, 1706836
1.41, 1705644
1.41, 1698312
1.41, 1697341
1.41, 1695726
1.41, 1694423
1.41, 1694174
1.41, 1693250
1.41, 1685007
1.41, 1673702
1.41, 1666346
1.41, 1660560
1.41, 1659499
1.41, 1655217
1.41, 1647391
1.41, 1645108
1.41, 1643142
1.41, 1641525
1.41, 1639758
1.44, 1622664
1.45, 1619507
1.45, 1616751
1.45, 1611101
1.45, 1609813
1.45, 1604738
1.45, 1603125
1.45, 1602738
1.45, 1592697
1.45, 1589866
1.45, 1589688
1.45, 1586779
1.45, 1585495
1.45, 1580250
1.45, 1578545
1.45, 1578329
1.45, 1572684
1.45, 1568482
1.45, 1565569
1.45, 1564787
1.45, 1559147
1.45, 1557877
1.45, 1555263
1.45, 1549465
1.45, 1549349
1.45, 1548557
1.47, 1547268
1.47, 1543728
1.47, 1539516
1.47, 1537246
1.47, 1530234
1.47, 1523918
1.48, 1517286
1.48, 1508034
1.48, 1503884
1.48, 1500588
1.50, 1497180
1.50, 1494963
1.50, 1486971
1.50, 1486442
1.58, 1486043
1.58, 1483432
1.58, 1481505
1.58, 1480155
1.58, 1479187
1.58, 1477054
1.58, 1475696
1.58, 1475045
1.58, 1473333
1.58, 1473179
1.58, 1473174
1.58, 1467187
1.58, 1466339
1.58, 1465331
1.58, 1463215
1.58, 1457386
1.58, 1457005
1.58, 1456619
1.58, 1453545
1.58, 1451746
1.58, 1451447
1.58, 1449986
1.58, 1449943
1.58, 1447086
1.58, 1446869
1.58, 1446361
1.58, 1441308
1.58, 1439298
1.58, 1436758
1.59, 1434547
1.59, 1433273
1.59, 1430445
1.59, 1429884
1.59, 1428844
1.59, 1417928
1.59, 1416008
1.59, 1415979
1.60, 1413808
1.60, 1412998
1.60, 1410718
1.60, 1410609
1.60, 1406025
1.60, 1405300
1.60, 1404728
1.61, 1404481
1.61, 1400204
1.61, 1392422
1.61, 1388212
1.61, 1386634
1.61, 1383379
1.61, 1382550
1.61, 1379670
1.61, 1374240
1.61, 1371418
1.61, 1366221
1.65, 1359557
1.65, 1353379
1.65, 1350846
1.65, 1349828
1.65, 1342379
1.65, 1342297
1.65, 1329788
1.65, 1329766
1.65, 1329711
1.65, 1329392
1.65, 1326174
1.65, 1324153
1.65, 1323211
1.65, 1322182
1.65, 1320599
1.65, 1315335
1.65, 1314284
1.65, 1310072
1.65, 1308361
1.65, 1306801
1.66, 1305763
1.66, 1305550
1.66, 1305089
1.66, 1299363
1.66, 1295321
1.66, 1294217
1.66, 1292200
1.66, 1289746
1.67, 1289585
1.67, 1288358
1.67, 1285654
1.67, 1282780
1.67, 1282257
1.67, 1278789
1.67, 1277200
1.67, 1272967
1.72, 1268951
1.72, 1266061
1.72, 1266032
1.72, 1266005
1.72, 1265636
1.72, 1265576
1.75, 1265336
1.75, 1261354
1.75, 1259311
1.75, 1257071
1.75, 1256659
1.75, 1255382
1.75, 1253651
1.75, 1249266
1.75, 1245037
1.75, 1237328
1.75, 1235530
1.75, 1233124
1.75, 1232130
1.75, 1230381
1.75, 1228991
1.75, 1215283
1.75, 1214223
1.75, 1212121
1.78, 1211761
1.78, 1206199
1.78, 1200479
1.78, 1200078
1.78, 1197779
1.78, 1193370
1.78, 1191176
1.78, 1187965
1.78, 1185909
1.78, 1185233
1.78, 1184384
1.78, 1183429
1.78, 1183183
1.78, 1180614
1.78, 1175892
1.78, 1173966
1.78, 1173598
1.78, 1171399
1.79, 1171027
1.79, 1164234
1.79, 1163636
1.79, 1159327
1.79, 1157716
1.79, 1157411
1.79, 1157370
1.79, 1153701
1.79, 1153266
1.79, 1152261
1.79, 1152192
1.79, 1151437
1.79, 1151119
1.79, 1143341
1.79, 1142095
1.79, 1140662
1.79, 1140305
1.79, 1134489
1.79, 1132546
1.79, 1132136
1.79, 1130799
1.79, 1130736
1.79, 1128655
1.79, 1127923
1.79, 1126986
1.87, 1126515
1.89, 1125993
1.89, 1122263
1.89, 1120531
1.89, 1118492
1.89, 1118339
1.93, 1117973
1.93, 1117887
1.93, 1115695
1.93, 1115266
1.93, 1108862
1.93, 1108495
1.93, 1107720
1.93, 1100477
1.93, 1096647
1.93, 1095887
1.93, 1095569
1.93, 1088028
1.93, 1087967
1.93, 1083562
1.93, 1078012
1.93, 1077323
1.93, 1076526
1.93, 1075342
1.93, 1074338
1.93, 1074234
1.93, 1073981
1.93, 1073176
1.93, 1071659
1.93, 1071593
1.97, 1069331
1.97, 1068966
1.97, 1067940
2.00, 1067380
2.00, 1065089
2.00, 1065082
2.00, 1064155
2.01, 1060603
2.01, 1058360
2.01, 1057502
2.01, 1057439
2.01, 1057150
2.01, 1055261
2.01, 1053134
2.01, 1045684
2.01, 1044800
2.01, 1042683
2.01, 1040997
2.02, 1039439
2.02, 1038918
2.02, 1038265
2.02, 1036125
2.02, 1035606
2.02, 1034013
2.03, 1026892
2.03, 1026642
2.03, 1023524
2.03, 1022594
2.03, 1020460
2.03, 1020043
2.03, 1018692
2.05, 1018177
2.05, 1017890
2.06, 1015425
2.06, 1015379
2.06, 1014959
2.06, 1014908
2.06, 1013461
2.06, 1010105
2.06, 1008873
2.06, 1007987
2.06, 1003405
2.06, 1002446
2.06, 1002052
2.06, 999229
2.06, 998343
2.07, 997369
2.07, 994795
2.07, 993621
2.07, 992141
2.07, 991907
2.07, 987883
2.09, 987600
2.09, 985155
2.09, 981970
2.09, 980784
2.09, 975323
2.09, 973595
2.09, 973377
2.09, 973122
2.09, 971445
2.09, 967198
2.09, 966782
2.09, 964439
2.10, 961127
2.10, 958832
2.10, 950460
2.10, 949633
2.10, 948851
2.10, 942222
2.10, 941688
2.10, 940639
2.11, 939488
2.11, 936683
2.11, 936643
2.11, 935222
2.11, 932737
2.11, 931054
2.11, 930424
2.11, 927782
2.11, 925853
2.12, 923094
2.12, 922920
2.12, 921609
2.12, 920195
2.12, 919517
2.12, 910766
2.12, 909778
2.12, 907502
2.12, 907316
2.12, 906227
2.12, 904962
2.13, 902000
2.13, 899906
2.13, 899816
2.13, 899115
2.13, 895458
2.21, 894108
2.21, 894092
2.22, 888434
2.22, 888380
2.22, 886279
2.22, 885859
2.22, 883065
2.22, 882955
2.22, 882513
2.22, 881773
2.22, 881565
2.22, 879058
2.22, 878542
2.22, 876983
2.22, 876479
2.22, 875084
2.22, 874704
2.22, 874603
2.24, 872335
2.24, 869946
2.24, 869885
2.24, 867045
2.24, 866563
2.24, 866188
2.24, 862552
2.24, 861746
2.24, 861633
2.24, 857700
2.24, 857389
2.30, 857104
2.30, 856035
2.30, 855608
2.30, 855192
2.30, 854214
2.30, 854212
2.30, 853984
2.30, 853404
2.30, 852582
2.30, 849980
2.30, 849401
2.30, 848763
2.30, 848337
2.30, 845715
2.30, 842827
2.30, 838812
2.30, 836704
2.30, 836243
2.30, 835074
2.30, 833104
2.30, 833082
2.30, 832405
2.30, 830978
2.30, 829877
2.30, 829256
2.30, 828903
2.30, 828732
2.30, 828509
2.31, 825731
2.31, 825088
2.31, 824929
2.31, 823536
2.31, 822885
2.32, 822302
2.32, 822245
2.32, 821190
2.32, 820061
2.32, 816834
2.32, 815290
2.32, 814570
2.32, 814165
2.40, 813827
2.40, 813661
2.40, 813572
2.40, 812680
2.40, 812084
2.40, 812071
2.40, 811318
2.40, 810242
2.40, 807850
2.40, 807822
2.40, 807594
2.40, 806640
2.40, 805642
2.40, 805082
2.40, 803308
2.40, 802254
2.40, 800701
2.40, 800422
2.40, 796298
2.40, 796233
2.40, 796220
2.40, 794369
2.40, 793532
2.41, 790532
2.41, 789708
2.41, 788767
2.41, 788754
2.41, 788028
2.41, 786109
2.41, 786047
2.41, 785661
2.41, 785427
2.41, 785395
2.41, 783479
2.41, 783151
2.41, 780482
2.42, 778823
2.44, 778790
2.44, 777174
2.44, 776615
2.44, 776309
2.44, 776303
2.44, 774749
2.44, 773361
2.53, 773327
2.53, 773221
2.53, 771501
2.53, 771326
2.56, 771295
2.56, 770309
2.56, 769913
2.56, 769257
2.56, 765974
2.56, 763722
2.56, 762324
2.56, 761218
2.56, 760914
2.56, 759865
2.56, 759540
2.56, 759462
2.56, 759043
2.56, 758365
2.57, 758358
2.58, 757326
2.58, 756829
2.58, 756222
2.59, 755966
2.59, 755397
2.59, 754954
2.59, 753690
2.60, 753493
2.60, 752344
2.62, 749414
2.62, 747062
2.62, 745569
2.63, 745233
2.63, 743543
2.63, 743056
2.63, 742106
2.63, 740539
2.63, 740422
2.69, 739807
2.69, 738551
2.69, 738207
2.69, 737624
2.69, 734701
2.69, 734450
2.69, 733363
2.69, 733312
2.69, 733005
2.70, 732926
2.70, 731723
2.70, 731617
2.70, 730743
2.70, 729964
2.70, 729315
2.70, 729140
2.70, 727995
2.70, 727923
2.70, 727702
2.70, 726699
2.71, 725796
2.71, 725690
2.71, 725679
2.71, 724635
2.71, 724348
2.71, 723805
2.71, 723040
2.71, 722088
2.71, 720838
2.71, 719854
2.71, 718304
2.71, 717890
2.71, 715729
2.71, 715578
2.71, 714756
2.71, 714351
2.71, 713842
2.71, 713240
2.71, 712615
2.71, 711875
2.72, 711243
2.73, 710312
2.73, 709955
2.87, 708686
2.87, 707190
2.87, 706338
2.87, 706310
2.87, 704855
2.87, 704497
2.87, 704308
2.87, 704140
2.88, 702956
2.88, 701885
2.92, 700793
2.92, 700338
2.93, 700279
2.93, 699382
2.93, 699060
2.93, 697898
2.93, 697296
2.93, 696158
2.93, 695807
2.93, 695492
3.05, 695145
3.05, 694823
3.10, 694418
3.10, 694367
3.10, 694079
3.11, 693591
3.11, 693180
3.11, 692757
3.11, 691848
3.11, 691501
3.11, 691280
3.11, 689991
3.11, 688334
3.11, 688198
3.13, 686730
3.13, 685373
3.14, 685354
3.14, 685343
3.14, 684677
3.14, 684128
3.15, 682956
3.15, 682860
3.15, 682455
3.15, 682361
3.15, 681444
3.15, 681384
3.15, 681120
3.16, 680868
3.16, 680425
3.16, 679311
3.16, 679186
3.16, 678742
3.16, 678577
3.16, 678517
3.16, 678284
3.17, 677760
3.17, 677669
3.17, 677398
3.18, 676915
3.18, 676702
3.18, 676679
3.18, 676527
3.18, 676467
3.18, 676297
3.24, 676052
3.24, 674708
3.24, 674605
3.24, 674528
3.26, 674419
3.26, 674321
3.26, 674166
3.27, 673919
3.27, 673659
3.30, 673580
3.34, 673364
3.34, 673342
3.34, 673225
3.34, 673203
3.35, 672500
3.35, 672477
3.35, 672347
3.36, 671988
3.37, 671973
3.37, 671459
3.37, 671014
3.38, 670871
3.38, 670858
3.44, 670413
3.45, 670164
3.51, 670157
3.51, 669455
3.51, 669338
3.52, 669140
3.52, 669081
3.53, 669026
3.53, 668370
3.53, 668014
3.60, 667843
3.60, 667063
3.73, 666851
3.86, 666736
3.90, 666597
3.91, 666478
3.91, 666325
3.92, 666310
3.92, 665937
3.92, 665658
4.00, 665574
4.01, 665514
4.02, 665486
4.05, 665284
4.13, 665055
4.58, 665024
4.60, 664996
7.13, 664956
7.14, 664934
7.17, 664809
7.19, 664782
7.23, 664723
9.75, 664588
9.75, 664086
9.75, 663660
9.85, 663579
9.86, 663042
9.86, 662782
9.86, 662708
9.87, 662408
9.87, 662052
9.87, 661136
9.89, 661132
9.90, 660677
9.97, 660615
9.97, 660494
9.97, 660447
9.97, 660281
9.98, 660121
10.02, 660032
10.06, 659922
10.07, 659813
10.14, 659780
10.14, 659720
10.15, 659467
10.15, 659322
10.18, 659175
10.20, 658938
10.26, 658910
10.60, 658898
