0.00, 7085521
0.00, 7083522
0.00, 7079987
0.00, 7064897
0.00, 7055972
0.00, 7025757
0.00, 7025185
0.00, 6972082
0.00, 6967371
0.00, 6958070
0.00, 6948516
0.00, 6948094
0.00, 6943355
0.00, 6921251
0.00, 6907236
0.00, 6857201
0.01, 6782416
0.01, 6782332
0.01, 6780876
0.01, 6763996
0.01, 6763082
0.01, 6761572
0.01, 6732904
0.01, 6722494
0.01, 6716746
0.01, 6701727
0.01, 6662113
0.01, 6647875
0.01, 6646291
0.01, 6641478
0.01, 6625463
0.01, 6587490
0.01, 6581477
0.01, 6573312
0.01, 6571416
0.01, 6557635
0.01, 6533004
0.01, 6531381
0.01, 6528952
0.01, 6506520
0.01, 6503199
0.01, 6490232
0.01, 6490221
0.01, 6486082
0.01, 6423220
0.01, 6375264
0.01, 6364275
0.01, 6359671
0.01, 6352286
0.01, 6313582
0.01, 6274193
0.01, 6272352
0.01, 6271727
0.01, 6252687
0.01, 6250609
0.01, 6244650
0.01, 6235374
0.01, 6140539
0.01, 6136079
0.01, 6122410
0.01, 6115867
0.01, 6107523
0.01, 6094308
0.01, 6086041
0.01, 6084131
0.01, 6072472
0.01, 6050781
0.01, 6049960
0.01, 6037006
0.01, 6019551
0.01, 6019106
0.01, 6011180
0.01, 6000896
0.01, 5967147
0.01, 5940619
0.01, 5932100
0.01, 5927260
0.01, 5918772
0.01, 5918718
0.01, 5914133
0.01, 5887367
0.01, 5876737
0.02, 5853278
0.02, 5839134
0.02, 5779776
0.02, 5734159
0.02, 5678653
0.02, 5659302
0.02, 5654498
0.02, 5625548
0.02, 5623180
0.02, 5607392
0.02, 5606025
0.02, 5604508
0.02, 5602352
0.02, 5588936
0.02, 5564750
0.02, 5540064
0.02, 5533241
0.02, 5525828
0.02, 5517055
0.02, 5516504
0.02, 5512310
0.02, 5512209
0.02, 5486715
0.02, 5477068
0.02, 5473170
0.02, 5469459
0.02, 5467480
0.02, 5439830
0.02, 5432406
0.02, 5335502
0.02, 5313548
0.02, 5293930
0.02, 5261976
0.02, 5225697
0.02, 5221581
0.02, 5220226
0.02, 5206469
0.02, 5159996
0.02, 5131554
0.02, 5125114
0.02, 5124882
0.02, 5124868
0.02, 5098823
0.02, 5088283
0.02, 5085079
0.02, 5084830
0.02, 5084794
0.02, 5064737
0.02, 5064694
0.02, 5064012
0.02, 5039082
0.02, 4986052
0.02, 4975428
0.02, 4975345
0.13, 4957100
0.21, 4933716
0.21, 4928626
0.21, 4919123
0.21, 4908597
0.24, 4901945
0.24, 4861377
0.24, 4818053
0.24, 4816870
0.24, 4813023
0.24, 4805919
0.24, 4799603
0.24, 4794139
0.24, 4792147
0.24, 4768982
0.24, 4750947
0.24, 4750732
0.24, 4735054
0.24, 4724624
0.24, 4724579
0.24, 4710356
0.24, 4700055
0.24, 4691141
0.24, 4690749
0.24, 4688187
0.24, 4682352
0.24, 4679298
0.24, 4666347
0.27, 4663761
0.27, 4656198
0.27, 4617386
0.32, 4612086
0.32, 4599294
0.32, 4592029
0.32, 4585640
0.32, 4585566
0.32, 4583480
0.32, 4566527
0.32, 4562663
0.32, 4561890
0.32, 4550641
0.32, 4546718
0.32, 4535402
0.32, 4505013
0.33, 4491400
0.34, 4426272
0.34, 4426156
0.35, 4355167
0.35, 4353647
0.35, 4349715
0.35, 4331285
0.35, 4330051
0.35, 4320915
0.35, 4309153
0.35, 4295618
0.35, 4290754
0.45, 4286587
0.45, 4275567
0.45, 4266367
0.45, 4263851
0.45, 4260731
0.46, 4235256
0.46, 4224844
0.46, 4223838
0.46, 4215974
0.49, 4212782
0.49, 4209702
0.49, 4200545
0.49, 4193796
0.49, 4173931
0.49, 4146380
0.49, 4134125
0.49, 4133803
0.49, 4118878
0.49, 4118432
0.49, 4105315
0.49, 4105069
0.49, 4096113
0.49, 4087329
0.49, 4080925
0.49, 4071639
0.49, 4068715
0.49, 4043209
0.49, 4038493
0.49, 4032625
0.49, 4012117
0.49, 3985949
0.49, 3985577
0.50, 3978882
0.50, 3958957
0.50, 3957458
0.50, 3957420
0.50, 3956945
0.50, 3928526
0.50, 3921695
0.50, 3911579
0.50, 3910814
0.50, 3906196
0.50, 3869766
0.50, 3869363
0.50, 3868163
0.50, 3867130
0.50, 3866447
0.52, 3842797
0.53, 3834084
0.53, 3829894
0.53, 3793079
0.53, 3790724
0.53, 3775050
0.53, 3731503
0.53, 3723280
0.53, 3721062
0.53, 3716779
0.53, 3711233
0.53, 3710596
0.53, 3698539
0.53, 3677279
0.53, 3674233
0.53, 3669834
0.53, 3664981
0.53, 3657690
0.53, 3651646
0.64, 3641540
0.64, 3606326
0.64, 3596635
0.64, 3596086
0.64, 3589898
0.64, 3554899
0.64, 3548958
0.64, 3541528
0.64, 3533614
0.64, 3505592
0.64, 3504235
0.64, 3503035
0.64, 3498136
0.64, 3494229
0.65, 3482736
0.65, 3477611
0.65, 3445044
0.65, 3443508
0.72, 3433562
0.72, 3424246
0.72, 3422634
0.72, 3419467
0.72, 3414985
0.72, 3399140
0.72, 3386430
0.72, 3386209
0.72, 3377342
0.72, 3374672
0.72, 3373603
0.72, 3367846
0.72, 3366668
0.73, 3364270
0.73, 3357191
0.73, 3329070
0.73, 3317047
0.73, 3316992
0.73, 3314840
0.73, 3308816
0.73, 3303490
0.73, 3293825
0.73, 3259214
0.73, 3254170
0.73, 3239783
0.73, 3239446
0.73, 3224643
0.73, 3224531
0.73, 3218774
0.73, 3210186
0.73, 3207349
0.73, 3204267
0.73, 3196959
0.73, 3166293
0.73, 3144884
0.73, 3136435
0.73, 3134368
0.73, 3107413
0.73, 3104886
0.76, 3102301
0.76, 3100083
0.76, 3076493
0.76, 3076168
0.76, 3055163
0.76, 3052892
0.76, 3038195
0.76, 3032114
0.76, 3024327
0.76, 3015275
0.76, 3009680
0.76, 3006303
0.76, 2997880
0.83, 2996151
0.83, 2989964
0.83, 2986182
0.83, 2982662
0.83, 2982009
0.83, 2948467
0.83, 2947823
0.83, 2925681
0.83, 2923901
0.83, 2923860
0.83, 2914275
0.83, 2911861
0.83, 2905644
0.83, 2898892
0.83, 2892868
0.83, 2889553
0.86, 2888828
0.86, 2888820
0.86, 2879996
0.86, 2879607
0.86, 2878082
0.86, 2864610
0.86, 2854032
0.86, 2853877
0.88, 2835180
0.88, 2820597
0.88, 2787134
0.88, 2786704
0.88, 2785943
0.88, 2785651
0.88, 2781712
0.88, 2781123
0.88, 2778364
0.89, 2773814
0.89, 2773800
0.89, 2773742
0.89, 2773717
0.89, 2773302
0.89, 2757841
0.89, 2757187
0.89, 2740607
0.89, 2729941
0.89, 2728100
0.89, 2698758
0.94, 2698022
0.94, 2691856
0.94, 2691626
0.94, 2690770
0.94, 2687253
0.94, 2677492
0.94, 2676279
0.94, 2674980
0.94, 2672909
0.94, 2657697
0.94, 2633006
0.96, 2622230
0.96, 2621431
0.96, 2619052
0.96, 2615015
0.96, 2614614
0.96, 2604846
0.96, 2603057
0.96, 2580038
0.96, 2579179
0.96, 2570503
0.96, 2565809
0.96, 2561580
0.96, 2559802
0.96, 2556490
0.96, 2530755
0.97, 2523121
0.97, 2502658
1.01, 2498700
1.01, 2494863
1.01, 2493571
1.01, 2490909
1.02, 2478792
1.03, 2478534
1.03, 2468235
1.03, 2464732
1.03, 2422705
1.03, 2417351
1.04, 2414640
1.04, 2408029
1.04, 2403887
1.04, 2401819
1.04, 2401181
1.04, 2400274
1.04, 2399524
1.04, 2389952
1.04, 2378294
1.04, 2376654
1.04, 2375997
1.04, 2374307
1.04, 2367590
1.04, 2365464
1.04, 2359366
1.04, 2354179
1.04, 2353126
1.04, 2346764
1.04, 2346753
1.04, 2345861
1.04, 2341475
1.05, 2333643
1.05, 2321951
1.05, 2317242
1.06, 2314813
1.06, 2312602
1.06, 2312368
1.06, 2307367
1.06, 2267623
1.06, 2264302
1.06, 2262624
1.06, 2258843
1.06, 2256921
1.06, 2251939
1.15, 2249336
1.15, 2249334
1.16, 2245626
1.16, 2229294
1.16, 2223803
1.16, 2201043
1.16, 2200810
1.16, 2198999
1.16, 2189437
1.16, 2172535
1.16, 2169481
1.16, 2166767
1.16, 2162247
1.16, 2160487
1.16, 2158215
1.16, 2157368
1.16, 2148096
1.16, 2147064
1.16, 2143485
1.16, 2142684
1.17, 2139568
1.17, 2128487
1.17, 2113606
1.17, 2104356
1.17, 2102386
1.17, 2100631
1.17, 2097801
1.18, 2094515
1.18, 2078254
1.18, 2067768
1.18, 2060224
1.18, 2057010
1.18, 2056277
1.18, 2053679
1.18, 2052004
1.18, 2051124
1.18, 2050911
1.18, 2048548
1.18, 2048247
1.18, 2047315
1.18, 2042923
1.18, 2035925
1.18, 2009492
1.18, 2002566
1.23, 2000989
1.23, 1956265
1.23, 1945453
1.26, 1940990
1.26, 1940284
1.27, 1935251
1.27, 1932608
1.27, 1931952
1.27, 1915555
1.27, 1905877
1.27, 1898914
1.27, 1897259
1.27, 1894718
1.27, 1890069
1.27, 1886454
1.27, 1885957
1.27, 1878337
1.27, 1877708
1.27, 1876390
1.27, 1875118
1.27, 1874861
1.27, 1872110
1.27, 1871741
1.27, 1866584
1.27, 1864812
1.27, 1864695
1.29, 1858075
1.29, 1850892
1.29, 1834984
1.29, 1832391
1.29, 1830759
1.29, 1829571
1.29, 1828852
1.29, 1824111
1.29, 1824052
1.29, 1824040
1.30, 1817139
1.30, 1814522
1.31, 1798054
1.31, 1798037
1.31, 1797301
1.31, 1796587
1.31, 1795498
1.31, 1792247
1.31, 1791416
1.31, 1789711
1.31, 1789699
1.31, 1788846
1.34, 1785259
1.34, 1783969
1.34, 1782123
1.34, 1781673
1.34, 1781094
1.34, 1768866
1.34, 1763315
1.35, 1763002
1.35, 1762751
1.35, 1752495
1.35, 1748312
1.35, 1742345
1.35, 1741823
1.35, 1741054
1.35, 1717848
1.35, 1712900
1.35, 1712831
1.35, 1709786
1.35, 1708903
1.35, 1706856
1.35, 1705302
1.35, 1704440
1.35, 1703490
1.35, 1701575
1.35, 1698393
1.35, 1696693
1.35, 1693541
1.35, 1682026
1.35, 1681578
1.35, 1680999
1.35, 1678145
1.35, 1672257
1.35, 1643244
1.35, 1631590
1.35, 1631151
1.35, 1621516
1.35, 1618557
1.35, 1616587
1.42, 1615616
1.42, 1609713
1.42, 1607304
1.42, 1598616
1.43, 1596844
1.43, 1595768
1.43, 1595301
1.43, 1591567
1.43, 1584886
1.43, 1583461
1.43, 1583250
1.44, 1583050
1.44, 1580282
1.44, 1575408
1.44, 1564928
1.47, 1558692
1.47, 1554224
1.47, 1550198
1.47, 1547994
1.47, 1544134
1.47, 1541504
1.47, 1536533
1.47, 1526332
1.47, 1517784
1.47, 1516435
1.47, 1513076
1.47, 1513029
1.47, 1511531
1.47, 1511487
1.47, 1508193
1.47, 1495384
1.47, 1494769
1.48, 1491355
1.48, 1490758
1.48, 1481759
1.48, 1477554
1.48, 1465978
1.48, 1460787
1.48, 1459191
1.48, 1454533
1.48, 1454137
1.48, 1453737
1.48, 1453221
1.48, 1452931
1.48, 1449835
1.48, 1449445
1.48, 1447309
1.56, 1441337
1.56, 1438991
1.56, 1438700
1.56, 1438511
1.56, 1434313
1.56, 1421933
1.56, 1421429
1.56, 1416217
1.56, 1414824
1.56, 1408931
1.56, 1406315
1.56, 1406224
1.56, 1405670
1.56, 1404979
1.56, 1403672
1.56, 1403340
1.56, 1398862
1.56, 1395697
1.56, 1390331
1.63, 1376206
1.63, 1368896
1.63, 1368573
1.63, 1367627
1.63, 1366803
1.63, 1360819
1.63, 1360758
1.63, 1360013
1.63, 1359727
1.63, 1355591
1.63, 1348121
1.63, 1348116
1.63, 1347348
1.63, 1343997
1.63, 1337198
1.63, 1336940
1.63, 1336793
1.65, 1328073
1.65, 1326555
1.65, 1322962
1.65, 1320811
1.65, 1317362
1.65, 1317133
1.65, 1316135
1.65, 1316052
1.65, 1315071
1.65, 1309812
1.65, 1309544
1.65, 1305257
1.70, 1304162
1.70, 1298006
1.70, 1296288
1.70, 1292129
1.70, 1291694
1.70, 1291293
1.70, 1290629
1.70, 1288038
1.70, 1286863
1.70, 1285436
1.72, 1285258
1.73, 1281824
1.73, 1280637
1.73, 1277940
1.73, 1277813
1.73, 1277459
1.73, 1273973
1.73, 1269229
1.73, 1261620
1.73, 1258907
1.73, 1251237
1.73, 1249061
1.73, 1248173
1.73, 1247172
1.73, 1244694
1.73, 1242998
1.74, 1242676
1.74, 1241679
1.74, 1240837
1.74, 1239529
1.74, 1235634
1.74, 1233898
1.74, 1229933
1.74, 1224038
1.74, 1221448
1.74, 1221133
1.74, 1215977
1.74, 1214334
1.74, 1212546
1.74, 1211333
1.74, 1206102
1.74, 1204077
1.74, 1203864
1.74, 1203630
1.74, 1202478
1.74, 1201211
1.74, 1199870
1.76, 1196369
1.76, 1196130
1.76, 1193250
1.76, 1190540
1.76, 1190536
1.76, 1190102
1.76, 1188585
1.77, 1188422
1.77, 1187417
1.77, 1187215
1.77, 1183422
1.77, 1183382
1.77, 1181303
1.77, 1180422
1.77, 1179789
1.77, 1179312
1.77, 1177976
1.77, 1175745
1.77, 1174921
1.80, 1173866
1.84, 1173470
1.84, 1173450
1.84, 1171593
1.85, 1171263
1.85, 1170764
1.85, 1169710
1.85, 1169481
1.85, 1165194
1.85, 1162140
1.85, 1162118
1.85, 1162005
1.85, 1155550
1.85, 1155501
1.85, 1154665
1.85, 1153195
1.85, 1152734
1.85, 1150317
1.85, 1150208
1.85, 1143486
1.85, 1143291
1.85, 1142249
1.85, 1137948
1.85, 1137190
1.91, 1131062
1.91, 1128576
1.91, 1125661
1.91, 1125435
1.91, 1123121
1.91, 1119699
1.91, 1118284
1.91, 1117926
1.91, 1116696
1.91, 1116328
1.91, 1115152
1.91, 1111976
1.91, 1109937
1.91, 1107460
1.91, 1105494
1.91, 1104068
1.91, 1096837
1.91, 1090229
1.91, 1089613
1.91, 1089489
1.93, 1089133
1.93, 1088919
1.93, 1088251
1.93, 1085397
1.93, 1083159
1.93, 1082159
1.93, 1079090
1.93, 1078634
1.93, 1072944
1.93, 1067967
1.93, 1064357
1.93, 1064221
1.93, 1063371
1.93, 1063067
1.93, 1062103
1.93, 1060917
1.93, 1060726
1.93, 1058231
1.93, 1052146
1.93, 1051711
1.93, 1051108
1.93, 1050459
1.93, 1047732
1.93, 1047149
1.93, 1045764
1.93, 1045372
1.93, 1044971
1.93, 1043334
1.93, 1042348
1.93, 1035518
1.98, 1034300
1.98, 1033814
1.98, 1033406
1.98, 1031697
1.98, 1030085
1.98, 1027139
1.98, 1025089
1.98, 1024746
1.98, 1023891
1.98, 1020636
1.98, 1020489
1.98, 1020139
1.98, 1019553
1.98, 1018660
1.98, 1017974
1.98, 1015212
1.98, 1014252
1.99, 1013857
1.99, 1012113
1.99, 1012046
1.99, 1011457
1.99, 1005149
1.99, 1003482
1.99, 1002439
1.99, 1001339
1.99, 998038
1.99, 997946
1.99, 990585
1.99, 990535
1.99, 986880
1.99, 981948
1.99, 981667
1.99, 980633
1.99, 980586
1.99, 980235
1.99, 978766
1.99, 978060
1.99, 977560
1.99, 977525
1.99, 977357
1.99, 976261
1.99, 972816
2.00, 972695
2.00, 972657
2.00, 970591
2.00, 966942
2.00, 966540
2.00, 962509
2.06, 959282
2.06, 958781
2.06, 957287
2.06, 954553
2.06, 954241
2.06, 951084
2.06, 949669
2.06, 949362
2.06, 944959
2.06, 943919
2.06, 943548
2.06, 942851
2.06, 941560
2.06, 940803
2.06, 936931
2.06, 935307
2.06, 932398
2.06, 931871
2.07, 929834
2.07, 929178
2.07, 924427
2.07, 924125
2.07, 921605
2.07, 913851
2.07, 911910
2.07, 911740
2.07, 911613
2.08, 911230
2.08, 910214
2.08, 908203
2.08, 907145
2.08, 906509
2.08, 904422
2.09, 902390
2.09, 902227
2.09, 900294
2.09, 898604
2.09, 898302
2.09, 896716
2.09, 896503
2.09, 896297
2.09, 896200
2.09, 895514
2.09, 891971
2.09, 890536
2.09, 889856
2.09, 888400
2.09, 888203
2.09, 885564
2.16, 883950
2.16, 882412
2.16, 882402
2.16, 882175
2.18, 881638
2.18, 881478
2.18, 880254
2.18, 878375
2.18, 877209
2.18, 877107
2.18, 876447
2.18, 874597
2.18, 871092
2.18, 870960
2.19, 869423
2.19, 868696
2.19, 867100
2.22, 865976
2.22, 865890
2.23, 864993
2.23, 863073
2.23, 861772
2.23, 861294
2.23, 860667
2.23, 860380
2.23, 859999
2.24, 855837
2.24, 853831
2.24, 850454
2.24, 849672
2.24, 848243
2.31, 847519
2.31, 847004
2.31, 846394
2.31, 843337
2.31, 841666
2.31, 841175
2.35, 837390
2.35, 837369
2.36, 837119
2.36, 836304
2.36, 836141
2.36, 834318
2.36, 833947
2.36, 833619
2.36, 833561
2.36, 833263
2.36, 830738
2.36, 828782
2.36, 828202
2.36, 827924
2.36, 825477
2.36, 824438
2.36, 824115
2.36, 824103
2.37, 823772
2.37, 823732
2.37, 823722
2.37, 822066
2.37, 820462
2.37, 818859
2.37, 812790
2.38, 812734
2.38, 812641
2.38, 812635
2.38, 812631
2.38, 809700
2.38, 809469
2.38, 808901
2.38, 808700
2.38, 807048
2.38, 806672
2.38, 804876
2.38, 801124
2.38, 800766
2.38, 800456
2.38, 799593
2.38, 799027
2.38, 798864
2.38, 798650
2.39, 797786
2.40, 797170
2.46, 796802
2.46, 796008
2.46, 795738
2.46, 795315
2.46, 795185
2.47, 794856
2.47, 794652
2.47, 793610
2.47, 793543
2.47, 791434
2.47, 790567
2.47, 789100
2.47, 788589
2.47, 787593
2.47, 787191
2.47, 784986
2.47, 784004
2.47, 782296
2.47, 780866
2.47, 780590
2.47, 779597
2.47, 777831
2.47, 773812
2.47, 773376
2.50, 773317
2.50, 773213
2.50, 772675
2.50, 770118
2.50, 769134
2.50, 768076
2.50, 767921
2.51, 767460
2.51, 766796
2.51, 764144
2.51, 763126
2.51, 760924
2.51, 760923
2.51, 760310
2.51, 760298
2.51, 759136
2.51, 758956
2.51, 756064
2.52, 755719
2.52, 754629
2.52, 753541
2.53, 753436
2.53, 752953
2.53, 750888
2.53, 750461
2.57, 750293
2.57, 749624
2.57, 748892
2.57, 745430
2.57, 745239
2.58, 744930
2.58, 743337
2.58, 742509
2.58, 741607
2.58, 741555
2.59, 740101
2.59, 739960
2.59, 739760
2.59, 739102
2.59, 737331
2.59, 736841
2.59, 735708
2.59, 734812
2.59, 733388
2.71, 733254
2.71, 732994
2.76, 732266
2.77, 731924
2.77, 731145
2.77, 730922
2.77, 730050
2.77, 729390
2.77, 729134
2.77, 728323
2.77, 727600
2.77, 727525
2.77, 727213
2.78, 724046
2.78, 723919
2.78, 723867
2.78, 723431
2.78, 723221
2.78, 721933
2.78, 721772
2.78, 721538
2.79, 721002
2.79, 720800
2.79, 720310
2.79, 719336
2.79, 718356
2.79, 718296
2.79, 718252
2.79, 716446
2.79, 714747
2.79, 713115
2.79, 711720
2.80, 710692
2.80, 710357
2.80, 709107
2.80, 708501
2.80, 707817
2.80, 707147
2.81, 706569
2.81, 706133
2.81, 704895
2.81, 704656
2.81, 703577
2.84, 703471
2.84, 703214
2.84, 703113
2.84, 701710
2.84, 701696
2.84, 701682
2.84, 701342
2.84, 700885
2.84, 700884
2.84, 700599
2.87, 700418
2.87, 700221
2.87, 700142
2.96, 699669
2.96, 699268
2.97, 698911
2.97, 698719
2.97, 698173
2.97, 698082
2.97, 697945
2.97, 697488
2.97, 697026
2.97, 696868
2.97, 696525
2.97, 696399
2.97, 695226
2.97, 692773
2.97, 692617
2.98, 692591
2.98, 692149
2.98, 691494
2.98, 691031
2.98, 690138
2.98, 689349
2.98, 688858
3.04, 688832
3.04, 688205
3.05, 687825
3.05, 687787
3.05, 687094
3.05, 686851
3.05, 686600
3.05, 686190
3.05, 685951
3.05, 685525
3.05, 685389
3.06, 684665
3.06, 684488
3.06, 684416
3.06, 683809
3.10, 682824
3.10, 682430
3.14, 681614
3.14, 680875
3.14, 680762
3.15, 680604
3.17, 680552
3.17, 680356
3.17, 680177
3.19, 679893
3.19, 679657
3.20, 679061
3.20, 679032
3.20, 678559
3.20, 678447
3.20, 678390
3.20, 677172
3.20, 676878
3.22, 676668
3.23, 676162
3.23, 675990
3.23, 675341
3.23, 674922
3.23, 673139
3.23, 673026
3.25, 673000
3.25, 672566
3.25, 672378
3.29, 671461
3.29, 671409
3.29, 670220
3.29, 670084
3.33, 670072
3.33, 670038
3.33, 669436
3.34, 669306
3.34, 669199
3.34, 668916
3.34, 668889
3.35, 668776
3.35, 668559
3.35, 668214
3.37, 668055
3.37, 667270
3.42, 666467
3.43, 666106
3.49, 666045
3.50, 665954
3.50, 665893
3.50, 665856
3.53, 665487
3.53, 665086
3.53, 664911
3.54, 664883
3.56, 664874
3.56, 664842
3.56, 664839
3.56, 664817
3.56, 664789
3.56, 664139
3.58, 663923
3.73, 663529
3.73, 663386
3.79, 663379
3.81, 663266
3.86, 663164
3.88, 663085
3.88, 663053
3.89, 662982
3.90, 662875
3.90, 662848
3.90, 662820
3.90, 662645
3.94, 662600
4.01, 662523
4.01, 662339
4.01, 662279
4.03, 662178
4.03, 662156
4.03, 662128
4.61, 662096
4.61, 662093
