0.00,6699332
0.00,6655409
0.00,6491586
0.00,6358118
0.00,6263640
0.00,6268084
0.00,6181291
0.00,6170415
0.00,6068645
0.00,5935990
0.00,5936982
0.00,5934716
0.01,5780387
0.01,5645594
0.01,5658136
0.01,5670337
0.01,5610315
0.01,5490119
0.01,5479984
0.01,5434377
0.01,5299213
0.01,5210341
0.01,5239039
0.01,5257855
0.01,5233708
0.01,5237741
0.01,5233657
0.01,5232669
0.01,5236830
0.01,5221257
0.01,5192119
0.01,5101886
0.01,4974610
0.01,4993179
0.01,4999440
0.01,4883758
0.01,4782155
0.01,4779426
0.01,4786103
0.01,4776154
0.01,4811772
0.01,4734498
0.01,4654907
0.01,4566171
0.01,4463341
0.01,4436608
0.01,4387033
0.01,4394281
0.01,4410082
0.01,4359575
0.01,4381567
0.01,4415440
0.01,4349436
0.01,4285422
0.01,4211585
0.01,4119490
0.01,4184117
0.02,4053060
0.02,3993510
0.02,3979527
0.02,3978939
0.02,3983534
0.02,4002014
0.02,3888354
0.02,3919542
0.02,3974655
0.02,3955965
0.02,3933760
0.02,3930639
0.02,3959521
0.02,3958358
0.02,3981523
0.02,3955191
0.02,3938019
0.02,3912384
0.02,3900354
0.02,3898863
0.02,3917185
0.02,3915068
0.02,3927277
0.02,3924757
0.02,3950629
0.02,3941399
0.02,3947540
0.02,3921782
0.02,3879274
0.02,3892593
0.02,3896567
0.02,3877597
0.02,3881468
0.02,3878615
0.02,3889491
0.02,3819364
0.02,3815636
0.02,3817844
0.02,3817339
0.02,3743443
0.02,3653098
0.02,3580550
0.02,3578217
0.02,3574686
0.02,3593314
0.02,3520855
0.02,3548514
0.02,3537256
0.02,3495852
0.02,3493766
0.02,3434905
0.02,3366130
0.02,3346674
0.02,3363079
0.02,3423834
0.02,3404331
0.02,3390774
0.02,3401402
0.02,3287180
0.02,3263365
0.02,3274217
0.02,3253007
0.02,3219562
0.02,3215331
0.02,3254925
0.02,3212955
0.02,3170592
0.02,3089390
0.02,3073948
0.02,3116589
0.02,3140334
0.02,3086329
0.02,3037314
0.02,2966063
0.02,2939199
0.02,2908495
0.02,2885078
0.02,2853966
0.02,2861713
0.02,2874999
0.02,2893839
0.02,2899706
0.02,2905866
0.02,2914344
0.02,2904206
0.02,2892572
0.02,2956696
0.02,2890702
0.02,2864908
0.02,2866869
0.02,2825068
0.02,2795060
0.03,2766416
0.03,2748413
0.03,2734326
0.03,2731314
0.03,2730640
0.03,2728523
0.03,2691559
0.03,2656783
0.03,2648561
0.03,2643358
0.03,2569591
0.03,2552363
0.03,2525562
0.03,2486356
0.03,2468182
0.03,2507557
0.03,2437111
0.03,2418711
0.03,2378851
0.03,2343005
0.03,2315046
0.03,2315730
0.03,2273834
0.03,2242463
0.03,2265628
0.03,2302753
0.03,2268896
0.03,2252290
0.03,2258073
0.03,2239613
0.03,2246296
0.03,2237998
0.03,2243209
0.03,2237116
0.03,2217142
0.03,2220865
0.03,2159052
0.03,2157186
0.03,2152111
0.03,2118048
0.03,2094803
0.03,2067021
0.03,2054577
0.03,2044092
0.03,2045813
0.03,2014748
0.03,2015552
0.03,2016387
0.03,1996283
0.03,2005446
0.03,2004358
0.03,1990406
0.03,1998912
0.03,1994565
0.03,1965982
0.03,1949886
0.03,1932495
0.03,1945285
0.03,1970787
0.03,1970601
0.03,1976591
0.03,2040323
0.03,2064959
0.03,2098903
0.03,2088670
0.03,2030663
0.03,2052875
0.03,2059374
0.03,2035708
0.03,2104968
0.03,2115914
0.03,2078810
0.03,2058698
0.03,2044872
0.03,2034929
0.03,2037764
0.03,2022943
0.03,2017969
0.03,2002293
0.03,1998885
0.03,1967048
0.03,1935627
0.03,1893300
0.03,1879182
0.03,1882255
0.03,1850286
0.03,1836888
0.03,1838034
0.03,1849036
0.03,1810369
0.04,1784788
0.04,1776797
0.04,1769504
0.04,1774291
0.04,1747399
0.04,1752683
0.04,1751630
0.04,1762752
0.04,1757219
0.04,1757705
0.04,1760856
0.04,1729015
0.04,1706271
0.04,1705156
0.04,1691589
0.04,1741137
0.04,1729310
0.04,1735909
0.04,1820022
0.04,1818423
0.04,1790835
0.04,1799421
0.04,1796739
0.04,1786256
0.04,1794459
0.04,1746495
0.04,1738266
0.04,1755107
0.04,1752948
0.04,1763628
0.04,1773294
0.04,1822926
0.04,1796944
0.04,1752394
0.04,1733582
0.04,1694313
0.04,1703163
0.04,1727759
0.04,1729239
0.04,1773775
0.04,1772032
0.04,1760163
0.04,1734665
0.04,1738725
0.04,1758131
0.04,1766791
0.04,1792388
0.04,1786015
0.04,1772664
0.04,1776829
0.04,1785817
0.04,1816436
0.04,1814395
0.04,1734454
0.04,1723837
0.04,1723300
0.04,1669284
0.04,1667728
0.04,1721655
0.04,1728089
0.04,1724895
0.04,1725849
0.04,1726599
0.04,1715409
0.04,1724670
0.04,1746813
0.04,1781630
0.04,1792208
0.04,1783765
0.04,1797336
0.04,1823836
0.04,1814312
0.04,1809798
0.04,1812216
0.04,1801599
0.04,1741684
0.04,1737745
0.04,1694098
0.04,1698940
0.04,1704761
0.04,1685749
0.04,1673140
0.04,1659087
0.04,1659074
0.04,1661729
0.04,1727380
0.04,1765247
0.04,1705990
0.04,1679814
0.04,1667660
0.05,1665513
0.05,1643542
0.05,1668694
0.05,1665160
0.05,1649982
0.05,1638804
0.05,1639919
0.05,1637283
0.05,1639978
0.05,1642991
0.05,1645600
0.05,1658752
0.05,1661890
0.05,1642675
0.05,1625331
0.05,1629632
0.05,1651903
0.05,1641830
0.05,1628237
0.05,1618313
0.05,1616207
0.05,1602357
0.05,1610179
0.05,1606977
0.05,1618099
0.05,1602001
0.05,1566719
0.05,1551770
0.05,1561404
0.05,1568516
0.05,1544652
0.05,1541185
0.05,1521503
0.05,1503040
0.05,1485968
0.05,1475330
0.05,1472227
0.05,1442926
0.05,1443503
0.05,1440694
0.05,1419336
0.05,1394573
0.05,1385547
0.05,1383704
0.05,1380665
0.05,1373836
0.05,1369510
0.05,1356339
0.05,1356517
0.05,1375963
0.05,1364520
0.05,1379016
0.05,1370915
0.05,1364797
0.05,1368252
0.05,1373436
0.05,1348912
0.05,1343763
0.05,1331757
0.05,1329364
0.05,1362836
0.05,1347411
0.05,1390743
0.05,1420597
0.05,1346535
0.05,1309199
0.05,1304580
0.05,1309052
0.05,1297963
0.05,1280595
0.05,1282431
0.05,1276361
0.05,1277770
0.05,1270031
0.05,1256765
0.05,1256891
0.05,1244241
0.05,1243856
0.05,1238724
0.05,1228576
0.05,1220567
0.05,1279388
0.05,1264904
0.05,1227568
0.05,1206237
0.05,1203774
0.05,1191443
0.05,1201639
0.05,1211592
0.05,1213177
0.05,1206844
0.05,1235027
0.06,1216383
0.06,1213647
0.06,1221271
0.06,1224715
0.06,1219237
0.06,1205008
0.06,1190704
0.06,1180030
0.06,1199134
0.06,1270404
0.06,1240960
0.06,1203953
0.06,1213194
0.06,1218055
0.06,1224759
0.06,1222527
0.06,1204233
0.06,1201968
0.06,1193091
0.06,1182338
0.06,1189926
0.06,1184692
0.06,1188560
0.06,1168827
0.06,1163988
0.06,1154467
0.06,1154966
0.06,1152346
0.06,1146925
0.06,1135809
0.06,1134001
0.06,1134403
0.06,1127742
0.06,1116937
0.06,1134490
0.06,1133487
0.06,1125147
0.06,1126399
0.06,1116465
0.06,1110618
0.06,1109322
0.06,1150497
0.06,1137479
0.06,1098250
0.06,1093332
0.06,1087730
0.06,1083948
0.06,1079132
0.06,1078688
0.06,1076407
0.06,1076970
0.06,1074739
0.06,1077095
0.06,1077181
0.06,1078927
0.06,1089117
0.06,1082957
0.06,1088695
0.06,1083099
0.06,1086703
0.06,1077013
0.06,1083853
0.06,1089776
0.06,1080799
0.06,1082240
0.06,1097027
0.06,1084905
0.06,1096679
0.06,1124725
0.06,1187533
0.06,1165003
0.06,1115213
0.06,1122815
0.06,1114502
0.06,1117483
0.06,1116610
0.06,1110595
0.06,1107759
0.06,1096119
0.06,1091559
0.06,1088463
0.06,1072522
0.06,1075974
0.06,1075099
0.06,1070098
0.06,1068331
0.06,1054192
0.06,1059495
0.07,1054214
0.07,1054016
0.07,1050436
0.07,1053445
0.07,1047357
0.07,1039221
0.07,1046396
0.07,1047592
0.07,1057864
0.07,1044648
0.07,1046741
0.07,1041351
0.07,1038728
0.07,1036448
0.07,1035837
0.07,1038451
0.07,1043395
0.07,1031572
0.07,1046774
0.07,1038181
0.07,1036476
0.07,1027810
0.07,1028400
0.07,1030932
0.07,1029009
0.07,1024367
0.07,1031265
0.07,1037714
0.07,1038470
0.07,1030481
0.07,1031758
0.07,1085018
0.07,1107501
0.07,1045620
0.07,1027304
0.07,1026652
0.07,1033794
0.07,1035848
0.07,1029834
0.07,1020433
0.07,1018567
0.07,1027646
0.07,1026532
0.07,1027109
0.07,1024300
0.07,1024426
0.07,1023152
0.07,1027999
0.07,1039715
0.07,1044512
0.07,1066585
0.07,1077924
0.07,1129809
0.07,1161078
0.07,1109458
0.07,1101635
0.07,1105058
0.07,1115943
0.07,1119998
0.07,1146232
0.07,1142585
0.07,1197305
0.07,1195184
0.07,1155987
0.07,1143998
0.07,1133655
0.07,1130077
0.07,1109460
0.07,1096798
0.07,1110274
0.07,1114880
0.07,1105628
0.07,1070730
0.07,1037407
0.07,1097555
0.07,1107242
0.07,1113179
0.07,1125432
0.07,1124568
0.07,1130619
0.07,1138253
0.07,1141963
0.07,1169169
0.07,1173113
0.07,1184048
0.07,1199683
0.07,1205333
0.07,1196569
0.07,1188979
0.07,1186112
0.08,1174352
0.08,1162688
0.08,1157778
0.08,1119005
0.08,1109847
0.08,1105440
0.08,1075337
0.08,1050738
0.08,1029379
0.08,1018319
0.08,1019747
0.08,1020895
0.08,1021440
0.08,1016738
0.08,1016002
0.08,1013780
0.08,1017458
0.08,1018007
0.08,1018149
0.08,1019319
0.08,1019868
0.08,1022259
0.08,1017389
0.08,1025726
0.08,997918
0.08,995669
0.08,991563
0.08,993158
0.08,990659
0.08,988021
0.08,992959
0.08,996505
0.08,988874
0.08,983005
0.08,984053
0.08,981997
0.08,984345
0.08,982537
0.08,972979
0.08,968689
0.08,965671
0.08,958950
0.08,952279
0.08,945856
0.08,949040
0.08,940986
0.08,949985
0.08,951452
0.08,959206
0.08,970689
0.08,944783
0.08,934662
0.08,934438
0.08,931069
0.08,931124
0.08,928543
0.08,929326
0.08,920752
0.08,921452
0.08,916352
0.08,917093
0.08,919312
0.08,920253
0.08,921500
0.08,922819
0.08,918182
0.08,915533
0.08,916365
0.08,919641
0.08,922772
0.08,928018
0.08,923695
0.08,924137
0.08,920891
0.08,919386
0.08,919402
0.08,916106
0.08,917233
0.08,919632
0.08,914401
0.08,910840
0.08,910158
0.08,910132
0.08,913687
0.08,919271
0.08,918575
0.08,918046
0.08,915793
0.08,916700
0.08,921312
0.08,916496
0.09,919296
0.09,902261
0.09,899721
0.09,900180
0.09,908010
0.09,907059
0.09,901835
0.09,896046
0.09,894085
0.09,895604
0.09,892626
0.09,893890
0.09,902547
0.09,903412
0.09,903385
0.09,897362
0.09,895378
0.09,897327
0.09,892080
0.09,887672
0.09,883797
0.09,881508
0.09,876462
0.09,876047
0.09,876868
0.09,877777
0.09,876976
0.09,881116
0.09,872103
0.09,871538
0.09,869607
0.09,869134
0.09,869465
0.09,869411
0.09,867061
0.09,862978
0.09,861000
0.09,855603
0.09,856055
0.09,856625
0.09,860712
0.09,857988
0.09,862264
0.09,863532
0.09,862980
0.09,856886
0.09,858396
0.09,863777
0.09,861142
0.09,861772
0.09,863381
0.09,862895
0.09,858721
0.09,849599
0.09,848841
0.09,845113
0.09,842880
0.09,839327
0.09,835914
0.09,832545
0.09,828812
0.09,825542
0.09,824877
0.09,855376
0.09,851149
0.09,841160
0.09,835862
0.09,839859
0.09,858289
0.09,847445
0.09,857267
0.09,822436
0.09,822238
0.09,820993
0.09,822621
0.09,822436
0.09,825393
0.09,825056
0.09,826314
0.09,818187
0.09,818048
0.09,817357
0.09,813748
0.09,815317
0.09,814293
0.09,814857
0.09,811125
0.09,808229
0.10,809121
0.10,805510
0.10,815667
0.10,815541
0.10,815807
0.10,815834
0.10,816896
0.10,893181
0.10,874806
0.10,858316
0.10,842683
0.10,855879
0.10,870259
0.10,873111
0.10,892985
0.10,897381
0.10,904135
0.10,910413
0.10,919096
0.10,918839
0.10,943678
0.10,939785
0.10,987715
0.10,984594
0.10,943527
0.10,932657
0.10,917266
0.10,914906
0.10,901311
0.10,895267
0.10,916342
0.10,904302
0.10,900323
0.10,864519
0.10,866878
0.10,882019
0.10,903852
0.10,903362
0.10,901323
0.10,920745
0.10,928308
0.10,935621
0.10,951659
0.10,949814
0.10,986413
0.10,984146
0.10,992020
0.10,991458
0.10,982591
0.10,969698
0.10,968659
0.10,951658
0.10,949804
0.10,927251
0.10,923993
0.10,910715
0.10,906112
0.10,902192
0.10,833286
0.10,830100
0.10,828573
0.10,817384
0.10,816953
0.10,824596
0.10,822484
0.10,816742
0.10,814922
0.10,817197
0.10,816255
0.10,815383
0.10,811123
0.10,806326
0.10,805149
0.10,804667
0.10,803903
0.10,801057
0.10,801730
0.10,802894
0.10,806249
0.10,805080
0.10,806306
0.10,810135
0.10,812638
0.10,812182
0.10,809309
0.10,809244
0.10,810226
0.10,807634
0.10,806051
0.10,808578
0.10,808163
0.11,806719
0.11,808131
0.11,808162
0.11,810446
0.11,813257
0.11,816793
0.11,817598
0.11,817206
0.11,815219
0.11,820468
0.11,814520
0.11,810655
0.11,810524
0.11,807395
0.11,805940
0.11,800239
0.11,801473
0.11,803631
0.11,804679
0.11,802628
0.11,803096
0.11,801351
0.11,801590
0.11,800474
0.11,799658
0.11,800673
0.11,799459
0.11,795808
0.11,795898
0.11,795276
0.11,795765
0.11,795387
0.11,794152
0.11,791594
0.11,787924
0.11,785391
0.11,785943
0.11,794854
0.11,796237
0.11,814749
0.11,824098
0.11,821968
0.11,838206
0.11,842392
0.11,850186
0.11,850130
0.11,854927
0.11,854497
0.11,883095
0.11,877209
0.11,926932
0.11,930897
0.11,894075
0.11,885081
0.11,874348
0.11,868749
0.11,850675
0.11,845974
0.11,854418
0.11,844724
0.11,841882
0.11,810402
0.11,815831
0.11,833727
0.11,856791
0.11,857795
0.11,860270
0.11,873267
0.11,874505
0.11,876604
0.11,892729
0.11,892952
0.11,930062
0.11,930011
0.11,937232
0.11,938810
0.11,934922
0.11,928312
0.11,929017
0.11,920106
0.11,920129
0.11,901289
0.11,893170
0.11,881325
0.11,876053
0.11,869821
0.11,805382
0.11,802563
0.11,804959
0.11,802127
0.12,808648
0.12,811059
0.12,808251
0.12,800851
0.12,801239
0.12,802117
0.12,801694
0.12,797603
0.12,792475
0.12,791210
0.12,788780
0.12,790262
0.12,787799
0.12,786579
0.12,790518
0.12,798033
0.12,797827
0.12,797280
0.12,793141
0.12,803750
0.12,814233
0.12,820030
0.12,837482
0.12,843185
0.12,848216
0.12,851410
0.12,857391
0.12,861481
0.12,888048
0.12,882643
0.12,929668
0.12,926982
0.12,889998
0.12,878066
0.12,868123
0.12,866048
0.12,849002
0.12,840171
0.12,849468
0.12,839976
0.12,838928
0.12,809541
0.12,814295
0.12,832092
0.12,854499
0.12,857642
0.12,863029
0.12,877226
0.12,879868
0.12,882948
0.12,894399
0.12,895751
0.12,929646
0.12,925830
0.12,931839
0.12,933795
0.12,926564
0.12,913894
0.12,914775
0.12,905118
0.12,899917
0.12,881686
0.12,881006
0.12,873393
0.12,872290
0.12,867641
0.12,801604
0.12,802490
0.12,802914
0.12,797494
0.12,797129
0.12,796733
0.12,793547
0.12,787568
0.12,787183
0.12,788365
0.12,791813
0.12,789793
0.12,789334
0.12,790744
0.12,787795
0.12,786822
0.12,787312
0.12,783048
0.12,782717
0.12,781695
0.12,786036
0.12,789587
0.12,786257
0.12,785251
0.13,784754
0.13,787368
0.13,788354
0.13,787359
0.13,782262
0.13,781996
0.13,781479
0.13,778022
0.13,778414
0.13,777459
0.13,778409
0.13,777298
0.13,776984
0.13,775935
0.13,775565
0.13,775119
0.13,779676
0.13,779953
0.13,778602
0.13,775486
0.13,775505
0.13,775053
0.13,776011
0.13,777811
0.13,778983
0.13,775421
0.13,777617
0.13,775417
0.13,776394
0.13,775675
0.13,772128
0.13,774011
0.13,774396
0.13,772925
0.13,776334
0.13,776376
0.13,774663
0.13,770085
0.13,768948
0.13,766811
0.13,767771
0.13,770429
0.13,770386
0.13,769014
0.13,767156
0.13,769102
0.13,768428
0.13,770759
0.13,770559
0.13,768533
0.13,767510
0.13,765561
0.13,766151
0.13,768992
0.13,763695
0.13,763369
0.13,761294
0.13,766640
0.13,763131
0.13,770950
0.13,774171
0.13,769021
0.13,767739
0.13,769504
0.13,763352
0.13,758790
0.13,756997
0.13,755338
0.13,756886
0.13,754558
0.13,752880
0.13,751859
0.13,750292
0.13,748820
0.13,747395
0.13,746069
0.13,746644
0.13,744771
0.13,743479
0.13,742131
0.13,743722
0.13,744563
0.13,743935
0.13,742922
0.13,743419
0.13,742090
0.13,741706
0.13,745712
0.13,747143
0.14,746528
0.14,745040
0.14,747009
0.14,747193
0.14,747408
0.14,746051
0.14,743811
0.14,743644
0.14,742047
0.14,741783
0.14,740116
0.14,737959
0.14,737303
0.14,741289
0.14,741786
0.14,737995
0.14,738317
0.14,734939
0.14,733361
0.14,733777
0.14,732732
0.14,730807
0.14,730207
0.14,731618
0.14,733373
0.14,730981
0.14,729015
0.14,727848
0.14,745936
0.14,748985
0.14,736026
0.14,743846
0.14,745556
0.14,746640
0.14,728774
0.14,759849
0.14,719554
0.14,716827
0.14,715769
0.14,714767
0.14,717136
0.14,713849
0.14,720463
0.14,719078
0.14,712884
0.14,711662
0.14,710708
0.14,710483
0.14,711932
0.14,710838
0.14,709737
0.14,708835
0.14,707943
0.14,707949
0.14,708361
0.14,709199
0.14,708518
0.14,708364
0.14,707738
0.14,708376
0.14,711921
0.14,713087
0.14,706933
0.14,706128
0.14,705328
0.14,715344
0.14,720953
0.14,711693
0.14,708780
0.14,709386
0.14,704556
0.14,709452
0.14,714950
0.14,704983
0.14,702572
0.14,701848
0.14,701138
0.14,700435
0.14,699688
0.14,699912
0.14,699077
0.14,698484
0.14,697898
0.14,696560
0.14,698181
0.14,700176
0.14,700960
0.14,700184
0.14,698991
0.14,698675
0.15,698078
0.15,694950
0.15,696878
0.15,697448
0.15,695335
0.15,695107
0.15,697108
0.15,699461
0.15,698766
0.15,695345
0.15,694006
0.15,692964
0.15,692734
0.15,692054
0.15,691494
0.15,690968
0.15,694915
0.15,696111
0.15,694534
0.15,693350
0.15,691601
0.15,691907
0.15,693956
0.15,694510
0.15,692514
0.15,690042
0.15,688786
0.15,688303
0.15,689503
0.15,687838
0.15,688272
0.15,686903
0.15,687129
0.15,689995
0.15,692941
0.15,697593
0.15,690701
0.15,710414
0.15,687859
0.15,698050
0.15,697332
0.15,690628
0.15,686459
0.15,685633
0.15,685233
0.15,684838
0.15,684470
0.15,754447
0.15,735309
0.15,712480
0.15,708774
0.15,721464
0.15,736021
0.15,743506
0.15,743894
0.15,741001
0.15,738193
0.15,742054
0.15,737222
0.15,729772
0.15,731447
0.15,734662
0.15,732898
0.15,736492
0.15,734055
0.15,726181
0.15,722943
0.15,726237
0.15,728113
0.15,724984
0.15,723094
0.15,722872
0.15,724323
0.15,718007
0.15,716876
0.15,712753
0.15,730341
0.15,737651
0.15,731447
0.15,746356
0.15,746706
0.15,749947
0.15,749907
0.15,750857
0.15,756466
0.15,756658
0.15,785707
0.15,785676
0.15,794678
0.15,827311
0.16,827409
0.16,778810
0.16,770294
0.16,768797
0.16,751473
0.16,751842
0.16,743026
0.16,739609
0.16,710170
0.16,714035
0.16,731028
0.16,752239
0.16,756303
0.16,776690
0.16,781481
0.16,791760
0.16,796788
0.16,817932
0.16,820106
0.16,838724
0.16,843088
0.16,838855
0.16,833681
0.16,831780
0.16,829649
0.16,830890
0.16,795476
0.16,796999
0.16,782892
0.16,775768
0.16,772172
0.16,764810
0.16,750994
0.16,703948
0.16,704877
0.16,706827
0.16,703038
0.16,710352
0.16,710829
0.16,709243
0.16,703129
0.16,703095
0.16,700986
0.16,700145
0.16,697875
0.16,694700
0.16,693872
0.16,692834
0.16,693775
0.16,693330
0.16,690440
0.16,690036
0.16,691378
0.16,688805
0.16,687598
0.16,685202
0.16,684847
0.16,685287
0.16,686118
0.16,687121
0.16,686513
0.16,686124
0.16,686693
0.16,686302
0.16,686882
0.16,689753
0.16,683834
0.16,683447
0.16,683091
0.16,682739
0.16,682393
0.16,682112
0.16,681834
0.16,681640
0.16,681425
0.16,682483
0.16,682770
0.16,683682
0.16,685235
0.16,687904
0.16,688097
0.16,689235
0.16,691810
0.16,695012
0.16,695465
0.16,695775
0.16,696195
0.17,697562
0.17,697266
0.17,699076
0.17,694184
0.17,691545
0.17,690160
0.17,691196
0.17,690784
0.17,686957
0.17,684302
0.17,683323
0.17,682091
0.17,683290
0.17,681599
0.17,683934
0.17,683950
0.17,686709
0.17,689249
0.17,690881
0.17,691614
0.17,692441
0.17,693465
0.17,695716
0.17,693589
0.17,692682
0.17,693483
0.17,694186
0.17,693973
0.17,696405
0.17,691600
0.17,688491
0.17,685929
0.17,684869
0.17,682379
0.17,681853
0.17,682661
0.17,682032
0.17,680683
0.17,679800
0.17,679498
0.17,679075
0.17,678777
0.17,678593
0.17,678453
0.17,678287
0.17,678125
0.17,677970
0.17,678230
0.17,677835
0.17,677608
0.17,677505
0.17,677410
0.17,677259
0.17,677231
0.17,749810
0.17,726069
0.17,706401
0.17,699994
0.17,710039
0.17,730206
0.17,736766
0.17,739684
0.17,737845
0.17,734277
0.17,734151
0.17,731438
0.17,724000
0.17,725672
0.17,728382
0.17,726807
0.17,729280
0.17,727429
0.17,724567
0.17,719798
0.17,715858
0.17,718249
0.17,716695
0.17,715415
0.17,715774
0.17,716934
0.17,710034
0.17,707388
0.17,705808
0.17,703330
0.17,720717
0.17,723051
0.17,724446
0.17,736506
0.17,735254
0.17,742278
0.18,742445
0.18,744856
0.18,749239
0.18,751791
0.18,779752
0.18,778411
0.18,785750
0.18,821269
0.18,820493
0.18,770329
0.18,763176
0.18,761631
0.18,744616
0.18,744887
0.18,735891
0.18,733106
0.18,702865
0.18,706858
0.18,723144
0.18,745003
0.18,748702
0.18,769496
0.18,773888
0.18,781510
0.18,786309
0.18,808035
0.18,810795
0.18,828204
0.18,832722
0.18,835412
0.18,824566
0.18,825572
0.18,825087
0.18,823340
0.18,785855
0.18,786642
0.18,779307
0.18,777364
0.18,774444
0.18,769535
0.18,754079
0.18,703481
0.18,700979
0.18,702329
0.18,697678
0.18,704185
0.18,703106
0.18,702113
0.18,696764
0.18,697184
0.18,696517
0.18,694522
0.18,692302
0.18,688827
0.18,688487
0.18,689738
0.18,688340
0.18,688095
0.18,686428
0.18,686495
0.18,685552
0.18,682803
0.18,681937
0.18,681658
0.18,679856
0.18,679722
0.18,679155
0.18,679428
0.18,678733
0.18,748450
0.18,726566
0.18,705911
0.18,705846
0.18,713074
0.18,728815
0.18,733726
0.18,733099
0.18,731162
0.18,733207
0.18,733866
0.18,728969
0.18,721615
0.18,723723
0.18,726714
0.18,726068
0.18,729107
0.18,723094
0.18,716012
0.18,719168
0.18,721884
0.18,722247
0.19,719483
0.19,715852
0.19,715735
0.19,718156
0.19,713543
0.19,709706
0.19,725567
0.19,733355
0.19,731870
0.19,739704
0.19,742359
0.19,747449
0.19,743267
0.19,744228
0.19,748389
0.19,749889
0.19,776536
0.19,777613
0.19,788084
0.19,824843
0.19,822861
0.19,772463
0.19,761806
0.19,758956
0.19,743965
0.19,744749
0.19,736441
0.19,733155
0.19,703177
0.19,707712
0.19,724203
0.19,746261
0.19,750044
0.19,770387
0.19,773717
0.19,782287
0.19,785436
0.19,804885
0.19,808808
0.19,825831
0.19,829813
0.19,834700
0.19,825285
0.19,824661
0.19,821183
0.19,821938
0.19,788720
0.19,787323
0.19,776061
0.19,773598
0.19,774092
0.19,774343
0.19,760994
0.19,707196
0.19,705453
0.19,706224
0.19,698992
0.19,704982
0.19,702693
0.19,702992
0.19,697631
0.19,697731
0.19,696540
0.19,695801
0.19,694435
0.19,691316
0.19,689421
0.19,686543
0.19,687005
0.19,689944
0.19,686968
0.19,686076
0.19,686989
0.19,686017
0.19,684169
0.19,681312
0.19,680096
0.19,681050
0.19,680375
0.19,680864
0.19,677366
0.19,678908
0.19,676696
0.19,676887
0.19,676012
0.19,675990
0.19,675968
