0.00,7149928
0.00,6940759
0.00,6834324
0.00,6834790
0.00,6785421
0.00,6629900
0.00,6461763
0.00,6303318
0.00,6157035
0.01,6018149
0.01,5924617
0.01,5746637
0.01,5741660
0.01,5616036
0.01,5513683
0.01,5405879
0.01,5416452
0.01,5399522
0.01,5291032
0.01,5299908
0.01,5194671
0.01,5090896
0.01,4989045
0.01,4933438
0.01,4931226
0.01,4925893
0.01,4936906
0.01,4940071
0.01,4926315
0.01,4903776
0.01,4904707
0.01,4820965
0.01,4852697
0.01,4862899
0.01,4855344
0.01,4861785
0.01,4841855
0.01,4866060
0.01,4900299
0.01,4906108
0.01,4851054
0.01,4772244
0.01,4795677
0.01,4687000
0.01,4588617
0.01,4614797
0.01,4576673
0.01,4513613
0.01,4342358
0.01,4349644
0.02,4336051
0.02,4257442
0.02,4256734
0.02,4259830
0.02,4263358
0.02,4151267
0.02,4087984
0.02,4056209
0.02,3982537
0.02,4004731
0.02,3969473
0.02,4022437
0.02,3982107
0.02,3959220
0.02,3961049
0.02,3981763
0.02,4004781
0.02,3913782
0.02,3940094
0.02,4030498
0.02,4056187
0.02,3919651
0.02,3924395
0.02,3961232
0.02,3919951
0.02,3921209
0.02,3965990
0.02,3979456
0.02,4001262
0.02,3976112
0.02,3980606
0.02,3948681
0.02,3991205
0.02,4016538
0.02,4062012
0.02,3911538
0.02,3967839
0.02,3933446
0.02,3844931
0.02,3826095
0.02,3764608
0.02,3718881
0.02,3638761
0.02,3574359
0.02,3516741
0.02,3456777
0.02,3403251
0.02,3349680
0.02,3372848
0.02,3422799
0.02,3350152
0.02,3361491
0.02,3364946
0.02,3359701
0.02,3367754
0.02,3344921
0.02,3348720
0.02,3387383
0.02,3339392
0.02,3338065
0.02,3389696
0.02,3420555
0.02,3406348
0.02,3390581
0.02,3385282
0.02,3401912
0.02,3422167
0.02,3410699
0.02,3405388
0.02,3300602
0.02,3295983
0.02,3302352
0.02,3313561
0.02,3319630
0.02,3304413
0.02,3302297
0.02,3366318
0.02,3369816
0.02,3303689
0.02,3262634
0.02,3299877
0.02,3370470
0.02,3370011
0.02,3268407
0.02,3275719
0.02,3293926
0.02,3276999
0.02,3301086
0.02,3279193
0.02,3301157
0.02,3263479
0.02,3210227
0.03,3172023
0.03,3126866
0.03,3116513
0.03,3114100
0.03,3123189
0.03,3098339
0.03,3096087
0.03,3034557
0.03,3009526
0.03,3016659
0.03,3045922
0.03,2963936
0.03,2916432
0.03,2869954
0.03,2875458
0.03,2881220
0.03,2878475
0.03,2852761
0.03,2804789
0.03,2810706
0.03,2847556
0.03,2905887
0.03,2903361
0.03,2845294
0.03,2844603
0.03,2870887
0.03,2859203
0.03,2854790
0.03,2833427
0.03,2833818
0.03,2824023
0.03,2771742
0.03,2786954
0.03,2773394
0.03,2797013
0.03,2800009
0.03,2807060
0.03,2821043
0.03,2806497
0.03,2811438
0.03,2867123
0.03,2814508
0.03,2759655
0.03,2756347
0.03,2759531
0.03,2742507
0.03,2731873
0.03,2720948
0.03,2706131
0.03,2686947
0.03,2641755
0.03,2611138
0.03,2610815
0.03,2574189
0.03,2558568
0.03,2543209
0.03,2564700
0.03,2558299
0.03,2557165
0.03,2555767
0.03,2560496
0.03,2525885
0.03,2498883
0.03,2471355
0.03,2436262
0.03,2397828
0.03,2389939
0.03,2352510
0.03,2337560
0.03,2345332
0.03,2350935
0.03,2347486
0.03,2346606
0.03,2347485
0.03,2318949
0.03,2321425
0.03,2333127
0.03,2336613
0.03,2338352
0.03,2327130
0.03,2317620
0.03,2292972
0.03,2283980
0.03,2252534
0.03,2250373
0.03,2247225
0.03,2230750
0.03,2190941
0.04,2160797
0.04,2161581
0.04,2164903
0.04,2161891
0.04,2125526
0.04,2141265
0.04,2143032
0.04,2144673
0.04,2157939
0.04,2155936
0.04,2156956
0.04,2141083
0.04,2130097
0.04,2134332
0.04,2112327
0.04,2110415
0.04,2085140
0.04,2103446
0.04,2105821
0.04,2066011
0.04,2063098
0.04,2055599
0.04,2060007
0.04,2064620
0.04,2047280
0.04,2065134
0.04,2110180
0.04,2113178
0.04,2088662
0.04,2105431
0.04,2131144
0.04,2106900
0.04,2111920
0.04,2101940
0.04,2111620
0.04,2109416
0.04,2068267
0.04,2067312
0.04,2136352
0.04,2148286
0.04,2160301
0.04,2149501
0.04,2149728
0.04,2176024
0.04,2191449
0.04,2211920
0.04,2218383
0.04,2115406
0.04,2048123
0.04,2039572
0.04,2028260
0.04,2030524
0.04,2001287
0.04,2006574
0.04,2028808
0.04,2088943
0.04,2030642
0.04,2011554
0.04,1974471
0.04,1952388
0.04,1930204
0.04,1914348
0.04,1910676
0.04,1875569
0.04,1880346
0.04,1881257
0.04,1881396
0.04,1883477
0.04,1878449
0.04,1873600
0.04,1878756
0.04,1871256
0.04,1848489
0.04,1881794
0.04,1905584
0.04,1903358
0.04,1936699
0.04,1936266
0.04,1941240
0.04,1922452
0.04,1896391
0.04,1947058
0.04,1950143
0.04,1850174
0.04,1847350
0.04,1861113
0.04,1863976
0.04,1855123
0.04,1853357
0.05,1845780
0.05,1854905
0.05,1848895
0.05,1837760
0.05,1853106
0.05,1883713
0.05,1880392
0.05,1861864
0.05,1863960
0.05,1908996
0.05,1901876
0.05,1890594
0.05,1900781
0.05,1909840
0.05,1895916
0.05,1912570
0.05,1928205
0.05,1927245
0.05,1930214
0.05,1929611
0.05,1918038
0.05,1923669
0.05,1925109
0.05,1937905
0.05,1941662
0.05,1880271
0.05,1870445
0.05,1832364
0.05,1862564
0.05,1883129
0.05,1927648
0.05,1919931
0.05,1911896
0.05,1912440
0.05,1926571
0.05,1962951
0.05,1963299
0.05,1928088
0.05,1925704
0.05,1894969
0.05,1894673
0.05,1879837
0.05,1867915
0.05,1886561
0.05,1901937
0.05,1921133
0.05,1892001
0.05,1870558
0.05,1871714
0.05,1873307
0.05,1844262
0.05,1825352
0.05,1826097
0.05,1836529
0.05,1837721
0.05,1840153
0.05,1839862
0.05,1810159
0.05,1827787
0.05,1838999
0.05,1834118
0.05,1831208
0.05,1839045
0.05,1835478
0.05,1830911
0.05,1828922
0.05,1831741
0.05,1921440
0.05,1887713
0.05,1826527
0.05,1822545
0.05,1805257
0.05,1796145
0.05,1796050
0.05,1773434
0.05,1764931
0.05,1761517
0.05,1760217
0.05,1735817
0.05,1747782
0.05,1744567
0.05,1741161
0.05,1743689
0.05,1739597
0.05,1729277
0.05,1719985
0.05,1718086
0.05,1724862
0.05,1726673
0.06,1729813
0.06,1716576
0.06,1714018
0.06,1703523
0.06,1694071
0.06,1703396
0.06,1697436
0.06,1677117
0.06,1698933
0.06,1700353
0.06,1717108
0.06,1710048
0.06,1712254
0.06,1718257
0.06,1706519
0.06,1700539
0.06,1701985
0.06,1665867
0.06,1644322
0.06,1652019
0.06,1622425
0.06,1623539
0.06,1625631
0.06,1629712
0.06,1640605
0.06,1651004
0.06,1651828
0.06,1655539
0.06,1631758
0.06,1649722
0.06,1652012
0.06,1663626
0.06,1606587
0.06,1603388
0.06,1601921
0.06,1602844
0.06,1611282
0.06,1601261
0.06,1593685
0.06,1574125
0.06,1574712
0.06,1575793
0.06,1588450
0.06,1588060
0.06,1581813
0.06,1567762
0.06,1577687
0.06,1570735
0.06,1540987
0.06,1525200
0.06,1519626
0.06,1527481
0.06,1534925
0.06,1540389
0.06,1531221
0.06,1506755
0.06,1513169
0.06,1524071
0.06,1511350
0.06,1523900
0.06,1528757
0.06,1519136
0.06,1531617
0.06,1539693
0.06,1532996
0.06,1533440
0.06,1537913
0.06,1528273
0.06,1522559
0.06,1503684
0.06,1496078
0.06,1497310
0.06,1509483
0.06,1591877
0.06,1562641
0.06,1528047
0.06,1510083
0.06,1533864
0.06,1538780
0.06,1534306
0.06,1525997
0.06,1513950
0.06,1504409
0.06,1474631
0.06,1468892
0.06,1459965
0.06,1442165
0.06,1424989
0.07,1432954
0.07,1454318
0.07,1505099
0.07,1423643
0.07,1435916
0.07,1451455
0.07,1440748
0.07,1418695
0.07,1422802
0.07,1432588
0.07,1424059
0.07,1430740
0.07,1413400
0.07,1415109
0.07,1414910
0.07,1401448
0.07,1383269
0.07,1395618
0.07,1431730
0.07,1505747
0.07,1500966
0.07,1488730
0.07,1494413
0.07,1503008
0.07,1512965
0.07,1504301
0.07,1488489
0.07,1489444
0.07,1470043
0.07,1480113
0.07,1470123
0.07,1457133
0.07,1477956
0.07,1478144
0.07,1489139
0.07,1476553
0.07,1480780
0.07,1477752
0.07,1460784
0.07,1457346
0.07,1431335
0.07,1471209
0.07,1482141
0.07,1455899
0.07,1447525
0.07,1443559
0.07,1435507
0.07,1416942
0.07,1423895
0.07,1449386
0.07,1512514
0.07,1508245
0.07,1461574
0.07,1454249
0.07,1471208
0.07,1459682
0.07,1462100
0.07,1454028
0.07,1457456
0.07,1455959
0.07,1429588
0.07,1433656
0.07,1426634
0.07,1394336
0.07,1396114
0.07,1398161
0.07,1420691
0.07,1440405
0.07,1365152
0.07,1378661
0.07,1383595
0.07,1397695
0.07,1395063
0.07,1398275
0.07,1388718
0.07,1362278
0.07,1378838
0.07,1391228
0.07,1400226
0.07,1404876
0.07,1381553
0.07,1382467
0.07,1371146
0.07,1370659
0.07,1374950
0.07,1389314
0.07,1396450
0.07,1399459
0.08,1397938
0.08,1407386
0.08,1398344
0.08,1375068
0.08,1374271
0.08,1362902
0.08,1340096
0.08,1351164
0.08,1365256
0.08,1399678
0.08,1478983
0.08,1475209
0.08,1461182
0.08,1460173
0.08,1457503
0.08,1467214
0.08,1453984
0.08,1442150
0.08,1443481
0.08,1428871
0.08,1442303
0.08,1437404
0.08,1424308
0.08,1455533
0.08,1466421
0.08,1464317
0.08,1468715
0.08,1472428
0.08,1481775
0.08,1435495
0.08,1408377
0.08,1404941
0.08,1399281
0.08,1343282
0.08,1317164
0.08,1308521
0.08,1332230
0.08,1326499
0.08,1330642
0.08,1333978
0.08,1328910
0.08,1325451
0.08,1324639
0.08,1316000
0.08,1317807
0.08,1334371
0.08,1333312
0.08,1344171
0.08,1353224
0.08,1353270
0.08,1355240
0.08,1341589
0.08,1319471
0.08,1299041
0.08,1297055
0.08,1295599
0.08,1296550
0.08,1284871
0.08,1287734
0.08,1274325
0.08,1261078
0.08,1249870
0.08,1241967
0.08,1232461
0.08,1234977
0.08,1230109
0.08,1254933
0.08,1264521
0.08,1253319
0.08,1249904
0.08,1228333
0.08,1215039
0.08,1197747
0.08,1193713
0.08,1182235
0.08,1199289
0.08,1213691
0.08,1210708
0.08,1218394
0.08,1204449
0.08,1208090
0.08,1221088
0.08,1219485
0.08,1216215
0.08,1212239
0.08,1210471
0.08,1210299
0.08,1207584
0.08,1205002
0.09,1217139
0.09,1223469
0.09,1216787
0.09,1223453
0.09,1225006
0.09,1223673
0.09,1234501
0.09,1235081
0.09,1297549
0.09,1267675
0.09,1243741
0.09,1220291
0.09,1211470
0.09,1210860
0.09,1205634
0.09,1203298
0.09,1203571
0.09,1192302
0.09,1188696
0.09,1186189
0.09,1201375
0.09,1185775
0.09,1194627
0.09,1178360
0.09,1171468
0.09,1162776
0.09,1173807
0.09,1170859
0.09,1176348
0.09,1175171
0.09,1179878
0.09,1188600
0.09,1180158
0.09,1179542
0.09,1194029
0.09,1220881
0.09,1250746
0.09,1185121
0.09,1161811
0.09,1171849
0.09,1164319
0.09,1163135
0.09,1166203
0.09,1155216
0.09,1156993
0.09,1151822
0.09,1146027
0.09,1134608
0.09,1124061
0.09,1114377
0.09,1101852
0.09,1097356
0.09,1095545
0.09,1099673
0.09,1097897
0.09,1090439
0.09,1089358
0.09,1088856
0.09,1100870
0.09,1094656
0.09,1105044
0.09,1124817
0.09,1158814
0.09,1171857
0.09,1174436
0.09,1180917
0.09,1187262
0.09,1184617
0.09,1230205
0.09,1231281
0.09,1235527
0.09,1227387
0.09,1226979
0.09,1214200
0.09,1216639
0.09,1203842
0.09,1200677
0.09,1175960
0.09,1175549
0.09,1161147
0.09,1183589
0.09,1186299
0.09,1160396
0.09,1176399
0.09,1124553
0.09,1098845
0.09,1113685
0.09,1120714
0.09,1118980
0.09,1112819
0.10,1159107
0.10,1160121
0.10,1079592
0.10,1087756
0.10,1080663
0.10,1081826
0.10,1068374
0.10,1060129
0.10,1052390
0.10,1050029
0.10,1042414
0.10,1032876
0.10,1044395
0.10,1037715
0.10,1036994
0.10,1039606
0.10,1033837
0.10,1030816
0.10,1028774
0.10,1031328
0.10,1029920
0.10,1024081
0.10,1020672
0.10,1015072
0.10,1023818
0.10,1020857
0.10,1024957
0.10,1011753
0.10,1013830
0.10,1015167
0.10,1016933
0.10,1022237
0.10,1019226
0.10,1019457
0.10,1023852
0.10,1040732
0.10,1050570
0.10,1075736
0.10,1084789
0.10,1084902
0.10,1096722
0.10,1102658
0.10,1105588
0.10,1155682
0.10,1159721
0.10,1159004
0.10,1155297
0.10,1162408
0.10,1154577
0.10,1155252
0.10,1141967
0.10,1152924
0.10,1130430
0.10,1136079
0.10,1124775
0.10,1121582
0.10,1121141
0.10,1104034
0.10,1105664
0.10,1075919
0.10,1104532
0.10,1132550
0.10,1148137
0.10,1151492
0.10,1082930
0.10,1086665
0.10,1092467
0.10,1092771
0.10,1107394
0.10,1111115
0.10,1167497
0.10,1175850
0.10,1121099
0.10,1117827
0.10,1114058
0.10,1118754
0.10,1088417
0.10,1092848
0.10,1087059
0.10,1065085
0.10,1046130
0.10,1035450
0.10,1032191
0.10,1048055
0.10,1045696
0.10,1044937
0.10,1056205
0.11,1050250
0.11,1050185
0.11,1053593
0.11,1057936
0.11,1056531
0.11,1052549
0.11,1047585
0.11,1043557
0.11,1039384
0.11,1030742
0.11,1027905
0.11,1029211
0.11,1020665
0.11,1030249
0.11,1015233
0.11,1002936
0.11,1011576
0.11,1013137
0.11,1021978
0.11,1029916
0.11,1030865
0.11,1033891
0.11,1035736
0.11,1036213
0.11,1035782
0.11,1040069
0.11,1062658
0.11,1094333
0.11,1120826
0.11,1054137
0.11,1059790
0.11,1062985
0.11,1061043
0.11,1051275
0.11,1060220
0.11,1056309
0.11,1055980
0.11,1052174
0.11,1053167
0.11,1057751
0.11,1061184
0.11,1054290
0.11,1058915
0.11,1054729
0.11,1053403
0.11,1036400
0.11,1040420
0.11,1041244
0.11,1034540
0.11,1040788
0.11,1037709
0.11,1045658
0.11,1044961
0.11,1047893
0.11,1048142
0.11,1042192
0.11,1041880
0.11,1045949
0.11,1038926
0.11,1042737
0.11,1038232
0.11,1034071
0.11,1031574
0.11,1038858
0.11,1021880
0.11,1030185
0.11,1026518
0.11,1025071
0.11,1016005
0.11,1007937
0.11,1007255
0.11,998290
0.11,996307
0.11,989779
0.11,980834
0.11,974542
0.11,976762
0.11,978012
0.11,976674
0.11,979545
0.11,977693
0.11,977362
0.11,973136
0.11,973739
0.11,973044
0.11,971206
0.11,970961
0.11,973329
0.11,967188
0.11,966488
0.12,960273
0.12,966212
0.12,966814
0.12,960238
0.12,953981
0.12,947046
0.12,952923
0.12,958012
0.12,946441
0.12,964621
0.12,962354
0.12,961577
0.12,953594
0.12,993982
0.12,937742
0.12,936588
0.12,981518
0.12,931232
0.12,932600
0.12,924821
0.12,926712
0.12,928613
0.12,933526
0.12,929911
0.12,932769
0.12,927674
0.12,924055
0.12,920144
0.12,917187
0.12,917942
0.12,913275
0.12,912849
0.12,907529
0.12,907923
0.12,907806
0.12,906672
0.12,905713
0.12,906080
0.12,899728
0.12,901538
0.12,896936
0.12,897632
0.12,899374
0.12,903704
0.12,900622
0.12,901035
0.12,896907
0.12,893742
0.12,889821
0.12,886844
0.12,885794
0.12,881351
0.12,885218
0.12,887212
0.12,905721
0.12,902437
0.12,905865
0.12,910755
0.12,906391
0.12,905742
0.12,918427
0.12,937995
0.12,964757
0.12,892545
0.12,895212
0.12,895961
0.12,893615
0.12,897307
0.12,899878
0.12,896261
0.12,890521
0.12,887268
0.12,876992
0.12,877559
0.12,877191
0.12,879806
0.12,876537
0.12,881033
0.12,870860
0.12,872304
0.12,875656
0.12,870797
0.12,866411
0.12,861700
0.12,858481
0.12,860241
0.12,861446
0.13,855695
0.13,865257
0.13,870992
0.13,863723
0.13,865968
0.13,864553
0.13,865482
0.13,869534
0.13,866966
0.13,860541
0.13,860046
0.13,859261
0.13,852174
0.13,849902
0.13,852432
0.13,858993
0.13,848870
0.13,846120
0.13,842728
0.13,839625
0.13,848162
0.13,839724
0.13,833393
0.13,831945
0.13,828609
0.13,831408
0.13,835904
0.13,825731
0.13,835292
0.13,840779
0.13,840169
0.13,841996
0.13,842385
0.13,840889
0.13,835334
0.13,830524
0.13,824972
0.13,825950
0.13,819569
0.13,817488
0.13,814429
0.13,815352
0.13,811567
0.13,810613
0.13,808444
0.13,807627
0.13,805052
0.13,802716
0.13,800415
0.13,798285
0.13,796302
0.13,794323
0.13,792422
0.13,794187
0.13,796392
0.13,791126
0.13,792820
0.13,793077
0.13,788525
0.13,787787
0.13,787726
0.13,785112
0.13,783327
0.13,780748
0.13,780318
0.13,782200
0.13,781511
0.13,781430
0.13,776997
0.13,776918
0.13,775729
0.13,779169
0.13,788137
0.13,793753
0.13,797408
0.13,792999
0.13,775255
0.13,777438
0.13,784245
0.13,790679
0.13,793331
0.13,780994
0.13,773900
0.13,770708
0.13,770478
0.13,768427
0.13,770717
0.13,772139
0.14,772576
0.14,773427
0.14,773703
0.14,769292
0.14,766635
0.14,766378
0.14,765152
0.14,766786
0.14,769462
0.14,770786
0.14,771121
0.14,767214
0.14,767733
0.14,766761
0.14,768377
0.14,767545
0.14,766273
0.14,762881
0.14,762755
0.14,774608
0.14,760378
0.14,765753
0.14,750985
0.14,749993
0.14,748334
0.14,752062
0.14,746700
0.14,746645
0.14,747497
0.14,748020
0.14,748943
0.14,745158
0.14,746375
0.14,747712
0.14,747762
0.14,752644
0.14,753424
0.14,751265
0.14,748101
0.14,748131
0.14,746488
0.14,744178
0.14,744345
0.14,744982
0.14,746026
0.14,742626
0.14,742416
0.14,743500
0.14,742423
0.14,742355
0.14,739002
0.14,737598
0.14,736194
0.14,734077
0.14,732754
0.14,731432
0.14,730316
0.14,728499
0.14,727048
0.14,725834
0.14,724623
0.14,721146
0.14,721305
0.14,720428
0.14,720064
0.14,722097
0.14,718521
0.14,717813
0.14,719064
0.14,719999
0.14,718918
0.14,717898
0.14,718456
0.14,718626
0.14,724426
0.14,724484
0.14,725303
0.14,724720
0.14,723172
0.14,720570
0.14,721032
0.14,718683
0.14,718079
0.14,717869
0.14,716367
0.14,716435
0.14,715437
0.14,724666
0.14,717758
0.15,714165
0.15,713060
0.15,711970
0.15,710822
0.15,712469
0.15,712816
0.15,709641
0.15,708708
0.15,711014
0.15,707796
0.15,707836
0.15,705784
0.15,704668
0.15,705391
0.15,707241
0.15,705091
0.15,703825
0.15,702994
0.15,702222
0.15,701454
0.15,701691
0.15,700377
0.15,699707
0.15,699004
0.15,699058
0.15,700195
0.15,700725
0.15,702110
0.15,702049
0.15,700056
0.15,698704
0.15,697952
0.15,702413
0.15,704612
0.15,702274
0.15,697347
0.15,702896
0.15,700640
0.15,699111
0.15,696685
0.15,695542
0.15,695860
0.15,693723
0.15,698308
0.15,694344
0.15,697490
0.15,698601
0.15,700926
0.15,698885
0.15,692270
0.15,693430
0.15,695194
0.15,694136
0.15,696756
0.15,696454
0.15,698276
0.15,690881
0.15,690279
0.15,696137
0.15,688592
0.15,689525
0.15,688006
0.15,687443
0.15,686671
0.15,686188
0.15,685762
0.15,685340
0.15,684583
0.15,684216
0.15,684008
0.15,683704
0.15,683406
0.15,684057
0.15,685061
0.15,683117
0.15,684648
0.15,684526
0.15,686430
0.15,687893
0.15,688994
0.15,687045
0.15,685420
0.15,682857
0.15,684504
0.15,686405
0.15,687179
0.15,685273
0.15,684136
0.15,683223
0.16,683066
0.16,680988
0.16,680729
0.16,680512
0.16,681167
0.16,680302
0.16,679874
0.16,679698
0.16,679975
0.16,678975
0.16,678803
0.16,678637
0.16,678468
0.16,679500
0.16,679422
0.16,680848
0.16,681966
0.16,678311
0.16,678913
0.16,678693
0.16,679048
0.16,677746
0.16,677601
0.16,677460
0.16,677362
0.16,677180
0.16,677089
0.16,676999
0.16,676963
0.16,676813
