0.00,7042310
0.00,6926708
0.00,6761907
0.00,6744696
0.00,6606637
0.00,6592921
0.00,6483809
0.00,6323502
0.00,6177024
0.01,6179830
0.01,6177319
0.01,6187647
0.01,6049900
0.01,5934659
0.01,5847037
0.01,5763871
0.01,5663174
0.01,5542646
0.01,5542379
0.01,5521619
0.01,5539393
0.01,5365355
0.01,5391451
0.01,5382972
0.01,5384765
0.01,5395849
0.01,5361352
0.01,5268939
0.01,5229520
0.01,5118538
0.01,5119052
0.01,5131910
0.01,4991173
0.01,5040437
0.01,5024067
0.01,4991734
0.01,4959314
0.01,4897666
0.01,4805620
0.01,4785328
0.01,4711204
0.01,4697480
0.01,4729382
0.01,4628426
0.01,4548757
0.01,4553774
0.01,4556353
0.01,4593941
0.01,4487293
0.01,4487289
0.01,4416540
0.01,4470914
0.01,4474869
0.01,4396501
0.01,4410969
0.01,4413327
0.01,4415580
0.01,4454852
0.01,4394210
0.01,4406571
0.01,4413826
0.01,4383492
0.01,4334878
0.02,4316630
0.02,4300719
0.02,4300847
0.02,4216734
0.02,4226545
0.02,4223410
0.02,4278476
0.02,4225579
0.02,4318751
0.02,4266044
0.02,4147091
0.02,4100767
0.02,4155587
0.02,4165146
0.02,4114370
0.02,4105465
0.02,4105291
0.02,4102135
0.02,4135664
0.02,4152617
0.02,4150139
0.02,4153542
0.02,4162091
0.02,4137081
0.02,4114057
0.02,4123025
0.02,4091807
0.02,4103383
0.02,4021690
0.02,3950860
0.02,3938000
0.02,3862209
0.02,3806886
0.02,3783834
0.02,3817288
0.02,3796424
0.02,3809661
0.02,3825684
0.02,3821806
0.02,3769234
0.02,3761405
0.02,3710464
0.02,3694493
0.02,3637358
0.02,3558792
0.02,3496923
0.02,3487338
0.02,3424503
0.02,3452663
0.02,3438101
0.02,3388571
0.02,3359034
0.02,3305995
0.02,3368426
0.02,3249584
0.02,3246434
0.02,3220469
0.02,3211586
0.02,3154430
0.02,3106519
0.02,3104741
0.02,3092178
0.02,3072161
0.02,3051803
0.02,3026558
0.02,3023543
0.02,3010985
0.02,2985621
0.02,2984482
0.02,2978255
0.02,2976456
0.02,3026041
0.02,2967859
0.02,2909313
0.02,2904855
0.02,2910159
0.02,2898559
0.02,2875055
0.02,2877886
0.02,2850163
0.02,2800840
0.02,2762543
0.02,2725869
0.02,2690950
0.02,2699023
0.02,2671223
0.02,2687486
0.02,2656582
0.02,2627060
0.02,2637726
0.02,2639008
0.03,2639855
0.03,2651495
0.03,2626300
0.03,2594810
0.03,2552396
0.03,2549235
0.03,2561137
0.03,2550698
0.03,2544330
0.03,2560529
0.03,2550306
0.03,2549257
0.03,2556238
0.03,2543156
0.03,2520227
0.03,2513720
0.03,2487933
0.03,2447482
0.03,2458337
0.03,2464032
0.03,2451938
0.03,2439858
0.03,2451680
0.03,2414149
0.03,2376703
0.03,2370541
0.03,2384450
0.03,2367236
0.03,2368241
0.03,2347093
0.03,2318685
0.03,2326776
0.03,2300765
0.03,2256368
0.03,2265059
0.03,2259337
0.03,2253511
0.03,2271473
0.03,2291646
0.03,2320930
0.03,2294656
0.03,2305034
0.03,2387550
0.03,2381557
0.03,2345279
0.03,2329470
0.03,2306040
0.03,2245995
0.03,2216579
0.03,2207231
0.03,2174534
0.03,2191449
0.03,2194855
0.03,2241277
0.03,2186578
0.03,2200260
0.03,2202566
0.03,2209659
0.03,2204741
0.03,2229209
0.03,2207837
0.03,2236822
0.03,2230283
0.03,2217466
0.03,2265126
0.03,2264424
0.03,2257947
0.03,2251097
0.03,2225419
0.03,2184270
0.03,2201525
0.03,2202678
0.03,2126424
0.03,2097952
0.03,2071631
0.03,2044331
0.03,2043593
0.03,2045746
0.03,2039627
0.03,2042352
0.03,2032912
0.03,2010090
0.03,2015295
0.03,2029574
0.03,2025341
0.03,2020699
0.03,2014800
0.03,1983330
0.03,1996796
0.03,1996476
0.03,2003148
0.04,1988357
0.04,1970414
0.04,1940403
0.04,1931674
0.04,1934612
0.04,1915366
0.04,1902552
0.04,1902723
0.04,1902212
0.04,1898685
0.04,1902230
0.04,1892360
0.04,1900470
0.04,1910889
0.04,1901155
0.04,1903049
0.04,1891818
0.04,1891462
0.04,1898923
0.04,1894271
0.04,1898600
0.04,1886951
0.04,1876829
0.04,1883712
0.04,1871039
0.04,1859251
0.04,1887660
0.04,1944798
0.04,1916420
0.04,1810171
0.04,1769856
0.04,1792064
0.04,1785752
0.04,1743213
0.04,1716559
0.04,1685065
0.04,1694766
0.04,1678276
0.04,1672854
0.04,1698584
0.04,1693737
0.04,1706732
0.04,1710681
0.04,1719529
0.04,1731802
0.04,1728945
0.04,1716674
0.04,1726752
0.04,1716555
0.04,1745408
0.04,1795839
0.04,1771390
0.04,1739745
0.04,1744424
0.04,1747903
0.04,1743659
0.04,1770963
0.04,1780175
0.04,1766018
0.04,1705457
0.04,1713282
0.04,1705647
0.04,1695515
0.04,1687343
0.04,1676734
0.04,1687237
0.04,1690086
0.04,1651051
0.04,1666770
0.04,1637378
0.04,1618075
0.04,1597265
0.04,1589947
0.04,1584957
0.04,1562973
0.04,1542730
0.04,1526829
0.04,1517446
0.04,1526761
0.04,1535645
0.04,1557373
0.04,1551025
0.04,1579127
0.04,1596318
0.04,1603378
0.04,1633468
0.04,1655305
0.04,1631340
0.04,1628953
0.04,1633367
0.04,1628084
0.05,1619245
0.05,1630102
0.05,1634986
0.05,1592345
0.05,1587297
0.05,1579604
0.05,1583614
0.05,1586414
0.05,1582555
0.05,1577110
0.05,1562805
0.05,1517312
0.05,1535447
0.05,1552125
0.05,1581921
0.05,1625007
0.05,1598288
0.05,1599596
0.05,1601069
0.05,1678683
0.05,1664651
0.05,1610805
0.05,1609852
0.05,1593281
0.05,1592772
0.05,1578597
0.05,1572655
0.05,1566670
0.05,1570134
0.05,1562456
0.05,1543668
0.05,1526847
0.05,1532636
0.05,1525206
0.05,1516694
0.05,1524125
0.05,1514059
0.05,1510947
0.05,1526997
0.05,1552243
0.05,1562915
0.05,1552770
0.05,1567114
0.05,1574252
0.05,1588852
0.05,1638273
0.05,1623362
0.05,1570448
0.05,1601474
0.05,1579615
0.05,1587270
0.05,1582264
0.05,1617734
0.05,1616098
0.05,1526554
0.05,1555858
0.05,1561246
0.05,1576233
0.05,1548003
0.05,1535347
0.05,1554483
0.05,1559193
0.05,1614167
0.05,1627092
0.05,1635740
0.05,1642028
0.05,1635326
0.05,1631674
0.05,1621394
0.05,1633901
0.05,1676208
0.05,1662451
0.05,1650039
0.05,1655455
0.05,1637066
0.05,1617868
0.05,1620355
0.05,1640193
0.05,1619996
0.05,1595738
0.05,1596523
0.05,1577366
0.05,1544970
0.05,1552910
0.05,1532813
0.05,1518677
0.05,1502079
0.05,1517145
0.05,1522048
0.06,1583432
0.06,1606699
0.06,1555436
0.06,1522337
0.06,1519193
0.06,1517567
0.06,1523616
0.06,1538237
0.06,1531442
0.06,1509523
0.06,1506189
0.06,1520448
0.06,1522489
0.06,1515233
0.06,1522786
0.06,1522248
0.06,1513417
0.06,1509424
0.06,1509544
0.06,1520941
0.06,1522046
0.06,1501211
0.06,1495142
0.06,1478310
0.06,1483349
0.06,1506663
0.06,1508324
0.06,1505636
0.06,1511184
0.06,1531480
0.06,1544275
0.06,1547837
0.06,1545620
0.06,1574786
0.06,1572514
0.06,1577701
0.06,1581769
0.06,1618853
0.06,1613989
0.06,1543366
0.06,1538940
0.06,1531882
0.06,1552781
0.06,1517191
0.06,1511225
0.06,1505993
0.06,1486576
0.06,1540832
0.06,1553065
0.06,1555302
0.06,1558972
0.06,1552339
0.06,1552633
0.06,1555929
0.06,1568140
0.06,1587222
0.06,1588567
0.06,1571747
0.06,1570203
0.06,1577043
0.06,1565787
0.06,1534525
0.06,1541904
0.06,1496637
0.06,1458251
0.06,1430681
0.06,1416812
0.06,1468359
0.06,1495250
0.06,1432213
0.06,1431508
0.06,1435348
0.06,1450852
0.06,1453852
0.06,1453169
0.06,1459266
0.06,1453227
0.06,1450051
0.06,1442138
0.06,1441510
0.06,1426214
0.06,1428057
0.06,1425438
0.06,1441405
0.06,1436503
0.06,1430089
0.06,1430406
0.06,1426180
0.06,1421063
0.06,1437883
0.07,1456603
0.07,1457411
0.07,1454757
0.07,1466302
0.07,1458761
0.07,1445328
0.07,1445144
0.07,1436023
0.07,1436802
0.07,1449651
0.07,1427336
0.07,1427735
0.07,1438398
0.07,1416691
0.07,1430839
0.07,1438316
0.07,1436994
0.07,1446954
0.07,1498098
0.07,1523121
0.07,1453468
0.07,1429347
0.07,1441527
0.07,1435398
0.07,1436743
0.07,1420599
0.07,1393669
0.07,1381257
0.07,1381982
0.07,1383106
0.07,1381092
0.07,1359226
0.07,1353980
0.07,1357764
0.07,1364730
0.07,1375000
0.07,1368421
0.07,1363431
0.07,1368280
0.07,1363280
0.07,1372439
0.07,1373872
0.07,1386053
0.07,1379202
0.07,1384448
0.07,1389957
0.07,1385176
0.07,1380698
0.07,1372584
0.07,1365470
0.07,1366204
0.07,1359726
0.07,1364115
0.07,1387782
0.07,1385258
0.07,1397135
0.07,1405735
0.07,1415690
0.07,1439055
0.07,1446637
0.07,1484012
0.07,1498338
0.07,1502094
0.07,1529510
0.07,1549564
0.07,1537707
0.07,1533245
0.07,1522769
0.07,1513498
0.07,1514106
0.07,1516437
0.07,1520083
0.07,1483767
0.07,1458748
0.07,1458329
0.07,1478823
0.07,1479778
0.07,1474037
0.07,1521796
0.07,1538682
0.07,1422250
0.07,1423004
0.07,1431904
0.07,1442176
0.07,1468826
0.07,1449188
0.07,1448933
0.07,1450209
0.07,1516758
0.07,1517634
0.08,1470428
0.08,1473741
0.08,1457483
0.08,1457817
0.08,1428588
0.08,1427396
0.08,1416301
0.08,1406587
0.08,1396129
0.08,1381277
0.08,1378424
0.08,1381622
0.08,1372723
0.08,1344673
0.08,1327376
0.08,1327676
0.08,1321282
0.08,1306884
0.08,1291751
0.08,1295992
0.08,1303574
0.08,1318781
0.08,1300874
0.08,1298675
0.08,1305596
0.08,1296696
0.08,1286287
0.08,1285501
0.08,1281312
0.08,1279182
0.08,1267345
0.08,1269453
0.08,1267990
0.08,1260617
0.08,1249392
0.08,1243365
0.08,1247339
0.08,1237911
0.08,1244517
0.08,1236363
0.08,1225360
0.08,1224026
0.08,1217288
0.08,1207093
0.08,1207583
0.08,1201570
0.08,1198990
0.08,1190952
0.08,1196804
0.08,1191754
0.08,1192313
0.08,1172917
0.08,1167018
0.08,1173123
0.08,1168974
0.08,1149040
0.08,1156152
0.08,1151933
0.08,1152844
0.08,1156188
0.08,1153846
0.08,1150534
0.08,1156032
0.08,1152737
0.08,1151722
0.08,1160260
0.08,1166310
0.08,1162237
0.08,1161385
0.08,1152951
0.08,1149732
0.08,1140687
0.08,1143151
0.08,1147216
0.08,1142314
0.08,1142382
0.08,1136539
0.08,1130792
0.08,1139484
0.08,1135832
0.08,1134217
0.08,1126667
0.08,1128680
0.08,1116517
0.08,1128852
0.08,1107793
0.08,1096622
0.08,1086975
0.08,1082730
0.09,1095019
0.09,1158154
0.09,1141226
0.09,1113570
0.09,1128299
0.09,1139947
0.09,1130504
0.09,1134989
0.09,1144809
0.09,1144191
0.09,1135650
0.09,1131467
0.09,1124594
0.09,1111010
0.09,1107018
0.09,1103201
0.09,1091912
0.09,1095962
0.09,1097036
0.09,1083289
0.09,1080297
0.09,1076150
0.09,1092338
0.09,1102258
0.09,1105451
0.09,1105619
0.09,1106055
0.09,1103286
0.09,1101912
0.09,1102709
0.09,1105810
0.09,1110809
0.09,1100480
0.09,1102491
0.09,1096651
0.09,1088000
0.09,1087755
0.09,1086074
0.09,1080865
0.09,1068919
0.09,1068451
0.09,1067016
0.09,1068107
0.09,1056453
0.09,1058001
0.09,1055334
0.09,1047678
0.09,1039420
0.09,1045426
0.09,1044705
0.09,1045316
0.09,1043909
0.09,1049320
0.09,1048439
0.09,1039993
0.09,1036931
0.09,1035076
0.09,1031430
0.09,1033254
0.09,1030653
0.09,1032462
0.09,1033895
0.09,1025311
0.09,1027253
0.09,1028771
0.09,1018493
0.09,1017338
0.09,1017893
0.09,1035542
0.09,1036062
0.09,1040239
0.09,1049373
0.09,1059818
0.09,1082174
0.09,1087688
0.09,1108425
0.09,1113350
0.09,1097996
0.09,1131253
0.09,1151275
0.09,1166165
0.09,1158821
0.09,1158764
0.09,1181530
0.09,1212960
0.09,1281055
0.09,1245347
0.09,1156497
0.10,1164646
0.10,1177346
0.10,1169455
0.10,1162016
0.10,1161430
0.10,1156969
0.10,1121034
0.10,1092591
0.10,1105060
0.10,1099414
0.10,1111818
0.10,1095684
0.10,1096296
0.10,1116517
0.10,1118254
0.10,1110457
0.10,1160697
0.10,1155826
0.10,1116871
0.10,1105421
0.10,1108579
0.10,1079960
0.10,1082761
0.10,1079190
0.10,1070763
0.10,1060392
0.10,1054665
0.10,1041672
0.10,1049277
0.10,1038778
0.10,1026583
0.10,1035377
0.10,1034349
0.10,1034637
0.10,1025549
0.10,1015009
0.10,1023132
0.10,1026488
0.10,1036933
0.10,1036127
0.10,1044792
0.10,1044582
0.10,1043924
0.10,1045366
0.10,1042650
0.10,1032635
0.10,1037318
0.10,1035018
0.10,1027380
0.10,1017940
0.10,1015490
0.10,1008408
0.10,1011054
0.10,1034725
0.10,1102259
0.10,1071993
0.10,1030013
0.10,1040976
0.10,1059705
0.10,1055219
0.10,1060100
0.10,1066371
0.10,1063590
0.10,1049001
0.10,1056771
0.10,1051958
0.10,1052655
0.10,1055178
0.10,1062590
0.10,1056771
0.10,1057030
0.10,1059917
0.10,1045671
0.10,1047874
0.10,1039852
0.10,1039268
0.10,1046736
0.10,1052502
0.10,1050356
0.10,1047729
0.10,1044312
0.10,1039573
0.10,1038268
0.10,1038637
0.10,1033794
0.10,1040110
0.10,1042766
0.10,1047142
0.10,1051035
0.10,1050465
0.10,1044643
0.10,1032649
0.10,1034515
0.11,1028927
0.11,1021776
0.11,1020996
0.11,1016496
0.11,1014641
0.11,1007247
0.11,1007630
0.11,1006399
0.11,1012111
0.11,1001961
0.11,999398
0.11,992846
0.11,988902
0.11,983020
0.11,976646
0.11,970529
0.11,970482
0.11,968532
0.11,966935
0.11,965212
0.11,969742
0.11,972219
0.11,971938
0.11,959787
0.11,965284
0.11,972929
0.11,970225
0.11,969943
0.11,963640
0.11,969049
0.11,972901
0.11,980132
0.11,992431
0.11,986740
0.11,992277
0.11,1018648
0.11,1044014
0.11,976552
0.11,973391
0.11,984135
0.11,972426
0.11,970768
0.11,971333
0.11,969631
0.11,961484
0.11,966978
0.11,963861
0.11,963513
0.11,966278
0.11,963920
0.11,951423
0.11,950597
0.11,953429
0.11,954252
0.11,956745
0.11,954519
0.11,959606
0.11,953851
0.11,953769
0.11,965612
0.11,961028
0.11,970791
0.11,975139
0.11,979910
0.11,980943
0.11,982374
0.11,999615
0.11,1020645
0.11,1040873
0.11,961088
0.11,956409
0.11,960082
0.11,954628
0.11,953601
0.11,961318
0.11,958753
0.11,950155
0.11,946039
0.11,948613
0.11,938647
0.11,935076
0.11,929900
0.11,930267
0.11,926517
0.11,922606
0.11,923262
0.11,919883
0.11,919406
0.11,916661
0.11,914689
0.12,911623
0.12,912467
0.12,914267
0.12,911992
0.12,911621
0.12,915741
0.12,913588
0.12,906352
0.12,903983
0.12,907707
0.12,906476
0.12,909998
0.12,912390
0.12,907692
0.12,909424
0.12,924649
0.12,933065
0.12,935585
0.12,924923
0.12,917724
0.12,925562
0.12,925096
0.12,929929
0.12,936280
0.12,939012
0.12,937702
0.12,943412
0.12,946151
0.12,950571
0.12,934920
0.12,933912
0.12,925173
0.12,917172
0.12,907368
0.12,899500
0.12,907740
0.12,893392
0.12,890760
0.12,886275
0.12,890997
0.12,886892
0.12,881960
0.12,879573
0.12,878941
0.12,876376
0.12,875142
0.12,876874
0.12,879272
0.12,880182
0.12,880047
0.12,892616
0.12,901712
0.12,905087
0.12,909375
0.12,925560
0.12,944350
0.12,974802
0.12,999636
0.12,1002312
0.12,1008254
0.12,1005985
0.12,1010572
0.12,1033728
0.12,1038244
0.12,1043563
0.12,1045393
0.12,1052989
0.12,1060577
0.12,1067803
0.12,1061031
0.12,1044416
0.12,1019337
0.12,1016428
0.12,1020837
0.12,1016311
0.12,1011230
0.12,1004774
0.12,1003028
0.12,957308
0.12,969823
0.12,960332
0.12,971687
0.12,954239
0.12,960925
0.12,982274
0.12,983389
0.12,991535
0.12,1036297
0.12,1034894
0.12,995561
0.12,979867
0.13,978560
0.13,1022452
0.13,1008156
0.13,983959
0.13,973040
0.13,965023
0.13,960226
0.13,938044
0.13,935985
0.13,917582
0.13,891751
0.13,889014
0.13,887577
0.13,891423
0.13,874445
0.13,882207
0.13,891539
0.13,889733
0.13,890726
0.13,900502
0.13,915206
0.13,950398
0.13,961801
0.13,965111
0.13,968524
0.13,970750
0.13,981343
0.13,1008227
0.13,1020594
0.13,1025342
0.13,1028292
0.13,1038744
0.13,1050046
0.13,1052071
0.13,1057339
0.13,1038972
0.13,1023560
0.13,1017724
0.13,1008727
0.13,998716
0.13,985308
0.13,969880
0.13,967137
0.13,930573
0.13,942242
0.13,943978
0.13,955249
0.13,938437
0.13,941588
0.13,962447
0.13,965140
0.13,973038
0.13,1024078
0.13,1034323
0.13,995675
0.13,978350
0.13,982579
0.13,953953
0.13,955636
0.13,952062
0.13,952073
0.13,951132
0.13,948228
0.13,934844
0.13,931310
0.13,922139
0.13,903059
0.13,911079
0.13,910725
0.13,983553
0.13,954972
0.13,921947
0.13,900653
0.13,893560
0.13,872451
0.13,870205
0.13,867615
0.13,866736
0.13,868349
0.13,869052
0.13,870462
0.13,872153
0.13,870299
0.13,868005
0.13,862866
0.13,865680
0.13,860430
0.13,859350
0.13,860207
0.13,861626
0.13,867589
0.13,863476
0.14,861322
0.14,857751
0.14,857292
0.14,856703
0.14,853500
0.14,850469
0.14,844678
0.14,844181
0.14,841199
0.14,838029
0.14,845178
0.14,849414
0.14,847902
0.14,845021
0.14,849922
0.14,862685
0.14,898085
0.14,913603
0.14,916796
0.14,920118
0.14,917027
0.14,928266
0.14,953786
0.14,963329
0.14,965666
0.14,966547
0.14,969318
0.14,979090
0.14,984012
0.14,978045
0.14,961915
0.14,941613
0.14,938288
0.14,933655
0.14,929048
0.14,920628
0.14,902481
0.14,901763
0.14,874148
0.14,900923
0.14,899332
0.14,915856
0.14,913652
0.14,930222
0.14,952086
0.14,954250
0.14,969475
0.14,1018960
0.14,1020417
0.14,984516
0.14,972473
0.14,973885
0.14,939506
0.14,940755
0.14,944240
0.14,934060
0.14,927688
0.14,927490
0.14,905753
0.14,894968
0.14,877916
0.14,850189
0.14,849140
0.14,841519
0.14,835108
0.14,833522
0.14,833728
0.14,837260
0.14,833919
0.14,826428
0.14,830525
0.14,828186
0.14,828233
0.14,822977
0.14,823303
0.14,822134
0.14,822539
0.14,817599
0.14,814186
0.14,811182
0.14,807124
0.14,804149
0.14,804241
0.14,801304
0.14,798577
0.14,798964
0.14,793824
0.15,794947
0.15,797803
0.15,797922
0.15,798111
0.15,792485
0.15,790590
0.15,792914
0.15,787301
0.15,786835
0.15,787559
0.15,787496
0.15,786413
0.15,785705
0.15,787415
0.15,783374
0.15,781073
0.15,778805
0.15,778039
0.15,775838
0.15,773798
0.15,771668
0.15,772199
0.15,769551
0.15,775392
0.15,777390
0.15,781540
0.15,782043
0.15,781418
0.15,784579
0.15,789067
0.15,786387
0.15,779105
0.15,785668
0.15,775483
0.15,767932
0.15,767887
0.15,767121
0.15,764177
0.15,761234
0.15,759170
0.15,758317
0.15,766603
0.15,779264
0.15,780275
0.15,779080
0.15,778633
0.15,779366
0.15,777804
0.15,776153
0.15,778009
0.15,761789
0.15,758942
0.15,756457
0.15,758772
0.15,759378
0.15,754548
0.15,752753
0.15,751024
0.15,748067
0.15,749669
0.15,746561
0.15,745060
0.15,748151
0.15,748238
0.15,747496
0.15,747265
0.15,747301
0.15,743615
0.15,743619
0.15,746710
0.15,746797
0.15,746055
0.15,745824
0.15,745860
0.15,742174
0.15,740811
0.15,740616
0.15,741103
0.15,744656
0.15,745084
0.15,750490
0.15,759919
0.15,761869
0.15,761544
0.15,767094
0.15,775087
0.15,808320
0.16,822699
0.16,826320
0.16,831307
0.16,833975
0.16,841722
0.16,864417
0.16,874507
0.16,874202
0.16,878525
0.16,879606
0.16,885101
0.16,888112
0.16,879423
0.16,857850
0.16,839875
0.16,841708
0.16,840230
0.16,832529
0.16,831305
0.16,817873
0.16,814378
0.16,785932
0.16,811274
0.16,815891
0.16,821094
0.16,806586
0.16,824571
0.16,845781
0.16,850408
0.16,862218
0.16,915211
0.16,915914
0.16,884166
0.16,870693
0.16,870369
0.16,840031
0.16,843651
0.16,842277
0.16,834914
0.16,832426
0.16,832228
0.16,813974
0.16,811088
0.16,801718
0.16,776734
0.16,777171
0.16,774066
0.16,775246
0.16,774537
0.16,778049
0.16,780444
0.16,784624
0.16,802153
0.16,833976
0.16,859036
0.16,797160
0.16,802709
0.16,800538
0.16,802172
0.16,799706
0.16,799125
0.16,798336
0.16,792435
0.16,789777
0.16,789205
0.16,788323
0.16,787302
0.16,788390
0.16,789102
0.16,788467
0.16,788029
0.16,778131
0.16,776066
0.16,775477
0.16,773884
0.16,769436
0.16,763802
0.16,755213
0.16,751199
0.16,751543
0.16,742220
0.16,742830
0.16,744979
0.16,748190
0.16,739282
0.16,740501
0.16,748605
0.16,751959
0.17,753943
0.17,762383
0.17,773143
0.17,806001
0.17,819139
0.17,824448
0.17,829288
0.17,831020
0.17,838002
0.17,860301
0.17,869181
0.17,867568
0.17,870328
0.17,872583
0.17,879569
0.17,882996
0.17,876451
0.17,860776
0.17,840064
0.17,834900
0.17,835118
0.17,822917
0.17,819337
0.17,802422
0.17,799728
0.17,772250
0.17,797967
0.17,800444
0.17,809398
0.17,800564
0.17,810350
0.17,828544
0.17,836092
0.17,845238
0.17,895572
0.17,896267
0.17,858489
0.17,850674
0.17,852309
0.17,828207
0.17,835927
0.17,832769
0.17,817820
0.17,809099
0.17,800178
0.17,780023
0.17,778640
0.17,775376
0.17,753331
0.17,753558
0.17,745452
0.17,739595
0.17,737143
0.17,735761
0.17,751971
0.17,758470
0.17,761210
0.17,765341
0.17,768866
0.17,765545
0.17,768704
0.17,765904
0.17,767525
0.17,764754
0.17,763701
0.17,767290
0.17,764853
0.17,768324
0.17,773877
0.17,773987
0.17,772864
0.17,773425
0.17,773431
0.17,775657
0.17,775968
0.17,778824
0.17,776937
0.17,778386
0.17,778185
0.17,780248
0.17,795715
0.17,827657
0.17,851230
0.17,778353
0.17,772268
0.17,765067
0.17,765063
0.18,757794
0.18,760784
0.18,762255
0.18,762598
0.18,755760
0.18,753640
0.18,751426
0.18,752063
0.18,752776
0.18,748444
0.18,746398
0.18,745806
0.18,740759
0.18,738192
0.18,735805
0.18,734076
0.18,733108
0.18,731764
0.18,730456
0.18,729528
0.18,729729
0.18,729576
0.18,728465
0.18,727211
0.18,727100
0.18,728138
0.18,729069
0.18,731912
0.18,732255
0.18,731372
0.18,729555
0.18,727081
0.18,727962
0.18,726776
0.18,725102
0.18,730332
0.18,725122
0.18,723929
0.18,722762
0.18,722564
0.18,723764
0.18,723768
0.18,721128
0.18,722181
0.18,719718
0.18,724017
0.18,722708
0.18,720663
0.18,719943
0.18,719044
0.18,719422
0.18,723323
0.18,723269
0.18,722491
0.18,721132
0.18,720213
0.18,720237
0.18,720756
0.18,720414
0.18,716876
0.18,715124
0.18,714119
0.18,713093
0.18,712133
0.18,711219
0.18,710327
0.18,708961
0.18,707980
0.18,709671
0.18,707105
0.18,706495
0.18,705380
0.18,704545
0.18,703860
0.18,702788
0.18,706649
0.18,711861
0.18,711722
0.18,712201
0.18,711413
0.18,710114
0.18,711380
0.18,714506
0.18,714468
0.18,725056
0.18,726758
0.18,717304
0.18,718438
0.18,714938
0.18,712661
0.18,712692
0.19,720293
0.19,723098
0.19,722295
0.19,715800
0.19,718127
0.19,726973
0.19,727289
0.19,731091
0.19,729398
0.19,732385
0.19,741493
0.19,734864
0.19,735351
0.19,739851
0.19,747442
0.19,751113
0.19,752270
0.19,754942
0.19,756010
0.19,755142
0.19,753291
0.19,749589
0.19,748040
0.19,747440
0.19,748126
0.19,750897
0.19,750242
0.19,748377
0.19,740922
0.19,728455
0.19,730936
0.19,751425
0.19,771570
0.19,704402
0.19,703069
0.19,703935
0.19,706133
0.19,707356
0.19,709942
0.19,709088
0.19,712012
0.19,712963
0.19,713867
0.19,714221
0.19,719678
0.19,720687
0.19,711550
0.19,709479
0.19,708954
0.19,707979
0.19,708178
0.19,713908
0.19,716578
0.19,716052
0.19,706565
0.19,708160
0.19,711030
0.19,715410
0.19,726062
0.19,728376
0.19,736871
0.19,742306
0.19,740486
0.19,738539
0.19,740509
0.19,747658
0.19,746698
0.19,747128
0.19,753266
0.19,753545
0.19,751052
0.19,749125
0.19,748464
0.19,749355
0.19,751318
0.19,752924
0.19,755187
0.19,752328
0.19,749425
0.19,742119
0.19,726345
0.19,727483
0.19,753195
0.19,773846
0.19,706947
0.19,704622
0.19,704271
0.19,703055
0.19,701113
0.19,699474
0.19,699004
0.20,698539
0.20,697522
0.20,696713
0.20,695933
0.20,695154
0.20,695082
0.20,713183
0.20,718503
0.20,705313
0.20,747790
0.20,731380
0.20,694358
0.20,703587
0.20,707686
0.20,718039
0.20,742325
0.20,738083
0.20,686868
0.20,685556
0.20,684845
0.20,684178
0.20,683511
0.20,682165
0.20,681543
0.20,680863
0.20,680321
0.20,679795
0.20,680109
0.20,679315
0.20,678540
0.20,678121
0.20,677754
0.20,677402
0.20,677081
0.20,676767
0.20,676480
0.20,676198
0.20,675920
0.20,675673
0.20,675479
0.20,675307
0.20,675136
0.20,674974
0.20,676264
0.20,676328
0.20,680621
0.20,676170
0.20,674815
0.20,675364
0.20,680239
0.20,681392
0.20,674388
0.20,674259
0.20,674199
0.20,677327
0.20,679948
0.20,680918
0.20,681078
0.20,683812
0.20,685362
0.20,685842
0.20,686660
0.20,688376
0.20,691698
0.20,692136
0.20,692303
0.20,694178
0.20,695265
0.20,695984
0.20,699327
0.20,700010
0.20,699753
0.20,700588
0.20,707724
0.20,710690
0.20,708851
0.20,714094
0.20,711938
0.20,716008
0.20,714017
0.20,718225
0.20,720040
0.20,720213
0.20,719040
0.20,717473
0.20,715052
0.20,717180
0.20,721166
0.21,719298
0.21,720993
0.21,723062
0.21,724397
0.21,726704
0.21,727067
0.21,729158
0.21,728358
0.21,722537
0.21,722709
0.21,719831
0.21,719147
0.21,717742
0.21,718543
0.21,719297
0.21,722553
0.21,707859
0.21,704159
0.21,704403
0.21,709357
0.21,712493
0.21,710494
0.21,701290
0.21,767029
0.21,740428
0.21,706469
0.21,688056
0.21,687144
0.21,685457
0.21,679288
0.21,676957
0.21,676519
0.21,677997
0.21,674947
0.21,675956
0.21,678261
0.21,679121
0.21,680479
0.21,681590
0.21,683862
0.21,685483
0.21,686406
0.21,686123
0.21,688414
0.21,692382
0.21,692114
0.21,692539
0.21,692987
0.21,694714
0.21,694473
0.21,697440
0.21,698983
0.21,698885
0.21,699790
0.21,706508
0.21,710022
0.21,708475
0.21,714044
0.21,711354
0.21,712289
0.21,713714
0.21,718317
0.21,718566
0.21,718002
0.21,716539
0.21,717413
0.21,716467
0.21,716280
0.21,718435
0.21,719121
0.21,721960
0.21,723299
0.21,725246
0.21,725267
0.21,728839
0.21,727019
0.21,721811
0.21,722156
0.21,720096
0.21,717959
0.21,716583
0.21,716713
0.21,718646
0.21,718118
0.21,705779
0.21,703812
0.21,702558
0.22,706097
0.22,711766
0.22,708571
0.22,711358
0.22,710985
0.22,767662
0.22,742769
0.22,709000
0.22,695745
0.22,687709
0.22,680736
0.22,677128
0.22,676730
0.22,675081
0.22,674525
0.22,673620
0.22,672840
0.22,672811
