0.00,6915745
0.00,6850802
0.00,6809875
0.00,6667658
0.00,6520104
0.00,6386212
0.00,6300498
0.00,6317019
0.00,6325862
0.00,6241446
0.01,6300417
0.01,6099441
0.01,5971207
0.01,5873084
0.01,5836394
0.01,5781283
0.01,5726504
0.01,5729427
0.01,5668599
0.01,5644333
0.01,5555461
0.01,5483168
0.01,5365728
0.01,5251946
0.01,5149559
0.01,5035236
0.01,4936851
0.01,4818336
0.01,4866701
0.01,4860150
0.01,4808345
0.01,4827197
0.01,4790057
0.01,4777916
0.01,4793060
0.01,4817046
0.01,4805099
0.01,4818921
0.01,4791851
0.01,4792208
0.01,4682434
0.01,4600092
0.01,4576875
0.01,4614626
0.01,4622971
0.01,4586790
0.01,4580855
0.01,4581342
0.01,4420715
0.02,4334650
0.02,4329700
0.02,4302600
0.02,4268568
0.02,4192471
0.02,4188733
0.02,4200238
0.02,4193989
0.02,4181597
0.02,4099234
0.02,4018947
0.02,4015095
0.02,4016450
0.02,3943982
0.02,3924130
0.02,3846553
0.02,3780052
0.02,3758474
0.02,3775826
0.02,3782104
0.02,3760972
0.02,3658152
0.02,3636300
0.02,3581278
0.02,3521171
0.02,3526125
0.02,3481624
0.02,3511646
0.02,3503219
0.02,3391044
0.02,3375634
0.02,3266604
0.02,3234349
0.02,3233407
0.02,3210191
0.02,3206027
0.02,3153263
0.02,3102033
0.02,3100224
0.02,3126843
0.02,3124257
0.02,3060370
0.02,3028540
0.02,2996252
0.02,3010576
0.02,2997486
0.02,2995095
0.02,3010429
0.02,3012927
0.02,3038054
0.02,3044511
0.02,3033818
0.02,3025523
0.02,3030154
0.02,3041100
0.02,3136993
0.02,3140671
0.02,3102992
0.02,3085715
0.02,3092248
0.02,3093426
0.02,3102289
0.02,3204563
0.02,3179232
0.02,3125503
0.02,2997934
0.03,2961011
0.03,3016653
0.03,3062136
0.03,3057727
0.03,3060385
0.03,3059085
0.03,3035298
0.03,3059986
0.03,3060048
0.03,3026908
0.03,3013035
0.03,3012120
0.03,3020332
0.03,3079757
0.03,3047197
0.03,3072125
0.03,3060761
0.03,3036060
0.03,3003824
0.03,3006006
0.03,3037271
0.03,3033097
0.03,3031225
0.03,2924091
0.03,2897648
0.03,2946291
0.03,2970418
0.03,2907358
0.03,2884845
0.03,2886269
0.03,2920282
0.03,2897274
0.03,2840667
0.03,2798768
0.03,2765619
0.03,2733871
0.03,2731027
0.03,2724607
0.03,2703638
0.03,2689531
0.03,2653144
0.03,2608699
0.03,2615599
0.03,2549661
0.03,2528556
0.03,2490700
0.03,2455820
0.03,2466145
0.03,2453409
0.03,2418716
0.03,2406747
0.03,2407294
0.03,2408068
0.03,2398881
0.03,2408083
0.03,2430175
0.03,2365472
0.03,2332378
0.03,2292409
0.03,2257794
0.03,2232828
0.03,2220564
0.03,2196785
0.03,2166834
0.03,2164348
0.03,2166550
0.03,2168331
0.03,2152506
0.03,2149507
0.03,2155706
0.03,2115703
0.03,2106322
0.03,2077121
0.03,2075269
0.03,2067104
0.03,2070662
0.03,2068501
0.03,2071502
0.03,2069199
0.03,2067382
0.03,2066737
0.03,2066360
0.03,2067077
0.03,2067996
0.03,2037885
0.03,2041328
0.03,2041240
0.03,2002528
0.03,2009840
0.03,2022799
0.04,2028202
0.04,2021451
0.04,2025076
0.04,2042434
0.04,2001165
0.04,1997430
0.04,2002563
0.04,1986535
0.04,1989733
0.04,2008714
0.04,2011966
0.04,2007390
0.04,2003355
0.04,1963448
0.04,1963782
0.04,1947415
0.04,1965313
0.04,1971455
0.04,1974693
0.04,1989480
0.04,1988709
0.04,1980918
0.04,2004193
0.04,2015069
0.04,2023871
0.04,2063644
0.04,2068862
0.04,2023397
0.04,1999501
0.04,2003961
0.04,1984402
0.04,1972627
0.04,1992133
0.04,1976352
0.04,1986015
0.04,1922462
0.04,1931284
0.04,1917159
0.04,1905215
0.04,1899826
0.04,1881612
0.04,1881332
0.04,1892244
0.04,1896933
0.04,1894172
0.04,1886742
0.04,1891903
0.04,1885910
0.04,1887706
0.04,1896357
0.04,1905434
0.04,1901911
0.04,1868451
0.04,1929994
0.04,1892120
0.04,1862691
0.04,1942608
0.04,1962422
0.04,1904050
0.04,1873725
0.04,1878688
0.04,1888253
0.04,1878483
0.04,1851683
0.04,1893313
0.04,1995315
0.04,1998136
0.04,1995423
0.04,2007448
0.04,1967745
0.04,1967983
0.04,2008657
0.04,2014739
0.04,2000153
0.04,1965045
0.04,1930078
0.04,1914576
0.04,1913627
0.04,1897231
0.04,1900079
0.04,1906612
0.04,1878516
0.04,1866856
0.04,1870487
0.04,1888535
0.04,1887505
0.04,1862012
0.04,1823780
0.04,1817692
0.04,1820629
0.05,1834568
0.05,1845963
0.05,1851971
0.05,1858176
0.05,1842679
0.05,1851060
0.05,1877682
0.05,1886131
0.05,1904738
0.05,1943025
0.05,1943129
0.05,1890192
0.05,1874599
0.05,1881435
0.05,1856916
0.05,1854136
0.05,1854799
0.05,1851670
0.05,1861951
0.05,1802545
0.05,1834847
0.05,1825387
0.05,1827055
0.05,1832606
0.05,1847283
0.05,1855452
0.05,1850220
0.05,1874007
0.05,1902817
0.05,1887376
0.05,1826465
0.05,1819662
0.05,1809453
0.05,1772546
0.05,1779379
0.05,1879563
0.05,1892175
0.05,1882727
0.05,1880801
0.05,1868997
0.05,1880537
0.05,1891154
0.05,1886026
0.05,1884017
0.05,1857678
0.05,1834454
0.05,1833070
0.05,1842506
0.05,1850058
0.05,1859966
0.05,1860148
0.05,1813533
0.05,1809412
0.05,1810291
0.05,1825182
0.05,1826246
0.05,1811716
0.05,1743539
0.05,1717264
0.05,1689050
0.05,1666179
0.05,1706285
0.05,1679195
0.05,1676504
0.05,1679677
0.05,1669365
0.05,1678420
0.05,1698810
0.05,1682237
0.05,1644348
0.05,1648413
0.05,1657373
0.05,1657947
0.05,1682500
0.05,1684373
0.05,1677741
0.05,1676953
0.05,1674934
0.05,1676061
0.05,1661526
0.05,1666852
0.05,1667668
0.05,1643551
0.05,1644602
0.05,1622645
0.05,1600090
0.05,1601670
0.05,1589484
0.05,1579165
0.06,1586174
0.06,1597967
0.06,1599792
0.06,1590306
0.06,1620399
0.06,1602699
0.06,1597975
0.06,1603126
0.06,1611287
0.06,1612670
0.06,1605256
0.06,1602247
0.06,1597685
0.06,1593598
0.06,1589185
0.06,1585976
0.06,1582748
0.06,1569814
0.06,1562127
0.06,1565600
0.06,1559933
0.06,1568297
0.06,1596519
0.06,1592309
0.06,1609504
0.06,1607757
0.06,1640149
0.06,1638271
0.06,1626325
0.06,1620350
0.06,1615314
0.06,1611502
0.06,1634681
0.06,1666830
0.06,1673321
0.06,1674435
0.06,1669032
0.06,1660256
0.06,1665887
0.06,1672209
0.06,1687630
0.06,1686872
0.06,1619527
0.06,1614842
0.06,1602468
0.06,1535741
0.06,1540782
0.06,1538645
0.06,1566180
0.06,1622269
0.06,1641677
0.06,1579370
0.06,1557450
0.06,1561908
0.06,1571043
0.06,1566358
0.06,1555804
0.06,1557263
0.06,1569278
0.06,1569226
0.06,1571773
0.06,1575929
0.06,1549221
0.06,1555930
0.06,1563655
0.06,1572048
0.06,1572788
0.06,1559288
0.06,1538619
0.06,1543636
0.06,1545885
0.06,1540402
0.06,1540097
0.06,1537378
0.06,1540494
0.06,1538687
0.06,1538211
0.06,1539227
0.06,1528697
0.06,1509920
0.06,1502460
0.06,1506723
0.06,1508902
0.06,1504360
0.06,1502914
0.06,1512775
0.06,1515314
0.06,1517353
0.06,1522358
0.07,1517858
0.07,1520802
0.07,1518090
0.07,1508847
0.07,1503380
0.07,1478845
0.07,1501098
0.07,1526907
0.07,1519661
0.07,1535652
0.07,1538713
0.07,1539270
0.07,1555741
0.07,1548023
0.07,1573398
0.07,1626321
0.07,1631034
0.07,1591107
0.07,1569058
0.07,1553175
0.07,1527197
0.07,1532920
0.07,1520424
0.07,1516522
0.07,1511622
0.07,1506280
0.07,1493103
0.07,1477733
0.07,1463282
0.07,1437424
0.07,1422250
0.07,1434553
0.07,1432916
0.07,1432837
0.07,1433577
0.07,1434935
0.07,1429692
0.07,1437900
0.07,1442465
0.07,1443452
0.07,1449861
0.07,1451083
0.07,1438677
0.07,1437809
0.07,1435251
0.07,1437921
0.07,1448202
0.07,1444467
0.07,1441471
0.07,1457066
0.07,1514110
0.07,1544429
0.07,1466296
0.07,1446388
0.07,1456860
0.07,1460231
0.07,1437787
0.07,1430943
0.07,1430487
0.07,1430858
0.07,1447312
0.07,1457539
0.07,1483864
0.07,1484216
0.07,1483261
0.07,1479748
0.07,1491249
0.07,1490995
0.07,1500380
0.07,1502197
0.07,1513488
0.07,1553045
0.07,1550142
0.07,1509504
0.07,1489138
0.07,1491852
0.07,1470728
0.07,1469180
0.07,1445984
0.07,1426473
0.07,1406114
0.07,1416199
0.07,1415896
0.07,1400620
0.07,1405647
0.07,1408696
0.07,1402668
0.07,1417688
0.08,1473365
0.08,1439206
0.08,1398998
0.08,1385129
0.08,1380857
0.08,1380746
0.08,1405344
0.08,1419493
0.08,1425009
0.08,1417633
0.08,1420364
0.08,1419934
0.08,1419668
0.08,1408577
0.08,1445137
0.08,1476997
0.08,1405693
0.08,1396701
0.08,1388615
0.08,1393345
0.08,1390952
0.08,1362174
0.08,1367710
0.08,1394867
0.08,1404801
0.08,1389735
0.08,1381084
0.08,1379816
0.08,1381736
0.08,1373303
0.08,1415898
0.08,1445958
0.08,1380841
0.08,1357762
0.08,1353784
0.08,1327081
0.08,1320890
0.08,1318494
0.08,1318336
0.08,1356714
0.08,1389332
0.08,1391521
0.08,1396559
0.08,1446664
0.08,1453140
0.08,1440964
0.08,1433043
0.08,1425411
0.08,1424877
0.08,1429907
0.08,1410385
0.08,1365332
0.08,1332351
0.08,1318707
0.08,1347585
0.08,1341738
0.08,1337814
0.08,1338489
0.08,1326300
0.08,1302615
0.08,1299997
0.08,1284617
0.08,1271553
0.08,1262526
0.08,1265559
0.08,1276375
0.08,1290242
0.08,1296473
0.08,1308819
0.08,1310118
0.08,1325916
0.08,1326692
0.08,1345236
0.08,1353124
0.08,1352771
0.08,1386493
0.08,1385397
0.08,1343596
0.08,1322390
0.08,1327387
0.08,1305840
0.08,1311403
0.08,1310010
0.08,1308145
0.08,1318121
0.08,1279177
0.08,1274796
0.08,1271085
0.08,1279230
0.09,1280838
0.09,1291831
0.09,1285608
0.09,1288141
0.09,1285013
0.09,1292147
0.09,1291281
0.09,1292176
0.09,1297104
0.09,1307223
0.09,1299185
0.09,1290731
0.09,1295088
0.09,1304968
0.09,1296804
0.09,1288034
0.09,1275805
0.09,1282214
0.09,1336374
0.09,1317550
0.09,1262418
0.09,1283783
0.09,1350205
0.09,1317026
0.09,1255409
0.09,1263311
0.09,1254958
0.09,1252815
0.09,1264714
0.09,1272154
0.09,1314285
0.09,1290454
0.09,1250215
0.09,1250659
0.09,1243021
0.09,1244882
0.09,1238198
0.09,1227972
0.09,1220748
0.09,1220279
0.09,1246515
0.09,1208452
0.09,1208957
0.09,1217032
0.09,1214136
0.09,1213176
0.09,1212599
0.09,1197933
0.09,1201343
0.09,1201503
0.09,1188014
0.09,1184269
0.09,1173983
0.09,1171544
0.09,1193719
0.09,1182923
0.09,1170717
0.09,1167042
0.09,1176219
0.09,1190196
0.09,1207462
0.09,1236340
0.09,1228299
0.09,1238174
0.09,1290409
0.09,1297502
0.09,1297626
0.09,1307252
0.09,1299160
0.09,1299183
0.09,1296824
0.09,1280935
0.09,1275041
0.09,1254959
0.09,1251183
0.09,1255307
0.09,1269374
0.09,1252223
0.09,1249215
0.09,1259506
0.09,1259272
0.09,1261555
0.09,1235903
0.09,1202318
0.09,1213761
0.09,1201354
0.09,1199646
0.10,1188397
0.10,1183774
0.10,1182296
0.10,1198504
0.10,1222727
0.10,1285066
0.10,1261770
0.10,1206311
0.10,1210141
0.10,1221445
0.10,1210836
0.10,1212308
0.10,1212706
0.10,1210144
0.10,1221653
0.10,1220838
0.10,1200959
0.10,1208123
0.10,1221379
0.10,1221002
0.10,1234860
0.10,1244777
0.10,1249564
0.10,1249185
0.10,1248972
0.10,1282540
0.10,1311477
0.10,1306905
0.10,1252845
0.10,1251108
0.10,1237076
0.10,1253018
0.10,1247987
0.10,1223702
0.10,1218640
0.10,1212603
0.10,1195355
0.10,1157490
0.10,1151040
0.10,1139300
0.10,1139866
0.10,1125586
0.10,1135618
0.10,1159344
0.10,1169689
0.10,1116369
0.10,1117454
0.10,1106151
0.10,1105148
0.10,1096515
0.10,1096507
0.10,1098350
0.10,1096879
0.10,1080796
0.10,1074491
0.10,1071894
0.10,1081104
0.10,1081480
0.10,1064170
0.10,1066993
0.10,1069273
0.10,1066768
0.10,1055314
0.10,1079767
0.10,1090456
0.10,1094166
0.10,1095596
0.10,1099494
0.10,1096461
0.10,1095740
0.10,1095567
0.10,1078625
0.10,1085918
0.10,1091426
0.10,1107477
0.10,1102148
0.10,1095127
0.10,1092598
0.10,1094960
0.10,1096544
0.10,1092149
0.10,1108190
0.10,1106070
0.10,1128007
0.10,1127615
0.10,1138047
0.10,1178723
0.10,1177080
0.10,1177478
0.10,1196976
0.11,1192538
0.11,1196530
0.11,1191533
0.11,1181801
0.11,1186207
0.11,1160330
0.11,1155533
0.11,1152910
0.11,1154222
0.11,1143830
0.11,1141363
0.11,1142318
0.11,1139844
0.11,1139310
0.11,1105558
0.11,1059082
0.11,1059684
0.11,1052829
0.11,1068809
0.11,1072145
0.11,1079208
0.11,1088473
0.11,1090124
0.11,1089770
0.11,1095132
0.11,1093690
0.11,1094327
0.11,1095760
0.11,1076982
0.11,1096036
0.11,1099018
0.11,1095707
0.11,1092570
0.11,1091768
0.11,1090457
0.11,1097419
0.11,1111727
0.11,1116697
0.11,1146128
0.11,1132613
0.11,1145054
0.11,1189176
0.11,1185390
0.11,1176913
0.11,1188109
0.11,1181732
0.11,1187711
0.11,1185879
0.11,1177713
0.11,1175082
0.11,1153924
0.11,1160056
0.11,1156804
0.11,1151189
0.11,1139952
0.11,1139598
0.11,1136074
0.11,1134774
0.11,1138348
0.11,1110953
0.11,1059258
0.11,1053760
0.11,1045725
0.11,1037999
0.11,1030433
0.11,1029167
0.11,1052073
0.11,1064099
0.11,1072801
0.11,1071051
0.11,1076621
0.11,1080027
0.11,1073121
0.11,1061682
0.11,1050217
0.11,1043929
0.11,1034553
0.11,1048187
0.11,1055874
0.11,1057468
0.11,1073271
0.11,1073723
0.11,1077329
0.11,1078326
0.11,1070957
0.11,1066603
0.11,1071711
0.11,1072190
0.11,1069524
0.11,1136334
0.12,1118917
0.12,1085554
0.12,1063538
0.12,1046792
0.12,1038404
0.12,1045256
0.12,1050086
0.12,1059262
0.12,1059826
0.12,1051218
0.12,1052832
0.12,1055249
0.12,1051397
0.12,1051096
0.12,1029004
0.12,1030065
0.12,1019625
0.12,1016439
0.12,1018931
0.12,1018490
0.12,1017934
0.12,1027723
0.12,1024700
0.12,1047074
0.12,1044164
0.12,1049196
0.12,1044307
0.12,1045581
0.12,1050285
0.12,1049166
0.12,1053067
0.12,1048072
0.12,1041484
0.12,1032188
0.12,1043054
0.12,1039560
0.12,1049857
0.12,1052512
0.12,1050812
0.12,1037186
0.12,1040224
0.12,1050396
0.12,1083993
0.12,1085785
0.12,1089810
0.12,1089031
0.12,1106570
0.12,1105033
0.12,1146487
0.12,1146742
0.12,1108943
0.12,1099970
0.12,1088992
0.12,1076662
0.12,1054984
0.12,1052306
0.12,1079542
0.12,1101190
0.12,1127600
0.12,1172973
0.12,1153769
0.12,1144152
0.12,1161189
0.12,1150708
0.12,1151065
0.12,1148173
0.12,1132318
0.12,1128499
0.12,1104868
0.12,1110296
0.12,1111486
0.12,1106646
0.12,1097459
0.12,1095028
0.12,1090201
0.12,1088649
0.12,1090315
0.12,1061922
0.12,1016844
0.12,1052499
0.12,1085468
0.12,1084948
0.12,1074645
0.12,1062024
0.12,1034839
0.12,1034870
0.12,1020839
0.12,1004527
0.12,1004250
0.13,996441
0.13,996086
0.13,996548
0.13,989908
0.13,984253
0.13,984069
0.13,989636
0.13,983019
0.13,982904
0.13,984418
0.13,985347
0.13,982837
0.13,982411
0.13,981632
0.13,980141
0.13,973696
0.13,966330
0.13,966617
0.13,976998
0.13,988434
0.13,1002312
0.13,1002855
0.13,1001982
0.13,1008999
0.13,1010805
0.13,1007397
0.13,1007287
0.13,1005992
0.13,1020865
0.13,1041285
0.13,1072453
0.13,1084103
0.13,1109668
0.13,1126995
0.13,1150934
0.13,1148205
0.13,1159745
0.13,1158244
0.13,1149508
0.13,1157868
0.13,1145470
0.13,1141574
0.13,1150342
0.13,1119397
0.13,1115075
0.13,1115817
0.13,1106348
0.13,1101204
0.13,1103645
0.13,1107714
0.13,1106162
0.13,1144943
0.13,1084135
0.13,1046616
0.13,1025888
0.13,1006112
0.13,1007162
0.13,1002197
0.13,994972
0.13,994648
0.13,997454
0.13,992587
0.13,995418
0.13,999818
0.13,996736
0.13,997741
0.13,993101
0.13,997919
0.13,990530
0.13,989773
0.13,982079
0.13,980625
0.13,974821
0.13,965863
0.13,972396
0.13,981971
0.13,984875
0.13,994673
0.13,1002334
0.13,1002171
0.13,1001337
0.13,1007510
0.13,997496
0.13,998208
0.13,999329
0.13,997821
0.13,1009278
0.13,1004364
0.14,1004247
0.14,1000853
0.14,999052
0.14,992886
0.14,984676
0.14,985287
0.14,1008097
0.14,1028830
0.14,967595
0.14,970603
0.14,966891
0.14,966850
0.14,958146
0.14,961207
0.14,962314
0.14,954872
0.14,952862
0.14,962952
0.14,983158
0.14,982666
0.14,985277
0.14,988408
0.14,984867
0.14,960279
0.14,942674
0.14,948171
0.14,969753
0.14,971400
0.14,977702
0.14,986910
0.14,982455
0.14,977010
0.14,995471
0.14,1005350
0.14,1041346
0.14,1039901
0.14,1045282
0.14,1044116
0.14,1069860
0.14,1061002
0.14,1103156
0.14,1099958
0.14,1056987
0.14,1041999
0.14,1032408
0.14,1028392
0.14,1006242
0.14,996014
0.14,995579
0.14,995610
0.14,991987
0.14,985136
0.14,969465
0.14,954516
0.14,941546
0.14,941944
0.14,941224
0.14,948267
0.14,962927
0.14,973485
0.14,979377
0.14,997781
0.14,1011313
0.14,1033664
0.14,1033957
0.14,1039238
0.14,1042544
0.14,1069251
0.14,1069672
0.14,1118963
0.14,1110290
0.14,1071081
0.14,1063819
0.14,1053572
0.14,1056794
0.14,1032464
0.14,1027168
0.14,1021910
0.14,1020936
0.14,1012323
0.14,1006055
0.14,994729
0.14,974486
0.14,951167
0.14,952604
0.14,950743
0.14,949522
0.14,940269
0.14,938592
0.14,932061
0.15,933685
0.15,937684
0.15,941126
0.15,933649
0.15,928696
0.15,923265
0.15,920510
0.15,918956
0.15,920896
0.15,923717
0.15,921896
0.15,922282
0.15,923030
0.15,927151
0.15,923091
0.15,920563
0.15,915791
0.15,912442
0.15,913698
0.15,933030
0.15,948045
0.15,976085
0.15,977717
0.15,996907
0.15,999634
0.15,999714
0.15,1001830
0.15,998738
0.15,1008133
0.15,1003076
0.15,1004018
0.15,1035458
0.15,1036749
0.15,1039257
0.15,1048800
0.15,1043787
0.15,1046412
0.15,1040082
0.15,1027397
0.15,1025774
0.15,993273
0.15,987657
0.15,945357
0.15,907676
0.15,922482
0.15,932065
0.15,919785
0.15,911717
0.15,914142
0.15,918649
0.15,908755
0.15,898514
0.15,905569
0.15,890838
0.15,899921
0.15,904020
0.15,913888
0.15,936554
0.15,936522
0.15,883202
0.15,878611
0.15,877288
0.15,883424
0.15,884262
0.15,887839
0.15,897525
0.15,915559
0.15,941814
0.15,950789
0.15,963106
0.15,957217
0.15,958444
0.15,955389
0.15,955363
0.15,964319
0.15,966239
0.15,969039
0.15,1000396
0.15,1002057
0.15,1008070
0.15,1016231
0.15,1008871
0.15,1009141
0.15,996295
0.15,987266
0.15,980845
0.15,916325
0.15,872957
0.15,869355
0.15,868841
0.16,870917
0.16,871340
0.16,870041
0.16,872722
0.16,877038
0.16,879350
0.16,879463
0.16,899149
0.16,915314
0.16,935604
0.16,934555
0.16,941950
0.16,947762
0.16,963725
0.16,964633
0.16,967109
0.16,981599
0.16,984867
0.16,981527
0.16,1011479
0.16,1012499
0.16,1017612
0.16,1027923
0.16,1024244
0.16,1032950
0.16,1030720
0.16,1011484
0.16,1010334
0.16,986104
0.16,979428
0.16,952487
0.16,919968
0.16,913265
0.16,916127
0.16,907500
0.16,904757
0.16,906690
0.16,914128
0.16,936202
0.16,972419
0.16,1001187
0.16,937571
0.16,936830
0.16,934391
0.16,933587
0.16,930190
0.16,930895
0.16,921841
0.16,919170
0.16,916306
0.16,912752
0.16,914725
0.16,918170
0.16,917545
0.16,919058
0.16,921702
0.16,920955
0.16,908136
0.16,905313
0.16,904710
0.16,905434
0.16,902068
0.16,902300
0.16,903485
0.16,902707
0.16,910073
0.16,912434
0.16,913550
0.16,915743
0.16,906160
0.16,903189
0.16,898176
0.16,882751
0.16,877443
0.16,875758
0.16,873922
0.16,865845
0.16,870326
0.16,869824
0.16,875641
0.16,885524
0.16,885867
0.16,872846
0.16,885074
0.16,893193
0.16,908689
0.16,914012
0.17,922108
0.17,923000
0.17,924082
0.17,933889
0.17,934190
0.17,962262
0.17,964608
0.17,968280
0.17,1005247
0.17,1007118
0.17,961208
0.17,952443
0.17,944910
0.17,920905
0.17,929994
0.17,920145
0.17,917759
0.17,887558
0.17,877326
0.17,875714
0.17,874458
0.17,872555
0.17,866161
0.17,866476
0.17,871999
0.17,870695
0.17,867966
0.17,861424
0.17,868230
0.17,871167
0.17,869270
0.17,874510
0.17,882655
0.17,885138
0.17,883158
0.17,880880
0.17,884438
0.17,891383
0.17,891171
0.17,890965
0.17,891514
0.17,894060
0.17,888526
0.17,886432
0.17,892396
0.17,894263
0.17,895417
0.17,896021
0.17,901930
0.17,898684
0.17,891090
0.17,893059
0.17,892664
0.17,886606
0.17,891937
0.17,894681
0.17,892178
0.17,892396
0.17,899999
0.17,921985
0.17,956384
0.17,979185
0.17,913455
0.17,912316
0.17,911770
0.17,915973
0.17,922871
0.17,923449
0.17,916789
0.17,912460
0.17,910837
0.17,905013
0.17,906116
0.17,907257
0.17,907959
0.17,908269
0.17,917113
0.17,919895
0.17,911914
0.17,911956
0.17,927938
0.17,946569
0.17,970000
0.17,970894
0.17,982174
0.17,981036
0.17,988076
0.17,990759
0.17,993926
0.17,1004752
0.17,1000187
0.18,1002131
0.18,1031373
0.18,1021715
0.18,1026100
0.18,1040060
0.18,1031468
0.18,1036116
0.18,1033242
0.18,1018894
0.18,1000321
0.18,973957
0.18,963713
0.18,932724
0.18,901760
0.18,919699
0.18,921903
0.18,923109
0.18,937234
0.18,936677
0.18,965396
0.18,964608
0.18,967305
0.18,1001291
0.18,1001694
0.18,956330
0.18,947183
0.18,945056
0.18,917090
0.18,919625
0.18,908118
0.18,901847
0.18,879835
0.18,872521
0.18,862986
0.18,856580
0.18,857060
0.18,857503
0.18,856402
0.18,851243
0.18,852579
0.18,851184
0.18,850101
0.18,852732
0.18,857751
0.18,860435
0.18,859896
0.18,859635
0.18,855903
0.18,851323
0.18,855703
0.18,857099
0.18,855801
0.18,855270
0.18,850672
0.18,847097
0.18,847883
0.18,850748
0.18,851191
0.18,849062
0.18,860958
0.18,878313
0.18,906420
0.18,907156
0.18,918905
0.18,919037
0.18,911622
0.18,917183
0.18,915868
0.18,886946
0.18,849746
0.18,845803
0.18,843974
0.18,840196
0.18,840871
0.18,834556
0.18,831174
0.18,827545
0.18,837665
0.18,835154
0.18,823760
0.18,822191
0.18,838435
0.18,832833
0.18,857447
0.18,861716
0.18,880565
0.18,874801
0.18,861795
0.18,856664
0.18,854036
0.19,819698
0.19,817761
0.19,845476
0.19,840951
0.19,852198
0.19,855670
0.19,879547
0.19,873190
0.19,866752
0.19,853178
0.19,853030
0.19,846009
0.19,814576
0.19,811452
0.19,808344
0.19,809325
0.19,809895
0.19,810011
0.19,812877
0.19,805515
0.19,811026
0.19,812455
0.19,814078
0.19,806542
0.19,806253
0.19,806363
0.19,806918
0.19,807661
0.19,808681
0.19,805930
0.19,802134
0.19,804022
0.19,799184
0.19,799120
0.19,795588
0.19,800676
0.19,805814
0.19,826701
0.19,820013
0.19,841324
0.19,834739
0.19,799297
0.19,796092
0.19,792690
0.19,792614
0.19,788851
0.19,786366
0.19,783885
0.19,783253
0.19,786344
0.19,779309
0.19,777780
0.19,776659
0.19,775030
0.19,772838
0.19,769793
0.19,767795
0.19,765394
0.19,771610
0.19,774764
0.19,774719
0.19,776434
0.19,777608
0.19,786339
0.19,788333
0.19,786421
0.19,780102
0.19,778899
0.19,780778
0.19,779220
0.19,777319
0.19,778996
0.19,780589
0.19,781753
0.19,785847
0.19,792238
0.19,794962
0.19,791189
0.19,790456
0.19,798229
0.19,799157
0.19,799475
0.19,803767
0.19,804667
0.19,804368
0.19,806831
0.19,806209
0.19,809013
0.20,806344
0.20,805705
0.20,805484
0.20,805464
0.20,802921
0.20,801206
0.20,800389
0.20,792751
0.20,791084
0.20,795432
0.20,796921
0.20,803429
0.20,813625
0.20,836106
0.20,866788
0.20,891063
0.20,825508
0.20,825915
0.20,824002
0.20,824250
0.20,828535
0.20,829578
0.20,830365
0.20,826152
0.20,823336
0.20,820527
0.20,820419
0.20,820345
0.20,823424
0.20,823389
0.20,824602
0.20,823137
0.20,815053
0.20,818926
0.20,819382
0.20,820779
0.20,819574
0.20,817906
0.20,815181
0.20,815353
0.20,815074
0.20,809088
0.20,811344
0.20,811236
0.20,822488
0.20,822139
0.20,822958
0.20,882190
0.20,882683
0.20,881577
0.20,883092
0.20,899695
0.20,899424
0.20,903126
0.20,919288
0.20,916493
0.20,917452
0.20,929672
0.20,936249
0.20,944142
0.20,951223
0.20,935553
0.20,940151
0.20,911511
0.20,927114
0.20,914976
0.20,891628
0.20,909513
0.20,897923
0.20,846965
0.20,834806
0.20,831763
0.20,822267
0.20,822528
0.20,814008
0.20,813301
0.20,789519
0.20,776280
0.20,769441
0.20,769087
0.20,770498
0.20,770936
0.20,776902
0.20,846771
0.20,842765
0.20,845323
0.20,852375
0.20,863804
0.20,861860
0.21,863155
0.21,895989
0.21,894668
0.21,885469
0.21,869051
0.21,851481
0.21,844102
0.21,837514
0.21,803582
0.21,795303
0.21,763347
0.21,772918
0.21,768647
0.21,772338
0.21,843229
0.21,846583
0.21,846538
0.21,846965
0.21,856846
0.21,856861
0.21,847711
0.21,865117
0.21,843697
0.21,836494
0.21,825222
0.21,816870
0.21,814904
0.21,809521
0.21,763428
0.21,772568
0.21,774642
0.21,775090
0.21,839259
0.21,840913
0.21,842964
0.21,833159
0.21,827298
0.21,808140
0.21,801587
0.21,823565
0.21,809246
0.21,807109
0.21,798003
0.21,775901
0.21,779323
0.21,760298
0.21,757966
0.21,764199
0.21,779860
0.21,799579
0.21,755949
0.21,753602
0.21,752140
0.21,751569
0.21,751375
0.21,752467
0.21,751781
0.21,752834
0.21,753346
0.21,749571
0.21,748871
0.21,746574
0.21,747185
0.21,748947
0.21,752067
0.21,750172
0.21,747508
0.21,745843
0.21,744167
0.21,744415
0.21,744993
0.21,742632
0.21,741662
0.21,740143
0.21,743756
0.21,746751
0.21,746107
0.21,738370
0.21,739038
0.21,737934
0.21,737347
0.21,739362
0.21,741578
0.21,740491
0.21,735883
0.21,734188
0.21,733417
0.21,741702
0.21,742909
0.21,742876
0.22,745590
0.22,745966
0.22,745448
0.22,748161
0.22,746397
0.22,747784
0.22,751818
0.22,755442
0.22,754305
0.22,746802
0.22,750240
0.22,756358
0.22,759240
0.22,763824
0.22,764969
0.22,768094
0.22,764337
0.22,764539
0.22,768682
0.22,767101
0.22,766008
0.22,766209
0.22,768513
0.22,768605
0.22,772713
0.22,769057
0.22,770856
0.22,772486
0.22,774336
0.22,773836
0.22,773331
0.22,769676
0.22,768880
0.22,768710
0.22,762869
0.22,764730
0.22,765617
0.22,764958
0.22,767029
0.22,777340
0.22,801284
0.22,839258
0.22,865728
0.22,800521
0.22,800382
0.22,797188
0.22,796190
0.22,798727
0.22,798606
0.22,797298
0.22,793333
0.22,788522
0.22,782777
0.22,785303
0.22,785509
0.22,787835
0.22,791026
0.22,791898
0.22,789794
0.22,784739
0.22,785308
0.22,785706
0.22,786449
0.22,785397
0.22,786430
0.22,784662
0.22,786101
0.22,784573
0.22,780326
0.22,780489
0.22,781567
0.22,782374
0.22,783657
0.22,779237
0.22,770943
0.22,769978
0.22,763386
0.22,760423
0.22,766696
0.22,769253
0.22,770491
0.22,756053
0.22,757415
0.22,761594
0.22,782989
0.22,788409
0.22,792117
0.22,843581
0.22,866140
0.23,878535
0.23,880770
0.23,924119
0.23,917764
0.23,925243
0.23,949559
0.23,949199
0.23,912419
0.23,915079
0.23,911743
0.23,892630
0.23,856654
0.23,843137
0.23,841291
0.23,823922
0.23,822501
0.23,815413
0.23,814474
0.23,795589
0.23,772808
0.23,731975
0.23,730540
0.23,729147
0.23,727769
0.23,727368
0.23,728797
0.23,728782
0.23,731701
0.23,733083
0.23,733418
0.23,731439
0.23,730516
0.23,730297
0.23,731918
0.23,732872
0.23,731187
0.23,727006
0.23,725197
0.23,724270
0.23,722958
0.23,721682
0.23,720026
0.23,718872
0.23,718705
0.23,717751
0.23,717344
0.23,717618
0.23,718157
0.23,719185
0.23,717525
0.23,720075
0.23,721455
0.23,724431
0.23,724308
0.23,724406
0.23,723388
0.23,722793
0.23,720912
0.23,715261
0.23,717636
0.23,717698
0.23,718206
0.23,714358
0.23,712825
0.23,711951
0.23,710951
0.23,712963
0.23,731782
0.23,728555
0.23,731651
0.23,725251
0.23,733281
0.23,717588
0.23,720353
0.23,710724
0.23,725015
0.23,722994
0.23,723264
0.23,716315
0.23,724692
0.23,727741
0.23,714782
0.23,719088
0.23,706070
0.23,705923
0.23,707120
0.23,705707
0.24,705818
0.24,704953
0.24,706332
0.24,704220
0.24,705333
0.24,702165
0.24,703205
0.24,705014
0.24,708342
0.24,711847
0.24,717117
0.24,721925
0.24,724838
0.24,727547
0.24,732089
0.24,731383
0.24,734561
0.24,742507
0.24,742033
0.24,739425
0.24,739977
0.24,740868
0.24,741597
0.24,745949
0.24,749215
0.24,749824
0.24,748078
0.24,747785
0.24,751780
0.24,750464
0.24,745718
0.24,744942
0.24,741904
0.24,734810
0.24,736551
0.24,744664
0.24,746988
0.24,750527
0.24,761377
0.24,782991
0.24,824365
0.24,848798
0.24,784130
0.24,840569
0.24,854377
0.24,857674
0.24,866325
0.24,889231
0.24,892165
0.24,912551
0.24,906863
0.24,899161
0.24,895770
0.24,896116
0.24,892581
0.24,892889
0.24,861588
0.24,856913
0.24,850880
0.24,845304
0.24,840183
0.24,835920
0.24,834171
0.24,815963
0.24,810379
0.24,787817
0.24,768810
0.24,750433
0.24,746749
0.24,745064
0.24,743472
0.24,744168
0.24,775720
0.24,775631
0.24,784774
0.24,778493
0.24,788326
0.24,789659
0.24,791545
0.24,799851
0.24,818896
0.24,812293
0.24,764337
0.24,747437
0.24,717491
0.24,713966
0.24,706610
0.24,700617
0.24,702141
0.24,706425
0.24,710710
0.24,714625
0.25,720505
0.25,725275
0.25,722898
0.25,725287
0.25,733428
0.25,734209
0.25,734158
0.25,734375
0.25,736330
0.25,736953
0.25,740658
0.25,741731
0.25,741410
0.25,739926
0.25,741493
0.25,744821
0.25,744544
0.25,740262
0.25,737931
0.25,738450
0.25,734680
0.25,738507
0.25,740890
0.25,742283
0.25,743519
0.25,753284
0.25,775538
0.25,812752
0.25,837124
0.25,769225
0.25,770339
0.25,765889
0.25,764472
0.25,762093
0.25,766752
0.25,769689
0.25,769180
0.25,766470
0.25,763036
0.25,772519
0.25,772387
0.25,775960
0.25,827597
0.25,842743
0.25,844630
0.25,850687
0.25,875882
0.25,877198
0.25,898607
0.25,895213
0.25,891045
0.25,884509
0.25,885289
0.25,880586
0.25,880192
0.25,846628
0.25,841375
0.25,840422
0.25,835770
0.25,828954
0.25,818756
0.25,816273
0.25,795378
0.25,791138
0.25,774209
0.25,753682
0.25,735272
0.25,717545
0.25,717597
0.25,717772
0.25,703781
0.25,718072
0.25,716051
0.25,716321
0.25,709372
0.25,717749
0.25,720798
0.25,707839
0.25,712145
0.25,697915
0.25,697078
0.25,696347
0.25,695623
0.25,694876
0.25,694163
0.25,693453
0.25,694373
0.25,696642
0.25,700968
0.25,700633
0.25,699251
0.26,694163
0.26,692775
0.26,691914
0.26,693701
0.26,691019
0.26,690053
0.26,689399
0.26,688777
0.26,688163
0.26,687618
0.26,687087
0.26,686329
0.26,685803
0.26,685991
0.26,705487
0.26,686328
0.26,699529
0.26,693446
0.26,689620
0.26,685279
0.26,684763
0.26,684263
0.26,683779
0.26,684232
0.26,685879
0.26,686972
0.26,690462
0.26,683484
0.26,683097
0.26,685782
0.26,682502
0.26,681796
0.26,682169
0.26,681341
0.26,680943
0.26,681724
0.26,680549
0.26,680155
0.26,679766
0.26,679379
0.26,679032
0.26,678693
0.26,678448
0.26,678152
0.26,680896
0.26,677876
0.26,677622
0.26,677407
0.26,677202
0.26,677047
0.26,677014
0.26,677530
0.26,679068
0.26,677626
0.26,678562
0.26,677718
0.26,676269
0.26,675581
0.26,675522
0.26,675465
0.26,675437
0.26,675415
0.26,675370
0.26,675565
0.26,675350
0.26,675453
0.26,674809
0.26,674806
