0.00,5796824
0.00,5628301
0.00,5454478
0.00,5430636
0.00,5323254
0.00,5299913
0.00,5201687
0.00,5092403
0.00,5051135
0.00,4851403
0.00,4643622
0.00,4639389
0.00,4571472
0.00,4621949
0.00,4585953
0.00,4574219
0.00,4479632
0.00,4463653
0.00,4526409
0.00,4382940
0.00,4179131
0.00,4168938
0.00,4033875
0.00,3971014
0.00,4018399
0.00,4039390
0.00,4035125
0.00,3996241
0.00,3954315
0.00,3920290
0.00,3802460
0.00,3671115
0.00,3687368
0.00,3748354
0.00,3680600
0.00,3581011
0.00,3507255
0.00,3491302
0.00,3493888
0.00,3465234
0.00,3477071
0.00,3414382
0.00,3423091
0.00,3435410
0.00,3426837
0.00,3425139
0.00,3420683
0.00,3420957
0.00,3393574
0.00,3231505
0.00,3141748
0.00,3095227
0.00,3049053
0.00,3106911
0.00,3013624
0.00,2999348
0.00,2980133
0.00,3005280
0.00,2980459
0.00,2963564
0.00,2932263
0.00,2905953
0.00,2756723
0.00,2627893
0.00,2602868
0.00,2591900
0.00,2628927
0.00,2612893
0.00,2583056
0.00,2567044
0.01,2589400
0.01,2495667
0.01,2473468
0.01,2432322
0.01,2427348
0.01,2370995
0.01,2334949
0.01,2385805
0.01,2275074
0.01,2232598
0.01,2268327
0.01,2312785
0.01,2320923
0.01,2290398
0.01,2231973
0.01,2236201
0.01,2200351
0.01,2216752
0.01,2168522
0.01,2112847
0.01,2108499
0.01,2024627
0.01,2019329
0.01,2020803
0.01,1991903
0.01,1948659
0.01,1933975
0.01,1899400
0.01,1859428
0.01,1885416
0.01,1929839
0.01,1936895
0.01,1922317
0.01,1930882
0.01,1890131
0.01,1894864
0.01,1873381
0.01,1888169
0.01,1856513
0.01,1912210
0.01,1922561
0.01,1921626
0.01,1902342
0.01,1901996
0.01,1890456
0.01,1863506
0.01,1820164
0.01,1821217
0.01,1824524
0.01,1805624
0.01,1826968
0.01,1821007
0.01,1741300
0.01,1718582
0.01,1725297
0.01,1750712
0.01,1760940
0.01,1731259
0.01,1746456
0.01,1769615
0.01,1772564
0.01,1752600
0.01,1744822
0.01,1799030
0.01,1797881
0.01,1811538
0.01,1846460
0.01,1897033
0.01,1914455
0.01,1891844
0.01,1910923
0.01,1887244
0.01,1799517
0.01,1774887
0.01,1760600
0.01,1781915
0.01,1773611
0.01,1717639
0.01,1684502
0.01,1666211
0.01,1634869
0.01,1607196
0.01,1577114
0.01,1570148
0.01,1565133
0.01,1579076
0.01,1557859
0.01,1581283
0.01,1626192
0.01,1651385
0.01,1629698
0.01,1642593
0.01,1595483
0.01,1614013
0.01,1632882
0.01,1675714
0.01,1702710
0.01,1628845
0.01,1619897
0.01,1564364
0.01,1559956
0.01,1577602
0.01,1606031
0.01,1585412
0.01,1537058
0.01,1558524
0.01,1589810
0.01,1563579
0.01,1608888
0.01,1591608
0.01,1577175
0.01,1617949
0.01,1591732
0.01,1629214
0.01,1647464
0.01,1650499
0.01,1704041
0.01,1690559
0.01,1715490
0.01,1742911
0.01,1739884
0.01,1769939
0.01,1676044
0.01,1686304
0.01,1656728
0.01,1631481
0.01,1642859
0.01,1606316
0.01,1597722
0.01,1578462
0.01,1572660
0.01,1580361
0.01,1583558
0.01,1568309
0.01,1495673
0.01,1494720
0.01,1500521
0.01,1560010
0.01,1583788
0.01,1606626
0.01,1573105
0.01,1541020
0.01,1539050
0.01,1537849
0.01,1539099
0.01,1576150
0.01,1595983
0.01,1583649
0.01,1535960
0.01,1541063
0.01,1518089
0.01,1518554
0.01,1514236
0.01,1523122
0.01,1446773
0.01,1433790
0.01,1430826
0.01,1494593
0.01,1493699
0.01,1501204
0.01,1445131
0.01,1408132
0.01,1408901
0.01,1409898
0.01,1402472
0.01,1392504
0.01,1395268
0.01,1415064
0.01,1361203
0.01,1337861
0.01,1317262
0.01,1314267
0.01,1286553
0.01,1266976
0.01,1247946
0.01,1262512
0.01,1239457
0.01,1233364
0.01,1213222
0.01,1195301
0.01,1192038
0.01,1215298
0.01,1297885
0.01,1258951
0.01,1248201
0.01,1293595
0.01,1282207
0.01,1290329
0.01,1286603
0.01,1286927
0.01,1317068
0.01,1336407
0.01,1354353
0.01,1355184
0.01,1381160
0.01,1400735
0.01,1405748
0.01,1413368
0.01,1400151
0.01,1395281
0.01,1376613
0.01,1373739
0.01,1361731
0.01,1355601
0.01,1352925
0.01,1326184
0.01,1276442
0.01,1274787
0.01,1225903
0.01,1272926
0.01,1241770
0.01,1263592
0.01,1248069
0.01,1223008
0.01,1210151
0.01,1205816
0.01,1192653
0.01,1182130
0.01,1160884
0.01,1209194
0.01,1191373
0.01,1208872
0.01,1207390
0.01,1208457
0.01,1170234
0.01,1140026
0.01,1176920
0.02,1177466
0.02,1190427
0.02,1234637
0.02,1258900
0.02,1289853
0.02,1291477
0.02,1303526
0.02,1341676
0.02,1350729
0.02,1358373
0.02,1338390
0.02,1351100
0.02,1362223
0.02,1340024
0.02,1327297
0.02,1322921
0.02,1304170
0.02,1300588
0.02,1272300
0.02,1268107
0.02,1202638
0.02,1194601
0.02,1148489
0.02,1177977
0.02,1179673
0.02,1212054
0.02,1191418
0.02,1210175
0.02,1208753
0.02,1192762
0.02,1202074
0.02,1190375
0.02,1189272
0.02,1182139
0.02,1134389
0.02,1161970
0.02,1151500
0.02,1117922
0.02,1139983
0.02,1144207
0.02,1102683
0.02,1122499
0.02,1128999
0.02,1122248
0.02,1175873
0.02,1171775
0.02,1090735
0.02,1104780
0.02,1102646
0.02,1082575
0.02,1071884
0.02,1062147
0.02,1053993
0.02,1047844
0.02,1045520
0.02,1037752
0.02,1030089
0.02,1031163
0.02,1023522
0.02,1051308
0.02,1038578
0.02,1035046
0.02,1027886
0.02,1065661
0.02,1053895
0.02,1062785
0.02,1046683
0.02,1010915
0.02,1000741
0.02,1004681
0.02,993435
0.02,1004405
0.02,1028065
0.02,1029169
0.02,1027977
0.02,1041582
0.02,1065876
0.02,1071133
0.02,1054384
0.02,1044565
0.02,1025092
0.02,1007796
0.02,1017238
0.02,1026598
0.02,989753
0.02,990874
0.02,994285
0.02,1008037
0.02,1018984
0.02,1017300
0.02,1057998
0.02,1062389
0.02,1054014
0.02,1044403
0.02,1026060
0.02,995954
0.02,1009686
0.02,1007152
0.02,1013035
0.02,981818
0.02,978472
0.02,976649
0.02,973381
0.02,970176
0.02,971132
0.02,968327
0.02,959755
0.02,962380
0.02,956937
0.02,954224
0.02,951686
0.02,949341
0.02,947525
0.02,945832
0.02,944321
0.02,943333
0.02,942775
0.02,941751
0.02,940575
0.02,939652
0.02,952577
0.02,938823
0.02,938044
0.02,976798
0.02,991780
0.02,1005390
0.02,987870
0.02,997151
0.02,941457
0.02,952997
0.02,968309
0.02,981356
0.02,968563
0.02,978447
0.02,955962
0.02,915054
0.02,910996
0.02,909819
0.02,909283
0.02,908312
0.02,908461
0.02,907284
0.02,907028
0.02,906978
