0.00,5952153
0.00,5807651
0.00,5754290
0.00,5526564
0.00,5419791
0.00,5285021
0.00,5103745
0.00,5104049
0.00,5141158
0.00,4942854
0.00,4907584
0.00,4865060
0.00,4837024
0.00,4630997
0.00,4505064
0.00,4486630
0.00,4486973
0.00,4444793
0.00,4301645
0.00,4367843
0.00,4168228
0.00,4102325
0.00,3979541
0.00,3956478
0.00,3858717
0.00,3758377
0.00,3675785
0.00,3649310
0.00,3552098
0.00,3550008
0.00,3501384
0.00,3432139
0.00,3402528
0.00,3297503
0.00,3239727
0.00,3201319
0.00,3152467
0.00,3184919
0.00,3038127
0.00,3027784
0.00,3071316
0.00,3080058
0.00,3084510
0.00,2995185
0.00,2990322
0.00,3008348
0.00,3059359
0.00,3036747
0.00,2983691
0.00,2927570
0.00,2885988
0.00,2905108
0.00,2977392
0.00,2982831
0.00,2944779
0.00,2876061
0.00,2789456
0.00,2867459
0.00,2861618
0.00,2813634
0.00,2761106
0.00,2709848
0.00,2619538
0.00,2628143
0.00,2593963
0.00,2543114
0.00,2514608
0.00,2488335
0.00,2477369
0.00,2396036
0.00,2331798
0.01,2272082
0.01,2319684
0.01,2258501
0.01,2257394
0.01,2322652
0.01,2281772
0.01,2258472
0.01,2205205
0.01,2200120
0.01,2197246
0.01,2163266
0.01,2155638
0.01,2170066
0.01,2144741
0.01,2144018
0.01,2161359
0.01,2202340
0.01,2229889
0.01,2224639
0.01,2229286
0.01,2288138
0.01,2276694
0.01,2240398
0.01,2224648
0.01,2256195
0.01,2298726
0.01,2327063
0.01,2228385
0.01,2247294
0.01,2251195
0.01,2316398
0.01,2324801
0.01,2274211
0.01,2280821
0.01,2214411
0.01,2174733
0.01,2077964
0.01,2062724
0.01,2000173
0.01,1968744
0.01,1986970
0.01,2018136
0.01,1998227
0.01,1993151
0.01,1901218
0.01,1892086
0.01,1881119
0.01,1896121
0.01,1868888
0.01,1873851
0.01,1833186
0.01,1854670
0.01,1876142
0.01,1889476
0.01,1947129
0.01,1936509
0.01,1894700
0.01,1910450
0.01,1940477
0.01,1942254
0.01,1939238
0.01,1947513
0.01,1934750
0.01,1943133
0.01,1974763
0.01,1994259
0.01,1983017
0.01,1986566
0.01,1969900
0.01,1921600
0.01,1912913
0.01,1878473
0.01,1817725
0.01,1805409
0.01,1799155
0.01,1837516
0.01,1827903
0.01,1818500
0.01,1827875
0.01,1896166
0.01,1902046
0.01,1920687
0.01,1916797
0.01,1817847
0.01,1913082
0.01,1920936
0.01,1812807
0.01,1762937
0.01,1789347
0.01,1762264
0.01,1760537
0.01,1791315
0.01,1711067
0.01,1716958
0.01,1691918
0.01,1632322
0.01,1633029
0.01,1653794
0.01,1683985
0.01,1686908
0.01,1668058
0.01,1649923
0.01,1619437
0.01,1619548
0.01,1626446
0.01,1615360
0.01,1616683
0.01,1636317
0.01,1595949
0.01,1647277
0.01,1646394
0.01,1653857
0.01,1653302
0.01,1630859
0.01,1603656
0.01,1570562
0.01,1553133
0.01,1519165
0.01,1520483
0.01,1494860
0.01,1476942
0.01,1450077
0.01,1438579
0.01,1436237
0.01,1443019
0.01,1453916
0.01,1441658
0.01,1448441
0.01,1436493
0.01,1456451
0.01,1446695
0.01,1483112
0.01,1486362
0.01,1473360
0.01,1496111
0.01,1472545
0.01,1448433
0.01,1450152
0.01,1463671
0.01,1453426
0.01,1423043
0.01,1404968
0.01,1408648
0.01,1411655
0.01,1377833
0.01,1384308
0.01,1410259
0.01,1370466
0.01,1343625
0.01,1334492
0.01,1324610
0.01,1385922
0.01,1417015
0.01,1409405
0.01,1410945
0.01,1366820
0.01,1337402
0.01,1329066
0.01,1345042
0.01,1360492
0.01,1356876
0.01,1374840
0.01,1397599
0.01,1355779
0.01,1327162
0.01,1319980
0.01,1336808
0.01,1362590
0.01,1407814
0.01,1387904
0.01,1379203
0.01,1343948
0.01,1327343
0.01,1313413
0.01,1285981
0.01,1267209
0.01,1294819
0.01,1340410
0.01,1331829
0.01,1366529
0.01,1330916
0.01,1300750
0.01,1300676
0.01,1294931
0.01,1315214
0.01,1312636
0.01,1355169
0.01,1393632
0.01,1362217
0.01,1329465
0.01,1288330
0.01,1278455
0.01,1305968
0.01,1323144
0.01,1309639
0.01,1315084
0.01,1307500
0.01,1306068
0.01,1280818
0.01,1254624
0.01,1221138
0.01,1221679
0.01,1232192
0.01,1202158
0.01,1199862
0.01,1194699
0.01,1181468
0.01,1169648
0.01,1153489
0.01,1138626
0.01,1136863
0.01,1139826
0.01,1117142
0.01,1135324
0.01,1106086
0.01,1085424
0.01,1084169
0.01,1080114
0.01,1062304
0.01,1083078
0.01,1067871
0.01,1065575
0.01,1049416
0.01,1042998
0.01,1015321
0.01,999110
0.01,989906
0.02,981356
0.02,973521
0.02,966062
0.02,959059
0.02,956141
0.02,948564
0.02,937341
0.02,930881
0.02,963285
0.02,969279
0.02,975104
0.02,961312
0.02,926262
0.02,919499
0.02,918165
0.02,913556
0.02,920649
0.02,921758
0.02,909004
0.02,946384
0.02,987718
0.02,975706
0.02,956629
0.02,973382
0.02,957906
0.02,949329
0.02,951154
0.02,985871
0.02,986992
0.02,979520
0.02,959049
0.02,964388
0.02,903187
0.02,903861
0.02,926958
0.02,932383
0.02,895194
0.02,891925
0.02,888223
0.02,885536
0.02,883096
0.02,895941
0.02,881388
0.02,877853
0.02,877744
0.02,875937
0.02,881244
0.02,876516
0.02,874558
0.02,873272
0.02,872262
0.02,871362
0.02,870755
0.02,883909
0.02,870153
0.02,869596
0.02,870544
0.02,870479
0.02,868627
0.02,868507
0.02,867607
0.02,867567
0.02,867533
