0.00, 6075969
0.00, 6057256
0.00, 5992387
0.00, 5935437
0.00, 5927697
0.00, 5882227
0.00, 5873371
0.00, 5845770
0.01, 5840621
0.01, 5819029
0.01, 5769016
0.01, 5748121
0.01, 5740925
0.01, 5739003
0.01, 5738332
0.01, 5735865
0.01, 5696499
0.01, 5695552
0.01, 5690709
0.01, 5491300
0.01, 5472803
0.01, 5470171
0.01, 5419815
0.01, 5376156
0.01, 5358359
0.01, 5329448
0.01, 5327259
0.01, 5306623
0.01, 5260826
0.01, 5232072
0.01, 5202286
0.01, 5137106
0.01, 5111887
0.01, 5099233
0.01, 5019001
0.01, 5014709
0.01, 4934870
0.01, 4908448
0.01, 4900075
0.01, 4862206
0.01, 4838808
0.01, 4837719
0.01, 4788816
0.01, 4733231
0.01, 4684662
0.01, 4684475
0.01, 4683872
0.01, 4635911
0.01, 4572311
0.01, 4528119
0.01, 4471254
0.01, 4460776
0.01, 4459967
0.01, 4442159
0.01, 4411363
0.01, 4404815
0.01, 4356511
0.01, 4266746
0.01, 4232050
0.01, 4222313
0.01, 4217504
0.01, 4205226
0.01, 4150834
0.01, 4117772
0.01, 4111243
0.01, 4110588
0.01, 4095734
0.01, 4054175
0.01, 4053047
0.01, 4037821
0.01, 4033423
0.01, 4031648
0.01, 4018217
0.01, 4002661
0.01, 3985649
0.01, 3958233
0.01, 3933717
0.01, 3886666
0.01, 3870946
0.01, 3857827
0.01, 3853419
0.01, 3839714
0.01, 3778703
0.01, 3753775
0.01, 3729090
0.01, 3711795
0.01, 3657356
0.01, 3607504
0.01, 3541882
0.01, 3515052
0.01, 3509846
0.01, 3442339
0.01, 3441096
0.01, 3438476
0.01, 3430508
0.01, 3420429
0.01, 3364817
0.01, 3352972
0.01, 3329121
0.01, 3324126
0.01, 3270102
0.01, 3254942
0.01, 3253148
0.01, 3249874
0.01, 3229156
0.01, 3226416
0.01, 3217809
0.01, 3169444
0.01, 3154894
0.01, 3138463
0.01, 3110016
0.01, 3098947
0.01, 3065772
0.01, 3052234
0.01, 3041268
0.01, 3001607
0.01, 2984540
0.01, 2976810
0.01, 2891575
0.01, 2886159
0.01, 2879550
0.01, 2850496
0.01, 2833280
0.01, 2831652
0.01, 2768324
0.01, 2753775
0.01, 2749600
0.01, 2716486
0.01, 2714881
0.01, 2709656
0.01, 2703461
0.01, 2699300
0.01, 2691377
0.01, 2679034
0.01, 2673032
0.01, 2639858
0.01, 2632007
0.01, 2629196
0.01, 2621223
0.01, 2599580
0.01, 2581879
0.01, 2575678
0.01, 2573581
0.01, 2570515
0.01, 2569634
0.01, 2552873
0.01, 2546110
0.03, 2537797
0.03, 2531059
0.03, 2523178
0.03, 2522378
0.03, 2520816
0.03, 2519647
0.03, 2469353
0.03, 2465073
0.03, 2451918
0.03, 2447795
0.03, 2435218
0.03, 2422386
0.03, 2416253
0.04, 2404141
0.04, 2396661
0.04, 2389490
0.04, 2376363
0.05, 2371824
0.05, 2369810
0.05, 2364834
0.05, 2349919
0.05, 2348875
0.05, 2334599
0.05, 2309206
0.05, 2282495
0.05, 2277195
0.05, 2252699
0.05, 2245224
0.05, 2240097
0.05, 2235199
0.05, 2234461
0.05, 2220270
0.05, 2219546
0.05, 2206396
0.05, 2185642
0.05, 2162064
0.05, 2160457
0.08, 2154764
0.08, 2143864
0.08, 2135799
0.08, 2131199
0.09, 2127153
0.09, 2107349
0.09, 2098477
0.09, 2096624
0.09, 2096483
0.09, 2087532
0.09, 2071553
0.09, 2062980
0.09, 2053213
0.09, 2051514
0.09, 2037108
0.09, 2036833
0.09, 2023779
0.09, 2015457
0.09, 2008883
0.10, 2002417
0.10, 2002064
0.10, 1986859
0.10, 1979991
0.10, 1952215
0.10, 1949902
0.10, 1944922
0.10, 1919627
0.10, 1917584
0.10, 1895380
0.10, 1890719
0.10, 1887368
0.10, 1876612
0.10, 1871411
0.12, 1857192
0.12, 1844675
0.12, 1843106
0.12, 1841344
0.13, 1838841
0.13, 1820701
0.13, 1814835
0.13, 1814661
0.13, 1800625
0.13, 1784954
0.13, 1779373
0.13, 1766830
0.16, 1765992
0.16, 1734363
0.16, 1733649
0.16, 1729343
0.16, 1727407
0.16, 1715459
0.16, 1714553
0.16, 1713362
0.16, 1707644
0.16, 1704333
0.16, 1689199
0.16, 1660775
0.16, 1659554
0.16, 1659102
0.19, 1652671
0.20, 1650095
0.20, 1629475
0.20, 1614237
0.21, 1612561
0.21, 1612509
0.21, 1592099
0.21, 1579639
0.21, 1576266
0.21, 1575513
0.21, 1564869
0.21, 1555894
0.21, 1548184
0.22, 1544359
0.22, 1544107
0.22, 1543917
0.22, 1525793
0.22, 1521585
0.22, 1511285
0.22, 1489068
0.22, 1474584
0.22, 1468074
0.22, 1457211
0.24, 1451056
0.24, 1449163
0.24, 1445244
0.24, 1438651
0.24, 1433937
0.24, 1423745
0.24, 1390893
0.24, 1390809
0.24, 1380093
0.24, 1358004
0.24, 1355882
0.24, 1351608
0.24, 1349139
0.24, 1337789
0.24, 1331363
0.24, 1328768
0.24, 1320197
0.24, 1317964
0.24, 1308628
0.24, 1305987
0.26, 1297750
0.26, 1287040
0.26, 1278629
0.26, 1274823
0.26, 1259455
0.26, 1246830
0.26, 1229112
0.26, 1228405
0.26, 1219119
0.26, 1209540
0.27, 1189383
0.27, 1188430
0.27, 1184870
0.27, 1182769
0.30, 1180872
0.30, 1180048
0.30, 1179486
0.30, 1175135
0.30, 1169764
0.30, 1162359
0.33, 1160474
0.33, 1158403
0.33, 1154560
0.33, 1146709
0.33, 1140652
0.33, 1139881
0.33, 1135698
0.33, 1135540
0.33, 1135412
0.33, 1120862
0.34, 1095380
0.34, 1093056
0.34, 1090294
0.34, 1088393
0.34, 1083005
0.34, 1082066
0.34, 1082028
0.34, 1080795
0.34, 1076468
0.35, 1074125
0.36, 1072423
0.37, 1071088
0.37, 1069802
0.37, 1064995
0.37, 1063879
0.38, 1062486
0.38, 1048236
0.38, 1046608
0.38, 1046330
0.38, 1044372
0.38, 1043424
0.38, 1039640
0.38, 1038717
0.38, 1038539
0.38, 1036132
0.38, 1035817
0.38, 1021334
0.38, 1009638
0.38, 1006369
0.38, 1004957
0.38, 1003629
0.44, 1003431
0.44, 996108
0.44, 989454
0.44, 983325
0.44, 981840
0.44, 979703
0.44, 973337
0.44, 970404
0.44, 969196
0.44, 961538
0.44, 960031
0.44, 957704
0.45, 954083
0.45, 952385
0.46, 950466
0.46, 949521
0.46, 947587
0.46, 937153
0.46, 931130
0.46, 917028
0.46, 908702
0.46, 900083
0.46, 888312
0.46, 885637
0.53, 882913
0.53, 880532
0.53, 879661
0.53, 879363
0.53, 878354
0.53, 878194
0.53, 873032
0.53, 871838
0.53, 868802
0.54, 868609
0.54, 864933
0.54, 863233
0.54, 858504
0.54, 858440
0.54, 854367
0.59, 852740
0.60, 848476
0.60, 841778
0.60, 841366
0.60, 838723
0.64, 836823
0.64, 834300
0.64, 834105
0.67, 833589
0.67, 832689
0.67, 831078
0.67, 830904
0.67, 830864
0.67, 830415
0.67, 829848
0.67, 828764
0.67, 827917
0.67, 826631
0.67, 825515
0.67, 825355
0.71, 824121
0.72, 823500
0.72, 822662
0.72, 822422
0.72, 822383
0.77, 821432
0.78, 817922
0.81, 817111
0.87, 816747
0.87, 816298
0.91, 815892
0.92, 815405
0.95, 814955
1.04, 814916
1.09, 814478
1.09, 814438
1.13, 814221
1.19, 814182
4.58, 813615
4.58, 813495
4.59, 813138
4.59, 813099
4.67, 813039
4.76, 812896
4.81, 812418
4.84, 812162
10.70, 812061
10.70, 811612
10.70, 810712
10.70, 810235
10.70, 810196
