0.04, 5862984
0.04, 5760497
0.04, 5639963
0.04, 5500656
0.04, 5474804
0.04, 5439903
0.04, 5346236
0.04, 5344307
0.04, 5279146
0.04, 5130399
0.04, 5121511
0.04, 5035143
0.04, 4985797
0.04, 4967718
0.04, 4920741
0.04, 4914771
0.04, 4828679
0.04, 4796123
0.04, 4785911
0.04, 4769345
0.04, 4758205
0.04, 4691679
0.04, 4605065
0.04, 4539837
0.04, 4530393
0.04, 4515140
0.04, 4482557
0.04, 4474775
0.04, 4412477
0.04, 4410588
0.04, 4389841
0.04, 4339600
0.04, 4333931
0.04, 4318544
0.04, 4296966
0.04, 4296081
0.04, 4243328
0.04, 4201374
0.04, 4194276
0.04, 4067851
0.04, 4051118
0.04, 4037584
0.04, 3981321
0.04, 3933957
0.04, 3910895
0.04, 3909988
0.04, 3852074
0.04, 3824098
0.04, 3814546
0.04, 3773863
0.04, 3724180
0.04, 3699877
0.04, 3678911
0.04, 3578509
0.04, 3569949
0.04, 3556409
0.04, 3512753
0.04, 3436197
0.04, 3389326
0.04, 3385183
0.04, 3363574
0.04, 3355234
0.04, 3342215
0.04, 3336072
0.04, 3334575
0.04, 3333503
0.04, 3327664
0.04, 3322899
0.04, 3310736
0.04, 3269254
0.04, 3250792
0.04, 3221783
0.04, 3181881
0.04, 3180623
0.04, 3129420
0.04, 3126751
0.04, 3125778
0.04, 3115963
0.04, 3115913
0.04, 3113501
0.04, 3092920
0.04, 3080342
0.04, 3077389
0.04, 3074417
0.04, 3053600
0.04, 3023991
0.04, 3008695
0.04, 2959661
0.04, 2943986
0.04, 2926687
0.04, 2926330
0.04, 2923301
0.04, 2872090
0.04, 2870288
0.04, 2870089
0.04, 2859307
0.04, 2858798
0.04, 2858537
0.04, 2852807
0.04, 2831169
0.04, 2826639
0.04, 2826140
0.04, 2805760
0.04, 2803295
0.04, 2790152
0.04, 2774782
0.04, 2743649
0.04, 2737632
0.04, 2734523
0.04, 2679822
0.04, 2675635
0.04, 2651606
0.04, 2650658
0.04, 2634171
0.04, 2625538
0.04, 2622392
0.04, 2604036
0.05, 2566716
0.05, 2566061
0.05, 2565417
0.05, 2542984
0.05, 2536382
0.05, 2510499
0.05, 2487411
0.05, 2485455
0.05, 2481194
0.05, 2464622
0.06, 2421889
0.07, 2420766
0.07, 2389755
0.07, 2352052
0.07, 2335169
0.07, 2331998
0.07, 2323585
0.07, 2301154
0.07, 2292525
0.07, 2270723
0.07, 2261561
0.07, 2234355
0.07, 2204403
0.07, 2184122
0.07, 2170790
0.07, 2170523
0.07, 2126515
0.07, 2123144
0.07, 2096204
0.07, 2060496
0.07, 2055283
0.07, 2024739
0.07, 2023609
0.10, 2018212
0.10, 2015246
0.10, 2012316
0.10, 1979309
0.10, 1977428
0.12, 1963491
0.12, 1961695
0.12, 1961467
0.12, 1928526
0.12, 1913967
0.12, 1909835
0.15, 1908158
0.15, 1882661
0.15, 1879355
0.15, 1835811
0.15, 1828907
0.15, 1810534
0.15, 1804206
0.18, 1783096
0.18, 1781257
0.18, 1778104
0.18, 1776159
0.18, 1762906
0.18, 1762419
0.18, 1762364
0.18, 1758274
0.18, 1744352
0.18, 1737429
0.18, 1716527
0.18, 1714472
0.18, 1702076
0.18, 1697729
0.19, 1687326
0.19, 1674925
0.20, 1665453
0.20, 1661978
0.20, 1659846
0.20, 1655437
0.20, 1635530
0.20, 1602671
0.20, 1600421
0.20, 1585224
0.20, 1563656
0.20, 1552628
0.22, 1551954
0.22, 1549174
0.23, 1548114
0.23, 1544563
0.23, 1534786
0.23, 1531526
0.23, 1530721
0.23, 1505433
0.23, 1505270
0.23, 1498960
0.26, 1477888
0.26, 1463909
0.26, 1457502
0.26, 1453471
0.26, 1431080
0.26, 1417014
0.26, 1415692
0.26, 1410861
0.26, 1405560
0.26, 1403379
0.26, 1400089
0.26, 1397700
0.26, 1382259
0.26, 1371139
0.28, 1365413
0.28, 1361329
0.28, 1361245
0.28, 1352496
0.28, 1346547
0.28, 1337881
0.28, 1318991
0.28, 1297844
0.28, 1297434
0.28, 1296647
0.31, 1289431
0.31, 1288555
0.31, 1286674
0.31, 1252739
0.31, 1245902
0.31, 1239025
0.32, 1233435
0.32, 1219080
0.32, 1212803
0.33, 1210040
0.33, 1207791
0.33, 1203967
0.33, 1203586
0.33, 1196686
0.33, 1195820
0.33, 1188402
0.33, 1183939
0.33, 1177964
0.36, 1174827
0.36, 1160139
0.36, 1158711
0.36, 1156152
0.36, 1156072
0.36, 1150565
0.36, 1149865
0.36, 1145061
0.36, 1144119
0.36, 1139398
0.38, 1134635
0.38, 1129572
0.38, 1119787
0.38, 1118293
0.38, 1117387
0.38, 1116770
0.38, 1112151
0.38, 1111425
0.38, 1099848
0.39, 1099773
0.39, 1092377
0.39, 1090808
0.39, 1090615
0.39, 1087500
0.39, 1085461
0.39, 1083577
0.39, 1080936
0.39, 1077634
0.39, 1060941
0.41, 1050211
0.41, 1042568
0.41, 1041289
0.41, 1040821
0.41, 1037790
0.41, 1034373
0.41, 1032489
0.41, 1031190
0.41, 1027519
0.41, 1026887
0.41, 1025479
0.41, 1010767
0.41, 1007386
0.41, 1006695
0.41, 1005326
0.41, 1001937
0.41, 998675
0.41, 998662
0.41, 994041
0.41, 974265
0.41, 973571
0.41, 971064
0.41, 964006
0.45, 959451
0.45, 954948
0.45, 953433
0.45, 945232
0.45, 944133
0.48, 943391
0.48, 935802
0.48, 932870
0.48, 930168
0.48, 930130
0.48, 929246
0.51, 923911
0.51, 923096
0.51, 914674
0.53, 912906
0.55, 912552
0.55, 911017
0.55, 909861
0.55, 905759
0.55, 903694
0.55, 900119
0.56, 899906
0.56, 897966
0.56, 895731
0.56, 891224
0.56, 890617
0.56, 889206
0.56, 883842
0.56, 882995
0.57, 878346
0.57, 875062
0.57, 863273
0.57, 861702
0.61, 860661
0.61, 859593
0.61, 859490
0.63, 856104
0.64, 855386
0.64, 854548
0.64, 850672
0.64, 850363
0.64, 843353
0.64, 841564
0.64, 841449
0.64, 837794
0.64, 832180
0.64, 831784
0.64, 829629
0.64, 825892
0.64, 825096
0.64, 824647
0.71, 821436
0.72, 820252
0.72, 819797
0.72, 819751
0.72, 819711
0.72, 818842
0.74, 817178
0.83, 816125
0.83, 815555
0.83, 815474
0.86, 814351
0.86, 814259
0.90, 813458
0.90, 813225
0.98, 812905
1.05, 812648
1.05, 812609
