0.00, 5798117
0.00, 5797389
0.00, 5795521
0.00, 5787172
0.00, 5768136
0.00, 5713038
0.00, 5692552
0.00, 5692009
0.00, 5663417
0.00, 5642771
0.00, 5539587
0.00, 5521853
0.00, 5486032
0.00, 5459973
0.00, 5426663
0.00, 5416921
0.00, 5346610
0.00, 5345403
0.00, 5319014
0.00, 5197572
0.00, 5184458
0.00, 5175828
0.00, 5155494
0.00, 5103461
0.00, 5099794
0.00, 5071873
0.00, 5069405
0.00, 5068290
0.00, 5046239
0.00, 5023460
0.00, 5010243
0.00, 4947215
0.00, 4893822
0.00, 4889829
0.00, 4884814
0.00, 4836469
0.00, 4826385
0.00, 4780416
0.00, 4774807
0.00, 4756807
0.00, 4714855
0.00, 4714138
0.00, 4685759
0.00, 4655708
0.00, 4630860
0.00, 4556632
0.00, 4453091
0.00, 4437695
0.00, 4411448
0.00, 4407733
0.00, 4403061
0.00, 4351528
0.00, 4309583
0.00, 4301413
0.00, 4293778
0.01, 4268887
0.01, 4253483
0.01, 4233771
0.01, 4197881
0.01, 4179742
0.01, 4159660
0.01, 4151317
0.01, 4061477
0.01, 4051396
0.01, 4050944
0.01, 4045985
0.01, 4043670
0.01, 3986509
0.01, 3967017
0.01, 3950429
0.01, 3946609
0.01, 3929742
0.01, 3869212
0.01, 3862389
0.01, 3814706
0.01, 3791572
0.01, 3780814
0.01, 3775704
0.01, 3766835
0.01, 3765707
0.01, 3755752
0.01, 3647010
0.01, 3626182
0.01, 3615925
0.01, 3580146
0.01, 3559444
0.01, 3528115
0.01, 3499094
0.01, 3498678
0.01, 3497789
0.01, 3497041
0.01, 3437919
0.01, 3359841
0.01, 3357398
0.01, 3342101
0.01, 3320479
0.01, 3299358
0.01, 3289464
0.01, 3247674
0.01, 3237297
0.01, 3236492
0.01, 3230387
0.01, 3151030
0.01, 3136609
0.01, 3096034
0.01, 3063059
0.01, 3053341
0.01, 3024834
0.01, 2999675
0.01, 2997328
0.01, 2990581
0.01, 2983331
0.01, 2953985
0.01, 2951676
0.01, 2905765
0.01, 2901431
0.01, 2886262
0.01, 2865364
0.01, 2857488
0.01, 2849913
0.01, 2836949
0.01, 2815179
0.01, 2797189
0.01, 2789701
0.01, 2779108
0.01, 2772091
0.01, 2762762
0.01, 2744445
0.01, 2729739
0.01, 2718709
0.01, 2701066
0.01, 2680368
0.01, 2677045
0.01, 2662322
0.01, 2662087
0.01, 2641494
0.01, 2636506
0.01, 2580711
0.01, 2561321
0.01, 2560217
0.01, 2551914
0.01, 2542643
0.01, 2531733
0.01, 2418629
0.01, 2412903
0.01, 2402601
0.02, 2373569
0.04, 2367122
0.04, 2361999
0.04, 2361159
0.04, 2359041
0.04, 2357171
0.04, 2345664
0.04, 2334028
0.04, 2330478
0.04, 2327730
0.04, 2327443
0.04, 2324542
0.04, 2289440
0.04, 2287685
0.05, 2284445
0.05, 2275754
0.05, 2266952
0.05, 2266334
0.05, 2257662
0.05, 2230266
0.05, 2227474
0.05, 2209455
0.05, 2203344
0.05, 2194143
0.05, 2190293
0.05, 2164796
0.05, 2149340
0.05, 2148008
0.05, 2108505
0.07, 2103754
0.07, 2103299
0.07, 2101039
0.07, 2099877
0.08, 2097496
0.08, 2090552
0.08, 2074341
0.11, 2065356
0.11, 2065147
0.11, 2050578
0.11, 2042837
0.11, 2032590
0.11, 2021083
0.11, 2010494
0.11, 2008973
0.11, 2003475
0.11, 1985497
0.12, 1978336
0.12, 1977790
0.12, 1974785
0.12, 1967420
0.12, 1966342
0.12, 1962950
0.12, 1952868
0.12, 1945327
0.12, 1942499
0.12, 1899037
0.12, 1878382
0.12, 1852728
0.12, 1851763
0.14, 1817593
0.14, 1813805
0.14, 1798035
0.14, 1794561
0.15, 1761290
0.15, 1760414
0.15, 1758792
0.15, 1728167
0.15, 1714841
0.15, 1704856
0.15, 1694703
0.15, 1694505
0.17, 1691270
0.17, 1690792
0.17, 1681564
0.17, 1677577
0.17, 1654650
0.17, 1642685
0.17, 1612017
0.17, 1598938
0.19, 1592328
0.20, 1588937
0.20, 1575296
0.20, 1559988
0.20, 1554690
0.20, 1554321
0.24, 1550675
0.24, 1543506
0.24, 1543340
0.25, 1533044
0.25, 1520106
0.25, 1483542
0.25, 1468818
0.25, 1459716
0.25, 1454587
0.25, 1448295
0.25, 1448075
0.25, 1447424
0.25, 1446679
0.25, 1442743
0.25, 1433772
0.25, 1425735
0.26, 1409839
0.26, 1402570
0.26, 1382994
0.26, 1365095
0.26, 1350120
0.26, 1344695
0.28, 1325435
0.28, 1323309
0.28, 1320804
0.28, 1306199
0.28, 1303043
0.28, 1295848
0.28, 1281535
0.29, 1277670
0.29, 1268412
0.29, 1266112
0.29, 1264708
0.29, 1256227
0.29, 1223741
0.29, 1221984
0.29, 1220595
0.29, 1220475
0.29, 1219936
0.29, 1209950
0.29, 1206383
0.29, 1205116
0.29, 1202584
0.29, 1196509
0.31, 1193253
0.31, 1192271
0.31, 1191810
0.31, 1188884
0.31, 1188574
0.33, 1187002
0.33, 1184886
0.33, 1181254
0.33, 1175789
0.33, 1171387
0.33, 1167034
0.33, 1165399
0.33, 1164610
0.33, 1139407
0.33, 1136658
0.33, 1131836
0.33, 1120465
0.33, 1116566
0.33, 1109516
0.33, 1098913
0.33, 1093431
0.33, 1092957
0.33, 1092540
0.33, 1085232
0.33, 1076716
0.33, 1070933
0.33, 1065640
0.33, 1064271
0.38, 1058371
0.38, 1056590
0.38, 1052904
0.38, 1049620
0.38, 1033235
0.38, 1031984
0.38, 1026121
0.38, 1022629
0.38, 1015989
0.38, 1013006
0.41, 1010790
0.41, 1003275
0.41, 993822
0.41, 978382
0.41, 977844
0.41, 977769
0.41, 966099
0.43, 965856
0.43, 964202
0.43, 963593
0.43, 957423
0.43, 955725
0.43, 954411
0.44, 953742
0.44, 950385
0.44, 950372
0.45, 949590
0.45, 944029
0.45, 939761
0.45, 938494
0.45, 930104
0.45, 927314
0.45, 925680
0.45, 925121
0.45, 919144
0.45, 916226
0.45, 915070
0.45, 907071
0.45, 905315
0.45, 902982
0.45, 897609
0.46, 896206
0.46, 895585
0.46, 894247
0.46, 892902
0.46, 888290
0.47, 887911
0.54, 886719
0.54, 886176
0.55, 885057
0.55, 877416
0.56, 876686
0.56, 873804
0.56, 858918
0.56, 855888
0.63, 855747
0.63, 854431
0.63, 854300
0.63, 853182
0.63, 849955
0.65, 849079
0.65, 847391
0.65, 845183
0.65, 844075
0.65, 843279
0.65, 842342
0.69, 841714
0.69, 840623
0.69, 832289
0.69, 832281
0.69, 831381
0.69, 831148
0.69, 830754
0.69, 830684
0.73, 830620
0.73, 829951
0.74, 828803
0.74, 828303
0.74, 827946
0.74, 827339
0.74, 827300
0.74, 826394
0.74, 825773
0.75, 824328
0.76, 824083
0.78, 823579
0.78, 823566
0.80, 823507
0.80, 822179
0.84, 820498
0.88, 820242
0.88, 820202
2.97, 819215
2.97, 818325
2.97, 817246
2.97, 816421
2.97, 816151
3.09, 816041
3.09, 815166
3.09, 814166
3.10, 813874
3.10, 813866
3.11, 813031
3.25, 812735
3.26, 811488
3.26, 811449
