0.02, 5972818
0.02, 5963952
0.02, 5914498
0.02, 5914212
0.02, 5796529
0.02, 5692737
0.02, 5683898
0.02, 5668871
0.02, 5583121
0.02, 5568181
0.02, 5499065
0.02, 5429782
0.02, 5407101
0.02, 5295722
0.02, 5277479
0.02, 5170374
0.02, 5151482
0.02, 5123798
0.02, 5120035
0.02, 5083332
0.02, 5054903
0.02, 5012224
0.02, 5009213
0.02, 5000503
0.02, 4987876
0.02, 4972730
0.02, 4944095
0.02, 4930658
0.02, 4914485
0.02, 4909383
0.02, 4837065
0.02, 4811750
0.02, 4801416
0.02, 4679190
0.02, 4677666
0.02, 4585535
0.02, 4585383
0.02, 4577715
0.02, 4563002
0.02, 4553292
0.02, 4551117
0.02, 4548762
0.02, 4522644
0.02, 4505012
0.02, 4484594
0.02, 4476964
0.02, 4435423
0.02, 4402222
0.02, 4374671
0.02, 4361892
0.02, 4352715
0.02, 4308627
0.02, 4217224
0.02, 4207805
0.02, 4138371
0.02, 4092544
0.02, 4087164
0.02, 4062216
0.02, 4012730
0.02, 3959110
0.02, 3921609
0.02, 3875076
0.02, 3851525
0.02, 3789952
0.02, 3770294
0.02, 3767915
0.02, 3765093
0.02, 3671115
0.02, 3665401
0.02, 3658832
0.02, 3644465
0.02, 3578636
0.02, 3520018
0.02, 3516882
0.02, 3499845
0.02, 3482638
0.02, 3465075
0.02, 3447396
0.02, 3440383
0.02, 3429529
0.02, 3419018
0.02, 3406533
0.02, 3350892
0.02, 3327137
0.02, 3317907
0.02, 3313207
0.02, 3304612
0.02, 3277516
0.02, 3265754
0.02, 3217876
0.02, 3197175
0.02, 3192175
0.02, 3178078
0.02, 3167224
0.02, 3159936
0.02, 3158944
0.02, 3128515
0.02, 3124480
0.02, 3123712
0.02, 3095856
0.02, 3086541
0.02, 3070110
0.02, 3059626
0.02, 3052496
0.02, 3048532
0.02, 3045075
0.02, 3024843
0.02, 2985556
0.02, 2980176
0.02, 2952889
0.02, 2942723
0.02, 2933172
0.02, 2899840
0.02, 2897668
0.02, 2896923
0.02, 2886875
0.02, 2884848
0.02, 2882445
0.02, 2863434
0.02, 2859781
0.02, 2837032
0.02, 2834911
0.02, 2831436
0.02, 2779762
0.02, 2756635
0.02, 2747179
0.02, 2728630
0.02, 2706578
0.02, 2698336
0.02, 2685914
0.02, 2613984
0.02, 2612585
0.02, 2600375
0.02, 2571361
0.02, 2571143
0.02, 2549820
0.02, 2547557
0.02, 2524800
0.02, 2523517
0.02, 2517092
0.02, 2492912
0.04, 2420536
0.04, 2418728
0.04, 2415171
0.04, 2409845
0.04, 2402113
0.04, 2401927
0.04, 2375691
0.05, 2361040
0.05, 2352037
0.05, 2348807
0.05, 2331464
0.05, 2327766
0.05, 2320744
0.05, 2299922
0.05, 2298288
0.05, 2237307
0.05, 2220853
0.05, 2201594
0.05, 2198338
0.08, 2183055
0.08, 2173594
0.08, 2172911
0.08, 2164397
0.08, 2150136
0.08, 2109791
0.10, 2107228
0.10, 2087616
0.10, 2064548
0.10, 2064275
0.10, 2048933
0.10, 2048055
0.10, 2046303
0.10, 2042078
0.10, 2034880
0.11, 2025863
0.11, 2021054
0.13, 2019803
0.14, 2016494
0.14, 1999878
0.14, 1966254
0.14, 1960589
0.14, 1944649
0.14, 1938284
0.14, 1932837
0.14, 1929614
0.14, 1926244
0.14, 1894510
0.14, 1882924
0.14, 1879879
0.15, 1844944
0.15, 1812127
0.15, 1812101
0.16, 1809542
0.17, 1797177
0.17, 1790520
0.17, 1790043
0.17, 1788632
0.17, 1787930
0.17, 1778142
0.17, 1777864
0.17, 1758198
0.17, 1755398
0.17, 1750809
0.17, 1740574
0.17, 1724696
0.17, 1720095
0.17, 1716884
0.17, 1700646
0.17, 1690783
0.19, 1676221
0.19, 1663838
0.19, 1656421
0.19, 1653741
0.19, 1638165
0.19, 1633617
0.19, 1633356
0.20, 1616565
0.20, 1612551
0.22, 1602333
0.23, 1592008
0.23, 1579035
0.23, 1573262
0.23, 1560686
0.23, 1558046
0.23, 1557428
0.23, 1540742
0.23, 1526842
0.23, 1496482
0.23, 1495264
0.23, 1487361
0.24, 1474810
0.24, 1474584
0.24, 1474337
0.25, 1472652
0.25, 1469104
0.25, 1465530
0.25, 1460654
0.25, 1451025
0.25, 1443969
0.25, 1442643
0.25, 1441467
0.25, 1416496
0.25, 1415872
0.25, 1409797
0.25, 1393592
0.25, 1386953
0.28, 1386337
0.28, 1385807
0.28, 1358566
0.28, 1354274
0.28, 1354208
0.28, 1335265
0.29, 1330845
0.29, 1328724
0.29, 1324079
0.29, 1316834
0.29, 1316260
0.29, 1315400
0.29, 1311318
0.29, 1311023
0.30, 1308126
0.30, 1305516
0.30, 1294907
0.30, 1290000
0.30, 1289479
0.30, 1288247
0.30, 1276613
0.31, 1269451
0.32, 1257818
0.32, 1253511
0.32, 1232638
0.32, 1227264
0.32, 1218231
0.32, 1216987
0.32, 1205778
0.32, 1205599
0.35, 1195795
0.35, 1189775
0.35, 1181329
0.35, 1176481
0.35, 1171600
0.36, 1169619
0.36, 1169539
0.36, 1161564
0.36, 1159713
0.36, 1159661
0.36, 1156225
0.36, 1148252
0.36, 1136730
0.36, 1133334
0.36, 1129565
0.36, 1126418
0.37, 1125214
0.38, 1124313
0.38, 1123656
0.38, 1107249
0.38, 1102647
0.38, 1091418
0.38, 1076854
0.38, 1072382
0.38, 1063954
0.38, 1054163
0.38, 1052987
0.38, 1052378
0.38, 1036614
0.38, 1027945
0.38, 1020908
0.40, 1020757
0.40, 1009759
0.40, 999377
0.40, 997520
0.40, 996350
0.40, 989587
0.40, 978900
0.40, 970388
0.44, 970013
0.44, 967984
0.44, 967402
0.44, 965458
0.44, 963644
0.45, 958994
0.45, 956303
0.48, 954240
0.48, 952949
0.48, 952237
0.48, 944946
0.48, 940759
0.48, 938052
0.48, 936724
0.48, 936597
0.48, 935920
0.48, 930952
0.48, 928445
0.48, 923784
0.48, 923388
0.48, 918713
0.48, 918142
0.48, 916943
0.48, 909475
0.48, 909386
0.48, 909231
0.48, 903809
0.48, 902393
0.49, 902370
0.49, 900099
0.49, 893391
0.49, 893044
0.50, 891765
0.51, 884349
0.51, 883048
0.51, 881756
0.51, 873879
0.51, 871854
0.51, 869043
0.52, 867455
0.52, 864082
0.52, 860768
0.61, 860231
0.61, 859682
0.62, 859335
0.62, 858592
0.62, 858148
0.62, 858041
0.62, 856838
0.62, 855300
0.62, 854906
0.62, 853171
0.62, 848283
0.62, 845843
0.62, 845286
0.62, 845056
0.62, 842588
0.62, 842031
0.63, 842018
0.63, 840690
0.63, 840570
0.63, 837864
0.63, 835791
0.63, 835783
0.64, 828883
0.64, 827494
0.64, 824576
0.73, 823632
0.73, 823402
0.73, 823321
0.77, 820428
0.78, 820161
0.78, 817716
0.78, 816420
0.78, 816339
0.78, 815582
5.48, 815335
5.49, 815022
5.49, 814099
5.54, 813720
5.62, 813713
5.62, 812790
5.63, 812639
5.64, 812598
5.64, 812558
5.65, 812381
5.65, 812341
5.71, 812302
13.74, 811957
13.78, 810882
13.78, 810275
13.88, 810236
13.97, 810196
