0.00, 5520793
0.00, 5500344
0.00, 5494637
0.01, 5392826
0.01, 5385029
0.01, 5367403
0.01, 5271448
0.01, 5204304
0.01, 5148311
0.01, 5137416
0.01, 5104895
0.01, 4986975
0.01, 4897301
0.01, 4866458
0.01, 4816081
0.01, 4811961
0.01, 4619279
0.01, 4612125
0.01, 4609865
0.01, 4572312
0.01, 4567207
0.01, 4549941
0.01, 4545375
0.01, 4544906
0.01, 4523374
0.01, 4500462
0.01, 4476302
0.01, 4317440
0.01, 4226742
0.01, 4216352
0.01, 4202384
0.01, 4165208
0.01, 4163505
0.01, 4158703
0.01, 4156590
0.01, 4048313
0.01, 4032394
0.01, 4024875
0.01, 4011541
0.01, 3985497
0.01, 3984398
0.01, 3954215
0.01, 3934281
0.01, 3931157
0.01, 3916455
0.01, 3915866
0.01, 3906803
0.01, 3901238
0.01, 3901182
0.01, 3899301
0.01, 3869000
0.01, 3853193
0.01, 3847276
0.01, 3830730
0.01, 3813016
0.01, 3795385
0.01, 3785703
0.01, 3728081
0.01, 3725919
0.01, 3719371
0.01, 3684951
0.01, 3675521
0.01, 3663894
0.01, 3618666
0.01, 3563644
0.01, 3562102
0.01, 3554634
0.01, 3539148
0.01, 3491052
0.01, 3474357
0.01, 3444947
0.01, 3382750
0.01, 3369237
0.01, 3346041
0.01, 3327611
0.01, 3290860
0.01, 3265155
0.01, 3264520
0.01, 3260316
0.01, 3255538
0.01, 3216588
0.01, 3215706
0.01, 3154795
0.01, 3148613
0.01, 3147499
0.01, 3128288
0.01, 3126146
0.01, 3099932
0.01, 3085988
0.01, 3051081
0.01, 3042673
0.01, 3040355
0.01, 3039751
0.01, 3039708
0.01, 2939667
0.01, 2927172
0.01, 2924816
0.01, 2920597
0.01, 2912088
0.01, 2897654
0.01, 2897103
0.01, 2890538
0.01, 2888962
0.01, 2884775
0.01, 2876350
0.01, 2824301
0.01, 2772669
0.01, 2761008
0.01, 2758665
0.01, 2753841
0.01, 2751407
0.01, 2747334
0.01, 2742716
0.01, 2730048
0.01, 2729262
0.01, 2719218
0.01, 2702932
0.01, 2695646
0.01, 2672421
0.01, 2651151
0.01, 2648408
0.02, 2630749
0.02, 2624809
0.02, 2620655
0.02, 2605180
0.02, 2595758
0.02, 2584315
0.02, 2574681
0.02, 2569454
0.02, 2548392
0.02, 2516602
0.02, 2513164
0.02, 2506402
0.02, 2475116
0.02, 2471171
0.02, 2444722
0.03, 2425537
0.03, 2413147
0.03, 2411416
0.03, 2411255
0.03, 2385868
0.03, 2379574
0.03, 2332786
0.03, 2312123
0.03, 2305226
0.03, 2305098
0.04, 2286333
0.04, 2262631
0.04, 2205805
0.06, 2203486
0.06, 2144545
0.06, 2138693
0.06, 2137738
0.06, 2129627
0.06, 2124327
0.08, 2102575
0.08, 2088815
0.08, 2081006
0.08, 2065958
0.08, 2010247
0.10, 2004297
0.12, 1990191
0.12, 1981844
0.12, 1977093
0.12, 1965212
0.12, 1957592
0.12, 1951522
0.12, 1940418
0.12, 1926791
0.12, 1916872
0.12, 1883063
0.12, 1856167
0.12, 1854141
0.12, 1848069
0.12, 1823636
0.12, 1809408
0.15, 1805783
0.15, 1803653
0.15, 1795945
0.15, 1785895
0.15, 1782287
0.15, 1768030
0.16, 1761336
0.16, 1739687
0.16, 1735791
0.16, 1706533
0.16, 1704880
0.16, 1687949
0.16, 1685540
0.16, 1658668
0.17, 1647964
0.17, 1630816
0.17, 1625483
0.19, 1625056
0.19, 1616838
0.19, 1609290
0.21, 1602735
0.21, 1602285
0.21, 1586342
0.21, 1585835
0.21, 1584565
0.21, 1563883
0.21, 1563059
0.21, 1561755
0.21, 1535134
0.21, 1526491
0.21, 1526219
0.21, 1525554
0.21, 1510640
0.21, 1507292
0.21, 1500783
0.21, 1490737
0.21, 1483494
0.21, 1480186
0.21, 1471811
0.22, 1469026
0.22, 1452224
0.22, 1440911
0.22, 1408168
0.22, 1403417
0.24, 1398175
0.24, 1394618
0.24, 1388214
0.24, 1385042
0.24, 1378367
0.24, 1369141
0.24, 1368620
0.24, 1366155
0.28, 1339907
0.28, 1338377
0.28, 1327509
0.28, 1323673
0.28, 1322094
0.28, 1319008
0.28, 1313621
0.28, 1299097
0.28, 1293452
0.28, 1282604
0.28, 1276768
0.28, 1274931
0.28, 1274623
0.28, 1268211
0.29, 1265769
0.29, 1265468
0.29, 1263466
0.29, 1260964
0.29, 1259636
0.29, 1248602
0.29, 1242364
0.30, 1237562
0.30, 1215506
0.30, 1214251
0.30, 1202836
0.32, 1194176
0.32, 1193853
0.32, 1174664
0.34, 1172723
0.35, 1168905
0.35, 1167169
0.35, 1161554
0.35, 1158353
0.35, 1156549
0.35, 1153872
0.35, 1136326
0.35, 1124309
0.35, 1124251
0.35, 1115040
0.35, 1108210
0.35, 1101411
0.35, 1100734
0.35, 1099702
0.35, 1097310
0.35, 1094768
0.36, 1089287
0.37, 1089067
0.37, 1083083
0.38, 1075862
0.38, 1072230
0.38, 1065941
0.38, 1064227
0.38, 1059509
0.38, 1056505
0.38, 1051918
0.38, 1049958
0.38, 1040711
0.38, 1040494
0.38, 1032934
0.38, 1025152
0.38, 1025021
0.38, 1024343
0.39, 1021941
0.39, 1016646
0.39, 1010492
0.39, 1002961
0.39, 997125
0.39, 987468
0.39, 986430
0.39, 986236
0.39, 974851
0.39, 966289
0.39, 955498
0.39, 951032
0.45, 949309
0.45, 947185
0.45, 945352
0.45, 943698
0.45, 940121
0.45, 939801
0.45, 935886
0.49, 930159
0.50, 923688
0.50, 918110
0.50, 916935
0.50, 909159
0.50, 905890
0.50, 905118
0.50, 903236
0.50, 901712
0.50, 887357
0.50, 887008
0.50, 885400
0.50, 883700
0.50, 882050
0.54, 880167
0.54, 875521
0.54, 874545
0.54, 869864
0.55, 868679
0.55, 860928
0.55, 857821
0.55, 857372
0.57, 854282
0.60, 849093
0.60, 848255
0.60, 844268
0.60, 844228
0.63, 843898
0.63, 838056
0.63, 836978
0.63, 835816
0.63, 832398
0.64, 830473
0.64, 829866
0.66, 829343
0.66, 828949
0.66, 827981
0.66, 823866
0.72, 820966
0.72, 820187
0.74, 820173
0.74, 819545
0.77, 818859
0.77, 818250
0.77, 818210
0.77, 817816
0.78, 817692
0.78, 816544
0.84, 815159
0.94, 814618
1.03, 814222
1.05, 814182
