0.00,5192366
0.00,5000484
0.00,4886522
0.00,4763294
0.00,4652267
0.00,4683039
0.00,4448441
0.00,4474480
0.00,4410680
0.00,4250542
0.00,4159368
0.00,4186476
0.00,4189465
0.00,4112457
0.00,3942987
0.00,3969657
0.00,3964502
0.00,3895550
0.00,3824121
0.00,3641837
0.00,3538859
0.00,3496395
0.00,3479216
0.00,3523598
0.00,3499479
0.00,3380667
0.00,3346697
0.00,3370425
0.00,3398561
0.00,3345121
0.00,3352892
0.00,3267779
0.00,3258082
0.00,3201574
0.00,3158552
0.00,3062118
0.00,3144866
0.00,3065370
0.00,3042143
0.00,2976453
0.00,2894826
0.00,2871033
0.00,2947288
0.00,2909467
0.00,2855017
0.00,2849908
0.00,2898770
0.00,2811925
0.00,2795255
0.00,2734993
0.00,2693874
0.00,2731367
0.00,2674229
0.00,2667467
0.00,2641167
0.00,2617582
0.00,2612077
0.00,2570220
0.00,2540803
0.00,2588029
0.00,2562449
0.00,2580964
0.00,2580502
0.00,2667336
0.00,2565165
0.00,2516109
0.00,2495938
0.00,2476350
0.00,2486120
0.00,2414668
0.00,2385919
0.00,2315259
0.00,2356629
0.00,2342692
0.00,2266247
0.01,2285334
0.01,2202905
0.01,2191186
0.01,2227660
0.01,2242038
0.01,2246888
0.01,2279483
0.01,2262416
0.01,2216721
0.01,2184229
0.01,2192477
0.01,2203683
0.01,2292883
0.01,2317595
0.01,2291410
0.01,2195344
0.01,2163928
0.01,2149267
0.01,2146900
0.01,2181070
0.01,2181152
0.01,2128058
0.01,2229534
0.01,2216691
0.01,2204164
0.01,2184031
0.01,2205348
0.01,2237380
0.01,2178587
0.01,2104080
0.01,2055589
0.01,1944767
0.01,1940099
0.01,1910137
0.01,1985311
0.01,1960386
0.01,1945794
0.01,1961823
0.01,2032995
0.01,2014872
0.01,2009431
0.01,1999766
0.01,2032967
0.01,1979059
0.01,1924488
0.01,1905188
0.01,1871497
0.01,1816999
0.01,1837099
0.01,1800141
0.01,1808075
0.01,1810969
0.01,1817139
0.01,1804096
0.01,1777119
0.01,1739402
0.01,1701767
0.01,1692664
0.01,1706015
0.01,1626878
0.01,1629165
0.01,1634523
0.01,1575174
0.01,1606443
0.01,1603275
0.01,1610847
0.01,1640984
0.01,1660513
0.01,1656583
0.01,1691890
0.01,1719122
0.01,1680678
0.01,1692686
0.01,1706575
0.01,1684139
0.01,1638092
0.01,1592897
0.01,1569766
0.01,1585409
0.01,1612512
0.01,1608834
0.01,1604386
0.01,1619321
0.01,1625102
0.01,1617769
0.01,1626005
0.01,1603667
0.01,1547459
0.01,1533341
0.01,1593658
0.01,1593803
0.01,1635151
0.01,1656323
0.01,1691868
0.01,1658306
0.01,1588253
0.01,1599039
0.01,1590201
0.01,1569509
0.01,1597501
0.01,1698843
0.01,1711203
0.01,1725677
0.01,1740925
0.01,1729283
0.01,1699887
0.01,1709701
0.01,1724857
0.01,1727849
0.01,1635414
0.01,1595045
0.01,1561522
0.01,1525976
0.01,1532101
0.01,1529989
0.01,1516892
0.01,1491435
0.01,1483976
0.01,1496652
0.01,1453655
0.01,1418461
0.01,1398012
0.01,1405288
0.01,1378817
0.01,1407319
0.01,1385011
0.01,1369640
0.01,1374619
0.01,1395631
0.01,1412994
0.01,1424772
0.01,1497835
0.01,1475978
0.01,1484068
0.01,1503930
0.01,1540090
0.01,1543841
0.01,1515562
0.01,1552998
0.01,1571685
0.01,1566952
0.01,1505952
0.01,1533899
0.01,1514103
0.01,1515546
0.01,1499103
0.01,1488177
0.01,1509657
0.01,1508356
0.01,1430945
0.01,1428440
0.01,1344676
0.01,1358075
0.01,1384261
0.01,1336022
0.01,1338321
0.01,1336550
0.01,1345704
0.01,1359906
0.01,1349128
0.01,1338802
0.01,1386697
0.01,1398770
0.01,1341464
0.01,1327662
0.01,1395731
0.01,1410395
0.01,1432793
0.01,1429590
0.01,1438617
0.01,1441652
0.01,1444152
0.01,1435887
0.01,1423414
0.01,1360563
0.01,1379818
0.01,1356651
0.01,1317136
0.01,1303851
0.01,1244229
0.01,1213187
0.01,1249891
0.01,1234772
0.01,1233946
0.01,1251770
0.01,1252692
0.01,1233060
0.01,1299228
0.01,1338579
0.01,1342590
0.01,1366715
0.01,1335266
0.01,1346480
0.01,1352157
0.01,1356171
0.01,1352014
0.01,1334909
0.01,1283862
0.01,1236503
0.01,1250212
0.01,1281757
0.01,1275810
0.01,1247458
0.01,1276411
0.01,1306149
0.01,1325908
0.01,1312710
0.01,1266200
0.01,1267606
0.01,1263125
0.01,1263618
0.01,1262337
0.01,1271704
0.01,1256162
0.01,1228912
0.01,1192489
0.01,1210852
0.01,1210564
0.01,1191224
0.01,1191117
0.01,1220351
0.01,1225094
0.01,1249883
0.01,1301816
0.01,1308613
0.01,1346744
0.01,1302199
0.01,1300174
0.01,1289701
0.02,1236317
0.02,1226526
0.02,1220844
0.02,1201166
0.02,1210277
0.02,1228122
0.02,1190334
0.02,1202106
0.02,1164626
0.02,1180453
0.02,1152215
0.02,1132803
0.02,1108536
0.02,1108528
0.02,1101671
0.02,1132324
0.02,1122115
0.02,1119190
0.02,1141233
0.02,1122636
0.02,1107686
0.02,1098815
0.02,1084331
0.02,1070295
0.02,1057476
0.02,1042162
0.02,1034445
0.02,1023211
0.02,1013615
0.02,1003090
0.02,1009455
0.02,1023633
0.02,1002786
0.02,1037889
0.02,1031843
0.02,1019137
0.02,1051494
0.02,1063596
0.02,1070002
0.02,1118906
0.02,1110008
0.02,1122904
0.02,1116788
0.02,1069993
0.02,1058555
0.02,1030561
0.02,1028489
0.02,991716
0.02,980913
0.02,1013912
0.02,1046054
0.02,1041240
0.02,1056589
0.02,1039685
0.02,1039811
0.02,1020774
0.02,1023523
0.02,991965
0.02,1001924
0.02,995185
0.02,999791
0.02,989488
0.02,969877
0.02,1032693
0.02,1000123
0.02,998165
0.02,995380
0.02,988994
0.02,1028490
0.02,1035302
0.02,1013870
0.02,1010601
0.02,1015155
0.02,1032793
0.02,1051487
0.02,1117971
0.02,1116392
0.02,1140867
0.02,1071888
0.02,1061109
0.02,1069892
0.02,1059250
0.02,1049446
0.02,1070154
0.02,1086888
0.02,1102674
0.02,1144988
0.02,1135774
0.02,1146313
0.02,1159156
0.02,1166169
0.02,1161601
0.02,1164853
0.02,1181594
0.02,1185461
0.02,1195446
0.02,1192087
0.02,1192033
0.02,1158356
0.02,1129541
0.02,1116661
0.02,1112939
0.02,1090251
0.02,1094448
0.02,1042316
0.02,1047821
0.02,1024233
0.02,1007361
0.02,989205
0.02,979762
0.02,959772
0.02,965072
0.02,986678
0.02,1005275
0.02,983232
0.02,958237
0.02,949367
0.02,938917
0.02,931105
0.02,923699
0.02,928439
0.02,916994
0.02,910664
0.02,905330
0.02,973396
0.02,941907
0.02,908372
0.02,947731
0.02,953170
0.02,909881
0.02,882628
0.02,877498
0.02,873102
0.02,873756
0.02,872584
0.02,868974
0.02,867560
0.02,864214
0.02,861055
0.02,858150
0.02,855895
0.02,853927
0.02,851995
0.02,861551
0.02,850317
0.02,848663
0.02,847040
0.02,844885
0.02,843589
0.02,842398
0.02,841560
0.02,840764
0.02,840057
0.02,839500
0.02,838972
0.02,838510
0.02,838165
0.02,838126
