0.02,5965319
0.02,5703465
0.02,5449617
0.02,5469065
0.02,5154145
0.02,5101137
0.02,5103531
0.02,4866796
0.02,4561663
0.02,4549162
0.02,4462798
0.02,4332670
0.02,4366814
0.02,4271040
0.02,4221279
0.02,4158989
0.02,4157245
0.02,4136187
0.02,4059450
0.02,4070781
0.02,4034686
0.02,4090459
0.02,3945106
0.02,3995144
0.02,3914892
0.02,3784357
0.02,3735927
0.02,3655625
0.02,3525259
0.02,3462856
0.02,3437966
0.02,3446646
0.02,3445631
0.02,3420115
0.02,3399278
0.02,3339096
0.02,3299786
0.02,3319542
0.02,3358815
0.02,3183412
0.02,3039394
0.02,2987400
0.02,2945759
0.02,2934589
0.02,2834656
0.02,2856576
0.02,2827474
0.02,2802652
0.02,2768795
0.02,2675674
0.02,2552063
0.02,2591908
0.02,2538161
0.02,2447510
0.02,2374379
0.02,2323380
0.02,2317055
0.02,2302596
0.02,2308000
0.02,2244783
0.02,2237708
0.02,2265745
0.02,2271296
0.02,2272346
0.02,2175044
0.02,2158203
0.02,2102890
0.02,2104784
0.02,2118872
0.02,2049972
0.02,2048083
0.02,2037779
0.02,2032453
0.02,2068869
0.02,2068581
0.02,2086901
0.02,2052297
0.02,2035279
0.02,2087434
0.02,2100299
0.02,2136868
0.02,2081357
0.02,2049547
0.02,2075307
0.02,1964883
0.02,1910008
0.02,1929206
0.02,1973408
0.02,2035857
0.02,2009818
0.02,1985902
0.02,2040647
0.02,1968753
0.02,1987484
0.02,1961035
0.02,1896046
0.02,1910726
0.02,1889906
0.02,1888186
0.02,1892535
0.02,1858757
0.02,1868654
0.02,1805475
0.02,1769654
0.02,1759719
0.02,1717785
0.02,1754556
0.02,1754582
0.02,1717047
0.02,1707088
0.02,1754070
0.02,1707205
0.02,1696718
0.02,1737353
0.02,1720108
0.02,1669065
0.02,1681796
0.02,1691794
0.02,1678021
0.02,1719627
0.02,1727575
0.02,1727576
0.02,1693917
0.02,1747837
0.02,1695172
0.02,1703231
0.02,1664634
0.02,1655029
0.02,1656716
0.02,1679687
0.02,1689504
0.02,1698403
0.02,1713404
0.02,1697123
0.02,1674195
0.02,1637139
0.02,1615661
0.02,1601522
0.02,1591486
0.02,1592522
0.02,1560539
0.02,1552049
0.02,1568537
0.02,1593669
0.02,1637662
0.02,1629313
0.02,1614104
0.02,1589399
0.02,1520639
0.02,1481390
0.02,1464238
0.02,1454055
0.02,1427523
0.02,1414782
0.02,1420975
0.02,1410968
0.02,1419717
0.02,1423095
0.02,1412408
0.02,1416152
0.02,1387349
0.02,1388604
0.02,1375713
0.02,1371279
0.02,1350383
0.02,1351597
0.02,1369185
0.02,1351137
0.02,1378291
0.02,1393059
0.02,1422858
0.02,1460643
0.02,1446331
0.02,1475779
0.02,1479723
0.02,1456219
0.02,1451648
0.02,1360027
0.02,1392699
0.02,1377175
0.02,1437825
0.02,1448503
0.02,1410823
0.02,1403340
0.02,1393429
0.02,1389424
0.02,1399305
0.02,1402574
0.02,1420703
0.02,1411634
0.02,1445501
0.02,1396910
0.02,1366571
0.02,1359305
0.02,1376801
0.02,1329352
0.02,1337816
0.02,1351214
0.02,1358131
0.02,1367567
0.02,1367112
0.02,1382355
0.02,1355362
0.02,1349599
0.02,1331843
0.02,1399281
0.02,1431029
0.02,1431391
0.02,1436174
0.02,1518760
0.02,1519234
0.02,1531585
0.02,1568910
0.02,1537288
0.02,1536952
0.02,1546521
0.02,1518413
0.02,1509719
0.02,1439101
0.02,1399261
0.02,1345233
0.02,1347930
0.02,1354255
0.02,1291047
0.02,1319726
0.02,1326205
0.03,1351822
0.03,1341656
0.03,1325466
0.03,1359394
0.03,1329435
0.03,1312503
0.03,1305498
0.03,1269921
0.03,1247532
0.03,1260273
0.03,1229838
0.03,1212589
0.03,1208619
0.03,1192758
0.03,1183356
0.03,1184806
0.03,1184838
0.03,1159242
0.03,1143632
0.03,1147693
0.03,1154687
0.03,1139856
0.03,1121561
0.03,1112868
0.03,1087595
0.03,1074668
0.03,1062101
0.03,1083810
0.03,1108017
0.03,1099719
0.03,1112524
0.03,1124651
0.03,1128387
0.03,1130495
0.03,1111411
0.03,1123814
0.03,1114376
0.03,1126105
0.03,1123204
0.03,1146974
0.03,1152958
0.03,1147094
0.03,1135800
0.03,1145680
0.03,1130574
0.03,1105730
0.03,1088201
0.03,1095031
0.03,1063224
0.03,1049317
0.03,1090640
0.03,1100946
0.03,1126561
0.03,1149143
0.03,1107781
0.03,1108617
0.03,1103109
0.03,1102698
0.03,1086926
0.03,1074801
0.03,1079435
0.03,1098111
0.03,1086135
0.03,1085081
0.03,1067638
0.03,1083488
0.03,1075391
0.03,1067931
0.03,1079773
0.03,1072400
0.03,1095464
0.03,1099993
0.03,1138710
0.03,1114488
0.03,1112537
0.03,1221433
0.03,1244964
0.03,1198061
0.03,1190344
0.03,1183315
0.03,1181937
0.03,1198147
0.03,1162630
0.03,1136709
0.03,1121666
0.03,1142123
0.03,1122566
0.03,1097870
0.03,1072883
0.03,1090645
0.03,1130028
0.03,1140200
0.03,1099955
0.03,1106146
0.03,1102540
0.03,1088336
0.03,1039830
0.03,1047947
0.03,1029060
0.03,1037179
0.03,1018729
0.03,1024250
0.03,1017793
0.03,1010112
0.03,1001295
0.03,995036
0.03,1008538
0.03,1034898
0.03,1045676
0.03,1028255
0.03,1041853
0.03,1047192
0.03,1068350
0.03,1048166
0.03,1047720
0.03,1054787
0.03,1067779
0.03,1072011
0.03,1083407
0.03,1134030
0.03,1104331
0.03,1081444
0.03,1085927
0.03,1081600
0.03,1087584
0.03,1079880
0.03,1067378
0.03,1064083
0.03,1031325
0.03,1006579
0.03,1009353
0.03,983943
0.03,976235
0.03,970126
0.03,1024088
0.03,996824
0.03,989125
0.03,997225
0.03,964408
0.03,996203
0.03,1010855
0.03,972452
0.03,983882
0.03,951145
0.03,946217
0.03,941619
0.03,950872
0.03,982667
0.03,997319
0.03,958916
0.03,970346
0.03,937609
0.03,958532
0.03,968717
0.03,979119
0.03,960428
0.03,934246
0.03,930900
0.03,927870
0.03,925104
0.03,922001
0.03,919297
0.03,916725
0.03,914757
0.03,913461
0.03,912214
0.03,911023
0.03,910157
0.03,909600
0.03,909138
0.03,908793
0.03,912144
0.03,903742
0.03,896543
0.03,891861
0.03,891605
0.03,891490
0.03,890565
0.03,890519
0.03,890480
