0.00,5344223
0.00,5114921
0.00,4922861
0.00,4866613
0.00,4709646
0.00,4562775
0.00,4415331
0.00,4270456
0.00,4295272
0.00,4216563
0.00,4224262
0.00,4220430
0.00,4174101
0.00,4150542
0.00,4148544
0.00,4113344
0.00,4089547
0.00,4097355
0.00,3997458
0.00,3919173
0.00,3808003
0.00,3805679
0.00,3810708
0.00,3869593
0.00,3850686
0.00,3792855
0.00,3773645
0.00,3708473
0.00,3688983
0.00,3670341
0.00,3698455
0.00,3569780
0.00,3462643
0.00,3487284
0.00,3364886
0.00,3277028
0.00,3263808
0.00,3294931
0.00,3346524
0.00,3337716
0.00,3287578
0.00,3162185
0.00,3114564
0.00,3029675
0.00,3007035
0.00,2904334
0.00,2865640
0.00,2784079
0.00,2839975
0.00,2862352
0.00,2752323
0.00,2798623
0.00,2773665
0.00,2721719
0.01,2723027
0.01,2688677
0.01,2694751
0.01,2658356
0.01,2581967
0.01,2608931
0.01,2608040
0.01,2667427
0.01,2649363
0.01,2669081
0.01,2601616
0.01,2581772
0.01,2568777
0.01,2544472
0.01,2574983
0.01,2507280
0.01,2460013
0.01,2465792
0.01,2493644
0.01,2448792
0.01,2484338
0.01,2482483
0.01,2475925
0.01,2396569
0.01,2346617
0.01,2360113
0.01,2402885
0.01,2414676
0.01,2466189
0.01,2494299
0.01,2509990
0.01,2470139
0.01,2430615
0.01,2466205
0.01,2382571
0.01,2345113
0.01,2336922
0.01,2322486
0.01,2302517
0.01,2275464
0.01,2255025
0.01,2301241
0.01,2293379
0.01,2284960
0.01,2220389
0.01,2131235
0.01,2133601
0.01,2114065
0.01,2111408
0.01,2143794
0.01,2172502
0.01,2117877
0.01,2123189
0.01,2068704
0.01,2065208
0.01,2001753
0.01,2048325
0.01,2046381
0.01,2059104
0.01,2161704
0.01,2104412
0.01,2011501
0.01,2002288
0.01,1995145
0.01,1949739
0.01,1931282
0.01,1897230
0.01,1937650
0.01,1849834
0.01,1827146
0.01,1815695
0.01,1782112
0.01,1730851
0.01,1744098
0.01,1777074
0.01,1759556
0.01,1746187
0.01,1753622
0.01,1744525
0.01,1683274
0.01,1692267
0.01,1711362
0.01,1704507
0.01,1720940
0.01,1705607
0.01,1699121
0.01,1715001
0.01,1696051
0.01,1698994
0.01,1634325
0.01,1614434
0.01,1599057
0.01,1616142
0.01,1620778
0.01,1653170
0.01,1679888
0.01,1729704
0.01,1684649
0.01,1693880
0.01,1726862
0.01,1709165
0.01,1712823
0.01,1703828
0.01,1630856
0.01,1636849
0.01,1666677
0.01,1718626
0.01,1736832
0.01,1731823
0.01,1694530
0.01,1714340
0.01,1744976
0.01,1737953
0.01,1748990
0.01,1772767
0.01,1773851
0.01,1791365
0.01,1784033
0.01,1774561
0.01,1758613
0.01,1791213
0.01,1724649
0.01,1714285
0.01,1740810
0.01,1778315
0.01,1720738
0.01,1698207
0.01,1682480
0.01,1682263
0.01,1678348
0.01,1579221
0.01,1571721
0.01,1541281
0.01,1508464
0.01,1523711
0.01,1539074
0.01,1505423
0.01,1491379
0.01,1464634
0.01,1440229
0.01,1448601
0.01,1497014
0.01,1508451
0.01,1522563
0.01,1551533
0.01,1583657
0.01,1557146
0.01,1553186
0.01,1530402
0.01,1516156
0.01,1509415
0.01,1498746
0.01,1504574
0.01,1534354
0.01,1571022
0.01,1581199
0.01,1575683
0.01,1570072
0.01,1557682
0.01,1568622
0.01,1550790
0.01,1540631
0.01,1530034
0.01,1562346
0.01,1559376
0.01,1500239
0.01,1493449
0.01,1443408
0.01,1412055
0.01,1407145
0.01,1380721
0.01,1393744
0.01,1399712
0.01,1389820
0.01,1377924
0.01,1388462
0.01,1351068
0.01,1321303
0.01,1300697
0.01,1315086
0.01,1313668
0.01,1346441
0.01,1364827
0.01,1370770
0.01,1368451
0.01,1323966
0.01,1327246
0.01,1359369
0.01,1430295
0.01,1421930
0.01,1399118
0.01,1441051
0.01,1416696
0.01,1386342
0.01,1388215
0.01,1382121
0.01,1394523
0.01,1436473
0.01,1420049
0.01,1432664
0.01,1418606
0.01,1390632
0.01,1362879
0.01,1378034
0.01,1341052
0.01,1333479
0.01,1327713
0.01,1341467
0.01,1339266
0.01,1369171
0.01,1328799
0.01,1330682
0.01,1292172
0.01,1267228
0.01,1252138
0.01,1254363
0.01,1245418
0.01,1260971
0.01,1249123
0.01,1222707
0.01,1209423
0.01,1194404
0.01,1207336
0.01,1212235
0.01,1236721
0.01,1264134
0.01,1248922
0.02,1228922
0.02,1207248
0.02,1247272
0.02,1240356
0.02,1235822
0.02,1247846
0.02,1269342
0.02,1270685
0.02,1265097
0.02,1262616
0.02,1247137
0.02,1260923
0.02,1260068
0.02,1243749
0.02,1259641
0.02,1192436
0.02,1185565
0.02,1171081
0.02,1176462
0.02,1176904
0.02,1156848
0.02,1134529
0.02,1158172
0.02,1132016
0.02,1127656
0.02,1115067
0.02,1102562
0.02,1120239
0.02,1096602
0.02,1083420
0.02,1071767
0.02,1095548
0.02,1079376
0.02,1060426
0.02,1062987
0.02,1081012
0.02,1072566
0.02,1050652
0.02,1047560
0.02,1045244
0.02,1029436
0.02,1020540
0.02,1011670
0.02,1002434
0.02,994666
0.02,986975
0.02,978417
0.02,962863
0.02,955265
0.02,948146
0.02,941041
0.02,934386
0.02,955670
0.02,955655
0.02,946308
0.02,938144
0.02,936876
0.02,927262
0.02,920612
0.02,916413
0.02,911804
0.02,907709
0.02,904202
0.02,900856
0.02,897739
0.02,896113
0.02,893195
0.02,923734
0.02,906540
0.02,913617
0.02,935371
0.02,919292
0.02,922227
0.02,933262
0.02,955444
0.02,958002
0.02,952868
0.02,966915
0.02,978021
0.02,969935
0.02,967521
0.02,946614
0.02,954864
0.02,972527
0.02,983638
0.02,960835
0.02,964905
0.02,987511
0.02,1004933
0.02,1010334
0.02,1021816
0.02,1053872
0.02,1072727
0.02,1092066
0.02,1063240
0.02,1100268
0.02,1145636
0.02,1104961
0.02,1101435
0.02,1083253
0.02,1098395
0.02,1089000
0.02,1047623
0.02,1039079
0.02,1034845
0.02,1022868
0.02,1013951
0.02,1012943
0.02,986614
0.02,933424
0.02,901619
0.02,939509
0.02,923019
0.02,922182
0.02,890398
0.02,887692
0.02,885288
0.02,882954
0.02,880799
0.02,878726
0.02,877072
0.02,875461
0.02,874110
0.02,872814
0.02,871792
0.02,870996
0.02,870881
0.02,869956
0.02,869909
0.02,869870
