0.00,5211421
0.00,5138378
0.00,5070248
0.00,4840994
0.00,4841312
0.00,4593603
0.00,4583003
0.00,4458299
0.00,4538933
0.00,4370741
0.00,4305247
0.00,4297715
0.00,4264818
0.00,4281025
0.00,4132602
0.00,3967163
0.00,3883767
0.00,3749788
0.00,3671957
0.00,3491374
0.00,3443465
0.00,3436502
0.00,3295053
0.00,3113711
0.00,3015025
0.00,3050624
0.00,3045874
0.00,3090700
0.00,2972434
0.00,2992743
0.00,2979651
0.00,2895221
0.00,2851181
0.00,2779727
0.00,2785874
0.00,2730525
0.00,2805869
0.00,2800039
0.00,2815104
0.00,2845190
0.00,2830477
0.00,2780766
0.00,2709329
0.00,2626695
0.00,2569264
0.00,2499809
0.00,2541933
0.00,2518055
0.00,2535486
0.00,2544742
0.00,2467290
0.00,2413492
0.00,2419490
0.00,2428516
0.00,2429166
0.00,2412100
0.00,2377320
0.00,2369961
0.01,2382870
0.01,2449243
0.01,2454712
0.01,2426045
0.01,2444960
0.01,2433352
0.01,2505234
0.01,2464766
0.01,2436840
0.01,2462260
0.01,2381314
0.01,2337322
0.01,2330172
0.01,2359264
0.01,2405938
0.01,2391219
0.01,2330199
0.01,2279750
0.01,2275072
0.01,2273545
0.01,2236366
0.01,2220297
0.01,2201121
0.01,2149686
0.01,2147428
0.01,2134855
0.01,2196090
0.01,2227242
0.01,2230864
0.01,2276084
0.01,2236112
0.01,2253829
0.01,2258418
0.01,2234575
0.01,2178852
0.01,2150868
0.01,2139308
0.01,2147282
0.01,2173214
0.01,2165506
0.01,2207713
0.01,2244251
0.01,2209672
0.01,2141745
0.01,2190915
0.01,2186427
0.01,2085283
0.01,2093481
0.01,2175235
0.01,2173694
0.01,2170404
0.01,2130862
0.01,2112270
0.01,2152920
0.01,2104564
0.01,2098372
0.01,2089928
0.01,2093269
0.01,2056638
0.01,2105197
0.01,2085219
0.01,2012387
0.01,2060816
0.01,2070787
0.01,2016824
0.01,1956583
0.01,1972112
0.01,2041257
0.01,2053902
0.01,1983744
0.01,1931213
0.01,1883435
0.01,1807222
0.01,1771672
0.01,1728955
0.01,1726484
0.01,1736647
0.01,1776848
0.01,1773127
0.01,1739732
0.01,1753584
0.01,1807628
0.01,1766464
0.01,1749274
0.01,1686396
0.01,1671023
0.01,1644237
0.01,1614153
0.01,1638383
0.01,1649405
0.01,1633234
0.01,1637612
0.01,1654056
0.01,1667859
0.01,1699013
0.01,1711821
0.01,1727227
0.01,1701533
0.01,1653719
0.01,1581647
0.01,1581227
0.01,1549617
0.01,1538522
0.01,1535605
0.01,1548965
0.01,1608143
0.01,1642605
0.01,1641657
0.01,1610941
0.01,1580556
0.01,1564440
0.01,1552238
0.01,1508219
0.01,1472889
0.01,1463295
0.01,1458455
0.01,1536465
0.01,1518347
0.01,1536514
0.01,1592532
0.01,1577897
0.01,1573727
0.01,1575490
0.01,1570349
0.01,1571385
0.01,1503758
0.01,1507306
0.01,1459102
0.01,1464381
0.01,1486891
0.01,1499280
0.01,1531727
0.01,1523857
0.01,1501008
0.01,1527238
0.01,1534749
0.01,1501948
0.01,1491564
0.01,1476360
0.01,1428742
0.01,1416333
0.01,1424542
0.01,1416603
0.01,1389914
0.01,1398064
0.01,1367977
0.01,1365592
0.01,1343365
0.01,1377463
0.01,1342404
0.01,1348692
0.01,1322726
0.01,1302105
0.01,1334755
0.01,1400141
0.01,1396009
0.01,1360830
0.01,1348942
0.01,1323924
0.01,1307375
0.01,1319468
0.01,1326505
0.01,1344206
0.01,1353684
0.01,1346761
0.01,1322144
0.01,1318060
0.01,1350302
0.01,1322391
0.01,1345002
0.01,1365695
0.01,1314467
0.01,1287141
0.01,1318957
0.01,1324817
0.01,1333963
0.01,1360759
0.01,1367727
0.01,1368981
0.01,1421667
0.01,1354177
0.01,1382122
0.01,1374661
0.01,1374760
0.01,1392630
0.01,1344429
0.01,1420746
0.01,1412871
0.01,1350599
0.01,1340088
0.01,1346991
0.01,1339013
0.01,1308977
0.01,1313867
0.01,1341258
0.01,1376319
0.01,1318147
0.01,1291626
0.01,1294431
0.01,1286807
0.01,1289574
0.01,1283956
0.01,1274163
0.01,1241973
0.01,1232257
0.01,1211397
0.01,1191343
0.01,1172450
0.01,1154822
0.01,1162900
0.01,1137911
0.01,1138945
0.01,1146681
0.01,1174501
0.01,1203966
0.01,1190091
0.01,1174623
0.01,1196638
0.01,1210476
0.01,1184440
0.01,1123635
0.01,1139817
0.01,1158977
0.01,1163967
0.01,1118433
0.01,1103998
0.01,1089780
0.01,1084452
0.01,1088632
0.02,1079842
0.02,1068397
0.02,1063412
0.02,1048782
0.02,1038677
0.02,1028940
0.02,1035234
0.02,1019219
0.02,1009473
0.02,1001787
0.02,993439
0.02,1010991
0.02,1012691
0.02,1036716
0.02,1011680
0.02,985438
0.02,977105
0.02,969465
0.02,962257
0.02,956754
0.02,966334
0.02,947809
0.02,963098
0.02,965820
0.02,1000368
0.02,984401
0.02,980195
0.02,963717
0.02,963221
0.02,968230
0.02,955370
0.02,956037
0.02,942966
0.02,931800
0.02,924587
0.02,922814
0.02,921248
0.02,920534
0.02,922328
0.02,917695
0.02,912519
0.02,913047
0.02,905955
0.02,902609
0.02,899506
0.02,914562
0.02,918897
0.02,937083
0.02,923693
0.02,901659
0.02,896369
0.02,893266
0.02,890348
0.02,888345
0.02,886372
0.02,884515
0.02,882817
0.02,881246
0.02,879999
0.02,878897
0.02,894359
0.02,904368
0.02,911723
0.02,946445
0.02,957729
0.02,978630
0.02,988151
0.02,1001769
0.02,1005088
0.02,975649
0.02,978793
0.02,979431
0.02,945406
0.02,933438
0.02,928213
0.02,954490
0.02,945976
0.02,953926
0.02,943400
0.02,967051
0.02,988912
0.02,985954
0.02,1017939
0.02,1028811
0.02,1001416
0.02,1004226
0.02,975992
0.02,1035755
0.02,1045098
0.02,1033196
0.02,1027301
0.02,984326
0.02,949657
0.02,942449
0.02,945991
0.02,957655
0.02,948666
0.02,980301
0.02,955950
0.02,951794
0.02,936165
0.02,921204
0.02,921172
0.02,929358
0.02,904775
0.02,895335
0.02,884698
0.02,878086
0.02,893540
0.02,903176
0.02,926723
0.02,941881
0.02,962335
0.02,965422
0.02,975909
0.02,983596
0.02,971294
0.02,978192
0.02,977907
0.02,942551
0.02,933129
0.02,924710
0.02,926152
0.02,938217
0.02,966788
0.02,968808
0.02,991108
0.02,979315
0.02,975410
0.02,1012779
0.02,1025792
0.02,1003313
0.02,1001939
0.02,969960
0.02,1018846
0.02,1011475
0.02,1018534
0.02,1041841
0.02,1036652
0.02,1012732
0.02,959254
0.02,943174
0.02,954135
0.02,958756
0.02,994266
0.02,972218
0.02,961880
0.02,946869
0.02,936209
0.02,941619
0.02,930674
0.02,921031
0.02,925073
0.02,897168
0.02,892358
0.02,876887
0.02,876144
0.02,875207
0.02,874974
0.02,874051
