0.00, 5941561
0.00, 5937219
0.00, 5876387
0.00, 5769187
0.00, 5763576
0.00, 5753458
0.00, 5668000
0.00, 5659982
0.00, 5548611
0.00, 5383766
0.00, 5363866
0.00, 5358617
0.00, 5300460
0.00, 5299582
0.00, 5284612
0.00, 5234813
0.00, 5231685
0.00, 5115589
0.00, 5079065
0.00, 5065458
0.00, 4978999
0.00, 4949369
0.00, 4949178
0.00, 4919013
0.00, 4873575
0.00, 4853992
0.00, 4844957
0.00, 4827118
0.00, 4670719
0.00, 4654512
0.00, 4647367
0.00, 4558033
0.00, 4530563
0.00, 4522517
0.00, 4507563
0.00, 4434415
0.00, 4397565
0.00, 4394381
0.00, 4352973
0.00, 4335759
0.00, 4328421
0.00, 4298417
0.00, 4290219
0.00, 4267919
0.00, 4264603
0.00, 4215234
0.00, 4203925
0.00, 4184173
0.00, 4151612
0.00, 4131814
0.00, 4130942
0.00, 4129904
0.00, 4095489
0.00, 4080302
0.01, 4077813
0.01, 4062616
0.01, 4028467
0.01, 4025142
0.01, 4006982
0.01, 4000941
0.01, 3937841
0.01, 3935972
0.01, 3931960
0.01, 3923741
0.01, 3917274
0.01, 3888413
0.01, 3880725
0.01, 3869472
0.01, 3855545
0.01, 3843623
0.01, 3809112
0.01, 3785104
0.01, 3781467
0.01, 3767469
0.01, 3762617
0.01, 3727877
0.01, 3702039
0.01, 3695152
0.01, 3666248
0.01, 3609277
0.01, 3608786
0.01, 3502683
0.01, 3477410
0.01, 3425034
0.01, 3400388
0.01, 3391045
0.01, 3380284
0.01, 3334067
0.01, 3323791
0.01, 3322854
0.01, 3293376
0.01, 3235503
0.01, 3232715
0.01, 3163491
0.01, 3150818
0.01, 3141977
0.01, 3128386
0.01, 3107277
0.01, 3072620
0.01, 3072379
0.01, 3069650
0.01, 3051440
0.01, 3032868
0.01, 3020681
0.01, 3012209
0.01, 3004487
0.01, 2996235
0.01, 2987972
0.01, 2954369
0.01, 2945128
0.01, 2945119
0.01, 2945001
0.01, 2940126
0.01, 2938134
0.01, 2886317
0.01, 2880762
0.01, 2878863
0.01, 2874676
0.01, 2868017
0.01, 2867539
0.01, 2860762
0.01, 2859783
0.01, 2853110
0.01, 2848022
0.01, 2829468
0.01, 2812927
0.01, 2790258
0.01, 2776203
0.01, 2774800
0.01, 2772267
0.01, 2765872
0.01, 2762445
0.01, 2759565
0.01, 2759370
0.01, 2735985
0.01, 2734821
0.01, 2726944
0.01, 2723957
0.01, 2723415
0.01, 2719507
0.01, 2714342
0.01, 2709900
0.01, 2704325
0.01, 2688044
0.01, 2651838
0.01, 2588538
0.01, 2572727
0.01, 2548035
0.01, 2546570
0.01, 2540695
0.01, 2519198
0.01, 2513949
0.01, 2507670
0.01, 2500656
0.01, 2494385
0.01, 2489342
0.01, 2487921
0.01, 2467028
0.02, 2436496
0.02, 2406214
0.02, 2405786
0.02, 2372453
0.02, 2369851
0.02, 2369841
0.02, 2363080
0.02, 2358785
0.02, 2343119
0.03, 2313366
0.03, 2290976
0.03, 2281961
0.03, 2270913
0.03, 2249689
0.03, 2237787
0.03, 2222867
0.03, 2220477
0.03, 2190929
0.03, 2184236
0.03, 2173626
0.03, 2169406
0.06, 2161946
0.06, 2147766
0.06, 2123621
0.06, 2119683
0.06, 2112125
0.06, 2093402
0.06, 2092694
0.06, 2091669
0.06, 2089583
0.08, 2085263
0.08, 2078016
0.08, 2077170
0.08, 2057266
0.08, 2050390
0.09, 2039465
0.09, 2028659
0.09, 2019929
0.09, 2008203
0.09, 1980996
0.10, 1950466
0.10, 1949705
0.10, 1936896
0.11, 1891925
0.11, 1875191
0.11, 1860846
0.11, 1854793
0.11, 1840692
0.11, 1821074
0.11, 1820778
0.11, 1805380
0.11, 1796533
0.11, 1794728
0.14, 1779470
0.14, 1770574
0.16, 1754572
0.16, 1751268
0.16, 1741210
0.16, 1739794
0.16, 1729619
0.16, 1727864
0.16, 1724976
0.16, 1711247
0.16, 1710979
0.16, 1707590
0.16, 1699983
0.16, 1677653
0.16, 1675105
0.18, 1674404
0.18, 1670495
0.18, 1664371
0.18, 1647406
0.18, 1647349
0.18, 1637739
0.18, 1637631
0.18, 1614657
0.18, 1582360
0.20, 1578088
0.22, 1572780
0.23, 1568032
0.23, 1561283
0.23, 1560441
0.23, 1557810
0.23, 1551356
0.23, 1528709
0.23, 1528107
0.23, 1526184
0.23, 1515213
0.23, 1510993
0.23, 1502910
0.23, 1491029
0.24, 1487080
0.24, 1461831
0.24, 1455733
0.24, 1449167
0.24, 1418398
0.24, 1412195
0.24, 1411424
0.24, 1401021
0.24, 1398414
0.24, 1378397
0.24, 1358767
0.24, 1353143
0.24, 1352291
0.24, 1332002
0.24, 1321084
0.24, 1303334
0.24, 1280352
0.24, 1263220
0.24, 1261904
0.24, 1259227
0.25, 1258360
0.25, 1253664
0.25, 1247455
0.25, 1246710
0.25, 1246670
0.29, 1246352
0.29, 1237914
0.29, 1233751
0.30, 1223218
0.30, 1205414
0.30, 1197833
0.30, 1197616
0.30, 1191582
0.30, 1180020
0.30, 1178179
0.30, 1171279
0.30, 1167051
0.30, 1162068
0.33, 1160549
0.33, 1159026
0.33, 1158261
0.34, 1156542
0.34, 1119242
0.34, 1115302
0.34, 1115300
0.34, 1105053
0.34, 1104956
0.34, 1092678
0.34, 1091395
0.34, 1081555
0.34, 1077072
0.38, 1075329
0.38, 1074625
0.39, 1068711
0.39, 1065017
0.39, 1060930
0.39, 1059797
0.39, 1059575
0.39, 1058342
0.39, 1055609
0.39, 1050351
0.39, 1048782
0.39, 1034791
0.42, 1033707
0.42, 1033342
0.42, 1032063
0.42, 1029086
0.42, 1023208
0.43, 1016086
0.43, 1016055
0.43, 1014752
0.46, 1014157
0.46, 1003124
0.46, 1002129
0.46, 999823
0.46, 999797
0.47, 997136
0.47, 992213
0.47, 990247
0.47, 989141
0.47, 988058
0.47, 984608
0.47, 984214
0.48, 982496
0.48, 979663
0.48, 973011
0.48, 967746
0.48, 967693
0.48, 958732
0.48, 956893
0.48, 956564
0.48, 955717
0.48, 955486
0.48, 952418
0.48, 949455
0.48, 947684
0.48, 946424
0.48, 945675
0.48, 942929
0.48, 941683
0.48, 934896
0.48, 930689
0.48, 928548
0.48, 912272
0.48, 910159
0.48, 910005
0.48, 909446
0.48, 907220
0.48, 904176
0.50, 897794
0.50, 896041
0.52, 893107
0.52, 890204
0.52, 889311
0.52, 887093
0.52, 878933
0.52, 878076
0.52, 865744
0.52, 860852
0.52, 858927
0.55, 853486
0.55, 846666
0.55, 840254
0.55, 840139
0.55, 840059
0.55, 839514
0.55, 838589
0.59, 836943
0.59, 836257
0.60, 829607
0.60, 829390
0.60, 824708
0.60, 822997
0.60, 821669
0.65, 816821
0.70, 816756
0.70, 815881
0.74, 815499
0.74, 814523
0.74, 813237
0.83, 813059
0.83, 812610
0.83, 811282
0.90, 810582
0.96, 810503
