0.00,5681276
0.00,5546296
0.00,5440250
0.00,5232687
0.00,4885086
0.00,4749416
0.00,4566396
0.00,4295982
0.00,4316680
0.00,4140897
0.00,4020567
0.00,4037406
0.00,3881770
0.00,3841684
0.00,3815930
0.00,3832715
0.00,3836388
0.00,3824190
0.00,3727904
0.00,3700785
0.00,3733795
0.00,3676339
0.00,3512564
0.00,3460525
0.00,3461849
0.00,3442182
0.00,3371006
0.00,3267523
0.00,3319367
0.00,3307582
0.00,3239571
0.00,3138713
0.00,3061740
0.00,3013477
0.00,2963604
0.00,2989222
0.00,3047621
0.00,2979850
0.00,2988237
0.00,2866184
0.00,2878499
0.00,2880917
0.00,2911119
0.00,2929010
0.00,2999575
0.00,2980484
0.00,2905900
0.00,2952267
0.00,2942402
0.00,2909892
0.00,2933009
0.00,2876980
0.00,2867538
0.00,2821332
0.00,2756416
0.00,2778003
0.00,2648486
0.00,2577377
0.00,2602359
0.00,2609379
0.00,2641153
0.01,2602161
0.01,2565976
0.01,2527053
0.01,2522954
0.01,2523901
0.01,2499873
0.01,2516519
0.01,2466982
0.01,2504987
0.01,2534694
0.01,2510193
0.01,2363870
0.01,2311364
0.01,2302277
0.01,2307854
0.01,2323076
0.01,2209174
0.01,2198167
0.01,2229897
0.01,2227782
0.01,2234193
0.01,2241424
0.01,2257805
0.01,2269484
0.01,2268712
0.01,2277531
0.01,2345758
0.01,2345497
0.01,2278521
0.01,2249224
0.01,2263662
0.01,2240936
0.01,2239596
0.01,2287163
0.01,2287963
0.01,2279048
0.01,2246662
0.01,2293809
0.01,2365638
0.01,2323914
0.01,2269359
0.01,2220446
0.01,2140398
0.01,2062464
0.01,2014523
0.01,2005313
0.01,1979263
0.01,1944054
0.01,1891791
0.01,1856248
0.01,1812350
0.01,1776317
0.01,1766101
0.01,1797762
0.01,1822308
0.01,1815510
0.01,1818138
0.01,1801368
0.01,1781790
0.01,1770656
0.01,1777637
0.01,1772491
0.01,1796906
0.01,1798958
0.01,1787694
0.01,1779337
0.01,1798184
0.01,1789156
0.01,1782191
0.01,1759305
0.01,1787108
0.01,1836054
0.01,1849350
0.01,1814872
0.01,1735846
0.01,1735320
0.01,1715484
0.01,1699417
0.01,1665800
0.01,1683431
0.01,1711008
0.01,1744145
0.01,1826378
0.01,1823385
0.01,1803815
0.01,1778596
0.01,1781309
0.01,1797508
0.01,1801864
0.01,1719342
0.01,1672065
0.01,1657174
0.01,1667972
0.01,1709361
0.01,1687538
0.01,1720409
0.01,1669520
0.01,1719377
0.01,1695971
0.01,1696306
0.01,1710902
0.01,1793410
0.01,1719742
0.01,1616398
0.01,1594323
0.01,1603921
0.01,1595291
0.01,1574414
0.01,1577120
0.01,1562595
0.01,1626665
0.01,1609280
0.01,1646235
0.01,1601202
0.01,1611884
0.01,1586636
0.01,1534373
0.01,1486312
0.01,1458823
0.01,1470583
0.01,1431974
0.01,1417358
0.01,1409924
0.01,1419323
0.01,1428635
0.01,1424455
0.01,1444670
0.01,1443318
0.01,1380974
0.01,1406355
0.01,1369049
0.01,1384741
0.01,1381572
0.01,1423309
0.01,1422121
0.01,1381034
0.01,1448394
0.01,1409973
0.01,1397202
0.01,1401482
0.01,1376287
0.01,1403976
0.01,1344266
0.01,1373021
0.01,1363953
0.01,1313736
0.01,1324628
0.01,1301916
0.01,1310309
0.01,1315935
0.01,1366203
0.01,1392471
0.01,1444579
0.01,1512991
0.01,1541717
0.01,1497333
0.01,1525915
0.01,1528690
0.01,1487274
0.01,1481938
0.01,1466050
0.01,1462274
0.01,1455371
0.01,1406248
0.01,1368468
0.01,1355603
0.01,1356711
0.01,1346263
0.01,1348579
0.01,1353968
0.01,1348539
0.01,1398277
0.01,1404709
0.01,1383892
0.01,1375341
0.01,1405638
0.01,1458067
0.01,1464456
0.01,1474433
0.01,1522352
0.01,1468074
0.01,1407720
0.01,1381703
0.01,1373399
0.01,1338612
0.01,1331210
0.01,1323821
0.01,1348184
0.01,1336142
0.01,1315500
0.01,1349313
0.01,1319634
0.01,1373768
0.01,1415165
0.01,1411107
0.01,1406483
0.01,1354352
0.01,1337068
0.01,1364140
0.01,1359191
0.01,1370286
0.01,1345543
0.01,1308806
0.01,1313364
0.01,1291394
0.01,1264711
0.01,1278249
0.01,1276016
0.01,1259354
0.01,1240132
0.01,1216793
0.01,1235765
0.01,1263009
0.01,1260700
0.01,1249381
0.01,1259128
0.01,1249443
0.01,1240069
0.01,1196491
0.01,1198078
0.01,1193415
0.01,1197082
0.01,1154478
0.01,1153340
0.01,1142878
0.01,1155515
0.01,1122377
0.01,1129250
0.01,1139542
0.01,1087955
0.01,1085994
0.01,1069995
0.01,1054778
0.01,1040038
0.01,1036374
0.01,1025698
0.01,1015418
0.01,1035176
0.01,1042446
0.01,1066201
0.01,1070217
0.01,1037507
0.01,1021342
0.01,1001680
0.01,1010525
0.01,1051736
0.01,1085536
0.01,1122020
0.01,1162838
0.01,1216935
0.01,1212403
0.01,1227841
0.01,1198575
0.01,1151030
0.01,1150754
0.02,1137682
0.02,1134746
0.02,1081351
0.02,1053420
0.02,1086989
0.02,1082611
0.02,1079489
0.02,1087531
0.02,1050631
0.02,1066085
0.02,1047004
0.02,1042496
0.02,1012199
0.02,1004151
0.02,987602
0.02,984092
0.02,989675
0.02,1008903
0.02,1032774
0.02,1022107
0.02,1038865
0.02,1020435
0.02,1011835
0.02,1036986
0.02,1010186
0.02,1008025
0.02,1015393
0.02,1030461
0.02,1014252
0.02,1019394
0.02,992808
0.02,998929
0.02,968496
0.02,981356
0.02,988886
0.02,1000011
0.02,1001686
0.02,994522
0.02,976323
0.02,967350
0.02,981954
0.02,987603
0.02,974892
0.02,948981
0.02,963354
0.02,956936
0.02,930690
0.02,917108
0.02,901696
0.02,892014
0.02,883073
0.02,883213
0.02,875754
0.02,868852
0.02,873334
0.02,862612
0.02,862665
0.02,857474
0.02,852792
0.02,848111
0.02,843015
0.02,839746
0.02,836478
0.02,834389
0.02,833007
0.02,831679
0.02,830363
0.02,829077
0.02,827830
0.02,826955
0.02,826117
0.02,825338
0.02,824731
0.02,825733
0.02,825544
0.02,818710
0.02,816637
