0.00,5722391
0.00,5510792
0.00,5410983
0.00,5278181
0.00,5200102
0.00,5163830
0.00,5086801
0.00,4804772
0.00,4678308
0.00,4566064
0.00,4506308
0.00,4331398
0.00,4242623
0.00,4056768
0.00,4047916
0.00,3990244
0.00,3976675
0.00,3995653
0.00,3992362
0.00,3915364
0.00,3685788
0.00,3523554
0.00,3514148
0.00,3447879
0.00,3436799
0.00,3510032
0.00,3461523
0.00,3517528
0.00,3277488
0.00,3308131
0.00,3256138
0.00,3206152
0.00,3261273
0.00,3226152
0.00,3245668
0.00,3228536
0.00,3262092
0.00,3257858
0.00,3253504
0.00,3044349
0.00,3058412
0.00,3099929
0.00,3120685
0.00,3047473
0.00,3054421
0.00,3011524
0.00,3025838
0.00,2982879
0.00,2919126
0.00,2903162
0.00,2892975
0.00,2811386
0.00,2746449
0.00,2760605
0.00,2720868
0.00,2750000
0.00,2699981
0.01,2654707
0.01,2682806
0.01,2601164
0.01,2597945
0.01,2584659
0.01,2662765
0.01,2650285
0.01,2662580
0.01,2595910
0.01,2603817
0.01,2669051
0.01,2701888
0.01,2624631
0.01,2586496
0.01,2581912
0.01,2533665
0.01,2508649
0.01,2465486
0.01,2452109
0.01,2430761
0.01,2417891
0.01,2429518
0.01,2364336
0.01,2324773
0.01,2325265
0.01,2296014
0.01,2295555
0.01,2309554
0.01,2372226
0.01,2337761
0.01,2276567
0.01,2260471
0.01,2279693
0.01,2265380
0.01,2205582
0.01,2176352
0.01,2123701
0.01,2121554
0.01,2121377
0.01,2101816
0.01,2105794
0.01,2053623
0.01,2025860
0.01,2039068
0.01,2043563
0.01,2023459
0.01,2036544
0.01,2028528
0.01,2074279
0.01,2030413
0.01,2045960
0.01,2050612
0.01,2013396
0.01,2009680
0.01,1982395
0.01,1959606
0.01,1958873
0.01,1909992
0.01,1889907
0.01,1884584
0.01,1858736
0.01,1808063
0.01,1824554
0.01,1791129
0.01,1749625
0.01,1741543
0.01,1762935
0.01,1803884
0.01,1808291
0.01,1738408
0.01,1701611
0.01,1703907
0.01,1690484
0.01,1703736
0.01,1725088
0.01,1707255
0.01,1740103
0.01,1758348
0.01,1799567
0.01,1859403
0.01,1801127
0.01,1808926
0.01,1807562
0.01,1792504
0.01,1774477
0.01,1781364
0.01,1763353
0.01,1759192
0.01,1737275
0.01,1737133
0.01,1728127
0.01,1708394
0.01,1667035
0.01,1686335
0.01,1703640
0.01,1708330
0.01,1683145
0.01,1736064
0.01,1721201
0.01,1751848
0.01,1789031
0.01,1825427
0.01,1804116
0.01,1854046
0.01,1861277
0.01,1777421
0.01,1759473
0.01,1748398
0.01,1690075
0.01,1702898
0.01,1699117
0.01,1683337
0.01,1616417
0.01,1605457
0.01,1617528
0.01,1586915
0.01,1594705
0.01,1581861
0.01,1566737
0.01,1529100
0.01,1534912
0.01,1495892
0.01,1462690
0.01,1485301
0.01,1415573
0.01,1415276
0.01,1432195
0.01,1470619
0.01,1469095
0.01,1497730
0.01,1452214
0.01,1467651
0.01,1506941
0.01,1494724
0.01,1501565
0.01,1451215
0.01,1409418
0.01,1460883
0.01,1465218
0.01,1435734
0.01,1428854
0.01,1461479
0.01,1411933
0.01,1377300
0.01,1398974
0.01,1397201
0.01,1452155
0.01,1425359
0.01,1402695
0.01,1399241
0.01,1381971
0.01,1372560
0.01,1374645
0.01,1352993
0.01,1347475
0.01,1321227
0.01,1330653
0.01,1324604
0.01,1297836
0.01,1337477
0.01,1335734
0.01,1356365
0.01,1363697
0.01,1339607
0.01,1279490
0.01,1257037
0.01,1267248
0.01,1257379
0.01,1254636
0.01,1249686
0.01,1293739
0.01,1313841
0.01,1315362
0.01,1291093
0.01,1289463
0.01,1266155
0.01,1247399
0.01,1261921
0.01,1228236
0.01,1254510
0.01,1231468
0.01,1209065
0.01,1192983
0.01,1208566
0.01,1221298
0.01,1243270
0.01,1258158
0.01,1265621
0.01,1248831
0.01,1201455
0.01,1184671
0.01,1155242
0.01,1137143
0.01,1128367
0.01,1134612
0.01,1118968
0.01,1106877
0.01,1095523
0.01,1084702
0.01,1085095
0.01,1075313
0.01,1095661
0.01,1115567
0.01,1089474
0.01,1079533
0.01,1082784
0.01,1068221
0.01,1071109
0.01,1063472
0.01,1053938
0.01,1046466
0.01,1037556
0.01,1033379
0.01,1033362
0.01,1018105
0.01,1007777
0.01,999616
0.01,991680
0.01,983996
0.01,976480
0.01,969717
0.01,964427
0.01,966354
0.01,959230
0.01,961803
0.01,990264
0.02,996138
0.02,977904
0.02,973037
0.02,1016148
0.02,1048740
0.02,1066213
0.02,1038477
0.02,1049875
0.02,1045953
0.02,1018657
0.02,1052187
0.02,1019695
0.02,1005382
0.02,1031021
0.02,1026976
0.02,1048047
0.02,1016262
0.02,1041683
0.02,1044868
0.02,1049563
0.02,1019680
0.02,985740
0.02,978635
0.02,977329
0.02,1011395
0.02,1019306
0.02,986894
0.02,958564
0.02,953648
0.02,953804
0.02,949491
0.02,942084
0.02,937486
0.02,974493
0.02,963000
0.02,982580
0.02,984064
0.02,933174
0.02,985267
0.02,1045776
0.02,1037910
0.02,1082413
0.02,1045996
0.02,1027790
0.02,1010743
0.02,999669
0.02,977710
0.02,968534
0.02,967415
0.02,973670
0.02,982416
0.02,1029759
0.02,1028174
0.02,996664
0.02,976731
0.02,975547
0.02,979571
0.02,935950
0.02,929080
0.02,951156
0.02,967076
0.02,973218
0.02,962379
0.02,980083
0.02,989736
0.02,970578
0.02,1024191
0.02,1027253
0.02,1049381
0.02,1005782
0.02,978174
0.02,968156
0.02,974209
0.02,993788
0.02,985078
0.02,971502
0.02,972655
0.02,979497
0.02,965377
0.02,937127
0.02,917023
0.02,922837
0.02,914101
0.02,905457
0.02,898882
0.02,900073
0.02,899665
0.02,893212
0.02,888065
0.02,885147
0.02,882743
0.02,907003
0.02,905126
0.02,907935
0.02,909905
0.02,908841
0.02,920729
0.02,948624
0.02,970638
0.02,974436
0.02,973728
0.02,1016455
0.02,1023150
0.02,1016247
0.02,1033587
0.02,997054
0.02,996025
0.02,1007778
0.02,951306
0.02,962133
0.02,967926
0.02,970388
0.02,953492
0.02,960176
0.02,971056
0.02,965924
0.02,959005
0.02,943207
0.02,945217
0.02,995564
0.02,991225
0.02,1012412
0.02,962543
0.02,956876
0.02,933146
0.02,940142
0.02,918182
0.02,916887
0.02,945151
0.02,968740
0.02,963557
0.02,963569
0.02,926550
0.02,926016
0.02,892990
0.02,902728
0.02,896691
0.02,880512
0.02,878246
0.02,875971
0.02,874155
0.02,872923
0.02,871352
0.02,869841
0.02,868524
0.02,867326
0.02,866304
0.02,865381
0.02,864543
0.02,863986
0.02,863590
0.02,863550
0.02,863543
0.02,873466
0.02,862232
