0.00,5966269
0.00,5681125
0.00,5531795
0.00,5298849
0.00,5127208
0.00,5111655
0.00,5064658
0.00,4925438
0.00,4862825
0.00,4706081
0.00,4674039
0.00,4654226
0.00,4556815
0.00,4570269
0.00,4539680
0.00,4433755
0.00,4365839
0.00,4361607
0.00,4354913
0.00,4339034
0.00,4313648
0.00,4350100
0.00,4319993
0.00,4173429
0.00,4109538
0.00,4133747
0.00,4149844
0.00,4139451
0.00,4082675
0.00,4071324
0.00,4122169
0.00,4161287
0.00,4105693
0.00,4074146
0.00,4039481
0.00,3905534
0.00,3817439
0.00,3717576
0.00,3671673
0.00,3556237
0.00,3477070
0.00,3317200
0.00,3287230
0.00,3246828
0.00,3189705
0.00,3191773
0.00,3147600
0.00,3135171
0.01,3086431
0.01,3113634
0.01,3056886
0.01,3000866
0.01,3042130
0.01,3006945
0.01,3060681
0.01,3055615
0.01,2962429
0.01,2953417
0.01,2930731
0.01,2795129
0.01,2713245
0.01,2643190
0.01,2665598
0.01,2726728
0.01,2670719
0.01,2568801
0.01,2566943
0.01,2521471
0.01,2442959
0.01,2424582
0.01,2401754
0.01,2358218
0.01,2392542
0.01,2375290
0.01,2325085
0.01,2289399
0.01,2326320
0.01,2309142
0.01,2301417
0.01,2292598
0.01,2295974
0.01,2263110
0.01,2241841
0.01,2237607
0.01,2207706
0.01,2189016
0.01,2141763
0.01,2169687
0.01,2148478
0.01,2136546
0.01,2101479
0.01,2104850
0.01,2066306
0.01,2000363
0.01,2013322
0.01,1999457
0.01,1963285
0.01,1952150
0.01,1943740
0.01,1898069
0.01,1868578
0.01,1836154
0.01,1877734
0.01,1865154
0.01,1819455
0.01,1827902
0.01,1829778
0.01,1768745
0.01,1796354
0.01,1769565
0.01,1737228
0.01,1701333
0.01,1690842
0.01,1691103
0.01,1691846
0.01,1721257
0.01,1695666
0.01,1711883
0.01,1683030
0.01,1747597
0.01,1735806
0.01,1721265
0.01,1682816
0.01,1690850
0.01,1657631
0.01,1626119
0.01,1612439
0.01,1595924
0.01,1613777
0.01,1565716
0.01,1596432
0.01,1583799
0.01,1597823
0.01,1573620
0.01,1557434
0.01,1528057
0.01,1541645
0.01,1545130
0.01,1570748
0.01,1582368
0.01,1579170
0.01,1552822
0.01,1545546
0.01,1498790
0.01,1520349
0.01,1511216
0.01,1484370
0.01,1476795
0.01,1443403
0.01,1453434
0.01,1497337
0.01,1472633
0.01,1481810
0.01,1503373
0.01,1457910
0.01,1445485
0.01,1466924
0.01,1461240
0.01,1443915
0.01,1467732
0.01,1497030
0.01,1498173
0.01,1512013
0.01,1517411
0.01,1526572
0.01,1494739
0.01,1457272
0.01,1414913
0.01,1424527
0.01,1424892
0.01,1437975
0.01,1402251
0.01,1387578
0.01,1383645
0.01,1371018
0.01,1349999
0.01,1361126
0.01,1319674
0.01,1297637
0.01,1295993
0.01,1275829
0.01,1308788
0.01,1336819
0.01,1353375
0.01,1358097
0.01,1360828
0.01,1344771
0.01,1337745
0.01,1358928
0.01,1358614
0.01,1307147
0.01,1296931
0.01,1284523
0.01,1286916
0.01,1308549
0.01,1309502
0.01,1302625
0.01,1288176
0.01,1295853
0.01,1282547
0.01,1291717
0.01,1257269
0.01,1253193
0.01,1235708
0.01,1218437
0.01,1235574
0.01,1202913
0.01,1227707
0.01,1235565
0.01,1267731
0.01,1255466
0.01,1297037
0.01,1302808
0.01,1293135
0.01,1287252
0.01,1285394
0.01,1314584
0.01,1294466
0.01,1273874
0.01,1258421
0.01,1255025
0.01,1215632
0.01,1204899
0.01,1223116
0.01,1231359
0.01,1215254
0.01,1205910
0.01,1203889
0.01,1178680
0.01,1164196
0.01,1184210
0.01,1184946
0.01,1150642
0.01,1144293
0.01,1134517
0.01,1126526
0.01,1120232
0.01,1107742
0.01,1095429
0.01,1083892
0.01,1073170
0.01,1067948
0.01,1065286
0.01,1055244
0.01,1041860
0.01,1038396
0.01,1036288
0.01,1021903
0.01,1035735
0.01,1066684
0.01,1061762
0.01,1045004
0.01,1052095
0.01,1045754
0.01,1054957
0.01,1050669
0.01,1015228
0.01,1009510
0.01,1004142
0.01,994542
0.01,987928
0.01,987025
0.01,981390
0.01,975776
0.01,970388
0.01,965059
0.01,960054
0.01,955561
0.01,951503
0.01,948157
0.01,950446
0.01,955057
0.01,958200
0.01,945606
0.01,949718
0.01,971290
0.02,939816
0.02,939627
0.02,936803
0.02,934854
0.02,932922
0.02,931222
0.02,929626
0.02,928524
0.02,927686
0.02,926854
0.02,925950
0.02,922551
0.02,921981
0.02,921585
0.02,939067
0.02,944751
0.02,934465
0.02,925443
0.02,925181
0.02,957692
0.02,936510
0.02,937183
0.02,932469
0.02,929472
0.02,923409
0.02,919007
0.02,930611
0.02,924928
0.02,921280
0.02,950867
0.02,941639
0.02,931760
0.02,924885
0.02,918022
0.02,916016
0.02,914700
0.02,914660
