0.00, 5942629
0.00, 5847828
0.00, 5843974
0.01, 5800125
0.01, 5782983
0.01, 5731256
0.01, 5698513
0.01, 5688501
0.01, 5687015
0.01, 5681114
0.01, 5585527
0.01, 5576770
0.01, 5574065
0.01, 5543775
0.01, 5450771
0.01, 5427451
0.01, 5331513
0.01, 5319912
0.01, 5308396
0.01, 5301394
0.01, 5299516
0.01, 5227631
0.01, 5185110
0.01, 5163780
0.01, 5092129
0.01, 5028343
0.01, 5022922
0.01, 5009069
0.01, 5006428
0.01, 4965464
0.01, 4965459
0.01, 4892618
0.01, 4879926
0.01, 4840627
0.01, 4694186
0.01, 4638295
0.01, 4621303
0.01, 4585587
0.01, 4573925
0.01, 4568088
0.01, 4516810
0.01, 4514023
0.01, 4499771
0.01, 4499478
0.01, 4478966
0.01, 4463351
0.01, 4454342
0.01, 4419171
0.01, 4416701
0.01, 4407974
0.01, 4406672
0.01, 4387360
0.01, 4348419
0.01, 4314957
0.01, 4174245
0.01, 4132139
0.01, 4086899
0.01, 4069093
0.01, 4051700
0.01, 4049004
0.01, 4017691
0.01, 4011893
0.01, 3969852
0.01, 3960680
0.01, 3941925
0.01, 3924712
0.01, 3918560
0.01, 3877189
0.01, 3868544
0.01, 3820006
0.01, 3817368
0.01, 3805130
0.01, 3798078
0.01, 3790761
0.01, 3770486
0.01, 3768910
0.01, 3768132
0.01, 3758177
0.01, 3724189
0.01, 3723615
0.01, 3711395
0.01, 3665759
0.01, 3620993
0.01, 3603052
0.01, 3592531
0.01, 3560850
0.01, 3555141
0.01, 3541630
0.01, 3521237
0.01, 3489761
0.01, 3458438
0.01, 3458084
0.01, 3451730
0.01, 3420989
0.01, 3402155
0.01, 3378204
0.01, 3370231
0.01, 3365003
0.01, 3355720
0.01, 3352722
0.01, 3351544
0.01, 3276851
0.01, 3256119
0.01, 3249817
0.01, 3218759
0.01, 3217798
0.01, 3204973
0.01, 3200068
0.01, 3196148
0.01, 3193771
0.01, 3193101
0.01, 3174053
0.01, 3169816
0.01, 3157418
0.01, 3157180
0.01, 3110645
0.01, 3102094
0.01, 3092772
0.01, 3092354
0.01, 3072845
0.01, 3045513
0.01, 3025335
0.01, 3022647
0.01, 3020783
0.01, 3020742
0.01, 3019829
0.01, 3009167
0.01, 2994648
0.01, 2992239
0.01, 2991131
0.01, 2971781
0.01, 2969954
0.01, 2966875
0.01, 2955488
0.01, 2939484
0.01, 2922280
0.01, 2919132
0.01, 2910850
0.01, 2860849
0.01, 2819831
0.01, 2801447
0.01, 2790065
0.01, 2768943
0.01, 2674526
0.01, 2645639
0.01, 2634547
0.01, 2617862
0.01, 2612570
0.01, 2572687
0.01, 2468652
0.02, 2458532
0.02, 2458379
0.02, 2449843
0.02, 2434730
0.02, 2430344
0.03, 2428950
0.03, 2423972
0.03, 2400092
0.03, 2395293
0.03, 2386523
0.03, 2379700
0.03, 2378253
0.03, 2364315
0.03, 2315967
0.03, 2312146
0.03, 2295171
0.03, 2294585
0.03, 2291978
0.03, 2283095
0.03, 2251028
0.03, 2248272
0.05, 2243100
0.05, 2220970
0.05, 2217010
0.05, 2212386
0.07, 2211195
0.08, 2210188
0.08, 2207302
0.08, 2185295
0.08, 2170806
0.08, 2169345
0.08, 2168763
0.08, 2148236
0.08, 2144468
0.08, 2109911
0.08, 2098231
0.08, 2090787
0.08, 2044646
0.09, 2036228
0.09, 2013105
0.09, 2009701
0.09, 1987819
0.09, 1972067
0.09, 1962977
0.10, 1953403
0.10, 1935867
0.10, 1925349
0.10, 1892109
0.10, 1849909
0.10, 1838067
0.13, 1829820
0.13, 1800372
0.13, 1790546
0.13, 1788989
0.13, 1783604
0.13, 1780200
0.13, 1761947
0.13, 1761902
0.16, 1743400
0.17, 1739376
0.17, 1685201
0.17, 1681973
0.17, 1661845
0.17, 1657423
0.17, 1656608
0.19, 1646944
0.19, 1646003
0.19, 1641297
0.20, 1640331
0.20, 1625989
0.21, 1624929
0.21, 1601148
0.21, 1599250
0.21, 1598371
0.21, 1589598
0.21, 1587716
0.21, 1583572
0.21, 1574924
0.21, 1571932
0.21, 1558907
0.21, 1549660
0.21, 1547616
0.21, 1544765
0.21, 1532860
0.21, 1526268
0.21, 1526206
0.21, 1523538
0.21, 1521134
0.24, 1519125
0.24, 1512743
0.24, 1493001
0.24, 1491606
0.24, 1490891
0.24, 1474174
0.24, 1473018
0.25, 1471244
0.25, 1461694
0.25, 1457129
0.25, 1451274
0.25, 1447543
0.25, 1445606
0.25, 1445122
0.26, 1443653
0.26, 1428032
0.26, 1424059
0.26, 1412711
0.26, 1400540
0.26, 1388882
0.26, 1387734
0.26, 1386745
0.26, 1375963
0.27, 1347191
0.27, 1342378
0.27, 1340831
0.27, 1330813
0.27, 1329413
0.27, 1313192
0.27, 1312243
0.27, 1311981
0.27, 1309048
0.27, 1303586
0.27, 1302483
0.27, 1295692
0.27, 1292150
0.27, 1289958
0.28, 1284812
0.29, 1268204
0.29, 1262075
0.29, 1262029
0.29, 1261944
0.29, 1244809
0.29, 1243041
0.29, 1240999
0.30, 1240307
0.30, 1235040
0.30, 1234378
0.31, 1212569
0.31, 1205135
0.31, 1196188
0.31, 1192659
0.31, 1192500
0.35, 1186947
0.35, 1181455
0.35, 1176846
0.35, 1166142
0.35, 1163009
0.35, 1153226
0.35, 1147195
0.35, 1136395
0.35, 1135373
0.35, 1134701
0.35, 1130408
0.35, 1129563
0.35, 1119308
0.35, 1118109
0.35, 1115504
0.35, 1111102
0.35, 1107426
0.38, 1099016
0.38, 1094678
0.38, 1092594
0.38, 1075562
0.38, 1059258
0.38, 1033544
0.40, 1030169
0.40, 1027664
0.40, 1026551
0.40, 1019355
0.40, 999034
0.40, 992121
0.40, 976646
0.40, 974160
0.40, 972414
0.41, 970823
0.41, 967120
0.44, 966102
0.44, 959565
0.44, 952631
0.44, 949534
0.44, 948848
0.44, 948540
0.44, 941640
0.44, 935749
0.44, 928742
0.44, 926359
0.44, 925063
0.44, 921935
0.44, 921526
0.44, 920869
0.46, 920640
0.48, 920409
0.48, 913834
0.48, 906553
0.51, 905167
0.51, 900526
0.51, 900136
0.51, 900082
0.51, 893182
0.51, 888962
0.51, 886136
0.51, 877274
0.51, 876028
0.51, 871767
0.51, 871550
0.51, 867436
0.51, 866002
0.51, 856900
0.57, 856806
0.59, 855535
0.60, 853950
0.60, 851309
0.60, 848956
0.61, 847352
0.61, 845970
0.62, 845867
0.62, 844131
0.62, 842058
0.62, 840706
0.62, 840236
0.62, 840116
0.62, 839280
0.62, 836310
0.63, 835224
0.63, 834611
0.63, 834259
0.63, 833787
0.63, 832940
0.63, 832937
0.66, 831862
0.67, 830465
0.67, 827560
0.67, 826668
0.67, 825858
0.67, 825011
0.67, 823058
0.68, 821270
0.68, 818895
0.68, 818855
0.79, 818511
0.79, 817183
0.79, 816819
0.79, 816373
0.87, 815989
0.90, 815814
0.90, 815418
0.98, 815378
2.95, 815363
2.95, 815238
2.97, 815149
2.97, 814406
2.97, 813944
2.97, 813088
3.06, 812945
3.06, 812906
3.08, 812660
3.25, 812444
3.25, 812443
3.27, 812404
8.89, 812201
8.96, 812162
17.18, 811059
17.28, 810992
17.33, 810582
17.36, 810503
17.41, 810452
17.42, 810275
17.42, 810236
17.42, 810196
