0.00,5397176
0.00,5236062
0.00,5105161
0.00,4923751
0.00,4789240
0.00,4777233
0.00,4640946
0.00,4493338
0.00,4438018
0.00,4278752
0.00,4253536
0.00,4094285
0.00,3987580
0.00,4010715
0.00,3935659
0.00,3893811
0.00,3850695
0.00,3842442
0.00,3861187
0.00,3825590
0.00,3746864
0.00,3696431
0.00,3654390
0.00,3679231
0.00,3698356
0.00,3530827
0.00,3384046
0.00,3369749
0.00,3371169
0.00,3296966
0.00,3201906
0.00,3163314
0.00,3148900
0.00,3110844
0.00,3047454
0.00,3023673
0.00,2961576
0.00,2914979
0.00,2888619
0.00,2822066
0.00,2815319
0.00,2856940
0.00,2836703
0.00,2862010
0.00,2835156
0.00,2787206
0.00,2764343
0.00,2767069
0.00,2738932
0.00,2715000
0.00,2677736
0.00,2617866
0.00,2692273
0.00,2704153
0.00,2685122
0.00,2630908
0.00,2566586
0.00,2588483
0.00,2549358
0.00,2544526
0.00,2579940
0.00,2592094
0.00,2683537
0.00,2634786
0.00,2558528
0.00,2595740
0.00,2548356
0.00,2552162
0.00,2566444
0.00,2629194
0.00,2578706
0.00,2608332
0.01,2558896
0.01,2615546
0.01,2674576
0.01,2611101
0.01,2604178
0.01,2562452
0.01,2462089
0.01,2536480
0.01,2509116
0.01,2406416
0.01,2415324
0.01,2408689
0.01,2501909
0.01,2527180
0.01,2406973
0.01,2397264
0.01,2309253
0.01,2352240
0.01,2349460
0.01,2248854
0.01,2233017
0.01,2182915
0.01,2175913
0.01,2121826
0.01,2136246
0.01,2163743
0.01,2230803
0.01,2172989
0.01,2231415
0.01,2265600
0.01,2065475
0.01,2083412
0.01,2136187
0.01,2137724
0.01,2136928
0.01,2133360
0.01,2131658
0.01,2050417
0.01,1982917
0.01,1951326
0.01,1968297
0.01,1952024
0.01,1938976
0.01,1964227
0.01,1890579
0.01,1868377
0.01,1877828
0.01,1839961
0.01,1807407
0.01,1792774
0.01,1847295
0.01,1926538
0.01,1940936
0.01,1904926
0.01,1882826
0.01,1877397
0.01,1851950
0.01,1889837
0.01,1947304
0.01,1934558
0.01,1950303
0.01,1932300
0.01,1870698
0.01,1875846
0.01,1920340
0.01,1912740
0.01,1899622
0.01,1906868
0.01,1943198
0.01,1967399
0.01,1941167
0.01,1888494
0.01,1767452
0.01,1753396
0.01,1757099
0.01,1717108
0.01,1723605
0.01,1753074
0.01,1704849
0.01,1706770
0.01,1790675
0.01,1825822
0.01,1780158
0.01,1782468
0.01,1772125
0.01,1727095
0.01,1728677
0.01,1733172
0.01,1663090
0.01,1699808
0.01,1676754
0.01,1673012
0.01,1674576
0.01,1633244
0.01,1655208
0.01,1624228
0.01,1638410
0.01,1582034
0.01,1617384
0.01,1544683
0.01,1567535
0.01,1597086
0.01,1584066
0.01,1589329
0.01,1560618
0.01,1572375
0.01,1532813
0.01,1569496
0.01,1541280
0.01,1528552
0.01,1495941
0.01,1445941
0.01,1419503
0.01,1441545
0.01,1407148
0.01,1394558
0.01,1405797
0.01,1466043
0.01,1457550
0.01,1459425
0.01,1441450
0.01,1421142
0.01,1411150
0.01,1456433
0.01,1471851
0.01,1481909
0.01,1505558
0.01,1489206
0.01,1391942
0.01,1421595
0.01,1436524
0.01,1399602
0.01,1391882
0.01,1393754
0.01,1364513
0.01,1378438
0.01,1351959
0.01,1321747
0.01,1339177
0.01,1364316
0.01,1326766
0.01,1320033
0.01,1291459
0.01,1304081
0.01,1389560
0.01,1419103
0.01,1411242
0.01,1407816
0.01,1416252
0.01,1420232
0.01,1417373
0.01,1424709
0.01,1423670
0.01,1435568
0.01,1418995
0.01,1424022
0.01,1411427
0.01,1386896
0.01,1386115
0.01,1435540
0.01,1438374
0.01,1469133
0.01,1438141
0.01,1461802
0.01,1456703
0.01,1423991
0.01,1357479
0.01,1378914
0.01,1360939
0.01,1371193
0.01,1361948
0.01,1371520
0.01,1410379
0.01,1392902
0.01,1414576
0.01,1398827
0.01,1355466
0.01,1357142
0.01,1362299
0.01,1349403
0.01,1327091
0.01,1325796
0.01,1307735
0.01,1290909
0.01,1300375
0.01,1328749
0.01,1322155
0.01,1300363
0.01,1290632
0.01,1265477
0.01,1246672
0.01,1290099
0.01,1336826
0.01,1378419
0.01,1375272
0.01,1372679
0.01,1358875
0.01,1373527
0.01,1384009
0.01,1405244
0.01,1386389
0.01,1388584
0.01,1380231
0.01,1377632
0.01,1391748
0.01,1376929
0.01,1356973
0.01,1362920
0.01,1404362
0.01,1435407
0.01,1459814
0.01,1391869
0.01,1370361
0.01,1361838
0.01,1353649
0.01,1293631
0.01,1299499
0.01,1280165
0.01,1306079
0.01,1328881
0.01,1330306
0.01,1363439
0.01,1353845
0.01,1374677
0.01,1356628
0.01,1333699
0.01,1336962
0.01,1309631
0.01,1281439
0.01,1254384
0.01,1256942
0.01,1259000
0.01,1227536
0.01,1227706
0.01,1231616
0.01,1245468
0.01,1211547
0.01,1196807
0.01,1243401
0.01,1266462
0.01,1280261
0.01,1250065
0.01,1203447
0.01,1174652
0.01,1191161
0.01,1210911
0.01,1239604
0.01,1247122
0.01,1200717
0.01,1162063
0.01,1145094
0.01,1168906
0.01,1169868
0.01,1179842
0.01,1204720
0.01,1173839
0.01,1148362
0.01,1131833
0.01,1138926
0.01,1171034
0.01,1256320
0.01,1269411
0.01,1249686
0.01,1262653
0.01,1267692
0.01,1263485
0.01,1261472
0.01,1275993
0.01,1274611
0.01,1278097
0.01,1266170
0.01,1271197
0.01,1258602
0.01,1253149
0.01,1243207
0.01,1246273
0.01,1253189
0.01,1269854
0.01,1278183
0.01,1308774
0.01,1312827
0.01,1354652
0.01,1320813
0.01,1310573
0.02,1235493
0.02,1248850
0.02,1207146
0.02,1213142
0.02,1218494
0.02,1218962
0.02,1239065
0.02,1210235
0.02,1253316
0.02,1259524
0.02,1230250
0.02,1244411
0.02,1224718
0.02,1182038
0.02,1150964
0.02,1145432
0.02,1151164
0.02,1139559
0.02,1117802
0.02,1100965
0.02,1104590
0.02,1150081
0.02,1189454
0.02,1173522
0.02,1120227
0.02,1123176
0.02,1114021
0.02,1075141
0.02,1096241
0.02,1130177
0.02,1139308
0.02,1128804
0.02,1119679
0.02,1111010
0.02,1121916
0.02,1134672
0.02,1111114
0.02,1075961
0.02,1060452
0.02,1047863
0.02,1079261
0.02,1088730
0.02,1064763
0.02,1089684
0.02,1106993
0.02,1142977
0.02,1144944
0.02,1111792
0.02,1125371
0.02,1106343
0.02,1099413
0.02,1088706
0.02,1087254
0.02,1090652
0.02,1081991
0.02,1071176
0.02,1059327
0.02,1042260
0.02,1026893
0.02,1015155
0.02,1031926
0.02,1033744
0.02,1024318
0.02,1049988
0.02,1103478
0.02,1104834
0.02,1112763
0.02,1144753
0.02,1171311
0.02,1168292
0.02,1205401
0.02,1211481
0.02,1189725
0.02,1189204
0.02,1187489
0.02,1216872
0.02,1193163
0.02,1194953
0.02,1212600
0.02,1188845
0.02,1168530
0.02,1158725
0.02,1150927
0.02,1160898
0.02,1158469
0.02,1191621
0.02,1173287
0.02,1163305
0.02,1102512
0.02,1121838
0.02,1120385
0.02,1118001
0.02,1141650
0.02,1125298
0.02,1119629
0.02,1078440
0.02,1081677
0.02,1063560
0.02,1064137
0.02,1058060
0.02,1057373
0.02,1060105
0.02,1053409
0.02,1039558
0.02,1038536
0.02,1040727
0.02,1029983
0.02,1003486
0.02,1003812
0.02,1004850
0.02,990985
0.02,1020117
0.02,1016138
0.02,1022381
0.02,1077949
0.02,1072581
0.02,1105484
0.02,1107288
0.02,1090850
0.02,1106068
0.02,1090584
0.02,1075218
0.02,1052788
0.02,1011598
0.02,1007158
0.02,1007368
0.02,979899
0.02,978507
0.02,968399
0.02,964664
0.02,955567
0.02,947403
0.02,939695
0.02,944418
0.02,950552
0.02,954621
0.02,945526
0.02,952110
0.02,1016411
0.02,1021161
0.02,1038952
0.02,1070039
0.02,1077612
0.02,1080979
0.02,1091658
0.02,1090876
0.02,1094981
0.02,1088485
0.02,1083074
0.02,1091602
0.02,1084261
0.02,1075112
0.02,1051434
0.02,1042067
0.02,1039537
0.02,1053494
0.02,1056766
0.02,1073305
0.02,1098999
0.02,1135332
0.02,1093345
0.02,1083363
0.02,1033308
0.02,1041895
0.02,1040444
0.02,1037085
0.02,1061708
0.02,1045356
0.02,1039687
0.02,1017229
0.02,1027313
0.02,1023850
0.02,1025440
0.02,1065792
0.02,1054474
0.02,1064916
0.02,1056891
0.02,1000856
0.02,994642
0.02,973251
0.02,953673
0.02,923544
0.02,924212
0.02,925109
0.02,916597
0.02,909945
0.02,903949
0.02,898347
0.02,895725
0.02,908854
0.02,928440
0.02,950416
0.02,970639
0.02,974636
0.02,989920
0.02,995499
0.02,1016501
0.02,1035249
0.02,1048317
0.02,1048644
0.02,1058118
0.02,1045484
0.02,1049083
0.02,1062271
0.02,1039574
0.02,1024758
0.02,1012172
0.02,1006867
0.02,1009983
0.02,1030293
0.02,1035252
0.02,1032905
0.02,1047612
0.02,1087774
0.02,1068543
0.02,1066291
0.02,1003410
0.02,985195
0.02,1002346
0.02,1009836
0.02,1008213
0.02,997266
0.02,1013451
0.02,986080
0.02,1007050
0.02,1002539
0.02,995506
0.02,1032971
0.02,1025557
0.02,1038424
0.02,1021359
0.02,979052
0.02,985263
0.02,958887
0.02,923472
0.02,902321
0.02,891043
0.02,886618
0.02,883070
0.02,879724
0.02,876806
0.02,873915
0.02,871202
0.02,868951
0.02,867635
0.02,866339
0.02,865053
0.02,864178
0.02,863331
0.02,862493
0.02,861725
0.02,860446
0.02,859667
0.02,870619
0.02,859265
0.02,858128
0.02,857757
0.02,870745
0.02,861395
0.02,873434
0.02,880769
0.02,887521
0.02,878191
0.02,864488
0.02,850659
0.02,844163
0.02,840157
0.02,837833
0.02,837718
0.02,836793
0.02,836753
0.02,836714
