0.00,5648845
0.00,5500749
0.00,5235259
0.00,5110729
0.00,4938253
0.00,4768587
0.00,4844293
0.00,4676186
0.00,4516889
0.00,4489398
0.00,4524735
0.00,4418971
0.00,4315090
0.00,4317453
0.00,4258901
0.00,4123436
0.00,3958048
0.00,3921770
0.00,3824176
0.00,3886441
0.00,3888108
0.00,3744324
0.00,3774759
0.00,3773479
0.00,3771013
0.00,3673185
0.00,3648333
0.00,3722920
0.00,3716678
0.00,3701574
0.00,3657758
0.00,3604795
0.00,3601427
0.00,3631250
0.00,3680460
0.00,3671610
0.00,3489014
0.00,3388982
0.00,3413464
0.00,3325954
0.00,3275838
0.00,3284285
0.00,3306859
0.00,3247518
0.00,3222811
0.00,3171530
0.00,3241324
0.00,3125247
0.00,3148567
0.00,3118600
0.00,3121240
0.00,3025324
0.00,2981177
0.00,2933472
0.00,2941151
0.00,2877012
0.00,2858640
0.00,2867966
0.01,2902734
0.01,2858983
0.01,2862605
0.01,2829393
0.01,2763848
0.01,2742859
0.01,2724864
0.01,2701042
0.01,2631987
0.01,2619892
0.01,2601539
0.01,2477400
0.01,2465707
0.01,2469315
0.01,2446938
0.01,2495634
0.01,2496117
0.01,2520621
0.01,2457544
0.01,2464536
0.01,2416273
0.01,2394532
0.01,2445941
0.01,2443404
0.01,2429708
0.01,2317736
0.01,2328917
0.01,2245158
0.01,2227288
0.01,2235401
0.01,2315288
0.01,2404287
0.01,2411050
0.01,2311917
0.01,2285774
0.01,2253129
0.01,2222879
0.01,2113554
0.01,2062377
0.01,2110880
0.01,2093612
0.01,2022306
0.01,2006215
0.01,1986672
0.01,1998329
0.01,2005069
0.01,2069549
0.01,2075647
0.01,2046173
0.01,1972284
0.01,2004611
0.01,1989342
0.01,1956503
0.01,1942192
0.01,1960725
0.01,1992659
0.01,2039711
0.01,2053758
0.01,2099933
0.01,2056845
0.01,2037664
0.01,2016530
0.01,2032249
0.01,1986666
0.01,1869589
0.01,1836687
0.01,1807390
0.01,1839465
0.01,1796860
0.01,1784774
0.01,1779986
0.01,1796308
0.01,1785127
0.01,1768556
0.01,1758853
0.01,1719882
0.01,1695801
0.01,1655623
0.01,1650526
0.01,1613243
0.01,1614887
0.01,1563836
0.01,1570455
0.01,1613975
0.01,1583915
0.01,1567001
0.01,1558686
0.01,1589897
0.01,1612310
0.01,1644462
0.01,1637547
0.01,1653438
0.01,1683931
0.01,1673984
0.01,1621510
0.01,1606174
0.01,1562441
0.01,1536654
0.01,1568304
0.01,1584615
0.01,1536543
0.01,1511082
0.01,1527427
0.01,1519939
0.01,1534321
0.01,1516573
0.01,1517138
0.01,1535313
0.01,1530496
0.01,1549680
0.01,1553864
0.01,1514982
0.01,1571146
0.01,1543887
0.01,1471743
0.01,1490450
0.01,1443139
0.01,1466813
0.01,1495499
0.01,1496545
0.01,1460862
0.01,1464649
0.01,1489734
0.01,1517152
0.01,1511002
0.01,1532997
0.01,1490642
0.01,1415189
0.01,1421245
0.01,1416099
0.01,1414707
0.01,1419327
0.01,1447902
0.01,1421807
0.01,1413373
0.01,1433741
0.01,1429025
0.01,1410035
0.01,1419217
0.01,1422216
0.01,1465781
0.01,1449176
0.01,1434811
0.01,1456334
0.01,1460703
0.01,1422311
0.01,1474451
0.01,1461867
0.01,1451650
0.01,1423924
0.01,1424961
0.01,1411333
0.01,1407511
0.01,1430433
0.01,1369787
0.01,1373884
0.01,1343451
0.01,1353465
0.01,1321894
0.01,1291215
0.01,1286574
0.01,1265514
0.01,1244797
0.01,1251089
0.01,1276105
0.01,1292091
0.01,1290185
0.01,1279725
0.01,1302240
0.01,1296378
0.01,1339713
0.01,1325261
0.01,1322652
0.01,1308554
0.01,1316390
0.01,1301238
0.01,1256560
0.01,1223157
0.01,1232612
0.01,1230089
0.01,1192983
0.01,1220717
0.01,1182511
0.01,1188273
0.01,1154128
0.01,1136388
0.01,1137370
0.01,1135906
0.01,1127995
0.01,1114059
0.01,1100215
0.01,1118666
0.01,1091865
0.01,1098120
0.01,1093385
0.01,1083589
0.01,1062193
0.01,1049013
0.01,1062135
0.01,1070220
0.01,1054409
0.01,1077756
0.01,1048526
0.01,1048460
0.01,1040895
0.01,1042893
0.01,1030335
0.01,1018666
0.01,1024390
0.01,1082840
0.01,1101155
0.01,1110472
0.01,1125762
0.01,1126179
0.01,1149492
0.01,1153487
0.01,1141342
0.01,1135114
0.01,1134329
0.01,1125453
0.01,1144429
0.01,1133228
0.01,1155813
0.01,1122126
0.01,1137392
0.01,1156366
0.01,1157065
0.01,1149993
0.02,1148607
0.02,1151437
0.02,1154826
0.02,1170109
0.02,1212351
0.02,1204163
0.02,1153233
0.02,1166538
0.02,1136637
0.02,1183160
0.02,1196764
0.02,1192717
0.02,1187164
0.02,1162508
0.02,1128681
0.02,1113524
0.02,1063053
0.02,1070646
0.02,1075824
0.02,1049632
0.02,1030890
0.02,1021915
0.02,1024654
0.02,1021621
0.02,1033351
0.02,1014970
0.02,1012611
0.02,1003273
0.02,998483
0.02,997398
0.02,997759
0.02,988824
0.02,989998
0.02,977410
0.02,969014
0.02,973889
0.02,981009
0.02,992523
0.02,1055199
0.02,1079533
0.02,1085231
0.02,1113022
0.02,1102343
0.02,1084416
0.02,1088829
0.02,1104837
0.02,1101887
0.02,1126962
0.02,1102090
0.02,1094746
0.02,1091622
0.02,1108463
0.02,1117921
0.02,1113128
0.02,1108493
0.02,1114697
0.02,1101691
0.02,1110578
0.02,1113498
0.02,1093608
0.02,1109479
0.02,1126239
0.02,1121492
0.02,1068118
0.02,1106019
0.02,1106036
0.02,1149130
0.02,1160559
0.02,1127319
0.02,1120560
0.02,1107054
0.02,1054976
0.02,1050821
0.02,1028361
0.02,1024246
0.02,1011022
0.02,994542
0.02,982502
0.02,987584
0.02,994820
0.02,977869
0.02,982861
0.02,960920
0.02,953189
0.02,945608
0.02,946072
0.02,939364
0.02,933064
0.02,935488
0.02,942398
0.02,926926
0.02,921276
0.02,914119
0.02,909298
0.02,904541
0.02,899442
0.02,893960
0.02,896500
0.02,889803
0.02,888177
0.02,885208
0.02,882303
0.02,879597
0.02,877273
0.02,893754
0.02,911974
0.02,958664
0.02,971228
0.02,973668
0.02,998369
0.02,974558
0.02,996478
0.02,957596
0.02,933233
0.02,897266
0.02,875229
0.02,887635
0.02,893788
0.02,954466
0.02,958559
0.02,970137
0.02,978453
0.02,992635
0.02,985718
0.02,989498
0.02,946475
0.02,921231
0.02,873082
0.02,871431
0.02,870080
0.02,868752
0.02,867827
0.02,867141
0.02,867091
0.02,867052
