0.01, 6548518
0.01, 6521344
0.01, 6499098
0.01, 6497759
0.01, 6369354
0.01, 6369000
0.01, 6343084
0.01, 6311537
0.01, 6305892
0.01, 6303135
0.01, 6252181
0.01, 6194443
0.01, 6181446
0.01, 6049762
0.01, 6026314
0.01, 5920975
0.01, 5852557
0.01, 5698270
0.01, 5687090
0.01, 5542935
0.01, 5521502
0.01, 5507606
0.01, 5474903
0.01, 5375385
0.01, 5374337
0.01, 5368324
0.01, 5359696
0.01, 5359053
0.01, 5351325
0.01, 5344500
0.01, 5343875
0.01, 5328570
0.01, 5277033
0.01, 5269530
0.01, 5148614
0.01, 5143398
0.01, 5072105
0.01, 5005268
0.01, 5003039
0.01, 4997417
0.01, 4992814
0.01, 4975501
0.01, 4970084
0.01, 4882427
0.01, 4879986
0.01, 4864157
0.01, 4833775
0.01, 4823570
0.01, 4789617
0.01, 4762424
0.01, 4748267
0.01, 4719325
0.01, 4699496
0.01, 4688864
0.01, 4657335
0.01, 4527391
0.01, 4504058
0.01, 4465928
0.01, 4454695
0.01, 4454113
0.01, 4420946
0.01, 4402663
0.01, 4397220
0.01, 4284237
0.01, 4267809
0.01, 4258155
0.01, 4227599
0.01, 4210856
0.01, 4210331
0.01, 4205306
0.01, 4147667
0.01, 4089793
0.01, 4079393
0.01, 3985190
0.01, 3926632
0.01, 3866308
0.01, 3839180
0.01, 3837294
0.01, 3812645
0.01, 3767102
0.01, 3759555
0.01, 3743117
0.01, 3736157
0.01, 3722528
0.01, 3702084
0.01, 3691140
0.01, 3690408
0.01, 3689042
0.01, 3644824
0.01, 3611227
0.01, 3607280
0.01, 3598317
0.01, 3597407
0.01, 3596898
0.01, 3595676
0.01, 3595421
0.01, 3594961
0.01, 3581405
0.01, 3580566
0.01, 3572498
0.01, 3563069
0.01, 3547532
0.01, 3513068
0.01, 3510062
0.01, 3502616
0.01, 3494492
0.01, 3467349
0.01, 3417994
0.01, 3414585
0.01, 3411918
0.01, 3406535
0.01, 3399127
0.01, 3374419
0.01, 3362605
0.01, 3359525
0.01, 3345959
0.01, 3328503
0.01, 3327865
0.01, 3323879
0.01, 3313033
0.01, 3295405
0.01, 3262216
0.01, 3261630
0.01, 3214297
0.01, 3212087
0.01, 3200460
0.01, 3195890
0.01, 3183181
0.01, 3154090
0.01, 3131622
0.01, 3109541
0.01, 3096732
0.01, 3076493
0.01, 3028878
0.01, 3023317
0.01, 3011835
0.01, 3008103
0.01, 3004304
0.01, 2993140
0.01, 2979025
0.01, 2973976
0.01, 2969176
0.01, 2940143
0.01, 2904588
0.01, 2902544
0.01, 2867587
0.01, 2863542
0.01, 2862040
0.01, 2861040
0.01, 2844376
0.01, 2844090
0.01, 2800685
0.01, 2785699
0.01, 2776821
0.01, 2773966
0.01, 2723712
0.01, 2703784
0.01, 2630000
0.01, 2629833
0.01, 2624730
0.01, 2614867
0.02, 2612680
0.02, 2602437
0.02, 2598185
0.02, 2567075
0.02, 2534168
0.02, 2498346
0.02, 2462598
0.02, 2457425
0.02, 2451626
0.02, 2447959
0.03, 2432118
0.03, 2428696
0.03, 2416086
0.03, 2397411
0.03, 2377486
0.03, 2352476
0.03, 2349299
0.03, 2338814
0.03, 2333895
0.03, 2329059
0.03, 2304910
0.03, 2295064
0.03, 2294604
0.03, 2281597
0.03, 2260110
0.03, 2256687
0.03, 2248261
0.03, 2196168
0.03, 2117115
0.09, 2100112
0.09, 2080004
0.09, 2079940
0.09, 2071072
0.09, 2060228
0.09, 2052859
0.09, 2050351
0.09, 2038264
0.09, 2036314
0.09, 2028082
0.11, 1991747
0.11, 1981566
0.11, 1978606
0.12, 1977933
0.12, 1971552
0.12, 1968475
0.12, 1956578
0.12, 1956531
0.12, 1930488
0.12, 1926374
0.12, 1918908
0.12, 1915938
0.12, 1907114
0.12, 1885871
0.12, 1885654
0.13, 1877775
0.13, 1865847
0.13, 1854519
0.13, 1853836
0.13, 1852444
0.13, 1851757
0.13, 1840626
0.13, 1829114
0.16, 1817609
0.16, 1814901
0.16, 1813438
0.16, 1811864
0.16, 1806915
0.16, 1797950
0.16, 1790888
0.16, 1776416
0.16, 1755979
0.16, 1751091
0.16, 1749001
0.16, 1738378
0.16, 1726669
0.16, 1711412
0.16, 1702749
0.16, 1699334
0.16, 1697201
0.17, 1691819
0.17, 1672355
0.17, 1665945
0.18, 1662468
0.18, 1646815
0.18, 1644030
0.18, 1641771
0.21, 1622355
0.21, 1622020
0.21, 1618351
0.21, 1568628
0.21, 1543937
0.21, 1543263
0.21, 1529813
0.21, 1520627
0.21, 1515497
0.21, 1500149
0.22, 1478460
0.22, 1474809
0.22, 1453538
0.22, 1453524
0.23, 1452517
0.23, 1445382
0.23, 1445232
0.23, 1401940
0.23, 1400513
0.23, 1400036
0.23, 1383559
0.23, 1382380
0.23, 1373807
0.26, 1371376
0.27, 1371090
0.27, 1365553
0.27, 1354663
0.27, 1345495
0.27, 1339250
0.27, 1338232
0.27, 1326509
0.27, 1324443
0.27, 1314489
0.27, 1313733
0.27, 1307519
0.27, 1286019
0.27, 1283901
0.27, 1279859
0.30, 1273696
0.30, 1259913
0.30, 1256540
0.30, 1254534
0.30, 1248917
0.30, 1248012
0.31, 1246533
0.31, 1246488
0.32, 1239783
0.32, 1238481
0.32, 1226626
0.32, 1215705
0.32, 1211965
0.32, 1195786
0.32, 1176026
0.32, 1175321
0.32, 1173672
0.32, 1164980
0.32, 1161595
0.32, 1149497
0.32, 1148765
0.32, 1147783
0.32, 1143810
0.32, 1136928
0.32, 1135934
0.32, 1117847
0.32, 1098620
0.32, 1095407
0.32, 1092925
0.32, 1081982
0.32, 1077534
0.32, 1075536
0.32, 1068384
0.34, 1063217
0.34, 1046703
0.38, 1044291
0.38, 1042858
0.40, 1038886
0.40, 1033027
0.42, 1023941
0.42, 1022919
0.42, 1018973
0.42, 1018088
0.43, 1012474
0.43, 1011555
0.43, 1010302
0.43, 1005728
0.43, 1001854
0.43, 997088
0.43, 995221
0.43, 986258
0.43, 983697
0.43, 981450
0.43, 981056
0.43, 977369
0.43, 975753
0.43, 968450
0.43, 967104
0.47, 965775
0.47, 964394
0.47, 963167
0.47, 962883
0.49, 961733
0.49, 955172
0.49, 954952
0.49, 953654
0.49, 953258
0.49, 950552
0.49, 943726
0.49, 943088
0.49, 941889
0.49, 940051
0.49, 936240
0.50, 917945
0.50, 916069
0.50, 912198
0.50, 911136
0.50, 908985
0.50, 904735
0.50, 903614
0.50, 902496
0.50, 899484
0.50, 890366
0.50, 886966
0.50, 885611
0.50, 881245
0.51, 880426
0.51, 878225
0.51, 877031
0.56, 873940
0.56, 873161
0.56, 870421
0.56, 870188
0.58, 869627
0.58, 869153
0.58, 866978
0.58, 865049
0.59, 860886
0.59, 854193
0.59, 853501
0.59, 853490
0.59, 853178
0.59, 851395
0.61, 849772
0.61, 849182
0.61, 848640
0.61, 847504
0.62, 847362
0.62, 845656
0.66, 839348
0.67, 835532
0.67, 834970
0.68, 832836
0.68, 831897
0.68, 831403
0.68, 831047
0.68, 828150
0.70, 828115
0.70, 828084
0.70, 826756
0.71, 826324
0.71, 826107
0.71, 825669
0.72, 823610
0.73, 821588
0.73, 821192
0.79, 820400
0.85, 820349
0.85, 819570
0.87, 819412
0.87, 819366
0.87, 819064
0.87, 818847
0.93, 818757
0.93, 818717
0.93, 818345
0.94, 818344
0.94, 818305
0.95, 818279
0.96, 818214
0.96, 817765
0.99, 817359
0.99, 817278
1.00, 817061
1.07, 817022
4.88, 816746
4.89, 816426
4.99, 815162
4.99, 814713
5.20, 814674
6.79, 814339
6.79, 814069
6.79, 813592
6.79, 813062
6.84, 812792
6.84, 812575
6.92, 812111
6.94, 810688
16.07, 810503
16.17, 810235
16.20, 810196
