0.00,5824529
0.00,5556852
0.00,5367411
0.00,5206824
0.00,5062389
0.00,4967007
0.00,4784108
0.00,4733948
0.00,4711038
0.00,4524758
0.00,4383728
0.00,4318156
0.00,4326252
0.00,4169608
0.00,4154420
0.00,4237425
0.00,4158716
0.00,4081447
0.00,4017023
0.00,4009491
0.00,3964513
0.00,3836719
0.00,3867907
0.00,3823423
0.00,3783184
0.00,3695792
0.00,3628829
0.00,3562531
0.00,3496380
0.00,3429399
0.00,3282293
0.00,3211877
0.00,3151153
0.00,3129305
0.00,3063388
0.00,3115516
0.00,3068868
0.00,3055677
0.00,2940280
0.00,2946107
0.00,2863790
0.00,2829931
0.00,2801205
0.00,2759461
0.00,2753669
0.00,2743236
0.00,2771434
0.00,2657962
0.00,2757094
0.00,2717939
0.00,2678891
0.00,2673575
0.00,2508768
0.00,2487348
0.00,2417780
0.00,2381812
0.00,2375288
0.00,2366014
0.00,2283577
0.00,2261036
0.00,2295074
0.01,2347001
0.01,2312733
0.01,2340888
0.01,2341211
0.01,2300190
0.01,2365705
0.01,2429826
0.01,2440561
0.01,2430083
0.01,2448560
0.01,2428835
0.01,2303007
0.01,2312110
0.01,2307119
0.01,2280781
0.01,2291854
0.01,2246498
0.01,2237748
0.01,2227983
0.01,2226286
0.01,2154722
0.01,2115791
0.01,2074798
0.01,2044046
0.01,1990886
0.01,1997715
0.01,1981183
0.01,1979122
0.01,1988062
0.01,2021555
0.01,2015397
0.01,1965871
0.01,1930601
0.01,1914350
0.01,1932437
0.01,1938950
0.01,1955868
0.01,1845858
0.01,1790473
0.01,1753180
0.01,1791190
0.01,1814921
0.01,1806120
0.01,1849013
0.01,1856665
0.01,1847977
0.01,1852754
0.01,1820454
0.01,1804023
0.01,1826533
0.01,1856310
0.01,1843283
0.01,1896507
0.01,1837822
0.01,1791002
0.01,1831213
0.01,1767576
0.01,1783867
0.01,1813842
0.01,1815446
0.01,1747710
0.01,1763325
0.01,1818067
0.01,1792643
0.01,1741475
0.01,1741282
0.01,1712738
0.01,1712705
0.01,1695981
0.01,1702902
0.01,1770247
0.01,1758527
0.01,1730042
0.01,1677970
0.01,1641112
0.01,1617481
0.01,1624771
0.01,1683870
0.01,1676184
0.01,1672744
0.01,1663737
0.01,1681362
0.01,1691867
0.01,1654872
0.01,1649549
0.01,1628672
0.01,1623046
0.01,1641226
0.01,1651401
0.01,1665144
0.01,1670256
0.01,1663917
0.01,1629871
0.01,1624084
0.01,1601920
0.01,1615518
0.01,1638239
0.01,1675628
0.01,1671759
0.01,1635096
0.01,1629854
0.01,1650774
0.01,1682874
0.01,1692566
0.01,1657645
0.01,1618597
0.01,1607977
0.01,1596866
0.01,1611294
0.01,1580619
0.01,1631479
0.01,1634014
0.01,1581099
0.01,1523243
0.01,1501388
0.01,1500155
0.01,1474771
0.01,1466938
0.01,1499462
0.01,1498791
0.01,1471436
0.01,1479797
0.01,1474364
0.01,1464019
0.01,1484283
0.01,1465067
0.01,1465043
0.01,1467976
0.01,1489616
0.01,1454698
0.01,1468850
0.01,1432880
0.01,1469961
0.01,1473594
0.01,1475097
0.01,1484819
0.01,1446448
0.01,1429401
0.01,1430889
0.01,1434066
0.01,1419290
0.01,1391773
0.01,1395643
0.01,1376464
0.01,1355294
0.01,1368446
0.01,1359610
0.01,1332696
0.01,1329330
0.01,1309292
0.01,1327069
0.01,1338079
0.01,1305220
0.01,1282882
0.01,1263073
0.01,1269841
0.01,1292046
0.01,1252050
0.01,1251413
0.01,1232688
0.01,1214671
0.01,1221874
0.01,1197200
0.01,1181886
0.01,1170455
0.01,1147322
0.01,1131903
0.01,1147499
0.01,1134780
0.01,1118356
0.01,1110973
0.01,1110301
0.01,1149776
0.01,1107779
0.01,1095744
0.01,1099169
0.01,1084520
0.01,1073377
0.01,1097276
0.01,1072103
0.01,1058615
0.01,1065076
0.01,1057126
0.01,1070945
0.01,1063691
0.01,1072758
0.01,1063724
0.01,1060022
0.01,1038951
0.01,1027506
0.01,1055955
0.01,1051897
0.01,1055531
0.01,1018545
0.01,1016200
0.01,1007901
0.01,999005
0.01,1003214
0.01,999857
0.01,986422
0.01,989633
0.01,986630
0.01,1011801
0.01,1024952
0.01,1009409
0.01,988629
0.01,975003
0.01,971727
0.01,971167
0.01,963338
0.01,956590
0.01,968497
0.01,950446
0.01,945692
0.01,940907
0.01,967721
0.01,970861
0.01,981944
0.01,975903
0.01,974952
0.01,976686
0.01,990826
0.01,1036237
0.01,1035747
0.01,1046322
0.01,1028356
0.01,995533
0.01,990194
0.01,957076
0.01,975473
0.01,937080
0.01,967875
0.01,987897
0.01,997039
0.01,997646
0.01,1004602
0.01,1012386
0.01,994904
0.01,968574
0.01,966501
0.01,993107
0.01,966023
0.01,941508
0.01,930619
0.01,924153
0.01,919555
0.01,913117
0.01,909771
0.01,906487
0.02,938956
0.02,903834
0.02,901566
0.02,927439
0.02,899337
0.02,893176
0.02,900123
0.02,888889
0.02,885500
0.02,882794
0.02,880721
0.02,878789
0.02,892602
0.02,908516
0.02,896961
0.02,901903
0.02,903175
0.02,888105
0.02,877654
0.02,879376
0.02,913169
0.02,903360
0.02,889528
0.02,882653
0.02,876584
0.02,886990
0.02,880775
0.02,872912
0.02,872169
0.02,871232
0.02,870783
0.02,870438
0.02,870323
0.02,870283
