0.00, 5653789
0.00, 5587383
0.00, 5550789
0.00, 5507763
0.00, 5462474
0.00, 5439390
0.00, 5404022
0.00, 5374104
0.00, 5370511
0.00, 5366581
0.00, 5353075
0.00, 5247530
0.00, 5235375
0.00, 5235291
0.00, 5164317
0.00, 5157211
0.00, 5144356
0.00, 5139999
0.00, 5139847
0.00, 5135743
0.00, 5133936
0.00, 5115590
0.00, 5096495
0.00, 5058811
0.00, 4954134
0.00, 4816787
0.00, 4806930
0.00, 4795081
0.00, 4756267
0.00, 4753453
0.00, 4744743
0.00, 4738663
0.00, 4673274
0.00, 4667349
0.00, 4667022
0.00, 4640555
0.00, 4622455
0.00, 4593140
0.00, 4585038
0.00, 4432931
0.00, 4428449
0.00, 4417215
0.00, 4404819
0.00, 4385294
0.00, 4374990
0.00, 4335549
0.00, 4328073
0.00, 4320695
0.00, 4319872
0.00, 4301932
0.00, 4250800
0.00, 4248520
0.00, 4243026
0.00, 4217388
0.00, 4204290
0.00, 4166888
0.00, 4148497
0.00, 4132306
0.00, 4081121
0.00, 4062469
0.00, 4045296
0.00, 4028750
0.00, 4022221
0.00, 4010209
0.00, 4005224
0.00, 3992409
0.00, 3990596
0.00, 3975252
0.00, 3972000
0.00, 3918643
0.00, 3892476
0.00, 3881977
0.01, 3872238
0.01, 3868037
0.01, 3864644
0.01, 3864098
0.01, 3863401
0.01, 3857470
0.01, 3827241
0.01, 3798094
0.01, 3795756
0.01, 3780334
0.01, 3780153
0.01, 3725177
0.01, 3673481
0.01, 3668541
0.01, 3666390
0.01, 3625191
0.01, 3612089
0.01, 3598646
0.01, 3585940
0.01, 3577905
0.01, 3549898
0.01, 3494595
0.01, 3458605
0.01, 3455547
0.01, 3443639
0.01, 3432517
0.01, 3429248
0.01, 3424714
0.01, 3387750
0.01, 3351954
0.01, 3347881
0.01, 3337515
0.01, 3306481
0.01, 3274226
0.01, 3260529
0.01, 3255212
0.01, 3223935
0.01, 3183482
0.01, 3092173
0.01, 3050233
0.01, 3027662
0.01, 3025674
0.01, 2952139
0.01, 2939889
0.01, 2930462
0.01, 2925545
0.01, 2923471
0.01, 2921731
0.01, 2921617
0.01, 2899315
0.01, 2889744
0.01, 2888268
0.01, 2882024
0.01, 2878503
0.01, 2870657
0.01, 2864766
0.01, 2855881
0.01, 2847846
0.01, 2805271
0.01, 2779884
0.01, 2779100
0.01, 2748866
0.01, 2736144
0.01, 2727489
0.01, 2718057
0.01, 2707554
0.01, 2705783
0.01, 2691936
0.01, 2680921
0.01, 2680607
0.02, 2679669
0.02, 2673820
0.02, 2669942
0.02, 2641846
0.02, 2637094
0.02, 2615170
0.02, 2596249
0.02, 2582044
0.02, 2538991
0.02, 2535272
0.02, 2532621
0.02, 2531243
0.02, 2529178
0.02, 2529047
0.02, 2489128
0.02, 2441956
0.02, 2418210
0.03, 2401591
0.03, 2400126
0.03, 2352974
0.03, 2349121
0.03, 2348936
0.03, 2338463
0.03, 2329257
0.03, 2328061
0.03, 2327031
0.03, 2300498
0.03, 2297125
0.05, 2288066
0.05, 2287676
0.05, 2277247
0.05, 2266038
0.05, 2227993
0.05, 2208138
0.05, 2204515
0.05, 2192569
0.07, 2172130
0.07, 2146404
0.07, 2146402
0.07, 2138180
0.08, 2135428
0.08, 2132217
0.08, 2128942
0.09, 2077042
0.09, 2058679
0.09, 2057596
0.09, 2048314
0.09, 2025370
0.09, 2020330
0.09, 2013255
0.10, 1990400
0.10, 1987647
0.10, 1976116
0.10, 1963331
0.10, 1956732
0.10, 1946821
0.10, 1941782
0.10, 1875899
0.13, 1875259
0.13, 1865350
0.13, 1861798
0.13, 1852710
0.13, 1850199
0.13, 1835117
0.14, 1834870
0.14, 1833610
0.14, 1832814
0.14, 1830812
0.14, 1828288
0.14, 1822253
0.14, 1819831
0.14, 1815051
0.14, 1811603
0.14, 1789437
0.14, 1786617
0.14, 1766735
0.14, 1759111
0.14, 1744278
0.14, 1714449
0.16, 1712516
0.16, 1696632
0.17, 1693964
0.18, 1677288
0.18, 1662595
0.18, 1624280
0.19, 1623579
0.19, 1617850
0.19, 1606725
0.20, 1584352
0.20, 1573864
0.20, 1571060
0.20, 1562085
0.20, 1550223
0.20, 1540861
0.20, 1540190
0.20, 1524407
0.20, 1514181
0.20, 1504085
0.20, 1503520
0.20, 1490207
0.20, 1482693
0.20, 1477331
0.20, 1477318
0.20, 1475961
0.20, 1472650
0.20, 1469907
0.20, 1463090
0.20, 1448150
0.20, 1446679
0.20, 1445902
0.20, 1432873
0.20, 1428005
0.20, 1422777
0.20, 1417283
0.24, 1400188
0.24, 1398825
0.24, 1392910
0.24, 1370178
0.24, 1367635
0.24, 1360899
0.24, 1349066
0.24, 1344451
0.26, 1337850
0.26, 1335432
0.26, 1335403
0.27, 1328744
0.27, 1307672
0.27, 1307438
0.27, 1307231
0.28, 1296736
0.28, 1295210
0.28, 1267947
0.28, 1263729
0.28, 1255345
0.28, 1255175
0.28, 1252771
0.28, 1249446
0.29, 1244259
0.29, 1212855
0.29, 1212074
0.29, 1197150
0.29, 1194612
0.29, 1187417
0.30, 1181174
0.30, 1175640
0.30, 1163563
0.30, 1158969
0.30, 1152572
0.30, 1149512
0.30, 1148570
0.30, 1145542
0.30, 1139478
0.30, 1131818
0.30, 1124918
0.30, 1123383
0.36, 1122331
0.36, 1121603
0.37, 1117411
0.37, 1115311
0.37, 1110201
0.37, 1099603
0.37, 1094136
0.37, 1090254
0.37, 1080007
0.37, 1078524
0.37, 1069060
0.37, 1067549
0.37, 1066333
0.38, 1061870
0.40, 1061282
0.40, 1059156
0.40, 1044761
0.40, 1041709
0.40, 1033310
0.40, 1029348
0.40, 1022936
0.40, 1022703
0.40, 1018457
0.40, 1016997
0.41, 1011734
0.41, 1010322
0.44, 1007798
0.44, 1006956
0.44, 1004657
0.44, 1001674
0.44, 986422
0.44, 984896
0.45, 984796
0.45, 984735
0.45, 983036
0.46, 977451
0.46, 975977
0.46, 975098
0.46, 970132
0.46, 965450
0.46, 965056
0.46, 965034
0.46, 964040
0.46, 962154
0.46, 954438
0.46, 950433
0.46, 943299
0.46, 942188
0.46, 936559
0.46, 932663
0.46, 932476
0.46, 928499
0.46, 928450
0.46, 926182
0.46, 926136
0.46, 918446
0.46, 910695
0.48, 909501
0.48, 901206
0.50, 894421
0.50, 891205
0.50, 890440
0.50, 888640
0.50, 881942
0.51, 873346
0.52, 872757
0.52, 872095
0.52, 866569
0.52, 863821
0.58, 863817
0.58, 861963
0.58, 861828
0.58, 861449
0.58, 860163
0.58, 855406
0.58, 852501
0.58, 851532
0.59, 850430
0.59, 846341
0.59, 846301
0.64, 846247
0.64, 845494
0.64, 837665
0.64, 834760
0.64, 834743
0.64, 833883
0.64, 832481
0.66, 828836
0.67, 828243
0.67, 827799
0.67, 823369
0.67, 823209
0.67, 822687
0.67, 822001
0.69, 821553
0.69, 820867
0.69, 820161
0.72, 819397
0.74, 818985
0.74, 816581
0.79, 816334
0.80, 814684
0.80, 814420
0.80, 813971
0.81, 812734
0.81, 812113
0.87, 812084
0.90, 811429
0.95, 811110
0.95, 810503
