0.05, 5859152
0.05, 5762982
0.05, 5738710
0.05, 5595622
0.05, 5582723
0.05, 5558842
0.05, 5513644
0.05, 5395363
0.05, 5360687
0.05, 5343727
0.05, 5256946
0.05, 5252914
0.05, 5091400
0.05, 4996331
0.05, 4972794
0.05, 4947947
0.05, 4914255
0.05, 4905825
0.05, 4892950
0.05, 4876155
0.05, 4795783
0.05, 4717393
0.05, 4703398
0.05, 4700613
0.05, 4700343
0.05, 4641582
0.05, 4635394
0.05, 4624194
0.05, 4512848
0.05, 4512619
0.05, 4421191
0.05, 4402483
0.05, 4376822
0.05, 4304839
0.05, 4257184
0.05, 4139758
0.05, 4123059
0.05, 4104310
0.05, 4098026
0.05, 4082982
0.05, 4081351
0.05, 3999324
0.05, 3989283
0.05, 3969179
0.05, 3968327
0.05, 3942319
0.05, 3929240
0.05, 3874745
0.05, 3860833
0.05, 3850785
0.05, 3816509
0.05, 3816445
0.05, 3779577
0.05, 3778840
0.05, 3684287
0.05, 3665986
0.05, 3600502
0.05, 3559149
0.05, 3524333
0.05, 3476600
0.05, 3439822
0.05, 3439807
0.05, 3417343
0.05, 3349281
0.05, 3345617
0.05, 3332267
0.05, 3327451
0.05, 3324342
0.05, 3311625
0.05, 3277988
0.05, 3276513
0.05, 3255485
0.05, 3249098
0.05, 3200550
0.05, 3186544
0.05, 3174234
0.05, 3167764
0.05, 3156607
0.05, 3127818
0.05, 3100154
0.05, 3099376
0.05, 3099148
0.05, 3093892
0.05, 3052861
0.05, 3047652
0.05, 3038993
0.05, 3021379
0.05, 2973208
0.05, 2931631
0.05, 2863647
0.05, 2849518
0.05, 2804475
0.05, 2801078
0.05, 2786932
0.05, 2769679
0.05, 2710608
0.05, 2705911
0.05, 2640788
0.05, 2622322
0.05, 2583495
0.06, 2565683
0.06, 2527643
0.06, 2505474
0.06, 2501661
0.06, 2496946
0.07, 2473540
0.07, 2466863
0.07, 2460297
0.07, 2456169
0.07, 2406952
0.07, 2404313
0.09, 2362894
0.09, 2358674
0.09, 2356075
0.09, 2333268
0.09, 2311334
0.09, 2263672
0.09, 2260183
0.09, 2248495
0.09, 2247037
0.09, 2245645
0.09, 2229001
0.09, 2221417
0.09, 2220271
0.10, 2219519
0.10, 2215281
0.10, 2199345
0.10, 2199044
0.11, 2192420
0.11, 2192404
0.11, 2175984
0.11, 2174928
0.11, 2171245
0.11, 2162944
0.11, 2149329
0.13, 2137567
0.13, 2135601
0.13, 2132909
0.13, 2125808
0.13, 2108239
0.13, 2099491
0.13, 2080759
0.13, 2076557
0.14, 2063174
0.14, 2060476
0.16, 2055602
0.16, 1999307
0.16, 1988290
0.16, 1982704
0.16, 1981638
0.16, 1978727
0.16, 1975758
0.16, 1972364
0.16, 1966626
0.16, 1963641
0.16, 1942338
0.17, 1941101
0.17, 1921240
0.17, 1915455
0.17, 1898813
0.17, 1898210
0.17, 1873857
0.17, 1852108
0.17, 1837385
0.17, 1836450
0.17, 1829664
0.17, 1819018
0.17, 1818884
0.17, 1817600
0.19, 1810599
0.19, 1803566
0.19, 1802473
0.19, 1786230
0.20, 1784713
0.20, 1772282
0.20, 1763522
0.20, 1757919
0.20, 1751242
0.20, 1749635
0.21, 1746891
0.21, 1720658
0.21, 1720504
0.21, 1714514
0.21, 1701150
0.21, 1696009
0.21, 1668692
0.21, 1591550
0.21, 1588984
0.21, 1584387
0.21, 1584039
0.21, 1576217
0.21, 1575038
0.21, 1569494
0.21, 1568979
0.21, 1567152
0.21, 1551520
0.21, 1548874
0.21, 1546830
0.26, 1546319
0.26, 1545031
0.26, 1537110
0.26, 1534542
0.26, 1506164
0.26, 1506003
0.26, 1504450
0.26, 1491171
0.26, 1490327
0.26, 1485177
0.26, 1467353
0.26, 1464246
0.27, 1462546
0.27, 1460943
0.27, 1449330
0.27, 1448328
0.28, 1440475
0.28, 1435615
0.28, 1428135
0.28, 1424851
0.28, 1424043
0.29, 1423336
0.29, 1416650
0.29, 1399114
0.29, 1397280
0.29, 1396465
0.30, 1390204
0.30, 1387030
0.30, 1371295
0.30, 1368980
0.30, 1353519
0.30, 1352266
0.30, 1350247
0.30, 1342990
0.30, 1342560
0.30, 1336353
0.30, 1336091
0.30, 1329699
0.30, 1322390
0.30, 1316641
0.30, 1302967
0.30, 1280842
0.30, 1272742
0.33, 1261807
0.33, 1260217
0.33, 1250508
0.33, 1245280
0.33, 1225842
0.33, 1225264
0.33, 1214177
0.34, 1193888
0.34, 1186486
0.36, 1179298
0.36, 1177825
0.36, 1176232
0.36, 1175110
0.36, 1172834
0.36, 1172353
0.36, 1156469
0.36, 1155126
0.38, 1146604
0.38, 1143230
0.38, 1142510
0.38, 1134838
0.38, 1132852
0.38, 1127140
0.42, 1127055
0.42, 1119560
0.42, 1117396
0.42, 1108658
0.42, 1096656
0.42, 1081943
0.42, 1074454
0.42, 1069615
0.42, 1057243
0.42, 1056269
0.42, 1055599
0.43, 1049127
0.43, 1048077
0.44, 1045353
0.44, 1043875
0.44, 1037029
0.44, 1036995
0.44, 1034289
0.44, 1031231
0.44, 1019836
0.44, 1018959
0.44, 1018378
0.44, 1013538
0.44, 1012768
0.44, 1005127
0.44, 1005093
0.44, 1000980
0.44, 1000309
0.44, 999044
0.44, 997694
0.44, 992059
0.45, 987161
0.45, 986944
0.45, 986814
0.46, 985556
0.47, 983295
0.47, 982108
0.48, 974497
0.48, 972743
0.48, 961263
0.48, 957576
0.48, 954975
0.48, 954879
0.48, 952603
0.48, 950011
0.48, 948690
0.48, 945585
0.48, 942610
0.48, 939746
0.48, 937461
0.53, 935728
0.53, 934291
0.53, 933588
0.53, 932316
0.54, 929578
0.54, 925999
0.54, 918531
0.54, 917834
0.54, 911917
0.54, 910132
0.54, 910012
0.54, 909616
0.54, 901709
0.58, 899710
0.58, 899462
0.58, 896544
0.59, 894546
0.59, 894053
0.59, 891700
0.59, 891029
0.59, 886224
0.59, 885708
0.60, 884865
0.60, 877975
0.60, 876015
0.60, 874359
0.60, 872165
0.60, 869367
0.61, 866796
0.61, 861082
0.61, 859266
0.61, 858840
0.61, 853457
0.61, 852389
0.62, 849597
0.65, 848147
0.65, 842342
0.65, 841320
0.65, 840449
0.65, 840249
0.65, 838963
0.65, 838955
0.65, 838466
0.65, 835100
0.70, 835035
0.70, 834588
0.70, 834542
0.70, 833343
0.70, 827286
0.71, 826914
0.71, 826833
0.71, 824129
0.71, 822740
0.71, 821764
0.71, 818859
0.87, 818316
0.87, 816243
0.87, 815577
0.87, 814702
0.87, 813765
0.93, 813575
0.97, 813536
0.97, 812698
0.99, 812598
1.03, 812302
2.98, 811520
3.07, 810991
3.10, 810952
3.12, 810645
3.12, 810196
