0.04, 5739963
0.04, 5712089
0.04, 5641187
0.04, 5640866
0.04, 5585925
0.04, 5584428
0.04, 5478036
0.04, 5336517
0.04, 5286651
0.04, 5266276
0.04, 5263232
0.04, 5257644
0.04, 5249546
0.04, 5211384
0.04, 5173239
0.04, 5090657
0.04, 5080646
0.04, 5071775
0.04, 5037351
0.04, 5035403
0.04, 5008680
0.04, 4848327
0.04, 4760280
0.04, 4728830
0.04, 4724362
0.04, 4715391
0.04, 4703989
0.04, 4688808
0.04, 4672419
0.04, 4664457
0.04, 4652348
0.04, 4647624
0.04, 4644881
0.04, 4644307
0.04, 4634548
0.04, 4630188
0.04, 4554064
0.04, 4544272
0.04, 4517669
0.04, 4510330
0.04, 4502266
0.04, 4485856
0.04, 4473228
0.04, 4434505
0.04, 4431829
0.04, 4368206
0.04, 4329709
0.04, 4315997
0.04, 4308777
0.04, 4307793
0.04, 4304130
0.04, 4276405
0.04, 4264455
0.04, 4226295
0.04, 4209431
0.04, 4150941
0.04, 4112530
0.04, 4083751
0.04, 4080639
0.04, 4060806
0.04, 4058497
0.04, 4050624
0.04, 4049807
0.04, 4034544
0.04, 4002932
0.04, 3998724
0.04, 3922820
0.04, 3883273
0.04, 3860131
0.04, 3822041
0.04, 3765140
0.04, 3729215
0.04, 3685410
0.04, 3678368
0.04, 3646325
0.04, 3603107
0.04, 3588183
0.04, 3588109
0.04, 3535008
0.04, 3496177
0.04, 3482542
0.04, 3457457
0.04, 3451830
0.04, 3433355
0.04, 3399108
0.04, 3340361
0.04, 3335922
0.04, 3328956
0.04, 3327194
0.04, 3274931
0.04, 3237821
0.04, 3230156
0.04, 3180662
0.04, 3138301
0.04, 3125341
0.04, 3120870
0.04, 3074327
0.04, 3050383
0.04, 3045621
0.04, 3015966
0.04, 3013990
0.04, 2998614
0.04, 2981065
0.04, 2965564
0.04, 2941551
0.04, 2937949
0.04, 2914574
0.04, 2893521
0.04, 2872868
0.04, 2862140
0.04, 2824641
0.04, 2824589
0.04, 2817505
0.04, 2796772
0.04, 2796079
0.04, 2788580
0.04, 2775995
0.04, 2756159
0.04, 2750090
0.04, 2729446
0.04, 2725606
0.04, 2701137
0.05, 2667202
0.05, 2608223
0.05, 2589943
0.05, 2569405
0.05, 2521891
0.05, 2493731
0.05, 2475388
0.06, 2361531
0.06, 2340044
0.06, 2339788
0.06, 2326756
0.06, 2323463
0.06, 2309100
0.08, 2293502
0.08, 2266350
0.10, 2230223
0.10, 2229394
0.10, 2227159
0.10, 2205840
0.10, 2202901
0.10, 2196613
0.10, 2194107
0.10, 2177448
0.10, 2173738
0.10, 2164406
0.10, 2160075
0.10, 2116558
0.10, 2105645
0.10, 2100039
0.11, 2081767
0.11, 2075809
0.11, 2061518
0.11, 2057309
0.11, 2053982
0.11, 2043386
0.11, 2042993
0.11, 2037628
0.11, 2018393
0.12, 1982932
0.12, 1962976
0.12, 1961581
0.12, 1950596
0.12, 1950370
0.12, 1945253
0.14, 1943385
0.14, 1915851
0.16, 1904504
0.16, 1876570
0.16, 1864206
0.16, 1852476
0.16, 1834648
0.16, 1830669
0.16, 1827063
0.16, 1780542
0.20, 1771121
0.20, 1765213
0.21, 1755739
0.22, 1751977
0.22, 1709221
0.22, 1697821
0.22, 1692370
0.22, 1675581
0.22, 1655071
0.22, 1653179
0.22, 1651750
0.22, 1646537
0.24, 1644270
0.24, 1641900
0.24, 1630874
0.24, 1597937
0.24, 1588198
0.24, 1581954
0.24, 1574497
0.24, 1558461
0.24, 1550244
0.24, 1549988
0.24, 1548813
0.24, 1544184
0.24, 1520021
0.24, 1519528
0.24, 1516453
0.24, 1513947
0.25, 1507712
0.25, 1506907
0.25, 1506236
0.25, 1492694
0.25, 1473788
0.25, 1472295
0.25, 1469000
0.26, 1467287
0.26, 1464753
0.26, 1459907
0.27, 1447065
0.27, 1432220
0.27, 1424673
0.27, 1414929
0.28, 1414847
0.28, 1390869
0.28, 1387081
0.28, 1385284
0.28, 1379987
0.28, 1378046
0.28, 1369347
0.28, 1367684
0.28, 1367569
0.30, 1360765
0.30, 1352717
0.30, 1344634
0.30, 1344503
0.30, 1322050
0.30, 1321324
0.30, 1306113
0.30, 1290097
0.30, 1252195
0.30, 1243744
0.30, 1240073
0.30, 1236826
0.33, 1225068
0.33, 1223193
0.33, 1222517
0.33, 1222125
0.33, 1219329
0.34, 1215868
0.34, 1215127
0.34, 1201235
0.34, 1199701
0.34, 1197348
0.34, 1195733
0.34, 1195359
0.34, 1174874
0.34, 1169708
0.34, 1164483
0.34, 1160212
0.34, 1151537
0.35, 1150095
0.35, 1149912
0.35, 1146759
0.35, 1140684
0.35, 1133305
0.35, 1126322
0.35, 1111632
0.35, 1109696
0.35, 1107714
0.35, 1093776
0.35, 1093271
0.40, 1090363
0.40, 1087985
0.40, 1084839
0.40, 1081934
0.40, 1079348
0.40, 1072662
0.40, 1068965
0.40, 1062290
0.40, 1060824
0.44, 1059479
0.44, 1048965
0.44, 1043758
0.44, 1041444
0.44, 1028052
0.44, 1027371
0.45, 1011778
0.45, 1003185
0.45, 997945
0.45, 992390
0.47, 989492
0.47, 978634
0.47, 978246
0.47, 977051
0.47, 975955
0.47, 975308
0.49, 973499
0.49, 963817
0.49, 953778
0.49, 953721
0.49, 951548
0.49, 945955
0.50, 945635
0.50, 943562
0.50, 942273
0.52, 940897
0.52, 937427
0.53, 935421
0.53, 934439
0.53, 933856
0.53, 932862
0.53, 922875
0.53, 919603
0.53, 913546
0.53, 908801
0.53, 903847
0.53, 902857
0.53, 901918
0.53, 900805
0.53, 897952
0.53, 886777
0.53, 885277
0.53, 883654
0.53, 875869
0.54, 874935
0.54, 873063
0.54, 871980
0.54, 870984
0.54, 866367
0.61, 863880
0.61, 859343
0.61, 854943
0.61, 854459
0.61, 854226
0.61, 854180
0.61, 853344
0.61, 850066
0.61, 848782
0.61, 847179
0.62, 847004
0.67, 845936
0.67, 842833
0.67, 840491
0.67, 839644
0.67, 839028
0.67, 838632
0.68, 837047
0.69, 837014
0.69, 835815
0.72, 835701
0.73, 833353
0.74, 833166
0.74, 829904
0.77, 829543
0.79, 828952
0.83, 828342
0.83, 828296
0.84, 827364
0.86, 826780
0.87, 826593
0.88, 826341
0.92, 826039
0.92, 825591
0.92, 825579
0.92, 824741
0.93, 824343
0.93, 824331
1.03, 824304
1.08, 824303
1.19, 824264
1.20, 824252
2.57, 823287
2.57, 822544
2.57, 820771
2.68, 818505
2.71, 818056
2.71, 817553
2.71, 816616
2.73, 816477
2.73, 816292
2.73, 815355
2.73, 814576
2.75, 813714
2.75, 813674
2.84, 813522
2.94, 812724
3.01, 812723
3.02, 812684
5.03, 812483
5.03, 812444
5.06, 812404
11.10, 811447
11.18, 811428
11.18, 810452
