0.00,5325512
0.00,5184899
0.00,5025445
0.00,4970101
0.00,4783716
0.00,4658155
0.00,4629533
0.00,4580777
0.00,4526112
0.00,4535508
0.00,4322882
0.00,4261848
0.00,4165691
0.00,4178448
0.00,3988436
0.00,3872358
0.00,3866475
0.00,3936442
0.00,3849243
0.00,3752883
0.00,3754744
0.00,3664706
0.00,3675648
0.00,3562824
0.00,3522620
0.00,3536910
0.00,3501548
0.00,3566955
0.00,3493260
0.00,3529371
0.00,3502912
0.00,3386647
0.00,3305013
0.00,3374582
0.00,3307551
0.00,3361572
0.00,3292496
0.00,3172223
0.00,3130864
0.00,3072720
0.00,3062519
0.00,3087022
0.00,2983742
0.00,2930924
0.00,2886216
0.00,2820106
0.00,2799342
0.00,2803565
0.00,2786390
0.00,2719157
0.00,2680533
0.00,2615475
0.00,2554578
0.00,2513211
0.00,2533925
0.00,2550964
0.00,2550020
0.00,2531028
0.00,2539385
0.00,2529366
0.00,2567970
0.00,2553839
0.00,2491081
0.01,2466861
0.01,2417997
0.01,2394204
0.01,2390244
0.01,2348059
0.01,2382487
0.01,2297405
0.01,2302988
0.01,2310690
0.01,2408426
0.01,2395865
0.01,2401748
0.01,2315888
0.01,2309496
0.01,2309492
0.01,2327542
0.01,2247348
0.01,2262065
0.01,2187869
0.01,2184381
0.01,2186804
0.01,2194854
0.01,2203248
0.01,2174755
0.01,2119753
0.01,2160801
0.01,2194664
0.01,2224387
0.01,2190163
0.01,2196557
0.01,2236317
0.01,2190325
0.01,2183148
0.01,2119451
0.01,2077863
0.01,2200174
0.01,2214634
0.01,2230653
0.01,2197056
0.01,2202459
0.01,2134341
0.01,2090017
0.01,2114168
0.01,2174198
0.01,2154999
0.01,2156983
0.01,2077019
0.01,2092200
0.01,2119213
0.01,2132567
0.01,2181143
0.01,2028843
0.01,2015546
0.01,1986221
0.01,1926069
0.01,1949726
0.01,1955044
0.01,1938002
0.01,1921153
0.01,1910469
0.01,1870499
0.01,1846901
0.01,1848975
0.01,1849284
0.01,1875359
0.01,1857662
0.01,1851882
0.01,1833293
0.01,1767069
0.01,1738587
0.01,1766283
0.01,1788974
0.01,1787421
0.01,1752301
0.01,1739972
0.01,1698544
0.01,1639793
0.01,1654236
0.01,1694345
0.01,1690871
0.01,1605407
0.01,1624473
0.01,1630578
0.01,1623372
0.01,1629161
0.01,1686800
0.01,1697975
0.01,1764570
0.01,1753697
0.01,1714822
0.01,1682549
0.01,1585096
0.01,1605556
0.01,1667613
0.01,1719249
0.01,1715840
0.01,1594005
0.01,1597023
0.01,1514637
0.01,1538591
0.01,1569169
0.01,1594828
0.01,1603668
0.01,1652699
0.01,1688008
0.01,1712635
0.01,1731273
0.01,1735624
0.01,1688971
0.01,1684422
0.01,1622051
0.01,1618920
0.01,1624616
0.01,1605216
0.01,1559861
0.01,1550919
0.01,1548161
0.01,1538339
0.01,1554724
0.01,1551995
0.01,1522423
0.01,1564327
0.01,1547252
0.01,1556966
0.01,1541124
0.01,1474374
0.01,1488916
0.01,1496418
0.01,1477900
0.01,1522077
0.01,1424646
0.01,1388275
0.01,1414088
0.01,1383917
0.01,1389478
0.01,1349086
0.01,1339550
0.01,1351685
0.01,1337717
0.01,1302166
0.01,1282216
0.01,1272740
0.01,1255123
0.01,1241397
0.01,1239855
0.01,1229404
0.01,1226432
0.01,1219962
0.01,1205744
0.01,1191536
0.01,1188868
0.01,1188084
0.01,1173329
0.01,1173404
0.01,1178856
0.01,1185585
0.01,1200778
0.01,1213420
0.01,1201241
0.01,1227624
0.01,1226520
0.01,1181089
0.01,1174131
0.01,1190049
0.01,1217938
0.01,1224850
0.01,1260365
0.01,1263479
0.01,1240628
0.01,1232347
0.01,1219349
0.01,1194581
0.01,1187950
0.01,1190945
0.01,1193295
0.01,1208675
0.01,1214014
0.01,1175072
0.01,1170065
0.01,1196230
0.01,1150445
0.01,1138407
0.01,1121251
0.01,1108372
0.01,1104433
0.01,1094075
0.01,1084016
0.01,1071461
0.01,1062335
0.01,1056515
0.01,1058609
0.01,1066680
0.01,1120993
0.01,1123955
0.01,1119105
0.01,1091483
0.01,1142116
0.01,1131652
0.01,1104772
0.01,1120410
0.01,1149937
0.01,1153090
0.01,1134918
0.01,1127419
0.01,1112017
0.01,1089787
0.01,1063053
0.01,1068873
0.01,1078771
0.01,1114727
0.01,1162961
0.01,1235300
0.01,1215383
0.01,1190764
0.01,1211473
0.01,1191165
0.01,1183921
0.01,1184736
0.01,1184638
0.01,1189145
0.01,1174432
0.01,1128462
0.01,1113144
0.01,1179318
0.01,1160428
0.01,1136206
0.01,1143960
0.01,1188730
0.01,1196505
0.01,1198154
0.01,1190060
0.01,1241716
0.01,1240632
0.01,1256278
0.01,1233214
0.01,1186187
0.01,1158243
0.01,1159495
0.01,1140173
0.01,1104989
0.01,1072861
0.01,1079696
0.01,1093654
0.01,1091663
0.01,1037087
0.01,1037289
0.01,1057581
0.01,1036391
0.01,1043815
0.01,1012473
0.01,1010512
0.01,994513
0.01,1011794
0.01,1030362
0.01,1068714
0.01,1049052
0.01,1051411
0.01,1065475
0.01,1070429
0.01,1072988
0.01,1040003
0.01,1019170
0.01,1033169
0.01,1011365
0.01,981674
0.01,993871
0.01,973454
0.01,984960
0.01,956977
0.01,967059
0.01,964593
0.01,947006
0.01,949698
0.01,969426
0.01,943043
0.01,934194
0.01,924661
0.01,916830
0.01,909815
0.01,917882
0.01,915363
0.01,903677
0.01,896201
0.01,889400
0.01,886848
0.01,885749
0.01,879349
0.01,875150
0.01,870080
0.01,867458
0.01,862777
0.01,856365
0.01,852649
0.01,849031
0.01,845524
0.01,842090
0.01,838821
0.01,835903
0.01,833190
0.01,830786
0.01,828452
0.01,826484
0.01,824828
0.01,823217
0.01,848604
0.01,851799
0.01,849478
0.01,859603
0.01,844923
0.01,843456
0.01,845196
0.01,852321
0.01,866754
0.01,845470
0.01,855326
0.01,855599
0.02,866405
0.02,893638
0.02,916262
0.02,948955
0.02,1014663
0.02,1029590
0.02,1030766
0.02,1044639
0.02,1058172
0.02,1069761
0.02,1086035
0.02,1058281
0.02,1067186
0.02,1056217
0.02,990249
0.02,984517
0.02,979463
0.02,982641
0.02,989002
0.02,891859
0.02,884133
0.02,889015
0.02,892498
0.02,895114
0.02,906473
0.02,902038
0.02,914516
0.02,940318
0.02,928626
0.02,919026
0.02,908976
0.02,885475
0.02,857734
0.02,827344
0.02,841628
0.02,822101
0.02,821263
0.02,820484
