0.00,5905248
0.00,5483724
0.00,5290880
0.00,5218586
0.00,5133677
0.00,4912917
0.00,4920508
0.00,4959554
0.00,4750989
0.00,4818288
0.00,4739531
0.00,4632579
0.00,4553181
0.00,4574583
0.00,4442269
0.00,4383297
0.00,4262875
0.00,4231573
0.00,4270814
0.00,4151635
0.00,4075383
0.00,3921756
0.00,3925053
0.00,3842595
0.00,3788308
0.00,3652619
0.00,3654100
0.00,3687539
0.00,3675741
0.00,3648197
0.00,3618446
0.00,3536959
0.00,3455952
0.00,3419884
0.00,3363614
0.00,3292736
0.00,3314425
0.00,3373463
0.00,3284145
0.00,3305767
0.00,3272249
0.00,3208867
0.00,3189847
0.00,3131827
0.00,3020797
0.00,2965800
0.00,2923988
0.00,2855078
0.00,2843414
0.00,2751302
0.00,2682002
0.00,2632312
0.00,2590843
0.00,2649551
0.00,2571383
0.00,2514017
0.00,2505879
0.00,2512311
0.00,2557259
0.00,2615959
0.00,2512665
0.00,2574064
0.00,2647456
0.00,2671951
0.00,2592066
0.00,2542398
0.00,2527582
0.00,2418586
0.00,2396510
0.00,2460474
0.00,2464742
0.00,2413087
0.00,2361992
0.00,2379900
0.00,2414208
0.01,2389014
0.01,2321361
0.01,2286223
0.01,2243627
0.01,2180312
0.01,2143326
0.01,2142421
0.01,2253886
0.01,2251156
0.01,2133999
0.01,2215312
0.01,2193377
0.01,2145280
0.01,2108423
0.01,2055529
0.01,2016748
0.01,1966018
0.01,2011456
0.01,2039592
0.01,2019457
0.01,2055219
0.01,2056347
0.01,2063052
0.01,2071665
0.01,2059322
0.01,2078293
0.01,2071655
0.01,2048812
0.01,2089707
0.01,2057803
0.01,2043968
0.01,2031418
0.01,1990881
0.01,1986145
0.01,1988842
0.01,1995774
0.01,2016549
0.01,1994563
0.01,1917684
0.01,1956063
0.01,1908450
0.01,1902778
0.01,1921611
0.01,1999809
0.01,2094043
0.01,2043723
0.01,2038503
0.01,2038880
0.01,2015639
0.01,1997598
0.01,1990128
0.01,1955837
0.01,1995070
0.01,1932550
0.01,1986884
0.01,2057386
0.01,2027208
0.01,1992372
0.01,1990779
0.01,2019971
0.01,2013151
0.01,1976258
0.01,1967134
0.01,1960900
0.01,1918375
0.01,1934673
0.01,1949838
0.01,2040201
0.01,2062427
0.01,1975859
0.01,1927923
0.01,1860716
0.01,1876445
0.01,1877760
0.01,1942978
0.01,1960040
0.01,1929276
0.01,1915401
0.01,1829526
0.01,1819904
0.01,1816506
0.01,1812554
0.01,1787017
0.01,1799158
0.01,1810755
0.01,1813632
0.01,1777544
0.01,1784231
0.01,1796310
0.01,1769862
0.01,1771718
0.01,1759383
0.01,1740020
0.01,1735788
0.01,1724343
0.01,1684034
0.01,1656021
0.01,1665619
0.01,1628955
0.01,1636579
0.01,1601891
0.01,1652884
0.01,1636373
0.01,1636608
0.01,1650309
0.01,1611889
0.01,1596220
0.01,1551959
0.01,1542345
0.01,1533697
0.01,1511031
0.01,1486374
0.01,1507313
0.01,1488253
0.01,1524608
0.01,1477965
0.01,1592723
0.01,1598772
0.01,1596592
0.01,1571323
0.01,1502016
0.01,1505257
0.01,1519403
0.01,1524344
0.01,1483507
0.01,1524822
0.01,1622434
0.01,1622694
0.01,1653214
0.01,1624021
0.01,1601644
0.01,1579972
0.01,1595272
0.01,1560761
0.01,1561385
0.01,1581698
0.01,1605874
0.01,1636861
0.01,1629035
0.01,1639633
0.01,1662861
0.01,1648601
0.01,1647002
0.01,1629026
0.01,1639664
0.01,1585403
0.01,1581183
0.01,1531748
0.01,1491746
0.01,1442170
0.01,1441286
0.01,1434647
0.01,1453508
0.01,1466000
0.01,1458068
0.01,1492395
0.01,1517635
0.01,1477478
0.01,1421589
0.01,1416967
0.01,1416176
0.01,1410274
0.01,1392429
0.01,1404604
0.01,1396853
0.01,1395969
0.01,1346106
0.01,1326337
0.01,1314021
0.01,1305697
0.01,1305392
0.01,1312719
0.01,1333413
0.01,1335650
0.01,1316484
0.01,1295159
0.01,1273956
0.01,1256128
0.01,1261512
0.01,1263383
0.01,1318179
0.01,1305104
0.01,1325654
0.01,1338128
0.01,1395119
0.01,1393042
0.01,1384306
0.01,1404842
0.01,1383235
0.01,1384008
0.01,1339642
0.01,1340646
0.01,1333190
0.01,1317382
0.01,1296653
0.01,1273867
0.01,1297001
0.01,1311933
0.01,1299524
0.01,1297612
0.01,1333572
0.01,1254620
0.01,1268636
0.01,1233199
0.01,1219849
0.01,1237005
0.01,1242580
0.01,1256254
0.01,1292688
0.01,1324646
0.01,1325866
0.01,1306843
0.01,1291609
0.01,1292550
0.01,1329179
0.01,1282327
0.01,1357148
0.01,1342632
0.01,1335845
0.01,1348920
0.01,1407079
0.01,1403837
0.01,1391783
0.01,1379767
0.01,1363819
0.01,1357872
0.01,1371747
0.01,1363596
0.02,1372496
0.02,1394405
0.02,1376212
0.02,1375118
0.02,1384369
0.02,1410953
0.02,1394540
0.02,1408780
0.02,1443418
0.02,1419229
0.02,1429491
0.02,1412628
0.02,1380328
0.02,1341611
0.02,1336203
0.02,1339206
0.02,1289784
0.02,1316402
0.02,1275264
0.02,1286815
0.02,1226701
0.02,1220064
0.02,1209715
0.02,1236825
0.02,1253418
0.02,1267526
0.02,1270951
0.02,1267901
0.02,1328231
0.02,1274928
0.02,1278172
0.02,1227555
0.02,1220268
0.02,1232020
0.02,1291048
0.02,1271728
0.02,1253850
0.02,1233892
0.02,1239550
0.02,1243736
0.02,1256892
0.02,1291478
0.02,1271211
0.02,1258543
0.02,1258705
0.02,1193555
0.02,1192948
0.02,1190635
0.02,1223303
0.02,1226265
0.02,1240610
0.02,1236908
0.02,1214987
0.02,1236104
0.02,1215221
0.02,1215670
0.02,1170389
0.02,1154385
0.02,1151685
0.02,1136595
0.02,1148305
0.02,1173324
0.02,1152634
0.02,1142807
0.02,1121649
0.02,1108216
0.02,1094667
0.02,1093453
0.02,1101738
0.02,1081682
0.02,1070196
0.02,1058918
0.02,1071633
0.02,1078172
0.02,1069958
0.02,1090177
0.02,1076442
0.02,1053052
0.02,1068449
0.02,1056192
0.02,1080354
0.02,1077379
0.02,1061312
0.02,1051504
0.02,1054243
0.02,1054685
0.02,1059602
0.02,1034602
0.02,1037271
0.02,1040789
0.02,1045276
0.02,1077469
0.02,1083622
0.02,1099730
0.02,1063067
0.02,1077094
0.02,1056502
0.02,1057830
0.02,1034637
0.02,1023491
0.02,1029295
0.02,1014205
0.02,1005089
0.02,997263
0.02,1032699
0.02,1041499
0.02,1026063
0.02,1036704
0.02,1058080
0.02,1040818
0.02,1084958
0.02,1102255
0.02,1081527
0.02,1074079
0.02,1051370
0.02,1013721
0.02,1036579
0.02,1022035
0.02,1007434
0.02,989561
0.02,996681
0.02,1004584
0.02,981157
0.02,1034635
0.02,1028695
0.02,1076195
0.02,1093559
0.02,1062318
0.02,1051026
0.02,1051807
0.02,1044011
0.02,1072408
0.02,1011895
0.02,978224
0.02,976108
0.02,968942
0.02,1005643
0.02,983260
0.02,986747
0.02,957624
0.02,957507
0.02,961956
0.02,993616
0.02,938145
0.02,924746
0.02,932108
0.02,917673
0.02,912256
0.02,906515
0.02,901810
0.02,897294
0.02,894010
0.02,900000
0.02,890441
0.02,882733
0.02,879815
0.02,876903
0.02,877579
0.02,898369
0.02,920879
0.02,941654
0.02,956219
0.02,972775
0.02,992356
0.02,1007235
0.02,1013341
0.02,1022915
0.02,1065602
0.02,1078168
0.02,1073316
0.02,1073205
0.02,1084883
0.02,1068539
0.02,1062176
0.02,1061069
0.02,1074302
0.02,1077528
0.02,1106391
0.02,1091662
0.02,1063583
0.02,1048726
0.02,1024605
0.02,1022312
0.02,1010708
0.02,1043100
0.02,1041617
0.02,1036980
0.02,1030838
0.02,1021331
0.02,971150
0.02,956539
0.02,907123
0.02,873336
0.02,880134
0.02,890119
0.02,916058
0.02,942550
0.02,946857
0.02,976591
0.02,987537
0.02,999660
0.02,1006234
0.02,1023963
0.02,1082603
0.02,1069910
0.02,1065153
0.02,1060683
0.02,1067731
0.02,1054444
0.02,1053261
0.02,1053081
0.02,1067134
0.02,1064633
0.02,1102540
0.02,1051675
0.02,1053381
0.02,1026502
0.02,1005723
0.02,1001291
0.02,1034603
0.02,1033947
0.02,1025419
0.02,1021324
0.02,1015907
0.02,967915
0.02,948130
0.02,944681
0.02,871576
0.02,862922
0.02,859080
0.02,856684
0.02,855452
0.02,854063
0.02,852735
0.02,851440
0.02,850434
0.02,849497
0.02,849101
