0.00,5411566
0.00,5309916
0.00,5232668
0.00,5117724
0.00,5141378
0.00,5065997
0.00,4943066
0.00,4897954
0.00,4855874
0.00,4836037
0.00,4831847
0.00,4807379
0.00,4806333
0.00,4639193
0.00,4491633
0.00,4455426
0.00,4437107
0.00,4498687
0.00,4505691
0.00,4374228
0.00,4278542
0.00,4291654
0.00,4310212
0.00,4233549
0.00,4056034
0.00,3872071
0.00,3763046
0.00,3751132
0.00,3658381
0.00,3530748
0.00,3459863
0.00,3414185
0.00,3342168
0.00,3182752
0.00,3191531
0.00,3272295
0.00,3271069
0.00,3150486
0.00,3103244
0.00,3002087
0.00,3081061
0.00,3107783
0.00,3118779
0.00,3119869
0.00,3115153
0.00,3022241
0.00,3078103
0.00,2931740
0.00,2929902
0.00,2853005
0.00,2796219
0.00,2778925
0.00,2707044
0.00,2609264
0.00,2524430
0.00,2548406
0.00,2429929
0.00,2352692
0.00,2365745
0.00,2358052
0.00,2440275
0.00,2445229
0.00,2489319
0.00,2438116
0.00,2425239
0.00,2404738
0.00,2423944
0.00,2340212
0.00,2284716
0.00,2238409
0.00,2200500
0.01,2199285
0.01,2194989
0.01,2220945
0.01,2205415
0.01,2118573
0.01,2114937
0.01,2127607
0.01,2161224
0.01,2190660
0.01,2123934
0.01,2054488
0.01,2042671
0.01,2042575
0.01,2077684
0.01,2098046
0.01,2113507
0.01,2115946
0.01,2074192
0.01,2039222
0.01,2069251
0.01,2018092
0.01,1986673
0.01,2024381
0.01,2082113
0.01,2037085
0.01,2055331
0.01,2037001
0.01,1980260
0.01,2007450
0.01,1992457
0.01,1999600
0.01,2072004
0.01,2004384
0.01,2036246
0.01,1976737
0.01,1937844
0.01,1902780
0.01,1924066
0.01,1940701
0.01,1941329
0.01,1964167
0.01,1992022
0.01,1965198
0.01,1990098
0.01,1949179
0.01,1802761
0.01,1765725
0.01,1752206
0.01,1790577
0.01,1770692
0.01,1711136
0.01,1739339
0.01,1836376
0.01,1822669
0.01,1896455
0.01,1863399
0.01,1863447
0.01,1871136
0.01,1848827
0.01,1805792
0.01,1799715
0.01,1826368
0.01,1844024
0.01,1796067
0.01,1799703
0.01,1728847
0.01,1735350
0.01,1642762
0.01,1693442
0.01,1708098
0.01,1704272
0.01,1684545
0.01,1666396
0.01,1650962
0.01,1644792
0.01,1629955
0.01,1596484
0.01,1594015
0.01,1589800
0.01,1553113
0.01,1592038
0.01,1595531
0.01,1598023
0.01,1591245
0.01,1654189
0.01,1648486
0.01,1675481
0.01,1679987
0.01,1635581
0.01,1635303
0.01,1648319
0.01,1605710
0.01,1604422
0.01,1623696
0.01,1609252
0.01,1549491
0.01,1514893
0.01,1527344
0.01,1501152
0.01,1511019
0.01,1463274
0.01,1433858
0.01,1423349
0.01,1400542
0.01,1372562
0.01,1376443
0.01,1349315
0.01,1355255
0.01,1350951
0.01,1336931
0.01,1363662
0.01,1364567
0.01,1418263
0.01,1420529
0.01,1439202
0.01,1492787
0.01,1526734
0.01,1495567
0.01,1464509
0.01,1450152
0.01,1467802
0.01,1464333
0.01,1519516
0.01,1543709
0.01,1539675
0.01,1553387
0.01,1510834
0.01,1452078
0.01,1441667
0.01,1400959
0.01,1373366
0.01,1352531
0.01,1355321
0.01,1370755
0.01,1421326
0.01,1465329
0.01,1478610
0.01,1466790
0.01,1457386
0.01,1459070
0.01,1445309
0.01,1463725
0.01,1464287
0.01,1466626
0.01,1484874
0.01,1491668
0.01,1507911
0.01,1506108
0.01,1446147
0.01,1448453
0.01,1430330
0.01,1374635
0.01,1371500
0.01,1349659
0.01,1368605
0.01,1379814
0.01,1378792
0.01,1338212
0.01,1353812
0.01,1359418
0.01,1362474
0.01,1328293
0.01,1310181
0.01,1328177
0.01,1364436
0.01,1373304
0.01,1338180
0.01,1322859
0.01,1319604
0.01,1322980
0.01,1342082
0.01,1336441
0.01,1322282
0.01,1323706
0.01,1289561
0.01,1292358
0.01,1350202
0.01,1354193
0.01,1337659
0.01,1360766
0.01,1363856
0.01,1339284
0.01,1340176
0.01,1303772
0.01,1306220
0.01,1265430
0.01,1297746
0.01,1326688
0.01,1365209
0.01,1440938
0.01,1450881
0.01,1494181
0.01,1496444
0.01,1448448
0.01,1445969
0.01,1447511
0.01,1425720
0.01,1457036
0.01,1432032
0.01,1459962
0.01,1452018
0.01,1430276
0.01,1386028
0.01,1370581
0.01,1338617
0.01,1313212
0.01,1286778
0.01,1233065
0.01,1243125
0.01,1266112
0.01,1252575
0.01,1270321
0.01,1264117
0.01,1261631
0.01,1292790
0.01,1305392
0.01,1320252
0.01,1287258
0.01,1210545
0.01,1270470
0.01,1313882
0.01,1282900
0.01,1279512
0.01,1273826
0.01,1275999
0.01,1262391
0.01,1307374
0.01,1303426
0.01,1304507
0.01,1300220
0.01,1260423
0.02,1281564
0.02,1277419
0.02,1236852
0.02,1241136
0.02,1226437
0.02,1257276
0.02,1273275
0.02,1228460
0.02,1191497
0.02,1215970
0.02,1205558
0.02,1207047
0.02,1222188
0.02,1245489
0.02,1295431
0.02,1286142
0.02,1285160
0.02,1292702
0.02,1296023
0.02,1307758
0.02,1261901
0.02,1269411
0.02,1240901
0.02,1225696
0.02,1240904
0.02,1207068
0.02,1211337
0.02,1175370
0.02,1163618
0.02,1140491
0.02,1141234
0.02,1147474
0.02,1125845
0.02,1124606
0.02,1152595
0.02,1160643
0.02,1143172
0.02,1133772
0.02,1131354
0.02,1111400
0.02,1108312
0.02,1098192
0.02,1087815
0.02,1076779
0.02,1064022
0.02,1077950
0.02,1117888
0.02,1116706
0.02,1117400
0.02,1134327
0.02,1172530
0.02,1203907
0.02,1215509
0.02,1217677
0.02,1231290
0.02,1252753
0.02,1264224
0.02,1266635
0.02,1290819
0.02,1318604
0.02,1286757
0.02,1240221
0.02,1211055
0.02,1221881
0.02,1190980
0.02,1187608
0.02,1222063
0.02,1261815
0.02,1194909
0.02,1209015
0.02,1142866
0.02,1139544
0.02,1120333
0.02,1105166
0.02,1096858
0.02,1094231
0.02,1108915
0.02,1135479
0.02,1165461
0.02,1124417
0.02,1077939
0.02,1076367
0.02,1075051
0.02,1078808
0.02,1081028
0.02,1078489
0.02,1071456
0.02,1052339
0.02,1052422
0.02,1059587
0.02,1061358
0.02,1059907
0.02,1078460
0.02,1100284
0.02,1118703
0.02,1095545
0.02,1102025
0.02,1117031
0.02,1172575
0.02,1231976
0.02,1244835
0.02,1267081
0.02,1302401
0.02,1286623
0.02,1252118
0.02,1230355
0.02,1239123
0.02,1238832
0.02,1222357
0.02,1235254
0.02,1222959
0.02,1187526
0.02,1160859
0.02,1120915
0.02,1111508
0.02,1078988
0.02,1102507
0.02,1110227
0.02,1109524
0.02,1092504
0.02,1084167
0.02,1129829
0.02,1100123
0.02,1069222
0.02,1071743
0.02,1069275
0.02,1071679
0.02,1038019
0.02,1052941
0.02,1122564
0.02,1089711
0.02,1087734
0.02,1074509
0.02,1027504
0.02,1024297
0.02,1031601
0.02,1030456
0.02,1043334
0.02,1007890
0.02,998854
0.02,997517
0.02,989423
0.02,982448
0.02,975042
0.02,968387
0.02,961914
0.02,963139
0.02,956632
0.02,951678
0.02,958904
0.02,967817
0.02,948126
0.02,948537
0.02,963675
0.02,961530
0.02,943818
0.02,940415
0.02,937371
0.02,934434
0.02,931728
0.02,937302
0.02,943524
0.02,929023
0.02,939107
0.02,937660
0.02,926282
0.02,921886
0.02,918019
0.02,915615
0.02,912935
0.02,914193
0.02,959525
0.02,944270
0.02,899845
0.02,898429
0.02,897178
0.02,896023
0.02,895086
0.02,919485
0.02,931574
0.02,954201
0.02,965606
0.02,965392
0.02,962248
0.02,949249
0.02,927027
0.02,956033
0.02,952428
0.02,960174
0.02,964151
0.02,1003612
0.02,1070371
0.02,1067296
0.02,1068824
0.02,1066636
0.02,1041326
0.02,1038454
0.02,1051522
0.02,1050701
0.02,1061321
0.02,1051110
0.02,1041475
0.02,1032659
0.02,1038948
0.02,1030743
0.02,1017079
0.02,1017544
0.02,1007375
0.02,1000648
0.02,1029422
0.02,1023312
0.02,1037169
0.02,1028410
0.02,1045334
0.02,1046868
0.02,1039301
0.02,1038895
0.02,1004029
0.02,1021547
0.02,998481
0.02,1008452
0.02,977127
0.02,980504
0.02,961694
0.02,911607
0.02,894248
0.02,893948
0.02,893715
0.02,892792
0.02,892785
