0.03, 6045117
0.03, 6026584
0.03, 5953390
0.03, 5944141
0.03, 5849882
0.03, 5825355
0.03, 5818995
0.03, 5723039
0.03, 5721990
0.03, 5710990
0.03, 5690434
0.03, 5675238
0.03, 5602893
0.03, 5512628
0.03, 5502565
0.03, 5497521
0.03, 5489270
0.03, 5469158
0.03, 5428745
0.03, 5408803
0.03, 5380786
0.03, 5374159
0.03, 5373316
0.03, 5327306
0.03, 5231742
0.03, 5167081
0.03, 5144870
0.03, 5125370
0.03, 5124042
0.03, 5019006
0.03, 4949312
0.03, 4867028
0.03, 4855753
0.03, 4745961
0.03, 4700974
0.03, 4700654
0.03, 4656677
0.03, 4597676
0.03, 4481444
0.03, 4480289
0.03, 4393978
0.03, 4346542
0.03, 4335767
0.03, 4318244
0.03, 4316255
0.03, 4305001
0.03, 4304021
0.03, 4297471
0.03, 4272569
0.03, 4215833
0.03, 4186299
0.03, 4165797
0.03, 4098407
0.03, 4062876
0.03, 4056025
0.03, 4031971
0.03, 4027933
0.03, 3998866
0.03, 3992031
0.03, 3952513
0.03, 3940629
0.03, 3935865
0.03, 3928775
0.03, 3927144
0.03, 3910449
0.03, 3829826
0.03, 3812004
0.03, 3808096
0.03, 3804012
0.03, 3800159
0.03, 3767610
0.03, 3725386
0.03, 3710774
0.03, 3679597
0.03, 3665777
0.03, 3597251
0.03, 3571279
0.03, 3568167
0.03, 3563778
0.03, 3542113
0.03, 3513600
0.03, 3502198
0.03, 3484494
0.03, 3465385
0.03, 3428032
0.03, 3427926
0.03, 3369366
0.03, 3366812
0.03, 3363412
0.03, 3360630
0.03, 3351721
0.03, 3310362
0.03, 3301691
0.03, 3290106
0.03, 3289093
0.03, 3260687
0.03, 3239947
0.03, 3226909
0.03, 3225320
0.03, 3213504
0.03, 3188623
0.03, 3182080
0.03, 3180786
0.03, 3176627
0.03, 3137300
0.03, 3111189
0.03, 3110930
0.03, 3100297
0.03, 3095489
0.03, 3065111
0.03, 3055783
0.03, 3035269
0.03, 3001646
0.03, 2996925
0.03, 2969895
0.03, 2944597
0.03, 2929410
0.03, 2910535
0.03, 2897974
0.03, 2846115
0.03, 2840300
0.03, 2812901
0.03, 2811925
0.03, 2795435
0.03, 2778193
0.03, 2747641
0.03, 2740342
0.03, 2732378
0.04, 2724087
0.04, 2706359
0.04, 2692617
0.04, 2690655
0.04, 2684157
0.04, 2683496
0.04, 2626717
0.04, 2611306
0.04, 2591664
0.04, 2555728
0.04, 2518365
0.04, 2512738
0.04, 2511930
0.04, 2490774
0.04, 2480024
0.04, 2475684
0.04, 2473446
0.04, 2472791
0.04, 2466608
0.04, 2462898
0.04, 2454128
0.04, 2451559
0.05, 2405880
0.05, 2398496
0.05, 2360276
0.05, 2356629
0.05, 2340386
0.05, 2336053
0.05, 2316253
0.05, 2315650
0.05, 2303253
0.05, 2296998
0.07, 2294808
0.07, 2273327
0.07, 2272571
0.07, 2230712
0.07, 2218772
0.07, 2212211
0.07, 2199977
0.09, 2195434
0.09, 2186731
0.09, 2185393
0.09, 2179892
0.09, 2176706
0.09, 2174433
0.09, 2173155
0.09, 2172111
0.09, 2165505
0.09, 2161152
0.09, 2155189
0.09, 2149997
0.09, 2091882
0.09, 2038818
0.11, 2021873
0.11, 2015747
0.12, 1998276
0.12, 1974825
0.12, 1965329
0.12, 1959051
0.12, 1957816
0.12, 1956795
0.12, 1946179
0.12, 1945708
0.12, 1935749
0.12, 1880434
0.13, 1870117
0.13, 1849376
0.13, 1847488
0.13, 1839696
0.13, 1839185
0.13, 1820147
0.13, 1819370
0.13, 1810093
0.13, 1804998
0.18, 1803428
0.18, 1786993
0.18, 1767326
0.18, 1730414
0.19, 1724539
0.19, 1701088
0.19, 1687051
0.19, 1677328
0.19, 1674346
0.19, 1673404
0.19, 1643053
0.19, 1633154
0.22, 1615067
0.22, 1571747
0.23, 1562924
0.23, 1551441
0.24, 1532790
0.24, 1524239
0.24, 1518157
0.24, 1503055
0.24, 1485909
0.26, 1481217
0.26, 1480101
0.26, 1479332
0.26, 1478496
0.26, 1472650
0.26, 1460440
0.26, 1456257
0.26, 1455613
0.26, 1452703
0.26, 1448446
0.26, 1443136
0.26, 1439682
0.26, 1428438
0.28, 1418274
0.28, 1417802
0.28, 1410929
0.28, 1409452
0.28, 1389192
0.28, 1366103
0.28, 1362650
0.28, 1354623
0.29, 1341700
0.29, 1329273
0.29, 1327951
0.30, 1322696
0.30, 1315272
0.30, 1312199
0.30, 1287680
0.30, 1269974
0.30, 1261276
0.30, 1250277
0.34, 1240367
0.35, 1235167
0.35, 1231478
0.35, 1229943
0.35, 1216749
0.35, 1216654
0.35, 1209258
0.35, 1203320
0.35, 1183582
0.35, 1179131
0.35, 1176725
0.35, 1166097
0.37, 1161023
0.37, 1153614
0.37, 1153005
0.37, 1150100
0.37, 1139174
0.37, 1136975
0.37, 1136385
0.37, 1135477
0.37, 1135380
0.37, 1134852
0.38, 1130569
0.38, 1119487
0.38, 1115499
0.38, 1108517
0.38, 1098083
0.38, 1091144
0.38, 1091063
0.38, 1089578
0.38, 1088103
0.38, 1087591
0.39, 1078414
0.39, 1073140
0.39, 1071358
0.39, 1069400
0.42, 1069334
0.42, 1055750
0.42, 1054903
0.42, 1050351
0.42, 1048619
0.42, 1040265
0.42, 1029537
0.45, 1028941
0.45, 1028120
0.45, 1019802
0.45, 1019585
0.46, 1015225
0.46, 1014770
0.46, 1000116
0.46, 991922
0.46, 986600
0.46, 985866
0.46, 985666
0.46, 979154
0.46, 973574
0.46, 967102
0.46, 967039
0.46, 959355
0.46, 958523
0.46, 948888
0.46, 948109
0.46, 941881
0.46, 941006
0.48, 937722
0.48, 936785
0.48, 936261
0.48, 934684
0.48, 934388
0.48, 934051
0.48, 933059
0.48, 932258
0.48, 929524
0.48, 926266
0.48, 922848
0.49, 922250
0.53, 920782
0.53, 919247
0.53, 919122
0.53, 914311
0.53, 905323
0.53, 895626
0.53, 889400
0.53, 879095
0.55, 874719
0.57, 873919
0.57, 866830
0.57, 858464
0.57, 858383
0.63, 858214
0.64, 856513
0.64, 856492
0.64, 855492
0.64, 853874
0.64, 852595
0.64, 850739
0.64, 850449
0.65, 849366
0.65, 849038
0.65, 844353
0.65, 842188
0.65, 840174
0.65, 839065
0.66, 836638
0.66, 836514
0.66, 836044
0.70, 833737
0.70, 831062
0.73, 830751
0.73, 828045
0.73, 827435
0.76, 827221
0.77, 825982
0.77, 824788
0.79, 824354
0.82, 823712
0.82, 821026
0.84, 820778
0.84, 820148
0.87, 818727
0.92, 818474
0.94, 818409
0.94, 818060
0.95, 817921
0.96, 817881
0.96, 816595
3.04, 815896
3.05, 815877
3.08, 815604
3.11, 815516
3.15, 814806
3.15, 814589
3.17, 814510
7.48, 814477
7.48, 814424
7.48, 813540
7.48, 813501
7.48, 812302
14.21, 812273
14.21, 812056
14.34, 812016
14.34, 811977
16.40, 811927
16.41, 810727
16.43, 810688
