0.00, 5902795
0.00, 5889213
0.00, 5871500
0.00, 5852480
0.00, 5813786
0.00, 5762058
0.00, 5760228
0.00, 5646581
0.00, 5595280
0.00, 5551429
0.00, 5541867
0.00, 5509140
0.00, 5361499
0.01, 5273713
0.01, 5268120
0.01, 5233568
0.01, 5219972
0.01, 5197265
0.01, 5145699
0.01, 5070042
0.01, 4979432
0.01, 4834607
0.01, 4732603
0.01, 4731777
0.01, 4662827
0.01, 4660326
0.01, 4549966
0.01, 4525366
0.01, 4460563
0.01, 4459305
0.01, 4440541
0.01, 4428373
0.01, 4420736
0.01, 4416813
0.01, 4376894
0.01, 4325830
0.01, 4288428
0.01, 4192219
0.01, 4172909
0.01, 4170110
0.01, 4164617
0.01, 4121483
0.01, 4116872
0.01, 4098347
0.01, 4096761
0.01, 4073796
0.01, 4026465
0.01, 4016599
0.01, 3953652
0.01, 3888012
0.01, 3876751
0.01, 3840563
0.01, 3814901
0.01, 3809715
0.01, 3800979
0.01, 3793304
0.01, 3785596
0.01, 3777890
0.01, 3692576
0.01, 3690386
0.01, 3684018
0.01, 3682203
0.01, 3673878
0.01, 3663710
0.01, 3660101
0.01, 3651590
0.01, 3625693
0.01, 3610490
0.01, 3576721
0.01, 3480088
0.01, 3479897
0.01, 3462774
0.01, 3459459
0.01, 3417923
0.01, 3384060
0.01, 3345656
0.01, 3316102
0.01, 3302877
0.01, 3288861
0.01, 3271024
0.01, 3266498
0.01, 3265910
0.01, 3256046
0.01, 3240977
0.01, 3189293
0.01, 3187449
0.01, 3160538
0.01, 3142937
0.01, 3122032
0.01, 3119847
0.01, 3113246
0.01, 3096174
0.01, 3093831
0.01, 3059167
0.01, 3058812
0.01, 3021070
0.01, 2988158
0.01, 2962719
0.01, 2902877
0.01, 2887954
0.01, 2874816
0.01, 2843782
0.01, 2843080
0.01, 2820210
0.01, 2819064
0.01, 2792186
0.01, 2763276
0.01, 2745438
0.01, 2743160
0.01, 2718686
0.01, 2709897
0.01, 2695335
0.01, 2673261
0.01, 2663028
0.01, 2661891
0.01, 2659256
0.01, 2604631
0.01, 2602669
0.01, 2601313
0.01, 2598373
0.01, 2587588
0.01, 2586028
0.01, 2576310
0.01, 2528140
0.01, 2513829
0.02, 2486842
0.02, 2474463
0.02, 2449328
0.02, 2408008
0.02, 2361281
0.02, 2360021
0.02, 2358743
0.02, 2339815
0.02, 2322548
0.02, 2255028
0.02, 2251765
0.02, 2242655
0.02, 2235085
0.03, 2218900
0.03, 2203996
0.03, 2150389
0.03, 2132180
0.03, 2103412
0.09, 2092418
0.09, 2087758
0.09, 2080473
0.10, 2079811
0.10, 2040295
0.10, 2038503
0.10, 2030774
0.10, 2029527
0.10, 2024241
0.10, 2023195
0.10, 2022375
0.10, 1985147
0.10, 1982584
0.10, 1974097
0.10, 1967681
0.10, 1966475
0.10, 1938053
0.11, 1926222
0.11, 1917994
0.11, 1870114
0.11, 1860699
0.11, 1859002
0.11, 1854234
0.12, 1840747
0.12, 1839299
0.12, 1834581
0.12, 1832923
0.14, 1797215
0.14, 1787871
0.14, 1781553
0.14, 1761958
0.14, 1743239
0.16, 1721927
0.16, 1708321
0.16, 1702499
0.16, 1683558
0.16, 1658507
0.16, 1657611
0.16, 1649675
0.19, 1633681
0.19, 1631633
0.19, 1622073
0.19, 1605613
0.19, 1605293
0.19, 1596987
0.19, 1593451
0.19, 1591039
0.19, 1578193
0.19, 1570980
0.19, 1566728
0.19, 1560421
0.19, 1557371
0.19, 1551764
0.19, 1538042
0.20, 1537603
0.20, 1532383
0.20, 1517355
0.23, 1506441
0.23, 1496884
0.23, 1492948
0.23, 1489197
0.23, 1481343
0.23, 1474258
0.23, 1469843
0.24, 1457936
0.24, 1451324
0.25, 1450027
0.25, 1426050
0.25, 1424230
0.25, 1416090
0.25, 1410476
0.25, 1397668
0.25, 1389926
0.25, 1389600
0.25, 1388987
0.25, 1386301
0.25, 1385192
0.25, 1367957
0.27, 1354157
0.27, 1352457
0.27, 1350920
0.27, 1338859
0.27, 1317562
0.27, 1297027
0.27, 1297014
0.27, 1293560
0.27, 1290543
0.27, 1286070
0.27, 1275264
0.27, 1274285
0.27, 1273700
0.27, 1273363
0.27, 1266051
0.27, 1261889
0.27, 1251281
0.27, 1239829
0.27, 1238715
0.27, 1234884
0.28, 1231872
0.28, 1230512
0.28, 1228766
0.28, 1219458
0.28, 1215296
0.28, 1213304
0.31, 1208058
0.31, 1182764
0.32, 1176307
0.32, 1175176
0.32, 1175112
0.32, 1170645
0.32, 1170478
0.32, 1169555
0.32, 1165479
0.32, 1153159
0.32, 1149357
0.32, 1144381
0.32, 1143193
0.32, 1140605
0.32, 1139307
0.32, 1129625
0.32, 1126348
0.32, 1120811
0.32, 1117825
0.32, 1115430
0.32, 1109919
0.33, 1109300
0.35, 1101348
0.35, 1092400
0.35, 1089769
0.35, 1081959
0.35, 1080181
0.37, 1074364
0.37, 1072291
0.37, 1066275
0.37, 1065831
0.37, 1058034
0.37, 1056448
0.37, 1055564
0.37, 1045750
0.40, 1043817
0.40, 1032099
0.40, 1027069
0.40, 1025056
0.40, 1010316
0.40, 1007333
0.40, 994149
0.40, 983383
0.40, 981612
0.40, 971315
0.40, 970910
0.40, 970897
0.40, 967214
0.40, 967097
0.43, 966901
0.43, 965851
0.43, 965156
0.43, 959652
0.43, 957719
0.43, 957573
0.43, 955526
0.43, 954041
0.43, 952136
0.43, 950633
0.43, 949337
0.46, 948238
0.46, 934660
0.46, 931769
0.46, 928638
0.46, 926694
0.46, 926522
0.49, 921518
0.49, 921510
0.49, 920379
0.49, 917340
0.49, 917090
0.49, 916469
0.49, 912959
0.49, 905835
0.50, 900282
0.50, 895991
0.50, 894491
0.50, 894097
0.50, 892780
0.50, 892510
0.50, 891103
0.56, 886472
0.56, 885955
0.56, 882778
0.57, 882737
0.57, 882261
0.57, 879431
0.57, 876233
0.57, 875995
0.57, 869584
0.57, 869405
0.57, 863955
0.58, 863366
0.58, 858465
0.58, 856739
0.58, 853106
0.60, 852882
0.60, 852844
0.60, 851074
0.61, 848645
0.61, 848240
0.61, 847598
0.61, 847440
0.61, 844528
0.61, 844490
0.62, 842923
0.62, 839738
0.64, 838923
0.64, 837223
0.66, 837076
0.66, 836691
0.67, 834329
0.67, 831669
0.71, 830647
0.71, 828202
0.71, 823806
0.71, 822515
0.72, 821050
0.73, 820627
0.73, 819697
0.73, 818760
0.73, 818640
0.73, 818244
0.73, 817215
0.73, 817141
0.79, 816715
0.79, 815961
0.79, 815948
0.80, 815560
0.80, 814424
0.80, 813487
7.92, 813331
7.92, 812724
8.06, 812684
10.00, 812619
10.03, 812378
10.04, 811986
10.05, 811486
10.05, 811267
10.10, 810970
10.10, 810969
10.11, 810930
14.36, 810684
14.36, 810235
14.36, 810196
