0.00, 5978086
0.00, 5912234
0.00, 5901331
0.00, 5899905
0.00, 5852830
0.00, 5794182
0.00, 5741812
0.00, 5738743
0.00, 5733692
0.00, 5648174
0.00, 5640847
0.00, 5634273
0.00, 5631133
0.00, 5527981
0.00, 5469185
0.00, 5463911
0.00, 5421084
0.00, 5334294
0.00, 5313848
0.00, 5310803
0.00, 5285500
0.00, 5219938
0.00, 5122644
0.00, 5062707
0.00, 5029405
0.00, 4991887
0.00, 4990355
0.00, 4985680
0.00, 4916967
0.00, 4914968
0.00, 4912863
0.00, 4850589
0.00, 4806089
0.00, 4780301
0.00, 4771697
0.00, 4771061
0.00, 4710584
0.00, 4644065
0.00, 4610646
0.00, 4600776
0.00, 4588002
0.00, 4586602
0.00, 4545472
0.00, 4518091
0.00, 4516351
0.00, 4516163
0.00, 4512375
0.00, 4491672
0.00, 4484815
0.00, 4478348
0.00, 4420864
0.00, 4377284
0.00, 4339132
0.00, 4284052
0.00, 4262373
0.00, 4261210
0.00, 4164124
0.00, 4073676
0.00, 4060846
0.00, 4059151
0.00, 4042860
0.00, 4040443
0.00, 4038640
0.00, 4014736
0.00, 4013539
0.00, 3956480
0.00, 3911035
0.00, 3907152
0.00, 3903770
0.00, 3866251
0.00, 3802050
0.00, 3771653
0.00, 3756916
0.01, 3747467
0.01, 3689616
0.01, 3687668
0.01, 3614792
0.01, 3602084
0.01, 3542137
0.01, 3540743
0.01, 3540614
0.01, 3535583
0.01, 3516329
0.01, 3473877
0.01, 3460022
0.01, 3446281
0.01, 3426562
0.01, 3420553
0.01, 3419980
0.01, 3380180
0.01, 3378239
0.01, 3346499
0.01, 3335336
0.01, 3333856
0.01, 3331290
0.01, 3321282
0.01, 3312306
0.01, 3293898
0.01, 3253783
0.01, 3235830
0.01, 3178934
0.01, 3116981
0.01, 3108873
0.01, 3098030
0.01, 3073663
0.01, 3028450
0.01, 3026394
0.01, 2975517
0.01, 2944439
0.01, 2940541
0.01, 2912118
0.01, 2911355
0.01, 2907807
0.01, 2881177
0.01, 2845878
0.01, 2838847
0.01, 2826316
0.01, 2810680
0.01, 2799818
0.01, 2751750
0.01, 2745882
0.01, 2725837
0.01, 2724549
0.01, 2710593
0.01, 2687075
0.01, 2684674
0.01, 2680846
0.01, 2660741
0.01, 2659462
0.01, 2651336
0.01, 2635824
0.01, 2631133
0.01, 2616959
0.01, 2614713
0.02, 2519390
0.02, 2499083
0.02, 2498377
0.02, 2461063
0.02, 2456646
0.02, 2446838
0.02, 2439876
0.02, 2386264
0.02, 2371358
0.02, 2354996
0.02, 2351229
0.05, 2347261
0.05, 2342935
0.05, 2342264
0.05, 2310400
0.05, 2301277
0.05, 2293087
0.05, 2282129
0.05, 2278745
0.05, 2269873
0.05, 2267869
0.05, 2259153
0.06, 2258590
0.06, 2219741
0.06, 2219473
0.06, 2217406
0.07, 2198685
0.07, 2191074
0.07, 2189705
0.07, 2182887
0.07, 2176070
0.07, 2164751
0.07, 2158399
0.07, 2154741
0.07, 2150414
0.07, 2123302
0.07, 2109824
0.08, 2105830
0.08, 2102058
0.08, 2089282
0.08, 2087723
0.08, 2055371
0.08, 2048261
0.08, 2042401
0.08, 2030850
0.08, 2005127
0.08, 1988120
0.08, 1971411
0.08, 1970969
0.08, 1961506
0.11, 1951580
0.11, 1949528
0.11, 1940725
0.11, 1934644
0.11, 1933077
0.11, 1924591
0.11, 1912000
0.11, 1908536
0.12, 1907001
0.12, 1903355
0.12, 1873644
0.12, 1871162
0.13, 1853714
0.13, 1829201
0.13, 1816864
0.13, 1812275
0.13, 1806514
0.17, 1788258
0.17, 1787254
0.17, 1785131
0.17, 1784202
0.17, 1750743
0.17, 1744588
0.18, 1743664
0.18, 1738702
0.18, 1738016
0.18, 1726734
0.18, 1719634
0.18, 1694704
0.18, 1678907
0.18, 1674252
0.18, 1669515
0.18, 1663950
0.18, 1663759
0.18, 1649757
0.18, 1632883
0.18, 1610437
0.18, 1582274
0.18, 1563131
0.18, 1560137
0.18, 1554283
0.18, 1550671
0.20, 1548148
0.21, 1548073
0.21, 1546372
0.21, 1540228
0.21, 1533733
0.21, 1532155
0.21, 1523873
0.21, 1522667
0.21, 1503727
0.21, 1498657
0.22, 1498498
0.22, 1458092
0.22, 1449083
0.22, 1443220
0.22, 1441609
0.22, 1422533
0.25, 1408313
0.25, 1401853
0.25, 1396866
0.25, 1394864
0.25, 1392994
0.25, 1392108
0.25, 1390786
0.25, 1376436
0.25, 1369435
0.25, 1369374
0.25, 1363562
0.25, 1338186
0.26, 1337239
0.26, 1327923
0.26, 1317636
0.26, 1310358
0.26, 1309836
0.30, 1307627
0.30, 1306121
0.30, 1305947
0.30, 1303629
0.30, 1298896
0.30, 1297160
0.30, 1297033
0.30, 1292084
0.30, 1291748
0.30, 1284926
0.30, 1284834
0.30, 1263692
0.30, 1258953
0.30, 1253558
0.30, 1251845
0.30, 1238672
0.30, 1231032
0.33, 1224646
0.33, 1199069
0.33, 1195848
0.33, 1189483
0.33, 1169333
0.33, 1167043
0.33, 1164588
0.33, 1153974
0.33, 1151525
0.33, 1136866
0.33, 1133893
0.33, 1133190
0.33, 1127040
0.33, 1114650
0.33, 1111305
0.33, 1102311
0.33, 1077248
0.33, 1074937
0.33, 1074825
0.33, 1067231
0.33, 1064459
0.33, 1061408
0.33, 1056497
0.33, 1049344
0.33, 1048419
0.33, 1048363
0.33, 1048166
0.33, 1044519
0.36, 1037316
0.39, 1036171
0.39, 1029054
0.39, 1028981
0.39, 1025033
0.39, 1023821
0.39, 1020746
0.42, 1020394
0.42, 1016421
0.43, 1013752
0.43, 1008709
0.43, 993408
0.43, 989164
0.43, 987075
0.43, 986470
0.43, 981657
0.43, 977589
0.43, 968328
0.43, 965996
0.43, 965559
0.43, 959945
0.43, 957680
0.44, 956387
0.44, 953357
0.44, 951683
0.44, 951362
0.44, 946122
0.44, 943479
0.44, 941779
0.44, 938367
0.44, 936708
0.44, 936340
0.44, 932153
0.44, 930878
0.44, 930645
0.44, 930631
0.47, 929362
0.47, 923112
0.47, 922679
0.48, 920329
0.48, 920239
0.48, 919257
0.48, 902493
0.48, 894899
0.48, 893560
0.48, 889465
0.49, 886773
0.49, 880840
0.49, 877878
0.49, 875938
0.55, 872295
0.55, 862563
0.55, 860322
0.59, 853165
0.62, 849456
0.62, 849443
0.62, 849362
0.62, 845565
0.62, 843161
0.63, 839502
0.63, 839462
0.64, 834466
0.64, 833859
0.65, 831717
0.65, 830929
0.66, 830824
0.66, 829221
0.66, 827873
0.66, 827026
0.67, 826581
0.67, 826194
0.67, 825035
0.67, 824078
0.67, 823141
0.67, 822303
0.67, 822263
0.70, 820100
0.72, 819477
0.72, 818283
0.72, 817346
0.72, 816739
0.73, 816357
0.73, 815241
0.73, 815202
0.77, 815121
0.77, 814013
0.83, 813914
0.83, 813442
0.83, 813270
0.83, 812695
0.90, 812625
0.90, 812323
0.93, 811440
0.93, 810899
0.96, 810880
0.98, 810543
1.01, 810503
