0.00, 5747598
0.00, 5682703
0.00, 5655205
0.00, 5567779
0.00, 5556828
0.00, 5480197
0.00, 5430844
0.00, 5340617
0.00, 5340142
0.00, 5330779
0.00, 5318276
0.00, 5315152
0.00, 5225261
0.00, 5217463
0.00, 5170660
0.00, 5165055
0.00, 5164642
0.00, 5063674
0.00, 5002817
0.00, 4890010
0.00, 4881327
0.00, 4776126
0.00, 4722133
0.00, 4687727
0.00, 4647810
0.00, 4630929
0.00, 4587337
0.00, 4580167
0.00, 4577576
0.00, 4564961
0.00, 4556178
0.00, 4556171
0.00, 4534563
0.00, 4508822
0.00, 4486549
0.00, 4473787
0.00, 4444929
0.00, 4401269
0.00, 4387024
0.00, 4374957
0.00, 4333268
0.00, 4280218
0.00, 4262888
0.00, 4254709
0.00, 4234502
0.00, 4230811
0.00, 4229346
0.00, 4226033
0.00, 4190283
0.00, 4148973
0.01, 4065152
0.01, 3951009
0.01, 3920287
0.01, 3917846
0.01, 3908986
0.01, 3881602
0.01, 3833257
0.01, 3826453
0.01, 3813263
0.01, 3698316
0.01, 3666369
0.01, 3634832
0.01, 3562587
0.01, 3533740
0.01, 3521657
0.01, 3497073
0.01, 3483267
0.01, 3479335
0.01, 3475054
0.01, 3437242
0.01, 3431347
0.01, 3417638
0.01, 3407541
0.01, 3387374
0.01, 3386590
0.01, 3378960
0.01, 3352607
0.01, 3341670
0.01, 3340802
0.01, 3338589
0.01, 3323711
0.01, 3311567
0.01, 3309970
0.01, 3294154
0.01, 3284147
0.01, 3209586
0.01, 3198655
0.01, 3197073
0.01, 3196152
0.01, 3168079
0.01, 3155513
0.01, 3106526
0.01, 3092244
0.01, 3077647
0.01, 3045235
0.01, 3026216
0.01, 2985994
0.01, 2975258
0.01, 2943395
0.01, 2932653
0.01, 2929923
0.01, 2919860
0.01, 2895734
0.01, 2886887
0.01, 2885567
0.01, 2883572
0.01, 2882422
0.01, 2864802
0.01, 2817385
0.01, 2810646
0.01, 2781541
0.01, 2738181
0.01, 2729725
0.01, 2723118
0.01, 2720309
0.01, 2718549
0.01, 2696081
0.01, 2690819
0.01, 2678464
0.01, 2670340
0.01, 2657165
0.01, 2645570
0.01, 2643329
0.01, 2638735
0.01, 2620164
0.01, 2579213
0.01, 2551732
0.01, 2524282
0.01, 2522430
0.01, 2516881
0.01, 2510080
0.01, 2506502
0.01, 2480468
0.03, 2475482
0.03, 2464311
0.03, 2458422
0.03, 2449019
0.03, 2445839
0.03, 2445053
0.03, 2431438
0.03, 2428283
0.03, 2416075
0.03, 2366485
0.03, 2353774
0.03, 2332243
0.03, 2329512
0.03, 2328755
0.03, 2323556
0.03, 2310775
0.03, 2303025
0.05, 2296216
0.05, 2277971
0.05, 2270689
0.06, 2215995
0.06, 2193406
0.06, 2167704
0.06, 2167009
0.06, 2154116
0.06, 2132993
0.06, 2116067
0.06, 2110484
0.06, 2088095
0.06, 2087639
0.06, 2067751
0.06, 2054087
0.06, 2051524
0.10, 2046551
0.10, 2033687
0.10, 2026577
0.10, 2023592
0.10, 2017073
0.10, 1999265
0.10, 1976037
0.12, 1955672
0.12, 1949245
0.13, 1939082
0.13, 1937675
0.13, 1920243
0.13, 1889679
0.13, 1885285
0.13, 1872463
0.13, 1872343
0.13, 1871722
0.13, 1852831
0.13, 1851950
0.15, 1839539
0.15, 1835879
0.15, 1826774
0.15, 1816618
0.15, 1791075
0.15, 1786146
0.15, 1769785
0.15, 1764038
0.15, 1745889
0.16, 1729167
0.16, 1711599
0.16, 1698677
0.16, 1695615
0.16, 1686825
0.16, 1684534
0.16, 1664020
0.17, 1649678
0.18, 1637437
0.18, 1629660
0.18, 1628093
0.18, 1627622
0.18, 1603822
0.18, 1602383
0.18, 1591854
0.18, 1569594
0.18, 1568400
0.18, 1565992
0.18, 1554917
0.18, 1523002
0.18, 1518787
0.18, 1500479
0.18, 1497701
0.18, 1492219
0.18, 1491566
0.18, 1490216
0.18, 1482115
0.23, 1466700
0.24, 1447284
0.24, 1437110
0.24, 1436533
0.24, 1421103
0.24, 1412353
0.24, 1393253
0.24, 1389256
0.24, 1385636
0.24, 1384275
0.26, 1383000
0.26, 1368123
0.27, 1360215
0.27, 1359537
0.27, 1358356
0.27, 1352795
0.27, 1352794
0.27, 1349969
0.28, 1348818
0.28, 1344340
0.28, 1322081
0.28, 1308543
0.28, 1300208
0.28, 1298432
0.29, 1287143
0.29, 1282059
0.30, 1270595
0.30, 1263526
0.30, 1262273
0.30, 1252599
0.30, 1244891
0.30, 1243707
0.30, 1241851
0.30, 1241818
0.30, 1211302
0.30, 1211193
0.30, 1202742
0.30, 1197072
0.30, 1188776
0.30, 1187979
0.33, 1185051
0.33, 1180965
0.33, 1178621
0.34, 1177796
0.34, 1175814
0.34, 1174023
0.34, 1169969
0.34, 1169256
0.34, 1163933
0.34, 1155906
0.34, 1152994
0.34, 1152336
0.35, 1140242
0.35, 1133588
0.36, 1119098
0.36, 1111741
0.36, 1111571
0.36, 1106028
0.36, 1100732
0.37, 1094169
0.37, 1092414
0.37, 1092048
0.37, 1090065
0.37, 1087870
0.38, 1078368
0.39, 1077085
0.39, 1073737
0.39, 1069527
0.39, 1064375
0.39, 1062799
0.39, 1053899
0.39, 1051535
0.39, 1049453
0.39, 1047049
0.39, 1047007
0.39, 1036049
0.39, 1035719
0.39, 1033341
0.39, 1031291
0.39, 1027071
0.39, 1020341
0.39, 1012488
0.39, 1011065
0.40, 999498
0.40, 986737
0.40, 980934
0.40, 979467
0.40, 977699
0.40, 971861
0.40, 969002
0.40, 968666
0.40, 968114
0.45, 965149
0.46, 963238
0.46, 961866
0.46, 956076
0.46, 955216
0.46, 954239
0.47, 950547
0.47, 949739
0.47, 947676
0.47, 946594
0.47, 945041
0.47, 942259
0.47, 939382
0.47, 929851
0.47, 922092
0.50, 920926
0.50, 919974
0.50, 914625
0.50, 910699
0.50, 907861
0.50, 907446
0.50, 906847
0.50, 902314
0.50, 899046
0.52, 894204
0.52, 890200
0.52, 888858
0.52, 886845
0.52, 886120
0.54, 885500
0.54, 884662
0.54, 879540
0.54, 879459
0.54, 875089
0.54, 872953
0.54, 868475
0.54, 868256
0.54, 862333
0.54, 862199
0.54, 858692
0.56, 844059
0.56, 842680
0.56, 840241
0.58, 840223
0.58, 839383
0.58, 838454
0.58, 838452
0.58, 838007
0.58, 837321
0.58, 833114
0.58, 831698
0.59, 831455
0.62, 831199
0.62, 830592
0.68, 830264
0.68, 829620
0.68, 826794
0.72, 824623
0.72, 821917
0.73, 821304
0.73, 821144
0.73, 821104
0.73, 819848
0.73, 819417
0.73, 815844
0.73, 815804
0.77, 815757
0.77, 815150
0.77, 814593
0.77, 813617
0.77, 812228
0.83, 812100
0.90, 811974
0.90, 811935
0.90, 811926
0.94, 811065
5.42, 810236
5.42, 810196
