0.00,5571329
0.00,5504917
0.00,5293648
0.00,5236807
0.00,5051342
0.00,4878889
0.00,4748292
0.00,4579894
0.00,4438617
0.00,4459216
0.00,4245690
0.00,4253122
0.00,4236525
0.00,4321889
0.00,4159983
0.00,4090647
0.00,4058901
0.00,4034371
0.00,3881849
0.00,3852238
0.00,3788425
0.00,3705725
0.00,3713619
0.00,3665563
0.00,3654769
0.00,3688558
0.00,3476396
0.00,3457588
0.00,3528440
0.00,3581316
0.00,3473030
0.00,3370887
0.00,3245591
0.00,3168054
0.00,3051827
0.00,3077325
0.00,3084537
0.00,3135378
0.00,3143082
0.00,3021635
0.00,2974366
0.00,2979110
0.00,2964200
0.00,2953942
0.00,2952223
0.00,2897804
0.00,2894099
0.00,2881207
0.00,2809086
0.00,2956249
0.00,2888955
0.00,2827244
0.00,2829265
0.00,2801293
0.00,2805472
0.01,2767229
0.01,2752176
0.01,2676308
0.01,2660132
0.01,2657286
0.01,2693302
0.01,2711582
0.01,2722916
0.01,2713200
0.01,2632366
0.01,2625397
0.01,2585486
0.01,2568331
0.01,2555756
0.01,2552583
0.01,2523245
0.01,2552031
0.01,2560590
0.01,2472980
0.01,2411326
0.01,2378497
0.01,2397638
0.01,2372988
0.01,2302984
0.01,2317071
0.01,2323600
0.01,2327023
0.01,2334121
0.01,2286026
0.01,2342962
0.01,2337579
0.01,2429937
0.01,2341688
0.01,2349344
0.01,2356556
0.01,2407397
0.01,2415101
0.01,2314500
0.01,2254318
0.01,2249884
0.01,2228996
0.01,2236235
0.01,2238652
0.01,2266750
0.01,2300605
0.01,2323180
0.01,2289606
0.01,2286846
0.01,2169462
0.01,2166059
0.01,2177653
0.01,2217089
0.01,2221822
0.01,2232618
0.01,2290439
0.01,2202571
0.01,2161551
0.01,2159063
0.01,2166901
0.01,2225967
0.01,2226460
0.01,2161154
0.01,2150071
0.01,2110808
0.01,2099830
0.01,2059380
0.01,2135978
0.01,2187856
0.01,2149896
0.01,2243199
0.01,2252242
0.01,2248981
0.01,2211713
0.01,2181849
0.01,2212331
0.01,2211427
0.01,2037375
0.01,2037732
0.01,1989777
0.01,1963114
0.01,1932137
0.01,1888887
0.01,1824333
0.01,1825094
0.01,1855298
0.01,1836312
0.01,1812050
0.01,1796208
0.01,1808400
0.01,1824458
0.01,1849009
0.01,1805897
0.01,1808297
0.01,1802832
0.01,1842567
0.01,1854872
0.01,1915943
0.01,1800267
0.01,1816084
0.01,1842548
0.01,1911853
0.01,1860977
0.01,1877808
0.01,1884828
0.01,1884430
0.01,1887953
0.01,1882457
0.01,1911575
0.01,1926881
0.01,1819797
0.01,1803939
0.01,1767294
0.01,1710520
0.01,1669355
0.01,1657031
0.01,1661016
0.01,1632880
0.01,1651705
0.01,1674287
0.01,1676777
0.01,1640942
0.01,1618326
0.01,1643138
0.01,1706957
0.01,1707913
0.01,1703855
0.01,1689180
0.01,1680174
0.01,1604641
0.01,1609691
0.01,1611208
0.01,1611101
0.01,1606160
0.01,1618784
0.01,1619170
0.01,1618767
0.01,1557795
0.01,1578593
0.01,1581380
0.01,1604475
0.01,1636172
0.01,1638103
0.01,1618533
0.01,1653600
0.01,1677428
0.01,1652013
0.01,1688835
0.01,1657830
0.01,1666888
0.01,1638362
0.01,1642690
0.01,1652630
0.01,1631566
0.01,1613802
0.01,1589749
0.01,1543013
0.01,1494097
0.01,1506607
0.01,1486839
0.01,1531155
0.01,1494653
0.01,1466128
0.01,1433153
0.01,1487707
0.01,1517892
0.01,1499301
0.01,1490022
0.01,1498727
0.01,1471859
0.01,1450707
0.01,1418901
0.01,1390878
0.01,1355490
0.01,1351705
0.01,1326289
0.01,1293081
0.01,1304521
0.01,1350642
0.01,1371166
0.01,1358370
0.01,1324645
0.01,1326106
0.01,1335562
0.01,1335347
0.01,1319752
0.01,1340769
0.01,1342937
0.01,1328826
0.01,1307796
0.01,1294211
0.01,1295230
0.01,1307484
0.01,1262609
0.01,1232176
0.01,1263912
0.01,1263511
0.01,1242413
0.01,1268220
0.01,1258389
0.01,1237426
0.01,1218617
0.01,1205022
0.01,1197872
0.01,1199054
0.01,1221358
0.01,1219826
0.01,1210942
0.01,1243149
0.01,1244949
0.01,1246008
0.01,1238687
0.01,1234932
0.01,1226255
0.01,1229359
0.01,1233306
0.01,1271354
0.01,1256491
0.01,1258137
0.01,1256684
0.01,1218663
0.01,1224844
0.01,1193727
0.01,1159459
0.01,1177272
0.01,1175545
0.01,1212043
0.01,1220900
0.01,1234846
0.02,1260737
0.02,1255626
0.02,1225556
0.02,1216457
0.02,1188539
0.02,1169474
0.02,1204086
0.02,1228565
0.02,1272664
0.02,1300519
0.02,1339054
0.02,1326201
0.02,1370604
0.02,1398056
0.02,1369484
0.02,1356204
0.02,1353369
0.02,1340032
0.02,1301578
0.02,1295938
0.02,1300554
0.02,1285748
0.02,1285723
0.02,1338650
0.02,1292476
0.02,1274535
0.02,1266781
0.02,1231634
0.02,1253509
0.02,1226668
0.02,1202760
0.02,1203026
0.02,1185111
0.02,1167470
0.02,1160985
0.02,1167754
0.02,1136675
0.02,1161452
0.02,1163380
0.02,1166306
0.02,1145961
0.02,1174463
0.02,1152013
0.02,1126014
0.02,1139779
0.02,1145175
0.02,1131757
0.02,1125389
0.02,1117720
0.02,1115543
0.02,1118416
0.02,1134749
0.02,1166675
0.02,1161715
0.02,1162733
0.02,1163464
0.02,1153418
0.02,1160302
0.02,1135029
0.02,1124365
0.02,1131640
0.02,1164606
0.02,1166205
0.02,1156477
0.02,1123204
0.02,1104418
0.02,1110034
0.02,1128651
0.02,1093828
0.02,1116608
0.02,1112224
0.02,1086629
0.02,1094201
0.02,1096563
0.02,1063378
0.02,1065894
0.02,1047001
0.02,1076166
0.02,1079782
0.02,1105061
0.02,1072259
0.02,1042052
0.02,1028294
0.02,1041287
0.02,1054033
0.02,1042538
0.02,1042620
0.02,1064970
0.02,1064124
0.02,1080757
0.02,1083363
0.02,1068973
0.02,1064251
0.02,1058358
0.02,1053724
0.02,1074926
0.02,1091668
0.02,1116712
0.02,1086721
0.02,1117037
0.02,1121774
0.02,1151655
0.02,1196717
0.02,1195179
0.02,1181311
0.02,1205612
0.02,1266706
0.02,1227961
0.02,1229265
0.02,1201161
0.02,1212202
0.02,1162706
0.02,1162280
0.02,1162807
0.02,1162165
0.02,1148515
0.02,1139789
0.02,1138455
0.02,1127862
0.02,1131317
0.02,1099133
0.02,1082227
0.02,1096625
0.02,1107416
0.02,1088718
0.02,1132042
0.02,1091895
0.02,1098762
0.02,1076256
0.02,1079431
0.02,1016792
0.02,1005903
0.02,989481
0.02,979766
0.02,975672
0.02,976941
0.02,970078
0.02,962370
0.02,954729
0.02,990005
0.02,1012181
0.02,1010395
0.02,978906
0.02,948698
0.02,976631
0.02,975398
0.02,994423
0.02,1000551
0.02,948563
0.02,936754
0.02,925865
0.02,920331
0.02,915516
0.02,911273
0.02,907927
0.02,905921
0.02,902723
0.02,897551
0.02,894838
0.02,892392
0.02,890142
0.02,887795
0.02,885864
0.02,903956
0.02,915932
0.02,910967
0.02,936640
0.02,936817
0.02,925497
0.02,947970
0.02,952548
0.02,930252
0.02,931851
0.02,884073
0.02,919687
0.02,928936
0.02,928700
0.02,961009
0.02,966480
0.02,969360
0.02,953273
0.02,913031
0.02,885754
0.02,878046
0.02,876348
0.02,875032
0.02,873746
0.02,872569
0.02,886820
0.02,871348
0.02,864736
0.02,863904
0.02,863125
0.02,862676
