0.00,5761916
0.00,5494467
0.00,5317249
0.00,5153107
0.00,4961044
0.00,4834712
0.00,4682443
0.00,4516677
0.00,4455449
0.00,4395119
0.00,4247090
0.00,4081751
0.00,3957693
0.00,3796603
0.00,3814880
0.00,3776378
0.00,3802065
0.00,3729950
0.00,3558874
0.00,3446992
0.00,3362384
0.00,3391318
0.00,3310834
0.00,3334743
0.00,3243108
0.00,3196164
0.00,3190092
0.00,3206924
0.00,3096041
0.00,3003988
0.00,2931159
0.00,2928970
0.00,2925369
0.00,3028352
0.00,3045141
0.00,3040185
0.00,3009982
0.00,2971260
0.00,3038493
0.00,3021570
0.00,2977628
0.00,2998093
0.00,2848574
0.00,2780494
0.00,2807012
0.00,2752150
0.00,2776219
0.00,2691855
0.00,2729082
0.00,2702264
0.00,2576343
0.00,2601991
0.00,2532436
0.00,2458466
0.00,2384502
0.00,2326609
0.00,2317427
0.00,2390102
0.00,2385266
0.00,2316825
0.00,2320128
0.00,2237339
0.00,2220868
0.00,2185342
0.01,2162144
0.01,2167172
0.01,2187650
0.01,2253802
0.01,2228610
0.01,2193754
0.01,2156139
0.01,2101855
0.01,2130460
0.01,2031581
0.01,2036978
0.01,2070039
0.01,2069878
0.01,2081906
0.01,2119247
0.01,1998036
0.01,2008118
0.01,1968871
0.01,1968320
0.01,1920259
0.01,1894594
0.01,1931578
0.01,1919764
0.01,1928553
0.01,1976901
0.01,1973297
0.01,1948311
0.01,1913221
0.01,1865053
0.01,1899724
0.01,1955614
0.01,1867980
0.01,1823388
0.01,1882477
0.01,1912902
0.01,1899388
0.01,1876484
0.01,1818311
0.01,1757883
0.01,1741126
0.01,1792714
0.01,1833937
0.01,1761157
0.01,1761203
0.01,1706520
0.01,1665123
0.01,1766558
0.01,1722122
0.01,1741256
0.01,1740701
0.01,1689643
0.01,1703134
0.01,1716873
0.01,1639290
0.01,1657452
0.01,1637407
0.01,1653285
0.01,1678953
0.01,1696510
0.01,1664927
0.01,1630838
0.01,1622845
0.01,1575364
0.01,1627150
0.01,1596556
0.01,1582886
0.01,1598219
0.01,1598784
0.01,1587542
0.01,1572875
0.01,1565803
0.01,1530785
0.01,1553897
0.01,1504388
0.01,1558378
0.01,1577894
0.01,1612324
0.01,1590821
0.01,1564013
0.01,1545763
0.01,1566153
0.01,1532999
0.01,1535184
0.01,1484044
0.01,1471249
0.01,1475558
0.01,1463190
0.01,1443435
0.01,1492709
0.01,1574696
0.01,1548148
0.01,1555054
0.01,1489856
0.01,1486748
0.01,1507012
0.01,1478246
0.01,1454949
0.01,1423383
0.01,1407191
0.01,1390162
0.01,1421716
0.01,1360159
0.01,1376577
0.01,1329600
0.01,1332545
0.01,1372784
0.01,1321913
0.01,1338597
0.01,1339324
0.01,1383997
0.01,1399667
0.01,1387563
0.01,1407033
0.01,1400787
0.01,1369516
0.01,1374316
0.01,1383601
0.01,1399079
0.01,1348488
0.01,1293908
0.01,1303632
0.01,1334592
0.01,1245027
0.01,1257884
0.01,1217693
0.01,1193542
0.01,1172665
0.01,1166513
0.01,1143171
0.01,1125346
0.01,1128663
0.01,1107995
0.01,1112444
0.01,1125739
0.01,1103156
0.01,1086705
0.01,1115907
0.01,1068396
0.01,1050246
0.01,1057965
0.01,1035707
0.01,1027422
0.01,1013072
0.01,1004506
0.01,992237
0.01,1008228
0.01,983881
0.01,982665
0.01,969920
0.01,958120
0.01,974811
0.01,997877
0.01,1078705
0.01,1118012
0.01,1146776
0.01,1127784
0.01,1125213
0.01,1135041
0.01,1135246
0.01,1136174
0.01,1147554
0.01,1131348
0.01,1149559
0.01,1154285
0.01,1166957
0.01,1122037
0.01,1111059
0.01,1080409
0.01,1047443
0.01,1033582
0.01,1025975
0.01,1052026
0.01,1068747
0.01,1064031
0.01,1036962
0.01,1017525
0.01,992381
0.01,947973
0.01,957480
0.01,913671
0.01,917843
0.01,931350
0.01,931558
0.01,962846
0.01,990551
0.01,980558
0.01,975904
0.01,991204
0.01,1002309
0.01,964863
0.01,942814
0.01,956646
0.01,935657
0.01,905068
0.01,898660
0.01,892054
0.01,886106
0.01,880663
0.01,875189
0.01,870133
0.01,865752
0.01,873334
0.01,894886
0.01,927641
0.01,948865
0.01,978001
0.01,1005401
0.01,1031138
0.01,1016338
0.01,1027320
0.01,1016688
0.01,1061627
0.01,1038705
0.01,1044602
0.01,1048682
0.01,1072116
0.01,1049207
0.01,1036853
0.01,1010901
0.01,987937
0.01,980127
0.01,967314
0.01,970998
0.01,988789
0.01,997189
0.01,979035
0.01,956551
0.01,927491
0.01,896578
0.01,896132
0.01,900185
0.01,892777
0.01,897950
0.01,895863
0.01,908142
0.01,914360
0.01,918806
0.01,930403
0.01,924280
0.01,935537
0.01,944824
0.01,893422
0.01,897140
0.01,899925
0.01,899274
0.01,934453
0.01,872208
0.01,861532
0.01,857617
0.02,854228
0.02,851310
0.02,848405
0.02,845699
0.02,842704
0.02,840370
0.02,838297
0.02,836531
0.02,835180
0.02,833852
0.02,832556
0.02,860909
0.02,862761
0.02,831295
0.02,821570
0.02,817018
0.02,816042
0.02,816002
0.02,815963
