0.00, 5438084
0.00, 5379782
0.00, 5363133
0.00, 5318893
0.00, 5301471
0.00, 5270571
0.00, 5209994
0.00, 5131020
0.00, 5074507
0.00, 5073024
0.00, 5068225
0.00, 5015070
0.00, 4989736
0.00, 4989537
0.00, 4987124
0.00, 4952567
0.00, 4949829
0.00, 4943589
0.00, 4913585
0.00, 4845858
0.00, 4815824
0.00, 4802212
0.00, 4783018
0.00, 4749534
0.00, 4681319
0.00, 4680887
0.00, 4669221
0.00, 4644584
0.00, 4603209
0.00, 4602382
0.00, 4523153
0.00, 4473815
0.00, 4408449
0.00, 4406053
0.00, 4333130
0.00, 4286624
0.00, 4276148
0.00, 4270034
0.00, 4255976
0.00, 4252765
0.00, 4231937
0.00, 4146064
0.00, 4115039
0.00, 4100546
0.00, 4096470
0.00, 4064141
0.00, 4021187
0.00, 4002593
0.00, 3982925
0.00, 3978198
0.00, 3977250
0.00, 3881785
0.00, 3823857
0.00, 3796726
0.00, 3778464
0.00, 3773316
0.00, 3761993
0.00, 3755890
0.00, 3737576
0.00, 3704497
0.01, 3698310
0.01, 3679835
0.01, 3666420
0.01, 3649080
0.01, 3634781
0.01, 3618177
0.01, 3613292
0.01, 3596754
0.01, 3540861
0.01, 3526496
0.01, 3520246
0.01, 3437299
0.01, 3435777
0.01, 3413364
0.01, 3408644
0.01, 3407657
0.01, 3404327
0.01, 3382441
0.01, 3351526
0.01, 3337047
0.01, 3318871
0.01, 3310014
0.01, 3289375
0.01, 3287833
0.01, 3284067
0.01, 3281411
0.01, 3267687
0.01, 3255531
0.01, 3255142
0.01, 3252904
0.01, 3238445
0.01, 3228482
0.01, 3225340
0.01, 3162903
0.01, 3125970
0.01, 3075742
0.01, 3048794
0.01, 3025609
0.01, 2976590
0.01, 2969876
0.01, 2958057
0.01, 2909487
0.01, 2887327
0.01, 2882187
0.01, 2877341
0.01, 2854799
0.01, 2850208
0.01, 2844601
0.01, 2799255
0.01, 2787072
0.01, 2780245
0.01, 2778801
0.01, 2763132
0.01, 2762032
0.01, 2757538
0.01, 2756313
0.01, 2723571
0.01, 2705795
0.01, 2695141
0.01, 2677847
0.01, 2656731
0.01, 2618381
0.01, 2600265
0.01, 2599777
0.01, 2596415
0.01, 2587314
0.01, 2576452
0.01, 2572224
0.01, 2550397
0.01, 2504661
0.01, 2504501
0.01, 2498411
0.01, 2477958
0.01, 2476385
0.01, 2464993
0.01, 2464723
0.01, 2459957
0.01, 2457791
0.01, 2443735
0.01, 2422885
0.01, 2391773
0.01, 2384002
0.04, 2359545
0.04, 2354752
0.04, 2347800
0.04, 2312506
0.04, 2310499
0.04, 2297922
0.04, 2290150
0.04, 2279536
0.04, 2264399
0.04, 2248596
0.04, 2229425
0.04, 2222470
0.04, 2221656
0.04, 2212045
0.04, 2210977
0.04, 2203107
0.06, 2195801
0.06, 2182185
0.06, 2157407
0.06, 2139160
0.06, 2114149
0.06, 2109356
0.08, 2102925
0.08, 2102136
0.08, 2091930
0.08, 2013320
0.09, 2000280
0.10, 1979450
0.10, 1972033
0.10, 1967916
0.10, 1966736
0.10, 1959214
0.11, 1945094
0.11, 1925830
0.11, 1917758
0.11, 1912029
0.13, 1909262
0.13, 1887361
0.13, 1873237
0.13, 1862837
0.13, 1836850
0.13, 1819119
0.13, 1804210
0.13, 1782662
0.13, 1775253
0.13, 1762465
0.13, 1759281
0.13, 1752659
0.13, 1741304
0.13, 1739861
0.13, 1728320
0.13, 1728065
0.16, 1714156
0.16, 1698828
0.16, 1698612
0.16, 1689906
0.16, 1689429
0.16, 1685592
0.16, 1680676
0.16, 1674142
0.19, 1670411
0.19, 1666046
0.19, 1665554
0.19, 1664670
0.19, 1663477
0.19, 1654516
0.19, 1646377
0.19, 1643207
0.19, 1641621
0.19, 1636481
0.19, 1633971
0.19, 1630549
0.19, 1620656
0.19, 1613527
0.19, 1609097
0.19, 1601572
0.20, 1597404
0.20, 1592358
0.20, 1590416
0.21, 1578807
0.21, 1563894
0.21, 1559825
0.21, 1554410
0.21, 1548807
0.21, 1537452
0.21, 1532573
0.22, 1521573
0.22, 1518474
0.22, 1506148
0.22, 1487445
0.22, 1481150
0.22, 1457897
0.22, 1446478
0.22, 1445199
0.22, 1434794
0.22, 1415528
0.22, 1393344
0.22, 1373141
0.22, 1361215
0.22, 1359715
0.22, 1351620
0.22, 1350417
0.22, 1347505
0.22, 1340620
0.23, 1331708
0.23, 1325145
0.23, 1314792
0.23, 1309600
0.23, 1308162
0.27, 1306679
0.30, 1305294
0.30, 1304840
0.30, 1291317
0.30, 1291145
0.30, 1269025
0.30, 1256518
0.30, 1256205
0.30, 1253978
0.30, 1251610
0.30, 1246556
0.30, 1237198
0.30, 1234741
0.30, 1230701
0.30, 1229663
0.31, 1228595
0.31, 1224721
0.31, 1213540
0.31, 1203914
0.31, 1203910
0.33, 1203003
0.33, 1194698
0.33, 1193544
0.34, 1180173
0.34, 1176518
0.34, 1162713
0.34, 1161315
0.34, 1154969
0.34, 1152065
0.34, 1151046
0.34, 1150022
0.34, 1131727
0.34, 1121005
0.34, 1108940
0.34, 1106256
0.35, 1101555
0.35, 1100760
0.35, 1097577
0.35, 1094937
0.35, 1081713
0.35, 1080829
0.35, 1078578
0.35, 1076341
0.35, 1076302
0.35, 1075749
0.35, 1069313
0.35, 1067924
0.35, 1065484
0.35, 1064937
0.35, 1064541
0.35, 1060605
0.38, 1060193
0.38, 1053690
0.38, 1053496
0.38, 1052988
0.38, 1050876
0.38, 1043198
0.38, 1041734
0.38, 1026374
0.38, 1026243
0.38, 1022813
0.38, 1022419
0.38, 1021551
0.38, 1016818
0.39, 1014798
0.39, 1010508
0.40, 1009460
0.40, 1008414
0.40, 1006357
0.40, 997540
0.42, 997302
0.42, 991019
0.42, 987970
0.42, 987364
0.43, 983426
0.43, 969447
0.43, 956025
0.43, 955359
0.43, 950135
0.43, 947096
0.43, 946773
0.43, 945834
0.43, 941885
0.43, 923204
0.43, 914495
0.43, 909298
0.43, 906102
0.49, 905762
0.49, 902787
0.49, 899332
0.50, 898951
0.50, 898560
0.50, 895623
0.50, 887066
0.51, 883274
0.51, 876600
0.51, 875272
0.51, 874088
0.52, 872035
0.52, 871967
0.53, 869201
0.53, 867662
0.53, 867462
0.53, 867411
0.53, 865443
0.53, 863023
0.53, 862904
0.53, 862218
0.53, 856694
0.59, 855621
0.61, 854784
0.61, 854711
0.61, 853383
0.61, 850280
0.61, 848464
0.61, 846836
0.61, 846749
0.61, 845045
0.64, 842526
0.64, 841175
0.64, 840635
0.65, 838048
0.65, 836273
0.65, 834237
0.66, 831331
0.66, 829654
0.66, 829614
0.66, 826268
0.66, 824665
0.67, 820195
0.79, 820139
0.81, 819460
0.82, 819078
0.83, 818062
0.83, 816776
0.83, 816737
0.90, 816674
0.96, 816634
0.98, 816595
2.76, 816388
2.87, 816215
2.87, 816134
2.87, 815982
2.89, 814631
2.94, 813797
2.99, 813650
7.44, 813323
7.44, 812716
7.44, 811517
7.56, 811276
7.63, 811237
15.66, 811124
15.67, 811025
15.67, 810984
15.67, 810944
15.75, 810767
15.75, 810727
15.76, 810688
21.82, 810582
21.82, 810543
21.92, 810542
21.99, 810503
