0.00, 5910865
0.00, 5891425
0.00, 5814065
0.00, 5713511
0.00, 5671509
0.00, 5671183
0.00, 5668428
0.00, 5608823
0.00, 5576957
0.00, 5564409
0.00, 5540390
0.00, 5528683
0.00, 5504865
0.00, 5467252
0.00, 5447669
0.00, 5443858
0.00, 5441902
0.00, 5432798
0.00, 5411040
0.00, 5381334
0.00, 5344132
0.00, 5279778
0.00, 5246456
0.00, 5245286
0.00, 5227116
0.00, 5156867
0.00, 5153512
0.00, 5084110
0.00, 4962269
0.00, 4960233
0.00, 4860149
0.00, 4857454
0.00, 4845578
0.00, 4837017
0.00, 4834759
0.00, 4790921
0.00, 4781880
0.00, 4775126
0.00, 4699232
0.00, 4688879
0.00, 4686019
0.00, 4650604
0.00, 4634154
0.00, 4622167
0.00, 4619136
0.00, 4585868
0.00, 4561640
0.00, 4558457
0.00, 4531889
0.00, 4454241
0.00, 4418368
0.00, 4416137
0.00, 4371521
0.00, 4228410
0.00, 4225826
0.00, 4147747
0.00, 4122388
0.00, 4050216
0.00, 3930800
0.00, 3916548
0.00, 3863514
0.00, 3859399
0.00, 3840905
0.00, 3800761
0.00, 3798927
0.00, 3796783
0.00, 3761150
0.00, 3756965
0.00, 3744390
0.00, 3743345
0.00, 3734153
0.00, 3719512
0.00, 3672957
0.00, 3657711
0.00, 3632985
0.00, 3631504
0.00, 3627837
0.00, 3571103
0.00, 3569217
0.00, 3555301
0.00, 3547368
0.00, 3530154
0.00, 3515162
0.00, 3478919
0.00, 3475199
0.00, 3462755
0.00, 3461493
0.00, 3422731
0.00, 3388584
0.00, 3315802
0.00, 3274776
0.00, 3216117
0.00, 3208742
0.00, 3203121
0.00, 3180160
0.00, 3160625
0.00, 3146209
0.00, 3123169
0.01, 3109078
0.01, 3099016
0.01, 3037971
0.01, 3035994
0.01, 3017059
0.01, 3010023
0.01, 2993784
0.01, 2993392
0.01, 2973801
0.01, 2967041
0.01, 2951914
0.01, 2940272
0.01, 2911580
0.01, 2909521
0.01, 2900584
0.01, 2885424
0.01, 2883646
0.01, 2859627
0.01, 2848482
0.01, 2847415
0.01, 2834943
0.01, 2832631
0.01, 2823892
0.01, 2816389
0.01, 2814342
0.01, 2773562
0.01, 2757323
0.01, 2737176
0.01, 2728927
0.01, 2719489
0.01, 2716567
0.01, 2714172
0.01, 2708907
0.01, 2703200
0.01, 2689411
0.01, 2682902
0.01, 2681254
0.01, 2659646
0.01, 2658615
0.01, 2607891
0.01, 2570494
0.01, 2531228
0.01, 2528858
0.02, 2526353
0.02, 2481874
0.02, 2477102
0.02, 2468906
0.02, 2464904
0.02, 2426445
0.02, 2381352
0.02, 2337968
0.02, 2335902
0.02, 2329829
0.02, 2327471
0.02, 2322771
0.02, 2319545
0.02, 2315628
0.02, 2309025
0.02, 2303055
0.02, 2273643
0.02, 2262877
0.02, 2262710
0.02, 2261654
0.02, 2261450
0.02, 2244467
0.02, 2230230
0.02, 2189100
0.02, 2182557
0.02, 2146196
0.02, 2120746
0.07, 2102540
0.07, 2099745
0.07, 2091144
0.07, 2077064
0.07, 2071690
0.09, 2054412
0.09, 2041974
0.09, 2036672
0.09, 2031698
0.09, 2020855
0.09, 2012754
0.09, 2004905
0.09, 1999550
0.09, 1993338
0.09, 1987214
0.09, 1972386
0.09, 1951053
0.09, 1945045
0.09, 1935994
0.09, 1898969
0.09, 1897785
0.09, 1897628
0.09, 1897328
0.09, 1895059
0.09, 1892457
0.13, 1878196
0.13, 1877912
0.13, 1869094
0.13, 1867958
0.13, 1862256
0.13, 1851716
0.13, 1830533
0.13, 1817875
0.13, 1816926
0.13, 1802420
0.13, 1793638
0.13, 1793049
0.13, 1788629
0.13, 1785043
0.13, 1773122
0.14, 1767343
0.15, 1757083
0.17, 1756321
0.17, 1753573
0.17, 1737913
0.17, 1728124
0.17, 1716083
0.17, 1714373
0.17, 1713457
0.17, 1710713
0.17, 1702477
0.17, 1697118
0.17, 1694680
0.17, 1685219
0.17, 1684065
0.17, 1683960
0.17, 1670485
0.17, 1665754
0.17, 1657019
0.17, 1650470
0.17, 1614647
0.17, 1613919
0.17, 1607190
0.17, 1575295
0.17, 1561106
0.17, 1542353
0.17, 1537339
0.20, 1515354
0.20, 1491250
0.20, 1485011
0.20, 1483124
0.20, 1473792
0.20, 1471366
0.21, 1471336
0.21, 1449318
0.21, 1448014
0.21, 1440950
0.21, 1438154
0.21, 1435206
0.21, 1430661
0.21, 1427432
0.21, 1400868
0.21, 1393864
0.23, 1392425
0.23, 1388420
0.23, 1382801
0.24, 1380138
0.24, 1376216
0.24, 1373418
0.24, 1368945
0.24, 1363020
0.24, 1349144
0.24, 1341130
0.26, 1320606
0.26, 1292588
0.26, 1289278
0.26, 1285149
0.27, 1280971
0.27, 1278520
0.27, 1274515
0.27, 1269098
0.27, 1262827
0.27, 1260998
0.27, 1246781
0.27, 1232853
0.30, 1212009
0.31, 1211214
0.31, 1207191
0.31, 1205436
0.31, 1205403
0.31, 1202737
0.31, 1189416
0.31, 1180927
0.31, 1179989
0.31, 1178939
0.31, 1177997
0.31, 1164370
0.31, 1161966
0.31, 1161757
0.31, 1161524
0.33, 1141720
0.33, 1141682
0.33, 1129438
0.33, 1125990
0.33, 1124022
0.33, 1122846
0.33, 1117991
0.33, 1117864
0.33, 1116153
0.33, 1115965
0.33, 1109018
0.33, 1094046
0.33, 1091722
0.33, 1086525
0.35, 1084171
0.35, 1074072
0.35, 1072728
0.35, 1070023
0.35, 1069849
0.35, 1058494
0.35, 1049211
0.36, 1049208
0.36, 1047375
0.36, 1044582
0.36, 1044569
0.36, 1038364
0.38, 1036668
0.38, 1029319
0.38, 1028762
0.38, 1028756
0.38, 1025214
0.38, 1024539
0.38, 1013463
0.38, 1010755
0.38, 1008746
0.38, 1005214
0.38, 996304
0.42, 994530
0.42, 993730
0.42, 991398
0.42, 991294
0.42, 986805
0.42, 986039
0.42, 982328
0.42, 981537
0.42, 981487
0.42, 978822
0.42, 972042
0.42, 968175
0.42, 966624
0.42, 963235
0.43, 960430
0.43, 958106
0.43, 953430
0.43, 938730
0.43, 931086
0.45, 922780
0.45, 921153
0.45, 919642
0.45, 918706
0.45, 906710
0.45, 903727
0.45, 901309
0.45, 897525
0.53, 888574
0.53, 881920
0.54, 876371
0.54, 875518
0.54, 873445
0.54, 872484
0.54, 871951
0.54, 871734
0.54, 870648
0.57, 867740
0.58, 865891
0.58, 863320
0.58, 862857
0.58, 860453
0.58, 853047
0.58, 852467
0.58, 852352
0.61, 848134
0.61, 847211
0.61, 846335
0.61, 838603
0.61, 834243
0.61, 834077
0.62, 832826
0.62, 830890
0.62, 829182
0.66, 827952
0.67, 826962
0.67, 825634
0.67, 825305
0.67, 824118
0.67, 822607
0.67, 820675
0.67, 820118
0.73, 819341
0.75, 818671
0.77, 817715
0.77, 817555
0.77, 817474
0.78, 816663
0.78, 816617
0.78, 814801
0.78, 813198
0.78, 812670
0.78, 812063
0.79, 811911
0.79, 811732
0.89, 811687
0.91, 810840
0.96, 810503
