0.00,5295619
0.00,5105475
0.00,4910201
0.00,4760722
0.00,4643405
0.00,4489188
0.00,4415932
0.00,4364650
0.00,4347903
0.00,4245975
0.00,4138176
0.00,4013153
0.00,3951904
0.00,3850524
0.00,3758456
0.00,3644235
0.00,3534711
0.00,3495335
0.00,3434092
0.00,3352495
0.00,3260715
0.00,3202572
0.00,3092861
0.00,3001253
0.00,2902692
0.00,2926440
0.00,2876129
0.00,2874004
0.00,2824511
0.00,2794029
0.00,2827057
0.00,2890778
0.00,2746470
0.00,2894169
0.00,2917302
0.00,2860517
0.00,2875532
0.00,2791854
0.00,2732603
0.00,2753099
0.00,2793824
0.00,2748423
0.00,2629754
0.00,2505192
0.00,2560742
0.00,2557228
0.00,2550954
0.00,2536337
0.00,2488838
0.00,2495915
0.00,2477709
0.01,2500850
0.01,2477191
0.01,2483721
0.01,2482161
0.01,2420226
0.01,2442226
0.01,2403911
0.01,2416960
0.01,2350249
0.01,2314468
0.01,2280251
0.01,2265539
0.01,2284664
0.01,2230196
0.01,2143633
0.01,2095605
0.01,2081301
0.01,2103330
0.01,2150642
0.01,2134577
0.01,2127404
0.01,2139257
0.01,2105353
0.01,2085281
0.01,2079779
0.01,2101262
0.01,2099326
0.01,2107553
0.01,2080210
0.01,2105526
0.01,2152123
0.01,2038827
0.01,1975612
0.01,1927334
0.01,1934449
0.01,1970591
0.01,1864921
0.01,1890713
0.01,1949144
0.01,1917934
0.01,1940642
0.01,1903022
0.01,1852079
0.01,1832836
0.01,1834376
0.01,1790242
0.01,1795467
0.01,1830961
0.01,1836013
0.01,1859987
0.01,1863501
0.01,1807951
0.01,1817368
0.01,1804453
0.01,1832543
0.01,1834506
0.01,1790498
0.01,1798933
0.01,1806493
0.01,1825406
0.01,1875245
0.01,1886334
0.01,1858689
0.01,1896583
0.01,1907043
0.01,1855511
0.01,1823258
0.01,1767847
0.01,1722347
0.01,1714366
0.01,1673719
0.01,1691448
0.01,1678497
0.01,1628186
0.01,1597596
0.01,1560480
0.01,1570816
0.01,1559629
0.01,1573199
0.01,1548903
0.01,1546547
0.01,1545442
0.01,1510466
0.01,1461689
0.01,1462143
0.01,1425081
0.01,1414922
0.01,1523851
0.01,1551202
0.01,1560773
0.01,1604674
0.01,1636158
0.01,1630488
0.01,1635598
0.01,1629519
0.01,1584848
0.01,1578363
0.01,1523711
0.01,1544111
0.01,1544486
0.01,1551650
0.01,1476461
0.01,1476935
0.01,1418098
0.01,1400030
0.01,1400482
0.01,1471776
0.01,1476937
0.01,1479282
0.01,1512028
0.01,1516966
0.01,1566471
0.01,1567420
0.01,1552634
0.01,1599327
0.01,1610094
0.01,1609666
0.01,1617927
0.01,1604033
0.01,1532126
0.01,1483105
0.01,1419126
0.01,1473146
0.01,1464976
0.01,1462468
0.01,1436801
0.01,1424066
0.01,1417979
0.01,1425150
0.01,1367062
0.01,1354848
0.01,1334398
0.01,1350924
0.01,1348139
0.01,1330592
0.01,1310666
0.01,1328018
0.01,1292331
0.01,1289734
0.01,1305411
0.01,1302059
0.01,1317449
0.01,1300262
0.01,1312219
0.01,1309434
0.01,1291887
0.01,1327544
0.01,1330450
0.01,1342481
0.01,1430904
0.01,1422786
0.01,1423682
0.01,1431994
0.01,1441704
0.01,1421214
0.01,1414113
0.01,1368783
0.01,1348611
0.01,1380926
0.01,1379197
0.01,1415352
0.01,1414964
0.01,1352005
0.01,1318654
0.01,1316716
0.01,1334376
0.01,1369126
0.01,1378716
0.01,1400266
0.01,1339872
0.01,1292029
0.01,1302601
0.01,1362407
0.01,1378272
0.01,1401724
0.01,1374140
0.01,1384423
0.01,1379767
0.01,1372114
0.01,1393958
0.01,1397143
0.01,1395046
0.01,1351776
0.01,1281940
0.01,1267314
0.01,1261997
0.01,1242617
0.01,1223966
0.01,1241318
0.01,1205631
0.01,1216703
0.01,1228008
0.01,1223304
0.01,1220648
0.01,1234292
0.01,1191067
0.01,1206876
0.01,1153742
0.01,1164945
0.01,1143155
0.01,1150547
0.01,1167009
0.01,1180589
0.01,1210520
0.01,1219071
0.01,1243745
0.01,1251977
0.01,1268813
0.01,1301343
0.01,1297194
0.01,1291882
0.01,1292892
0.01,1303446
0.01,1285246
0.01,1306161
0.01,1297909
0.01,1283970
0.01,1266871
0.01,1271717
0.01,1264653
0.01,1316780
0.01,1304237
0.01,1298691
0.01,1288668
0.01,1289244
0.01,1308109
0.01,1366684
0.01,1368800
0.02,1361572
0.02,1368693
0.02,1365897
0.02,1336326
0.02,1325659
0.02,1285075
0.02,1273366
0.02,1228272
0.02,1218601
0.02,1232899
0.02,1240408
0.02,1225118
0.02,1202698
0.02,1168751
0.02,1142937
0.02,1128141
0.02,1123641
0.02,1111254
0.02,1096438
0.02,1108558
0.02,1121344
0.02,1142215
0.02,1159149
0.02,1166882
0.02,1175776
0.02,1200510
0.02,1215568
0.02,1194624
0.02,1207081
0.02,1202712
0.02,1209771
0.02,1185843
0.02,1208483
0.02,1170978
0.02,1172017
0.02,1156092
0.02,1133108
0.02,1117740
0.02,1087677
0.02,1088314
0.02,1096148
0.02,1083417
0.02,1065483
0.02,1052392
0.02,1039719
0.02,1027723
0.02,1016268
0.02,1004990
0.02,994068
0.02,978618
0.02,1002756
0.02,1017810
0.02,1027242
0.02,1019463
0.02,1015193
0.02,1024677
0.02,1027128
0.02,1042905
0.02,1055495
0.02,1062724
0.02,1048496
0.02,1062122
0.02,1070647
0.02,1068230
0.02,1065842
0.02,1063102
0.02,1048433
0.02,1036298
0.02,1056427
0.02,1040867
0.02,1034273
0.02,1019426
0.02,968312
0.02,1005464
0.02,1005271
0.02,1003213
0.02,992740
0.02,1011706
0.02,1013021
0.02,1016406
0.02,1039020
0.02,1047791
0.02,1046294
0.02,1056693
0.02,1062204
0.02,1053619
0.02,1044637
0.02,1048467
0.02,1054151
0.02,1029851
0.02,1041953
0.02,1034458
0.02,1029782
0.02,1017395
0.02,965877
0.02,998651
0.02,1013303
0.02,953593
0.02,941253
0.02,932967
0.02,926910
0.02,921111
0.02,915233
0.02,927679
0.02,922686
0.02,916452
0.02,909885
0.02,905204
0.02,898792
0.02,894313
0.02,887003
0.02,882601
0.02,878270
0.02,874181
0.02,870912
0.02,868032
0.02,865127
0.02,862723
0.02,860448
0.02,858792
0.02,857441
0.02,856113
0.02,855176
0.02,868760
0.02,877672
0.02,901159
0.02,928618
0.02,933675
0.02,916901
0.02,909131
0.02,906427
0.02,935487
0.02,990668
0.02,1007044
0.02,1044679
0.02,1035632
0.02,994977
0.02,991647
0.02,987511
0.02,996405
0.02,1044745
0.02,1026341
0.02,1011425
0.02,1008920
0.02,1011375
0.02,1056398
0.02,1031250
0.02,1038588
0.02,1033901
0.02,1032449
0.02,1048945
0.02,1061425
0.02,1065002
0.02,1079132
0.02,1083516
0.02,1097761
0.02,1097458
0.02,1093894
0.02,1084601
0.02,1069445
0.02,1012252
0.02,970081
0.02,920856
0.02,908392
0.02,857210
0.02,861461
0.02,861538
0.02,882959
0.02,899887
0.02,930347
0.02,931218
0.02,911869
0.02,905894
0.02,914509
0.02,978766
0.02,993981
0.02,1037071
0.02,1035992
0.02,981968
0.02,995718
0.02,990881
0.02,983205
0.02,1051378
0.02,1026058
0.02,1013998
0.02,1000126
0.02,1000408
0.02,1014868
0.02,1041659
0.02,1022942
0.02,1045544
0.02,1033939
0.02,1032483
0.02,1049596
0.02,1061400
0.02,1074327
0.02,1080145
0.02,1092291
0.02,1092940
0.02,1093560
0.02,1084788
0.02,1068520
0.02,1054675
0.02,1007334
0.02,957207
0.02,913908
0.02,864469
0.02,850016
0.02,847111
0.02,845411
0.02,845015
0.02,844719
0.02,844679
