0.00,5632370
0.00,5440354
0.00,5322903
0.00,5226828
0.00,5038619
0.00,4820360
0.00,4739640
0.00,4474729
0.00,4412408
0.00,4355941
0.00,4391591
0.00,4349563
0.00,4269507
0.00,4112247
0.00,4046332
0.00,4021029
0.00,4048363
0.00,3979611
0.00,4006182
0.00,3999482
0.00,3877532
0.00,3787043
0.00,3555012
0.00,3507623
0.00,3502929
0.00,3389726
0.00,3338936
0.00,3283994
0.00,3328466
0.00,3285941
0.00,3266812
0.00,3237383
0.00,3141425
0.00,3098619
0.00,3056410
0.00,2993003
0.00,2928096
0.00,2883579
0.00,2814062
0.00,2813716
0.00,2827735
0.00,2821167
0.00,2814760
0.00,2735805
0.00,2647014
0.00,2635659
0.00,2626917
0.00,2549301
0.00,2487889
0.00,2481374
0.00,2411829
0.00,2378006
0.00,2355798
0.00,2352377
0.00,2308880
0.00,2252664
0.00,2266639
0.00,2226626
0.00,2224212
0.00,2165506
0.00,2200223
0.00,2126154
0.00,2167092
0.00,2113941
0.00,2163775
0.00,2091932
0.00,2065368
0.00,2065435
0.00,2078589
0.00,2053202
0.00,2032064
0.01,2001290
0.01,1953106
0.01,1960549
0.01,1920298
0.01,1884204
0.01,1862282
0.01,1844604
0.01,1834627
0.01,1840786
0.01,1846031
0.01,1870806
0.01,1853693
0.01,1830506
0.01,1827967
0.01,1826484
0.01,1868575
0.01,1868905
0.01,1812145
0.01,1827706
0.01,1767210
0.01,1794468
0.01,1801117
0.01,1765392
0.01,1756804
0.01,1706750
0.01,1723043
0.01,1704134
0.01,1704276
0.01,1703011
0.01,1775658
0.01,1770262
0.01,1798162
0.01,1729681
0.01,1759624
0.01,1713576
0.01,1673154
0.01,1678803
0.01,1702071
0.01,1657971
0.01,1651731
0.01,1662455
0.01,1662621
0.01,1681986
0.01,1665541
0.01,1669267
0.01,1664978
0.01,1686220
0.01,1636830
0.01,1601508
0.01,1603190
0.01,1624913
0.01,1650994
0.01,1743826
0.01,1756209
0.01,1715651
0.01,1696526
0.01,1733040
0.01,1734936
0.01,1716184
0.01,1712434
0.01,1704881
0.01,1713421
0.01,1712893
0.01,1711073
0.01,1690132
0.01,1611083
0.01,1600165
0.01,1597194
0.01,1547311
0.01,1560794
0.01,1573453
0.01,1551251
0.01,1545462
0.01,1620569
0.01,1613220
0.01,1567510
0.01,1585026
0.01,1539404
0.01,1506181
0.01,1476052
0.01,1497744
0.01,1446249
0.01,1456654
0.01,1433016
0.01,1430268
0.01,1404359
0.01,1386075
0.01,1361093
0.01,1424385
0.01,1444793
0.01,1440585
0.01,1426876
0.01,1412440
0.01,1434832
0.01,1396451
0.01,1388780
0.01,1390377
0.01,1388059
0.01,1338599
0.01,1333466
0.01,1311862
0.01,1293387
0.01,1280277
0.01,1273408
0.01,1233766
0.01,1215508
0.01,1212415
0.01,1204027
0.01,1202832
0.01,1251777
0.01,1228167
0.01,1263752
0.01,1247983
0.01,1240934
0.01,1285663
0.01,1275453
0.01,1279756
0.01,1298915
0.01,1259175
0.01,1239179
0.01,1198275
0.01,1214215
0.01,1198761
0.01,1197583
0.01,1178351
0.01,1175655
0.01,1202099
0.01,1190459
0.01,1203865
0.01,1236591
0.01,1223446
0.01,1196861
0.01,1160402
0.01,1145396
0.01,1130759
0.01,1133217
0.01,1145360
0.01,1105033
0.01,1124629
0.01,1107019
0.01,1099956
0.01,1086885
0.01,1097824
0.01,1081653
0.01,1070156
0.01,1080582
0.01,1080414
0.01,1097515
0.01,1095615
0.01,1109985
0.01,1134619
0.01,1161698
0.01,1177351
0.01,1189499
0.01,1208289
0.01,1233435
0.01,1248356
0.01,1255808
0.01,1242441
0.01,1225817
0.01,1211454
0.01,1204700
0.01,1211344
0.01,1204596
0.01,1194372
0.01,1215029
0.01,1209210
0.01,1198317
0.01,1199593
0.01,1204601
0.01,1215336
0.01,1204467
0.01,1179625
0.01,1220511
0.01,1217267
0.01,1205246
0.01,1219806
0.01,1229041
0.01,1285717
0.01,1197692
0.01,1203780
0.01,1219914
0.01,1210279
0.01,1195119
0.01,1139938
0.01,1108346
0.01,1100249
0.01,1104545
0.01,1063599
0.01,1044869
0.01,1030284
0.01,1017519
0.01,1006698
0.01,1026968
0.01,997852
0.01,992135
0.01,1008120
0.01,1020996
0.01,1029843
0.01,1009515
0.01,988743
0.01,978678
0.01,988858
0.01,985765
0.01,970759
0.01,963008
0.01,960356
0.01,988159
0.01,986881
0.01,994303
0.01,1014880
0.01,1017515
0.01,1012300
0.01,1024956
0.01,1036748
0.01,1096833
0.01,1101853
0.01,1140736
0.01,1157376
0.01,1163189
0.01,1164932
0.01,1184067
0.01,1199775
0.01,1217402
0.01,1194494
0.01,1198164
0.01,1174854
0.01,1127465
0.01,1115729
0.01,1074307
0.01,1046300
0.01,1044583
0.01,1028719
0.01,1037174
0.01,1035741
0.01,1069004
0.01,1024139
0.01,1042867
0.01,1024474
0.01,1012421
0.01,991530
0.01,955892
0.01,948569
0.01,941806
0.01,935580
0.01,930773
0.01,926175
0.01,922557
0.01,919516
0.01,916547
0.01,928141
0.01,914387
0.01,912232
0.01,910274
0.02,915816
0.02,966513
0.02,974049
0.02,978896
0.02,972078
0.02,951407
0.02,946080
0.02,945596
0.02,957503
0.02,965717
0.02,964388
0.02,988391
0.02,964676
0.02,955023
0.02,964889
0.02,961789
0.02,1007412
0.02,1039843
0.02,1004019
0.02,1011502
0.02,1017221
0.02,1016280
0.02,1043752
0.02,1060840
0.02,1091232
0.02,1087870
0.02,1105987
0.02,1163669
0.02,1128330
0.02,1119718
0.02,1071788
0.02,1058226
0.02,1057706
0.02,1056641
0.02,1057492
0.02,1054641
0.02,1042048
0.02,1005195
0.02,1012728
0.02,990878
0.02,968316
0.02,948512
0.02,943800
0.02,968948
0.02,930642
0.02,945529
0.02,928647
0.02,908578
0.02,907212
0.02,906337
0.02,905499
0.02,904703
0.02,904094
0.02,903689
0.02,902946
0.02,902009
0.02,901664
0.02,901366
0.02,941635
0.02,979282
0.02,1013385
0.02,1028113
0.02,1005145
0.02,1010159
0.02,983032
0.02,986101
0.02,959820
0.02,945753
0.02,940732
0.02,920683
0.02,900798
0.02,942694
0.02,1000484
0.02,999606
0.02,1013446
0.02,994768
0.02,997460
0.02,968014
0.02,973801
0.02,947427
0.02,934621
0.02,914512
0.02,894956
0.02,890358
0.02,890141
0.02,890101
0.02,890062
