0.01, 5964774
0.01, 5964403
0.01, 5949515
0.01, 5925200
0.01, 5883114
0.01, 5875803
0.01, 5840409
0.01, 5829680
0.01, 5814761
0.01, 5746783
0.01, 5660207
0.01, 5652756
0.01, 5608573
0.01, 5605826
0.01, 5591362
0.01, 5581675
0.01, 5561988
0.01, 5529098
0.01, 5505092
0.01, 5438855
0.01, 5377488
0.01, 5373164
0.01, 5267505
0.01, 5169089
0.01, 5159211
0.01, 5117119
0.01, 5072802
0.01, 5068685
0.01, 4936735
0.01, 4934143
0.01, 4931488
0.01, 4889405
0.01, 4879174
0.01, 4869416
0.01, 4869027
0.01, 4820089
0.01, 4818872
0.01, 4788638
0.01, 4762621
0.01, 4761200
0.01, 4723417
0.01, 4711613
0.01, 4708298
0.01, 4686567
0.01, 4655552
0.01, 4648917
0.01, 4623109
0.01, 4615178
0.01, 4605092
0.01, 4573861
0.01, 4533780
0.01, 4521727
0.01, 4470297
0.01, 4440743
0.01, 4438930
0.01, 4438088
0.01, 4431211
0.01, 4429351
0.01, 4428372
0.01, 4426014
0.01, 4421718
0.01, 4401054
0.01, 4357966
0.01, 4317023
0.01, 4316752
0.01, 4313336
0.01, 4308405
0.01, 4303551
0.01, 4280399
0.01, 4270998
0.01, 4252996
0.01, 4238381
0.01, 4194390
0.01, 4194021
0.01, 4095341
0.01, 4092845
0.01, 4090771
0.01, 4080253
0.01, 4069243
0.01, 4055293
0.01, 4012400
0.01, 3990284
0.01, 3986612
0.01, 3949483
0.01, 3923119
0.01, 3914760
0.01, 3870626
0.01, 3799843
0.01, 3794217
0.01, 3621434
0.01, 3598650
0.01, 3557565
0.01, 3529640
0.01, 3522620
0.01, 3518201
0.01, 3472773
0.01, 3444934
0.01, 3443693
0.01, 3350321
0.01, 3336187
0.01, 3331102
0.01, 3298982
0.01, 3292082
0.01, 3232150
0.01, 3229900
0.01, 3204074
0.01, 3184980
0.01, 3131747
0.01, 3048709
0.01, 3044375
0.01, 3043966
0.01, 3017582
0.01, 3017332
0.01, 2953297
0.01, 2953182
0.01, 2948642
0.01, 2928178
0.01, 2873137
0.01, 2867377
0.01, 2858300
0.01, 2844980
0.01, 2809158
0.01, 2808275
0.01, 2794453
0.01, 2787384
0.01, 2787177
0.01, 2787154
0.01, 2784329
0.01, 2766322
0.01, 2760241
0.01, 2734469
0.01, 2698087
0.02, 2674640
0.02, 2665366
0.02, 2658029
0.02, 2651658
0.02, 2649303
0.02, 2643967
0.02, 2626667
0.02, 2619212
0.02, 2615350
0.02, 2601209
0.02, 2598256
0.02, 2591303
0.02, 2588547
0.02, 2579890
0.02, 2577371
0.02, 2569665
0.02, 2545983
0.02, 2535108
0.02, 2490157
0.02, 2464238
0.02, 2457656
0.02, 2451424
0.04, 2424093
0.04, 2418683
0.04, 2390487
0.04, 2377278
0.04, 2337216
0.04, 2307434
0.04, 2304966
0.04, 2288889
0.04, 2286935
0.04, 2274094
0.04, 2273850
0.04, 2245795
0.04, 2229582
0.04, 2211389
0.06, 2210970
0.06, 2209475
0.06, 2194267
0.06, 2181681
0.06, 2166643
0.08, 2163220
0.08, 2151460
0.08, 2139819
0.08, 2120751
0.08, 2104228
0.08, 2085652
0.10, 2076469
0.10, 2072797
0.10, 2040647
0.10, 2007437
0.10, 2004004
0.12, 2001837
0.12, 2001632
0.12, 1979609
0.12, 1978488
0.12, 1943754
0.12, 1938693
0.12, 1917589
0.12, 1903493
0.12, 1877719
0.12, 1862466
0.13, 1844749
0.13, 1839540
0.13, 1835302
0.13, 1832681
0.13, 1826755
0.13, 1826693
0.13, 1820586
0.13, 1819696
0.13, 1801091
0.14, 1792422
0.14, 1765183
0.14, 1765099
0.14, 1756508
0.14, 1755887
0.14, 1748976
0.14, 1737295
0.14, 1722136
0.14, 1695601
0.14, 1648611
0.14, 1642839
0.14, 1642687
0.14, 1642582
0.14, 1642519
0.14, 1637802
0.14, 1633909
0.14, 1621216
0.19, 1601792
0.19, 1596039
0.19, 1593858
0.20, 1559542
0.20, 1551386
0.20, 1550196
0.22, 1531523
0.22, 1505614
0.22, 1505211
0.22, 1487289
0.22, 1482167
0.22, 1481816
0.22, 1481072
0.22, 1478777
0.22, 1468704
0.23, 1451858
0.23, 1446907
0.23, 1445971
0.23, 1423218
0.26, 1414642
0.26, 1414548
0.26, 1411620
0.26, 1409861
0.26, 1408663
0.26, 1397037
0.26, 1385434
0.26, 1380287
0.26, 1371558
0.26, 1369161
0.26, 1336376
0.26, 1331951
0.26, 1319132
0.26, 1318819
0.26, 1316883
0.26, 1297313
0.26, 1288368
0.26, 1287259
0.26, 1287090
0.28, 1284379
0.28, 1277861
0.28, 1272221
0.28, 1269990
0.28, 1269630
0.28, 1268908
0.28, 1251644
0.29, 1248227
0.29, 1223643
0.32, 1222514
0.32, 1220183
0.32, 1218777
0.32, 1218465
0.34, 1217786
0.34, 1216003
0.34, 1210949
0.34, 1202216
0.34, 1200461
0.34, 1198748
0.34, 1197726
0.34, 1188731
0.34, 1186646
0.34, 1164055
0.34, 1161651
0.34, 1155825
0.34, 1155765
0.34, 1154398
0.34, 1154272
0.34, 1147982
0.34, 1141434
0.34, 1130716
0.36, 1122853
0.36, 1122028
0.39, 1121958
0.39, 1121513
0.39, 1117957
0.39, 1114270
0.39, 1113680
0.39, 1112164
0.39, 1111426
0.39, 1109368
0.39, 1103307
0.39, 1101146
0.39, 1097646
0.39, 1097065
0.39, 1080333
0.39, 1073626
0.39, 1072293
0.39, 1070637
0.39, 1066045
0.42, 1064329
0.42, 1054056
0.42, 1049384
0.42, 1045263
0.42, 1042228
0.42, 1038863
0.43, 1032258
0.43, 1028015
0.43, 1026313
0.43, 1013309
0.43, 1003206
0.43, 996520
0.43, 992576
0.43, 990364
0.43, 987942
0.46, 984310
0.46, 981914
0.46, 981031
0.46, 978685
0.46, 977676
0.46, 977231
0.46, 968473
0.46, 962333
0.46, 960027
0.48, 955507
0.48, 955055
0.48, 954797
0.48, 954107
0.48, 949675
0.48, 946221
0.48, 945999
0.48, 944505
0.48, 944492
0.48, 943022
0.51, 941592
0.51, 938246
0.51, 932097
0.51, 931779
0.51, 929900
0.51, 925566
0.51, 921315
0.51, 918384
0.55, 915986
0.55, 911545
0.55, 908755
0.55, 904703
0.56, 903251
0.56, 900976
0.56, 898574
0.56, 895787
0.56, 894191
0.56, 893647
0.56, 892716
0.57, 891472
0.57, 887537
0.59, 882401
0.59, 881844
0.60, 881521
0.60, 879483
0.60, 874589
0.60, 871516
0.61, 870672
0.61, 869746
0.61, 868868
0.61, 864429
0.61, 862317
0.62, 857992
0.62, 852616
0.66, 852234
0.66, 847295
0.66, 846058
0.66, 845220
0.66, 844982
0.66, 844803
0.66, 843866
0.66, 843296
0.68, 843187
0.68, 842312
0.70, 842178
0.70, 841631
0.70, 838285
3.04, 832221
3.04, 830851
3.05, 830094
3.08, 829648
3.08, 828401
3.08, 827207
3.15, 826684
3.15, 826568
3.18, 824381
3.18, 823932
3.22, 820981
3.22, 820238
3.22, 818610
3.23, 817802
3.23, 816413
3.23, 816234
3.24, 815582
3.24, 814383
3.32, 814091
3.32, 813486
3.32, 812679
3.41, 812639
3.41, 812558
3.42, 812381
3.42, 812341
3.44, 812302
