0.01, 5718796
0.01, 5715442
0.01, 5626690
0.01, 5623784
0.01, 5601589
0.01, 5599971
0.01, 5507648
0.01, 5492366
0.01, 5477187
0.01, 5444638
0.01, 5408346
0.01, 5347223
0.01, 5335710
0.01, 5305978
0.01, 5283532
0.01, 5251520
0.01, 5248982
0.01, 5233606
0.01, 5170668
0.01, 5169256
0.01, 5118108
0.01, 5097227
0.01, 5092465
0.01, 4982291
0.01, 4952239
0.01, 4917206
0.01, 4906404
0.01, 4902380
0.01, 4901911
0.01, 4856279
0.01, 4841746
0.01, 4831727
0.01, 4788704
0.01, 4750804
0.01, 4716894
0.01, 4665801
0.01, 4646000
0.01, 4635695
0.01, 4576002
0.01, 4556763
0.01, 4512554
0.01, 4509644
0.01, 4507691
0.01, 4500596
0.01, 4468427
0.01, 4445525
0.01, 4430900
0.01, 4423831
0.01, 4408356
0.01, 4332512
0.01, 4280593
0.01, 4268061
0.01, 4257435
0.01, 4256180
0.01, 4248238
0.01, 4236220
0.01, 4230343
0.01, 4225501
0.01, 4189656
0.01, 4187148
0.01, 4156439
0.01, 4150371
0.01, 4145866
0.01, 4125924
0.01, 4112240
0.01, 4075793
0.01, 4042411
0.01, 4026781
0.01, 4010106
0.01, 4009402
0.01, 3968680
0.01, 3952234
0.01, 3950374
0.01, 3872315
0.01, 3871341
0.01, 3853667
0.01, 3833626
0.01, 3831686
0.01, 3829997
0.01, 3813771
0.01, 3805250
0.01, 3794250
0.01, 3767452
0.01, 3755370
0.01, 3745997
0.01, 3702488
0.01, 3657728
0.01, 3655072
0.01, 3653592
0.01, 3598494
0.01, 3590353
0.01, 3587382
0.01, 3587133
0.01, 3584081
0.01, 3510374
0.01, 3415667
0.01, 3372773
0.01, 3371328
0.01, 3351316
0.01, 3327263
0.01, 3292744
0.01, 3266039
0.01, 3265959
0.01, 3242948
0.01, 3235873
0.01, 3192374
0.01, 3188029
0.01, 3172134
0.01, 3155428
0.01, 3139152
0.01, 3036528
0.01, 3032263
0.01, 3029343
0.01, 2978140
0.01, 2957266
0.01, 2956145
0.01, 2955105
0.01, 2923654
0.01, 2897242
0.01, 2847036
0.01, 2841261
0.01, 2837338
0.01, 2802079
0.01, 2801330
0.01, 2794278
0.01, 2780770
0.01, 2779263
0.01, 2775259
0.01, 2729135
0.01, 2712513
0.01, 2709737
0.01, 2695204
0.01, 2686871
0.01, 2683030
0.01, 2669028
0.01, 2665425
0.01, 2664064
0.01, 2642966
0.02, 2610855
0.02, 2587023
0.02, 2582868
0.02, 2574773
0.02, 2550170
0.02, 2545745
0.02, 2526469
0.02, 2524429
0.02, 2516821
0.02, 2491530
0.02, 2467361
0.02, 2462300
0.02, 2432317
0.02, 2417053
0.02, 2414452
0.02, 2392158
0.02, 2356623
0.02, 2338112
0.03, 2336649
0.03, 2327147
0.03, 2325910
0.04, 2320852
0.04, 2303150
0.05, 2298413
0.05, 2277844
0.05, 2275046
0.05, 2251410
0.05, 2248428
0.05, 2238096
0.05, 2216954
0.05, 2209319
0.05, 2186557
0.05, 2183094
0.05, 2162682
0.05, 2134743
0.05, 2129342
0.08, 2108799
0.08, 2071208
0.08, 2070502
0.08, 2069331
0.08, 2066687
0.08, 2052657
0.09, 2033480
0.09, 2028098
0.09, 1992832
0.09, 1980287
0.09, 1963835
0.10, 1963031
0.11, 1954037
0.11, 1941248
0.11, 1933498
0.11, 1927221
0.11, 1909067
0.11, 1908721
0.11, 1885963
0.11, 1882617
0.12, 1862768
0.12, 1861519
0.12, 1854970
0.12, 1850428
0.12, 1849301
0.12, 1831872
0.12, 1823082
0.12, 1812924
0.16, 1795730
0.16, 1779461
0.16, 1764210
0.16, 1762523
0.16, 1755001
0.17, 1754788
0.17, 1730397
0.17, 1717504
0.17, 1701090
0.17, 1690548
0.17, 1689573
0.17, 1668450
0.17, 1660160
0.17, 1652958
0.18, 1639917
0.19, 1638624
0.19, 1632906
0.19, 1630139
0.20, 1626108
0.20, 1618742
0.21, 1599640
0.21, 1597723
0.21, 1596147
0.21, 1561306
0.21, 1539008
0.21, 1532399
0.21, 1529336
0.22, 1522603
0.22, 1520899
0.22, 1519491
0.22, 1518769
0.22, 1514391
0.22, 1502163
0.22, 1499554
0.22, 1498387
0.22, 1490326
0.23, 1487590
0.23, 1481791
0.23, 1456375
0.23, 1449066
0.23, 1448969
0.23, 1415583
0.23, 1415226
0.26, 1414853
0.26, 1409425
0.26, 1407424
0.26, 1400014
0.26, 1398890
0.27, 1393735
0.27, 1391508
0.27, 1385324
0.27, 1379946
0.27, 1374992
0.27, 1334770
0.27, 1330797
0.28, 1328594
0.28, 1326725
0.28, 1313466
0.28, 1307827
0.28, 1298352
0.28, 1293110
0.28, 1276268
0.28, 1271826
0.28, 1271674
0.28, 1257756
0.28, 1251588
0.28, 1240919
0.28, 1238144
0.28, 1234886
0.28, 1227321
0.30, 1216793
0.30, 1204423
0.30, 1202241
0.30, 1200597
0.30, 1190233
0.30, 1181268
0.30, 1174468
0.30, 1166818
0.30, 1163828
0.30, 1159432
0.36, 1152256
0.36, 1141174
0.36, 1139443
0.36, 1128857
0.36, 1124297
0.36, 1124234
0.36, 1124067
0.36, 1115693
0.36, 1100808
0.36, 1100462
0.36, 1082868
0.36, 1079919
0.36, 1079153
0.36, 1077959
0.39, 1073372
0.39, 1073311
0.39, 1068002
0.39, 1065578
0.39, 1063706
0.39, 1061447
0.39, 1053696
0.40, 1051328
0.40, 1048953
0.40, 1048519
0.40, 1044913
0.40, 1039772
0.40, 1035915
0.40, 1028516
0.40, 1016259
0.40, 1009843
0.40, 1004082
0.40, 1000958
0.40, 979177
0.40, 976569
0.40, 975099
0.40, 973227
0.41, 972609
0.41, 972566
0.41, 965434
0.41, 964805
0.41, 964637
0.41, 963309
0.41, 962828
0.45, 962468
0.45, 961743
0.45, 960239
0.47, 959364
0.47, 948543
0.47, 948511
0.47, 944184
0.47, 943300
0.47, 941984
0.47, 941243
0.47, 941062
0.47, 936450
0.47, 934423
0.47, 929224
0.47, 928285
0.47, 925915
0.47, 922021
0.48, 918783
0.48, 910143
0.48, 909696
0.48, 908915
0.48, 905852
0.48, 904872
0.48, 904601
0.48, 902791
0.48, 902171
0.50, 900339
0.52, 899147
0.52, 897953
0.52, 892683
0.52, 888812
0.52, 887363
0.52, 882307
0.52, 882220
0.52, 880892
0.52, 880852
0.55, 880683
0.55, 879080
0.55, 877264
0.55, 869936
0.55, 867557
0.55, 866774
0.55, 864565
0.62, 862384
0.62, 860710
0.62, 854155
0.62, 853160
0.62, 852390
0.62, 851467
0.62, 850185
0.62, 848181
0.63, 846291
0.63, 844963
0.63, 840024
0.63, 839228
0.63, 839049
0.64, 838402
0.65, 836356
0.65, 835590
0.65, 833186
0.65, 825623
0.65, 824461
0.70, 823773
0.70, 823166
0.72, 823089
0.73, 822317
0.73, 821710
0.77, 820507
0.77, 820116
0.77, 818820
0.96, 818239
0.96, 818022
0.99, 817943
1.02, 817932
1.07, 817892
1.08, 817790
1.11, 817715
1.11, 817676
1.11, 817636
2.85, 817352
2.86, 817262
2.91, 816785
2.91, 816745
2.91, 815966
3.08, 815927
4.84, 815437
4.86, 814143
4.87, 813570
4.98, 813231
4.98, 812782
4.98, 812096
4.98, 812057
5.00, 811210
7.22, 811059
7.22, 810880
7.26, 810543
7.26, 810503
