0.03, 5513430
0.03, 5491103
0.03, 5487723
0.03, 5484347
0.03, 5480654
0.03, 5441959
0.03, 5429513
0.03, 5425332
0.03, 5415009
0.03, 5370701
0.03, 5350963
0.03, 5292983
0.03, 5257629
0.03, 5256416
0.03, 5249604
0.03, 5224348
0.03, 5213048
0.03, 5179007
0.03, 5112147
0.03, 5083734
0.03, 5076720
0.03, 5069537
0.03, 4982020
0.03, 4969165
0.03, 4967835
0.03, 4895794
0.03, 4892154
0.03, 4836615
0.03, 4807585
0.03, 4805238
0.03, 4804269
0.03, 4747983
0.03, 4659344
0.03, 4624741
0.03, 4504566
0.03, 4414950
0.03, 4400688
0.03, 4384563
0.03, 4381247
0.03, 4370360
0.03, 4319428
0.03, 4314947
0.03, 4266577
0.03, 4260916
0.03, 4136355
0.03, 4133104
0.03, 4126146
0.03, 4122625
0.03, 4099245
0.03, 4095712
0.03, 4092697
0.03, 4079765
0.03, 4079635
0.03, 4031839
0.03, 4014816
0.03, 4013811
0.03, 3986777
0.03, 3959718
0.03, 3909805
0.03, 3908247
0.03, 3853731
0.03, 3837470
0.03, 3809657
0.03, 3768787
0.03, 3759444
0.03, 3729711
0.03, 3719976
0.03, 3700198
0.03, 3651319
0.03, 3612317
0.03, 3582165
0.03, 3578204
0.03, 3560382
0.03, 3556046
0.03, 3543562
0.03, 3519344
0.03, 3494494
0.03, 3481879
0.03, 3455074
0.03, 3445173
0.03, 3433930
0.03, 3426988
0.03, 3387965
0.03, 3376228
0.03, 3356162
0.03, 3344390
0.03, 3343925
0.03, 3288132
0.03, 3267465
0.03, 3259827
0.03, 3245358
0.03, 3237572
0.03, 3213833
0.03, 3195421
0.03, 3141875
0.03, 3128246
0.03, 3116733
0.03, 3103801
0.03, 3100791
0.03, 3061113
0.03, 3048526
0.03, 3025370
0.03, 3004642
0.03, 2997046
0.03, 2896571
0.03, 2894905
0.03, 2880448
0.03, 2878923
0.03, 2876893
0.03, 2874567
0.03, 2863571
0.03, 2817890
0.03, 2816300
0.03, 2782045
0.03, 2773648
0.03, 2772769
0.03, 2768360
0.03, 2760081
0.03, 2758968
0.03, 2750380
0.03, 2728412
0.03, 2715889
0.03, 2709103
0.03, 2695921
0.03, 2681193
0.03, 2659283
0.03, 2655472
0.03, 2619172
0.03, 2616116
0.03, 2593593
0.03, 2591126
0.04, 2572444
0.04, 2554421
0.04, 2543519
0.04, 2529384
0.04, 2505801
0.04, 2493844
0.04, 2466963
0.04, 2427531
0.04, 2420669
0.04, 2389799
0.04, 2382486
0.04, 2378086
0.05, 2366721
0.05, 2366216
0.06, 2363114
0.06, 2332788
0.06, 2331320
0.06, 2291463
0.06, 2288728
0.06, 2282372
0.07, 2276867
0.07, 2227986
0.07, 2194353
0.07, 2188951
0.07, 2186626
0.07, 2181620
0.07, 2166231
0.07, 2165876
0.07, 2163348
0.07, 2142168
0.08, 2107268
0.08, 2101770
0.08, 2072498
0.08, 2070293
0.08, 2070037
0.08, 2064455
0.08, 2060930
0.08, 2060923
0.08, 2060708
0.08, 2060021
0.08, 2047783
0.09, 2042415
0.09, 2041490
0.09, 2037330
0.09, 2005955
0.09, 1998480
0.09, 1994660
0.09, 1993016
0.12, 1992869
0.12, 1978823
0.12, 1952553
0.13, 1936471
0.13, 1935726
0.13, 1927484
0.13, 1915568
0.14, 1869381
0.14, 1869060
0.14, 1863487
0.15, 1820132
0.15, 1797234
0.16, 1778794
0.17, 1766755
0.17, 1732341
0.17, 1726083
0.17, 1717915
0.17, 1713876
0.18, 1708539
0.18, 1696239
0.18, 1694021
0.18, 1687592
0.18, 1676850
0.20, 1659798
0.20, 1659562
0.20, 1658348
0.20, 1653033
0.20, 1646385
0.20, 1644748
0.20, 1623130
0.20, 1613749
0.20, 1610993
0.20, 1599427
0.20, 1576377
0.22, 1573653
0.22, 1548100
0.22, 1544924
0.22, 1528374
0.22, 1501149
0.22, 1500374
0.22, 1498569
0.22, 1496329
0.22, 1487635
0.22, 1485768
0.23, 1464735
0.23, 1450470
0.23, 1440360
0.23, 1437439
0.23, 1390729
0.23, 1381523
0.23, 1378924
0.23, 1376780
0.23, 1374013
0.23, 1373749
0.23, 1372622
0.23, 1360910
0.23, 1345014
0.27, 1332123
0.27, 1315466
0.27, 1304731
0.27, 1302711
0.27, 1296255
0.27, 1270549
0.27, 1267657
0.27, 1266937
0.27, 1263235
0.27, 1260950
0.30, 1241112
0.30, 1238492
0.30, 1234636
0.30, 1233320
0.30, 1227209
0.30, 1224764
0.30, 1216722
0.32, 1213031
0.32, 1211781
0.32, 1211126
0.32, 1207058
0.33, 1201586
0.33, 1188495
0.33, 1179599
0.33, 1159890
0.36, 1157537
0.36, 1157014
0.37, 1151919
0.37, 1147585
0.37, 1145293
0.37, 1134574
0.37, 1117260
0.37, 1113553
0.37, 1103337
0.37, 1090038
0.37, 1086862
0.37, 1073018
0.37, 1071008
0.38, 1068195
0.39, 1067209
0.39, 1066986
0.39, 1055544
0.39, 1048814
0.39, 1047463
0.39, 1037899
0.44, 1037793
0.44, 1037560
0.44, 1036329
0.44, 1034989
0.44, 1016796
0.44, 1016617
0.44, 1008536
0.44, 1003985
0.46, 1002252
0.46, 998399
0.46, 997342
0.46, 997197
0.46, 997147
0.46, 992957
0.46, 990128
0.46, 987082
0.46, 985035
0.46, 983029
0.46, 978268
0.46, 970086
0.46, 969876
0.46, 969702
0.46, 964006
0.46, 952846
0.46, 948994
0.46, 946685
0.46, 946066
0.46, 941927
0.46, 941149
0.46, 939721
0.46, 935120
0.48, 933098
0.48, 931265
0.48, 923647
0.48, 922891
0.48, 921991
0.48, 921519
0.48, 911277
0.48, 909600
0.53, 909537
0.53, 906739
0.53, 906312
0.54, 903503
0.55, 903128
0.55, 903126
0.55, 902613
0.55, 891091
0.56, 889030
0.56, 886112
0.59, 882977
0.59, 882937
0.59, 878122
0.59, 876303
0.62, 874903
0.62, 873292
0.62, 870133
0.63, 869022
0.63, 867818
0.64, 867225
0.64, 864957
0.65, 857999
0.65, 855724
0.65, 855377
0.65, 854584
0.66, 853670
0.66, 853374
0.66, 852467
0.66, 850940
0.66, 850102
0.71, 848150
0.73, 846598
0.73, 845247
0.75, 845191
0.75, 844478
0.75, 843832
0.75, 842278
0.75, 842040
0.77, 841468
0.77, 841219
0.77, 841203
0.79, 840837
0.79, 840798
0.79, 839564
0.79, 838655
0.79, 838175
0.80, 836889
0.93, 836605
0.93, 836565
0.97, 835990
0.97, 835773
1.00, 835734
1.00, 835206
4.97, 834780
5.00, 834612
5.00, 833673
5.00, 833384
5.00, 832453
5.01, 832139
5.01, 831611
5.01, 830851
5.01, 830373
5.02, 829917
5.09, 829825
5.11, 828595
5.11, 828199
5.18, 828167
5.19, 827369
5.19, 826841
5.24, 826543
7.17, 825081
7.18, 823860
7.21, 822472
7.21, 822432
7.21, 822393
7.21, 821555
7.22, 820041
7.29, 819769
7.31, 819579
7.33, 819105
7.33, 818258
7.38, 818107
7.40, 817531
7.40, 816989
7.40, 816129
7.40, 815912
7.40, 815873
7.54, 815872
7.55, 815833
9.35, 814297
9.52, 813986
9.53, 813537
9.53, 813141
9.54, 813101
13.63, 812482
13.78, 811971
13.79, 811431
13.79, 811391
13.79, 810995
