0.00, 5833960
0.00, 5832644
0.00, 5826034
0.00, 5820793
0.00, 5781797
0.00, 5755827
0.00, 5711493
0.00, 5631549
0.00, 5631548
0.00, 5587227
0.00, 5549085
0.00, 5546074
0.00, 5537140
0.00, 5424093
0.00, 5364287
0.00, 5282373
0.00, 5226456
0.00, 5214094
0.01, 5191350
0.01, 5178335
0.01, 5110705
0.01, 5073138
0.01, 4994687
0.01, 4986353
0.01, 4983574
0.01, 4943923
0.01, 4909625
0.01, 4908823
0.01, 4871110
0.01, 4854551
0.01, 4837938
0.01, 4769807
0.01, 4658655
0.01, 4632409
0.01, 4555237
0.01, 4477971
0.01, 4411581
0.01, 4348108
0.01, 4281330
0.01, 4240584
0.01, 4234423
0.01, 4227263
0.01, 4188979
0.01, 4154278
0.01, 4086176
0.01, 4036483
0.01, 4036396
0.01, 3936016
0.01, 3921450
0.01, 3915007
0.01, 3862381
0.01, 3790352
0.01, 3788626
0.01, 3737590
0.01, 3728318
0.01, 3723767
0.01, 3723642
0.01, 3715804
0.01, 3669941
0.01, 3645620
0.01, 3618823
0.01, 3586653
0.01, 3584807
0.01, 3512374
0.01, 3505252
0.01, 3472308
0.01, 3432882
0.01, 3428148
0.01, 3367664
0.01, 3330042
0.01, 3323881
0.01, 3316364
0.01, 3310468
0.01, 3308556
0.01, 3303555
0.01, 3257293
0.01, 3226926
0.01, 3205107
0.01, 3185742
0.01, 3168982
0.01, 3135347
0.01, 3130827
0.01, 3130808
0.01, 3120402
0.01, 3109021
0.01, 3098802
0.01, 3087128
0.01, 3038910
0.01, 3034836
0.01, 3010933
0.01, 3004964
0.01, 3004342
0.01, 2989686
0.01, 2987632
0.01, 2965776
0.01, 2947996
0.01, 2945405
0.01, 2929223
0.01, 2918969
0.01, 2914201
0.01, 2898403
0.01, 2889691
0.01, 2886353
0.01, 2884292
0.01, 2881922
0.01, 2863366
0.01, 2853549
0.01, 2840702
0.01, 2805469
0.01, 2754596
0.01, 2751338
0.01, 2746507
0.01, 2746060
0.01, 2741210
0.01, 2734542
0.01, 2708638
0.01, 2686993
0.01, 2679631
0.02, 2675451
0.02, 2661807
0.02, 2634397
0.02, 2604155
0.02, 2603155
0.02, 2598283
0.02, 2595281
0.02, 2576984
0.02, 2568338
0.02, 2564628
0.02, 2545645
0.02, 2536540
0.02, 2519375
0.02, 2487144
0.02, 2486152
0.02, 2485782
0.02, 2480329
0.02, 2467711
0.02, 2437149
0.02, 2414881
0.03, 2408773
0.04, 2398058
0.04, 2383899
0.04, 2379533
0.04, 2377764
0.04, 2370956
0.04, 2369682
0.04, 2358643
0.04, 2353890
0.04, 2342982
0.04, 2330607
0.04, 2330081
0.04, 2318494
0.04, 2305095
0.04, 2303040
0.04, 2288495
0.04, 2286101
0.04, 2275699
0.04, 2275645
0.04, 2256954
0.04, 2209942
0.04, 2187789
0.04, 2179515
0.04, 2176252
0.04, 2119442
0.04, 2089500
0.04, 2086929
0.04, 2086912
0.04, 2064283
0.04, 2027671
0.04, 2012828
0.08, 1988224
0.08, 1971603
0.08, 1956277
0.08, 1945851
0.08, 1945397
0.08, 1942051
0.11, 1940015
0.11, 1937302
0.11, 1917148
0.11, 1912760
0.11, 1909723
0.11, 1900522
0.11, 1893167
0.11, 1887244
0.11, 1882827
0.11, 1873197
0.11, 1861601
0.11, 1854865
0.13, 1844407
0.13, 1826520
0.14, 1806215
0.14, 1806154
0.15, 1798928
0.15, 1798151
0.15, 1797273
0.15, 1775057
0.15, 1761407
0.15, 1754859
0.15, 1745234
0.15, 1736287
0.15, 1732492
0.15, 1718963
0.15, 1708682
0.15, 1688683
0.15, 1687524
0.15, 1680303
0.15, 1675110
0.15, 1651118
0.18, 1647790
0.18, 1638405
0.18, 1605058
0.18, 1601581
0.20, 1585688
0.20, 1579366
0.20, 1571191
0.20, 1569309
0.20, 1566937
0.20, 1562727
0.20, 1559842
0.20, 1535014
0.22, 1517450
0.22, 1505159
0.22, 1504216
0.22, 1503383
0.22, 1499541
0.22, 1497669
0.22, 1495953
0.22, 1493600
0.22, 1485269
0.22, 1479140
0.22, 1478902
0.22, 1475299
0.23, 1464247
0.23, 1455479
0.23, 1453750
0.23, 1437429
0.23, 1430313
0.23, 1414225
0.23, 1413601
0.23, 1411575
0.23, 1410143
0.23, 1408140
0.23, 1407569
0.25, 1398999
0.25, 1391446
0.26, 1356706
0.26, 1347728
0.26, 1345299
0.26, 1339030
0.26, 1331979
0.26, 1275801
0.26, 1274748
0.26, 1273880
0.26, 1265733
0.26, 1263707
0.26, 1262592
0.26, 1237566
0.30, 1234684
0.30, 1233306
0.30, 1207159
0.30, 1205885
0.30, 1187167
0.30, 1176075
0.30, 1175929
0.32, 1174103
0.32, 1166125
0.32, 1159706
0.32, 1154671
0.32, 1154621
0.32, 1136286
0.32, 1125131
0.32, 1122430
0.34, 1120646
0.34, 1112008
0.34, 1110523
0.34, 1104558
0.34, 1103931
0.34, 1100662
0.34, 1099604
0.35, 1095982
0.35, 1092346
0.35, 1092296
0.35, 1084997
0.35, 1083796
0.39, 1080339
0.39, 1075157
0.39, 1071723
0.39, 1071537
0.39, 1058953
0.39, 1054355
0.41, 1053496
0.41, 1047773
0.41, 1047032
0.41, 1046372
0.41, 1045044
0.41, 1036666
0.41, 1023169
0.42, 1022701
0.42, 1015599
0.42, 1008283
0.42, 1006163
0.42, 976181
0.42, 972221
0.42, 970999
0.43, 968695
0.44, 961020
0.44, 957032
0.44, 955334
0.44, 953179
0.44, 950484
0.44, 949525
0.44, 947341
0.44, 944004
0.45, 941881
0.46, 936106
0.46, 923476
0.46, 920352
0.47, 916797
0.51, 914188
0.51, 910346
0.51, 903667
0.51, 900383
0.51, 900140
0.53, 898493
0.54, 896901
0.54, 894682
0.55, 889925
0.56, 881860
0.56, 879115
0.56, 875273
0.56, 873312
0.56, 873015
0.57, 867378
0.57, 867239
0.59, 860897
0.59, 860369
0.59, 858220
0.60, 858207
0.62, 857147
0.62, 856210
0.62, 854546
0.62, 854329
0.62, 852297
0.62, 850969
0.62, 848798
0.62, 847195
0.63, 840401
0.63, 833920
0.76, 831360
0.76, 829208
0.77, 828171
0.77, 824671
0.77, 824632
0.77, 822820
0.77, 821120
0.82, 820245
0.82, 818959
0.82, 818920
3.01, 818728
3.01, 817549
3.01, 816702
3.05, 815553
3.05, 814577
3.05, 814128
3.05, 814047
3.07, 813193
3.07, 812976
3.11, 812144
3.11, 810533
3.17, 810236
3.21, 810196
