0.00,5578192
0.00,5428278
0.00,5380400
0.00,5052129
0.00,4955757
0.00,4711010
0.00,4732076
0.00,4610054
0.00,4624927
0.00,4579480
0.00,4440878
0.00,4438177
0.00,4437899
0.00,4283124
0.00,4377030
0.00,4291388
0.00,4216202
0.00,4200443
0.00,4066929
0.00,3966515
0.00,3983711
0.00,3911897
0.00,3749299
0.00,3643291
0.00,3528646
0.00,3418116
0.00,3380354
0.00,3341457
0.00,3345809
0.00,3290258
0.00,3306569
0.00,3308906
0.00,3319948
0.00,3310849
0.00,3264842
0.00,3114166
0.00,3025545
0.00,2971820
0.00,2933989
0.00,2867000
0.00,2835307
0.00,2873232
0.00,2882523
0.00,2890982
0.00,2853658
0.00,2798741
0.00,2771588
0.00,2700616
0.00,2682854
0.00,2691849
0.00,2715064
0.00,2690692
0.00,2725855
0.00,2646589
0.00,2622986
0.00,2603972
0.00,2589885
0.00,2620715
0.01,2588483
0.01,2565845
0.01,2505983
0.01,2536177
0.01,2418537
0.01,2384678
0.01,2408906
0.01,2451872
0.01,2458187
0.01,2471915
0.01,2405721
0.01,2418453
0.01,2403074
0.01,2480930
0.01,2452516
0.01,2355021
0.01,2356966
0.01,2307726
0.01,2303723
0.01,2277562
0.01,2318206
0.01,2351939
0.01,2411634
0.01,2411021
0.01,2383325
0.01,2399429
0.01,2344399
0.01,2327996
0.01,2282648
0.01,2264886
0.01,2149539
0.01,2109869
0.01,2096600
0.01,2063262
0.01,2023012
0.01,2011265
0.01,2026511
0.01,2009257
0.01,2004086
0.01,2012795
0.01,2026623
0.01,1984605
0.01,1909791
0.01,1905195
0.01,1865772
0.01,1854215
0.01,1837427
0.01,1836925
0.01,1783713
0.01,1791428
0.01,1825973
0.01,1839496
0.01,1801396
0.01,1780539
0.01,1752707
0.01,1776470
0.01,1741954
0.01,1769992
0.01,1775007
0.01,1700334
0.01,1721989
0.01,1732310
0.01,1730705
0.01,1676838
0.01,1670881
0.01,1669063
0.01,1697828
0.01,1701656
0.01,1753013
0.01,1705874
0.01,1666270
0.01,1665128
0.01,1683965
0.01,1753031
0.01,1711512
0.01,1728767
0.01,1735053
0.01,1733449
0.01,1708479
0.01,1741941
0.01,1733656
0.01,1677403
0.01,1693970
0.01,1737992
0.01,1639389
0.01,1622193
0.01,1648261
0.01,1594477
0.01,1569155
0.01,1545716
0.01,1525772
0.01,1515359
0.01,1524338
0.01,1494632
0.01,1457656
0.01,1443533
0.01,1421173
0.01,1398655
0.01,1378909
0.01,1393355
0.01,1401733
0.01,1400091
0.01,1445990
0.01,1460210
0.01,1414441
0.01,1398433
0.01,1401959
0.01,1403335
0.01,1439925
0.01,1494787
0.01,1412334
0.01,1427773
0.01,1452639
0.01,1441596
0.01,1425822
0.01,1406593
0.01,1426777
0.01,1496052
0.01,1469815
0.01,1477364
0.01,1462013
0.01,1486728
0.01,1490730
0.01,1422007
0.01,1414032
0.01,1389411
0.01,1408220
0.01,1390372
0.01,1346655
0.01,1367223
0.01,1382505
0.01,1306405
0.01,1300126
0.01,1308955
0.01,1321700
0.01,1348366
0.01,1296941
0.01,1303454
0.01,1282136
0.01,1319282
0.01,1285551
0.01,1273400
0.01,1287084
0.01,1266487
0.01,1241353
0.01,1266211
0.01,1217158
0.01,1217911
0.01,1198679
0.01,1202820
0.01,1180490
0.01,1197364
0.01,1186015
0.01,1212084
0.01,1207150
0.01,1199485
0.01,1182629
0.01,1179939
0.01,1213126
0.01,1207022
0.01,1160215
0.01,1142306
0.01,1126573
0.01,1137944
0.01,1152006
0.01,1132902
0.01,1173912
0.01,1237061
0.01,1213749
0.01,1271210
0.01,1285083
0.01,1258926
0.01,1280737
0.01,1229468
0.01,1230876
0.01,1219675
0.01,1243179
0.01,1195889
0.01,1181012
0.01,1171283
0.01,1171624
0.01,1165428
0.01,1181563
0.01,1193926
0.01,1206099
0.01,1261574
0.01,1258360
0.01,1262353
0.01,1261811
0.01,1314504
0.01,1304301
0.01,1264148
0.01,1265952
0.01,1290596
0.01,1276656
0.01,1280869
0.01,1297568
0.01,1271516
0.01,1282442
0.01,1261376
0.01,1256350
0.01,1239486
0.01,1214913
0.01,1199395
0.01,1191374
0.01,1169852
0.01,1139972
0.01,1114095
0.01,1131956
0.01,1116493
0.01,1113193
0.01,1107643
0.01,1093059
0.01,1123645
0.01,1156948
0.01,1119529
0.01,1118749
0.01,1114922
0.01,1133531
0.01,1123296
0.01,1173696
0.01,1176157
0.01,1202127
0.01,1176938
0.01,1200949
0.01,1141758
0.02,1126952
0.02,1105785
0.02,1079700
0.02,1110187
0.02,1094581
0.02,1062641
0.02,1074536
0.02,1041033
0.02,1067981
0.02,1084082
0.02,1082852
0.02,1090597
0.02,1086132
0.02,1109161
0.02,1113033
0.02,1126044
0.02,1134355
0.02,1121075
0.02,1077121
0.02,1064429
0.02,1028985
0.02,1018933
0.02,1017372
0.02,1009669
0.02,1012324
0.02,1016025
0.02,1012392
0.02,1023944
0.02,1038080
0.02,1093312
0.02,1145266
0.02,1134712
0.02,1184275
0.02,1178262
0.02,1170680
0.02,1168141
0.02,1134840
0.02,1168689
0.02,1203159
0.02,1209773
0.02,1200541
0.02,1165242
0.02,1165009
0.02,1205558
0.02,1203191
0.02,1159943
0.02,1155641
0.02,1129658
0.02,1127256
0.02,1124949
0.02,1098088
0.02,1106404
0.02,1079013
0.02,1112743
0.02,1106327
0.02,1108222
0.02,1123522
0.02,1134557
0.02,1133739
0.02,1144170
0.02,1132028
0.02,1137501
0.02,1111682
0.02,1094325
0.02,1087822
0.02,1061067
0.02,1037917
0.02,1007527
0.02,1010902
0.02,1009111
0.02,1007577
0.02,1008142
0.02,1011955
0.02,1030631
0.02,1057839
0.02,1075718
0.02,1089612
0.02,1127901
0.02,1130419
0.02,1082713
0.02,1082340
0.02,1105854
0.02,1078677
0.02,1047504
0.02,1043517
0.02,1033782
0.02,1030278
0.02,1028973
0.02,1008907
0.02,1021863
0.02,1029132
0.02,1056303
0.02,1066526
0.02,1084367
0.02,1078033
0.02,1046891
0.02,1078411
0.02,1102477
0.02,1082569
0.02,1087212
0.02,1080299
0.02,1053866
0.02,1025154
0.02,1003072
0.02,996257
0.02,958978
0.02,1010992
0.02,994635
0.02,971444
0.02,977221
0.02,951312
0.02,982048
0.02,997717
0.02,964864
0.02,970524
0.02,937787
0.02,939981
0.02,932581
0.02,935042
0.02,953847
0.02,955881
0.02,924350
0.02,921486
0.02,914723
0.02,924912
0.02,909480
0.02,913348
0.02,924765
0.02,901957
0.02,896343
0.02,891588
0.02,887673
0.02,884755
0.02,881850
0.02,879410
0.02,876606
0.02,874242
0.02,871952
0.02,869782
0.02,867857
0.02,866157
0.02,864741
0.02,863413
0.02,862219
0.02,861117
0.02,874709
0.02,897038
0.02,897539
0.02,906386
0.02,909440
0.02,983774
0.02,1005103
0.02,1032127
0.02,1027904
0.02,1054981
0.02,1072904
0.02,1075208
0.02,1071785
0.02,1050583
0.02,1065476
0.02,1068047
0.02,1052388
0.02,1068829
0.02,1070338
0.02,1058467
0.02,1030464
0.02,1011897
0.02,1014031
0.02,979316
0.02,979137
0.02,928247
0.02,920569
0.02,925243
0.02,930744
0.02,934190
0.02,945052
0.02,962908
0.02,969092
0.02,988559
0.02,1008082
0.02,981323
0.02,981248
0.02,974567
0.02,966775
0.02,948691
0.02,927416
0.02,916276
0.02,902569
0.02,898651
0.02,892420
0.02,860052
0.02,933233
0.02,964975
0.02,978853
0.02,988666
0.02,1012644
0.02,1043409
0.02,1013598
0.02,1018990
0.02,982724
0.02,991739
0.02,1010984
0.02,1040917
0.02,1056610
0.02,1061020
0.02,1051590
0.02,1032523
0.02,1018701
0.02,1018626
0.02,1001168
0.02,997858
0.02,982981
0.02,967461
0.02,973281
0.02,954425
0.02,966774
0.02,933010
0.02,965739
0.02,960411
0.02,976710
0.02,982425
0.02,996649
0.02,991982
0.02,992287
0.02,1000320
0.02,1002307
0.02,965028
0.02,951572
0.02,938863
0.02,926286
0.02,903239
0.02,873660
0.02,866198
0.02,872879
0.02,850754
0.02,849916
0.02,849309
0.02,864045
0.02,864181
0.02,912350
0.02,934389
0.02,942983
0.02,934109
0.02,984158
0.02,1012940
0.02,1001344
0.02,1006476
0.02,978720
0.02,961469
0.02,980058
0.02,945920
0.02,951717
0.02,957436
0.02,967184
0.02,976632
0.02,1013033
0.02,1015529
0.02,1002233
0.02,1001755
0.02,999930
0.02,995097
0.02,998063
0.02,995778
0.02,993018
0.02,971001
0.02,991856
0.02,1000713
0.02,1004880
0.02,1025490
0.02,997085
0.02,1005320
0.02,995242
0.02,1002417
0.02,993689
0.02,998004
0.02,975299
0.02,967150
0.02,968294
0.02,962097
0.02,914519
0.02,890335
0.02,881759
0.02,865795
0.02,877007
0.02,848793
0.02,848753
