0.05, 5494937
0.05, 5485433
0.05, 5445584
0.05, 5420223
0.05, 5392369
0.05, 5370984
0.05, 5327076
0.05, 5253948
0.05, 5251110
0.05, 5235764
0.05, 5145406
0.05, 5145027
0.05, 5139934
0.05, 5128909
0.05, 5098547
0.05, 5082012
0.05, 5058060
0.05, 5046041
0.05, 5027956
0.05, 4998430
0.05, 4997715
0.05, 4996292
0.05, 4991372
0.05, 4979735
0.05, 4964793
0.05, 4912480
0.05, 4798988
0.05, 4758116
0.05, 4757901
0.05, 4657161
0.05, 4651862
0.05, 4619660
0.05, 4568707
0.05, 4567838
0.05, 4537164
0.05, 4521656
0.05, 4520141
0.05, 4493898
0.05, 4457881
0.05, 4399156
0.05, 4314623
0.05, 4300744
0.05, 4292620
0.05, 4249505
0.05, 4247476
0.05, 4211343
0.05, 4210331
0.05, 4199817
0.05, 4171917
0.05, 4134128
0.05, 4066879
0.05, 4062587
0.05, 4062129
0.05, 3966637
0.05, 3892873
0.05, 3861870
0.05, 3839914
0.05, 3800472
0.05, 3800402
0.05, 3788205
0.05, 3736282
0.05, 3735527
0.05, 3725396
0.05, 3699900
0.05, 3650187
0.05, 3645756
0.05, 3600929
0.05, 3595488
0.05, 3595429
0.05, 3554802
0.05, 3532995
0.05, 3510980
0.05, 3506049
0.05, 3501959
0.05, 3491272
0.05, 3482015
0.05, 3459613
0.05, 3456415
0.05, 3434123
0.05, 3428409
0.05, 3423926
0.05, 3384869
0.05, 3347337
0.05, 3326454
0.05, 3326109
0.05, 3321032
0.05, 3290510
0.05, 3277630
0.05, 3226067
0.05, 3215354
0.05, 3210547
0.05, 3168100
0.05, 3141816
0.05, 3113224
0.05, 3096245
0.05, 3082304
0.05, 3080849
0.05, 3038244
0.05, 2991258
0.05, 2971499
0.05, 2956897
0.05, 2928513
0.05, 2919571
0.05, 2912722
0.05, 2911634
0.05, 2845592
0.05, 2844224
0.05, 2835463
0.05, 2832166
0.05, 2813691
0.05, 2812973
0.05, 2803312
0.05, 2801454
0.05, 2799185
0.05, 2791213
0.05, 2787020
0.05, 2747438
0.05, 2724594
0.06, 2701989
0.06, 2681170
0.06, 2676441
0.06, 2664829
0.06, 2662766
0.06, 2641505
0.06, 2624632
0.06, 2602872
0.06, 2572733
0.06, 2571231
0.06, 2561280
0.06, 2548327
0.06, 2537320
0.07, 2505130
0.07, 2487750
0.07, 2482289
0.07, 2462863
0.07, 2453763
0.07, 2446327
0.07, 2425250
0.07, 2417341
0.07, 2411794
0.07, 2409475
0.07, 2363504
0.07, 2345038
0.09, 2327436
0.09, 2321685
0.09, 2314414
0.09, 2312191
0.09, 2305133
0.09, 2297747
0.09, 2289893
0.09, 2289074
0.09, 2284862
0.09, 2279424
0.09, 2278318
0.09, 2275496
0.09, 2268090
0.09, 2262318
0.09, 2259313
0.09, 2258736
0.09, 2254184
0.09, 2253621
0.09, 2246194
0.09, 2245458
0.11, 2224926
0.11, 2222617
0.11, 2212809
0.11, 2157282
0.11, 2152891
0.11, 2137764
0.12, 2131609
0.14, 2129468
0.14, 2118385
0.15, 2116108
0.15, 2113955
0.15, 2110915
0.15, 2108473
0.15, 2096420
0.15, 2095203
0.15, 2094127
0.15, 2070674
0.15, 2058673
0.15, 2051218
0.15, 2044753
0.15, 2019842
0.15, 2013060
0.15, 2003516
0.15, 1994038
0.15, 1967039
0.15, 1959748
0.15, 1948157
0.15, 1932737
0.15, 1923920
0.15, 1909214
0.15, 1885650
0.15, 1876810
0.15, 1869721
0.15, 1849109
0.18, 1826682
0.18, 1824254
0.18, 1793774
0.18, 1781818
0.18, 1742625
0.21, 1732646
0.21, 1732053
0.21, 1688059
0.22, 1663401
0.22, 1654696
0.22, 1633278
0.22, 1632360
0.22, 1614384
0.22, 1613694
0.22, 1600556
0.23, 1578768
0.23, 1577032
0.24, 1569616
0.24, 1517528
0.24, 1508567
0.24, 1507699
0.25, 1503114
0.25, 1500720
0.25, 1497395
0.25, 1493820
0.25, 1491242
0.25, 1488524
0.25, 1477842
0.25, 1473901
0.25, 1471563
0.29, 1470881
0.29, 1469243
0.29, 1453058
0.29, 1441629
0.29, 1441077
0.29, 1438777
0.29, 1412019
0.29, 1411607
0.29, 1381975
0.30, 1380691
0.30, 1377770
0.30, 1373893
0.30, 1373304
0.30, 1369700
0.31, 1363759
0.31, 1362315
0.31, 1353193
0.31, 1348511
0.31, 1343687
0.31, 1339390
0.31, 1338012
0.31, 1338003
0.31, 1308086
0.31, 1297997
0.31, 1290699
0.32, 1279553
0.32, 1261811
0.32, 1239328
0.32, 1228297
0.32, 1226790
0.35, 1215238
0.36, 1213965
0.36, 1208059
0.36, 1193624
0.36, 1182466
0.36, 1166241
0.36, 1161121
0.36, 1147277
0.37, 1146422
0.39, 1135112
0.39, 1122129
0.39, 1108148
0.39, 1105642
0.39, 1105086
0.39, 1100803
0.39, 1100373
0.39, 1090832
0.39, 1087853
0.42, 1087590
0.42, 1082913
0.42, 1081678
0.42, 1079173
0.42, 1077148
0.42, 1067459
0.42, 1060278
0.42, 1047781
0.42, 1039347
0.44, 1039035
0.44, 1034622
0.44, 1034146
0.44, 1030799
0.44, 1028683
0.44, 1027830
0.44, 1021261
0.44, 1019627
0.44, 1017935
0.45, 1011172
0.45, 1007371
0.45, 1005190
0.45, 1002004
0.47, 1001546
0.47, 1000659
0.47, 997734
0.47, 996455
0.47, 996252
0.47, 994382
0.47, 993346
0.47, 990311
0.47, 988056
0.47, 985694
0.47, 984469
0.47, 977228
0.47, 976079
0.47, 975489
0.47, 973358
0.47, 972751
0.47, 959488
0.48, 953534
0.48, 951673
0.48, 938670
0.48, 936730
0.48, 933545
0.52, 925148
0.52, 912455
0.52, 901942
0.52, 893177
0.52, 893149
0.52, 891100
0.52, 890169
0.56, 879473
0.56, 878059
0.56, 877223
0.56, 876159
0.56, 871522
0.56, 871117
0.56, 869579
0.61, 866692
0.61, 866653
0.61, 863725
0.61, 856810
0.61, 855495
0.61, 854925
0.61, 854146
0.61, 852091
0.61, 851384
0.61, 847004
0.65, 846551
0.65, 846401
0.65, 846098
0.65, 844917
0.65, 844877
0.66, 838631
0.66, 836043
0.66, 835997
0.66, 833538
0.67, 831045
0.67, 829434
0.67, 828458
0.67, 828418
0.73, 827557
0.74, 827197
0.74, 826795
0.76, 826185
0.76, 824243
0.76, 823433
0.76, 822654
0.76, 821602
0.77, 820613
0.77, 820243
0.78, 819941
0.78, 819493
0.78, 819086
0.78, 818926
0.78, 818869
0.78, 818621
0.78, 817645
0.80, 817145
0.80, 815859
0.80, 815657
0.80, 814061
0.92, 813355
0.93, 812418
1.00, 812162
5.30, 812031
5.30, 811923
5.30, 811461
5.47, 811422
