0.00,5608619
0.00,5458046
0.00,5189088
0.00,5067990
0.00,4920434
0.00,4835020
0.00,4768080
0.00,4638371
0.00,4496746
0.00,4383887
0.00,4243821
0.00,4103950
0.00,4179627
0.00,4031041
0.00,4019247
0.00,3883435
0.00,3873272
0.00,3914890
0.00,3882909
0.00,3695222
0.00,3714765
0.00,3702312
0.00,3650393
0.00,3617569
0.00,3546529
0.00,3559825
0.00,3568450
0.00,3531420
0.00,3543381
0.00,3427954
0.00,3298483
0.00,3304612
0.00,3416511
0.00,3324176
0.00,3197738
0.00,3156632
0.00,3124506
0.00,3096722
0.00,3069820
0.00,3094563
0.00,3018545
0.00,2965107
0.00,2901944
0.00,2889848
0.00,2894290
0.00,2837798
0.00,2854549
0.00,2841492
0.00,2868663
0.00,2814134
0.00,2782656
0.00,2796597
0.00,2721474
0.00,2695471
0.00,2702155
0.00,2695386
0.00,2661369
0.00,2607705
0.01,2628087
0.01,2589596
0.01,2540466
0.01,2590976
0.01,2671654
0.01,2637035
0.01,2631824
0.01,2630748
0.01,2645590
0.01,2568545
0.01,2532114
0.01,2504597
0.01,2572677
0.01,2528154
0.01,2440613
0.01,2454397
0.01,2444888
0.01,2441851
0.01,2421104
0.01,2395647
0.01,2375799
0.01,2353651
0.01,2357545
0.01,2364515
0.01,2248479
0.01,2188346
0.01,2134763
0.01,2186679
0.01,2208074
0.01,2240171
0.01,2243189
0.01,2248748
0.01,2274743
0.01,2258129
0.01,2230096
0.01,2244647
0.01,2197536
0.01,2202796
0.01,2279348
0.01,2250602
0.01,2261018
0.01,2234603
0.01,2164050
0.01,2151402
0.01,2185876
0.01,2204311
0.01,2238791
0.01,2199540
0.01,2171318
0.01,2185350
0.01,2177748
0.01,2149844
0.01,2151711
0.01,2230897
0.01,2243042
0.01,2222540
0.01,2063786
0.01,2077002
0.01,2081883
0.01,2064609
0.01,2052071
0.01,2026932
0.01,1996513
0.01,1936869
0.01,1876430
0.01,1921766
0.01,1967044
0.01,1877200
0.01,1892026
0.01,1804912
0.01,1836056
0.01,1861484
0.01,1844019
0.01,1883233
0.01,1916799
0.01,2005402
0.01,1936318
0.01,1944377
0.01,1914938
0.01,1921992
0.01,1900351
0.01,1855671
0.01,1880238
0.01,1833554
0.01,1831432
0.01,1878065
0.01,1863595
0.01,1900605
0.01,1947449
0.01,1877973
0.01,1836137
0.01,1805117
0.01,1779947
0.01,1787372
0.01,1788036
0.01,1734867
0.01,1708900
0.01,1685937
0.01,1669050
0.01,1628059
0.01,1631718
0.01,1690046
0.01,1654070
0.01,1654420
0.01,1677481
0.01,1643176
0.01,1609591
0.01,1601757
0.01,1623756
0.01,1620710
0.01,1637599
0.01,1593759
0.01,1594161
0.01,1606314
0.01,1628710
0.01,1608012
0.01,1621472
0.01,1635904
0.01,1583759
0.01,1552800
0.01,1565088
0.01,1526797
0.01,1524112
0.01,1503253
0.01,1433632
0.01,1409285
0.01,1388583
0.01,1395810
0.01,1421434
0.01,1412485
0.01,1416954
0.01,1420016
0.01,1411323
0.01,1439821
0.01,1449393
0.01,1361581
0.01,1360519
0.01,1369859
0.01,1391541
0.01,1347287
0.01,1341298
0.01,1352300
0.01,1362487
0.01,1365869
0.01,1412460
0.01,1436263
0.01,1407808
0.01,1349167
0.01,1342073
0.01,1376317
0.01,1344687
0.01,1357924
0.01,1351892
0.01,1351502
0.01,1341834
0.01,1316266
0.01,1321254
0.01,1320192
0.01,1329532
0.01,1351214
0.01,1282012
0.01,1302816
0.01,1259373
0.01,1241917
0.01,1237459
0.01,1254054
0.01,1229283
0.01,1233715
0.01,1215072
0.01,1200619
0.01,1202924
0.01,1211436
0.01,1211188
0.01,1228911
0.01,1221142
0.01,1191916
0.01,1183847
0.01,1171507
0.01,1162587
0.01,1172361
0.01,1165502
0.01,1153692
0.01,1142770
0.01,1150129
0.01,1134916
0.01,1122920
0.01,1137779
0.01,1150523
0.01,1155775
0.01,1149936
0.01,1157672
0.01,1161683
0.01,1159941
0.01,1154513
0.01,1126687
0.01,1124258
0.01,1109805
0.01,1130731
0.01,1158823
0.01,1196146
0.01,1204037
0.01,1165054
0.01,1126418
0.01,1165845
0.01,1168628
0.01,1172669
0.01,1157157
0.01,1163867
0.01,1154691
0.01,1158129
0.01,1134322
0.01,1121511
0.01,1097384
0.01,1137013
0.01,1156924
0.01,1147933
0.01,1111185
0.01,1130102
0.01,1145306
0.01,1141218
0.01,1121034
0.01,1097905
0.01,1124944
0.01,1103140
0.01,1073449
0.01,1097095
0.01,1103718
0.01,1124355
0.01,1122877
0.01,1127883
0.01,1110503
0.01,1099383
0.01,1060799
0.01,1048530
0.01,1048146
0.01,1038737
0.01,1029439
0.01,1027226
0.01,1029480
0.01,1018126
0.01,1046040
0.01,1092900
0.01,1104244
0.01,1104493
0.01,1124751
0.01,1108812
0.01,1119771
0.01,1091678
0.01,1072362
0.01,1048711
0.01,1010423
0.01,1004412
0.01,997288
0.01,991158
0.01,1000779
0.01,979557
0.01,973592
0.01,972963
0.01,986100
0.01,1004320
0.01,1051087
0.01,1063499
0.01,1067899
0.01,1090714
0.01,1071986
0.01,1083991
0.02,1054492
0.02,1019035
0.02,988797
0.02,967575
0.02,987796
0.02,965776
0.02,982277
0.02,974383
0.02,978778
0.02,979682
0.02,986106
0.02,995827
0.02,983506
0.02,988521
0.02,990394
0.02,998286
0.02,996669
0.02,994522
0.02,1002890
0.02,960481
0.02,965414
0.02,951019
0.02,943617
0.02,971730
0.02,978080
0.02,983101
0.02,980283
0.02,980407
0.02,978321
0.02,988396
0.02,983460
0.02,987727
0.02,985379
0.02,980533
0.02,952707
0.02,938254
0.02,933279
0.02,929415
0.02,925448
0.02,921994
0.02,918725
0.02,915820
0.02,913080
0.02,910925
0.02,919682
0.02,939551
0.02,919244
0.02,917995
0.02,919946
0.02,926743
0.02,974015
0.02,992233
0.02,1000671
0.02,1012520
0.02,1014003
0.02,1036795
0.02,1023536
0.02,1009258
0.02,971402
0.02,934732
0.02,908809
0.02,913127
0.02,924022
0.02,933244
0.02,929121
0.02,907554
0.02,956154
0.02,963240
0.02,986128
0.02,989658
0.02,999797
0.02,1005524
0.02,1027513
0.02,992243
0.02,993763
0.02,937476
0.02,896241
0.02,905827
0.02,892803
0.02,882043
0.02,875713
0.02,874057
0.02,872668
0.02,871388
0.02,869064
0.02,867298
0.02,866215
0.02,865278
0.02,864378
0.02,863540
0.02,895015
0.02,897433
0.02,903278
0.02,898334
0.02,905235
0.02,896132
0.02,901506
0.02,908520
0.02,912531
0.02,915127
0.02,918854
0.02,874840
0.02,877517
0.02,863082
0.02,868030
0.02,894583
0.02,900598
0.02,899923
0.02,911373
0.02,898179
0.02,902425
0.02,908462
0.02,909765
0.02,917846
0.02,912501
0.02,902962
0.02,878001
0.02,860683
0.02,860643
