0.00, 6524917
0.00, 6490712
0.00, 6485558
0.00, 6338304
0.00, 6273481
0.00, 6263324
0.00, 6232796
0.00, 6198476
0.00, 6159468
0.00, 6133603
0.00, 6049317
0.00, 6001309
0.00, 5965491
0.00, 5876651
0.00, 5847524
0.00, 5845603
0.00, 5804501
0.00, 5703085
0.00, 5548949
0.00, 5528571
0.00, 5462019
0.00, 5381819
0.00, 5367663
0.00, 5353546
0.00, 5343153
0.00, 5330451
0.00, 5302461
0.00, 5278042
0.00, 5153350
0.00, 5044321
0.00, 5034898
0.00, 5001648
0.00, 4977317
0.00, 4977101
0.00, 4939998
0.00, 4938763
0.00, 4919237
0.00, 4891029
0.00, 4891007
0.00, 4890539
0.00, 4876626
0.00, 4795653
0.00, 4791605
0.00, 4791187
0.00, 4756778
0.00, 4730324
0.00, 4719959
0.00, 4653606
0.00, 4652723
0.00, 4651593
0.00, 4607735
0.00, 4606064
0.00, 4603945
0.00, 4542170
0.00, 4538332
0.00, 4535017
0.00, 4468869
0.00, 4463337
0.00, 4383509
0.00, 4382644
0.00, 4382568
0.00, 4363472
0.00, 4339749
0.00, 4320439
0.00, 4300726
0.00, 4149591
0.00, 4135091
0.00, 4133346
0.00, 4130963
0.00, 4125691
0.00, 4115170
0.00, 4081123
0.00, 4049248
0.00, 4034834
0.00, 4014458
0.00, 4003355
0.00, 3972051
0.00, 3972019
0.00, 3962862
0.00, 3959010
0.00, 3862888
0.00, 3847567
0.00, 3824937
0.00, 3810216
0.00, 3805816
0.00, 3768063
0.00, 3682257
0.00, 3672569
0.00, 3641027
0.00, 3620051
0.00, 3617610
0.01, 3592344
0.01, 3591083
0.01, 3575998
0.01, 3541269
0.01, 3537158
0.01, 3479375
0.01, 3460663
0.01, 3459932
0.01, 3452959
0.01, 3443135
0.01, 3431471
0.01, 3398662
0.01, 3392124
0.01, 3377445
0.01, 3370647
0.01, 3319158
0.01, 3276529
0.01, 3274168
0.01, 3273164
0.01, 3270370
0.01, 3165154
0.01, 3160801
0.01, 3129082
0.01, 3078619
0.01, 3076308
0.01, 3053840
0.01, 3046018
0.01, 3016192
0.01, 3015178
0.01, 2982237
0.01, 2948754
0.01, 2948381
0.01, 2899946
0.01, 2880745
0.01, 2861601
0.01, 2839868
0.01, 2835010
0.01, 2827404
0.01, 2803338
0.01, 2802603
0.01, 2783476
0.01, 2771894
0.01, 2760346
0.01, 2757682
0.01, 2746150
0.01, 2704969
0.01, 2687425
0.01, 2674133
0.01, 2642189
0.01, 2586550
0.01, 2561751
0.01, 2549936
0.01, 2545677
0.01, 2517743
0.01, 2497866
0.01, 2489297
0.01, 2488104
0.01, 2487211
0.01, 2485243
0.01, 2464503
0.01, 2463132
0.01, 2456251
0.01, 2448400
0.01, 2446492
0.01, 2432862
0.01, 2404743
0.01, 2392500
0.01, 2372606
0.01, 2370162
0.01, 2363334
0.01, 2314109
0.01, 2304827
0.04, 2298146
0.04, 2248476
0.04, 2241036
0.04, 2235011
0.04, 2229213
0.04, 2224101
0.04, 2221403
0.04, 2197928
0.06, 2186938
0.06, 2186196
0.06, 2184148
0.06, 2164051
0.06, 2120299
0.06, 2114681
0.06, 2113929
0.09, 2083270
0.09, 2055632
0.09, 2054558
0.09, 2054508
0.09, 2037430
0.09, 2032416
0.10, 2029265
0.11, 2028054
0.12, 2014621
0.12, 2012535
0.12, 2006418
0.12, 2002974
0.12, 2002672
0.12, 1993659
0.12, 1991024
0.12, 1965041
0.12, 1912357
0.13, 1891057
0.13, 1887796
0.13, 1881174
0.13, 1878545
0.15, 1869229
0.15, 1868227
0.15, 1868061
0.15, 1856404
0.15, 1824478
0.15, 1822453
0.15, 1820011
0.15, 1792318
0.15, 1778371
0.15, 1778135
0.15, 1772075
0.15, 1735230
0.15, 1728342
0.16, 1727994
0.16, 1717680
0.16, 1717560
0.16, 1706899
0.16, 1703998
0.16, 1700239
0.16, 1677786
0.16, 1645218
0.19, 1638969
0.19, 1624723
0.19, 1614726
0.19, 1608071
0.19, 1604062
0.19, 1601121
0.19, 1592198
0.19, 1577713
0.19, 1569047
0.19, 1563344
0.19, 1556212
0.20, 1552999
0.20, 1552222
0.21, 1551668
0.21, 1547536
0.21, 1535091
0.21, 1530637
0.21, 1529391
0.21, 1521661
0.22, 1521355
0.22, 1520574
0.22, 1515919
0.22, 1515131
0.22, 1507596
0.22, 1493244
0.22, 1473401
0.23, 1446394
0.23, 1443597
0.23, 1441744
0.23, 1434288
0.23, 1426889
0.23, 1408358
0.23, 1405136
0.23, 1404612
0.23, 1401581
0.23, 1395151
0.23, 1393865
0.23, 1390922
0.24, 1380825
0.24, 1377653
0.24, 1374224
0.25, 1366991
0.25, 1353358
0.26, 1349244
0.26, 1347915
0.26, 1329448
0.26, 1328266
0.26, 1323393
0.26, 1323160
0.27, 1311030
0.27, 1309763
0.27, 1298769
0.27, 1287964
0.27, 1279937
0.28, 1279907
0.28, 1279367
0.28, 1273515
0.28, 1273225
0.28, 1269301
0.28, 1268469
0.29, 1265271
0.29, 1253177
0.29, 1249546
0.29, 1237148
0.29, 1230182
0.29, 1224739
0.29, 1218006
0.29, 1215435
0.29, 1210840
0.29, 1201065
0.29, 1200941
0.29, 1196706
0.29, 1189269
0.29, 1188332
0.29, 1164912
0.32, 1164862
0.32, 1163480
0.32, 1162510
0.32, 1157278
0.32, 1142902
0.32, 1140076
0.32, 1130059
0.32, 1129690
0.32, 1129009
0.35, 1128678
0.35, 1128069
0.35, 1125167
0.35, 1123737
0.35, 1121701
0.35, 1118498
0.35, 1112318
0.35, 1104575
0.35, 1092015
0.35, 1073715
0.35, 1058642
0.35, 1047459
0.35, 1040725
0.35, 1037385
0.35, 1035452
0.40, 1028171
0.41, 1026534
0.41, 1024404
0.41, 1021387
0.41, 1018546
0.41, 996517
0.41, 993622
0.41, 981962
0.41, 977587
0.41, 976097
0.41, 974575
0.41, 972091
0.41, 963432
0.41, 961696
0.49, 949181
0.49, 945947
0.49, 944274
0.49, 941364
0.49, 939451
0.49, 937621
0.49, 934240
0.49, 931407
0.49, 918307
0.50, 917392
0.51, 913915
0.51, 908010
0.51, 906485
0.51, 906037
0.51, 904621
0.51, 904006
0.51, 903122
0.51, 896655
0.51, 892293
0.51, 889788
0.51, 887016
0.53, 881030
0.53, 872911
0.53, 870067
0.53, 862662
0.53, 860301
0.53, 859189
0.55, 858258
0.55, 856442
0.55, 856046
0.56, 855561
0.56, 851142
0.57, 842812
0.57, 839986
0.57, 839539
0.57, 838089
0.60, 837854
0.60, 837219
0.60, 834307
0.60, 830092
0.60, 829707
0.66, 826689
0.66, 826238
0.66, 825712
0.66, 823717
0.66, 823240
0.71, 820291
0.71, 818963
0.71, 818656
0.72, 817749
0.73, 817701
0.73, 817670
0.76, 816673
0.76, 816464
0.77, 816256
0.79, 816069
0.79, 815222
0.79, 813955
0.79, 813672
0.79, 812834
0.79, 812438
0.80, 812055
1.01, 811815
1.01, 811366
1.02, 811149
1.02, 811110
1.03, 810939
1.03, 810899
1.05, 810543
1.05, 810503
