0.00, 5892982
0.00, 5855832
0.00, 5776498
0.00, 5774847
0.00, 5739021
0.00, 5698637
0.00, 5645522
0.00, 5547939
0.00, 5520360
0.00, 5363849
0.00, 5361445
0.00, 5212735
0.00, 5207169
0.00, 5137253
0.00, 5129621
0.00, 5125010
0.00, 5112576
0.00, 4931550
0.00, 4888409
0.00, 4886312
0.00, 4842023
0.00, 4737830
0.00, 4727094
0.00, 4669401
0.00, 4669251
0.00, 4637559
0.00, 4614955
0.00, 4523414
0.00, 4480314
0.00, 4423332
0.00, 4422142
0.00, 4392745
0.00, 4383932
0.00, 4378667
0.00, 4309874
0.00, 4299044
0.00, 4287035
0.00, 4203679
0.00, 4177844
0.00, 4082798
0.00, 4062888
0.00, 4057201
0.00, 4007372
0.00, 3984552
0.01, 3980988
0.01, 3957214
0.01, 3956226
0.01, 3937057
0.01, 3924457
0.01, 3919883
0.01, 3880520
0.01, 3857478
0.01, 3848877
0.01, 3799129
0.01, 3792309
0.01, 3781463
0.01, 3774350
0.01, 3772260
0.01, 3748650
0.01, 3742160
0.01, 3730001
0.01, 3706211
0.01, 3702389
0.01, 3696450
0.01, 3694589
0.01, 3692689
0.01, 3659765
0.01, 3654620
0.01, 3635998
0.01, 3600651
0.01, 3600039
0.01, 3599882
0.01, 3596324
0.01, 3595248
0.01, 3579722
0.01, 3539935
0.01, 3539136
0.01, 3530367
0.01, 3515805
0.01, 3492245
0.01, 3490358
0.01, 3468444
0.01, 3462299
0.01, 3448508
0.01, 3437706
0.01, 3420246
0.01, 3416492
0.01, 3412517
0.01, 3383530
0.01, 3340509
0.01, 3334537
0.01, 3325586
0.01, 3323275
0.01, 3320950
0.01, 3319638
0.01, 3304052
0.01, 3294214
0.01, 3284626
0.01, 3268143
0.01, 3217004
0.01, 3155077
0.01, 3144074
0.01, 3140105
0.01, 3044385
0.01, 3038791
0.01, 3038280
0.01, 2947602
0.01, 2937486
0.01, 2924375
0.01, 2922833
0.01, 2906401
0.01, 2897544
0.01, 2886674
0.01, 2877393
0.01, 2829016
0.01, 2796699
0.01, 2785130
0.01, 2770665
0.01, 2743598
0.01, 2709025
0.01, 2696357
0.01, 2656417
0.01, 2626209
0.01, 2621232
0.01, 2617470
0.01, 2596001
0.01, 2576500
0.01, 2567473
0.01, 2562702
0.01, 2534973
0.01, 2506304
0.01, 2503662
0.01, 2496600
0.01, 2462714
0.01, 2446725
0.01, 2440625
0.02, 2436919
0.02, 2422432
0.02, 2395044
0.02, 2382961
0.02, 2377017
0.02, 2366918
0.02, 2365290
0.03, 2362929
0.03, 2333851
0.03, 2326140
0.03, 2307418
0.03, 2306662
0.03, 2297841
0.03, 2252027
0.03, 2217985
0.03, 2214676
0.03, 2212629
0.03, 2212131
0.03, 2201270
0.03, 2196865
0.03, 2190329
0.03, 2173450
0.03, 2173433
0.07, 2150367
0.07, 2141204
0.07, 2129211
0.07, 2112125
0.07, 2110064
0.07, 2107324
0.07, 2104560
0.07, 2088286
0.10, 2077918
0.10, 2074449
0.10, 2072726
0.10, 2067022
0.10, 2063463
0.10, 2056550
0.10, 2037566
0.10, 2030682
0.10, 2026628
0.10, 2022468
0.10, 1996416
0.10, 1982629
0.11, 1981565
0.11, 1976938
0.11, 1975074
0.11, 1961728
0.11, 1950780
0.11, 1947711
0.12, 1931019
0.12, 1917330
0.12, 1870774
0.15, 1870604
0.15, 1800098
0.15, 1777425
0.15, 1777035
0.15, 1771062
0.15, 1765478
0.15, 1746021
0.15, 1736195
0.15, 1730422
0.15, 1723052
0.15, 1718937
0.15, 1714042
0.15, 1712595
0.15, 1704313
0.18, 1698639
0.18, 1689069
0.18, 1687265
0.18, 1687036
0.18, 1670995
0.18, 1654864
0.19, 1638272
0.19, 1636413
0.19, 1621494
0.19, 1615885
0.19, 1615472
0.19, 1609025
0.19, 1590372
0.19, 1582960
0.19, 1581497
0.23, 1568798
0.23, 1562702
0.23, 1546439
0.23, 1532796
0.23, 1522245
0.23, 1516833
0.23, 1516499
0.23, 1515315
0.23, 1514318
0.23, 1502023
0.23, 1500156
0.23, 1499928
0.23, 1495302
0.23, 1491160
0.23, 1461184
0.24, 1458307
0.24, 1451660
0.24, 1449725
0.24, 1443847
0.24, 1435131
0.25, 1429170
0.25, 1415525
0.25, 1406025
0.26, 1403861
0.26, 1395496
0.26, 1388942
0.26, 1379120
0.26, 1378464
0.26, 1373173
0.26, 1368785
0.26, 1355594
0.26, 1344866
0.27, 1343361
0.27, 1341369
0.27, 1334504
0.27, 1332941
0.28, 1321034
0.28, 1313480
0.28, 1305772
0.28, 1301237
0.28, 1300618
0.28, 1299171
0.28, 1287803
0.28, 1287319
0.28, 1286725
0.28, 1284930
0.28, 1274614
0.28, 1271900
0.28, 1268268
0.28, 1254407
0.28, 1253894
0.28, 1251445
0.28, 1247303
0.28, 1238546
0.28, 1216441
0.28, 1210858
0.28, 1203481
0.28, 1202528
0.30, 1201422
0.30, 1192447
0.30, 1188627
0.30, 1185995
0.30, 1183715
0.30, 1172923
0.30, 1168028
0.30, 1166815
0.33, 1166489
0.33, 1166051
0.33, 1164075
0.33, 1156060
0.33, 1153400
0.33, 1153211
0.33, 1149259
0.33, 1148717
0.33, 1147309
0.33, 1131933
0.35, 1127708
0.35, 1124102
0.35, 1117595
0.35, 1113590
0.35, 1112411
0.35, 1112182
0.35, 1108704
0.35, 1108611
0.36, 1107833
0.36, 1107181
0.36, 1105437
0.36, 1105196
0.36, 1102675
0.36, 1071152
0.36, 1066738
0.36, 1065344
0.36, 1053622
0.36, 1053368
0.36, 1047497
0.40, 1034022
0.41, 1032629
0.41, 1032002
0.41, 1031882
0.41, 1026160
0.41, 1024462
0.41, 1022049
0.41, 1021073
0.41, 1020149
0.41, 1017818
0.41, 1016910
0.41, 1009617
0.41, 1005404
0.43, 1001316
0.43, 997560
0.43, 992548
0.43, 981676
0.43, 979489
0.43, 978129
0.43, 972801
0.43, 967261
0.43, 964556
0.43, 962599
0.43, 962077
0.45, 957359
0.47, 954132
0.48, 952702
0.48, 948865
0.48, 943750
0.48, 936054
0.48, 932129
0.48, 931736
0.48, 927026
0.48, 924871
0.48, 923965
0.48, 919905
0.49, 918276
0.49, 918156
0.49, 917318
0.49, 914105
0.49, 912483
0.49, 910294
0.49, 906744
0.49, 904640
0.49, 903097
0.54, 898476
0.54, 897697
0.54, 896982
0.54, 894099
0.54, 888887
0.54, 888344
0.54, 887279
0.54, 886269
0.54, 884342
0.54, 884042
0.54, 882849
0.55, 882495
0.56, 881002
0.56, 879887
0.56, 868039
0.56, 867449
0.56, 866641
0.56, 865764
0.58, 865736
0.59, 864516
0.59, 864356
0.59, 864301
0.59, 859061
0.59, 858646
0.59, 858301
0.59, 855687
0.59, 852983
0.59, 851655
0.59, 850553
0.59, 849137
0.59, 847821
0.59, 846737
0.59, 846135
0.60, 845250
0.60, 845141
0.60, 844692
0.60, 843364
0.60, 837091
0.60, 834594
0.65, 832549
0.68, 832019
0.73, 831544
0.73, 829198
0.78, 828921
0.78, 828688
0.78, 827556
0.79, 825277
0.79, 824338
0.79, 823680
0.79, 823640
0.80, 823206
0.80, 822753
0.80, 821957
0.80, 821627
0.83, 821600
0.85, 821589
0.86, 821571
0.88, 821289
0.88, 820095
0.90, 820068
0.95, 819682
0.95, 818785
0.95, 818745
2.89, 817854
2.89, 817075
2.89, 815447
3.04, 814765
3.04, 814159
3.06, 814122
3.09, 813926
3.12, 813749
3.21, 813709
3.22, 813670
