0.00,5594099
0.00,5341204
0.00,5175959
0.00,5066097
0.00,4892599
0.00,4817941
0.00,4636835
0.00,4652783
0.00,4601247
0.00,4437722
0.00,4409494
0.00,4385455
0.00,4388797
0.00,4235627
0.00,4146325
0.00,4105583
0.00,4004257
0.00,3853141
0.00,3946832
0.00,3940191
0.00,3883776
0.00,3907730
0.00,3883196
0.00,3864838
0.00,3833010
0.00,3629673
0.00,3605489
0.00,3616016
0.00,3458315
0.00,3346050
0.00,3395984
0.00,3339167
0.00,3298094
0.00,3225876
0.00,3223291
0.00,3141743
0.00,3101071
0.00,3042951
0.00,3004259
0.00,3039997
0.00,3043777
0.00,3072722
0.00,3054963
0.00,3100582
0.00,2967052
0.00,2963710
0.00,2998521
0.00,2969299
0.00,2974228
0.00,2911623
0.00,2901599
0.00,2914067
0.00,2840161
0.00,2824975
0.00,2785766
0.00,2763080
0.00,2748650
0.00,2800347
0.00,2822674
0.00,2806915
0.00,2746634
0.00,2724230
0.00,2616084
0.00,2636392
0.00,2661807
0.01,2612168
0.01,2600925
0.01,2591155
0.01,2568016
0.01,2525653
0.01,2554545
0.01,2591299
0.01,2599307
0.01,2658011
0.01,2607901
0.01,2555386
0.01,2487828
0.01,2497255
0.01,2484650
0.01,2502744
0.01,2413347
0.01,2458449
0.01,2404383
0.01,2366651
0.01,2302988
0.01,2293777
0.01,2256092
0.01,2250088
0.01,2277276
0.01,2224043
0.01,2279572
0.01,2367993
0.01,2375706
0.01,2399605
0.01,2386149
0.01,2353211
0.01,2285051
0.01,2204325
0.01,2222933
0.01,2206807
0.01,2156718
0.01,2165963
0.01,2129811
0.01,2145225
0.01,2255901
0.01,2169165
0.01,2213660
0.01,2206464
0.01,2167349
0.01,2147561
0.01,2123197
0.01,2073815
0.01,2022308
0.01,1998655
0.01,1968945
0.01,1996881
0.01,1945726
0.01,1901475
0.01,1993625
0.01,1979584
0.01,1938411
0.01,1926447
0.01,1892109
0.01,1863526
0.01,1898403
0.01,1927848
0.01,1895405
0.01,1837052
0.01,1848123
0.01,1992168
0.01,2001697
0.01,2025581
0.01,2032330
0.01,2023959
0.01,2040040
0.01,1992605
0.01,1948012
0.01,1942256
0.01,1894557
0.01,1805896
0.01,1767298
0.01,1748788
0.01,1724706
0.01,1709063
0.01,1663338
0.01,1669831
0.01,1669521
0.01,1694257
0.01,1643139
0.01,1621037
0.01,1640772
0.01,1700098
0.01,1667918
0.01,1666720
0.01,1618641
0.01,1584551
0.01,1582918
0.01,1597961
0.01,1569389
0.01,1541325
0.01,1571408
0.01,1529083
0.01,1527551
0.01,1556480
0.01,1546858
0.01,1560458
0.01,1563363
0.01,1565296
0.01,1558260
0.01,1624795
0.01,1599094
0.01,1601314
0.01,1535802
0.01,1453840
0.01,1458138
0.01,1452109
0.01,1426346
0.01,1427935
0.01,1394164
0.01,1425528
0.01,1424272
0.01,1432090
0.01,1421534
0.01,1410418
0.01,1410412
0.01,1401865
0.01,1457052
0.01,1455312
0.01,1437417
0.01,1422433
0.01,1421472
0.01,1492415
0.01,1484251
0.01,1516035
0.01,1477013
0.01,1487796
0.01,1536935
0.01,1562131
0.01,1565976
0.01,1566149
0.01,1533479
0.01,1561049
0.01,1490006
0.01,1487425
0.01,1441024
0.01,1461629
0.01,1475631
0.01,1519573
0.01,1501473
0.01,1492176
0.01,1451211
0.01,1420729
0.01,1497554
0.01,1442916
0.01,1350349
0.01,1345683
0.01,1337513
0.01,1314753
0.01,1352153
0.01,1331300
0.01,1377645
0.01,1382011
0.01,1359176
0.01,1349656
0.01,1292473
0.01,1279941
0.01,1278577
0.01,1266471
0.01,1255493
0.01,1290526
0.01,1299734
0.01,1331782
0.01,1343781
0.01,1307581
0.01,1271030
0.01,1254972
0.01,1267504
0.01,1318956
0.01,1321346
0.01,1356414
0.01,1341204
0.01,1353888
0.01,1376793
0.01,1324455
0.01,1309261
0.01,1295240
0.01,1284572
0.01,1303470
0.01,1306358
0.01,1297438
0.01,1266019
0.01,1267030
0.01,1267423
0.01,1249324
0.01,1233749
0.01,1246832
0.01,1274142
0.01,1270211
0.01,1279901
0.01,1292395
0.01,1290006
0.01,1258691
0.01,1219291
0.01,1204587
0.01,1180886
0.01,1158266
0.01,1166735
0.01,1155801
0.01,1139071
0.01,1137059
0.01,1173781
0.01,1201598
0.01,1251732
0.01,1264955
0.01,1297563
0.01,1270984
0.01,1307778
0.01,1316043
0.01,1322510
0.01,1337351
0.01,1304681
0.01,1332251
0.01,1284783
0.01,1276772
0.01,1226812
0.01,1189559
0.01,1199773
0.01,1215640
0.01,1206376
0.01,1209384
0.01,1200547
0.01,1175875
0.01,1188124
0.01,1167629
0.01,1123214
0.01,1127797
0.01,1117114
0.01,1147144
0.01,1160961
0.01,1170902
0.01,1196915
0.01,1193539
0.01,1220854
0.01,1209796
0.01,1225560
0.01,1250823
0.01,1279003
0.01,1304336
0.01,1319294
0.01,1341521
0.01,1301187
0.01,1291487
0.01,1251255
0.01,1263170
0.01,1246381
0.01,1246421
0.01,1179908
0.01,1156459
0.01,1181624
0.01,1175671
0.01,1193146
0.01,1185184
0.01,1178861
0.01,1165842
0.01,1116756
0.01,1099963
0.01,1102242
0.01,1096308
0.01,1082156
0.01,1083224
0.01,1092580
0.01,1089409
0.01,1088077
0.01,1084964
0.01,1094176
0.01,1094331
0.01,1107626
0.01,1114292
0.01,1103171
0.01,1086950
0.01,1075424
0.01,1059729
0.01,1100780
0.01,1074434
0.01,1046611
0.01,1054345
0.01,1065397
0.01,1082121
0.01,1058833
0.01,1027774
0.01,1028367
0.01,1035740
0.01,1049332
0.01,1029558
0.01,1015454
0.01,1004732
0.01,995468
0.01,1001348
0.01,1004093
0.01,981198
0.01,972302
0.01,963603
0.01,971175
0.01,955012
0.01,947097
0.01,957990
0.01,978537
0.01,971452
0.01,983394
0.02,971680
0.02,1008132
0.02,1040214
0.02,1046984
0.02,1044759
0.02,1056167
0.02,1027005
0.02,1037476
0.02,1001538
0.02,987129
0.02,973048
0.02,939488
0.02,964037
0.02,978156
0.02,988437
0.02,986323
0.02,969535
0.02,984200
0.02,984955
0.02,990206
0.02,1007545
0.02,1058370
0.02,1032513
0.02,1035221
0.02,994018
0.02,975189
0.02,949203
0.02,923749
0.02,919304
0.02,977941
0.02,962503
0.02,954300
0.02,952244
0.02,985055
0.02,987156
0.02,998947
0.02,1009497
0.02,1016515
0.02,971332
0.02,954385
0.02,903721
0.02,896316
0.02,904450
0.02,889897
0.02,884283
0.02,886882
0.02,879476
0.02,874794
0.02,871448
0.02,868281
0.02,865376
0.02,863290
0.02,861635
0.02,860611
0.02,858955
0.02,857381
0.02,855570
0.02,854099
0.02,852717
0.02,851523
0.02,850586
0.02,849972
0.02,849365
0.02,849084
0.02,849003
0.02,848786
0.02,848740
0.02,848700
0.02,848661
