0.00, 6356704
0.00, 6213720
0.00, 6208619
0.00, 6149580
0.00, 6094004
0.00, 6078132
0.00, 6006524
0.00, 5989879
0.00, 5918734
0.00, 5912776
0.00, 5879489
0.00, 5789256
0.00, 5753609
0.00, 5711828
0.00, 5636382
0.00, 5633503
0.00, 5581074
0.00, 5569463
0.00, 5534817
0.00, 5522272
0.00, 5518477
0.00, 5482231
0.00, 5449806
0.01, 5408814
0.01, 5403747
0.01, 5397320
0.01, 5380814
0.01, 5373007
0.01, 5268419
0.01, 5266979
0.01, 5230413
0.01, 5229356
0.01, 5224351
0.01, 5221956
0.01, 5133955
0.01, 5122701
0.01, 5076844
0.01, 5037617
0.01, 5011246
0.01, 4905430
0.01, 4905262
0.01, 4829255
0.01, 4826584
0.01, 4706771
0.01, 4706770
0.01, 4706520
0.01, 4666318
0.01, 4653251
0.01, 4622152
0.01, 4614292
0.01, 4595199
0.01, 4590333
0.01, 4579582
0.01, 4523531
0.01, 4450034
0.01, 4399793
0.01, 4321430
0.01, 4302082
0.01, 4256905
0.01, 4242556
0.01, 4230646
0.01, 4211636
0.01, 4191770
0.01, 4161384
0.01, 4148142
0.01, 4147887
0.01, 4103619
0.01, 4058456
0.01, 4047249
0.01, 4038142
0.01, 4009065
0.01, 3958203
0.01, 3943647
0.01, 3942425
0.01, 3906394
0.01, 3901032
0.01, 3843745
0.01, 3832522
0.01, 3784134
0.01, 3774886
0.01, 3771312
0.01, 3744463
0.01, 3728442
0.01, 3673824
0.01, 3663328
0.01, 3643893
0.01, 3641669
0.01, 3614415
0.01, 3580469
0.01, 3573414
0.01, 3567498
0.01, 3534172
0.01, 3512219
0.01, 3479003
0.01, 3468919
0.01, 3427426
0.01, 3391417
0.01, 3371827
0.01, 3353826
0.01, 3265468
0.01, 3259861
0.01, 3172606
0.01, 3145712
0.01, 3137013
0.01, 3121921
0.01, 3112727
0.01, 3072901
0.01, 3072436
0.01, 3051539
0.01, 3049987
0.01, 3044213
0.01, 2967634
0.01, 2942176
0.01, 2940892
0.01, 2883861
0.01, 2859143
0.01, 2815470
0.01, 2758691
0.01, 2713071
0.01, 2711918
0.01, 2696151
0.01, 2640419
0.01, 2638916
0.01, 2628975
0.01, 2617584
0.01, 2571149
0.01, 2569553
0.01, 2561054
0.01, 2553578
0.01, 2548072
0.01, 2544186
0.01, 2536688
0.01, 2530920
0.01, 2517267
0.01, 2502903
0.01, 2499756
0.02, 2487215
0.02, 2470664
0.02, 2467092
0.02, 2460266
0.02, 2451305
0.02, 2422040
0.02, 2397726
0.02, 2387125
0.02, 2386718
0.02, 2374206
0.02, 2366220
0.02, 2347277
0.04, 2344375
0.04, 2343002
0.04, 2341004
0.04, 2322948
0.04, 2316929
0.04, 2305115
0.04, 2290444
0.04, 2281975
0.04, 2281052
0.06, 2274834
0.06, 2271479
0.06, 2238926
0.06, 2237484
0.06, 2234807
0.06, 2177991
0.06, 2173885
0.06, 2170782
0.06, 2146180
0.06, 2136295
0.06, 2136138
0.06, 2118077
0.06, 2117288
0.06, 2099654
0.08, 2093341
0.10, 2087283
0.10, 2085119
0.10, 2063259
0.10, 2037406
0.10, 2015854
0.10, 1995695
0.10, 1980191
0.10, 1941219
0.10, 1933142
0.10, 1931590
0.10, 1917984
0.10, 1916912
0.10, 1915523
0.12, 1914887
0.12, 1901613
0.12, 1879982
0.14, 1867367
0.14, 1844922
0.14, 1840314
0.14, 1835360
0.14, 1818773
0.14, 1818260
0.14, 1805311
0.14, 1786190
0.14, 1779764
0.14, 1754525
0.14, 1736703
0.14, 1726948
0.14, 1726831
0.17, 1721871
0.17, 1673726
0.17, 1668038
0.17, 1667998
0.17, 1645748
0.17, 1608306
0.19, 1592380
0.19, 1588066
0.19, 1580765
0.19, 1576812
0.20, 1558347
0.20, 1546467
0.20, 1543304
0.20, 1541817
0.20, 1531416
0.22, 1530241
0.22, 1519869
0.22, 1494706
0.22, 1492820
0.22, 1483209
0.22, 1483140
0.22, 1475725
0.22, 1459503
0.22, 1456834
0.22, 1452340
0.22, 1443041
0.23, 1440065
0.24, 1437335
0.24, 1436537
0.24, 1433865
0.27, 1427457
0.27, 1408149
0.27, 1406578
0.27, 1404615
0.27, 1403587
0.27, 1402656
0.27, 1385164
0.27, 1383673
0.27, 1377155
0.27, 1369990
0.27, 1367201
0.27, 1356510
0.27, 1348925
0.27, 1347102
0.27, 1336458
0.27, 1326383
0.27, 1324021
0.27, 1319067
0.27, 1318514
0.27, 1303514
0.27, 1302194
0.28, 1299255
0.28, 1284598
0.28, 1283921
0.28, 1279874
0.28, 1273610
0.28, 1269359
0.28, 1268563
0.29, 1266900
0.29, 1253331
0.30, 1239965
0.30, 1237733
0.30, 1236626
0.30, 1223821
0.30, 1208199
0.30, 1194459
0.30, 1187725
0.31, 1187665
0.31, 1185884
0.31, 1175100
0.34, 1153077
0.34, 1141513
0.34, 1126656
0.34, 1124357
0.34, 1122589
0.34, 1114999
0.34, 1109882
0.34, 1106136
0.35, 1100853
0.35, 1091299
0.35, 1090804
0.35, 1087939
0.35, 1084689
0.35, 1074122
0.35, 1072649
0.35, 1069731
0.35, 1057263
0.35, 1054007
0.35, 1053441
0.35, 1043621
0.35, 1032124
0.35, 1027236
0.35, 1017544
0.39, 1016818
0.39, 1016472
0.41, 1014721
0.41, 1011148
0.43, 1009400
0.43, 1009252
0.43, 1006539
0.43, 997999
0.44, 989453
0.44, 987979
0.44, 985616
0.44, 984531
0.44, 982153
0.44, 982115
0.44, 981166
0.44, 980481
0.44, 978042
0.44, 977654
0.44, 976709
0.44, 976080
0.44, 975585
0.47, 974634
0.47, 970710
0.47, 967203
0.47, 960233
0.47, 958397
0.47, 956108
0.47, 955025
0.47, 953057
0.47, 947644
0.47, 945979
0.47, 940251
0.47, 936980
0.48, 934351
0.48, 932786
0.48, 926281
0.48, 925481
0.48, 913485
0.48, 907876
0.48, 905803
0.48, 903443
0.48, 901039
0.48, 900562
0.48, 896647
0.50, 893520
0.50, 891339
0.50, 891293
0.50, 882854
0.53, 875225
0.53, 872307
0.53, 870784
0.53, 865635
0.54, 861291
0.54, 858118
0.55, 856455
0.55, 855216
0.55, 854609
0.55, 854569
0.56, 853378
0.59, 851606
0.59, 850759
0.60, 850321
0.60, 850192
0.62, 849777
0.62, 847235
0.62, 846456
0.62, 846060
0.63, 845364
0.63, 844903
0.63, 844716
0.63, 844528
0.63, 844368
0.63, 843879
0.63, 840545
0.63, 839895
0.63, 836977
0.65, 831705
0.68, 831128
0.70, 829957
0.70, 827470
0.70, 825315
0.70, 823615
0.81, 822898
0.81, 821935
0.81, 820427
0.81, 819950
0.81, 819911
0.81, 819751
0.88, 818760
0.88, 818413
0.93, 817848
0.93, 817452
0.93, 816882
1.04, 816148
2.89, 814718
2.90, 813908
2.90, 812096
2.91, 811786
3.11, 811528
3.12, 811488
3.12, 811449
