0.00,5509736
0.00,5107866
0.00,4805915
0.00,4656681
0.00,4546501
0.00,4512765
0.00,4521778
0.00,4496498
0.00,4391090
0.00,4285731
0.00,4323923
0.00,4209134
0.00,3960037
0.00,3846126
0.00,3804239
0.00,3765980
0.00,3602156
0.00,3547747
0.00,3542805
0.00,3507052
0.00,3481008
0.00,3440681
0.00,3477680
0.00,3347510
0.00,3291810
0.00,3268164
0.00,3246365
0.00,3247958
0.00,3184664
0.00,3032643
0.00,2990421
0.00,3005226
0.00,2888205
0.00,2864787
0.00,2901190
0.00,2837519
0.00,2914496
0.00,2830916
0.00,2890666
0.00,2957643
0.00,2916769
0.00,2886011
0.01,2812590
0.01,2765317
0.01,2875344
0.01,2878061
0.01,2739610
0.01,2667324
0.01,2645831
0.01,2634797
0.01,2560436
0.01,2592778
0.01,2617747
0.01,2616204
0.01,2580211
0.01,2584972
0.01,2669760
0.01,2675696
0.01,2652473
0.01,2649132
0.01,2625483
0.01,2599318
0.01,2550086
0.01,2606845
0.01,2521565
0.01,2464158
0.01,2411041
0.01,2403248
0.01,2409812
0.01,2356141
0.01,2404836
0.01,2369292
0.01,2379371
0.01,2386769
0.01,2409634
0.01,2369176
0.01,2333966
0.01,2315763
0.01,2343723
0.01,2346547
0.01,2312470
0.01,2326616
0.01,2315664
0.01,2297113
0.01,2246795
0.01,2219102
0.01,2156868
0.01,2096674
0.01,2036542
0.01,2047944
0.01,2053706
0.01,2083011
0.01,2087876
0.01,2046933
0.01,2081196
0.01,2081760
0.01,2078010
0.01,2046375
0.01,1999450
0.01,2032526
0.01,2033074
0.01,1999001
0.01,1983952
0.01,2020743
0.01,2043126
0.01,2027980
0.01,1989444
0.01,2048071
0.01,2066202
0.01,2002733
0.01,2020481
0.01,2047412
0.01,1967748
0.01,1975312
0.01,1963409
0.01,1986644
0.01,2021690
0.01,2056212
0.01,2099858
0.01,2088881
0.01,2110602
0.01,2046722
0.01,2015433
0.01,1955260
0.01,1954288
0.01,1975835
0.01,2033307
0.01,2059801
0.01,2022722
0.01,1915049
0.01,1915807
0.01,1867627
0.01,1871196
0.01,1916102
0.01,1947961
0.01,1902629
0.01,1893219
0.01,1859190
0.01,1879951
0.01,1992558
0.01,1955078
0.01,1908772
0.01,1867200
0.01,1860897
0.01,1876357
0.01,1897922
0.01,1933303
0.01,1925174
0.01,1945104
0.01,1907956
0.01,1868979
0.01,1880271
0.01,1893192
0.01,1831861
0.01,1877562
0.01,1871973
0.01,1888367
0.01,1906207
0.01,1915884
0.01,1870540
0.01,1834188
0.01,1750499
0.01,1735951
0.01,1726912
0.01,1695445
0.01,1688459
0.01,1739336
0.01,1729757
0.01,1718373
0.01,1690149
0.01,1718147
0.01,1658168
0.01,1655245
0.01,1630360
0.01,1618346
0.01,1572545
0.01,1533657
0.01,1533962
0.01,1548433
0.01,1512694
0.01,1501319
0.01,1504905
0.01,1472664
0.01,1514965
0.01,1569713
0.01,1640667
0.01,1610195
0.01,1630480
0.01,1567430
0.01,1515190
0.01,1499746
0.01,1493825
0.01,1490099
0.01,1496301
0.01,1489333
0.01,1480310
0.01,1463394
0.01,1494789
0.01,1492068
0.01,1512622
0.01,1500610
0.01,1482851
0.01,1482448
0.01,1496206
0.01,1513343
0.01,1543788
0.01,1500875
0.01,1499377
0.01,1485439
0.01,1499866
0.01,1491597
0.01,1510332
0.01,1510456
0.01,1520096
0.01,1495570
0.01,1449040
0.01,1444157
0.01,1482097
0.01,1476413
0.01,1466560
0.01,1466500
0.01,1484222
0.01,1496089
0.01,1496543
0.01,1498135
0.01,1494113
0.01,1485917
0.01,1477059
0.01,1415411
0.01,1458164
0.01,1458107
0.01,1507745
0.01,1489587
0.01,1474252
0.01,1481600
0.01,1472075
0.01,1471880
0.01,1449446
0.01,1435117
0.01,1436341
0.01,1449705
0.01,1446599
0.01,1433529
0.01,1426824
0.01,1429363
0.01,1435278
0.01,1421174
0.01,1387958
0.01,1394505
0.01,1405711
0.01,1394445
0.01,1413103
0.01,1402164
0.01,1363185
0.01,1340866
0.01,1334787
0.01,1345871
0.01,1297163
0.01,1280552
0.01,1279474
0.01,1260381
0.01,1241560
0.01,1220868
0.01,1210042
0.01,1195531
0.01,1181047
0.01,1201909
0.01,1185681
0.01,1146214
0.01,1113397
0.01,1096947
0.01,1101508
0.02,1087688
0.02,1081238
0.02,1068740
0.02,1096691
0.02,1105220
0.02,1099811
0.02,1112377
0.02,1158585
0.02,1181960
0.02,1183773
0.02,1238354
0.02,1191040
0.02,1169921
0.02,1198197
0.02,1108478
0.02,1093548
0.02,1112428
0.02,1053724
0.02,1056431
0.02,1060631
0.02,1054894
0.02,1076800
0.02,1082668
0.02,1085877
0.02,1074865
0.02,1039815
0.02,1028318
0.02,1017341
0.02,1007496
0.02,1000733
0.02,1018990
0.02,1018364
0.02,994601
0.02,988636
0.02,990531
0.02,1007487
0.02,1066668
0.02,1095191
0.02,1100131
0.02,1099373
0.02,1109634
0.02,1062288
0.02,1046431
0.02,1040475
0.02,1035394
0.02,1039402
0.02,1037788
0.02,1043016
0.02,1045566
0.02,1062084
0.02,1064201
0.02,1057423
0.02,1030787
0.02,1005068
0.02,1022367
0.02,1023114
0.02,1028086
0.02,1040519
0.02,1000015
0.02,991261
0.02,982192
0.02,1017778
0.02,1011655
0.02,1009342
0.02,1042599
0.02,1020303
0.02,1021902
0.02,974124
0.02,968761
0.02,976821
0.02,976111
0.02,982005
0.02,985472
0.02,975756
0.02,956112
0.02,943185
0.02,935566
0.02,931543
0.02,942839
0.02,945497
0.02,967782
0.02,949297
0.02,985719
0.02,1001104
0.02,991258
0.02,998370
0.02,1033898
0.02,1065996
0.02,1055639
0.02,1060543
0.02,1058805
0.02,1038241
0.02,1012846
0.02,1021490
0.02,1016565
0.02,1017824
0.02,1014629
0.02,989496
0.02,959524
0.02,970890
0.02,973836
0.02,959764
0.02,951035
0.02,931306
0.02,949975
0.02,1012388
0.02,1016533
0.02,1016843
0.02,1058053
0.02,1013890
0.02,1029774
0.02,1018758
0.02,971628
0.02,960241
0.02,926466
0.02,929817
0.02,930994
0.02,938406
0.02,929071
0.02,909819
0.02,934828
0.02,932878
0.02,930655
0.02,962814
0.02,966801
0.02,969301
0.02,1023068
0.02,1019680
0.02,1042633
0.02,1036248
0.02,1039947
0.02,1020201
0.02,992310
0.02,990773
0.02,993668
0.02,997290
0.02,991658
0.02,980882
0.02,964399
0.02,989927
0.02,986372
0.02,983896
0.02,1028084
0.02,1031890
0.02,1054405
0.02,1046042
0.02,1024916
0.02,1038936
0.02,1021792
0.02,996825
0.02,960427
0.02,941493
0.02,936642
0.02,919795
0.02,906139
0.02,894784
0.02,891367
0.02,887978
0.02,885396
0.02,882366
0.02,879461
0.02,876755
0.02,908376
0.02,912216
0.02,911987
0.02,890817
0.02,874528
0.02,871499
0.02,890238
0.02,874363
0.02,865283
0.02,858732
0.02,856577
0.02,854681
0.02,853110
0.02,851699
0.02,851307
0.02,850749
0.02,850192
0.02,849642
0.02,849114
0.02,850116
0.02,849633
0.02,843738
0.02,842040
0.02,843927
0.02,842586
0.02,841652
0.02,842131
0.02,842239
0.02,841063
