0.00, 5892713
0.00, 5874440
0.00, 5824831
0.00, 5824085
0.00, 5811646
0.00, 5757705
0.00, 5741196
0.00, 5710861
0.00, 5662422
0.00, 5626274
0.00, 5607954
0.00, 5534678
0.00, 5533739
0.00, 5505554
0.00, 5469967
0.00, 5451927
0.00, 5435656
0.00, 5387607
0.00, 5333573
0.00, 5208122
0.00, 5184636
0.01, 5144745
0.01, 5070572
0.01, 5068981
0.01, 5061873
0.01, 5039506
0.01, 5002860
0.01, 4995671
0.01, 4982668
0.01, 4982455
0.01, 4976216
0.01, 4898599
0.01, 4897566
0.01, 4897176
0.01, 4880087
0.01, 4822410
0.01, 4820698
0.01, 4779239
0.01, 4696380
0.01, 4667700
0.01, 4665027
0.01, 4623861
0.01, 4610923
0.01, 4589898
0.01, 4575133
0.01, 4548930
0.01, 4509588
0.01, 4498011
0.01, 4440025
0.01, 4420133
0.01, 4355612
0.01, 4350452
0.01, 4349387
0.01, 4346622
0.01, 4333440
0.01, 4223897
0.01, 4219382
0.01, 4216287
0.01, 4148244
0.01, 4080472
0.01, 4078966
0.01, 4065305
0.01, 4005052
0.01, 3965000
0.01, 3964814
0.01, 3950217
0.01, 3933698
0.01, 3926272
0.01, 3846846
0.01, 3833465
0.01, 3810429
0.01, 3789595
0.01, 3766276
0.01, 3753848
0.01, 3753430
0.01, 3743946
0.01, 3649308
0.01, 3598485
0.01, 3587522
0.01, 3578314
0.01, 3574006
0.01, 3565153
0.01, 3532145
0.01, 3479543
0.01, 3449274
0.01, 3416574
0.01, 3397119
0.01, 3363207
0.01, 3311747
0.01, 3299672
0.01, 3282354
0.01, 3274064
0.01, 3255262
0.01, 3221883
0.01, 3218954
0.01, 3169494
0.01, 3127921
0.01, 3094123
0.01, 3089299
0.01, 3089083
0.01, 3084543
0.01, 3003178
0.01, 2964838
0.01, 2931185
0.01, 2927272
0.01, 2854352
0.01, 2810134
0.01, 2791924
0.01, 2789749
0.01, 2784253
0.01, 2763683
0.01, 2759271
0.01, 2746168
0.01, 2742819
0.01, 2733898
0.01, 2728818
0.01, 2699597
0.01, 2657130
0.01, 2651036
0.01, 2649366
0.01, 2643863
0.01, 2637583
0.01, 2608431
0.01, 2604227
0.01, 2604188
0.01, 2572872
0.01, 2547670
0.01, 2537938
0.01, 2533810
0.01, 2530207
0.01, 2517715
0.01, 2505501
0.01, 2497219
0.01, 2461169
0.01, 2440658
0.02, 2439078
0.02, 2399470
0.02, 2360022
0.02, 2359271
0.02, 2352121
0.02, 2324127
0.04, 2321140
0.04, 2315460
0.04, 2297324
0.04, 2291665
0.04, 2290690
0.04, 2287227
0.04, 2282427
0.04, 2259737
0.04, 2203919
0.04, 2148371
0.04, 2147090
0.06, 2140722
0.06, 2122085
0.06, 2120191
0.06, 2111616
0.06, 2097261
0.06, 2058208
0.06, 2047025
0.06, 2040277
0.06, 2039746
0.06, 2030919
0.10, 2025513
0.10, 2004088
0.10, 1998934
0.10, 1982355
0.11, 1974888
0.11, 1965165
0.11, 1963868
0.11, 1958786
0.12, 1934576
0.12, 1910445
0.12, 1882518
0.12, 1872230
0.12, 1857605
0.12, 1835735
0.12, 1828784
0.14, 1810546
0.14, 1804768
0.14, 1797795
0.14, 1794613
0.14, 1792905
0.14, 1767856
0.14, 1763246
0.14, 1759803
0.14, 1732054
0.17, 1728571
0.17, 1710541
0.17, 1709257
0.17, 1705246
0.17, 1700370
0.17, 1691182
0.17, 1686434
0.17, 1679095
0.17, 1669224
0.17, 1660461
0.18, 1660148
0.18, 1657349
0.18, 1647908
0.18, 1641517
0.18, 1640866
0.18, 1637510
0.18, 1637007
0.18, 1635110
0.18, 1629926
0.18, 1618761
0.18, 1601429
0.18, 1575989
0.18, 1574280
0.19, 1570760
0.19, 1555723
0.19, 1546763
0.19, 1527146
0.19, 1526310
0.19, 1516200
0.19, 1497017
0.19, 1471442
0.19, 1471339
0.19, 1468537
0.19, 1466953
0.19, 1464489
0.19, 1461447
0.19, 1460450
0.19, 1459498
0.19, 1453296
0.19, 1452444
0.21, 1449709
0.21, 1431366
0.21, 1428268
0.25, 1423497
0.25, 1393784
0.25, 1376625
0.25, 1373040
0.25, 1369348
0.25, 1368799
0.25, 1365252
0.25, 1362424
0.25, 1358873
0.25, 1352550
0.25, 1351863
0.25, 1348307
0.25, 1343512
0.25, 1342519
0.26, 1342050
0.26, 1338546
0.26, 1331457
0.26, 1326645
0.26, 1320741
0.26, 1317651
0.26, 1316513
0.27, 1310674
0.28, 1309588
0.28, 1295885
0.28, 1291572
0.29, 1289415
0.29, 1277608
0.30, 1270957
0.30, 1270839
0.30, 1261695
0.30, 1254632
0.30, 1245417
0.30, 1239312
0.30, 1227239
0.30, 1227179
0.30, 1225514
0.30, 1221363
0.30, 1205891
0.30, 1189341
0.30, 1174709
0.30, 1166160
0.30, 1151764
0.30, 1146901
0.30, 1146752
0.30, 1143750
0.30, 1139172
0.33, 1138152
0.33, 1132289
0.33, 1126050
0.33, 1121490
0.33, 1119100
0.33, 1116925
0.33, 1105771
0.33, 1096419
0.33, 1095351
0.34, 1090565
0.34, 1088757
0.35, 1088495
0.35, 1088370
0.35, 1082113
0.35, 1075986
0.35, 1070418
0.35, 1069524
0.35, 1064067
0.36, 1056162
0.37, 1034779
0.37, 1033755
0.37, 1033409
0.37, 1020279
0.37, 1019196
0.37, 1015179
0.37, 1010692
0.37, 1009080
0.39, 1004874
0.42, 1003046
0.42, 999746
0.42, 993333
0.42, 982337
0.42, 975009
0.42, 971642
0.42, 970115
0.42, 969888
0.42, 967620
0.43, 967077
0.43, 965322
0.43, 965202
0.43, 959380
0.43, 943342
0.43, 943149
0.43, 940244
0.43, 939659
0.43, 935482
0.43, 932371
0.43, 922765
0.43, 922606
0.43, 920082
0.43, 915680
0.46, 914370
0.46, 914249
0.51, 914095
0.51, 911868
0.53, 910307
0.53, 907255
0.53, 892868
0.53, 887812
0.53, 886928
0.53, 884758
0.53, 883886
0.53, 883048
0.53, 879779
0.53, 878175
0.55, 874099
0.55, 873773
0.55, 872457
0.55, 870995
0.55, 868177
0.55, 867194
0.55, 865387
0.55, 864251
0.55, 863580
0.56, 862892
0.56, 862752
0.56, 859485
0.58, 856432
0.58, 853728
0.59, 851504
0.59, 850057
0.59, 849112
0.59, 843452
0.59, 838255
0.62, 838068
0.62, 837873
0.71, 837061
0.71, 836655
0.71, 835950
0.72, 833690
0.72, 833368
0.72, 832444
0.73, 830305
0.73, 830193
0.73, 827789
0.73, 827683
0.74, 825804
0.74, 822936
0.79, 822283
0.79, 820967
0.79, 819639
0.79, 819558
0.81, 818919
0.81, 818742
0.92, 818437
0.92, 818358
0.92, 818186
0.92, 817579
0.92, 817539
1.01, 817500
4.81, 816092
4.81, 815892
4.81, 815884
4.81, 815844
4.89, 815145
4.90, 814835
4.96, 814549
4.98, 813526
5.01, 813122
5.01, 812752
5.01, 811829
5.02, 811790
5.04, 811519
5.04, 810543
5.04, 810503
