0.00,5795737
0.00,5547465
0.00,5365473
0.00,5166554
0.00,5082186
0.00,5073240
0.00,4922107
0.00,4909150
0.00,4749853
0.00,4644474
0.00,4601453
0.00,4604878
0.00,4458420
0.00,4462986
0.00,4301055
0.00,4259854
0.00,4094147
0.00,4024700
0.00,3929378
0.00,3812892
0.00,3783828
0.00,3733013
0.00,3522457
0.00,3534612
0.00,3419825
0.00,3408048
0.00,3345308
0.00,3244816
0.00,3285472
0.00,3194283
0.00,3242849
0.00,3231494
0.00,3219681
0.00,3238664
0.00,3160496
0.00,3215067
0.00,3195756
0.00,3209212
0.00,3195473
0.00,3206898
0.00,3203310
0.00,3156903
0.00,3118347
0.00,3182930
0.00,3048281
0.00,3073125
0.00,3057568
0.00,3035975
0.00,2987548
0.00,2979083
0.00,2998971
0.00,2999549
0.00,2875630
0.00,2829026
0.00,2684326
0.00,2607601
0.00,2576704
0.00,2590102
0.00,2581760
0.00,2652314
0.00,2646267
0.00,2597410
0.00,2549289
0.00,2525101
0.00,2559463
0.00,2582808
0.00,2526268
0.00,2539662
0.00,2512127
0.00,2519832
0.01,2458302
0.01,2413464
0.01,2391435
0.01,2371894
0.01,2416705
0.01,2294997
0.01,2344606
0.01,2378996
0.01,2326651
0.01,2292489
0.01,2275404
0.01,2235370
0.01,2181534
0.01,2146222
0.01,2094322
0.01,2126680
0.01,2178044
0.01,2195190
0.01,2206474
0.01,2200354
0.01,2200020
0.01,2157841
0.01,2089373
0.01,2072950
0.01,2001681
0.01,2019738
0.01,1989282
0.01,1995722
0.01,1961867
0.01,1972467
0.01,1953151
0.01,1952306
0.01,1986805
0.01,1995562
0.01,1937130
0.01,2014863
0.01,2043950
0.01,2073624
0.01,2083143
0.01,2072279
0.01,2055591
0.01,1990526
0.01,2029690
0.01,2023031
0.01,1978538
0.01,1957284
0.01,1940254
0.01,1929677
0.01,1923612
0.01,1899515
0.01,1869107
0.01,1839059
0.01,1841145
0.01,1811066
0.01,1792626
0.01,1792579
0.01,1791322
0.01,1835175
0.01,1876288
0.01,1865627
0.01,1921936
0.01,1826708
0.01,1765848
0.01,1743527
0.01,1734207
0.01,1695673
0.01,1658731
0.01,1642519
0.01,1624684
0.01,1644665
0.01,1616331
0.01,1583184
0.01,1542790
0.01,1555201
0.01,1582242
0.01,1565266
0.01,1555946
0.01,1537004
0.01,1539464
0.01,1533414
0.01,1577828
0.01,1558769
0.01,1524938
0.01,1535522
0.01,1495969
0.01,1501912
0.01,1473673
0.01,1448294
0.01,1443024
0.01,1429309
0.01,1404407
0.01,1399961
0.01,1399917
0.01,1397967
0.01,1369657
0.01,1363453
0.01,1355232
0.01,1351886
0.01,1329829
0.01,1308522
0.01,1285056
0.01,1278731
0.01,1283954
0.01,1293107
0.01,1255700
0.01,1298107
0.01,1378244
0.01,1391750
0.01,1332228
0.01,1340948
0.01,1364189
0.01,1352306
0.01,1368179
0.01,1369496
0.01,1318041
0.01,1283973
0.01,1242549
0.01,1225662
0.01,1238618
0.01,1245111
0.01,1241059
0.01,1260801
0.01,1298736
0.01,1302824
0.01,1267935
0.01,1238655
0.01,1213356
0.01,1249202
0.01,1222792
0.01,1189175
0.01,1180586
0.01,1224855
0.01,1214148
0.01,1222742
0.01,1230948
0.01,1269438
0.01,1307719
0.01,1322431
0.01,1345265
0.01,1323799
0.01,1301491
0.01,1275861
0.01,1276728
0.01,1276413
0.01,1304541
0.01,1344157
0.01,1367888
0.01,1306395
0.01,1322357
0.01,1311622
0.01,1287304
0.01,1295714
0.01,1333421
0.01,1296823
0.01,1298540
0.01,1244927
0.01,1257971
0.01,1246857
0.01,1208842
0.01,1198944
0.01,1208011
0.01,1217610
0.01,1167219
0.01,1255224
0.01,1261582
0.01,1290032
0.01,1291068
0.01,1214938
0.01,1235592
0.01,1257061
0.01,1264331
0.01,1291712
0.01,1326869
0.01,1325322
0.01,1323886
0.01,1329632
0.01,1306220
0.01,1318225
0.01,1306638
0.01,1283756
0.01,1226750
0.01,1179825
0.01,1185918
0.01,1219097
0.01,1218009
0.01,1191710
0.01,1205345
0.01,1191601
0.01,1188761
0.01,1187874
0.01,1145599
0.01,1177780
0.01,1182174
0.01,1176363
0.01,1149942
0.01,1160669
0.01,1154959
0.01,1188418
0.01,1178967
0.01,1185667
0.01,1173625
0.01,1154552
0.01,1210053
0.01,1199167
0.01,1217232
0.01,1196746
0.01,1203233
0.01,1189238
0.01,1191827
0.01,1207608
0.01,1206149
0.01,1192632
0.01,1196934
0.01,1172112
0.01,1164237
0.01,1163238
0.01,1124061
0.01,1100659
0.01,1133566
0.01,1167794
0.01,1195835
0.01,1179563
0.01,1197787
0.01,1182549
0.01,1136343
0.01,1120382
0.01,1112524
0.01,1092571
0.01,1119086
0.01,1109899
0.01,1088414
0.01,1107232
0.01,1094962
0.01,1094505
0.02,1068485
0.02,1082077
0.02,1068268
0.02,1048199
0.02,1041256
0.02,1038157
0.02,1061558
0.02,1075373
0.02,1091237
0.02,1102823
0.02,1155998
0.02,1226366
0.02,1226258
0.02,1229517
0.02,1230446
0.02,1231379
0.02,1244399
0.02,1245703
0.02,1264336
0.02,1259276
0.02,1249672
0.02,1248811
0.02,1258409
0.02,1222925
0.02,1233548
0.02,1197078
0.02,1202906
0.02,1158785
0.02,1181603
0.02,1177732
0.02,1161787
0.02,1159215
0.02,1163201
0.02,1150943
0.02,1229079
0.02,1201635
0.02,1174634
0.02,1169898
0.02,1125520
0.02,1101093
0.02,1083009
0.02,1076865
0.02,1071861
0.02,1070440
0.02,1083816
0.02,1081493
0.02,1069995
0.02,1025821
0.02,1014665
0.02,1027030
0.02,1032251
0.02,1041651
0.02,1050239
0.02,1048105
0.02,1052571
0.02,1043204
0.02,1058571
0.02,1065215
0.02,1135131
0.02,1214239
0.02,1224373
0.02,1235894
0.02,1235221
0.02,1246868
0.02,1247882
0.02,1217115
0.02,1235146
0.02,1250487
0.02,1251736
0.02,1187314
0.02,1206363
0.02,1186312
0.02,1170729
0.02,1133576
0.02,1123711
0.02,1099355
0.02,1162518
0.02,1166383
0.02,1143591
0.02,1129688
0.02,1092041
0.02,1084293
0.02,1110855
0.02,1084290
0.02,1087287
0.02,1083394
0.02,1090203
0.02,1068256
0.02,1045194
0.02,994743
0.02,985018
0.02,1002911
0.02,1035534
0.02,1061041
0.02,1074552
0.02,1076714
0.02,1076153
0.02,1077973
0.02,1117170
0.02,1115619
0.02,1147324
0.02,1144685
0.02,1082337
0.02,1075874
0.02,1070359
0.02,1035732
0.02,1022992
0.02,1021101
0.02,1007559
0.02,1009072
0.02,974412
0.02,967010
0.02,956261
0.02,948558
0.02,940898
0.02,952086
0.02,979461
0.02,967718
0.02,967297
0.02,979259
0.02,987494
0.02,978976
0.02,976158
0.02,999081
0.02,992601
0.02,1017761
0.02,991780
0.02,963550
0.02,986193
0.02,975617
0.02,956017
0.02,984420
0.02,986021
0.02,996726
0.02,998535
0.02,1014702
0.02,1016664
0.02,1009688
0.02,991216
0.02,993191
0.02,934646
0.02,925475
0.02,918073
0.02,927684
0.02,911234
0.02,905305
0.02,900594
0.02,896042
0.02,892075
0.02,888233
0.02,884830
0.02,881632
0.02,920011
0.02,938202
0.02,946411
0.02,946388
0.02,929562
0.02,925119
0.02,930755
0.02,977658
0.02,991416
0.02,1035007
0.02,1031407
0.02,996135
0.02,996726
0.02,989356
0.02,984596
0.02,1007778
0.02,1020845
0.02,1015817
0.02,1049914
0.02,1062862
0.02,1103905
0.02,1049412
0.02,1080275
0.02,1077269
0.02,1093052
0.02,1078376
0.02,1073440
0.02,1067186
0.02,1080898
0.02,1077695
0.02,1118462
0.02,1092783
0.02,1097455
0.02,1083588
0.02,1079932
0.02,1082162
0.02,1078120
0.02,1068687
0.02,1064738
0.02,1062411
0.02,1063360
0.02,1045901
0.02,1038676
0.02,1032417
0.02,964934
0.02,918073
0.02,887590
0.02,879932
0.02,878604
0.02,877667
0.02,876744
0.02,875917
0.02,874735
0.02,874126
0.02,873519
0.02,873123
0.02,872867
0.02,872827
