0.00, 6245840
0.00, 6244109
0.00, 6131329
0.00, 6102046
0.00, 6030482
0.00, 5996122
0.00, 5989611
0.00, 5978613
0.00, 5918706
0.00, 5911470
0.00, 5910905
0.00, 5784952
0.00, 5775934
0.00, 5754645
0.00, 5710163
0.00, 5703919
0.01, 5703643
0.01, 5699314
0.01, 5695580
0.01, 5591945
0.01, 5590658
0.01, 5550479
0.01, 5509889
0.01, 5427915
0.01, 5384284
0.01, 5277826
0.01, 5271944
0.01, 5263544
0.01, 5227398
0.01, 5141219
0.01, 5046853
0.01, 5032873
0.01, 4993698
0.01, 4981988
0.01, 4978069
0.01, 4958310
0.01, 4925483
0.01, 4799538
0.01, 4799260
0.01, 4798163
0.01, 4794679
0.01, 4787011
0.01, 4717608
0.01, 4710570
0.01, 4690503
0.01, 4552117
0.01, 4533813
0.01, 4529746
0.01, 4436559
0.01, 4395150
0.01, 4313562
0.01, 4306427
0.01, 4262437
0.01, 4256583
0.01, 4250108
0.01, 4231789
0.01, 4206574
0.01, 4171703
0.01, 4166675
0.01, 4083236
0.01, 4073041
0.01, 4011176
0.01, 3913189
0.01, 3847037
0.01, 3836988
0.01, 3829721
0.01, 3790066
0.01, 3696301
0.01, 3682384
0.01, 3626743
0.01, 3619006
0.01, 3589932
0.01, 3571844
0.01, 3547002
0.01, 3541299
0.01, 3512114
0.01, 3484188
0.01, 3478223
0.01, 3477942
0.01, 3469969
0.01, 3441065
0.01, 3436551
0.01, 3431502
0.01, 3427172
0.01, 3413511
0.01, 3399403
0.01, 3364177
0.01, 3310891
0.01, 3265619
0.01, 3209654
0.01, 3191808
0.01, 3177623
0.01, 3150104
0.01, 3119508
0.01, 3116231
0.01, 3109870
0.01, 3067682
0.01, 3038616
0.01, 3023176
0.01, 3013083
0.01, 2973360
0.01, 2972315
0.01, 2971084
0.01, 2950443
0.01, 2930890
0.01, 2920304
0.01, 2907906
0.01, 2872039
0.01, 2871768
0.01, 2851802
0.01, 2839627
0.01, 2827870
0.01, 2822838
0.01, 2821984
0.01, 2812824
0.01, 2793228
0.01, 2791065
0.01, 2787097
0.01, 2756526
0.01, 2728982
0.01, 2705027
0.01, 2688191
0.01, 2686099
0.01, 2671226
0.01, 2644156
0.01, 2629668
0.01, 2625602
0.01, 2625334
0.01, 2620759
0.01, 2618954
0.01, 2610997
0.01, 2600874
0.01, 2587471
0.01, 2582193
0.01, 2577052
0.01, 2564363
0.01, 2553195
0.01, 2546495
0.01, 2537848
0.01, 2526014
0.01, 2496799
0.01, 2475870
0.01, 2472184
0.01, 2471884
0.01, 2444607
0.01, 2444177
0.01, 2416335
0.01, 2334856
0.01, 2323528
0.01, 2311226
0.01, 2303382
0.01, 2299722
0.01, 2269619
0.01, 2267599
0.01, 2251331
0.01, 2221034
0.05, 2213894
0.05, 2213829
0.05, 2209496
0.05, 2188264
0.05, 2172397
0.05, 2170757
0.05, 2138887
0.05, 2124241
0.05, 2101604
0.05, 2098303
0.05, 2056858
0.08, 2056638
0.08, 2056432
0.08, 2028470
0.08, 2013251
0.08, 1989657
0.08, 1975708
0.08, 1974964
0.10, 1973637
0.10, 1973325
0.10, 1972179
0.10, 1971864
0.10, 1935089
0.10, 1927943
0.12, 1915226
0.12, 1904358
0.12, 1903864
0.12, 1903339
0.12, 1897694
0.12, 1876684
0.12, 1876476
0.13, 1855886
0.13, 1838245
0.13, 1836932
0.13, 1836616
0.13, 1833651
0.14, 1831596
0.14, 1813678
0.14, 1801137
0.14, 1797413
0.14, 1775035
0.14, 1773659
0.14, 1772866
0.15, 1766851
0.15, 1764895
0.16, 1744323
0.16, 1742339
0.16, 1729442
0.17, 1712896
0.17, 1700225
0.17, 1690167
0.18, 1686997
0.18, 1683950
0.18, 1674233
0.18, 1673449
0.18, 1661998
0.18, 1656942
0.18, 1656046
0.18, 1619001
0.18, 1616548
0.20, 1616117
0.20, 1613212
0.20, 1606132
0.21, 1596893
0.22, 1590624
0.22, 1583652
0.22, 1583636
0.22, 1583165
0.22, 1578485
0.22, 1572435
0.22, 1565470
0.22, 1560863
0.22, 1551153
0.22, 1541798
0.22, 1527214
0.22, 1512619
0.22, 1503700
0.22, 1488834
0.22, 1487762
0.22, 1482334
0.22, 1475680
0.22, 1451148
0.22, 1435124
0.22, 1434407
0.22, 1433235
0.22, 1420989
0.22, 1415641
0.23, 1412056
0.23, 1382846
0.23, 1376301
0.23, 1372144
0.23, 1368944
0.23, 1346515
0.28, 1339099
0.28, 1338016
0.28, 1329481
0.28, 1324103
0.28, 1324076
0.28, 1321148
0.28, 1320971
0.28, 1301878
0.28, 1298543
0.28, 1293502
0.28, 1292720
0.28, 1281385
0.28, 1262421
0.28, 1257877
0.28, 1247252
0.30, 1237087
0.30, 1228188
0.30, 1226590
0.30, 1222303
0.30, 1206257
0.30, 1203180
0.30, 1193472
0.30, 1182949
0.30, 1180526
0.30, 1180341
0.33, 1179744
0.33, 1162593
0.33, 1160737
0.33, 1152218
0.33, 1151983
0.34, 1145709
0.34, 1145094
0.34, 1144274
0.34, 1143282
0.34, 1136676
0.34, 1131667
0.34, 1131609
0.34, 1126911
0.34, 1126149
0.34, 1126138
0.34, 1112821
0.35, 1112366
0.35, 1107877
0.35, 1100124
0.36, 1097011
0.37, 1091767
0.37, 1086404
0.37, 1081974
0.37, 1078455
0.37, 1077781
0.37, 1069353
0.37, 1067200
0.37, 1061476
0.37, 1058291
0.37, 1057810
0.37, 1035505
0.37, 1026617
0.37, 1025170
0.37, 1025161
0.37, 1024771
0.37, 1015436
0.37, 1011796
0.37, 997569
0.37, 989954
0.37, 989288
0.37, 987398
0.37, 983182
0.37, 979632
0.37, 977167
0.37, 976005
0.37, 974203
0.37, 973263
0.47, 972074
0.47, 971529
0.48, 967744
0.48, 964960
0.48, 961917
0.48, 961684
0.48, 959865
0.48, 956821
0.48, 949876
0.50, 948810
0.50, 948444
0.50, 948087
0.50, 944572
0.50, 944039
0.50, 944005
0.50, 942608
0.50, 941959
0.50, 937471
0.50, 933694
0.50, 929704
0.50, 928310
0.50, 927566
0.50, 926582
0.50, 925999
0.50, 923269
0.50, 922220
0.50, 921373
0.52, 915322
0.52, 914475
0.52, 914456
0.52, 910629
0.52, 908818
0.52, 908565
0.52, 898828
0.52, 897210
0.52, 892916
0.52, 889648
0.52, 887883
0.52, 884590
0.56, 882528
0.56, 880717
0.58, 878686
0.58, 877562
0.59, 872742
0.59, 870160
0.59, 869970
0.59, 869674
0.59, 867270
0.59, 865061
0.59, 862143
0.59, 860346
0.61, 859128
0.61, 854625
0.65, 853124
0.65, 853043
0.65, 852727
0.65, 851931
0.65, 850002
0.67, 849619
0.69, 849159
0.69, 847503
0.69, 845371
0.69, 845298
0.69, 844702
0.69, 842396
0.69, 840915
0.69, 839771
0.70, 838965
0.70, 838959
0.70, 837822
0.70, 837741
0.70, 837524
0.70, 837169
0.70, 836880
0.70, 836320
0.70, 835110
0.70, 834208
0.72, 834101
0.72, 832473
0.75, 830715
0.75, 830702
0.75, 830388
0.75, 829681
0.81, 829521
0.82, 829311
0.86, 826584
0.95, 826583
0.96, 826582
0.97, 826545
2.85, 825735
2.85, 823508
2.85, 821173
2.85, 819407
2.88, 818458
2.95, 817686
2.95, 817677
2.95, 816381
2.99, 815634
3.08, 815081
3.08, 815041
3.09, 815002
11.71, 814981
20.10, 814882
20.10, 814275
20.10, 813803
20.19, 813277
20.22, 813238
20.26, 812945
20.26, 812905
20.26, 812660
20.32, 812443
20.36, 812404
