0.01, 5907454
0.01, 5879062
0.01, 5876535
0.01, 5823093
0.01, 5820244
0.01, 5818253
0.01, 5803370
0.01, 5790336
0.01, 5764860
0.01, 5764522
0.01, 5736456
0.01, 5724784
0.01, 5509735
0.01, 5502962
0.01, 5485643
0.01, 5363756
0.01, 5350993
0.01, 5349970
0.01, 5313186
0.01, 5260683
0.01, 5202590
0.01, 5171772
0.01, 5166299
0.01, 5146673
0.01, 5100494
0.01, 4980405
0.01, 4877051
0.01, 4874741
0.01, 4835719
0.01, 4803199
0.01, 4773277
0.01, 4767347
0.01, 4764256
0.01, 4710685
0.01, 4697861
0.01, 4662350
0.01, 4631809
0.01, 4630009
0.01, 4623813
0.01, 4606719
0.01, 4587077
0.01, 4575523
0.01, 4559768
0.01, 4551907
0.01, 4463877
0.01, 4451362
0.01, 4449416
0.01, 4430015
0.01, 4400951
0.01, 4353775
0.01, 4332910
0.01, 4314968
0.01, 4311810
0.01, 4247920
0.01, 4213078
0.01, 4199056
0.01, 4181595
0.01, 4161775
0.01, 4139630
0.01, 4107506
0.01, 4015461
0.01, 3989911
0.01, 3978869
0.01, 3978757
0.01, 3933352
0.01, 3912949
0.01, 3912591
0.01, 3912576
0.01, 3854020
0.01, 3843690
0.01, 3800122
0.01, 3787838
0.01, 3764035
0.01, 3752508
0.01, 3719333
0.01, 3703466
0.01, 3697902
0.01, 3686745
0.01, 3660778
0.01, 3646452
0.01, 3645563
0.01, 3637449
0.01, 3632941
0.01, 3575968
0.01, 3571935
0.01, 3555883
0.01, 3547387
0.01, 3545329
0.01, 3540570
0.01, 3508319
0.01, 3495304
0.01, 3465015
0.01, 3447928
0.01, 3395551
0.01, 3385019
0.01, 3336088
0.01, 3336076
0.01, 3333557
0.01, 3332600
0.01, 3276712
0.01, 3265998
0.01, 3210189
0.01, 3189532
0.01, 3147032
0.01, 3117203
0.01, 3106271
0.01, 3094611
0.01, 3072365
0.01, 3048174
0.01, 3035374
0.01, 3030507
0.01, 2955079
0.01, 2938763
0.01, 2931468
0.01, 2931428
0.01, 2923857
0.01, 2919370
0.01, 2914279
0.01, 2872703
0.01, 2859950
0.01, 2835994
0.01, 2796550
0.01, 2791489
0.01, 2778232
0.01, 2777048
0.01, 2771687
0.01, 2759562
0.01, 2747884
0.01, 2728239
0.01, 2725574
0.01, 2723209
0.01, 2710983
0.01, 2705033
0.02, 2681830
0.02, 2675542
0.02, 2654968
0.02, 2653804
0.02, 2636333
0.02, 2632663
0.02, 2624942
0.02, 2611087
0.02, 2590321
0.02, 2571259
0.02, 2570539
0.02, 2485141
0.02, 2456548
0.02, 2446756
0.02, 2431783
0.02, 2416843
0.02, 2366592
0.02, 2357725
0.03, 2352115
0.03, 2303070
0.05, 2300243
0.05, 2295194
0.05, 2263767
0.05, 2241238
0.05, 2235996
0.05, 2235945
0.05, 2219866
0.05, 2208427
0.05, 2206683
0.05, 2200230
0.05, 2194584
0.05, 2180418
0.05, 2172547
0.05, 2171979
0.06, 2159632
0.07, 2156694
0.08, 2155984
0.09, 2134672
0.09, 2100958
0.09, 2080753
0.09, 2071011
0.09, 2063273
0.09, 2047497
0.10, 2045548
0.11, 2040109
0.11, 2022737
0.12, 2007331
0.12, 1989896
0.12, 1983003
0.12, 1979779
0.12, 1975333
0.12, 1943232
0.12, 1918984
0.12, 1910539
0.12, 1890596
0.12, 1883721
0.12, 1843450
0.12, 1840903
0.12, 1840773
0.12, 1840698
0.14, 1830683
0.14, 1813779
0.14, 1813123
0.14, 1787031
0.14, 1785040
0.14, 1775846
0.14, 1768321
0.14, 1761225
0.14, 1739733
0.14, 1732697
0.14, 1716702
0.14, 1712392
0.14, 1670559
0.18, 1667365
0.18, 1667330
0.18, 1653110
0.18, 1651652
0.18, 1639152
0.18, 1639008
0.18, 1631156
0.18, 1626687
0.18, 1622736
0.18, 1610648
0.19, 1602061
0.19, 1601865
0.20, 1599200
0.20, 1583786
0.20, 1579760
0.20, 1567114
0.20, 1566601
0.20, 1566516
0.20, 1564256
0.20, 1558152
0.22, 1541616
0.22, 1541472
0.22, 1541359
0.22, 1534745
0.22, 1531384
0.22, 1516222
0.22, 1500289
0.22, 1491708
0.22, 1439159
0.22, 1437223
0.25, 1409106
0.25, 1379523
0.25, 1371625
0.25, 1364179
0.25, 1363684
0.25, 1357714
0.25, 1356294
0.25, 1333833
0.25, 1333242
0.25, 1332189
0.25, 1323272
0.25, 1307573
0.25, 1289861
0.25, 1279390
0.27, 1275951
0.30, 1274932
0.30, 1258999
0.30, 1254599
0.30, 1249841
0.30, 1249137
0.30, 1247654
0.30, 1238410
0.30, 1236493
0.30, 1236193
0.30, 1234577
0.31, 1225365
0.31, 1206360
0.31, 1192066
0.31, 1186276
0.31, 1180094
0.31, 1178025
0.31, 1174452
0.32, 1134839
0.35, 1131926
0.35, 1129680
0.35, 1109405
0.35, 1105657
0.35, 1097218
0.35, 1095481
0.35, 1087749
0.35, 1087135
0.36, 1083291
0.36, 1081165
0.38, 1075563
0.38, 1073925
0.38, 1071634
0.38, 1068851
0.39, 1051304
0.39, 1046126
0.39, 1040770
0.39, 1035262
0.39, 1035059
0.39, 1030833
0.40, 1023894
0.41, 1020677
0.41, 1020531
0.41, 1020230
0.41, 1008888
0.41, 1001689
0.41, 1001656
0.41, 993863
0.41, 960442
0.43, 955597
0.46, 954649
0.46, 952866
0.46, 946321
0.46, 945821
0.46, 941585
0.46, 938277
0.46, 937505
0.46, 935649
0.46, 933973
0.48, 932356
0.49, 931376
0.49, 929608
0.49, 927215
0.49, 925495
0.49, 920326
0.49, 903971
0.49, 902904
0.49, 902282
0.50, 902011
0.50, 900224
0.50, 899901
0.50, 899105
0.50, 896002
0.53, 895897
0.53, 894709
0.53, 893117
0.53, 892002
0.53, 884596
0.53, 882216
0.53, 879812
0.53, 878974
0.53, 878520
0.53, 877069
0.53, 875267
0.53, 870207
0.53, 867571
0.53, 862731
0.55, 862720
0.56, 858496
0.59, 856022
0.59, 854831
0.59, 853769
0.60, 848092
0.61, 847806
0.61, 847506
0.61, 844328
0.61, 841416
0.62, 840704
0.62, 840066
0.64, 837780
0.64, 836493
0.68, 828540
0.68, 826884
0.68, 826590
0.71, 826567
0.71, 825069
0.71, 823741
0.71, 823184
0.71, 822951
0.71, 822424
0.71, 820724
0.83, 820031
0.92, 819653
0.95, 818942
0.96, 818890
0.96, 818534
0.96, 817656
2.87, 816874
2.89, 816485
2.89, 815282
2.99, 814612
3.00, 814321
3.04, 814218
3.04, 812400
3.05, 810727
3.05, 810688
