0.00,6057877
0.00,5780242
0.00,5529713
0.00,5374834
0.00,5285267
0.00,5111123
0.00,5095012
0.00,4912726
0.00,4744630
0.00,4835310
0.00,4743792
0.00,4638218
0.00,4522720
0.00,4361981
0.00,4280074
0.00,4271571
0.00,4156421
0.00,4062572
0.00,4027944
0.00,4066437
0.00,4089712
0.00,4027204
0.00,4013897
0.00,3956186
0.00,3910119
0.00,3912997
0.00,3865565
0.00,3836098
0.00,3771430
0.00,3816145
0.00,3735153
0.00,3770468
0.00,3622454
0.00,3642351
0.00,3515837
0.00,3519042
0.00,3488434
0.00,3490863
0.00,3495432
0.00,3411208
0.00,3449500
0.00,3462300
0.00,3361071
0.00,3466849
0.00,3436001
0.00,3318191
0.00,3295515
0.00,3338408
0.00,3320644
0.00,3330389
0.00,3405533
0.00,3374769
0.00,3295728
0.00,3244161
0.00,3209297
0.00,3110317
0.00,3133228
0.00,3145537
0.00,3032864
0.00,3048617
0.00,2977167
0.01,2916718
0.01,2882847
0.01,2855667
0.01,2867924
0.01,2807737
0.01,2749517
0.01,2733984
0.01,2722923
0.01,2676271
0.01,2616641
0.01,2519645
0.01,2507776
0.01,2479497
0.01,2450352
0.01,2426974
0.01,2483358
0.01,2419649
0.01,2485482
0.01,2320845
0.01,2340915
0.01,2370545
0.01,2341502
0.01,2284501
0.01,2331140
0.01,2300963
0.01,2321090
0.01,2293621
0.01,2272584
0.01,2268380
0.01,2244921
0.01,2177679
0.01,2212637
0.01,2172488
0.01,2270380
0.01,2271043
0.01,2328245
0.01,2282044
0.01,2225035
0.01,2216073
0.01,2222172
0.01,2269124
0.01,2241093
0.01,2263943
0.01,2246706
0.01,2271236
0.01,2165991
0.01,2145910
0.01,2129358
0.01,2194062
0.01,2097850
0.01,2072697
0.01,2059033
0.01,2019670
0.01,2009636
0.01,2050999
0.01,2050014
0.01,1946180
0.01,1904625
0.01,1854132
0.01,1891667
0.01,1883271
0.01,1795349
0.01,1757920
0.01,1751796
0.01,1713894
0.01,1715371
0.01,1727354
0.01,1710039
0.01,1675580
0.01,1641600
0.01,1634259
0.01,1633670
0.01,1575908
0.01,1592537
0.01,1611212
0.01,1673371
0.01,1693524
0.01,1722057
0.01,1701749
0.01,1727939
0.01,1725592
0.01,1703275
0.01,1734951
0.01,1686854
0.01,1717282
0.01,1690314
0.01,1683154
0.01,1694914
0.01,1684943
0.01,1725584
0.01,1667594
0.01,1694989
0.01,1757808
0.01,1741870
0.01,1747475
0.01,1733208
0.01,1669369
0.01,1693010
0.01,1704737
0.01,1686886
0.01,1705352
0.01,1738740
0.01,1731891
0.01,1711671
0.01,1698864
0.01,1649306
0.01,1635780
0.01,1602322
0.01,1573694
0.01,1562519
0.01,1523241
0.01,1515039
0.01,1516247
0.01,1513880
0.01,1527227
0.01,1511662
0.01,1549931
0.01,1557384
0.01,1557200
0.01,1534691
0.01,1522472
0.01,1513722
0.01,1461379
0.01,1455828
0.01,1493087
0.01,1487341
0.01,1440720
0.01,1432649
0.01,1445918
0.01,1467915
0.01,1501866
0.01,1499559
0.01,1525139
0.01,1539987
0.01,1498024
0.01,1502903
0.01,1481440
0.01,1505628
0.01,1478326
0.01,1428318
0.01,1429234
0.01,1459885
0.01,1441514
0.01,1402970
0.01,1367121
0.01,1348990
0.01,1342670
0.01,1311314
0.01,1281236
0.01,1253678
0.01,1252491
0.01,1263321
0.01,1232068
0.01,1228810
0.01,1217959
0.01,1233177
0.01,1243226
0.01,1246023
0.01,1275193
0.01,1281055
0.01,1305754
0.01,1304141
0.01,1297847
0.01,1358601
0.01,1340577
0.01,1366767
0.01,1388983
0.01,1347118
0.01,1376925
0.01,1366395
0.01,1459088
0.01,1443798
0.01,1399372
0.01,1406620
0.01,1397761
0.01,1411903
0.01,1397091
0.01,1416688
0.01,1426739
0.01,1429894
0.01,1391544
0.01,1382177
0.01,1390295
0.01,1379064
0.01,1369584
0.01,1354348
0.01,1388872
0.01,1395012
0.01,1382154
0.01,1299926
0.01,1283672
0.01,1286102
0.01,1283931
0.01,1280199
0.01,1270667
0.01,1268694
0.01,1238410
0.01,1228352
0.01,1228919
0.01,1204177
0.01,1197560
0.01,1198415
0.01,1199550
0.01,1184544
0.01,1226129
0.01,1264333
0.01,1267048
0.01,1314844
0.01,1288924
0.01,1251158
0.01,1254617
0.01,1246278
0.01,1301562
0.01,1310932
0.01,1288578
0.01,1266079
0.01,1228689
0.01,1199445
0.01,1166352
0.01,1150945
0.01,1136360
0.01,1122698
0.01,1110109
0.01,1098177
0.01,1091981
0.01,1134671
0.01,1105199
0.01,1093312
0.01,1093754
0.01,1073698
0.01,1061029
0.01,1084214
0.01,1102928
0.01,1091876
0.01,1082458
0.01,1063806
0.01,1050341
0.01,1068436
0.01,1043723
0.01,1075990
0.01,1042444
0.01,1057236
0.01,1023091
0.01,1012986
0.01,1018009
0.01,1003574
0.01,1015639
0.01,1024665
0.01,994188
0.01,984844
0.01,996466
0.01,1010978
0.01,1021655
0.01,987154
0.01,976507
0.01,968633
0.01,971653
0.01,970766
0.01,953913
0.01,946109
0.01,938901
0.01,941091
0.01,931760
0.01,925737
0.01,920237
0.01,922739
0.01,913441
0.01,908151
0.01,903565
0.01,899234
0.01,910608
0.01,929829
0.01,943605
0.01,964247
0.01,982502
0.01,990514
0.01,1000246
0.01,1004567
0.01,984875
0.01,992040
0.01,1060222
0.01,1054477
0.01,1059343
0.01,1058775
0.01,1052647
0.01,1043570
0.01,1027722
0.01,1043698
0.01,1054583
0.01,1064261
0.01,1040243
0.01,1050390
0.01,1061435
0.01,1075239
0.01,1094474
0.01,1118119
0.01,1107879
0.01,1131995
0.01,1102946
0.01,1109535
0.01,1093621
0.01,1096041
0.01,1089177
0.01,1097064
0.01,1018520
0.01,995552
0.01,995285
0.01,983444
0.01,963276
0.01,960694
0.01,964025
0.01,926692
0.01,930715
0.01,933576
0.02,932716
0.02,968066
0.02,905250
0.02,895145
0.02,891303
0.02,887914
0.02,884568
0.02,881650
0.02,880472
0.02,878621
0.02,877370
0.02,876176
0.02,875093
0.02,905291
0.02,884564
0.02,873778
0.02,890998
0.02,871389
0.02,863350
0.02,865495
0.02,860052
0.02,858364
0.02,857180
0.02,856064
0.02,855139
0.02,854239
0.02,853392
0.02,852683
0.02,852080
0.02,851863
0.02,851823
0.02,851784
0.02,851777
0.02,856249
0.02,848487
0.02,844869
