0.00,5541967
0.00,5391885
0.00,5302827
0.00,5168810
0.00,5070907
0.00,4913071
0.00,4748051
0.00,4677795
0.00,4573183
0.00,4632728
0.00,4628560
0.00,4583325
0.00,4565140
0.00,4457700
0.00,4426342
0.00,4410784
0.00,4421019
0.00,4421990
0.00,4318752
0.00,4179755
0.00,3971034
0.00,3986178
0.00,3854058
0.00,3782223
0.00,3746884
0.00,3819009
0.00,3721271
0.00,3650196
0.00,3647760
0.00,3667472
0.00,3618568
0.00,3671600
0.00,3500468
0.00,3449477
0.00,3480481
0.00,3509115
0.00,3409554
0.00,3328941
0.00,3289627
0.00,3206368
0.00,3210624
0.00,3061213
0.00,2973416
0.00,3018075
0.00,3006935
0.00,2934302
0.00,2863123
0.00,2841720
0.00,2843571
0.00,2784617
0.00,2795470
0.00,2791117
0.00,2881515
0.00,2866108
0.00,2887035
0.00,2818791
0.00,2808157
0.00,2834731
0.00,2751321
0.00,2736052
0.01,2671520
0.01,2698274
0.01,2731434
0.01,2768307
0.01,2774211
0.01,2751990
0.01,2797802
0.01,2687267
0.01,2641293
0.01,2550104
0.01,2524913
0.01,2511954
0.01,2491912
0.01,2573614
0.01,2490048
0.01,2535470
0.01,2548458
0.01,2533445
0.01,2457161
0.01,2496145
0.01,2411236
0.01,2393875
0.01,2440632
0.01,2425729
0.01,2353124
0.01,2377110
0.01,2386508
0.01,2451731
0.01,2401949
0.01,2409398
0.01,2451988
0.01,2387730
0.01,2339693
0.01,2344380
0.01,2342353
0.01,2384256
0.01,2409247
0.01,2447982
0.01,2416320
0.01,2422122
0.01,2431797
0.01,2459919
0.01,2430580
0.01,2417939
0.01,2464137
0.01,2436927
0.01,2462584
0.01,2435467
0.01,2428335
0.01,2427400
0.01,2381149
0.01,2285777
0.01,2221009
0.01,2180154
0.01,2148205
0.01,2156239
0.01,2192923
0.01,2137523
0.01,2089934
0.01,2079620
0.01,2103004
0.01,2063947
0.01,2063340
0.01,2066932
0.01,2184790
0.01,2146673
0.01,2141061
0.01,2156455
0.01,2144175
0.01,2102918
0.01,2114000
0.01,2112165
0.01,2148670
0.01,2192329
0.01,2200962
0.01,2218225
0.01,2107250
0.01,2079408
0.01,2050613
0.01,2016050
0.01,2009877
0.01,2077050
0.01,2054577
0.01,2100195
0.01,2061322
0.01,2071170
0.01,2078483
0.01,2116880
0.01,2125253
0.01,2055594
0.01,2099895
0.01,2071487
0.01,1987011
0.01,1919535
0.01,1964989
0.01,1864978
0.01,1846035
0.01,1830307
0.01,1913811
0.01,1916718
0.01,1887684
0.01,1869909
0.01,1863750
0.01,1852632
0.01,1866592
0.01,1873940
0.01,1798169
0.01,1803641
0.01,1805458
0.01,1825222
0.01,1820690
0.01,1865747
0.01,1850174
0.01,1815210
0.01,1792982
0.01,1819150
0.01,1782375
0.01,1846704
0.01,1856406
0.01,1855479
0.01,1827950
0.01,1836855
0.01,1821928
0.01,1775890
0.01,1748489
0.01,1800899
0.01,1811316
0.01,1815773
0.01,1861727
0.01,1920255
0.01,1892204
0.01,1858463
0.01,1823944
0.01,1857725
0.01,1774075
0.01,1725191
0.01,1735487
0.01,1716783
0.01,1768203
0.01,1792812
0.01,1761434
0.01,1832149
0.01,1847840
0.01,1818918
0.01,1835946
0.01,1801748
0.01,1772014
0.01,1732654
0.01,1709588
0.01,1671250
0.01,1654945
0.01,1621511
0.01,1675984
0.01,1668994
0.01,1688207
0.01,1716728
0.01,1714926
0.01,1736076
0.01,1658659
0.01,1620040
0.01,1642041
0.01,1649804
0.01,1650620
0.01,1680930
0.01,1705093
0.01,1701719
0.01,1708318
0.01,1616958
0.01,1613561
0.01,1599262
0.01,1598223
0.01,1554197
0.01,1591756
0.01,1546887
0.01,1544307
0.01,1517182
0.01,1554742
0.01,1597652
0.01,1595512
0.01,1633694
0.01,1663996
0.01,1724032
0.01,1694051
0.01,1659104
0.01,1659318
0.01,1665065
0.01,1607973
0.01,1606252
0.01,1597381
0.01,1601288
0.01,1614812
0.01,1586284
0.01,1517806
0.01,1529611
0.01,1552358
0.01,1510914
0.01,1504084
0.01,1505312
0.01,1526257
0.01,1459092
0.01,1421451
0.01,1424866
0.01,1428673
0.01,1424082
0.01,1416341
0.01,1378412
0.01,1356750
0.01,1360147
0.01,1352838
0.01,1346529
0.01,1384266
0.01,1403702
0.01,1374677
0.01,1377234
0.01,1370933
0.01,1409059
0.01,1405572
0.01,1432591
0.01,1430767
0.01,1454875
0.01,1432879
0.01,1424345
0.01,1452126
0.01,1468584
0.01,1473301
0.01,1509055
0.01,1535098
0.01,1487106
0.01,1508160
0.01,1558433
0.01,1547816
0.01,1540543
0.01,1549785
0.01,1557431
0.01,1541285
0.01,1531756
0.01,1526261
0.01,1504721
0.01,1501454
0.01,1510887
0.01,1460725
0.01,1404937
0.01,1393062
0.01,1439269
0.01,1375857
0.01,1368768
0.01,1351357
0.01,1380614
0.01,1350328
0.01,1329888
0.01,1318652
0.01,1310159
0.01,1326464
0.01,1325655
0.01,1318722
0.01,1345416
0.01,1359275
0.01,1329201
0.01,1284062
0.01,1246733
0.01,1236570
0.01,1243078
0.01,1216529
0.01,1219890
0.01,1198251
0.01,1180358
0.01,1182980
0.01,1163969
0.01,1197820
0.01,1214332
0.01,1232056
0.01,1241915
0.01,1252579
0.01,1271078
0.02,1256519
0.02,1269995
0.02,1222229
0.02,1198921
0.02,1148731
0.02,1129848
0.02,1115108
0.02,1114907
0.02,1094372
0.02,1076847
0.02,1077966
0.02,1049286
0.02,1039155
0.02,1026566
0.02,1015410
0.02,1003153
0.02,1005891
0.02,996153
0.02,989833
0.02,1002808
0.02,983854
0.02,974112
0.02,965168
0.02,992578
0.02,998430
0.02,1013798
0.02,987108
0.02,1002939
0.02,1009305
0.02,1051381
0.02,1049455
0.02,1056060
0.02,1021400
0.02,1015239
0.02,966030
0.02,956699
0.02,949856
0.02,999979
0.02,986683
0.02,955733
0.02,1013393
0.02,1022859
0.02,1019474
0.02,1025414
0.02,1035266
0.02,1036698
0.02,1056144
0.02,1041911
0.02,1050727
0.02,982823
0.02,947496
0.02,942839
0.02,935076
0.02,933151
0.02,927021
0.02,921542
0.02,916398
0.02,935307
0.02,952004
0.02,988065
0.02,1006755
0.02,1013653
0.02,1016480
0.02,1014184
0.02,1003299
0.02,994738
0.02,1012987
0.02,1012344
0.02,1011950
0.02,1053165
0.02,1027006
0.02,1052127
0.02,1075071
0.02,1040365
0.02,1040806
0.02,1040110
0.02,987338
0.02,977826
0.02,939140
0.02,924136
0.02,924711
0.02,923038
0.02,954852
0.02,934022
0.02,925648
0.02,926030
0.02,923244
0.02,919229
0.02,919047
0.02,911378
0.02,898685
0.02,900513
0.02,888665
0.02,881263
0.02,876436
0.02,873168
0.02,869938
0.02,867020
0.02,872760
0.02,864069
0.02,859667
0.02,857594
0.02,855662
0.02,854006
0.02,852535
0.02,852490
0.02,851079
0.02,849690
0.02,848362
0.02,875569
0.02,885348
0.02,890357
0.02,899144
0.02,909580
0.02,931769
0.02,996123
0.02,1042327
0.02,1054731
0.02,1060349
0.02,1074806
0.02,1086075
0.02,1089493
0.02,1088312
0.02,1089750
0.02,1077974
0.02,1065395
0.02,1032800
0.02,1030389
0.02,1035024
0.02,1046891
0.02,1033874
0.02,1043913
0.02,1006785
0.02,990572
0.02,973556
0.02,973163
0.02,975548
0.02,1004270
0.02,1002380
0.02,1001063
0.02,998024
0.02,1015186
0.02,1025031
0.02,1031941
0.02,1004464
0.02,1003420
0.02,990459
0.02,952726
0.02,944933
0.02,899436
0.02,903266
0.02,887715
0.02,858932
0.02,870015
0.02,854371
0.02,847036
0.02,842308
0.02,840529
0.02,839592
0.02,839196
0.02,838900
0.02,837765
0.02,835610
0.02,834604
0.02,834564
