0.03, 5950409
0.03, 5851938
0.03, 5724826
0.03, 5692891
0.03, 5655781
0.03, 5645270
0.03, 5543697
0.03, 5538215
0.03, 5536057
0.03, 5533450
0.03, 5527203
0.03, 5525303
0.03, 5507897
0.03, 5475792
0.03, 5474698
0.03, 5441038
0.03, 5376660
0.03, 5367463
0.03, 5358948
0.03, 5328086
0.03, 5322648
0.03, 5314806
0.03, 5300232
0.03, 5262580
0.03, 5235408
0.03, 5097194
0.03, 5038072
0.03, 5024059
0.03, 4984236
0.03, 4956243
0.03, 4920808
0.03, 4872632
0.03, 4870175
0.03, 4839158
0.03, 4838074
0.03, 4837955
0.03, 4825225
0.03, 4809232
0.03, 4807179
0.03, 4794830
0.03, 4790399
0.03, 4739880
0.03, 4725825
0.03, 4712136
0.03, 4702528
0.03, 4681530
0.03, 4612252
0.03, 4546469
0.03, 4503310
0.03, 4487401
0.03, 4440093
0.03, 4332611
0.03, 4328099
0.03, 4270342
0.03, 4208074
0.03, 4207254
0.03, 4171885
0.03, 4145666
0.03, 4125639
0.03, 4114057
0.03, 4079997
0.03, 4079563
0.03, 4055799
0.03, 4016620
0.03, 4013590
0.03, 3974881
0.03, 3968897
0.03, 3910106
0.03, 3886984
0.03, 3874039
0.03, 3870529
0.03, 3868980
0.03, 3837093
0.03, 3810849
0.03, 3756660
0.03, 3755570
0.03, 3754584
0.03, 3723428
0.03, 3719646
0.03, 3718919
0.03, 3692132
0.03, 3691813
0.03, 3666536
0.03, 3664906
0.03, 3661474
0.03, 3571194
0.03, 3457355
0.03, 3444827
0.03, 3433283
0.03, 3408169
0.03, 3374946
0.03, 3361195
0.03, 3318971
0.03, 3316215
0.03, 3303895
0.03, 3296213
0.03, 3265169
0.03, 3248814
0.03, 3237603
0.03, 3215913
0.03, 3180452
0.03, 3175228
0.03, 3149733
0.03, 3143062
0.03, 3139800
0.03, 3138805
0.03, 3126255
0.03, 3113955
0.03, 3107853
0.03, 3100594
0.03, 3093443
0.03, 3082486
0.03, 3081611
0.03, 3069929
0.03, 3047676
0.03, 3039767
0.03, 3028197
0.03, 3026133
0.03, 2983186
0.03, 2950532
0.03, 2926772
0.03, 2914085
0.03, 2891781
0.03, 2793281
0.03, 2788334
0.03, 2773478
0.03, 2772348
0.03, 2769852
0.03, 2762122
0.03, 2761023
0.03, 2748549
0.03, 2742149
0.03, 2672774
0.03, 2668722
0.03, 2665553
0.03, 2646185
0.03, 2644797
0.03, 2639696
0.03, 2627736
0.03, 2625405
0.03, 2621900
0.03, 2617462
0.03, 2587531
0.03, 2575070
0.04, 2530633
0.04, 2500512
0.04, 2480928
0.04, 2471648
0.04, 2470207
0.04, 2459569
0.04, 2458248
0.04, 2454933
0.04, 2429798
0.04, 2428619
0.04, 2375040
0.04, 2372636
0.04, 2363924
0.04, 2356089
0.06, 2352348
0.06, 2351258
0.06, 2329505
0.06, 2321788
0.07, 2297227
0.07, 2297101
0.07, 2292706
0.07, 2285405
0.07, 2276882
0.07, 2273460
0.07, 2263706
0.08, 2255792
0.08, 2243353
0.08, 2235760
0.08, 2209707
0.08, 2209247
0.08, 2207704
0.08, 2180197
0.08, 2154361
0.09, 2135996
0.09, 2101013
0.09, 2060303
0.09, 2057904
0.09, 2047791
0.09, 2041405
0.09, 2030112
0.09, 2023815
0.12, 2009012
0.12, 2008390
0.12, 2008227
0.13, 2006227
0.13, 1988616
0.13, 1988408
0.13, 1988331
0.13, 1986325
0.13, 1984498
0.14, 1976413
0.14, 1972880
0.14, 1972539
0.14, 1956640
0.14, 1951292
0.14, 1943661
0.14, 1932673
0.14, 1930708
0.14, 1924525
0.14, 1922309
0.14, 1920262
0.14, 1917549
0.14, 1901695
0.14, 1889343
0.14, 1871379
0.14, 1869417
0.14, 1867676
0.14, 1866364
0.14, 1865389
0.14, 1851241
0.14, 1850560
0.14, 1846829
0.14, 1841689
0.14, 1835257
0.14, 1825629
0.14, 1823374
0.14, 1816627
0.14, 1810929
0.14, 1791162
0.14, 1790560
0.14, 1787066
0.15, 1785754
0.15, 1782580
0.15, 1771951
0.17, 1734316
0.17, 1731069
0.17, 1724383
0.17, 1706251
0.17, 1697648
0.17, 1686167
0.17, 1672865
0.17, 1670651
0.18, 1651745
0.18, 1629652
0.18, 1614081
0.18, 1610756
0.18, 1594255
0.18, 1590144
0.18, 1589288
0.18, 1587903
0.21, 1586345
0.21, 1569402
0.21, 1563773
0.21, 1562659
0.21, 1539667
0.22, 1516323
0.22, 1466993
0.22, 1466642
0.22, 1456527
0.22, 1456519
0.22, 1436754
0.22, 1428576
0.22, 1422478
0.22, 1416802
0.22, 1414669
0.22, 1411803
0.22, 1411763
0.22, 1409046
0.22, 1401848
0.22, 1400396
0.22, 1363575
0.22, 1362329
0.22, 1357322
0.22, 1344816
0.22, 1341586
0.28, 1331627
0.28, 1327080
0.28, 1322219
0.28, 1286359
0.28, 1286048
0.28, 1277255
0.28, 1272060
0.28, 1271643
0.31, 1270985
0.31, 1261688
0.31, 1258294
0.31, 1256360
0.31, 1251794
0.31, 1238233
0.31, 1216656
0.31, 1216137
0.31, 1213488
0.31, 1212986
0.31, 1200755
0.31, 1192331
0.32, 1189275
0.32, 1189020
0.32, 1173558
0.32, 1172085
0.32, 1159158
0.32, 1156325
0.32, 1156105
0.32, 1153875
0.32, 1146204
0.32, 1142077
0.32, 1137976
0.35, 1132726
0.35, 1130843
0.35, 1130572
0.35, 1127909
0.36, 1115897
0.36, 1114523
0.36, 1104826
0.37, 1098238
0.37, 1094659
0.37, 1093465
0.37, 1083548
0.37, 1079274
0.37, 1077336
0.37, 1069182
0.37, 1065064
0.37, 1064826
0.37, 1064820
0.37, 1062622
0.37, 1059549
0.37, 1049822
0.37, 1049149
0.37, 1047142
0.37, 1044426
0.37, 1038505
0.41, 1034053
0.41, 1031888
0.41, 1024782
0.41, 1024690
0.41, 1009950
0.41, 1005172
0.41, 999715
0.41, 997684
0.41, 995967
0.41, 984116
0.41, 983111
0.44, 982352
0.44, 981809
0.44, 981468
0.46, 980716
0.46, 979634
0.46, 975698
0.46, 964254
0.46, 963701
0.46, 961422
0.46, 957967
0.46, 956052
0.46, 954167
0.46, 949178
0.46, 947866
0.46, 944597
0.46, 930447
0.46, 928432
0.46, 921753
0.46, 920708
0.46, 912528
0.46, 911888
0.46, 910572
0.46, 909689
0.46, 908486
0.46, 899752
0.47, 899062
0.47, 897362
0.49, 895961
0.49, 894186
0.51, 893113
0.51, 889724
0.51, 887049
0.51, 885472
0.51, 883302
0.52, 879574
0.52, 876550
0.52, 874862
0.52, 873280
0.52, 868399
0.52, 865673
0.52, 861820
0.52, 860792
0.52, 859503
0.52, 857959
0.56, 854888
0.56, 851043
0.58, 851042
0.61, 849858
0.61, 846512
0.61, 845318
0.62, 842863
0.62, 842805
0.62, 841882
0.62, 840048
0.63, 839014
0.63, 838911
0.63, 837300
0.63, 836914
0.63, 836754
0.63, 835371
0.63, 830783
0.63, 829589
0.63, 826216
0.63, 825949
0.63, 825321
0.75, 824757
0.77, 823440
0.77, 821445
0.77, 820530
0.77, 819244
0.81, 817509
0.81, 817292
0.82, 816874
0.82, 815942
0.82, 814965
0.87, 814865
0.95, 814862
0.97, 814379
0.97, 814162
0.98, 814122
0.98, 814083
