0.01, 5994190
0.01, 5994174
0.01, 5948649
0.01, 5946132
0.01, 5898694
0.01, 5849582
0.01, 5849489
0.01, 5822036
0.01, 5806810
0.01, 5759635
0.01, 5742378
0.01, 5732708
0.01, 5677451
0.01, 5615579
0.01, 5547595
0.01, 5547260
0.01, 5519266
0.01, 5464533
0.01, 5424954
0.01, 5386605
0.01, 5359847
0.01, 5352062
0.01, 5261092
0.01, 5244213
0.01, 5219921
0.01, 5211212
0.01, 5176719
0.01, 5137883
0.01, 5131809
0.01, 5076846
0.01, 5069590
0.01, 5009680
0.01, 4912477
0.01, 4911879
0.01, 4903926
0.01, 4899644
0.01, 4881697
0.01, 4802453
0.01, 4765529
0.01, 4765359
0.01, 4765277
0.01, 4711292
0.01, 4700861
0.01, 4690685
0.01, 4648203
0.01, 4619158
0.01, 4603179
0.01, 4591291
0.01, 4561915
0.01, 4545442
0.01, 4474439
0.01, 4473783
0.01, 4440537
0.01, 4414651
0.01, 4366101
0.01, 4344650
0.01, 4317694
0.01, 4278391
0.01, 4267072
0.01, 4261677
0.01, 4198693
0.01, 4136233
0.01, 4112011
0.01, 4107675
0.01, 4103991
0.01, 4067152
0.01, 3983430
0.01, 3966775
0.01, 3929487
0.01, 3907375
0.01, 3906042
0.01, 3900948
0.01, 3898753
0.01, 3860818
0.01, 3825931
0.02, 3816633
0.02, 3810646
0.02, 3810065
0.02, 3763084
0.02, 3756297
0.02, 3756012
0.02, 3711676
0.02, 3696306
0.02, 3684264
0.02, 3659226
0.02, 3505293
0.02, 3470594
0.02, 3464160
0.02, 3452768
0.02, 3452643
0.02, 3438419
0.02, 3404943
0.02, 3339621
0.02, 3329198
0.02, 3325821
0.02, 3306384
0.02, 3273934
0.02, 3259974
0.02, 3254529
0.02, 3231192
0.02, 3229910
0.02, 3219260
0.02, 3216639
0.02, 3216540
0.02, 3199528
0.02, 3184624
0.02, 3174819
0.02, 3135340
0.02, 3067532
0.02, 3005530
0.02, 2998093
0.02, 2994077
0.02, 2967550
0.02, 2952848
0.02, 2932067
0.02, 2916640
0.02, 2914108
0.02, 2880013
0.02, 2868430
0.02, 2855956
0.02, 2848321
0.02, 2809623
0.02, 2756641
0.02, 2755172
0.02, 2753375
0.02, 2749617
0.02, 2670664
0.02, 2662717
0.02, 2634073
0.02, 2633039
0.02, 2614034
0.02, 2582699
0.02, 2576234
0.02, 2565888
0.02, 2559655
0.02, 2535235
0.02, 2534237
0.02, 2528863
0.02, 2525985
0.02, 2523419
0.02, 2496979
0.02, 2494816
0.02, 2441426
0.02, 2439195
0.02, 2433250
0.02, 2421163
0.02, 2397498
0.02, 2383694
0.02, 2379753
0.02, 2363926
0.02, 2344974
0.03, 2342541
0.03, 2333070
0.03, 2321251
0.03, 2311103
0.04, 2296251
0.04, 2280886
0.04, 2279452
0.04, 2277389
0.04, 2273285
0.04, 2269768
0.04, 2246146
0.04, 2245669
0.04, 2244231
0.07, 2236843
0.07, 2201923
0.07, 2190143
0.07, 2187523
0.07, 2164647
0.07, 2160493
0.07, 2152151
0.08, 2151232
0.08, 2148291
0.08, 2147047
0.08, 2140734
0.10, 2120087
0.10, 2113498
0.11, 2110994
0.11, 2100887
0.11, 2073574
0.11, 2066744
0.11, 2060454
0.11, 2055409
0.11, 2051085
0.11, 2043092
0.11, 2029483
0.11, 2028165
0.11, 2026175
0.11, 2022421
0.11, 2016198
0.11, 2014437
0.11, 2006359
0.11, 1997720
0.11, 1997119
0.12, 1985782
0.12, 1958980
0.12, 1958580
0.12, 1951907
0.12, 1948764
0.12, 1946047
0.12, 1942856
0.12, 1938324
0.12, 1915179
0.12, 1877597
0.12, 1871619
0.12, 1861854
0.12, 1832177
0.12, 1824735
0.12, 1823061
0.12, 1820471
0.16, 1809657
0.16, 1803703
0.16, 1788935
0.16, 1775982
0.16, 1761118
0.16, 1759609
0.16, 1757491
0.16, 1749808
0.16, 1740875
0.16, 1735309
0.16, 1731407
0.16, 1712042
0.16, 1689077
0.16, 1682423
0.16, 1676476
0.16, 1650148
0.16, 1649856
0.20, 1639989
0.21, 1636392
0.21, 1621786
0.21, 1619397
0.23, 1610553
0.23, 1610071
0.23, 1607230
0.23, 1606364
0.23, 1605997
0.23, 1604914
0.23, 1602841
0.23, 1586912
0.23, 1548220
0.23, 1538280
0.23, 1538173
0.23, 1536429
0.23, 1527344
0.23, 1503888
0.23, 1503016
0.24, 1487177
0.24, 1473276
0.24, 1450444
0.24, 1443765
0.24, 1443284
0.24, 1430649
0.24, 1423804
0.24, 1420694
0.25, 1410069
0.25, 1396351
0.25, 1395066
0.25, 1373238
0.25, 1371675
0.25, 1364853
0.25, 1363257
0.27, 1362817
0.27, 1358057
0.27, 1344627
0.27, 1341279
0.27, 1334770
0.31, 1329422
0.31, 1326339
0.31, 1321570
0.32, 1310117
0.32, 1299615
0.33, 1287108
0.33, 1286843
0.33, 1283259
0.33, 1277743
0.34, 1277015
0.34, 1274303
0.35, 1266097
0.35, 1257315
0.35, 1255092
0.35, 1242729
0.35, 1238301
0.36, 1233084
0.36, 1232796
0.36, 1230469
0.36, 1208164
0.36, 1203448
0.36, 1200039
0.36, 1196365
0.36, 1187394
0.36, 1183620
0.36, 1159781
0.36, 1153475
0.38, 1150822
0.38, 1149779
0.38, 1148784
0.38, 1141229
0.38, 1138643
0.38, 1134528
0.38, 1133109
0.38, 1133042
0.38, 1120284
0.38, 1109157
0.38, 1084926
0.38, 1074779
0.38, 1068058
0.38, 1067712
0.38, 1047797
0.38, 1046753
0.38, 1040326
0.38, 1039910
0.38, 1036208
0.43, 1034187
0.43, 1033273
0.43, 1033071
0.43, 1031730
0.43, 1025720
0.43, 1010387
0.43, 1009622
0.43, 1006136
0.43, 1005426
0.44, 1001379
0.45, 1000696
0.45, 993933
0.45, 983337
0.45, 982423
0.45, 982235
0.49, 976207
0.49, 975236
0.49, 968456
0.49, 965297
0.49, 961797
0.50, 961669
0.50, 957752
0.50, 956265
0.50, 956196
0.50, 952798
0.50, 949579
0.54, 943780
0.54, 941914
0.55, 935188
0.55, 932320
0.55, 927168
0.55, 925745
0.55, 919016
0.56, 911839
0.56, 910479
0.56, 910343
0.56, 907338
0.56, 905866
0.56, 904990
0.56, 903183
0.56, 898218
0.56, 896733
0.56, 895615
0.56, 895469
0.56, 895306
0.56, 894213
0.57, 889727
0.58, 889644
0.58, 887506
0.58, 885626
0.58, 881089
0.58, 873889
0.58, 871258
0.58, 871071
0.58, 869835
0.58, 869303
0.58, 866144
0.58, 864663
0.58, 864106
0.58, 863479
0.58, 863153
0.58, 859653
0.58, 857598
0.58, 855898
0.58, 850676
0.58, 848940
0.61, 846655
0.61, 845010
0.67, 843235
0.67, 842492
0.67, 839587
0.67, 839534
0.68, 838972
0.68, 833865
0.68, 833826
0.68, 831578
0.68, 831381
0.68, 830969
0.68, 830486
0.72, 829831
0.73, 826609
0.74, 826144
0.74, 824728
0.75, 823387
0.76, 821791
0.76, 821201
0.76, 820805
0.76, 816253
0.76, 813322
0.83, 812936
0.90, 812770
0.90, 812591
0.91, 811772
0.91, 810752
0.91, 810275
0.91, 810235
