0.00,5404078
0.00,5210207
0.00,5130584
0.00,5016346
0.00,4919911
0.00,4860121
0.00,4732025
0.00,4654751
0.00,4561963
0.00,4429960
0.00,4349049
0.00,4340103
0.00,4254802
0.00,4205579
0.00,4184727
0.00,4153028
0.00,4039838
0.00,4064423
0.00,4033118
0.00,4063224
0.00,4086022
0.00,3976741
0.00,3853578
0.00,3789607
0.00,3667226
0.00,3678650
0.00,3618766
0.00,3597638
0.00,3499910
0.00,3422848
0.00,3372783
0.00,3367824
0.00,3375213
0.00,3314238
0.00,3297998
0.00,3234315
0.00,3117676
0.00,3025917
0.00,3045589
0.00,3047345
0.00,3048120
0.00,2951113
0.00,2988600
0.00,2994308
0.00,3017868
0.00,2937293
0.00,2874157
0.00,2834603
0.00,2727811
0.00,2763299
0.00,2687066
0.00,2629991
0.00,2616794
0.00,2610296
0.00,2611561
0.00,2559711
0.00,2478667
0.00,2482673
0.00,2489420
0.00,2458496
0.00,2469279
0.00,2489880
0.01,2463239
0.01,2429518
0.01,2453497
0.01,2486055
0.01,2399946
0.01,2385890
0.01,2383730
0.01,2232250
0.01,2217906
0.01,2220700
0.01,2258624
0.01,2261028
0.01,2215192
0.01,2199342
0.01,2222371
0.01,2220523
0.01,2168815
0.01,2241713
0.01,2270542
0.01,2227814
0.01,2102446
0.01,2077487
0.01,2085072
0.01,2072267
0.01,2057129
0.01,2069705
0.01,2028490
0.01,2066095
0.01,2106933
0.01,2016976
0.01,2048306
0.01,2063171
0.01,2115702
0.01,2099001
0.01,2039953
0.01,2018837
0.01,2079086
0.01,2069133
0.01,2038414
0.01,1983263
0.01,2023917
0.01,1934230
0.01,1877782
0.01,1906546
0.01,1920159
0.01,1943548
0.01,1931021
0.01,1938864
0.01,1958349
0.01,1999819
0.01,1967388
0.01,1869549
0.01,1856670
0.01,1851984
0.01,1871586
0.01,1862005
0.01,1793775
0.01,1760598
0.01,1806087
0.01,1831362
0.01,1786801
0.01,1804705
0.01,1806001
0.01,1822723
0.01,1774455
0.01,1884795
0.01,1897872
0.01,1870993
0.01,1861412
0.01,1802125
0.01,1804870
0.01,1798480
0.01,1780762
0.01,1755930
0.01,1683919
0.01,1637453
0.01,1606824
0.01,1576833
0.01,1561556
0.01,1587666
0.01,1530070
0.01,1543185
0.01,1484572
0.01,1501561
0.01,1460718
0.01,1455571
0.01,1472059
0.01,1479377
0.01,1473980
0.01,1474470
0.01,1502507
0.01,1531497
0.01,1512789
0.01,1510874
0.01,1520919
0.01,1505980
0.01,1519849
0.01,1510852
0.01,1514414
0.01,1425659
0.01,1449476
0.01,1411202
0.01,1404122
0.01,1401130
0.01,1398624
0.01,1437401
0.01,1420433
0.01,1387983
0.01,1369455
0.01,1374149
0.01,1346032
0.01,1336521
0.01,1313114
0.01,1292997
0.01,1274399
0.01,1265043
0.01,1252870
0.01,1252269
0.01,1263616
0.01,1307706
0.01,1277848
0.01,1269714
0.01,1309520
0.01,1317627
0.01,1310067
0.01,1300296
0.01,1317900
0.01,1294372
0.01,1291053
0.01,1295635
0.01,1316299
0.01,1305253
0.01,1328504
0.01,1333050
0.01,1308994
0.01,1309374
0.01,1234335
0.01,1246733
0.01,1242681
0.01,1216272
0.01,1206413
0.01,1190599
0.01,1174857
0.01,1179136
0.01,1189698
0.01,1178294
0.01,1176623
0.01,1185869
0.01,1160273
0.01,1231375
0.01,1250490
0.01,1230333
0.01,1219203
0.01,1232136
0.01,1244438
0.01,1222337
0.01,1198832
0.01,1202861
0.01,1233990
0.01,1274152
0.01,1262852
0.01,1260184
0.01,1274532
0.01,1270756
0.01,1246461
0.01,1211616
0.01,1223177
0.01,1211005
0.01,1202700
0.01,1207282
0.01,1244605
0.01,1234551
0.01,1288434
0.01,1296066
0.01,1267247
0.01,1277569
0.01,1234720
0.01,1196670
0.01,1172064
0.01,1188264
0.01,1171531
0.01,1150987
0.01,1133169
0.01,1129605
0.01,1130367
0.01,1115344
0.01,1101342
0.01,1126481
0.01,1118842
0.01,1149135
0.01,1124009
0.01,1087814
0.01,1091239
0.01,1074361
0.01,1059529
0.01,1058348
0.01,1064300
0.01,1078009
0.01,1110842
0.01,1129895
0.01,1136138
0.01,1133842
0.01,1130969
0.01,1114372
0.01,1104142
0.01,1125260
0.01,1128457
0.01,1145302
0.01,1135233
0.01,1123887
0.01,1143915
0.01,1071597
0.01,1084962
0.01,1046569
0.01,1044017
0.01,1032095
0.01,1026010
0.01,1028534
0.01,1054120
0.01,1074796
0.01,1062239
0.01,1079574
0.01,1065257
0.01,1056417
0.01,1066514
0.01,1080178
0.01,1091079
0.01,1058835
0.01,1071070
0.01,1076264
0.02,1055952
0.02,1078972
0.02,1062521
0.02,1067916
0.02,1060334
0.02,1070372
0.02,1053373
0.02,1064497
0.02,1072869
0.02,1064385
0.02,1065175
0.02,1042806
0.02,1062091
0.02,1059204
0.02,1035132
0.02,1036993
0.02,1055506
0.02,1066087
0.02,1064810
0.02,1038148
0.02,1071913
0.02,1073668
0.02,1055575
0.02,1068957
0.02,1090750
0.02,1125459
0.02,1101579
0.02,1109409
0.02,1111129
0.02,1060503
0.02,1013209
0.02,1017127
0.02,1039032
0.02,1064542
0.02,1055198
0.02,1041995
0.02,1055868
0.02,1076529
0.02,1081552
0.02,1079529
0.02,1097543
0.02,1104403
0.02,1043390
0.02,1031120
0.02,1041202
0.02,1029070
0.02,1033234
0.02,1032754
0.02,1047787
0.02,1041391
0.02,1038126
0.02,1027032
0.02,1037755
0.02,1036614
0.02,1048914
0.02,1046360
0.02,1046474
0.02,1053683
0.02,1071075
0.02,1053067
0.02,1054644
0.02,1045697
0.02,1086880
0.02,1086240
0.02,1043707
0.02,1062754
0.02,1068276
0.02,1100893
0.02,1073796
0.02,1092766
0.02,1102148
0.02,1063925
0.02,1060805
0.02,1012279
0.02,1019389
0.02,1022926
0.02,1054240
0.02,1054518
0.02,1050696
0.02,1086360
0.02,1050392
0.02,1074594
0.02,1012349
0.02,1001673
0.02,991081
0.02,978981
0.02,978570
0.02,970886
0.02,963343
0.02,955884
0.02,948730
0.02,941887
0.02,965329
0.02,977171
0.02,983796
0.02,1027379
0.02,1036183
0.02,1048214
0.02,1013227
0.02,969450
0.02,969675
0.02,935530
0.02,929303
0.02,923165
0.02,917200
0.02,911565
0.02,907337
0.02,902174
0.02,897220
0.02,892501
0.02,889112
0.02,917887
0.02,919014
0.02,909482
0.02,903608
0.02,894731
0.02,926524
0.02,915211
0.02,926403
0.02,973517
0.02,986753
0.02,1002373
0.02,971144
0.02,969350
0.02,928628
0.02,886302
0.02,890167
0.02,880873
0.02,878167
0.02,876231
0.02,874299
0.02,872586
0.02,871270
0.02,870026
0.02,868193
0.02,867355
0.02,866612
0.02,865675
0.02,865188
0.02,865014
0.02,864968
0.02,864928
