0.02, 5968597
0.02, 5960670
0.02, 5952607
0.02, 5906901
0.02, 5889906
0.02, 5878599
0.02, 5859883
0.02, 5857394
0.02, 5789733
0.02, 5756655
0.02, 5719499
0.02, 5707915
0.02, 5685994
0.02, 5591358
0.02, 5545206
0.02, 5519640
0.02, 5478446
0.02, 5476584
0.02, 5376917
0.02, 5372618
0.02, 5330444
0.02, 5257023
0.02, 5174420
0.02, 5117558
0.02, 5099879
0.02, 5073350
0.02, 4968999
0.02, 4927279
0.02, 4918481
0.02, 4825192
0.02, 4806068
0.02, 4777944
0.02, 4752440
0.02, 4715506
0.02, 4711368
0.02, 4679890
0.02, 4633825
0.02, 4625757
0.02, 4576799
0.02, 4566689
0.02, 4545441
0.02, 4544838
0.02, 4529616
0.02, 4502183
0.02, 4462389
0.02, 4421074
0.02, 4402943
0.02, 4380950
0.02, 4330735
0.02, 4274784
0.02, 4248465
0.02, 4239132
0.02, 4237026
0.02, 4205583
0.02, 4119094
0.02, 4075138
0.02, 4043251
0.02, 4017269
0.02, 3873692
0.02, 3823704
0.02, 3773988
0.02, 3762610
0.02, 3748238
0.02, 3748204
0.02, 3745706
0.02, 3743681
0.02, 3743588
0.02, 3716217
0.02, 3715944
0.02, 3695846
0.02, 3661403
0.02, 3654713
0.02, 3624589
0.02, 3622558
0.02, 3617104
0.02, 3593897
0.02, 3578394
0.02, 3573625
0.02, 3568191
0.02, 3559371
0.02, 3552268
0.02, 3505651
0.02, 3487850
0.02, 3465566
0.02, 3459664
0.02, 3434191
0.02, 3420930
0.02, 3402723
0.02, 3392108
0.02, 3387603
0.02, 3377592
0.02, 3340561
0.02, 3272864
0.02, 3257945
0.02, 3243802
0.03, 3219969
0.03, 3215832
0.03, 3165842
0.03, 3106924
0.03, 3098314
0.03, 3079613
0.03, 3063911
0.03, 3039399
0.03, 3009749
0.03, 2992842
0.03, 2976682
0.03, 2962425
0.03, 2916572
0.03, 2903607
0.03, 2887268
0.03, 2840340
0.03, 2822831
0.03, 2813353
0.03, 2792389
0.03, 2782368
0.03, 2751386
0.03, 2732109
0.03, 2675288
0.03, 2673301
0.03, 2671717
0.04, 2633310
0.04, 2633281
0.04, 2622380
0.04, 2620797
0.04, 2576103
0.04, 2555083
0.04, 2552868
0.04, 2540509
0.04, 2504832
0.04, 2487842
0.04, 2454173
0.04, 2442177
0.04, 2416861
0.05, 2412821
0.05, 2411519
0.05, 2403434
0.05, 2344565
0.05, 2344465
0.05, 2304579
0.05, 2274704
0.05, 2273036
0.05, 2260653
0.05, 2255234
0.05, 2252167
0.05, 2221033
0.05, 2219479
0.05, 2210149
0.05, 2204879
0.05, 2201369
0.05, 2190929
0.05, 2173986
0.05, 2173947
0.09, 2151559
0.09, 2134933
0.09, 2124351
0.09, 2090517
0.09, 2082085
0.09, 2080527
0.09, 2056081
0.09, 2054965
0.09, 2031115
0.09, 2030047
0.12, 2029355
0.12, 2026551
0.12, 2022971
0.12, 1987500
0.12, 1973045
0.12, 1971908
0.12, 1955866
0.12, 1943350
0.12, 1926401
0.12, 1915457
0.12, 1914315
0.12, 1912893
0.12, 1899472
0.12, 1892520
0.12, 1889279
0.14, 1888796
0.14, 1864412
0.14, 1861544
0.14, 1854472
0.14, 1854046
0.16, 1834403
0.16, 1831824
0.16, 1828554
0.16, 1798966
0.16, 1798421
0.16, 1789657
0.17, 1777247
0.17, 1773848
0.17, 1771106
0.17, 1765467
0.17, 1731685
0.17, 1730968
0.17, 1718649
0.17, 1713878
0.17, 1683576
0.17, 1675686
0.17, 1658122
0.17, 1657979
0.19, 1656603
0.19, 1656570
0.19, 1656511
0.19, 1640432
0.20, 1639269
0.20, 1635642
0.20, 1622054
0.21, 1620859
0.21, 1620745
0.21, 1618731
0.21, 1616811
0.21, 1614343
0.21, 1612957
0.21, 1598684
0.21, 1592788
0.21, 1581426
0.21, 1567965
0.24, 1564824
0.24, 1551378
0.24, 1543371
0.24, 1530432
0.24, 1522816
0.24, 1505923
0.24, 1498650
0.24, 1480919
0.24, 1471287
0.24, 1463653
0.24, 1459201
0.24, 1447470
0.25, 1438607
0.25, 1424403
0.25, 1423166
0.25, 1410670
0.25, 1403553
0.25, 1365665
0.25, 1360318
0.28, 1353208
0.28, 1351605
0.28, 1347919
0.28, 1327683
0.31, 1324298
0.31, 1322906
0.31, 1316941
0.31, 1286354
0.31, 1285971
0.31, 1276906
0.33, 1271468
0.33, 1268915
0.33, 1255567
0.33, 1251492
0.34, 1236379
0.34, 1234746
0.34, 1233738
0.34, 1227875
0.34, 1223805
0.34, 1213700
0.34, 1209537
0.34, 1200357
0.34, 1199060
0.34, 1194581
0.34, 1194405
0.34, 1185664
0.34, 1168957
0.34, 1167713
0.34, 1157608
0.34, 1129861
0.34, 1124791
0.34, 1121459
0.36, 1117933
0.36, 1111377
0.39, 1111036
0.39, 1099502
0.39, 1099081
0.39, 1095228
0.39, 1093381
0.39, 1089548
0.39, 1080016
0.39, 1073458
0.39, 1072360
0.41, 1071126
0.41, 1070960
0.41, 1065169
0.41, 1064914
0.41, 1060022
0.41, 1054196
0.41, 1052810
0.41, 1050770
0.41, 1036582
0.41, 1034172
0.41, 1033519
0.42, 1029334
0.42, 1028636
0.43, 1028405
0.43, 1027915
0.43, 1023306
0.43, 1017328
0.43, 1004013
0.43, 999235
0.43, 998781
0.44, 997939
0.46, 992746
0.46, 986186
0.46, 985106
0.46, 969104
0.46, 968616
0.46, 966263
0.46, 966182
0.46, 960748
0.46, 956284
0.46, 955628
0.46, 954112
0.49, 953199
0.49, 953088
0.49, 950875
0.50, 946332
0.50, 943004
0.50, 938429
0.51, 935647
0.51, 934215
0.51, 933404
0.51, 929562
0.51, 927110
0.51, 926122
0.51, 915533
0.51, 912793
0.55, 910526
0.55, 896708
0.55, 895024
0.55, 894974
0.55, 889166
0.55, 886462
0.55, 885630
0.55, 883364
0.55, 882992
0.55, 870408
0.60, 869511
0.60, 868639
0.60, 866584
0.60, 865498
0.61, 863880
0.61, 860024
0.62, 859968
0.62, 859507
0.62, 858389
0.62, 857688
0.62, 856509
0.62, 853761
0.62, 851906
0.62, 851624
0.62, 851153
0.62, 850161
0.62, 850148
0.65, 850122
0.65, 845637
0.65, 843192
0.65, 842602
0.65, 842373
0.66, 839974
0.66, 837578
0.67, 836711
0.67, 833574
0.67, 832093
0.67, 830975
0.67, 830368
0.68, 829592
0.77, 828492
0.77, 827569
0.78, 827051
0.78, 826970
0.78, 826809
0.78, 826422
0.80, 824755
0.80, 823100
0.81, 822195
0.81, 821422
0.81, 820769
0.84, 819277
0.85, 819063
0.87, 818544
0.87, 818415
0.89, 818165
0.91, 817497
0.94, 817479
3.10, 816940
3.10, 816742
3.11, 815968
3.14, 815612
3.17, 814373
3.22, 813594
3.35, 813555
5.15, 812582
5.15, 812453
5.27, 811577
5.27, 811392
5.27, 810930
