0.00, 5797740
0.00, 5752969
0.00, 5733619
0.00, 5666482
0.00, 5607606
0.00, 5589414
0.00, 5548173
0.00, 5525532
0.00, 5502943
0.00, 5501829
0.00, 5481328
0.00, 5478060
0.00, 5415276
0.00, 5414743
0.00, 5386307
0.00, 5382317
0.00, 5376426
0.00, 5352122
0.00, 5275461
0.00, 5234742
0.00, 5199489
0.00, 5182530
0.00, 5153112
0.00, 5147314
0.01, 5140697
0.01, 5127293
0.01, 5103527
0.01, 5101937
0.01, 5077718
0.01, 5059523
0.01, 5029482
0.01, 5023626
0.01, 4995712
0.01, 4972399
0.01, 4837060
0.01, 4800026
0.01, 4718786
0.01, 4716173
0.01, 4700353
0.01, 4685970
0.01, 4626646
0.01, 4615443
0.01, 4600686
0.01, 4599277
0.01, 4580531
0.01, 4562484
0.01, 4541760
0.01, 4491483
0.01, 4474809
0.01, 4451834
0.01, 4449714
0.01, 4445280
0.01, 4434976
0.01, 4401153
0.01, 4396573
0.01, 4357781
0.01, 4345166
0.01, 4335802
0.01, 4215050
0.01, 4197098
0.01, 4192153
0.01, 4190616
0.01, 4185353
0.01, 4181932
0.01, 4150460
0.01, 4142067
0.01, 4121514
0.01, 4121364
0.01, 4121064
0.01, 4116242
0.01, 4115686
0.01, 4114993
0.01, 4113021
0.01, 4104908
0.01, 4093505
0.01, 4067177
0.01, 4052977
0.01, 4046135
0.01, 4041451
0.01, 3998122
0.01, 3969730
0.01, 3949992
0.01, 3926601
0.01, 3916213
0.01, 3902037
0.01, 3875820
0.01, 3875700
0.01, 3870944
0.01, 3822328
0.01, 3792554
0.01, 3779121
0.01, 3720714
0.01, 3651770
0.01, 3638661
0.01, 3624678
0.01, 3584077
0.01, 3562975
0.01, 3557809
0.01, 3548552
0.01, 3410957
0.01, 3403150
0.01, 3378582
0.01, 3340806
0.01, 3336980
0.01, 3330425
0.01, 3326827
0.01, 3309980
0.01, 3259213
0.01, 3246168
0.01, 3240771
0.01, 3229108
0.01, 3193895
0.01, 3187965
0.01, 3127435
0.01, 3094995
0.01, 3080290
0.01, 3078940
0.01, 3060617
0.01, 3027323
0.01, 3026259
0.01, 3013463
0.01, 2986584
0.01, 2957011
0.01, 2934115
0.01, 2929833
0.01, 2927864
0.01, 2915146
0.01, 2861363
0.01, 2850666
0.01, 2831401
0.01, 2773990
0.01, 2773650
0.01, 2749103
0.01, 2743108
0.01, 2738906
0.01, 2738004
0.01, 2704725
0.01, 2698943
0.01, 2694695
0.01, 2665570
0.01, 2663308
0.01, 2647580
0.01, 2630423
0.01, 2618352
0.01, 2612931
0.01, 2611825
0.02, 2597315
0.02, 2591685
0.02, 2587194
0.02, 2523234
0.02, 2514972
0.02, 2504527
0.02, 2488365
0.02, 2474976
0.02, 2472910
0.02, 2470950
0.02, 2467877
0.02, 2466473
0.02, 2447286
0.02, 2446585
0.02, 2437134
0.02, 2425265
0.02, 2425090
0.02, 2419994
0.02, 2415308
0.02, 2383924
0.02, 2372629
0.02, 2338752
0.02, 2322759
0.02, 2322663
0.03, 2301420
0.03, 2300010
0.03, 2298161
0.03, 2297977
0.03, 2263203
0.03, 2226554
0.03, 2225996
0.03, 2218451
0.05, 2208992
0.05, 2207880
0.05, 2204884
0.05, 2203855
0.05, 2182787
0.05, 2182354
0.05, 2179347
0.07, 2163077
0.07, 2158933
0.07, 2157182
0.07, 2142148
0.07, 2107606
0.08, 2105570
0.08, 2097844
0.08, 2084574
0.09, 2061567
0.09, 2036556
0.09, 2016445
0.09, 2003370
0.09, 1966961
0.09, 1965276
0.09, 1958405
0.09, 1953824
0.09, 1953596
0.09, 1942134
0.09, 1930306
0.13, 1921053
0.13, 1907930
0.13, 1902517
0.13, 1885736
0.13, 1858620
0.13, 1856554
0.13, 1850393
0.13, 1810847
0.13, 1781974
0.16, 1772508
0.16, 1720289
0.16, 1709729
0.16, 1708309
0.17, 1706078
0.17, 1699706
0.17, 1687178
0.17, 1677600
0.17, 1672723
0.17, 1665607
0.18, 1662991
0.18, 1661876
0.18, 1651954
0.18, 1649887
0.18, 1627414
0.18, 1626090
0.19, 1620891
0.19, 1620677
0.19, 1584127
0.19, 1581731
0.19, 1576124
0.19, 1559254
0.19, 1535576
0.21, 1525269
0.21, 1515137
0.21, 1514877
0.21, 1513234
0.22, 1508260
0.22, 1503904
0.22, 1503562
0.22, 1496137
0.22, 1495022
0.22, 1490767
0.22, 1460303
0.22, 1456947
0.24, 1447756
0.24, 1443081
0.24, 1439751
0.24, 1438179
0.24, 1437346
0.24, 1435990
0.24, 1424498
0.25, 1419626
0.25, 1418878
0.25, 1418796
0.25, 1413529
0.25, 1391205
0.25, 1389190
0.25, 1379169
0.25, 1370846
0.25, 1346674
0.25, 1313798
0.25, 1307477
0.25, 1306871
0.28, 1294594
0.28, 1289039
0.28, 1288509
0.28, 1287852
0.28, 1277069
0.28, 1274295
0.28, 1272904
0.28, 1272627
0.28, 1254014
0.32, 1247619
0.32, 1247333
0.33, 1243858
0.33, 1236706
0.33, 1232301
0.33, 1228233
0.33, 1226224
0.33, 1211864
0.33, 1205704
0.33, 1198095
0.33, 1195302
0.33, 1180370
0.33, 1177966
0.33, 1175680
0.33, 1160506
0.33, 1155550
0.33, 1153139
0.35, 1152424
0.35, 1150135
0.35, 1142797
0.36, 1129207
0.36, 1126779
0.36, 1124297
0.36, 1108086
0.37, 1097623
0.37, 1097503
0.37, 1094417
0.37, 1083785
0.37, 1083772
0.37, 1078169
0.37, 1070881
0.37, 1065627
0.37, 1061755
0.37, 1059395
0.37, 1058859
0.37, 1057852
0.37, 1056218
0.37, 1056121
0.37, 1054305
0.38, 1053760
0.38, 1038469
0.38, 1037244
0.38, 1034024
0.38, 1025459
0.38, 1025406
0.38, 1014762
0.41, 1012668
0.41, 1011696
0.41, 1010929
0.41, 1010778
0.41, 1003118
0.41, 999992
0.41, 999008
0.41, 998906
0.41, 998164
0.41, 980597
0.41, 976266
0.45, 965561
0.45, 965478
0.45, 954128
0.45, 949296
0.45, 946193
0.45, 928944
0.45, 905751
0.45, 904367
0.45, 902956
0.45, 902796
0.48, 891616
0.48, 890403
0.48, 889954
0.48, 882883
0.57, 881209
0.57, 869576
0.57, 868969
0.57, 856973
0.58, 850801
0.58, 849921
0.58, 845323
0.58, 842405
0.58, 842110
0.58, 840736
0.58, 840697
0.61, 840187
0.63, 836103
0.63, 835698
0.63, 834821
0.63, 833773
0.63, 833379
0.68, 832527
0.68, 829550
0.68, 829435
0.68, 826332
0.68, 825921
0.70, 824904
0.70, 824687
0.70, 823908
0.71, 823646
0.71, 822096
0.71, 820383
0.77, 820311
0.77, 819211
0.77, 818806
0.77, 818027
0.77, 817988
0.78, 816745
0.78, 815907
0.98, 815503
2.92, 814642
2.93, 814504
2.93, 814464
2.93, 814304
3.02, 813243
3.02, 813203
3.02, 812517
5.15, 812295
5.27, 812115
5.27, 811936
5.27, 811329
5.28, 810899
5.28, 810503
