0.01,6199018
0.01,5955750
0.01,5817558
0.01,5660669
0.01,5640457
0.01,5382387
0.01,5255024
0.01,5250427
0.01,4982376
0.01,4856880
0.01,4802923
0.01,4720548
0.01,4574103
0.01,4497031
0.01,4502559
0.01,4382678
0.01,4372204
0.01,4331252
0.01,4258205
0.01,4134885
0.01,4199767
0.01,4079106
0.01,3907580
0.01,3795450
0.01,3774445
0.01,3619620
0.01,3556650
0.01,3495036
0.01,3503137
0.01,3422618
0.01,3430122
0.01,3406175
0.01,3325750
0.01,3355727
0.01,3323807
0.01,3219462
0.01,3125627
0.01,3072569
0.01,3033532
0.01,2974353
0.01,2892007
0.01,2868754
0.01,2888932
0.01,2761961
0.01,2712266
0.01,2717889
0.01,2730039
0.01,2710875
0.01,2664304
0.01,2674715
0.01,2585206
0.01,2622053
0.01,2606964
0.01,2576474
0.01,2478200
0.01,2480358
0.01,2401966
0.01,2388327
0.01,2375554
0.01,2340124
0.01,2331103
0.01,2302994
0.01,2261686
0.01,2266379
0.01,2197551
0.01,2169245
0.01,2169990
0.01,2194049
0.01,2254224
0.01,2222252
0.01,2228618
0.01,2234690
0.01,2158803
0.01,2153068
0.01,2184104
0.01,2305654
0.01,2277198
0.01,2285740
0.01,2277571
0.01,2289933
0.01,2273571
0.01,2268705
0.01,2275189
0.01,2290440
0.01,2239942
0.01,2191009
0.01,2170983
0.01,2151096
0.01,2080125
0.01,2087437
0.01,2136448
0.01,2074534
0.01,2100465
0.01,2146058
0.01,2129532
0.01,2120400
0.01,2076718
0.01,2145944
0.01,2105432
0.01,2055530
0.01,2077092
0.01,2022444
0.01,2023692
0.01,1964146
0.01,1987989
0.01,1956158
0.01,1943788
0.01,1986892
0.01,1972650
0.01,1997108
0.01,1994091
0.01,2002441
0.01,1914962
0.01,1935791
0.01,1922469
0.01,1921262
0.01,1913709
0.01,1874258
0.01,1903256
0.01,1914001
0.01,1941276
0.01,1965589
0.01,2032967
0.01,1992720
0.01,1926110
0.01,1889247
0.01,1914963
0.01,1922710
0.01,1930009
0.01,1888765
0.01,1871683
0.01,1881279
0.01,1897929
0.01,1905143
0.01,1907463
0.01,1935538
0.01,1959411
0.01,1979632
0.01,2033608
0.01,2025439
0.01,2037801
0.01,2021439
0.01,2016573
0.01,1990905
0.01,1977245
0.01,1971733
0.01,1988311
0.01,2015853
0.01,2082958
0.01,2040930
0.01,2027833
0.01,2073478
0.01,2038697
0.01,1979246
0.01,1978888
0.01,1896142
0.01,1883927
0.01,1815163
0.01,1787982
0.01,1772826
0.01,1737107
0.01,1756028
0.01,1751529
0.01,1784683
0.01,1760213
0.01,1788334
0.01,1801635
0.01,1777989
0.01,1791657
0.01,1818561
0.01,1829632
0.01,1801703
0.01,1756424
0.01,1723668
0.01,1682126
0.01,1706094
0.01,1648066
0.01,1602246
0.01,1617653
0.01,1682530
0.01,1635948
0.01,1655723
0.01,1688341
0.01,1763573
0.02,1719463
0.02,1692496
0.02,1637071
0.02,1662198
0.02,1678593
0.02,1673476
0.02,1655275
0.02,1666292
0.02,1721061
0.02,1698395
0.02,1706656
0.02,1747967
0.02,1763488
0.02,1766681
0.02,1711676
0.02,1716282
0.02,1716097
0.02,1755062
0.02,1730464
0.02,1721389
0.02,1650783
0.02,1646282
0.02,1626547
0.02,1635510
0.02,1628254
0.02,1662680
0.02,1678234
0.02,1606197
0.02,1570405
0.02,1585262
0.02,1594260
0.02,1605579
0.02,1603011
0.02,1653546
0.02,1651355
0.02,1597864
0.02,1579913
0.02,1562808
0.02,1535772
0.02,1544720
0.02,1503871
0.02,1522008
0.02,1480249
0.02,1471037
0.02,1461682
0.02,1448576
0.02,1422650
0.02,1448210
0.02,1405028
0.02,1397948
0.02,1410157
0.02,1376012
0.02,1421046
0.02,1397374
0.02,1373245
0.02,1361556
0.02,1339807
0.02,1312204
0.02,1314476
0.02,1292899
0.02,1269081
0.02,1276565
0.02,1287053
0.02,1295593
0.02,1309535
0.02,1335819
0.02,1331775
0.02,1335106
0.02,1314005
0.02,1304603
0.02,1302202
0.02,1304601
0.02,1347585
0.02,1315639
0.02,1290822
0.02,1313639
0.02,1316120
0.02,1334441
0.02,1371028
0.02,1384122
0.02,1384821
0.02,1417720
0.02,1398768
0.02,1428648
0.02,1418719
0.02,1455847
0.02,1495696
0.02,1514264
0.02,1482219
0.02,1451700
0.02,1466440
0.02,1478653
0.02,1480267
0.02,1489890
0.02,1491398
0.02,1446278
0.02,1430021
0.02,1430213
0.02,1432855
0.02,1478574
0.02,1421201
0.02,1412094
0.02,1420940
0.02,1402188
0.02,1337415
0.02,1327485
0.02,1260961
0.02,1248573
0.02,1227148
0.02,1226759
0.02,1210659
0.02,1210928
0.02,1213945
0.02,1228925
0.02,1195669
0.02,1203179
0.02,1267073
0.02,1235772
0.02,1218472
0.02,1233814
0.02,1243027
0.02,1270435
0.02,1257820
0.02,1252760
0.02,1281098
0.02,1284003
0.02,1250353
0.02,1248755
0.02,1305451
0.02,1291347
0.02,1289831
0.02,1315512
0.02,1328572
0.02,1335571
0.02,1323695
0.02,1332350
0.02,1356426
0.02,1359965
0.02,1377083
0.02,1360831
0.02,1342209
0.02,1332420
0.02,1327592
0.02,1322480
0.02,1272584
0.02,1233590
0.02,1216006
0.02,1230459
0.02,1243889
0.02,1241655
0.02,1275799
0.02,1248245
0.02,1184819
0.02,1187392
0.02,1167125
0.02,1158752
0.02,1144534
0.02,1131749
0.02,1154943
0.02,1168176
0.02,1175072
0.02,1160624
0.02,1191366
0.02,1190446
0.02,1202113
0.02,1193494
0.02,1187454
0.02,1195354
0.02,1190294
0.02,1179055
0.02,1179606
0.02,1198173
0.02,1234963
0.02,1203457
0.02,1195935
0.02,1188937
0.02,1222200
0.02,1225545
0.02,1219370
0.02,1212738
0.02,1176204
0.02,1187595
0.02,1197645
0.02,1180531
0.02,1182806
0.02,1134130
0.02,1148441
0.02,1159501
0.02,1111393
0.02,1099124
0.02,1163764
0.02,1166842
0.02,1168696
0.02,1202174
0.02,1184888
0.02,1195536
0.02,1178742
0.02,1150831
0.02,1135792
0.02,1137947
0.02,1087394
0.02,1083105
0.02,1071080
0.02,1068589
0.02,1072221
0.02,1142917
0.02,1118748
0.02,1115236
0.02,1156301
0.02,1151462
0.02,1192243
0.02,1184614
0.02,1165012
0.02,1170546
0.02,1185855
0.02,1149059
0.02,1072177
0.02,1103069
0.02,1133150
0.02,1153399
0.02,1141790
0.02,1192650
0.02,1205559
0.02,1178520
0.02,1216862
0.02,1166816
0.02,1181400
0.02,1149224
0.02,1131393
0.02,1149566
0.02,1124973
0.02,1131478
0.02,1144681
0.02,1200728
0.02,1195441
0.02,1195746
0.02,1193956
0.02,1180398
0.02,1153283
0.02,1148743
0.02,1151127
0.02,1137019
0.02,1135665
0.02,1110820
0.02,1122459
0.02,1109305
0.02,1065431
0.02,1059484
0.02,1037985
0.02,1024311
0.02,1015634
0.02,1002934
0.02,992109
0.02,988210
0.02,1002723
0.02,994846
0.02,978899
0.02,969980
0.02,962272
0.02,955833
0.02,955867
0.02,991950
0.02,967200
0.02,967869
0.02,963409
0.02,953538
0.02,946136
0.02,941647
0.02,937405
0.02,956266
0.02,940358
0.02,933343
0.02,935137
0.02,930504
0.02,925328
0.02,921612
0.02,928047
0.02,949204
0.02,918064
0.02,914812
0.02,931869
0.02,924866
0.02,943245
0.02,927610
0.02,914643
0.02,898111
0.02,894196
0.02,894215
0.02,931265
0.02,943370
0.02,946573
0.02,962042
0.02,966009
0.02,980103
0.02,991752
0.02,1010184
0.02,1045037
0.02,1057529
0.02,1063081
0.02,1090267
0.02,1098203
0.02,1135879
0.02,1106758
0.02,1104124
0.02,1089681
0.02,1089058
0.02,1092531
0.02,1099451
0.02,1108729
0.02,1102905
0.02,1075975
0.02,1075926
0.02,1062253
0.02,1059676
0.02,1048282
0.02,1035922
0.02,1049520
0.02,1034030
0.02,1025095
0.02,985986
0.02,906420
0.02,891060
0.02,909421
0.02,925120
0.02,950081
0.02,948882
0.02,959124
0.02,968143
0.02,975635
0.02,1005597
0.02,1007453
0.02,1042021
0.02,1061432
0.02,1075874
0.02,1090605
0.02,1096663
0.02,1137811
0.02,1101621
0.02,1101934
0.02,1078931
0.02,1075063
0.02,1088964
0.02,1085938
0.02,1111393
0.02,1074890
0.02,1065867
0.02,1059333
0.02,1055507
0.02,1045702
0.02,1035073
0.02,1055132
0.02,1031660
0.02,1019398
0.02,966866
0.02,935497
0.02,894688
0.02,888631
0.02,886933
0.02,901219
0.02,885748
0.02,879173
0.02,878209
0.02,877286
0.02,876439
0.02,875830
0.02,875790
0.02,875778
