0.00, 6075230
0.00, 6060135
0.00, 6007297
0.00, 5990575
0.00, 5982040
0.00, 5923138
0.00, 5914882
0.00, 5897317
0.00, 5842018
0.00, 5801219
0.00, 5721047
0.00, 5709427
0.00, 5610597
0.00, 5610116
0.00, 5505131
0.00, 5501323
0.00, 5470645
0.00, 5336591
0.00, 5312926
0.00, 5271320
0.00, 5213853
0.00, 5177801
0.00, 5115849
0.00, 5062357
0.00, 5057112
0.00, 5016388
0.00, 4973618
0.00, 4958473
0.00, 4908837
0.00, 4844932
0.00, 4765529
0.00, 4763366
0.00, 4746912
0.00, 4746131
0.00, 4720054
0.00, 4695475
0.00, 4685023
0.00, 4612037
0.00, 4563362
0.00, 4494082
0.00, 4464960
0.00, 4413765
0.00, 4384814
0.00, 4347220
0.00, 4338445
0.00, 4330367
0.00, 4309235
0.00, 4308037
0.00, 4242343
0.00, 4233206
0.00, 4228613
0.00, 4220073
0.00, 4211379
0.00, 4208121
0.00, 4151191
0.00, 4118773
0.00, 4100156
0.00, 4095336
0.00, 4052085
0.00, 4046949
0.00, 3989320
0.00, 3910680
0.00, 3909311
0.00, 3793891
0.00, 3790929
0.00, 3773519
0.00, 3771030
0.00, 3769598
0.00, 3673357
0.00, 3670139
0.01, 3660624
0.01, 3640959
0.01, 3639230
0.01, 3621013
0.01, 3620050
0.01, 3587793
0.01, 3577147
0.01, 3575432
0.01, 3431114
0.01, 3428318
0.01, 3403468
0.01, 3340572
0.01, 3323143
0.01, 3286957
0.01, 3277291
0.01, 3270439
0.01, 3270307
0.01, 3242548
0.01, 3240367
0.01, 3240081
0.01, 3228274
0.01, 3176406
0.01, 3153153
0.01, 3102441
0.01, 3082470
0.01, 3079613
0.01, 3075749
0.01, 3037878
0.01, 3037480
0.01, 2963649
0.01, 2954993
0.01, 2945765
0.01, 2922280
0.01, 2919372
0.01, 2852332
0.01, 2844713
0.01, 2844473
0.01, 2793958
0.01, 2787193
0.01, 2756410
0.01, 2731030
0.01, 2729939
0.01, 2714893
0.01, 2685052
0.01, 2661634
0.01, 2638869
0.01, 2617022
0.01, 2584384
0.01, 2582204
0.01, 2579027
0.01, 2570640
0.01, 2568361
0.01, 2562364
0.01, 2558748
0.01, 2552511
0.01, 2549756
0.01, 2531027
0.01, 2529394
0.01, 2527325
0.01, 2514078
0.01, 2507575
0.01, 2462539
0.01, 2457755
0.01, 2399850
0.01, 2382480
0.01, 2379305
0.01, 2362878
0.01, 2350420
0.01, 2340129
0.01, 2321270
0.04, 2306319
0.04, 2306283
0.04, 2293621
0.04, 2272073
0.04, 2219795
0.04, 2217009
0.04, 2214829
0.04, 2197841
0.04, 2191472
0.04, 2190968
0.04, 2185026
0.04, 2180418
0.04, 2167279
0.06, 2165820
0.06, 2155089
0.06, 2144927
0.06, 2127345
0.06, 2123519
0.06, 2116090
0.06, 2110279
0.06, 2095398
0.06, 2084235
0.08, 2067115
0.08, 2064579
0.08, 2040659
0.08, 2032063
0.08, 2008133
0.09, 2002595
0.09, 1987797
0.11, 1981579
0.12, 1970919
0.12, 1962329
0.12, 1943096
0.12, 1940836
0.12, 1928417
0.12, 1927352
0.12, 1894401
0.12, 1891251
0.12, 1863388
0.12, 1858295
0.13, 1857635
0.13, 1847839
0.13, 1827400
0.13, 1822662
0.13, 1821631
0.13, 1812056
0.13, 1792581
0.13, 1750672
0.13, 1741500
0.13, 1735562
0.13, 1718913
0.13, 1711096
0.18, 1705717
0.18, 1697218
0.18, 1696662
0.18, 1677643
0.18, 1654777
0.18, 1653009
0.18, 1641183
0.18, 1630467
0.18, 1609193
0.18, 1603605
0.18, 1602873
0.22, 1555363
0.22, 1548277
0.22, 1539496
0.22, 1529005
0.22, 1506091
0.22, 1499219
0.22, 1482537
0.23, 1481259
0.23, 1454645
0.23, 1425563
0.23, 1410726
0.23, 1383149
0.27, 1382027
0.27, 1373999
0.27, 1370856
0.27, 1362820
0.27, 1362445
0.27, 1341973
0.29, 1337338
0.29, 1321239
0.29, 1320805
0.29, 1320078
0.29, 1304608
0.29, 1292583
0.29, 1290963
0.29, 1284802
0.29, 1275284
0.29, 1271867
0.29, 1271842
0.29, 1262033
0.29, 1256358
0.29, 1241280
0.29, 1236376
0.29, 1236338
0.29, 1232471
0.29, 1232287
0.29, 1230237
0.29, 1226772
0.29, 1219708
0.29, 1218469
0.29, 1215623
0.29, 1215417
0.29, 1209106
0.29, 1199895
0.29, 1199679
0.32, 1195819
0.32, 1187524
0.32, 1184714
0.32, 1181301
0.32, 1166246
0.32, 1163919
0.32, 1161293
0.32, 1153443
0.32, 1152726
0.32, 1147531
0.32, 1146333
0.32, 1145618
0.32, 1145383
0.33, 1140685
0.34, 1140444
0.34, 1129540
0.34, 1125176
0.34, 1122455
0.34, 1119467
0.34, 1115809
0.34, 1113614
0.34, 1112875
0.35, 1108184
0.35, 1106902
0.35, 1096811
0.35, 1091928
0.35, 1074971
0.35, 1073687
0.35, 1068631
0.35, 1066810
0.35, 1056878
0.38, 1056583
0.38, 1047970
0.38, 1046936
0.38, 1044919
0.38, 1035237
0.38, 1027214
0.40, 1025936
0.40, 1023735
0.40, 1019660
0.40, 1014473
0.40, 1008750
0.40, 1007520
0.40, 1002281
0.42, 1002083
0.42, 995090
0.42, 990129
0.42, 987811
0.42, 987268
0.42, 987255
0.44, 980560
0.44, 979781
0.44, 974451
0.44, 972657
0.44, 972274
0.44, 968934
0.44, 968766
0.44, 967812
0.44, 963760
0.45, 960336
0.45, 958638
0.45, 956181
0.45, 955932
0.45, 954590
0.47, 950049
0.47, 948624
0.47, 944982
0.47, 941636
0.47, 937017
0.47, 936904
0.47, 934927
0.48, 921186
0.48, 918931
0.48, 918677
0.48, 915694
0.48, 914361
0.48, 907972
0.50, 901128
0.50, 901013
0.50, 898813
0.50, 896810
0.50, 889931
0.50, 889826
0.50, 889108
0.50, 887374
0.54, 884675
0.54, 883941
0.54, 882484
0.54, 880284
0.54, 876824
0.55, 876477
0.55, 873323
0.55, 872117
0.55, 870941
0.55, 870859
0.55, 869370
0.55, 862607
0.55, 862018
0.55, 858588
0.55, 857780
0.55, 855629
0.55, 854639
0.55, 852701
0.55, 852122
0.55, 849798
0.57, 847801
0.57, 847303
0.59, 843332
0.60, 842388
0.60, 840972
0.60, 840847
0.63, 838794
0.63, 836961
0.63, 834878
0.64, 834283
0.68, 831800
0.68, 829645
0.68, 828798
0.68, 828581
0.68, 826755
0.69, 826726
0.73, 826706
0.73, 826581
0.73, 825899
0.74, 825436
0.74, 825423
0.74, 821334
0.74, 820919
0.74, 819728
0.74, 819279
0.74, 817951
0.74, 817424
0.75, 816963
0.75, 816220
0.75, 815646
0.96, 815469
0.96, 814631
0.96, 814414
0.97, 814177
0.97, 813824
0.97, 813607
0.98, 813568
1.03, 813528
9.01, 813182
9.01, 813062
9.15, 812846
9.15, 811870
9.15, 810991
9.23, 810969
9.35, 810930
15.34, 810767
15.34, 810728
15.34, 810688
