0.03, 6074885
0.03, 6059257
0.03, 6040992
0.03, 5991837
0.03, 5954940
0.03, 5827310
0.03, 5820355
0.03, 5802967
0.03, 5785482
0.03, 5736538
0.03, 5705776
0.03, 5619339
0.03, 5585319
0.03, 5548000
0.03, 5521601
0.03, 5521163
0.03, 5520293
0.03, 5498254
0.03, 5465363
0.03, 5371399
0.03, 5334091
0.03, 5327800
0.03, 5325179
0.03, 5324763
0.03, 5301985
0.03, 5274152
0.03, 5270746
0.03, 5217185
0.03, 5174414
0.03, 5168831
0.03, 5161611
0.03, 5040700
0.03, 5038329
0.03, 4990984
0.03, 4988846
0.03, 4883390
0.03, 4882017
0.03, 4867902
0.03, 4861889
0.03, 4859384
0.03, 4809281
0.03, 4792812
0.03, 4700801
0.03, 4583428
0.03, 4551208
0.03, 4516058
0.03, 4475654
0.03, 4431974
0.03, 4425951
0.03, 4347570
0.03, 4313931
0.03, 4305657
0.03, 4240993
0.03, 4207492
0.03, 4206899
0.03, 4193108
0.03, 4179171
0.03, 4154335
0.03, 4145133
0.03, 4131031
0.03, 4115648
0.03, 4075974
0.03, 4073400
0.03, 4057147
0.03, 4038247
0.03, 4001523
0.03, 3925075
0.03, 3892048
0.03, 3755879
0.03, 3700146
0.03, 3685110
0.03, 3682201
0.03, 3654091
0.03, 3641669
0.03, 3575625
0.03, 3537625
0.03, 3504489
0.03, 3501821
0.03, 3490770
0.03, 3481170
0.03, 3454596
0.03, 3431365
0.03, 3426175
0.03, 3425929
0.03, 3410770
0.03, 3390877
0.03, 3388945
0.03, 3369862
0.03, 3361705
0.03, 3355072
0.03, 3285135
0.03, 3245412
0.03, 3244149
0.03, 3237206
0.03, 3231950
0.03, 3199382
0.03, 3192562
0.03, 3182333
0.03, 3180473
0.03, 3158972
0.03, 3148505
0.03, 3147879
0.03, 3127404
0.03, 3100054
0.03, 3060787
0.03, 3049261
0.03, 2990991
0.03, 2970182
0.03, 2965693
0.03, 2965673
0.03, 2934651
0.03, 2907350
0.03, 2877826
0.03, 2855230
0.03, 2818564
0.03, 2801662
0.03, 2800612
0.03, 2769423
0.03, 2764654
0.03, 2754964
0.03, 2723860
0.03, 2703367
0.03, 2693254
0.03, 2672290
0.03, 2665855
0.04, 2634225
0.04, 2626996
0.04, 2613189
0.04, 2578905
0.04, 2567101
0.04, 2566054
0.04, 2563200
0.04, 2551985
0.04, 2551084
0.04, 2538447
0.04, 2512524
0.04, 2497607
0.04, 2491077
0.04, 2480799
0.04, 2474168
0.04, 2452352
0.04, 2447168
0.04, 2440120
0.04, 2411313
0.04, 2399636
0.04, 2398355
0.04, 2398230
0.04, 2396074
0.04, 2386939
0.04, 2370802
0.04, 2370570
0.05, 2368552
0.05, 2362841
0.05, 2349126
0.05, 2334223
0.05, 2330777
0.05, 2326686
0.06, 2301213
0.06, 2295885
0.07, 2281423
0.07, 2265896
0.07, 2260363
0.07, 2258956
0.07, 2254241
0.07, 2252701
0.07, 2225361
0.07, 2218454
0.07, 2200675
0.07, 2195017
0.07, 2184495
0.07, 2152766
0.07, 2151810
0.07, 2147271
0.07, 2147176
0.07, 2144609
0.09, 2137585
0.09, 2104885
0.10, 2100938
0.11, 2086488
0.11, 2079331
0.11, 2075938
0.11, 2070227
0.11, 2058319
0.11, 2051195
0.11, 2049748
0.11, 2047503
0.11, 2042083
0.11, 2024649
0.12, 2013031
0.12, 2010747
0.12, 2006950
0.12, 1998156
0.13, 1990437
0.13, 1985504
0.13, 1968999
0.13, 1947247
0.13, 1947166
0.13, 1946364
0.13, 1940040
0.13, 1937978
0.13, 1916559
0.14, 1908756
0.14, 1907681
0.14, 1878132
0.14, 1870717
0.14, 1855874
0.14, 1841041
0.17, 1831984
0.17, 1818337
0.17, 1817419
0.17, 1815796
0.17, 1811286
0.17, 1802988
0.18, 1795811
0.18, 1795435
0.18, 1787890
0.18, 1775670
0.18, 1770716
0.18, 1730900
0.18, 1729185
0.19, 1727643
0.19, 1694603
0.19, 1691988
0.19, 1640425
0.19, 1630569
0.19, 1620048
0.19, 1618124
0.19, 1614270
0.19, 1613998
0.19, 1611594
0.19, 1608859
0.19, 1595211
0.20, 1590700
0.20, 1588977
0.20, 1584544
0.20, 1575478
0.20, 1559405
0.20, 1558955
0.20, 1558886
0.20, 1554022
0.20, 1551716
0.20, 1509379
0.20, 1508860
0.25, 1502250
0.25, 1493721
0.26, 1491842
0.26, 1484643
0.26, 1480297
0.26, 1476072
0.26, 1469201
0.26, 1451479
0.26, 1442680
0.26, 1437947
0.26, 1426935
0.26, 1423027
0.26, 1413781
0.26, 1410613
0.26, 1407554
0.28, 1407000
0.28, 1394966
0.28, 1390803
0.28, 1390207
0.28, 1386333
0.28, 1381859
0.28, 1378973
0.28, 1365530
0.28, 1359027
0.28, 1349600
0.28, 1333692
0.28, 1319938
0.28, 1312785
0.28, 1305942
0.28, 1304659
0.28, 1300855
0.28, 1292403
0.28, 1291733
0.28, 1280144
0.28, 1275413
0.31, 1267793
0.31, 1265006
0.32, 1263270
0.32, 1263109
0.32, 1262960
0.32, 1253870
0.32, 1248076
0.32, 1242789
0.32, 1241412
0.32, 1236273
0.32, 1233677
0.32, 1213343
0.33, 1199910
0.33, 1197257
0.33, 1195149
0.33, 1192917
0.33, 1185511
0.33, 1182197
0.33, 1180559
0.33, 1176018
0.33, 1174955
0.33, 1173053
0.33, 1160787
0.33, 1154496
0.33, 1142813
0.33, 1127380
0.33, 1124398
0.33, 1119662
0.33, 1117394
0.33, 1114832
0.33, 1108203
0.33, 1105978
0.33, 1105858
0.33, 1105665
0.33, 1102469
0.33, 1099943
0.33, 1091061
0.39, 1077706
0.39, 1064614
0.39, 1062757
0.39, 1058114
0.39, 1054179
0.39, 1053048
0.39, 1051732
0.39, 1039331
0.39, 1036051
0.39, 1027371
0.39, 1026608
0.44, 1020596
0.44, 1020586
0.44, 1019703
0.44, 1014221
0.44, 1001167
0.44, 999789
0.44, 994250
0.44, 992612
0.44, 991478
0.44, 978250
0.44, 974116
0.44, 968943
0.44, 961529
0.44, 960392
0.46, 956280
0.46, 956194
0.46, 955177
0.46, 954991
0.46, 949796
0.47, 946315
0.47, 943489
0.47, 935542
0.47, 930688
0.47, 930557
0.47, 930427
0.47, 929141
0.50, 925642
0.51, 921259
0.51, 919653
0.51, 917154
0.51, 903276
0.51, 902199
0.51, 898139
0.51, 895234
0.51, 894151
0.51, 892402
0.52, 889758
0.52, 889167
0.52, 887946
0.52, 886618
0.52, 884214
0.52, 878867
0.52, 877516
0.52, 877269
0.52, 871420
0.52, 870624
0.52, 863724
0.60, 861166
0.61, 860613
0.61, 857809
0.61, 857165
0.62, 856651
0.63, 852228
0.63, 851897
0.63, 851059
0.63, 850799
0.63, 850476
0.63, 845669
0.64, 845591
0.64, 845183
0.64, 844773
0.65, 841035
0.65, 840660
0.65, 838385
0.66, 837472
0.66, 836634
0.66, 836565
0.66, 834749
0.66, 834745
0.66, 833769
0.66, 832185
0.66, 832070
0.66, 830688
0.66, 828487
0.66, 827201
0.66, 826600
0.72, 823453
0.72, 823057
0.74, 822706
0.74, 822229
0.74, 821292
0.74, 816814
3.22, 816688
3.22, 816589
3.23, 816321
3.23, 815872
3.23, 815833
3.23, 815793
3.29, 815457
3.38, 815275
3.38, 815235
3.51, 815196
