0.00,5890822
0.00,5617176
0.00,5461845
0.00,5446354
0.00,5208335
0.00,5021878
0.00,4894752
0.00,4729133
0.00,4433589
0.00,4391713
0.00,4285292
0.00,4214761
0.00,4224884
0.00,4201406
0.00,4154953
0.00,4153781
0.00,4133233
0.00,4139054
0.00,4147989
0.00,4043559
0.00,3952289
0.00,3837643
0.00,3748671
0.00,3783879
0.00,3819219
0.00,3808159
0.00,3735656
0.00,3738845
0.00,3700919
0.00,3621299
0.00,3591153
0.00,3597325
0.00,3452617
0.00,3347466
0.00,3316980
0.00,3336691
0.00,3277243
0.00,3112454
0.00,3108026
0.00,3135893
0.00,3204995
0.00,3187216
0.00,3038720
0.00,2980389
0.00,2940590
0.00,2938902
0.00,2854044
0.00,2833067
0.00,2805848
0.00,2798737
0.00,2814288
0.00,2776176
0.00,2764847
0.00,2766339
0.00,2727724
0.01,2707662
0.01,2774401
0.01,2712789
0.01,2619711
0.01,2682137
0.01,2675954
0.01,2645019
0.01,2655136
0.01,2566586
0.01,2566340
0.01,2577869
0.01,2607685
0.01,2519407
0.01,2472875
0.01,2337774
0.01,2319140
0.01,2451275
0.01,2474838
0.01,2421072
0.01,2400528
0.01,2328722
0.01,2340526
0.01,2235895
0.01,2206859
0.01,2223523
0.01,2169653
0.01,2113322
0.01,2059812
0.01,2079287
0.01,2133084
0.01,2085010
0.01,2076302
0.01,2097231
0.01,1992800
0.01,2030050
0.01,2007770
0.01,1994719
0.01,1999597
0.01,1995661
0.01,2024607
0.01,2038061
0.01,2050886
0.01,2087035
0.01,2008542
0.01,1931570
0.01,1874063
0.01,1903733
0.01,1914031
0.01,2016529
0.01,1933786
0.01,1920207
0.01,1925318
0.01,1913114
0.01,1881873
0.01,1894169
0.01,1935817
0.01,1913278
0.01,1847281
0.01,1858938
0.01,1857034
0.01,1863606
0.01,1907227
0.01,1878894
0.01,1858434
0.01,1853949
0.01,1809850
0.01,1801512
0.01,1789496
0.01,1747375
0.01,1787923
0.01,1801785
0.01,1909938
0.01,1853122
0.01,1851660
0.01,1857958
0.01,1841001
0.01,1764769
0.01,1759488
0.01,1776681
0.01,1780996
0.01,1831609
0.01,1783121
0.01,1726886
0.01,1807248
0.01,1812754
0.01,1801153
0.01,1796232
0.01,1797825
0.01,1776791
0.01,1727891
0.01,1716793
0.01,1704852
0.01,1711557
0.01,1766502
0.01,1709777
0.01,1694869
0.01,1709403
0.01,1709857
0.01,1725968
0.01,1754524
0.01,1746179
0.01,1696049
0.01,1722965
0.01,1732626
0.01,1706508
0.01,1710851
0.01,1735754
0.01,1712490
0.01,1825961
0.01,1735675
0.01,1710029
0.01,1766703
0.01,1730074
0.01,1651242
0.01,1654944
0.01,1622969
0.01,1633841
0.01,1621521
0.01,1607511
0.01,1579165
0.01,1593935
0.01,1596069
0.01,1548656
0.01,1534415
0.01,1502333
0.01,1538601
0.01,1520267
0.01,1457677
0.01,1432167
0.01,1464643
0.01,1467487
0.01,1480233
0.01,1538643
0.01,1543677
0.01,1526327
0.01,1567349
0.01,1501941
0.01,1415959
0.01,1419244
0.01,1404309
0.01,1381636
0.01,1360712
0.01,1373501
0.01,1362488
0.01,1354486
0.01,1327135
0.01,1326367
0.01,1321571
0.01,1372100
0.01,1386413
0.01,1365714
0.01,1406314
0.01,1426031
0.01,1406587
0.01,1450575
0.01,1416984
0.01,1395259
0.01,1399390
0.01,1338258
0.01,1320064
0.01,1339892
0.01,1354013
0.01,1338777
0.01,1287370
0.01,1270862
0.01,1278523
0.01,1278684
0.01,1251872
0.01,1234105
0.01,1215077
0.01,1220196
0.01,1197716
0.01,1216083
0.01,1195483
0.01,1214394
0.01,1216457
0.01,1173875
0.01,1165980
0.01,1189242
0.01,1173161
0.01,1197338
0.01,1179241
0.01,1182221
0.01,1185745
0.01,1140742
0.01,1162912
0.01,1176533
0.01,1157242
0.01,1125416
0.01,1126312
0.01,1102992
0.01,1104917
0.01,1088758
0.01,1077181
0.01,1074466
0.01,1061558
0.01,1055488
0.01,1042790
0.01,1032661
0.01,1029941
0.01,1019583
0.01,1011351
0.01,1029570
0.01,1058696
0.01,1033306
0.01,1029021
0.01,1023472
0.01,1023214
0.01,1039787
0.01,1059755
0.01,1026382
0.01,1012349
0.01,987514
0.01,979828
0.01,972230
0.01,963175
0.01,957561
0.01,952082
0.01,947003
0.01,942524
0.01,940750
0.01,966668
0.01,972326
0.01,975213
0.01,985414
0.01,994639
0.01,1037902
0.01,1053254
0.01,1049903
0.01,1074919
0.01,1065916
0.01,1066048
0.01,1035098
0.01,1036752
0.01,1037032
0.01,1036865
0.01,1079325
0.01,1047353
0.01,1075491
0.01,1072617
0.01,1030018
0.01,1035652
0.01,1020741
0.01,1004464
0.01,994314
0.01,983385
0.01,973356
0.01,955662
0.01,942383
0.01,984002
0.01,978942
0.01,989786
0.01,1018358
0.01,1000062
0.01,1004192
0.01,1020757
0.01,1020041
0.01,1047068
0.01,1056907
0.01,1066945
0.01,1056392
0.01,1053918
0.01,1037240
0.01,999376
0.01,1011324
0.01,1010168
0.01,1020159
0.01,1065498
0.01,1042713
0.01,1057773
0.01,1055969
0.01,1023710
0.01,1025953
0.01,1011577
0.02,974423
0.02,943977
0.02,973926
0.02,939289
0.02,925615
0.02,914805
0.02,905522
0.02,901680
0.02,897964
0.02,894766
0.02,891949
0.02,889044
0.02,886331
0.02,883228
0.02,880522
0.02,878260
0.02,876105
0.02,874032
0.02,872332
0.02,870971
0.02,881426
0.02,903762
0.02,901575
0.02,895690
0.02,878796
0.02,884698
0.02,890277
0.02,883859
0.02,863089
0.02,866367
0.02,861867
0.02,853667
0.02,850348
0.02,849032
0.02,848157
