0.01,5299710
0.01,5002157
0.01,4967773
0.01,4972984
0.01,4969628
0.01,4953353
0.01,4968684
0.01,4914111
0.01,4898963
0.01,4846663
0.01,4810645
0.01,4670025
0.01,4537844
0.01,4509947
0.01,4475911
0.01,4437660
0.01,4460433
0.01,4375951
0.01,4338602
0.01,4222374
0.01,4065154
0.01,4016528
0.01,3975442
0.01,3914292
0.01,3911847
0.01,3932643
0.01,3797541
0.01,3762323
0.01,3723028
0.01,3666268
0.01,3606471
0.01,3592563
0.01,3585900
0.01,3569402
0.01,3591463
0.01,3577640
0.01,3545685
0.01,3586920
0.01,3597462
0.01,3572865
0.01,3572666
0.01,3427439
0.01,3481831
0.01,3476551
0.01,3478262
0.01,3356450
0.01,3328205
0.01,3325953
0.01,3340632
0.01,3361176
0.01,3225756
0.01,3225759
0.01,3151607
0.01,2982832
0.01,2967060
0.01,3005334
0.01,2962589
0.01,2942713
0.01,2930714
0.01,2885586
0.01,2872765
0.01,2892247
0.01,2915805
0.01,2874385
0.01,2839314
0.01,2836538
0.01,2809984
0.01,2812324
0.01,2823159
0.01,2795968
0.01,2757464
0.01,2734613
0.01,2778200
0.01,2685022
0.01,2756075
0.01,2729478
0.01,2641773
0.01,2636532
0.01,2613218
0.01,2661342
0.01,2630342
0.01,2699953
0.01,2657065
0.01,2700084
0.01,2704318
0.01,2619472
0.01,2723090
0.01,2707666
0.01,2704734
0.01,2710814
0.01,2706292
0.01,2678390
0.01,2653331
0.01,2603039
0.01,2553518
0.01,2555271
0.01,2519432
0.01,2436867
0.01,2445419
0.01,2434619
0.01,2427718
0.01,2472694
0.01,2576312
0.01,2560888
0.01,2557956
0.01,2564036
0.01,2559514
0.01,2531612
0.01,2506553
0.01,2456261
0.01,2366930
0.01,2371669
0.01,2302976
0.01,2274687
0.01,2200385
0.01,2197262
0.01,2204646
0.01,2138429
0.01,2141713
0.01,2141013
0.01,2155526
0.01,2161841
0.01,2128994
0.01,2219295
0.01,2180136
0.01,2174018
0.01,2214479
0.01,2201144
0.01,2172485
0.01,2197566
0.01,2145400
0.01,2121074
0.01,2150280
0.01,2156103
0.01,2202087
0.01,2208421
0.01,2163978
0.01,2171457
0.01,2195394
0.01,2121447
0.01,2085679
0.01,2065891
0.01,2036752
0.01,2081744
0.01,2064114
0.01,2107423
0.01,2092423
0.01,2076980
0.01,2123334
0.01,2140278
0.01,2124952
0.01,2184162
0.01,2134409
0.01,2119555
0.01,2116657
0.01,2101023
0.01,2108508
0.02,2125112
0.02,2084925
0.02,2150816
0.02,2074758
0.02,2133464
0.02,2188823
0.02,2191880
0.02,2222758
0.02,2178862
0.02,2138155
0.02,2212622
0.02,2221530
0.02,2193785
0.02,2135520
0.02,2076525
0.02,1971071
0.02,1968103
0.02,1963029
0.02,2003599
0.02,2019147
0.02,2003402
0.02,1987657
0.02,1958807
0.02,1931911
0.02,1936162
0.02,1956485
0.02,1939082
0.02,1949530
0.02,1944766
0.02,1919967
0.02,1902459
0.02,1877947
0.02,1838046
0.02,1824990
0.02,1804107
0.02,1808983
0.02,1789229
0.02,1791664
0.02,1777532
0.02,1818066
0.02,1837971
0.02,1825424
0.02,1808800
0.02,1734669
0.02,1684993
0.02,1708096
0.02,1726709
0.02,1720394
0.02,1681033
0.02,1685707
0.02,1680074
0.02,1735815
0.02,1730157
0.02,1702210
0.02,1733276
0.02,1665029
0.02,1653922
0.02,1634232
0.02,1617628
0.02,1657787
0.02,1697180
0.02,1753111
0.02,1743532
0.02,1738058
0.02,1744888
0.02,1673709
0.02,1661602
0.02,1644136
0.02,1590839
0.02,1589381
0.02,1558165
0.02,1548037
0.02,1525689
0.02,1508154
0.02,1515598
0.02,1496342
0.02,1486882
0.02,1463784
0.02,1436827
0.02,1454024
0.02,1463681
0.02,1462424
0.02,1489290
0.02,1499652
0.02,1412338
0.02,1392306
0.02,1430722
0.02,1443292
0.02,1484966
0.02,1524420
0.02,1580676
0.02,1617629
0.02,1614748
0.02,1558418
0.02,1555584
0.02,1568428
0.02,1510967
0.02,1515273
0.02,1512161
0.02,1501408
0.02,1412691
0.02,1408514
0.02,1401181
0.02,1364604
0.02,1342098
0.02,1342278
0.02,1345103
0.02,1311841
0.02,1309494
0.02,1274030
0.02,1255239
0.02,1267272
0.02,1267565
0.02,1259116
0.02,1255759
0.02,1273983
0.02,1272672
0.02,1257485
0.02,1326445
0.02,1344726
0.02,1319735
0.02,1315160
0.02,1404208
0.02,1407810
0.02,1385132
0.02,1400936
0.02,1406452
0.02,1416130
0.02,1451968
0.02,1423668
0.02,1366138
0.02,1379597
0.02,1373526
0.02,1374771
0.02,1400028
0.02,1387281
0.02,1412434
0.02,1410140
0.02,1407927
0.02,1393681
0.02,1382909
0.02,1388953
0.02,1382466
0.02,1383351
0.02,1435208
0.02,1446523
0.02,1429782
0.02,1386625
0.02,1370882
0.02,1296481
0.02,1283669
0.02,1270537
0.02,1249091
0.02,1251407
0.02,1256837
0.02,1244605
0.02,1240134
0.02,1268790
0.02,1283154
0.02,1284340
0.02,1309624
0.02,1317514
0.02,1314964
0.02,1267935
0.02,1317205
0.02,1315485
0.02,1313994
0.02,1389538
0.02,1397860
0.02,1398148
0.02,1403258
0.02,1419398
0.02,1390885
0.02,1362681
0.02,1336526
0.02,1303305
0.02,1290559
0.02,1279350
0.02,1291490
0.02,1317723
0.02,1292331
0.02,1291968
0.02,1269067
0.02,1259205
0.02,1240488
0.02,1260759
0.02,1265286
0.02,1273203
0.02,1268132
0.02,1293640
0.02,1306513
0.02,1265992
0.02,1290286
0.02,1291404
0.02,1275772
0.02,1224761
0.02,1255144
0.02,1285039
0.02,1272086
0.02,1331160
0.02,1343972
0.02,1396650
0.02,1403083
0.02,1397147
0.02,1401012
0.02,1402256
0.02,1402997
0.02,1444641
0.02,1465566
0.02,1426397
0.02,1416955
0.02,1439048
0.02,1437523
0.02,1419944
0.02,1412708
0.02,1405585
0.02,1384923
0.02,1406108
0.02,1376436
0.02,1384282
0.02,1405511
0.02,1400785
0.02,1407941
0.02,1377751
0.02,1343560
0.02,1312546
0.02,1299147
0.02,1235027
0.03,1216612
0.03,1208776
0.03,1186908
0.03,1168147
0.03,1162106
0.03,1146224
0.03,1136408
0.03,1122108
0.03,1108132
0.03,1106106
0.03,1111410
0.03,1095703
0.03,1089275
0.03,1093109
0.03,1104946
0.03,1136570
0.03,1134602
0.03,1164307
0.03,1192740
0.03,1166594
0.03,1191737
0.03,1181469
0.03,1161952
0.03,1145912
0.03,1122076
0.03,1117419
0.03,1092680
0.03,1077485
0.03,1078574
0.03,1093088
0.03,1066131
0.03,1087060
0.03,1082427
0.03,1055992
0.03,1065604
0.03,1087814
0.03,1056663
0.03,1068898
0.03,1044416
0.03,1064530
0.03,1056566
0.03,1054850
0.03,1084695
0.03,1077850
0.03,1091691
0.03,1089696
0.03,1114126
0.03,1119520
0.03,1122087
0.03,1148897
0.03,1169843
0.03,1169930
0.03,1153045
0.03,1112334
0.03,1117806
0.03,1109917
0.03,1097712
0.03,1039751
0.03,1053931
0.03,1053505
0.03,1037378
0.03,1059809
0.03,1061929
0.03,1066456
0.03,1067903
0.03,1085002
0.03,1097103
0.03,1107088
0.03,1103085
0.03,1149970
0.03,1154883
0.03,1157754
0.03,1097866
0.03,1097095
0.03,1127010
0.03,1081264
0.03,1050116
0.03,1041510
0.03,1014523
0.03,1000128
0.03,983412
0.03,973346
0.03,964244
0.03,956574
0.03,948866
0.03,941225
0.03,937658
0.03,947028
0.03,955762
0.03,960581
0.03,942194
0.03,974279
0.03,971333
0.03,958761
0.03,952076
0.03,928259
0.03,921847
0.03,915882
0.03,910348
0.03,915111
0.03,905454
0.03,926244
0.03,949430
0.03,971333
0.03,982246
0.03,973644
0.03,999890
0.03,1037320
0.03,1031277
0.03,1032514
0.03,1037074
0.03,1063464
0.03,1062816
0.03,1066436
0.03,1066641
0.03,1074393
0.03,1057997
0.03,1103275
0.03,1081767
0.03,1085798
0.03,1066606
0.03,1058073
0.03,1068284
0.03,1051517
0.03,1050240
0.03,1047668
0.03,1054598
0.03,1053706
0.03,1053603
0.03,1052094
0.03,1064985
0.03,1072177
0.03,1056317
0.03,1088369
0.03,1074410
0.03,1004128
0.03,1016499
0.03,1020858
0.03,1019803
0.03,1064000
0.03,1073286
0.03,1023709
0.03,975986
0.03,947864
0.03,952465
0.03,939006
0.03,927973
0.03,897871
0.03,893756
0.03,888695
0.03,885077
0.03,885835
0.03,881504
0.03,878235
0.03,875330
0.03,885605
0.03,916484
0.03,900164
0.03,916231
0.03,954035
0.03,968092
0.03,965804
0.03,976253
0.03,976380
0.03,989232
0.03,968126
0.03,970535
0.03,933447
0.03,898465
0.03,872542
0.03,876711
0.03,920852
0.03,914372
0.03,929329
0.03,935614
0.03,950698
0.03,948051
0.03,956787
0.03,956156
0.03,972138
0.03,934014
0.03,911456
0.03,860792
0.03,858474
0.03,856508
0.03,854810
0.03,853239
0.03,852137
0.03,851214
0.03,894502
0.03,936153
0.03,929698
0.03,883655
0.03,896124
0.03,900015
0.03,899656
0.03,947270
0.03,948990
0.03,902556
0.03,851070
0.03,853316
0.03,873956
0.03,884890
0.03,891825
0.03,906363
0.03,915682
0.03,929938
0.03,936913
0.03,939195
0.03,945657
0.03,945863
0.03,966132
0.03,931516
0.03,946149
0.03,935133
0.03,873298
0.03,878411
0.03,882237
0.03,857657
0.03,842841
0.03,846805
0.03,847272
0.03,857443
0.03,852660
0.03,842570
0.03,832549
0.03,841148
0.03,835732
0.03,827212
0.03,827097
