0.00,5914584
0.00,5701473
0.00,5335972
0.00,5260939
0.00,5129227
0.00,4937979
0.00,4762448
0.00,4698545
0.00,4635542
0.00,4593262
0.00,4473793
0.00,4281034
0.00,4267849
0.00,4191770
0.00,4178354
0.00,4098357
0.00,4038842
0.00,3907925
0.00,3907712
0.00,3944318
0.00,3849560
0.00,3877189
0.00,3890404
0.00,3823552
0.00,3679857
0.00,3533986
0.00,3407435
0.00,3378349
0.00,3360482
0.00,3402522
0.00,3391110
0.00,3439853
0.00,3422671
0.00,3370364
0.00,3209909
0.00,3223357
0.00,3243828
0.00,3266759
0.00,3192028
0.00,3209913
0.00,3116424
0.00,3152372
0.00,3164552
0.00,3150468
0.00,3075090
0.00,3031757
0.00,3015140
0.00,2961338
0.00,2915240
0.00,2925468
0.00,2877965
0.00,2820110
0.00,2813158
0.00,2785361
0.00,2757137
0.00,2640732
0.00,2653547
0.00,2718095
0.00,2778408
0.00,2725232
0.00,2715774
0.00,2723468
0.00,2678882
0.00,2648653
0.01,2651296
0.01,2613034
0.01,2592917
0.01,2629957
0.01,2646501
0.01,2678368
0.01,2660120
0.01,2666867
0.01,2568789
0.01,2562446
0.01,2508958
0.01,2478176
0.01,2388831
0.01,2404820
0.01,2443808
0.01,2406942
0.01,2393352
0.01,2354072
0.01,2376300
0.01,2389047
0.01,2373854
0.01,2350751
0.01,2319595
0.01,2285666
0.01,2330851
0.01,2351534
0.01,2354619
0.01,2378249
0.01,2411782
0.01,2376556
0.01,2367773
0.01,2298349
0.01,2331865
0.01,2304319
0.01,2273717
0.01,2288769
0.01,2210111
0.01,2228705
0.01,2162205
0.01,2161079
0.01,2134767
0.01,2078069
0.01,2093836
0.01,2113512
0.01,2072509
0.01,2011026
0.01,2018420
0.01,2028107
0.01,1989982
0.01,2018808
0.01,1981857
0.01,1974049
0.01,1950504
0.01,1913093
0.01,1886432
0.01,1861788
0.01,1817059
0.01,1774302
0.01,1779585
0.01,1747905
0.01,1724166
0.01,1670413
0.01,1654752
0.01,1681923
0.01,1664222
0.01,1663235
0.01,1666802
0.01,1657823
0.01,1701414
0.01,1722667
0.01,1699364
0.01,1675356
0.01,1649275
0.01,1642718
0.01,1635784
0.01,1631921
0.01,1598390
0.01,1624143
0.01,1641066
0.01,1599719
0.01,1674890
0.01,1680583
0.01,1598979
0.01,1618387
0.01,1604205
0.01,1555899
0.01,1570183
0.01,1511030
0.01,1503245
0.01,1471206
0.01,1458077
0.01,1435320
0.01,1467269
0.01,1500977
0.01,1453672
0.01,1438205
0.01,1452364
0.01,1452659
0.01,1404200
0.01,1394792
0.01,1396148
0.01,1414284
0.01,1440010
0.01,1410084
0.01,1388547
0.01,1361181
0.01,1355977
0.01,1323140
0.01,1321364
0.01,1321602
0.01,1332146
0.01,1335486
0.01,1348164
0.01,1361011
0.01,1345920
0.01,1344715
0.01,1330480
0.01,1314830
0.01,1301771
0.01,1298498
0.01,1301890
0.01,1274665
0.01,1254057
0.01,1234658
0.01,1254449
0.01,1263062
0.01,1215284
0.01,1226471
0.01,1238754
0.01,1247333
0.01,1240091
0.01,1255547
0.01,1263990
0.01,1342901
0.01,1322288
0.01,1305295
0.01,1286050
0.01,1275346
0.01,1285395
0.01,1297595
0.01,1209505
0.01,1202117
0.01,1210388
0.01,1195538
0.01,1208594
0.01,1177120
0.01,1159010
0.01,1176290
0.01,1207750
0.01,1208989
0.01,1212616
0.01,1255738
0.01,1255140
0.01,1204364
0.01,1196479
0.01,1221186
0.01,1275819
0.01,1221931
0.01,1201803
0.01,1202017
0.01,1141535
0.01,1121678
0.01,1140429
0.01,1130513
0.01,1107072
0.01,1101930
0.01,1088176
0.01,1076450
0.01,1075943
0.01,1066268
0.01,1079305
0.01,1081398
0.01,1113350
0.01,1114653
0.01,1107969
0.01,1120229
0.01,1092941
0.01,1087643
0.01,1098118
0.01,1112880
0.01,1069882
0.01,1090962
0.01,1128329
0.01,1130658
0.01,1088490
0.01,1090646
0.01,1056152
0.01,1059164
0.01,1043907
0.01,1089550
0.01,1110789
0.01,1132569
0.01,1134417
0.01,1145665
0.01,1120418
0.01,1132953
0.01,1084239
0.01,1053558
0.01,1053228
0.01,1089204
0.01,1064819
0.01,1025251
0.01,1016337
0.01,1008494
0.01,1001035
0.01,994133
0.01,996100
0.01,987647
0.01,981518
0.01,978065
0.01,974051
0.01,971317
0.01,968807
0.01,966652
0.01,963870
0.01,962165
0.01,960749
0.01,959463
0.01,958184
0.01,956990
0.01,956026
0.01,955417
0.01,954814
0.01,954281
0.01,953832
0.01,953588
0.01,975652
0.01,968957
0.01,953347
0.02,964619
0.02,966764
0.02,951626
0.02,946907
0.02,977312
0.02,969445
0.02,946838
0.02,975082
0.02,942929
0.02,941558
0.02,941518
0.02,984026
0.02,960893
0.02,1000724
0.02,999043
0.02,1025513
0.02,1026147
0.02,1029493
0.02,1054061
0.02,1131704
0.02,1152762
0.02,1179079
0.02,1191456
0.02,1184034
0.02,1208636
0.02,1192327
0.02,1146129
0.02,1147453
0.02,1143444
0.02,1075412
0.02,1095609
0.02,1085521
0.02,1106064
0.02,1088816
0.02,1051988
0.02,1034513
0.02,1014010
0.02,1007226
0.02,982832
0.02,994044
0.02,998674
0.02,998933
0.02,1042361
0.02,1022285
0.02,1028325
0.02,1030150
0.02,1011735
0.02,1005847
0.02,1004359
0.02,986237
0.02,990987
0.02,994631
0.02,999271
0.02,1019065
0.02,1010435
0.02,977588
0.02,965909
0.02,954401
0.02,941511
