0.00,5400190
0.00,5168046
0.00,5105054
0.00,4999268
0.00,4970466
0.00,4903494
0.00,4890083
0.00,4704251
0.00,4538406
0.00,4432413
0.00,4346490
0.00,4206494
0.00,4049356
0.00,4027510
0.00,3923192
0.00,3760897
0.00,3749342
0.00,3752601
0.00,3729102
0.00,3731786
0.00,3755522
0.00,3650373
0.00,3620906
0.00,3616062
0.00,3578479
0.00,3540160
0.00,3505978
0.00,3476918
0.00,3521332
0.00,3384197
0.00,3238174
0.00,3273810
0.00,3328370
0.00,3287352
0.00,3275226
0.00,3127327
0.00,3018997
0.00,2947147
0.00,2845785
0.00,2821261
0.00,2847334
0.00,2783367
0.00,2733191
0.00,2728241
0.00,2663074
0.00,2600146
0.00,2572549
0.00,2533543
0.00,2432003
0.00,2375273
0.00,2384589
0.00,2419035
0.00,2450749
0.00,2474278
0.00,2509710
0.00,2480910
0.00,2420824
0.00,2391986
0.01,2471052
0.01,2477275
0.01,2478973
0.01,2439965
0.01,2484460
0.01,2437637
0.01,2288627
0.01,2291834
0.01,2247844
0.01,2210542
0.01,2151814
0.01,2183457
0.01,2181595
0.01,2110790
0.01,2058220
0.01,2111094
0.01,2137076
0.01,2153163
0.01,2188222
0.01,2173346
0.01,2160870
0.01,2146435
0.01,2061160
0.01,2113047
0.01,2154682
0.01,2161665
0.01,2129121
0.01,2120661
0.01,2153734
0.01,2117530
0.01,2098761
0.01,2040480
0.01,1994695
0.01,1992728
0.01,2002588
0.01,1963990
0.01,1917488
0.01,1901678
0.01,1935247
0.01,1937775
0.01,1896064
0.01,1948622
0.01,2017396
0.01,2041500
0.01,2061013
0.01,2042276
0.01,2067665
0.01,2005049
0.01,1962183
0.01,1948653
0.01,1956218
0.01,1941527
0.01,1928839
0.01,1909192
0.01,1854735
0.01,1849855
0.01,1870918
0.01,1940460
0.01,1912448
0.01,1817745
0.01,1782569
0.01,1767573
0.01,1777647
0.01,1773244
0.01,1757905
0.01,1722899
0.01,1738054
0.01,1776118
0.01,1709578
0.01,1697284
0.01,1685459
0.01,1647727
0.01,1655774
0.01,1660093
0.01,1739380
0.01,1733112
0.01,1748781
0.01,1767185
0.01,1756649
0.01,1768374
0.01,1760766
0.01,1766057
0.01,1773544
0.01,1796501
0.01,1727018
0.01,1721264
0.01,1686824
0.01,1631523
0.01,1588292
0.01,1580086
0.01,1553651
0.01,1540581
0.01,1503684
0.01,1502407
0.01,1478706
0.01,1455965
0.01,1452363
0.01,1446342
0.01,1445861
0.01,1429477
0.01,1448327
0.01,1448679
0.01,1450634
0.01,1400603
0.01,1404986
0.01,1370527
0.01,1385913
0.01,1455356
0.01,1445657
0.01,1451086
0.01,1417088
0.01,1377530
0.01,1377170
0.01,1358802
0.01,1343716
0.01,1323420
0.01,1334202
0.01,1331857
0.01,1340686
0.01,1348384
0.01,1328104
0.01,1423171
0.01,1441421
0.01,1438541
0.01,1438527
0.01,1443863
0.01,1485845
0.01,1461172
0.01,1455692
0.01,1413156
0.01,1436011
0.01,1461266
0.01,1461128
0.01,1479085
0.01,1420947
0.01,1425660
0.01,1428895
0.01,1439702
0.01,1444407
0.01,1509380
0.01,1526014
0.01,1535674
0.01,1527609
0.01,1521355
0.01,1528443
0.01,1507032
0.01,1499267
0.01,1474902
0.01,1500864
0.01,1438726
0.01,1416106
0.01,1430819
0.01,1392987
0.01,1352365
0.01,1352311
0.01,1369298
0.01,1356365
0.01,1328923
0.01,1322184
0.01,1295204
0.01,1280238
0.01,1255788
0.01,1242092
0.01,1225992
0.01,1207467
0.01,1210923
0.01,1191495
0.01,1203574
0.01,1211052
0.01,1206855
0.01,1215016
0.01,1227861
0.01,1222562
0.01,1250609
0.01,1267919
0.01,1291652
0.01,1286181
0.01,1241012
0.01,1222721
0.01,1222451
0.01,1197371
0.01,1201881
0.01,1175635
0.01,1180939
0.01,1188109
0.01,1202882
0.01,1251319
0.01,1280022
0.01,1237913
0.01,1231775
0.01,1196009
0.01,1188540
0.01,1157010
0.01,1142615
0.01,1156008
0.01,1148137
0.01,1147727
0.01,1148893
0.01,1159571
0.01,1195924
0.01,1179950
0.01,1195713
0.01,1142123
0.01,1138095
0.01,1147230
0.01,1170774
0.01,1146606
0.01,1144825
0.01,1146151
0.01,1121877
0.01,1122032
0.01,1109788
0.01,1098653
0.01,1087495
0.01,1080221
0.01,1069073
0.01,1059305
0.01,1051462
0.01,1043821
0.01,1036535
0.01,1029787
0.01,1023239
0.01,1016688
0.01,1072906
0.01,1077612
0.01,1086187
0.01,1089427
0.01,1034936
0.01,1056796
0.01,1062099
0.01,1022906
0.01,1033816
0.01,1049640
0.01,1054736
0.01,1053667
0.01,1108467
0.01,1114145
0.01,1137041
0.01,1148808
0.01,1151391
0.01,1195473
0.01,1205873
0.01,1238840
0.01,1213530
0.01,1204395
0.01,1194943
0.01,1185581
0.01,1194469
0.01,1167181
0.01,1186531
0.01,1175762
0.01,1178494
0.01,1195856
0.01,1214257
0.01,1217000
0.02,1215166
0.02,1199591
0.02,1196658
0.02,1184141
0.02,1194637
0.02,1170105
0.02,1170997
0.02,1141841
0.02,1067098
0.02,1040127
0.02,1067171
0.02,1066591
0.02,1068821
0.02,1081258
0.02,1029263
0.02,1011209
0.02,1005928
0.02,1001890
0.02,1001030
0.02,995881
0.02,992293
0.02,988889
0.02,995617
0.02,1022620
0.02,1038074
0.02,1018341
0.02,986012
0.02,986177
0.02,992905
0.02,1019908
0.02,1035362
0.02,1015629
0.02,983300
0.02,1001388
0.02,1020782
0.02,1017681
0.02,1005643
0.02,979937
0.02,977541
0.02,975386
0.02,973308
0.02,971643
0.02,970008
0.02,968310
0.02,966739
0.02,965350
0.02,963971
0.02,962205
0.02,960798
0.02,973147
0.02,959393
0.02,958016
0.02,956688
0.02,955724
0.02,954787
0.02,954265
0.02,953950
