0.00,5765235
0.00,5613410
0.00,5424753
0.00,5218907
0.00,5231427
0.00,4913903
0.00,4750412
0.00,4583249
0.00,4551605
0.00,4530351
0.00,4434569
0.00,4406706
0.00,4325018
0.00,4255189
0.00,4227599
0.00,4182703
0.00,4079254
0.00,4117627
0.00,3989458
0.00,3940969
0.00,3928463
0.00,3855203
0.00,3862864
0.00,3825702
0.00,3724493
0.00,3734258
0.00,3660262
0.00,3632961
0.00,3732482
0.00,3523615
0.00,3486671
0.00,3448787
0.00,3465026
0.00,3404549
0.00,3320948
0.00,3321446
0.00,3262165
0.00,3283338
0.00,3262218
0.00,3288839
0.00,3213756
0.00,3116653
0.00,3100407
0.00,3072804
0.00,3036090
0.00,3002818
0.00,3010650
0.00,2899637
0.00,2909941
0.00,2994803
0.00,2949615
0.00,2938710
0.00,2850242
0.00,2862081
0.00,2847495
0.00,2844989
0.00,2905038
0.00,2717682
0.01,2761957
0.01,2792226
0.01,2675274
0.01,2662953
0.01,2675890
0.01,2752698
0.01,2659655
0.01,2679073
0.01,2668461
0.01,2662838
0.01,2649657
0.01,2633492
0.01,2594195
0.01,2520238
0.01,2491759
0.01,2399445
0.01,2358830
0.01,2345932
0.01,2285635
0.01,2250383
0.01,2286248
0.01,2195267
0.01,2204554
0.01,2195704
0.01,2160657
0.01,2084486
0.01,2086001
0.01,2060514
0.01,2075362
0.01,2095752
0.01,2121589
0.01,2071505
0.01,2093196
0.01,2135861
0.01,2027729
0.01,2028864
0.01,1963886
0.01,1964767
0.01,1961258
0.01,1923086
0.01,1891757
0.01,1906976
0.01,1879652
0.01,1961180
0.01,1941440
0.01,1919308
0.01,1933469
0.01,1898292
0.01,1903868
0.01,1904098
0.01,1926043
0.01,1888857
0.01,1876595
0.01,1909813
0.01,1932595
0.01,1941595
0.01,1911947
0.01,1857601
0.01,1861646
0.01,1874171
0.01,1907944
0.01,1917119
0.01,1914463
0.01,1883182
0.01,1876986
0.01,1848036
0.01,1834400
0.01,1823620
0.01,1785241
0.01,1749090
0.01,1709865
0.01,1706016
0.01,1731384
0.01,1757146
0.01,1774834
0.01,1777182
0.01,1815524
0.01,1819211
0.01,1864851
0.01,1915896
0.01,1842455
0.01,1808288
0.01,1755474
0.01,1723498
0.01,1695509
0.01,1684764
0.01,1659958
0.01,1687537
0.01,1688982
0.01,1678713
0.01,1668507
0.01,1701031
0.01,1719216
0.01,1718478
0.01,1758826
0.01,1808394
0.01,1855446
0.01,1808996
0.01,1753760
0.01,1719047
0.01,1701476
0.01,1623385
0.01,1603215
0.01,1606858
0.01,1618539
0.01,1633999
0.01,1604169
0.01,1602024
0.01,1604198
0.01,1623747
0.01,1612256
0.01,1654724
0.01,1629128
0.01,1644246
0.01,1638982
0.01,1604819
0.01,1565456
0.01,1579740
0.01,1549718
0.01,1546315
0.01,1555278
0.01,1550472
0.01,1525626
0.01,1507115
0.01,1497949
0.01,1495352
0.01,1464361
0.01,1431400
0.01,1416479
0.01,1428197
0.01,1402217
0.01,1407779
0.01,1382299
0.01,1383674
0.01,1360174
0.01,1396129
0.01,1414467
0.01,1432561
0.01,1436660
0.01,1424759
0.01,1426165
0.01,1448195
0.01,1433238
0.01,1403396
0.01,1418473
0.01,1411097
0.01,1421481
0.01,1406380
0.01,1406626
0.01,1364797
0.01,1407286
0.01,1401468
0.01,1440652
0.01,1405331
0.01,1417581
0.01,1368164
0.01,1348879
0.01,1337693
0.01,1341514
0.01,1353794
0.01,1316033
0.01,1295046
0.01,1256153
0.01,1232452
0.01,1210718
0.01,1185746
0.01,1179724
0.01,1162509
0.01,1168567
0.01,1169589
0.01,1173999
0.01,1190561
0.01,1167472
0.01,1171590
0.01,1162793
0.01,1127401
0.01,1110260
0.01,1095803
0.01,1095946
0.01,1089881
0.01,1103757
0.01,1076840
0.01,1085996
0.01,1074063
0.01,1061136
0.01,1037877
0.01,1073618
0.01,1066282
0.01,1067806
0.01,1115026
0.01,1117655
0.01,1138955
0.01,1139086
0.01,1094342
0.01,1123710
0.01,1101070
0.01,1114159
0.01,1090230
0.01,1111596
0.01,1095424
0.01,1127331
0.01,1124288
0.01,1090124
0.01,1072603
0.01,1074289
0.01,1073648
0.01,1070523
0.01,1067834
0.01,1052275
0.01,1051772
0.01,1059198
0.01,1045371
0.01,1057597
0.01,1059812
0.01,1061123
0.01,1024762
0.01,1015016
0.01,1005780
0.01,1014500
0.01,996705
0.01,996022
0.01,988880
0.01,979984
0.01,991982
0.01,999048
0.01,1004596
0.02,1014928
0.02,1028261
0.02,1047491
0.02,1074116
0.02,1072710
0.02,1122067
0.02,1121484
0.02,1128182
0.02,1168958
0.02,1184435
0.02,1226310
0.02,1222454
0.02,1162949
0.02,1167779
0.02,1128565
0.02,1107075
0.02,1067491
0.02,1047806
0.02,1032928
0.02,1048891
0.02,1051142
0.02,1033419
0.02,1029491
0.02,1040493
0.02,1039089
0.02,1047608
0.02,1061285
0.02,1065483
0.02,1094733
0.02,1108321
0.02,1073256
0.02,1072039
0.02,1097695
0.02,1106469
0.02,1046841
0.02,1036068
0.02,1027014
0.02,1015191
0.02,994035
0.02,984066
0.02,980217
0.02,988839
0.02,1020531
0.02,1033627
0.02,1033665
0.02,1050066
0.02,1048627
0.02,1059184
0.02,1065652
0.02,1120809
0.02,1117189
0.02,1090614
0.02,1131738
0.02,1117961
0.02,1141944
0.02,1137610
0.02,1089948
0.02,1093502
0.02,1061707
0.02,1040643
0.02,992214
0.02,995891
0.02,1000199
0.02,1023622
0.02,1036198
0.02,1058431
0.02,1057620
0.02,1094730
0.02,1100326
0.02,1083911
0.02,1058897
0.02,1083904
0.02,1084578
0.02,1060183
0.02,1039462
0.02,1058029
0.02,1046418
0.02,1034437
0.02,984955
0.02,989651
0.02,992047
0.02,997114
0.02,983064
0.02,967897
0.02,960310
0.02,952252
0.02,944609
0.02,937353
0.02,930359
0.02,924336
0.02,932615
0.02,964193
0.02,948112
0.02,960061
0.02,988337
0.02,1022862
0.02,1010246
0.02,987778
0.02,1023490
0.02,1004957
0.02,991010
0.02,929462
0.02,967401
0.02,971322
0.02,965844
0.02,997063
0.02,1001896
0.02,984773
0.02,1011463
0.02,1030129
0.02,1055988
0.02,1054470
0.02,1005969
0.02,1010622
0.02,992962
0.02,986743
0.02,928221
0.02,944897
0.02,978531
0.02,988862
0.02,987508
0.02,986528
0.02,976141
0.02,968042
0.02,974728
0.02,958274
0.02,918578
0.02,911607
0.02,917744
0.02,933340
0.02,936882
0.02,943120
0.02,966481
0.02,969867
0.02,996936
0.02,991867
0.02,990376
0.02,952888
0.02,929152
0.02,904753
0.02,903228
0.02,898042
0.02,892895
0.02,888213
0.02,884124
0.02,880720
0.02,877374
0.02,874470
0.02,872146
0.02,870312
0.02,868996
0.02,867700
0.02,866862
0.02,866457
0.02,865714
0.02,864777
0.02,864738
