0.01, 5846766
0.01, 5810806
0.01, 5742617
0.01, 5741721
0.01, 5734852
0.01, 5579152
0.01, 5530695
0.01, 5524279
0.01, 5518670
0.01, 5514554
0.01, 5508524
0.01, 5499390
0.01, 5459392
0.01, 5365854
0.01, 5296413
0.01, 5262885
0.01, 5259261
0.01, 5230308
0.01, 5229956
0.01, 5208481
0.01, 5180688
0.01, 5175960
0.01, 5149137
0.01, 5016453
0.01, 4992584
0.01, 4892014
0.01, 4833557
0.01, 4819651
0.01, 4794303
0.01, 4755679
0.01, 4720554
0.01, 4682206
0.01, 4680381
0.01, 4548532
0.01, 4525456
0.01, 4514839
0.01, 4508517
0.01, 4483372
0.01, 4471055
0.01, 4470632
0.01, 4421659
0.01, 4412622
0.01, 4411990
0.01, 4360348
0.01, 4288031
0.01, 4231448
0.01, 4221865
0.01, 4216968
0.01, 4206525
0.01, 4174682
0.01, 4159231
0.01, 4112558
0.01, 4087608
0.01, 4077764
0.01, 4065656
0.01, 4063975
0.01, 4026411
0.01, 3982617
0.01, 3976131
0.02, 3971873
0.02, 3933835
0.02, 3897244
0.02, 3857420
0.02, 3853804
0.02, 3841252
0.02, 3841229
0.02, 3804343
0.02, 3771734
0.02, 3768625
0.02, 3706495
0.02, 3687153
0.02, 3683271
0.02, 3676585
0.02, 3675057
0.02, 3664415
0.02, 3637624
0.02, 3630980
0.02, 3604641
0.02, 3570053
0.02, 3565777
0.02, 3559006
0.02, 3558386
0.02, 3548635
0.02, 3516501
0.02, 3487056
0.02, 3456901
0.02, 3441052
0.02, 3440883
0.02, 3430656
0.02, 3422481
0.02, 3417461
0.02, 3416174
0.02, 3406969
0.02, 3382839
0.02, 3382618
0.02, 3276971
0.02, 3271289
0.02, 3270438
0.02, 3168815
0.02, 3156626
0.02, 3155060
0.02, 3131840
0.02, 3116567
0.02, 3101395
0.02, 3073220
0.02, 3064356
0.02, 3061588
0.02, 3059270
0.02, 3045335
0.02, 3033201
0.02, 3022431
0.02, 3008526
0.02, 3008454
0.02, 2979946
0.02, 2970900
0.02, 2948531
0.02, 2916204
0.02, 2902806
0.02, 2902009
0.02, 2898758
0.02, 2895897
0.02, 2881712
0.02, 2872856
0.02, 2867594
0.02, 2840615
0.02, 2810883
0.02, 2800748
0.02, 2759245
0.02, 2742427
0.02, 2740366
0.02, 2711258
0.02, 2707902
0.02, 2696760
0.02, 2673013
0.02, 2649047
0.02, 2635455
0.02, 2624695
0.02, 2612732
0.02, 2595164
0.02, 2588554
0.02, 2588487
0.02, 2585520
0.02, 2573293
0.02, 2558187
0.02, 2529217
0.02, 2523275
0.02, 2513075
0.02, 2476874
0.03, 2464154
0.03, 2462930
0.03, 2461012
0.03, 2457271
0.03, 2445821
0.03, 2427967
0.03, 2409128
0.03, 2404381
0.03, 2400154
0.03, 2363215
0.03, 2362570
0.03, 2346356
0.03, 2315434
0.03, 2301350
0.03, 2275670
0.03, 2234179
0.03, 2232330
0.03, 2211310
0.03, 2198417
0.05, 2190967
0.05, 2168659
0.05, 2130818
0.05, 2115666
0.05, 2114864
0.07, 2110890
0.07, 2109086
0.07, 2106030
0.07, 2091689
0.07, 2091668
0.07, 2088376
0.09, 2079905
0.09, 2076967
0.09, 2067229
0.09, 2045476
0.09, 2043690
0.09, 2038344
0.09, 2034565
0.09, 2025476
0.09, 2020931
0.09, 2020262
0.09, 2011366
0.09, 2003697
0.12, 2002316
0.12, 1949370
0.12, 1938630
0.12, 1938554
0.12, 1920612
0.12, 1895372
0.12, 1891939
0.12, 1867278
0.12, 1867277
0.12, 1867116
0.12, 1862203
0.12, 1856325
0.14, 1846120
0.14, 1832182
0.15, 1811342
0.15, 1800089
0.15, 1795596
0.15, 1791790
0.15, 1791208
0.15, 1791051
0.15, 1789567
0.15, 1773657
0.16, 1767763
0.16, 1740494
0.16, 1740208
0.16, 1724222
0.16, 1713224
0.16, 1712063
0.17, 1682551
0.17, 1679542
0.17, 1675717
0.17, 1671815
0.17, 1668193
0.17, 1620532
0.20, 1580583
0.20, 1553208
0.20, 1546012
0.20, 1545308
0.20, 1545101
0.20, 1534107
0.22, 1516634
0.23, 1514470
0.23, 1505803
0.23, 1501266
0.23, 1494364
0.23, 1493359
0.23, 1490428
0.23, 1467457
0.23, 1458223
0.23, 1444176
0.23, 1441247
0.23, 1440997
0.23, 1426018
0.23, 1419761
0.23, 1399390
0.23, 1398361
0.23, 1395458
0.23, 1392493
0.23, 1367348
0.26, 1349752
0.26, 1344532
0.26, 1326062
0.26, 1325425
0.26, 1320586
0.26, 1319602
0.26, 1317052
0.26, 1313015
0.26, 1299566
0.26, 1294923
0.26, 1292700
0.26, 1289401
0.27, 1284708
0.30, 1284231
0.30, 1283310
0.30, 1271956
0.30, 1263256
0.30, 1258649
0.30, 1249666
0.30, 1233731
0.30, 1231276
0.30, 1228055
0.30, 1218669
0.30, 1211295
0.30, 1211042
0.30, 1195204
0.31, 1183734
0.31, 1183397
0.31, 1179441
0.31, 1167170
0.31, 1155717
0.31, 1150883
0.31, 1126021
0.35, 1124657
0.35, 1123780
0.35, 1122086
0.35, 1119990
0.35, 1113030
0.35, 1099425
0.35, 1098570
0.35, 1090927
0.39, 1087340
0.39, 1086133
0.39, 1083330
0.39, 1082672
0.39, 1064896
0.39, 1053137
0.41, 1052568
0.41, 1051190
0.41, 1046701
0.41, 1045571
0.41, 1035234
0.41, 1025739
0.41, 1023091
0.41, 1011340
0.41, 1008269
0.41, 1001878
0.41, 1000460
0.41, 989524
0.41, 984647
0.41, 984473
0.41, 983913
0.41, 977751
0.41, 974839
0.41, 966712
0.41, 964976
0.41, 964140
0.42, 961056
0.42, 959902
0.42, 951609
0.42, 951026
0.42, 942282
0.42, 942137
0.43, 941798
0.43, 934615
0.43, 930990
0.43, 926432
0.43, 921036
0.43, 916873
0.44, 911683
0.44, 911335
0.44, 909011
0.44, 901413
0.44, 898522
0.44, 897871
0.44, 894464
0.50, 885377
0.53, 884027
0.53, 883500
0.53, 883171
0.53, 874481
0.55, 873200
0.55, 872275
0.55, 870091
0.55, 870041
0.55, 869504
0.55, 869108
0.55, 867924
0.56, 865863
0.56, 863753
0.56, 863357
0.56, 862029
0.56, 857940
0.56, 857383
0.56, 857074
0.57, 856728
0.57, 849540
0.57, 845645
0.57, 843552
0.57, 841696
0.60, 839592
0.60, 838717
0.63, 838011
0.63, 836236
0.64, 834418
0.65, 834105
0.65, 832449
0.65, 831886
0.65, 829244
0.65, 828292
0.67, 823606
0.67, 822630
0.72, 819505
0.72, 818428
0.76, 817461
0.76, 816286
0.83, 816064
0.83, 815693
0.84, 814988
0.84, 814511
0.84, 814240
0.84, 814111
0.84, 813677
0.91, 813576
0.96, 813521
1.00, 813279
1.00, 813278
1.00, 812558
1.04, 812302
7.09, 812226
7.17, 812016
7.20, 811977
