0.00,5605280
0.00,5510476
0.00,5418791
0.00,5338417
0.00,5283321
0.00,5073320
0.00,5006799
0.00,4773765
0.00,4654779
0.00,4601357
0.00,4432706
0.00,4443546
0.00,4446570
0.00,4339088
0.00,4340162
0.00,4227011
0.00,4237234
0.00,4124008
0.00,4029689
0.00,3846677
0.00,3820240
0.00,3708661
0.00,3650204
0.00,3543853
0.00,3472026
0.00,3426075
0.00,3464371
0.00,3384787
0.00,3334867
0.00,3262021
0.00,3207886
0.00,3221508
0.00,3045181
0.00,3109528
0.00,3147836
0.00,3106199
0.00,3005516
0.00,2977083
0.00,2987668
0.00,3023284
0.00,2976301
0.00,2880506
0.00,2812408
0.00,2872919
0.00,2821978
0.00,2739731
0.00,2737641
0.00,2803649
0.00,2825187
0.00,2821464
0.00,2784984
0.00,2752855
0.00,2736547
0.00,2721112
0.01,2765619
0.01,2785501
0.01,2778678
0.01,2737372
0.01,2755722
0.01,2727588
0.01,2628764
0.01,2574893
0.01,2613205
0.01,2588079
0.01,2595649
0.01,2508995
0.01,2445239
0.01,2521587
0.01,2539428
0.01,2540203
0.01,2536753
0.01,2559433
0.01,2552795
0.01,2515084
0.01,2485476
0.01,2428923
0.01,2407788
0.01,2414819
0.01,2480232
0.01,2440153
0.01,2427604
0.01,2417060
0.01,2384578
0.01,2374945
0.01,2340899
0.01,2299960
0.01,2210174
0.01,2182240
0.01,2214579
0.01,2149565
0.01,2087670
0.01,2053542
0.01,2042209
0.01,2045358
0.01,1997770
0.01,2033182
0.01,2006926
0.01,2012841
0.01,1947288
0.01,1935125
0.01,1955488
0.01,1943806
0.01,1923160
0.01,1887671
0.01,1878068
0.01,1877707
0.01,1896183
0.01,1911367
0.01,1884789
0.01,1876246
0.01,1874651
0.01,1885658
0.01,1883895
0.01,1913589
0.01,1912842
0.01,1983439
0.01,2033183
0.01,2040092
0.01,2011100
0.01,1920973
0.01,1828458
0.01,1867964
0.01,1929220
0.01,1921611
0.01,1919804
0.01,1926924
0.01,1932305
0.01,1957608
0.01,1959152
0.01,1949135
0.01,1932055
0.01,1967730
0.01,1928803
0.01,1863744
0.01,1828438
0.01,1769541
0.01,1729141
0.01,1751706
0.01,1801664
0.01,1842263
0.01,1933549
0.01,1928378
0.01,1835381
0.01,1839580
0.01,1834725
0.01,1841008
0.01,1841172
0.01,1780180
0.01,1767092
0.01,1754084
0.01,1738448
0.01,1766110
0.01,1764021
0.01,1715466
0.01,1683614
0.01,1697397
0.01,1709997
0.01,1673502
0.01,1653435
0.01,1717873
0.01,1700922
0.01,1697936
0.01,1650151
0.01,1670440
0.01,1668731
0.01,1640675
0.01,1637090
0.01,1624289
0.01,1577701
0.01,1535965
0.01,1542886
0.01,1502960
0.01,1476185
0.01,1467802
0.01,1443633
0.01,1430140
0.01,1444708
0.01,1388152
0.01,1391505
0.01,1391127
0.01,1388326
0.01,1384157
0.01,1377521
0.01,1387608
0.01,1400446
0.01,1420234
0.01,1390414
0.01,1380958
0.01,1384582
0.01,1339142
0.01,1352651
0.01,1323590
0.01,1322382
0.01,1324891
0.01,1344704
0.01,1352526
0.01,1343024
0.01,1346676
0.01,1341350
0.01,1353167
0.01,1410543
0.01,1416690
0.01,1369175
0.01,1372337
0.01,1367751
0.01,1337517
0.01,1318991
0.01,1319030
0.01,1346514
0.01,1318458
0.01,1294896
0.01,1274486
0.01,1254169
0.01,1333138
0.01,1363652
0.01,1367725
0.01,1374556
0.01,1363585
0.01,1374598
0.01,1401060
0.01,1409943
0.01,1425035
0.01,1422600
0.01,1419832
0.01,1405425
0.01,1352468
0.01,1341928
0.01,1334999
0.01,1306138
0.01,1297092
0.01,1286503
0.01,1238487
0.01,1288466
0.01,1249596
0.01,1243861
0.01,1246162
0.01,1259154
0.01,1267622
0.01,1339643
0.01,1327994
0.01,1327469
0.01,1367804
0.01,1323378
0.01,1343832
0.01,1345172
0.01,1309716
0.01,1304302
0.01,1281603
0.01,1270335
0.01,1245813
0.01,1239954
0.01,1235749
0.01,1204470
0.01,1240471
0.01,1227489
0.01,1182055
0.01,1178004
0.01,1178376
0.01,1149211
0.01,1162723
0.01,1252934
0.01,1250667
0.01,1262134
0.01,1279190
0.01,1278262
0.01,1280181
0.01,1319685
0.01,1335519
0.01,1308605
0.01,1334963
0.01,1342330
0.01,1381183
0.01,1323106
0.01,1297697
0.01,1331175
0.01,1301109
0.01,1298494
0.01,1269321
0.01,1258253
0.01,1253568
0.02,1226803
0.02,1222238
0.02,1187458
0.02,1167295
0.02,1166067
0.02,1179202
0.02,1174221
0.02,1181129
0.02,1178482
0.02,1152084
0.02,1151119
0.02,1159477
0.02,1157772
0.02,1152793
0.02,1166302
0.02,1151270
0.02,1151429
0.02,1146330
0.02,1145245
0.02,1171143
0.02,1176613
0.02,1191088
0.02,1188981
0.02,1117780
0.02,1102633
0.02,1088238
0.02,1066116
0.02,1054071
0.02,1042558
0.02,1031131
0.02,1063246
0.02,1061393
0.02,1066365
0.02,1069454
0.02,1072548
0.02,1038870
0.02,1028881
0.02,1016908
0.02,1034122
0.02,1038448
0.02,1008238
0.02,998094
0.02,990386
0.02,983629
0.02,977499
0.02,973850
0.02,968282
0.02,993881
0.02,981122
0.02,986653
0.02,970382
0.02,968553
0.02,959921
0.02,955820
0.02,951063
0.02,946113
0.02,942262
0.02,938916
0.02,935632
0.02,932648
0.02,928252
0.02,956899
0.02,961797
0.02,962283
0.02,1014635
0.02,1011074
0.02,1013993
0.02,988565
0.02,937957
0.02,925688
0.02,950183
0.02,955030
0.02,962601
0.02,1008722
0.02,986551
0.02,992017
0.02,964680
0.02,919133
0.02,910405
0.02,902323
0.02,898977
0.02,898854
0.02,897713
0.02,910199
0.02,894925
0.02,892546
0.02,890621
0.02,893861
0.02,889179
0.02,887928
0.02,887081
0.02,886472
0.02,886255
0.02,893955
0.02,886124
0.02,885190
0.02,885151
0.02,885139
