0.00, 5810992
0.00, 5809651
0.00, 5795465
0.00, 5789114
0.00, 5735371
0.00, 5678259
0.00, 5671013
0.00, 5607477
0.00, 5573513
0.00, 5559978
0.00, 5535271
0.00, 5500541
0.00, 5499166
0.00, 5471023
0.00, 5450238
0.00, 5447291
0.00, 5428873
0.00, 5412027
0.00, 5408276
0.00, 5386679
0.00, 5362818
0.00, 5336409
0.00, 5330728
0.00, 5325948
0.00, 5306228
0.00, 5256451
0.00, 5246809
0.00, 5241073
0.00, 5238914
0.00, 5235031
0.00, 5115197
0.00, 5110633
0.00, 5109365
0.00, 5096562
0.00, 5046816
0.00, 4998253
0.00, 4990276
0.00, 4940154
0.00, 4935683
0.00, 4932803
0.00, 4915442
0.00, 4892718
0.00, 4890449
0.00, 4883375
0.00, 4872841
0.00, 4864325
0.00, 4805575
0.00, 4784209
0.00, 4778670
0.00, 4758759
0.00, 4745207
0.00, 4651062
0.00, 4649860
0.00, 4553074
0.00, 4493240
0.00, 4486295
0.00, 4434324
0.00, 4433142
0.00, 4422253
0.00, 4414864
0.00, 4322471
0.00, 4320488
0.00, 4305139
0.00, 4301749
0.00, 4301551
0.00, 4255616
0.00, 4255000
0.00, 4253888
0.00, 4220866
0.00, 4210394
0.00, 4197213
0.00, 4191024
0.00, 4187668
0.00, 4164825
0.00, 4155747
0.00, 4152859
0.00, 4150789
0.00, 4122476
0.00, 4055153
0.00, 4038700
0.00, 4019341
0.00, 4019203
0.00, 4008520
0.00, 3972693
0.00, 3972453
0.00, 3955319
0.00, 3953636
0.00, 3932945
0.00, 3906435
0.00, 3878637
0.01, 3824312
0.01, 3814982
0.01, 3813168
0.01, 3811781
0.01, 3748808
0.01, 3747069
0.01, 3710736
0.01, 3703941
0.01, 3686732
0.01, 3602868
0.01, 3574642
0.01, 3525806
0.01, 3501662
0.01, 3458970
0.01, 3427911
0.01, 3422193
0.01, 3384705
0.01, 3362789
0.01, 3334403
0.01, 3316470
0.01, 3310211
0.01, 3272957
0.01, 3272181
0.01, 3254712
0.01, 3240765
0.01, 3234716
0.01, 3211294
0.01, 3183037
0.01, 3101250
0.01, 3032436
0.01, 3025337
0.01, 3021011
0.01, 2983368
0.01, 2920248
0.01, 2915452
0.01, 2908548
0.01, 2856755
0.01, 2843211
0.01, 2840936
0.01, 2806407
0.01, 2775169
0.01, 2774915
0.01, 2770929
0.01, 2768394
0.01, 2762433
0.01, 2759400
0.01, 2755512
0.01, 2741193
0.01, 2729577
0.01, 2719498
0.01, 2674212
0.01, 2673078
0.01, 2668585
0.01, 2659651
0.01, 2650299
0.01, 2649653
0.01, 2638160
0.01, 2637123
0.01, 2630268
0.01, 2602625
0.01, 2602084
0.01, 2576975
0.01, 2573546
0.01, 2563991
0.01, 2556945
0.01, 2552791
0.01, 2542360
0.01, 2529818
0.01, 2515774
0.01, 2492870
0.01, 2491486
0.01, 2461377
0.01, 2453810
0.01, 2428562
0.02, 2417937
0.03, 2406735
0.03, 2399272
0.03, 2399075
0.03, 2360396
0.03, 2336077
0.03, 2316185
0.03, 2260122
0.03, 2245202
0.03, 2243528
0.04, 2232812
0.04, 2208939
0.04, 2188875
0.04, 2179068
0.04, 2177939
0.04, 2168752
0.04, 2164250
0.04, 2156287
0.04, 2142726
0.04, 2130494
0.04, 2090192
0.04, 2081916
0.04, 2080995
0.07, 2062389
0.10, 2035871
0.10, 2023086
0.10, 2021248
0.10, 1996085
0.11, 1991659
0.11, 1974116
0.11, 1967999
0.11, 1955687
0.11, 1935702
0.13, 1929838
0.13, 1908965
0.14, 1896531
0.14, 1881837
0.14, 1880762
0.14, 1856004
0.14, 1836917
0.14, 1828263
0.14, 1819363
0.15, 1815568
0.15, 1811479
0.15, 1796615
0.15, 1792240
0.15, 1791016
0.15, 1786288
0.15, 1780043
0.15, 1774918
0.15, 1771877
0.16, 1762375
0.16, 1746659
0.16, 1743381
0.16, 1713836
0.16, 1710193
0.16, 1707948
0.16, 1701716
0.16, 1700569
0.16, 1694639
0.16, 1684989
0.16, 1683946
0.16, 1672150
0.16, 1668291
0.16, 1652155
0.18, 1636521
0.18, 1635425
0.18, 1628833
0.18, 1617352
0.18, 1617248
0.18, 1615900
0.18, 1614129
0.18, 1613498
0.18, 1600026
0.18, 1599618
0.18, 1596171
0.18, 1595425
0.18, 1581738
0.18, 1580648
0.18, 1579406
0.19, 1576243
0.19, 1563358
0.19, 1533589
0.19, 1530352
0.20, 1527789
0.20, 1522868
0.21, 1519286
0.21, 1517950
0.21, 1509539
0.21, 1507552
0.21, 1505560
0.21, 1499543
0.21, 1498171
0.21, 1481676
0.21, 1475605
0.21, 1468534
0.21, 1463060
0.21, 1460471
0.21, 1429371
0.21, 1428114
0.21, 1425186
0.21, 1422137
0.21, 1411746
0.21, 1409696
0.21, 1398760
0.24, 1390783
0.24, 1373821
0.25, 1361641
0.25, 1355035
0.25, 1349431
0.25, 1341027
0.25, 1331683
0.25, 1329283
0.25, 1318996
0.25, 1318708
0.25, 1317919
0.25, 1305070
0.25, 1299351
0.25, 1283973
0.25, 1280077
0.25, 1278640
0.25, 1278356
0.27, 1278057
0.27, 1277989
0.27, 1276563
0.27, 1274990
0.27, 1268510
0.27, 1266683
0.27, 1261218
0.28, 1257007
0.28, 1254103
0.29, 1246141
0.29, 1241833
0.29, 1229598
0.30, 1222302
0.30, 1217595
0.30, 1216252
0.30, 1205152
0.30, 1204590
0.32, 1197642
0.32, 1193790
0.33, 1187121
0.33, 1178326
0.33, 1176791
0.33, 1172058
0.33, 1169662
0.33, 1160221
0.33, 1146618
0.33, 1135940
0.33, 1133792
0.33, 1113497
0.33, 1111947
0.33, 1107553
0.33, 1101816
0.33, 1101672
0.33, 1091180
0.33, 1079749
0.33, 1077489
0.33, 1066208
0.33, 1065081
0.33, 1064512
0.33, 1037977
0.38, 1030407
0.38, 1029454
0.38, 1017527
0.38, 1015029
0.38, 1012836
0.38, 1005254
0.38, 999877
0.38, 998938
0.38, 998780
0.38, 998568
0.38, 997191
0.40, 992988
0.40, 988928
0.40, 987845
0.40, 985882
0.40, 985648
0.40, 983278
0.41, 983250
0.41, 977735
0.43, 976484
0.43, 975419
0.43, 968813
0.43, 966673
0.43, 963291
0.43, 961309
0.43, 959541
0.43, 957845
0.43, 954651
0.43, 950030
0.43, 948836
0.43, 939682
0.43, 932334
0.43, 932315
0.46, 931136
0.46, 929475
0.46, 924328
0.46, 918869
0.46, 916465
0.46, 912089
0.46, 911897
0.46, 900922
0.46, 896064
0.46, 891249
0.46, 889678
0.46, 889328
0.48, 887323
0.48, 885670
0.48, 884663
0.51, 880341
0.51, 880260
0.51, 877282
0.51, 876364
0.51, 874628
0.51, 873342
0.51, 872143
0.51, 871964
0.52, 866537
0.56, 864434
0.56, 862949
0.56, 860313
0.56, 857408
0.56, 845560
0.56, 843116
0.56, 842802
0.57, 841432
0.60, 839900
0.61, 839307
0.61, 835238
0.61, 833977
0.61, 832279
0.61, 829549
0.61, 829344
0.61, 827646
0.62, 823030
0.62, 822269
0.62, 822203
0.62, 821839
0.62, 821045
0.62, 820864
0.71, 820676
0.71, 820550
0.72, 820395
0.72, 820372
0.73, 820187
0.73, 819208
0.73, 817876
0.73, 817527
0.73, 817133
0.75, 817079
0.75, 816283
0.75, 815834
0.75, 815303
0.80, 814579
0.80, 814570
0.83, 813836
0.86, 813436
0.86, 813396
0.86, 812760
0.87, 811932
0.91, 810944
0.97, 810688
