0.00,5712999
0.00,5606990
0.00,5445215
0.00,5231677
0.00,5285108
0.00,5052366
0.00,4913640
0.00,4857182
0.00,4851636
0.00,4936702
0.00,4827061
0.00,4876187
0.00,4723772
0.00,4653469
0.00,4647275
0.00,4661153
0.00,4659364
0.00,4539260
0.00,4396944
0.00,4383838
0.00,4273960
0.00,4236693
0.00,4219112
0.00,4248699
0.00,4310853
0.00,4287818
0.00,4008044
0.00,4002494
0.00,4064135
0.00,3969288
0.00,3961853
0.00,3913260
0.00,3964723
0.00,3927477
0.00,3816578
0.00,3784595
0.00,3720845
0.00,3648170
0.00,3573443
0.00,3552947
0.00,3531676
0.00,3506907
0.00,3477239
0.00,3492360
0.00,3455445
0.00,3396644
0.00,3436282
0.00,3304207
0.00,3260326
0.00,3247751
0.00,3214987
0.01,3222449
0.01,3158255
0.01,3226034
0.01,3172110
0.01,3181683
0.01,3151553
0.01,3176226
0.01,3104919
0.01,3163101
0.01,3039306
0.01,3019861
0.01,3025806
0.01,3089916
0.01,3051341
0.01,3085937
0.01,3053992
0.01,2975131
0.01,2852567
0.01,2747692
0.01,2768791
0.01,2746111
0.01,2756736
0.01,2793514
0.01,2861284
0.01,2872752
0.01,2880177
0.01,2821990
0.01,2701475
0.01,2648097
0.01,2578811
0.01,2606717
0.01,2597766
0.01,2695228
0.01,2773597
0.01,2667656
0.01,2616683
0.01,2591026
0.01,2587333
0.01,2625806
0.01,2627014
0.01,2515866
0.01,2427615
0.01,2427937
0.01,2522337
0.01,2527463
0.01,2430749
0.01,2402414
0.01,2335022
0.01,2278202
0.01,2257304
0.01,2213918
0.01,2184547
0.01,2197926
0.01,2181759
0.01,2163519
0.01,2209523
0.01,2203257
0.01,2259825
0.01,2213970
0.01,2237084
0.01,2157675
0.01,2147702
0.01,2148732
0.01,2172400
0.01,2173214
0.01,2231251
0.01,2333544
0.01,2308903
0.01,2284393
0.01,2272235
0.01,2162584
0.01,2173573
0.01,2162490
0.01,2161296
0.01,2085866
0.01,2189827
0.01,2172715
0.01,2192220
0.01,2196431
0.01,2161679
0.01,2109694
0.01,2033091
0.01,2049383
0.01,2078713
0.01,2097371
0.01,2178732
0.01,2132835
0.01,2131038
0.01,2170655
0.01,2155547
0.01,2144797
0.01,2184858
0.01,2217657
0.01,2206417
0.01,2188004
0.01,2098000
0.01,2033527
0.01,2060026
0.01,2036643
0.01,2078372
0.01,2023217
0.01,2076735
0.01,2091904
0.01,2091458
0.01,2131435
0.01,2131331
0.01,2104522
0.01,2039290
0.01,2039654
0.01,2010425
0.01,2063220
0.01,2072654
0.01,2103203
0.01,2133603
0.01,2102311
0.01,2078630
0.01,2010041
0.01,1931033
0.01,1855557
0.01,1854732
0.01,1884380
0.01,1881749
0.01,1865763
0.01,1794073
0.01,1808966
0.01,1938767
0.01,1945340
0.01,1956417
0.01,1939913
0.01,1866779
0.01,1857449
0.01,1852308
0.01,1828236
0.01,1821001
0.01,1842605
0.01,1925319
0.01,1970707
0.01,1952262
0.01,1949413
0.01,1929119
0.01,1901645
0.01,1895686
0.01,1823366
0.01,1802757
0.01,1772078
0.01,1722539
0.01,1731983
0.01,1683990
0.01,1650565
0.01,1682233
0.01,1615069
0.01,1623527
0.01,1575160
0.01,1572477
0.01,1590083
0.01,1598874
0.01,1558626
0.01,1541737
0.01,1507883
0.01,1479856
0.01,1469814
0.01,1471197
0.01,1448208
0.01,1409708
0.01,1411207
0.01,1419738
0.01,1386094
0.01,1369293
0.01,1390139
0.01,1394358
0.01,1380708
0.01,1352056
0.01,1309142
0.01,1303845
0.01,1286331
0.01,1270953
0.01,1286997
0.01,1255857
0.01,1236495
0.01,1265049
0.01,1245413
0.01,1300625
0.01,1299751
0.01,1271797
0.01,1270318
0.01,1264764
0.01,1264042
0.01,1244079
0.01,1312234
0.01,1315888
0.01,1293721
0.01,1295703
0.01,1258213
0.01,1254704
0.01,1209835
0.01,1209749
0.01,1231146
0.01,1210612
0.01,1220292
0.01,1219422
0.01,1232063
0.01,1267131
0.01,1248737
0.01,1211109
0.01,1195850
0.01,1199194
0.01,1172515
0.01,1151124
0.01,1154944
0.01,1145882
0.01,1123238
0.01,1139517
0.01,1108268
0.01,1095364
0.01,1089956
0.01,1085031
0.01,1121997
0.01,1118970
0.01,1118125
0.01,1132943
0.01,1145694
0.01,1151938
0.01,1143009
0.01,1153420
0.01,1146491
0.01,1165909
0.01,1196335
0.01,1182278
0.01,1141968
0.02,1143908
0.02,1168137
0.02,1175555
0.02,1135742
0.02,1127386
0.02,1125213
0.02,1111571
0.02,1114027
0.02,1120830
0.02,1130903
0.02,1157399
0.02,1169371
0.02,1161985
0.02,1174822
0.02,1166940
0.02,1176317
0.02,1170775
0.02,1125901
0.02,1116384
0.02,1122364
0.02,1151839
0.02,1164081
0.02,1162275
0.02,1170251
0.02,1168885
0.02,1185921
0.02,1160569
0.02,1149642
0.02,1073222
0.02,1095315
0.02,1085975
0.02,1088903
0.02,1058329
0.02,1067128
0.02,1082255
0.02,1061054
0.02,1064334
0.02,1084144
0.02,1077394
0.02,1072031
0.02,1057061
0.02,1065167
0.02,1045111
0.02,1033757
0.02,1041919
0.02,1041434
0.02,1028818
0.02,1029726
0.02,1019521
0.02,1010485
0.02,1004010
0.02,995916
0.02,987970
0.02,980139
0.02,969655
0.02,954781
0.02,950805
0.02,944230
0.02,938616
0.02,937645
0.02,932871
0.02,928327
0.02,924001
0.02,944599
0.02,954784
0.02,965186
0.02,946495
0.02,925730
0.02,920313
0.02,917395
0.02,914689
0.02,912249
0.02,909987
0.02,907914
0.02,905946
0.02,904139
0.02,902339
0.02,898886
0.02,897395
0.02,929182
0.02,930075
0.02,935795
0.02,911810
0.02,895168
0.02,919216
0.02,929910
0.02,910096
0.02,890655
0.02,890610
0.02,889199
0.02,888008
0.02,886853
0.02,885916
0.02,885454
0.02,885198
0.02,885152
