0.00,5180537
0.00,5103435
0.00,4890256
0.00,4875917
0.00,4706842
0.00,4699582
0.00,4627445
0.00,4525054
0.00,4365730
0.00,4238165
0.00,4070937
0.00,3986973
0.00,3948592
0.00,3937705
0.00,3784836
0.00,3643365
0.00,3700055
0.00,3643657
0.00,3501485
0.00,3470308
0.00,3488845
0.00,3432973
0.00,3340559
0.00,3237099
0.00,3129790
0.00,3124236
0.00,3079067
0.00,3026719
0.00,3080788
0.00,3139120
0.00,3153514
0.00,3134492
0.00,3022441
0.00,3102798
0.00,3017811
0.00,2999315
0.00,2946311
0.00,3012469
0.00,3023099
0.00,2855054
0.00,2849933
0.00,2821834
0.00,2787112
0.00,2699608
0.00,2728208
0.00,2652182
0.00,2628480
0.00,2605186
0.00,2583605
0.00,2534464
0.00,2594537
0.00,2601302
0.00,2586008
0.00,2560866
0.00,2539616
0.00,2443661
0.00,2426226
0.00,2463328
0.00,2349623
0.00,2310329
0.00,2348343
0.00,2323697
0.00,2295078
0.00,2257771
0.00,2183586
0.00,2175462
0.00,2168426
0.00,2175554
0.00,2163995
0.01,2172126
0.01,2139082
0.01,2119069
0.01,2130285
0.01,2099559
0.01,2125784
0.01,2158256
0.01,2100007
0.01,2102498
0.01,2082249
0.01,2009759
0.01,2026737
0.01,2053261
0.01,2048056
0.01,1988893
0.01,1941813
0.01,1946639
0.01,1953561
0.01,1883384
0.01,1845830
0.01,1799148
0.01,1797438
0.01,1772148
0.01,1791769
0.01,1803829
0.01,1827218
0.01,1753037
0.01,1756461
0.01,1813140
0.01,1794409
0.01,1760253
0.01,1767793
0.01,1757696
0.01,1721993
0.01,1716298
0.01,1688517
0.01,1637866
0.01,1602002
0.01,1593765
0.01,1599044
0.01,1624947
0.01,1574349
0.01,1545259
0.01,1561916
0.01,1592010
0.01,1615360
0.01,1644884
0.01,1652483
0.01,1646073
0.01,1697353
0.01,1690174
0.01,1733722
0.01,1749698
0.01,1759656
0.01,1751930
0.01,1721100
0.01,1699328
0.01,1689775
0.01,1662151
0.01,1640737
0.01,1638105
0.01,1674608
0.01,1647131
0.01,1588183
0.01,1584153
0.01,1621393
0.01,1604867
0.01,1586991
0.01,1576284
0.01,1553871
0.01,1542705
0.01,1550164
0.01,1576041
0.01,1556280
0.01,1539513
0.01,1519476
0.01,1497964
0.01,1514508
0.01,1514892
0.01,1462815
0.01,1453794
0.01,1457475
0.01,1463397
0.01,1457684
0.01,1485915
0.01,1461602
0.01,1468013
0.01,1445349
0.01,1437177
0.01,1471066
0.01,1474992
0.01,1489057
0.01,1484876
0.01,1481614
0.01,1454117
0.01,1450269
0.01,1461055
0.01,1461450
0.01,1473632
0.01,1427371
0.01,1432925
0.01,1442352
0.01,1456735
0.01,1447390
0.01,1446956
0.01,1435955
0.01,1487208
0.01,1521437
0.01,1527923
0.01,1525493
0.01,1539636
0.01,1544187
0.01,1533880
0.01,1540379
0.01,1559659
0.01,1539437
0.01,1510604
0.01,1499907
0.01,1581095
0.01,1560585
0.01,1547870
0.01,1529349
0.01,1565570
0.01,1522585
0.01,1526640
0.01,1545257
0.01,1602602
0.01,1556729
0.01,1556575
0.01,1553355
0.01,1507233
0.01,1408060
0.01,1380348
0.01,1401342
0.01,1425303
0.01,1399641
0.01,1391035
0.01,1440560
0.01,1474226
0.01,1472978
0.01,1481560
0.01,1504868
0.01,1517163
0.01,1495076
0.01,1500359
0.01,1574025
0.01,1552502
0.01,1538446
0.01,1537216
0.01,1579638
0.01,1524831
0.01,1512903
0.01,1510540
0.01,1550717
0.01,1513395
0.01,1490193
0.01,1479698
0.01,1463956
0.01,1466819
0.01,1492048
0.01,1506808
0.01,1537867
0.01,1497476
0.01,1490901
0.01,1492387
0.01,1435574
0.01,1356778
0.01,1333579
0.01,1320766
0.01,1315305
0.01,1273497
0.01,1269906
0.01,1290411
0.01,1248565
0.01,1238071
0.01,1226002
0.01,1226352
0.01,1228872
0.01,1228739
0.01,1239170
0.01,1269928
0.01,1258987
0.01,1252330
0.01,1258794
0.01,1250129
0.01,1240484
0.01,1249112
0.01,1252966
0.01,1248201
0.01,1265894
0.01,1238233
0.01,1251706
0.01,1255212
0.01,1259216
0.01,1274187
0.01,1251402
0.01,1227510
0.01,1228353
0.01,1184605
0.01,1205509
0.01,1168050
0.01,1174640
0.01,1207247
0.01,1204724
0.01,1213029
0.01,1205192
0.01,1192594
0.01,1215356
0.01,1238934
0.01,1225177
0.01,1228924
0.01,1213526
0.01,1172233
0.01,1146310
0.01,1170272
0.01,1168730
0.01,1160613
0.01,1149870
0.01,1150971
0.01,1157033
0.01,1190861
0.01,1191784
0.01,1170590
0.01,1158396
0.01,1182482
0.01,1153437
0.01,1127431
0.01,1109691
0.01,1117211
0.01,1106332
0.01,1100763
0.01,1121806
0.01,1164268
0.01,1140927
0.01,1120796
0.01,1112944
0.01,1110607
0.01,1090748
0.01,1082722
0.01,1120788
0.01,1092373
0.01,1101232
0.01,1069890
0.01,1057213
0.01,1047392
0.01,1041334
0.01,1028750
0.01,1048727
0.01,1066041
0.01,1042765
0.01,1055430
0.01,1056663
0.01,1025770
0.01,1044088
0.01,1061899
0.01,1062371
0.01,1064277
0.01,1053969
0.01,1039651
0.01,1044605
0.01,1051559
0.01,1046780
0.01,1056869
0.01,1062674
0.01,1065244
0.01,1058456
0.01,1079397
0.01,1103379
0.01,1133689
0.01,1159757
0.01,1150834
0.01,1134626
0.01,1175438
0.01,1180131
0.01,1180016
0.01,1197133
0.01,1192721
0.01,1179673
0.01,1173965
0.01,1171504
0.01,1161940
0.01,1155409
0.01,1151244
0.01,1184984
0.01,1176238
0.01,1178867
0.01,1224665
0.01,1228373
0.01,1241975
0.01,1224594
0.01,1219414
0.01,1202692
0.01,1207936
0.01,1202317
0.01,1209414
0.01,1193208
0.01,1145394
0.01,1138047
0.01,1078509
0.01,1035898
0.01,1010321
0.01,1038722
0.01,1035678
0.01,1034631
0.01,1031491
0.01,1029393
0.01,1057311
0.01,1063892
0.01,1060642
0.01,1089182
0.01,1107237
0.01,1132275
0.01,1136693
0.01,1115681
0.01,1116240
0.01,1169835
0.01,1172015
0.01,1178796
0.01,1182742
0.02,1171247
0.02,1163337
0.02,1161881
0.02,1155901
0.02,1148885
0.02,1152033
0.02,1179133
0.02,1181062
0.02,1168215
0.02,1178340
0.02,1228297
0.02,1216380
0.02,1250071
0.02,1215268
0.02,1210099
0.02,1189513
0.02,1195541
0.02,1187757
0.02,1200897
0.02,1178625
0.02,1139422
0.02,1094982
0.02,1067263
0.02,1012387
0.02,1031218
0.02,1024123
0.02,1031876
0.02,1034191
0.02,1040060
0.02,1061652
0.02,1041875
0.02,1026722
0.02,1052668
0.02,1064706
0.02,1100868
0.02,1131794
0.02,1144496
0.02,1141433
0.02,1165383
0.02,1155967
0.02,1158169
0.02,1168234
0.02,1177833
0.02,1171867
0.02,1160801
0.02,1154248
0.02,1147764
0.02,1139381
0.02,1124957
0.02,1128298
0.02,1151071
0.02,1157489
0.02,1196050
0.02,1194485
0.02,1226165
0.02,1188040
0.02,1199316
0.02,1182847
0.02,1192719
0.02,1185542
0.02,1194809
0.02,1172691
0.02,1131266
0.02,1116500
0.02,1095529
0.02,1007163
0.02,1004793
0.02,990398
0.02,978861
0.02,978890
0.02,974750
0.02,968059
0.02,963328
0.02,1007681
0.02,1033300
0.02,1045399
0.02,1044395
0.02,1050929
0.02,1049713
0.02,1068648
0.02,1040664
0.02,1049727
0.02,995330
0.02,960000
0.02,953446
0.02,947893
0.02,942702
0.02,937646
0.02,932707
0.02,937318
0.02,938510
0.02,926435
0.02,943028
0.02,974082
0.02,1004760
0.02,1034026
0.02,1040511
0.02,977418
0.02,984702
0.02,987745
0.02,1005454
0.02,1027726
0.02,1045222
0.02,1036654
0.02,1020585
0.02,1047148
0.02,1057526
0.02,1043765
0.02,1055859
0.02,1063455
0.02,1094121
0.02,1097341
0.02,1133600
0.02,1126306
0.02,1149172
0.02,1122056
0.02,1126838
0.02,1127439
0.02,1144925
0.02,1151135
0.02,1149556
0.02,1139349
0.02,1139202
0.02,1129691
0.02,1130944
0.02,1095130
0.02,1087041
0.02,1064492
0.02,1052308
0.02,954237
0.02,921541
0.02,965009
0.02,945338
0.02,927087
0.02,915012
0.02,920699
0.02,916164
0.02,935622
0.02,950881
0.02,975016
0.02,987162
0.02,975787
0.02,988953
0.02,981656
0.02,989565
0.02,988644
0.02,998857
0.02,1000616
0.02,1009056
0.02,1064370
0.02,1084245
0.02,1071812
0.02,1083749
0.02,1095927
0.02,1102541
0.02,1121031
0.02,1158566
0.02,1141978
0.02,1147101
0.02,1116921
0.02,1095510
0.02,1096742
0.02,1105365
0.02,1115714
0.02,1085032
0.02,1081677
0.02,1067819
0.02,1055695
0.02,1002888
0.02,956103
0.02,917020
0.02,917478
0.02,922741
0.02,926631
0.02,950006
0.02,966764
0.02,983081
0.02,970504
0.02,954034
0.02,962307
0.02,962608
0.02,984620
0.02,1001852
0.02,1041419
0.02,1043616
0.02,1038073
0.02,1076746
0.02,1107043
0.02,1090632
0.02,1110530
0.02,1107918
0.02,1117380
0.02,1116486
0.02,1149689
0.02,1126504
0.02,1133741
0.02,1101943
0.02,1091865
0.02,1060459
0.02,1071387
0.02,1063784
0.02,1057574
0.02,1006415
0.02,957866
0.02,914398
0.02,922827
0.02,907449
0.02,901024
0.02,896271
0.02,908007
0.02,926875
0.02,912494
0.02,933398
0.02,895939
0.02,901492
0.02,916093
0.02,918163
0.02,896000
0.02,900497
0.02,883619
0.02,878563
0.02,873881
0.02,883015
0.02,879456
0.02,870165
0.02,864025
0.02,860636
0.02,857290
0.02,854252
0.02,851269
0.02,848563
0.02,849270
0.02,846167
0.02,843892
0.02,841624
0.02,837535
0.02,835089
0.02,868620
0.02,831089
0.02,829121
0.02,827246
0.02,825918
0.02,824727
0.02,824250
0.02,823788
0.02,823488
0.02,823448
0.02,823409
