0.02, 6042473
0.02, 5995755
0.02, 5973898
0.02, 5960271
0.02, 5959142
0.02, 5815793
0.02, 5765070
0.02, 5722233
0.02, 5721370
0.02, 5645412
0.02, 5603389
0.02, 5596450
0.02, 5595877
0.02, 5587604
0.02, 5571568
0.02, 5570878
0.02, 5556247
0.02, 5509823
0.02, 5487904
0.02, 5456001
0.02, 5438733
0.02, 5409832
0.02, 5371085
0.02, 5359462
0.02, 5347423
0.02, 5244191
0.02, 5230176
0.02, 5215120
0.02, 5196016
0.02, 5174034
0.02, 5172992
0.02, 5104385
0.02, 4931858
0.02, 4923981
0.02, 4904377
0.02, 4870628
0.02, 4809752
0.02, 4788907
0.02, 4760587
0.02, 4677107
0.02, 4669747
0.02, 4587862
0.03, 4542636
0.03, 4504314
0.03, 4500052
0.03, 4447347
0.03, 4428394
0.03, 4412687
0.03, 4349840
0.03, 4309430
0.03, 4276934
0.03, 4180422
0.03, 4179411
0.03, 4167003
0.03, 4157683
0.03, 4148042
0.03, 4145720
0.03, 4145684
0.03, 4129896
0.03, 4085003
0.03, 4041637
0.03, 4038821
0.03, 4032105
0.03, 3922872
0.03, 3879925
0.03, 3877953
0.03, 3875173
0.03, 3864384
0.03, 3857361
0.03, 3857150
0.03, 3835654
0.03, 3787709
0.03, 3762440
0.03, 3761498
0.03, 3759775
0.03, 3755504
0.03, 3752413
0.03, 3713157
0.03, 3653222
0.03, 3576431
0.03, 3536946
0.03, 3517989
0.03, 3508881
0.03, 3475946
0.03, 3474766
0.03, 3408183
0.03, 3405122
0.03, 3403695
0.03, 3397766
0.03, 3393149
0.03, 3339578
0.03, 3335893
0.03, 3332685
0.03, 3307625
0.03, 3271183
0.03, 3221506
0.03, 3216616
0.03, 3213960
0.03, 3190197
0.03, 3183932
0.03, 3182051
0.03, 3181781
0.03, 3160891
0.03, 3155714
0.03, 3117564
0.03, 3112306
0.03, 3075181
0.03, 3073998
0.03, 3071831
0.03, 3064719
0.03, 3062668
0.03, 3062365
0.03, 3051407
0.03, 3050303
0.03, 3038341
0.03, 3033919
0.03, 2981517
0.03, 2969713
0.03, 2945018
0.03, 2927998
0.03, 2924568
0.03, 2900293
0.03, 2869020
0.03, 2864927
0.03, 2860795
0.03, 2852368
0.03, 2850272
0.03, 2782509
0.03, 2780477
0.03, 2776771
0.03, 2756576
0.03, 2744788
0.03, 2738053
0.03, 2737404
0.03, 2685788
0.03, 2644797
0.03, 2624028
0.03, 2622126
0.03, 2612966
0.03, 2605449
0.03, 2527048
0.03, 2521481
0.03, 2494028
0.04, 2490141
0.04, 2479773
0.04, 2454029
0.04, 2451250
0.05, 2438375
0.05, 2428325
0.05, 2422719
0.05, 2416267
0.05, 2407501
0.05, 2405745
0.05, 2392860
0.05, 2389039
0.05, 2386121
0.05, 2383453
0.05, 2375182
0.05, 2374766
0.05, 2373872
0.05, 2321435
0.05, 2304440
0.05, 2297158
0.05, 2273985
0.05, 2271234
0.07, 2264460
0.07, 2241354
0.07, 2234387
0.07, 2231019
0.08, 2205922
0.08, 2181994
0.08, 2157891
0.08, 2147765
0.09, 2147662
0.09, 2142986
0.09, 2130276
0.09, 2129351
0.09, 2107969
0.09, 2080786
0.10, 2058248
0.12, 2040121
0.12, 2032981
0.12, 2019045
0.12, 2018950
0.12, 1998768
0.12, 1996015
0.12, 1995494
0.12, 1988846
0.12, 1986705
0.12, 1979125
0.12, 1978633
0.12, 1973097
0.12, 1966414
0.12, 1948267
0.13, 1930918
0.14, 1930611
0.14, 1920986
0.14, 1919054
0.14, 1902893
0.14, 1891883
0.14, 1884927
0.14, 1883683
0.14, 1864667
0.14, 1860169
0.14, 1840268
0.14, 1818765
0.14, 1818030
0.14, 1813576
0.14, 1780936
0.14, 1774314
0.14, 1771036
0.14, 1769467
0.14, 1741478
0.14, 1738388
0.14, 1734021
0.14, 1727260
0.14, 1712056
0.14, 1707230
0.15, 1697657
0.15, 1696997
0.15, 1696349
0.15, 1692913
0.15, 1683434
0.15, 1676519
0.15, 1675156
0.15, 1644842
0.15, 1639036
0.15, 1630715
0.23, 1628354
0.23, 1599139
0.23, 1579711
0.23, 1563721
0.24, 1555499
0.24, 1554224
0.24, 1554073
0.24, 1535548
0.24, 1528289
0.24, 1524456
0.24, 1523865
0.24, 1505980
0.24, 1503890
0.24, 1502562
0.24, 1495827
0.24, 1466496
0.24, 1444135
0.24, 1440737
0.24, 1435149
0.24, 1423064
0.24, 1409708
0.24, 1404754
0.28, 1402784
0.28, 1395908
0.28, 1393895
0.28, 1393167
0.28, 1380198
0.28, 1380123
0.28, 1371314
0.28, 1366130
0.29, 1352409
0.29, 1345626
0.29, 1344289
0.29, 1342606
0.29, 1337079
0.29, 1329314
0.29, 1327793
0.29, 1316955
0.29, 1316613
0.29, 1313736
0.29, 1304076
0.30, 1281673
0.30, 1271115
0.30, 1267657
0.30, 1266146
0.30, 1259730
0.30, 1251867
0.30, 1251431
0.30, 1243890
0.30, 1227450
0.30, 1215439
0.30, 1213364
0.30, 1206785
0.30, 1205031
0.32, 1193648
0.32, 1167374
0.32, 1164932
0.33, 1151353
0.33, 1148028
0.33, 1148020
0.33, 1137675
0.33, 1134342
0.36, 1132872
0.36, 1129431
0.36, 1128639
0.37, 1115119
0.37, 1110655
0.37, 1106191
0.37, 1094063
0.39, 1089123
0.39, 1074837
0.41, 1071775
0.41, 1059286
0.41, 1044385
0.41, 1041529
0.41, 1038716
0.41, 1037659
0.41, 1035732
0.41, 1034401
0.41, 1024054
0.41, 1004255
0.41, 1003056
0.41, 1000988
0.43, 998961
0.43, 996824
0.43, 995377
0.43, 987611
0.43, 986918
0.43, 985104
0.43, 970679
0.43, 965002
0.43, 962471
0.43, 959477
0.43, 953869
0.43, 953111
0.43, 947821
0.48, 947409
0.48, 947237
0.52, 945456
0.52, 942538
0.52, 939462
0.53, 933253
0.53, 929257
0.53, 916340
0.53, 913969
0.53, 912641
0.53, 912367
0.53, 908361
0.53, 908324
0.53, 907543
0.53, 907000
0.53, 906994
0.53, 905755
0.55, 905363
0.55, 904662
0.55, 903594
0.55, 902347
0.55, 900694
0.55, 899708
0.55, 895742
0.55, 885988
0.56, 880751
0.56, 874847
0.56, 870628
0.57, 862802
0.57, 862501
0.57, 860200
0.57, 857796
0.57, 854955
0.57, 851476
0.57, 848483
0.58, 845185
0.58, 840302
0.58, 839739
0.58, 838901
0.58, 838032
0.58, 837095
0.58, 832344
0.58, 829982
0.68, 828189
0.68, 826861
0.68, 825916
0.72, 825378
0.72, 824537
0.72, 820622
0.72, 819800
0.72, 819732
0.77, 819037
0.78, 818641
0.78, 818376
0.79, 817883
0.79, 817861
0.79, 817408
0.79, 816648
0.86, 816446
0.86, 816282
0.86, 815214
0.87, 815135
0.91, 815132
0.91, 814656
0.91, 814049
0.94, 813287
0.94, 813070
0.94, 812991
5.18, 812851
5.19, 812437
5.24, 811881
5.32, 811782
5.36, 811781
5.37, 811372
5.37, 811332
5.37, 811251
5.39, 811074
5.39, 811034
5.44, 810995
7.32, 810799
7.32, 810759
7.40, 810542
7.41, 810503
