0.00,5505792
0.00,5476343
0.00,5500480
0.00,5234031
0.00,5054716
0.00,4945352
0.00,4828365
0.00,4628017
0.00,4562588
0.00,4549657
0.00,4563327
0.00,4354227
0.00,4429330
0.00,4331781
0.00,4112100
0.00,4006852
0.00,3886805
0.00,3750685
0.00,3635139
0.00,3622882
0.00,3608275
0.00,3466389
0.00,3367199
0.00,3230721
0.00,3121284
0.00,3032149
0.00,2977920
0.00,2924775
0.00,2928583
0.00,2871698
0.00,2802098
0.00,2741578
0.00,2722200
0.00,2706628
0.00,2696718
0.00,2700057
0.00,2671187
0.00,2613005
0.00,2588811
0.00,2553093
0.00,2507406
0.00,2439990
0.00,2367724
0.00,2363146
0.00,2343047
0.00,2355011
0.00,2346194
0.00,2298867
0.00,2312095
0.00,2283903
0.00,2276848
0.00,2243100
0.00,2188321
0.00,2147363
0.00,2191509
0.00,2194071
0.00,2242834
0.00,2302889
0.00,2304348
0.00,2216645
0.00,2164409
0.00,2192998
0.00,2273678
0.00,2284552
0.00,2251213
0.00,2227135
0.00,2224667
0.00,2281648
0.00,2303870
0.00,2243668
0.00,2194425
0.00,2163695
0.00,2083730
0.00,2059147
0.00,2075267
0.01,2019917
0.01,1958805
0.01,1944817
0.01,1979771
0.01,1998699
0.01,1948933
0.01,1954054
0.01,1950515
0.01,1937457
0.01,1937549
0.01,1947126
0.01,1903219
0.01,1852304
0.01,1909090
0.01,1876134
0.01,1873799
0.01,1919603
0.01,1883040
0.01,1886432
0.01,1899724
0.01,1890453
0.01,1906247
0.01,1905810
0.01,1849074
0.01,1836366
0.01,1767199
0.01,1760001
0.01,1767393
0.01,1770894
0.01,1717983
0.01,1657189
0.01,1659810
0.01,1662111
0.01,1670568
0.01,1655938
0.01,1649648
0.01,1626914
0.01,1623550
0.01,1614506
0.01,1581357
0.01,1574204
0.01,1638834
0.01,1643993
0.01,1610042
0.01,1545910
0.01,1520016
0.01,1546043
0.01,1649636
0.01,1617375
0.01,1617048
0.01,1620060
0.01,1544073
0.01,1547368
0.01,1529626
0.01,1531780
0.01,1559590
0.01,1518120
0.01,1486391
0.01,1495905
0.01,1476381
0.01,1517674
0.01,1512728
0.01,1525508
0.01,1527194
0.01,1575696
0.01,1606232
0.01,1628332
0.01,1628475
0.01,1544035
0.01,1527715
0.01,1574919
0.01,1575854
0.01,1637254
0.01,1649640
0.01,1676977
0.01,1640386
0.01,1597904
0.01,1653443
0.01,1654264
0.01,1644896
0.01,1650796
0.01,1634308
0.01,1638808
0.01,1638798
0.01,1610060
0.01,1634747
0.01,1628702
0.01,1635375
0.01,1631032
0.01,1620557
0.01,1586926
0.01,1594838
0.01,1582417
0.01,1582779
0.01,1603423
0.01,1564506
0.01,1536155
0.01,1515338
0.01,1500895
0.01,1517521
0.01,1533202
0.01,1554264
0.01,1528536
0.01,1520825
0.01,1484268
0.01,1439741
0.01,1453071
0.01,1447873
0.01,1446901
0.01,1425056
0.01,1422348
0.01,1417463
0.01,1392479
0.01,1377683
0.01,1350815
0.01,1346205
0.01,1328545
0.01,1301570
0.01,1274620
0.01,1273244
0.01,1250791
0.01,1250770
0.01,1264229
0.01,1280340
0.01,1253418
0.01,1237407
0.01,1225646
0.01,1228866
0.01,1235823
0.01,1233126
0.01,1246456
0.01,1262869
0.01,1240976
0.01,1246371
0.01,1238736
0.01,1232372
0.01,1259162
0.01,1254948
0.01,1272224
0.01,1269032
0.01,1218972
0.01,1190580
0.01,1173915
0.01,1157364
0.01,1134951
0.01,1132603
0.01,1117351
0.01,1102261
0.01,1087866
0.01,1092668
0.01,1073775
0.01,1067257
0.01,1053338
0.01,1043002
0.01,1056547
0.01,1068870
0.01,1042076
0.01,1056964
0.01,1026531
0.01,1036081
0.01,1041356
0.01,1012242
0.01,1000314
0.01,988730
0.01,977193
0.01,966058
0.01,981249
0.01,989482
0.01,973563
0.01,948601
0.01,945336
0.01,938204
0.01,933211
0.01,931567
0.01,930761
0.01,922249
0.01,913798
0.01,905566
0.01,896899
0.01,907348
0.01,889950
0.01,882647
0.01,877500
0.01,870850
0.01,866054
0.01,862087
0.01,858768
0.01,855558
0.01,852845
0.01,850690
0.01,848724
0.01,847153
0.01,845737
0.01,844409
0.01,843114
0.01,841867
0.01,841088
0.01,840345
0.01,839408
0.01,838946
