0.02, 10641023
0.02, 10521459
0.02, 10521030
0.02, 10510879
0.02, 10448405
0.02, 10382900
0.02, 10293284
0.02, 10279814
0.02, 10229374
0.02, 10189185
0.02, 10164305
0.02, 10134567
0.02, 10114606
0.02, 10077964
0.02, 10015633
0.02, 9865430
0.02, 9858107
0.02, 9720014
0.02, 9697835
0.02, 9655946
0.02, 9654944
0.02, 9628549
0.02, 9528755
0.02, 9511177
0.02, 9446105
0.02, 9440732
0.02, 9424441
0.02, 9409095
0.02, 9249665
0.02, 9157512
0.02, 9075114
0.02, 9025713
0.02, 9025051
0.02, 8973860
0.02, 8958745
0.02, 8925440
0.02, 8925164
0.02, 8836813
0.02, 8818477
0.02, 8793987
0.02, 8784406
0.02, 8779432
0.02, 8700456
0.02, 8672004
0.02, 8651152
0.02, 8640472
0.02, 8630301
0.02, 8571193
0.02, 8560913
0.02, 8555251
0.02, 8541820
0.02, 8484313
0.02, 8449216
0.02, 8209336
0.02, 8181015
0.02, 8141658
0.02, 8073833
0.02, 8069538
0.02, 8059722
0.02, 8057773
0.02, 8046219
0.02, 8022064
0.02, 7956991
0.02, 7954179
0.02, 7930367
0.02, 7888671
0.02, 7838129
0.02, 7808206
0.02, 7803892
0.02, 7771023
0.02, 7753055
0.02, 7711124
0.02, 7703469
0.02, 7645814
0.02, 7436382
0.02, 7389804
0.02, 7349779
0.02, 7303982
0.02, 7277493
0.02, 7274483
0.02, 7196715
0.02, 7178946
0.02, 7151931
0.02, 7003344
0.02, 6982770
0.02, 6940565
0.02, 6931671
0.02, 6870767
0.02, 6868860
0.02, 6863598
0.02, 6809759
0.02, 6750591
0.02, 6707252
0.02, 6661224
0.02, 6630119
0.02, 6589037
0.02, 6325430
0.02, 6263683
0.02, 6254332
0.02, 6239761
0.02, 6233334
0.02, 6202138
0.02, 6151788
0.02, 6127172
0.02, 6110035
0.02, 6097899
0.02, 6087751
0.02, 6081811
0.02, 6080666
0.02, 6033001
0.02, 6028609
0.02, 5879799
0.02, 5875329
0.02, 5874492
0.02, 5848177
0.02, 5831604
0.02, 5829915
0.02, 5826857
0.02, 5818083
0.02, 5778959
0.02, 5637958
0.02, 5628549
0.02, 5560802
0.02, 5553986
0.02, 5545346
0.02, 5515495
0.02, 5498822
0.02, 5262710
0.02, 5217543
0.02, 5159278
0.02, 5157790
0.02, 5115930
0.02, 5114004
0.02, 5112689
0.02, 5062607
0.02, 5056584
0.02, 4965070
0.02, 4959383
0.02, 4833144
0.02, 4726069
0.02, 4707128
0.02, 4699872
0.02, 4689476
0.02, 4688189
0.02, 4673516
0.02, 4638853
0.02, 4620543
0.02, 4617125
0.02, 4564878
0.02, 4554748
0.02, 4549391
0.02, 4497970
0.02, 4481467
0.02, 4479673
0.02, 4473397
0.02, 4391213
0.02, 4382442
0.02, 4380642
0.02, 4371024
0.02, 4342363
0.02, 4338220
0.02, 4333830
0.02, 4320041
0.02, 4285267
0.02, 4243742
0.02, 4239432
0.02, 4237880
0.02, 4235100
0.02, 4217079
0.02, 4191191
0.02, 4175783
0.02, 4163463
0.02, 4162297
0.02, 4160469
0.02, 4115754
0.02, 4075393
0.02, 4039892
0.02, 4004223
0.02, 3999270
0.02, 3997047
0.02, 3956445
0.02, 3853826
0.02, 3809528
0.02, 3744167
0.02, 3738122
0.02, 3702729
0.02, 3702656
0.02, 3667456
0.02, 3664305
0.02, 3662535
0.02, 3660084
0.02, 3652611
0.02, 3504918
0.02, 3488171
0.02, 3431915
0.02, 3431084
0.02, 3346437
0.02, 3340082
0.02, 3332243
0.02, 3280995
0.02, 3260384
0.02, 3249865
0.02, 3244981
0.02, 3180482
0.02, 3176748
0.02, 3114344
0.02, 3113715
0.02, 3108487
0.02, 3102055
0.02, 3091592
0.02, 3076479
0.02, 3056342
0.02, 3055781
0.02, 3052934
0.02, 3051932
0.02, 3050423
0.02, 3021987
0.02, 3019850
0.02, 3017991
0.02, 2957888
0.02, 2949865
0.02, 2920874
0.02, 2917967
0.02, 2917222
0.02, 2904027
0.02, 2893941
0.02, 2879350
0.02, 2875240
0.02, 2875189
0.02, 2874543
0.02, 2864258
0.02, 2837249
0.02, 2833596
0.02, 2832682
0.02, 2826381
0.03, 2820705
0.03, 2818542
0.03, 2818362
0.03, 2817100
0.03, 2813292
0.03, 2810145
0.03, 2779733
0.03, 2735490
0.03, 2729225
0.03, 2691859
0.03, 2684671
0.03, 2676894
0.03, 2671296
0.05, 2667679
0.05, 2667081
0.05, 2614575
0.05, 2599319
0.05, 2599245
0.05, 2598492
0.05, 2545069
0.05, 2525901
0.05, 2503502
0.05, 2499654
0.05, 2499352
0.05, 2490918
0.06, 2432278
0.06, 2428379
0.06, 2426628
0.06, 2383561
0.10, 2370775
0.10, 2365040
0.10, 2363418
0.10, 2348859
0.10, 2346962
0.10, 2346340
0.10, 2342693
0.12, 2336674
0.12, 2276798
0.12, 2275330
0.12, 2274925
0.12, 2274296
0.12, 2273467
0.12, 2271320
0.12, 2235186
0.12, 2233375
0.12, 2227369
0.12, 2225117
0.12, 2208031
0.12, 2207909
0.12, 2168342
0.12, 2165520
0.12, 2163818
0.12, 2153670
0.12, 2151960
0.12, 2151686
0.12, 2141115
0.12, 2122423
0.12, 2112272
0.12, 2105715
0.12, 2102002
0.12, 2101611
0.12, 2101062
0.12, 2100614
0.12, 2084820
0.12, 2076746
0.12, 2074696
0.12, 2066725
0.12, 2058262
0.12, 2038680
0.12, 2038538
0.12, 2038120
0.12, 2023240
0.12, 2019911
0.16, 2007282
0.16, 2005636
0.16, 1994126
0.16, 1987265
0.18, 1954097
0.20, 1950855
0.20, 1928803
0.20, 1910634
0.20, 1910211
0.20, 1908393
0.20, 1893867
0.20, 1889851
0.20, 1884126
0.20, 1875403
0.20, 1857223
0.20, 1828576
0.20, 1812963
0.20, 1812110
0.20, 1792607
0.20, 1786970
0.20, 1772912
0.20, 1764464
0.20, 1762525
0.20, 1754349
0.20, 1754207
0.20, 1744409
0.24, 1738753
0.24, 1737431
0.24, 1731531
0.24, 1727410
0.24, 1727148
0.26, 1718243
0.26, 1707865
0.26, 1701311
0.29, 1697758
0.29, 1694423
0.29, 1691504
0.29, 1689617
0.29, 1680764
0.29, 1678950
0.29, 1672243
0.29, 1667263
0.29, 1665168
0.29, 1626329
0.29, 1620738
0.29, 1619095
0.29, 1606203
0.29, 1598603
0.29, 1595450
0.29, 1588886
0.29, 1586964
0.29, 1585678
0.30, 1581434
0.30, 1578939
0.30, 1568171
0.30, 1564457
0.35, 1558268
0.35, 1556147
0.35, 1555658
0.35, 1550364
0.35, 1545627
0.35, 1544644
0.35, 1544623
0.35, 1544109
0.35, 1536005
0.35, 1530840
0.35, 1526786
0.35, 1519942
0.35, 1507268
0.35, 1498359
0.36, 1497649
0.37, 1494972
0.37, 1493281
0.37, 1486463
0.37, 1476711
0.37, 1474312
0.37, 1471971
0.37, 1470271
0.37, 1464368
0.37, 1463540
0.37, 1457958
0.42, 1446441
0.42, 1445314
0.42, 1443682
0.42, 1443632
0.42, 1443167
0.42, 1439404
0.42, 1435213
0.42, 1431328
0.42, 1423907
0.42, 1423797
0.42, 1420810
0.42, 1411163
0.42, 1411121
0.42, 1407584
0.42, 1406969
0.42, 1405212
0.42, 1390930
0.44, 1389449
0.44, 1389358
0.44, 1389038
0.44, 1388627
0.44, 1388588
0.44, 1383018
0.44, 1381472
0.44, 1381117
0.44, 1378086
0.44, 1377567
0.44, 1376287
0.44, 1373292
0.44, 1361119
0.44, 1360936
0.46, 1360523
0.48, 1360066
0.48, 1358047
0.48, 1355003
0.48, 1352794
0.48, 1350975
0.48, 1350768
0.48, 1349559
0.48, 1346094
0.48, 1345547
0.48, 1336241
0.48, 1335315
0.50, 1334746
0.50, 1333485
0.50, 1331075
0.50, 1324748
0.50, 1324411
0.50, 1324015
0.50, 1321898
0.50, 1320524
0.50, 1318434
0.50, 1314020
0.50, 1313990
0.50, 1311835
0.50, 1304921
0.50, 1303556
0.50, 1303415
0.50, 1302956
0.50, 1301466
0.50, 1300889
0.51, 1298903
0.51, 1298288
0.51, 1298256
0.51, 1296644
0.51, 1293815
0.51, 1290904
0.51, 1289351
0.51, 1287473
0.51, 1287280
0.51, 1286946
0.51, 1277817
0.51, 1267612
0.54, 1264335
0.54, 1263959
0.54, 1260051
0.54, 1257360
0.54, 1255503
0.61, 1253884
0.61, 1253311
0.61, 1250996
0.61, 1249861
0.61, 1248640
0.61, 1248168
0.61, 1244693
0.61, 1243821
0.61, 1243665
0.61, 1241511
0.61, 1240768
0.61, 1240661
0.62, 1239858
0.64, 1239681
0.64, 1234115
0.64, 1225441
0.64, 1224648
0.64, 1223430
0.64, 1221074
0.64, 1220239
0.64, 1217697
0.64, 1217155
0.68, 1215768
0.68, 1213881
0.68, 1213844
0.68, 1212724
0.68, 1212327
0.75, 1211765
0.75, 1210213
0.75, 1209719
0.75, 1206484
0.75, 1205507
0.75, 1203817
0.75, 1202489
0.75, 1200939
0.75, 1198216
0.75, 1198022
0.75, 1197865
0.82, 1195465
0.82, 1194171
0.85, 1193574
0.85, 1193460
0.85, 1192282
0.85, 1191914
0.85, 1191868
0.85, 1188962
0.90, 1188093
0.90, 1186720
0.90, 1186637
0.90, 1186343
0.90, 1185893
0.90, 1185822
0.94, 1184735
0.94, 1183231
0.96, 1182646
1.00, 1181607
1.02, 1179694
1.02, 1179549
1.02, 1179498
1.13, 1179124
1.13, 1178797
1.14, 1177859
1.19, 1177712
1.21, 1177688
1.26, 1177566
1.26, 1177515
1.30, 1176916
1.32, 1176851
1.33, 1176675
3.34, 1176622
3.34, 1176512
3.35, 1176397
3.48, 1176332
9.39, 1176272
11.54, 1176267
11.56, 1176202
11.58, 1176151
