0.00,10596272
0.00,10547637
0.00,10359024
0.00,10190557
0.00,9769196
0.00,9659014
0.00,9349816
0.00,8750740
0.00,8809441
0.00,8717000
0.00,8150514
0.00,8164888
0.00,8166682
0.00,7922462
0.00,7896595
0.00,7680075
0.00,7543768
0.00,7390250
0.00,7211443
0.00,7261525
0.00,6906408
0.00,6750361
0.00,6609272
0.00,6526070
0.00,6278888
0.00,6195365
0.00,6034337
0.00,5807069
0.00,5785847
0.00,5829946
0.00,5808413
0.00,5800859
0.00,5588151
0.00,5607998
0.00,5469000
0.00,5302129
0.00,5251056
0.00,5109642
0.00,5205186
0.00,5112962
0.00,5149204
0.00,5038202
0.00,4998357
0.00,5005600
0.01,5060772
0.01,5088002
0.01,5093955
0.01,4987747
0.01,5034005
0.01,4790634
0.01,4794114
0.01,4863752
0.01,4738036
0.01,4754847
0.01,4575692
0.01,4501960
0.01,4464858
0.01,4378837
0.01,4374851
0.01,4238640
0.01,4279299
0.01,4288819
0.01,4340340
0.01,4276675
0.01,4363921
0.01,4361548
0.01,4300267
0.01,4318195
0.01,4328966
0.01,4125218
0.01,4088991
0.01,4076396
0.01,3995064
0.01,4112602
0.01,4141011
0.01,4209911
0.01,4164749
0.01,4043513
0.01,4085416
0.01,4005253
0.01,4028550
0.01,3956267
0.01,4011676
0.01,3985265
0.01,3958254
0.01,3964842
0.01,4005195
0.01,3897849
0.01,3873635
0.01,3859616
0.01,3858366
0.01,3801107
0.01,3834571
0.01,3839485
0.01,3969144
0.01,4023659
0.01,3982966
0.01,3884179
0.01,3838333
0.01,3820090
0.01,3870561
0.01,3893622
0.01,3854338
0.01,3620485
0.01,3544089
0.01,3553946
0.01,3552943
0.01,3622346
0.01,3608891
0.01,3609980
0.01,3553140
0.01,3451454
0.01,3366200
0.01,3288551
0.01,3214933
0.01,3253887
0.01,3198366
0.01,3203723
0.01,3172074
0.01,3096108
0.01,3085535
0.01,3185972
0.01,3200567
0.01,3148687
0.01,3119463
0.01,3128187
0.01,3124217
0.01,3175258
0.01,3152169
0.01,3163882
0.01,3041349
0.01,3179505
0.01,3185522
0.01,3254441
0.01,3311469
0.01,3251833
0.01,3215439
0.01,3282882
0.01,3238634
0.01,3255043
0.01,3225633
0.01,3277403
0.01,3267082
0.01,3280701
0.01,3153647
0.01,3108106
0.01,3098827
0.01,3066621
0.01,3071066
0.01,3018837
0.01,3047109
0.01,2996536
0.01,3089242
0.01,3127837
0.01,3141249
0.01,3127039
0.01,3139721
0.01,3121192
0.01,3145265
0.01,3094237
0.01,3069894
0.01,2905678
0.01,2860844
0.01,2797041
0.01,2828791
0.01,3023256
0.01,3024957
0.01,3023368
0.01,3038697
0.01,3053352
0.01,2987243
0.01,2980641
0.01,2989378
0.01,3067024
0.01,2999829
0.01,3071703
0.01,3159889
0.01,3158491
0.01,3058240
0.01,2969374
0.01,2967485
0.01,2958550
0.01,2897270
0.01,2844326
0.01,2892713
0.01,2783265
0.01,2782544
0.01,2815028
0.01,2790702
0.01,2851113
0.01,2836681
0.01,2922816
0.01,2983424
0.01,2853966
0.01,2763536
0.01,2738818
0.01,2696428
0.01,2709205
0.01,2639859
0.01,2646315
0.01,2597069
0.01,2593429
0.01,2643126
0.01,2685442
0.01,2743999
0.01,2764551
0.01,2784296
0.01,2835557
0.01,2724393
0.01,2763002
0.01,2777223
0.01,2719897
0.01,2820754
0.01,2818259
0.01,2839105
0.01,2800030
0.01,2806230
0.01,2799860
0.01,2796761
0.01,2721108
0.01,2721239
0.01,2615855
0.01,2617758
0.01,2650639
0.01,2632941
0.01,2683896
0.01,2679395
0.01,2662387
0.01,2637807
0.01,2670261
0.01,2528827
0.01,2445345
0.01,2435221
0.01,2440299
0.01,2388376
0.02,2386656
0.02,2323131
0.02,2345780
0.02,2359409
0.02,2317316
0.02,2327988
0.02,2262727
0.02,2278558
0.02,2240361
0.02,2219138
0.02,2167750
0.02,2131011
0.02,2142319
0.02,2120727
0.02,2086058
0.02,2063568
0.02,2062376
0.02,2057923
0.02,2044439
0.02,2017917
0.02,2013686
0.02,1975424
0.02,2000349
0.02,2037816
0.02,2003055
0.02,2015655
0.02,1922680
0.02,1962252
0.02,1930593
0.02,1997417
0.02,1968889
0.02,1930700
0.02,2026248
0.02,2036367
0.02,2053052
0.02,2155717
0.02,2157393
0.02,2100631
0.02,1912883
0.02,1965226
0.02,2027895
0.02,2026878
0.02,1929320
0.02,1935029
0.02,1915045
0.02,1877440
0.02,1968088
0.02,1939542
0.02,1972828
0.02,1966493
0.02,2001967
0.02,1984035
0.02,1964127
0.02,1953552
0.02,1863643
0.02,1916786
0.02,1900322
0.02,1998256
0.02,1861809
0.02,1847072
0.02,1795905
0.02,1839569
0.02,1862210
0.02,1873031
0.02,1880560
0.02,1929627
0.02,1755588
0.02,1748004
0.02,1711265
0.02,1718591
0.02,1668978
0.02,1688796
0.02,1656792
0.02,1622388
0.02,1611303
0.02,1618786
0.02,1659221
0.02,1633934
0.02,1625185
0.02,1616804
0.02,1622954
0.02,1667555
0.02,1696558
0.02,1764316
0.02,1759894
0.02,1699939
0.02,1736439
0.02,1702336
0.02,1734357
0.02,1804842
0.02,1833861
0.02,1811054
0.02,1811821
0.02,1833940
0.02,1818344
0.02,1819881
0.02,1834071
0.02,1788431
0.02,1855176
0.02,1838851
0.02,1857805
0.02,1754271
0.02,1754712
0.02,1743187
0.02,1733619
0.02,1768252
0.02,1779342
0.02,1684215
0.02,1648612
0.02,1668567
0.02,1676289
0.02,1663728
0.02,1638146
0.02,1578048
0.02,1558768
0.02,1548139
0.02,1531508
0.02,1518614
0.02,1502331
0.02,1523018
0.02,1591711
0.02,1637121
0.02,1594003
0.02,1604486
0.02,1483441
0.02,1506453
0.02,1535941
0.02,1629499
0.02,1637333
0.02,1566678
0.02,1579077
0.02,1546493
0.02,1569641
0.02,1621997
0.02,1656732
0.02,1657151
0.02,1665443
0.02,1698059
0.02,1696469
0.02,1686438
0.02,1658253
0.02,1604229
0.02,1582293
0.02,1584198
0.02,1610303
0.02,1595593
0.02,1570090
0.02,1533103
0.02,1541718
0.02,1525096
0.02,1524372
0.02,1471206
0.02,1469312
0.02,1452785
0.02,1439126
0.02,1428276
0.02,1417830
0.02,1410468
0.02,1405590
0.02,1396612
0.02,1397458
0.02,1393842
0.02,1389134
0.02,1396375
0.02,1403397
0.02,1398798
0.02,1404453
0.02,1396050
0.02,1375782
0.02,1367748
0.02,1366212
0.02,1361519
0.02,1361606
0.02,1355090
0.02,1359404
0.02,1381998
0.02,1455412
0.02,1474971
0.02,1509756
0.02,1528232
0.02,1572952
0.02,1535690
0.02,1526164
0.02,1458982
0.02,1423769
0.02,1395423
0.02,1450936
0.02,1440769
0.02,1452876
0.02,1589352
0.02,1608838
0.02,1603530
0.02,1604209
0.02,1593532
0.02,1597042
0.02,1595561
0.02,1601839
0.02,1563425
0.02,1613382
0.02,1654353
0.02,1684464
0.02,1655745
0.02,1634024
0.02,1596098
0.02,1575404
0.02,1500749
0.02,1501129
0.02,1445292
0.02,1428293
0.02,1468354
0.02,1461349
0.02,1451538
0.02,1398539
0.02,1360709
0.02,1344789
0.02,1324894
0.02,1319060
0.02,1313762
0.02,1322635
0.02,1337460
0.02,1341128
0.02,1384342
0.02,1372273
0.02,1396678
0.02,1521752
0.02,1543202
0.02,1547068
0.02,1520288
0.02,1539025
0.02,1524469
0.02,1502663
0.02,1503376
0.02,1429239
0.02,1406411
0.02,1376008
0.02,1433555
0.02,1422539
0.02,1392138
0.02,1397603
0.02,1373387
0.02,1306522
0.02,1381198
0.02,1360434
0.02,1300688
0.02,1316357
0.02,1312087
0.02,1320434
0.02,1315256
0.02,1305431
0.02,1298472
0.02,1300763
0.02,1301559
0.02,1295278
0.02,1289985
0.02,1284360
0.02,1278752
0.02,1273684
0.02,1272318
0.02,1267430
0.02,1267844
0.02,1265135
0.02,1261360
0.02,1260752
0.02,1257360
0.02,1255141
0.02,1257286
0.02,1254207
0.02,1251892
0.02,1249924
0.02,1252606
0.02,1269569
0.02,1305774
0.02,1328452
0.02,1363133
0.02,1364472
0.02,1405194
0.02,1470350
0.02,1517262
0.02,1566104
0.02,1606080
0.02,1515810
0.02,1476111
0.02,1483042
0.02,1519207
0.02,1549342
0.02,1544581
0.02,1530931
0.02,1537875
0.02,1491377
0.02,1530053
0.02,1524626
0.02,1472745
0.02,1468991
0.02,1466155
0.02,1439243
0.02,1441687
0.02,1452459
0.02,1471961
0.02,1519801
0.02,1498522
0.02,1497834
0.02,1490818
0.02,1455544
0.02,1457077
0.02,1456538
0.02,1376230
0.02,1352971
0.02,1276038
0.02,1268768
0.02,1256804
0.02,1247773
0.02,1245686
0.02,1243996
0.02,1242479
0.02,1241258
0.02,1240152
0.02,1239267
0.02,1238461
0.02,1237655
0.02,1236993
0.02,1236464
0.02,1241324
0.02,1258863
0.02,1250703
0.02,1259730
0.02,1254864
0.02,1250271
0.02,1246073
0.02,1246421
0.02,1247544
0.02,1256960
0.02,1282695
0.02,1295057
0.02,1287760
0.02,1273977
0.02,1275454
0.02,1324591
0.02,1345335
0.02,1455666
0.02,1466171
0.02,1477738
0.02,1509692
0.02,1543313
0.02,1561607
0.02,1636250
0.02,1615377
0.02,1587750
0.02,1583644
0.02,1581467
0.02,1594162
0.03,1544233
0.03,1465324
0.03,1459492
0.03,1424576
0.03,1461863
0.03,1450758
0.03,1463831
0.03,1482019
0.03,1532726
0.03,1517794
0.03,1521277
0.03,1532441
0.03,1538957
0.03,1537570
0.03,1543362
0.03,1516692
0.03,1454038
0.03,1348311
0.03,1371027
0.03,1332888
0.03,1250498
0.03,1246286
0.03,1236308
0.03,1236103
0.03,1235902
0.03,1235787
0.03,1235679
0.03,1304314
0.03,1414791
0.03,1432052
0.03,1378758
0.03,1359531
0.03,1299712
0.03,1336773
0.03,1228763
0.03,1253648
0.03,1380246
0.03,1394789
0.03,1377333
0.03,1336231
0.03,1323544
0.03,1291528
0.03,1280485
0.03,1208408
0.03,1208357
