0.00,10362062
0.00,10047769
0.00,9338732
0.00,9045669
0.00,9081667
0.00,9105544
0.00,8645853
0.00,8440110
0.00,8349979
0.00,8349427
0.00,7759021
0.00,7584401
0.00,7355589
0.00,7340356
0.00,6927292
0.00,6942692
0.00,6954339
0.00,6990672
0.00,6834753
0.00,6896078
0.00,6574135
0.00,6702014
0.00,6565377
0.00,6340091
0.00,6180214
0.00,6191902
0.00,5947300
0.00,5903962
0.00,5882319
0.00,5511628
0.00,5466119
0.00,5467506
0.00,5470788
0.00,5453102
0.00,5460721
0.00,5530776
0.00,5339484
0.00,5402551
0.00,5230688
0.00,5212659
0.00,4973377
0.00,5143537
0.00,5170247
0.00,5143453
0.00,4925630
0.00,4739791
0.00,4682519
0.00,4766287
0.00,4773923
0.00,4917541
0.00,4874741
0.00,4851541
0.00,4591820
0.00,4579032
0.00,4519271
0.00,4552048
0.00,4596051
0.00,4641640
0.00,4619187
0.00,4585388
0.00,4441545
0.01,4336370
0.01,4253472
0.01,4120902
0.01,4133512
0.01,4163480
0.01,4232326
0.01,4237215
0.01,4276839
0.01,4384375
0.01,4249054
0.01,4202033
0.01,4127223
0.01,4125214
0.01,4034590
0.01,3965002
0.01,3977300
0.01,3985400
0.01,3972472
0.01,3883558
0.01,3831297
0.01,3816377
0.01,3839918
0.01,3801578
0.01,3716811
0.01,3651354
0.01,3565501
0.01,3598467
0.01,3596235
0.01,3532450
0.01,3688931
0.01,3500247
0.01,3400193
0.01,3284787
0.01,3271256
0.01,3321484
0.01,3483574
0.01,3402907
0.01,3400756
0.01,3409747
0.01,3494810
0.01,3306699
0.01,3300415
0.01,3356115
0.01,3487392
0.01,3498289
0.01,3423142
0.01,3378781
0.01,3407845
0.01,3337476
0.01,3333611
0.01,3473147
0.01,3501795
0.01,3523325
0.01,3561252
0.01,3552652
0.01,3438754
0.01,3448844
0.01,3416210
0.01,3460155
0.01,3503845
0.01,3362416
0.01,3321407
0.01,3222564
0.01,3350854
0.01,3315115
0.01,3205920
0.01,3164127
0.01,3240694
0.01,3284764
0.01,3200017
0.01,3119796
0.01,3112554
0.01,3141030
0.01,3124277
0.01,3088594
0.01,3102413
0.01,3105217
0.01,3031390
0.01,3019584
0.01,2906998
0.01,2835662
0.01,2797240
0.01,2730870
0.01,2729380
0.01,2652266
0.01,2664577
0.01,2765118
0.01,2651718
0.01,2673178
0.01,2768836
0.01,2780069
0.01,2811983
0.01,2825173
0.01,2877075
0.01,2772070
0.01,2823549
0.01,2737327
0.01,2773276
0.01,2767400
0.01,2767966
0.01,2816774
0.01,2836987
0.01,2819065
0.01,2785029
0.01,2797385
0.01,2692124
0.01,2680025
0.01,2623764
0.01,2607461
0.01,2607227
0.01,2633851
0.01,2537497
0.01,2455462
0.01,2426227
0.01,2439525
0.01,2437535
0.01,2502883
0.01,2529564
0.01,2517957
0.01,2592888
0.01,2496155
0.01,2533783
0.01,2493383
0.01,2499416
0.01,2469265
0.01,2446280
0.01,2344103
0.01,2361983
0.01,2273834
0.01,2269755
0.01,2261684
0.01,2219962
0.01,2281349
0.01,2167893
0.01,2115554
0.01,2170150
0.01,2169286
0.01,2192560
0.01,2242897
0.01,2163672
0.01,2088833
0.01,2116565
0.01,2141053
0.01,2184914
0.01,2291510
0.01,2328922
0.01,2314057
0.01,2358744
0.01,2341544
0.01,2217488
0.01,2218291
0.01,2189171
0.01,2103009
0.01,2223034
0.01,2207439
0.01,2210069
0.01,2260738
0.01,2266742
0.01,2241960
0.01,2255190
0.01,2289445
0.01,2126084
0.01,2121487
0.01,2093434
0.01,2028597
0.01,2077583
0.01,1996625
0.01,2071239
0.01,2054557
0.01,2089681
0.01,2096708
0.01,2032441
0.01,2054849
0.01,2055885
0.01,2060698
0.01,2076103
0.01,1950660
0.01,1971190
0.01,2075037
0.01,2011079
0.01,1965285
0.01,1902428
0.01,1908401
0.01,1937847
0.01,1928186
0.01,1899712
0.01,1896223
0.01,1864959
0.01,1877205
0.01,1891799
0.01,1873266
0.02,1849385
0.02,1854292
0.02,1829225
0.02,1871945
0.02,1874740
0.02,1895024
0.02,1855939
0.02,1853591
0.02,1875264
0.02,1940979
0.02,1959601
0.02,1933099
0.02,1948225
0.02,1944779
0.02,1918349
0.02,1913871
0.02,1936040
0.02,1781104
0.02,1753263
0.02,1753715
0.02,1835117
0.02,1847634
0.02,1834437
0.02,1852907
0.02,1828747
0.02,1830108
0.02,1908027
0.02,1900933
0.02,1906173
0.02,1839686
0.02,1827994
0.02,1826890
0.02,1942617
0.02,1930610
0.02,1949105
0.02,1936611
0.02,1936443
0.02,1925490
0.02,1919537
0.02,1925449
0.02,1767168
0.02,1768530
0.02,1741186
0.02,1720385
0.02,1768253
0.02,1756700
0.02,1722510
0.02,1734057
0.02,1739594
0.02,1733546
0.02,1698854
0.02,1714918
0.02,1753631
0.02,1750966
0.02,1836024
0.02,1839914
0.02,1784398
0.02,1824320
0.02,1832620
0.02,1822640
0.02,1866723
0.02,1860916
0.02,1863775
0.02,1839494
0.02,1813692
0.02,1795024
0.02,1884579
0.02,1925806
0.02,1926506
0.02,1926787
0.02,1919875
0.02,1886430
0.02,1892539
0.02,1882471
0.02,1824477
0.02,1792439
0.02,1792969
0.02,1794060
0.02,1797518
0.02,1784036
0.02,1770522
0.02,1781443
0.02,1675538
0.02,1665366
0.02,1698081
0.02,1762695
0.02,1831105
0.02,1846733
0.02,1795006
0.02,1763020
0.02,1722513
0.02,1740317
0.02,1645011
0.02,1625907
0.02,1615752
0.02,1598665
0.02,1614013
0.02,1642211
0.02,1642850
0.02,1681952
0.02,1717938
0.02,1747490
0.02,1788355
0.02,1821808
0.02,1840962
0.02,1774232
0.02,1740088
0.02,1766121
0.02,1768279
0.02,1766022
0.02,1791336
0.02,1794445
0.02,1810629
0.02,1746892
0.02,1802666
0.02,1830033
0.02,1831482
0.02,1846900
0.02,1841139
0.02,1825112
0.02,1767125
0.02,1880027
0.02,1756779
0.02,1730525
0.02,1729159
0.02,1718076
0.02,1754557
0.02,1761156
0.02,1679457
0.02,1657526
0.02,1631237
0.02,1675962
0.02,1701669
0.02,1695367
0.02,1592259
0.02,1581849
0.02,1564644
0.02,1556355
0.02,1539897
0.02,1524294
0.02,1519291
0.02,1505256
0.02,1499370
0.02,1505717
0.02,1535446
0.02,1520587
0.02,1525668
0.02,1516959
0.02,1576087
0.02,1547490
0.02,1593035
0.02,1582825
0.02,1597649
0.02,1653115
0.02,1705057
0.02,1803396
0.02,1792929
0.02,1857541
0.02,1810900
0.02,1825748
0.02,1831142
0.02,1831104
0.02,1843937
0.02,1787162
0.02,1778565
0.02,1749749
0.02,1774378
0.02,1775687
0.02,1815449
0.02,1797751
0.02,1789610
0.02,1783320
0.02,1783264
0.02,1742443
0.02,1716463
0.02,1604682
0.02,1590018
0.02,1583618
0.02,1603542
0.02,1662355
0.02,1683932
0.02,1619382
0.02,1631118
0.02,1603858
0.02,1490747
0.02,1474434
0.02,1475026
0.02,1485314
0.02,1475793
0.02,1479791
0.02,1461078
0.02,1450210
0.02,1452579
0.02,1459113
0.02,1483328
0.02,1504280
0.02,1503106
0.02,1485802
0.02,1491489
0.02,1533612
0.02,1495825
0.02,1474965
0.02,1459889
0.02,1475863
0.02,1508079
0.02,1528767
0.02,1625505
0.02,1629951
0.02,1649656
0.02,1731465
0.02,1828085
0.02,1878614
0.02,1861513
0.02,1903542
0.02,1828770
0.02,1803879
0.02,1770846
0.02,1848144
0.02,1832273
0.02,1750916
0.02,1711835
0.02,1716338
0.02,1664988
0.02,1705200
0.02,1736976
0.02,1728284
0.02,1677884
0.02,1695347
0.02,1673970
0.02,1656673
0.02,1652483
0.02,1585332
0.02,1548157
0.02,1548346
0.02,1560570
0.02,1518675
0.02,1526409
0.02,1452223
0.02,1438364
0.02,1427054
0.02,1425990
0.02,1416014
0.02,1406633
0.02,1397655
0.02,1388807
0.02,1382775
0.02,1379936
0.02,1378555
0.02,1373831
0.02,1362821
0.02,1356268
0.02,1347309
0.02,1342150
0.02,1337300
0.02,1348248
0.02,1332739
0.02,1328517
0.02,1343035
0.02,1325691
0.02,1321656
0.02,1319865
0.02,1317450
0.02,1313507
0.02,1313745
0.02,1310435
0.02,1307514
0.02,1304921
0.02,1332171
0.02,1301187
0.02,1290837
0.02,1286651
0.02,1284154
0.02,1282457
0.02,1280716
0.02,1284864
0.02,1290702
0.02,1323901
0.02,1321077
0.02,1315412
0.02,1330745
0.02,1334561
0.02,1320746
0.02,1323982
0.02,1342076
0.02,1357347
0.02,1382205
0.02,1384265
0.02,1422246
0.02,1415779
0.02,1424263
0.02,1464862
0.02,1528093
0.02,1540678
0.02,1545157
0.02,1544820
0.02,1537224
0.02,1559402
0.02,1561687
0.02,1695920
0.02,1689542
0.02,1693025
0.02,1720764
0.02,1740585
0.02,1760540
0.02,1718957
0.02,1750847
0.02,1661056
0.02,1558834
0.02,1556297
0.02,1534336
0.02,1529084
0.02,1454920
0.02,1442019
0.02,1460233
0.02,1428287
0.02,1460228
0.02,1458638
0.02,1498159
0.02,1499706
0.02,1496399
0.02,1479962
0.02,1449007
0.02,1373004
0.02,1341590
0.02,1355684
0.02,1279042
0.02,1277389
0.02,1275864
0.02,1275450
0.02,1274229
0.02,1273061
0.02,1271917
0.02,1270838
0.02,1270620
0.02,1283823
0.02,1296814
0.02,1331145
0.02,1359581
0.02,1371562
0.02,1405481
0.02,1454301
0.03,1505371
0.03,1489843
0.03,1549245
0.03,1480929
0.03,1435279
0.03,1441492
0.03,1446260
0.03,1522307
0.03,1489456
0.03,1495445
0.03,1510872
0.03,1490227
0.03,1494498
0.03,1534650
0.03,1536731
0.03,1537275
0.03,1538002
0.03,1511271
0.03,1582824
0.03,1550235
0.03,1479738
0.03,1470607
0.03,1435576
0.03,1386197
0.03,1424368
0.03,1431436
0.03,1351262
0.03,1335254
0.03,1390113
0.03,1372584
0.03,1386192
0.03,1387753
0.03,1283749
0.03,1279460
0.03,1269800
0.03,1268799
0.03,1274211
0.03,1305936
0.03,1310865
0.03,1351397
0.03,1366583
0.03,1384014
0.03,1412088
0.03,1463490
0.03,1518786
0.03,1493513
0.03,1549369
0.03,1478156
0.03,1505033
0.03,1513626
0.03,1529699
0.03,1568358
0.03,1563597
0.03,1549947
0.03,1556772
0.03,1492999
0.03,1496077
0.03,1543642
0.03,1533034
0.03,1628880
0.03,1604220
0.03,1578592
0.03,1544480
0.03,1525119
0.03,1455321
0.03,1443652
0.03,1414107
0.03,1359717
0.03,1391957
0.03,1444898
0.03,1391060
0.03,1416793
0.03,1411013
0.03,1392463
0.03,1384074
0.03,1376289
0.03,1267240
0.03,1266550
0.03,1265888
0.03,1265264
0.03,1264665
0.03,1264113
0.03,1263572
0.03,1263367
0.03,1263225
0.03,1263160
