0.00,9467935
0.00,9361322
0.00,9286336
0.00,9026118
0.00,8866307
0.00,8537295
0.00,8227466
0.00,7858425
0.00,7931842
0.00,7895315
0.00,7859635
0.00,7949384
0.00,7760313
0.00,7723670
0.00,7530166
0.00,7357848
0.00,7424501
0.00,7222375
0.00,7294107
0.00,7191722
0.00,7010535
0.00,6962844
0.00,6902269
0.00,6856941
0.00,6677252
0.00,6511742
0.00,6395054
0.00,6288519
0.00,6092633
0.00,6045277
0.00,5746989
0.00,5808646
0.00,5697508
0.00,5647773
0.00,5819726
0.00,5675544
0.00,5622979
0.00,5651438
0.00,5615640
0.00,5618344
0.00,5410843
0.00,5345908
0.00,5478783
0.00,5557395
0.00,5487010
0.00,5285094
0.00,5021313
0.00,4962047
0.00,4805659
0.00,4577823
0.01,4325685
0.01,4327291
0.01,4303406
0.01,4308922
0.01,4257083
0.01,4248095
0.01,4271241
0.01,4081175
0.01,4046652
0.01,4007065
0.01,4005305
0.01,4033580
0.01,4128372
0.01,4069662
0.01,3956755
0.01,3968268
0.01,3986679
0.01,4021101
0.01,4019303
0.01,3905359
0.01,3909943
0.01,3772270
0.01,3768373
0.01,3816384
0.01,4020094
0.01,3951376
0.01,3823630
0.01,3884626
0.01,3902949
0.01,3963746
0.01,3861883
0.01,3844003
0.01,3808333
0.01,3850452
0.01,3799055
0.01,3839328
0.01,3843234
0.01,3905980
0.01,3883543
0.01,3958738
0.01,3965857
0.01,3787234
0.01,3868295
0.01,3799162
0.01,3662199
0.01,3594784
0.01,3549172
0.01,3486725
0.01,3451046
0.01,3455499
0.01,3333788
0.01,3330132
0.01,3302632
0.01,3212615
0.01,3203139
0.01,3248721
0.01,3267132
0.01,3301554
0.01,3299756
0.01,3213495
0.01,3256265
0.01,3188736
0.01,3053925
0.01,3093546
0.01,2982600
0.01,2961906
0.01,2960347
0.01,2995264
0.01,2957540
0.01,2927944
0.01,2838442
0.01,2880770
0.01,2842700
0.01,2853618
0.01,2822227
0.01,2858880
0.01,2880630
0.01,2885630
0.01,2828917
0.01,2842282
0.01,2741169
0.01,2699344
0.01,2658779
0.01,2626786
0.01,2568322
0.01,2604745
0.01,2629319
0.01,2601463
0.01,2536837
0.01,2532473
0.01,2484729
0.01,2482152
0.01,2482370
0.01,2418586
0.01,2410830
0.01,2406337
0.01,2470339
0.01,2517163
0.01,2356832
0.01,2331618
0.01,2338797
0.01,2341554
0.01,2321653
0.01,2319071
0.01,2313136
0.01,2262382
0.01,2222964
0.01,2240872
0.01,2247475
0.01,2195028
0.01,2250826
0.01,2256719
0.01,2273152
0.01,2276113
0.01,2245234
0.01,2150070
0.01,2092485
0.01,2142497
0.01,2055929
0.01,2083092
0.01,2076244
0.01,1995380
0.01,1997529
0.01,2044002
0.01,2106433
0.01,2112573
0.01,2140664
0.01,2185552
0.01,2152255
0.01,2181100
0.01,2185503
0.01,2197149
0.01,2207394
0.01,2216498
0.01,2242511
0.01,2195876
0.01,2202020
0.01,2157433
0.01,2219021
0.01,2217152
0.01,2186537
0.01,2211294
0.01,2199918
0.01,2187333
0.01,2172119
0.01,2132797
0.01,2110065
0.01,2018810
0.01,2001789
0.01,2070907
0.01,2041139
0.01,1995503
0.01,1951703
0.01,1983328
0.01,1980965
0.01,1972640
0.01,1912554
0.01,1914049
0.01,1899372
0.01,1908321
0.01,1941153
0.01,1943331
0.01,1956908
0.01,1860555
0.01,1808207
0.01,1772143
0.01,1789113
0.01,1777626
0.01,1782595
0.01,1778121
0.01,1769868
0.01,1806471
0.01,1841239
0.01,1896650
0.01,1930282
0.01,1906017
0.01,1904465
0.01,1894487
0.01,1990104
0.01,1929051
0.01,1925090
0.01,1823951
0.01,1743660
0.01,1724002
0.01,1697641
0.01,1714403
0.01,1773941
0.01,1717462
0.01,1800192
0.01,1867171
0.01,1738786
0.01,1829673
0.02,1825596
0.02,1847626
0.02,1859682
0.02,1860964
0.02,1894911
0.02,1887094
0.02,1875505
0.02,1774001
0.02,1770284
0.02,1796897
0.02,1799389
0.02,1791464
0.02,1783421
0.02,1801536
0.02,1773435
0.02,1756136
0.02,1726399
0.02,1672483
0.02,1664407
0.02,1642820
0.02,1610999
0.02,1592475
0.02,1596608
0.02,1593485
0.02,1573534
0.02,1583973
0.02,1614044
0.02,1631137
0.02,1618737
0.02,1642025
0.02,1677370
0.02,1661144
0.02,1758059
0.02,1779028
0.02,1783547
0.02,1771455
0.02,1768995
0.02,1763525
0.02,1752059
0.02,1678173
0.02,1620696
0.02,1620738
0.02,1628357
0.02,1573844
0.02,1665997
0.02,1626953
0.02,1553914
0.02,1567289
0.02,1586984
0.02,1535312
0.02,1517457
0.02,1500861
0.02,1497133
0.02,1483052
0.02,1469370
0.02,1474103
0.02,1456898
0.02,1505607
0.02,1470604
0.02,1470444
0.02,1475663
0.02,1487810
0.02,1503480
0.02,1528245
0.02,1513588
0.02,1597079
0.02,1604275
0.02,1578029
0.02,1586773
0.02,1539786
0.02,1568690
0.02,1603482
0.02,1662368
0.02,1658661
0.02,1659109
0.02,1645794
0.02,1662752
0.02,1727285
0.02,1680083
0.02,1550197
0.02,1551936
0.02,1526356
0.02,1464932
0.02,1549059
0.02,1556951
0.02,1560460
0.02,1587317
0.02,1606262
0.02,1572260
0.02,1549262
0.02,1543392
0.02,1420966
0.02,1412169
0.02,1403568
0.02,1399044
0.02,1419578
0.02,1397216
0.02,1399798
0.02,1405910
0.02,1410779
0.02,1467614
0.02,1537983
0.02,1595455
0.02,1632134
0.02,1600530
0.02,1647146
0.02,1558729
0.02,1575961
0.02,1563208
0.02,1633942
0.02,1635459
0.02,1592962
0.02,1574420
0.02,1524953
0.02,1542955
0.02,1572547
0.02,1640657
0.02,1632054
0.02,1642363
0.02,1662161
0.02,1648556
0.02,1653572
0.02,1606923
0.02,1594810
0.02,1606694
0.02,1604463
0.02,1599717
0.02,1603988
0.02,1601601
0.02,1666730
0.02,1668278
0.02,1672719
0.02,1683241
0.02,1687404
0.02,1645018
0.02,1619511
0.02,1668750
0.02,1650915
0.02,1472521
0.02,1523512
0.02,1481511
0.02,1387698
0.02,1384667
0.02,1399223
0.02,1402467
0.02,1444860
0.02,1486480
0.02,1533147
0.02,1583657
0.02,1573088
0.02,1619205
0.02,1536973
0.02,1556713
0.02,1554071
0.02,1564329
0.02,1553909
0.02,1493693
0.02,1473909
0.02,1443736
0.02,1465330
0.02,1468899
0.02,1542834
0.02,1526296
0.02,1497351
0.02,1513928
0.02,1484035
0.02,1518522
0.02,1555504
0.02,1606083
0.02,1635947
0.02,1654651
0.02,1639618
0.02,1642570
0.02,1606965
0.02,1565205
0.02,1569729
0.02,1572119
0.02,1544774
0.02,1535311
0.02,1521916
0.02,1540588
0.02,1639016
0.02,1654991
0.02,1555381
0.02,1595666
0.02,1588221
0.02,1494257
0.02,1526376
0.02,1526785
0.02,1492158
0.02,1403971
0.02,1390947
0.02,1377413
0.02,1383458
0.02,1394889
0.02,1415557
0.02,1439765
0.02,1418278
0.02,1420876
0.02,1419980
0.02,1433059
0.02,1452649
0.02,1531826
0.02,1526020
0.02,1510922
0.02,1470700
0.02,1464388
0.02,1495899
0.02,1529228
0.02,1572793
0.02,1576139
0.02,1583544
0.02,1586742
0.02,1652822
0.02,1661184
0.02,1487673
0.02,1478314
0.02,1457819
0.02,1418674
0.02,1488890
0.02,1485327
0.02,1475722
0.02,1506986
0.02,1498768
0.02,1501617
0.02,1517144
0.02,1530599
0.02,1418106
0.02,1364334
0.02,1390726
0.02,1424733
0.02,1435139
0.02,1431548
0.02,1365030
0.02,1364010
0.02,1370538
0.02,1397419
0.02,1389477
0.02,1450580
0.02,1448485
0.02,1458904
0.02,1552699
0.02,1558016
0.02,1472257
0.02,1477437
0.02,1508444
0.02,1500641
0.02,1574472
0.02,1566110
0.02,1573112
0.02,1573730
0.02,1508933
0.02,1487719
0.02,1472321
0.02,1448941
0.02,1393214
0.02,1404912
0.02,1369680
0.02,1376206
0.02,1375349
0.02,1372226
0.02,1352275
0.02,1361440
0.02,1369899
0.02,1345392
0.02,1339014
0.02,1333003
0.02,1327132
0.02,1323960
0.02,1320206
0.02,1313450
0.02,1309586
0.02,1305770
0.02,1305651
0.02,1300212
0.02,1296417
0.02,1297065
0.02,1295264
0.02,1292314
0.02,1294788
0.02,1293508
0.02,1292360
0.02,1290141
0.02,1297188
0.02,1286920
0.02,1294859
0.02,1285211
0.02,1289658
0.02,1300846
0.02,1294622
0.02,1327233
0.02,1397003
0.02,1449722
0.02,1485800
0.02,1508676
0.02,1495660
0.02,1544750
0.02,1467908
0.02,1470929
0.02,1523458
0.02,1528977
0.02,1520091
0.02,1488101
0.02,1461862
0.02,1450553
0.02,1477150
0.02,1523361
0.02,1542158
0.02,1560862
0.02,1545829
0.02,1548781
0.02,1521384
0.03,1470266
0.03,1475940
0.03,1482885
0.03,1447341
0.03,1441680
0.03,1435479
0.03,1458973
0.03,1560060
0.03,1546369
0.03,1459196
0.03,1484429
0.03,1463019
0.03,1432069
0.03,1442239
0.03,1424842
0.03,1398272
0.03,1310182
0.03,1304902
0.03,1283624
0.03,1283619
0.03,1286353
0.03,1283565
0.03,1284524
0.03,1283861
0.03,1286205
0.03,1280608
0.03,1278452
0.03,1277427
0.03,1276648
0.03,1275929
0.03,1275719
0.03,1275543
0.03,1279834
0.03,1275392
0.03,1275277
0.03,1275212
0.03,1275161
