0.00,9417749
0.00,9321770
0.00,9051729
0.00,8743502
0.00,8577160
0.00,8478884
0.00,8162481
0.00,7913924
0.00,7848867
0.00,7861581
0.00,7838329
0.00,7778598
0.00,7781039
0.00,7363141
0.00,7085193
0.00,6823649
0.00,6595944
0.00,6395583
0.00,6298010
0.00,6252955
0.00,6155665
0.00,6094625
0.00,5998486
0.00,5906095
0.00,5835322
0.00,5771071
0.00,5646166
0.00,5780229
0.00,5763482
0.00,5598518
0.00,5402621
0.00,5420401
0.00,5475174
0.00,5519498
0.00,5562370
0.00,5584898
0.00,5432003
0.00,5495775
0.00,5696318
0.00,5536647
0.00,5411649
0.00,5184864
0.00,5101538
0.00,5181512
0.00,5151750
0.00,4881452
0.00,4893152
0.00,4801338
0.00,4592569
0.00,4464934
0.00,4449055
0.00,4445776
0.00,4415020
0.00,4425200
0.01,4392443
0.01,4420974
0.01,4359706
0.01,4420860
0.01,4388773
0.01,4356529
0.01,4262516
0.01,4045709
0.01,4045063
0.01,3993652
0.01,3831533
0.01,3823639
0.01,3734245
0.01,3695505
0.01,3690740
0.01,3821644
0.01,3665355
0.01,3688711
0.01,3571565
0.01,3511012
0.01,3552542
0.01,3557665
0.01,3429412
0.01,3438487
0.01,3336202
0.01,3300826
0.01,3258565
0.01,3343373
0.01,3228825
0.01,3298466
0.01,3291242
0.01,3275082
0.01,3244706
0.01,3286212
0.01,3314276
0.01,3383788
0.01,3246397
0.01,3312224
0.01,3235905
0.01,3267188
0.01,3230591
0.01,3195928
0.01,3074050
0.01,3187203
0.01,3038248
0.01,3039175
0.01,2991099
0.01,2920201
0.01,2917550
0.01,2983162
0.01,2894424
0.01,2844914
0.01,2777806
0.01,2782276
0.01,2739199
0.01,2814694
0.01,2868030
0.01,2883066
0.01,2933837
0.01,2916523
0.01,2879799
0.01,2882517
0.01,2881973
0.01,2881139
0.01,2891626
0.01,2858730
0.01,2766876
0.01,2860559
0.01,2924544
0.01,2852885
0.01,2856058
0.01,2892695
0.01,2807061
0.01,2817645
0.01,2764025
0.01,2698420
0.01,2725865
0.01,2683486
0.01,2692203
0.01,2656990
0.01,2632547
0.01,2647848
0.01,2765124
0.01,2732657
0.01,2762158
0.01,2854148
0.01,2760754
0.01,2801505
0.01,2785306
0.01,2725292
0.01,2779812
0.01,2749037
0.01,2667216
0.01,2692215
0.01,2578057
0.01,2603231
0.01,2542196
0.01,2571865
0.01,2548949
0.01,2506830
0.01,2487217
0.01,2475115
0.01,2402766
0.01,2376679
0.01,2326968
0.01,2316438
0.01,2359125
0.01,2307163
0.01,2324289
0.01,2371613
0.01,2424464
0.01,2463910
0.01,2496518
0.01,2543766
0.01,2500411
0.01,2462285
0.01,2495008
0.01,2499985
0.01,2426331
0.01,2371107
0.01,2368562
0.01,2307759
0.01,2257284
0.01,2208925
0.01,2214822
0.01,2164652
0.01,2123057
0.01,2131299
0.01,2083458
0.01,2097086
0.01,2043521
0.01,2025649
0.01,1975139
0.01,2003286
0.01,1990066
0.01,2033796
0.01,2102766
0.01,2089869
0.01,2045810
0.01,2101797
0.01,2121867
0.01,2062015
0.01,2048637
0.01,2015473
0.01,1993602
0.01,2052399
0.01,2093398
0.01,2094645
0.01,1974088
0.01,1929816
0.01,1971140
0.01,1937830
0.01,1929929
0.01,1942720
0.01,1943473
0.01,1937392
0.01,1895185
0.01,1864090
0.01,1915817
0.01,1890485
0.01,1836241
0.01,1876161
0.01,1880855
0.01,1870409
0.01,1805577
0.01,1861334
0.01,1812938
0.01,1774115
0.01,1754190
0.01,1732896
0.01,1711692
0.01,1691044
0.01,1672103
0.01,1662902
0.01,1645697
0.01,1629101
0.01,1635996
0.01,1614877
0.01,1713988
0.01,1736017
0.01,1721945
0.01,1860387
0.01,1895402
0.01,1857122
0.01,1882140
0.01,1892070
0.01,1893629
0.01,1812426
0.01,1833591
0.01,1825204
0.01,1847839
0.02,1845347
0.02,1857210
0.02,1870881
0.02,1880262
0.02,1875466
0.02,1883304
0.02,1931604
0.02,1969332
0.02,1991993
0.02,1893618
0.02,1969018
0.02,1863815
0.02,1829340
0.02,1838010
0.02,1839561
0.02,1844579
0.02,1695199
0.02,1710790
0.02,1740896
0.02,1691320
0.02,1680860
0.02,1690785
0.02,1637832
0.02,1656275
0.02,1655816
0.02,1659247
0.02,1668563
0.02,1631014
0.02,1638160
0.02,1664477
0.02,1662852
0.02,1650618
0.02,1620932
0.02,1600793
0.02,1613137
0.02,1690055
0.02,1711125
0.02,1722745
0.02,1719989
0.02,1725428
0.02,1881148
0.02,1924487
0.02,1853283
0.02,1833459
0.02,1789200
0.02,1811187
0.02,1807214
0.02,1819220
0.02,1794580
0.02,1819461
0.02,1844154
0.02,1822734
0.02,1834585
0.02,1877048
0.02,1858668
0.02,1876448
0.02,1923839
0.02,1866084
0.02,1923637
0.02,1881963
0.02,1931417
0.02,1849126
0.02,1821411
0.02,1843301
0.02,1747007
0.02,1756599
0.02,1703111
0.02,1638124
0.02,1652600
0.02,1675357
0.02,1625327
0.02,1632901
0.02,1641852
0.02,1660866
0.02,1640142
0.02,1631275
0.02,1643931
0.02,1638761
0.02,1644588
0.02,1635920
0.02,1605065
0.02,1579450
0.02,1579571
0.02,1568986
0.02,1560383
0.02,1557638
0.02,1579530
0.02,1588777
0.02,1590799
0.02,1544826
0.02,1564814
0.02,1584343
0.02,1599931
0.02,1579277
0.02,1585898
0.02,1606580
0.02,1610128
0.02,1680328
0.02,1604640
0.02,1562118
0.02,1527677
0.02,1591593
0.02,1604325
0.02,1599842
0.02,1590924
0.02,1581554
0.02,1517349
0.02,1500088
0.02,1489141
0.02,1471168
0.02,1461166
0.02,1451951
0.02,1457212
0.02,1447098
0.02,1447802
0.02,1435633
0.02,1430144
0.02,1421529
0.02,1412962
0.02,1405086
0.02,1397494
0.02,1409086
0.02,1398089
0.02,1390243
0.02,1384467
0.02,1378073
0.02,1371863
0.02,1365992
0.02,1361989
0.02,1358406
0.02,1355352
0.02,1368540
0.02,1348597
0.02,1353652
0.02,1358243
0.02,1363539
0.02,1341907
0.02,1344703
0.02,1342707
0.02,1341145
0.02,1353009
0.02,1338291
0.02,1333849
0.02,1329943
0.02,1328443
0.02,1324357
0.02,1328153
0.02,1324944
0.02,1325793
0.02,1325704
0.02,1320168
0.02,1315457
0.02,1311779
0.02,1315195
0.02,1314451
0.02,1309010
0.02,1327012
0.02,1332771
0.02,1420217
0.02,1443944
0.02,1433055
0.02,1577535
0.02,1602640
0.02,1564360
0.02,1589378
0.02,1599308
0.02,1609258
0.02,1528564
0.02,1508220
0.02,1504945
0.02,1513837
0.02,1530992
0.02,1526360
0.02,1524565
0.02,1586274
0.02,1654092
0.02,1659780
0.02,1672622
0.02,1649740
0.02,1685588
0.02,1706461
0.02,1631818
0.02,1613524
0.02,1579903
0.02,1546056
0.02,1522318
0.02,1518688
0.02,1486664
0.02,1482005
0.02,1485132
0.02,1416200
0.02,1399604
0.02,1403528
0.02,1359354
0.02,1357386
0.02,1361993
0.02,1381263
0.02,1365394
0.02,1351408
0.02,1324380
0.02,1313848
0.02,1309869
0.02,1307350
0.02,1305206
0.02,1312304
0.02,1310775
0.02,1303202
0.02,1324950
0.02,1333473
0.02,1342400
0.02,1301470
0.02,1298752
0.02,1297180
0.02,1317309
0.02,1301107
0.02,1295505
0.02,1314588
0.02,1297503
0.02,1292189
0.02,1290779
0.02,1289476
0.02,1288591
0.02,1287813
0.02,1312357
0.02,1296422
0.02,1300199
0.02,1277382
0.02,1286643
0.02,1299219
0.02,1315611
0.02,1343461
0.02,1352120
0.02,1342390
0.02,1345649
0.02,1367044
0.02,1437712
0.02,1442833
0.02,1463192
0.02,1433245
0.02,1444380
0.02,1517085
0.02,1464250
0.02,1469310
0.02,1425136
0.02,1368490
0.02,1318355
0.02,1313486
0.02,1333001
0.02,1292821
0.02,1286056
0.02,1284906
0.02,1280848
0.02,1278367
0.02,1294245
0.02,1305514
0.02,1315797
0.02,1318683
0.02,1324188
0.02,1340115
0.02,1339129
0.02,1340805
0.02,1362815
0.02,1435219
0.02,1439171
0.02,1458161
0.02,1429055
0.02,1441798
0.02,1510570
0.02,1460319
0.02,1454084
0.02,1397956
0.02,1353785
0.02,1334230
0.02,1337322
0.02,1330029
0.02,1293594
0.02,1287414
0.02,1273212
0.02,1277364
0.02,1270502
0.02,1275920
0.02,1268539
0.02,1266473
0.02,1265874
0.02,1265345
0.02,1264864
0.02,1264391
0.02,1264076
0.03,1263869
0.03,1263693
