0.00,10535124
0.00,10250633
0.00,9826020
0.00,9812291
0.00,9451060
0.00,9462832
0.00,9397801
0.00,9421685
0.00,9199967
0.00,8757049
0.00,8715225
0.00,8479722
0.00,8173590
0.00,8029267
0.00,7734878
0.00,7558242
0.00,7302006
0.00,7297326
0.00,7149675
0.00,6858325
0.00,6916528
0.00,6990222
0.00,6765510
0.00,6597315
0.00,6609104
0.00,6507457
0.00,6464981
0.00,6389588
0.00,6484555
0.00,6180276
0.00,6042406
0.00,6003336
0.00,6036009
0.00,6047602
0.00,6057350
0.00,6034977
0.00,5792837
0.00,5811326
0.00,5680703
0.00,5635034
0.00,5572676
0.00,5352548
0.00,5259028
0.00,5088870
0.00,5171274
0.00,5107509
0.00,5108326
0.00,5120775
0.00,5160993
0.00,5015091
0.00,4675212
0.00,4635742
0.00,4667846
0.00,4679126
0.00,4706417
0.00,4641187
0.01,4401322
0.01,4377890
0.01,4346091
0.01,4199707
0.01,4147344
0.01,4094030
0.01,4043218
0.01,3994980
0.01,3854959
0.01,3755784
0.01,3703842
0.01,3588941
0.01,3573026
0.01,3553213
0.01,3608008
0.01,3567273
0.01,3563889
0.01,3564937
0.01,3550514
0.01,3447360
0.01,3297226
0.01,3295933
0.01,3202420
0.01,3210932
0.01,3209033
0.01,3233553
0.01,3297989
0.01,3337139
0.01,3209539
0.01,3253183
0.01,3249677
0.01,3375368
0.01,3431081
0.01,3445501
0.01,3425510
0.01,3385477
0.01,3307979
0.01,3265820
0.01,3251869
0.01,3239215
0.01,3232234
0.01,3223189
0.01,3225901
0.01,3249153
0.01,3238681
0.01,3240672
0.01,3225028
0.01,3110431
0.01,3124115
0.01,2985646
0.01,3012305
0.01,3130536
0.01,3040763
0.01,2948782
0.01,2952426
0.01,2981672
0.01,2957632
0.01,3000016
0.01,3069264
0.01,3036952
0.01,2957342
0.01,2985633
0.01,3070425
0.01,3003192
0.01,3071065
0.01,3172009
0.01,3015484
0.01,2932643
0.01,2881998
0.01,2877671
0.01,2854429
0.01,2873351
0.01,2794879
0.01,2902901
0.01,2902454
0.01,2777731
0.01,2775140
0.01,2711152
0.01,2690059
0.01,2654050
0.01,2678047
0.01,2621327
0.01,2661484
0.01,2660492
0.01,2677476
0.01,2755713
0.01,2761819
0.01,2825210
0.01,2736316
0.01,2637041
0.01,2564517
0.01,2603770
0.01,2580811
0.01,2607656
0.01,2559687
0.01,2547420
0.01,2583020
0.01,2545903
0.01,2510989
0.01,2519875
0.01,2540352
0.01,2614869
0.01,2515220
0.01,2522526
0.01,2522671
0.01,2561522
0.01,2613288
0.01,2504192
0.01,2448882
0.01,2404762
0.01,2424879
0.01,2510649
0.01,2513356
0.01,2483318
0.01,2513531
0.01,2501800
0.01,2511791
0.01,2504289
0.01,2412170
0.01,2335629
0.01,2341530
0.01,2296222
0.01,2279103
0.01,2267256
0.01,2308122
0.01,2233109
0.01,2269721
0.01,2227604
0.01,2200140
0.01,2186350
0.01,2257564
0.01,2301613
0.01,2262647
0.01,2287455
0.01,2281703
0.01,2277857
0.01,2263793
0.01,2221336
0.01,2243379
0.01,2189362
0.01,2262847
0.01,2344876
0.01,2214255
0.01,2150048
0.01,2190914
0.01,2102198
0.01,2095460
0.01,2048775
0.01,2047368
0.01,2095714
0.01,2051890
0.01,2000683
0.01,2012224
0.01,2027404
0.01,2041831
0.01,2038359
0.01,2104189
0.01,2034242
0.01,2010827
0.01,2083096
0.01,2135832
0.01,2181467
0.01,2234849
0.01,2286805
0.01,2273531
0.01,2300406
0.01,2308547
0.01,2329363
0.01,2297094
0.01,2245742
0.01,2218651
0.01,2307870
0.01,2165042
0.01,2056296
0.01,2037626
0.01,2027220
0.01,1999709
0.01,2053419
0.01,1998170
0.01,1941906
0.01,1925595
0.01,1892924
0.01,1904804
0.01,1878181
0.01,1849399
0.01,1827373
0.01,1841361
0.01,1851967
0.01,1833521
0.01,1841767
0.01,1797961
0.01,1773463
0.01,1748047
0.01,1730086
0.01,1708255
0.01,1699838
0.01,1743348
0.01,1679302
0.01,1636513
0.01,1649497
0.01,1659105
0.01,1682721
0.01,1652462
0.01,1661057
0.01,1632974
0.01,1669682
0.01,1664538
0.01,1602497
0.01,1643039
0.01,1648139
0.01,1601497
0.01,1596993
0.01,1588391
0.01,1567977
0.01,1557937
0.01,1566806
0.01,1544990
0.01,1529305
0.01,1537673
0.01,1515456
0.01,1518957
0.01,1524152
0.01,1582000
0.01,1654418
0.01,1673578
0.01,1679423
0.01,1727748
0.01,1779323
0.01,1693885
0.01,1707256
0.01,1755252
0.01,1739019
0.01,1765210
0.01,1747993
0.01,1770336
0.01,1795112
0.01,1740843
0.01,1738520
0.01,1680697
0.01,1657141
0.01,1622183
0.01,1641993
0.01,1615023
0.01,1551046
0.01,1521874
0.01,1556961
0.01,1592423
0.01,1601129
0.01,1709819
0.01,1771527
0.01,1767926
0.01,1791309
0.01,1842097
0.01,1814969
0.01,1733405
0.01,1734484
0.01,1765672
0.01,1836661
0.01,1810297
0.01,1805095
0.02,1758519
0.02,1659856
0.02,1612644
0.02,1588156
0.02,1581279
0.02,1540520
0.02,1508457
0.02,1560351
0.02,1532754
0.02,1527477
0.02,1480294
0.02,1463736
0.02,1449786
0.02,1459433
0.02,1438501
0.02,1429054
0.02,1416387
0.02,1416851
0.02,1406900
0.02,1397979
0.02,1389103
0.02,1382664
0.02,1374120
0.02,1427725
0.02,1431985
0.02,1456676
0.02,1407578
0.02,1377993
0.02,1370843
0.02,1356517
0.02,1336684
0.02,1330124
0.02,1367541
0.02,1350886
0.02,1320803
0.02,1316825
0.02,1311659
0.02,1304451
0.02,1301753
0.02,1294769
0.02,1311673
0.02,1308915
0.02,1301243
0.02,1313193
0.02,1301636
0.02,1295120
0.02,1288659
0.02,1283608
0.02,1277983
0.02,1273133
0.02,1281963
0.02,1278717
0.02,1274844
0.02,1292890
0.02,1280058
0.02,1276464
0.02,1271346
0.02,1270858
0.02,1265943
0.02,1266586
0.02,1268328
0.02,1268886
0.02,1268329
0.02,1268961
0.02,1265802
0.02,1261364
0.02,1263359
0.02,1256965
0.02,1253100
0.02,1250142
0.02,1247352
0.02,1248104
0.02,1244839
0.02,1252891
0.02,1251355
0.02,1242455
0.02,1254219
0.02,1238266
0.02,1233450
0.02,1231204
0.02,1229238
0.02,1228432
0.02,1230271
0.02,1234661
0.02,1233684
0.02,1227616
0.02,1229021
0.02,1226704
0.02,1225211
0.02,1224405
0.02,1223037
0.02,1222401
0.02,1223924
0.02,1256666
0.02,1336193
0.02,1335875
0.02,1357773
0.02,1327117
0.02,1339013
0.02,1340343
0.02,1338195
0.02,1352425
0.02,1290611
0.02,1321146
0.02,1402465
0.02,1397648
0.02,1448406
0.02,1511524
0.02,1504717
0.02,1518362
0.02,1479629
0.02,1461839
0.02,1467358
0.02,1469203
0.02,1515997
0.02,1574874
0.02,1522358
0.02,1482066
0.02,1418255
0.02,1370290
0.02,1345374
0.02,1329793
0.02,1318501
0.02,1289054
0.02,1302078
0.02,1277691
0.02,1269053
0.02,1242410
0.02,1244772
0.02,1261270
0.02,1258183
0.02,1239892
0.02,1232494
0.02,1230321
0.02,1233576
0.02,1238291
0.02,1242343
0.02,1242647
0.02,1252026
0.02,1235768
0.02,1228791
0.02,1229958
0.02,1229807
0.02,1222810
0.02,1222627
0.02,1223813
0.02,1221495
0.02,1221241
0.02,1221040
0.02,1220633
0.02,1220502
0.02,1220441
