0.01, 10458121
0.01, 10251337
0.01, 10191614
0.01, 10188291
0.01, 10161929
0.01, 10124877
0.01, 9946220
0.01, 9917483
0.01, 9782229
0.01, 9725891
0.01, 9557745
0.01, 9438957
0.01, 9259474
0.01, 9243745
0.01, 9232595
0.01, 9232101
0.01, 9220866
0.01, 9216150
0.01, 9173319
0.01, 9168896
0.01, 8998790
0.01, 8931197
0.01, 8926132
0.01, 8923470
0.01, 8819890
0.01, 8797255
0.01, 8552266
0.01, 8507949
0.01, 8437880
0.01, 8406398
0.01, 8395300
0.01, 8393523
0.01, 8364911
0.01, 8364141
0.01, 8304189
0.01, 8246762
0.01, 8244069
0.01, 8231186
0.01, 8224814
0.01, 8223488
0.01, 8205521
0.01, 8076467
0.01, 8073179
0.01, 8065452
0.01, 7915291
0.01, 7818699
0.01, 7677462
0.01, 7650102
0.01, 7649434
0.01, 7616094
0.01, 7570889
0.01, 7566109
0.01, 7449780
0.01, 7448473
0.01, 7447737
0.01, 7348766
0.01, 7193393
0.01, 7180988
0.01, 7168100
0.01, 7157592
0.01, 7064083
0.01, 6935246
0.01, 6927396
0.01, 6878309
0.01, 6877879
0.01, 6766258
0.01, 6626839
0.01, 6550523
0.01, 6526231
0.01, 6516297
0.01, 6504942
0.01, 6475100
0.01, 6429013
0.01, 6427604
0.01, 6425227
0.01, 6415247
0.01, 6403951
0.01, 6394705
0.01, 6360141
0.01, 6338204
0.01, 6336259
0.01, 6329442
0.01, 6327614
0.01, 6282524
0.01, 6280711
0.01, 6266787
0.01, 6262258
0.01, 6262175
0.01, 6244964
0.01, 6226614
0.01, 6221873
0.01, 6219909
0.01, 6218271
0.01, 6174865
0.01, 6155536
0.01, 6112496
0.01, 6104453
0.01, 5978879
0.01, 5971602
0.01, 5950309
0.01, 5947288
0.01, 5918685
0.01, 5892533
0.01, 5889706
0.01, 5868587
0.01, 5854959
0.01, 5840678
0.01, 5840669
0.01, 5784033
0.01, 5644658
0.01, 5599123
0.01, 5470298
0.01, 5460369
0.01, 5367229
0.01, 5337321
0.01, 5298197
0.01, 5240773
0.01, 5193637
0.01, 5064284
0.01, 5059858
0.01, 5059231
0.01, 5051025
0.01, 5013969
0.01, 4952988
0.01, 4909062
0.01, 4908615
0.01, 4880764
0.01, 4868109
0.01, 4852338
0.01, 4826703
0.01, 4825457
0.01, 4823912
0.01, 4750891
0.01, 4749227
0.01, 4723383
0.01, 4636864
0.01, 4620150
0.01, 4559316
0.01, 4543921
0.01, 4538215
0.01, 4462636
0.01, 4457300
0.01, 4453415
0.01, 4435999
0.01, 4423472
0.01, 4423353
0.01, 4395138
0.01, 4345169
0.01, 4333468
0.01, 4320322
0.01, 4298329
0.01, 4234931
0.01, 4234442
0.01, 4226980
0.01, 4213984
0.01, 4211741
0.01, 4118373
0.01, 4110220
0.01, 4106550
0.01, 4078595
0.01, 4044022
0.01, 4036515
0.01, 4008593
0.01, 3964696
0.01, 3962638
0.01, 3956263
0.01, 3938577
0.01, 3936012
0.01, 3906878
0.01, 3874695
0.01, 3874377
0.01, 3867766
0.01, 3834230
0.01, 3771366
0.01, 3759269
0.01, 3758487
0.01, 3756427
0.01, 3744319
0.01, 3740577
0.01, 3740003
0.01, 3739474
0.01, 3704188
0.01, 3698410
0.01, 3694541
0.01, 3664745
0.01, 3655049
0.01, 3654835
0.01, 3595297
0.01, 3595216
0.01, 3559031
0.01, 3552672
0.01, 3546414
0.01, 3536898
0.01, 3453669
0.01, 3432555
0.01, 3424394
0.01, 3396321
0.01, 3395640
0.01, 3368094
0.01, 3356667
0.01, 3344466
0.01, 3322269
0.01, 3289568
0.02, 3243252
0.02, 3238089
0.02, 3203658
0.02, 3203263
0.02, 3190573
0.02, 3178150
0.02, 3172397
0.02, 3143249
0.02, 3142452
0.02, 3141310
0.02, 3140944
0.02, 3129374
0.02, 3109960
0.02, 3095895
0.02, 3074747
0.02, 3070155
0.02, 3061591
0.02, 3054414
0.02, 3050858
0.02, 3050035
0.02, 3047476
0.02, 3027269
0.02, 3024983
0.02, 3022157
0.02, 3020650
0.02, 3016342
0.02, 2976645
0.03, 2974169
0.03, 2973565
0.03, 2969186
0.03, 2954610
0.03, 2938113
0.03, 2926086
0.03, 2917166
0.03, 2904821
0.03, 2901385
0.03, 2898938
0.03, 2876118
0.03, 2849390
0.03, 2847864
0.03, 2804917
0.03, 2784824
0.03, 2756904
0.03, 2754719
0.03, 2748843
0.03, 2732401
0.03, 2730869
0.03, 2729824
0.03, 2723236
0.03, 2717324
0.03, 2715036
0.03, 2712822
0.03, 2704167
0.04, 2699053
0.04, 2680855
0.04, 2673779
0.05, 2657422
0.05, 2652716
0.05, 2606109
0.05, 2600522
0.05, 2591596
0.05, 2573840
0.07, 2556273
0.08, 2548641
0.08, 2546206
0.08, 2541879
0.08, 2534371
0.08, 2512251
0.08, 2511966
0.08, 2511466
0.08, 2492954
0.08, 2457179
0.08, 2453195
0.08, 2439671
0.08, 2434544
0.08, 2384985
0.08, 2375132
0.08, 2367091
0.08, 2365491
0.08, 2328481
0.08, 2324359
0.11, 2306513
0.11, 2303377
0.11, 2301094
0.13, 2272836
0.13, 2248154
0.13, 2246724
0.13, 2246013
0.13, 2242828
0.13, 2240523
0.13, 2227164
0.13, 2218654
0.13, 2169764
0.13, 2142382
0.13, 2111758
0.13, 2111748
0.13, 2099747
0.13, 2077760
0.13, 2064122
0.13, 2063389
0.13, 2061306
0.13, 2061099
0.13, 2054941
0.13, 2032827
0.13, 2027253
0.13, 2011431
0.13, 2000232
0.13, 1991579
0.13, 1988143
0.18, 1981962
0.18, 1965818
0.18, 1965697
0.18, 1963640
0.18, 1951476
0.21, 1915256
0.21, 1913767
0.21, 1913718
0.21, 1913193
0.21, 1907495
0.21, 1891681
0.21, 1888431
0.21, 1887700
0.21, 1887565
0.21, 1886907
0.22, 1885000
0.22, 1835448
0.22, 1830919
0.22, 1830694
0.22, 1825467
0.22, 1823729
0.22, 1821637
0.24, 1821381
0.24, 1820650
0.24, 1802762
0.24, 1800293
0.24, 1795301
0.24, 1793620
0.24, 1786601
0.24, 1785580
0.24, 1783665
0.24, 1761365
0.24, 1760016
0.24, 1757317
0.24, 1748435
0.24, 1747663
0.24, 1742054
0.24, 1739717
0.24, 1739277
0.24, 1737629
0.29, 1731441
0.29, 1725620
0.29, 1710059
0.29, 1705496
0.29, 1702876
0.29, 1702468
0.29, 1700123
0.29, 1694711
0.29, 1694380
0.29, 1688689
0.29, 1687542
0.29, 1685334
0.29, 1683834
0.29, 1677763
0.29, 1675056
0.30, 1673079
0.30, 1657102
0.30, 1650959
0.30, 1646278
0.30, 1636679
0.30, 1636544
0.30, 1614739
0.31, 1614220
0.31, 1613960
0.32, 1613947
0.32, 1609424
0.32, 1608589
0.32, 1592320
0.32, 1591867
0.32, 1568406
0.32, 1563210
0.32, 1550726
0.32, 1548140
0.32, 1537308
0.32, 1523772
0.32, 1520397
0.32, 1518055
0.34, 1511309
0.34, 1511272
0.34, 1494865
0.34, 1492214
0.36, 1488449
0.36, 1483475
0.36, 1481676
0.36, 1473845
0.36, 1472523
0.36, 1466804
0.36, 1466084
0.36, 1462912
0.36, 1462445
0.36, 1462385
0.36, 1460130
0.36, 1458899
0.36, 1458139
0.38, 1457093
0.38, 1455508
0.38, 1455473
0.38, 1447786
0.39, 1445629
0.39, 1441241
0.39, 1434488
0.39, 1430357
0.39, 1429688
0.39, 1420849
0.39, 1420691
0.39, 1418388
0.39, 1415936
0.39, 1414912
0.39, 1406300
0.39, 1397808
0.40, 1395251
0.40, 1394701
0.40, 1394287
0.40, 1394206
0.40, 1392765
0.40, 1391816
0.40, 1390160
0.46, 1387534
0.46, 1380633
0.47, 1380551
0.47, 1380385
0.47, 1380300
0.47, 1378556
0.47, 1377180
0.47, 1373614
0.47, 1364892
0.47, 1363343
0.47, 1354626
0.47, 1351714
0.47, 1346357
0.47, 1343522
0.47, 1328841
0.47, 1325529
0.47, 1319850
0.47, 1319496
0.47, 1316150
0.47, 1298940
0.47, 1298199
0.47, 1288667
0.47, 1281250
0.47, 1280769
0.47, 1280552
0.47, 1276338
0.47, 1274231
0.47, 1267653
0.53, 1267281
0.53, 1266068
0.53, 1251370
0.53, 1248956
0.60, 1248822
0.60, 1247857
0.60, 1243251
0.60, 1243013
0.60, 1242727
0.61, 1241869
0.61, 1241863
0.61, 1241038
0.61, 1235360
0.61, 1235068
0.61, 1234220
0.61, 1233414
0.64, 1230780
0.64, 1229896
0.66, 1229677
0.66, 1227663
0.66, 1226806
0.66, 1222896
0.66, 1219814
0.66, 1219786
0.66, 1219104
0.68, 1215444
0.68, 1214016
0.68, 1212097
0.68, 1211181
0.74, 1208840
0.74, 1207186
0.74, 1206981
0.74, 1206114
0.81, 1205722
0.81, 1202791
0.81, 1197903
0.81, 1197873
0.81, 1197663
0.81, 1197339
0.81, 1194796
0.81, 1194212
0.81, 1193879
0.81, 1193114
0.83, 1192901
0.83, 1192774
0.83, 1192667
0.83, 1192645
0.83, 1192490
0.84, 1192243
0.84, 1192121
0.84, 1191977
0.84, 1191430
0.84, 1190476
0.86, 1189251
0.90, 1189199
0.90, 1188169
0.91, 1187799
0.95, 1185091
0.95, 1184206
0.95, 1184164
0.95, 1183565
0.95, 1183067
0.95, 1181201
0.95, 1181136
0.95, 1180692
0.95, 1180377
0.96, 1180066
0.96, 1179079
1.17, 1178529
1.17, 1177893
1.17, 1177810
1.19, 1177733
1.21, 1177613
1.22, 1177249
1.22, 1177184
1.23, 1176757
1.23, 1176743
1.30, 1176734
1.31, 1176703
1.33, 1176516
1.33, 1176276
1.33, 1176211
5.74, 1176151
