0.00, 10712427
0.00, 10693127
0.00, 10669428
0.00, 10447680
0.00, 10440100
0.00, 10422309
0.00, 10359891
0.00, 10354024
0.00, 10343561
0.00, 10179340
0.00, 10122443
0.00, 10115792
0.00, 10111772
0.00, 10016504
0.00, 9835603
0.00, 9830387
0.00, 9762075
0.00, 9634553
0.00, 9589029
0.00, 9559221
0.00, 9398644
0.00, 9375142
0.00, 9362142
0.00, 9359537
0.00, 9318753
0.00, 9317906
0.00, 9312763
0.00, 9229768
0.00, 9206701
0.00, 9205172
0.00, 9083640
0.00, 9064870
0.00, 8959695
0.00, 8954175
0.00, 8896043
0.00, 8842871
0.00, 8842745
0.00, 8803139
0.00, 8801208
0.00, 8783950
0.00, 8776205
0.00, 8750048
0.00, 8747645
0.00, 8711468
0.00, 8708498
0.00, 8699014
0.00, 8696487
0.00, 8694810
0.00, 8561543
0.00, 8560023
0.00, 8545994
0.00, 8515105
0.00, 8500088
0.00, 8487600
0.00, 8475609
0.00, 8458917
0.00, 8349136
0.00, 8287118
0.00, 8271216
0.00, 8227008
0.00, 8149100
0.00, 8042602
0.00, 7996990
0.00, 7995013
0.00, 7843308
0.00, 7694120
0.00, 7496605
0.00, 7465564
0.00, 7354446
0.00, 7338199
0.00, 7333661
0.00, 7308991
0.00, 7275393
0.01, 7232916
0.01, 7185721
0.01, 7157736
0.01, 7080533
0.01, 7074994
0.01, 7066154
0.01, 7057800
0.01, 6986987
0.01, 6929119
0.01, 6855574
0.01, 6854973
0.01, 6820301
0.01, 6815473
0.01, 6806691
0.01, 6779882
0.01, 6769328
0.01, 6711443
0.01, 6662299
0.01, 6581029
0.01, 6474494
0.01, 6462433
0.01, 6351689
0.01, 6316490
0.01, 6314824
0.01, 6283311
0.01, 6282355
0.01, 6280472
0.01, 6172527
0.01, 5994302
0.01, 5990412
0.01, 5974989
0.01, 5971440
0.01, 5950360
0.01, 5938921
0.01, 5854203
0.01, 5788059
0.01, 5726211
0.01, 5725030
0.01, 5721873
0.01, 5720662
0.01, 5715530
0.01, 5714085
0.01, 5697637
0.01, 5695590
0.01, 5694962
0.01, 5643383
0.01, 5643022
0.01, 5628158
0.01, 5623736
0.01, 5608987
0.01, 5502099
0.01, 5483651
0.01, 5277379
0.01, 5275229
0.01, 5197844
0.01, 5151460
0.01, 5151357
0.01, 5120161
0.01, 5034248
0.01, 5004423
0.01, 4982614
0.01, 4954966
0.01, 4892954
0.01, 4854052
0.01, 4726081
0.01, 4715202
0.01, 4713153
0.01, 4712668
0.01, 4704407
0.01, 4658827
0.01, 4548133
0.01, 4516140
0.01, 4497812
0.01, 4443577
0.01, 4436138
0.01, 4401395
0.01, 4368034
0.01, 4355757
0.01, 4352244
0.01, 4344716
0.01, 4338336
0.01, 4313212
0.01, 4281603
0.01, 4280461
0.01, 4261119
0.01, 4260700
0.01, 4258909
0.01, 4256396
0.01, 4256135
0.01, 4241778
0.01, 4231671
0.01, 4175801
0.01, 4110252
0.01, 4093150
0.01, 4011411
0.01, 3957754
0.01, 3955396
0.01, 3950220
0.01, 3911364
0.01, 3888605
0.01, 3888552
0.01, 3885562
0.01, 3876599
0.01, 3875559
0.01, 3854772
0.01, 3853920
0.01, 3852785
0.01, 3838544
0.01, 3794309
0.01, 3772432
0.01, 3758454
0.01, 3697213
0.01, 3643505
0.01, 3632476
0.01, 3568136
0.01, 3566593
0.01, 3519324
0.01, 3488962
0.01, 3407748
0.01, 3401244
0.01, 3373641
0.01, 3350545
0.01, 3343244
0.01, 3295156
0.01, 3293196
0.01, 3291064
0.01, 3286967
0.01, 3269235
0.01, 3268544
0.01, 3259722
0.01, 3258579
0.01, 3232157
0.01, 3204474
0.01, 3196370
0.01, 3156667
0.01, 3143329
0.01, 3134072
0.01, 3131038
0.01, 3120433
0.01, 3081370
0.01, 3061956
0.01, 3061019
0.01, 3007650
0.02, 2998220
0.02, 2948783
0.02, 2947131
0.02, 2946108
0.02, 2945085
0.02, 2923017
0.02, 2909177
0.02, 2903229
0.02, 2894624
0.02, 2867061
0.02, 2811651
0.02, 2802135
0.02, 2802005
0.02, 2800458
0.02, 2796821
0.02, 2783517
0.02, 2778158
0.02, 2762054
0.02, 2720395
0.02, 2715865
0.02, 2697322
0.02, 2686669
0.02, 2683937
0.02, 2673559
0.02, 2642533
0.02, 2629611
0.02, 2572593
0.02, 2569976
0.02, 2555889
0.02, 2538359
0.02, 2516538
0.04, 2499129
0.04, 2496975
0.04, 2494436
0.04, 2479505
0.04, 2461164
0.04, 2457076
0.10, 2425741
0.10, 2411939
0.10, 2381826
0.10, 2379073
0.10, 2366270
0.10, 2364886
0.10, 2355345
0.10, 2325828
0.10, 2323428
0.10, 2320665
0.10, 2314413
0.10, 2312624
0.10, 2312517
0.10, 2310719
0.12, 2307063
0.12, 2299028
0.12, 2290435
0.12, 2288436
0.12, 2287195
0.12, 2286160
0.12, 2278450
0.12, 2274137
0.12, 2270728
0.12, 2266418
0.12, 2248089
0.12, 2243371
0.13, 2211146
0.13, 2207559
0.13, 2206686
0.13, 2195498
0.13, 2157672
0.13, 2147702
0.13, 2133581
0.13, 2127098
0.13, 2126798
0.13, 2104102
0.13, 2098582
0.13, 2091664
0.13, 2082826
0.13, 2076847
0.13, 2071568
0.13, 2060867
0.16, 2057801
0.16, 2054160
0.16, 2050965
0.16, 2049714
0.16, 2049444
0.16, 2048120
0.16, 2030918
0.16, 2021382
0.16, 2010665
0.16, 2000788
0.16, 2000001
0.16, 1998126
0.16, 1991614
0.16, 1988212
0.16, 1976030
0.16, 1967528
0.16, 1966663
0.16, 1966544
0.16, 1966000
0.16, 1963621
0.16, 1935062
0.16, 1924827
0.16, 1921023
0.16, 1898147
0.16, 1887954
0.19, 1877597
0.19, 1872435
0.19, 1869131
0.19, 1857257
0.19, 1847724
0.19, 1846493
0.19, 1838841
0.19, 1837229
0.19, 1830744
0.19, 1830736
0.22, 1819446
0.22, 1819404
0.22, 1794048
0.22, 1793386
0.22, 1790632
0.22, 1786928
0.22, 1770808
0.22, 1753527
0.22, 1749907
0.22, 1749040
0.24, 1743001
0.24, 1738247
0.24, 1737889
0.24, 1732746
0.24, 1726284
0.24, 1723287
0.24, 1723050
0.24, 1718270
0.24, 1710765
0.24, 1704480
0.24, 1702229
0.24, 1702205
0.24, 1694076
0.24, 1685587
0.24, 1681868
0.24, 1669570
0.24, 1653843
0.24, 1648817
0.24, 1620033
0.24, 1611772
0.24, 1601246
0.31, 1594256
0.31, 1588543
0.31, 1575792
0.31, 1575090
0.31, 1574435
0.31, 1570010
0.31, 1569906
0.31, 1566229
0.31, 1558703
0.31, 1557975
0.31, 1557177
0.34, 1524182
0.34, 1517708
0.34, 1516728
0.34, 1515326
0.34, 1512850
0.34, 1499941
0.34, 1499540
0.34, 1499520
0.34, 1495103
0.34, 1491616
0.34, 1481881
0.34, 1462701
0.34, 1456320
0.34, 1447796
0.34, 1443224
0.34, 1443061
0.34, 1441413
0.34, 1434045
0.34, 1431568
0.34, 1427212
0.34, 1426006
0.34, 1420013
0.34, 1419287
0.34, 1414669
0.34, 1407405
0.34, 1401556
0.34, 1401549
0.35, 1382959
0.35, 1366378
0.35, 1360880
0.35, 1359749
0.35, 1347413
0.35, 1345999
0.35, 1345857
0.50, 1336720
0.51, 1329044
0.51, 1324450
0.51, 1321135
0.51, 1320000
0.51, 1318968
0.51, 1317059
0.51, 1315078
0.51, 1314715
0.51, 1311798
0.51, 1310865
0.51, 1308695
0.51, 1305672
0.51, 1302882
0.51, 1298685
0.51, 1298221
0.51, 1297892
0.51, 1296226
0.51, 1295198
0.54, 1295019
0.54, 1290045
0.54, 1285164
0.54, 1284967
0.54, 1284301
0.55, 1274987
0.55, 1273909
0.61, 1273725
0.61, 1268944
0.61, 1266881
0.63, 1265890
0.63, 1264865
0.63, 1264137
0.63, 1261665
0.63, 1261580
0.64, 1260389
0.64, 1255401
0.64, 1251942
0.64, 1250652
0.64, 1248536
0.64, 1244476
0.65, 1243811
0.65, 1241571
0.65, 1240562
0.65, 1236566
0.65, 1236176
0.65, 1231949
0.65, 1231882
0.65, 1227440
0.65, 1222415
0.65, 1221260
0.66, 1219301
0.66, 1218891
0.66, 1216497
0.70, 1215758
0.73, 1214645
0.74, 1213459
0.75, 1212691
0.75, 1212565
0.75, 1212533
0.75, 1211044
0.75, 1210616
0.75, 1210220
0.75, 1209154
0.75, 1207697
0.75, 1207505
0.75, 1206628
0.75, 1202100
0.76, 1200402
0.77, 1199258
0.79, 1198193
0.79, 1198169
0.84, 1197468
0.84, 1196452
0.84, 1195517
0.84, 1194881
0.87, 1194618
0.87, 1194321
0.87, 1194179
0.87, 1193783
0.87, 1192457
0.87, 1192432
0.87, 1192348
0.88, 1192103
0.88, 1190900
0.88, 1189268
0.88, 1188576
0.88, 1187659
0.88, 1187469
0.88, 1187064
0.88, 1185953
0.88, 1185468
0.89, 1183721
1.04, 1182841
1.07, 1182833
1.07, 1182370
1.07, 1181559
1.07, 1180874
1.09, 1180180
1.09, 1180038
1.10, 1179457
1.10, 1179115
1.10, 1178962
1.10, 1178566
1.10, 1178501
1.20, 1178387
1.20, 1177709
1.20, 1177432
1.21, 1177362
1.22, 1177245
1.23, 1177027
1.24, 1177003
1.25, 1176861
1.27, 1176825
1.28, 1176578
1.28, 1176468
1.29, 1176387
1.39, 1176353
1.53, 1176276
1.53, 1176262
1.54, 1176211
8.86, 1176151
