0.00,10063636
0.00,9971245
0.00,9731738
0.00,9451585
0.00,8997998
0.00,9017641
0.00,8695779
0.00,8410110
0.00,8208847
0.00,7850114
0.00,7722850
0.00,7673660
0.00,7526717
0.00,7534656
0.00,7445160
0.00,6987011
0.00,6783513
0.00,6548462
0.00,6347193
0.00,6276972
0.00,6191622
0.00,6166956
0.00,6019214
0.00,6038813
0.00,5980135
0.00,5930534
0.00,5732224
0.00,5743784
0.00,5764143
0.00,5581078
0.00,5579478
0.00,5484109
0.00,5537497
0.00,5380292
0.00,5280768
0.00,5190753
0.00,5082610
0.00,4886492
0.00,4949291
0.00,4887726
0.00,4851921
0.00,4965271
0.00,4906834
0.00,4890109
0.01,4869385
0.01,4788307
0.01,4733874
0.01,4716243
0.01,4703111
0.01,4578476
0.01,4542998
0.01,4510316
0.01,4507870
0.01,4348853
0.01,4448755
0.01,4380499
0.01,4337245
0.01,4179919
0.01,4160708
0.01,4248633
0.01,4275363
0.01,4160107
0.01,4013081
0.01,4057500
0.01,3945338
0.01,3892824
0.01,3797115
0.01,3769383
0.01,3678297
0.01,3718926
0.01,3761011
0.01,3864622
0.01,3814322
0.01,3813890
0.01,3809278
0.01,3920911
0.01,3790478
0.01,3752358
0.01,3733331
0.01,3648188
0.01,3647639
0.01,3522828
0.01,3522215
0.01,3540311
0.01,3423230
0.01,3380766
0.01,3224526
0.01,3175153
0.01,3189752
0.01,3155451
0.01,3147411
0.01,3161501
0.01,3255112
0.01,3283985
0.01,3220001
0.01,3311864
0.01,3284284
0.01,3168876
0.01,3247979
0.01,3294685
0.01,3264344
0.01,3285880
0.01,3288610
0.01,3325586
0.01,3338108
0.01,3341761
0.01,3335411
0.01,3253212
0.01,3277058
0.01,3235788
0.01,3288613
0.01,3364000
0.01,3366171
0.01,3365493
0.01,3370444
0.01,3372783
0.01,3224203
0.01,3137179
0.01,3109044
0.01,3050048
0.01,3071685
0.01,2994621
0.01,2968020
0.01,3074155
0.01,3097975
0.01,3014794
0.01,2986831
0.01,2989770
0.01,3052949
0.01,3116367
0.01,3050983
0.01,2970726
0.01,2885521
0.01,2834293
0.01,2794775
0.01,2819395
0.01,2887579
0.01,2962936
0.01,2958045
0.01,3054541
0.01,3043647
0.01,2992795
0.01,3016056
0.01,2864631
0.01,2833324
0.01,2832007
0.01,2838296
0.01,2763805
0.01,2749099
0.01,2741910
0.01,2709288
0.01,2687913
0.01,2630888
0.01,2644700
0.01,2621399
0.01,2596768
0.01,2536817
0.01,2542340
0.01,2514010
0.01,2460835
0.01,2417181
0.01,2438223
0.01,2368788
0.01,2425885
0.01,2451983
0.01,2453353
0.01,2435475
0.01,2441745
0.01,2443103
0.01,2533536
0.01,2508242
0.01,2405733
0.01,2395491
0.01,2406812
0.01,2278857
0.01,2284633
0.01,2258575
0.01,2197739
0.01,2211496
0.01,2153657
0.01,2102878
0.01,2125297
0.01,2188147
0.01,2102358
0.01,2105313
0.01,2078073
0.01,2171057
0.01,2180664
0.01,2084531
0.01,2025080
0.01,2003390
0.01,2002072
0.01,2045056
0.01,2029749
0.01,2009631
0.01,2008298
0.01,2004236
0.01,1970133
0.01,1981387
0.01,1939393
0.01,1987171
0.01,1991187
0.01,1991429
0.01,2026614
0.01,1935754
0.01,1894863
0.01,1923865
0.01,1940036
0.01,1996301
0.01,2047607
0.01,1937848
0.01,1921120
0.01,1914303
0.01,1858129
0.01,1851037
0.01,1823616
0.01,1889244
0.01,1870373
0.01,1828304
0.01,1847691
0.01,1893055
0.01,1841227
0.01,1924369
0.01,2044770
0.01,2046455
0.01,2076143
0.01,2067560
0.01,2065578
0.01,2084579
0.01,2092038
0.01,2083741
0.01,2058962
0.01,2092578
0.01,2103969
0.01,2151178
0.01,2143319
0.02,2137658
0.02,2112171
0.02,2125364
0.02,2125449
0.02,2104080
0.02,2049010
0.02,2035703
0.02,2020081
0.02,1950885
0.02,1955591
0.02,1957859
0.02,2008884
0.02,1980753
0.02,1942564
0.02,1982372
0.02,1996519
0.02,1969363
0.02,1979045
0.02,1988350
0.02,1989703
0.02,1942024
0.02,1900371
0.02,1858408
0.02,1845372
0.02,1828553
0.02,1788502
0.02,1807849
0.02,1871862
0.02,1876075
0.02,1933724
0.02,2049906
0.02,2049704
0.02,2065884
0.02,2056347
0.02,2053465
0.02,2051685
0.02,2037692
0.02,2023447
0.02,2014826
0.02,2069407
0.02,2093352
0.02,2137170
0.02,2131199
0.02,2115439
0.02,2073742
0.02,2075262
0.02,2084962
0.02,2076648
0.02,2022230
0.02,2011135
0.02,1988514
0.02,1920730
0.02,1877832
0.02,1865744
0.02,1918860
0.02,1938628
0.02,1905695
0.02,1930884
0.02,1941825
0.02,1952362
0.02,1987635
0.02,1971520
0.02,1939037
0.02,1859721
0.02,1843060
0.02,1767792
0.02,1739526
0.02,1706548
0.02,1682635
0.02,1679561
0.02,1665841
0.02,1677996
0.02,1708756
0.02,1710114
0.02,1688799
0.02,1693285
0.02,1672849
0.02,1665849
0.02,1631798
0.02,1611560
0.02,1591127
0.02,1678163
0.02,1657687
0.02,1782966
0.02,1750133
0.02,1730059
0.02,1690966
0.02,1745579
0.02,1764944
0.02,1777436
0.02,1880804
0.02,1873987
0.02,1869280
0.02,1869204
0.02,1867297
0.02,1864393
0.02,1862941
0.02,1870266
0.02,1846667
0.02,1886426
0.02,1908248
0.02,1945865
0.02,1925246
0.02,1906522
0.02,1901012
0.02,1897869
0.02,1890312
0.02,1896660
0.02,1834401
0.02,1817088
0.02,1792646
0.02,1722130
0.02,1750917
0.02,1737693
0.02,1791966
0.02,1815690
0.02,1795131
0.02,1829316
0.02,1833081
0.02,1817773
0.02,1827926
0.02,1825837
0.02,1817435
0.02,1767151
0.02,1695494
0.02,1653043
0.02,1639059
0.02,1647887
0.02,1597010
0.02,1609994
0.02,1599559
0.02,1581910
0.02,1628247
0.02,1561313
0.02,1539981
0.02,1522222
0.02,1504623
0.02,1517909
0.02,1485404
0.02,1472595
0.02,1458623
0.02,1455170
0.02,1456217
0.02,1441881
0.02,1431322
0.02,1419603
0.02,1411190
0.02,1402232
0.02,1398758
0.02,1391001
0.02,1381687
0.02,1423459
0.02,1546702
0.02,1537496
0.02,1549102
0.02,1564144
0.02,1605037
0.02,1551972
0.02,1569503
0.02,1697173
0.02,1682383
0.02,1690115
0.02,1678986
0.02,1665929
0.02,1667043
0.02,1664204
0.02,1665330
0.02,1637318
0.02,1681967
0.02,1709797
0.02,1758543
0.02,1745705
0.02,1707408
0.02,1695626
0.02,1680914
0.02,1676364
0.02,1686198
0.02,1629374
0.02,1613616
0.02,1611462
0.02,1603808
0.02,1602181
0.02,1594333
0.02,1535453
0.02,1527695
0.02,1530367
0.02,1634755
0.02,1624313
0.02,1625010
0.02,1646193
0.02,1625322
0.02,1612020
0.02,1563563
0.02,1530345
0.02,1501550
0.02,1475525
0.02,1454875
0.02,1408067
0.02,1392761
0.02,1369830
0.02,1398673
0.02,1380509
0.02,1383355
0.02,1349149
0.02,1359343
0.02,1372629
0.02,1351952
0.02,1341981
0.02,1334136
0.02,1341988
0.02,1347680
0.02,1338962
0.02,1328683
0.02,1331009
0.02,1332580
0.02,1327640
0.02,1319594
0.02,1327453
0.02,1343582
0.02,1324291
0.02,1317740
0.02,1323166
0.02,1318734
0.02,1313055
0.02,1310055
0.02,1306490
0.02,1309473
0.02,1307444
0.02,1315153
0.02,1332283
0.02,1312216
0.02,1303009
0.02,1302709
0.02,1297585
0.02,1296197
0.02,1293285
0.02,1290495
0.02,1292083
0.02,1292077
0.02,1292536
0.02,1299688
0.02,1318876
0.02,1302156
0.02,1296414
0.02,1288514
0.02,1286772
0.02,1285247
0.02,1283873
0.02,1283038
0.02,1282353
0.02,1282045
0.02,1281446
0.02,1280948
0.02,1280516
0.02,1280139
0.02,1279932
0.02,1279770
0.02,1279516
0.02,1280657
0.02,1279368
0.02,1282773
0.02,1276395
0.02,1276253
0.02,1393596
0.02,1386711
0.02,1359926
0.02,1305081
0.02,1348086
0.02,1339217
0.02,1366450
0.02,1342664
0.02,1313467
0.02,1249865
0.02,1220931
0.02,1219825
0.02,1219649
0.02,1219544
0.02,1219479
0.02,1219428
