0.00, 10312442
0.00, 10271346
0.00, 10266819
0.00, 10259148
0.00, 10132401
0.00, 10043429
0.00, 9816424
0.00, 9804225
0.00, 9732980
0.00, 9560940
0.00, 9550385
0.00, 9391232
0.00, 9160578
0.01, 9152486
0.01, 9126741
0.01, 9122323
0.01, 9074613
0.01, 9074144
0.01, 8926457
0.01, 8880776
0.01, 8855506
0.01, 8757799
0.01, 8661872
0.01, 8633834
0.01, 8632691
0.01, 8619049
0.01, 8524362
0.01, 8523545
0.01, 8485714
0.01, 8484434
0.01, 8207369
0.01, 8205840
0.01, 8148039
0.01, 8145447
0.01, 8108081
0.01, 8064488
0.01, 8052072
0.01, 8018546
0.01, 7956685
0.01, 7955235
0.01, 7921854
0.01, 7920268
0.01, 7876423
0.01, 7860859
0.01, 7762124
0.01, 7637838
0.01, 7613284
0.01, 7518092
0.01, 7514691
0.01, 7482831
0.01, 7453687
0.01, 7452181
0.01, 7451323
0.01, 7450163
0.01, 7391510
0.01, 7377997
0.01, 7376851
0.01, 7287370
0.01, 7285160
0.01, 7205071
0.01, 7163421
0.01, 7157013
0.01, 7108055
0.01, 7104826
0.01, 7004270
0.01, 6987220
0.01, 6933872
0.01, 6826057
0.01, 6797517
0.01, 6785304
0.01, 6767244
0.01, 6765801
0.01, 6726540
0.01, 6724551
0.01, 6613500
0.01, 6609065
0.01, 6600675
0.01, 6597961
0.01, 6588074
0.01, 6496211
0.01, 6417232
0.01, 6381598
0.01, 6378974
0.01, 6337541
0.01, 6327218
0.01, 6324349
0.01, 6292111
0.01, 6275646
0.01, 6141755
0.01, 6003042
0.01, 5995020
0.01, 5969708
0.01, 5937033
0.01, 5935888
0.01, 5910655
0.01, 5890351
0.01, 5848815
0.01, 5840274
0.01, 5811658
0.01, 5798762
0.01, 5776495
0.01, 5744595
0.01, 5742856
0.01, 5700717
0.01, 5700157
0.01, 5677275
0.01, 5648898
0.01, 5600707
0.01, 5563707
0.01, 5459027
0.01, 5457631
0.01, 5400727
0.01, 5384299
0.01, 5336714
0.01, 5332656
0.01, 5331273
0.01, 5306595
0.01, 5253099
0.01, 5213010
0.01, 5189650
0.01, 5185948
0.01, 5175535
0.01, 5143566
0.01, 5119986
0.01, 4984372
0.01, 4913632
0.01, 4878856
0.01, 4876284
0.01, 4807506
0.01, 4804059
0.01, 4802271
0.01, 4755815
0.01, 4746787
0.01, 4733035
0.01, 4646864
0.01, 4642027
0.01, 4628784
0.01, 4605692
0.01, 4581988
0.01, 4579101
0.01, 4574813
0.01, 4534450
0.01, 4467597
0.01, 4438563
0.01, 4433658
0.01, 4408490
0.01, 4356495
0.01, 4356186
0.01, 4353310
0.01, 4352010
0.01, 4318763
0.01, 4287193
0.01, 4264462
0.01, 4264261
0.01, 4264186
0.01, 4258114
0.01, 4224179
0.01, 4223651
0.01, 4196055
0.01, 4195220
0.01, 4194762
0.01, 4177945
0.01, 4177451
0.01, 4174922
0.01, 4167823
0.01, 4166851
0.01, 4156278
0.01, 4154789
0.01, 4153274
0.01, 4149682
0.01, 4146113
0.01, 4120888
0.01, 4107000
0.01, 4060538
0.01, 4052978
0.01, 4045000
0.01, 4007093
0.01, 3949837
0.01, 3925210
0.01, 3885993
0.01, 3871609
0.01, 3838840
0.01, 3804707
0.01, 3801273
0.01, 3681420
0.01, 3679096
0.01, 3670511
0.01, 3663153
0.01, 3635530
0.01, 3627706
0.01, 3604437
0.01, 3565593
0.01, 3558640
0.01, 3408213
0.01, 3394100
0.01, 3382174
0.01, 3347937
0.01, 3345992
0.01, 3339842
0.01, 3335328
0.01, 3333722
0.01, 3298744
0.01, 3265435
0.01, 3258432
0.01, 3226904
0.01, 3211202
0.01, 3202624
0.01, 3187330
0.01, 3142006
0.01, 3124643
0.01, 3122267
0.01, 3111911
0.01, 3072997
0.01, 3071208
0.01, 3063588
0.01, 3063047
0.01, 3062772
0.01, 3045051
0.01, 3044818
0.01, 3029889
0.01, 3023233
0.02, 3013073
0.02, 3009963
0.02, 3009326
0.02, 2940682
0.02, 2924561
0.02, 2924143
0.02, 2918313
0.02, 2874589
0.02, 2852259
0.02, 2847509
0.02, 2841219
0.02, 2817829
0.03, 2805976
0.03, 2775357
0.03, 2738241
0.03, 2724931
0.03, 2724741
0.03, 2721756
0.03, 2717447
0.03, 2697766
0.03, 2696974
0.03, 2675845
0.03, 2658471
0.04, 2653182
0.04, 2633475
0.04, 2629834
0.04, 2626512
0.04, 2625525
0.04, 2625458
0.04, 2603555
0.04, 2552041
0.04, 2548958
0.05, 2498177
0.06, 2497979
0.06, 2495931
0.06, 2493782
0.06, 2477825
0.06, 2476608
0.06, 2465935
0.06, 2463952
0.07, 2458965
0.07, 2437197
0.07, 2427529
0.07, 2426878
0.07, 2388746
0.07, 2386868
0.07, 2377828
0.07, 2345933
0.07, 2317477
0.07, 2313359
0.07, 2307837
0.09, 2301364
0.10, 2267026
0.10, 2266727
0.10, 2261269
0.10, 2259635
0.10, 2253115
0.11, 2247068
0.11, 2200350
0.11, 2199781
0.12, 2189425
0.12, 2171435
0.12, 2154087
0.12, 2152145
0.12, 2143965
0.12, 2143394
0.12, 2143144
0.13, 2142564
0.13, 2140616
0.13, 2136405
0.14, 2125884
0.14, 2117484
0.14, 2116469
0.14, 2115710
0.14, 2112525
0.16, 2105355
0.16, 2083142
0.16, 2080313
0.16, 2061424
0.16, 2056914
0.16, 2032216
0.19, 1993116
0.19, 1990606
0.19, 1984414
0.19, 1981983
0.19, 1962565
0.19, 1957331
0.19, 1955889
0.20, 1954472
0.20, 1954109
0.20, 1953926
0.20, 1953055
0.20, 1952036
0.20, 1948457
0.20, 1945225
0.20, 1903338
0.20, 1899488
0.20, 1886075
0.20, 1883696
0.20, 1863471
0.20, 1857746
0.20, 1856179
0.20, 1831714
0.21, 1825960
0.21, 1820207
0.22, 1818004
0.23, 1812141
0.23, 1810808
0.23, 1808794
0.23, 1806146
0.23, 1806123
0.23, 1802645
0.23, 1800786
0.23, 1794013
0.23, 1793067
0.23, 1772083
0.23, 1767094
0.24, 1760135
0.24, 1748431
0.24, 1736462
0.24, 1730562
0.24, 1727477
0.24, 1723635
0.24, 1722236
0.24, 1701661
0.24, 1657616
0.24, 1657294
0.24, 1652544
0.27, 1647594
0.29, 1647434
0.31, 1636114
0.31, 1635989
0.31, 1631300
0.31, 1596856
0.31, 1566740
0.31, 1562342
0.31, 1562312
0.31, 1559508
0.33, 1557961
0.33, 1557062
0.33, 1555633
0.33, 1555383
0.33, 1552996
0.33, 1548662
0.33, 1540540
0.33, 1539999
0.33, 1534052
0.33, 1521948
0.33, 1520410
0.33, 1505835
0.33, 1503714
0.34, 1502394
0.34, 1500254
0.34, 1498480
0.34, 1488151
0.34, 1484887
0.34, 1484154
0.34, 1467548
0.34, 1467118
0.34, 1463603
0.34, 1462770
0.34, 1462765
0.34, 1457533
0.34, 1457299
0.35, 1452554
0.35, 1443372
0.35, 1438974
0.35, 1432613
0.35, 1429780
0.35, 1420592
0.35, 1418585
0.42, 1418239
0.42, 1415384
0.42, 1408631
0.42, 1407841
0.42, 1402775
0.42, 1402244
0.42, 1384394
0.42, 1374630
0.43, 1374111
0.43, 1371016
0.43, 1370451
0.43, 1369709
0.43, 1368430
0.43, 1365065
0.43, 1357792
0.43, 1356394
0.43, 1353670
0.43, 1352349
0.44, 1352095
0.44, 1349726
0.44, 1347623
0.44, 1347303
0.44, 1344780
0.44, 1342860
0.44, 1338126
0.44, 1330132
0.44, 1318770
0.44, 1317924
0.44, 1316871
0.44, 1310750
0.44, 1309265
0.45, 1308986
0.45, 1304448
0.45, 1304318
0.46, 1304095
0.46, 1295515
0.49, 1292466
0.49, 1287575
0.49, 1287137
0.51, 1285405
0.51, 1284659
0.51, 1283227
0.51, 1280862
0.51, 1277280
0.51, 1276196
0.51, 1275546
0.51, 1274037
0.54, 1272800
0.54, 1270289
0.54, 1267640
0.54, 1262023
0.57, 1260407
0.57, 1255609
0.57, 1254834
0.57, 1254677
0.58, 1248041
0.58, 1237595
0.58, 1235730
0.58, 1235315
0.58, 1233607
0.58, 1233132
0.58, 1230706
0.64, 1229469
0.64, 1227742
0.64, 1227490
0.64, 1227477
0.65, 1226019
0.69, 1223829
0.69, 1222718
0.69, 1217908
0.69, 1217362
0.69, 1214693
0.74, 1214517
0.74, 1213991
0.75, 1213470
0.75, 1211446
0.75, 1210187
0.75, 1209476
0.75, 1207423
0.75, 1205177
0.75, 1205107
0.75, 1204516
0.75, 1203978
0.78, 1202859
0.78, 1201058
0.78, 1200405
0.82, 1198587
0.82, 1198283
0.82, 1197495
0.82, 1197231
0.85, 1195877
0.85, 1195869
0.85, 1195655
0.85, 1195434
0.85, 1195431
0.85, 1194832
0.85, 1191768
0.89, 1191622
0.90, 1188493
0.99, 1188058
0.99, 1187903
0.99, 1187272
0.99, 1186718
0.99, 1185951
0.99, 1184956
1.03, 1182643
1.03, 1181967
1.04, 1180705
1.15, 1180486
1.15, 1179934
1.15, 1179607
1.16, 1179518
1.16, 1178488
1.16, 1178312
1.17, 1177929
1.17, 1177188
1.17, 1176955
1.18, 1176938
1.18, 1176819
1.18, 1176709
1.32, 1176643
1.33, 1176553
1.35, 1176501
1.35, 1176436
1.36, 1176404
1.40, 1176353
1.45, 1176276
1.45, 1176211
