0.02, 9319438
0.02, 9248557
0.02, 9220770
0.02, 9180325
0.02, 9113568
0.02, 9070556
0.02, 8887992
0.02, 8887513
0.02, 8831430
0.02, 8826069
0.02, 8825235
0.02, 8775487
0.02, 8712681
0.02, 8690707
0.02, 8683258
0.02, 8572281
0.02, 8489680
0.02, 8252512
0.02, 8199747
0.02, 8037346
0.02, 8033916
0.02, 8032759
0.02, 8015054
0.02, 7796958
0.02, 7791608
0.02, 7572649
0.02, 7571611
0.02, 7565580
0.02, 7477123
0.02, 7451175
0.02, 7351285
0.02, 7317935
0.02, 7317035
0.02, 7274655
0.02, 7274259
0.02, 7189397
0.02, 7180680
0.02, 6974549
0.02, 6963424
0.02, 6919547
0.02, 6918098
0.02, 6892700
0.02, 6886207
0.02, 6820618
0.02, 6817595
0.02, 6807155
0.02, 6779831
0.02, 6764944
0.02, 6720063
0.02, 6689600
0.02, 6688692
0.02, 6638185
0.02, 6601869
0.02, 6532902
0.02, 6509856
0.02, 6509429
0.02, 6440826
0.02, 6434448
0.02, 6289815
0.02, 6250917
0.02, 6103120
0.02, 6078624
0.02, 6066790
0.02, 6049549
0.02, 6047226
0.02, 6024570
0.02, 5972685
0.02, 5932161
0.02, 5875200
0.02, 5844664
0.02, 5769489
0.02, 5768097
0.02, 5744025
0.02, 5731945
0.02, 5730795
0.02, 5714964
0.02, 5682277
0.02, 5670668
0.02, 5663897
0.02, 5643332
0.02, 5633917
0.02, 5633709
0.02, 5624791
0.02, 5600575
0.02, 5542522
0.02, 5497831
0.02, 5478875
0.02, 5432333
0.02, 5425170
0.02, 5424493
0.02, 5410666
0.02, 5396994
0.02, 5378564
0.02, 5362330
0.02, 5313789
0.02, 5306223
0.02, 5288449
0.02, 5282239
0.02, 5280005
0.02, 5248190
0.02, 5245422
0.02, 5215980
0.02, 5195405
0.02, 5182051
0.02, 5174402
0.02, 5108379
0.02, 5105939
0.02, 5097517
0.02, 5097024
0.02, 5073619
0.02, 5063694
0.02, 5057284
0.02, 4998591
0.02, 4964807
0.02, 4761968
0.02, 4736411
0.02, 4726271
0.02, 4723593
0.02, 4693041
0.02, 4674756
0.02, 4672201
0.02, 4632671
0.02, 4594277
0.02, 4589449
0.02, 4568195
0.02, 4563857
0.02, 4540353
0.02, 4516777
0.02, 4478188
0.02, 4424758
0.02, 4421698
0.02, 4361186
0.02, 4359115
0.02, 4358547
0.02, 4347162
0.02, 4308216
0.02, 4209947
0.02, 4202064
0.02, 4195341
0.02, 4179966
0.02, 4153153
0.02, 4144040
0.02, 4118771
0.02, 4101566
0.02, 4064260
0.02, 4062366
0.02, 4054845
0.02, 4037699
0.02, 4016256
0.02, 4013910
0.02, 4011367
0.02, 4009742
0.02, 4006076
0.02, 4005918
0.02, 3981634
0.02, 3974322
0.02, 3922752
0.02, 3914138
0.02, 3913004
0.02, 3897900
0.02, 3895421
0.02, 3842512
0.02, 3841873
0.02, 3839249
0.02, 3837268
0.02, 3787805
0.02, 3785649
0.02, 3752957
0.02, 3654002
0.02, 3645003
0.02, 3636418
0.02, 3622872
0.02, 3608990
0.02, 3583104
0.02, 3544331
0.02, 3504121
0.02, 3468890
0.02, 3450997
0.02, 3432162
0.02, 3431689
0.02, 3359908
0.02, 3354775
0.02, 3339968
0.02, 3338464
0.02, 3337608
0.02, 3322661
0.02, 3298212
0.02, 3292112
0.02, 3251918
0.02, 3247750
0.02, 3171588
0.02, 3142421
0.03, 3135177
0.03, 3080705
0.03, 3074200
0.03, 3031053
0.03, 2992139
0.03, 2991601
0.03, 2990794
0.03, 2989678
0.03, 2946629
0.03, 2933127
0.03, 2932549
0.03, 2925273
0.03, 2914712
0.03, 2903515
0.03, 2902841
0.03, 2893838
0.03, 2893490
0.03, 2864645
0.03, 2850826
0.03, 2845374
0.03, 2809272
0.03, 2805602
0.03, 2804943
0.03, 2787724
0.03, 2779260
0.03, 2759152
0.03, 2732146
0.03, 2732116
0.03, 2682122
0.03, 2681254
0.03, 2677736
0.03, 2676662
0.03, 2670421
0.03, 2663439
0.04, 2662763
0.04, 2662171
0.04, 2618429
0.04, 2599268
0.04, 2596449
0.04, 2595527
0.04, 2595114
0.04, 2566145
0.04, 2557587
0.05, 2547435
0.05, 2545258
0.05, 2537863
0.05, 2534100
0.05, 2521818
0.05, 2521714
0.05, 2508476
0.05, 2501524
0.05, 2482766
0.05, 2480113
0.05, 2470987
0.06, 2460974
0.06, 2442698
0.06, 2425856
0.06, 2420477
0.06, 2418865
0.09, 2418636
0.09, 2409683
0.09, 2409360
0.09, 2405904
0.10, 2401722
0.10, 2399007
0.10, 2396646
0.11, 2386065
0.11, 2381297
0.11, 2380863
0.12, 2374954
0.12, 2358512
0.12, 2357494
0.12, 2357460
0.12, 2347510
0.12, 2346125
0.12, 2310504
0.12, 2280890
0.12, 2278325
0.12, 2273134
0.12, 2267732
0.12, 2267726
0.12, 2266854
0.12, 2261124
0.12, 2246499
0.12, 2239514
0.12, 2234196
0.12, 2233801
0.12, 2232479
0.12, 2181581
0.12, 2167631
0.12, 2160613
0.12, 2145172
0.12, 2126964
0.12, 2108778
0.12, 2071994
0.12, 2070986
0.16, 2069350
0.18, 2067519
0.18, 2067102
0.18, 2060242
0.18, 2058805
0.18, 2056539
0.18, 2054464
0.18, 2045368
0.18, 2040380
0.18, 2036391
0.18, 2032788
0.18, 2032269
0.18, 2026142
0.18, 2025537
0.18, 2023051
0.18, 2007363
0.18, 2004954
0.18, 1968383
0.19, 1957006
0.19, 1956035
0.19, 1953568
0.19, 1949142
0.19, 1937219
0.19, 1936010
0.19, 1924265
0.19, 1923280
0.19, 1922801
0.21, 1912860
0.21, 1911615
0.21, 1893140
0.21, 1888452
0.23, 1879869
0.23, 1874099
0.23, 1872137
0.23, 1871757
0.23, 1860846
0.23, 1826793
0.23, 1826785
0.23, 1820923
0.23, 1819574
0.23, 1815474
0.23, 1785229
0.23, 1778576
0.23, 1775986
0.23, 1769518
0.23, 1765762
0.23, 1752186
0.23, 1746714
0.23, 1733965
0.23, 1724178
0.23, 1703538
0.23, 1701725
0.23, 1696471
0.27, 1695289
0.27, 1688056
0.27, 1687695
0.27, 1684661
0.29, 1682542
0.29, 1680179
0.29, 1680173
0.29, 1678720
0.29, 1677981
0.29, 1674650
0.29, 1667726
0.29, 1655119
0.29, 1650190
0.29, 1645413
0.29, 1643872
0.29, 1642995
0.29, 1632740
0.29, 1630017
0.29, 1629774
0.29, 1603802
0.29, 1598031
0.29, 1597933
0.30, 1597499
0.30, 1582262
0.30, 1581455
0.30, 1563954
0.30, 1562683
0.30, 1560515
0.30, 1553202
0.30, 1550886
0.30, 1549238
0.30, 1548921
0.30, 1543209
0.30, 1543124
0.32, 1539794
0.32, 1525682
0.32, 1524123
0.32, 1515159
0.32, 1497562
0.32, 1485853
0.33, 1484910
0.33, 1484090
0.33, 1478902
0.33, 1477851
0.36, 1475744
0.36, 1471159
0.36, 1470560
0.36, 1467201
0.36, 1463627
0.36, 1463543
0.36, 1462665
0.36, 1460631
0.36, 1445653
0.36, 1444968
0.36, 1443736
0.36, 1442186
0.36, 1441623
0.36, 1440420
0.36, 1431218
0.36, 1430886
0.36, 1430825
0.37, 1425700
0.40, 1424120
0.40, 1423577
0.40, 1423553
0.40, 1422228
0.40, 1416435
0.40, 1414801
0.40, 1405369
0.40, 1397705
0.42, 1395429
0.42, 1393281
0.42, 1393010
0.42, 1392874
0.42, 1392591
0.42, 1386385
0.47, 1386255
0.47, 1374471
0.47, 1372383
0.47, 1370410
0.47, 1369013
0.47, 1368582
0.47, 1368211
0.47, 1363333
0.48, 1362085
0.49, 1361323
0.49, 1355507
0.49, 1344334
0.49, 1342627
0.49, 1342047
0.49, 1338154
0.49, 1336310
0.49, 1334157
0.49, 1334005
0.49, 1333448
0.49, 1332537
0.49, 1331446
0.49, 1330332
0.49, 1326751
0.49, 1326720
0.49, 1325219
0.49, 1324108
0.49, 1323588
0.49, 1305676
0.49, 1304085
0.49, 1303247
0.49, 1302171
0.49, 1301572
0.49, 1300903
0.49, 1299864
0.49, 1298754
0.49, 1297308
0.49, 1297279
0.49, 1293818
0.49, 1292996
0.49, 1288403
0.49, 1280626
0.49, 1277648
0.49, 1276962
0.57, 1274381
0.57, 1273873
0.57, 1273147
0.57, 1272937
0.57, 1271013
0.57, 1268012
0.57, 1261885
0.57, 1260403
0.57, 1259321
0.57, 1258541
0.57, 1257386
0.60, 1257341
0.60, 1256163
0.61, 1254790
0.62, 1254408
0.62, 1253293
0.62, 1253153
0.62, 1252038
0.62, 1251475
0.62, 1251333
0.62, 1249864
0.62, 1249702
0.62, 1243455
0.63, 1242585
0.66, 1234280
0.66, 1231443
0.66, 1230551
0.66, 1226969
0.66, 1224722
0.66, 1220668
0.69, 1214978
0.69, 1211085
0.69, 1210264
0.70, 1209914
0.73, 1208784
0.74, 1208523
0.77, 1207736
0.77, 1207352
0.77, 1207210
0.77, 1206936
0.77, 1206756
0.77, 1206465
0.78, 1206373
0.78, 1206108
0.78, 1205063
0.81, 1204210
0.81, 1203613
0.81, 1200710
0.85, 1199008
0.85, 1198330
0.85, 1196846
0.85, 1195781
0.88, 1192922
0.88, 1190538
0.88, 1190257
0.88, 1189036
0.92, 1188320
0.92, 1187842
0.92, 1187654
0.93, 1187105
0.93, 1186701
0.93, 1186642
0.93, 1186598
0.93, 1185958
0.93, 1185611
0.93, 1185133
0.96, 1185026
0.96, 1184757
0.96, 1184191
1.02, 1184151
1.02, 1183174
1.03, 1182945
1.03, 1181889
1.03, 1180937
1.05, 1179787
1.14, 1179704
1.16, 1179433
1.16, 1179259
1.17, 1179175
1.27, 1178821
1.29, 1177600
1.30, 1177481
1.30, 1177271
1.30, 1176465
1.35, 1176452
1.38, 1176438
1.41, 1176416
1.41, 1176262
1.41, 1176211
5.58, 1176202
5.64, 1176151
