0.00, 10271174
0.00, 10267314
0.00, 10234159
0.00, 10109853
0.00, 9956710
0.00, 9954912
0.00, 9864720
0.00, 9857008
0.00, 9853823
0.00, 9829875
0.00, 9803368
0.00, 9793589
0.00, 9776173
0.00, 9531645
0.00, 9306359
0.00, 9306307
0.00, 9292329
0.00, 9272119
0.00, 9255312
0.00, 9245347
0.00, 9173690
0.00, 9172198
0.00, 9156537
0.00, 9149759
0.00, 9136075
0.00, 9131487
0.00, 9107367
0.00, 9079553
0.00, 9030136
0.00, 9028340
0.00, 8985195
0.00, 8973012
0.00, 8934898
0.00, 8832164
0.00, 8726857
0.00, 8694313
0.00, 8629687
0.00, 8614635
0.00, 8607275
0.00, 8560584
0.00, 8555794
0.00, 8521279
0.00, 8430777
0.00, 8328714
0.00, 8324986
0.00, 8278897
0.00, 8053127
0.00, 8035209
0.00, 8026473
0.00, 8007203
0.00, 7853450
0.00, 7848674
0.00, 7809489
0.00, 7799694
0.00, 7794102
0.00, 7743904
0.00, 7716622
0.00, 7687200
0.00, 7672557
0.00, 7667885
0.00, 7665046
0.00, 7658121
0.00, 7657766
0.00, 7619930
0.00, 7471858
0.00, 7450133
0.00, 7390210
0.00, 7383891
0.00, 7345138
0.00, 7293860
0.00, 7268836
0.00, 7164039
0.00, 7142694
0.00, 6998923
0.00, 6954401
0.00, 6806089
0.00, 6795397
0.00, 6659179
0.00, 6654083
0.00, 6651961
0.00, 6592649
0.00, 6592625
0.00, 6559282
0.00, 6541115
0.00, 6466691
0.00, 6374185
0.00, 6371208
0.00, 6297063
0.00, 6236907
0.00, 6193445
0.00, 6183601
0.00, 6179165
0.00, 6133783
0.00, 6120955
0.00, 6108200
0.00, 6090194
0.00, 6087614
0.00, 6063844
0.00, 6031668
0.00, 5957156
0.00, 5953492
0.00, 5863418
0.00, 5858938
0.00, 5839495
0.00, 5838149
0.00, 5737436
0.00, 5667239
0.00, 5635279
0.00, 5634104
0.00, 5623359
0.00, 5615348
0.00, 5578230
0.00, 5576325
0.00, 5575854
0.00, 5574885
0.00, 5555085
0.00, 5541848
0.00, 5513048
0.00, 5509008
0.00, 5491985
0.00, 5486509
0.00, 5396560
0.00, 5389326
0.00, 5372765
0.00, 5368724
0.00, 5361975
0.00, 5335175
0.00, 5334589
0.00, 5315769
0.00, 5296897
0.00, 5221076
0.00, 5200797
0.01, 5164431
0.01, 5149054
0.01, 5135915
0.01, 5132189
0.01, 5043282
0.01, 4982230
0.01, 4981478
0.01, 4977049
0.01, 4943629
0.01, 4924864
0.01, 4903133
0.01, 4834641
0.01, 4832240
0.01, 4826835
0.01, 4819721
0.01, 4818183
0.01, 4803995
0.01, 4794591
0.01, 4738215
0.01, 4733283
0.01, 4676426
0.01, 4603118
0.01, 4574441
0.01, 4565638
0.01, 4559662
0.01, 4550180
0.01, 4527228
0.01, 4526938
0.01, 4508557
0.01, 4429983
0.01, 4403968
0.01, 4403321
0.01, 4387944
0.01, 4329588
0.01, 4317652
0.01, 4280584
0.01, 4251301
0.01, 4239084
0.01, 4193273
0.01, 4187037
0.01, 4174377
0.01, 4131418
0.01, 4074909
0.01, 4074175
0.01, 4070227
0.01, 4048819
0.01, 4048716
0.01, 4019093
0.01, 4018853
0.01, 4015453
0.01, 4014114
0.01, 4011492
0.01, 4004506
0.01, 3970766
0.01, 3954351
0.01, 3918468
0.01, 3918353
0.01, 3914074
0.01, 3879435
0.01, 3878622
0.01, 3850033
0.01, 3823972
0.01, 3815003
0.01, 3814529
0.01, 3803913
0.01, 3790143
0.01, 3778339
0.01, 3775774
0.01, 3773903
0.01, 3766109
0.01, 3758029
0.01, 3740573
0.01, 3735891
0.01, 3687693
0.01, 3679452
0.01, 3617434
0.01, 3609101
0.01, 3551637
0.01, 3541607
0.01, 3522492
0.01, 3520137
0.01, 3514111
0.01, 3500599
0.01, 3491555
0.01, 3487566
0.01, 3484822
0.01, 3475886
0.01, 3461526
0.01, 3448408
0.01, 3439891
0.01, 3404572
0.01, 3399227
0.01, 3397401
0.01, 3395278
0.01, 3391189
0.01, 3365211
0.01, 3362993
0.01, 3342472
0.01, 3338548
0.01, 3334241
0.01, 3319618
0.01, 3256100
0.01, 3220481
0.01, 3205183
0.01, 3187104
0.01, 3181967
0.01, 3172505
0.01, 3167257
0.01, 3153107
0.01, 3148816
0.01, 3148781
0.01, 3108698
0.01, 3102122
0.01, 3094244
0.01, 3072018
0.01, 3058019
0.01, 3045470
0.01, 3041914
0.01, 3039951
0.01, 3038140
0.01, 3033965
0.01, 3032120
0.01, 3029377
0.01, 3016132
0.02, 3001582
0.02, 2982991
0.02, 2982790
0.02, 2980409
0.02, 2964955
0.02, 2938885
0.02, 2936719
0.02, 2933554
0.02, 2933081
0.02, 2914316
0.02, 2911870
0.02, 2903134
0.02, 2897565
0.02, 2888279
0.02, 2855139
0.02, 2853890
0.02, 2852390
0.02, 2844595
0.02, 2837420
0.02, 2833819
0.02, 2806599
0.02, 2804973
0.02, 2753310
0.02, 2741920
0.02, 2741778
0.02, 2694414
0.02, 2693107
0.02, 2690196
0.02, 2670265
0.02, 2651544
0.02, 2630576
0.02, 2601817
0.02, 2585890
0.02, 2565832
0.02, 2560502
0.02, 2560076
0.02, 2559581
0.02, 2556472
0.02, 2548498
0.02, 2481070
0.02, 2480597
0.02, 2470307
0.02, 2457045
0.02, 2442453
0.02, 2436746
0.02, 2432256
0.09, 2420506
0.09, 2418061
0.09, 2410238
0.09, 2409020
0.09, 2404041
0.09, 2379473
0.09, 2379368
0.09, 2370821
0.09, 2369612
0.09, 2368898
0.09, 2361381
0.09, 2355317
0.09, 2311975
0.09, 2268982
0.09, 2261688
0.09, 2260845
0.09, 2260780
0.09, 2250130
0.09, 2245357
0.09, 2218240
0.13, 2203840
0.13, 2194380
0.13, 2188794
0.13, 2186860
0.14, 2159701
0.14, 2158350
0.14, 2156423
0.14, 2132788
0.15, 2104811
0.15, 2104700
0.16, 2103884
0.16, 2101370
0.16, 2095141
0.16, 2091648
0.16, 2076528
0.16, 2073937
0.16, 2062370
0.16, 2051268
0.16, 2046070
0.16, 2042492
0.16, 2015508
0.16, 2012958
0.16, 1999534
0.16, 1984835
0.16, 1981703
0.16, 1979267
0.16, 1962207
0.16, 1960934
0.16, 1950828
0.16, 1944414
0.16, 1938096
0.16, 1937031
0.16, 1936194
0.19, 1933971
0.19, 1924291
0.20, 1910635
0.20, 1910160
0.20, 1884226
0.20, 1873715
0.20, 1844605
0.20, 1822790
0.20, 1797180
0.20, 1790779
0.20, 1789681
0.20, 1788183
0.20, 1785605
0.20, 1781451
0.20, 1779399
0.20, 1775551
0.20, 1773670
0.20, 1772322
0.21, 1766201
0.21, 1757238
0.21, 1734126
0.21, 1732272
0.21, 1728333
0.25, 1725023
0.25, 1722913
0.25, 1694643
0.25, 1687847
0.25, 1644481
0.27, 1633138
0.27, 1610416
0.27, 1608087
0.27, 1607090
0.27, 1601728
0.27, 1601507
0.27, 1600452
0.27, 1585885
0.29, 1575016
0.29, 1574554
0.29, 1567202
0.29, 1566144
0.29, 1558866
0.29, 1558713
0.29, 1558183
0.29, 1554518
0.29, 1546689
0.29, 1540520
0.29, 1524992
0.29, 1523846
0.29, 1523169
0.29, 1522283
0.29, 1516151
0.29, 1510670
0.29, 1507923
0.29, 1507783
0.29, 1507437
0.29, 1507153
0.29, 1499957
0.34, 1495809
0.34, 1489062
0.34, 1478446
0.34, 1474121
0.34, 1472734
0.34, 1461251
0.34, 1457772
0.40, 1449929
0.40, 1449899
0.40, 1446533
0.42, 1445964
0.42, 1443756
0.42, 1443715
0.42, 1442916
0.42, 1441311
0.42, 1436751
0.42, 1436604
0.42, 1433283
0.42, 1433016
0.42, 1430545
0.42, 1428788
0.42, 1426275
0.42, 1425048
0.42, 1424581
0.42, 1423063
0.42, 1422921
0.42, 1422395
0.42, 1416473
0.42, 1414313
0.42, 1406827
0.42, 1401994
0.42, 1397430
0.42, 1396351
0.42, 1392551
0.42, 1392503
0.42, 1389062
0.42, 1388484
0.42, 1388084
0.42, 1384140
0.42, 1380603
0.42, 1379944
0.42, 1378655
0.43, 1378438
0.43, 1377253
0.43, 1376398
0.43, 1374921
0.45, 1372761
0.45, 1370444
0.45, 1369831
0.45, 1369631
0.45, 1367370
0.45, 1362963
0.46, 1361943
0.46, 1361873
0.46, 1359202
0.47, 1358464
0.47, 1356583
0.47, 1354942
0.47, 1350755
0.47, 1348917
0.47, 1345669
0.47, 1342696
0.47, 1342494
0.47, 1340784
0.47, 1339971
0.47, 1339837
0.47, 1338009
0.47, 1336803
0.47, 1336639
0.47, 1336085
0.47, 1324207
0.47, 1318947
0.47, 1311932
0.47, 1309634
0.47, 1299989
0.47, 1294766
0.47, 1294661
0.47, 1291218
0.47, 1288972
0.47, 1287112
0.48, 1285949
0.48, 1282631
0.48, 1281975
0.48, 1280727
0.48, 1276367
0.48, 1270518
0.48, 1269741
0.48, 1264823
0.48, 1261524
0.48, 1261362
0.48, 1261359
0.48, 1261301
0.48, 1257055
0.59, 1256777
0.59, 1251856
0.59, 1250873
0.59, 1246200
0.59, 1243963
0.59, 1242522
0.59, 1242309
0.59, 1241597
0.63, 1240508
0.65, 1239664
0.65, 1239629
0.65, 1239373
0.65, 1239343
0.65, 1239241
0.65, 1238504
0.65, 1232082
0.65, 1230107
0.65, 1227799
0.67, 1226023
0.67, 1223688
0.67, 1223464
0.67, 1218622
0.67, 1218160
0.67, 1216980
0.67, 1216832
0.69, 1215106
0.69, 1214681
0.70, 1210034
0.70, 1208966
0.70, 1205123
0.74, 1202886
0.74, 1200664
0.74, 1200562
0.84, 1200096
0.84, 1199658
0.84, 1199181
0.84, 1198965
0.84, 1197350
0.84, 1196565
0.84, 1195092
0.84, 1194286
0.84, 1194184
0.91, 1194047
0.91, 1193771
0.91, 1192741
0.91, 1192579
0.91, 1192548
0.91, 1191373
0.91, 1190137
0.91, 1189538
0.91, 1188083
0.91, 1187277
0.91, 1185227
0.93, 1184310
0.93, 1184222
0.93, 1183350
0.99, 1183117
0.99, 1182461
1.03, 1182265
1.03, 1182133
1.03, 1181908
1.03, 1181767
1.04, 1180479
1.06, 1179178
1.08, 1178186
1.08, 1178123
1.08, 1177906
1.14, 1177725
1.20, 1177503
1.24, 1177161
1.24, 1176956
1.25, 1176825
1.25, 1176663
1.25, 1176409
1.30, 1176405
1.30, 1176327
1.46, 1176326
1.46, 1176262
1.59, 1176211
6.89, 1176202
6.90, 1176151
