0.00, 9042332
0.00, 8961535
0.00, 8862622
0.00, 8858157
0.00, 8826994
0.00, 8731854
0.00, 8721751
0.00, 8721455
0.00, 8708074
0.00, 8647721
0.00, 8642249
0.00, 8640511
0.00, 8486501
0.00, 8451513
0.00, 8450559
0.00, 8413175
0.00, 8343442
0.00, 8333973
0.00, 8327483
0.00, 8302792
0.00, 8257490
0.00, 8205714
0.00, 8104185
0.00, 8017696
0.00, 8007340
0.00, 7995238
0.00, 7902573
0.00, 7902310
0.00, 7853024
0.00, 7829754
0.00, 7826174
0.00, 7743037
0.00, 7557600
0.00, 7508345
0.00, 7497748
0.00, 7230059
0.00, 7138974
0.00, 7136342
0.00, 7134979
0.00, 7134731
0.00, 7112474
0.00, 7111094
0.00, 7108864
0.00, 7085097
0.00, 7042426
0.00, 7033651
0.00, 7016132
0.00, 6996837
0.00, 6944758
0.00, 6924296
0.00, 6923875
0.00, 6876712
0.00, 6876549
0.01, 6841794
0.01, 6818763
0.01, 6806807
0.01, 6794878
0.01, 6771916
0.01, 6564754
0.01, 6487328
0.01, 6487267
0.01, 6474908
0.01, 6457460
0.01, 6444175
0.01, 6439915
0.01, 6424288
0.01, 6412346
0.01, 6240177
0.01, 6226969
0.01, 6212078
0.01, 6199071
0.01, 6164267
0.01, 6131939
0.01, 6129182
0.01, 6128597
0.01, 6026475
0.01, 6021798
0.01, 5955356
0.01, 5943854
0.01, 5943636
0.01, 5907688
0.01, 5773810
0.01, 5767866
0.01, 5654330
0.01, 5631994
0.01, 5621175
0.01, 5584976
0.01, 5584376
0.01, 5548694
0.01, 5542774
0.01, 5531582
0.01, 5523039
0.01, 5518212
0.01, 5510895
0.01, 5452252
0.01, 5443216
0.01, 5441679
0.01, 5422287
0.01, 5369997
0.01, 5339108
0.01, 5334216
0.01, 5319231
0.01, 5261055
0.01, 5260826
0.01, 5200867
0.01, 5192723
0.01, 5141785
0.01, 5136194
0.01, 5126118
0.01, 5069557
0.01, 5066868
0.01, 5057930
0.01, 5015989
0.01, 4984576
0.01, 4946034
0.01, 4944071
0.01, 4925846
0.01, 4897029
0.01, 4865919
0.01, 4864885
0.01, 4838405
0.01, 4832961
0.01, 4824922
0.01, 4819502
0.01, 4796410
0.01, 4796319
0.01, 4790608
0.01, 4672390
0.01, 4672216
0.01, 4646053
0.01, 4532281
0.01, 4523121
0.01, 4512413
0.01, 4508471
0.01, 4494823
0.01, 4471644
0.01, 4450913
0.01, 4395439
0.01, 4390575
0.01, 4371703
0.01, 4271340
0.01, 4270956
0.01, 4194246
0.01, 4181245
0.01, 4141837
0.01, 4102432
0.01, 4065883
0.01, 4014980
0.01, 3948811
0.01, 3946360
0.01, 3932050
0.01, 3894432
0.01, 3812790
0.01, 3729932
0.01, 3725972
0.01, 3691580
0.01, 3612968
0.01, 3586181
0.01, 3580886
0.01, 3579134
0.01, 3570557
0.01, 3532365
0.01, 3433020
0.01, 3422338
0.01, 3410692
0.01, 3394230
0.01, 3391394
0.01, 3388232
0.01, 3344827
0.01, 3329636
0.01, 3234515
0.01, 3232482
0.01, 3205386
0.01, 3188361
0.01, 3186240
0.01, 3172724
0.01, 3171731
0.02, 3157023
0.02, 3156238
0.02, 3147593
0.02, 3144031
0.02, 3137838
0.02, 3135469
0.02, 3131570
0.02, 3123085
0.02, 3107673
0.02, 3098795
0.02, 3093678
0.02, 3089151
0.02, 3080246
0.02, 3072587
0.02, 3072289
0.02, 3065651
0.02, 3043398
0.02, 3038806
0.02, 3021198
0.02, 2946469
0.02, 2936882
0.02, 2893643
0.02, 2893548
0.03, 2890195
0.03, 2888700
0.03, 2865533
0.03, 2865356
0.03, 2832636
0.03, 2828043
0.03, 2827190
0.03, 2822487
0.03, 2808224
0.03, 2735247
0.03, 2708011
0.03, 2706912
0.03, 2706636
0.03, 2694597
0.03, 2686668
0.03, 2670067
0.03, 2636799
0.03, 2631554
0.03, 2629900
0.03, 2626680
0.03, 2587635
0.03, 2580001
0.03, 2574406
0.03, 2566899
0.03, 2561233
0.03, 2528484
0.03, 2520759
0.03, 2509885
0.05, 2496044
0.07, 2480131
0.07, 2479236
0.07, 2425553
0.07, 2419585
0.07, 2402175
0.07, 2402061
0.07, 2401263
0.07, 2399652
0.07, 2370944
0.07, 2370730
0.07, 2370633
0.07, 2362189
0.07, 2307841
0.07, 2299000
0.07, 2281231
0.07, 2278542
0.07, 2275500
0.10, 2274471
0.10, 2273940
0.12, 2254076
0.12, 2240489
0.12, 2240334
0.12, 2214984
0.12, 2212042
0.13, 2205575
0.14, 2169974
0.14, 2169772
0.14, 2167692
0.16, 2163882
0.16, 2162428
0.16, 2104086
0.16, 2096502
0.16, 2090938
0.16, 2065173
0.16, 2048934
0.16, 2047665
0.16, 2046491
0.16, 2042228
0.16, 2042102
0.16, 2031452
0.16, 2025212
0.16, 2024392
0.16, 2020269
0.16, 2013608
0.16, 2011924
0.17, 2010884
0.17, 2007196
0.17, 2007164
0.17, 2007122
0.17, 1969474
0.17, 1956594
0.17, 1955585
0.17, 1950276
0.17, 1949696
0.17, 1949081
0.17, 1920131
0.17, 1916646
0.17, 1911190
0.17, 1900939
0.17, 1894011
0.17, 1879496
0.17, 1875537
0.17, 1865201
0.17, 1848242
0.17, 1845088
0.17, 1832723
0.17, 1806215
0.23, 1769355
0.23, 1766554
0.23, 1748859
0.23, 1739951
0.23, 1739486
0.26, 1727439
0.26, 1722584
0.26, 1720323
0.26, 1718146
0.26, 1718011
0.26, 1716896
0.26, 1713089
0.26, 1680314
0.26, 1678758
0.26, 1668794
0.26, 1663930
0.29, 1658734
0.29, 1655549
0.29, 1655463
0.29, 1651229
0.29, 1640006
0.29, 1634214
0.29, 1629929
0.29, 1621913
0.29, 1619004
0.29, 1617854
0.30, 1613565
0.30, 1611100
0.30, 1600423
0.30, 1596737
0.30, 1593965
0.30, 1588469
0.30, 1586279
0.30, 1586113
0.30, 1583487
0.30, 1565911
0.30, 1565534
0.30, 1562668
0.30, 1550482
0.30, 1546929
0.30, 1541577
0.30, 1540870
0.30, 1536203
0.30, 1530053
0.30, 1526630
0.30, 1508338
0.30, 1507864
0.30, 1503632
0.30, 1502217
0.30, 1491942
0.30, 1491940
0.30, 1491912
0.30, 1478332
0.37, 1467330
0.37, 1466726
0.37, 1457345
0.37, 1455806
0.39, 1455035
0.39, 1454910
0.39, 1434454
0.39, 1434354
0.39, 1432233
0.39, 1431600
0.39, 1428354
0.39, 1427002
0.39, 1426614
0.39, 1406508
0.39, 1403304
0.39, 1400126
0.39, 1399156
0.39, 1396510
0.39, 1393847
0.40, 1392294
0.40, 1391783
0.40, 1390824
0.40, 1390267
0.40, 1383712
0.40, 1380413
0.40, 1379425
0.42, 1377197
0.42, 1366953
0.42, 1364707
0.42, 1363332
0.44, 1361988
0.44, 1337141
0.44, 1335982
0.47, 1333141
0.47, 1330138
0.47, 1329358
0.47, 1328711
0.47, 1327873
0.50, 1325514
0.50, 1315750
0.50, 1312802
0.50, 1312559
0.51, 1307799
0.51, 1306594
0.51, 1295472
0.51, 1295455
0.51, 1291961
0.51, 1291832
0.51, 1290886
0.51, 1278815
0.51, 1277261
0.51, 1276740
0.51, 1260127
0.51, 1258652
0.51, 1257291
0.51, 1256996
0.51, 1255065
0.52, 1247253
0.59, 1246673
0.59, 1246638
0.59, 1244962
0.59, 1243798
0.60, 1243215
0.60, 1239856
0.60, 1234033
0.60, 1233660
0.61, 1232879
0.61, 1232063
0.61, 1227527
0.61, 1226004
0.62, 1223049
0.62, 1222484
0.62, 1222122
0.64, 1220202
0.69, 1216290
0.69, 1216120
0.69, 1215693
0.69, 1213727
0.69, 1210837
0.69, 1209127
0.77, 1207196
0.77, 1206879
0.77, 1205867
0.77, 1205673
0.77, 1205526
0.77, 1204555
0.77, 1204235
0.77, 1201938
0.77, 1201909
0.78, 1201330
0.78, 1200934
0.79, 1199601
0.79, 1199546
0.81, 1198489
0.81, 1195577
0.84, 1194403
0.84, 1194182
0.88, 1193789
0.88, 1193584
0.88, 1193539
0.88, 1193382
0.88, 1191631
0.88, 1190651
0.88, 1190414
0.88, 1190256
0.88, 1189992
0.89, 1188239
0.89, 1188177
0.89, 1188166
0.89, 1188025
0.89, 1186919
0.91, 1184453
0.93, 1184135
0.94, 1183774
0.94, 1183736
0.94, 1183340
0.94, 1183139
0.94, 1181098
0.94, 1180897
0.95, 1180725
1.02, 1180533
1.03, 1180461
1.03, 1179839
1.05, 1179354
1.07, 1179254
1.07, 1178175
1.07, 1178172
1.16, 1177858
1.16, 1177813
1.21, 1177497
1.22, 1177211
1.24, 1176804
1.24, 1176594
1.24, 1176529
1.34, 1176276
1.39, 1176211
3.36, 1176151
