0.00,9709414
0.00,9685047
0.00,9334600
0.00,9068494
0.00,8684934
0.00,8540508
0.00,8383157
0.00,8196278
0.00,7976895
0.00,7603965
0.00,7310801
0.00,7375058
0.00,7031588
0.00,7010072
0.00,7000745
0.00,7001328
0.00,6884521
0.00,6896504
0.00,6972660
0.00,6677006
0.00,6489918
0.00,6441099
0.00,6303742
0.00,6100832
0.00,6047865
0.00,6083359
0.00,5916827
0.00,6019675
0.00,6065660
0.00,5867934
0.00,5868806
0.00,5850751
0.00,5945155
0.00,5697730
0.00,5721553
0.00,5631887
0.00,5570014
0.00,5518773
0.00,5511663
0.00,5493920
0.00,5492224
0.00,5653381
0.00,5514837
0.00,5405259
0.00,5263617
0.00,5307153
0.00,5259027
0.00,5242647
0.00,5196447
0.00,5106576
0.00,5238454
0.00,5277781
0.00,4990901
0.00,5151353
0.00,5128403
0.00,4910164
0.00,4945911
0.01,4914307
0.01,4866508
0.01,4704410
0.01,4755299
0.01,4717936
0.01,4557362
0.01,4581255
0.01,4538845
0.01,4445964
0.01,4420054
0.01,4513852
0.01,4453362
0.01,4523726
0.01,4442705
0.01,4450053
0.01,4480124
0.01,4399352
0.01,4395046
0.01,4294948
0.01,4360238
0.01,4347552
0.01,4337133
0.01,4178104
0.01,4070607
0.01,4064200
0.01,4094639
0.01,3940251
0.01,3804931
0.01,3807766
0.01,3855836
0.01,3841775
0.01,3952715
0.01,3986597
0.01,3996121
0.01,4005726
0.01,3995782
0.01,3879532
0.01,3753024
0.01,3822118
0.01,3917044
0.01,3822469
0.01,3749130
0.01,3767387
0.01,3667301
0.01,3563850
0.01,3474384
0.01,3482939
0.01,3362167
0.01,3379429
0.01,3503496
0.01,3481123
0.01,3414031
0.01,3402249
0.01,3529294
0.01,3440594
0.01,3213290
0.01,3288093
0.01,3161975
0.01,3141640
0.01,3124101
0.01,3039297
0.01,3073281
0.01,2971814
0.01,2863406
0.01,2811979
0.01,2873433
0.01,2850512
0.01,2796175
0.01,2796444
0.01,2725255
0.01,2638673
0.01,2659248
0.01,2688448
0.01,2639942
0.01,2700582
0.01,2709755
0.01,2668107
0.01,2652753
0.01,2675091
0.01,2712291
0.01,2769882
0.01,2660797
0.01,2664027
0.01,2616371
0.01,2640896
0.01,2599696
0.01,2599255
0.01,2582041
0.01,2662451
0.01,2609117
0.01,2599860
0.01,2551194
0.01,2546003
0.01,2560170
0.01,2578686
0.01,2557726
0.01,2649492
0.01,2625633
0.01,2563742
0.01,2611799
0.01,2599355
0.01,2598632
0.01,2577522
0.01,2572758
0.01,2569778
0.01,2664493
0.01,2635064
0.01,2692863
0.01,2590092
0.01,2620822
0.01,2562321
0.01,2551170
0.01,2607237
0.01,2600333
0.01,2598632
0.01,2592984
0.01,2580994
0.01,2587393
0.01,2473409
0.01,2474118
0.01,2451858
0.01,2470822
0.01,2470098
0.01,2505289
0.01,2381557
0.01,2365754
0.01,2373745
0.01,2365690
0.01,2368395
0.01,2347463
0.01,2348819
0.01,2287784
0.01,2262592
0.01,2217085
0.01,2214053
0.01,2213802
0.01,2231021
0.01,2295987
0.01,2308566
0.01,2287572
0.01,2244573
0.01,2221889
0.01,2214011
0.01,2223694
0.01,2243988
0.01,2280144
0.01,2342355
0.01,2446380
0.01,2447566
0.01,2338548
0.01,2296132
0.01,2381538
0.01,2308409
0.01,2266892
0.01,2268165
0.01,2260153
0.01,2228714
0.01,2298341
0.01,2289520
0.01,2204929
0.01,2205115
0.01,2185959
0.01,2185537
0.01,2165950
0.01,2154983
0.01,2154850
0.01,2238568
0.01,2240729
0.01,2270274
0.01,2224967
0.01,2230856
0.01,2250483
0.01,2269593
0.01,2325118
0.01,2324803
0.01,2351411
0.01,2353921
0.01,2362985
0.01,2381507
0.01,2369206
0.01,2346869
0.01,2268016
0.01,2282949
0.01,2284805
0.01,2316823
0.01,2306765
0.01,2370154
0.01,2326487
0.01,2318714
0.01,2309262
0.02,2285285
0.02,2304231
0.02,2343797
0.02,2410603
0.02,2401413
0.02,2149404
0.02,2112138
0.02,2097047
0.02,2102736
0.02,2039865
0.02,2071858
0.02,2126052
0.02,2076112
0.02,2148394
0.02,2256313
0.02,2276903
0.02,2300380
0.02,2299350
0.02,2294092
0.02,2307862
0.02,2291482
0.02,2294291
0.02,2200954
0.02,2293326
0.02,2320449
0.02,2377824
0.02,2299678
0.02,2263455
0.02,2255942
0.02,2275530
0.02,2191773
0.02,2181605
0.02,2083473
0.02,2066366
0.02,2071833
0.02,2114149
0.02,2021647
0.02,2054864
0.02,2211032
0.02,2219425
0.02,2224425
0.02,2221436
0.02,2254568
0.02,2293617
0.02,2279695
0.02,2276604
0.02,2242487
0.02,2295994
0.02,2340031
0.02,2316030
0.02,2300527
0.02,2261963
0.02,2302128
0.02,2285068
0.02,2240958
0.02,2237180
0.02,2164984
0.02,2095415
0.02,2087028
0.02,2048939
0.02,2017849
0.02,1963800
0.02,1956668
0.02,1977974
0.02,1914821
0.02,1914949
0.02,1868545
0.02,1911707
0.02,2005744
0.02,1960346
0.02,1972484
0.02,1956449
0.02,1974513
0.02,2018107
0.02,1997230
0.02,1953088
0.02,2008484
0.02,2010124
0.02,1945435
0.02,1912127
0.02,1884004
0.02,1873520
0.02,1877285
0.02,1846249
0.02,1850884
0.02,1839125
0.02,1862739
0.02,1852405
0.02,1844408
0.02,1844765
0.02,1892838
0.02,1881757
0.02,1844422
0.02,1923020
0.02,1905433
0.02,1930866
0.02,2061491
0.02,2051905
0.02,2047242
0.02,2043954
0.02,2004843
0.02,2043579
0.02,1984286
0.02,1985725
0.02,1921296
0.02,1954909
0.02,2031441
0.02,1939861
0.02,1916082
0.02,1912902
0.02,1900426
0.02,1910065
0.02,1926191
0.02,1922607
0.02,1834603
0.02,1800162
0.02,1845907
0.02,1794180
0.02,1759290
0.02,1731841
0.02,1729423
0.02,1774210
0.02,1803326
0.02,1843512
0.02,1952100
0.02,1980453
0.02,1981878
0.02,1988784
0.02,1993164
0.02,1992798
0.02,1981206
0.02,1990398
0.02,1961179
0.02,2016874
0.02,2055318
0.02,2068577
0.02,2037279
0.02,2017038
0.02,2013202
0.02,1948887
0.02,1913193
0.02,1907932
0.02,1852647
0.02,1869412
0.02,1867629
0.02,1871428
0.02,1867132
0.02,1802583
0.02,1753759
0.02,1738771
0.02,1787971
0.02,1793725
0.02,1796766
0.02,1811048
0.02,1694995
0.02,1673814
0.02,1668909
0.02,1669079
0.02,1690758
0.02,1638302
0.02,1648805
0.02,1648544
0.02,1660202
0.02,1619735
0.02,1595107
0.02,1572344
0.02,1550439
0.02,1529093
0.02,1544332
0.02,1567708
0.02,1575131
0.02,1566659
0.02,1570887
0.02,1511817
0.02,1503900
0.02,1487540
0.02,1480831
0.02,1474991
0.02,1459071
0.02,1452498
0.02,1461956
0.02,1439857
0.02,1425952
0.02,1409962
0.02,1391989
0.02,1374555
0.02,1366218
0.02,1356322
0.02,1345003
0.02,1335471
0.02,1326753
0.02,1325849
0.02,1312763
0.02,1312666
0.02,1322927
0.02,1312972
0.02,1308599
0.02,1304658
0.02,1321505
0.02,1326167
0.02,1297512
0.02,1291457
0.02,1287848
0.02,1289776
0.02,1289808
0.02,1290682
0.02,1280117
0.02,1275985
0.02,1273908
0.02,1277813
0.02,1272350
0.02,1268067
0.02,1269226
0.02,1284846
0.02,1286986
0.02,1302905
0.02,1294796
0.02,1302825
0.02,1309551
0.02,1278040
0.02,1279920
0.02,1280349
0.02,1265414
0.02,1264388
0.02,1262131
0.02,1260165
0.02,1258507
0.02,1256797
0.02,1255289
0.02,1255215
0.02,1254172
0.02,1259109
0.02,1252938
0.02,1251740
0.02,1251072
0.02,1250266
0.02,1249487
0.02,1248746
0.02,1248121
0.02,1247514
0.02,1246915
0.02,1246330
0.02,1245777
0.02,1245380
0.02,1244984
0.02,1244710
0.02,1244204
0.02,1243427
0.02,1243084
0.02,1242922
0.02,1242668
0.02,1246959
0.02,1242517
0.02,1242466
