0.00,9988446
0.00,9697741
0.00,9633816
0.00,9294336
0.00,9286485
0.00,8901617
0.00,8904234
0.00,8944570
0.00,8536294
0.00,8604974
0.00,8643499
0.00,8257207
0.00,8243458
0.00,7959494
0.00,7854383
0.00,7715098
0.00,7643788
0.00,7583366
0.00,7405938
0.00,7397993
0.00,7110771
0.00,7028933
0.00,6826252
0.00,6687515
0.00,6488485
0.00,6368054
0.00,6079298
0.00,6131247
0.00,6115477
0.00,5960798
0.00,5835362
0.00,5868591
0.00,5619096
0.00,5607279
0.00,5635220
0.00,5484999
0.00,5611582
0.00,5639776
0.00,5419381
0.00,5528090
0.00,5545527
0.00,5468370
0.00,5409373
0.00,5536080
0.00,5417068
0.00,5277385
0.00,5214073
0.00,5091497
0.00,5140786
0.00,5124899
0.00,5028149
0.01,4929371
0.01,4766281
0.01,4741573
0.01,4821887
0.01,4770895
0.01,4701588
0.01,4633052
0.01,4561257
0.01,4529792
0.01,4500859
0.01,4463652
0.01,4343999
0.01,4223767
0.01,4269229
0.01,4173291
0.01,3988220
0.01,4015087
0.01,4010499
0.01,3990488
0.01,3881028
0.01,3939781
0.01,3832857
0.01,3924020
0.01,3792635
0.01,3666235
0.01,3548652
0.01,3538730
0.01,3594122
0.01,3482793
0.01,3602022
0.01,3589012
0.01,3655610
0.01,3658167
0.01,3568678
0.01,3407045
0.01,3511137
0.01,3387614
0.01,3272654
0.01,3267586
0.01,3348782
0.01,3244019
0.01,3202417
0.01,3113912
0.01,3206742
0.01,3103545
0.01,3025081
0.01,3001223
0.01,3070767
0.01,3067573
0.01,3058940
0.01,3065317
0.01,3216619
0.01,3227226
0.01,3270259
0.01,3236203
0.01,3213273
0.01,3097826
0.01,3121581
0.01,3130918
0.01,3132401
0.01,3143001
0.01,3125345
0.01,3237614
0.01,3223025
0.01,3207239
0.01,3096708
0.01,3026223
0.01,3008082
0.01,3001386
0.01,3090504
0.01,3019162
0.01,2859651
0.01,2906639
0.01,2863078
0.01,2744599
0.01,2676019
0.01,2669222
0.01,2731403
0.01,2751321
0.01,2760266
0.01,2728471
0.01,2774871
0.01,2785171
0.01,2742779
0.01,2761676
0.01,2819679
0.01,2756829
0.01,2762213
0.01,2747968
0.01,2628702
0.01,2565077
0.01,2510541
0.01,2513272
0.01,2484964
0.01,2497721
0.01,2491519
0.01,2490008
0.01,2475550
0.01,2532954
0.01,2527267
0.01,2563154
0.01,2540475
0.01,2532169
0.01,2420823
0.01,2411348
0.01,2423785
0.01,2461973
0.01,2394845
0.01,2295279
0.01,2309341
0.01,2241552
0.01,2268130
0.01,2268117
0.01,2247298
0.01,2279816
0.01,2283884
0.01,2293582
0.01,2267437
0.01,2278422
0.01,2264459
0.01,2167303
0.01,2332201
0.01,2307953
0.01,2307590
0.01,2278486
0.01,2338754
0.01,2318322
0.01,2314784
0.01,2329364
0.01,2226937
0.01,2214752
0.01,2155443
0.01,2109590
0.01,2105023
0.01,2066365
0.01,2029568
0.01,2164722
0.01,2215887
0.01,2182736
0.01,2191251
0.01,2153120
0.01,2187434
0.01,2189269
0.01,2204907
0.01,2093334
0.01,2098923
0.01,2067056
0.01,2035018
0.01,1947447
0.01,1911474
0.01,1856780
0.01,1826951
0.01,1805958
0.01,1774863
0.01,1743891
0.01,1749867
0.01,1715894
0.01,1691105
0.01,1682981
0.01,1650310
0.01,1633874
0.01,1644252
0.01,1633263
0.01,1630406
0.01,1613117
0.01,1634925
0.01,1610430
0.01,1593430
0.01,1581053
0.01,1568121
0.01,1661282
0.01,1676388
0.01,1696967
0.01,1688413
0.01,1747734
0.01,1717704
0.01,1613882
0.01,1544316
0.01,1595367
0.01,1583697
0.01,1512577
0.01,1500791
0.01,1488198
0.01,1478377
0.01,1469960
0.01,1462375
0.01,1468651
0.01,1466231
0.01,1460928
0.01,1463181
0.01,1456991
0.01,1474986
0.01,1439708
0.01,1432542
0.01,1430470
0.01,1421166
0.01,1415487
0.01,1409998
0.01,1408347
0.01,1422021
0.01,1408627
0.01,1406240
0.01,1434028
0.01,1484011
0.01,1486931
0.01,1480659
0.02,1520553
0.02,1542535
0.02,1557252
0.02,1517268
0.02,1597032
0.02,1510422
0.02,1426636
0.02,1420313
0.02,1401033
0.02,1408635
0.02,1395455
0.02,1392556
0.02,1398190
0.02,1388949
0.02,1381958
0.02,1382506
0.02,1380193
0.02,1378513
0.02,1381748
0.02,1376710
0.02,1371669
0.02,1363703
0.02,1359174
0.02,1361389
0.02,1355030
0.02,1354062
0.02,1349947
0.02,1345106
0.02,1341062
0.02,1340366
0.02,1342302
0.02,1335809
0.02,1333291
0.02,1349815
0.02,1339833
0.02,1337517
0.02,1328725
0.02,1332160
0.02,1344502
0.02,1326417
0.02,1324168
0.02,1323829
0.02,1326593
0.02,1335057
0.02,1339278
0.02,1332686
0.02,1341714
0.02,1326104
0.02,1321081
0.02,1318809
0.02,1318025
0.02,1318965
0.02,1321396
0.02,1324799
0.02,1327528
0.02,1330220
0.02,1321885
0.02,1314995
0.02,1313305
0.02,1312871
0.02,1311352
0.02,1309898
0.02,1308591
0.02,1307684
0.02,1301255
0.02,1298334
0.02,1297168
0.02,1370354
0.02,1399470
0.02,1440159
0.02,1535059
0.02,1532288
0.02,1532709
0.02,1551287
0.02,1546477
0.02,1535063
0.02,1454982
0.02,1484140
0.02,1427293
0.02,1503528
0.02,1568985
0.02,1584335
0.02,1576440
0.02,1582591
0.02,1671298
0.02,1762944
0.02,1733497
0.02,1772637
0.02,1752682
0.02,1732861
0.02,1705122
0.02,1701639
0.02,1708017
0.02,1559419
0.02,1561532
0.02,1560257
0.02,1534617
0.02,1524074
0.02,1539771
0.02,1552145
0.02,1512402
0.02,1460307
0.02,1452418
0.02,1454819
0.02,1414031
0.02,1418566
0.02,1441330
0.02,1437256
0.02,1362183
0.02,1361771
0.02,1365117
0.02,1363826
0.02,1339871
0.02,1319782
0.02,1302145
0.02,1300327
0.02,1292644
0.02,1327186
0.02,1347886
0.02,1394836
0.02,1393874
0.02,1424193
0.02,1538639
0.02,1539036
0.02,1535526
0.02,1461657
0.02,1469134
0.02,1446382
0.02,1460461
0.02,1554051
0.02,1525622
0.02,1565958
0.02,1561943
0.02,1620174
0.02,1692114
0.02,1666691
0.02,1745257
0.02,1731338
0.02,1708329
0.02,1681451
0.02,1676459
0.02,1669136
0.02,1622491
0.02,1633572
0.02,1666683
0.02,1556639
0.02,1550278
0.02,1536858
0.02,1532187
0.02,1528714
0.02,1547425
0.02,1549529
0.02,1512871
0.02,1461419
0.02,1454338
0.02,1456734
0.02,1414086
0.02,1421110
0.02,1445310
0.02,1446071
0.02,1371873
0.02,1357719
0.02,1362635
0.02,1346704
0.02,1326001
0.02,1305953
0.02,1294149
0.02,1296947
0.02,1288935
0.02,1286954
0.02,1284988
0.02,1309833
0.02,1325823
0.02,1330279
0.02,1333124
0.02,1338232
0.02,1359050
0.02,1355563
0.02,1357134
0.02,1378353
0.02,1474970
0.02,1482013
0.02,1484915
0.02,1478987
0.02,1454186
0.02,1441888
0.02,1426465
0.02,1451932
0.02,1524324
0.02,1473155
0.02,1479189
0.02,1434426
0.02,1389337
0.02,1352415
0.02,1350472
0.02,1356427
0.02,1321203
0.02,1301840
0.02,1298013
0.02,1283708
0.02,1296046
0.02,1315448
0.02,1318819
0.02,1317488
0.02,1331953
0.02,1334271
0.02,1333375
0.02,1328813
0.02,1349308
0.02,1351334
0.02,1359065
0.02,1394844
0.02,1473669
0.02,1472673
0.02,1451891
0.02,1465391
0.02,1447678
0.02,1437690
0.02,1421693
0.02,1446184
0.02,1521023
0.02,1468188
0.02,1476977
0.02,1432299
0.02,1386686
0.02,1348062
0.02,1340575
0.02,1343811
0.02,1293619
0.02,1277276
0.02,1276816
0.02,1275750
0.02,1274707
0.02,1273767
0.02,1272587
0.02,1273753
0.02,1271772
0.02,1270966
0.02,1270330
0.02,1269971
0.02,1269761
0.02,1269599
0.02,1269345
0.02,1269294
