0.03,9573127
0.03,9394522
0.03,9244985
0.03,8696809
0.03,8378624
0.03,8105122
0.03,7795093
0.03,7630796
0.03,7240311
0.03,6992853
0.03,6953798
0.03,6784334
0.03,6627346
0.03,6589403
0.03,6538384
0.03,6425094
0.03,6346367
0.03,6294996
0.03,6103831
0.03,6010716
0.03,5956478
0.03,5811750
0.03,5786658
0.03,5733211
0.03,5556669
0.03,5513061
0.03,5537110
0.03,5543239
0.03,5494140
0.03,5284985
0.03,5096243
0.03,5025485
0.03,5068148
0.03,4841634
0.03,4649867
0.03,4644823
0.03,4823300
0.03,4802314
0.03,4700313
0.03,4592620
0.03,4471991
0.03,4487339
0.03,4286067
0.03,4435797
0.03,4291403
0.03,4348385
0.03,4304882
0.03,4433815
0.03,4472316
0.03,4345604
0.03,4390841
0.03,4427258
0.03,4430987
0.03,4343587
0.03,4373031
0.03,4378410
0.03,4385112
0.03,4397069
0.03,4432209
0.03,4436446
0.03,4428608
0.03,4373773
0.03,4305363
0.03,4326847
0.03,4291115
0.03,4253684
0.03,4263925
0.03,4264536
0.03,4186071
0.03,4162814
0.03,4175150
0.03,4180761
0.03,4084716
0.03,3939135
0.03,3925291
0.03,3970932
0.03,3860573
0.03,3889162
0.03,3902232
0.03,3711856
0.03,3689583
0.03,3578701
0.03,3478623
0.03,3509553
0.03,3346407
0.03,3238110
0.03,3174552
0.03,3113376
0.03,3010282
0.03,3075261
0.03,3218845
0.03,3104803
0.03,3102658
0.03,3128368
0.03,3226748
0.03,3266680
0.03,3197157
0.03,3118350
0.03,3206262
0.03,3246559
0.03,3228431
0.03,3235369
0.03,3168245
0.03,3118703
0.03,3120211
0.03,3231771
0.03,3274703
0.03,3275339
0.03,3258955
0.03,3254856
0.03,3175460
0.03,3141086
0.03,3189986
0.03,3209296
0.03,3263141
0.03,3246010
0.03,3130018
0.03,3126218
0.03,3101060
0.03,2989390
0.03,2990505
0.03,3055484
0.03,3199068
0.03,3085026
0.03,3082881
0.03,3108591
0.03,3206971
0.03,3246903
0.03,3177380
0.03,3098573
0.03,3186485
0.03,3226782
0.03,3208654
0.03,3215592
0.03,3148468
0.03,3098926
0.03,3100434
0.03,3211994
0.03,3254926
0.03,3255562
0.03,3239178
0.03,3235079
0.03,3155683
0.03,3121309
0.03,3170209
0.03,3189519
0.03,3243364
0.03,3226233
0.03,3110241
0.03,3106441
0.03,3081283
0.03,2850243
0.03,2954574
0.03,2952616
0.03,2944504
0.03,2854543
0.03,2763292
0.03,2716374
0.03,2643238
0.03,2646151
0.03,2693654
0.03,2744464
0.03,2726886
0.03,2766888
0.03,2921410
0.03,2856782
0.03,2914827
0.03,2701495
0.03,2736441
0.03,2678478
0.03,2652536
0.03,2603807
0.03,2542477
0.03,2573671
0.03,2614323
0.03,2609705
0.03,2485844
0.03,2422994
0.03,2436454
0.03,2372039
0.03,2396516
0.03,2448581
0.03,2519818
0.03,2472886
0.03,2514912
0.03,2537496
0.03,2549141
0.03,2487043
0.03,2484856
0.03,2462645
0.03,2421968
0.03,2396888
0.03,2368658
0.03,2378437
0.03,2421105
0.03,2478401
0.03,2483118
0.03,2480802
0.03,2486930
0.03,2568319
0.03,2504478
0.03,2519914
0.03,2413087
0.03,2510971
0.03,2506083
0.03,2467484
0.03,2392043
0.03,2315781
0.03,2307361
0.03,2347102
0.03,2343629
0.03,2354075
0.03,2299151
0.03,2319835
0.03,2331421
0.03,2275962
0.03,2214560
0.03,2287989
0.03,2249436
0.03,2318016
0.03,2300025
0.03,2326533
0.03,2285513
0.03,2294044
0.03,2280298
0.03,2167894
0.03,2160002
0.03,2151900
0.03,2163221
0.03,2104550
0.03,2157144
0.03,2154289
0.03,2148145
0.03,2264359
0.03,2202655
0.03,2195181
0.03,2188852
0.03,2148018
0.03,2068342
0.03,2074232
0.03,2034908
0.03,1997305
0.03,1960059
0.03,2015584
0.03,2023676
0.03,2065800
0.03,2062580
0.03,2004831
0.03,2051720
0.03,1974492
0.03,1952621
0.03,1977937
0.03,1902547
0.03,1885018
0.03,1900673
0.03,1865910
0.03,1860379
0.03,1842734
0.03,1818803
0.03,1845973
0.03,1793225
0.03,1771893
0.03,1743083
0.03,1736028
0.03,1736084
0.03,1713483
0.03,1692685
0.03,1684028
0.03,1681165
0.03,1674851
0.03,1703919
0.03,1673949
0.03,1694235
0.03,1718625
0.03,1750046
0.03,1801029
0.03,1790630
0.03,1792115
0.03,1789605
0.03,1804951
0.03,1992969
0.03,1970651
0.03,1955755
0.03,1959399
0.03,1969875
0.03,2015706
0.03,2037576
0.03,2012731
0.03,2048515
0.03,1926322
0.03,1917991
0.03,1907056
0.03,1871993
0.03,1903454
0.03,1926704
0.03,1977907
0.03,1960658
0.03,1919464
0.03,1864734
0.03,1858627
0.03,1807380
0.03,1807607
0.03,1722851
0.03,1646866
0.03,1629061
0.03,1614322
0.03,1615328
0.03,1644792
0.03,1583675
0.03,1567755
0.03,1553654
0.03,1580423
0.03,1689174
0.03,1637979
0.03,1643059
0.03,1656237
0.03,1685886
0.03,1741409
0.03,1849588
0.03,1842170
0.03,1883840
0.03,1793725
0.03,1784796
0.03,1782292
0.03,1842935
0.03,1829944
0.03,1823745
0.03,1828397
0.03,1781286
0.03,1770107
0.03,1713385
0.03,1669836
0.03,1633755
0.03,1649123
0.03,1611009
0.03,1580920
0.03,1635140
0.03,1638144
0.03,1677392
0.03,1680220
0.03,1719420
0.03,1692527
0.03,1702891
0.03,1668888
0.03,1576413
0.03,1541817
0.03,1541656
0.03,1547517
0.03,1561256
0.03,1515101
0.03,1522873
0.03,1529056
0.03,1610422
0.03,1616573
0.03,1640881
0.03,1742768
0.03,1751095
0.03,1767275
0.03,1759577
0.03,1748872
0.03,1722210
0.03,1740801
0.03,1713646
0.03,1633929
0.03,1651218
0.03,1657787
0.03,1662096
0.03,1644482
0.03,1612578
0.03,1604669
0.03,1645619
0.03,1609304
0.03,1614752
0.03,1582430
0.03,1538178
0.03,1525284
0.03,1503952
0.03,1531256
0.04,1536980
0.04,1581525
0.04,1590041
0.04,1629407
0.04,1731505
0.04,1734316
0.04,1745223
0.04,1714595
0.04,1706229
0.04,1698961
0.04,1680439
0.04,1652770
0.04,1609295
0.04,1625032
0.04,1613962
0.04,1589682
0.04,1588129
0.04,1610510
0.04,1602696
0.04,1620085
0.04,1590423
0.04,1559508
0.04,1509219
0.04,1499773
0.04,1484518
0.04,1473604
0.04,1551823
0.04,1530941
0.04,1532260
0.04,1516371
0.04,1528096
0.04,1603124
0.04,1674593
0.04,1661026
0.04,1708792
0.04,1622203
0.04,1618857
0.04,1635881
0.04,1662863
0.04,1640638
0.04,1639557
0.04,1668490
0.04,1595561
0.04,1574256
0.04,1557951
0.04,1559920
0.04,1533843
0.04,1568395
0.04,1600848
0.04,1632624
0.04,1610930
0.04,1595591
0.04,1661486
0.04,1677786
0.04,1629201
0.04,1611133
0.04,1593658
0.04,1574607
0.04,1581677
0.04,1554989
0.04,1476556
0.04,1461575
0.04,1552109
0.04,1518015
0.04,1518191
0.04,1523782
0.04,1549971
0.04,1594626
0.04,1647798
0.04,1640161
0.04,1691861
0.04,1604325
0.04,1611197
0.04,1613640
0.04,1639665
0.04,1621821
0.04,1613899
0.04,1605526
0.04,1486579
0.04,1481594
0.04,1490923
0.04,1496066
0.04,1495134
0.04,1490196
0.04,1551238
0.04,1557389
0.04,1581697
0.04,1683584
0.04,1691911
0.04,1708091
0.04,1700393
0.04,1689688
0.04,1663026
0.04,1681617
0.04,1654462
0.04,1574745
0.04,1593424
0.04,1604487
0.04,1635656
0.04,1583989
0.04,1584797
0.04,1548379
0.04,1546871
0.04,1555517
0.04,1558665
0.04,1523246
0.04,1478994
0.04,1466100
0.04,1444768
0.04,1433312
0.04,1423511
0.04,1412882
0.04,1403360
0.04,1395188
0.04,1387542
0.04,1379957
0.04,1380966
0.04,1380186
0.04,1395440
0.04,1371725
0.04,1377791
0.04,1380430
0.04,1390412
0.04,1475378
0.04,1438063
0.04,1415127
0.04,1407863
0.04,1426308
0.04,1443929
0.04,1521345
0.04,1523712
0.04,1567251
0.04,1472697
0.04,1499195
0.04,1508210
0.04,1532386
0.04,1508887
0.04,1517564
0.04,1525130
0.04,1462973
0.04,1422850
0.04,1413284
0.04,1397668
0.04,1419101
0.04,1416947
0.04,1442310
0.04,1432204
0.04,1450268
0.04,1546544
0.04,1569162
0.04,1597649
0.04,1581861
0.04,1589566
0.04,1588453
0.04,1565699
0.04,1562770
0.04,1435664
0.04,1437088
0.04,1452080
0.04,1466855
0.04,1498035
0.04,1461702
0.04,1388147
0.04,1384107
0.04,1366311
0.04,1368901
0.04,1368578
0.04,1369702
0.04,1382573
0.04,1392834
0.04,1419184
0.04,1413758
0.04,1477177
0.04,1439149
0.04,1424833
0.04,1438441
0.04,1461703
0.04,1508542
0.04,1573794
0.04,1572290
0.04,1621199
0.04,1534415
0.04,1539021
0.04,1547373
0.04,1578293
0.04,1572871
0.04,1559500
0.04,1547333
0.04,1484008
0.04,1456987
0.04,1454848
0.04,1473719
0.04,1522332
0.04,1504596
0.04,1540884
0.04,1513257
0.04,1499529
0.04,1568786
0.04,1516841
0.04,1509810
0.04,1503647
0.04,1486209
0.04,1479153
0.04,1455090
0.04,1439003
0.04,1382354
0.04,1357703
0.04,1352551
0.04,1349969
0.04,1345068
0.04,1340626
0.04,1343873
0.04,1336227
0.04,1332112
0.04,1331521
0.04,1334419
0.04,1351728
0.04,1330822
0.04,1326721
0.04,1328160
0.04,1329857
0.04,1336913
0.04,1337601
0.04,1436006
0.04,1396319
0.04,1387860
0.04,1390138
0.04,1418602
0.04,1447251
0.04,1493068
0.04,1474506
0.04,1497100
0.04,1399529
0.04,1421963
0.04,1427173
0.04,1448589
0.04,1451453
0.04,1462060
0.04,1464667
0.04,1395318
0.04,1364538
0.04,1354848
0.04,1345594
0.04,1354787
0.04,1369708
0.04,1417432
0.04,1422571
0.04,1444047
0.04,1503535
0.04,1501083
0.04,1511381
0.04,1514689
0.04,1534682
0.04,1553656
0.04,1526286
0.04,1518469
0.04,1445353
0.04,1434009
0.04,1430318
0.04,1389205
0.04,1432566
0.04,1455782
0.04,1423292
0.04,1403090
0.04,1376806
0.04,1321989
0.04,1319566
0.04,1316794
0.04,1314065
0.04,1311635
0.04,1347529
0.04,1308229
0.04,1305804
0.04,1304738
0.04,1302492
0.04,1304161
0.04,1307701
0.04,1315461
0.04,1317936
0.04,1327336
0.04,1403526
0.04,1361507
0.04,1368230
0.04,1375737
0.04,1412243
0.04,1451510
0.04,1502956
0.04,1491034
0.04,1540809
0.04,1435594
0.04,1429973
0.04,1412323
0.04,1400189
0.04,1385710
0.04,1414945
0.04,1418136
0.04,1348510
0.04,1332466
0.04,1326565
0.04,1324212
0.04,1340147
0.04,1344104
0.04,1404668
0.04,1413687
0.04,1452004
0.04,1554416
0.04,1518356
0.04,1496787
0.04,1488203
0.04,1488980
0.04,1497066
0.04,1519709
0.04,1521675
0.04,1433619
0.04,1430295
0.04,1426301
0.04,1421220
0.04,1430264
0.04,1436947
0.04,1403539
0.04,1364837
0.04,1377446
0.04,1380640
0.04,1316909
0.04,1301145
0.04,1304178
0.04,1307977
0.04,1305101
0.04,1321451
0.04,1304596
0.04,1299636
0.04,1299257
0.04,1297566
0.04,1296609
0.04,1295350
0.04,1294172
0.04,1322535
0.04,1272394
0.04,1278459
0.04,1241223
0.04,1230664
0.04,1229674
0.04,1229547
0.04,1228750
0.04,1228125
0.04,1227526
0.04,1227620
0.04,1234687
0.04,1235902
0.04,1232920
0.04,1248843
0.04,1232857
0.04,1227028
0.04,1246176
0.04,1226256
0.04,1225860
0.04,1225653
0.04,1226127
0.04,1225465
0.04,1226516
0.04,1224991
0.04,1224823
0.04,1219727
0.04,1219585
