0.02, 9897061
0.02, 9856228
0.02, 9812612
0.02, 9667132
0.02, 9637048
0.02, 9636494
0.02, 9479546
0.02, 9374510
0.02, 9367119
0.02, 9364726
0.02, 9320303
0.02, 9279296
0.02, 9227071
0.02, 9191746
0.02, 9123327
0.02, 9095578
0.02, 9089457
0.02, 9070408
0.02, 9067182
0.02, 9040590
0.02, 9030411
0.02, 9022205
0.02, 9016904
0.02, 8994797
0.02, 8975947
0.02, 8889106
0.02, 8877972
0.02, 8743559
0.02, 8708511
0.02, 8699022
0.02, 8668112
0.02, 8545526
0.02, 8524068
0.02, 8482847
0.02, 8479515
0.02, 8279328
0.02, 8269351
0.02, 8258642
0.02, 8257231
0.02, 8256687
0.02, 8238989
0.02, 7951775
0.02, 7946593
0.02, 7859644
0.02, 7858221
0.02, 7828153
0.02, 7826325
0.02, 7746780
0.02, 7693351
0.02, 7571919
0.02, 7380436
0.02, 7326735
0.02, 7240153
0.02, 7229192
0.02, 7192870
0.02, 7179373
0.02, 7172429
0.02, 7165059
0.02, 6989114
0.02, 6888304
0.02, 6878019
0.02, 6770101
0.02, 6760804
0.02, 6638705
0.02, 6593319
0.02, 6558942
0.02, 6548953
0.02, 6508076
0.02, 6477186
0.02, 6402182
0.02, 6342607
0.02, 6295083
0.02, 6267540
0.02, 6234508
0.02, 6143677
0.02, 6121706
0.02, 6117548
0.02, 6108736
0.02, 5998761
0.02, 5964047
0.02, 5948075
0.02, 5839775
0.02, 5831466
0.02, 5705593
0.02, 5604820
0.02, 5580961
0.02, 5571592
0.02, 5534148
0.02, 5516335
0.02, 5509568
0.02, 5489982
0.02, 5457335
0.02, 5454331
0.02, 5441056
0.02, 5375984
0.02, 5292216
0.02, 5284056
0.02, 5274676
0.02, 5212436
0.02, 5194164
0.02, 5160217
0.02, 5119245
0.02, 5108649
0.02, 5026543
0.02, 4991588
0.02, 4987214
0.02, 4981637
0.02, 4959822
0.02, 4951144
0.02, 4914271
0.02, 4908894
0.02, 4883415
0.02, 4834660
0.02, 4832691
0.02, 4825211
0.02, 4752379
0.02, 4750330
0.02, 4750289
0.02, 4740810
0.02, 4739708
0.02, 4739327
0.02, 4737073
0.02, 4736725
0.02, 4731324
0.02, 4658181
0.02, 4441589
0.02, 4434830
0.02, 4403494
0.02, 4398453
0.02, 4351508
0.02, 4332874
0.02, 4326316
0.02, 4323444
0.02, 4231040
0.02, 4133005
0.02, 4132239
0.02, 4111640
0.02, 4111496
0.02, 4085935
0.02, 4082940
0.02, 4073810
0.02, 4071620
0.02, 4068963
0.02, 4035494
0.02, 4032961
0.02, 4011276
0.02, 4006627
0.02, 4005298
0.02, 3986392
0.02, 3980216
0.02, 3977669
0.02, 3965538
0.02, 3935686
0.02, 3929694
0.02, 3917666
0.02, 3826544
0.02, 3821897
0.02, 3775419
0.02, 3772283
0.02, 3766186
0.02, 3754966
0.02, 3687414
0.02, 3686509
0.02, 3682632
0.02, 3674704
0.02, 3674012
0.02, 3673774
0.02, 3646963
0.02, 3586284
0.02, 3586071
0.02, 3544528
0.02, 3531155
0.02, 3481264
0.02, 3462531
0.02, 3458112
0.02, 3455486
0.02, 3449611
0.02, 3435725
0.02, 3432329
0.02, 3396220
0.02, 3395538
0.03, 3384533
0.03, 3381437
0.03, 3366627
0.03, 3361679
0.03, 3361007
0.03, 3341900
0.03, 3327850
0.03, 3322051
0.03, 3225391
0.03, 3219074
0.03, 3193103
0.03, 3186549
0.03, 3184473
0.03, 3183914
0.03, 3182811
0.03, 3141854
0.03, 3090455
0.03, 3086160
0.03, 3078186
0.03, 3068300
0.03, 3016916
0.03, 2987229
0.03, 2983160
0.03, 2966385
0.03, 2946685
0.03, 2942216
0.03, 2939232
0.03, 2936408
0.03, 2927032
0.03, 2892099
0.03, 2892056
0.03, 2872837
0.03, 2869530
0.03, 2868922
0.03, 2799173
0.03, 2796926
0.04, 2754512
0.04, 2748366
0.04, 2747283
0.04, 2728016
0.04, 2727231
0.04, 2687725
0.04, 2662200
0.04, 2651120
0.04, 2637152
0.04, 2637036
0.04, 2618358
0.04, 2614604
0.05, 2571557
0.05, 2567714
0.05, 2548869
0.05, 2548269
0.05, 2541688
0.05, 2532371
0.05, 2525272
0.05, 2499165
0.05, 2491959
0.08, 2454542
0.08, 2435127
0.08, 2432007
0.08, 2430393
0.08, 2426185
0.10, 2419646
0.10, 2389344
0.10, 2377357
0.10, 2344587
0.11, 2342827
0.11, 2341426
0.11, 2335828
0.11, 2331475
0.11, 2331054
0.11, 2326806
0.11, 2325672
0.11, 2316492
0.11, 2312905
0.11, 2311251
0.12, 2310469
0.12, 2309963
0.12, 2306776
0.12, 2304775
0.12, 2291120
0.12, 2280030
0.12, 2264713
0.12, 2215214
0.12, 2203608
0.12, 2153574
0.12, 2146194
0.12, 2136622
0.12, 2132827
0.12, 2132713
0.12, 2131855
0.12, 2124515
0.12, 2094584
0.12, 2090743
0.13, 2087138
0.13, 2057152
0.13, 2056379
0.16, 2043056
0.17, 2029736
0.17, 1999456
0.17, 1994837
0.18, 1985872
0.19, 1981283
0.19, 1979369
0.19, 1976522
0.19, 1971762
0.19, 1946982
0.19, 1941749
0.19, 1940307
0.19, 1939535
0.19, 1929462
0.19, 1926920
0.19, 1926587
0.19, 1925269
0.19, 1913480
0.19, 1906724
0.19, 1894428
0.19, 1893268
0.19, 1887175
0.19, 1886343
0.19, 1885463
0.19, 1872114
0.22, 1869758
0.22, 1867895
0.22, 1867517
0.22, 1830022
0.22, 1828120
0.22, 1821922
0.22, 1818837
0.23, 1815307
0.23, 1814220
0.23, 1808537
0.23, 1808234
0.23, 1804130
0.23, 1799122
0.23, 1795866
0.24, 1790013
0.24, 1776711
0.24, 1773352
0.24, 1750927
0.24, 1749402
0.24, 1748698
0.24, 1747228
0.24, 1744233
0.24, 1740519
0.24, 1738808
0.24, 1734917
0.24, 1728109
0.25, 1714618
0.25, 1693881
0.25, 1692024
0.25, 1684257
0.25, 1683249
0.25, 1682789
0.25, 1679741
0.25, 1676138
0.25, 1674028
0.25, 1673185
0.30, 1671397
0.30, 1670781
0.30, 1659053
0.30, 1658059
0.30, 1649420
0.30, 1648868
0.30, 1641280
0.30, 1640442
0.30, 1639750
0.30, 1616135
0.32, 1614316
0.32, 1612327
0.32, 1610050
0.32, 1605393
0.34, 1605089
0.34, 1585001
0.34, 1583486
0.34, 1582290
0.34, 1579819
0.34, 1578448
0.34, 1578110
0.34, 1575553
0.34, 1572479
0.34, 1571439
0.34, 1568076
0.34, 1560601
0.34, 1550467
0.36, 1548021
0.37, 1548011
0.37, 1547573
0.37, 1547053
0.37, 1545740
0.37, 1542466
0.37, 1541779
0.37, 1539625
0.37, 1526884
0.37, 1520083
0.37, 1519169
0.37, 1515309
0.37, 1513255
0.37, 1508354
0.37, 1501939
0.37, 1501775
0.37, 1498941
0.37, 1498441
0.37, 1498174
0.37, 1494787
0.37, 1480168
0.37, 1479567
0.37, 1476808
0.37, 1467648
0.37, 1460788
0.37, 1455898
0.38, 1449452
0.38, 1448100
0.38, 1444873
0.38, 1440867
0.41, 1433607
0.41, 1433197
0.41, 1430384
0.41, 1427446
0.42, 1425271
0.42, 1422874
0.42, 1421797
0.42, 1414453
0.42, 1410985
0.42, 1408969
0.42, 1407111
0.46, 1405187
0.46, 1398123
0.46, 1395553
0.46, 1384738
0.47, 1383321
0.47, 1382155
0.47, 1381052
0.47, 1380417
0.47, 1380127
0.47, 1376448
0.47, 1371137
0.47, 1362074
0.47, 1358753
0.48, 1358638
0.50, 1354804
0.50, 1353323
0.51, 1351770
0.51, 1347544
0.51, 1344825
0.51, 1343683
0.51, 1343432
0.51, 1340603
0.51, 1339118
0.53, 1333300
0.53, 1332128
0.54, 1319233
0.54, 1316580
0.54, 1316438
0.54, 1315900
0.54, 1311480
0.54, 1309962
0.54, 1305221
0.54, 1301593
0.57, 1297899
0.57, 1297689
0.57, 1293174
0.57, 1289640
0.57, 1287709
0.57, 1286835
0.57, 1285226
0.57, 1285089
0.58, 1277321
0.62, 1277292
0.62, 1277241
0.65, 1275052
0.65, 1270080
0.65, 1263554
0.65, 1263044
0.65, 1261452
0.65, 1259981
0.65, 1257314
0.65, 1251764
0.65, 1243133
0.78, 1242749
0.78, 1241839
0.78, 1241363
0.78, 1240932
0.78, 1239651
0.79, 1238678
0.79, 1238084
0.79, 1237808
0.79, 1237794
0.80, 1236973
0.80, 1236959
0.80, 1236653
0.82, 1236236
0.82, 1235235
0.84, 1234005
0.84, 1233671
0.84, 1233277
0.84, 1231058
0.84, 1227735
0.84, 1226145
0.84, 1223799
0.84, 1222632
0.84, 1222408
0.84, 1222317
0.84, 1222097
0.84, 1221126
0.84, 1220950
0.91, 1220792
0.91, 1220405
0.91, 1220080
0.91, 1219456
0.92, 1217075
0.92, 1215732
0.92, 1215044
0.93, 1213562
0.93, 1213333
0.93, 1212871
1.04, 1212719
1.04, 1212204
1.04, 1212193
1.04, 1211680
1.04, 1211478
1.07, 1211384
1.07, 1210319
1.07, 1209695
1.23, 1209551
1.23, 1209406
1.30, 1209226
1.33, 1209166
2.84, 1206730
2.84, 1206150
2.84, 1204693
2.86, 1204034
2.86, 1201618
2.91, 1200764
2.91, 1199587
2.91, 1198986
2.91, 1198943
2.91, 1198738
2.91, 1197522
2.92, 1197282
2.92, 1197192
2.95, 1197046
2.95, 1196709
2.95, 1195184
2.95, 1194325
2.95, 1193970
2.95, 1193574
2.95, 1191593
2.95, 1191024
2.95, 1190624
2.95, 1187478
2.95, 1185052
2.95, 1184851
3.03, 1184661
3.03, 1184639
3.03, 1183345
3.03, 1183081
3.03, 1182410
3.03, 1182014
3.03, 1181780
3.04, 1180600
3.04, 1180363
3.04, 1180047
3.16, 1179931
3.21, 1179824
3.23, 1179588
3.23, 1179523
3.24, 1179490
3.24, 1179363
3.24, 1179221
3.24, 1178986
3.26, 1177689
3.26, 1177547
3.30, 1177081
3.31, 1176942
3.31, 1176800
3.31, 1176752
3.31, 1176687
3.32, 1176337
3.32, 1176323
9.96, 1176276
9.99, 1176211
12.00, 1176202
18.36, 1176151
