0.02, 9757398
0.02, 9757147
0.02, 9682793
0.02, 9681145
0.02, 9647129
0.02, 9645066
0.02, 9639901
0.02, 9630035
0.02, 9627186
0.02, 9568339
0.02, 9559764
0.02, 9495888
0.02, 9317273
0.02, 9314268
0.02, 9291781
0.02, 9268696
0.02, 8994209
0.02, 8934092
0.02, 8928274
0.02, 8920679
0.02, 8896983
0.02, 8895446
0.02, 8882317
0.02, 8876108
0.02, 8732964
0.02, 8728598
0.02, 8702041
0.02, 8680628
0.02, 8497787
0.02, 8431540
0.02, 8414018
0.02, 8393251
0.02, 8377546
0.02, 8362255
0.02, 8280745
0.02, 8258135
0.02, 8143641
0.02, 8112357
0.02, 8037290
0.02, 7997737
0.02, 7996293
0.02, 7920465
0.02, 7863031
0.02, 7858656
0.02, 7810395
0.02, 7709289
0.02, 7677171
0.02, 7610240
0.02, 7591733
0.02, 7503760
0.02, 7496848
0.02, 7496011
0.02, 7495853
0.02, 7454906
0.02, 7432895
0.02, 7349649
0.02, 7343332
0.02, 7341328
0.02, 7338159
0.02, 7261689
0.02, 7233041
0.02, 7218372
0.02, 7186768
0.02, 7156968
0.02, 7153985
0.02, 7143992
0.02, 7140358
0.02, 7107250
0.02, 7036617
0.02, 6894834
0.02, 6855231
0.02, 6844336
0.02, 6820477
0.02, 6658243
0.02, 6569053
0.02, 6565925
0.02, 6406447
0.02, 6397724
0.02, 6396051
0.02, 6390210
0.02, 6343694
0.02, 6342303
0.02, 6338428
0.02, 6312538
0.02, 6309012
0.02, 6277843
0.02, 6261488
0.02, 6226408
0.02, 6194333
0.02, 6186731
0.02, 6151428
0.02, 6137445
0.02, 6118560
0.02, 6109103
0.02, 6105465
0.02, 6047425
0.02, 6036306
0.02, 6032084
0.02, 5889764
0.02, 5874745
0.02, 5836629
0.02, 5804406
0.02, 5756181
0.02, 5752257
0.02, 5659772
0.02, 5647934
0.02, 5590718
0.02, 5560226
0.02, 5558597
0.03, 5552435
0.03, 5504432
0.03, 5496934
0.03, 5472129
0.03, 5432279
0.03, 5397517
0.03, 5396044
0.03, 5319448
0.03, 5294081
0.03, 5203327
0.03, 5202740
0.03, 5188259
0.03, 5186913
0.03, 5181050
0.03, 5180913
0.03, 5174316
0.03, 5168419
0.03, 5129125
0.03, 5117254
0.03, 5072388
0.03, 5014109
0.03, 4999027
0.03, 4989358
0.03, 4982223
0.03, 4976656
0.03, 4955444
0.03, 4949097
0.03, 4933003
0.03, 4897527
0.03, 4882811
0.03, 4875783
0.03, 4862394
0.03, 4839094
0.03, 4678526
0.03, 4622041
0.03, 4620628
0.03, 4544885
0.03, 4486503
0.03, 4485873
0.03, 4473320
0.03, 4453380
0.03, 4396578
0.03, 4293651
0.03, 4272812
0.03, 4267261
0.03, 4265543
0.03, 4260730
0.03, 4238707
0.03, 4238362
0.03, 4206462
0.03, 4144404
0.03, 4114001
0.03, 4112886
0.03, 4081382
0.03, 4035641
0.03, 4034089
0.03, 4027976
0.03, 4023724
0.03, 4004229
0.03, 4003168
0.03, 3997479
0.03, 3971722
0.03, 3897298
0.03, 3842220
0.03, 3726503
0.03, 3717517
0.03, 3716927
0.03, 3679134
0.03, 3639681
0.03, 3535729
0.03, 3506682
0.03, 3462397
0.03, 3461700
0.03, 3460281
0.03, 3404981
0.03, 3395783
0.03, 3393723
0.03, 3336265
0.03, 3282164
0.03, 3273842
0.03, 3255361
0.03, 3244970
0.03, 3239711
0.03, 3227692
0.03, 3225203
0.03, 3224606
0.03, 3213272
0.03, 3212955
0.03, 3205354
0.03, 3202990
0.03, 3201936
0.03, 3201920
0.03, 3110166
0.03, 3105806
0.03, 3007850
0.03, 3006459
0.03, 2989868
0.03, 2987766
0.03, 2970875
0.03, 2919767
0.03, 2916696
0.03, 2905240
0.03, 2904671
0.03, 2845361
0.06, 2825106
0.06, 2816938
0.06, 2785753
0.06, 2784984
0.06, 2776678
0.06, 2775185
0.06, 2774677
0.06, 2773857
0.06, 2755781
0.06, 2748658
0.06, 2744723
0.06, 2744550
0.06, 2743856
0.06, 2741419
0.06, 2724649
0.06, 2724214
0.06, 2722415
0.06, 2710722
0.07, 2698676
0.07, 2680127
0.07, 2679823
0.07, 2642291
0.07, 2639732
0.07, 2624971
0.07, 2619848
0.07, 2618419
0.08, 2617131
0.08, 2601879
0.08, 2599710
0.08, 2591721
0.08, 2580110
0.08, 2578577
0.08, 2573082
0.08, 2568286
0.08, 2567687
0.08, 2548787
0.08, 2531050
0.08, 2530416
0.08, 2528468
0.08, 2525562
0.08, 2516468
0.08, 2512157
0.08, 2498260
0.10, 2493503
0.10, 2461788
0.10, 2453846
0.10, 2452135
0.10, 2427930
0.10, 2419997
0.10, 2407945
0.10, 2401895
0.10, 2400352
0.10, 2398738
0.10, 2383197
0.10, 2371664
0.10, 2359490
0.10, 2355481
0.10, 2352448
0.10, 2345782
0.10, 2338989
0.10, 2318355
0.10, 2316867
0.10, 2296507
0.10, 2265504
0.10, 2247335
0.10, 2245425
0.10, 2184541
0.10, 2177309
0.10, 2177108
0.10, 2168762
0.16, 2156642
0.16, 2152250
0.16, 2149751
0.16, 2139942
0.16, 2134569
0.16, 2110971
0.16, 2107740
0.16, 2102178
0.16, 2099830
0.16, 2091000
0.16, 2089274
0.16, 2055437
0.16, 2048777
0.16, 2047988
0.16, 2044954
0.16, 2043496
0.17, 2018219
0.17, 2015330
0.17, 2007732
0.17, 1997458
0.17, 1992169
0.17, 1992097
0.17, 1988976
0.17, 1983930
0.17, 1983407
0.17, 1975313
0.17, 1964795
0.20, 1941624
0.20, 1924641
0.20, 1919833
0.20, 1917224
0.20, 1910948
0.20, 1908516
0.20, 1908140
0.20, 1905783
0.20, 1903104
0.20, 1885194
0.20, 1849422
0.20, 1848502
0.20, 1831750
0.20, 1830451
0.20, 1824403
0.23, 1815797
0.23, 1803127
0.23, 1802259
0.27, 1786779
0.27, 1786402
0.27, 1786020
0.27, 1783290
0.27, 1781524
0.27, 1756844
0.27, 1749730
0.27, 1741461
0.27, 1738321
0.27, 1736986
0.27, 1732824
0.27, 1729888
0.27, 1724609
0.27, 1715648
0.27, 1715293
0.27, 1710132
0.27, 1697132
0.27, 1692109
0.27, 1689114
0.27, 1689077
0.27, 1688271
0.27, 1686900
0.27, 1684991
0.27, 1673663
0.27, 1673058
0.27, 1671524
0.27, 1669387
0.29, 1662080
0.30, 1660209
0.30, 1659799
0.30, 1658755
0.30, 1658347
0.30, 1655298
0.30, 1651126
0.30, 1650530
0.30, 1647863
0.30, 1638828
0.31, 1638052
0.31, 1634385
0.31, 1632834
0.31, 1630920
0.31, 1625185
0.31, 1620082
0.31, 1618382
0.31, 1604226
0.31, 1602012
0.31, 1601879
0.31, 1590175
0.32, 1585221
0.32, 1575917
0.33, 1574323
0.33, 1573522
0.33, 1569121
0.33, 1566587
0.33, 1560200
0.35, 1557875
0.35, 1556448
0.36, 1553993
0.36, 1547910
0.36, 1547065
0.36, 1547055
0.36, 1542668
0.37, 1528985
0.37, 1525949
0.37, 1524291
0.37, 1523523
0.37, 1515125
0.37, 1513978
0.37, 1512049
0.37, 1511819
0.37, 1510678
0.37, 1510072
0.37, 1502950
0.37, 1496150
0.37, 1496028
0.37, 1495344
0.37, 1494830
0.37, 1494784
0.37, 1494285
0.37, 1493590
0.37, 1484799
0.37, 1484207
0.37, 1483794
0.37, 1480807
0.37, 1480415
0.37, 1467383
0.38, 1467061
0.38, 1456356
0.38, 1450013
0.38, 1449512
0.38, 1448118
0.38, 1442147
0.38, 1436210
0.38, 1434384
0.38, 1432637
0.39, 1429337
0.39, 1427348
0.39, 1426499
0.39, 1426404
0.39, 1423034
0.39, 1422982
0.39, 1418074
0.39, 1410961
0.39, 1408274
0.41, 1407477
0.41, 1406014
0.41, 1405227
0.42, 1400527
0.42, 1391196
0.42, 1388050
0.44, 1386008
0.44, 1385649
0.44, 1383283
0.44, 1381771
0.44, 1380896
0.44, 1369350
0.48, 1368277
0.48, 1357534
0.48, 1356228
0.48, 1355521
0.48, 1354200
0.48, 1354131
0.48, 1344878
0.48, 1344122
0.48, 1344061
0.48, 1343030
0.48, 1342395
0.48, 1336259
0.48, 1333595
0.49, 1332331
0.49, 1331386
0.49, 1325795
0.49, 1324993
0.49, 1318152
0.49, 1316938
0.49, 1315324
0.49, 1312011
0.49, 1308772
0.49, 1301274
0.49, 1296583
0.50, 1293672
0.50, 1289073
0.50, 1288490
0.50, 1282726
0.50, 1280737
0.53, 1279976
0.53, 1276772
0.53, 1274760
0.53, 1274332
0.54, 1266859
0.54, 1265347
0.54, 1264599
0.54, 1259117
0.54, 1254049
0.54, 1251890
0.61, 1251145
0.61, 1250178
0.64, 1249904
0.64, 1249827
0.65, 1241910
0.65, 1240112
0.65, 1239960
0.65, 1238894
0.65, 1238856
0.66, 1235813
0.66, 1234646
0.67, 1232441
0.67, 1229316
0.67, 1226795
0.67, 1226722
0.67, 1226149
0.67, 1225545
0.67, 1221785
0.67, 1220614
0.67, 1218269
0.67, 1218047
0.71, 1217350
0.71, 1216986
0.71, 1214159
0.71, 1213928
0.73, 1212728
0.73, 1211854
0.73, 1211044
0.73, 1209539
0.73, 1209067
0.73, 1207832
0.73, 1205812
0.79, 1203245
0.85, 1202604
0.85, 1200855
0.85, 1198958
0.86, 1198061
0.86, 1196163
0.86, 1195151
0.86, 1193404
0.86, 1192763
0.86, 1192307
0.86, 1192027
0.86, 1188448
0.96, 1188036
0.96, 1185861
0.96, 1185232
0.96, 1184352
0.96, 1184147
0.96, 1183594
0.96, 1182335
1.03, 1181761
1.03, 1181721
1.03, 1180397
1.09, 1180381
1.09, 1180379
1.12, 1180312
1.14, 1180186
1.14, 1180050
1.14, 1179753
1.14, 1178918
1.15, 1178794
1.16, 1178672
1.16, 1178185
1.17, 1177952
1.17, 1177810
1.21, 1177479
1.23, 1177400
1.27, 1176939
1.28, 1176726
1.28, 1176472
1.28, 1176409
1.29, 1176407
1.29, 1176202
1.29, 1176151
