0.03, 10624388
0.03, 10565070
0.03, 10522400
0.03, 10509977
0.03, 10501720
0.03, 10421717
0.03, 10420661
0.03, 10391029
0.03, 10381263
0.03, 10320810
0.03, 10242922
0.03, 10107405
0.03, 10012845
0.03, 9937352
0.03, 9814453
0.03, 9762915
0.03, 9708125
0.03, 9705458
0.03, 9514134
0.03, 9471462
0.03, 9432853
0.03, 9359821
0.03, 9241130
0.03, 9219976
0.03, 9160289
0.03, 9005344
0.03, 8985958
0.03, 8906776
0.03, 8906597
0.03, 8882005
0.03, 8867831
0.03, 8720839
0.03, 8679566
0.03, 8607129
0.03, 8504332
0.03, 8430707
0.03, 8412308
0.03, 8191694
0.03, 8161705
0.03, 8115569
0.03, 7909779
0.03, 7894812
0.03, 7885995
0.03, 7600433
0.03, 7594528
0.03, 7542723
0.03, 7537293
0.03, 7530030
0.03, 7523618
0.03, 7493984
0.03, 7275833
0.03, 7116537
0.03, 7111575
0.03, 7102419
0.03, 7102132
0.03, 7061345
0.03, 7047732
0.03, 7017610
0.03, 6985460
0.03, 6844276
0.03, 6839958
0.03, 6833347
0.03, 6787146
0.03, 6782913
0.03, 6779844
0.03, 6769889
0.03, 6769713
0.03, 6767002
0.03, 6746502
0.03, 6732512
0.03, 6728296
0.03, 6687187
0.03, 6675614
0.03, 6670267
0.03, 6667568
0.03, 6661493
0.03, 6467911
0.03, 6457559
0.03, 6456110
0.03, 6424882
0.03, 6412657
0.03, 6410583
0.03, 6397896
0.03, 6397513
0.03, 6376626
0.03, 6368315
0.03, 6366687
0.03, 6305973
0.03, 6269706
0.03, 6152602
0.03, 6150303
0.03, 6149896
0.03, 6143234
0.03, 6115651
0.03, 6107361
0.03, 6098368
0.03, 6044946
0.03, 6039706
0.03, 5981945
0.03, 5962498
0.03, 5962335
0.03, 5950072
0.03, 5869196
0.03, 5824077
0.03, 5718423
0.03, 5678000
0.03, 5646683
0.03, 5549621
0.03, 5394562
0.03, 5367108
0.03, 5366810
0.03, 5324559
0.03, 5313645
0.03, 5305712
0.03, 5281985
0.03, 5276574
0.03, 5274701
0.03, 5162534
0.03, 5145467
0.03, 5144581
0.03, 5143615
0.03, 5141619
0.03, 5136232
0.03, 5132035
0.03, 5114224
0.03, 5099319
0.03, 5097447
0.03, 5061639
0.03, 5042790
0.03, 4922792
0.03, 4878407
0.03, 4870973
0.03, 4867222
0.03, 4863060
0.03, 4849922
0.03, 4843325
0.03, 4830518
0.03, 4826864
0.03, 4824441
0.03, 4792211
0.03, 4760092
0.03, 4741154
0.03, 4695117
0.03, 4680274
0.03, 4672794
0.03, 4659296
0.03, 4654013
0.03, 4646195
0.03, 4639554
0.03, 4627130
0.03, 4617930
0.03, 4495045
0.03, 4493799
0.03, 4407244
0.03, 4388563
0.03, 4371459
0.03, 4317446
0.03, 4314072
0.03, 4310818
0.03, 4309957
0.03, 4236580
0.03, 4174106
0.03, 4157587
0.03, 4108196
0.03, 4107494
0.03, 4056143
0.03, 4053664
0.03, 4045543
0.03, 3971583
0.03, 3952742
0.03, 3933302
0.03, 3932261
0.03, 3930756
0.03, 3887852
0.03, 3870917
0.03, 3869135
0.03, 3868669
0.03, 3863712
0.03, 3803818
0.03, 3726963
0.03, 3723390
0.03, 3723089
0.03, 3693663
0.03, 3680424
0.03, 3665423
0.03, 3664256
0.03, 3663217
0.03, 3647793
0.03, 3609064
0.03, 3578803
0.03, 3531306
0.03, 3530350
0.03, 3510475
0.03, 3509417
0.03, 3481247
0.03, 3475150
0.03, 3474631
0.03, 3462143
0.03, 3460160
0.03, 3429011
0.03, 3423791
0.03, 3409490
0.03, 3409233
0.03, 3381610
0.03, 3377019
0.03, 3374384
0.03, 3371235
0.03, 3349653
0.03, 3325137
0.03, 3303522
0.03, 3268714
0.03, 3203011
0.03, 3163659
0.03, 3162445
0.03, 3158803
0.03, 3153960
0.03, 3148545
0.03, 3128276
0.03, 3110294
0.03, 3108381
0.03, 3105300
0.03, 3099942
0.03, 3093828
0.03, 3072212
0.03, 3071947
0.04, 3025582
0.04, 2990230
0.04, 2979410
0.04, 2974356
0.04, 2965281
0.04, 2926751
0.04, 2897670
0.04, 2868425
0.04, 2858509
0.04, 2849856
0.04, 2825446
0.04, 2823537
0.04, 2823475
0.04, 2801956
0.04, 2797940
0.04, 2781555
0.04, 2753960
0.04, 2700406
0.06, 2694199
0.06, 2691040
0.06, 2689888
0.06, 2672898
0.06, 2671082
0.06, 2668486
0.06, 2657606
0.06, 2646851
0.06, 2636817
0.06, 2626081
0.06, 2601313
0.06, 2582422
0.06, 2581328
0.06, 2580289
0.08, 2552742
0.09, 2531222
0.09, 2527097
0.09, 2502856
0.09, 2494248
0.09, 2485776
0.10, 2442514
0.11, 2435627
0.11, 2435089
0.11, 2431766
0.11, 2431748
0.11, 2429085
0.11, 2385206
0.11, 2384129
0.11, 2381443
0.11, 2379396
0.11, 2376125
0.11, 2307776
0.11, 2293180
0.14, 2290930
0.14, 2290526
0.14, 2288289
0.14, 2285498
0.14, 2275113
0.14, 2271637
0.14, 2271268
0.14, 2265844
0.14, 2264235
0.14, 2260887
0.15, 2260119
0.15, 2237211
0.15, 2218640
0.15, 2218529
0.15, 2209558
0.15, 2199615
0.15, 2197527
0.15, 2189125
0.15, 2187574
0.15, 2183533
0.15, 2179079
0.15, 2178527
0.15, 2178480
0.15, 2170547
0.15, 2165281
0.15, 2153397
0.15, 2150558
0.15, 2141247
0.15, 2138347
0.15, 2133085
0.16, 2126842
0.16, 2115809
0.16, 2112068
0.16, 2101756
0.16, 2093429
0.17, 2093331
0.17, 2091580
0.17, 2048456
0.17, 2044303
0.18, 2040728
0.18, 2025749
0.18, 2018910
0.18, 2018124
0.18, 2004965
0.18, 2002299
0.18, 1986843
0.18, 1971851
0.20, 1946998
0.20, 1940183
0.22, 1934128
0.22, 1911466
0.22, 1909964
0.22, 1906926
0.22, 1899020
0.22, 1843499
0.22, 1843239
0.24, 1834873
0.24, 1834263
0.24, 1833090
0.24, 1828957
0.24, 1822824
0.24, 1803858
0.25, 1797050
0.25, 1789482
0.25, 1772868
0.25, 1767472
0.25, 1761536
0.25, 1759836
0.25, 1758359
0.25, 1756584
0.25, 1756020
0.26, 1753882
0.26, 1752608
0.26, 1750144
0.26, 1736767
0.26, 1735916
0.26, 1706692
0.26, 1699550
0.26, 1689200
0.26, 1679561
0.26, 1678120
0.26, 1675326
0.26, 1670368
0.26, 1664921
0.26, 1662361
0.30, 1660207
0.30, 1660090
0.31, 1659331
0.31, 1641577
0.31, 1640125
0.31, 1635275
0.31, 1623916
0.31, 1623051
0.31, 1622214
0.31, 1620059
0.31, 1618586
0.31, 1616777
0.31, 1616750
0.31, 1614333
0.31, 1609390
0.31, 1608947
0.31, 1607477
0.32, 1606121
0.32, 1585957
0.32, 1582477
0.32, 1575297
0.32, 1573969
0.32, 1571882
0.32, 1570065
0.33, 1556532
0.33, 1556292
0.33, 1549883
0.33, 1549779
0.33, 1547296
0.33, 1535309
0.33, 1530106
0.33, 1527782
0.33, 1525416
0.33, 1524249
0.34, 1522976
0.34, 1510172
0.34, 1507688
0.34, 1498954
0.34, 1497957
0.40, 1497073
0.40, 1495848
0.40, 1492600
0.40, 1484955
0.40, 1483521
0.40, 1481445
0.40, 1480191
0.41, 1477868
0.41, 1472402
0.41, 1465346
0.41, 1465168
0.42, 1459290
0.43, 1439771
0.43, 1438177
0.43, 1437920
0.43, 1433874
0.43, 1432329
0.44, 1427813
0.44, 1420972
0.44, 1419463
0.44, 1419146
0.44, 1407937
0.47, 1406552
0.47, 1403522
0.47, 1400585
0.47, 1399479
0.47, 1398218
0.47, 1396442
0.47, 1393525
0.47, 1392602
0.47, 1392549
0.47, 1387856
0.47, 1385425
0.47, 1385277
0.47, 1382130
0.47, 1377485
0.47, 1376817
0.47, 1376265
0.47, 1375663
0.47, 1362940
0.47, 1361998
0.49, 1361833
0.49, 1360719
0.49, 1358658
0.50, 1352300
0.50, 1347580
0.50, 1346356
0.50, 1335145
0.50, 1334595
0.50, 1330363
0.50, 1329380
0.50, 1328926
0.50, 1328763
0.50, 1328517
0.50, 1327615
0.50, 1326081
0.50, 1320856
0.50, 1318843
0.50, 1318207
0.50, 1317479
0.50, 1317478
0.50, 1317374
0.50, 1316991
0.50, 1316864
0.50, 1316832
0.50, 1314072
0.50, 1311782
0.50, 1309295
0.50, 1308355
0.50, 1308022
0.50, 1302564
0.50, 1300175
0.50, 1295174
0.50, 1293584
0.50, 1291396
0.50, 1287352
0.51, 1286514
0.51, 1286240
0.51, 1285924
0.54, 1285306
0.54, 1280238
0.54, 1272244
0.59, 1272035
0.59, 1271231
0.59, 1271074
0.59, 1270141
0.59, 1268668
0.59, 1266939
0.59, 1266874
0.59, 1266848
0.59, 1265349
0.59, 1264529
0.59, 1263851
0.60, 1263090
0.60, 1260726
0.60, 1256644
0.60, 1252537
0.60, 1251858
0.64, 1248725
0.64, 1248644
0.64, 1248387
0.64, 1247359
0.64, 1246417
0.64, 1245810
0.64, 1245413
0.64, 1244772
0.64, 1244691
0.64, 1241115
0.65, 1238457
0.65, 1236379
0.65, 1234299
0.65, 1232791
0.65, 1232420
0.66, 1225610
0.66, 1225532
0.66, 1225047
0.66, 1223588
0.68, 1221924
0.68, 1219535
0.68, 1215961
0.68, 1215618
0.68, 1215561
0.68, 1214715
0.68, 1214079
0.76, 1211953
0.78, 1210268
0.79, 1208367
0.79, 1205669
0.79, 1205511
0.79, 1204471
0.79, 1204398
0.79, 1202886
0.79, 1202414
0.79, 1201876
0.79, 1199591
0.79, 1198966
0.80, 1198917
0.80, 1197846
0.80, 1195447
0.80, 1195414
0.80, 1194909
0.80, 1194432
0.80, 1193779
0.80, 1193370
0.80, 1192346
0.80, 1192047
0.86, 1191898
0.88, 1190783
0.88, 1190450
0.88, 1190373
0.95, 1190216
0.95, 1189647
0.95, 1189557
0.95, 1187867
0.99, 1186582
0.99, 1186478
0.99, 1186383
0.99, 1186051
1.00, 1185671
1.00, 1185542
1.00, 1184073
1.01, 1183212
1.01, 1182815
1.01, 1182708
1.01, 1180898
1.02, 1180815
1.06, 1180767
1.08, 1180366
1.08, 1179885
1.09, 1179360
1.09, 1178199
1.09, 1177802
1.21, 1177510
1.24, 1177315
1.24, 1177173
1.33, 1176683
1.36, 1176529
1.36, 1176353
1.56, 1176211
