0.00,9159729
0.00,8972689
0.00,8411591
0.00,8158065
0.00,7848728
0.00,7675380
0.00,7596322
0.00,7170134
0.00,7100602
0.00,7023409
0.00,6903904
0.00,6767998
0.00,6761497
0.00,6366385
0.00,6101466
0.00,6102711
0.00,6061311
0.00,6066131
0.00,6067625
0.00,6073035
0.00,5919133
0.00,5879180
0.00,5631105
0.00,5569550
0.00,5485491
0.00,5385290
0.00,5486770
0.00,5316055
0.00,5243406
0.00,5128885
0.00,5098988
0.00,5195131
0.00,5214335
0.00,5166409
0.00,5071269
0.00,5160757
0.00,5166177
0.00,5158327
0.00,5081304
0.00,5048617
0.00,4837918
0.00,4831288
0.00,4876002
0.00,4657763
0.00,4667545
0.00,4769921
0.00,4790935
0.00,4814015
0.00,4721240
0.00,4733413
0.00,4488415
0.00,4587549
0.00,4516134
0.01,4581505
0.01,4618326
0.01,4614741
0.01,4473575
0.01,4444923
0.01,4312606
0.01,4302603
0.01,4329681
0.01,4395765
0.01,4213503
0.01,4321285
0.01,4315537
0.01,4325888
0.01,4359572
0.01,4348218
0.01,4338497
0.01,4365143
0.01,4264198
0.01,4364810
0.01,4403617
0.01,4181168
0.01,4244282
0.01,4238503
0.01,4249735
0.01,4256625
0.01,4215046
0.01,4037668
0.01,3931753
0.01,3963304
0.01,3943103
0.01,3820208
0.01,3695006
0.01,3742419
0.01,3810401
0.01,3936672
0.01,3890815
0.01,3853016
0.01,3828445
0.01,3729340
0.01,3578891
0.01,3616997
0.01,3594179
0.01,3520355
0.01,3437213
0.01,3489601
0.01,3482807
0.01,3545921
0.01,3540142
0.01,3551374
0.01,3558264
0.01,3516685
0.01,3322653
0.01,3413642
0.01,3408762
0.01,3401916
0.01,3388643
0.01,3452461
0.01,3413832
0.01,3415674
0.01,3373521
0.01,3349765
0.01,3287408
0.01,3258354
0.01,3274088
0.01,3252837
0.01,3299939
0.01,3263877
0.01,3265542
0.01,3293137
0.01,3290614
0.01,3290419
0.01,3257787
0.01,3327065
0.01,3380610
0.01,3387455
0.01,3436769
0.01,3365489
0.01,3332302
0.01,3278051
0.01,3206019
0.01,3152413
0.01,3096379
0.01,3077613
0.01,2933169
0.01,2883430
0.01,2823304
0.01,2775736
0.01,2719555
0.01,2724808
0.01,2656491
0.01,2599544
0.01,2560275
0.01,2541210
0.01,2545768
0.01,2515161
0.01,2574931
0.01,2535536
0.01,2680851
0.01,2685068
0.01,2720618
0.01,2693433
0.01,2704412
0.01,2707101
0.01,2674348
0.01,2677146
0.01,2612201
0.01,2501880
0.01,2492171
0.01,2545313
0.01,2566272
0.01,2565379
0.01,2535358
0.01,2470468
0.01,2415365
0.01,2425795
0.01,2467070
0.01,2568422
0.01,2554428
0.01,2627741
0.01,2623429
0.01,2609442
0.01,2595458
0.01,2516100
0.01,2446936
0.01,2452714
0.01,2444305
0.01,2439950
0.01,2437813
0.01,2403449
0.01,2355220
0.01,2361344
0.01,2368890
0.01,2407121
0.01,2350873
0.01,2373343
0.01,2402911
0.01,2503539
0.01,2402545
0.01,2429351
0.01,2418895
0.01,2417504
0.01,2401042
0.01,2420452
0.01,2402514
0.01,2371597
0.01,2420475
0.01,2267610
0.01,2266168
0.01,2253054
0.01,2237659
0.01,2191891
0.01,2191725
0.01,2154965
0.01,2131553
0.01,2121987
0.01,2122803
0.01,2103389
0.01,2175853
0.01,2177823
0.01,2301059
0.01,2254717
0.01,2196010
0.01,2168514
0.01,2209982
0.01,2208839
0.01,2378702
0.01,2371007
0.01,2359015
0.01,2305800
0.01,2312047
0.01,2310816
0.01,2339663
0.01,2380642
0.01,2248913
0.01,2213232
0.01,2222664
0.01,2218564
0.01,2305792
0.01,2294078
0.01,2303682
0.01,2303458
0.01,2301295
0.01,2309098
0.01,2394719
0.01,2369532
0.01,2372693
0.01,2383132
0.01,2401618
0.01,2405609
0.01,2418136
0.01,2448559
0.01,2426701
0.01,2283324
0.02,2299047
0.02,2277912
0.02,2270813
0.02,2245851
0.02,2180378
0.02,2166185
0.02,2043996
0.02,2017982
0.02,2129976
0.02,2181850
0.02,2053979
0.02,1984798
0.02,1948635
0.02,2058913
0.02,2018070
0.02,1911907
0.02,1933541
0.02,1945084
0.02,2033242
0.02,2018095
0.02,2023330
0.02,2045801
0.02,2122344
0.02,2050387
0.02,2038870
0.02,2048586
0.02,2047118
0.02,1965677
0.02,2044000
0.02,2025708
0.02,2062908
0.02,2168332
0.02,2180986
0.02,2167179
0.02,2181254
0.02,2182917
0.02,2176023
0.02,2186379
0.02,2192482
0.02,2104671
0.02,2109321
0.02,2104077
0.02,2115206
0.02,2113807
0.02,2107812
0.02,2116322
0.02,2206925
0.02,2211506
0.02,2146246
0.02,2157188
0.02,2153119
0.02,2138163
0.02,2128710
0.02,2125514
0.02,2087233
0.02,1997558
0.02,1957547
0.02,1982310
0.02,1979813
0.02,1939089
0.02,1865251
0.02,1852312
0.02,1818015
0.02,1901163
0.02,1961700
0.02,1940032
0.02,1964278
0.02,2039125
0.02,1934444
0.02,1960556
0.02,1980562
0.02,1984072
0.02,1910446
0.02,1901639
0.02,1900695
0.02,1944322
0.02,2050588
0.02,2100978
0.02,2101328
0.02,2096353
0.02,2098737
0.02,2092662
0.02,2089450
0.02,2098756
0.02,2009959
0.02,2031428
0.02,2028964
0.02,2039422
0.02,2038808
0.02,2011635
0.02,2023662
0.02,2112152
0.02,2100663
0.02,2104248
0.02,2115339
0.02,2138964
0.02,2120558
0.02,2100240
0.02,2129609
0.02,2068792
0.02,1983028
0.02,1972154
0.02,1924877
0.02,1909387
0.02,1894340
0.02,1862502
0.02,1885987
0.02,1836312
0.02,1792268
0.02,1778857
0.02,1777865
0.02,1804762
0.02,1830062
0.02,1820142
0.02,1814696
0.02,1826918
0.02,1797916
0.02,1794519
0.02,1804008
0.02,1804837
0.02,1803991
0.02,1799940
0.02,1752874
0.02,1761812
0.02,1786995
0.02,1782274
0.02,1738778
0.02,1718730
0.02,1697216
0.02,1685202
0.02,1668020
0.02,1651296
0.02,1638965
0.02,1624593
0.02,1637745
0.02,1609671
0.02,1617036
0.02,1586163
0.02,1591702
0.02,1602013
0.02,1623621
0.02,1638694
0.02,1637907
0.02,1649093
0.02,1646575
0.02,1625658
0.02,1608949
0.02,1609795
0.02,1614857
0.02,1615031
0.02,1624515
0.02,1627813
0.02,1641281
0.02,1611139
0.02,1593276
0.02,1583885
0.02,1597082
0.02,1608816
0.02,1593444
0.02,1569133
0.02,1568092
0.02,1587684
0.02,1580674
0.02,1585677
0.02,1568134
0.02,1539659
0.02,1605744
0.02,1549536
0.02,1508130
0.02,1488673
0.02,1475955
0.02,1471523
0.02,1459023
0.02,1452527
0.02,1446783
0.02,1437886
0.02,1431837
0.02,1417388
0.02,1412250
0.02,1404146
0.02,1411018
0.02,1410802
0.02,1406797
0.02,1407431
0.02,1403653
0.02,1415044
0.02,1411754
0.02,1410120
0.02,1396876
0.02,1389230
0.02,1381884
0.02,1385583
0.02,1383279
0.02,1387330
0.02,1382922
0.02,1374573
0.02,1380518
0.02,1369223
0.02,1362845
0.02,1357081
0.02,1360462
0.02,1368712
0.02,1349084
0.02,1339583
0.02,1341261
0.02,1339347
0.02,1338514
0.02,1335843
0.02,1338281
0.02,1369519
0.02,1382049
0.02,1389178
0.02,1376236
0.02,1347670
0.02,1336462
0.02,1329541
0.02,1325938
0.02,1342971
0.02,1326722
0.02,1334365
0.02,1337563
0.02,1365584
0.02,1376007
0.02,1364176
0.02,1338182
0.02,1327243
0.02,1334164
0.02,1341186
0.02,1352262
0.02,1348330
0.02,1354228
0.02,1335543
0.02,1319306
0.02,1315444
0.02,1311636
0.02,1309516
0.02,1306836
0.02,1312105
0.02,1331457
0.02,1323617
0.02,1322252
0.02,1313815
0.02,1304559
0.02,1308422
0.02,1310272
0.02,1306902
0.02,1304573
0.02,1305902
0.02,1308278
0.02,1318736
0.02,1301562
0.02,1298634
0.02,1298122
0.02,1296318
0.02,1294665
0.02,1293052
0.02,1291260
0.02,1289791
0.02,1288712
0.02,1288976
0.02,1293371
0.02,1295141
0.02,1296941
0.02,1296167
0.02,1295701
0.02,1293601
0.02,1294610
0.02,1306952
0.02,1288867
0.02,1288904
0.02,1289433
0.02,1291175
0.02,1291853
0.02,1292491
0.02,1293461
0.02,1296864
0.02,1298806
0.02,1292630
0.02,1287060
0.02,1286424
0.02,1286217
0.02,1286075
0.02,1285960
0.02,1285895
