0.00,10140134
0.00,9584873
0.00,9269339
0.00,8948209
0.00,8569046
0.00,8572101
0.00,8366394
0.00,8059140
0.00,7656303
0.00,7556460
0.00,7497298
0.00,7275171
0.00,7182667
0.00,7201795
0.00,6839820
0.00,6492013
0.00,6508328
0.00,6382039
0.00,6174703
0.00,6223340
0.00,6356534
0.00,6251006
0.00,6155269
0.00,5979635
0.00,5880269
0.00,5735214
0.00,5704400
0.00,5645288
0.00,5689867
0.00,5723957
0.00,5689652
0.00,5723519
0.00,5621837
0.00,5665548
0.00,5872630
0.00,5726863
0.00,5542430
0.00,5445339
0.00,5345110
0.00,5404952
0.00,5389177
0.00,5300336
0.00,5082687
0.00,4962416
0.00,4805175
0.00,4769824
0.01,4720358
0.01,4647317
0.01,4593019
0.01,4566064
0.01,4512873
0.01,4512072
0.01,4428891
0.01,4519235
0.01,4562910
0.01,4477217
0.01,4352544
0.01,4357609
0.01,4364986
0.01,4367850
0.01,4373323
0.01,4424132
0.01,4316954
0.01,4082556
0.01,4002692
0.01,3881507
0.01,3796300
0.01,3670852
0.01,3657704
0.01,3728567
0.01,3605571
0.01,3601529
0.01,3581523
0.01,3512181
0.01,3535699
0.01,3598300
0.01,3604147
0.01,3549876
0.01,3496863
0.01,3531588
0.01,3639211
0.01,3574229
0.01,3634694
0.01,3674976
0.01,3564089
0.01,3649713
0.01,3775345
0.01,3671025
0.01,3670641
0.01,3575248
0.01,3588791
0.01,3833740
0.01,3700074
0.01,3620464
0.01,3480327
0.01,3476732
0.01,3479226
0.01,3353304
0.01,3451657
0.01,3319324
0.01,3307188
0.01,3342775
0.01,3402706
0.01,3352146
0.01,3345747
0.01,3368892
0.01,3403914
0.01,3401437
0.01,3328812
0.01,3102153
0.01,3051798
0.01,3059548
0.01,3046334
0.01,3179235
0.01,3143487
0.01,3012623
0.01,2874117
0.01,2774826
0.01,2760462
0.01,2799457
0.01,2748869
0.01,2724337
0.01,2775038
0.01,2817907
0.01,2906090
0.01,2836849
0.01,2838006
0.01,2855592
0.01,2772234
0.01,2746184
0.01,2664844
0.01,2747148
0.01,2783289
0.01,2804473
0.01,2841109
0.01,2951471
0.01,2967796
0.01,2917593
0.01,2873284
0.01,2889346
0.01,2872686
0.01,2758108
0.01,2752894
0.01,2749431
0.01,2689993
0.01,2688588
0.01,2593144
0.01,2685717
0.01,2705459
0.01,2785835
0.01,2797904
0.01,2796456
0.01,2805978
0.01,2825582
0.01,2875825
0.01,2919912
0.01,2901186
0.01,2872393
0.01,2893649
0.01,2872199
0.01,2801772
0.01,2800175
0.01,2900944
0.01,2797650
0.01,2621677
0.01,2585489
0.01,2583403
0.01,2662271
0.01,2514333
0.01,2509437
0.01,2499525
0.01,2435434
0.01,2448570
0.01,2380271
0.01,2338002
0.01,2291730
0.01,2287698
0.01,2322214
0.01,2309931
0.01,2314733
0.01,2406645
0.01,2438502
0.01,2492083
0.01,2461817
0.01,2474024
0.01,2448452
0.01,2435943
0.01,2457728
0.01,2466562
0.01,2415227
0.01,2357413
0.01,2443860
0.01,2542387
0.01,2568174
0.01,2566130
0.01,2614332
0.01,2595988
0.01,2511512
0.01,2513660
0.01,2490244
0.01,2421356
0.01,2442727
0.01,2433266
0.01,2444797
0.01,2510153
0.01,2589615
0.01,2584202
0.01,2577929
0.01,2501177
0.01,2505429
0.01,2698455
0.01,2665160
0.01,2641878
0.01,2546051
0.01,2506854
0.01,2425119
0.01,2390622
0.01,2271707
0.01,2221050
0.01,2193452
0.01,2194694
0.01,2193725
0.01,2201486
0.01,2189065
0.01,2211708
0.01,2276926
0.01,2363578
0.01,2414159
0.01,2374042
0.01,2328131
0.01,2382866
0.01,2243214
0.01,2236506
0.01,2294140
0.01,2257695
0.02,2268494
0.02,2214060
0.02,2135957
0.02,2120741
0.02,2207875
0.02,2243211
0.02,2235887
0.02,2245078
0.02,2317111
0.02,2339249
0.02,2332916
0.02,2259809
0.02,2250931
0.02,2309551
0.02,2320743
0.02,2299603
0.02,2273718
0.02,2285026
0.02,2283165
0.02,2297845
0.02,2258664
0.02,2288029
0.02,2315383
0.02,2249099
0.02,2264016
0.02,2219389
0.02,2214757
0.02,2190567
0.02,2204962
0.02,2226144
0.02,2087534
0.02,2074865
0.02,2060672
0.02,2047813
0.02,2060555
0.02,2147689
0.02,2168346
0.02,2181823
0.02,2184892
0.02,2256925
0.02,2279063
0.02,2272730
0.02,2199623
0.02,2190745
0.02,2249365
0.02,2260557
0.02,2239417
0.02,2219300
0.02,2295816
0.02,2222979
0.02,2237659
0.02,2198478
0.02,2227843
0.02,2255197
0.02,2188913
0.02,2203830
0.02,2159203
0.02,2154571
0.02,2130381
0.02,2144776
0.02,2165958
0.02,2002996
0.02,1981421
0.02,1969350
0.02,2051477
0.02,2120838
0.02,2243909
0.02,2230993
0.02,2229034
0.02,2241455
0.02,2198436
0.02,2134086
0.02,2126759
0.02,2113114
0.02,2097445
0.02,2155823
0.02,2213282
0.02,2205830
0.02,2172807
0.02,2214427
0.02,2145889
0.02,2008973
0.02,2006887
0.02,2085755
0.02,1972295
0.02,1919438
0.02,1924369
0.02,1954366
0.02,1949629
0.02,1968279
0.02,1988435
0.02,1912620
0.02,1965567
0.02,2009139
0.02,2064026
0.02,2029836
0.02,2081547
0.02,1969037
0.02,1967565
0.02,2025294
0.02,2032526
0.02,2032315
0.02,2037545
0.02,2015264
0.02,2022346
0.02,2054505
0.02,1978497
0.02,1954233
0.02,1958904
0.02,2013543
0.02,2127916
0.02,2079570
0.02,2064384
0.02,2010845
0.02,1978735
0.02,2043146
0.02,1969021
0.02,1962922
0.02,1893649
0.02,1870705
0.02,1935455
0.02,1911332
0.02,1965888
0.02,1984850
0.02,1959731
0.02,1947449
0.02,1964787
0.02,1927823
0.02,1844777
0.02,1807659
0.02,1834209
0.02,1826640
0.02,1822498
0.02,1860044
0.02,1803728
0.02,1758443
0.02,1798118
0.02,1798399
0.02,1839979
0.02,1882258
0.02,1920203
0.02,1916207
0.02,1974957
0.02,1838241
0.02,1829441
0.02,1883791
0.02,1900560
0.02,1920053
0.02,1905892
0.02,1890482
0.02,1917840
0.02,1911105
0.02,1837134
0.02,1827737
0.02,1892907
0.02,1930303
0.02,2040862
0.02,2027569
0.02,1993068
0.02,1942396
0.02,1917843
0.02,1915197
0.02,1961819
0.02,1947635
0.02,1925998
0.02,1995383
0.02,1954889
0.02,1947622
0.02,1941598
0.02,1917212
0.02,1906418
0.02,1893158
0.02,1837073
0.02,1848016
0.02,1805134
0.02,1821132
0.02,1817191
0.02,1813396
0.02,1804080
0.02,1734279
0.02,1754761
0.02,1760405
0.02,1754529
0.02,1734227
0.02,1761323
0.02,1765047
0.02,1762434
0.02,1693681
0.02,1682978
0.02,1650303
0.02,1630194
0.02,1612502
0.02,1595759
0.02,1579085
0.02,1562527
0.02,1546607
0.02,1530922
0.02,1515377
0.02,1501113
0.02,1483799
0.02,1495101
0.02,1482810
0.02,1481514
0.02,1466592
0.02,1507707
0.02,1506621
0.02,1561203
0.02,1606912
0.02,1654554
0.02,1648489
0.02,1698203
0.02,1565870
0.02,1557644
0.02,1601392
0.02,1614193
0.02,1616689
0.02,1642372
0.02,1625576
0.02,1642984
0.02,1650887
0.02,1603064
0.02,1568436
0.02,1619930
0.02,1655442
0.02,1743222
0.02,1749217
0.02,1749294
0.02,1758775
0.02,1747643
0.02,1749200
0.02,1745145
0.02,1723658
0.02,1673476
0.02,1702238
0.02,1717219
0.02,1685187
0.02,1683374
0.02,1682227
0.02,1618362
0.02,1638236
0.02,1636166
0.02,1630604
0.02,1594474
0.02,1587179
0.02,1577419
0.02,1528382
0.02,1538632
0.02,1520220
0.02,1452941
0.02,1466928
0.02,1460982
0.02,1453456
0.02,1448476
0.02,1444078
0.02,1431082
0.02,1422864
0.02,1412438
0.02,1410490
0.02,1421731
0.02,1413333
0.02,1400392
0.02,1395850
0.02,1389433
0.02,1381295
0.02,1438744
0.02,1460378
0.02,1547982
0.02,1588784
0.02,1611020
0.02,1612693
0.02,1586062
0.02,1605509
0.02,1593695
0.02,1574059
0.02,1481986
0.02,1489189
0.02,1491716
0.02,1446052
0.02,1454237
0.02,1507964
0.02,1484711
0.02,1477373
0.02,1452129
0.02,1374171
0.02,1418663
0.02,1413754
0.02,1429688
0.02,1548143
0.02,1565243
0.02,1582603
0.02,1554458
0.02,1573504
0.02,1571885
0.02,1555864
0.02,1532823
0.02,1464133
0.02,1459097
0.02,1418368
0.02,1418453
0.02,1427943
0.02,1471941
0.02,1454967
0.02,1428790
0.02,1346466
0.02,1340124
0.02,1362663
0.02,1334306
0.02,1328944
0.02,1324075
0.02,1319305
0.02,1314661
0.02,1310327
0.02,1304758
0.02,1303973
0.02,1299756
0.02,1300790
0.02,1293293
0.02,1289609
0.02,1286356
0.02,1283935
0.02,1281432
0.02,1287703
0.02,1293527
0.02,1286708
0.02,1279211
0.02,1274512
0.02,1297115
0.02,1325009
0.02,1294482
0.02,1273334
0.02,1271021
0.02,1269843
0.02,1268711
0.02,1267611
0.02,1275766
0.02,1272183
0.02,1273598
0.02,1278212
0.02,1282641
0.02,1289427
0.02,1281540
0.02,1289093
0.02,1271687
0.02,1266664
0.02,1268916
0.02,1266362
0.02,1266389
0.02,1269901
0.02,1276283
0.02,1281458
0.02,1277176
0.02,1279359
0.02,1263373
0.02,1262774
0.02,1313658
0.02,1332441
0.02,1366958
0.02,1412709
0.02,1460561
0.02,1451045
0.02,1504360
0.02,1431577
0.02,1361351
0.02,1349725
0.02,1424783
0.02,1432591
0.02,1453936
0.02,1463396
0.02,1460494
0.02,1453488
0.02,1386502
0.02,1380015
0.02,1426684
0.02,1430032
0.02,1465460
0.02,1557500
0.02,1558003
0.02,1564610
0.02,1567393
0.02,1567806
0.02,1567500
0.02,1547946
0.02,1535705
0.02,1483913
0.02,1513974
0.02,1540126
0.02,1549371
0.02,1519804
0.02,1440927
0.02,1436441
0.02,1429612
0.02,1422872
0.02,1456827
0.02,1404153
0.02,1384604
0.02,1348378
0.02,1349750
0.02,1344477
0.02,1324633
0.02,1261792
0.02,1288964
0.02,1297431
0.02,1331413
0.02,1316988
0.02,1317059
0.02,1300101
0.02,1269894
0.02,1254665
0.02,1256867
0.02,1306321
0.02,1318756
0.02,1342482
0.02,1362344
0.02,1458891
0.02,1445995
0.02,1516618
0.03,1446609
0.03,1456851
0.03,1434207
0.03,1466797
0.03,1477461
0.03,1486408
0.03,1473643
0.03,1469315
0.03,1521739
0.03,1464028
0.03,1419327
0.03,1404642
0.03,1385634
0.03,1374038
0.03,1386323
0.03,1374219
0.03,1378667
0.03,1360440
0.03,1353430
0.03,1350758
0.03,1317469
0.03,1343080
0.03,1256331
0.03,1236020
0.03,1234238
0.03,1231311
0.03,1231514
0.03,1235448
0.03,1234596
0.03,1236235
0.03,1235945
0.03,1235756
0.03,1235919
0.03,1237415
0.03,1244471
0.03,1229547
0.03,1228552
0.03,1246978
0.03,1226945
0.03,1226735
0.03,1226625
0.03,1226510
0.03,1226459
