0.00,9928867
0.00,9495159
0.00,9492580
0.00,9331452
0.00,9007084
0.00,8682762
0.00,8628197
0.00,8274007
0.00,8060951
0.00,8043296
0.00,7921296
0.00,7715626
0.00,7646158
0.00,7406748
0.00,7455636
0.00,7196316
0.00,7114797
0.00,7027882
0.00,7006794
0.00,7044519
0.00,7028944
0.00,6789200
0.00,6685938
0.00,6604979
0.00,6534985
0.00,6716066
0.00,6467850
0.00,6312427
0.00,6202383
0.00,6033784
0.00,5861461
0.00,5816384
0.00,5667399
0.00,5635663
0.00,5538061
0.00,5571793
0.00,5612499
0.00,5520540
0.00,5331764
0.00,5146214
0.00,5122530
0.00,4949256
0.00,4760580
0.01,4590917
0.01,4659450
0.01,4669461
0.01,4525286
0.01,4724892
0.01,4686609
0.01,4707888
0.01,4582351
0.01,4612082
0.01,4584232
0.01,4554046
0.01,4583922
0.01,4596668
0.01,4580607
0.01,4454563
0.01,4250192
0.01,4193335
0.01,4206894
0.01,4177493
0.01,4161004
0.01,4022137
0.01,3977341
0.01,3931286
0.01,4016869
0.01,3996034
0.01,4098420
0.01,3996667
0.01,4066391
0.01,3882026
0.01,3890420
0.01,3806194
0.01,3800005
0.01,3723007
0.01,3852732
0.01,3892431
0.01,3913851
0.01,3674211
0.01,3757874
0.01,3759172
0.01,3743370
0.01,3755328
0.01,3693722
0.01,3725005
0.01,3744751
0.01,3759169
0.01,3784249
0.01,3694447
0.01,3725781
0.01,3655566
0.01,3676397
0.01,3642693
0.01,3777857
0.01,3726632
0.01,3631702
0.01,3667690
0.01,3574291
0.01,3594350
0.01,3549019
0.01,3526793
0.01,3582405
0.01,3423832
0.01,3462870
0.01,3385895
0.01,3352414
0.01,3278956
0.01,3295812
0.01,3288704
0.01,3158343
0.01,3160507
0.01,3099975
0.01,3218906
0.01,3187200
0.01,3154872
0.01,3110159
0.01,3097728
0.01,3119796
0.01,3135313
0.01,3139190
0.01,3135009
0.01,3018241
0.01,2933910
0.01,2860207
0.01,2912973
0.01,2919526
0.01,2928365
0.01,2946758
0.01,2913484
0.01,2933697
0.01,2921494
0.01,2864815
0.01,2882379
0.01,2766138
0.01,2811859
0.01,2809227
0.01,2860142
0.01,2847696
0.01,2852888
0.01,2860707
0.01,2928430
0.01,2820013
0.01,2804134
0.01,2752877
0.01,2702315
0.01,2664569
0.01,2564618
0.01,2529558
0.01,2660116
0.01,2569415
0.01,2444610
0.01,2467230
0.01,2377294
0.01,2336418
0.01,2333554
0.01,2312998
0.01,2309642
0.01,2319481
0.01,2299733
0.01,2324380
0.01,2344797
0.01,2436568
0.01,2396365
0.01,2381025
0.01,2371320
0.01,2406973
0.01,2401085
0.01,2328492
0.01,2233282
0.01,2228407
0.01,2180350
0.01,2185909
0.01,2180133
0.01,2178072
0.01,2177830
0.01,2129656
0.01,2088612
0.01,2109603
0.01,2099781
0.01,2068114
0.01,2113219
0.01,2206884
0.01,2077829
0.01,2069843
0.01,2071650
0.01,2109915
0.01,2135138
0.01,2248054
0.01,2177776
0.01,2163515
0.01,2147968
0.01,2116715
0.01,2048262
0.01,2002207
0.01,1958179
0.01,1975942
0.01,1924680
0.01,1900002
0.01,1947364
0.01,1989287
0.01,1961024
0.01,1956416
0.01,1879448
0.01,1837743
0.01,1870274
0.01,1879514
0.01,1910709
0.01,1899720
0.01,1899547
0.01,1914285
0.01,1797183
0.01,1849057
0.01,1851188
0.01,1818906
0.01,1757281
0.01,1724176
0.01,1693081
0.01,1663120
0.01,1658205
0.01,1633575
0.01,1610507
0.01,1595773
0.01,1579032
0.01,1585999
0.01,1611976
0.01,1606876
0.01,1609652
0.01,1636066
0.01,1635855
0.01,1626281
0.01,1623241
0.01,1622581
0.01,1620121
0.01,1660092
0.01,1709374
0.01,1764121
0.01,1755103
0.01,1819891
0.01,1728975
0.01,1703720
0.01,1752358
0.01,1731079
0.01,1716777
0.01,1703808
0.02,1743689
0.02,1737926
0.02,1620053
0.02,1608290
0.02,1587817
0.02,1581400
0.02,1562714
0.02,1547437
0.02,1532812
0.02,1517802
0.02,1522510
0.02,1536166
0.02,1555843
0.02,1516788
0.02,1519634
0.02,1517528
0.02,1511443
0.02,1610401
0.02,1615769
0.02,1621321
0.02,1654000
0.02,1657519
0.02,1666029
0.02,1641282
0.02,1665105
0.02,1732497
0.02,1654595
0.02,1672924
0.02,1620157
0.02,1549617
0.02,1512839
0.02,1498214
0.02,1485589
0.02,1476631
0.02,1471402
0.02,1461760
0.02,1452446
0.02,1436761
0.02,1427629
0.02,1418866
0.02,1410100
0.02,1423653
0.02,1403602
0.02,1392071
0.02,1387264
0.02,1379560
0.02,1371938
0.02,1380113
0.02,1363716
0.02,1357163
0.02,1352148
0.02,1347706
0.02,1341826
0.02,1343354
0.02,1338339
0.02,1335427
0.02,1335612
0.02,1331793
0.02,1330177
0.02,1329331
0.02,1325387
0.02,1327493
0.02,1348097
0.02,1353777
0.02,1356290
0.02,1323185
0.02,1321204
0.02,1318868
0.02,1319617
0.02,1317119
0.02,1315591
0.02,1314411
0.02,1336668
0.02,1345244
0.02,1354163
0.02,1313233
0.02,1310515
0.02,1309337
0.02,1308261
0.02,1307203
0.02,1306069
0.02,1305470
0.02,1304998
0.02,1304788
0.02,1304780
0.02,1308610
0.02,1305258
0.02,1306892
0.02,1303953
0.02,1301406
0.02,1301205
0.02,1300798
