0.00,10042458
0.00,9907656
0.00,9707120
0.00,9387870
0.00,8997714
0.00,8886614
0.00,8638162
0.00,8434771
0.00,8264422
0.00,8065851
0.00,7822920
0.00,7471720
0.00,7470510
0.00,7429249
0.00,7448555
0.00,7185664
0.00,7032350
0.00,7015554
0.00,6948603
0.00,6622361
0.00,6679207
0.00,6385988
0.00,6343453
0.00,6398179
0.00,6005045
0.00,5801037
0.00,5568477
0.00,5375486
0.00,5240526
0.00,5207406
0.00,5097073
0.00,5097130
0.00,5126362
0.00,5263536
0.00,4959477
0.00,4950083
0.00,4829481
0.00,4783460
0.00,4781995
0.00,4880569
0.00,4881227
0.00,4834604
0.00,4725394
0.00,4716328
0.00,4618569
0.00,4403111
0.00,4451828
0.00,4338242
0.00,4335548
0.00,4463577
0.00,4305778
0.00,4311377
0.00,4353131
0.00,4292340
0.00,4315789
0.01,4341446
0.01,4362607
0.01,4218918
0.01,4178138
0.01,4047348
0.01,3955782
0.01,4096335
0.01,4019841
0.01,4095785
0.01,4064486
0.01,4076266
0.01,4036182
0.01,4115111
0.01,4111471
0.01,4105426
0.01,3941910
0.01,3891979
0.01,4007032
0.01,3950362
0.01,3973876
0.01,4145366
0.01,4035580
0.01,4011607
0.01,4044347
0.01,3946952
0.01,3866548
0.01,3996022
0.01,3933524
0.01,3908848
0.01,3910224
0.01,3910092
0.01,3795551
0.01,3734052
0.01,3753003
0.01,3758282
0.01,3620613
0.01,3682116
0.01,3679843
0.01,3631287
0.01,3627080
0.01,3717549
0.01,3650777
0.01,3500013
0.01,3464803
0.01,3439778
0.01,3455558
0.01,3332361
0.01,3419829
0.01,3378330
0.01,3410147
0.01,3418333
0.01,3208412
0.01,3271225
0.01,3327448
0.01,3251703
0.01,3158203
0.01,3161303
0.01,3123142
0.01,3093296
0.01,3014424
0.01,2938973
0.01,2965805
0.01,2953589
0.01,2922311
0.01,2852153
0.01,2787668
0.01,2785657
0.01,2824927
0.01,2805866
0.01,2794177
0.01,2710137
0.01,2642155
0.01,2678556
0.01,2625119
0.01,2551289
0.01,2539033
0.01,2608176
0.01,2585227
0.01,2656014
0.01,2760322
0.01,2769930
0.01,2770020
0.01,2751557
0.01,2663971
0.01,2634520
0.01,2658862
0.01,2652879
0.01,2559660
0.01,2579552
0.01,2511931
0.01,2548291
0.01,2569064
0.01,2630013
0.01,2680884
0.01,2694261
0.01,2732606
0.01,2674969
0.01,2673697
0.01,2695618
0.01,2674094
0.01,2681688
0.01,2565989
0.01,2542288
0.01,2542234
0.01,2513879
0.01,2445413
0.01,2503726
0.01,2453005
0.01,2475386
0.01,2539334
0.01,2540258
0.01,2540339
0.01,2612196
0.01,2572658
0.01,2631121
0.01,2632919
0.01,2557227
0.01,2549562
0.01,2560011
0.01,2596385
0.01,2592873
0.01,2559235
0.01,2500017
0.01,2485642
0.01,2493260
0.01,2484280
0.01,2451044
0.01,2389130
0.01,2385767
0.01,2334152
0.01,2240035
0.01,2268597
0.01,2178092
0.01,2163372
0.01,2144445
0.01,2098279
0.01,2070685
0.01,2030479
0.01,2027585
0.01,2023704
0.01,2037029
0.01,2047120
0.01,2052633
0.01,1981429
0.01,1952166
0.01,1973673
0.01,1974614
0.01,1958091
0.01,1966000
0.01,1988824
0.01,1968647
0.01,1942192
0.01,1951937
0.01,1951731
0.01,1921715
0.01,1930369
0.01,1934498
0.01,1931674
0.01,1979223
0.01,2037062
0.01,2049841
0.01,2034423
0.01,2079890
0.01,2080498
0.01,2120395
0.01,2130784
0.01,2126474
0.01,2133799
0.01,2217776
0.01,2267579
0.01,2233917
0.01,2230307
0.01,2232673
0.01,2077995
0.01,2075714
0.01,2082309
0.01,2055843
0.01,1901735
0.01,1870337
0.01,1843415
0.01,1818569
0.01,1827110
0.01,1842107
0.01,1828992
0.01,1824419
0.01,1873896
0.01,1908754
0.01,1975290
0.01,1941958
0.01,1971306
0.02,1957243
0.02,1945076
0.02,1931237
0.02,1954772
0.02,2057571
0.02,2065901
0.02,2089702
0.02,2075158
0.02,2079404
0.02,2065675
0.02,2079519
0.02,2089072
0.02,1981675
0.02,1949912
0.02,1950892
0.02,1876136
0.02,1841298
0.02,1848073
0.02,1833848
0.02,1833375
0.02,1804024
0.02,1806142
0.02,1834569
0.02,1837318
0.02,1886986
0.02,1954116
0.02,1934631
0.02,1879896
0.02,1888889
0.02,1875869
0.02,1858796
0.02,1874061
0.02,1875044
0.02,1890988
0.02,1883286
0.02,1883946
0.02,1876620
0.02,1888568
0.02,1762246
0.02,1777878
0.02,1767495
0.02,1734863
0.02,1710006
0.02,1684405
0.02,1690198
0.02,1731271
0.02,1782533
0.02,1792768
0.02,1834488
0.02,1848393
0.02,1848097
0.02,1798200
0.02,1801918
0.02,1874002
0.02,1871639
0.02,1875898
0.02,1863972
0.02,1869910
0.02,1860433
0.02,1882067
0.02,1881594
0.02,1806762
0.02,1814551
0.02,1797918
0.02,1789343
0.02,1816688
0.02,1814709
0.02,1719580
0.02,1745455
0.02,1755250
0.02,1766343
0.02,1756816
0.02,1741220
0.02,1661181
0.02,1638160
0.02,1641925
0.02,1610051
0.02,1598567
0.02,1581531
0.02,1564667
0.02,1632916
0.02,1567148
0.02,1550126
0.02,1610737
0.02,1643729
0.02,1663110
0.02,1626390
0.02,1653933
0.02,1667327
0.02,1659027
0.02,1734740
0.02,1737202
0.02,1731556
0.02,1782311
0.02,1786544
0.02,1797075
0.02,1757319
0.02,1761916
0.02,1667575
0.02,1652441
0.02,1660285
0.02,1626640
0.02,1629357
0.02,1638234
0.02,1576769
0.02,1595515
0.02,1606104
0.02,1564496
0.02,1592672
0.02,1607325
0.02,1524519
0.02,1526872
0.02,1532773
0.02,1523611
0.02,1505317
0.02,1513972
0.02,1504982
0.02,1518010
0.02,1498862
0.02,1521933
0.02,1485194
0.02,1469172
0.02,1448982
0.02,1438759
0.02,1421596
0.02,1412292
0.02,1403232
0.02,1405525
0.02,1416523
0.02,1403297
0.02,1395663
0.02,1389249
0.02,1382982
0.02,1377111
0.02,1374398
0.02,1367940
0.02,1370315
0.02,1362643
0.02,1363146
0.02,1356698
0.02,1355330
0.02,1348060
0.02,1344195
0.02,1340333
0.02,1338413
0.02,1336695
0.02,1331421
0.02,1342627
0.02,1323542
0.02,1320621
0.02,1317709
0.02,1315273
0.02,1311561
0.02,1309695
0.02,1308170
0.02,1308229
0.02,1312087
0.02,1307258
0.02,1309210
0.02,1312739
0.02,1314670
0.02,1317630
0.02,1317698
0.02,1304247
0.02,1313119
0.02,1330233
0.02,1323543
0.02,1325200
0.02,1317487
0.02,1313259
0.02,1304450
0.02,1301698
0.02,1299273
0.02,1297477
0.02,1298494
0.02,1295481
0.02,1294052
0.02,1292920
0.02,1291803
0.02,1290737
0.02,1289929
0.02,1289239
0.02,1288577
0.02,1287953
0.02,1289410
0.02,1288898
0.02,1287429
0.02,1287208
0.02,1286911
0.02,1286720
0.02,1285978
