0.00,10355705
0.00,10285514
0.00,9653118
0.00,9275614
0.00,9251443
0.00,8996198
0.00,8978503
0.00,8977253
0.00,8959289
0.00,8953476
0.00,8944746
0.00,8980251
0.00,8882846
0.00,8920144
0.00,8754450
0.00,8689156
0.00,8700701
0.00,8393767
0.00,8041056
0.00,7833225
0.00,7632102
0.00,7494228
0.00,7210355
0.00,7288371
0.00,7218690
0.00,6910697
0.00,6457414
0.00,6372374
0.00,6251977
0.00,6072697
0.00,5739629
0.00,5467648
0.00,5421508
0.00,5090882
0.00,4970505
0.00,4952418
0.00,4802041
0.00,4706201
0.00,4507880
0.00,4356470
0.00,4456358
0.01,4464491
0.01,4492354
0.01,4548364
0.01,4549386
0.01,4495019
0.01,4246955
0.01,4120449
0.01,3978244
0.01,4004604
0.01,3862225
0.01,3829153
0.01,3712338
0.01,3742895
0.01,3738522
0.01,3705748
0.01,3685080
0.01,3824575
0.01,3861831
0.01,3668918
0.01,3728769
0.01,3721936
0.01,3699930
0.01,3692464
0.01,3695982
0.01,3565434
0.01,3597468
0.01,3607020
0.01,3558777
0.01,3440883
0.01,3444185
0.01,3521289
0.01,3508366
0.01,3481626
0.01,3384213
0.01,3275525
0.01,3211671
0.01,3201280
0.01,3104133
0.01,3147844
0.01,3161367
0.01,3169465
0.01,3263703
0.01,3257901
0.01,3268363
0.01,3297466
0.01,3305986
0.01,3336495
0.01,3322779
0.01,3266056
0.01,3335375
0.01,3281182
0.01,3301645
0.01,3336206
0.01,3211168
0.01,3207090
0.01,3132371
0.01,3083454
0.01,3161633
0.01,3137933
0.01,3126693
0.01,3133202
0.01,3115133
0.01,3109963
0.01,3064025
0.01,3093306
0.01,3153838
0.01,3150498
0.01,3054570
0.01,3213958
0.01,3205614
0.01,3213287
0.01,3276351
0.01,3272812
0.01,3098655
0.01,3089184
0.01,3079354
0.01,3082580
0.01,3001112
0.01,2962848
0.01,2995566
0.01,2929948
0.01,2838652
0.01,2804841
0.01,2845632
0.01,2931554
0.01,2802614
0.01,2803223
0.01,2806428
0.01,2730190
0.01,2740440
0.01,2785741
0.01,2877859
0.01,2824398
0.01,2795227
0.01,2768312
0.01,2771365
0.01,2774657
0.01,2756314
0.01,2664321
0.01,2668655
0.01,2676679
0.01,2667482
0.01,2776472
0.01,2726398
0.01,2663601
0.01,2708547
0.01,2766983
0.01,2654049
0.01,2660042
0.01,2696446
0.01,2825537
0.01,2713253
0.01,2676388
0.01,2675228
0.01,2685343
0.01,2670371
0.01,2572485
0.01,2519565
0.01,2651295
0.01,2648697
0.01,2553255
0.01,2599749
0.01,2596511
0.01,2413847
0.01,2433009
0.01,2500682
0.01,2504144
0.01,2528383
0.01,2539937
0.01,2451449
0.01,2390574
0.01,2377996
0.01,2294797
0.01,2365816
0.01,2385402
0.01,2354943
0.01,2246276
0.01,2251116
0.01,2226443
0.01,2236529
0.01,2239701
0.01,2234241
0.01,2284987
0.01,2334031
0.01,2337567
0.01,2263146
0.01,2220388
0.01,2216641
0.01,2236429
0.01,2167685
0.01,2203194
0.01,2174912
0.01,2163610
0.01,2164830
0.01,2219385
0.01,2224494
0.01,2156048
0.01,2147280
0.01,2147055
0.01,2141669
0.01,2070752
0.01,2067465
0.01,2012583
0.01,1999255
0.01,1951793
0.01,1990134
0.01,2006961
0.01,1998413
0.01,2000034
0.01,1983044
0.01,1979458
0.01,1979630
0.01,1925339
0.01,1903708
0.01,1921738
0.01,1953072
0.01,1993430
0.01,1988548
0.01,2000885
0.01,2007215
0.01,2027253
0.01,2052605
0.01,1901975
0.01,1862910
0.01,1826245
0.01,1825226
0.01,1798663
0.01,1764858
0.01,1780586
0.02,1901956
0.02,1907724
0.02,1890132
0.02,1897037
0.02,1906995
0.02,1905734
0.02,1872395
0.02,1952102
0.02,1856370
0.02,1822067
0.02,1814705
0.02,1871812
0.02,1820465
0.02,1739452
0.02,1855558
0.02,1887021
0.02,1878649
0.02,1873542
0.02,1866024
0.02,1875924
0.02,1876581
0.02,1954564
0.02,1833603
0.02,1799781
0.02,1795257
0.02,1891855
0.02,1843734
0.02,1790030
0.02,1754812
0.02,1762981
0.02,1716153
0.02,1693039
0.02,1701562
0.02,1698280
0.02,1669559
0.02,1686861
0.02,1647256
0.02,1611030
0.02,1575593
0.02,1563443
0.02,1566288
0.02,1554903
0.02,1582726
0.02,1601974
0.02,1606116
0.02,1612427
0.02,1662648
0.02,1672821
0.02,1734254
0.02,1801774
0.02,1812490
0.02,1802739
0.02,1812073
0.02,1778870
0.02,1784197
0.02,1789976
0.02,1814385
0.02,1744107
0.02,1780293
0.02,1770972
0.02,1789618
0.02,1796663
0.02,1822739
0.02,1827864
0.02,1839165
0.02,1833432
0.02,1740715
0.02,1703487
0.02,1700027
0.02,1651919
0.02,1609733
0.02,1604378
0.02,1603624
0.02,1596396
0.02,1601363
0.02,1715441
0.02,1720666
0.02,1709806
0.02,1699869
0.02,1674178
0.02,1677976
0.02,1661407
0.02,1675094
0.02,1774388
0.02,1736965
0.02,1717654
0.02,1693768
0.02,1681831
0.02,1600628
0.02,1604157
0.02,1598071
0.02,1559415
0.02,1535532
0.02,1547211
0.02,1509857
0.02,1517346
0.02,1504585
0.02,1488859
0.02,1473174
0.02,1474284
0.02,1485342
0.02,1465032
0.02,1452787
0.02,1439287
0.02,1431885
0.02,1423381
0.02,1412046
0.02,1401889
0.02,1392023
0.02,1386868
0.02,1378834
0.02,1363126
0.02,1357709
0.02,1350909
0.02,1345036
0.02,1339968
0.02,1342228
0.02,1343240
0.02,1338403
0.02,1333961
0.02,1338700
0.02,1329163
0.02,1323283
0.02,1322761
0.02,1320640
0.02,1322482
0.02,1338403
0.02,1323792
0.02,1322859
0.02,1316383
0.02,1314964
0.02,1351106
0.02,1344926
0.02,1391339
0.02,1371826
0.02,1383777
0.02,1397555
0.02,1494467
0.02,1484206
0.02,1473655
0.02,1466454
0.02,1441922
0.02,1449928
0.02,1461531
0.02,1477085
0.02,1552849
0.02,1502526
0.02,1509678
0.02,1456974
0.02,1411291
0.02,1374945
0.02,1381327
0.02,1378312
0.02,1340928
0.02,1334163
0.02,1320833
0.02,1331915
0.02,1317108
0.02,1330647
0.02,1332658
0.02,1339769
0.02,1348863
0.02,1341277
0.02,1332433
0.02,1325518
0.02,1343402
0.02,1351580
0.02,1377086
0.02,1393587
0.02,1486318
0.02,1486195
0.02,1476970
0.02,1490268
0.02,1468299
0.02,1463966
0.02,1457785
0.02,1479883
0.02,1553174
0.02,1500742
0.02,1502419
0.02,1455918
0.02,1407749
0.02,1372529
0.02,1377052
0.02,1368802
0.02,1329290
0.02,1309379
0.02,1329496
0.02,1340109
0.02,1341330
0.02,1342081
0.02,1354303
0.02,1336317
0.02,1338475
0.02,1369387
0.02,1489120
0.02,1484052
0.02,1472098
0.02,1487420
0.02,1462990
0.02,1459511
0.02,1452514
0.02,1468883
0.02,1545321
0.02,1496201
0.02,1503980
0.02,1455663
0.02,1403579
0.02,1367166
0.02,1373019
0.02,1363722
0.02,1323820
0.02,1313634
0.02,1321779
0.02,1300650
0.02,1287717
0.02,1290046
0.02,1307627
0.02,1323617
0.02,1316360
0.02,1316511
0.02,1299555
0.02,1303418
0.02,1328934
0.02,1352103
0.02,1348929
0.02,1368850
0.02,1462197
0.02,1462654
0.02,1453182
0.02,1469455
0.02,1442242
0.02,1442777
0.02,1437157
0.02,1456856
0.02,1529472
0.02,1472786
0.02,1481571
0.02,1432319
0.02,1384099
0.02,1349404
0.02,1353401
0.02,1346841
0.02,1290501
0.02,1280917
0.02,1284499
0.02,1278633
0.02,1279600
0.02,1277881
0.02,1277676
0.02,1271479
0.02,1272534
0.02,1268392
0.02,1265962
0.02,1302566
0.02,1263242
0.02,1260762
0.02,1257419
0.02,1255162
0.02,1253000
0.02,1260939
0.02,1251291
0.02,1250975
0.02,1249449
0.02,1247968
0.02,1246661
0.02,1245926
0.02,1244717
0.02,1243638
0.02,1305006
0.02,1320891
0.02,1326202
0.02,1345821
0.02,1324805
0.02,1372197
0.02,1435705
0.02,1401851
0.02,1404070
0.02,1415929
0.02,1429181
0.02,1502933
0.02,1536302
0.02,1522062
0.02,1501999
0.02,1484039
0.02,1534303
0.02,1521478
0.02,1519832
0.02,1536578
0.02,1529272
0.02,1540248
0.02,1544890
0.02,1533514
0.02,1438166
0.02,1401881
0.02,1398229
0.02,1351704
0.02,1330687
0.02,1320042
0.03,1317917
0.03,1338246
0.03,1303405
0.03,1293718
0.03,1288818
0.03,1297240
0.03,1298894
0.03,1300016
0.03,1290797
0.03,1299157
0.03,1314105
0.03,1316338
0.03,1322535
0.03,1360399
0.03,1437503
0.03,1413721
0.03,1388856
0.03,1349793
0.03,1324036
0.03,1372780
0.03,1320625
0.03,1277003
0.03,1242562
0.03,1249094
0.03,1257163
0.03,1241882
0.03,1246537
0.03,1262967
0.03,1240118
0.03,1239810
0.03,1239185
0.03,1238632
0.03,1238255
0.03,1238093
0.03,1237839
0.03,1237760
0.03,1237695
0.03,1237644
