0.01, 11230159
0.01, 11226352
0.01, 11225703
0.01, 11162875
0.01, 11137765
0.01, 11133260
0.01, 11031086
0.01, 11023909
0.01, 11013072
0.01, 10999591
0.01, 10883806
0.01, 10704183
0.01, 10691103
0.01, 10678397
0.01, 10548847
0.01, 10540571
0.01, 10431390
0.01, 10427374
0.01, 10391465
0.01, 10389389
0.01, 10331960
0.01, 10307597
0.01, 10284787
0.01, 10258160
0.01, 10257291
0.01, 10243949
0.01, 10227606
0.01, 10175557
0.01, 10174810
0.01, 10140937
0.01, 10137520
0.01, 10133988
0.01, 10038645
0.01, 9719852
0.01, 9661570
0.01, 9533196
0.01, 9400103
0.01, 9392424
0.01, 9392397
0.01, 9206023
0.01, 9203499
0.01, 9196191
0.01, 9090380
0.01, 9033321
0.01, 8986201
0.01, 8958940
0.01, 8955895
0.01, 8845470
0.01, 8609841
0.01, 8569653
0.01, 8316236
0.01, 8166306
0.01, 8152487
0.01, 8056507
0.01, 8054544
0.01, 8034297
0.01, 8028531
0.01, 8004046
0.01, 7893285
0.01, 7887311
0.01, 7870541
0.01, 7870207
0.01, 7868342
0.01, 7843481
0.01, 7822911
0.01, 7821359
0.01, 7816596
0.01, 7778916
0.01, 7709516
0.01, 7696884
0.01, 7679074
0.01, 7659187
0.01, 7606225
0.01, 7594788
0.01, 7567509
0.01, 7560337
0.01, 7450095
0.01, 7427320
0.01, 7389839
0.01, 7355448
0.01, 7350318
0.01, 7344091
0.01, 7318640
0.01, 7157048
0.01, 7143344
0.01, 7134839
0.01, 7095144
0.01, 7067024
0.01, 7038916
0.01, 7007730
0.01, 6995968
0.01, 6961229
0.01, 6810856
0.01, 6804036
0.01, 6782228
0.01, 6770498
0.01, 6748388
0.01, 6730526
0.01, 6517313
0.01, 6360326
0.01, 6342331
0.01, 6309628
0.01, 6304223
0.01, 6303281
0.01, 6261328
0.01, 6258974
0.01, 6220501
0.01, 6200386
0.01, 6113281
0.01, 6097976
0.01, 5930879
0.01, 5856195
0.01, 5852207
0.01, 5705758
0.01, 5703162
0.01, 5699255
0.01, 5656619
0.01, 5655550
0.01, 5551040
0.01, 5517479
0.01, 5516635
0.01, 5495533
0.01, 5370978
0.01, 5355342
0.01, 5320966
0.01, 5268944
0.01, 5240298
0.01, 5230913
0.01, 5199586
0.01, 5188698
0.01, 5185036
0.01, 5183415
0.01, 5176101
0.01, 5170865
0.01, 5168860
0.01, 5166420
0.01, 5154657
0.01, 5124111
0.01, 5108138
0.01, 5070097
0.01, 4979422
0.01, 4978208
0.01, 4974540
0.01, 4932627
0.01, 4869159
0.01, 4851498
0.01, 4802770
0.01, 4799109
0.01, 4788726
0.01, 4784415
0.01, 4778286
0.01, 4771837
0.01, 4720594
0.01, 4662085
0.01, 4657328
0.01, 4656556
0.01, 4642252
0.01, 4640861
0.01, 4542606
0.01, 4535198
0.01, 4532309
0.01, 4393085
0.01, 4378419
0.01, 4370703
0.01, 4365893
0.01, 4362438
0.01, 4236551
0.01, 4225584
0.01, 4210242
0.01, 4178098
0.01, 4178073
0.01, 4077561
0.01, 4023326
0.01, 4022863
0.01, 3925318
0.01, 3894799
0.01, 3881309
0.01, 3855829
0.01, 3810292
0.01, 3792448
0.01, 3792123
0.01, 3744729
0.01, 3743017
0.01, 3706512
0.01, 3704140
0.01, 3694677
0.01, 3646694
0.01, 3638483
0.01, 3560635
0.01, 3553344
0.01, 3552702
0.01, 3550867
0.01, 3518507
0.01, 3518241
0.01, 3448406
0.01, 3416698
0.01, 3415084
0.01, 3398955
0.01, 3388907
0.01, 3338124
0.01, 3328463
0.01, 3286533
0.01, 3277723
0.01, 3267927
0.01, 3261442
0.01, 3254259
0.02, 3251906
0.02, 3250647
0.02, 3249898
0.02, 3238997
0.02, 3222278
0.02, 3141977
0.02, 3120746
0.02, 3117259
0.02, 3065791
0.02, 3062272
0.02, 3016193
0.02, 2982398
0.02, 2978445
0.03, 2959635
0.03, 2946236
0.03, 2858924
0.03, 2831249
0.03, 2800644
0.04, 2788037
0.04, 2778972
0.04, 2748602
0.04, 2724432
0.04, 2724294
0.04, 2674796
0.04, 2645913
0.04, 2645691
0.04, 2639808
0.04, 2636229
0.04, 2620019
0.07, 2610428
0.07, 2609855
0.09, 2608967
0.09, 2580504
0.09, 2550190
0.09, 2532298
0.09, 2508725
0.09, 2499998
0.09, 2483506
0.09, 2476665
0.09, 2470073
0.09, 2468933
0.09, 2465125
0.09, 2465005
0.09, 2461129
0.09, 2450740
0.09, 2443280
0.09, 2441450
0.09, 2437953
0.09, 2432349
0.09, 2408387
0.09, 2406427
0.09, 2404440
0.09, 2386019
0.09, 2385414
0.09, 2384199
0.09, 2383415
0.09, 2382002
0.09, 2359439
0.09, 2356030
0.11, 2322766
0.11, 2320959
0.11, 2320586
0.11, 2318810
0.11, 2317742
0.11, 2313667
0.11, 2312098
0.11, 2285979
0.11, 2255926
0.11, 2221504
0.11, 2209857
0.11, 2199273
0.11, 2198637
0.13, 2162954
0.13, 2153369
0.13, 2149903
0.13, 2144669
0.13, 2142039
0.13, 2140978
0.13, 2134335
0.13, 2128742
0.13, 2126782
0.13, 2080808
0.13, 2080715
0.13, 2070312
0.13, 2069969
0.13, 2064182
0.13, 2062964
0.15, 2038560
0.15, 2029426
0.18, 2023189
0.18, 2012251
0.18, 2012214
0.18, 2000565
0.18, 1985330
0.18, 1984194
0.18, 1981265
0.18, 1978470
0.18, 1978143
0.18, 1973918
0.18, 1972796
0.18, 1965584
0.18, 1960080
0.18, 1957270
0.19, 1952344
0.19, 1945400
0.19, 1943611
0.21, 1938366
0.21, 1935206
0.21, 1931846
0.21, 1931268
0.23, 1922362
0.23, 1911397
0.23, 1900549
0.23, 1893928
0.23, 1888554
0.23, 1888395
0.23, 1841612
0.23, 1836833
0.23, 1836219
0.23, 1835426
0.23, 1833604
0.23, 1832390
0.23, 1831813
0.23, 1824939
0.23, 1816162
0.24, 1811494
0.24, 1810774
0.24, 1809957
0.24, 1809693
0.24, 1805751
0.24, 1798137
0.24, 1793172
0.24, 1784207
0.24, 1779561
0.24, 1775043
0.24, 1774447
0.24, 1770301
0.24, 1748831
0.24, 1724969
0.24, 1724751
0.24, 1695655
0.26, 1686164
0.27, 1684649
0.27, 1682435
0.27, 1681277
0.27, 1677302
0.27, 1673226
0.27, 1643757
0.27, 1637208
0.28, 1636021
0.28, 1633480
0.28, 1621078
0.28, 1619371
0.28, 1607507
0.28, 1607122
0.28, 1602992
0.28, 1590004
0.28, 1587050
0.28, 1586017
0.28, 1580094
0.29, 1567788
0.29, 1560243
0.29, 1546356
0.29, 1546128
0.29, 1543027
0.29, 1542622
0.29, 1542013
0.29, 1540820
0.29, 1539036
0.29, 1532238
0.29, 1529983
0.29, 1525843
0.29, 1525815
0.32, 1523305
0.32, 1505481
0.33, 1491679
0.33, 1489088
0.33, 1487321
0.33, 1481659
0.33, 1473332
0.33, 1472632
0.33, 1465178
0.33, 1462583
0.33, 1458049
0.33, 1442950
0.33, 1442293
0.38, 1433790
0.38, 1433648
0.38, 1431282
0.38, 1421819
0.38, 1417117
0.38, 1409529
0.40, 1409353
0.40, 1408033
0.40, 1406094
0.40, 1397130
0.40, 1392412
0.40, 1390335
0.40, 1387191
0.40, 1382556
0.43, 1380908
0.43, 1371316
0.43, 1369102
0.46, 1368872
0.46, 1368128
0.46, 1365502
0.46, 1365386
0.46, 1355163
0.47, 1353699
0.47, 1350628
0.47, 1350536
0.47, 1350093
0.47, 1337286
0.47, 1336530
0.47, 1336507
0.47, 1332388
0.47, 1332287
0.47, 1330497
0.47, 1329970
0.47, 1318243
0.47, 1318092
0.47, 1315863
0.47, 1313261
0.47, 1311536
0.47, 1303498
0.47, 1302886
0.47, 1301347
0.47, 1299278
0.47, 1295127
0.47, 1294630
0.47, 1294594
0.47, 1291118
0.47, 1290064
0.47, 1286427
0.47, 1285881
0.47, 1285856
0.55, 1280730
0.55, 1280558
0.55, 1279788
0.55, 1274908
0.55, 1273607
0.55, 1272064
0.55, 1271131
0.55, 1271128
0.58, 1267888
0.59, 1267423
0.59, 1257496
0.59, 1253236
0.59, 1249127
0.59, 1248593
0.59, 1248157
0.59, 1243121
0.59, 1241770
0.62, 1239343
0.62, 1238880
0.65, 1236847
0.65, 1235132
0.65, 1234705
0.65, 1233986
0.65, 1231807
0.65, 1228956
0.65, 1228952
0.65, 1228463
0.65, 1226767
0.65, 1225622
0.65, 1223979
0.65, 1223583
0.65, 1222966
0.65, 1222793
0.66, 1219505
0.66, 1219480
0.66, 1218536
0.66, 1215855
0.66, 1215546
0.70, 1215399
0.70, 1214800
0.70, 1214545
0.70, 1213114
0.70, 1213040
0.70, 1211984
0.70, 1210806
0.70, 1210509
0.70, 1208408
0.70, 1208007
0.72, 1206661
0.72, 1205858
0.76, 1204918
0.78, 1204170
0.79, 1201068
0.79, 1200173
0.79, 1197133
0.80, 1196516
0.85, 1195518
0.85, 1195216
0.85, 1194945
0.85, 1194915
0.85, 1193398
0.88, 1193367
0.88, 1192915
0.88, 1192567
0.89, 1188971
0.94, 1188940
0.95, 1188830
0.95, 1187596
0.95, 1187454
0.95, 1186444
0.95, 1186387
0.95, 1184747
0.95, 1182738
0.95, 1182299
0.96, 1181737
0.96, 1181520
0.96, 1181458
0.96, 1180394
0.96, 1180162
1.02, 1179420
1.09, 1178177
1.09, 1178087
1.18, 1177893
1.21, 1177830
1.21, 1177648
1.21, 1176813
1.31, 1176668
1.36, 1176337
1.39, 1176272
5.37, 1176151
