0.00,10615382
0.00,10326929
0.00,10129988
0.00,10126504
0.00,9597171
0.00,9325396
0.00,9278008
0.00,9032656
0.00,8884588
0.00,8647753
0.00,8632477
0.00,8232247
0.00,8216008
0.00,8215799
0.00,8001485
0.00,7823392
0.00,7631683
0.00,7584437
0.00,7432953
0.00,7173141
0.00,7176017
0.00,6854284
0.00,6746696
0.00,6356964
0.00,6236367
0.00,6323904
0.00,6415981
0.00,6337522
0.00,6229833
0.00,6233035
0.00,6315008
0.00,6210848
0.00,6103554
0.00,6137089
0.00,6073621
0.00,5768834
0.00,5698529
0.00,5443175
0.00,5379825
0.00,5415789
0.00,5392788
0.00,5373541
0.00,5458797
0.00,5453218
0.00,5256949
0.00,5280581
0.00,5088153
0.00,5047250
0.00,4926646
0.00,4759142
0.01,4900416
0.01,4880637
0.01,4878603
0.01,4899358
0.01,4793173
0.01,4774827
0.01,4830316
0.01,4685534
0.01,4686543
0.01,4613885
0.01,4420317
0.01,4336443
0.01,4187941
0.01,4090581
0.01,4140947
0.01,4084287
0.01,4114423
0.01,4011404
0.01,4063787
0.01,4147748
0.01,4143480
0.01,4169794
0.01,4232864
0.01,4369711
0.01,4379811
0.01,4293044
0.01,4140595
0.01,4141807
0.01,4101895
0.01,4003990
0.01,4063487
0.01,3988715
0.01,3969720
0.01,3815643
0.01,3799501
0.01,3821020
0.01,3860681
0.01,3784785
0.01,3854181
0.01,3963738
0.01,3991776
0.01,3950970
0.01,3987543
0.01,3923030
0.01,3928149
0.01,3877696
0.01,3896311
0.01,3932672
0.01,4008671
0.01,4115389
0.01,4077911
0.01,4097793
0.01,3744390
0.01,3753763
0.01,3797048
0.01,3820779
0.01,3882334
0.01,3811943
0.01,3753762
0.01,3669849
0.01,3628276
0.01,3527993
0.01,3389297
0.01,3358110
0.01,3273810
0.01,3257807
0.01,3299663
0.01,3254492
0.01,3289446
0.01,3306545
0.01,3338412
0.01,3289100
0.01,3276447
0.01,3292026
0.01,3261290
0.01,3293648
0.01,3359223
0.01,3372635
0.01,3359906
0.01,3279844
0.01,3275264
0.01,3234019
0.01,3133709
0.01,3142337
0.01,3232903
0.01,3143804
0.01,3133975
0.01,3171542
0.01,3144050
0.01,3117045
0.01,3127254
0.01,3159336
0.01,3150833
0.01,3214940
0.01,3177340
0.01,3137664
0.01,3186703
0.01,3210961
0.01,3352233
0.01,3302852
0.01,3334536
0.01,3431158
0.01,3312754
0.01,3335605
0.01,3256831
0.01,3258806
0.01,3257469
0.01,3232750
0.01,3245959
0.01,3331030
0.01,3241791
0.01,3260508
0.01,3229382
0.01,3229819
0.01,3227116
0.01,3127445
0.01,2978338
0.01,3019912
0.01,3062988
0.01,3068371
0.01,3111705
0.01,3049821
0.01,3014714
0.01,3124704
0.01,3043231
0.01,3044625
0.01,3024863
0.01,3077190
0.01,3181743
0.01,3201542
0.01,3175086
0.01,3172681
0.01,3113720
0.01,3069636
0.01,3123948
0.01,3119327
0.01,3160729
0.01,3165309
0.01,3181018
0.01,3148767
0.01,3130221
0.01,3071720
0.01,3009742
0.01,2981471
0.01,2958588
0.01,2976610
0.01,2922057
0.01,2959662
0.01,2899750
0.01,2815077
0.01,2889398
0.01,2887034
0.01,2809190
0.01,2857901
0.01,2905716
0.01,2877552
0.01,2895173
0.01,2802445
0.01,2913290
0.01,2857158
0.01,2853327
0.01,2805632
0.01,2764845
0.01,2659504
0.01,2605335
0.01,2534626
0.01,2502138
0.01,2454459
0.01,2443243
0.01,2464193
0.01,2396206
0.01,2372561
0.01,2309266
0.01,2416231
0.01,2411781
0.01,2307782
0.01,2295105
0.01,2268455
0.01,2269863
0.01,2206856
0.01,2266907
0.01,2312435
0.01,2339245
0.01,2293666
0.01,2261297
0.01,2175948
0.01,2143283
0.01,2181218
0.01,2173155
0.01,2157150
0.01,2156278
0.01,2136575
0.01,2170083
0.01,2201457
0.01,2278560
0.01,2274178
0.01,2205297
0.01,2173976
0.01,2155189
0.01,2154775
0.01,2251017
0.01,2200999
0.01,2095779
0.01,2092017
0.01,2110448
0.01,2099861
0.01,2146702
0.01,2176943
0.01,2228004
0.01,2228279
0.01,2279081
0.01,2183898
0.01,2169536
0.01,2183936
0.01,2181486
0.01,2153488
0.01,2152403
0.01,2134343
0.01,2108389
0.01,2114958
0.01,2030963
0.01,2034002
0.01,1983212
0.01,1939986
0.01,1905133
0.01,1904556
0.01,1880654
0.01,1849093
0.01,1866077
0.01,1943929
0.01,1944322
0.01,1956071
0.01,1982895
0.01,1963353
0.01,1977689
0.01,1968003
0.01,1905986
0.01,1817696
0.01,1801760
0.01,1769293
0.01,1744694
0.01,1723057
0.02,1722694
0.02,1694029
0.02,1695347
0.02,1701657
0.02,1739404
0.02,1738455
0.02,1720817
0.02,1699070
0.02,1712000
0.02,1717765
0.02,1740584
0.02,1811195
0.02,1801799
0.02,1732717
0.02,1719586
0.02,1779061
0.02,1783072
0.02,1750160
0.02,1712437
0.02,1744574
0.02,1782556
0.02,1772143
0.02,1711915
0.02,1729978
0.02,1665671
0.02,1639130
0.02,1681760
0.02,1727100
0.02,1690724
0.02,1731461
0.02,1799814
0.02,1782831
0.02,1772139
0.02,1786781
0.02,1781539
0.02,1790959
0.02,1774793
0.02,1789717
0.02,1862064
0.02,1811645
0.02,1815345
0.02,1756385
0.02,1698622
0.02,1617527
0.02,1652706
0.02,1640681
0.02,1639556
0.02,1642312
0.02,1638874
0.02,1618454
0.02,1594105
0.02,1597936
0.02,1613987
0.02,1716722
0.02,1720945
0.02,1659409
0.02,1662576
0.02,1753678
0.02,1750401
0.02,1741277
0.02,1725866
0.02,1725616
0.02,1734685
0.02,1724848
0.02,1734610
0.02,1798452
0.02,1740895
0.02,1747181
0.02,1715057
0.02,1647665
0.02,1617816
0.02,1622115
0.02,1628796
0.02,1628726
0.02,1596500
0.02,1630558
0.02,1628615
0.02,1614443
0.02,1572280
0.02,1539834
0.02,1520356
0.02,1502597
0.02,1533593
0.02,1552510
0.02,1561142
0.02,1545947
0.02,1541713
0.02,1580716
0.02,1524794
0.02,1610987
0.02,1612852
0.02,1620391
0.02,1625506
0.02,1671173
0.02,1652152
0.02,1624551
0.02,1607969
0.02,1485402
0.02,1545029
0.02,1560468
0.02,1516730
0.02,1534787
0.02,1528309
0.02,1516350
0.02,1479192
0.02,1531608
0.02,1508022
0.02,1584968
0.02,1590318
0.02,1645199
0.02,1627883
0.02,1619663
0.02,1608715
0.02,1552872
0.02,1459478
0.02,1446003
0.02,1430402
0.02,1415129
0.02,1420605
0.02,1424099
0.02,1401342
0.02,1423787
0.02,1396943
0.02,1384139
0.02,1382507
0.02,1373102
0.02,1372695
0.02,1372348
0.02,1363911
0.02,1372196
0.02,1398766
0.02,1440985
0.02,1391454
0.02,1420163
0.02,1433927
0.02,1424912
0.02,1434553
0.02,1412711
0.02,1460783
0.02,1514215
0.02,1507500
0.02,1505005
0.02,1506460
0.02,1498572
0.02,1490460
0.02,1469906
0.02,1442417
0.02,1355600
0.02,1344632
0.02,1336665
0.02,1330278
0.02,1324643
0.02,1315122
0.02,1310547
0.02,1310018
0.02,1305168
0.02,1300551
0.02,1296936
0.02,1295378
0.02,1289221
0.02,1285101
0.02,1281646
0.02,1281473
0.02,1275490
0.02,1289593
0.02,1299955
0.02,1365895
0.02,1367265
0.02,1317962
0.02,1329725
0.02,1351246
0.02,1350047
0.02,1316958
0.02,1404554
0.02,1358124
0.02,1424735
0.02,1420581
0.02,1422267
0.02,1415521
0.02,1408053
0.02,1408760
0.02,1365121
0.02,1272919
0.02,1270764
0.02,1268615
0.02,1266925
0.02,1265979
0.02,1264752
0.02,1263657
0.02,1262575
0.02,1280035
0.02,1269595
0.02,1274304
0.02,1264804
0.02,1258906
0.02,1258913
0.02,1262959
0.02,1273511
0.02,1256925
0.02,1262353
0.02,1269423
0.02,1271946
0.02,1259703
0.02,1253861
0.02,1252640
0.02,1251574
0.02,1250768
0.02,1249962
0.02,1250497
0.02,1249270
0.02,1248646
0.02,1248047
0.02,1247495
0.02,1253298
0.02,1252918
0.02,1255898
0.02,1254501
0.02,1254690
0.02,1252939
0.02,1253080
0.02,1265755
0.02,1248411
0.02,1253090
0.02,1252238
0.02,1253877
0.02,1253587
0.02,1253398
0.02,1253561
0.02,1255713
0.02,1262113
0.02,1247189
0.02,1245968
0.02,1245714
0.02,1245504
0.02,1245299
0.02,1245098
0.02,1244691
