0.00, 10924683
0.00, 10810793
0.00, 10784137
0.00, 10644328
0.00, 10516492
0.00, 10497469
0.00, 10457715
0.00, 10456551
0.00, 10268147
0.00, 10195944
0.00, 10110788
0.00, 10109862
0.00, 10086274
0.00, 10084082
0.00, 10068526
0.00, 10065612
0.00, 10050787
0.00, 9994305
0.00, 9993763
0.00, 9944819
0.00, 9919574
0.00, 9910008
0.00, 9796420
0.00, 9794693
0.00, 9775962
0.00, 9714654
0.00, 9588608
0.00, 9563179
0.00, 9550361
0.00, 9545675
0.00, 9461279
0.00, 9431391
0.00, 9419933
0.00, 9413947
0.00, 9233766
0.00, 9204627
0.00, 9201321
0.00, 9199806
0.00, 9130442
0.00, 9076878
0.00, 9021999
0.00, 8979214
0.00, 8890405
0.00, 8725084
0.00, 8710261
0.00, 8691251
0.00, 8635192
0.00, 8628737
0.00, 8472245
0.00, 8440103
0.00, 8427613
0.00, 8421751
0.00, 8332254
0.00, 8323903
0.00, 8274843
0.00, 8248844
0.00, 8093485
0.00, 8069268
0.00, 8066472
0.00, 7983724
0.00, 7983337
0.00, 7983172
0.00, 7908931
0.00, 7839435
0.01, 7818668
0.01, 7780976
0.01, 7774755
0.01, 7767704
0.01, 7764774
0.01, 7751567
0.01, 7749695
0.01, 7718454
0.01, 7691848
0.01, 7675848
0.01, 7524125
0.01, 7520624
0.01, 7379881
0.01, 7352336
0.01, 7306988
0.01, 7145902
0.01, 7119070
0.01, 7096251
0.01, 7096226
0.01, 7012168
0.01, 6990273
0.01, 6848920
0.01, 6794062
0.01, 6710136
0.01, 6647669
0.01, 6643090
0.01, 6637539
0.01, 6622008
0.01, 6619439
0.01, 6572661
0.01, 6465214
0.01, 6463132
0.01, 6373428
0.01, 6228886
0.01, 6187829
0.01, 6152705
0.01, 6108560
0.01, 5984075
0.01, 5947278
0.01, 5926291
0.01, 5896152
0.01, 5887348
0.01, 5869111
0.01, 5822588
0.01, 5822260
0.01, 5815636
0.01, 5724775
0.01, 5720377
0.01, 5689154
0.01, 5678328
0.01, 5673220
0.01, 5618754
0.01, 5616163
0.01, 5603128
0.01, 5593332
0.01, 5592066
0.01, 5573347
0.01, 5548358
0.01, 5451969
0.01, 5448950
0.01, 5437901
0.01, 5436601
0.01, 5434990
0.01, 5365426
0.01, 5321551
0.01, 5295365
0.01, 5272903
0.01, 5175634
0.01, 5152461
0.01, 5143945
0.01, 5141402
0.01, 5056961
0.01, 5055609
0.01, 5043619
0.01, 5019304
0.01, 5013408
0.01, 4994816
0.01, 4994124
0.01, 4961922
0.01, 4955578
0.01, 4943621
0.01, 4905182
0.01, 4896871
0.01, 4886082
0.01, 4882939
0.01, 4727082
0.01, 4680700
0.01, 4677793
0.01, 4663974
0.01, 4660763
0.01, 4657914
0.01, 4655674
0.01, 4653317
0.01, 4652511
0.01, 4645097
0.01, 4644971
0.01, 4644122
0.01, 4640363
0.01, 4620961
0.01, 4620368
0.01, 4617306
0.01, 4606889
0.01, 4538890
0.01, 4533159
0.01, 4528062
0.01, 4517799
0.01, 4517741
0.01, 4517480
0.01, 4505654
0.01, 4499739
0.01, 4498750
0.01, 4487266
0.01, 4485400
0.01, 4462475
0.01, 4425381
0.01, 4387935
0.01, 4315633
0.01, 4284185
0.01, 4195744
0.01, 4195207
0.01, 4193894
0.01, 4167106
0.01, 4166164
0.01, 4127723
0.01, 4113294
0.01, 4113148
0.01, 4111717
0.01, 4058811
0.01, 4053389
0.01, 4047605
0.01, 4044212
0.01, 4035206
0.01, 4012550
0.01, 4004973
0.01, 3949381
0.01, 3926126
0.01, 3909996
0.01, 3842577
0.01, 3787904
0.01, 3671704
0.01, 3663979
0.01, 3659387
0.01, 3658398
0.01, 3656358
0.01, 3620243
0.01, 3609385
0.01, 3563007
0.01, 3533300
0.01, 3527458
0.01, 3493093
0.01, 3477857
0.01, 3379059
0.02, 3357003
0.02, 3355349
0.02, 3286183
0.02, 3286158
0.02, 3244640
0.02, 3244276
0.02, 3219977
0.02, 3210654
0.02, 3208673
0.02, 3180459
0.02, 3143897
0.02, 3127591
0.02, 3126883
0.02, 3114226
0.02, 3114179
0.02, 3113461
0.02, 3086609
0.02, 3075753
0.02, 3075321
0.02, 3069815
0.03, 3053266
0.03, 3051257
0.03, 3048402
0.03, 3041457
0.03, 3039157
0.03, 3037018
0.03, 3025603
0.03, 3021873
0.03, 3012962
0.03, 3006135
0.03, 2994824
0.03, 2991428
0.03, 2985650
0.03, 2978852
0.03, 2977641
0.03, 2973800
0.03, 2965431
0.03, 2924042
0.03, 2912895
0.03, 2911974
0.03, 2910159
0.03, 2894548
0.03, 2892786
0.03, 2891463
0.03, 2883715
0.03, 2833084
0.03, 2796748
0.03, 2791315
0.03, 2775482
0.03, 2775180
0.03, 2768631
0.03, 2766745
0.03, 2762108
0.03, 2733567
0.03, 2723909
0.03, 2693698
0.03, 2644316
0.04, 2617638
0.04, 2596487
0.04, 2594581
0.04, 2593612
0.04, 2558707
0.04, 2553112
0.05, 2541814
0.05, 2523541
0.05, 2517376
0.07, 2515009
0.07, 2510500
0.07, 2474721
0.07, 2470763
0.07, 2460723
0.07, 2458460
0.07, 2455447
0.07, 2443615
0.07, 2427302
0.07, 2377719
0.07, 2361753
0.07, 2358835
0.07, 2283948
0.07, 2283097
0.07, 2281349
0.07, 2278498
0.07, 2257255
0.07, 2247738
0.07, 2243008
0.07, 2242895
0.07, 2241132
0.07, 2198109
0.07, 2191750
0.07, 2165841
0.07, 2157441
0.07, 2153125
0.07, 2141441
0.07, 2118847
0.07, 2118829
0.07, 2112293
0.07, 2103937
0.15, 2101305
0.15, 2079480
0.15, 2078051
0.15, 2070035
0.15, 2053124
0.15, 2045851
0.16, 2030993
0.16, 2010544
0.16, 1962072
0.16, 1959438
0.16, 1951904
0.16, 1951899
0.16, 1947320
0.16, 1945228
0.16, 1942679
0.16, 1935964
0.19, 1934777
0.19, 1933366
0.19, 1912877
0.19, 1909102
0.19, 1889166
0.19, 1888838
0.19, 1886863
0.19, 1879483
0.19, 1876097
0.19, 1875684
0.19, 1875670
0.19, 1873159
0.19, 1851418
0.19, 1844336
0.19, 1826027
0.19, 1824912
0.19, 1823428
0.19, 1821277
0.19, 1801540
0.19, 1797774
0.19, 1772002
0.19, 1766224
0.19, 1759272
0.19, 1758788
0.19, 1753230
0.19, 1750955
0.19, 1746675
0.19, 1743781
0.24, 1739610
0.24, 1739036
0.24, 1713366
0.24, 1707556
0.24, 1703177
0.25, 1701865
0.25, 1701613
0.25, 1699593
0.25, 1697865
0.25, 1697024
0.25, 1691289
0.25, 1689571
0.25, 1684812
0.25, 1677106
0.25, 1676815
0.25, 1675708
0.25, 1660921
0.25, 1655614
0.25, 1635783
0.25, 1632979
0.25, 1625260
0.25, 1622935
0.25, 1609397
0.28, 1577987
0.32, 1573483
0.32, 1572133
0.32, 1569777
0.32, 1559607
0.32, 1557846
0.32, 1553312
0.32, 1553089
0.32, 1547806
0.33, 1546829
0.33, 1543691
0.33, 1542968
0.33, 1542944
0.33, 1527059
0.33, 1525821
0.33, 1523342
0.33, 1519860
0.33, 1518083
0.33, 1517939
0.35, 1511617
0.37, 1509701
0.37, 1507470
0.37, 1505712
0.37, 1499835
0.37, 1496429
0.37, 1495837
0.37, 1492093
0.37, 1491122
0.37, 1490642
0.37, 1488494
0.37, 1485804
0.37, 1484627
0.37, 1484121
0.39, 1483842
0.39, 1480953
0.39, 1477002
0.39, 1475414
0.39, 1474130
0.39, 1472875
0.39, 1469907
0.39, 1465563
0.39, 1464337
0.39, 1461929
0.39, 1461114
0.39, 1459650
0.39, 1456569
0.39, 1441332
0.39, 1440999
0.39, 1440573
0.39, 1436502
0.39, 1427497
0.39, 1427234
0.41, 1426794
0.41, 1426642
0.41, 1423278
0.41, 1419492
0.41, 1413728
0.42, 1412277
0.42, 1411872
0.42, 1411029
0.42, 1410554
0.43, 1409305
0.43, 1409255
0.43, 1405160
0.43, 1403385
0.43, 1403325
0.43, 1397844
0.46, 1388503
0.46, 1387617
0.46, 1370977
0.46, 1364735
0.46, 1364105
0.47, 1363592
0.47, 1363149
0.47, 1361901
0.47, 1358164
0.47, 1357893
0.47, 1355385
0.47, 1355331
0.47, 1351532
0.47, 1351431
0.47, 1350690
0.47, 1350592
0.47, 1349948
0.47, 1349787
0.47, 1349048
0.47, 1345656
0.47, 1345234
0.47, 1343993
0.47, 1342385
0.48, 1342133
0.48, 1338754
0.48, 1338707
0.48, 1336403
0.48, 1331666
0.48, 1329909
0.52, 1328740
0.52, 1327827
0.52, 1327156
0.52, 1325978
0.52, 1322102
0.52, 1318526
0.52, 1315475
0.52, 1314802
0.53, 1310517
0.53, 1309199
0.55, 1308916
0.55, 1303722
0.55, 1302349
0.55, 1299473
0.55, 1296760
0.55, 1295669
0.55, 1290917
0.55, 1289724
0.58, 1288191
0.60, 1286307
0.60, 1285403
0.60, 1281748
0.60, 1278814
0.61, 1278253
0.61, 1276332
0.61, 1275711
0.61, 1274165
0.61, 1272380
0.61, 1266493
0.61, 1265475
0.61, 1265092
0.61, 1262893
0.61, 1260214
0.62, 1259743
0.62, 1257156
0.62, 1256390
0.62, 1255528
0.62, 1253393
0.62, 1252587
0.62, 1248651
0.64, 1246028
0.64, 1244043
0.64, 1242360
0.64, 1242065
0.64, 1237891
0.65, 1237046
0.66, 1236733
0.66, 1236124
0.66, 1235488
0.66, 1233753
0.66, 1231357
0.66, 1230804
0.69, 1228874
0.72, 1228106
0.74, 1227279
0.74, 1226020
0.74, 1225916
0.77, 1225464
0.77, 1219066
0.77, 1218719
0.77, 1218567
0.77, 1216297
0.77, 1216078
0.77, 1215811
0.79, 1212456
0.79, 1212425
0.79, 1212364
0.79, 1211146
0.80, 1209477
0.80, 1208912
0.80, 1208250
0.85, 1205955
0.85, 1205414
0.85, 1205194
0.86, 1204939
0.86, 1204222
0.89, 1201261
0.89, 1199803
0.89, 1199801
0.89, 1199217
0.89, 1198187
0.89, 1198001
0.90, 1197369
1.00, 1197301
1.00, 1196541
1.00, 1195477
1.00, 1194979
1.00, 1194975
1.01, 1194549
1.01, 1194020
1.01, 1193328
1.04, 1193207
1.04, 1192779
1.08, 1192622
1.09, 1191375
1.09, 1191163
1.09, 1190654
1.17, 1190525
1.17, 1189889
1.19, 1189757
1.19, 1189692
1.20, 1189196
1.20, 1188676
1.20, 1188411
1.20, 1188360
1.20, 1188357
1.21, 1188284
1.28, 1187900
1.28, 1187834
1.28, 1187672
1.30, 1187516
1.30, 1187401
1.31, 1187391
1.31, 1187276
1.31, 1187225
2.89, 1186485
2.99, 1184786
2.99, 1184198
3.04, 1183541
3.08, 1182049
3.08, 1181875
3.13, 1181704
3.13, 1181484
3.14, 1180707
3.15, 1180652
3.15, 1180225
3.15, 1180063
3.15, 1179324
3.20, 1179238
3.21, 1179214
3.21, 1178807
3.22, 1178746
3.22, 1178695
3.25, 1178623
3.32, 1178266
3.32, 1177079
3.33, 1176970
3.33, 1176967
3.38, 1176619
3.39, 1176554
3.44, 1176409
3.45, 1176407
3.50, 1176327
3.50, 1176202
3.50, 1176151
