0.00,9993667
0.00,9815991
0.00,9585703
0.00,9490328
0.00,9273390
0.00,9270949
0.00,9035768
0.00,8748205
0.00,8451347
0.00,8318344
0.00,7949898
0.00,7749823
0.00,7535334
0.00,7295725
0.00,7274958
0.00,7136345
0.00,6974962
0.00,6802306
0.00,6437052
0.00,6384387
0.00,6414777
0.00,6433908
0.00,6352002
0.00,6316686
0.00,6166011
0.00,6177886
0.00,6003642
0.00,5729678
0.00,5799955
0.00,5773480
0.00,5504833
0.00,5423115
0.00,5510756
0.00,5508599
0.00,5555410
0.00,5495937
0.00,5348722
0.00,5175491
0.00,5049425
0.00,4856038
0.00,4912839
0.00,4710988
0.00,4800961
0.00,4729695
0.00,4811782
0.00,4715044
0.00,4834032
0.00,4763895
0.00,4574028
0.00,4402397
0.00,4197150
0.00,4245606
0.00,4145556
0.00,3995398
0.00,4066505
0.00,3953479
0.00,3898525
0.00,3786838
0.00,3780698
0.00,3705081
0.00,3589071
0.01,3649052
0.01,3791007
0.01,3776572
0.01,3706029
0.01,3756199
0.01,3644437
0.01,3552611
0.01,3534534
0.01,3587722
0.01,3359850
0.01,3387263
0.01,3401394
0.01,3385185
0.01,3442954
0.01,3393362
0.01,3420984
0.01,3396812
0.01,3216397
0.01,3168542
0.01,3159087
0.01,3117647
0.01,3161048
0.01,3160838
0.01,3196706
0.01,3173208
0.01,3180033
0.01,3259926
0.01,3332270
0.01,3225287
0.01,3183246
0.01,3094382
0.01,3104688
0.01,2917952
0.01,2870888
0.01,2861383
0.01,2945080
0.01,3019446
0.01,3030776
0.01,2946382
0.01,2941221
0.01,2845794
0.01,2736060
0.01,2686844
0.01,2688690
0.01,2630738
0.01,2644763
0.01,2627158
0.01,2602516
0.01,2643789
0.01,2686655
0.01,2669199
0.01,2653954
0.01,2689657
0.01,2537268
0.01,2548284
0.01,2534366
0.01,2607447
0.01,2609468
0.01,2561683
0.01,2678132
0.01,2639384
0.01,2624082
0.01,2583607
0.01,2477943
0.01,2495850
0.01,2390020
0.01,2325487
0.01,2237699
0.01,2257525
0.01,2306523
0.01,2241923
0.01,2323845
0.01,2264387
0.01,2234024
0.01,2227463
0.01,2242535
0.01,2198991
0.01,2169990
0.01,2121514
0.01,2075979
0.01,2119714
0.01,2077529
0.01,2027424
0.01,2061755
0.01,2085875
0.01,2131236
0.01,2086791
0.01,2124274
0.01,2122140
0.01,2158754
0.01,2169777
0.01,2130557
0.01,2087616
0.01,2213438
0.01,2181555
0.01,2172755
0.01,2097178
0.01,2032275
0.01,2010158
0.01,1992433
0.01,1991361
0.01,1963169
0.01,1981298
0.01,1998135
0.01,1994562
0.01,1959766
0.01,1965857
0.01,1954833
0.01,1898788
0.01,1911321
0.01,1855861
0.01,1876111
0.01,1871583
0.01,1866875
0.01,1935005
0.01,1910724
0.01,1891302
0.01,1820182
0.01,1806682
0.01,1814584
0.01,1827322
0.01,1844112
0.01,1823267
0.01,1833424
0.01,1822396
0.01,1807300
0.01,1776447
0.01,1887386
0.01,1915235
0.01,1962390
0.01,1922283
0.01,1996913
0.01,1904546
0.01,1926619
0.01,1942867
0.01,1921831
0.01,1925908
0.01,1924765
0.01,1870621
0.01,1906322
0.01,1819836
0.01,1794343
0.01,1820649
0.01,1751935
0.01,1787596
0.01,1776860
0.01,1749478
0.01,1774603
0.01,1741127
0.01,1768990
0.01,1777627
0.01,1845139
0.01,1887548
0.01,1896946
0.01,1737933
0.01,1716246
0.01,1698730
0.01,1701276
0.01,1677825
0.01,1669356
0.01,1720592
0.01,1728083
0.01,1789330
0.01,1827827
0.01,1746561
0.01,1833687
0.01,1843528
0.01,1826742
0.01,1841174
0.01,1824349
0.01,1804474
0.01,1895000
0.01,1837519
0.01,1838795
0.01,1784661
0.01,1754146
0.01,1708263
0.01,1705243
0.01,1664365
0.01,1704696
0.01,1687171
0.01,1705957
0.01,1727284
0.01,1696304
0.01,1740233
0.01,1791499
0.01,1776869
0.01,1819127
0.01,1822722
0.01,1811894
0.01,1826489
0.01,1809675
0.01,1787153
0.01,1876240
0.01,1825300
0.02,1833628
0.02,1775302
0.02,1736691
0.02,1683407
0.02,1670031
0.02,1651664
0.02,1638758
0.02,1725615
0.02,1679677
0.02,1705887
0.02,1745184
0.02,1771536
0.02,1845357
0.02,1893165
0.02,1886878
0.02,1905763
0.02,1913707
0.02,1939737
0.02,1921697
0.02,1888090
0.02,1893930
0.02,1944669
0.02,1878382
0.02,1881017
0.02,1867462
0.02,1877153
0.02,1867399
0.02,1865635
0.02,1886733
0.02,1851172
0.02,1851294
0.02,1787732
0.02,1786553
0.02,1773865
0.02,1746409
0.02,1761272
0.02,1768841
0.02,1742792
0.02,1695188
0.02,1692444
0.02,1698543
0.02,1677828
0.02,1675344
0.02,1680594
0.02,1665834
0.02,1678992
0.02,1693653
0.02,1684512
0.02,1724584
0.02,1789891
0.02,1721525
0.02,1795247
0.02,1793235
0.02,1792334
0.02,1739955
0.02,1738764
0.02,1622641
0.02,1640743
0.02,1722466
0.02,1715689
0.02,1741994
0.02,1732433
0.02,1746595
0.02,1717872
0.02,1612515
0.02,1597293
0.02,1595926
0.02,1580831
0.02,1565756
0.02,1562782
0.02,1570918
0.02,1608057
0.02,1592710
0.02,1596905
0.02,1635218
0.02,1687146
0.02,1673881
0.02,1679555
0.02,1671148
0.02,1663126
0.02,1545919
0.02,1523837
0.02,1548047
0.02,1538037
0.02,1539789
0.02,1568672
0.02,1590183
0.02,1637152
0.02,1685754
0.02,1645634
0.02,1688002
0.02,1694713
0.02,1692098
0.02,1696480
0.02,1678828
0.02,1667397
0.02,1754778
0.02,1695721
0.02,1706756
0.02,1643551
0.02,1589562
0.02,1551065
0.02,1568153
0.02,1517408
0.02,1494374
0.02,1487286
0.02,1469003
0.02,1484814
0.02,1463326
0.02,1445822
0.02,1434980
0.02,1424160
0.02,1426324
0.02,1448863
0.02,1413582
0.02,1403749
0.02,1394356
0.02,1380676
0.02,1371991
0.02,1385767
0.02,1381070
0.02,1363957
0.02,1356342
0.02,1482360
0.02,1525137
0.02,1526968
0.02,1583094
0.02,1608741
0.02,1674045
0.02,1684986
0.02,1703908
0.02,1676517
0.02,1620189
0.02,1666714
0.02,1699143
0.02,1623635
0.02,1636082
0.02,1619993
0.02,1647037
0.02,1652211
0.02,1635232
0.02,1677546
0.02,1744918
0.02,1709264
0.02,1748118
0.02,1652913
0.02,1616381
0.02,1578490
0.02,1553465
0.02,1514815
0.02,1486524
0.02,1462953
0.02,1414638
0.02,1429589
0.02,1415747
0.02,1399215
0.02,1396164
0.02,1398663
0.02,1401151
0.02,1395697
0.02,1400451
0.02,1402952
0.02,1407363
0.02,1405953
0.02,1391704
0.02,1364261
0.02,1351858
0.02,1345816
0.02,1344686
0.02,1351006
0.02,1356163
0.02,1340847
0.02,1335077
0.02,1330066
0.02,1325208
0.02,1433971
0.02,1457363
0.02,1456908
0.02,1461546
0.02,1461967
0.02,1465222
0.02,1448903
0.02,1528499
0.02,1529422
0.02,1472618
0.02,1533150
0.02,1527147
0.02,1574126
0.02,1575878
0.02,1568664
0.02,1587217
0.02,1555312
0.02,1574358
0.02,1606274
0.02,1518849
0.02,1526073
0.02,1532332
0.02,1506900
0.02,1574021
0.02,1571044
0.02,1599085
0.02,1690490
0.02,1625546
0.02,1636087
0.02,1537473
0.02,1508511
0.02,1447953
0.02,1410145
0.02,1365349
0.02,1359709
0.02,1347057
0.02,1346967
0.02,1358294
0.02,1365334
0.02,1368831
0.02,1377200
0.02,1369182
0.02,1339582
0.02,1321470
0.02,1318610
0.02,1314621
0.02,1311345
0.02,1315940
0.02,1323887
0.02,1321504
0.02,1307331
0.02,1314524
0.02,1316951
0.02,1321511
0.02,1320962
0.02,1315703
0.02,1326215
0.02,1304400
0.02,1306647
0.02,1309940
0.02,1307129
0.02,1308383
0.02,1320725
0.02,1301368
0.02,1297215
0.02,1294921
0.02,1318567
0.02,1332651
0.02,1334382
0.02,1350874
0.02,1373892
0.02,1416106
0.02,1479544
0.02,1428201
0.02,1470569
0.02,1476341
0.02,1473488
0.02,1486186
0.02,1454711
0.02,1468579
0.02,1543790
0.02,1487973
0.02,1487827
0.02,1441334
0.02,1370863
0.02,1336576
0.02,1342273
0.02,1317084
0.02,1313871
0.02,1302175
0.02,1301920
0.02,1294412
0.02,1294797
0.02,1303130
0.02,1320120
0.02,1350178
0.02,1370968
0.02,1366417
0.02,1360874
0.02,1357911
0.02,1388061
0.02,1454716
0.02,1423681
0.02,1476085
0.02,1479884
0.02,1469629
0.02,1486765
0.02,1466937
0.02,1452748
0.02,1520786
0.02,1469302
0.02,1475893
0.02,1430162
0.02,1387646
0.02,1351540
0.02,1347814
0.02,1323252
0.02,1310349
0.02,1293920
0.02,1291551
0.02,1290375
0.02,1293645
0.02,1291782
0.02,1286778
0.02,1285178
0.02,1283609
0.02,1282059
0.02,1280360
0.02,1271406
0.02,1270195
0.02,1269344
0.02,1266567
0.02,1265199
0.02,1265978
0.02,1264509
0.02,1263885
0.02,1263513
0.02,1263259
0.02,1263058
0.02,1262651
0.02,1262520
0.02,1262455
