0.00,10422180
0.00,10192204
0.00,9688257
0.00,9338509
0.00,9030714
0.00,8753075
0.00,8516830
0.00,8473154
0.00,8200678
0.00,8126008
0.00,8072543
0.00,7772998
0.00,7531473
0.00,7374441
0.00,7378657
0.00,7129415
0.00,7185760
0.00,7019000
0.00,7007557
0.00,6756027
0.00,6799411
0.00,6756442
0.00,6669302
0.00,6588515
0.00,6290827
0.00,6108970
0.00,6127189
0.00,6247046
0.00,5883429
0.00,5858254
0.00,5809182
0.00,5540969
0.00,5461248
0.00,5522899
0.00,5581297
0.00,5337031
0.00,5332688
0.00,5114693
0.00,5113649
0.00,5144965
0.00,5178029
0.00,5127565
0.00,5035381
0.00,4928514
0.00,4736702
0.00,4749387
0.00,4613567
0.00,4590343
0.00,4607679
0.00,4620914
0.00,4635231
0.00,4582123
0.00,4615992
0.01,4634579
0.01,4607007
0.01,4631511
0.01,4597917
0.01,4534247
0.01,4640978
0.01,4324492
0.01,4165889
0.01,4129376
0.01,4234396
0.01,4252082
0.01,4225544
0.01,4231764
0.01,4235451
0.01,4239497
0.01,4224464
0.01,4271606
0.01,4116300
0.01,4127966
0.01,3969128
0.01,3884103
0.01,3985803
0.01,4030141
0.01,4035427
0.01,3940296
0.01,3834071
0.01,3634138
0.01,3616100
0.01,3618675
0.01,3621038
0.01,3811589
0.01,3782786
0.01,3800013
0.01,3669323
0.01,3673779
0.01,3748125
0.01,3696753
0.01,3706566
0.01,3713066
0.01,3752586
0.01,3655383
0.01,3640024
0.01,3572307
0.01,3618682
0.01,3608205
0.01,3464821
0.01,3355533
0.01,3293791
0.01,3347188
0.01,3304788
0.01,3300683
0.01,3166634
0.01,3184907
0.01,3177422
0.01,3327267
0.01,3396298
0.01,3322009
0.01,3323974
0.01,3321308
0.01,3299793
0.01,3301885
0.01,3277135
0.01,3142118
0.01,3115832
0.01,3122813
0.01,3009295
0.01,2968400
0.01,3059231
0.01,3012957
0.01,2891640
0.01,2854286
0.01,2865541
0.01,2944934
0.01,3008170
0.01,2964711
0.01,2906736
0.01,2839312
0.01,2817532
0.01,2956537
0.01,2958355
0.01,2933823
0.01,2808509
0.01,2875931
0.01,2915952
0.01,2941505
0.01,2901864
0.01,2919901
0.01,2861237
0.01,2851776
0.01,2835110
0.01,2710253
0.01,2660907
0.01,2582995
0.01,2514386
0.01,2448555
0.01,2427961
0.01,2426320
0.01,2404989
0.01,2453063
0.01,2471816
0.01,2506255
0.01,2529133
0.01,2549248
0.01,2462898
0.01,2498501
0.01,2500699
0.01,2511252
0.01,2453172
0.01,2421655
0.01,2419898
0.01,2388596
0.01,2415403
0.01,2420019
0.01,2358107
0.01,2492903
0.01,2493523
0.01,2442336
0.01,2419480
0.01,2422080
0.01,2437405
0.01,2395916
0.01,2384228
0.01,2305214
0.01,2318307
0.01,2319324
0.01,2454672
0.01,2476980
0.01,2372746
0.01,2268321
0.01,2272110
0.01,2367734
0.01,2422100
0.01,2382341
0.01,2335904
0.01,2345159
0.01,2400521
0.01,2393215
0.01,2397101
0.01,2289737
0.01,2266588
0.01,2228231
0.01,2194310
0.01,2200210
0.01,2175975
0.01,2170387
0.01,2211478
0.01,2258219
0.01,2304760
0.01,2286347
0.01,2336539
0.01,2275359
0.01,2258037
0.01,2268773
0.01,2286228
0.01,2271990
0.01,2106609
0.01,2134775
0.01,2141537
0.01,2217506
0.01,2169564
0.01,2159400
0.01,2186741
0.01,2193680
0.01,2179982
0.01,2200744
0.01,2304399
0.01,2314237
0.01,2268805
0.01,2228432
0.01,2251420
0.01,2279446
0.01,2259666
0.01,2239141
0.01,2201987
0.01,2147543
0.01,2106616
0.01,2172337
0.01,2203841
0.01,2234794
0.01,2158961
0.01,2157104
0.01,2127068
0.01,2150817
0.01,2177460
0.01,2224615
0.01,2205306
0.01,2188114
0.01,2102729
0.01,2119805
0.01,2048586
0.01,2062484
0.01,2069150
0.02,1996009
0.02,1951636
0.02,1915053
0.02,1908557
0.02,1931797
0.02,1966180
0.02,1977840
0.02,2037167
0.02,1964325
0.02,1968845
0.02,1998937
0.02,2012785
0.02,2005055
0.02,2018959
0.02,2114966
0.02,2136242
0.02,2136904
0.02,2129172
0.02,2123068
0.02,2132033
0.02,2088009
0.02,2112152
0.02,2110379
0.02,2114884
0.02,2109136
0.02,2152113
0.02,2137813
0.02,2182461
0.02,2181787
0.02,2192527
0.02,2159404
0.02,2119887
0.02,2037391
0.02,2035661
0.02,2010574
0.02,2065933
0.02,2001149
0.02,1978592
0.02,1981099
0.02,1871100
0.02,1856172
0.02,1857086
0.02,1844718
0.02,1876864
0.02,1804280
0.02,1797036
0.02,1834416
0.02,1821336
0.02,1851997
0.02,1912110
0.02,1958829
0.02,1957520
0.02,2009178
0.02,1942808
0.02,1905980
0.02,1924006
0.02,1912544
0.02,1904875
0.02,1856123
0.02,1819455
0.02,1799480
0.02,1826963
0.02,1885668
0.02,1860852
0.02,1817397
0.02,1806900
0.02,1842535
0.02,1856661
0.02,1951483
0.02,1990540
0.02,1971892
0.02,1977243
0.02,1936881
0.02,1995636
0.02,1993953
0.02,1986392
0.02,1873836
0.02,1867007
0.02,1844632
0.02,1832391
0.02,1762151
0.02,1733612
0.02,1720417
0.02,1726747
0.02,1734428
0.02,1741755
0.02,1731264
0.02,1737264
0.02,1741263
0.02,1776333
0.02,1791757
0.02,1861419
0.02,1873048
0.02,1800800
0.02,1848209
0.02,1845105
0.02,1878273
0.02,1986110
0.02,1994028
0.02,2010431
0.02,2009625
0.02,2054638
0.02,2071565
0.02,2087551
0.02,2041552
0.02,2011995
0.02,2010125
0.02,1953154
0.02,1981924
0.02,1976817
0.02,1981562
0.02,1999403
0.02,2000646
0.02,1981025
0.02,2022287
0.02,2049438
0.02,1952134
0.02,1928002
0.02,1861398
0.02,1850450
0.02,1756148
0.02,1741906
0.02,1775110
0.02,1759697
0.02,1798805
0.02,1708797
0.02,1674583
0.02,1676216
0.02,1649330
0.02,1626773
0.02,1614024
0.02,1594080
0.02,1572876
0.02,1550851
0.02,1612231
0.02,1613154
0.02,1628786
0.02,1623344
0.02,1594730
0.02,1559629
0.02,1531444
0.02,1538688
0.02,1529426
0.02,1513847
0.02,1553833
0.02,1564070
0.02,1562360
0.02,1560926
0.02,1582483
0.02,1652744
0.02,1659851
0.02,1649513
0.02,1599351
0.02,1590493
0.02,1631253
0.02,1507814
0.02,1514905
0.02,1558698
0.02,1554000
0.02,1594758
0.02,1641686
0.02,1686852
0.02,1658315
0.02,1705320
0.02,1617974
0.02,1587709
0.02,1616065
0.02,1605600
0.02,1568177
0.02,1492623
0.02,1488914
0.02,1481772
0.02,1484996
0.02,1468701
0.02,1494756
0.02,1513605
0.02,1581508
0.02,1579052
0.02,1524460
0.02,1524193
0.02,1549603
0.02,1577482
0.02,1630191
0.02,1733785
0.02,1746495
0.02,1626186
0.02,1626619
0.02,1609371
0.02,1585411
0.02,1596601
0.02,1595561
0.02,1586152
0.02,1562782
0.02,1574328
0.02,1571211
0.02,1559114
0.02,1570007
0.02,1477590
0.02,1454826
0.02,1443766
0.02,1428952
0.02,1418393
0.02,1412164
0.02,1425936
0.02,1456652
0.02,1465317
0.02,1478604
0.02,1462814
0.02,1463409
0.02,1427346
0.02,1526237
0.02,1507847
0.02,1526908
0.02,1425877
0.02,1396019
0.02,1386487
0.02,1377534
0.02,1377911
0.02,1368607
0.02,1358472
0.02,1352263
0.02,1354385
0.02,1355424
0.02,1346628
0.02,1361220
0.02,1422500
0.02,1444050
0.02,1509094
0.02,1508775
0.02,1466617
0.02,1464673
0.02,1465255
0.02,1479071
0.02,1516663
0.02,1595859
0.02,1597938
0.02,1608534
0.02,1607653
0.02,1605701
0.02,1603051
0.02,1571822
0.02,1629489
0.02,1633446
0.02,1618774
0.02,1607288
0.02,1663038
0.02,1759449
0.02,1780127
0.02,1813004
0.02,1792679
0.02,1781972
0.02,1734159
0.02,1737968
0.02,1769107
0.02,1702486
0.02,1679693
0.02,1622632
0.02,1668327
0.02,1640584
0.02,1647556
0.02,1644629
0.02,1652728
0.02,1651947
0.02,1645935
0.02,1642969
0.02,1535379
0.02,1501583
0.02,1491333
0.02,1446518
0.02,1524964
0.02,1523359
0.02,1455805
0.02,1414719
0.02,1361303
0.02,1349710
0.02,1353234
0.02,1340250
0.02,1334309
0.02,1328438
0.02,1322620
0.02,1340583
0.02,1344377
0.02,1367029
0.02,1374624
0.02,1376049
0.02,1379971
0.02,1405313
0.02,1480830
0.02,1490001
0.02,1513591
0.02,1478655
0.02,1487074
0.02,1554508
0.02,1499380
0.02,1520396
0.02,1452615
0.02,1397430
0.02,1322208
0.02,1322924
0.02,1321215
0.02,1321831
0.02,1323212
0.02,1312343
0.02,1307247
0.02,1316496
0.02,1303892
0.02,1300027
0.02,1296211
0.02,1297200
0.02,1299160
0.02,1296785
0.02,1291940
0.02,1289213
0.02,1286786
0.02,1284360
0.02,1282062
0.02,1279907
0.02,1286954
0.02,1277543
0.02,1275524
0.02,1273834
0.02,1272309
0.02,1272395
0.02,1270885
0.02,1269475
0.02,1268369
0.02,1267551
0.02,1266330
0.02,1265589
0.02,1265037
0.02,1266088
0.02,1264563
0.02,1264167
0.02,1263829
0.02,1263409
0.02,1263208
0.02,1262801
0.02,1262659
0.02,1262594
