0.00,10299691
0.00,9682452
0.00,9649972
0.00,9514665
0.00,9174579
0.00,8889922
0.00,8573782
0.00,8329506
0.00,8085181
0.00,7814823
0.00,7773422
0.00,7295581
0.00,7032139
0.00,7026425
0.00,7026595
0.00,6982860
0.00,6836321
0.00,6550523
0.00,6279850
0.00,6252091
0.00,6236221
0.00,6071163
0.00,5936995
0.00,5819054
0.00,5705556
0.00,5754185
0.00,5781990
0.00,5681007
0.00,5646657
0.00,5636916
0.00,5469432
0.00,5382255
0.00,5253866
0.00,5126365
0.00,4939857
0.00,4696616
0.00,4695293
0.00,4733419
0.00,4778185
0.00,4776269
0.00,4784978
0.00,4638009
0.00,4590535
0.00,4661706
0.00,4750286
0.00,4690281
0.00,4638861
0.00,4647294
0.00,4711004
0.00,4714526
0.00,4624420
0.00,4420943
0.00,4433205
0.00,4472812
0.00,4413714
0.01,4378661
0.01,4470878
0.01,4421304
0.01,4408959
0.01,4341932
0.01,4231257
0.01,4324146
0.01,4335009
0.01,4277147
0.01,4183117
0.01,4255732
0.01,4242970
0.01,4137985
0.01,4114387
0.01,4106567
0.01,4101911
0.01,4039003
0.01,3925295
0.01,3907728
0.01,3960628
0.01,4006881
0.01,3895546
0.01,3936760
0.01,3916798
0.01,3889232
0.01,3771004
0.01,3564105
0.01,3477537
0.01,3494443
0.01,3499834
0.01,3535205
0.01,3447323
0.01,3527536
0.01,3406836
0.01,3348513
0.01,3353435
0.01,3317756
0.01,3376974
0.01,3362375
0.01,3510402
0.01,3448922
0.01,3365393
0.01,3275216
0.01,3335293
0.01,3290857
0.01,3232448
0.01,3135422
0.01,3092642
0.01,3004529
0.01,3119545
0.01,3206610
0.01,3179387
0.01,3049499
0.01,3083893
0.01,3027573
0.01,2957455
0.01,2893462
0.01,2847971
0.01,2814439
0.01,2841691
0.01,2968630
0.01,2892884
0.01,2967372
0.01,2967032
0.01,2835611
0.01,2843903
0.01,2743226
0.01,2755598
0.01,2821101
0.01,2868504
0.01,2923255
0.01,2853899
0.01,2838405
0.01,2906073
0.01,2923871
0.01,2986301
0.01,2998278
0.01,3003253
0.01,2998782
0.01,2989693
0.01,2893744
0.01,2945290
0.01,2981507
0.01,2966501
0.01,2913002
0.01,2915341
0.01,2918856
0.01,2920394
0.01,2981726
0.01,2838246
0.01,2839128
0.01,2803422
0.01,2728707
0.01,2755699
0.01,2748694
0.01,2747918
0.01,2801899
0.01,2758293
0.01,2703230
0.01,2652303
0.01,2649216
0.01,2658295
0.01,2626152
0.01,2563739
0.01,2571143
0.01,2487899
0.01,2495154
0.01,2418599
0.01,2472119
0.01,2448228
0.01,2468678
0.01,2469008
0.01,2425770
0.01,2454030
0.01,2576203
0.01,2569170
0.01,2440594
0.01,2436012
0.01,2523673
0.01,2592304
0.01,2563461
0.01,2574814
0.01,2533050
0.01,2588104
0.01,2620258
0.01,2623246
0.01,2612074
0.01,2584762
0.01,2667036
0.01,2665382
0.01,2673704
0.01,2679378
0.01,2619194
0.01,2612487
0.01,2620530
0.01,2649705
0.01,2674806
0.01,2623636
0.01,2606326
0.01,2611775
0.01,2494534
0.01,2435139
0.01,2482491
0.01,2491567
0.01,2427556
0.01,2395034
0.01,2421085
0.01,2377603
0.01,2349138
0.01,2345429
0.01,2348341
0.01,2399004
0.01,2443912
0.01,2490354
0.01,2464392
0.01,2519787
0.01,2454148
0.01,2462389
0.01,2384630
0.01,2390054
0.01,2434727
0.01,2435519
0.01,2417234
0.01,2473506
0.01,2481352
0.01,2407047
0.01,2339010
0.01,2375583
0.01,2420729
0.01,2436356
0.01,2408807
0.01,2395303
0.01,2341730
0.01,2315632
0.01,2333287
0.01,2334773
0.01,2290910
0.01,2331940
0.01,2342925
0.01,2333149
0.01,2347290
0.01,2231024
0.01,2202147
0.01,2153317
0.01,2120463
0.01,2123685
0.01,2164368
0.01,2069062
0.01,2065723
0.01,2071980
0.01,2070632
0.01,2046526
0.01,2008804
0.01,2010199
0.01,1970344
0.01,1906276
0.01,1863901
0.01,1819754
0.01,1883876
0.01,1999446
0.01,1958329
0.01,1941229
0.01,1959661
0.01,1973709
0.01,1965958
0.01,1961692
0.01,1956517
0.01,1861055
0.01,1856051
0.01,1772868
0.01,1799824
0.01,1758565
0.01,1738507
0.01,1712956
0.01,1727649
0.01,1776429
0.01,1776937
0.01,1774611
0.01,1782586
0.01,1805013
0.01,1773276
0.01,1773920
0.01,1855159
0.01,1850993
0.01,1924406
0.01,1874159
0.01,1867933
0.01,1818131
0.01,1791855
0.01,1748182
0.01,1749698
0.01,1705890
0.01,1696314
0.01,1739979
0.01,1808190
0.01,1829853
0.01,1845077
0.01,1910350
0.01,1936038
0.01,1932823
0.01,1930764
0.02,1841008
0.02,1863563
0.02,1860523
0.02,1887021
0.02,1897066
0.02,1911010
0.02,1910380
0.02,2050510
0.02,2031743
0.02,2009249
0.02,2008064
0.02,1998147
0.02,1981365
0.02,1981824
0.02,1992193
0.02,1983815
0.02,1939350
0.02,1969778
0.02,1969595
0.02,1977653
0.02,1972332
0.02,1957968
0.02,1921325
0.02,1916925
0.02,1923193
0.02,1810409
0.02,1779910
0.02,1770408
0.02,1730128
0.02,1776037
0.02,1837852
0.02,1856764
0.02,1826886
0.02,1833771
0.02,1817641
0.02,1788583
0.02,1768894
0.02,1819799
0.02,1817803
0.02,1882449
0.02,1789085
0.02,1790394
0.02,1722371
0.02,1670055
0.02,1643877
0.02,1620414
0.02,1658244
0.02,1629367
0.02,1585995
0.02,1589315
0.02,1563700
0.02,1547124
0.02,1528953
0.02,1525084
0.02,1507793
0.02,1490588
0.02,1473670
0.02,1457906
0.02,1547870
0.02,1602665
0.02,1646060
0.02,1663815
0.02,1672000
0.02,1708997
0.02,1698908
0.02,1657200
0.02,1655759
0.02,1639534
0.02,1630331
0.02,1668436
0.02,1685594
0.02,1707208
0.02,1765785
0.02,1766553
0.02,1776173
0.02,1801933
0.02,1793415
0.02,1799531
0.02,1808558
0.02,1770015
0.02,1752957
0.02,1713617
0.02,1740613
0.02,1735267
0.02,1747252
0.02,1749191
0.02,1739754
0.02,1728524
0.02,1691692
0.02,1692608
0.02,1584700
0.02,1545359
0.02,1549873
0.02,1508617
0.02,1528080
0.02,1619504
0.02,1611112
0.02,1618033
0.02,1627776
0.02,1606716
0.02,1607744
0.02,1555428
0.02,1546387
0.02,1616160
0.02,1667478
0.02,1604006
0.02,1566680
0.02,1517195
0.02,1442224
0.02,1429388
0.02,1424583
0.02,1452623
0.02,1456981
0.02,1459030
0.02,1464211
0.02,1457593
0.02,1460806
0.02,1462032
0.02,1411490
0.02,1416295
0.02,1419943
0.02,1423059
0.02,1427588
0.02,1441731
0.02,1437857
0.02,1434005
0.02,1447888
0.02,1400461
0.02,1386450
0.02,1380963
0.02,1370872
0.02,1360847
0.02,1349370
0.02,1356623
0.02,1340689
0.02,1334360
0.02,1328211
0.02,1320365
0.02,1320201
0.02,1320614
0.02,1333777
0.02,1317257
0.02,1316769
0.02,1316405
0.02,1316579
0.02,1313875
0.02,1313818
0.02,1316666
0.02,1312416
0.02,1311950
0.02,1309784
0.02,1304503
0.02,1299366
0.02,1295465
0.02,1311263
0.02,1302304
0.02,1304294
0.02,1296138
0.02,1291001
0.02,1292996
0.02,1286602
0.02,1282268
0.02,1286730
0.02,1293983
0.02,1278049
0.02,1274076
0.02,1270486
0.02,1271271
0.02,1268039
0.02,1264585
0.02,1261307
0.02,1259147
0.02,1259404
0.02,1259972
0.02,1262756
0.02,1271993
0.02,1256040
0.02,1253004
0.02,1251203
0.02,1300951
0.02,1306495
0.02,1359280
0.02,1391735
0.02,1474550
0.02,1511904
0.02,1510142
0.02,1516385
0.02,1506531
0.02,1492090
0.02,1441557
0.02,1441300
0.02,1438620
0.02,1424449
0.02,1430300
0.02,1437058
0.02,1449471
0.02,1512762
0.02,1534460
0.02,1569706
0.02,1594238
0.02,1606050
0.02,1611652
0.02,1631866
0.02,1597650
0.02,1568645
0.02,1528910
0.02,1577061
0.02,1560557
0.02,1577690
0.02,1572027
0.02,1567719
0.02,1561818
0.02,1550719
0.02,1548186
0.02,1447426
0.02,1409159
0.02,1405624
0.02,1356321
0.02,1365159
0.02,1431565
0.02,1432089
0.02,1424692
0.02,1438668
0.02,1414164
0.02,1401958
0.02,1321089
0.02,1319303
0.02,1350266
0.02,1421620
0.02,1356980
0.02,1311841
0.02,1248984
0.02,1246671
0.02,1245167
0.02,1243659
0.02,1242418
0.02,1240890
0.02,1239712
0.02,1291038
0.02,1295768
0.02,1322648
0.02,1350475
0.02,1405596
0.02,1494482
0.02,1497126
0.02,1504397
0.02,1497248
0.02,1471133
0.02,1480984
0.02,1432886
0.02,1423146
0.02,1422070
0.02,1409987
0.02,1419364
0.02,1423574
0.02,1445419
0.02,1524810
0.02,1551092
0.02,1573749
0.02,1587707
0.02,1593688
0.02,1602739
0.02,1622370
0.02,1584631
0.02,1561392
0.02,1535805
0.02,1556698
0.02,1553384
0.02,1563025
0.02,1557240
0.02,1553359
0.02,1548699
0.02,1539022
0.02,1534795
0.02,1437146
0.02,1398799
0.02,1394215
0.02,1347920
0.02,1354694
0.02,1421210
0.02,1423866
0.02,1412189
0.02,1420981
0.02,1400029
0.02,1377304
0.02,1298601
0.02,1267445
0.02,1284031
0.02,1387127
0.02,1322487
0.02,1277348
0.02,1214491
0.02,1213461
0.02,1212655
0.02,1211849
0.02,1211070
0.02,1243120
0.02,1248673
0.02,1257616
0.02,1244095
0.02,1236883
0.02,1250518
0.02,1248965
0.02,1244403
0.02,1248618
0.02,1252806
0.02,1259451
0.02,1264539
0.02,1250305
0.02,1226523
0.02,1243021
0.02,1237223
0.02,1231089
0.02,1235991
0.02,1247749
0.02,1252579
0.02,1257190
0.02,1245468
0.02,1203557
0.02,1191859
0.02,1189423
0.02,1190549
0.02,1189124
0.02,1188283
0.02,1189691
0.02,1181273
0.02,1180637
0.02,1180085
0.02,1179603
0.02,1179190
0.02,1178678
0.02,1177899
0.02,1177503
0.02,1182942
0.02,1184734
0.02,1183649
0.02,1184850
0.02,1184237
0.02,1181879
0.02,1184066
0.02,1194524
0.02,1177350
0.02,1182297
0.02,1183256
0.02,1183791
0.02,1184913
0.02,1186116
0.02,1183836
0.02,1188011
0.02,1201537
0.02,1184097
0.02,1179300
0.02,1176388
0.02,1176323
0.02,1176272
