0.00, 10325616
0.00, 10302676
0.00, 10156957
0.00, 10151283
0.00, 10045581
0.00, 10045455
0.00, 9991453
0.00, 9928557
0.00, 9846951
0.00, 9791822
0.00, 9774926
0.00, 9733478
0.00, 9464799
0.00, 9436956
0.00, 9424138
0.00, 9421391
0.00, 9412440
0.00, 9359115
0.00, 9308108
0.00, 9295075
0.00, 9279252
0.00, 9251615
0.00, 9083619
0.00, 9057912
0.00, 8870225
0.00, 8848862
0.00, 8806645
0.00, 8553045
0.00, 8530511
0.00, 8498173
0.00, 8472856
0.00, 8469382
0.00, 8443719
0.00, 8435928
0.00, 8345511
0.00, 8175635
0.00, 8156373
0.00, 8140753
0.00, 8039993
0.00, 8036966
0.00, 8010596
0.00, 7943856
0.00, 7920252
0.00, 7855783
0.00, 7846194
0.00, 7824660
0.00, 7781054
0.00, 7723688
0.00, 7655371
0.00, 7654538
0.00, 7617321
0.00, 7540211
0.00, 7443935
0.00, 7436895
0.00, 7433779
0.00, 7408482
0.00, 7267461
0.00, 7211182
0.00, 7179604
0.00, 7173803
0.00, 7015198
0.00, 6975836
0.01, 6884624
0.01, 6879265
0.01, 6822230
0.01, 6810812
0.01, 6807623
0.01, 6806028
0.01, 6805482
0.01, 6786539
0.01, 6772137
0.01, 6596735
0.01, 6582894
0.01, 6582416
0.01, 6581703
0.01, 6577331
0.01, 6555012
0.01, 6540695
0.01, 6492818
0.01, 6404900
0.01, 6404085
0.01, 6403283
0.01, 6360061
0.01, 6314959
0.01, 6261321
0.01, 6257953
0.01, 6254124
0.01, 6224164
0.01, 6193817
0.01, 6110977
0.01, 6094271
0.01, 6092551
0.01, 6059402
0.01, 6056290
0.01, 6026722
0.01, 5980507
0.01, 5960640
0.01, 5959888
0.01, 5862938
0.01, 5861997
0.01, 5849805
0.01, 5781120
0.01, 5694927
0.01, 5581618
0.01, 5580838
0.01, 5566184
0.01, 5560279
0.01, 5507656
0.01, 5486863
0.01, 5476529
0.01, 5475559
0.01, 5474231
0.01, 5469202
0.01, 5440569
0.01, 5361427
0.01, 5354337
0.01, 5279558
0.01, 5215835
0.01, 5213295
0.01, 5185579
0.01, 5105784
0.01, 5105525
0.01, 5096922
0.01, 5093875
0.01, 5091288
0.01, 5086845
0.01, 4981409
0.01, 4972019
0.01, 4957277
0.01, 4949279
0.01, 4898216
0.01, 4896849
0.01, 4889500
0.01, 4888406
0.01, 4869456
0.01, 4863862
0.01, 4844939
0.01, 4842842
0.01, 4832568
0.01, 4821678
0.01, 4816625
0.01, 4765646
0.01, 4764417
0.01, 4757941
0.01, 4757808
0.01, 4753091
0.01, 4743080
0.01, 4723234
0.01, 4705503
0.01, 4684755
0.01, 4683518
0.01, 4668846
0.01, 4668307
0.01, 4635759
0.01, 4635486
0.01, 4629710
0.01, 4628868
0.01, 4621861
0.01, 4618942
0.01, 4613716
0.01, 4569990
0.01, 4561322
0.01, 4512082
0.01, 4496627
0.01, 4492775
0.01, 4492191
0.01, 4484157
0.01, 4465795
0.01, 4408976
0.01, 4394539
0.01, 4380061
0.01, 4361107
0.01, 4353519
0.01, 4352983
0.01, 4325226
0.01, 4324992
0.01, 4321872
0.01, 4318672
0.01, 4280965
0.01, 4215530
0.01, 4204722
0.01, 4198542
0.01, 4143422
0.01, 4141684
0.01, 4069655
0.01, 4069650
0.01, 4051081
0.01, 4034921
0.01, 4008997
0.01, 4001951
0.01, 4000224
0.01, 3980907
0.01, 3963881
0.01, 3962831
0.01, 3962223
0.01, 3942009
0.01, 3921977
0.01, 3908807
0.01, 3904607
0.01, 3895287
0.01, 3879267
0.01, 3877478
0.01, 3827618
0.01, 3826795
0.01, 3778631
0.01, 3766509
0.01, 3766284
0.01, 3762472
0.01, 3716844
0.01, 3710324
0.01, 3707183
0.01, 3622126
0.01, 3570554
0.01, 3558201
0.01, 3557877
0.01, 3542973
0.01, 3542283
0.01, 3539770
0.01, 3440545
0.01, 3437138
0.01, 3435573
0.01, 3432619
0.01, 3410853
0.01, 3320276
0.01, 3319959
0.01, 3319933
0.01, 3310038
0.01, 3305379
0.01, 3303357
0.01, 3277801
0.01, 3276507
0.01, 3273987
0.01, 3265762
0.01, 3252188
0.01, 3239657
0.01, 3229439
0.01, 3216235
0.01, 3205148
0.01, 3196984
0.01, 3118912
0.01, 3118164
0.01, 3112606
0.01, 3110596
0.01, 3110016
0.01, 3073718
0.01, 3068923
0.01, 3063271
0.01, 3057582
0.01, 3048719
0.01, 3041745
0.01, 3039945
0.02, 3016537
0.02, 2895484
0.02, 2884804
0.02, 2869677
0.02, 2863218
0.02, 2858854
0.02, 2852481
0.02, 2849896
0.02, 2841346
0.02, 2838305
0.02, 2831075
0.03, 2831055
0.03, 2791959
0.03, 2791711
0.03, 2791260
0.03, 2787260
0.03, 2783348
0.04, 2770643
0.04, 2756952
0.04, 2717377
0.04, 2717315
0.04, 2704312
0.04, 2701905
0.04, 2693078
0.04, 2689327
0.04, 2688540
0.05, 2652745
0.05, 2613793
0.05, 2601343
0.05, 2565851
0.05, 2565647
0.05, 2551486
0.05, 2541751
0.05, 2540386
0.05, 2522727
0.05, 2520230
0.05, 2517104
0.05, 2501081
0.05, 2488469
0.06, 2458215
0.06, 2457560
0.12, 2454411
0.12, 2407838
0.12, 2407290
0.12, 2403756
0.12, 2396200
0.12, 2387924
0.12, 2378197
0.12, 2377273
0.12, 2368300
0.12, 2357262
0.12, 2354497
0.12, 2313995
0.12, 2308654
0.12, 2288960
0.12, 2281046
0.12, 2235377
0.12, 2225748
0.12, 2223421
0.12, 2222996
0.12, 2194115
0.12, 2188856
0.12, 2153197
0.12, 2134979
0.12, 2114769
0.12, 2099006
0.12, 2087352
0.12, 2080926
0.12, 2080139
0.14, 2063862
0.14, 2053112
0.14, 2036018
0.14, 2033027
0.16, 2018593
0.16, 2014916
0.18, 2014546
0.18, 2011511
0.18, 2007138
0.18, 2004135
0.18, 1998544
0.18, 1997418
0.19, 1993981
0.21, 1983664
0.21, 1983260
0.21, 1976859
0.21, 1975384
0.21, 1962949
0.21, 1959040
0.21, 1944605
0.21, 1942412
0.21, 1939342
0.21, 1935843
0.21, 1930530
0.21, 1919528
0.21, 1917883
0.21, 1917375
0.21, 1911068
0.21, 1903355
0.21, 1899952
0.21, 1898253
0.21, 1885175
0.21, 1883235
0.21, 1880322
0.21, 1839708
0.21, 1838450
0.21, 1837743
0.21, 1837166
0.21, 1833515
0.21, 1831630
0.21, 1830618
0.21, 1827643
0.22, 1823875
0.22, 1819353
0.22, 1809136
0.22, 1806883
0.22, 1805219
0.22, 1800635
0.22, 1794554
0.22, 1794410
0.22, 1793888
0.22, 1787621
0.22, 1780489
0.23, 1772619
0.23, 1770226
0.23, 1747333
0.23, 1732454
0.23, 1725377
0.23, 1724894
0.23, 1717941
0.23, 1716982
0.23, 1705456
0.23, 1704726
0.23, 1698056
0.24, 1695793
0.24, 1690398
0.24, 1689703
0.24, 1689474
0.24, 1669878
0.24, 1669423
0.24, 1669313
0.24, 1655865
0.24, 1655818
0.24, 1652921
0.24, 1648468
0.24, 1646416
0.26, 1639112
0.26, 1638078
0.26, 1637501
0.26, 1633943
0.26, 1631739
0.26, 1631549
0.26, 1627484
0.26, 1626575
0.26, 1626526
0.26, 1623627
0.27, 1618783
0.27, 1603335
0.27, 1594994
0.27, 1593460
0.30, 1582495
0.30, 1576300
0.30, 1575887
0.30, 1573973
0.30, 1571650
0.30, 1567508
0.31, 1566108
0.31, 1565284
0.31, 1560787
0.31, 1558819
0.31, 1552931
0.31, 1542089
0.31, 1541817
0.33, 1540947
0.33, 1540799
0.34, 1540333
0.35, 1524647
0.35, 1502426
0.35, 1501803
0.35, 1473694
0.37, 1471534
0.37, 1470728
0.37, 1470023
0.37, 1469874
0.37, 1468545
0.37, 1459437
0.37, 1454510
0.37, 1449794
0.37, 1448791
0.40, 1435408
0.42, 1422146
0.42, 1416348
0.42, 1412225
0.42, 1410629
0.42, 1409786
0.42, 1409737
0.43, 1401918
0.43, 1399153
0.43, 1385331
0.43, 1385300
0.43, 1384344
0.43, 1382836
0.43, 1381243
0.43, 1381213
0.43, 1379687
0.43, 1378401
0.43, 1371475
0.44, 1367568
0.44, 1367402
0.44, 1358896
0.45, 1355073
0.45, 1353014
0.45, 1351152
0.45, 1349554
0.45, 1343243
0.45, 1340181
0.45, 1338696
0.45, 1333771
0.46, 1330539
0.46, 1325620
0.46, 1324663
0.46, 1320783
0.46, 1319921
0.52, 1311628
0.52, 1304050
0.54, 1295268
0.54, 1288526
0.54, 1287831
0.54, 1287173
0.54, 1282292
0.54, 1280483
0.54, 1279209
0.54, 1278566
0.54, 1275880
0.55, 1274892
0.55, 1273511
0.56, 1260666
0.56, 1259259
0.56, 1258321
0.56, 1258273
0.56, 1257624
0.56, 1255834
0.56, 1255156
0.56, 1254092
0.56, 1253217
0.57, 1252873
0.57, 1250478
0.58, 1248639
0.58, 1244974
0.58, 1244375
0.58, 1243691
0.58, 1240616
0.58, 1240039
0.58, 1239359
0.58, 1237908
0.58, 1236926
0.59, 1234992
0.59, 1233814
0.59, 1232482
0.59, 1231552
0.59, 1226957
0.59, 1226457
0.66, 1226325
0.66, 1224137
0.69, 1221799
0.69, 1219844
0.69, 1219702
0.69, 1219480
0.69, 1217875
0.69, 1217414
0.69, 1214655
0.70, 1212184
0.70, 1209867
0.70, 1209754
0.74, 1209652
0.74, 1209041
0.74, 1207379
0.74, 1206715
0.77, 1205914
0.77, 1205323
0.77, 1204597
0.77, 1203650
0.79, 1202795
0.79, 1200085
0.79, 1197767
0.79, 1197710
0.79, 1197567
0.79, 1194750
0.79, 1192324
0.79, 1192146
0.79, 1191882
0.79, 1191849
0.79, 1191802
0.79, 1190777
0.82, 1190247
0.82, 1189254
0.87, 1188914
0.87, 1188517
0.87, 1188087
0.89, 1187710
0.89, 1184345
0.89, 1184222
0.89, 1183923
0.97, 1183908
0.98, 1182483
1.04, 1181967
1.04, 1181825
1.04, 1181671
1.05, 1181097
1.05, 1180440
1.09, 1180370
1.09, 1179653
1.14, 1179044
1.14, 1178982
1.14, 1178799
1.14, 1177885
1.15, 1177806
1.23, 1177308
1.23, 1177243
1.24, 1177232
1.25, 1177219
1.27, 1176819
1.28, 1176816
1.28, 1176677
1.29, 1176587
1.30, 1176467
1.30, 1176416
1.36, 1176327
1.36, 1176262
1.47, 1176211
