0.01, 10463428
0.01, 10441843
0.01, 10323389
0.01, 10323147
0.01, 10286557
0.01, 10284145
0.01, 10283788
0.01, 10097484
0.01, 10075833
0.01, 10033134
0.01, 10032209
0.01, 10031676
0.01, 9976191
0.01, 9974046
0.01, 9848175
0.01, 9762940
0.01, 9675107
0.01, 9667058
0.01, 9640959
0.01, 9573124
0.01, 9406704
0.01, 9395689
0.01, 9323682
0.01, 9321289
0.01, 9214746
0.01, 9051188
0.01, 8978568
0.01, 8976075
0.01, 8864792
0.01, 8699440
0.01, 8685775
0.01, 8669446
0.01, 8627118
0.01, 8595257
0.01, 8572417
0.01, 8504825
0.01, 8403834
0.01, 8367467
0.01, 8336380
0.01, 8312549
0.01, 8279174
0.01, 8094446
0.01, 8055753
0.01, 7973407
0.01, 7963669
0.01, 7955466
0.01, 7955201
0.01, 7936053
0.01, 7840323
0.01, 7836426
0.01, 7782346
0.01, 7782341
0.01, 7754744
0.01, 7741103
0.01, 7648412
0.01, 7580099
0.01, 7544324
0.01, 7544310
0.01, 7503603
0.01, 7483717
0.01, 7435342
0.01, 7373536
0.01, 7335400
0.01, 7333667
0.01, 7306283
0.01, 7290133
0.01, 7284615
0.01, 7263979
0.01, 7198960
0.01, 7138366
0.01, 7138169
0.01, 7135997
0.01, 7131753
0.01, 7120921
0.01, 7120850
0.01, 7034437
0.01, 7011033
0.01, 6926432
0.01, 6913988
0.01, 6883164
0.01, 6858079
0.01, 6845631
0.01, 6843863
0.01, 6825303
0.01, 6816408
0.01, 6803470
0.01, 6791029
0.01, 6715905
0.01, 6713415
0.01, 6711673
0.01, 6710635
0.01, 6677768
0.01, 6670450
0.01, 6662597
0.01, 6649123
0.01, 6635537
0.01, 6629551
0.01, 6567262
0.01, 6565748
0.01, 6563270
0.01, 6534082
0.01, 6488625
0.01, 6454891
0.01, 6435756
0.01, 6412481
0.01, 6407760
0.01, 6401488
0.01, 6398326
0.01, 6351981
0.01, 6334881
0.01, 6263736
0.01, 6159838
0.01, 6056593
0.01, 6030447
0.01, 6014241
0.01, 5964179
0.01, 5947668
0.01, 5927869
0.01, 5907132
0.01, 5860747
0.01, 5821549
0.01, 5817687
0.01, 5809431
0.01, 5803515
0.01, 5799198
0.01, 5798080
0.01, 5761033
0.01, 5758239
0.01, 5711852
0.01, 5653262
0.01, 5635104
0.01, 5634854
0.01, 5578426
0.01, 5569851
0.01, 5518212
0.01, 5513284
0.01, 5503652
0.01, 5492925
0.01, 5475528
0.01, 5379844
0.01, 5366447
0.01, 5357962
0.01, 5348275
0.01, 5285531
0.01, 5168601
0.01, 5167993
0.01, 5156290
0.01, 5154078
0.01, 5100243
0.01, 5057221
0.01, 4996590
0.01, 4979335
0.01, 4974304
0.01, 4972632
0.01, 4963897
0.01, 4890725
0.01, 4872505
0.01, 4850653
0.01, 4840219
0.01, 4808339
0.01, 4805287
0.01, 4795188
0.01, 4794941
0.01, 4760032
0.01, 4732498
0.01, 4700984
0.01, 4699103
0.01, 4670008
0.01, 4666859
0.01, 4658204
0.01, 4645704
0.01, 4645421
0.01, 4645126
0.01, 4638675
0.01, 4638362
0.01, 4631850
0.01, 4629234
0.01, 4572707
0.01, 4570999
0.01, 4570127
0.01, 4564667
0.01, 4564325
0.01, 4491602
0.01, 4414585
0.01, 4375632
0.01, 4358146
0.01, 4343718
0.01, 4321113
0.01, 4259568
0.01, 4253427
0.01, 4235272
0.01, 4233781
0.01, 4231967
0.01, 4224809
0.01, 4221040
0.01, 4205699
0.01, 4172454
0.01, 4161861
0.01, 4153006
0.01, 4147371
0.01, 4137443
0.01, 4135321
0.01, 4079632
0.01, 4073553
0.01, 4005123
0.01, 3969609
0.01, 3945258
0.01, 3859848
0.01, 3818160
0.01, 3810778
0.01, 3753470
0.01, 3748678
0.01, 3741234
0.01, 3732178
0.01, 3695434
0.01, 3669640
0.01, 3666264
0.01, 3661765
0.01, 3659445
0.01, 3620942
0.01, 3598356
0.01, 3582405
0.01, 3551399
0.01, 3547940
0.01, 3547197
0.01, 3530552
0.01, 3526615
0.01, 3493397
0.01, 3492459
0.01, 3491927
0.01, 3478338
0.01, 3476043
0.01, 3465356
0.01, 3454582
0.02, 3450319
0.02, 3434344
0.02, 3434137
0.02, 3430519
0.02, 3427697
0.02, 3413447
0.02, 3409337
0.02, 3407750
0.02, 3393422
0.02, 3392328
0.02, 3347608
0.02, 3332520
0.02, 3329604
0.02, 3322945
0.02, 3309332
0.02, 3303540
0.02, 3294832
0.02, 3263039
0.02, 3261211
0.02, 3258820
0.02, 3209312
0.02, 3183092
0.02, 3182835
0.02, 3159546
0.03, 3088530
0.03, 3083724
0.03, 3073270
0.03, 3066374
0.03, 3043124
0.03, 2986480
0.03, 2982799
0.03, 2979022
0.03, 2972492
0.03, 2926884
0.03, 2908547
0.03, 2902054
0.03, 2836203
0.04, 2834231
0.05, 2803385
0.05, 2775285
0.05, 2774398
0.05, 2709973
0.05, 2709192
0.05, 2663871
0.05, 2661233
0.05, 2653463
0.05, 2643827
0.05, 2641568
0.05, 2604114
0.05, 2566602
0.05, 2551875
0.05, 2551439
0.06, 2525566
0.06, 2487108
0.06, 2476956
0.06, 2475617
0.06, 2474739
0.06, 2465948
0.07, 2460360
0.07, 2456185
0.07, 2452716
0.07, 2451617
0.07, 2426354
0.07, 2362898
0.07, 2337813
0.07, 2318235
0.07, 2310867
0.07, 2307323
0.07, 2271524
0.07, 2263739
0.07, 2259124
0.07, 2246535
0.07, 2224732
0.07, 2215957
0.07, 2199688
0.07, 2187239
0.08, 2170781
0.08, 2169224
0.08, 2137670
0.08, 2129854
0.15, 2129172
0.15, 2114444
0.15, 2113155
0.15, 2101612
0.15, 2086707
0.15, 2081152
0.15, 2062145
0.15, 2051958
0.15, 2050562
0.15, 2040615
0.15, 2035393
0.15, 2032354
0.17, 2028223
0.17, 2024668
0.17, 2023994
0.17, 2013992
0.17, 2002607
0.17, 2000003
0.17, 1998873
0.17, 1996038
0.17, 1987327
0.17, 1943632
0.17, 1943309
0.20, 1939678
0.20, 1935399
0.20, 1919387
0.20, 1918255
0.20, 1891095
0.20, 1888517
0.20, 1887564
0.20, 1886214
0.20, 1885970
0.20, 1878400
0.20, 1875758
0.20, 1875398
0.20, 1875154
0.20, 1874557
0.20, 1851150
0.21, 1832205
0.21, 1827077
0.21, 1826732
0.21, 1824170
0.21, 1821524
0.21, 1813916
0.21, 1813876
0.21, 1813732
0.21, 1783419
0.21, 1781623
0.24, 1748955
0.24, 1743304
0.24, 1740026
0.24, 1730056
0.24, 1715815
0.24, 1713153
0.24, 1703923
0.24, 1693856
0.24, 1677669
0.24, 1677140
0.24, 1673441
0.24, 1672952
0.24, 1662376
0.24, 1660914
0.28, 1652336
0.28, 1646714
0.28, 1646633
0.28, 1645684
0.28, 1633343
0.28, 1630690
0.30, 1629122
0.30, 1628579
0.30, 1627347
0.30, 1618841
0.30, 1615398
0.30, 1615161
0.30, 1602920
0.30, 1591905
0.30, 1591423
0.30, 1583213
0.30, 1583205
0.30, 1583076
0.30, 1581571
0.30, 1575750
0.30, 1575008
0.30, 1557004
0.33, 1554792
0.33, 1554186
0.33, 1552290
0.33, 1551910
0.33, 1545122
0.33, 1544194
0.33, 1543389
0.33, 1535293
0.35, 1528735
0.35, 1528395
0.35, 1525828
0.35, 1524026
0.35, 1521903
0.35, 1515406
0.35, 1511470
0.36, 1500739
0.36, 1500491
0.36, 1496266
0.36, 1489364
0.36, 1488756
0.36, 1488102
0.36, 1486661
0.36, 1483920
0.36, 1465718
0.36, 1463790
0.36, 1463747
0.36, 1458146
0.36, 1457906
0.36, 1457446
0.36, 1436284
0.36, 1431564
0.39, 1430056
0.39, 1428819
0.39, 1419492
0.39, 1418701
0.39, 1418700
0.39, 1413489
0.39, 1412663
0.40, 1406820
0.40, 1402859
0.40, 1402784
0.40, 1402492
0.41, 1398258
0.41, 1398103
0.41, 1397186
0.41, 1393275
0.41, 1375855
0.41, 1373276
0.44, 1373248
0.45, 1360345
0.45, 1355135
0.46, 1352820
0.46, 1341796
0.46, 1337229
0.46, 1331518
0.47, 1325478
0.47, 1324212
0.48, 1323974
0.48, 1321954
0.48, 1320989
0.48, 1320583
0.48, 1313723
0.48, 1313591
0.48, 1312408
0.48, 1312405
0.48, 1306243
0.49, 1300391
0.49, 1293141
0.49, 1289988
0.49, 1285495
0.49, 1282768
0.49, 1280713
0.49, 1279469
0.49, 1272054
0.49, 1270018
0.49, 1268613
0.49, 1267845
0.49, 1267148
0.49, 1263535
0.50, 1262855
0.59, 1259870
0.59, 1259185
0.59, 1253864
0.60, 1252879
0.60, 1250212
0.62, 1244526
0.62, 1243927
0.62, 1243707
0.63, 1238105
0.63, 1237916
0.63, 1236706
0.63, 1231632
0.63, 1231373
0.69, 1230355
0.69, 1229278
0.69, 1226107
0.69, 1220410
0.71, 1217467
0.71, 1212693
0.71, 1211839
0.71, 1211406
0.71, 1208075
0.71, 1204160
0.71, 1203076
0.83, 1202764
0.83, 1202754
0.83, 1202152
0.83, 1199240
0.83, 1198690
0.84, 1198064
0.84, 1197831
0.84, 1196466
0.84, 1196213
0.84, 1196110
0.86, 1195729
0.86, 1193528
0.88, 1190692
0.88, 1190056
0.92, 1189762
0.92, 1186787
0.92, 1185902
0.96, 1185800
0.97, 1184908
0.97, 1182487
0.98, 1182391
0.98, 1182278
1.01, 1182246
1.02, 1182072
1.04, 1181899
1.04, 1181355
1.04, 1181150
1.04, 1180896
1.05, 1180521
1.05, 1180335
1.05, 1179495
1.05, 1179327
1.05, 1178210
1.06, 1177632
1.06, 1177378
1.12, 1177374
1.13, 1177182
1.13, 1176954
1.32, 1176835
1.32, 1176625
1.40, 1176547
1.42, 1176151
