0.01,9879837
0.01,9642565
0.01,9424532
0.01,9263551
0.01,8978585
0.01,8894517
0.01,8615866
0.01,8373420
0.01,8152910
0.01,7665798
0.01,7388628
0.01,7389988
0.01,7134269
0.01,7067052
0.01,6633341
0.01,6476153
0.01,6316542
0.01,6308573
0.01,6126105
0.01,6047898
0.01,5888567
0.01,5709579
0.01,5754880
0.01,5878372
0.01,5567730
0.01,5566410
0.01,5543220
0.01,5586149
0.01,5425645
0.01,5363602
0.01,5300457
0.01,5163816
0.01,5204091
0.01,5038156
0.02,5179998
0.02,5085341
0.02,5144951
0.02,5136235
0.02,5140662
0.02,5102677
0.02,5102764
0.02,5093581
0.02,5193841
0.02,5315849
0.02,5286077
0.02,5137185
0.02,5073472
0.02,4749355
0.02,4586471
0.02,4448317
0.02,4296561
0.02,4159471
0.02,4158919
0.02,4108736
0.02,3985717
0.02,3906544
0.02,3937119
0.02,3824592
0.02,3712103
0.02,3742052
0.02,3758561
0.02,3694732
0.02,3781993
0.02,3730225
0.02,3686005
0.02,3657869
0.02,3638732
0.02,3691670
0.02,3639320
0.02,3627841
0.02,3715985
0.02,3809801
0.02,3667653
0.02,3578922
0.02,3575254
0.02,3622249
0.02,3588398
0.02,3474582
0.02,3527476
0.02,3528481
0.02,3626527
0.02,3561309
0.02,3622896
0.02,3629920
0.02,3587590
0.02,3473257
0.02,3552308
0.02,3535815
0.02,3484411
0.02,3529204
0.02,3632601
0.02,3595518
0.02,3502630
0.02,3581522
0.02,3587741
0.02,3592478
0.02,3552605
0.02,3488425
0.02,3618826
0.02,3569861
0.02,3555195
0.02,3557513
0.02,3471030
0.02,3350990
0.02,3364730
0.02,3386782
0.02,3367546
0.02,3366177
0.02,3377953
0.02,3247019
0.02,3172606
0.02,3125632
0.02,3274719
0.02,3175661
0.02,3108677
0.02,3205249
0.02,3052321
0.02,3018559
0.02,3072948
0.02,3048919
0.02,3048605
0.02,2942384
0.02,2969020
0.02,2983501
0.02,3009372
0.02,3003538
0.02,2959554
0.02,3063997
0.02,3068689
0.02,2988043
0.02,2934527
0.02,2874198
0.02,2864414
0.02,2990754
0.02,2988830
0.02,3004845
0.02,3003239
0.02,3101651
0.02,3058582
0.02,3053015
0.02,3068187
0.02,3068396
0.02,3074840
0.02,3036672
0.02,3069155
0.02,2972296
0.02,2945042
0.02,2942848
0.02,2965601
0.02,2938859
0.02,2862137
0.02,2858661
0.02,2856485
0.02,2837543
0.02,2939375
0.02,2936696
0.02,2943214
0.02,2965177
0.02,2929044
0.02,2948264
0.02,2979752
0.02,2979749
0.02,2875156
0.02,2832819
0.02,2867045
0.02,2835711
0.02,2858923
0.02,2801864
0.02,2820701
0.02,2716547
0.02,2646097
0.02,2629232
0.02,2799950
0.02,2671863
0.02,2731870
0.02,2619800
0.02,2599713
0.02,2648397
0.02,2648763
0.02,2649080
0.02,2665045
0.02,2653921
0.02,2704465
0.02,2662813
0.02,2609908
0.02,2503587
0.02,2487130
0.02,2414699
0.02,2365025
0.02,2424969
0.02,2420060
0.02,2591154
0.02,2616257
0.02,2595167
0.02,2595890
0.02,2508953
0.02,2505804
0.02,2496042
0.02,2606638
0.02,2639109
0.02,2690945
0.02,2781657
0.02,2754203
0.02,2759807
0.02,2663073
0.02,2658338
0.02,2644906
0.02,2566294
0.02,2611734
0.02,2597468
0.02,2600491
0.02,2611918
0.02,2603202
0.02,2607629
0.02,2584226
0.02,2572569
0.02,2442302
0.02,2428238
0.02,2461944
0.02,2423399
0.02,2365669
0.02,2445936
0.02,2520715
0.02,2556055
0.02,2554583
0.02,2507178
0.02,2400845
0.03,2471479
0.03,2438669
0.03,2423917
0.03,2353580
0.03,2333509
0.03,2445395
0.03,2446273
0.03,2390205
0.03,2424848
0.03,2595507
0.03,2624452
0.03,2623444
0.03,2620700
0.03,2560283
0.03,2497232
0.03,2528388
0.03,2442434
0.03,2496244
0.03,2486902
0.03,2459417
0.03,2487302
0.03,2486127
0.03,2496727
0.03,2375471
0.03,2388617
0.03,2392791
0.03,2390602
0.03,2349311
0.03,2422906
0.03,2279457
0.03,2326709
0.03,2319070
0.03,2300233
0.03,2239238
0.03,2210060
0.03,2258697
0.03,2228743
0.03,2157728
0.03,2130992
0.03,2154275
0.03,2110830
0.03,2075235
0.03,2032239
0.03,2072649
0.03,2063967
0.03,2046133
0.03,1999710
0.03,2018226
0.03,2020512
0.03,2047521
0.03,1935800
0.03,2024831
0.03,2097368
0.03,2074233
0.03,2064538
0.03,2033727
0.03,2066175
0.03,2069139
0.03,2010305
0.03,2144754
0.03,2094275
0.03,2095887
0.03,2040872
0.03,1991171
0.03,1896652
0.03,1916933
0.03,1926714
0.03,1928054
0.03,1923853
0.03,1889895
0.03,1916007
0.03,1963250
0.03,1941968
0.03,1895073
0.03,1936412
0.03,1923303
0.03,1952689
0.03,2047595
0.03,2040561
0.03,2069573
0.03,1999269
0.03,1991368
0.03,1969971
0.03,1954975
0.03,1995382
0.03,1866723
0.03,1828261
0.03,1816621
0.03,1792583
0.03,1785778
0.03,1762353
0.03,1740136
0.03,1777601
0.03,1728623
0.03,1703777
0.03,1684076
0.03,1680480
0.03,1672505
0.03,1672720
0.03,1652687
0.03,1687108
0.03,1734988
0.03,1744787
0.03,1756308
0.03,1745488
0.03,1752833
0.03,1756502
0.03,1813265
0.03,1805874
0.03,1809156
0.03,1819568
0.03,1820352
0.03,1848237
0.03,1847062
0.03,1857662
0.03,1757360
0.03,1749050
0.03,1766126
0.03,1678991
0.03,1762933
0.03,1723746
0.03,1645900
0.03,1679054
0.03,1683914
0.03,1704750
0.03,1719043
0.03,1702517
0.03,1703814
0.03,1733384
0.03,1727605
0.03,1700641
0.03,1705388
0.03,1727148
0.03,1817995
0.03,1828625
0.03,1761688
0.03,1774648
0.03,1744500
0.03,1719842
0.03,1775227
0.03,1783162
0.03,1654346
0.03,1630652
0.03,1630650
0.03,1626673
0.03,1610353
0.03,1594322
0.03,1611677
0.03,1611901
0.03,1610876
0.03,1611826
0.03,1603814
0.03,1638643
0.03,1686201
0.03,1680733
0.03,1660997
0.03,1656525
0.03,1688310
0.03,1736823
0.03,1736671
0.03,1755802
0.03,1805520
0.03,1806387
0.03,1803199
0.03,1844991
0.03,1821760
0.03,1821642
0.03,1835853
0.03,1802371
0.03,1806038
0.03,1806836
0.03,1774396
0.03,1703858
0.03,1727713
0.03,1747248
0.03,1716136
0.03,1675106
0.03,1678557
0.03,1690620
0.03,1691399
0.03,1685056
0.03,1709517
0.03,1613232
0.03,1578475
0.03,1570291
0.03,1555287
0.03,1538145
0.03,1524617
0.03,1512576
0.03,1501070
0.03,1495437
0.03,1484620
0.03,1491062
0.03,1473541
0.03,1464999
0.03,1454575
0.03,1456469
0.03,1489634
0.03,1554370
0.03,1561839
0.03,1593853
0.03,1599122
0.03,1613394
0.03,1632262
0.03,1592798
0.03,1562160
0.03,1446541
0.03,1504051
0.03,1487402
0.03,1539171
0.03,1539903
0.03,1555732
0.03,1568954
0.03,1572604
0.03,1580766
0.03,1485388
0.03,1412938
0.03,1408096
0.03,1467300
0.03,1473218
0.03,1400131
0.03,1390992
0.03,1390303
0.03,1405130
0.03,1392173
0.03,1391880
0.03,1382841
0.03,1376004
0.03,1376256
0.03,1372104
0.03,1365727
0.03,1359786
0.03,1353846
0.03,1347975
0.03,1336849
0.03,1332627
0.03,1328539
0.03,1328201
0.03,1326243
0.03,1325572
0.03,1328565
0.03,1326594
0.03,1353964
0.03,1378039
0.03,1391172
0.03,1392344
0.03,1383586
0.03,1367814
0.03,1367344
0.03,1366409
0.03,1364207
0.03,1360134
0.03,1357842
0.03,1347373
0.03,1358341
0.03,1344775
0.03,1368634
0.03,1387433
0.03,1413016
0.03,1420479
0.03,1390652
0.03,1411987
0.03,1500603
0.03,1507007
0.03,1534177
0.03,1552738
0.03,1546653
0.03,1530488
0.03,1518252
0.03,1517204
0.03,1443208
0.03,1376300
0.03,1412031
0.03,1455177
0.03,1431924
0.03,1424586
0.03,1399342
0.03,1329766
0.03,1321384
0.03,1316865
0.03,1319691
0.03,1316495
0.03,1315227
0.03,1312797
0.03,1349401
0.03,1310077
0.03,1308072
0.03,1305815
0.03,1310467
0.03,1311080
0.03,1308122
0.03,1301651
0.03,1304555
0.03,1306958
0.03,1306386
0.03,1305298
0.03,1298637
0.03,1296482
0.03,1294395
0.03,1295146
0.03,1299173
0.03,1300404
0.03,1328932
0.03,1340689
0.03,1355108
0.03,1375888
0.03,1385331
0.03,1415424
0.03,1423219
0.03,1418132
0.03,1395889
0.03,1400618
0.03,1405024
0.03,1429891
0.03,1460588
0.03,1462057
0.03,1467621
0.03,1496991
0.03,1495214
0.03,1477528
0.03,1412676
0.03,1377918
0.03,1356360
0.03,1404425
0.03,1410707
0.03,1409312
0.03,1397350
0.03,1428495
0.03,1420519
0.03,1414340
0.03,1421738
0.03,1338335
0.03,1313115
0.03,1292567
0.03,1290877
0.03,1289277
0.03,1288099
0.03,1287056
0.03,1286047
0.03,1285129
0.03,1284233
0.03,1284768
0.03,1283541
0.03,1282916
0.03,1282364
0.03,1281827
0.03,1282680
0.03,1281421
0.03,1281025
0.03,1280771
0.03,1280564
0.03,1280499
