0.02, 10025349
0.02, 9975915
0.02, 9919187
0.02, 9913683
0.02, 9853094
0.02, 9577452
0.02, 9397592
0.02, 9395520
0.02, 9387792
0.02, 9359894
0.02, 9328669
0.02, 9290139
0.02, 9190971
0.02, 9078633
0.02, 9078474
0.02, 9078198
0.02, 8981773
0.02, 8922356
0.02, 8916825
0.02, 8915959
0.02, 8908964
0.02, 8808026
0.02, 8770049
0.02, 8618933
0.02, 8618858
0.02, 8618851
0.02, 8452330
0.02, 8447642
0.02, 8429584
0.02, 8427238
0.02, 8366233
0.02, 8291954
0.02, 8224080
0.02, 8223061
0.02, 8220948
0.02, 8102494
0.02, 8094375
0.02, 8086539
0.02, 8081070
0.02, 8080371
0.02, 8079821
0.02, 8074622
0.02, 7994295
0.02, 7993194
0.02, 7965660
0.02, 7955303
0.02, 7947150
0.02, 7922961
0.02, 7868414
0.02, 7731674
0.02, 7678257
0.02, 7677807
0.02, 7676204
0.02, 7657609
0.02, 7574106
0.02, 7554222
0.02, 7552989
0.02, 7481002
0.02, 7478714
0.02, 7476291
0.02, 7472591
0.02, 7459142
0.02, 7446690
0.02, 7331522
0.02, 7331169
0.02, 7265174
0.02, 7252935
0.02, 7215174
0.02, 7209570
0.02, 7208535
0.02, 7208089
0.02, 7181631
0.02, 7177761
0.02, 7167745
0.02, 7006067
0.02, 7004623
0.02, 6973491
0.02, 6747525
0.02, 6687559
0.02, 6557732
0.02, 6551254
0.02, 6510487
0.02, 6491275
0.02, 6478089
0.02, 6471137
0.02, 6414155
0.02, 6369100
0.02, 6368221
0.02, 6352876
0.02, 6290516
0.02, 6287492
0.02, 6284287
0.02, 6269795
0.02, 6197770
0.02, 6176851
0.02, 6174502
0.02, 6120997
0.02, 6118472
0.02, 6108593
0.02, 6105461
0.02, 6091289
0.02, 6056102
0.02, 6052748
0.02, 6031309
0.02, 6008464
0.02, 6006791
0.02, 6000426
0.02, 5897357
0.02, 5860577
0.02, 5858322
0.02, 5831482
0.02, 5816535
0.02, 5767069
0.02, 5736632
0.02, 5710884
0.02, 5648406
0.02, 5641484
0.02, 5636479
0.02, 5633917
0.02, 5628755
0.02, 5603264
0.02, 5602898
0.02, 5548162
0.02, 5543528
0.02, 5510645
0.02, 5461094
0.02, 5428116
0.02, 5414859
0.02, 5369878
0.02, 5368282
0.02, 5348169
0.02, 5262610
0.02, 5217041
0.02, 5199697
0.02, 5199659
0.02, 5185325
0.02, 5182361
0.02, 5149395
0.02, 5140523
0.02, 5139937
0.02, 5066082
0.02, 5044127
0.02, 5040103
0.02, 5021576
0.02, 4964908
0.02, 4949560
0.02, 4942044
0.02, 4941755
0.02, 4941734
0.02, 4941309
0.02, 4941030
0.02, 4916628
0.02, 4773784
0.02, 4756202
0.02, 4671428
0.02, 4659048
0.02, 4649728
0.02, 4584563
0.02, 4523008
0.02, 4457839
0.02, 4457407
0.02, 4444793
0.02, 4437093
0.02, 4436825
0.02, 4391964
0.02, 4370918
0.02, 4360164
0.02, 4336932
0.02, 4303365
0.02, 4212867
0.02, 4212106
0.02, 4170536
0.02, 4167218
0.02, 4161803
0.02, 4107311
0.02, 4105630
0.02, 4073813
0.02, 4045407
0.02, 3998619
0.02, 3994152
0.03, 3928147
0.03, 3923689
0.03, 3919132
0.03, 3904827
0.03, 3904614
0.03, 3896495
0.03, 3895099
0.03, 3884057
0.03, 3827262
0.03, 3808772
0.03, 3791165
0.03, 3770959
0.03, 3770684
0.03, 3756754
0.03, 3753994
0.03, 3750348
0.03, 3733285
0.03, 3708093
0.03, 3676726
0.03, 3674793
0.03, 3669305
0.03, 3650026
0.03, 3649589
0.03, 3622451
0.03, 3581429
0.03, 3531424
0.03, 3528756
0.03, 3528751
0.03, 3495404
0.03, 3485007
0.03, 3439764
0.03, 3433429
0.03, 3425535
0.03, 3422729
0.03, 3410447
0.03, 3371812
0.03, 3342402
0.03, 3331680
0.03, 3285888
0.03, 3271545
0.03, 3267629
0.03, 3238096
0.03, 3228184
0.03, 3210315
0.03, 3190575
0.03, 3162354
0.03, 3157469
0.03, 3143103
0.03, 3131572
0.03, 3131004
0.03, 3125772
0.03, 3103931
0.03, 3029462
0.03, 3018253
0.03, 3016294
0.03, 3010640
0.03, 3001917
0.03, 2958390
0.03, 2954985
0.03, 2953798
0.03, 2953300
0.03, 2945720
0.03, 2945076
0.03, 2924273
0.03, 2890177
0.03, 2889653
0.03, 2830386
0.03, 2813197
0.03, 2812880
0.03, 2794692
0.03, 2786581
0.03, 2752578
0.04, 2727015
0.04, 2712049
0.04, 2711642
0.05, 2710855
0.05, 2697093
0.06, 2692547
0.06, 2686897
0.06, 2681259
0.06, 2678150
0.06, 2673021
0.06, 2659001
0.06, 2650156
0.06, 2649192
0.06, 2647570
0.06, 2608609
0.06, 2597494
0.06, 2583839
0.06, 2576249
0.06, 2566548
0.06, 2560402
0.06, 2550691
0.06, 2540801
0.06, 2529988
0.06, 2515406
0.06, 2484640
0.06, 2463543
0.06, 2460313
0.06, 2444636
0.06, 2430530
0.06, 2424404
0.09, 2404192
0.09, 2401484
0.09, 2400248
0.09, 2398940
0.09, 2362994
0.09, 2362791
0.09, 2349486
0.09, 2348806
0.14, 2310516
0.14, 2283727
0.14, 2282407
0.14, 2274497
0.14, 2262211
0.14, 2253030
0.14, 2239685
0.14, 2239611
0.14, 2237454
0.14, 2192382
0.14, 2190743
0.14, 2181501
0.14, 2180616
0.14, 2180114
0.14, 2154970
0.14, 2151916
0.14, 2124916
0.14, 2119196
0.14, 2117155
0.14, 2113620
0.14, 2111847
0.14, 2109288
0.14, 2105762
0.14, 2105199
0.14, 2104047
0.14, 2102603
0.14, 2101215
0.14, 2094366
0.15, 2080273
0.15, 2056331
0.15, 2048597
0.15, 2045725
0.15, 1990257
0.15, 1990157
0.15, 1986404
0.19, 1978492
0.19, 1977130
0.21, 1972599
0.21, 1955146
0.21, 1950528
0.21, 1940057
0.21, 1937814
0.21, 1928815
0.21, 1921875
0.21, 1917501
0.21, 1902537
0.21, 1896434
0.21, 1896020
0.21, 1895897
0.21, 1890793
0.22, 1882805
0.22, 1878591
0.22, 1871965
0.22, 1870213
0.22, 1867762
0.22, 1867289
0.22, 1861904
0.22, 1851084
0.22, 1843114
0.22, 1835998
0.22, 1815269
0.22, 1811617
0.22, 1796268
0.22, 1787406
0.22, 1781553
0.22, 1771311
0.22, 1769258
0.23, 1767876
0.23, 1762235
0.23, 1741717
0.23, 1736739
0.23, 1735998
0.23, 1728806
0.23, 1726634
0.23, 1726515
0.23, 1718027
0.23, 1702783
0.23, 1702681
0.23, 1700189
0.23, 1700142
0.23, 1700127
0.23, 1699567
0.23, 1696109
0.23, 1691965
0.23, 1690130
0.23, 1679230
0.23, 1676265
0.23, 1676095
0.23, 1673641
0.29, 1672447
0.29, 1668728
0.29, 1668127
0.29, 1661864
0.29, 1660794
0.29, 1653134
0.31, 1650247
0.31, 1648686
0.31, 1648019
0.31, 1627653
0.31, 1627605
0.31, 1624148
0.31, 1615568
0.31, 1609617
0.31, 1573984
0.31, 1573306
0.31, 1571964
0.31, 1570574
0.31, 1567367
0.31, 1565087
0.33, 1562976
0.33, 1549010
0.33, 1541834
0.33, 1540341
0.33, 1539785
0.33, 1533600
0.33, 1530124
0.33, 1519956
0.33, 1518681
0.33, 1497243
0.33, 1487660
0.33, 1485386
0.35, 1485382
0.35, 1485234
0.35, 1466815
0.35, 1466108
0.35, 1465358
0.35, 1435362
0.35, 1431459
0.35, 1428004
0.35, 1423696
0.35, 1419408
0.45, 1418522
0.45, 1414302
0.45, 1413206
0.45, 1409541
0.45, 1405115
0.45, 1396053
0.45, 1394489
0.45, 1392207
0.45, 1389575
0.45, 1387532
0.45, 1383107
0.45, 1381993
0.45, 1371430
0.45, 1369708
0.45, 1366114
0.45, 1363927
0.45, 1363714
0.45, 1361924
0.45, 1361673
0.45, 1352973
0.50, 1352449
0.50, 1338098
0.54, 1335414
0.54, 1334923
0.54, 1334752
0.54, 1334268
0.54, 1322219
0.54, 1321888
0.54, 1319821
0.54, 1316388
0.54, 1314880
0.54, 1314270
0.54, 1302244
0.54, 1302170
0.54, 1297302
0.54, 1297054
0.54, 1291186
0.54, 1289945
0.54, 1288200
0.55, 1287036
0.55, 1281272
0.55, 1281099
0.55, 1277297
0.55, 1269744
0.57, 1268931
0.57, 1260766
0.57, 1256792
0.57, 1256067
0.57, 1250944
0.61, 1248784
0.61, 1248565
0.61, 1240401
0.61, 1238573
0.61, 1234869
0.61, 1234808
0.62, 1234562
0.62, 1234148
0.62, 1232362
0.62, 1230854
0.62, 1230466
0.62, 1229837
0.66, 1229593
0.66, 1228693
0.66, 1223093
0.69, 1222849
0.70, 1222380
0.70, 1221630
0.70, 1220400
0.71, 1218613
0.71, 1217807
0.72, 1214060
0.72, 1213980
0.76, 1211354
0.78, 1210806
0.78, 1210790
0.78, 1206931
0.80, 1205307
0.80, 1204825
0.81, 1201047
0.81, 1199617
0.81, 1199321
0.81, 1199190
0.81, 1195325
0.81, 1195088
0.81, 1194808
0.82, 1194779
0.82, 1194299
0.88, 1194297
0.89, 1193233
0.89, 1192757
0.89, 1192753
0.91, 1191908
0.91, 1190692
0.91, 1190355
0.91, 1188705
0.91, 1188190
0.91, 1188028
0.91, 1187967
0.91, 1184876
0.91, 1184221
0.97, 1184146
0.97, 1184010
1.04, 1183384
1.04, 1183167
1.04, 1182223
1.04, 1181901
1.04, 1181725
1.04, 1180200
1.12, 1180165
1.12, 1179532
1.14, 1179397
1.14, 1179001
1.20, 1178573
1.20, 1177943
1.30, 1177674
1.31, 1177549
1.31, 1176953
1.32, 1176740
1.44, 1176675
3.42, 1176530
3.42, 1176465
3.45, 1176388
3.45, 1176323
3.45, 1176272
9.47, 1176216
9.48, 1176151
