0.00, 11243895
0.00, 11130149
0.00, 11128761
0.00, 11071066
0.00, 11007756
0.00, 10995589
0.00, 10829030
0.00, 10817871
0.00, 10813970
0.00, 10798529
0.00, 10781910
0.00, 10629022
0.00, 10619045
0.00, 10569790
0.00, 10567101
0.00, 10202058
0.00, 10191513
0.00, 10062358
0.00, 10019192
0.00, 10013561
0.00, 9767948
0.00, 9716926
0.00, 9609870
0.00, 9596217
0.00, 9565230
0.00, 9562492
0.00, 9432599
0.00, 9408823
0.00, 9357118
0.00, 9208190
0.00, 9194974
0.00, 9166508
0.00, 9043030
0.00, 8799969
0.00, 8552358
0.00, 8543612
0.00, 8447775
0.00, 8389092
0.00, 8153658
0.00, 8130459
0.00, 8120853
0.00, 8084369
0.00, 7994267
0.00, 7987734
0.00, 7856201
0.00, 7828076
0.00, 7813780
0.00, 7721153
0.00, 7700828
0.00, 7695536
0.00, 7581878
0.00, 7555895
0.00, 7457883
0.00, 7433402
0.00, 7428018
0.00, 7344399
0.00, 7259872
0.00, 7214908
0.00, 7210201
0.00, 7016050
0.01, 7008785
0.01, 6982647
0.01, 6960684
0.01, 6912118
0.01, 6887377
0.01, 6865733
0.01, 6783932
0.01, 6764501
0.01, 6759810
0.01, 6746938
0.01, 6642868
0.01, 6516374
0.01, 6497344
0.01, 6415411
0.01, 6323602
0.01, 6278916
0.01, 6278080
0.01, 6214827
0.01, 6193586
0.01, 6075959
0.01, 6060722
0.01, 6043819
0.01, 6002255
0.01, 5994314
0.01, 5948538
0.01, 5932783
0.01, 5887670
0.01, 5868078
0.01, 5828194
0.01, 5814480
0.01, 5804259
0.01, 5790547
0.01, 5614984
0.01, 5591154
0.01, 5590224
0.01, 5575849
0.01, 5562174
0.01, 5561932
0.01, 5558888
0.01, 5526136
0.01, 5471929
0.01, 5450602
0.01, 5395454
0.01, 5391688
0.01, 5346983
0.01, 5346414
0.01, 5303403
0.01, 5291127
0.01, 5238164
0.01, 5216469
0.01, 5186332
0.01, 5139122
0.01, 5116260
0.01, 5093179
0.01, 5017440
0.01, 4991218
0.01, 4957286
0.01, 4842898
0.01, 4842226
0.01, 4828135
0.01, 4785294
0.01, 4775434
0.01, 4764441
0.01, 4711870
0.01, 4587913
0.01, 4551775
0.01, 4538456
0.01, 4522490
0.01, 4519375
0.01, 4519298
0.01, 4511849
0.01, 4509365
0.01, 4505110
0.01, 4500151
0.01, 4488725
0.01, 4485388
0.01, 4474262
0.01, 4452097
0.01, 4451571
0.01, 4377552
0.01, 4312353
0.01, 4310646
0.01, 4250138
0.01, 4206206
0.01, 4202000
0.01, 4199016
0.01, 4191476
0.01, 4138303
0.01, 4135979
0.01, 4103182
0.01, 4082639
0.01, 4080710
0.01, 4057006
0.01, 3994437
0.01, 3988969
0.01, 3988825
0.01, 3972436
0.01, 3962814
0.01, 3962524
0.01, 3897117
0.01, 3872181
0.01, 3869400
0.01, 3867929
0.01, 3848547
0.01, 3847686
0.01, 3807262
0.01, 3805479
0.01, 3799639
0.01, 3793639
0.01, 3788977
0.01, 3786181
0.01, 3756552
0.01, 3706689
0.01, 3590773
0.01, 3590633
0.01, 3553097
0.01, 3552139
0.01, 3529076
0.01, 3527065
0.01, 3489523
0.01, 3419657
0.01, 3352176
0.01, 3348425
0.01, 3346250
0.01, 3294435
0.01, 3281225
0.01, 3280822
0.01, 3267686
0.01, 3213019
0.01, 3190755
0.01, 3186597
0.01, 3177826
0.01, 3145991
0.01, 3143716
0.01, 3063752
0.01, 3042935
0.01, 3020351
0.01, 2994157
0.01, 2974872
0.01, 2966198
0.01, 2960017
0.01, 2950562
0.01, 2940722
0.01, 2908235
0.01, 2898421
0.01, 2892111
0.01, 2890872
0.01, 2867958
0.01, 2867791
0.01, 2863052
0.01, 2862891
0.01, 2816673
0.01, 2798857
0.01, 2779326
0.01, 2774698
0.01, 2770657
0.01, 2768477
0.01, 2764252
0.01, 2752482
0.02, 2748225
0.02, 2729340
0.02, 2689555
0.03, 2650413
0.03, 2635308
0.03, 2597941
0.03, 2597069
0.03, 2587055
0.03, 2512022
0.03, 2503665
0.03, 2499957
0.06, 2474613
0.06, 2456940
0.06, 2431632
0.06, 2430963
0.06, 2430543
0.06, 2426809
0.06, 2420476
0.06, 2400473
0.06, 2390025
0.07, 2389345
0.07, 2387033
0.07, 2379673
0.07, 2379588
0.07, 2362274
0.07, 2361989
0.07, 2335374
0.07, 2327955
0.07, 2326526
0.07, 2324969
0.07, 2316946
0.07, 2308486
0.07, 2301356
0.07, 2300934
0.07, 2269578
0.11, 2255095
0.11, 2195586
0.11, 2189750
0.11, 2186307
0.11, 2161239
0.11, 2160525
0.11, 2133628
0.11, 2133327
0.11, 2122491
0.11, 2108790
0.11, 2093481
0.11, 2081726
0.11, 2063068
0.11, 2059315
0.11, 2057589
0.11, 2048414
0.11, 2046742
0.11, 2045230
0.11, 2038756
0.13, 2031005
0.13, 2016821
0.13, 2015273
0.13, 2015097
0.13, 2014936
0.13, 2009034
0.13, 2007214
0.13, 1990979
0.13, 1985128
0.13, 1980229
0.13, 1969619
0.13, 1957284
0.17, 1913805
0.17, 1913476
0.17, 1911320
0.17, 1907020
0.17, 1892244
0.17, 1891952
0.17, 1876264
0.17, 1845434
0.22, 1841783
0.22, 1821946
0.22, 1821067
0.22, 1819223
0.24, 1815187
0.24, 1793079
0.24, 1788903
0.24, 1783107
0.24, 1761872
0.24, 1757643
0.24, 1757641
0.24, 1756291
0.24, 1753258
0.24, 1751705
0.24, 1750708
0.24, 1742962
0.24, 1735510
0.24, 1725214
0.24, 1723646
0.24, 1722995
0.24, 1722854
0.24, 1722788
0.24, 1714366
0.24, 1709994
0.24, 1708996
0.24, 1700573
0.25, 1679607
0.26, 1677716
0.26, 1675378
0.26, 1672945
0.26, 1667176
0.26, 1662687
0.26, 1657481
0.26, 1656797
0.26, 1642565
0.26, 1640856
0.26, 1635381
0.26, 1635367
0.26, 1634587
0.26, 1634434
0.26, 1622267
0.26, 1618054
0.26, 1601032
0.26, 1588475
0.26, 1565335
0.26, 1557304
0.26, 1557129
0.26, 1555237
0.26, 1554297
0.26, 1551877
0.26, 1548976
0.26, 1548894
0.26, 1548369
0.26, 1546438
0.26, 1545770
0.26, 1517051
0.26, 1517037
0.26, 1516863
0.26, 1516389
0.26, 1514534
0.26, 1505305
0.26, 1500153
0.34, 1492533
0.34, 1492532
0.34, 1488938
0.34, 1487180
0.34, 1480332
0.34, 1480279
0.34, 1479723
0.34, 1476369
0.34, 1472595
0.35, 1463638
0.35, 1462797
0.35, 1462677
0.35, 1455592
0.35, 1439174
0.35, 1438438
0.35, 1438306
0.35, 1438130
0.35, 1435677
0.35, 1430681
0.35, 1428114
0.35, 1421010
0.35, 1420694
0.35, 1417949
0.35, 1408854
0.35, 1408755
0.35, 1408651
0.35, 1408616
0.35, 1407510
0.35, 1402673
0.35, 1401199
0.35, 1396495
0.35, 1394556
0.41, 1394218
0.41, 1389644
0.42, 1388930
0.42, 1388414
0.42, 1383856
0.42, 1379536
0.42, 1377918
0.42, 1376949
0.46, 1374338
0.46, 1371884
0.46, 1371303
0.46, 1370933
0.46, 1369749
0.47, 1369362
0.47, 1360639
0.47, 1359550
0.47, 1357383
0.47, 1352626
0.47, 1352550
0.47, 1352334
0.47, 1351537
0.47, 1350753
0.47, 1348865
0.47, 1348718
0.47, 1348425
0.47, 1348306
0.47, 1345547
0.47, 1339721
0.47, 1334241
0.52, 1333219
0.53, 1330589
0.53, 1330538
0.53, 1325090
0.53, 1323984
0.53, 1323568
0.55, 1316930
0.55, 1315570
0.58, 1314115
0.58, 1309750
0.58, 1309447
0.58, 1308986
0.58, 1308667
0.58, 1308410
0.58, 1304305
0.58, 1303171
0.58, 1289422
0.58, 1289308
0.58, 1279952
0.58, 1279660
0.58, 1279358
0.59, 1274941
0.59, 1274934
0.59, 1273756
0.59, 1273333
0.59, 1268849
0.59, 1267632
0.59, 1258762
0.59, 1254945
0.59, 1254640
0.59, 1253882
0.59, 1253229
0.59, 1251937
0.59, 1250675
0.59, 1250526
0.59, 1242980
0.59, 1239285
0.59, 1239160
0.59, 1237412
0.62, 1236857
0.62, 1236264
0.63, 1236089
0.63, 1233417
0.63, 1228975
0.63, 1228498
0.63, 1228334
0.70, 1224624
0.70, 1223968
0.70, 1223148
0.70, 1222752
0.70, 1222343
0.70, 1220215
0.70, 1219910
0.70, 1219077
0.70, 1217879
0.73, 1214690
0.73, 1214015
0.73, 1213615
0.73, 1212521
0.73, 1212498
0.73, 1211504
0.76, 1211066
0.76, 1209852
0.76, 1209849
0.76, 1208280
0.76, 1208248
0.79, 1206076
0.79, 1205715
0.79, 1205006
0.82, 1204600
0.82, 1204530
0.82, 1203119
0.82, 1202313
0.83, 1200017
0.85, 1199371
0.85, 1198913
0.85, 1198593
0.85, 1198194
0.85, 1197866
0.85, 1197220
0.85, 1195695
0.85, 1195634
0.85, 1194964
0.85, 1192618
0.87, 1191860
0.87, 1190813
0.88, 1189812
0.88, 1189696
0.90, 1189389
0.90, 1188860
0.90, 1188054
0.96, 1187701
0.96, 1187065
0.96, 1186794
0.96, 1186334
0.96, 1186230
1.01, 1185935
1.01, 1185808
1.01, 1184821
1.01, 1184639
1.01, 1184342
1.01, 1182376
1.01, 1182343
1.03, 1182268
1.03, 1181518
1.03, 1181338
1.03, 1181196
1.03, 1180132
1.03, 1179927
1.03, 1179500
1.14, 1179203
1.14, 1179093
1.17, 1178551
1.17, 1178424
1.17, 1178248
1.17, 1178013
1.17, 1177871
1.18, 1177861
1.18, 1177491
1.19, 1177381
1.22, 1177215
1.22, 1177150
1.24, 1177007
1.27, 1176934
1.27, 1176792
1.32, 1176773
1.32, 1176519
1.37, 1176377
1.37, 1176262
1.42, 1176211
9.36, 1176151
