0.03, 10400837
0.03, 10393402
0.03, 10393148
0.03, 10228087
0.03, 10217442
0.03, 10078710
0.03, 9984747
0.03, 9977115
0.03, 9899158
0.03, 9810748
0.03, 9608727
0.03, 9543868
0.03, 9458381
0.03, 9318681
0.03, 9293991
0.03, 9231755
0.03, 9166733
0.03, 9064491
0.03, 9062965
0.03, 9062587
0.03, 9036410
0.03, 9022189
0.03, 8937500
0.03, 8903120
0.03, 8891466
0.03, 8878277
0.03, 8781894
0.03, 8742921
0.03, 8742711
0.03, 8729787
0.03, 8710485
0.03, 8707410
0.03, 8679189
0.03, 8671175
0.03, 8616991
0.03, 8616367
0.03, 8530413
0.03, 8311718
0.03, 8225675
0.03, 8139240
0.03, 8135489
0.03, 8111450
0.03, 8110413
0.03, 8097269
0.03, 8056224
0.03, 7952015
0.03, 7944865
0.03, 7895029
0.03, 7797582
0.03, 7776617
0.03, 7660825
0.03, 7659846
0.03, 7644147
0.03, 7641900
0.03, 7639644
0.03, 7410444
0.03, 7402802
0.03, 7381113
0.03, 7379697
0.03, 7298101
0.03, 7242517
0.03, 7194378
0.03, 7037501
0.03, 7036893
0.03, 7035351
0.03, 7019206
0.03, 7017890
0.03, 7014995
0.03, 7003090
0.03, 6999096
0.03, 6921185
0.03, 6790262
0.03, 6740594
0.03, 6721158
0.03, 6720055
0.03, 6713932
0.03, 6713315
0.03, 6711155
0.03, 6697686
0.03, 6687636
0.03, 6671984
0.03, 6669397
0.03, 6649135
0.03, 6642094
0.03, 6574314
0.03, 6566567
0.03, 6566485
0.03, 6561643
0.03, 6557428
0.03, 6522069
0.03, 6512072
0.03, 6487326
0.03, 6393747
0.03, 6393498
0.03, 6284300
0.03, 6207744
0.03, 6194585
0.03, 6148817
0.03, 6100546
0.03, 6072381
0.03, 5998729
0.03, 5997819
0.03, 5956220
0.03, 5955920
0.03, 5947490
0.03, 5934725
0.03, 5929440
0.03, 5925315
0.03, 5875905
0.03, 5851852
0.03, 5788306
0.03, 5785567
0.03, 5776712
0.03, 5728962
0.03, 5724113
0.03, 5675258
0.03, 5606994
0.03, 5502363
0.03, 5502072
0.03, 5499082
0.03, 5489272
0.03, 5438243
0.03, 5437847
0.03, 5314362
0.03, 5311271
0.03, 5262098
0.03, 5237743
0.03, 5224745
0.03, 5193108
0.03, 5182823
0.03, 5177100
0.03, 5128016
0.03, 5039701
0.03, 5012485
0.03, 4992962
0.03, 4991912
0.03, 4980975
0.03, 4980412
0.03, 4918322
0.03, 4917808
0.03, 4917415
0.03, 4860863
0.03, 4857731
0.03, 4817415
0.03, 4808525
0.03, 4797712
0.03, 4791471
0.03, 4766357
0.03, 4718842
0.03, 4703910
0.03, 4676463
0.03, 4639337
0.03, 4639267
0.03, 4598301
0.03, 4516418
0.03, 4513822
0.03, 4510688
0.03, 4445770
0.03, 4443297
0.03, 4435860
0.03, 4431895
0.03, 4310453
0.03, 4304254
0.03, 4208216
0.03, 4198371
0.03, 4109117
0.03, 4069155
0.03, 4055796
0.03, 4045955
0.03, 4039484
0.03, 4037269
0.03, 4036978
0.03, 4035939
0.03, 4034003
0.03, 4021739
0.03, 4019536
0.03, 4014816
0.03, 3982264
0.03, 3977146
0.03, 3920962
0.03, 3917305
0.03, 3881932
0.03, 3853374
0.03, 3681428
0.03, 3673222
0.03, 3630999
0.03, 3621154
0.03, 3618440
0.03, 3616682
0.03, 3561175
0.03, 3553115
0.03, 3542879
0.03, 3519064
0.03, 3483261
0.03, 3476339
0.03, 3454403
0.03, 3441026
0.03, 3430426
0.03, 3400838
0.03, 3393629
0.03, 3377137
0.03, 3352772
0.03, 3351528
0.03, 3345481
0.03, 3310457
0.03, 3271318
0.03, 3266773
0.03, 3262053
0.03, 3224856
0.03, 3222650
0.03, 3214088
0.03, 3191910
0.03, 3191887
0.03, 3190278
0.03, 3151919
0.03, 3149736
0.03, 3146532
0.03, 3143812
0.03, 3141863
0.03, 3121805
0.03, 3067467
0.03, 3043858
0.03, 3035300
0.03, 3035076
0.03, 3023954
0.03, 3013216
0.03, 2982969
0.03, 2929922
0.03, 2915802
0.03, 2914055
0.03, 2913992
0.03, 2913352
0.03, 2909286
0.03, 2898467
0.03, 2890645
0.03, 2872999
0.04, 2855222
0.04, 2852655
0.04, 2833856
0.04, 2832822
0.04, 2806162
0.04, 2798928
0.04, 2750571
0.04, 2717983
0.04, 2717474
0.04, 2690227
0.04, 2678565
0.04, 2678554
0.04, 2673611
0.05, 2648022
0.05, 2647480
0.05, 2647263
0.05, 2646827
0.05, 2646055
0.05, 2617870
0.05, 2606059
0.05, 2572783
0.05, 2567054
0.05, 2548015
0.05, 2546499
0.05, 2542722
0.05, 2537476
0.05, 2522317
0.05, 2507633
0.09, 2469420
0.09, 2468374
0.09, 2466422
0.09, 2464837
0.09, 2415875
0.09, 2377556
0.09, 2376270
0.09, 2370813
0.09, 2368737
0.09, 2365172
0.09, 2364016
0.09, 2356347
0.13, 2352209
0.13, 2344645
0.13, 2337453
0.13, 2337057
0.13, 2291381
0.13, 2291203
0.13, 2275548
0.13, 2263988
0.13, 2214797
0.16, 2207420
0.16, 2197408
0.16, 2186286
0.16, 2139639
0.16, 2131958
0.16, 2131372
0.16, 2124561
0.16, 2121901
0.16, 2121046
0.16, 2114385
0.17, 2113619
0.17, 2101152
0.17, 2099086
0.17, 2092665
0.17, 2086301
0.17, 2082324
0.17, 2077471
0.17, 2065533
0.17, 2061670
0.17, 2056255
0.17, 2051306
0.17, 2050494
0.17, 2044206
0.17, 2043225
0.17, 2042995
0.17, 2033246
0.17, 2032156
0.17, 2029814
0.17, 2023388
0.17, 2012815
0.17, 2010965
0.17, 2010608
0.17, 1999006
0.17, 1996000
0.17, 1988396
0.17, 1979680
0.18, 1975527
0.18, 1964838
0.18, 1960511
0.20, 1953227
0.20, 1931690
0.20, 1929526
0.21, 1913164
0.23, 1898169
0.24, 1895099
0.24, 1895089
0.24, 1876770
0.24, 1875510
0.24, 1875375
0.24, 1848164
0.24, 1809557
0.24, 1804301
0.24, 1802110
0.24, 1802056
0.24, 1792660
0.24, 1790479
0.25, 1787100
0.25, 1783852
0.25, 1782879
0.25, 1782546
0.25, 1779580
0.25, 1778361
0.25, 1774434
0.25, 1748803
0.25, 1734036
0.25, 1732639
0.25, 1728727
0.25, 1719746
0.25, 1718740
0.25, 1717905
0.25, 1717653
0.25, 1710180
0.25, 1652008
0.25, 1646865
0.25, 1645727
0.28, 1637578
0.28, 1629299
0.28, 1628041
0.28, 1612111
0.28, 1601627
0.28, 1597852
0.28, 1595712
0.29, 1594082
0.30, 1583200
0.30, 1575282
0.30, 1572067
0.30, 1568242
0.30, 1567263
0.30, 1566472
0.33, 1556971
0.33, 1555056
0.33, 1549199
0.33, 1544956
0.33, 1535652
0.33, 1535492
0.33, 1532740
0.33, 1530170
0.33, 1529061
0.33, 1526460
0.33, 1525919
0.35, 1524944
0.35, 1522598
0.35, 1520332
0.35, 1518850
0.35, 1514575
0.36, 1504501
0.36, 1498160
0.36, 1492208
0.36, 1492001
0.36, 1491918
0.36, 1469144
0.38, 1466974
0.38, 1466773
0.38, 1461605
0.38, 1444574
0.44, 1440624
0.44, 1439313
0.44, 1431212
0.44, 1419709
0.44, 1419284
0.44, 1418883
0.44, 1418849
0.45, 1402244
0.45, 1401472
0.45, 1394950
0.45, 1390556
0.45, 1379594
0.45, 1375116
0.45, 1374107
0.47, 1369637
0.47, 1366873
0.47, 1365681
0.47, 1356995
0.47, 1355980
0.47, 1350127
0.47, 1348332
0.48, 1338166
0.48, 1336987
0.48, 1330993
0.52, 1321926
0.52, 1320774
0.56, 1320158
0.57, 1317065
0.57, 1314131
0.57, 1313285
0.57, 1310446
0.57, 1306684
0.57, 1303759
0.57, 1301566
0.57, 1293100
0.57, 1291263
0.57, 1291208
0.57, 1290890
0.57, 1290419
0.57, 1288346
0.57, 1286887
0.58, 1284345
0.58, 1283093
0.58, 1280611
0.58, 1275895
0.58, 1275760
0.58, 1273208
0.58, 1271970
0.58, 1268470
0.59, 1265160
0.59, 1264840
0.59, 1264697
0.59, 1263238
0.59, 1262295
0.60, 1259674
0.60, 1259667
0.60, 1257259
0.60, 1255968
0.60, 1255072
0.60, 1253486
0.60, 1252806
0.61, 1250236
0.61, 1248702
0.61, 1238024
0.61, 1234903
0.61, 1234627
0.61, 1231056
0.61, 1230687
0.61, 1229597
0.61, 1228094
0.61, 1225411
0.61, 1219588
0.61, 1219110
0.70, 1215667
0.70, 1215450
0.70, 1213962
0.70, 1213147
0.71, 1212968
0.71, 1205543
0.81, 1204850
0.81, 1204721
0.81, 1203043
0.81, 1201705
0.81, 1200706
0.81, 1198853
0.81, 1196995
0.81, 1195682
0.81, 1193967
0.81, 1192900
0.81, 1192849
0.81, 1191480
0.81, 1190986
0.81, 1190051
0.81, 1188760
0.87, 1187219
0.87, 1185224
0.96, 1184717
0.98, 1184333
1.02, 1182762
1.02, 1181780
1.03, 1181482
1.04, 1181279
1.07, 1180973
1.08, 1179791
1.09, 1179309
1.09, 1179121
1.09, 1178648
1.16, 1178485
1.16, 1178296
1.16, 1177416
1.18, 1176993
1.24, 1176888
1.34, 1176882
1.34, 1176817
1.52, 1176726
1.52, 1176675
3.23, 1176595
3.29, 1176568
3.29, 1176565
3.29, 1176358
3.29, 1176293
3.30, 1176202
3.42, 1176151
