0.00, 10180449
0.00, 10094664
0.00, 9955764
0.00, 9700680
0.00, 9653525
0.00, 9617784
0.00, 9592678
0.00, 9589635
0.00, 9470266
0.00, 9373214
0.00, 9372353
0.00, 9222631
0.00, 9209471
0.00, 9139692
0.00, 8926043
0.00, 8889937
0.00, 8815557
0.00, 8798426
0.00, 8774585
0.00, 8741215
0.00, 8734685
0.00, 8727015
0.00, 8614441
0.00, 8447161
0.00, 8408365
0.00, 8193294
0.00, 8148233
0.00, 8143093
0.00, 8095138
0.00, 8079323
0.00, 8016822
0.00, 8003377
0.00, 7958194
0.00, 7934909
0.00, 7909886
0.00, 7733060
0.00, 7732187
0.00, 7665347
0.00, 7619140
0.00, 7503761
0.00, 7501785
0.00, 7373192
0.00, 7368688
0.00, 7368590
0.00, 7335217
0.00, 7334670
0.00, 7333830
0.00, 7331682
0.00, 7331562
0.00, 7140184
0.00, 7100451
0.00, 6962843
0.00, 6899516
0.00, 6892513
0.01, 6806155
0.01, 6737895
0.01, 6639714
0.01, 6606818
0.01, 6534748
0.01, 6521345
0.01, 6410377
0.01, 6390668
0.01, 6390208
0.01, 6240583
0.01, 6235803
0.01, 6148746
0.01, 6107985
0.01, 6106603
0.01, 5944682
0.01, 5838030
0.01, 5829117
0.01, 5828214
0.01, 5763623
0.01, 5755120
0.01, 5740048
0.01, 5716932
0.01, 5709760
0.01, 5695973
0.01, 5695700
0.01, 5676782
0.01, 5675745
0.01, 5658442
0.01, 5657894
0.01, 5609046
0.01, 5568306
0.01, 5558723
0.01, 5553652
0.01, 5550106
0.01, 5415037
0.01, 5407178
0.01, 5391643
0.01, 5371462
0.01, 5338201
0.01, 5335801
0.01, 5193275
0.01, 5184782
0.01, 5184295
0.01, 5182529
0.01, 5178964
0.01, 5177981
0.01, 5161357
0.01, 5119926
0.01, 5012927
0.01, 5003641
0.01, 5003484
0.01, 4947444
0.01, 4940914
0.01, 4912163
0.01, 4825815
0.01, 4791000
0.01, 4750226
0.01, 4720773
0.01, 4699890
0.01, 4699819
0.01, 4699530
0.01, 4565859
0.01, 4518910
0.01, 4511903
0.01, 4502663
0.01, 4493438
0.01, 4484952
0.01, 4475970
0.01, 4473835
0.01, 4466149
0.01, 4429535
0.01, 4408817
0.01, 4401160
0.01, 4333279
0.01, 4322040
0.01, 4222973
0.01, 4201588
0.01, 4192009
0.01, 4190170
0.01, 4155441
0.01, 4140433
0.01, 4115260
0.01, 4098103
0.01, 4072976
0.01, 4070161
0.01, 4069977
0.01, 4027287
0.01, 4026376
0.01, 4025780
0.01, 4000840
0.01, 3990819
0.01, 3989498
0.01, 3983306
0.01, 3937620
0.01, 3781060
0.01, 3756713
0.01, 3733094
0.01, 3703162
0.01, 3700001
0.01, 3699718
0.01, 3692184
0.01, 3672868
0.01, 3645845
0.01, 3640821
0.01, 3630658
0.01, 3617543
0.01, 3612191
0.01, 3602787
0.01, 3539315
0.01, 3527563
0.01, 3521064
0.01, 3507345
0.01, 3498487
0.01, 3474838
0.01, 3464577
0.01, 3460842
0.01, 3455342
0.01, 3431467
0.01, 3389696
0.01, 3354273
0.01, 3331345
0.01, 3309453
0.01, 3260593
0.01, 3253434
0.01, 3246471
0.01, 3221097
0.01, 3207419
0.01, 3192725
0.01, 3188629
0.01, 3134937
0.01, 3126374
0.01, 3119202
0.01, 3115787
0.01, 3104396
0.01, 3104013
0.01, 3077356
0.01, 3069711
0.01, 3066863
0.01, 3020094
0.01, 3016963
0.01, 2996632
0.01, 2992652
0.02, 2990371
0.02, 2949003
0.02, 2922761
0.02, 2903247
0.03, 2901976
0.03, 2889838
0.03, 2881593
0.03, 2860184
0.03, 2855607
0.03, 2851578
0.03, 2845584
0.03, 2840477
0.03, 2839872
0.03, 2834966
0.03, 2821858
0.03, 2808498
0.03, 2803828
0.03, 2803226
0.03, 2798771
0.03, 2789202
0.03, 2779994
0.03, 2777366
0.03, 2739097
0.03, 2729771
0.04, 2718465
0.04, 2714960
0.04, 2701440
0.04, 2690840
0.05, 2653818
0.05, 2648292
0.05, 2569488
0.05, 2569416
0.05, 2548053
0.05, 2524340
0.05, 2516732
0.05, 2512522
0.05, 2512436
0.05, 2467987
0.05, 2456958
0.05, 2456060
0.05, 2445443
0.09, 2443126
0.09, 2428789
0.09, 2420994
0.09, 2412636
0.09, 2407686
0.09, 2406936
0.09, 2353469
0.09, 2352747
0.09, 2352441
0.09, 2337693
0.09, 2335723
0.09, 2333476
0.09, 2330437
0.09, 2329941
0.09, 2327052
0.09, 2326487
0.09, 2315800
0.11, 2280984
0.11, 2279699
0.11, 2279207
0.12, 2275843
0.12, 2266608
0.12, 2264189
0.12, 2256387
0.12, 2248455
0.12, 2230324
0.12, 2176728
0.12, 2171024
0.12, 2166123
0.12, 2161602
0.12, 2161319
0.12, 2160100
0.12, 2159844
0.12, 2158872
0.12, 2150435
0.12, 2143906
0.12, 2141980
0.12, 2139418
0.12, 2135321
0.12, 2131029
0.12, 2124094
0.12, 2098029
0.12, 2090367
0.12, 2088157
0.12, 2074521
0.12, 2067364
0.12, 2063439
0.12, 2034906
0.12, 2024522
0.12, 2024044
0.17, 2013766
0.17, 2001923
0.17, 2000595
0.17, 1989106
0.17, 1981931
0.19, 1955177
0.19, 1951648
0.19, 1951617
0.19, 1944597
0.19, 1935855
0.19, 1931282
0.19, 1919235
0.19, 1915568
0.19, 1915251
0.19, 1912503
0.20, 1909283
0.20, 1908718
0.20, 1901835
0.20, 1900687
0.20, 1897599
0.20, 1887810
0.20, 1885423
0.20, 1885023
0.20, 1879072
0.20, 1855407
0.20, 1845373
0.20, 1845082
0.20, 1844685
0.20, 1818865
0.20, 1800199
0.20, 1800198
0.20, 1783280
0.27, 1778780
0.27, 1778506
0.27, 1774957
0.27, 1760026
0.27, 1744743
0.27, 1740556
0.27, 1737117
0.27, 1728762
0.27, 1728092
0.27, 1723683
0.27, 1719693
0.27, 1711849
0.29, 1706951
0.29, 1706850
0.29, 1681357
0.29, 1677844
0.29, 1674863
0.29, 1674322
0.29, 1666083
0.29, 1661252
0.29, 1653201
0.30, 1645868
0.30, 1644150
0.30, 1643488
0.31, 1639129
0.31, 1633738
0.31, 1629060
0.31, 1628844
0.31, 1622819
0.31, 1615489
0.31, 1599079
0.31, 1598697
0.31, 1597085
0.31, 1590989
0.31, 1590128
0.31, 1588875
0.32, 1575587
0.32, 1573661
0.32, 1568863
0.32, 1567788
0.32, 1566621
0.32, 1564500
0.32, 1562168
0.32, 1561939
0.32, 1558858
0.32, 1558766
0.32, 1555128
0.32, 1550114
0.32, 1541089
0.32, 1535030
0.32, 1529411
0.32, 1528823
0.32, 1527206
0.33, 1525797
0.34, 1523673
0.34, 1523223
0.34, 1509207
0.34, 1507717
0.34, 1495672
0.34, 1494411
0.34, 1492823
0.34, 1491031
0.34, 1486199
0.34, 1479747
0.34, 1474164
0.34, 1473099
0.34, 1470627
0.34, 1470460
0.34, 1467410
0.34, 1466297
0.34, 1463805
0.34, 1462231
0.34, 1458866
0.34, 1456590
0.34, 1455902
0.34, 1450873
0.34, 1450747
0.34, 1450558
0.34, 1446478
0.41, 1438292
0.41, 1433667
0.41, 1433213
0.41, 1431902
0.42, 1429308
0.42, 1428857
0.42, 1428196
0.42, 1427442
0.42, 1426091
0.42, 1426047
0.42, 1416400
0.42, 1414487
0.42, 1412921
0.42, 1412516
0.42, 1412159
0.42, 1408251
0.42, 1407296
0.42, 1406644
0.43, 1406368
0.43, 1404394
0.44, 1401561
0.44, 1400277
0.44, 1391458
0.44, 1385617
0.44, 1385335
0.44, 1381880
0.44, 1378887
0.44, 1375962
0.44, 1374957
0.44, 1373633
0.44, 1369094
0.44, 1363350
0.44, 1363288
0.51, 1362332
0.51, 1359471
0.51, 1358968
0.51, 1358879
0.51, 1357076
0.51, 1353213
0.51, 1352279
0.51, 1352268
0.51, 1350218
0.51, 1350109
0.51, 1348655
0.51, 1342130
0.51, 1338193
0.51, 1337200
0.51, 1336717
0.52, 1335858
0.52, 1331996
0.52, 1330304
0.52, 1326864
0.52, 1322828
0.52, 1321118
0.52, 1319906
0.52, 1317561
0.52, 1311775
0.52, 1311599
0.53, 1308172
0.53, 1307377
0.53, 1305098
0.53, 1304646
0.53, 1299819
0.53, 1297352
0.53, 1294699
0.53, 1292880
0.53, 1292283
0.53, 1283570
0.53, 1282531
0.53, 1278935
0.53, 1278319
0.55, 1277647
0.55, 1274351
0.55, 1274320
0.55, 1271637
0.55, 1271457
0.55, 1265703
0.62, 1261673
0.62, 1260524
0.62, 1256987
0.62, 1256458
0.62, 1255783
0.63, 1255729
0.63, 1255676
0.63, 1253154
0.63, 1252702
0.63, 1251972
0.63, 1251373
0.63, 1250756
0.63, 1248632
0.63, 1248618
0.63, 1248514
0.63, 1248168
0.63, 1246250
0.63, 1245614
0.63, 1242931
0.63, 1241247
0.63, 1236378
0.66, 1234399
0.67, 1234047
0.67, 1231967
0.67, 1231924
0.67, 1227760
0.67, 1224927
0.67, 1222105
0.67, 1220060
0.67, 1219401
0.67, 1218346
0.67, 1217962
0.68, 1216227
0.68, 1214104
0.68, 1207416
0.73, 1206518
0.77, 1205985
0.78, 1205048
0.78, 1201996
0.79, 1201924
0.80, 1200739
0.80, 1198994
0.80, 1197478
0.84, 1197158
0.84, 1196266
0.84, 1195347
0.84, 1195134
0.85, 1194895
0.85, 1194753
0.85, 1193859
0.85, 1193052
0.85, 1191583
0.85, 1191186
0.85, 1190965
0.85, 1190467
0.86, 1190132
0.88, 1189885
0.88, 1189828
0.88, 1188898
0.94, 1187156
0.94, 1187131
0.94, 1186703
0.94, 1186104
0.94, 1183645
0.96, 1182657
0.99, 1182275
0.99, 1182173
0.99, 1181997
0.99, 1181091
0.99, 1180593
0.99, 1180383
1.06, 1180381
1.15, 1179350
1.15, 1178311
1.15, 1177849
1.15, 1177798
1.17, 1177587
1.17, 1177522
1.18, 1177460
1.19, 1177204
1.19, 1177152
1.19, 1176735
1.19, 1176684
1.19, 1176479
1.21, 1176414
1.50, 1176332
5.04, 1176293
5.30, 1176151
