0.00, 10943497
0.00, 10889061
0.00, 10876531
0.00, 10864328
0.00, 10783432
0.00, 10768636
0.00, 10618469
0.00, 10456806
0.00, 10451684
0.00, 10403015
0.00, 10395070
0.00, 10393615
0.00, 10358342
0.00, 10353947
0.00, 10220143
0.00, 10004139
0.00, 9824454
0.00, 9616403
0.00, 9610129
0.00, 9499025
0.00, 9412615
0.00, 9389355
0.00, 9360759
0.00, 9323059
0.00, 9312470
0.00, 9300399
0.00, 9063417
0.00, 9058629
0.00, 8997959
0.00, 8990517
0.00, 8899884
0.00, 8892825
0.00, 8852517
0.00, 8851011
0.00, 8850250
0.00, 8834089
0.00, 8765853
0.00, 8733053
0.00, 8712041
0.00, 8670738
0.00, 8646439
0.00, 8632833
0.00, 8440011
0.00, 8428051
0.00, 8311363
0.00, 8296497
0.00, 8280741
0.00, 8257209
0.00, 8243961
0.01, 8213187
0.01, 8211310
0.01, 8203215
0.01, 8140821
0.01, 8135550
0.01, 8069430
0.01, 8015540
0.01, 7864653
0.01, 7775336
0.01, 7774292
0.01, 7677367
0.01, 7660680
0.01, 7654253
0.01, 7615938
0.01, 7535679
0.01, 7435431
0.01, 7364107
0.01, 7339106
0.01, 7337397
0.01, 7327976
0.01, 7327204
0.01, 7324545
0.01, 7296452
0.01, 7294842
0.01, 7118184
0.01, 7109773
0.01, 7104094
0.01, 7080021
0.01, 6994404
0.01, 6936246
0.01, 6935647
0.01, 6932120
0.01, 6811124
0.01, 6686328
0.01, 6652004
0.01, 6627732
0.01, 6625053
0.01, 6621614
0.01, 6616660
0.01, 6477514
0.01, 6476568
0.01, 6474234
0.01, 6417396
0.01, 6414976
0.01, 6384544
0.01, 6384504
0.01, 6305914
0.01, 6295494
0.01, 6288250
0.01, 6287602
0.01, 6200715
0.01, 6183603
0.01, 5982887
0.01, 5979643
0.01, 5949695
0.01, 5947936
0.01, 5947166
0.01, 5884729
0.01, 5727534
0.01, 5665231
0.01, 5634946
0.01, 5618150
0.01, 5591015
0.01, 5517677
0.01, 5512088
0.01, 5510093
0.01, 5442836
0.01, 5421660
0.01, 5413428
0.01, 5410306
0.01, 5409157
0.01, 5403858
0.01, 5394718
0.01, 5382764
0.01, 5371817
0.01, 5370559
0.01, 5355050
0.01, 5322576
0.01, 5317826
0.01, 5239109
0.01, 5236121
0.01, 5197082
0.01, 5170965
0.01, 5162655
0.01, 5084016
0.01, 5078932
0.01, 5045962
0.01, 4997378
0.01, 4997369
0.01, 4908736
0.01, 4902444
0.01, 4892321
0.01, 4882895
0.01, 4882874
0.01, 4835637
0.01, 4831099
0.01, 4830106
0.01, 4793621
0.01, 4788338
0.01, 4727234
0.01, 4726730
0.01, 4717627
0.01, 4717130
0.01, 4622766
0.01, 4493651
0.01, 4490570
0.01, 4481274
0.01, 4475968
0.01, 4475188
0.01, 4430714
0.01, 4424923
0.01, 4391402
0.01, 4380825
0.01, 4359998
0.01, 4359966
0.01, 4335079
0.01, 4320537
0.01, 4293277
0.01, 4206742
0.01, 4203986
0.01, 4191693
0.01, 4148611
0.01, 4147091
0.01, 4140476
0.01, 4063287
0.01, 4057557
0.01, 4056589
0.01, 4042080
0.01, 4037329
0.01, 3999611
0.01, 3920926
0.01, 3917197
0.01, 3891533
0.01, 3873585
0.01, 3869017
0.01, 3843517
0.01, 3842243
0.01, 3788064
0.01, 3776275
0.01, 3706035
0.01, 3675814
0.01, 3671823
0.01, 3662560
0.01, 3635238
0.01, 3620103
0.01, 3590349
0.01, 3552333
0.01, 3552277
0.01, 3528907
0.01, 3519426
0.01, 3436989
0.01, 3430234
0.01, 3335837
0.01, 3307333
0.01, 3277902
0.01, 3262833
0.01, 3261212
0.01, 3252962
0.01, 3244363
0.01, 3218609
0.01, 3214909
0.01, 3214527
0.01, 3183638
0.01, 3174849
0.01, 3161187
0.01, 3157067
0.01, 3107965
0.01, 3107690
0.01, 3100998
0.01, 3030127
0.01, 3029246
0.01, 3028845
0.01, 2982594
0.01, 2970205
0.02, 2913632
0.02, 2908257
0.02, 2905383
0.02, 2904081
0.02, 2888297
0.02, 2868974
0.02, 2867606
0.02, 2863867
0.02, 2847083
0.02, 2831289
0.02, 2769211
0.02, 2763168
0.02, 2728531
0.02, 2723806
0.02, 2722106
0.02, 2722080
0.02, 2713770
0.02, 2655828
0.02, 2617858
0.02, 2601930
0.02, 2601404
0.06, 2596891
0.06, 2593549
0.06, 2519384
0.06, 2499523
0.06, 2491331
0.07, 2469712
0.07, 2469052
0.07, 2465771
0.07, 2456328
0.07, 2455926
0.07, 2435754
0.07, 2414643
0.07, 2404572
0.07, 2400209
0.07, 2389478
0.10, 2388399
0.10, 2367856
0.10, 2358944
0.10, 2348255
0.10, 2346581
0.10, 2346265
0.10, 2340862
0.10, 2340049
0.10, 2318683
0.10, 2286864
0.10, 2285507
0.10, 2284208
0.10, 2282542
0.10, 2282479
0.10, 2266100
0.10, 2265300
0.10, 2245052
0.10, 2233876
0.10, 2232268
0.10, 2231906
0.10, 2229527
0.10, 2225264
0.10, 2192588
0.10, 2191843
0.10, 2190793
0.10, 2190375
0.10, 2185534
0.10, 2183949
0.10, 2181582
0.10, 2178439
0.10, 2177604
0.10, 2163052
0.10, 2160818
0.10, 2156078
0.10, 2152202
0.10, 2144121
0.10, 2139477
0.10, 2135246
0.10, 2134106
0.10, 2128288
0.10, 2128041
0.10, 2120657
0.10, 2120090
0.15, 2112714
0.15, 2111174
0.15, 2100719
0.15, 2100526
0.15, 2092555
0.15, 2091698
0.15, 2091042
0.15, 2090999
0.15, 2090991
0.15, 2083332
0.15, 2080567
0.15, 2072539
0.15, 2068931
0.15, 2064961
0.15, 2064563
0.16, 2054689
0.16, 2035807
0.16, 2034600
0.16, 2030112
0.16, 2019943
0.16, 1995305
0.16, 1994267
0.16, 1988859
0.16, 1964908
0.16, 1927504
0.16, 1922174
0.16, 1921113
0.16, 1916005
0.16, 1893844
0.16, 1887701
0.16, 1884570
0.16, 1882496
0.16, 1881138
0.16, 1881076
0.16, 1879999
0.16, 1871611
0.16, 1861292
0.16, 1854544
0.16, 1854318
0.16, 1854262
0.16, 1809442
0.23, 1797629
0.23, 1789042
0.23, 1755407
0.23, 1739472
0.23, 1732462
0.23, 1708618
0.23, 1708580
0.23, 1706466
0.23, 1705158
0.23, 1704962
0.23, 1703029
0.23, 1702894
0.23, 1699716
0.23, 1699491
0.23, 1697631
0.23, 1696825
0.23, 1692689
0.23, 1689697
0.23, 1689075
0.23, 1673314
0.23, 1672566
0.23, 1657407
0.23, 1655270
0.23, 1650744
0.23, 1642691
0.23, 1640912
0.26, 1631789
0.26, 1628002
0.26, 1626716
0.26, 1626129
0.26, 1617662
0.26, 1593127
0.26, 1593036
0.26, 1588675
0.26, 1554664
0.26, 1553646
0.26, 1547743
0.26, 1529646
0.26, 1528021
0.33, 1525493
0.33, 1524113
0.33, 1522222
0.33, 1519327
0.33, 1518847
0.34, 1515581
0.34, 1509318
0.34, 1506523
0.34, 1506175
0.34, 1493365
0.34, 1486617
0.35, 1477249
0.35, 1474787
0.35, 1473974
0.35, 1472965
0.35, 1471394
0.36, 1468034
0.36, 1466121
0.37, 1464522
0.37, 1459740
0.37, 1457454
0.37, 1455192
0.37, 1451608
0.37, 1447845
0.37, 1441212
0.37, 1439578
0.37, 1436261
0.37, 1433922
0.37, 1427536
0.37, 1427501
0.38, 1426325
0.38, 1425130
0.38, 1412628
0.38, 1407931
0.38, 1402277
0.38, 1400854
0.38, 1393948
0.38, 1390683
0.38, 1386614
0.39, 1385669
0.39, 1384410
0.44, 1384381
0.46, 1384194
0.46, 1383698
0.46, 1382974
0.46, 1381953
0.46, 1381046
0.46, 1379636
0.46, 1378420
0.46, 1376054
0.46, 1369957
0.46, 1362861
0.46, 1358925
0.46, 1358171
0.46, 1352021
0.46, 1351715
0.46, 1337810
0.46, 1332616
0.46, 1327041
0.46, 1324442
0.46, 1320310
0.46, 1319182
0.46, 1319020
0.46, 1314329
0.46, 1312618
0.46, 1312377
0.46, 1310053
0.46, 1304545
0.46, 1301945
0.46, 1300280
0.46, 1299427
0.46, 1296457
0.46, 1293898
0.48, 1282239
0.48, 1279718
0.48, 1279151
0.49, 1275562
0.53, 1273268
0.53, 1268981
0.53, 1268683
0.53, 1268440
0.53, 1267886
0.53, 1267706
0.53, 1267082
0.53, 1260524
0.53, 1260365
0.53, 1257106
0.53, 1256855
0.53, 1255861
0.53, 1255238
0.53, 1252399
0.53, 1250718
0.53, 1250439
0.53, 1249792
0.53, 1243396
0.53, 1243345
0.53, 1237539
0.53, 1236571
0.57, 1236183
0.57, 1235744
0.57, 1235592
0.65, 1233514
0.65, 1231295
0.65, 1230594
0.68, 1229490
0.68, 1229134
0.68, 1219409
0.69, 1219301
0.69, 1218073
0.69, 1216064
0.69, 1215689
0.70, 1215522
0.70, 1215402
0.72, 1214743
0.72, 1213237
0.72, 1210381
0.72, 1210349
0.72, 1209284
0.72, 1209270
0.72, 1209108
0.72, 1209053
0.76, 1208090
0.76, 1206250
0.78, 1206054
0.78, 1205365
0.78, 1204181
0.78, 1201304
0.78, 1200164
0.78, 1200009
0.80, 1199451
0.82, 1198196
0.82, 1196763
0.82, 1195657
0.82, 1193056
0.82, 1192636
0.82, 1192138
0.83, 1191988
0.83, 1191906
0.83, 1191134
0.89, 1190494
0.89, 1190396
0.89, 1190393
0.89, 1190385
0.89, 1190061
0.89, 1190004
0.89, 1186783
0.94, 1186737
0.96, 1186531
0.96, 1185899
0.97, 1185571
0.97, 1185407
0.97, 1185202
0.97, 1184856
0.97, 1184388
0.99, 1183378
0.99, 1182103
1.05, 1181641
1.05, 1180896
1.05, 1180090
1.05, 1179650
1.06, 1179510
1.06, 1178745
1.06, 1178351
1.06, 1178150
1.06, 1178008
1.06, 1177527
1.06, 1177381
1.17, 1177368
1.17, 1177011
1.17, 1176776
1.28, 1176754
1.33, 1176663
1.36, 1176634
1.40, 1176581
1.41, 1176534
1.41, 1176469
1.41, 1176327
1.45, 1176216
1.50, 1176151
