0.00,9415145
0.00,8856554
0.00,8438528
0.00,8309653
0.00,8087489
0.00,7658017
0.00,7354021
0.00,7042565
0.00,6749587
0.00,6671056
0.00,6670637
0.00,6706095
0.00,6399310
0.00,6390251
0.00,6345298
0.00,6309434
0.00,6289192
0.00,6289330
0.00,6230595
0.00,6107084
0.00,6021302
0.00,6018830
0.00,6012987
0.00,5835703
0.00,5577970
0.00,5573301
0.00,5601506
0.00,5689059
0.00,5590002
0.00,5466394
0.00,5414058
0.00,5410353
0.00,5415514
0.00,5476869
0.00,5429347
0.00,5095123
0.00,4935395
0.00,4669994
0.00,4525393
0.00,4352410
0.00,4446860
0.00,4333944
0.00,4302960
0.00,4307159
0.00,4319790
0.00,4325200
0.00,4143464
0.01,4208883
0.01,4225978
0.01,4183857
0.01,4031224
0.01,4028227
0.01,4076153
0.01,3903253
0.01,3997376
0.01,3928741
0.01,3878661
0.01,3931499
0.01,3860140
0.01,3799428
0.01,3824971
0.01,3723566
0.01,3630809
0.01,3660082
0.01,3537972
0.01,3419131
0.01,3429308
0.01,3425544
0.01,3448378
0.01,3527300
0.01,3494508
0.01,3550794
0.01,3505145
0.01,3428314
0.01,3496836
0.01,3596665
0.01,3525939
0.01,3496523
0.01,3507227
0.01,3577778
0.01,3497263
0.01,3519452
0.01,3413994
0.01,3279898
0.01,3206585
0.01,3193997
0.01,3113234
0.01,3130189
0.01,3059986
0.01,3053965
0.01,3063119
0.01,3061705
0.01,3021003
0.01,3047194
0.01,3076259
0.01,3049554
0.01,3064130
0.01,3129236
0.01,3089661
0.01,3057239
0.01,2943499
0.01,2904260
0.01,2937038
0.01,2933645
0.01,2879454
0.01,2987300
0.01,3016569
0.01,2962646
0.01,3010652
0.01,3070539
0.01,3032367
0.01,2999118
0.01,3042759
0.01,2980435
0.01,2984915
0.01,2948012
0.01,3032874
0.01,3049699
0.01,3110939
0.01,3080323
0.01,3054079
0.01,3069712
0.01,3068283
0.01,3075391
0.01,3127453
0.01,3100605
0.01,3128938
0.01,3170207
0.01,3128303
0.01,3110913
0.01,3104215
0.01,3044135
0.01,3058773
0.01,2991134
0.01,3034162
0.01,3047658
0.01,2937465
0.01,2864829
0.01,2761173
0.01,2768956
0.01,2688259
0.01,2623415
0.01,2642670
0.01,2719381
0.01,2693391
0.01,2801349
0.01,2745054
0.01,2732357
0.01,2670541
0.01,2713131
0.01,2696611
0.01,2741550
0.01,2747525
0.01,2695272
0.01,2606742
0.01,2547917
0.01,2555338
0.01,2532965
0.01,2537046
0.01,2559562
0.01,2565702
0.01,2475544
0.01,2419488
0.01,2373622
0.01,2392071
0.01,2497270
0.01,2394212
0.01,2377751
0.01,2379024
0.01,2411202
0.01,2408632
0.01,2343615
0.01,2329444
0.01,2328758
0.01,2339636
0.01,2261891
0.01,2250707
0.01,2277975
0.01,2279276
0.01,2263790
0.01,2199443
0.01,2185497
0.01,2168843
0.01,2197873
0.01,2189298
0.01,2132776
0.01,2196668
0.01,2088016
0.01,2098613
0.01,2053750
0.01,2048500
0.01,2152319
0.01,2201012
0.01,2168425
0.01,2123819
0.01,2016036
0.01,1983166
0.01,2106594
0.01,2105310
0.01,2151718
0.01,1953529
0.01,1936898
0.01,1953943
0.01,1962950
0.01,1957992
0.01,1929717
0.01,1922604
0.01,1890113
0.01,1864533
0.01,1846717
0.01,1843600
0.01,1815652
0.01,1792634
0.01,1767491
0.01,1746778
0.01,1749106
0.01,1794386
0.01,1836021
0.01,1841364
0.01,1778263
0.01,1865378
0.01,1875904
0.01,1867839
0.01,1862742
0.01,1862301
0.01,1744678
0.01,1771605
0.01,1815506
0.01,1867932
0.01,1888820
0.01,1854004
0.01,1824421
0.01,1824092
0.01,1822378
0.01,1700647
0.01,1681020
0.01,1659816
0.02,1650560
0.02,1632282
0.02,1614497
0.02,1611058
0.02,1645989
0.02,1641802
0.02,1573044
0.02,1566721
0.02,1547441
0.02,1531878
0.02,1597472
0.02,1629323
0.02,1632958
0.02,1650304
0.02,1684476
0.02,1695312
0.02,1570539
0.02,1525886
0.02,1536085
0.02,1556744
0.02,1537883
0.02,1594524
0.02,1706899
0.02,1689079
0.02,1655509
0.02,1571109
0.02,1611056
0.02,1526351
0.02,1503122
0.02,1486343
0.02,1478324
0.02,1464999
0.02,1455998
0.02,1443194
0.02,1446444
0.02,1430791
0.02,1420232
0.02,1410141
0.02,1402605
0.02,1398371
0.02,1389528
0.02,1381304
0.02,1373880
0.02,1366034
0.02,1366011
0.02,1368067
0.02,1367217
0.02,1372291
0.02,1367501
0.02,1367151
0.02,1358464
0.02,1368299
0.02,1346348
0.02,1377255
0.02,1365321
0.02,1355805
0.02,1332706
0.02,1325963
0.02,1319562
0.02,1313491
0.02,1312243
0.02,1311441
0.02,1302301
0.02,1305998
0.02,1284398
0.02,1279956
0.02,1281852
0.02,1284147
0.02,1277308
0.02,1282047
0.02,1272833
0.02,1268545
0.02,1285578
0.02,1264230
0.02,1271176
0.02,1310915
0.02,1334156
0.02,1342189
0.02,1341729
0.02,1345592
0.02,1438078
0.02,1442820
0.02,1432718
0.02,1448391
0.02,1431834
0.02,1425669
0.02,1406530
0.02,1433539
0.02,1501747
0.02,1448783
0.02,1454841
0.02,1410929
0.02,1366044
0.02,1328111
0.02,1317698
0.02,1324390
0.02,1291606
0.02,1280168
0.02,1277527
0.02,1280356
0.02,1289566
0.02,1277637
0.02,1258868
0.02,1265789
0.02,1274381
0.02,1283866
0.02,1291703
0.02,1314625
0.02,1319583
0.02,1314788
0.02,1319655
0.02,1339420
0.02,1433076
0.02,1434645
0.02,1426200
0.02,1440161
0.02,1426597
0.02,1413129
0.02,1394782
0.02,1419892
0.02,1498475
0.02,1448989
0.02,1453908
0.02,1396771
0.02,1347870
0.02,1309764
0.02,1301572
0.02,1310106
0.02,1284332
0.02,1296698
0.02,1268852
0.02,1256200
0.02,1248982
0.02,1245126
0.02,1267033
0.02,1256728
0.02,1259175
0.02,1254711
0.02,1253071
0.02,1238627
0.02,1232645
0.02,1230480
0.02,1228679
0.02,1226535
0.02,1253598
0.02,1224908
0.02,1224105
0.02,1225503
0.02,1222713
0.02,1221648
0.02,1220554
0.02,1219748
0.02,1219085
0.02,1218533
0.02,1218051
0.02,1217655
0.02,1217284
0.02,1216877
0.02,1216735
0.02,1216630
0.02,1216569
