0.00,9963152
0.00,9666269
0.00,9712781
0.00,9558263
0.00,8914439
0.00,8608538
0.00,8557457
0.00,8296227
0.00,8117404
0.00,8035770
0.00,7617874
0.00,7369669
0.00,7310387
0.00,7296382
0.00,7009806
0.00,7031306
0.00,6900127
0.00,6674280
0.00,6511743
0.00,6146868
0.00,5837065
0.00,5840732
0.00,5633069
0.00,5674144
0.00,5723140
0.00,5390011
0.00,5159631
0.00,4909110
0.00,4819349
0.00,4917668
0.00,4936999
0.00,4768479
0.00,4758404
0.00,4745052
0.00,4622214
0.00,4632802
0.00,4559334
0.00,4563076
0.00,4391997
0.00,4409415
0.00,4374418
0.00,4392893
0.00,4313876
0.00,4186732
0.00,4044718
0.00,4179092
0.00,4139847
0.00,4161725
0.00,4199467
0.00,4195328
0.00,4217348
0.00,4176121
0.00,4249635
0.00,4164057
0.00,4244387
0.00,4127442
0.00,4114436
0.00,4105911
0.00,4072193
0.01,3982169
0.01,3765210
0.01,3878668
0.01,3839642
0.01,3879360
0.01,3810925
0.01,3832038
0.01,3826331
0.01,3770137
0.01,3644089
0.01,3655022
0.01,3769137
0.01,3669220
0.01,3692566
0.01,3736532
0.01,3623587
0.01,3485709
0.01,3452023
0.01,3471481
0.01,3496518
0.01,3491067
0.01,3378487
0.01,3280370
0.01,3257525
0.01,3245320
0.01,3340405
0.01,3351210
0.01,3379688
0.01,3385160
0.01,3266250
0.01,3184156
0.01,3091561
0.01,3004329
0.01,2961820
0.01,2981681
0.01,2993317
0.01,2990011
0.01,2885608
0.01,2851105
0.01,2787026
0.01,2760716
0.01,2766191
0.01,2682718
0.01,2619352
0.01,2569374
0.01,2567318
0.01,2542711
0.01,2535630
0.01,2526424
0.01,2504257
0.01,2452975
0.01,2499631
0.01,2555889
0.01,2554881
0.01,2444951
0.01,2431768
0.01,2599250
0.01,2609285
0.01,2602268
0.01,2560445
0.01,2508301
0.01,2569828
0.01,2565064
0.01,2590849
0.01,2476800
0.01,2494976
0.01,2487180
0.01,2330883
0.01,2315530
0.01,2292916
0.01,2265637
0.01,2281917
0.01,2258614
0.01,2193709
0.01,2169076
0.01,2197680
0.01,2133634
0.01,2167693
0.01,2167687
0.01,2193093
0.01,2312077
0.01,2320309
0.01,2292994
0.01,2310528
0.01,2284918
0.01,2289028
0.01,2308124
0.01,2316651
0.01,2191928
0.01,2156619
0.01,2176028
0.01,2097252
0.01,2091675
0.01,2056146
0.01,2019601
0.01,2019168
0.01,2036143
0.01,2041656
0.01,2069952
0.01,2066494
0.01,2097445
0.01,2093029
0.01,2089365
0.01,2203802
0.01,2234439
0.01,2230503
0.01,2201729
0.01,2189097
0.01,2138602
0.01,2093488
0.01,2107642
0.01,2019623
0.01,2012296
0.01,2027496
0.01,2161551
0.01,2156607
0.01,2162094
0.01,2071370
0.01,2055765
0.01,2045225
0.01,2052215
0.01,2074328
0.01,2059645
0.01,1990562
0.01,1948020
0.01,1986630
0.01,1926769
0.01,1892195
0.01,1893748
0.01,1898404
0.01,1897910
0.01,1904937
0.01,1908169
0.01,1937149
0.01,1958267
0.01,2026177
0.01,2026896
0.01,2010921
0.01,2100356
0.01,2099714
0.01,2104984
0.01,2088666
0.01,2099952
0.01,2102466
0.01,2070280
0.01,2084203
0.01,1921301
0.01,1931487
0.01,1930956
0.01,1924260
0.01,1986573
0.01,1954892
0.01,1939165
0.01,1995464
0.01,1983067
0.01,1949902
0.01,1962108
0.01,1987795
0.01,1971426
0.01,1970502
0.01,1860244
0.01,1902615
0.01,1961154
0.01,1988103
0.01,1980619
0.01,2009798
0.01,1941916
0.01,1851250
0.01,1818815
0.01,1788855
0.01,1779434
0.01,1795062
0.01,1775164
0.01,1767851
0.01,1745378
0.01,1727796
0.01,1783953
0.01,1826564
0.01,1858838
0.01,1979149
0.01,2016225
0.01,2011003
0.01,2000931
0.01,1994780
0.01,2005445
0.01,1999022
0.01,2012618
0.01,1922715
0.01,1952815
0.02,1951166
0.02,1942374
0.02,1947569
0.02,1933563
0.02,1915494
0.02,1999138
0.02,2003664
0.02,1978095
0.02,1975976
0.02,1974976
0.02,2011825
0.02,1996045
0.02,1889654
0.02,1879935
0.02,1782021
0.02,1781376
0.02,1793588
0.02,1806424
0.02,1782072
0.02,1701054
0.02,1696421
0.02,1692310
0.02,1675424
0.02,1666816
0.02,1648319
0.02,1627552
0.02,1610347
0.02,1635101
0.02,1638223
0.02,1652230
0.02,1683183
0.02,1738847
0.02,1789659
0.02,1780448
0.02,1841548
0.02,1767298
0.02,1751157
0.02,1756394
0.02,1753194
0.02,1758782
0.02,1685405
0.02,1686204
0.02,1688310
0.02,1639385
0.02,1631484
0.02,1626852
0.02,1597936
0.02,1623512
0.02,1607640
0.02,1660369
0.02,1715558
0.02,1747485
0.02,1747731
0.02,1746310
0.02,1774560
0.02,1771834
0.02,1762625
0.02,1772834
0.02,1662397
0.02,1649798
0.02,1627706
0.02,1633787
0.02,1639677
0.02,1617033
0.02,1565548
0.02,1562500
0.02,1585472
0.02,1594738
0.02,1666520
0.02,1679112
0.02,1758951
0.02,1805835
0.02,1786435
0.02,1845480
0.02,1834645
0.02,1903827
0.02,1861536
0.02,1882581
0.02,1896885
0.02,1881475
0.02,1891268
0.02,1828547
0.02,1820390
0.02,1747351
0.02,1763082
0.02,1722489
0.02,1716044
0.02,1673950
0.02,1612993
0.02,1696608
0.02,1725719
0.02,1698694
0.02,1686648
0.02,1619143
0.02,1658746
0.02,1643086
0.02,1664520
0.02,1543421
0.02,1547600
0.02,1526185
0.02,1509423
0.02,1492054
0.02,1475759
0.02,1463969
0.02,1448049
0.02,1459508
0.02,1441503
0.02,1425850
0.02,1403837
0.02,1389212
0.02,1377171
0.02,1412347
0.02,1427694
0.02,1436233
0.02,1453249
0.02,1457038
0.02,1381200
0.02,1367098
0.02,1344998
0.02,1356239
0.02,1327549
0.02,1328571
0.02,1312276
0.02,1300578
0.02,1289758
0.02,1281170
0.02,1285353
0.02,1282844
0.02,1294335
0.02,1286041
0.02,1272635
0.02,1264664
0.02,1271806
0.02,1272003
0.02,1282735
0.02,1275462
0.02,1277449
0.02,1291131
0.02,1302186
0.02,1325679
0.02,1313784
0.02,1310631
0.02,1311585
0.02,1299193
0.02,1286366
0.02,1306013
0.02,1341828
0.02,1346037
0.02,1384266
0.02,1426657
0.02,1478239
0.02,1519007
0.02,1575675
0.02,1615021
0.02,1522607
0.02,1494658
0.02,1492141
0.02,1519939
0.02,1558598
0.02,1553837
0.02,1537784
0.02,1556714
0.02,1484060
0.02,1432302
0.02,1427969
0.02,1355240
0.02,1321345
0.02,1388389
0.02,1382841
0.02,1375525
0.02,1373884
0.02,1362346
0.02,1405142
0.02,1397656
0.02,1417260
0.02,1311085
0.02,1273339
0.02,1266216
0.02,1257480
0.02,1250334
0.02,1265823
0.02,1272404
0.02,1296363
0.02,1315641
0.02,1311607
0.02,1308991
0.02,1301375
0.02,1311256
0.02,1303719
0.02,1311162
0.02,1353470
0.02,1397603
0.02,1462145
0.02,1469982
0.02,1530771
0.02,1447229
0.02,1410231
0.02,1401339
0.02,1389815
0.02,1409911
0.02,1382118
0.02,1374989
0.02,1359923
0.02,1283588
0.02,1264385
0.02,1305672
0.02,1283864
0.02,1328423
0.02,1417528
0.02,1438321
0.02,1471969
0.02,1480711
0.02,1484175
0.02,1446384
0.02,1452515
0.02,1434463
0.02,1362506
0.02,1356236
0.02,1360059
0.02,1358762
0.02,1322025
0.02,1334039
0.02,1359979
0.02,1369796
0.02,1346881
0.02,1321744
0.02,1243786
0.02,1237408
0.02,1231714
0.02,1245885
0.02,1255926
0.02,1279470
0.02,1295633
0.02,1305363
0.02,1309588
0.02,1317235
0.02,1331863
0.02,1325583
0.02,1326105
0.02,1365366
0.02,1399801
0.02,1432372
0.02,1416099
0.02,1472747
0.02,1404428
0.02,1399869
0.02,1399175
0.02,1466912
0.02,1479794
0.02,1419125
0.02,1426669
0.02,1432288
0.02,1383248
0.02,1352850
0.02,1394905
0.02,1378398
0.02,1368456
0.02,1435336
0.02,1448138
0.02,1448200
0.02,1393029
0.02,1371553
0.02,1361308
0.02,1329636
0.02,1321390
0.02,1263678
0.02,1224849
0.02,1219781
0.02,1223028
0.02,1215382
0.02,1217688
0.02,1219969
0.02,1225052
0.02,1255838
0.02,1270853
0.02,1270262
0.02,1268408
0.02,1283337
0.02,1271006
0.02,1279135
0.02,1276187
0.02,1271591
0.02,1271900
0.02,1292847
0.02,1297724
0.02,1306186
0.02,1294698
0.02,1369951
0.02,1361728
0.02,1334886
0.02,1333597
0.02,1335913
0.02,1361845
0.02,1399048
0.02,1466389
0.02,1474291
0.02,1472370
0.02,1494334
0.02,1530268
0.02,1544060
0.02,1506190
0.02,1545585
0.02,1578863
0.02,1598573
0.02,1575035
0.02,1615815
0.02,1554594
0.02,1573384
0.02,1566093
0.02,1567757
0.02,1582346
0.02,1531613
0.02,1534270
0.02,1520861
0.02,1461275
0.02,1382693
0.02,1322418
0.02,1313923
0.02,1213683
0.02,1209818
0.02,1206228
0.03,1203478
0.03,1200796
0.03,1201346
0.03,1209280
0.03,1228602
0.03,1245990
0.03,1248971
0.03,1253385
0.03,1236368
0.03,1227639
0.03,1238248
0.03,1236203
0.03,1232065
0.03,1242038
0.03,1299532
0.03,1315284
0.03,1349432
0.03,1396213
0.03,1500105
0.03,1536484
0.03,1495882
0.03,1543034
0.03,1462367
0.03,1463340
0.03,1485940
0.03,1536798
0.03,1554089
0.03,1496104
0.03,1480987
0.03,1489753
0.03,1432601
0.03,1324273
0.03,1305408
0.03,1281622
0.03,1244696
0.03,1307169
0.03,1315015
0.03,1303382
0.03,1334111
0.03,1335477
0.03,1329990
0.03,1325353
0.03,1338513
0.03,1271412
0.03,1205408
0.03,1198270
0.03,1196429
0.03,1194194
0.03,1191975
0.03,1190134
0.03,1188323
0.03,1190718
0.03,1195950
0.03,1198031
0.03,1191728
0.03,1186158
0.03,1185568
0.03,1185134
0.03,1184028
0.03,1183568
0.03,1182489
0.03,1181821
0.03,1180778
0.03,1181137
0.03,1179878
0.03,1179242
0.03,1178643
0.03,1179596
0.03,1184349
0.03,1184595
0.03,1184481
0.03,1185271
0.03,1198329
0.03,1206673
0.03,1233240
0.03,1252863
0.03,1254498
0.03,1255770
0.03,1263996
0.03,1247373
0.03,1240615
0.03,1243935
0.03,1281988
0.03,1330102
0.03,1381561
0.03,1376004
0.03,1428019
0.03,1366136
0.03,1358394
0.03,1365061
0.03,1357115
0.03,1367727
0.03,1328549
0.03,1322431
0.03,1320823
0.03,1247920
0.03,1229903
0.03,1257966
0.03,1245907
0.03,1268122
0.03,1377209
0.03,1329587
0.03,1365980
0.03,1373768
0.03,1375888
0.03,1407544
0.03,1397581
0.03,1398675
0.03,1310619
0.03,1307295
0.03,1302850
0.03,1305756
0.03,1319372
0.03,1293033
0.03,1284987
0.03,1242187
0.03,1255551
0.03,1257651
0.03,1193902
0.03,1178145
0.03,1177749
0.03,1177587
0.03,1177333
0.03,1177268
0.03,1177217
