0.00, 10314930
0.00, 10236097
0.00, 10156098
0.00, 10148958
0.00, 9950673
0.00, 9938079
0.01, 9936756
0.01, 9916507
0.01, 9833185
0.01, 9828027
0.01, 9825330
0.01, 9822345
0.01, 9772928
0.01, 9767973
0.01, 9720770
0.01, 9685108
0.01, 9602025
0.01, 9593651
0.01, 9561664
0.01, 9548043
0.01, 9408310
0.01, 9262514
0.01, 9250033
0.01, 9239634
0.01, 9120573
0.01, 9078268
0.01, 9074037
0.01, 8996760
0.01, 8967253
0.01, 8947797
0.01, 8787843
0.01, 8736749
0.01, 8690566
0.01, 8653777
0.01, 8631078
0.01, 8622722
0.01, 8589888
0.01, 8579614
0.01, 8354296
0.01, 8243989
0.01, 8156438
0.01, 8155249
0.01, 8154112
0.01, 8106170
0.01, 8100306
0.01, 8094871
0.01, 8030278
0.01, 8008741
0.01, 7982541
0.01, 7893621
0.01, 7844978
0.01, 7832279
0.01, 7824078
0.01, 7793080
0.01, 7748258
0.01, 7699029
0.01, 7663104
0.01, 7651505
0.01, 7414950
0.01, 7407781
0.01, 7400305
0.01, 7381136
0.01, 7307995
0.01, 7198088
0.01, 7194388
0.01, 7118231
0.01, 6993285
0.01, 6980089
0.01, 6980018
0.01, 6967405
0.01, 6924529
0.01, 6895405
0.01, 6841798
0.01, 6671647
0.01, 6635950
0.01, 6631093
0.01, 6604380
0.01, 6595596
0.01, 6556320
0.01, 6450871
0.01, 6355741
0.01, 6353314
0.01, 6330426
0.01, 6223058
0.01, 6216129
0.01, 6212789
0.01, 6148145
0.01, 6148124
0.01, 6138479
0.01, 6097705
0.01, 6091676
0.01, 6053795
0.01, 6039198
0.01, 5922465
0.01, 5872167
0.01, 5689101
0.01, 5660398
0.01, 5529141
0.01, 5503223
0.01, 5445130
0.01, 5407369
0.01, 5322950
0.01, 5310413
0.01, 5283532
0.01, 5280881
0.01, 5270767
0.01, 5254368
0.01, 5163324
0.01, 5156390
0.01, 5125570
0.01, 5124369
0.01, 5111047
0.01, 5055937
0.01, 5014300
0.01, 5000604
0.01, 4995908
0.01, 4990812
0.01, 4989327
0.01, 4948322
0.01, 4935835
0.01, 4923904
0.01, 4918591
0.01, 4835383
0.01, 4821131
0.01, 4820950
0.01, 4816586
0.01, 4808713
0.01, 4720585
0.01, 4675809
0.01, 4671723
0.01, 4668583
0.01, 4661628
0.01, 4656670
0.01, 4656395
0.01, 4589508
0.01, 4585560
0.01, 4579796
0.01, 4576813
0.01, 4569294
0.01, 4567937
0.01, 4558434
0.01, 4475485
0.01, 4469932
0.01, 4460013
0.01, 4421710
0.01, 4286840
0.01, 4262985
0.01, 4239839
0.01, 4208954
0.01, 4103049
0.01, 4100232
0.01, 4064703
0.01, 4062216
0.01, 4054981
0.01, 4035845
0.01, 4030449
0.01, 4027899
0.01, 4014221
0.01, 3941663
0.01, 3893557
0.01, 3836051
0.01, 3813128
0.01, 3805120
0.01, 3802991
0.01, 3792557
0.01, 3756385
0.01, 3754855
0.01, 3753781
0.01, 3739689
0.01, 3731488
0.01, 3716418
0.01, 3702406
0.01, 3696583
0.01, 3695181
0.01, 3690899
0.01, 3662854
0.01, 3658220
0.01, 3653841
0.01, 3623196
0.01, 3611741
0.01, 3610272
0.01, 3608069
0.01, 3503319
0.01, 3441761
0.01, 3440330
0.01, 3364074
0.01, 3355711
0.01, 3269766
0.02, 3264085
0.02, 3246351
0.02, 3244776
0.02, 3210139
0.02, 3121263
0.02, 3105269
0.02, 3101471
0.02, 3096845
0.02, 3068059
0.02, 3062770
0.02, 3060027
0.02, 3002783
0.02, 2996554
0.02, 2994989
0.02, 2969844
0.03, 2965891
0.03, 2963706
0.03, 2955426
0.03, 2955304
0.03, 2939490
0.03, 2928977
0.03, 2908346
0.03, 2906363
0.03, 2894370
0.03, 2891129
0.03, 2886603
0.03, 2882896
0.03, 2860729
0.03, 2849891
0.03, 2820096
0.03, 2791912
0.03, 2788432
0.04, 2742591
0.04, 2737502
0.04, 2735972
0.04, 2733578
0.04, 2700802
0.04, 2700776
0.04, 2699594
0.04, 2689639
0.04, 2687627
0.04, 2656800
0.04, 2656370
0.05, 2650154
0.05, 2576754
0.05, 2569201
0.05, 2562883
0.05, 2539002
0.05, 2522482
0.05, 2505300
0.05, 2504407
0.05, 2502839
0.05, 2468165
0.05, 2460440
0.05, 2451990
0.08, 2444105
0.08, 2436980
0.08, 2435979
0.08, 2412045
0.08, 2410483
0.08, 2409089
0.08, 2397902
0.08, 2371004
0.08, 2370261
0.08, 2369754
0.08, 2362858
0.08, 2362502
0.08, 2343804
0.10, 2341575
0.10, 2339712
0.10, 2316504
0.11, 2311840
0.11, 2306369
0.11, 2305935
0.11, 2305918
0.11, 2303966
0.11, 2303605
0.11, 2292154
0.11, 2271293
0.11, 2271133
0.11, 2263014
0.11, 2261341
0.11, 2259460
0.11, 2244695
0.14, 2237494
0.14, 2235647
0.14, 2193644
0.14, 2186589
0.14, 2180210
0.14, 2175298
0.15, 2159423
0.15, 2154555
0.15, 2146329
0.15, 2125689
0.15, 2115794
0.15, 2115747
0.15, 2099055
0.15, 2089896
0.16, 2074383
0.16, 2051712
0.16, 2051460
0.16, 2050222
0.16, 2036625
0.16, 2035437
0.16, 2035254
0.16, 2012508
0.16, 2010752
0.16, 2000562
0.16, 1997281
0.16, 1990823
0.16, 1982673
0.16, 1982323
0.16, 1979676
0.16, 1973049
0.16, 1971306
0.16, 1965048
0.16, 1959450
0.16, 1957384
0.16, 1955708
0.16, 1948153
0.16, 1914739
0.16, 1913766
0.16, 1911733
0.16, 1911363
0.16, 1909586
0.17, 1892887
0.17, 1892098
0.17, 1871442
0.17, 1869680
0.17, 1866774
0.17, 1864466
0.24, 1860557
0.24, 1857131
0.24, 1844501
0.24, 1840930
0.24, 1840589
0.24, 1836081
0.24, 1828207
0.24, 1823370
0.24, 1820934
0.24, 1820738
0.24, 1817827
0.24, 1817010
0.24, 1816929
0.24, 1809754
0.24, 1809231
0.24, 1808025
0.24, 1781126
0.24, 1769488
0.24, 1769062
0.24, 1759543
0.24, 1754709
0.24, 1738507
0.24, 1729904
0.24, 1727353
0.25, 1724927
0.25, 1720837
0.25, 1718122
0.25, 1718026
0.25, 1714757
0.25, 1711054
0.25, 1710883
0.25, 1704574
0.25, 1693419
0.25, 1690208
0.25, 1689758
0.25, 1689698
0.25, 1683460
0.25, 1679145
0.25, 1677220
0.29, 1668332
0.29, 1661614
0.29, 1659008
0.29, 1621404
0.32, 1614064
0.32, 1611754
0.32, 1604963
0.32, 1602102
0.32, 1564846
0.32, 1563782
0.32, 1558194
0.32, 1551827
0.32, 1542336
0.32, 1539376
0.33, 1534165
0.33, 1533330
0.33, 1525449
0.33, 1524678
0.34, 1522819
0.34, 1512959
0.34, 1511916
0.34, 1509868
0.34, 1506888
0.34, 1501630
0.34, 1501542
0.34, 1500073
0.34, 1499824
0.34, 1498711
0.34, 1497799
0.34, 1497251
0.34, 1494448
0.34, 1489063
0.34, 1487409
0.34, 1487269
0.34, 1484770
0.34, 1482493
0.34, 1474811
0.34, 1469232
0.34, 1467951
0.38, 1467554
0.38, 1463675
0.38, 1462810
0.38, 1462757
0.38, 1461662
0.38, 1455870
0.44, 1454973
0.44, 1454527
0.44, 1452995
0.44, 1452602
0.44, 1449169
0.44, 1449153
0.44, 1444735
0.44, 1444097
0.44, 1439272
0.44, 1437406
0.44, 1433201
0.44, 1423223
0.45, 1422933
0.45, 1420102
0.45, 1419480
0.46, 1411927
0.46, 1398723
0.46, 1393472
0.46, 1380588
0.48, 1372721
0.48, 1371084
0.48, 1368342
0.48, 1367688
0.48, 1366270
0.48, 1364683
0.49, 1362888
0.49, 1362658
0.49, 1360990
0.49, 1356618
0.49, 1354700
0.50, 1353117
0.51, 1353057
0.51, 1351591
0.51, 1350646
0.51, 1348745
0.53, 1346714
0.53, 1342001
0.53, 1340203
0.53, 1336398
0.53, 1333060
0.53, 1325717
0.54, 1323288
0.54, 1320551
0.60, 1319411
0.60, 1317814
0.60, 1316295
0.60, 1316187
0.60, 1309638
0.62, 1308479
0.62, 1307401
0.62, 1306461
0.62, 1306317
0.62, 1304652
0.62, 1303728
0.62, 1299225
0.62, 1297620
0.62, 1297301
0.62, 1292111
0.64, 1291586
0.64, 1284918
0.65, 1269906
0.65, 1266335
0.65, 1265525
0.65, 1261460
0.65, 1261203
0.66, 1259955
0.66, 1258720
0.67, 1258212
0.67, 1257909
0.67, 1254814
0.67, 1254255
0.67, 1249344
0.67, 1248745
0.67, 1247089
0.68, 1244520
0.68, 1244029
0.68, 1242845
0.69, 1241126
0.69, 1239452
0.69, 1238883
0.69, 1237995
0.69, 1236698
0.69, 1236625
0.69, 1235644
0.69, 1230383
0.69, 1230323
0.69, 1229933
0.69, 1229791
0.69, 1228762
0.69, 1226964
0.69, 1226850
0.69, 1226640
0.69, 1226542
0.69, 1224620
0.69, 1220237
0.69, 1217059
0.69, 1216443
0.69, 1215000
0.69, 1214834
0.72, 1214298
0.72, 1212254
0.73, 1209327
0.73, 1207007
0.73, 1198316
0.73, 1197638
0.73, 1196800
0.73, 1195751
0.85, 1193078
0.88, 1193048
0.88, 1192868
0.88, 1192371
0.92, 1191208
0.93, 1190796
0.93, 1190447
0.93, 1187722
0.93, 1186541
0.94, 1186208
0.94, 1185405
0.94, 1184423
1.03, 1184417
1.03, 1183919
1.05, 1183773
1.05, 1183770
1.05, 1183171
1.05, 1181993
1.05, 1180279
1.06, 1180197
1.09, 1179831
1.09, 1179642
1.09, 1178952
1.09, 1178825
1.13, 1178661
1.18, 1177968
1.18, 1177453
1.18, 1177156
1.18, 1177147
1.19, 1177082
1.31, 1177045
1.32, 1176791
1.32, 1176726
1.55, 1176675
3.26, 1176637
3.27, 1176448
3.28, 1176447
3.28, 1176332
5.33, 1176267
5.34, 1176216
5.45, 1176202
5.46, 1176151
