0.01,10214152
0.01,9868892
0.01,9318943
0.01,9213652
0.01,8731005
0.01,8441538
0.01,8211325
0.01,8013129
0.01,8038723
0.01,8025719
0.01,7634436
0.01,7530386
0.01,7431745
0.01,7456691
0.01,7448859
0.01,7372145
0.01,7093221
0.01,6854660
0.01,6726919
0.01,6672571
0.01,6676584
0.01,6370973
0.01,6142299
0.01,6277705
0.01,6005598
0.01,6213855
0.01,5869587
0.01,5893937
0.01,5894677
0.01,5841451
0.01,5846961
0.01,5660800
0.01,5503160
0.01,5531229
0.01,5471888
0.01,5220577
0.01,5239839
0.01,5132164
0.01,5134172
0.01,5179917
0.01,5193609
0.01,5155784
0.01,5220405
0.01,5058531
0.01,5182429
0.01,4935253
0.01,4961530
0.01,5039165
0.01,5085402
0.01,5002598
0.01,4997949
0.01,5030403
0.01,5155705
0.01,5030629
0.01,4866380
0.01,4818586
0.01,4642076
0.01,4761592
0.01,4670345
0.01,4700304
0.01,4495141
0.01,4318260
0.01,4263398
0.01,4323561
0.01,4201727
0.01,4198230
0.01,4233328
0.01,4179387
0.01,4005579
0.01,3975925
0.01,3954339
0.01,3865073
0.01,3825172
0.01,3816601
0.01,3817562
0.01,3903769
0.01,3672123
0.01,3469535
0.01,3473081
0.01,3541696
0.01,3536132
0.01,3516502
0.01,3450117
0.01,3343719
0.01,3291427
0.01,3223229
0.01,3232168
0.01,3263970
0.01,3455985
0.01,3462506
0.01,3576530
0.01,3561949
0.01,3598479
0.01,3418043
0.01,3431950
0.01,3502322
0.01,3403757
0.01,3396809
0.01,3352475
0.01,3368119
0.01,3370846
0.01,3347535
0.01,3321899
0.01,3364082
0.01,3355073
0.01,3328501
0.01,3360692
0.01,3329490
0.01,3397013
0.01,3380147
0.01,3285959
0.01,3295281
0.01,3371486
0.01,3324220
0.01,3375060
0.01,3301309
0.01,3166742
0.01,3164697
0.01,3201884
0.01,3241828
0.01,3113796
0.01,3170478
0.01,2988741
0.01,3038017
0.01,3023523
0.01,2985784
0.01,2929185
0.01,2938467
0.01,2899329
0.01,2908933
0.01,2918113
0.01,2878903
0.01,2810774
0.01,2812159
0.01,2755926
0.01,2633689
0.01,2542514
0.01,2490227
0.01,2514065
0.01,2487267
0.01,2446696
0.01,2397869
0.01,2328455
0.01,2297223
0.01,2344593
0.01,2337313
0.01,2297080
0.01,2242506
0.01,2196499
0.01,2153158
0.01,2189612
0.01,2106556
0.01,2096012
0.01,2082251
0.01,2028802
0.01,2061340
0.02,2073628
0.02,2044191
0.02,2061799
0.02,2156336
0.02,2152065
0.02,2200009
0.02,2183375
0.02,2107511
0.02,2122304
0.02,2218945
0.02,2216977
0.02,2193765
0.02,2190353
0.02,2206253
0.02,2103676
0.02,2101739
0.02,2071202
0.02,2150531
0.02,2139102
0.02,2116642
0.02,1983238
0.02,1949178
0.02,2026674
0.02,2024418
0.02,1955245
0.02,1965862
0.02,2032816
0.02,2021141
0.02,2034333
0.02,2032362
0.02,2014237
0.02,1929795
0.02,1947486
0.02,1894470
0.02,1973443
0.02,1956867
0.02,1929384
0.02,1915620
0.02,1938329
0.02,1851763
0.02,1960367
0.02,1952455
0.02,2024221
0.02,2073476
0.02,2021833
0.02,1989539
0.02,1939489
0.02,1905873
0.02,1874221
0.02,1877974
0.02,1935249
0.02,2032513
0.02,2104857
0.02,2065374
0.02,2154491
0.02,2111271
0.02,2073874
0.02,2049929
0.02,2051826
0.02,2039041
0.02,2029171
0.02,2034416
0.02,2033867
0.02,2123425
0.02,2123110
0.02,2105194
0.02,2100473
0.02,2112231
0.02,2106325
0.02,2108509
0.02,2123925
0.02,2074789
0.02,2148039
0.02,2134721
0.02,2135347
0.02,2147654
0.02,2205542
0.02,2204468
0.02,2185081
0.02,2195105
0.02,2156183
0.02,2013703
0.02,2004618
0.02,1973684
0.02,1990161
0.02,1998513
0.02,2048900
0.02,2043313
0.02,2008917
0.02,1963546
0.02,1933562
0.02,1936497
0.02,1874296
0.02,1865810
0.02,1881512
0.02,1867313
0.02,1810604
0.02,1763984
0.02,1799385
0.02,1810048
0.02,1809794
0.02,1753209
0.02,1759940
0.02,1750696
0.02,1775411
0.02,1714979
0.02,1677720
0.02,1652634
0.02,1624795
0.02,1592349
0.02,1580912
0.02,1589494
0.02,1586794
0.02,1601880
0.02,1596886
0.02,1580152
0.02,1587449
0.02,1596664
0.02,1596008
0.02,1558749
0.02,1537596
0.02,1591881
0.02,1610752
0.02,1619053
0.02,1749035
0.02,1773864
0.02,1804859
0.02,1756046
0.02,1786277
0.02,1734407
0.02,1717888
0.02,1799719
0.02,1768112
0.02,1740285
0.02,1748894
0.02,1748467
0.02,1752057
0.02,1806313
0.02,1811802
0.02,1815871
0.02,1812537
0.02,1821947
0.02,1823975
0.02,1837065
0.02,1819569
0.02,1795956
0.02,1833150
0.02,1862077
0.02,1832730
0.02,1845184
0.02,1863047
0.02,1886973
0.02,1893210
0.02,1871445
0.02,1861257
0.02,1784034
0.02,1758064
0.02,1757623
0.02,1777456
0.02,1774434
0.02,1762529
0.02,1754503
0.02,1647397
0.02,1610451
0.02,1583557
0.02,1579579
0.02,1530030
0.02,1510078
0.02,1510622
0.02,1519060
0.02,1537001
0.02,1520577
0.02,1532067
0.02,1518458
0.02,1501001
0.02,1487001
0.02,1471746
0.02,1462241
0.02,1446693
0.02,1433917
0.02,1431732
0.02,1420405
0.02,1409368
0.02,1398548
0.02,1382379
0.02,1374196
0.02,1369329
0.02,1358024
0.03,1353623
0.03,1359480
0.03,1361413
0.03,1356975
0.03,1356287
0.03,1363670
0.03,1347510
0.03,1341746
0.03,1338535
0.03,1327304
0.03,1326648
0.03,1322524
0.03,1323466
0.03,1323329
0.03,1325733
0.03,1326655
0.03,1331217
0.03,1329743
0.03,1333451
0.03,1317216
0.03,1314569
0.03,1309501
0.03,1324299
0.03,1304671
0.03,1297894
0.03,1293177
0.03,1288814
0.03,1285118
0.03,1281434
0.03,1281146
0.03,1285435
0.03,1282283
0.03,1282525
0.03,1281827
0.03,1277090
0.03,1275124
0.03,1273883
0.03,1272355
0.03,1271179
0.03,1270243
0.03,1270025
0.03,1269174
0.03,1274501
0.03,1274397
0.03,1276495
0.03,1278935
0.03,1279555
0.03,1268201
0.03,1269339
0.03,1271511
0.03,1275298
0.03,1278114
0.03,1280527
0.03,1274108
0.03,1265302
0.03,1264640
0.03,1264041
0.03,1263504
0.03,1264357
0.03,1263098
0.03,1262891
0.03,1262686
0.03,1262621
