0.01, 10406133
0.01, 10242244
0.01, 10224691
0.01, 10222701
0.01, 10211103
0.01, 10044468
0.01, 9965950
0.01, 9962501
0.01, 9865810
0.01, 9816714
0.01, 9753829
0.01, 9727950
0.01, 9705132
0.01, 9692323
0.01, 9653569
0.01, 9651165
0.01, 9561166
0.01, 9502086
0.01, 9462555
0.01, 9414066
0.01, 9366442
0.01, 9338191
0.01, 9327530
0.01, 9325754
0.01, 9322202
0.01, 9290879
0.01, 9231058
0.01, 9189462
0.01, 9153623
0.01, 9110859
0.01, 9023494
0.01, 9023344
0.01, 9022696
0.01, 9022619
0.01, 8956136
0.01, 8951743
0.01, 8801178
0.01, 8797518
0.01, 8794079
0.01, 8794016
0.01, 8793571
0.01, 8691151
0.01, 8633528
0.01, 8614999
0.01, 8590924
0.01, 8549352
0.01, 8542921
0.01, 8536693
0.01, 8530784
0.01, 8520990
0.01, 8509647
0.01, 8506930
0.01, 8483985
0.01, 8478026
0.01, 8392575
0.01, 8280114
0.01, 8246408
0.01, 8239743
0.01, 8196782
0.01, 8194864
0.01, 8151620
0.01, 8075288
0.01, 8031214
0.01, 7880003
0.01, 7664507
0.01, 7582727
0.01, 7570638
0.01, 7507390
0.01, 7474211
0.01, 7468689
0.01, 7430447
0.01, 7409245
0.01, 7404533
0.01, 7403336
0.01, 7259826
0.01, 7212373
0.01, 7138777
0.01, 6938572
0.01, 6937235
0.01, 6937071
0.01, 6764968
0.01, 6759870
0.01, 6733937
0.01, 6715601
0.01, 6710172
0.01, 6639793
0.01, 6536594
0.01, 6497794
0.01, 6481817
0.01, 6480839
0.01, 6464541
0.01, 6426736
0.01, 6383295
0.01, 6362713
0.01, 6359775
0.01, 6308610
0.01, 6263664
0.01, 6254857
0.01, 6252719
0.01, 6250786
0.01, 6250711
0.01, 6239131
0.01, 6135575
0.01, 6120035
0.01, 6102012
0.01, 6090085
0.01, 6089695
0.01, 6069685
0.01, 6059842
0.01, 6055252
0.01, 6040404
0.01, 6037830
0.01, 6021423
0.01, 5983818
0.01, 5918338
0.01, 5863392
0.01, 5828938
0.01, 5769057
0.01, 5758917
0.01, 5758872
0.01, 5749566
0.01, 5737176
0.01, 5705414
0.01, 5698607
0.01, 5693795
0.01, 5691101
0.01, 5687858
0.01, 5684042
0.01, 5623087
0.01, 5608094
0.01, 5582565
0.01, 5580492
0.01, 5387207
0.01, 5325307
0.01, 5315534
0.01, 5280010
0.01, 5254299
0.01, 5117602
0.01, 5111853
0.01, 5111136
0.01, 5083038
0.01, 5069716
0.01, 5049827
0.01, 5049395
0.01, 5042952
0.01, 5037486
0.01, 5030874
0.01, 4894642
0.01, 4856833
0.01, 4789265
0.01, 4752933
0.01, 4751770
0.01, 4734179
0.01, 4727772
0.01, 4682262
0.01, 4681751
0.01, 4678862
0.01, 4661781
0.01, 4658076
0.01, 4642745
0.01, 4612386
0.01, 4596393
0.01, 4580296
0.01, 4577345
0.01, 4548286
0.01, 4530620
0.01, 4418921
0.01, 4418604
0.01, 4381390
0.01, 4374583
0.01, 4364775
0.01, 4362168
0.01, 4341807
0.01, 4226802
0.01, 4117777
0.01, 4100508
0.01, 4100312
0.01, 4098915
0.01, 4078234
0.01, 4075666
0.01, 4065242
0.01, 4041295
0.01, 4039972
0.01, 4036436
0.01, 4005001
0.01, 3996189
0.01, 3985207
0.01, 3983655
0.01, 3946191
0.01, 3933269
0.01, 3914622
0.01, 3888726
0.01, 3886058
0.01, 3839772
0.01, 3782442
0.01, 3779717
0.01, 3770516
0.01, 3760932
0.01, 3759160
0.01, 3745931
0.01, 3703793
0.01, 3647088
0.01, 3612348
0.01, 3608534
0.01, 3604830
0.01, 3601031
0.01, 3537151
0.01, 3514167
0.01, 3481658
0.01, 3475850
0.01, 3475260
0.01, 3475199
0.01, 3459989
0.01, 3450879
0.01, 3446804
0.01, 3440346
0.01, 3416821
0.01, 3401752
0.01, 3389619
0.01, 3387929
0.02, 3362658
0.02, 3362118
0.02, 3347382
0.02, 3338840
0.02, 3331862
0.02, 3328071
0.02, 3323115
0.02, 3315536
0.02, 3243449
0.02, 3225233
0.02, 3214618
0.02, 3192122
0.02, 3169042
0.02, 3153678
0.02, 3149823
0.02, 3144537
0.02, 3142535
0.02, 3135445
0.02, 3133610
0.02, 3130928
0.02, 3119506
0.02, 3113681
0.02, 3113272
0.02, 3110338
0.02, 3108105
0.02, 3090930
0.02, 3071448
0.02, 3034926
0.02, 3030784
0.02, 3003283
0.02, 3003040
0.02, 3002818
0.02, 2980820
0.02, 2980671
0.02, 2952457
0.02, 2942842
0.02, 2938314
0.02, 2938074
0.02, 2929931
0.02, 2924078
0.02, 2891067
0.02, 2890720
0.02, 2884191
0.02, 2822100
0.02, 2820866
0.02, 2769850
0.02, 2734757
0.02, 2733580
0.02, 2732469
0.02, 2731007
0.02, 2714164
0.02, 2713675
0.02, 2682055
0.02, 2671580
0.05, 2650841
0.05, 2624406
0.05, 2608662
0.05, 2601067
0.07, 2599060
0.07, 2592327
0.07, 2587788
0.07, 2580387
0.07, 2579821
0.07, 2570114
0.07, 2567612
0.07, 2559191
0.07, 2558854
0.07, 2553100
0.07, 2514838
0.07, 2514546
0.07, 2509451
0.07, 2509012
0.07, 2504596
0.07, 2503986
0.08, 2477580
0.08, 2475903
0.08, 2467847
0.08, 2452868
0.08, 2447977
0.08, 2447893
0.08, 2405980
0.08, 2404848
0.08, 2401387
0.08, 2393378
0.08, 2363451
0.08, 2359895
0.08, 2330540
0.08, 2329407
0.08, 2321590
0.08, 2317733
0.08, 2311483
0.08, 2305061
0.08, 2304708
0.08, 2292189
0.08, 2287860
0.08, 2283572
0.08, 2280091
0.08, 2270114
0.08, 2269492
0.08, 2265587
0.11, 2263625
0.11, 2262241
0.11, 2213782
0.11, 2208963
0.11, 2198203
0.11, 2193216
0.11, 2192556
0.11, 2188371
0.11, 2184154
0.11, 2181921
0.11, 2177462
0.11, 2171399
0.11, 2140100
0.11, 2131601
0.11, 2121090
0.11, 2118929
0.11, 2117938
0.11, 2104891
0.11, 2090369
0.16, 2086519
0.16, 2083353
0.17, 2081976
0.17, 2078099
0.17, 2078008
0.17, 2071422
0.17, 2064630
0.17, 2062459
0.17, 2062139
0.17, 2056833
0.17, 2055148
0.17, 2041497
0.17, 2032662
0.17, 2010022
0.17, 1993209
0.17, 1976271
0.17, 1964430
0.17, 1956552
0.17, 1955858
0.17, 1937369
0.17, 1932488
0.17, 1905868
0.19, 1899660
0.19, 1899165
0.19, 1898762
0.19, 1896041
0.20, 1886156
0.20, 1858095
0.20, 1852533
0.20, 1849062
0.20, 1847981
0.20, 1844879
0.20, 1843396
0.20, 1836691
0.20, 1824090
0.20, 1822008
0.20, 1794290
0.20, 1790283
0.24, 1769573
0.24, 1764932
0.24, 1763174
0.24, 1762945
0.24, 1761041
0.24, 1760961
0.24, 1760922
0.24, 1760324
0.24, 1750159
0.24, 1743846
0.24, 1743705
0.24, 1737411
0.24, 1720764
0.24, 1720120
0.24, 1713135
0.24, 1711641
0.25, 1706181
0.25, 1697347
0.25, 1697120
0.25, 1689092
0.25, 1674910
0.28, 1668080
0.29, 1667329
0.30, 1662968
0.30, 1662337
0.30, 1652299
0.30, 1648344
0.30, 1644479
0.30, 1641957
0.30, 1641380
0.30, 1640536
0.30, 1636339
0.30, 1630214
0.30, 1621082
0.32, 1618005
0.32, 1617631
0.32, 1615395
0.32, 1610054
0.32, 1605357
0.32, 1603825
0.32, 1596388
0.32, 1594127
0.32, 1589815
0.32, 1589695
0.32, 1585786
0.32, 1583232
0.32, 1581292
0.32, 1575926
0.32, 1574951
0.32, 1569269
0.32, 1563911
0.33, 1558338
0.33, 1550320
0.33, 1548794
0.33, 1547155
0.33, 1546563
0.33, 1546131
0.34, 1545667
0.34, 1540688
0.34, 1531088
0.34, 1530800
0.34, 1530722
0.34, 1527679
0.34, 1514145
0.36, 1510103
0.37, 1500900
0.37, 1500079
0.37, 1498890
0.37, 1490256
0.37, 1489691
0.37, 1488052
0.37, 1479249
0.37, 1479085
0.37, 1453207
0.37, 1452746
0.37, 1452044
0.37, 1448749
0.37, 1440781
0.37, 1439946
0.37, 1426220
0.37, 1417919
0.37, 1402514
0.37, 1398319
0.38, 1397432
0.38, 1396295
0.38, 1392520
0.38, 1392124
0.38, 1389149
0.38, 1379775
0.38, 1374664
0.38, 1370633
0.38, 1369832
0.45, 1364390
0.45, 1363757
0.45, 1361433
0.45, 1359955
0.45, 1350187
0.45, 1327359
0.45, 1322984
0.45, 1321174
0.50, 1320907
0.50, 1315565
0.50, 1313003
0.50, 1312174
0.50, 1303902
0.50, 1300590
0.50, 1299693
0.50, 1291071
0.50, 1289034
0.50, 1287635
0.50, 1286479
0.52, 1283896
0.52, 1281989
0.55, 1279205
0.55, 1278399
0.55, 1274598
0.55, 1273536
0.55, 1273221
0.55, 1270112
0.55, 1270087
0.55, 1267709
0.55, 1262816
0.55, 1259206
0.55, 1257034
0.55, 1256222
0.57, 1255902
0.57, 1254595
0.57, 1254459
0.57, 1250040
0.57, 1246450
0.57, 1246416
0.57, 1241670
0.57, 1241474
0.57, 1240272
0.59, 1237675
0.59, 1237193
0.59, 1236083
0.59, 1233868
0.59, 1232402
0.59, 1231340
0.59, 1226134
0.59, 1225826
0.59, 1225177
0.60, 1224238
0.66, 1223947
0.68, 1222844
0.68, 1220815
0.69, 1220618
0.69, 1219970
0.69, 1219786
0.69, 1218612
0.69, 1215960
0.69, 1214666
0.69, 1214015
0.71, 1212613
0.71, 1211293
0.71, 1210350
0.71, 1210345
0.71, 1209205
0.71, 1209196
0.71, 1205987
0.71, 1205333
0.78, 1203191
0.78, 1202158
0.78, 1201047
0.78, 1200648
0.78, 1197378
0.78, 1197043
0.84, 1196038
0.84, 1194807
0.84, 1193919
0.84, 1193031
0.84, 1192855
0.84, 1192286
0.84, 1192157
0.84, 1192106
0.90, 1191988
0.90, 1190152
0.90, 1188683
0.90, 1188541
0.95, 1188106
0.95, 1187490
0.95, 1186912
0.95, 1186724
0.95, 1186266
0.95, 1184695
0.95, 1184275
0.95, 1183988
0.95, 1183616
0.96, 1182734
0.96, 1182724
0.96, 1182088
0.96, 1181086
0.96, 1180851
1.02, 1180716
1.02, 1180473
1.02, 1180268
1.02, 1179681
1.02, 1178615
1.03, 1178515
1.03, 1178353
1.18, 1178203
1.18, 1177977
1.19, 1177647
1.21, 1177252
1.22, 1177187
1.22, 1177025
1.22, 1176456
1.22, 1176202
1.47, 1176151
