0.00, 10114532
0.00, 10097612
0.00, 10070068
0.00, 10068583
0.00, 9978569
0.00, 9968756
0.00, 9943950
0.00, 9935444
0.00, 9841596
0.00, 9819089
0.00, 9769193
0.00, 9756943
0.00, 9614498
0.00, 9607324
0.00, 9578578
0.00, 9503054
0.00, 9498657
0.00, 9261888
0.00, 9061119
0.00, 8954797
0.00, 8833585
0.00, 8816804
0.00, 8812161
0.00, 8811700
0.00, 8798599
0.00, 8783768
0.00, 8771798
0.00, 8747792
0.00, 8744730
0.00, 8742162
0.00, 8740809
0.00, 8668684
0.00, 8591050
0.00, 8583213
0.00, 8581109
0.00, 8495031
0.01, 8449256
0.01, 8415326
0.01, 8414113
0.01, 8243077
0.01, 8155292
0.01, 8134667
0.01, 8076932
0.01, 8021562
0.01, 7987599
0.01, 7887680
0.01, 7885006
0.01, 7854733
0.01, 7851497
0.01, 7810572
0.01, 7781678
0.01, 7581917
0.01, 7538895
0.01, 7537919
0.01, 7534835
0.01, 7499728
0.01, 7497603
0.01, 7470421
0.01, 7467721
0.01, 7467093
0.01, 7425202
0.01, 7358263
0.01, 7315662
0.01, 7270364
0.01, 7170864
0.01, 7166957
0.01, 6988481
0.01, 6973394
0.01, 6881931
0.01, 6880011
0.01, 6869324
0.01, 6712442
0.01, 6548301
0.01, 6547863
0.01, 6494802
0.01, 6471771
0.01, 6377934
0.01, 6365079
0.01, 6342034
0.01, 6273040
0.01, 6244450
0.01, 6240993
0.01, 6174146
0.01, 6173129
0.01, 6168950
0.01, 6165870
0.01, 6010038
0.01, 5978470
0.01, 5930591
0.01, 5924088
0.01, 5891097
0.01, 5825979
0.01, 5817735
0.01, 5667425
0.01, 5542301
0.01, 5542279
0.01, 5518822
0.01, 5497970
0.01, 5446172
0.01, 5379455
0.01, 5346622
0.01, 5325081
0.01, 5315081
0.01, 5271880
0.01, 5226574
0.01, 5212631
0.01, 5206779
0.01, 5124471
0.01, 5122557
0.01, 5121889
0.01, 5057194
0.01, 4941665
0.01, 4929656
0.01, 4925550
0.01, 4921940
0.01, 4820816
0.01, 4813964
0.01, 4808981
0.01, 4807223
0.01, 4785036
0.01, 4784313
0.01, 4780398
0.01, 4751550
0.01, 4708143
0.01, 4701597
0.01, 4679635
0.01, 4667942
0.01, 4617006
0.01, 4564325
0.01, 4558100
0.01, 4556422
0.01, 4544360
0.01, 4540632
0.01, 4536978
0.01, 4500574
0.01, 4497797
0.01, 4454668
0.01, 4413979
0.01, 4322916
0.01, 4319388
0.01, 4317434
0.01, 4302533
0.01, 4269631
0.01, 4242337
0.01, 4235111
0.01, 4225568
0.01, 4221598
0.01, 4211292
0.01, 4199729
0.01, 4199263
0.01, 4196493
0.01, 4188848
0.01, 4186020
0.01, 4160717
0.01, 4159479
0.01, 4145535
0.01, 4134337
0.01, 4104630
0.01, 4060212
0.01, 4013195
0.01, 4002062
0.01, 3995131
0.01, 3990729
0.01, 3987409
0.01, 3949902
0.01, 3931254
0.01, 3930116
0.01, 3901710
0.01, 3849290
0.01, 3849269
0.01, 3833219
0.01, 3821607
0.01, 3821592
0.01, 3813346
0.01, 3797428
0.01, 3788623
0.01, 3710676
0.01, 3710169
0.01, 3707331
0.01, 3693261
0.01, 3688797
0.01, 3685792
0.01, 3678637
0.01, 3668134
0.01, 3659101
0.01, 3637909
0.01, 3635848
0.01, 3610214
0.01, 3608877
0.01, 3606043
0.01, 3602152
0.01, 3523744
0.01, 3521126
0.01, 3461290
0.01, 3455920
0.01, 3438532
0.01, 3436629
0.01, 3402144
0.01, 3394636
0.01, 3392223
0.01, 3390143
0.01, 3368619
0.01, 3307264
0.01, 3303600
0.01, 3298430
0.02, 3251077
0.02, 3250026
0.02, 3235738
0.02, 3231984
0.02, 3206088
0.02, 3202132
0.02, 3201958
0.02, 3183828
0.02, 3157917
0.02, 3145945
0.02, 3120661
0.02, 3108084
0.02, 3089547
0.02, 3002247
0.02, 2986215
0.02, 2966038
0.02, 2924139
0.02, 2913865
0.02, 2873139
0.02, 2836032
0.02, 2819843
0.02, 2809618
0.02, 2793849
0.02, 2772188
0.02, 2771034
0.02, 2769330
0.03, 2767092
0.03, 2728091
0.03, 2709098
0.03, 2695094
0.03, 2639625
0.03, 2621370
0.04, 2620601
0.04, 2592268
0.04, 2586504
0.04, 2585137
0.04, 2583349
0.04, 2583291
0.04, 2580859
0.04, 2574780
0.04, 2573486
0.04, 2566987
0.04, 2547756
0.04, 2540092
0.04, 2534423
0.04, 2531496
0.04, 2528332
0.04, 2500217
0.04, 2498409
0.08, 2497323
0.08, 2496472
0.08, 2491247
0.08, 2489442
0.08, 2476515
0.08, 2407994
0.08, 2337896
0.08, 2317007
0.08, 2268674
0.08, 2260932
0.08, 2252574
0.08, 2247642
0.08, 2236158
0.08, 2231663
0.08, 2231133
0.08, 2230162
0.08, 2227844
0.08, 2227170
0.08, 2220482
0.08, 2202514
0.08, 2201739
0.08, 2200518
0.12, 2194192
0.12, 2193331
0.12, 2181137
0.12, 2178715
0.12, 2177580
0.12, 2156228
0.16, 2146711
0.16, 2142787
0.16, 2141041
0.16, 2132945
0.16, 2131704
0.16, 2126133
0.16, 2122792
0.16, 2119777
0.16, 2101004
0.16, 2095777
0.16, 2089744
0.17, 2078576
0.18, 2074986
0.18, 2063452
0.18, 2060782
0.18, 2054612
0.18, 2051835
0.18, 2046553
0.18, 2046516
0.18, 2014311
0.18, 2007361
0.18, 1976652
0.18, 1892310
0.18, 1891694
0.18, 1891659
0.18, 1890665
0.18, 1888802
0.18, 1881670
0.18, 1874900
0.18, 1871973
0.18, 1870315
0.18, 1870205
0.18, 1857353
0.18, 1851584
0.18, 1837752
0.18, 1833917
0.18, 1833891
0.18, 1823444
0.18, 1823179
0.18, 1819711
0.18, 1819483
0.18, 1817170
0.18, 1816391
0.25, 1812910
0.25, 1807817
0.25, 1806675
0.25, 1801693
0.25, 1796612
0.25, 1785114
0.25, 1782995
0.25, 1772149
0.25, 1770308
0.25, 1763551
0.25, 1760324
0.25, 1756522
0.25, 1754612
0.25, 1740099
0.25, 1711382
0.25, 1711302
0.25, 1676296
0.25, 1673051
0.25, 1658467
0.25, 1657356
0.25, 1650099
0.25, 1637305
0.25, 1632491
0.25, 1611263
0.32, 1607124
0.32, 1605903
0.32, 1604984
0.32, 1603246
0.32, 1598973
0.32, 1597907
0.32, 1586416
0.32, 1582914
0.33, 1565965
0.33, 1565315
0.33, 1563521
0.33, 1555776
0.33, 1554826
0.33, 1551426
0.34, 1551057
0.34, 1549962
0.34, 1546542
0.34, 1537021
0.34, 1524288
0.34, 1523981
0.34, 1514299
0.34, 1513181
0.34, 1510499
0.34, 1510492
0.34, 1507243
0.34, 1501695
0.34, 1501448
0.34, 1499080
0.34, 1496763
0.34, 1495613
0.34, 1491600
0.34, 1489860
0.34, 1488614
0.34, 1481223
0.34, 1480707
0.34, 1479248
0.34, 1466175
0.34, 1457699
0.34, 1451403
0.34, 1451145
0.34, 1447739
0.34, 1442561
0.34, 1440430
0.34, 1436442
0.34, 1433653
0.34, 1430348
0.41, 1426271
0.41, 1426201
0.43, 1424055
0.43, 1417108
0.43, 1415227
0.43, 1410110
0.43, 1409843
0.45, 1409100
0.45, 1408663
0.45, 1403231
0.45, 1402272
0.45, 1395774
0.45, 1394208
0.45, 1380489
0.45, 1379995
0.45, 1378295
0.45, 1378134
0.45, 1377393
0.45, 1361474
0.45, 1361301
0.45, 1360538
0.45, 1359956
0.45, 1356901
0.45, 1350399
0.45, 1348180
0.45, 1343645
0.47, 1340511
0.47, 1338829
0.47, 1331783
0.49, 1331730
0.49, 1327388
0.49, 1326378
0.49, 1317479
0.49, 1316946
0.49, 1315492
0.50, 1314674
0.50, 1311774
0.50, 1311455
0.51, 1310567
0.51, 1307875
0.52, 1300722
0.52, 1299146
0.52, 1297962
0.52, 1288248
0.52, 1286168
0.52, 1275715
0.52, 1272877
0.54, 1269040
0.54, 1267832
0.54, 1259331
0.54, 1258670
0.56, 1258298
0.56, 1257055
0.57, 1256799
0.57, 1252159
0.57, 1251535
0.57, 1250438
0.57, 1247660
0.57, 1238083
0.57, 1236117
0.57, 1235455
0.57, 1235434
0.57, 1233421
0.57, 1232702
0.63, 1232049
0.63, 1229392
0.63, 1229365
0.63, 1229314
0.63, 1228292
0.64, 1228136
0.64, 1224833
0.64, 1224461
0.64, 1220222
0.64, 1217261
0.64, 1216404
0.64, 1215076
0.64, 1211363
0.64, 1211111
0.64, 1210091
0.64, 1209861
0.64, 1209055
0.64, 1207651
0.64, 1206636
0.73, 1201874
0.73, 1201706
0.73, 1201080
0.73, 1199497
0.81, 1196256
0.81, 1195456
0.81, 1195424
0.81, 1195265
0.81, 1194159
0.82, 1192989
0.82, 1192252
0.82, 1190448
0.82, 1190295
0.91, 1189472
0.91, 1187504
0.91, 1186954
0.92, 1186481
0.92, 1186054
0.92, 1185655
0.93, 1184935
0.98, 1182216
0.98, 1181351
0.99, 1181213
0.99, 1180580
0.99, 1180514
0.99, 1179241
0.99, 1179128
0.99, 1178293
1.08, 1178192
1.08, 1178050
1.08, 1177985
1.11, 1177767
1.14, 1177764
1.15, 1177591
1.15, 1177526
1.15, 1177309
1.15, 1177306
1.15, 1177201
1.17, 1177182
1.21, 1177154
1.21, 1177147
1.21, 1176801
1.31, 1176661
1.33, 1176409
1.37, 1176202
1.48, 1176151
