0.00, 10020815
0.00, 9953190
0.00, 9882674
0.00, 9882385
0.00, 9860836
0.00, 9860630
0.00, 9824256
0.01, 9769246
0.01, 9768888
0.01, 9711357
0.01, 9638079
0.01, 9544410
0.01, 9376414
0.01, 9349669
0.01, 9209126
0.01, 9207197
0.01, 9191688
0.01, 9007425
0.01, 8878386
0.01, 8860929
0.01, 8844544
0.01, 8843147
0.01, 8837840
0.01, 8785711
0.01, 8764256
0.01, 8709359
0.01, 8584006
0.01, 8534156
0.01, 8532794
0.01, 8409778
0.01, 8367017
0.01, 8355120
0.01, 8353676
0.01, 8352405
0.01, 8236227
0.01, 8223186
0.01, 8222584
0.01, 8218826
0.01, 8157198
0.01, 8154266
0.01, 8152951
0.01, 8080099
0.01, 7946650
0.01, 7942127
0.01, 7907787
0.01, 7865790
0.01, 7862926
0.01, 7807414
0.01, 7802988
0.01, 7783262
0.01, 7543868
0.01, 7528988
0.01, 7509074
0.01, 7507911
0.01, 7503837
0.01, 7498651
0.01, 7462240
0.01, 7408404
0.01, 7209610
0.01, 7201585
0.01, 7148957
0.01, 7122391
0.01, 7057094
0.01, 7038049
0.01, 6830613
0.01, 6796622
0.01, 6796010
0.01, 6787195
0.01, 6786723
0.01, 6761643
0.01, 6540780
0.01, 6497520
0.01, 6482503
0.01, 6385222
0.01, 6380277
0.01, 6378416
0.01, 6373031
0.01, 6272593
0.01, 6269513
0.01, 6255455
0.01, 6225365
0.01, 6216770
0.01, 6171016
0.01, 6099852
0.01, 6088980
0.01, 6085336
0.01, 6083215
0.01, 6045258
0.01, 5989320
0.01, 5979923
0.01, 5931917
0.01, 5920362
0.01, 5915315
0.01, 5899129
0.01, 5896749
0.01, 5847943
0.01, 5809649
0.01, 5809107
0.01, 5746903
0.01, 5746862
0.01, 5743778
0.01, 5675391
0.01, 5670389
0.01, 5668169
0.01, 5631578
0.01, 5526468
0.01, 5511990
0.01, 5459119
0.01, 5393972
0.01, 5390171
0.01, 5275869
0.01, 5249456
0.01, 5248656
0.01, 5191890
0.01, 5140877
0.01, 5140369
0.01, 5053100
0.01, 5041541
0.01, 5038542
0.01, 5037093
0.01, 4985565
0.01, 4984196
0.01, 4937538
0.01, 4860766
0.01, 4854958
0.01, 4843461
0.01, 4794428
0.01, 4786910
0.01, 4774157
0.01, 4756193
0.01, 4579732
0.01, 4579366
0.01, 4549518
0.01, 4490520
0.01, 4486780
0.01, 4440569
0.01, 4418256
0.01, 4405272
0.01, 4396442
0.01, 4389057
0.01, 4388723
0.01, 4377333
0.01, 4363296
0.01, 4341291
0.01, 4326566
0.01, 4320685
0.01, 4305608
0.01, 4185540
0.01, 4184886
0.01, 4178215
0.01, 4178027
0.01, 4171227
0.01, 4153015
0.01, 4142423
0.01, 4138327
0.01, 4138273
0.01, 4136119
0.01, 4090737
0.01, 4080634
0.01, 4071594
0.01, 4071260
0.01, 4004792
0.01, 4003526
0.01, 3976184
0.01, 3903940
0.01, 3895554
0.01, 3863120
0.01, 3857472
0.01, 3854771
0.01, 3792454
0.01, 3786837
0.01, 3782932
0.01, 3759855
0.01, 3754356
0.01, 3723929
0.01, 3715288
0.01, 3715261
0.01, 3657589
0.01, 3605447
0.01, 3593931
0.01, 3582122
0.01, 3577655
0.01, 3537618
0.01, 3532880
0.01, 3434438
0.01, 3428657
0.01, 3428417
0.01, 3427660
0.01, 3379548
0.01, 3375077
0.01, 3350432
0.01, 3340270
0.01, 3323810
0.01, 3323523
0.01, 3322324
0.01, 3322175
0.01, 3320694
0.01, 3275930
0.01, 3272964
0.01, 3202374
0.01, 3116823
0.01, 3106804
0.01, 3090605
0.01, 3082377
0.01, 3053541
0.01, 3030776
0.01, 3005726
0.01, 2999034
0.01, 2998945
0.01, 2988738
0.01, 2988551
0.01, 2985964
0.01, 2981530
0.01, 2971417
0.01, 2899877
0.01, 2896697
0.01, 2894830
0.01, 2892397
0.01, 2887706
0.01, 2864283
0.02, 2845601
0.02, 2844065
0.02, 2833367
0.02, 2827044
0.02, 2826619
0.02, 2826604
0.02, 2791300
0.02, 2777958
0.02, 2777099
0.02, 2773870
0.02, 2771621
0.02, 2769853
0.02, 2761480
0.02, 2750088
0.02, 2743843
0.03, 2734141
0.03, 2728142
0.03, 2709729
0.03, 2707619
0.03, 2703524
0.03, 2699487
0.03, 2698084
0.03, 2678533
0.06, 2673378
0.06, 2635973
0.06, 2626242
0.06, 2624061
0.06, 2618475
0.06, 2614311
0.06, 2607748
0.06, 2600785
0.06, 2583203
0.06, 2576617
0.06, 2575319
0.06, 2565352
0.08, 2562777
0.08, 2543994
0.08, 2540991
0.08, 2538564
0.08, 2536064
0.08, 2534595
0.09, 2529097
0.09, 2526660
0.09, 2520255
0.09, 2495207
0.09, 2486194
0.09, 2482218
0.09, 2482158
0.09, 2481753
0.09, 2442762
0.09, 2442262
0.09, 2389850
0.09, 2388555
0.09, 2377244
0.10, 2333767
0.10, 2313172
0.10, 2299449
0.10, 2299396
0.10, 2297476
0.10, 2296910
0.10, 2295112
0.10, 2294246
0.10, 2292978
0.10, 2285828
0.10, 2268274
0.10, 2268260
0.10, 2267553
0.10, 2224286
0.10, 2218166
0.10, 2215858
0.10, 2215050
0.13, 2207521
0.13, 2203824
0.13, 2173128
0.13, 2170305
0.13, 2166247
0.13, 2163555
0.13, 2134418
0.13, 2121713
0.13, 2116131
0.13, 2110832
0.13, 2109868
0.13, 2104597
0.13, 2075498
0.13, 2072313
0.13, 2040131
0.13, 2035094
0.14, 2023051
0.14, 2021588
0.14, 2021578
0.14, 2019648
0.14, 2016428
0.14, 1996461
0.14, 1987388
0.14, 1981784
0.14, 1981553
0.14, 1980565
0.14, 1974037
0.14, 1938545
0.14, 1932241
0.19, 1923431
0.19, 1920719
0.19, 1920454
0.19, 1916504
0.19, 1909758
0.19, 1906142
0.19, 1898090
0.19, 1892219
0.19, 1888550
0.19, 1886223
0.19, 1885721
0.19, 1884948
0.19, 1884386
0.19, 1880022
0.19, 1877327
0.19, 1874583
0.19, 1828903
0.19, 1822600
0.19, 1822280
0.19, 1813521
0.19, 1805619
0.19, 1800217
0.19, 1794336
0.19, 1793010
0.19, 1788623
0.22, 1787933
0.22, 1781385
0.24, 1773817
0.24, 1762334
0.24, 1761799
0.24, 1756783
0.24, 1754780
0.24, 1750066
0.24, 1739003
0.25, 1721451
0.25, 1720783
0.25, 1716971
0.25, 1704420
0.25, 1699061
0.25, 1695323
0.25, 1695094
0.25, 1694940
0.25, 1694376
0.25, 1690165
0.25, 1672710
0.25, 1671227
0.25, 1667104
0.25, 1663382
0.29, 1649203
0.29, 1645056
0.29, 1639386
0.29, 1609391
0.30, 1603271
0.30, 1599086
0.30, 1593472
0.33, 1591932
0.33, 1590000
0.33, 1588272
0.33, 1586593
0.33, 1585373
0.33, 1584894
0.33, 1584003
0.33, 1583008
0.33, 1582801
0.33, 1581483
0.33, 1581287
0.33, 1575355
0.33, 1564472
0.33, 1563370
0.33, 1563292
0.34, 1548939
0.34, 1547857
0.34, 1547435
0.34, 1544566
0.34, 1543477
0.34, 1539639
0.34, 1533739
0.34, 1527723
0.34, 1524062
0.34, 1514956
0.34, 1514320
0.34, 1512318
0.35, 1509986
0.35, 1507681
0.35, 1507296
0.35, 1504437
0.35, 1502222
0.35, 1492419
0.36, 1491493
0.36, 1491124
0.36, 1486868
0.40, 1484395
0.40, 1484338
0.40, 1482889
0.40, 1479417
0.40, 1478769
0.40, 1477496
0.40, 1477082
0.40, 1475369
0.40, 1474765
0.40, 1471332
0.40, 1471262
0.40, 1460155
0.40, 1459975
0.40, 1459372
0.40, 1459249
0.40, 1458970
0.40, 1446036
0.40, 1443343
0.40, 1434826
0.41, 1433141
0.41, 1410873
0.46, 1409953
0.46, 1409147
0.46, 1406835
0.46, 1403582
0.46, 1399608
0.46, 1396114
0.46, 1393823
0.46, 1393635
0.46, 1392618
0.46, 1390685
0.46, 1390614
0.46, 1387557
0.46, 1385017
0.46, 1377222
0.46, 1376632
0.46, 1372904
0.46, 1372128
0.46, 1361089
0.48, 1360840
0.48, 1356659
0.48, 1355858
0.48, 1354997
0.48, 1354172
0.48, 1344527
0.48, 1344436
0.48, 1342387
0.48, 1337193
0.52, 1336395
0.52, 1334601
0.52, 1332973
0.52, 1327743
0.53, 1321176
0.53, 1319817
0.53, 1317205
0.53, 1306341
0.54, 1297225
0.54, 1295381
0.54, 1293849
0.55, 1292058
0.55, 1288047
0.55, 1287903
0.55, 1287725
0.55, 1283159
0.55, 1283049
0.55, 1280377
0.55, 1279333
0.55, 1276587
0.55, 1272741
0.55, 1271770
0.55, 1266826
0.55, 1266765
0.55, 1265213
0.57, 1259859
0.57, 1258625
0.57, 1257564
0.57, 1255951
0.57, 1254982
0.57, 1254374
0.57, 1254270
0.57, 1254137
0.57, 1252402
0.61, 1250557
0.61, 1249391
0.61, 1248792
0.61, 1248087
0.61, 1242654
0.61, 1242548
0.61, 1239200
0.61, 1236892
0.61, 1233304
0.61, 1232822
0.61, 1232795
0.61, 1232606
0.61, 1228164
0.61, 1228058
0.61, 1226215
0.61, 1225899
0.61, 1225820
0.66, 1222423
0.66, 1220716
0.67, 1214876
0.67, 1213957
0.67, 1212194
0.67, 1212106
0.67, 1211135
0.67, 1209940
0.67, 1208899
0.67, 1207091
0.67, 1206048
0.67, 1204760
0.67, 1204703
0.67, 1202738
0.67, 1200449
0.67, 1198501
0.67, 1197902
0.80, 1197226
0.80, 1196446
0.80, 1191362
0.83, 1191329
0.86, 1190433
0.86, 1190306
0.86, 1189868
0.92, 1189083
0.92, 1188518
0.92, 1187706
0.92, 1187637
0.92, 1187605
0.93, 1187247
0.93, 1185886
0.93, 1184786
0.93, 1184096
0.93, 1183663
0.93, 1183532
0.93, 1182482
0.99, 1181838
1.03, 1181799
1.03, 1181751
1.03, 1181606
1.03, 1181224
1.03, 1180680
1.03, 1180016
1.03, 1179338
1.03, 1178864
1.18, 1177507
1.18, 1177306
1.18, 1176910
1.21, 1176637
1.28, 1176542
1.28, 1176332
7.58, 1176327
7.65, 1176326
7.66, 1176211
14.18, 1176202
