0.00, 10016406
0.00, 10015015
0.00, 10006096
0.00, 9957797
0.00, 9948230
0.00, 9891717
0.00, 9797140
0.00, 9544936
0.00, 9543779
0.00, 9445163
0.00, 9443471
0.00, 9368703
0.00, 9368555
0.00, 9265406
0.00, 9263882
0.00, 9263835
0.00, 9215487
0.00, 9077753
0.00, 9035146
0.00, 8985037
0.00, 8942997
0.00, 8942005
0.00, 8941683
0.00, 8868364
0.00, 8594922
0.00, 8594289
0.00, 8569881
0.00, 8463110
0.00, 8455865
0.00, 8430089
0.00, 8344315
0.00, 8187733
0.00, 8166756
0.00, 8114214
0.00, 7860590
0.00, 7821192
0.00, 7805805
0.00, 7704880
0.00, 7704512
0.00, 7520584
0.00, 7392142
0.00, 7384980
0.00, 7383916
0.00, 7381994
0.00, 7067847
0.00, 7062829
0.00, 7052340
0.00, 7010881
0.00, 6988613
0.00, 6821531
0.00, 6734380
0.00, 6733966
0.00, 6689622
0.00, 6606184
0.00, 6554638
0.00, 6492114
0.00, 6486598
0.00, 6469585
0.00, 6428283
0.00, 6412487
0.00, 6403357
0.00, 6395492
0.01, 6394253
0.01, 6362040
0.01, 6361410
0.01, 6313945
0.01, 6310096
0.01, 6263602
0.01, 6261317
0.01, 6258771
0.01, 6255900
0.01, 6251518
0.01, 6248527
0.01, 6127106
0.01, 6082526
0.01, 6078121
0.01, 6030127
0.01, 5985797
0.01, 5966390
0.01, 5931883
0.01, 5930567
0.01, 5907655
0.01, 5906910
0.01, 5902695
0.01, 5890438
0.01, 5799401
0.01, 5771022
0.01, 5770757
0.01, 5769368
0.01, 5734908
0.01, 5733922
0.01, 5690727
0.01, 5672873
0.01, 5610550
0.01, 5594831
0.01, 5552199
0.01, 5528069
0.01, 5471070
0.01, 5469957
0.01, 5464968
0.01, 5459453
0.01, 5437891
0.01, 5411053
0.01, 5288908
0.01, 5254517
0.01, 5243854
0.01, 5206492
0.01, 5169382
0.01, 5095247
0.01, 5066924
0.01, 5064530
0.01, 5063221
0.01, 5025594
0.01, 5025475
0.01, 4949647
0.01, 4904217
0.01, 4888336
0.01, 4885544
0.01, 4882529
0.01, 4856041
0.01, 4798887
0.01, 4777271
0.01, 4772324
0.01, 4759678
0.01, 4717399
0.01, 4635965
0.01, 4625661
0.01, 4616863
0.01, 4616492
0.01, 4615393
0.01, 4550425
0.01, 4549975
0.01, 4547504
0.01, 4520847
0.01, 4394544
0.01, 4387691
0.01, 4382966
0.01, 4382948
0.01, 4338150
0.01, 4255652
0.01, 4244265
0.01, 4218296
0.01, 4218231
0.01, 4204023
0.01, 4196574
0.01, 4186816
0.01, 4159150
0.01, 4148645
0.01, 4115058
0.01, 4044622
0.01, 4017097
0.01, 3991266
0.01, 3990233
0.01, 3988339
0.01, 3982782
0.01, 3976310
0.01, 3950875
0.01, 3908899
0.01, 3878138
0.01, 3876087
0.01, 3839659
0.01, 3834558
0.01, 3809264
0.01, 3739270
0.01, 3733464
0.01, 3714447
0.01, 3709500
0.01, 3619097
0.01, 3587452
0.01, 3565926
0.01, 3538884
0.01, 3537374
0.01, 3537145
0.01, 3536071
0.01, 3525021
0.01, 3515014
0.01, 3504770
0.01, 3474010
0.01, 3455031
0.01, 3442016
0.01, 3417271
0.01, 3413894
0.01, 3407407
0.01, 3405363
0.02, 3394873
0.02, 3378875
0.02, 3365023
0.02, 3363763
0.02, 3344741
0.02, 3341270
0.02, 3338837
0.02, 3333417
0.02, 3291786
0.02, 3283725
0.02, 3279350
0.02, 3273466
0.02, 3272965
0.02, 3226149
0.02, 3224963
0.02, 3184678
0.02, 3177628
0.02, 3173331
0.02, 3159100
0.02, 3132397
0.02, 3117953
0.02, 3117369
0.02, 3112045
0.02, 3082425
0.02, 3081452
0.02, 3063237
0.02, 3057848
0.02, 3054980
0.02, 3048129
0.02, 3047060
0.02, 3022370
0.02, 3005512
0.02, 2999042
0.02, 2998684
0.02, 2998443
0.02, 2996408
0.03, 2975622
0.03, 2968432
0.03, 2944426
0.03, 2928706
0.03, 2923961
0.03, 2910109
0.04, 2879750
0.04, 2872576
0.04, 2870842
0.04, 2863938
0.04, 2858873
0.04, 2784228
0.04, 2783967
0.04, 2782289
0.04, 2772560
0.04, 2733591
0.04, 2733115
0.04, 2732837
0.04, 2732242
0.04, 2727545
0.04, 2727109
0.04, 2722369
0.04, 2713388
0.04, 2694116
0.06, 2690711
0.06, 2677278
0.06, 2675891
0.06, 2673665
0.06, 2670876
0.06, 2663833
0.06, 2593065
0.06, 2570134
0.06, 2548371
0.06, 2546141
0.06, 2535413
0.06, 2530953
0.06, 2513554
0.08, 2502772
0.08, 2490875
0.08, 2489311
0.09, 2463220
0.09, 2461719
0.09, 2456118
0.09, 2455361
0.09, 2455019
0.09, 2447500
0.09, 2446902
0.09, 2431497
0.09, 2424127
0.09, 2413285
0.09, 2411332
0.09, 2402691
0.09, 2380068
0.09, 2375228
0.09, 2351489
0.09, 2350740
0.09, 2350318
0.09, 2302103
0.09, 2274574
0.09, 2270626
0.09, 2266559
0.09, 2266155
0.09, 2263758
0.09, 2253314
0.09, 2246230
0.10, 2236881
0.10, 2231196
0.10, 2208183
0.10, 2207309
0.13, 2180905
0.13, 2180541
0.13, 2177514
0.13, 2153894
0.13, 2153858
0.13, 2141408
0.13, 2136239
0.13, 2112901
0.13, 2110284
0.13, 2107819
0.13, 2092941
0.13, 2090915
0.13, 2078119
0.13, 2064631
0.13, 2052793
0.13, 2046673
0.13, 2039549
0.13, 2020022
0.13, 2018181
0.13, 2008572
0.13, 2005245
0.13, 2003632
0.13, 1994999
0.13, 1981687
0.13, 1979963
0.13, 1978356
0.13, 1973920
0.13, 1971036
0.13, 1956558
0.13, 1948282
0.13, 1947399
0.13, 1947264
0.19, 1940172
0.19, 1934168
0.19, 1927181
0.19, 1925460
0.20, 1890432
0.20, 1887795
0.20, 1885894
0.20, 1885315
0.20, 1883822
0.20, 1870712
0.20, 1868844
0.20, 1868520
0.20, 1853218
0.20, 1844685
0.20, 1760048
0.21, 1755884
0.21, 1754530
0.21, 1733048
0.21, 1730681
0.28, 1710429
0.28, 1708962
0.28, 1695570
0.28, 1693105
0.28, 1692275
0.28, 1692000
0.28, 1689412
0.28, 1675915
0.28, 1675868
0.28, 1666175
0.28, 1664570
0.28, 1663430
0.28, 1663310
0.28, 1655206
0.28, 1651967
0.28, 1603822
0.28, 1602631
0.28, 1599826
0.28, 1599049
0.30, 1595406
0.30, 1592811
0.30, 1585034
0.30, 1584346
0.31, 1583921
0.31, 1583667
0.31, 1582939
0.31, 1582218
0.31, 1580161
0.31, 1579257
0.31, 1577152
0.31, 1574559
0.31, 1574243
0.31, 1572058
0.31, 1571421
0.31, 1562113
0.31, 1560050
0.33, 1557593
0.33, 1554029
0.33, 1551788
0.33, 1548617
0.33, 1545558
0.33, 1544644
0.33, 1544386
0.33, 1535938
0.33, 1533455
0.33, 1533446
0.33, 1529953
0.33, 1520808
0.33, 1520231
0.33, 1519759
0.33, 1506760
0.33, 1498774
0.36, 1496576
0.36, 1496054
0.36, 1495034
0.36, 1493979
0.36, 1491735
0.38, 1487898
0.38, 1486910
0.39, 1485474
0.39, 1483825
0.39, 1483036
0.39, 1482756
0.39, 1477575
0.39, 1475273
0.39, 1474935
0.39, 1474532
0.39, 1473573
0.39, 1473205
0.39, 1473158
0.39, 1470928
0.39, 1470716
0.39, 1466861
0.39, 1461927
0.39, 1458134
0.39, 1456098
0.39, 1456080
0.39, 1455945
0.39, 1446117
0.39, 1439776
0.39, 1437402
0.39, 1433431
0.39, 1432272
0.39, 1427205
0.39, 1426960
0.39, 1424115
0.39, 1423383
0.39, 1423184
0.40, 1423019
0.40, 1417437
0.40, 1413111
0.40, 1409958
0.40, 1409547
0.40, 1407941
0.40, 1407062
0.40, 1406638
0.41, 1394229
0.41, 1382408
0.41, 1382061
0.41, 1376228
0.41, 1373487
0.41, 1372345
0.41, 1371944
0.41, 1367709
0.41, 1363447
0.41, 1363419
0.41, 1357415
0.49, 1355779
0.49, 1353566
0.49, 1351700
0.49, 1347436
0.49, 1340653
0.49, 1337860
0.49, 1337640
0.49, 1337077
0.49, 1332772
0.49, 1331966
0.49, 1331315
0.49, 1327098
0.49, 1324972
0.49, 1324035
0.49, 1323616
0.49, 1319990
0.49, 1315139
0.49, 1313305
0.49, 1309255
0.49, 1307234
0.49, 1303349
0.49, 1300354
0.49, 1296830
0.50, 1295486
0.50, 1292498
0.50, 1290542
0.50, 1285021
0.55, 1280582
0.55, 1276726
0.55, 1271259
0.55, 1270980
0.55, 1266256
0.55, 1265974
0.55, 1265945
0.56, 1265333
0.57, 1264019
0.57, 1261714
0.57, 1260799
0.57, 1259797
0.57, 1258662
0.57, 1253919
0.57, 1253504
0.57, 1252168
0.57, 1251802
0.57, 1250800
0.59, 1247946
0.59, 1246836
0.59, 1246769
0.60, 1246279
0.60, 1246231
0.60, 1245630
0.60, 1245563
0.60, 1244303
0.62, 1242132
0.62, 1241967
0.62, 1239057
0.62, 1237105
0.62, 1235157
0.62, 1235139
0.63, 1229800
0.63, 1228541
0.65, 1223746
0.65, 1223111
0.65, 1220635
0.67, 1219576
0.67, 1219085
0.67, 1219084
0.73, 1218428
0.73, 1218385
0.73, 1214807
0.73, 1213863
0.73, 1211630
0.73, 1209328
0.73, 1208878
0.73, 1208359
0.76, 1208318
0.77, 1205456
0.77, 1205376
0.81, 1197095
0.81, 1196663
0.81, 1196256
0.81, 1195773
0.84, 1194725
0.85, 1193584
0.85, 1193442
0.85, 1192255
0.85, 1192020
0.85, 1189497
0.85, 1189266
0.85, 1188160
0.85, 1186665
0.85, 1186029
0.85, 1186007
0.85, 1185777
0.85, 1185138
0.85, 1183334
0.85, 1182442
0.95, 1182422
0.95, 1182357
0.96, 1181992
0.96, 1178814
0.96, 1178418
1.11, 1178356
1.11, 1178282
1.11, 1178188
1.11, 1177619
1.16, 1177586
1.26, 1177093
1.26, 1177030
1.26, 1176868
1.27, 1176865
1.44, 1176597
1.44, 1176387
1.49, 1176326
1.53, 1176211
