0.00, 9626145
0.00, 9581692
0.00, 9551615
0.00, 9544531
0.00, 9539488
0.00, 9519590
0.00, 9514672
0.00, 9325997
0.00, 9325006
0.00, 9239485
0.00, 9209905
0.00, 9015558
0.00, 8979800
0.00, 8970906
0.00, 8940910
0.00, 8897848
0.00, 8895320
0.00, 8855046
0.00, 8854828
0.00, 8835954
0.00, 8674850
0.00, 8648604
0.00, 8589511
0.00, 8463832
0.00, 8410907
0.00, 8372098
0.00, 8334886
0.00, 8272694
0.00, 8267453
0.00, 8205836
0.00, 8190868
0.00, 8190024
0.00, 8132732
0.00, 8129763
0.00, 8128317
0.00, 8111433
0.00, 8025087
0.00, 7915528
0.00, 7914528
0.00, 7893503
0.00, 7861895
0.00, 7797543
0.00, 7769229
0.00, 7767955
0.00, 7763705
0.00, 7753771
0.00, 7753570
0.00, 7731594
0.00, 7730121
0.00, 7660060
0.00, 7503828
0.00, 7490239
0.00, 7489961
0.00, 7456356
0.00, 7433638
0.00, 7410602
0.00, 7379862
0.00, 7339140
0.00, 7214144
0.00, 7181858
0.00, 7149988
0.00, 7085906
0.00, 7015781
0.01, 6915680
0.01, 6901315
0.01, 6842479
0.01, 6786656
0.01, 6785532
0.01, 6769336
0.01, 6683104
0.01, 6675582
0.01, 6470135
0.01, 6406032
0.01, 6393345
0.01, 6385714
0.01, 6315769
0.01, 6314621
0.01, 6302715
0.01, 6302294
0.01, 6253091
0.01, 6231585
0.01, 6228378
0.01, 6219689
0.01, 6180582
0.01, 6178354
0.01, 6128492
0.01, 6126701
0.01, 6099435
0.01, 6028753
0.01, 5990189
0.01, 5963982
0.01, 5962578
0.01, 5953327
0.01, 5768713
0.01, 5751789
0.01, 5728468
0.01, 5643947
0.01, 5609017
0.01, 5602545
0.01, 5539668
0.01, 5452977
0.01, 5404482
0.01, 5263363
0.01, 5253566
0.01, 5251004
0.01, 5206181
0.01, 5199571
0.01, 5189318
0.01, 5171099
0.01, 5013064
0.01, 5013048
0.01, 4953988
0.01, 4887525
0.01, 4764123
0.01, 4756690
0.01, 4750881
0.01, 4750749
0.01, 4705329
0.01, 4700545
0.01, 4654266
0.01, 4652246
0.01, 4543303
0.01, 4525655
0.01, 4498236
0.01, 4450691
0.01, 4444610
0.01, 4417604
0.01, 4386409
0.01, 4362665
0.01, 4268831
0.01, 4253365
0.01, 4249625
0.01, 4248822
0.01, 4244971
0.01, 4208638
0.01, 4193427
0.01, 4097806
0.01, 4070352
0.01, 4061594
0.01, 4044837
0.01, 4041166
0.01, 4034560
0.01, 3992387
0.01, 3972197
0.01, 3969296
0.01, 3963206
0.01, 3957322
0.01, 3948979
0.01, 3925504
0.01, 3921095
0.01, 3881351
0.01, 3866110
0.01, 3860367
0.01, 3855988
0.01, 3802755
0.01, 3793288
0.01, 3773630
0.01, 3752113
0.01, 3743460
0.01, 3741430
0.01, 3735241
0.01, 3725569
0.01, 3722375
0.01, 3709888
0.01, 3682164
0.01, 3680429
0.01, 3677228
0.01, 3671988
0.01, 3663607
0.01, 3652546
0.01, 3646543
0.01, 3621890
0.01, 3621534
0.01, 3609131
0.01, 3569004
0.01, 3565159
0.01, 3535145
0.01, 3522778
0.01, 3522394
0.01, 3503114
0.01, 3460982
0.01, 3455037
0.01, 3449282
0.01, 3437663
0.01, 3400383
0.01, 3400103
0.01, 3398292
0.01, 3379881
0.01, 3363817
0.01, 3359651
0.01, 3356655
0.01, 3356605
0.01, 3279961
0.01, 3278373
0.01, 3272125
0.01, 3260810
0.01, 3256886
0.01, 3255708
0.01, 3247293
0.01, 3241387
0.01, 3240830
0.01, 3227538
0.02, 3217185
0.02, 3211341
0.02, 3209717
0.02, 3208636
0.02, 3204262
0.02, 3203317
0.02, 3187451
0.02, 3184252
0.02, 3149278
0.02, 3147821
0.02, 3145688
0.02, 3145057
0.02, 3126702
0.02, 3126698
0.02, 3115654
0.02, 3093442
0.02, 3093062
0.02, 3063646
0.02, 3057213
0.02, 3049475
0.02, 3047882
0.02, 3046801
0.02, 3015603
0.02, 2976055
0.02, 2966830
0.02, 2954354
0.02, 2930819
0.02, 2923456
0.02, 2917416
0.02, 2913286
0.02, 2910044
0.02, 2901443
0.02, 2897901
0.02, 2889611
0.02, 2888160
0.02, 2884815
0.02, 2876715
0.02, 2875810
0.02, 2872102
0.02, 2807024
0.02, 2768853
0.02, 2715037
0.03, 2702295
0.03, 2697932
0.03, 2695350
0.03, 2682145
0.03, 2661729
0.03, 2660000
0.03, 2642001
0.03, 2627453
0.03, 2622942
0.03, 2620744
0.04, 2596617
0.04, 2559801
0.04, 2539215
0.04, 2511040
0.04, 2492374
0.04, 2473696
0.04, 2460852
0.04, 2434564
0.04, 2403751
0.04, 2402427
0.04, 2393367
0.04, 2387114
0.07, 2385311
0.07, 2383528
0.07, 2355522
0.07, 2354710
0.07, 2341270
0.09, 2294188
0.09, 2290653
0.09, 2281587
0.09, 2281181
0.09, 2280608
0.09, 2269505
0.09, 2245990
0.09, 2239052
0.09, 2172871
0.09, 2165320
0.09, 2123340
0.11, 2090250
0.11, 2087822
0.11, 2062196
0.11, 2055084
0.11, 2050591
0.16, 2030368
0.16, 2019611
0.16, 2015914
0.16, 1988717
0.16, 1981200
0.16, 1944251
0.16, 1938013
0.16, 1937706
0.16, 1936314
0.16, 1933464
0.16, 1932053
0.17, 1925582
0.17, 1922597
0.17, 1901291
0.17, 1899533
0.17, 1889400
0.17, 1881639
0.17, 1875466
0.17, 1855238
0.17, 1845457
0.17, 1830998
0.23, 1818962
0.23, 1811104
0.23, 1809739
0.23, 1771685
0.23, 1764339
0.23, 1761713
0.23, 1758396
0.23, 1736608
0.23, 1735623
0.25, 1730876
0.25, 1727857
0.25, 1727039
0.25, 1707935
0.25, 1705738
0.25, 1703328
0.25, 1698633
0.25, 1695399
0.25, 1695088
0.25, 1685333
0.25, 1683665
0.25, 1680734
0.27, 1679300
0.27, 1665696
0.27, 1651935
0.27, 1644092
0.27, 1635319
0.27, 1632758
0.27, 1626320
0.28, 1620034
0.28, 1617360
0.28, 1612030
0.28, 1599675
0.28, 1589795
0.28, 1575774
0.28, 1574885
0.28, 1574694
0.28, 1570569
0.28, 1568321
0.28, 1558662
0.28, 1554752
0.28, 1549935
0.32, 1544895
0.32, 1540673
0.33, 1539577
0.33, 1530210
0.33, 1523771
0.33, 1523310
0.34, 1517509
0.34, 1511188
0.34, 1507511
0.34, 1506062
0.34, 1504273
0.34, 1496076
0.34, 1495878
0.34, 1473098
0.34, 1468801
0.34, 1453555
0.34, 1451425
0.34, 1449697
0.34, 1445030
0.34, 1444133
0.34, 1437722
0.34, 1429744
0.34, 1424676
0.34, 1424606
0.38, 1424093
0.38, 1423575
0.38, 1420898
0.38, 1420466
0.38, 1418589
0.38, 1414378
0.38, 1399757
0.38, 1396844
0.38, 1391616
0.38, 1390261
0.38, 1386635
0.38, 1386433
0.38, 1385324
0.38, 1385132
0.39, 1384573
0.39, 1373906
0.39, 1361523
0.39, 1359677
0.39, 1354275
0.39, 1345741
0.39, 1345692
0.40, 1342129
0.40, 1341273
0.40, 1334464
0.48, 1332222
0.48, 1331732
0.48, 1330383
0.48, 1325251
0.48, 1324455
0.48, 1323518
0.48, 1317887
0.48, 1314091
0.48, 1314017
0.48, 1311566
0.48, 1307689
0.48, 1307001
0.48, 1306115
0.48, 1304433
0.48, 1297849
0.48, 1297292
0.48, 1297266
0.48, 1292088
0.48, 1292026
0.48, 1277696
0.54, 1277472
0.54, 1275145
0.54, 1271148
0.54, 1265314
0.58, 1264304
0.59, 1261584
0.59, 1259798
0.59, 1257945
0.59, 1255230
0.59, 1255025
0.59, 1254604
0.59, 1250089
0.59, 1248191
0.59, 1246759
0.59, 1244863
0.59, 1244558
0.59, 1237736
0.59, 1237313
0.60, 1235260
0.60, 1231586
0.60, 1231207
0.60, 1226377
0.60, 1224907
0.68, 1223822
0.69, 1222651
0.69, 1220137
0.69, 1219863
0.69, 1219653
0.72, 1219559
0.72, 1215738
0.72, 1214679
0.72, 1212435
0.72, 1210745
0.72, 1209726
0.72, 1208388
0.72, 1207132
0.72, 1205013
0.75, 1204934
0.75, 1204589
0.75, 1204344
0.75, 1204204
0.75, 1203511
0.80, 1202654
0.80, 1202130
0.80, 1199769
0.80, 1199627
0.82, 1199011
0.82, 1198995
0.82, 1198073
0.83, 1197843
0.83, 1196598
0.83, 1194326
0.83, 1194073
0.83, 1192837
0.83, 1191402
0.89, 1190260
0.89, 1188726
0.91, 1187639
0.91, 1187621
0.91, 1185424
0.91, 1184942
0.91, 1184599
1.01, 1184163
1.01, 1182510
1.02, 1181794
1.02, 1181150
1.02, 1180933
1.03, 1180647
1.03, 1180167
1.03, 1179615
1.03, 1179607
1.04, 1177967
1.27, 1177502
1.27, 1176868
1.33, 1176791
1.34, 1176740
1.34, 1176726
1.39, 1176675
5.42, 1176262
5.44, 1176211
11.46, 1176151
