0.00,10718226
0.00,10526738
0.00,10006876
0.00,9428192
0.00,9157869
0.00,8771386
0.00,8767655
0.00,8388214
0.00,8060295
0.00,7934446
0.00,7899147
0.00,7939985
0.00,7658592
0.00,7491194
0.00,7485101
0.00,7153244
0.00,7076277
0.00,6846839
0.00,6618790
0.00,6600980
0.00,6561813
0.00,6541601
0.00,6553534
0.00,6369783
0.00,6360571
0.00,6326933
0.00,6375445
0.00,6299382
0.00,6299060
0.00,6111735
0.00,5948887
0.00,5899123
0.00,5800506
0.00,5773301
0.00,5831563
0.00,5738705
0.00,5833696
0.00,5826368
0.00,5840397
0.00,5733298
0.00,5733985
0.00,5418313
0.00,5314808
0.00,5263513
0.01,5284794
0.01,5180937
0.01,4969315
0.01,4715698
0.01,4585410
0.01,4470929
0.01,4298382
0.01,4299240
0.01,4257170
0.01,4264786
0.01,4229520
0.01,4271477
0.01,4285851
0.01,4241089
0.01,4132946
0.01,4005204
0.01,3940148
0.01,3850636
0.01,3866378
0.01,3811892
0.01,3777153
0.01,3669010
0.01,3661082
0.01,3724262
0.01,3755262
0.01,3697202
0.01,3629938
0.01,3677267
0.01,3537415
0.01,3545364
0.01,3559617
0.01,3424882
0.01,3419081
0.01,3412722
0.01,3407593
0.01,3401840
0.01,3290582
0.01,3325186
0.01,3315072
0.01,3283756
0.01,3317945
0.01,3240794
0.01,3129178
0.01,3338552
0.01,3267087
0.01,3271357
0.01,3330151
0.01,3318111
0.01,3305143
0.01,3317620
0.01,3286372
0.01,3029052
0.01,3104530
0.01,3092076
0.01,3031645
0.01,3022473
0.01,2990929
0.01,3186327
0.01,3188133
0.01,3193946
0.01,3144925
0.01,3129455
0.01,3184377
0.01,3216165
0.01,3139145
0.01,2913126
0.01,3047985
0.01,3048881
0.01,3077964
0.01,3121639
0.01,3168873
0.01,3094027
0.01,3213528
0.01,3163095
0.01,3012465
0.01,3013559
0.01,2890023
0.01,2809494
0.01,2722162
0.01,2730099
0.01,2731030
0.01,2676896
0.01,2662949
0.01,2682224
0.01,2738145
0.01,2753162
0.01,2743907
0.01,2609888
0.01,2572424
0.01,2644753
0.01,2650490
0.01,2704038
0.01,2661617
0.01,2685615
0.01,2773919
0.01,2700950
0.01,2628895
0.01,2696942
0.01,2515304
0.01,2575543
0.01,2578618
0.01,2567087
0.01,2553447
0.01,2529379
0.01,2456704
0.01,2405024
0.01,2414594
0.01,2403436
0.01,2397940
0.01,2508540
0.01,2560854
0.01,2543341
0.01,2571180
0.01,2567468
0.01,2544084
0.01,2561784
0.01,2568763
0.01,2468880
0.01,2471236
0.01,2463463
0.01,2483776
0.01,2453522
0.01,2446049
0.01,2448706
0.01,2347974
0.01,2390035
0.01,2411503
0.01,2337565
0.01,2265110
0.01,2293413
0.01,2344816
0.01,2430398
0.01,2412751
0.01,2328865
0.01,2245365
0.01,2349903
0.01,2319814
0.01,2403733
0.01,2403588
0.01,2370865
0.01,2368616
0.01,2301656
0.01,2306177
0.01,2306974
0.01,2299477
0.01,2281041
0.01,2276309
0.01,2244024
0.01,2246954
0.01,2224434
0.01,2213560
0.01,2173497
0.01,2127762
0.01,2145873
0.01,2081827
0.01,2058035
0.01,2012682
0.01,1995553
0.01,1932358
0.01,1924550
0.01,1897632
0.01,1919804
0.01,1978831
0.01,1935139
0.01,1959489
0.01,1858815
0.01,1804690
0.01,1807300
0.01,1813159
0.01,1852927
0.01,1931613
0.01,1908642
0.01,1903437
0.01,1976366
0.01,1947865
0.01,1854811
0.01,1878886
0.01,1939044
0.01,1908955
0.01,1992874
0.01,1992729
0.01,1960006
0.01,1957757
0.01,1936121
0.01,1906033
0.01,1883161
0.01,1849939
0.01,1870182
0.01,1865450
0.01,1899644
0.01,1770471
0.02,1775203
0.02,1753264
0.02,1764264
0.02,1723678
0.02,1705880
0.02,1697373
0.02,1697278
0.02,1680325
0.02,1686975
0.02,1655920
0.02,1634836
0.02,1632772
0.02,1663870
0.02,1673321
0.02,1693100
0.02,1771867
0.02,1769271
0.02,1785737
0.02,1766874
0.02,1724098
0.02,1743353
0.02,1619914
0.02,1598991
0.02,1573599
0.02,1555307
0.02,1537479
0.02,1563304
0.02,1553128
0.02,1519694
0.02,1502371
0.02,1495030
0.02,1540874
0.02,1512293
0.02,1480296
0.02,1468274
0.02,1456115
0.02,1447082
0.02,1436523
0.02,1426556
0.02,1416723
0.02,1407787
0.02,1401888
0.02,1393854
0.02,1385050
0.02,1378475
0.02,1371556
0.02,1365615
0.02,1359744
0.02,1355183
0.02,1362376
0.02,1355753
0.02,1396679
0.02,1368599
0.02,1352054
0.02,1359633
0.02,1402943
0.02,1457740
0.02,1461282
0.02,1425157
0.02,1410839
0.02,1345008
0.02,1470639
0.02,1469355
0.02,1436310
0.02,1476060
0.02,1494615
0.02,1531191
0.02,1629376
0.02,1638617
0.02,1640190
0.02,1640479
0.02,1642665
0.02,1629403
0.02,1619830
0.02,1629647
0.02,1600032
0.02,1639719
0.02,1645663
0.02,1647738
0.02,1632506
0.02,1646516
0.02,1622137
0.02,1619070
0.02,1612816
0.02,1595332
0.02,1545245
0.02,1530485
0.02,1523017
0.02,1518387
0.02,1503177
0.02,1473872
0.02,1483976
0.02,1505378
0.02,1502027
0.02,1431039
0.02,1440234
0.02,1433599
0.02,1407488
0.02,1367892
0.02,1329719
0.02,1361144
0.02,1399038
0.02,1458056
0.02,1504168
0.02,1498294
0.02,1547607
0.02,1480231
0.02,1473360
0.02,1503984
0.02,1482922
0.02,1471072
0.02,1439239
0.02,1490926
0.02,1492977
0.02,1432043
0.02,1459195
0.02,1444693
0.02,1465239
0.02,1561198
0.02,1569264
0.02,1562681
0.02,1560907
0.02,1563560
0.02,1546919
0.02,1544690
0.02,1559862
0.02,1507787
0.02,1519097
0.02,1534826
0.02,1533082
0.02,1548486
0.02,1516854
0.02,1499485
0.02,1498149
0.02,1488160
0.02,1502345
0.02,1452143
0.02,1432684
0.02,1396458
0.02,1397830
0.02,1392557
0.02,1372713
0.02,1311742
0.02,1355221
0.02,1370775
0.02,1369341
0.02,1367320
0.02,1368665
0.02,1376461
0.02,1368189
0.02,1371793
0.02,1408326
0.02,1455464
0.02,1503360
0.02,1500710
0.02,1553132
0.02,1484695
0.02,1476671
0.02,1510668
0.02,1493459
0.02,1483679
0.02,1426634
0.02,1456057
0.02,1448199
0.02,1372837
0.02,1406402
0.02,1415088
0.02,1425301
0.02,1481559
0.02,1488681
0.02,1496708
0.02,1514595
0.02,1469523
0.02,1479190
0.02,1478324
0.02,1485492
0.02,1469046
0.02,1497424
0.02,1486577
0.02,1440833
0.02,1434164
0.02,1448211
0.02,1415448
0.02,1411093
0.02,1424485
0.02,1412509
0.02,1338964
0.02,1323672
0.02,1321502
0.02,1304944
0.02,1316596
0.02,1299374
0.02,1295107
0.02,1290868
0.02,1285499
0.02,1281634
0.02,1277835
0.02,1272932
0.02,1273805
0.02,1275688
0.02,1275725
0.02,1279982
0.02,1273324
0.02,1270375
0.02,1267025
0.02,1268586
0.02,1263588
0.02,1260798
0.02,1258046
0.02,1255079
0.02,1252653
0.02,1265527
0.02,1262744
0.02,1250359
0.02,1248221
0.02,1238907
0.02,1223222
0.02,1263863
0.02,1273613
0.02,1320059
0.02,1367874
0.02,1408624
0.02,1413644
0.02,1416524
0.02,1447662
0.02,1447019
0.02,1439110
0.02,1409607
0.02,1356407
0.02,1333685
0.02,1326703
0.02,1324996
0.02,1348598
0.02,1360697
0.02,1302340
0.02,1304125
0.02,1298211
0.02,1291678
0.02,1235194
0.02,1265318
0.02,1276718
0.02,1272213
0.02,1387173
0.02,1409136
0.02,1409977
0.02,1440227
0.02,1449224
0.02,1443183
0.02,1404258
0.02,1419254
0.02,1344449
0.02,1312893
0.02,1313573
0.02,1338031
0.02,1342160
0.02,1324094
0.02,1304303
0.02,1300716
0.02,1284879
0.02,1269364
0.02,1212957
0.02,1197242
0.02,1195921
0.02,1194448
0.02,1193160
0.02,1191982
0.02,1190916
0.02,1190419
0.02,1189354
0.02,1194059
0.02,1210076
0.02,1201280
0.02,1197220
0.02,1193150
0.02,1191480
0.02,1189814
0.02,1187768
0.02,1208781
0.02,1211743
0.02,1234105
0.02,1252465
0.02,1252202
0.02,1257208
0.02,1257127
0.02,1272906
0.02,1293400
0.02,1312959
0.02,1347744
0.02,1380286
0.02,1411758
0.02,1386096
0.02,1430409
0.02,1352484
0.02,1317455
0.02,1312409
0.02,1320635
0.02,1343517
0.02,1335228
0.02,1313844
0.02,1378197
0.02,1314033
0.02,1255061
0.02,1284761
0.02,1287958
0.02,1324376
0.02,1384341
0.02,1407625
0.02,1415103
0.02,1408085
0.02,1400510
0.02,1408256
0.02,1385526
0.02,1326781
0.02,1248321
0.02,1261515
0.02,1275662
0.02,1289246
0.02,1281612
0.02,1245625
0.02,1209933
0.02,1185986
0.02,1184396
0.02,1186678
0.02,1183448
0.02,1182849
0.02,1182292
0.02,1188105
0.02,1206249
0.02,1200805
0.02,1202684
0.02,1199131
0.02,1196618
0.02,1190753
0.02,1188009
0.02,1187940
0.02,1187342
0.02,1189327
0.02,1195756
0.02,1239273
0.02,1245880
0.02,1244207
0.02,1246574
0.02,1235814
0.02,1227542
0.02,1238290
0.02,1265531
0.02,1267621
0.02,1284419
0.02,1344588
0.02,1374436
0.02,1440338
0.02,1431059
0.02,1539327
0.02,1464816
0.02,1415943
0.02,1417727
0.02,1415496
0.02,1462310
0.02,1433612
0.02,1462260
0.02,1476571
0.02,1416739
0.02,1354976
0.02,1352304
0.02,1333332
0.02,1264988
0.02,1317160
0.02,1316450
0.02,1307623
0.02,1299704
0.02,1298108
0.02,1288060
0.02,1295917
0.02,1290403
0.02,1209957
0.02,1187349
0.02,1209797
0.02,1181723
0.02,1181208
0.02,1181206
0.02,1180381
0.02,1179899
0.02,1179528
0.02,1179121
0.02,1198269
0.02,1178349
0.02,1177953
0.02,1177777
0.02,1177635
0.02,1177584
