0.00, 9480761
0.01, 9372831
0.01, 9308550
0.01, 9266389
0.01, 9178624
0.01, 9128957
0.01, 9125736
0.01, 9109401
0.01, 9084509
0.01, 9081954
0.01, 8806905
0.01, 8635432
0.01, 8611706
0.01, 8607942
0.01, 8537666
0.01, 8317356
0.01, 8264216
0.01, 8107046
0.01, 8061239
0.01, 7944023
0.01, 7860785
0.01, 7845634
0.01, 7833734
0.01, 7818952
0.01, 7708435
0.01, 7705248
0.01, 7666986
0.01, 7644298
0.01, 7644238
0.01, 7594267
0.01, 7518986
0.01, 7518455
0.01, 7432121
0.01, 7317168
0.01, 7312828
0.01, 7302992
0.01, 7300580
0.01, 7270349
0.01, 7230211
0.01, 7230028
0.01, 7133334
0.01, 7103549
0.01, 7093248
0.01, 7081159
0.01, 7048281
0.01, 7028460
0.01, 6963513
0.01, 6883567
0.01, 6869545
0.01, 6863082
0.01, 6753245
0.01, 6740300
0.01, 6736646
0.01, 6724422
0.01, 6661552
0.01, 6641655
0.01, 6637247
0.01, 6617532
0.01, 6615464
0.01, 6598628
0.01, 6559184
0.01, 6471378
0.01, 6457794
0.01, 6367068
0.01, 6313649
0.01, 6311758
0.01, 6104983
0.01, 6093757
0.01, 6068629
0.01, 6061147
0.01, 6041545
0.01, 6034622
0.01, 6008097
0.01, 6006006
0.01, 6003377
0.01, 5998204
0.01, 5997051
0.01, 5944099
0.01, 5922197
0.01, 5876426
0.01, 5838939
0.01, 5819893
0.01, 5815609
0.01, 5815344
0.01, 5806721
0.01, 5800440
0.01, 5719613
0.01, 5667122
0.01, 5597847
0.01, 5594921
0.01, 5592163
0.01, 5535782
0.01, 5523391
0.01, 5513934
0.01, 5507737
0.01, 5485723
0.01, 5448936
0.01, 5419417
0.01, 5395485
0.01, 5394970
0.01, 5374409
0.01, 5370973
0.01, 5360945
0.01, 5356558
0.01, 5341857
0.01, 5326733
0.01, 5219032
0.01, 5211511
0.01, 5210983
0.01, 5174376
0.01, 5111086
0.01, 5108018
0.01, 5065145
0.01, 5064456
0.01, 5064287
0.01, 5056920
0.01, 4996753
0.01, 4994212
0.01, 4981183
0.01, 4931281
0.01, 4835434
0.01, 4834155
0.01, 4788230
0.01, 4757575
0.01, 4735047
0.01, 4708333
0.01, 4685864
0.01, 4678838
0.01, 4678062
0.01, 4649328
0.01, 4604695
0.01, 4596508
0.01, 4590341
0.01, 4531457
0.01, 4522258
0.01, 4502810
0.01, 4470688
0.01, 4456427
0.01, 4450727
0.01, 4449066
0.01, 4422550
0.01, 4417632
0.01, 4416570
0.01, 4411576
0.01, 4398524
0.01, 4381873
0.01, 4377243
0.01, 4377149
0.01, 4335846
0.01, 4241856
0.01, 4222941
0.01, 4217716
0.01, 4213267
0.01, 4186749
0.01, 4179803
0.01, 4177178
0.01, 4171551
0.01, 4142371
0.01, 4073066
0.01, 4066291
0.01, 4063971
0.01, 4029296
0.01, 4027455
0.01, 4017554
0.01, 4009787
0.01, 3980047
0.01, 3977432
0.01, 3922273
0.01, 3897953
0.01, 3897718
0.01, 3873178
0.01, 3856638
0.01, 3854786
0.01, 3827397
0.01, 3816107
0.01, 3807959
0.01, 3781958
0.01, 3756365
0.01, 3697539
0.01, 3692329
0.01, 3655095
0.01, 3654375
0.01, 3630065
0.01, 3598373
0.01, 3552405
0.01, 3545385
0.01, 3544059
0.01, 3505462
0.02, 3492446
0.02, 3490923
0.02, 3489694
0.02, 3471055
0.02, 3462587
0.02, 3439741
0.02, 3403369
0.02, 3402632
0.02, 3402339
0.02, 3385804
0.02, 3383601
0.02, 3382026
0.02, 3381599
0.02, 3376914
0.02, 3357900
0.02, 3328568
0.02, 3320098
0.02, 3317673
0.02, 3317218
0.02, 3308411
0.02, 3305170
0.02, 3260591
0.02, 3258844
0.02, 3243507
0.02, 3232494
0.02, 3199169
0.02, 3198878
0.02, 3188324
0.02, 3181267
0.02, 3179698
0.02, 3140613
0.02, 3121532
0.02, 3109164
0.02, 3081684
0.02, 3081045
0.02, 3059949
0.02, 3054684
0.02, 3051891
0.02, 3012720
0.02, 3003634
0.02, 2995020
0.04, 2982592
0.04, 2969434
0.04, 2952677
0.04, 2943307
0.04, 2941078
0.04, 2936138
0.04, 2901821
0.04, 2890439
0.04, 2815069
0.04, 2787842
0.04, 2786515
0.04, 2775850
0.04, 2774113
0.04, 2765155
0.04, 2761774
0.04, 2749513
0.04, 2738822
0.04, 2728412
0.04, 2727716
0.04, 2726295
0.04, 2671876
0.04, 2664803
0.05, 2664213
0.05, 2663816
0.05, 2657470
0.05, 2652337
0.05, 2612492
0.05, 2592588
0.05, 2588045
0.05, 2584902
0.05, 2583815
0.05, 2574125
0.06, 2546086
0.06, 2499806
0.06, 2498944
0.06, 2475774
0.06, 2470616
0.06, 2468518
0.08, 2456249
0.08, 2456022
0.08, 2398393
0.08, 2391540
0.08, 2381220
0.08, 2376247
0.08, 2367612
0.08, 2353859
0.08, 2348521
0.08, 2337701
0.08, 2328789
0.08, 2321424
0.08, 2319647
0.08, 2285325
0.08, 2276238
0.08, 2274473
0.08, 2271001
0.12, 2245998
0.12, 2243736
0.12, 2239725
0.12, 2181899
0.15, 2180353
0.15, 2177700
0.15, 2175162
0.15, 2164968
0.15, 2138240
0.15, 2133568
0.15, 2114739
0.15, 2100764
0.15, 2098090
0.15, 2093771
0.15, 2092597
0.15, 2082252
0.15, 2079392
0.15, 2074675
0.15, 2074378
0.15, 2065748
0.15, 2022329
0.15, 2008364
0.15, 1988924
0.15, 1971254
0.15, 1959199
0.15, 1958221
0.16, 1947844
0.16, 1942417
0.16, 1942070
0.16, 1941238
0.20, 1935050
0.20, 1876217
0.20, 1870231
0.20, 1867059
0.20, 1866274
0.20, 1857937
0.20, 1830107
0.20, 1814608
0.20, 1812563
0.20, 1808266
0.20, 1799750
0.20, 1799196
0.20, 1772557
0.21, 1772236
0.21, 1772234
0.21, 1770631
0.21, 1770247
0.21, 1765534
0.21, 1760140
0.21, 1757136
0.21, 1717755
0.21, 1712438
0.21, 1710470
0.21, 1710435
0.24, 1705262
0.24, 1698210
0.24, 1695852
0.24, 1688478
0.24, 1683732
0.27, 1673405
0.27, 1669283
0.28, 1645723
0.28, 1637045
0.28, 1634749
0.28, 1633948
0.28, 1623422
0.28, 1617652
0.28, 1616297
0.28, 1606704
0.28, 1606388
0.28, 1590480
0.28, 1586314
0.28, 1550705
0.28, 1543082
0.28, 1542602
0.28, 1542420
0.28, 1535485
0.28, 1535254
0.28, 1530811
0.29, 1528709
0.33, 1523099
0.35, 1522287
0.35, 1519406
0.35, 1518526
0.35, 1508898
0.35, 1504779
0.35, 1502116
0.35, 1499621
0.35, 1493870
0.35, 1490840
0.35, 1489326
0.35, 1487330
0.35, 1482276
0.37, 1477673
0.38, 1476891
0.38, 1471020
0.38, 1470372
0.38, 1470051
0.38, 1467814
0.38, 1466155
0.38, 1465916
0.38, 1462473
0.38, 1459568
0.38, 1455635
0.38, 1453698
0.38, 1452660
0.38, 1441717
0.38, 1441588
0.38, 1436775
0.38, 1420263
0.38, 1414236
0.43, 1413571
0.44, 1412872
0.44, 1411070
0.44, 1410925
0.44, 1404376
0.44, 1404347
0.44, 1403784
0.44, 1400098
0.44, 1399322
0.44, 1394913
0.44, 1391020
0.44, 1389521
0.45, 1387052
0.45, 1386433
0.45, 1380138
0.46, 1375521
0.46, 1374666
0.46, 1371022
0.46, 1365802
0.46, 1358897
0.46, 1345679
0.50, 1341610
0.50, 1337043
0.50, 1336573
0.50, 1328456
0.50, 1327708
0.51, 1325525
0.51, 1312958
0.55, 1312348
0.55, 1311960
0.55, 1311814
0.55, 1294677
0.55, 1292477
0.55, 1289687
0.55, 1282177
0.55, 1278227
0.55, 1277741
0.55, 1274532
0.55, 1273042
0.55, 1272842
0.55, 1272753
0.55, 1268795
0.56, 1266808
0.56, 1264873
0.56, 1263841
0.56, 1257606
0.56, 1256144
0.56, 1252279
0.56, 1252109
0.63, 1246928
0.63, 1244840
0.63, 1244100
0.63, 1243289
0.63, 1241283
0.63, 1240496
0.63, 1239457
0.65, 1239274
0.65, 1238824
0.66, 1237766
0.66, 1237303
0.66, 1236470
0.66, 1235244
0.68, 1232566
0.72, 1230374
0.72, 1229849
0.72, 1229297
0.72, 1229174
0.73, 1227863
0.73, 1226464
0.73, 1226139
0.73, 1225740
0.73, 1223965
0.73, 1222840
0.73, 1222566
0.75, 1221532
0.77, 1220350
0.77, 1220292
0.77, 1217667
0.78, 1216601
0.78, 1216344
0.78, 1215652
0.78, 1214962
0.78, 1214730
0.78, 1214107
0.78, 1209744
0.79, 1208858
0.79, 1208431
0.79, 1208226
0.79, 1208122
0.79, 1207077
0.91, 1206744
0.93, 1205668
0.93, 1204872
0.93, 1203671
0.93, 1203568
0.97, 1203506
0.97, 1203456
0.97, 1202803
0.97, 1202321
0.97, 1201160
0.97, 1199886
0.97, 1199710
1.03, 1199564
1.03, 1197871
1.03, 1197668
1.03, 1196029
1.03, 1195351
1.03, 1195296
1.03, 1194697
1.08, 1193991
1.08, 1193781
1.10, 1193637
1.15, 1193376
1.15, 1192980
1.15, 1192951
1.15, 1192663
1.22, 1192374
1.32, 1192358
1.33, 1192290
1.33, 1192148
1.42, 1192023
1.42, 1191958
1.44, 1191907
4.92, 1190436
4.99, 1189614
4.99, 1188879
5.00, 1187192
5.00, 1186730
5.01, 1185377
5.01, 1184955
5.01, 1184891
5.01, 1184715
5.01, 1184684
5.06, 1184281
5.06, 1184183
5.06, 1184056
5.07, 1183686
5.07, 1183476
5.07, 1182968
5.07, 1182880
5.07, 1182445
5.07, 1181223
5.08, 1181126
5.13, 1180448
5.13, 1180175
5.16, 1180125
5.16, 1179379
5.16, 1178842
5.16, 1178777
5.25, 1178695
5.25, 1178505
5.29, 1178406
5.29, 1177687
5.30, 1177640
5.30, 1177575
5.30, 1177548
5.31, 1177283
5.31, 1177082
5.31, 1176699
5.31, 1176640
5.32, 1176539
5.32, 1176474
5.36, 1176332
9.86, 1176327
9.86, 1176276
10.00, 1176211
