0.00,9825304
0.00,9479433
0.00,9230118
0.00,8825797
0.00,8526519
0.00,8431616
0.00,8431224
0.00,8233839
0.00,7954907
0.00,7864771
0.00,7613500
0.00,7626035
0.00,7596144
0.00,7456620
0.00,7094516
0.00,6894304
0.00,6640614
0.00,6701878
0.00,6574083
0.00,6573699
0.00,6407047
0.00,6454541
0.00,6225608
0.00,6312510
0.00,6273079
0.00,6210640
0.00,6113877
0.00,5911385
0.00,5816702
0.00,5657574
0.00,5643218
0.00,5563411
0.00,5515091
0.00,5494666
0.00,5487082
0.00,5587201
0.00,5582348
0.00,5576204
0.00,5503852
0.00,5533674
0.00,5558712
0.00,5434162
0.00,5226516
0.00,5340670
0.00,5338019
0.00,5217967
0.00,5143999
0.00,5057835
0.00,5152997
0.00,5100747
0.00,4982623
0.00,4975895
0.00,4892598
0.00,4838657
0.00,4878703
0.00,4790482
0.00,4923808
0.00,4865508
0.00,4990964
0.00,4888997
0.01,4738728
0.01,4794585
0.01,4739121
0.01,4893526
0.01,4746923
0.01,4811662
0.01,4812853
0.01,4688377
0.01,4530888
0.01,4506976
0.01,4406689
0.01,4359205
0.01,4283123
0.01,4325785
0.01,4220554
0.01,4249413
0.01,4154392
0.01,3999825
0.01,3963849
0.01,3837180
0.01,3713456
0.01,3713816
0.01,3657698
0.01,3771091
0.01,3841276
0.01,3870232
0.01,3824446
0.01,3825981
0.01,3771112
0.01,3596790
0.01,3582323
0.01,3524608
0.01,3441906
0.01,3326141
0.01,3229706
0.01,3178034
0.01,3080574
0.01,3063712
0.01,3106611
0.01,3101811
0.01,3081239
0.01,3053836
0.01,3003251
0.01,3019192
0.01,3117398
0.01,3111429
0.01,3027835
0.01,2860437
0.01,2841836
0.01,2826746
0.01,2778962
0.01,2714099
0.01,2717958
0.01,2684520
0.01,2625947
0.01,2601751
0.01,2636718
0.01,2540604
0.01,2633843
0.01,2646602
0.01,2659436
0.01,2602298
0.01,2452341
0.01,2399771
0.01,2345634
0.01,2394624
0.01,2364293
0.01,2361200
0.01,2294813
0.01,2313512
0.01,2313283
0.01,2336592
0.01,2357701
0.01,2337657
0.01,2340064
0.01,2426696
0.01,2361541
0.01,2375821
0.01,2349097
0.01,2313491
0.01,2221356
0.01,2185859
0.01,2120724
0.01,2108650
0.01,2115882
0.01,2110051
0.01,2138368
0.01,2131627
0.01,2108420
0.01,2066529
0.01,2064680
0.01,2105528
0.01,2098055
0.01,2139141
0.01,2234089
0.01,2244075
0.01,2256535
0.01,2192308
0.01,2214974
0.01,2284740
0.01,2167082
0.01,2150704
0.01,2110695
0.01,2108670
0.01,2132021
0.01,2203942
0.01,2200784
0.01,2242196
0.01,2230611
0.01,2141630
0.01,2101508
0.01,2129054
0.01,2134750
0.01,2126878
0.01,2149552
0.01,2126200
0.01,2132475
0.01,2014926
0.01,2010814
0.01,2027568
0.01,1957942
0.01,2006142
0.01,2059574
0.01,2115644
0.01,2109500
0.01,2158293
0.01,2081690
0.01,2076193
0.01,2056772
0.01,2007308
0.01,2046983
0.01,2095793
0.01,2056585
0.01,2003407
0.01,2016380
0.01,1968941
0.01,1955613
0.01,2006866
0.01,1983128
0.01,2003645
0.01,2024012
0.01,1965132
0.01,1925750
0.01,2011900
0.01,1991541
0.01,1938443
0.01,1955253
0.01,1982670
0.01,1957068
0.01,2039780
0.01,1979874
0.01,2000409
0.01,1989217
0.01,1957558
0.01,1917950
0.01,1871653
0.01,1909401
0.01,1865455
0.01,1827188
0.01,1800851
0.01,1771342
0.01,1747840
0.01,1720357
0.01,1697855
0.01,1678490
0.01,1674583
0.01,1700582
0.01,1761562
0.01,1724970
0.01,1688792
0.01,1689362
0.01,1692380
0.01,1667282
0.01,1765800
0.01,1773362
0.01,1755465
0.01,1781306
0.01,1762895
0.01,1745348
0.01,1734632
0.01,1709706
0.01,1709579
0.01,1679549
0.01,1747827
0.01,1742325
0.01,1740039
0.01,1654091
0.01,1629904
0.01,1607878
0.01,1721694
0.01,1744606
0.01,1742692
0.02,1773407
0.02,1743641
0.02,1714621
0.02,1699029
0.02,1695884
0.02,1587686
0.02,1634444
0.02,1630343
0.02,1563777
0.02,1532378
0.02,1509553
0.02,1490944
0.02,1477039
0.02,1479550
0.02,1463688
0.02,1444408
0.02,1431130
0.02,1435865
0.02,1414537
0.02,1402127
0.02,1390056
0.02,1386079
0.02,1374422
0.02,1366163
0.02,1456628
0.02,1467487
0.02,1496811
0.02,1570257
0.02,1589520
0.02,1584148
0.02,1579447
0.02,1565219
0.02,1567382
0.02,1547908
0.02,1498336
0.02,1415386
0.02,1431677
0.02,1436339
0.02,1448978
0.02,1443769
0.02,1397138
0.02,1418445
0.02,1357853
0.02,1377052
0.02,1412687
0.02,1426546
0.02,1537286
0.02,1570865
0.02,1578373
0.02,1580720
0.02,1539872
0.02,1559520
0.02,1545452
0.02,1538500
0.02,1465117
0.02,1448172
0.02,1441733
0.02,1422845
0.02,1442269
0.02,1458213
0.02,1468030
0.02,1437012
0.02,1395732
0.02,1342020
0.02,1334900
0.02,1333601
0.02,1332946
0.02,1330952
0.02,1431761
0.02,1490560
0.02,1397608
0.02,1325663
0.02,1358516
0.02,1461612
0.02,1396972
0.02,1351833
0.02,1288976
0.02,1283908
0.02,1281420
0.02,1282660
0.02,1278663
0.02,1273793
0.02,1270359
0.02,1265917
0.02,1266125
0.02,1273179
0.02,1257670
0.02,1253006
0.02,1251676
0.02,1247942
0.02,1246622
0.02,1245994
0.02,1243283
0.02,1240857
0.02,1245371
0.02,1245625
0.02,1248782
0.02,1251172
0.02,1249355
0.02,1260234
0.02,1238255
0.02,1239354
0.02,1239253
0.02,1238442
0.02,1239724
0.02,1236033
0.02,1237129
0.02,1236663
0.02,1234011
0.02,1232773
0.02,1231286
0.02,1230136
0.02,1229030
0.02,1233998
0.02,1227494
0.02,1254769
0.02,1226036
0.02,1234406
0.02,1240553
0.02,1225044
0.02,1229219
0.02,1238456
0.02,1222503
0.02,1222679
0.02,1221547
0.02,1220712
0.02,1219906
0.02,1265834
0.02,1255526
0.02,1262701
0.02,1274473
0.02,1263819
0.02,1239978
0.02,1228481
0.02,1232573
0.02,1259412
0.02,1287557
0.02,1297915
0.02,1383378
0.02,1421365
0.02,1403928
0.02,1402422
0.02,1426684
0.02,1501959
0.02,1581872
0.02,1622880
0.02,1669881
0.02,1594333
0.02,1561240
0.02,1566268
0.02,1553163
0.02,1512414
0.02,1439269
0.02,1419522
0.02,1413388
0.02,1358008
0.02,1360443
0.02,1329019
0.02,1384288
0.02,1358344
0.02,1307720
0.02,1354879
0.02,1369757
0.02,1394496
0.02,1374181
0.02,1355204
0.02,1314688
0.02,1213432
0.02,1213711
0.02,1210911
0.02,1213379
0.02,1218077
0.02,1223681
0.02,1222013
0.02,1214678
0.02,1225365
0.02,1208765
0.02,1203140
0.02,1198435
0.02,1194216
0.02,1193580
0.02,1192490
0.02,1192273
0.02,1188527
0.02,1188320
0.02,1188210
0.02,1188095
