0.00, 10745600
0.00, 10691843
0.00, 10670670
0.00, 10606033
0.00, 10592134
0.00, 10565353
0.00, 10507885
0.00, 10506738
0.00, 10488002
0.00, 10233698
0.00, 10112658
0.00, 9990958
0.00, 9970766
0.00, 9968899
0.00, 9954566
0.00, 9827472
0.00, 9691385
0.00, 9688742
0.00, 9682620
0.00, 9649263
0.00, 9621987
0.00, 9613908
0.00, 9608789
0.00, 9561381
0.00, 9557512
0.00, 9476151
0.00, 9471000
0.00, 9354240
0.00, 9257217
0.00, 9215723
0.00, 9151521
0.00, 9119412
0.00, 9118168
0.00, 9106522
0.00, 9105418
0.00, 9010721
0.00, 9007666
0.00, 9006467
0.00, 8989175
0.00, 8807679
0.00, 8797079
0.00, 8609002
0.00, 8522171
0.00, 8455127
0.00, 8453946
0.00, 8405656
0.00, 8399305
0.00, 8394115
0.00, 8354734
0.00, 8149749
0.00, 8140665
0.00, 8012586
0.00, 7768335
0.00, 7763415
0.00, 7761026
0.00, 7743623
0.00, 7635502
0.00, 7633978
0.00, 7528029
0.00, 7505183
0.00, 7503559
0.00, 7501222
0.00, 7500688
0.00, 7418054
0.00, 7326418
0.00, 7313328
0.00, 7300563
0.00, 7294592
0.00, 7257555
0.00, 7253846
0.00, 7249527
0.00, 7248040
0.00, 7212337
0.00, 7193493
0.00, 7193114
0.00, 7192178
0.00, 7142455
0.00, 7021345
0.00, 6987859
0.00, 6987261
0.00, 6980348
0.00, 6782359
0.00, 6768732
0.00, 6724067
0.00, 6665214
0.00, 6650040
0.00, 6644306
0.00, 6634764
0.00, 6600435
0.00, 6465029
0.00, 6460019
0.00, 6458421
0.00, 6343695
0.00, 6342047
0.00, 6243393
0.01, 6129564
0.01, 6124117
0.01, 6104035
0.01, 5971010
0.01, 5945505
0.01, 5833812
0.01, 5808828
0.01, 5767548
0.01, 5763158
0.01, 5761818
0.01, 5743858
0.01, 5697404
0.01, 5632152
0.01, 5631932
0.01, 5629703
0.01, 5609851
0.01, 5607697
0.01, 5605810
0.01, 5604658
0.01, 5567966
0.01, 5564997
0.01, 5564588
0.01, 5563886
0.01, 5547563
0.01, 5506013
0.01, 5504393
0.01, 5466344
0.01, 5424155
0.01, 5406213
0.01, 5405424
0.01, 5383925
0.01, 5332029
0.01, 5267639
0.01, 5266973
0.01, 5264565
0.01, 5257446
0.01, 5126960
0.01, 5126828
0.01, 5119941
0.01, 5103934
0.01, 5077769
0.01, 5002338
0.01, 4972978
0.01, 4971613
0.01, 4968675
0.01, 4922839
0.01, 4901141
0.01, 4873895
0.01, 4849145
0.01, 4840676
0.01, 4839600
0.01, 4832576
0.01, 4832559
0.01, 4831780
0.01, 4829389
0.01, 4814625
0.01, 4747109
0.01, 4725164
0.01, 4647015
0.01, 4624748
0.01, 4609441
0.01, 4595546
0.01, 4592771
0.01, 4537792
0.01, 4533326
0.01, 4526943
0.01, 4521839
0.01, 4493018
0.01, 4475969
0.01, 4384857
0.01, 4383757
0.01, 4379358
0.01, 4299755
0.01, 4293413
0.01, 4248717
0.01, 4244981
0.01, 4223239
0.01, 4150240
0.01, 4144926
0.01, 4139978
0.01, 3989056
0.01, 3893141
0.01, 3870650
0.01, 3856496
0.01, 3852663
0.01, 3844462
0.01, 3822758
0.01, 3813783
0.01, 3803790
0.01, 3789558
0.01, 3777061
0.01, 3774617
0.01, 3667492
0.01, 3663211
0.01, 3663119
0.01, 3646802
0.01, 3646512
0.01, 3644017
0.01, 3636806
0.01, 3630460
0.01, 3627328
0.01, 3626297
0.01, 3577871
0.01, 3577070
0.01, 3555380
0.01, 3514895
0.01, 3500243
0.01, 3497678
0.01, 3479071
0.01, 3471549
0.01, 3469970
0.01, 3415686
0.01, 3410256
0.01, 3410083
0.01, 3366607
0.01, 3364291
0.01, 3315701
0.01, 3240067
0.01, 3190170
0.02, 3175762
0.02, 3170719
0.02, 3158621
0.02, 3150810
0.02, 3113952
0.02, 3102797
0.02, 3102378
0.02, 3101913
0.02, 3096927
0.02, 3030288
0.02, 3024610
0.02, 3021956
0.02, 3018125
0.02, 2994253
0.02, 2993973
0.02, 2970660
0.02, 2953714
0.02, 2947625
0.02, 2917563
0.02, 2900272
0.02, 2887398
0.02, 2832593
0.02, 2832128
0.02, 2818973
0.02, 2812146
0.02, 2800794
0.02, 2778423
0.02, 2778302
0.02, 2745820
0.02, 2718323
0.02, 2690208
0.02, 2688698
0.02, 2669230
0.02, 2653241
0.02, 2652439
0.02, 2633938
0.02, 2632799
0.02, 2631816
0.02, 2629765
0.02, 2620003
0.02, 2573262
0.02, 2565219
0.06, 2548915
0.06, 2532503
0.06, 2509229
0.06, 2446546
0.07, 2396007
0.07, 2386504
0.07, 2364308
0.08, 2357358
0.08, 2349832
0.08, 2340538
0.08, 2331448
0.08, 2331385
0.08, 2329082
0.08, 2328328
0.08, 2318274
0.08, 2309729
0.10, 2299146
0.10, 2296154
0.10, 2285065
0.10, 2279455
0.10, 2230170
0.11, 2226667
0.13, 2206923
0.13, 2206400
0.13, 2199803
0.13, 2196534
0.14, 2172637
0.14, 2144818
0.14, 2123270
0.14, 2122919
0.14, 2122099
0.14, 2114360
0.14, 2105373
0.14, 2092062
0.14, 2064348
0.14, 2060280
0.15, 1967341
0.15, 1962015
0.15, 1953557
0.15, 1943053
0.19, 1907761
0.20, 1906748
0.20, 1900158
0.20, 1897139
0.20, 1896855
0.20, 1895317
0.20, 1895215
0.20, 1886109
0.20, 1884661
0.20, 1884657
0.20, 1878059
0.20, 1865715
0.20, 1861379
0.20, 1859980
0.20, 1856158
0.20, 1851973
0.20, 1851913
0.20, 1846948
0.20, 1846260
0.20, 1845927
0.22, 1836251
0.22, 1836219
0.22, 1824351
0.22, 1822420
0.22, 1814030
0.22, 1812862
0.22, 1807365
0.22, 1799472
0.22, 1776994
0.22, 1775959
0.22, 1775032
0.22, 1772857
0.22, 1760721
0.22, 1760205
0.22, 1753968
0.22, 1742311
0.22, 1741726
0.22, 1739314
0.22, 1737273
0.22, 1731459
0.22, 1690934
0.26, 1689585
0.26, 1687507
0.26, 1686036
0.27, 1669346
0.27, 1659665
0.27, 1638874
0.27, 1638717
0.30, 1614145
0.30, 1614002
0.30, 1611062
0.30, 1594087
0.31, 1587726
0.31, 1586421
0.31, 1586100
0.32, 1583818
0.32, 1583796
0.32, 1575613
0.33, 1573904
0.33, 1573882
0.33, 1564433
0.33, 1563273
0.33, 1559228
0.33, 1555437
0.33, 1553633
0.33, 1550270
0.33, 1546386
0.33, 1545970
0.33, 1545404
0.33, 1545317
0.33, 1539012
0.33, 1538463
0.34, 1536298
0.34, 1535319
0.34, 1535026
0.34, 1532388
0.34, 1525499
0.34, 1524728
0.34, 1524233
0.34, 1521699
0.34, 1521272
0.34, 1507581
0.35, 1505149
0.35, 1503191
0.36, 1491291
0.36, 1484455
0.36, 1484318
0.36, 1482501
0.36, 1473645
0.36, 1472418
0.36, 1470010
0.36, 1468373
0.36, 1462331
0.36, 1462004
0.36, 1459620
0.36, 1454792
0.37, 1449843
0.37, 1449729
0.37, 1449159
0.39, 1438023
0.39, 1436411
0.39, 1434924
0.39, 1418404
0.39, 1413598
0.41, 1394254
0.41, 1387544
0.41, 1385298
0.41, 1375868
0.41, 1374871
0.41, 1373132
0.41, 1361302
0.41, 1360565
0.41, 1356131
0.41, 1350623
0.41, 1342714
0.41, 1342515
0.41, 1342339
0.41, 1341935
0.41, 1337526
0.41, 1335437
0.41, 1332730
0.41, 1332718
0.48, 1323158
0.48, 1318741
0.48, 1317971
0.48, 1316502
0.48, 1315932
0.48, 1315773
0.48, 1314807
0.48, 1314758
0.48, 1312387
0.48, 1311555
0.48, 1310498
0.48, 1310161
0.48, 1305668
0.48, 1303344
0.50, 1303252
0.50, 1301937
0.51, 1301359
0.51, 1300699
0.51, 1295023
0.52, 1290292
0.52, 1289432
0.52, 1284738
0.52, 1282244
0.54, 1280780
0.54, 1277805
0.57, 1270340
0.60, 1268152
0.60, 1262892
0.60, 1258128
0.60, 1251917
0.60, 1251829
0.61, 1251475
0.61, 1250617
0.61, 1250167
0.61, 1244606
0.61, 1238224
0.63, 1237674
0.63, 1237087
0.63, 1234344
0.63, 1233919
0.63, 1228834
0.63, 1228405
0.63, 1228232
0.63, 1227861
0.63, 1226743
0.65, 1225993
0.65, 1221754
0.69, 1220466
0.69, 1220390
0.69, 1218867
0.69, 1218445
0.69, 1216800
0.71, 1216523
0.71, 1216245
0.71, 1216210
0.71, 1215166
0.71, 1213565
0.71, 1213407
0.73, 1211410
0.74, 1211304
0.74, 1210626
0.76, 1209584
0.76, 1209175
0.76, 1209017
0.76, 1208418
0.76, 1207439
0.76, 1207343
0.76, 1207319
0.76, 1207101
0.76, 1206873
0.76, 1206225
0.76, 1206154
0.76, 1205364
0.76, 1204512
0.76, 1198602
0.76, 1198517
0.82, 1197487
0.82, 1197447
0.82, 1194670
0.86, 1192705
0.86, 1192517
0.86, 1191434
0.86, 1191408
0.86, 1190230
0.86, 1190023
0.86, 1189203
0.86, 1188109
0.87, 1187817
0.87, 1186161
0.87, 1186127
0.90, 1185947
0.90, 1184610
0.90, 1184144
0.90, 1182838
0.90, 1182468
0.90, 1182358
0.90, 1181757
0.90, 1181294
0.90, 1181093
0.90, 1180686
0.96, 1180340
1.13, 1180133
1.13, 1180082
1.13, 1178830
1.13, 1178619
1.15, 1178606
1.15, 1178118
1.15, 1177585
1.15, 1177409
1.22, 1176788
1.22, 1176534
1.22, 1176532
1.22, 1176327
1.31, 1176216
1.41, 1176202
1.45, 1176151
