0.03, 9959155
0.03, 9854171
0.03, 9757433
0.03, 9536300
0.03, 9447622
0.03, 9437789
0.03, 9407543
0.03, 9406302
0.03, 9400899
0.03, 9397490
0.03, 9389495
0.03, 9289914
0.03, 9278280
0.03, 9260062
0.03, 9107136
0.03, 8954356
0.03, 8925256
0.03, 8729434
0.03, 8683184
0.03, 8584209
0.03, 8573700
0.03, 8534437
0.03, 8528213
0.03, 8500674
0.03, 8491293
0.03, 8451343
0.03, 8428558
0.03, 8380943
0.03, 8219277
0.03, 8209495
0.03, 8170221
0.03, 8146935
0.03, 8129672
0.03, 8073259
0.03, 8058900
0.03, 8041478
0.03, 8038736
0.03, 8035009
0.03, 7997952
0.03, 7945711
0.03, 7878401
0.03, 7831964
0.03, 7824375
0.03, 7823307
0.03, 7784818
0.03, 7638185
0.03, 7636962
0.03, 7626903
0.03, 7620664
0.03, 7617201
0.03, 7566532
0.03, 7486729
0.03, 7453568
0.03, 7412534
0.03, 7401905
0.03, 7381785
0.03, 7246393
0.03, 7202780
0.03, 7192480
0.03, 7145953
0.03, 7042459
0.03, 6867114
0.03, 6854327
0.03, 6854240
0.03, 6843149
0.03, 6836377
0.03, 6811132
0.03, 6805868
0.03, 6801604
0.03, 6795655
0.03, 6784203
0.03, 6752673
0.03, 6739718
0.03, 6692727
0.03, 6675400
0.03, 6522702
0.03, 6520109
0.03, 6512796
0.03, 6406165
0.03, 6347689
0.03, 6346130
0.03, 6344226
0.03, 6338326
0.03, 6326272
0.03, 6320979
0.03, 6221329
0.03, 6020186
0.03, 6009234
0.03, 6005051
0.03, 5985856
0.03, 5948925
0.03, 5902892
0.03, 5902727
0.03, 5856377
0.03, 5852273
0.03, 5807057
0.03, 5784351
0.03, 5744029
0.03, 5726539
0.03, 5717296
0.03, 5708127
0.03, 5683551
0.03, 5682876
0.03, 5664920
0.03, 5663912
0.03, 5660476
0.03, 5627392
0.03, 5621793
0.03, 5588951
0.03, 5587867
0.03, 5494878
0.03, 5494659
0.03, 5487804
0.03, 5474631
0.03, 5473011
0.03, 5460433
0.03, 5384369
0.03, 5347609
0.03, 5346694
0.03, 5302599
0.03, 5296599
0.03, 5295144
0.03, 5276179
0.03, 5272610
0.03, 5236849
0.03, 5231565
0.03, 5223518
0.03, 5215094
0.03, 5198621
0.03, 5183357
0.03, 5129201
0.03, 5120440
0.03, 5088375
0.03, 5059293
0.03, 5034348
0.03, 5022436
0.03, 5020685
0.03, 5019166
0.03, 5014797
0.03, 4999530
0.03, 4989808
0.03, 4989783
0.03, 4986460
0.03, 4985660
0.03, 4972719
0.03, 4930109
0.03, 4773615
0.03, 4751127
0.03, 4739737
0.03, 4712872
0.03, 4710710
0.03, 4706730
0.03, 4661343
0.03, 4661121
0.03, 4593451
0.03, 4578354
0.03, 4558130
0.03, 4550679
0.03, 4489997
0.03, 4458328
0.03, 4343261
0.03, 4321410
0.03, 4299574
0.03, 4295693
0.03, 4294877
0.03, 4290041
0.03, 4278069
0.03, 4273365
0.03, 4226379
0.03, 4193098
0.03, 4177769
0.03, 4177696
0.03, 4175178
0.03, 4159853
0.03, 4134967
0.03, 4122771
0.03, 4120736
0.03, 4114914
0.03, 4082541
0.03, 4081802
0.03, 4077322
0.03, 4075580
0.03, 4059482
0.03, 4055992
0.03, 4035565
0.03, 4033598
0.03, 4000380
0.03, 3991964
0.03, 3987094
0.03, 3978004
0.03, 3968317
0.03, 3937176
0.03, 3936862
0.03, 3903830
0.03, 3893314
0.03, 3888078
0.03, 3883255
0.03, 3880827
0.03, 3869887
0.03, 3864627
0.03, 3835625
0.03, 3823160
0.03, 3787710
0.03, 3784910
0.03, 3779387
0.03, 3770414
0.03, 3764787
0.03, 3759299
0.03, 3722939
0.03, 3641018
0.03, 3633657
0.03, 3633366
0.03, 3576453
0.03, 3555425
0.03, 3517484
0.03, 3379390
0.03, 3337149
0.03, 3289368
0.03, 3255218
0.03, 3252168
0.03, 3226374
0.03, 3225741
0.03, 3221545
0.04, 3214091
0.04, 3212235
0.04, 3210891
0.04, 3199732
0.04, 3190790
0.04, 3151089
0.04, 3149241
0.04, 3115195
0.04, 3090366
0.04, 3075589
0.04, 3062661
0.04, 3050153
0.04, 3028974
0.04, 2917567
0.04, 2909113
0.04, 2900645
0.04, 2883848
0.04, 2878028
0.04, 2876060
0.04, 2871535
0.04, 2864154
0.04, 2863722
0.04, 2862968
0.04, 2861770
0.04, 2860559
0.04, 2846802
0.04, 2843393
0.04, 2843043
0.04, 2826915
0.04, 2826895
0.04, 2817382
0.04, 2798558
0.04, 2748511
0.04, 2746579
0.04, 2741205
0.06, 2725394
0.06, 2627630
0.06, 2593148
0.06, 2593032
0.09, 2591423
0.09, 2581893
0.09, 2579384
0.09, 2564961
0.09, 2564668
0.09, 2522570
0.09, 2506111
0.09, 2503842
0.09, 2501787
0.11, 2490566
0.11, 2480539
0.11, 2480511
0.11, 2480271
0.11, 2479431
0.11, 2471024
0.11, 2470735
0.11, 2454748
0.11, 2433786
0.11, 2433261
0.11, 2429684
0.11, 2394652
0.11, 2388591
0.11, 2381478
0.11, 2338475
0.11, 2324134
0.11, 2302177
0.11, 2294511
0.11, 2282029
0.11, 2274951
0.11, 2273790
0.11, 2272064
0.11, 2262316
0.11, 2244360
0.11, 2241514
0.11, 2238340
0.14, 2222381
0.14, 2216529
0.14, 2206116
0.14, 2205920
0.14, 2203376
0.14, 2156169
0.14, 2149721
0.16, 2128282
0.16, 2126407
0.16, 2107713
0.16, 2103026
0.16, 2100807
0.16, 2094326
0.16, 2094258
0.16, 2088242
0.16, 2076480
0.16, 2076393
0.16, 2057279
0.16, 2045469
0.16, 2022026
0.16, 2021480
0.16, 2014093
0.16, 1978233
0.16, 1973668
0.16, 1967045
0.16, 1962914
0.16, 1928439
0.16, 1927821
0.17, 1917280
0.17, 1886412
0.17, 1867942
0.17, 1865413
0.17, 1852381
0.18, 1850450
0.23, 1842288
0.23, 1824659
0.23, 1819824
0.23, 1818853
0.23, 1815837
0.23, 1811131
0.23, 1802503
0.23, 1797438
0.23, 1797360
0.23, 1786755
0.23, 1763393
0.23, 1760872
0.23, 1759248
0.23, 1758168
0.23, 1757642
0.23, 1754337
0.23, 1752726
0.23, 1752324
0.26, 1749151
0.26, 1748158
0.26, 1741312
0.26, 1740901
0.26, 1717586
0.26, 1715847
0.26, 1714860
0.26, 1704167
0.26, 1691159
0.26, 1690583
0.26, 1687057
0.29, 1674994
0.29, 1673967
0.29, 1672304
0.29, 1667318
0.29, 1664939
0.29, 1662093
0.30, 1653817
0.30, 1650804
0.30, 1644392
0.30, 1638917
0.30, 1638107
0.30, 1629415
0.30, 1627883
0.30, 1618808
0.30, 1617207
0.30, 1617162
0.30, 1616330
0.30, 1613971
0.30, 1613104
0.30, 1612994
0.30, 1612894
0.30, 1608348
0.36, 1580373
0.36, 1580351
0.36, 1576827
0.36, 1569628
0.36, 1569001
0.36, 1568991
0.36, 1568161
0.36, 1564063
0.36, 1558618
0.36, 1545735
0.36, 1539829
0.36, 1532784
0.36, 1525099
0.36, 1521139
0.36, 1518420
0.36, 1515282
0.36, 1508519
0.36, 1504945
0.36, 1504580
0.36, 1499418
0.36, 1499308
0.39, 1497465
0.39, 1495851
0.39, 1494250
0.39, 1493926
0.39, 1493604
0.39, 1491863
0.39, 1489058
0.39, 1488003
0.39, 1487836
0.39, 1485411
0.39, 1485079
0.39, 1483178
0.40, 1475203
0.40, 1473487
0.40, 1469713
0.40, 1464649
0.40, 1460559
0.40, 1455709
0.40, 1454959
0.40, 1451479
0.40, 1450997
0.40, 1447592
0.40, 1441412
0.40, 1432139
0.40, 1430646
0.40, 1425590
0.40, 1423516
0.41, 1422866
0.41, 1413362
0.41, 1401440
0.41, 1394894
0.41, 1381347
0.41, 1370582
0.41, 1360023
0.49, 1352041
0.49, 1348513
0.50, 1345599
0.50, 1345043
0.50, 1344787
0.54, 1344729
0.54, 1344384
0.54, 1336007
0.54, 1327110
0.54, 1326983
0.54, 1323067
0.54, 1313097
0.54, 1306562
0.54, 1302038
0.54, 1300479
0.54, 1295076
0.54, 1294107
0.54, 1290749
0.54, 1285880
0.54, 1282008
0.54, 1281530
0.54, 1279085
0.54, 1276468
0.64, 1274964
0.64, 1274874
0.64, 1274487
0.65, 1273872
0.65, 1273112
0.65, 1272100
0.65, 1270889
0.65, 1270660
0.65, 1270126
0.66, 1270013
0.66, 1268405
0.66, 1266030
0.66, 1263416
0.68, 1262922
0.68, 1258302
0.68, 1256336
0.68, 1252780
0.68, 1252104
0.68, 1250415
0.68, 1248178
0.68, 1248169
0.68, 1248039
0.68, 1247936
0.68, 1246037
0.68, 1245057
0.68, 1244634
0.68, 1244502
0.69, 1243359
0.69, 1243181
0.69, 1241573
0.69, 1241142
0.69, 1241036
0.70, 1233699
0.70, 1231019
0.75, 1230809
0.76, 1230088
0.76, 1229413
0.76, 1228592
0.76, 1228564
0.76, 1227694
0.76, 1227477
0.76, 1226444
0.76, 1226005
0.76, 1225825
0.76, 1225052
0.76, 1216521
0.80, 1215153
0.80, 1214943
0.80, 1214696
0.80, 1211984
0.80, 1211426
0.80, 1209774
0.80, 1209092
0.80, 1208758
0.87, 1207899
0.87, 1206757
0.87, 1206362
0.91, 1206143
0.91, 1205791
0.91, 1203523
0.98, 1203134
0.99, 1203024
0.99, 1201929
0.99, 1201267
0.99, 1200787
0.99, 1200380
1.00, 1199080
1.00, 1198938
1.00, 1198706
1.00, 1198577
1.00, 1197978
1.00, 1197875
1.01, 1197351
1.01, 1197127
1.01, 1197124
1.01, 1196562
1.07, 1196243
1.07, 1195354
1.07, 1195274
1.09, 1195167
1.09, 1194915
1.09, 1194711
1.09, 1194504
1.09, 1194206
1.11, 1194159
1.11, 1194144
1.11, 1193504
1.11, 1193023
1.11, 1192813
1.11, 1192173
1.31, 1192129
1.32, 1192061
1.34, 1191919
3.02, 1190774
3.02, 1189365
3.03, 1187509
3.03, 1187162
3.03, 1185903
3.03, 1183884
3.17, 1183617
3.17, 1182012
3.17, 1181966
3.17, 1181668
3.17, 1181416
3.23, 1181234
3.24, 1180638
3.24, 1180261
3.25, 1180051
3.25, 1179216
3.26, 1178616
3.26, 1178512
3.27, 1177913
3.27, 1177439
3.29, 1177210
3.29, 1176681
3.39, 1176586
3.39, 1176332
3.58, 1176272
7.60, 1176216
7.63, 1176151
