0.00, 10397851
0.01, 10338102
0.01, 10194024
0.01, 10184058
0.01, 10183729
0.01, 10126215
0.01, 10077868
0.01, 10066726
0.01, 9927569
0.01, 9900176
0.01, 9889242
0.01, 9881284
0.01, 9783958
0.01, 9782943
0.01, 9779869
0.01, 9596173
0.01, 9401079
0.01, 9195866
0.01, 9167022
0.01, 9132360
0.01, 9097941
0.01, 9089620
0.01, 9058798
0.01, 9015152
0.01, 9014777
0.01, 9009850
0.01, 9003850
0.01, 8864611
0.01, 8823472
0.01, 8817580
0.01, 8599741
0.01, 8589729
0.01, 8579991
0.01, 8558961
0.01, 8512505
0.01, 8437418
0.01, 8386387
0.01, 8380628
0.01, 8377886
0.01, 8318666
0.01, 8259795
0.01, 8257085
0.01, 8171355
0.01, 8168548
0.01, 8142395
0.01, 8103894
0.01, 8049732
0.01, 8038313
0.01, 8037090
0.01, 7992340
0.01, 7975909
0.01, 7826340
0.01, 7824896
0.01, 7817380
0.01, 7793672
0.01, 7775420
0.01, 7672903
0.01, 7600747
0.01, 7593689
0.01, 7583250
0.01, 7550297
0.01, 7536419
0.01, 7527226
0.01, 7520087
0.01, 7476192
0.01, 7473140
0.01, 7472322
0.01, 7373995
0.01, 7365683
0.01, 7301457
0.01, 7188915
0.01, 7052561
0.01, 6997332
0.01, 6845996
0.01, 6725942
0.01, 6701312
0.01, 6691716
0.01, 6630256
0.01, 6615715
0.01, 6574458
0.01, 6574341
0.01, 6551151
0.01, 6538531
0.01, 6511485
0.01, 6506744
0.01, 6506358
0.01, 6481754
0.01, 6477573
0.01, 6401589
0.01, 6387061
0.01, 6386338
0.01, 6356066
0.01, 6355470
0.01, 6090587
0.01, 6084820
0.01, 6071012
0.01, 6059325
0.01, 6028401
0.01, 5914669
0.01, 5894421
0.01, 5852420
0.01, 5852149
0.01, 5842206
0.01, 5841972
0.01, 5835835
0.01, 5720414
0.01, 5633869
0.01, 5594250
0.01, 5578160
0.01, 5567541
0.01, 5558258
0.01, 5545777
0.01, 5543455
0.01, 5408037
0.01, 5403296
0.01, 5331996
0.01, 5331873
0.01, 5331861
0.01, 5321995
0.01, 5309879
0.01, 5218692
0.01, 5218424
0.01, 5198963
0.01, 5193634
0.01, 5153907
0.01, 5114977
0.01, 5112588
0.01, 5090586
0.01, 5070395
0.01, 5061667
0.01, 4995815
0.01, 4993011
0.01, 4987740
0.01, 4973285
0.01, 4907892
0.01, 4860431
0.01, 4845813
0.01, 4837723
0.01, 4784029
0.01, 4778182
0.01, 4750393
0.01, 4738176
0.01, 4732415
0.01, 4716101
0.01, 4710568
0.01, 4664091
0.01, 4637711
0.01, 4628426
0.01, 4625231
0.01, 4605397
0.01, 4543618
0.01, 4512365
0.01, 4475319
0.01, 4439188
0.01, 4426697
0.01, 4417628
0.01, 4414238
0.01, 4412161
0.01, 4385436
0.01, 4334067
0.01, 4326326
0.01, 4223266
0.01, 4213679
0.01, 4207467
0.01, 4207425
0.01, 4207111
0.01, 4178322
0.01, 4176626
0.01, 4135984
0.01, 4130184
0.01, 4069594
0.01, 4003953
0.01, 3901932
0.01, 3900987
0.01, 3878230
0.01, 3872023
0.01, 3865003
0.01, 3859606
0.01, 3850689
0.01, 3849605
0.01, 3815221
0.01, 3799027
0.01, 3795107
0.01, 3794589
0.01, 3738040
0.01, 3722623
0.01, 3711466
0.01, 3668555
0.01, 3666586
0.01, 3598743
0.01, 3591593
0.01, 3589059
0.01, 3564600
0.01, 3562550
0.01, 3559635
0.01, 3556707
0.01, 3554326
0.01, 3518908
0.01, 3499347
0.01, 3497747
0.01, 3491978
0.01, 3450723
0.01, 3437202
0.01, 3413607
0.01, 3409564
0.01, 3383836
0.01, 3373724
0.01, 3357819
0.01, 3357647
0.01, 3345680
0.01, 3338842
0.01, 3330583
0.01, 3323337
0.01, 3313882
0.01, 3311818
0.02, 3290903
0.02, 3279105
0.02, 3278894
0.02, 3273774
0.02, 3272138
0.02, 3245363
0.02, 3217967
0.02, 3178303
0.02, 3174751
0.02, 3174266
0.02, 3117928
0.02, 3112376
0.02, 3111790
0.02, 3111710
0.02, 3109191
0.02, 3104172
0.02, 3093711
0.02, 3082633
0.02, 3069157
0.02, 3047659
0.02, 3015901
0.02, 2986296
0.02, 2986024
0.03, 2957181
0.03, 2923057
0.03, 2909953
0.03, 2862300
0.03, 2844422
0.03, 2770303
0.03, 2766790
0.03, 2765199
0.03, 2725195
0.03, 2713969
0.03, 2709303
0.03, 2706958
0.03, 2700264
0.03, 2689832
0.03, 2683034
0.03, 2634123
0.03, 2582983
0.03, 2577913
0.03, 2576667
0.03, 2576449
0.03, 2539244
0.03, 2521725
0.03, 2506842
0.05, 2498521
0.07, 2488586
0.07, 2486959
0.07, 2473787
0.07, 2467630
0.07, 2450709
0.07, 2449430
0.08, 2436708
0.08, 2426265
0.08, 2424502
0.08, 2423676
0.08, 2410891
0.08, 2399479
0.08, 2399400
0.08, 2391750
0.08, 2362898
0.08, 2360956
0.08, 2358621
0.10, 2356443
0.10, 2356016
0.10, 2351282
0.10, 2350536
0.10, 2334407
0.10, 2284438
0.10, 2282408
0.10, 2278762
0.10, 2277237
0.10, 2276810
0.10, 2276705
0.10, 2274743
0.10, 2274441
0.10, 2267087
0.10, 2266839
0.10, 2237177
0.10, 2223078
0.10, 2197637
0.10, 2183000
0.13, 2174945
0.13, 2172190
0.13, 2168627
0.13, 2146409
0.13, 2145153
0.13, 2141813
0.13, 2135072
0.14, 2134344
0.14, 2128681
0.14, 2116111
0.14, 2104192
0.14, 2097569
0.14, 2096171
0.14, 2094473
0.14, 2085241
0.14, 2082133
0.14, 2081658
0.18, 2078550
0.18, 2054351
0.18, 2054128
0.18, 2051703
0.18, 2049649
0.18, 2048303
0.18, 2042795
0.18, 2037120
0.18, 2022310
0.18, 2018665
0.18, 2018056
0.18, 2011087
0.18, 1993175
0.18, 1992978
0.18, 1992659
0.18, 1980568
0.18, 1980326
0.18, 1980228
0.18, 1974026
0.18, 1967717
0.18, 1965956
0.18, 1955611
0.18, 1950670
0.18, 1945896
0.19, 1927671
0.19, 1925467
0.19, 1924581
0.19, 1919890
0.19, 1916476
0.19, 1911816
0.21, 1910713
0.21, 1879931
0.21, 1878123
0.21, 1874102
0.21, 1873164
0.21, 1871305
0.21, 1869090
0.21, 1864326
0.21, 1863905
0.21, 1855429
0.21, 1839336
0.23, 1834793
0.24, 1834421
0.24, 1832540
0.24, 1832465
0.24, 1821889
0.24, 1815333
0.24, 1814593
0.24, 1812227
0.24, 1804546
0.24, 1799365
0.24, 1794685
0.24, 1793402
0.24, 1792713
0.24, 1792644
0.24, 1786036
0.24, 1779211
0.24, 1778905
0.24, 1777806
0.24, 1764136
0.24, 1749247
0.24, 1746724
0.24, 1740377
0.24, 1736828
0.24, 1734525
0.24, 1734345
0.25, 1734214
0.25, 1732370
0.25, 1725730
0.25, 1715156
0.25, 1710285
0.25, 1702797
0.25, 1690098
0.25, 1687043
0.25, 1672632
0.25, 1667676
0.25, 1665348
0.27, 1653081
0.27, 1646320
0.27, 1645665
0.27, 1644395
0.27, 1634485
0.27, 1628268
0.27, 1616944
0.27, 1612818
0.27, 1611467
0.27, 1602082
0.27, 1591487
0.27, 1585601
0.27, 1585600
0.27, 1581593
0.27, 1580111
0.27, 1571763
0.27, 1570133
0.27, 1566403
0.29, 1563216
0.29, 1556645
0.29, 1554106
0.29, 1549813
0.29, 1546884
0.29, 1545910
0.29, 1541260
0.30, 1536331
0.30, 1532948
0.30, 1532936
0.30, 1527751
0.30, 1527437
0.30, 1522587
0.30, 1521580
0.30, 1520456
0.30, 1520289
0.30, 1513928
0.30, 1511394
0.34, 1502375
0.34, 1501295
0.34, 1496007
0.34, 1493795
0.34, 1493541
0.34, 1487256
0.34, 1484893
0.34, 1484629
0.34, 1481642
0.34, 1469653
0.34, 1468849
0.34, 1460642
0.34, 1460539
0.34, 1456731
0.34, 1442335
0.34, 1439410
0.34, 1436226
0.34, 1435148
0.34, 1430114
0.34, 1430092
0.34, 1426661
0.34, 1425655
0.34, 1423481
0.34, 1422110
0.36, 1421127
0.36, 1399025
0.36, 1398046
0.36, 1396932
0.37, 1385164
0.37, 1383944
0.37, 1379642
0.37, 1376682
0.37, 1370966
0.42, 1370849
0.42, 1370662
0.44, 1363277
0.46, 1360287
0.46, 1355463
0.46, 1350352
0.46, 1349639
0.46, 1348281
0.47, 1348043
0.47, 1346337
0.47, 1343140
0.47, 1342945
0.49, 1342430
0.49, 1340364
0.49, 1339058
0.50, 1337243
0.50, 1337007
0.50, 1333314
0.50, 1333172
0.50, 1330953
0.51, 1330449
0.51, 1330302
0.51, 1329875
0.52, 1327158
0.52, 1318590
0.52, 1314982
0.52, 1311900
0.52, 1311123
0.53, 1308235
0.53, 1307181
0.53, 1307049
0.53, 1306791
0.53, 1304419
0.53, 1303312
0.53, 1293733
0.53, 1290105
0.53, 1281724
0.53, 1281721
0.53, 1281673
0.53, 1279899
0.53, 1277059
0.56, 1276344
0.56, 1275769
0.56, 1275537
0.56, 1274747
0.58, 1274475
0.58, 1274098
0.58, 1271347
0.58, 1265230
0.58, 1264098
0.58, 1263004
0.58, 1262989
0.58, 1261749
0.58, 1261351
0.58, 1260746
0.58, 1260111
0.59, 1257328
0.59, 1256419
0.59, 1255679
0.59, 1255039
0.59, 1252523
0.59, 1252303
0.59, 1250014
0.60, 1247660
0.60, 1246723
0.60, 1245883
0.60, 1245451
0.60, 1242251
0.60, 1240757
0.62, 1237901
0.62, 1235367
0.62, 1230973
0.62, 1228175
0.62, 1226616
0.62, 1226498
0.62, 1225519
0.62, 1224553
0.70, 1224421
0.70, 1222873
0.70, 1222699
0.75, 1222360
0.75, 1215609
0.75, 1211547
0.75, 1211510
0.75, 1210757
0.76, 1209368
0.77, 1207882
0.78, 1207714
0.79, 1206067
0.79, 1206002
0.79, 1205200
0.79, 1203088
0.79, 1203019
0.81, 1199100
0.81, 1199064
0.84, 1198763
0.86, 1197564
0.86, 1196145
0.86, 1195069
0.91, 1193229
0.91, 1193053
0.91, 1192692
0.91, 1191007
0.91, 1190757
0.91, 1190315
0.91, 1189137
0.91, 1188525
0.92, 1187825
0.92, 1186635
0.92, 1185262
1.03, 1185048
1.03, 1184151
1.03, 1183702
1.03, 1183213
1.03, 1182346
1.03, 1179925
1.08, 1179415
1.08, 1179412
1.08, 1178978
1.16, 1178928
1.18, 1178677
1.18, 1178535
1.18, 1178470
1.18, 1178269
1.18, 1178062
1.18, 1177952
1.19, 1177932
1.19, 1177803
1.24, 1177725
1.24, 1177459
1.24, 1176977
1.24, 1176926
1.24, 1176784
1.24, 1176719
1.31, 1176416
1.31, 1176211
7.72, 1176202
7.80, 1176151
