0.01, 10760998
0.01, 10585236
0.01, 10575516
0.01, 10420989
0.01, 10413095
0.01, 10379163
0.01, 10379129
0.01, 10251294
0.01, 10250850
0.01, 10229303
0.01, 10222523
0.01, 10201964
0.01, 10153353
0.01, 9980222
0.01, 9843491
0.01, 9830071
0.01, 9766401
0.01, 9740717
0.01, 9740259
0.01, 9719152
0.01, 9717899
0.01, 9691238
0.01, 9670606
0.01, 9597497
0.01, 9349122
0.01, 9344261
0.01, 9341477
0.01, 9336727
0.01, 9334087
0.01, 9230692
0.01, 9211873
0.01, 9054214
0.01, 9030214
0.01, 8973741
0.01, 8874303
0.01, 8673347
0.01, 8607281
0.01, 8565335
0.01, 8565269
0.01, 8470779
0.01, 8417774
0.01, 8376886
0.01, 8353110
0.01, 8335363
0.01, 8207477
0.01, 8139130
0.01, 8046356
0.01, 7937175
0.01, 7841338
0.01, 7840387
0.01, 7838736
0.01, 7810424
0.01, 7761727
0.01, 7543900
0.01, 7489088
0.01, 7453764
0.01, 7448923
0.01, 7197081
0.01, 7196525
0.01, 7191811
0.01, 7169733
0.01, 7154753
0.01, 7100180
0.01, 7071210
0.01, 7068177
0.01, 7029171
0.01, 6875153
0.01, 6857645
0.01, 6834202
0.01, 6832111
0.01, 6824311
0.01, 6776087
0.01, 6725134
0.01, 6723974
0.01, 6696013
0.01, 6634632
0.01, 6614066
0.01, 6604683
0.01, 6518030
0.01, 6514983
0.01, 6513880
0.01, 6328211
0.01, 6327771
0.01, 6323883
0.01, 6255605
0.01, 6222060
0.01, 6184843
0.01, 6099613
0.01, 6079658
0.01, 6059733
0.01, 6005661
0.01, 5994733
0.01, 5991411
0.01, 5821050
0.01, 5810086
0.01, 5809797
0.01, 5803254
0.01, 5745758
0.01, 5734994
0.01, 5691301
0.01, 5642986
0.01, 5597138
0.01, 5504654
0.01, 5460934
0.01, 5372588
0.01, 5345901
0.01, 5298623
0.01, 5284677
0.01, 5280154
0.01, 5270469
0.02, 5246318
0.02, 5243938
0.02, 5148560
0.02, 5116363
0.02, 5101731
0.02, 5086751
0.02, 5061295
0.02, 5056763
0.02, 4916079
0.02, 4908801
0.02, 4864385
0.02, 4849131
0.02, 4825317
0.02, 4824957
0.02, 4755777
0.02, 4695607
0.02, 4690433
0.02, 4667962
0.02, 4615430
0.02, 4614532
0.02, 4610757
0.02, 4422690
0.02, 4388781
0.02, 4329921
0.02, 4293285
0.02, 4291056
0.02, 4268289
0.02, 4251615
0.02, 4207377
0.02, 4157141
0.02, 4132697
0.02, 4103759
0.02, 4090897
0.02, 4032708
0.02, 4030710
0.02, 4017689
0.02, 4002659
0.02, 3975084
0.02, 3973282
0.02, 3970406
0.02, 3905040
0.02, 3901819
0.02, 3901485
0.02, 3900372
0.02, 3897020
0.02, 3888229
0.02, 3856609
0.02, 3817774
0.02, 3773021
0.02, 3754791
0.02, 3740371
0.02, 3738400
0.02, 3727926
0.02, 3716531
0.02, 3715811
0.02, 3710749
0.02, 3697997
0.02, 3696708
0.02, 3679362
0.02, 3672777
0.02, 3655430
0.02, 3602380
0.02, 3597432
0.02, 3577717
0.02, 3568545
0.02, 3549292
0.02, 3529290
0.02, 3527387
0.02, 3523478
0.02, 3496264
0.02, 3472988
0.02, 3439112
0.02, 3433677
0.02, 3425178
0.02, 3387801
0.02, 3349883
0.02, 3348947
0.02, 3345517
0.02, 3326736
0.02, 3290684
0.02, 3286405
0.02, 3284439
0.02, 3238680
0.02, 3186823
0.02, 3167939
0.02, 3163590
0.02, 3133428
0.02, 3130544
0.02, 3116342
0.02, 3116226
0.02, 3116112
0.02, 3109930
0.02, 3105702
0.02, 3083377
0.02, 3076379
0.02, 3052472
0.02, 3051518
0.02, 3045891
0.02, 3041076
0.03, 3034119
0.03, 3032551
0.03, 3028149
0.03, 3027657
0.03, 3025886
0.03, 2977539
0.03, 2974505
0.03, 2973617
0.03, 2968273
0.03, 2957249
0.03, 2937600
0.03, 2918487
0.04, 2874008
0.04, 2868795
0.04, 2856417
0.04, 2839081
0.04, 2812364
0.04, 2721535
0.04, 2720906
0.04, 2720002
0.04, 2712292
0.04, 2705753
0.04, 2692412
0.04, 2687755
0.04, 2685024
0.04, 2666329
0.04, 2603826
0.04, 2593490
0.04, 2590414
0.04, 2573933
0.04, 2566428
0.08, 2564871
0.08, 2551303
0.08, 2545934
0.08, 2536100
0.08, 2528981
0.08, 2501352
0.08, 2498161
0.08, 2465348
0.08, 2451135
0.08, 2439820
0.08, 2438633
0.08, 2435363
0.08, 2433888
0.08, 2418567
0.08, 2416166
0.09, 2410168
0.09, 2370949
0.09, 2370667
0.09, 2361151
0.09, 2355666
0.09, 2346611
0.09, 2344420
0.11, 2335940
0.11, 2331512
0.11, 2328572
0.11, 2322833
0.11, 2321064
0.11, 2316027
0.11, 2313651
0.11, 2305212
0.11, 2253280
0.11, 2252475
0.11, 2252349
0.11, 2250561
0.11, 2244699
0.11, 2194152
0.15, 2193835
0.15, 2190730
0.15, 2189412
0.15, 2162800
0.15, 2162196
0.15, 2151394
0.15, 2144488
0.15, 2134755
0.15, 2129136
0.15, 2128485
0.15, 2116493
0.15, 2114475
0.15, 2101939
0.15, 2100034
0.16, 2097257
0.16, 2090095
0.16, 2089293
0.16, 2066538
0.16, 2063598
0.16, 2051230
0.18, 2045546
0.18, 2045293
0.18, 2026158
0.18, 2023204
0.18, 2012298
0.19, 2007834
0.19, 1991173
0.19, 1990493
0.19, 1989948
0.20, 1987295
0.20, 1985754
0.20, 1985315
0.20, 1970698
0.20, 1970004
0.20, 1961965
0.20, 1960889
0.20, 1953897
0.20, 1938574
0.20, 1932099
0.20, 1918493
0.20, 1916033
0.20, 1914520
0.23, 1911933
0.23, 1911352
0.23, 1892277
0.24, 1888902
0.24, 1882942
0.24, 1881159
0.24, 1881084
0.24, 1880099
0.24, 1863668
0.24, 1863649
0.24, 1859072
0.24, 1858161
0.24, 1849302
0.24, 1828535
0.24, 1828422
0.24, 1821152
0.24, 1820658
0.24, 1819600
0.24, 1768624
0.24, 1753040
0.24, 1749054
0.24, 1748262
0.24, 1746611
0.24, 1746553
0.24, 1745621
0.24, 1745339
0.24, 1733183
0.25, 1718830
0.25, 1718374
0.25, 1715602
0.26, 1709876
0.26, 1706743
0.26, 1706620
0.26, 1705814
0.26, 1697560
0.26, 1691384
0.26, 1689871
0.26, 1683331
0.26, 1679747
0.26, 1666830
0.26, 1660308
0.26, 1659880
0.26, 1642566
0.26, 1628478
0.26, 1626210
0.26, 1601938
0.30, 1591211
0.30, 1584272
0.30, 1576022
0.32, 1568300
0.32, 1566157
0.32, 1561728
0.34, 1555059
0.34, 1552674
0.34, 1538158
0.34, 1534960
0.34, 1522539
0.34, 1520488
0.34, 1519964
0.34, 1517671
0.34, 1512622
0.40, 1510335
0.40, 1508503
0.40, 1507929
0.40, 1505891
0.40, 1501305
0.40, 1498568
0.40, 1497659
0.40, 1495756
0.40, 1494548
0.40, 1493708
0.40, 1492823
0.40, 1485282
0.40, 1480060
0.40, 1480013
0.40, 1473810
0.40, 1473360
0.40, 1472717
0.41, 1471705
0.41, 1467684
0.41, 1459542
0.41, 1436674
0.41, 1429702
0.41, 1422135
0.41, 1418621
0.41, 1416292
0.41, 1410032
0.42, 1405830
0.42, 1404004
0.42, 1394978
0.42, 1394255
0.42, 1394014
0.42, 1393288
0.42, 1391385
0.42, 1391097
0.42, 1386622
0.42, 1384713
0.42, 1376933
0.42, 1375758
0.46, 1369519
0.46, 1367787
0.46, 1366967
0.46, 1362611
0.46, 1362126
0.46, 1359202
0.46, 1358905
0.46, 1356894
0.46, 1356766
0.46, 1356419
0.49, 1356258
0.49, 1348659
0.49, 1345114
0.49, 1334346
0.49, 1334274
0.49, 1331771
0.49, 1328631
0.49, 1328617
0.49, 1317805
0.49, 1316553
0.49, 1312744
0.49, 1312409
0.49, 1311870
0.49, 1311605
0.49, 1306888
0.49, 1304254
0.49, 1303693
0.49, 1302437
0.49, 1301941
0.49, 1296423
0.50, 1295864
0.50, 1295860
0.50, 1291784
0.50, 1291748
0.50, 1284044
0.50, 1282121
0.50, 1280463
0.50, 1279681
0.50, 1277964
0.50, 1272465
0.61, 1271671
0.61, 1271574
0.61, 1271373
0.61, 1270991
0.61, 1270118
0.61, 1269576
0.61, 1266841
0.61, 1266379
0.61, 1262044
0.63, 1260385
0.63, 1260056
0.63, 1259952
0.63, 1258448
0.63, 1258327
0.63, 1257576
0.63, 1257114
0.63, 1256531
0.63, 1256211
0.63, 1254607
0.64, 1253423
0.64, 1252094
0.65, 1252071
0.65, 1247546
0.65, 1246599
0.65, 1246222
0.65, 1244482
0.65, 1244124
0.65, 1244056
0.65, 1241167
0.65, 1240128
0.66, 1238732
0.66, 1237582
0.66, 1235616
0.66, 1235209
0.66, 1229008
0.66, 1225679
0.66, 1223849
0.70, 1222504
0.70, 1222022
0.70, 1221635
0.70, 1221147
0.71, 1215216
0.71, 1213908
0.71, 1213194
0.71, 1212042
0.71, 1211705
0.71, 1211523
0.72, 1210444
0.72, 1210341
0.72, 1207224
0.77, 1207000
0.77, 1204858
0.77, 1202740
0.77, 1202717
0.77, 1201117
0.77, 1198605
0.77, 1197799
0.84, 1195848
0.84, 1195474
0.84, 1195284
0.89, 1194112
0.90, 1193435
0.90, 1193137
0.90, 1189017
0.90, 1188884
0.90, 1188804
0.90, 1188652
0.90, 1188490
0.94, 1188324
0.94, 1187890
0.94, 1187165
0.94, 1185703
0.95, 1184362
0.95, 1183955
0.99, 1183890
0.99, 1183357
1.00, 1183193
1.00, 1182387
1.05, 1182252
1.05, 1181763
1.05, 1181757
1.05, 1180151
1.05, 1179489
1.05, 1179485
1.05, 1179372
1.10, 1179312
1.14, 1177923
1.14, 1177813
1.15, 1177787
1.16, 1177519
1.17, 1177186
1.17, 1176790
1.19, 1176727
1.29, 1176614
1.29, 1176563
1.29, 1176421
1.38, 1176418
1.40, 1176387
1.43, 1176326
1.45, 1176262
1.53, 1176211
5.34, 1176202
5.34, 1176151
