0.00,10165763
0.00,10044689
0.00,9937671
0.00,9737906
0.00,9667158
0.00,9543457
0.00,9423377
0.00,9255721
0.00,9205518
0.00,8920021
0.00,8714131
0.00,8509931
0.00,8500561
0.00,8267049
0.00,8277292
0.00,7965339
0.00,7809637
0.00,7737774
0.00,7513658
0.00,7440800
0.00,7442674
0.00,7418022
0.00,7396302
0.00,7177185
0.00,7194629
0.00,7190815
0.00,6950560
0.00,6936433
0.00,6984992
0.00,6663726
0.00,6512790
0.00,6302972
0.00,6210790
0.00,6220352
0.00,6168974
0.00,6217119
0.00,6123630
0.00,6165085
0.00,6070212
0.00,5914103
0.00,5643159
0.00,5673326
0.00,5630408
0.00,5641975
0.00,5422344
0.00,5462756
0.00,5206071
0.00,4940404
0.00,4788334
0.00,4806378
0.01,4820725
0.01,4890873
0.01,4806678
0.01,4606881
0.01,4396490
0.01,4426710
0.01,4447976
0.01,4470573
0.01,4475555
0.01,4494351
0.01,4454749
0.01,4352829
0.01,4250228
0.01,4290405
0.01,4320074
0.01,4289411
0.01,4324941
0.01,4347168
0.01,4366817
0.01,4323403
0.01,4053289
0.01,4096513
0.01,4101533
0.01,4156300
0.01,4174667
0.01,4171779
0.01,4208768
0.01,4209663
0.01,4000683
0.01,3939932
0.01,4035043
0.01,4099661
0.01,3992510
0.01,4064019
0.01,4048901
0.01,4041591
0.01,3941232
0.01,4036828
0.01,4049360
0.01,4023202
0.01,4016480
0.01,4041162
0.01,3918184
0.01,3846024
0.01,3871018
0.01,3886663
0.01,3998778
0.01,3994841
0.01,3984735
0.01,4012471
0.01,4032554
0.01,3936211
0.01,3928659
0.01,3981843
0.01,3969264
0.01,3896852
0.01,3829824
0.01,3752267
0.01,3703833
0.01,3770145
0.01,3717164
0.01,3682482
0.01,3673978
0.01,3571901
0.01,3531992
0.01,3453836
0.01,3473921
0.01,3478054
0.01,3384072
0.01,3385979
0.01,3397828
0.01,3413307
0.01,3294072
0.01,3365867
0.01,3160838
0.01,3259650
0.01,3318913
0.01,3318610
0.01,3331654
0.01,3327410
0.01,3099394
0.01,3118328
0.01,3183144
0.01,3265564
0.01,3271180
0.01,3239816
0.01,3074281
0.01,2993422
0.01,3030681
0.01,3010684
0.01,2982372
0.01,2984933
0.01,3129950
0.01,2997037
0.01,3015127
0.01,3005249
0.01,3033835
0.01,3028678
0.01,2945509
0.01,2916510
0.01,3022537
0.01,3147533
0.01,3087899
0.01,3089836
0.01,3097694
0.01,3117280
0.01,3120637
0.01,3146105
0.01,3133361
0.01,3043835
0.01,2964887
0.01,2890478
0.01,2993110
0.01,3022463
0.01,2974149
0.01,2966457
0.01,2998021
0.01,3060204
0.01,3008041
0.01,2991219
0.01,2987682
0.01,2987281
0.01,3002963
0.01,2994801
0.01,3030815
0.01,3153175
0.01,3151158
0.01,3116804
0.01,3133607
0.01,3085597
0.01,2991152
0.01,2999433
0.01,2986842
0.01,2827311
0.01,2793605
0.01,2706094
0.01,2695079
0.01,2675978
0.01,2680612
0.01,2615939
0.01,2678169
0.01,2674642
0.01,2798648
0.01,2754773
0.01,2739190
0.01,2642497
0.01,2559777
0.01,2536286
0.01,2482900
0.01,2533999
0.01,2540379
0.01,2539477
0.01,2554537
0.01,2426368
0.01,2405034
0.01,2349923
0.01,2345654
0.01,2255067
0.01,2271039
0.01,2206993
0.01,2184259
0.01,2182473
0.01,2207296
0.01,2189830
0.01,2177775
0.01,2256128
0.01,2307858
0.01,2294171
0.01,2339516
0.01,2166596
0.01,2155774
0.01,2165404
0.01,2160874
0.01,2193673
0.01,2236999
0.01,2264125
0.01,2193192
0.01,2218005
0.01,2236137
0.01,2412738
0.01,2411160
0.01,2414881
0.01,2386968
0.01,2374945
0.01,2369295
0.01,2322720
0.01,2361882
0.01,2230462
0.02,2210110
0.02,2298301
0.02,2327433
0.02,2279119
0.02,2271427
0.02,2354923
0.02,2356272
0.02,2362501
0.02,2439174
0.02,2413744
0.02,2382303
0.02,2381054
0.02,2396926
0.02,2419728
0.02,2458145
0.02,2456128
0.02,2375991
0.02,2285315
0.02,2292747
0.02,2210692
0.02,2211893
0.02,2185897
0.02,2107915
0.02,2098958
0.02,2157339
0.02,2165959
0.02,2230773
0.02,2254389
0.02,2269297
0.02,2265844
0.02,2252254
0.02,2251861
0.02,2251117
0.02,2174193
0.02,2137162
0.02,2160782
0.02,2154679
0.02,2151411
0.02,2139720
0.02,2116866
0.02,2105367
0.02,2079860
0.02,2101899
0.02,2028240
0.02,2113119
0.02,2115827
0.02,2175827
0.02,2187445
0.02,2171428
0.02,2160649
0.02,2159911
0.02,2183037
0.02,2115654
0.02,2065110
0.02,2016395
0.02,2040667
0.02,1980897
0.02,1915459
0.02,1861396
0.02,1898225
0.02,1904547
0.02,1888572
0.02,1836445
0.02,1807724
0.02,1814596
0.02,1794714
0.02,1774544
0.02,1810818
0.02,1831077
0.02,1831195
0.02,1781341
0.02,1779287
0.02,1811858
0.02,1749440
0.02,1816955
0.02,1792368
0.02,1764900
0.02,1779020
0.02,1771819
0.02,1761878
0.02,1728187
0.02,1739805
0.02,1742647
0.02,1742621
0.02,1741442
0.02,1729526
0.02,1686923
0.02,1719990
0.02,1739144
0.02,1740038
0.02,1753345
0.02,1752232
0.02,1737445
0.02,1657228
0.02,1640399
0.02,1618587
0.02,1601783
0.02,1614371
0.02,1614645
0.02,1585924
0.02,1570555
0.02,1568209
0.02,1555373
0.02,1561521
0.02,1542866
0.02,1532737
0.02,1523702
0.02,1513967
0.02,1504328
0.02,1494807
0.02,1548800
0.02,1548378
0.02,1588534
0.02,1634091
0.02,1681586
0.02,1680069
0.02,1732740
0.02,1663819
0.02,1646843
0.02,1648570
0.02,1648902
0.02,1672318
0.02,1640404
0.02,1666435
0.02,1676379
0.02,1665964
0.02,1797985
0.02,1785955
0.02,1775870
0.02,1780374
0.02,1763663
0.02,1772531
0.02,1761996
0.02,1755895
0.02,1640725
0.02,1563047
0.02,1593591
0.02,1655464
0.02,1669436
0.02,1669267
0.02,1682107
0.02,1657757
0.02,1683895
0.02,1761261
0.02,1752635
0.02,1770929
0.02,1796015
0.02,1818993
0.02,1839651
0.02,1844462
0.02,1818405
0.02,1751292
0.02,1631744
0.02,1666602
0.02,1643179
0.02,1661661
0.02,1657920
0.02,1612253
0.02,1568157
0.02,1530525
0.02,1502592
0.02,1485972
0.02,1478424
0.02,1471078
0.02,1465075
0.02,1462698
0.02,1455944
0.02,1457174
0.02,1449664
0.02,1444555
0.02,1461910
0.02,1433177
0.02,1427483
0.02,1425435
0.02,1419827
0.02,1414759
0.02,1415544
0.02,1410866
0.02,1407955
0.02,1404049
0.02,1401020
0.02,1395521
0.02,1397510
0.02,1397456
0.02,1392986
0.02,1393565
0.02,1396432
0.02,1401251
0.02,1402596
0.02,1398690
0.02,1389899
0.02,1387109
0.02,1384326
0.02,1381846
0.02,1379979
0.02,1378340
0.02,1376969
0.02,1377081
0.02,1377594
0.02,1380107
0.02,1375246
0.02,1377866
0.02,1375273
0.02,1372955
0.02,1371484
0.02,1370454
0.02,1369446
0.02,1366209
0.02,1365393
0.02,1364816
0.02,1364501
0.02,1364359
0.02,1364294
