0.03, 10343476
0.03, 10144543
0.03, 10131253
0.03, 10129643
0.03, 10102670
0.03, 10102471
0.03, 10050761
0.03, 9998953
0.03, 9978202
0.03, 9972690
0.03, 9965656
0.03, 9915690
0.03, 9898477
0.03, 9862587
0.03, 9858806
0.03, 9652446
0.03, 9595411
0.03, 9567994
0.03, 9567116
0.03, 9564981
0.03, 9557894
0.03, 9553221
0.03, 9396250
0.03, 9236887
0.03, 9105261
0.03, 9082721
0.03, 9082715
0.03, 8859781
0.03, 8855125
0.03, 8831756
0.03, 8688775
0.03, 8602549
0.03, 8372844
0.03, 8345983
0.03, 8262974
0.03, 8209313
0.03, 8058026
0.03, 8004399
0.03, 7938709
0.03, 7913675
0.03, 7907023
0.03, 7820084
0.03, 7786945
0.03, 7703954
0.03, 7593611
0.03, 7593587
0.03, 7495721
0.03, 7358684
0.03, 7355193
0.03, 7245832
0.03, 7215096
0.03, 7197744
0.03, 7132778
0.03, 7126249
0.03, 7124821
0.03, 7008975
0.03, 6933195
0.03, 6897478
0.03, 6715175
0.03, 6706839
0.03, 6700256
0.03, 6587875
0.03, 6529774
0.03, 6490181
0.03, 6481068
0.03, 6464287
0.03, 6374945
0.03, 6325312
0.03, 6247658
0.03, 6245827
0.03, 6244209
0.03, 6217489
0.03, 6217342
0.03, 6216278
0.03, 6167061
0.03, 6107254
0.03, 6086103
0.03, 6085096
0.03, 6083005
0.03, 6078851
0.03, 6034488
0.03, 6025792
0.03, 6018254
0.03, 6007189
0.03, 5904223
0.03, 5894122
0.03, 5878619
0.03, 5872427
0.03, 5860570
0.03, 5759595
0.03, 5748965
0.03, 5738448
0.03, 5734786
0.03, 5704852
0.03, 5644405
0.03, 5644280
0.03, 5574070
0.03, 5551045
0.03, 5528392
0.03, 5453477
0.03, 5320099
0.03, 5301627
0.03, 5297637
0.03, 5252813
0.03, 5234077
0.03, 5233518
0.03, 5225791
0.03, 5159022
0.03, 5140006
0.03, 5082092
0.03, 5077632
0.03, 5060887
0.03, 5054366
0.03, 5053076
0.03, 5022572
0.03, 5020504
0.03, 4933513
0.03, 4887268
0.03, 4838219
0.03, 4833016
0.03, 4829560
0.03, 4785700
0.03, 4722361
0.03, 4670453
0.03, 4668080
0.03, 4655697
0.03, 4653087
0.03, 4594497
0.03, 4573727
0.03, 4552583
0.03, 4533100
0.03, 4532025
0.03, 4493948
0.03, 4488738
0.03, 4468018
0.03, 4431918
0.03, 4415119
0.03, 4389380
0.03, 4375434
0.03, 4375019
0.03, 4346652
0.03, 4297570
0.03, 4292003
0.03, 4288350
0.03, 4286595
0.03, 4263636
0.03, 4238658
0.03, 4231694
0.03, 4185399
0.03, 4163239
0.03, 4154391
0.03, 4139589
0.03, 4138161
0.03, 4092683
0.03, 4072070
0.03, 4070736
0.03, 4014161
0.03, 4013245
0.03, 3905499
0.03, 3905241
0.03, 3834576
0.03, 3830346
0.03, 3822636
0.03, 3748124
0.03, 3718153
0.03, 3718107
0.03, 3701406
0.03, 3674561
0.03, 3673909
0.03, 3579456
0.03, 3572194
0.03, 3568145
0.03, 3565936
0.03, 3551439
0.03, 3550323
0.03, 3546271
0.03, 3519461
0.03, 3492501
0.03, 3486397
0.03, 3482721
0.03, 3481790
0.03, 3479599
0.03, 3436048
0.03, 3426729
0.03, 3381401
0.03, 3374929
0.03, 3370832
0.03, 3364649
0.04, 3346438
0.04, 3346007
0.04, 3345478
0.04, 3337654
0.04, 3336036
0.04, 3333141
0.04, 3308706
0.04, 3292354
0.04, 3284449
0.04, 3274443
0.04, 3273396
0.04, 3245271
0.04, 3244936
0.04, 3243781
0.04, 3227708
0.04, 3215512
0.04, 3201422
0.04, 3200958
0.04, 3197929
0.04, 3196337
0.04, 3170416
0.04, 3137145
0.04, 3132391
0.04, 3119877
0.04, 3119378
0.04, 3102580
0.04, 3097365
0.04, 3085067
0.04, 3059680
0.04, 3051219
0.04, 3014577
0.04, 2984499
0.04, 2981949
0.04, 2894936
0.04, 2894887
0.04, 2890610
0.04, 2881154
0.04, 2871258
0.04, 2867913
0.04, 2833117
0.04, 2832306
0.04, 2828608
0.04, 2763906
0.04, 2759957
0.05, 2758655
0.05, 2691566
0.05, 2690989
0.05, 2683368
0.05, 2672989
0.05, 2664999
0.08, 2662472
0.08, 2655189
0.08, 2651840
0.08, 2646113
0.08, 2639858
0.08, 2629125
0.08, 2628258
0.08, 2614667
0.08, 2610730
0.08, 2603896
0.08, 2603636
0.08, 2602705
0.08, 2584413
0.08, 2560903
0.08, 2559315
0.08, 2554214
0.08, 2548292
0.08, 2545915
0.08, 2537665
0.08, 2527411
0.08, 2521539
0.09, 2517950
0.09, 2494387
0.09, 2464981
0.09, 2464969
0.09, 2464663
0.12, 2461451
0.12, 2423148
0.12, 2421224
0.12, 2417854
0.12, 2417420
0.12, 2415508
0.12, 2412354
0.12, 2408951
0.12, 2405960
0.12, 2404108
0.12, 2396100
0.12, 2389864
0.12, 2385247
0.12, 2383128
0.12, 2379767
0.12, 2376491
0.12, 2357183
0.12, 2340425
0.12, 2335245
0.12, 2323066
0.12, 2317932
0.12, 2311940
0.12, 2310703
0.12, 2309338
0.12, 2292921
0.12, 2292186
0.12, 2289227
0.12, 2276867
0.12, 2265037
0.12, 2246140
0.12, 2245716
0.12, 2241651
0.12, 2237984
0.12, 2228212
0.12, 2227912
0.16, 2216260
0.16, 2208417
0.16, 2206574
0.16, 2193849
0.16, 2193448
0.16, 2192464
0.16, 2192434
0.16, 2190249
0.16, 2190151
0.16, 2184958
0.16, 2161793
0.16, 2152418
0.16, 2152321
0.16, 2130055
0.16, 2121623
0.17, 2118848
0.17, 2101397
0.17, 2065540
0.17, 2065318
0.17, 2060952
0.17, 2028982
0.17, 2027515
0.17, 1953541
0.17, 1952198
0.17, 1908037
0.17, 1903311
0.17, 1898094
0.17, 1898089
0.17, 1873148
0.17, 1855540
0.17, 1854875
0.17, 1843099
0.17, 1842821
0.17, 1841005
0.17, 1839377
0.17, 1832446
0.17, 1824024
0.17, 1822746
0.17, 1822422
0.17, 1821236
0.22, 1814274
0.22, 1812108
0.22, 1807236
0.23, 1805035
0.23, 1802460
0.23, 1800165
0.23, 1795303
0.23, 1789684
0.23, 1788018
0.23, 1783703
0.25, 1781512
0.25, 1773386
0.26, 1752332
0.26, 1750333
0.26, 1747337
0.26, 1741961
0.26, 1735225
0.26, 1735111
0.26, 1733992
0.26, 1729186
0.26, 1729080
0.26, 1717421
0.26, 1714136
0.27, 1711960
0.27, 1710285
0.27, 1708667
0.27, 1701628
0.27, 1697914
0.28, 1682710
0.28, 1682305
0.28, 1680013
0.28, 1671180
0.28, 1671120
0.28, 1638561
0.29, 1632245
0.29, 1631886
0.29, 1630785
0.29, 1628237
0.29, 1616182
0.29, 1615595
0.29, 1610273
0.29, 1608639
0.29, 1605018
0.29, 1604597
0.29, 1604098
0.29, 1600874
0.31, 1597586
0.31, 1594497
0.31, 1594002
0.31, 1591931
0.31, 1589257
0.31, 1588521
0.31, 1587739
0.31, 1585688
0.31, 1584621
0.31, 1583878
0.31, 1578583
0.33, 1566520
0.33, 1555191
0.33, 1555096
0.35, 1552632
0.35, 1551623
0.35, 1549771
0.35, 1546855
0.35, 1537946
0.35, 1536534
0.35, 1531063
0.35, 1530353
0.35, 1530243
0.35, 1528487
0.35, 1517308
0.35, 1514606
0.35, 1513219
0.35, 1508533
0.35, 1507295
0.37, 1504655
0.37, 1503019
0.37, 1500804
0.37, 1500074
0.37, 1495822
0.37, 1493485
0.37, 1488693
0.37, 1487079
0.37, 1482944
0.38, 1476793
0.38, 1475279
0.38, 1474094
0.38, 1472924
0.38, 1472854
0.38, 1472727
0.39, 1471706
0.39, 1464011
0.39, 1460545
0.39, 1460200
0.39, 1453179
0.39, 1452377
0.40, 1448415
0.40, 1447518
0.40, 1445651
0.40, 1445509
0.40, 1427637
0.40, 1418731
0.40, 1415001
0.40, 1414596
0.40, 1413021
0.40, 1398396
0.40, 1393994
0.40, 1391677
0.40, 1384793
0.40, 1382743
0.40, 1377863
0.40, 1377182
0.44, 1372900
0.44, 1369899
0.44, 1365005
0.44, 1364751
0.48, 1361182
0.48, 1337984
0.48, 1332453
0.48, 1322753
0.48, 1322477
0.51, 1320249
0.51, 1316117
0.51, 1313313
0.51, 1305861
0.51, 1305764
0.51, 1304122
0.51, 1295978
0.51, 1295343
0.51, 1291322
0.51, 1291193
0.52, 1287998
0.52, 1280967
0.52, 1280046
0.52, 1276103
0.52, 1273153
0.52, 1271889
0.52, 1271001
0.53, 1267910
0.53, 1257937
0.53, 1257131
0.53, 1250080
0.64, 1249430
0.64, 1248829
0.65, 1241740
0.67, 1239362
0.68, 1239180
0.68, 1235856
0.69, 1231480
0.69, 1230954
0.69, 1230186
0.69, 1228744
0.69, 1225967
0.69, 1223536
0.69, 1223337
0.69, 1222888
0.69, 1221618
0.69, 1221585
0.69, 1220507
0.71, 1219305
0.71, 1216958
0.71, 1216878
0.73, 1216815
0.73, 1216599
0.73, 1210604
0.78, 1209760
0.78, 1209449
0.78, 1208674
0.79, 1207300
0.79, 1202323
0.79, 1200779
0.79, 1200776
0.79, 1200433
0.79, 1199310
0.80, 1199027
0.87, 1198484
0.87, 1198272
0.87, 1197355
0.87, 1196663
0.88, 1195141
0.88, 1194749
0.88, 1194204
0.89, 1193597
0.89, 1191678
0.89, 1190696
0.89, 1189474
0.89, 1188654
0.89, 1188167
0.89, 1187827
0.89, 1186313
0.90, 1186200
0.94, 1185762
0.96, 1183771
1.04, 1183656
1.04, 1183483
1.05, 1183309
1.05, 1182851
1.05, 1182752
1.05, 1181825
1.05, 1181747
1.06, 1181665
1.06, 1181460
1.06, 1180798
1.09, 1180224
1.09, 1179717
1.22, 1179575
1.22, 1178585
1.22, 1177700
1.22, 1177666
1.22, 1177620
1.22, 1177558
1.26, 1177421
1.30, 1176854
1.30, 1176712
1.35, 1176592
1.35, 1176527
1.36, 1176452
1.37, 1176327
1.52, 1176326
1.52, 1176262
1.53, 1176211
5.16, 1176151
