0.00, 10751760
0.00, 10704882
0.00, 10696904
0.00, 10665626
0.00, 10662547
0.00, 10619484
0.00, 10461160
0.00, 10450486
0.00, 10445696
0.00, 10411229
0.00, 10411130
0.00, 10396196
0.00, 10296576
0.00, 10177717
0.00, 10139556
0.00, 9928961
0.00, 9915531
0.00, 9910334
0.00, 9869480
0.00, 9864940
0.00, 9820888
0.00, 9819085
0.00, 9802690
0.00, 9795364
0.00, 9790902
0.00, 9790889
0.00, 9781069
0.00, 9760298
0.00, 9726314
0.00, 9624957
0.00, 9611093
0.00, 9597999
0.00, 9500451
0.00, 9454771
0.00, 9453032
0.00, 9348039
0.00, 9288095
0.00, 9286847
0.00, 9154969
0.00, 9046229
0.00, 8941591
0.00, 8939723
0.00, 8931878
0.01, 8847931
0.01, 8763956
0.01, 8691384
0.01, 8690662
0.01, 8598965
0.01, 8523840
0.01, 8340786
0.01, 8340093
0.01, 8326932
0.01, 8320156
0.01, 8285666
0.01, 8263533
0.01, 8214357
0.01, 8074632
0.01, 7999202
0.01, 7978412
0.01, 7808034
0.01, 7775807
0.01, 7693257
0.01, 7676522
0.01, 7622729
0.01, 7593515
0.01, 7590426
0.01, 7589324
0.01, 7588616
0.01, 7573651
0.01, 7451514
0.01, 7407923
0.01, 7395735
0.01, 7321576
0.01, 7321537
0.01, 7317092
0.01, 7265521
0.01, 7196294
0.01, 7196051
0.01, 7184418
0.01, 7172146
0.01, 7150543
0.01, 7104098
0.01, 7035689
0.01, 7000807
0.01, 6980822
0.01, 6952616
0.01, 6926346
0.01, 6921656
0.01, 6876906
0.01, 6861697
0.01, 6860816
0.01, 6842882
0.01, 6783939
0.01, 6764932
0.01, 6758229
0.01, 6737740
0.01, 6651981
0.01, 6646177
0.01, 6643455
0.01, 6642007
0.01, 6592091
0.01, 6498657
0.01, 6470793
0.01, 6437674
0.01, 6409356
0.01, 6407683
0.01, 6376180
0.01, 6364155
0.01, 6195193
0.01, 6106902
0.01, 6037298
0.01, 6033713
0.01, 5991874
0.01, 5988297
0.01, 5952407
0.01, 5885726
0.01, 5838331
0.01, 5837644
0.01, 5764718
0.01, 5677160
0.01, 5673882
0.01, 5656995
0.01, 5655697
0.01, 5655474
0.01, 5651302
0.01, 5621924
0.01, 5621427
0.01, 5617164
0.01, 5510949
0.01, 5491346
0.01, 5448867
0.01, 5428587
0.01, 5346502
0.01, 5307485
0.01, 5239408
0.01, 5235044
0.01, 5207003
0.01, 5193197
0.01, 5164729
0.01, 5110153
0.01, 4942941
0.01, 4930507
0.01, 4928796
0.01, 4923595
0.01, 4900895
0.01, 4828737
0.01, 4828141
0.01, 4827911
0.01, 4826728
0.01, 4820565
0.01, 4727699
0.01, 4674305
0.01, 4650209
0.01, 4608787
0.01, 4593214
0.01, 4573200
0.01, 4571812
0.01, 4568205
0.01, 4566428
0.01, 4565001
0.01, 4553114
0.01, 4518878
0.01, 4487007
0.01, 4485417
0.01, 4451814
0.01, 4448169
0.01, 4448149
0.01, 4446322
0.01, 4397428
0.01, 4388372
0.01, 4350525
0.01, 4331417
0.01, 4296917
0.01, 4255382
0.01, 4255344
0.01, 4251093
0.01, 4137047
0.01, 4096045
0.01, 4021991
0.01, 3983840
0.01, 3844762
0.01, 3842188
0.01, 3839786
0.01, 3834998
0.01, 3834611
0.01, 3834106
0.01, 3833102
0.01, 3830910
0.01, 3830585
0.01, 3807649
0.01, 3799770
0.01, 3776465
0.01, 3776375
0.01, 3766030
0.01, 3761163
0.01, 3743933
0.01, 3714033
0.01, 3708105
0.01, 3700261
0.01, 3674317
0.01, 3648784
0.01, 3642896
0.01, 3598758
0.01, 3555746
0.01, 3545321
0.01, 3544962
0.01, 3528320
0.01, 3518535
0.01, 3499587
0.01, 3499442
0.01, 3484465
0.01, 3484440
0.01, 3471521
0.01, 3456375
0.02, 3441043
0.02, 3435826
0.02, 3414637
0.02, 3411268
0.02, 3393822
0.02, 3351168
0.02, 3329003
0.02, 3308839
0.02, 3308733
0.02, 3301393
0.02, 3299780
0.02, 3257240
0.02, 3254262
0.02, 3253737
0.02, 3251610
0.02, 3249527
0.02, 3230902
0.02, 3188028
0.02, 3104840
0.02, 3102459
0.02, 3102332
0.02, 3068502
0.02, 3046719
0.02, 3038605
0.02, 3033035
0.02, 3002796
0.02, 2994176
0.02, 2961934
0.02, 2958912
0.02, 2957065
0.02, 2886679
0.03, 2884404
0.03, 2864189
0.03, 2823471
0.03, 2768964
0.03, 2763094
0.03, 2756165
0.03, 2755692
0.03, 2749803
0.03, 2739486
0.03, 2693179
0.03, 2677932
0.03, 2671271
0.03, 2657313
0.03, 2647672
0.03, 2645598
0.03, 2645593
0.03, 2620756
0.03, 2584899
0.08, 2584237
0.08, 2573948
0.08, 2568845
0.08, 2564510
0.08, 2561822
0.08, 2505336
0.08, 2493437
0.08, 2491733
0.08, 2491709
0.08, 2491159
0.08, 2484527
0.08, 2474884
0.08, 2465626
0.08, 2459879
0.08, 2439031
0.08, 2427778
0.08, 2407090
0.08, 2399800
0.08, 2394312
0.08, 2394174
0.08, 2376261
0.08, 2365099
0.08, 2363482
0.08, 2357507
0.08, 2351420
0.09, 2338277
0.09, 2338271
0.09, 2335996
0.10, 2323884
0.10, 2311981
0.10, 2300096
0.10, 2291028
0.10, 2289852
0.10, 2283463
0.10, 2278459
0.10, 2276650
0.10, 2275044
0.11, 2267760
0.11, 2263154
0.12, 2257538
0.12, 2255989
0.12, 2255814
0.12, 2247422
0.12, 2247122
0.12, 2244975
0.12, 2244069
0.12, 2242871
0.12, 2231966
0.12, 2216168
0.12, 2190133
0.12, 2188792
0.12, 2164804
0.12, 2164577
0.12, 2164421
0.12, 2153124
0.12, 2152809
0.12, 2148496
0.12, 2145404
0.16, 2135114
0.16, 2127931
0.16, 2127178
0.16, 2084048
0.16, 2079091
0.16, 2076742
0.16, 2070477
0.16, 2064361
0.16, 2041694
0.16, 2039678
0.16, 2034561
0.16, 2016256
0.16, 1980167
0.16, 1979924
0.16, 1977677
0.16, 1977623
0.16, 1975493
0.16, 1971582
0.16, 1958579
0.16, 1944988
0.16, 1944288
0.16, 1942560
0.16, 1933841
0.16, 1933168
0.16, 1889280
0.17, 1876623
0.17, 1872573
0.17, 1858916
0.17, 1856886
0.17, 1850236
0.22, 1849835
0.22, 1845184
0.22, 1842900
0.22, 1836986
0.22, 1836712
0.22, 1835532
0.22, 1810411
0.22, 1797525
0.22, 1795157
0.25, 1790514
0.25, 1785462
0.25, 1781124
0.25, 1778911
0.25, 1778906
0.25, 1776101
0.25, 1774694
0.25, 1774333
0.25, 1773949
0.25, 1765981
0.25, 1762278
0.25, 1752852
0.25, 1738932
0.25, 1735180
0.25, 1733840
0.25, 1729805
0.25, 1729615
0.25, 1712081
0.25, 1710341
0.25, 1709914
0.25, 1693890
0.27, 1685125
0.27, 1670912
0.27, 1656598
0.28, 1649059
0.28, 1647009
0.28, 1643870
0.28, 1640131
0.28, 1631964
0.28, 1630488
0.28, 1628274
0.28, 1626799
0.28, 1615584
0.28, 1615239
0.28, 1605272
0.28, 1599921
0.28, 1599418
0.30, 1595939
0.30, 1586799
0.30, 1585594
0.31, 1585341
0.31, 1584727
0.31, 1570130
0.31, 1567745
0.31, 1567635
0.31, 1562410
0.31, 1556813
0.31, 1553984
0.34, 1552060
0.34, 1551585
0.34, 1551203
0.34, 1549044
0.34, 1540987
0.34, 1539622
0.34, 1537388
0.34, 1531397
0.34, 1520648
0.34, 1496286
0.34, 1493656
0.36, 1491576
0.36, 1489237
0.36, 1483277
0.36, 1481749
0.36, 1476502
0.37, 1474729
0.37, 1474414
0.38, 1473941
0.38, 1465989
0.39, 1463740
0.39, 1461090
0.39, 1457135
0.39, 1457088
0.39, 1456000
0.39, 1455661
0.39, 1441842
0.39, 1440107
0.39, 1432461
0.39, 1432159
0.39, 1427334
0.39, 1422108
0.39, 1420931
0.39, 1416748
0.41, 1413448
0.41, 1412664
0.41, 1412075
0.41, 1408642
0.41, 1404138
0.43, 1403739
0.43, 1399591
0.43, 1392073
0.43, 1390647
0.43, 1387543
0.43, 1378937
0.43, 1363814
0.43, 1360194
0.43, 1357395
0.43, 1346240
0.43, 1341968
0.43, 1341351
0.43, 1337187
0.43, 1323474
0.43, 1316330
0.43, 1315986
0.43, 1315669
0.43, 1309465
0.43, 1305806
0.44, 1301090
0.50, 1300116
0.50, 1298191
0.50, 1298186
0.50, 1298152
0.50, 1296703
0.50, 1293709
0.50, 1291711
0.50, 1290397
0.51, 1286540
0.52, 1286080
0.52, 1283065
0.52, 1281210
0.52, 1275154
0.52, 1273268
0.52, 1270837
0.54, 1270809
0.54, 1268666
0.54, 1268194
0.54, 1261701
0.54, 1258951
0.54, 1254204
0.54, 1253441
0.54, 1249470
0.54, 1249211
0.54, 1245346
0.60, 1241145
0.62, 1237960
0.62, 1230786
0.63, 1228162
0.63, 1227450
0.63, 1225216
0.63, 1224716
0.63, 1224229
0.63, 1224125
0.63, 1223230
0.63, 1222335
0.63, 1221011
0.65, 1216932
0.65, 1216738
0.65, 1214714
0.66, 1211047
0.66, 1207086
0.71, 1205599
0.71, 1205423
0.71, 1205377
0.73, 1205047
0.77, 1204411
0.80, 1203620
0.80, 1201311
0.80, 1200004
0.80, 1197735
0.80, 1196550
0.80, 1196066
0.80, 1194888
0.80, 1194344
0.80, 1193819
0.80, 1192911
0.84, 1192852
0.84, 1192652
0.87, 1192442
0.87, 1192004
0.88, 1191076
0.89, 1190635
0.89, 1190420
0.89, 1186985
0.89, 1185807
0.89, 1185602
0.89, 1184496
0.97, 1183871
0.99, 1183231
0.99, 1182568
0.99, 1182554
0.99, 1182365
1.00, 1181787
1.00, 1181147
1.00, 1180594
1.00, 1180376
1.01, 1179955
1.09, 1179236
1.09, 1178775
1.10, 1178670
1.10, 1178034
1.17, 1177201
1.23, 1176846
1.23, 1176704
1.23, 1176531
1.30, 1176436
1.33, 1176326
1.42, 1176211
3.41, 1176202
3.46, 1176151
