0.01, 10901473
0.01, 10852216
0.01, 10752627
0.01, 10639899
0.01, 10546926
0.01, 10317547
0.01, 10316882
0.01, 10113490
0.01, 10106110
0.01, 10034703
0.01, 10021012
0.01, 9925292
0.01, 9918960
0.01, 9873573
0.01, 9763094
0.01, 9719744
0.01, 9678040
0.01, 9658468
0.01, 9656810
0.01, 9573853
0.01, 9463820
0.01, 9409930
0.01, 9374084
0.01, 9272037
0.01, 9210400
0.01, 9128756
0.01, 9119430
0.01, 9109956
0.01, 9068622
0.01, 8976871
0.01, 8971736
0.01, 8919460
0.01, 8869724
0.01, 8812275
0.01, 8812175
0.01, 8755236
0.01, 8619011
0.01, 8609283
0.01, 8579885
0.01, 8447332
0.01, 8433038
0.01, 8205951
0.01, 8200426
0.01, 8163723
0.01, 8156989
0.01, 8124142
0.01, 8050185
0.01, 7946571
0.01, 7896492
0.01, 7824328
0.01, 7790908
0.01, 7758579
0.01, 7731500
0.01, 7558845
0.01, 7530428
0.01, 7513815
0.01, 7471262
0.01, 7432807
0.01, 7417472
0.01, 7393918
0.01, 7391152
0.01, 7295900
0.01, 7197522
0.01, 7093277
0.01, 7080047
0.01, 7064423
0.01, 7064333
0.01, 7040351
0.01, 7034262
0.01, 7033775
0.01, 6919269
0.01, 6864863
0.01, 6834590
0.01, 6806544
0.01, 6755903
0.01, 6736506
0.01, 6714100
0.01, 6687138
0.01, 6684082
0.01, 6639927
0.01, 6633475
0.01, 6534482
0.01, 6503391
0.01, 6496738
0.01, 6496404
0.01, 6487104
0.01, 6484506
0.01, 6462271
0.01, 6461783
0.01, 6408545
0.01, 6405289
0.01, 6312605
0.01, 6298489
0.01, 6291663
0.01, 6285842
0.01, 6282622
0.01, 6274794
0.01, 6266224
0.01, 6230500
0.01, 6156642
0.01, 6090886
0.01, 6084305
0.01, 6081725
0.01, 6060220
0.01, 6055813
0.01, 6028593
0.01, 6024129
0.01, 5987459
0.01, 5953271
0.01, 5928718
0.01, 5743639
0.01, 5610501
0.01, 5591486
0.01, 5546012
0.01, 5496799
0.01, 5479151
0.01, 5458660
0.01, 5407054
0.01, 5270315
0.01, 5262044
0.01, 5233946
0.01, 5200957
0.01, 5154570
0.01, 5104520
0.01, 5090396
0.01, 5089334
0.01, 5007567
0.01, 4983879
0.01, 4976265
0.01, 4919062
0.01, 4893472
0.01, 4889517
0.01, 4829777
0.01, 4826199
0.01, 4803268
0.01, 4803038
0.01, 4799140
0.01, 4793475
0.01, 4745273
0.01, 4615794
0.01, 4587745
0.01, 4580509
0.01, 4574980
0.01, 4559493
0.01, 4549736
0.01, 4508604
0.01, 4493503
0.01, 4440053
0.01, 4411836
0.01, 4326526
0.01, 4290702
0.01, 4284911
0.01, 4253476
0.01, 4212161
0.01, 4208201
0.01, 4204084
0.01, 4202855
0.01, 4105237
0.01, 4104498
0.01, 4069403
0.01, 4032528
0.01, 4023896
0.01, 4022969
0.01, 3970560
0.01, 3967504
0.01, 3964549
0.01, 3871780
0.01, 3824941
0.01, 3821484
0.01, 3800552
0.01, 3797382
0.01, 3784219
0.01, 3781913
0.01, 3773555
0.01, 3760050
0.01, 3745826
0.01, 3665757
0.01, 3627034
0.01, 3624183
0.01, 3616894
0.01, 3608543
0.01, 3604416
0.01, 3597881
0.01, 3543705
0.01, 3541779
0.01, 3506713
0.01, 3495900
0.01, 3451702
0.01, 3443644
0.01, 3409427
0.01, 3409386
0.01, 3407837
0.01, 3358149
0.01, 3354748
0.01, 3348921
0.01, 3328442
0.01, 3320209
0.01, 3313581
0.01, 3275575
0.01, 3262091
0.02, 3259636
0.02, 3258676
0.02, 3256235
0.02, 3178585
0.02, 3177212
0.02, 3156525
0.02, 3139311
0.02, 3138513
0.02, 3073861
0.02, 3070987
0.02, 3066005
0.02, 2979722
0.02, 2977984
0.02, 2977779
0.02, 2954992
0.02, 2951427
0.02, 2944451
0.02, 2933520
0.02, 2922810
0.02, 2921503
0.02, 2903848
0.02, 2868076
0.02, 2860713
0.02, 2816728
0.02, 2814542
0.02, 2806945
0.02, 2759208
0.02, 2750561
0.02, 2735166
0.02, 2731684
0.02, 2725351
0.02, 2718118
0.02, 2707664
0.02, 2704833
0.02, 2663921
0.04, 2657231
0.06, 2632967
0.06, 2632552
0.06, 2631872
0.06, 2629586
0.06, 2626316
0.06, 2625627
0.06, 2551361
0.06, 2549592
0.06, 2507687
0.06, 2478082
0.06, 2473217
0.06, 2458227
0.06, 2451290
0.06, 2442417
0.06, 2430369
0.06, 2423770
0.09, 2423516
0.09, 2412750
0.09, 2411393
0.09, 2411073
0.09, 2376707
0.09, 2366368
0.09, 2353985
0.09, 2333060
0.09, 2308391
0.09, 2304373
0.09, 2302036
0.09, 2281642
0.09, 2281212
0.09, 2265299
0.10, 2249989
0.10, 2245057
0.10, 2208947
0.11, 2206594
0.11, 2197400
0.13, 2197371
0.13, 2147755
0.13, 2120515
0.13, 2111486
0.13, 2089740
0.13, 2088320
0.13, 2087346
0.13, 2084017
0.13, 2083431
0.15, 2082670
0.15, 2077954
0.15, 2077910
0.15, 2050524
0.15, 2047577
0.15, 2039343
0.15, 2031418
0.15, 2013998
0.15, 2012706
0.15, 2004170
0.15, 1993934
0.18, 1992444
0.18, 1990615
0.19, 1984555
0.19, 1984304
0.19, 1953295
0.19, 1952660
0.19, 1945996
0.19, 1943127
0.19, 1938558
0.19, 1929479
0.19, 1919772
0.19, 1919206
0.19, 1916230
0.19, 1910573
0.19, 1903255
0.19, 1861777
0.19, 1848075
0.21, 1847970
0.21, 1846445
0.21, 1841994
0.21, 1840136
0.21, 1837930
0.21, 1835386
0.23, 1832766
0.23, 1830516
0.23, 1814194
0.23, 1812189
0.23, 1809580
0.23, 1809453
0.23, 1809406
0.23, 1808744
0.23, 1804854
0.23, 1796838
0.24, 1790806
0.24, 1780211
0.24, 1778520
0.24, 1772920
0.24, 1765724
0.24, 1763926
0.24, 1760761
0.24, 1759351
0.26, 1752404
0.26, 1751517
0.26, 1744368
0.26, 1727163
0.26, 1726585
0.26, 1716017
0.26, 1712201
0.26, 1707238
0.26, 1692177
0.26, 1690518
0.26, 1686053
0.26, 1685945
0.26, 1680965
0.26, 1680342
0.26, 1678941
0.26, 1672432
0.26, 1663132
0.26, 1660161
0.26, 1659555
0.26, 1650235
0.26, 1646942
0.26, 1646825
0.26, 1640511
0.26, 1627404
0.26, 1626029
0.26, 1625680
0.26, 1616439
0.26, 1615871
0.26, 1580203
0.26, 1568662
0.30, 1563421
0.30, 1563132
0.31, 1559706
0.32, 1558879
0.32, 1551264
0.32, 1546429
0.32, 1546153
0.32, 1541786
0.32, 1536264
0.32, 1516542
0.32, 1513375
0.32, 1512873
0.32, 1512862
0.32, 1505415
0.32, 1496503
0.32, 1492410
0.32, 1489984
0.32, 1485364
0.36, 1482878
0.36, 1480479
0.36, 1478747
0.36, 1478585
0.36, 1477106
0.36, 1476032
0.38, 1475645
0.38, 1465273
0.38, 1462505
0.38, 1458133
0.38, 1450739
0.38, 1450456
0.39, 1446319
0.39, 1445125
0.39, 1442736
0.39, 1442290
0.39, 1440948
0.39, 1439763
0.39, 1439099
0.39, 1437408
0.39, 1434257
0.39, 1433648
0.39, 1433250
0.40, 1429417
0.40, 1429409
0.40, 1429073
0.40, 1425465
0.40, 1424260
0.40, 1423812
0.40, 1415541
0.40, 1414987
0.41, 1403162
0.41, 1400365
0.41, 1393902
0.41, 1388777
0.41, 1387012
0.41, 1386569
0.41, 1385949
0.42, 1384953
0.42, 1384318
0.42, 1379716
0.42, 1376907
0.42, 1376063
0.42, 1375980
0.42, 1354780
0.44, 1352520
0.47, 1351832
0.47, 1348290
0.47, 1347898
0.50, 1345910
0.50, 1333064
0.50, 1330774
0.50, 1310345
0.50, 1309061
0.50, 1308942
0.50, 1304918
0.50, 1303626
0.50, 1300962
0.50, 1300546
0.56, 1298405
0.57, 1297147
0.57, 1294529
0.58, 1291824
0.58, 1282570
0.58, 1274179
0.58, 1272534
0.58, 1271101
0.58, 1269412
0.58, 1268301
0.58, 1267736
0.58, 1265194
0.59, 1263937
0.59, 1252202
0.59, 1251236
0.59, 1251193
0.60, 1251077
0.60, 1250924
0.60, 1249198
0.60, 1248386
0.62, 1248051
0.62, 1246981
0.62, 1245879
0.62, 1245639
0.62, 1245226
0.62, 1242306
0.62, 1239102
0.63, 1235497
0.65, 1232521
0.65, 1232486
0.65, 1231829
0.65, 1231646
0.65, 1231310
0.65, 1231279
0.65, 1230514
0.65, 1229755
0.68, 1226665
0.70, 1225651
0.70, 1224169
0.70, 1224076
0.70, 1219656
0.70, 1219450
0.71, 1218889
0.72, 1214939
0.72, 1214156
0.72, 1213887
0.72, 1213667
0.72, 1212933
0.74, 1212705
0.76, 1211921
0.77, 1209385
0.79, 1207119
0.79, 1206874
0.79, 1206483
0.80, 1203807
0.80, 1202900
0.80, 1202090
0.80, 1201914
0.81, 1201299
0.81, 1201247
0.81, 1200809
0.82, 1199443
0.82, 1198632
0.82, 1194761
0.82, 1193919
0.82, 1193494
0.82, 1192996
0.90, 1192736
0.91, 1189812
0.91, 1189514
0.91, 1189211
0.91, 1188973
0.91, 1188803
0.91, 1188506
0.91, 1187744
0.96, 1187616
0.96, 1186748
0.96, 1186262
0.96, 1186090
0.96, 1185270
0.97, 1183585
0.97, 1183549
0.97, 1183442
0.97, 1183262
0.97, 1183120
0.97, 1182997
0.99, 1182739
0.99, 1182116
0.99, 1182052
0.99, 1181469
0.99, 1181073
0.99, 1180028
1.06, 1179563
1.10, 1179561
1.10, 1179495
1.11, 1178915
1.12, 1178664
1.12, 1178589
1.12, 1177760
1.12, 1177262
1.22, 1177016
1.22, 1176965
1.26, 1176913
1.26, 1176708
1.36, 1176614
1.37, 1176588
1.37, 1176412
1.39, 1176356
1.41, 1176151
