0.00,10218537
0.00,10109355
0.00,9874886
0.00,9944344
0.00,9591052
0.00,9033961
0.00,8906975
0.00,8943713
0.00,8610774
0.00,8419961
0.00,8337339
0.00,8187328
0.00,7969399
0.00,7869601
0.00,7542073
0.00,7407177
0.00,7373401
0.00,7125686
0.00,7253588
0.00,6859318
0.00,6860459
0.00,6621166
0.00,6560102
0.00,6439976
0.00,6287909
0.00,6325277
0.00,6233317
0.00,6052477
0.00,6042349
0.00,6025653
0.00,5932173
0.00,5940756
0.00,5843831
0.00,5913515
0.00,5889657
0.00,5842307
0.00,5636005
0.00,5775215
0.00,5766171
0.00,5769902
0.00,5621795
0.00,5735053
0.00,5582891
0.01,5516038
0.01,5445225
0.01,5215768
0.01,5403227
0.01,5328183
0.01,5165257
0.01,5199440
0.01,5165827
0.01,5239451
0.01,5225231
0.01,5138698
0.01,4928848
0.01,4740591
0.01,4607980
0.01,4615854
0.01,4562470
0.01,4325253
0.01,4368256
0.01,4387753
0.01,4324859
0.01,4277076
0.01,4226126
0.01,4230053
0.01,4225098
0.01,4272669
0.01,4243644
0.01,4121025
0.01,4153316
0.01,4149272
0.01,4100502
0.01,3928605
0.01,4020751
0.01,3932748
0.01,3971471
0.01,3961343
0.01,3969926
0.01,3660053
0.01,3648698
0.01,3660542
0.01,3633689
0.01,3546722
0.01,3541789
0.01,3542165
0.01,3355902
0.01,3201936
0.01,3114780
0.01,3170099
0.01,3126707
0.01,3120273
0.01,3039656
0.01,2989042
0.01,2982748
0.01,3042574
0.01,3058658
0.01,3091332
0.01,3169615
0.01,3137494
0.01,3127612
0.01,2892007
0.01,2975820
0.01,2890315
0.01,2889845
0.01,2978532
0.01,3006220
0.01,2995360
0.01,3076611
0.01,3154622
0.01,3059662
0.01,3075153
0.01,3045247
0.01,2962451
0.01,2869311
0.01,2843189
0.01,2788233
0.01,2732542
0.01,2813318
0.01,2798394
0.01,2804794
0.01,2811773
0.01,2795805
0.01,2718572
0.01,2666972
0.01,2691454
0.01,2862906
0.01,2844145
0.01,2758251
0.01,2761419
0.01,2760473
0.01,2771737
0.01,2753993
0.01,2894517
0.01,2889441
0.01,2890131
0.01,2847071
0.01,2832477
0.01,2886210
0.01,2845514
0.01,2820068
0.01,2744288
0.01,2685327
0.01,2650972
0.01,2583843
0.01,2603411
0.01,2653851
0.01,2672581
0.01,2689097
0.01,2655530
0.01,2644044
0.01,2528764
0.01,2539034
0.01,2541108
0.01,2443347
0.01,2420957
0.01,2421630
0.01,2364939
0.01,2448119
0.01,2505860
0.01,2556859
0.01,2498083
0.01,2462948
0.01,2418007
0.01,2364798
0.01,2414244
0.01,2425992
0.01,2345768
0.01,2328313
0.01,2264006
0.01,2377702
0.01,2484362
0.01,2478422
0.01,2467383
0.01,2398976
0.01,2393217
0.01,2221641
0.01,2181929
0.01,2119140
0.01,2075974
0.01,2034875
0.01,2008680
0.01,2021711
0.01,1989179
0.01,2006544
0.01,1996636
0.01,1990095
0.01,1957448
0.01,1942390
0.01,1928228
0.01,1929401
0.01,1909436
0.01,1887210
0.01,1881382
0.01,1861933
0.01,1952321
0.01,1941347
0.01,1907626
0.01,1895423
0.01,1918523
0.01,1784341
0.01,1806635
0.01,1889593
0.01,1809040
0.01,1737095
0.01,1704493
0.01,1691647
0.01,1670093
0.01,1677296
0.01,1674483
0.01,1651316
0.01,1662585
0.01,1635685
0.01,1621130
0.01,1618233
0.01,1616477
0.01,1630167
0.01,1603867
0.01,1576631
0.01,1558594
0.01,1544513
0.01,1526078
0.01,1530910
0.01,1536019
0.01,1512423
0.01,1499619
0.01,1487021
0.01,1495457
0.01,1538303
0.01,1554637
0.01,1546182
0.01,1496021
0.02,1520128
0.02,1539561
0.02,1555059
0.02,1518560
0.02,1501579
0.02,1457535
0.02,1445166
0.02,1435199
0.02,1428610
0.02,1417463
0.02,1411867
0.02,1438107
0.02,1404358
0.02,1395279
0.02,1476431
0.02,1483338
0.02,1545437
0.02,1621601
0.02,1620743
0.02,1664463
0.02,1697879
0.02,1690218
0.02,1662285
0.02,1663000
0.02,1646601
0.02,1599524
0.02,1630401
0.02,1625054
0.02,1629556
0.02,1648771
0.02,1655787
0.02,1678998
0.02,1692274
0.02,1686331
0.02,1586340
0.02,1552170
0.02,1547395
0.02,1505163
0.02,1531295
0.02,1572851
0.02,1567689
0.02,1557218
0.02,1581881
0.02,1563639
0.02,1546175
0.02,1529057
0.02,1552213
0.02,1625397
0.02,1576262
0.02,1580674
0.02,1533414
0.02,1495336
0.02,1454774
0.02,1466024
0.02,1464626
0.02,1474119
0.02,1608544
0.02,1610160
0.02,1642437
0.02,1673239
0.02,1712713
0.02,1688266
0.02,1656126
0.02,1652077
0.02,1635452
0.02,1592663
0.02,1627944
0.02,1620739
0.02,1630906
0.02,1647970
0.02,1672699
0.02,1686673
0.02,1690015
0.02,1682641
0.02,1582202
0.02,1546797
0.02,1552301
0.02,1516175
0.02,1500893
0.02,1560757
0.02,1562397
0.02,1561963
0.02,1575981
0.02,1549396
0.02,1540330
0.02,1519528
0.02,1547311
0.02,1623225
0.02,1569225
0.02,1577077
0.02,1535325
0.02,1415057
0.02,1404877
0.02,1377067
0.02,1383691
0.02,1340879
0.02,1342384
0.02,1354158
0.02,1321973
0.02,1338179
0.02,1329198
0.02,1336840
0.02,1315171
0.02,1328508
0.02,1313935
0.02,1303355
0.02,1302051
0.02,1307448
0.02,1324589
0.02,1310234
0.02,1308652
0.02,1298393
0.02,1293056
0.02,1286141
0.02,1290910
0.02,1291144
0.02,1309037
0.02,1293198
0.02,1281892
0.02,1281409
0.02,1281526
0.02,1274166
0.02,1269519
0.02,1265280
0.02,1268655
0.02,1263845
0.02,1256492
0.02,1252627
0.02,1254725
0.02,1248502
0.02,1245712
0.02,1243004
0.02,1241141
0.02,1238862
0.02,1236896
0.02,1234512
0.02,1241944
0.02,1232063
0.02,1232076
0.02,1231251
0.02,1230101
0.02,1228641
0.02,1233578
0.02,1228469
0.02,1227148
0.02,1227324
0.02,1226192
0.02,1229234
0.02,1229161
0.02,1235789
0.02,1229664
0.02,1225300
0.02,1226564
0.02,1223488
0.02,1222480
0.02,1221674
0.02,1220933
0.02,1220251
0.02,1219769
0.02,1219431
0.02,1238579
0.02,1218659
0.02,1218263
0.02,1217966
0.02,1217756
0.02,1217691
0.02,1217640
