0.00, 9861357
0.00, 9857702
0.00, 9838308
0.00, 9827926
0.00, 9678325
0.00, 9543861
0.00, 9519992
0.00, 9455966
0.00, 9338200
0.00, 9338192
0.00, 9334038
0.00, 9256914
0.00, 9243600
0.00, 9227465
0.00, 9225907
0.00, 9138687
0.00, 9006154
0.00, 9003727
0.00, 8923883
0.00, 8900169
0.00, 8868313
0.00, 8864017
0.00, 8848034
0.00, 8841375
0.00, 8840909
0.00, 8819041
0.00, 8572945
0.00, 8442192
0.00, 8438029
0.00, 8408341
0.00, 8406381
0.00, 8354038
0.00, 8118616
0.00, 8042434
0.00, 8041942
0.00, 7998576
0.00, 7867290
0.00, 7786784
0.00, 7757746
0.00, 7714550
0.00, 7635596
0.00, 7624023
0.00, 7616622
0.00, 7497279
0.00, 7406037
0.00, 7339334
0.00, 7320115
0.00, 7282843
0.00, 7250048
0.00, 7248629
0.00, 7146238
0.00, 7132333
0.00, 7130441
0.00, 7121128
0.00, 7116283
0.00, 7107713
0.00, 7033199
0.00, 6990304
0.00, 6924776
0.00, 6918954
0.00, 6826387
0.00, 6817103
0.00, 6809719
0.00, 6753056
0.00, 6722146
0.01, 6705397
0.01, 6685634
0.01, 6659519
0.01, 6612826
0.01, 6587632
0.01, 6584648
0.01, 6563360
0.01, 6559156
0.01, 6519569
0.01, 6474019
0.01, 6461790
0.01, 6367247
0.01, 6324096
0.01, 6295101
0.01, 6289522
0.01, 6287243
0.01, 6117833
0.01, 6097276
0.01, 6067960
0.01, 6050578
0.01, 6028566
0.01, 5975077
0.01, 5972356
0.01, 5859763
0.01, 5826066
0.01, 5825857
0.01, 5791764
0.01, 5687809
0.01, 5684920
0.01, 5656217
0.01, 5638754
0.01, 5537885
0.01, 5535037
0.01, 5534472
0.01, 5533045
0.01, 5531972
0.01, 5516281
0.01, 5513830
0.01, 5500643
0.01, 5499680
0.01, 5496017
0.01, 5365665
0.01, 5364110
0.01, 5349606
0.01, 5339992
0.01, 5287244
0.01, 5268908
0.01, 5177964
0.01, 5159749
0.01, 5158170
0.01, 5055762
0.01, 5054133
0.01, 4873042
0.01, 4853982
0.01, 4840789
0.01, 4836488
0.01, 4835725
0.01, 4751400
0.01, 4738197
0.01, 4734340
0.01, 4724512
0.01, 4722741
0.01, 4653008
0.01, 4597740
0.01, 4514615
0.01, 4512310
0.01, 4493005
0.01, 4467366
0.01, 4463335
0.01, 4443115
0.01, 4440698
0.01, 4433038
0.01, 4432301
0.01, 4412904
0.01, 4411904
0.01, 4382948
0.01, 4382508
0.01, 4339854
0.01, 4338692
0.01, 4293495
0.01, 4281779
0.01, 4280473
0.01, 4267442
0.01, 4263394
0.01, 4255429
0.01, 4247518
0.01, 4225087
0.01, 4221838
0.01, 4146661
0.01, 4113178
0.01, 4106228
0.01, 4105293
0.01, 4102217
0.01, 4101087
0.01, 4093731
0.01, 4091307
0.01, 4091176
0.01, 4040887
0.01, 4028305
0.01, 3978350
0.01, 3974680
0.01, 3971903
0.01, 3969612
0.01, 3905740
0.01, 3831810
0.01, 3814300
0.01, 3760505
0.01, 3758729
0.01, 3733065
0.01, 3701961
0.01, 3595543
0.01, 3594946
0.01, 3559609
0.01, 3558475
0.01, 3540429
0.01, 3538353
0.01, 3537749
0.01, 3523975
0.01, 3523240
0.01, 3503871
0.01, 3432836
0.01, 3431365
0.01, 3424808
0.01, 3424176
0.01, 3302340
0.01, 3247297
0.01, 3239344
0.01, 3235453
0.01, 3199227
0.01, 3196931
0.01, 3191877
0.01, 3183132
0.01, 3170412
0.01, 3168233
0.01, 3157779
0.01, 3154239
0.01, 3107771
0.01, 3105472
0.01, 3089160
0.01, 3074858
0.01, 3070647
0.01, 3068283
0.01, 3064159
0.01, 3060724
0.01, 3047805
0.01, 3038854
0.01, 3016678
0.01, 3007198
0.01, 2989956
0.01, 2986723
0.01, 2975241
0.01, 2971256
0.01, 2908439
0.01, 2895069
0.01, 2890113
0.01, 2888686
0.01, 2881249
0.01, 2872489
0.01, 2869757
0.01, 2843454
0.01, 2834672
0.01, 2834145
0.02, 2832865
0.02, 2815375
0.02, 2811315
0.02, 2771522
0.02, 2756223
0.02, 2751897
0.02, 2749938
0.02, 2744846
0.02, 2740024
0.02, 2709460
0.04, 2704075
0.04, 2701808
0.04, 2689998
0.04, 2689843
0.04, 2687666
0.04, 2679680
0.04, 2677601
0.04, 2673275
0.04, 2672788
0.04, 2662248
0.04, 2631323
0.04, 2624514
0.04, 2618839
0.04, 2614862
0.04, 2608329
0.06, 2603599
0.06, 2576200
0.06, 2575402
0.06, 2569673
0.06, 2558684
0.06, 2558629
0.06, 2534250
0.06, 2533801
0.08, 2513850
0.08, 2489409
0.08, 2474328
0.08, 2457860
0.08, 2455290
0.11, 2454066
0.11, 2437046
0.11, 2427692
0.11, 2426445
0.11, 2423049
0.11, 2407257
0.11, 2406298
0.11, 2405894
0.11, 2404118
0.11, 2389826
0.11, 2384169
0.11, 2373083
0.11, 2365149
0.12, 2364183
0.12, 2362106
0.12, 2357747
0.12, 2326513
0.12, 2321320
0.12, 2318612
0.12, 2316497
0.12, 2312265
0.12, 2311588
0.12, 2307172
0.12, 2304013
0.12, 2298551
0.12, 2285714
0.12, 2282570
0.12, 2279739
0.12, 2273160
0.12, 2268038
0.12, 2265949
0.12, 2228653
0.13, 2225831
0.13, 2225260
0.13, 2225134
0.13, 2223795
0.13, 2221832
0.13, 2218178
0.13, 2216271
0.13, 2209797
0.13, 2205140
0.13, 2205081
0.13, 2161346
0.13, 2153561
0.14, 2138712
0.16, 2121257
0.17, 2102221
0.17, 2095450
0.18, 2094646
0.18, 2094536
0.18, 2088567
0.18, 2087529
0.18, 2084720
0.18, 2070605
0.19, 2065258
0.19, 2058301
0.19, 2056695
0.19, 2052960
0.19, 2051834
0.19, 2046088
0.19, 2025898
0.19, 2020179
0.19, 1996178
0.19, 1991988
0.19, 1990033
0.19, 1973590
0.19, 1972907
0.19, 1972868
0.19, 1964543
0.19, 1946518
0.19, 1943592
0.19, 1941412
0.19, 1936524
0.19, 1934826
0.19, 1925416
0.19, 1922320
0.19, 1921499
0.19, 1916792
0.19, 1916635
0.19, 1916312
0.19, 1908592
0.19, 1902956
0.19, 1890357
0.19, 1890318
0.19, 1876645
0.19, 1869263
0.19, 1863696
0.19, 1863488
0.19, 1853723
0.19, 1843001
0.19, 1837851
0.19, 1794628
0.19, 1793589
0.19, 1793585
0.19, 1792925
0.19, 1789074
0.19, 1783977
0.19, 1781531
0.19, 1781237
0.19, 1775198
0.20, 1775034
0.20, 1770834
0.20, 1764315
0.24, 1757756
0.24, 1757661
0.24, 1757606
0.24, 1756997
0.24, 1755877
0.24, 1754917
0.24, 1753094
0.24, 1746646
0.24, 1740363
0.24, 1736080
0.24, 1732215
0.24, 1727646
0.24, 1725952
0.24, 1720162
0.24, 1718814
0.24, 1711119
0.25, 1706170
0.25, 1702606
0.25, 1700924
0.25, 1700782
0.25, 1692518
0.25, 1691131
0.25, 1687503
0.25, 1677601
0.25, 1670965
0.25, 1669426
0.25, 1667200
0.28, 1665328
0.28, 1665195
0.28, 1664087
0.28, 1639466
0.28, 1635851
0.28, 1635317
0.28, 1620949
0.28, 1620934
0.28, 1620789
0.28, 1612151
0.32, 1611442
0.32, 1596254
0.32, 1593751
0.32, 1591794
0.32, 1589156
0.33, 1587810
0.33, 1583858
0.33, 1582182
0.33, 1576231
0.33, 1569524
0.33, 1568084
0.33, 1568075
0.33, 1534773
0.33, 1526433
0.33, 1524972
0.33, 1523535
0.33, 1519002
0.33, 1516683
0.33, 1514565
0.33, 1511629
0.33, 1511076
0.33, 1510234
0.33, 1507060
0.33, 1506818
0.33, 1500835
0.33, 1489384
0.38, 1489267
0.38, 1484397
0.38, 1484340
0.38, 1484254
0.38, 1480429
0.38, 1480362
0.38, 1479312
0.38, 1469313
0.38, 1468197
0.38, 1466527
0.38, 1460962
0.38, 1460714
0.38, 1456232
0.38, 1446388
0.38, 1437180
0.38, 1433845
0.38, 1422227
0.38, 1420424
0.38, 1419025
0.38, 1417945
0.38, 1415176
0.38, 1396347
0.38, 1394057
0.38, 1382722
0.38, 1380498
0.38, 1379807
0.38, 1376848
0.38, 1376372
0.38, 1376286
0.45, 1373023
0.45, 1372458
0.46, 1368008
0.46, 1361894
0.46, 1354685
0.46, 1354553
0.46, 1350718
0.46, 1350658
0.46, 1350425
0.46, 1345133
0.46, 1345053
0.46, 1343330
0.46, 1341603
0.46, 1340482
0.46, 1339025
0.46, 1337335
0.47, 1336838
0.47, 1322170
0.47, 1318700
0.51, 1313980
0.51, 1313036
0.51, 1310306
0.51, 1309341
0.51, 1306754
0.51, 1303309
0.51, 1302554
0.51, 1300187
0.51, 1299914
0.51, 1295221
0.53, 1293910
0.53, 1292732
0.53, 1290781
0.53, 1288720
0.56, 1287616
0.57, 1285167
0.58, 1284347
0.58, 1280681
0.58, 1276269
0.58, 1275876
0.58, 1273798
0.58, 1271235
0.58, 1268445
0.58, 1262501
0.58, 1259953
0.58, 1256718
0.58, 1255592
0.58, 1250129
0.58, 1250066
0.59, 1247330
0.59, 1246838
0.59, 1244551
0.59, 1243822
0.59, 1240743
0.59, 1239616
0.59, 1238882
0.59, 1237987
0.59, 1234344
0.59, 1233378
0.59, 1230029
0.66, 1229166
0.66, 1224312
0.66, 1222801
0.66, 1222437
0.66, 1220613
0.66, 1220119
0.66, 1219796
0.66, 1219661
0.70, 1218692
0.71, 1214036
0.71, 1212529
0.74, 1211641
0.74, 1211286
0.74, 1211243
0.76, 1210153
0.76, 1209288
0.76, 1208950
0.76, 1207333
0.76, 1206610
0.76, 1206148
0.76, 1206100
0.79, 1206062
0.79, 1205742
0.79, 1205160
0.79, 1205059
0.79, 1204507
0.80, 1201087
0.80, 1200118
0.80, 1199763
0.80, 1199510
0.80, 1199110
0.82, 1198045
0.82, 1195883
0.88, 1195468
0.91, 1193753
0.91, 1193530
0.91, 1190431
0.91, 1190255
0.91, 1189449
0.91, 1189128
0.91, 1188962
0.91, 1184746
0.91, 1184302
0.91, 1183876
0.91, 1183534
0.92, 1182989
1.04, 1182979
1.04, 1182464
1.04, 1182373
1.04, 1182231
1.04, 1182115
1.05, 1182033
1.05, 1181376
1.05, 1180757
1.05, 1180716
1.05, 1180634
1.05, 1180459
1.05, 1180385
1.06, 1179749
1.12, 1179524
1.12, 1179370
1.12, 1178973
1.12, 1178374
1.20, 1178001
1.20, 1176895
1.20, 1176883
1.21, 1176678
1.30, 1176327
1.39, 1176276
1.40, 1176262
1.43, 1176211
5.36, 1176151
