0.00,9787408
0.00,9277660
0.00,9240990
0.00,9074936
0.00,8694600
0.00,8343682
0.00,8188953
0.00,8192063
0.00,8234102
0.00,7990051
0.00,7891291
0.00,7621090
0.00,7398385
0.00,7296561
0.00,7303739
0.00,7042808
0.00,6721803
0.00,6712310
0.00,6700241
0.00,6714914
0.00,6695777
0.00,6714284
0.00,6519804
0.00,6541164
0.00,6529341
0.00,6247402
0.00,6188220
0.00,5897061
0.00,5898059
0.00,5794982
0.00,5518230
0.00,5375045
0.00,5330677
0.00,5397738
0.00,5379639
0.00,5356553
0.00,5371768
0.00,5081654
0.01,5141215
0.01,5250147
0.01,5166157
0.01,5145151
0.01,5122081
0.01,4955686
0.01,4991798
0.01,4969296
0.01,5035923
0.01,4949225
0.01,4897137
0.01,4800081
0.01,4791588
0.01,4619840
0.01,4471923
0.01,4327533
0.01,4311976
0.01,4385108
0.01,4203161
0.01,4241695
0.01,4176915
0.01,4030076
0.01,3930843
0.01,3998223
0.01,4047473
0.01,3961112
0.01,3863429
0.01,3850153
0.01,3824180
0.01,3875956
0.01,4001267
0.01,4020601
0.01,4084160
0.01,4086313
0.01,4119086
0.01,4107645
0.01,4003874
0.01,4071597
0.01,4065201
0.01,3968576
0.01,3944645
0.01,3995949
0.01,3950356
0.01,4009133
0.01,3953417
0.01,3847126
0.01,3937306
0.01,3820201
0.01,3869436
0.01,3880348
0.01,3933260
0.01,3931146
0.01,3899745
0.01,3913619
0.01,3879607
0.01,3910718
0.01,4017314
0.01,4030194
0.01,4001325
0.01,3825373
0.01,3807079
0.01,3757762
0.01,3777379
0.01,3766093
0.01,3860229
0.01,3879031
0.01,3841050
0.01,3896687
0.01,3910908
0.01,3936680
0.01,3927014
0.01,3825150
0.01,3822697
0.01,3763984
0.01,3787568
0.01,3812936
0.01,3813937
0.01,3891383
0.01,3804746
0.01,3803218
0.01,3811637
0.01,3887945
0.01,3856112
0.01,3844954
0.01,3896328
0.01,3779403
0.01,3813357
0.01,3629878
0.01,3502533
0.01,3459637
0.01,3484062
0.01,3419936
0.01,3426120
0.01,3409545
0.01,3497095
0.01,3638722
0.01,3629999
0.01,3520431
0.01,3508095
0.01,3585772
0.01,3581856
0.01,3595449
0.01,3546474
0.01,3442340
0.01,3418624
0.01,3407285
0.01,3492112
0.01,3567065
0.01,3603023
0.01,3744204
0.01,3702177
0.01,3670221
0.01,3646824
0.01,3466944
0.01,3466081
0.01,3478164
0.01,3472578
0.01,3353503
0.01,3473550
0.01,3461371
0.01,3465760
0.01,3514075
0.01,3523566
0.01,3482695
0.01,3516532
0.01,3459640
0.01,3393530
0.01,3477028
0.01,3570252
0.01,3562678
0.01,3543909
0.01,3541093
0.01,3487410
0.01,3493604
0.01,3577135
0.01,3496055
0.01,3498797
0.01,3380946
0.01,3371150
0.01,3305429
0.01,3313165
0.01,3209862
0.01,3227808
0.01,3168528
0.01,3222926
0.01,3223571
0.01,3207767
0.01,3235436
0.01,3169163
0.01,3182347
0.01,3170820
0.01,3169775
0.01,3168499
0.01,3186715
0.01,3117934
0.01,3135696
0.01,3166726
0.01,3138295
0.01,3166276
0.01,3140785
0.01,3138710
0.01,3149781
0.01,3138875
0.01,3090261
0.01,2945603
0.01,2880867
0.01,2868694
0.01,2865114
0.01,2846379
0.01,2803125
0.01,2774599
0.01,2734333
0.01,2669576
0.01,2605647
0.01,2552934
0.01,2624475
0.01,2619230
0.01,2575798
0.01,2532135
0.01,2529783
0.01,2450690
0.01,2432474
0.01,2390488
0.01,2402939
0.01,2552882
0.01,2556033
0.01,2526949
0.01,2529971
0.01,2560663
0.01,2560502
0.01,2473339
0.01,2416794
0.02,2402093
0.02,2482324
0.02,2452371
0.02,2431323
0.02,2460105
0.02,2436076
0.02,2425287
0.02,2342593
0.02,2303632
0.02,2335072
0.02,2349878
0.02,2326954
0.02,2317502
0.02,2260473
0.02,2274023
0.02,2277527
0.02,2211104
0.02,2174109
0.02,2242326
0.02,2273943
0.02,2267003
0.02,2230235
0.02,2202905
0.02,2282308
0.02,2294616
0.02,2262890
0.02,2142246
0.02,2220173
0.02,2289110
0.02,2305702
0.02,2284222
0.02,2278232
0.02,2333714
0.02,2326764
0.02,2309255
0.02,2196822
0.02,2226088
0.02,2219728
0.02,2185197
0.02,2196746
0.02,2239521
0.02,2178244
0.02,2159198
0.02,2187985
0.02,2110027
0.02,2106082
0.02,2065259
0.02,2052531
0.02,2063374
0.02,2088827
0.02,2087643
0.02,2024881
0.02,2009070
0.02,1985542
0.02,2011476
0.02,2028564
0.02,2035317
0.02,1996662
0.02,1960873
0.02,1961391
0.02,1939801
0.02,1923044
0.02,1899970
0.02,1878067
0.02,1857459
0.02,1839942
0.02,1821168
0.02,1810458
0.02,1797580
0.02,1804411
0.02,1791088
0.02,1744154
0.02,1717704
0.02,1699322
0.02,1682091
0.02,1665903
0.02,1647938
0.02,1626614
0.02,1642064
0.02,1724226
0.02,1701352
0.02,1754430
0.02,1733684
0.02,1685911
0.02,1648292
0.02,1591076
0.02,1644579
0.02,1676869
0.02,1671854
0.02,1699823
0.02,1720022
0.02,1737563
0.02,1810294
0.02,1743152
0.02,1747350
0.02,1720478
0.02,1675612
0.02,1641758
0.02,1582933
0.02,1603913
0.02,1700208
0.02,1700032
0.02,1701394
0.02,1744141
0.02,1718795
0.02,1717724
0.02,1691876
0.02,1709618
0.02,1807744
0.02,1752696
0.02,1762042
0.02,1702597
0.02,1656020
0.02,1624973
0.02,1557470
0.02,1537366
0.02,1561603
0.02,1547203
0.02,1550026
0.02,1520143
0.02,1507072
0.02,1491082
0.02,1478832
0.02,1466878
0.02,1466234
0.02,1472116
0.02,1454422
0.02,1445024
0.02,1434395
0.02,1424982
0.02,1417929
0.02,1409511
0.02,1401800
0.02,1411059
0.02,1394544
0.02,1383201
0.02,1370290
0.02,1362357
0.02,1362217
0.02,1364003
0.02,1367205
0.02,1379758
0.02,1364215
0.02,1361471
0.02,1363412
0.02,1368435
0.02,1357445
0.02,1357641
0.02,1356719
0.02,1351164
0.02,1346248
0.02,1341361
0.02,1352140
0.02,1336899
0.02,1336857
0.02,1341312
0.02,1349954
0.02,1343679
0.02,1339412
0.02,1337353
0.02,1332392
0.02,1328456
0.02,1324591
0.02,1323413
0.02,1322901
0.02,1321888
0.02,1318605
0.02,1317908
0.02,1314643
0.02,1395394
0.02,1493323
0.02,1497132
0.02,1524514
0.02,1543853
0.02,1540602
0.02,1535130
0.02,1503018
0.02,1507758
0.02,1436306
0.02,1382282
0.02,1389297
0.02,1390366
0.02,1422833
0.02,1443745
0.02,1397649
0.02,1326009
0.02,1363104
0.02,1443376
0.02,1495030
0.02,1518081
0.02,1512645
0.02,1481725
0.02,1473373
0.02,1460707
0.02,1477427
0.02,1539153
0.02,1493096
0.02,1505898
0.02,1460117
0.02,1457471
0.02,1397302
0.02,1336257
0.02,1350888
0.02,1369324
0.02,1373148
0.02,1391414
0.02,1365118
0.02,1366267
0.02,1328194
0.02,1322364
0.02,1309688
0.02,1306397
0.02,1292498
0.02,1296946
0.02,1299259
0.02,1289067
0.02,1290888
0.02,1287906
0.02,1285063
0.02,1342230
0.02,1279948
0.02,1272195
0.02,1266343
0.02,1266220
0.02,1263866
0.02,1299387
0.02,1260460
0.02,1255239
0.02,1252784
0.02,1250905
0.02,1257813
0.02,1247334
0.02,1245533
0.02,1243389
0.02,1241699
0.02,1240361
0.02,1239129
0.02,1238064
0.02,1243001
0.02,1237892
0.02,1236571
0.02,1235674
0.02,1236725
0.02,1235200
0.02,1234803
0.02,1234460
0.02,1253608
0.02,1233688
0.02,1233292
