0.00, 10057767
0.00, 10055358
0.00, 10050012
0.00, 10030797
0.00, 9879295
0.00, 9766929
0.00, 9654174
0.00, 9591770
0.00, 9424661
0.00, 9411163
0.00, 9305634
0.00, 9294252
0.00, 9293858
0.00, 9084341
0.00, 9079259
0.00, 9014159
0.00, 8973143
0.00, 8972619
0.00, 8937257
0.00, 8867420
0.00, 8863511
0.00, 8790565
0.00, 8738171
0.00, 8695796
0.00, 8695737
0.00, 8566376
0.00, 8551433
0.00, 8480318
0.00, 8473357
0.00, 8437970
0.00, 8437177
0.00, 8430083
0.00, 8356365
0.00, 8261070
0.00, 8255054
0.00, 8231177
0.00, 8222498
0.00, 8155079
0.00, 8144697
0.00, 8079943
0.00, 8074654
0.00, 8070949
0.00, 8034563
0.00, 7965225
0.00, 7956490
0.00, 7868664
0.00, 7771252
0.00, 7681026
0.00, 7601326
0.00, 7587506
0.00, 7490155
0.00, 7316871
0.00, 7208064
0.00, 7037869
0.00, 6999606
0.00, 6953513
0.00, 6897075
0.00, 6876253
0.00, 6874200
0.00, 6736949
0.00, 6734194
0.00, 6732991
0.00, 6707501
0.00, 6705110
0.00, 6683785
0.00, 6579155
0.00, 6577173
0.00, 6577134
0.00, 6574467
0.00, 6573379
0.00, 6566985
0.00, 6537309
0.00, 6467506
0.00, 6442921
0.00, 6374601
0.00, 6358136
0.00, 6353575
0.00, 6350011
0.00, 6329049
0.01, 6318090
0.01, 6303225
0.01, 6303176
0.01, 6299363
0.01, 6275305
0.01, 6152823
0.01, 6140778
0.01, 6104036
0.01, 6090219
0.01, 6051902
0.01, 6051308
0.01, 6031147
0.01, 6007437
0.01, 5999775
0.01, 5989106
0.01, 5936546
0.01, 5910171
0.01, 5887670
0.01, 5839575
0.01, 5830023
0.01, 5822909
0.01, 5811333
0.01, 5768927
0.01, 5768892
0.01, 5763493
0.01, 5760001
0.01, 5715829
0.01, 5587788
0.01, 5528258
0.01, 5483329
0.01, 5480815
0.01, 5416789
0.01, 5369432
0.01, 5350118
0.01, 5348901
0.01, 5345562
0.01, 5334255
0.01, 5276359
0.01, 5275398
0.01, 5274206
0.01, 5272373
0.01, 5187478
0.01, 5163764
0.01, 5162813
0.01, 5153107
0.01, 5133716
0.01, 5129086
0.01, 5126218
0.01, 5108873
0.01, 5095180
0.01, 5089755
0.01, 5066236
0.01, 4996834
0.01, 4924951
0.01, 4849009
0.01, 4791491
0.01, 4790060
0.01, 4730867
0.01, 4674575
0.01, 4576958
0.01, 4576471
0.01, 4575899
0.01, 4554138
0.01, 4534208
0.01, 4529639
0.01, 4511282
0.01, 4486101
0.01, 4478856
0.01, 4470951
0.01, 4469682
0.01, 4446636
0.01, 4444567
0.01, 4442073
0.01, 4425607
0.01, 4413112
0.01, 4389653
0.01, 4386574
0.01, 4383037
0.01, 4375501
0.01, 4323705
0.01, 4302454
0.01, 4252597
0.01, 4252204
0.01, 4250961
0.01, 4218743
0.01, 4218316
0.01, 4216919
0.01, 4196888
0.01, 4160060
0.01, 4158955
0.01, 4157077
0.01, 4154877
0.01, 4146007
0.01, 4128621
0.01, 4051350
0.01, 4047769
0.01, 4024697
0.01, 3963134
0.01, 3943497
0.01, 3924308
0.01, 3917902
0.01, 3889327
0.01, 3870849
0.01, 3783006
0.01, 3782953
0.01, 3782081
0.01, 3762715
0.01, 3749560
0.01, 3712910
0.01, 3659731
0.01, 3648634
0.01, 3638075
0.01, 3630141
0.01, 3628416
0.01, 3624652
0.01, 3602460
0.01, 3573645
0.01, 3564385
0.01, 3556962
0.01, 3550038
0.01, 3543415
0.01, 3483194
0.01, 3406998
0.01, 3400667
0.01, 3360135
0.01, 3349498
0.01, 3346745
0.01, 3337088
0.01, 3320798
0.01, 3291763
0.01, 3290938
0.01, 3263464
0.01, 3262008
0.01, 3225679
0.02, 3224292
0.02, 3222169
0.02, 3207210
0.02, 3188684
0.02, 3166825
0.02, 3156162
0.02, 3153988
0.02, 3125793
0.02, 3118276
0.02, 3111292
0.02, 3103348
0.02, 3103140
0.02, 3094479
0.02, 3093883
0.02, 3071917
0.02, 3068079
0.02, 3064033
0.02, 3020926
0.02, 3020128
0.02, 2992186
0.02, 2991474
0.02, 2983835
0.02, 2983056
0.02, 2974773
0.02, 2845046
0.02, 2841971
0.02, 2830096
0.02, 2825858
0.02, 2800482
0.02, 2800367
0.02, 2774449
0.02, 2773918
0.02, 2773631
0.02, 2768063
0.02, 2766543
0.02, 2765245
0.02, 2731203
0.02, 2726477
0.02, 2670810
0.02, 2659859
0.02, 2575739
0.02, 2575205
0.02, 2566936
0.02, 2558213
0.02, 2557522
0.02, 2554668
0.02, 2541994
0.02, 2515786
0.02, 2508574
0.02, 2505971
0.03, 2483905
0.09, 2479776
0.09, 2478715
0.09, 2478325
0.09, 2475607
0.09, 2470430
0.09, 2432139
0.09, 2419930
0.09, 2388716
0.09, 2360656
0.09, 2355544
0.09, 2310417
0.09, 2302604
0.09, 2294928
0.09, 2255604
0.09, 2250382
0.09, 2221347
0.09, 2211501
0.09, 2174472
0.09, 2147078
0.09, 2146188
0.09, 2144332
0.09, 2133754
0.09, 2126077
0.09, 2097123
0.09, 2095204
0.09, 2075848
0.09, 2075168
0.09, 2075141
0.09, 2070774
0.09, 2030062
0.16, 2017345
0.16, 2016975
0.16, 2003819
0.16, 2002390
0.16, 1996650
0.18, 1996322
0.19, 1970778
0.19, 1966070
0.19, 1965804
0.19, 1960887
0.19, 1960460
0.19, 1948460
0.19, 1947234
0.19, 1945182
0.19, 1938435
0.19, 1933160
0.19, 1932259
0.19, 1932159
0.19, 1916164
0.19, 1915661
0.19, 1904071
0.19, 1893748
0.21, 1889422
0.21, 1882628
0.21, 1882410
0.21, 1879095
0.21, 1876692
0.21, 1867320
0.21, 1865616
0.21, 1865292
0.21, 1865238
0.21, 1849343
0.21, 1843804
0.21, 1835313
0.23, 1828446
0.23, 1826891
0.23, 1824879
0.24, 1814411
0.24, 1807746
0.24, 1805797
0.24, 1785071
0.24, 1781565
0.25, 1770803
0.25, 1762543
0.25, 1762305
0.25, 1759760
0.25, 1750239
0.25, 1741849
0.25, 1736252
0.25, 1723754
0.26, 1710501
0.26, 1703795
0.26, 1699726
0.26, 1691001
0.26, 1690960
0.26, 1682500
0.26, 1680916
0.26, 1678120
0.26, 1678102
0.26, 1677133
0.26, 1676057
0.28, 1629456
0.28, 1628772
0.28, 1623348
0.28, 1589581
0.28, 1583662
0.28, 1582167
0.28, 1577581
0.28, 1575088
0.28, 1572792
0.29, 1571985
0.32, 1571620
0.32, 1567800
0.32, 1566041
0.32, 1565863
0.32, 1565570
0.32, 1564394
0.32, 1523647
0.32, 1523029
0.32, 1522452
0.32, 1521345
0.32, 1508835
0.32, 1506305
0.32, 1505599
0.32, 1501362
0.32, 1500606
0.33, 1497119
0.39, 1487126
0.39, 1482117
0.39, 1481770
0.39, 1474482
0.39, 1472724
0.39, 1468652
0.39, 1454906
0.39, 1453830
0.39, 1449615
0.39, 1441797
0.39, 1437382
0.39, 1426945
0.41, 1426026
0.41, 1422190
0.43, 1417460
0.43, 1417407
0.43, 1415266
0.43, 1414826
0.43, 1409559
0.43, 1399764
0.43, 1387991
0.45, 1384800
0.45, 1379080
0.45, 1378722
0.45, 1364839
0.45, 1363870
0.45, 1361398
0.45, 1361296
0.45, 1359215
0.45, 1354835
0.46, 1352633
0.46, 1352512
0.46, 1350254
0.48, 1346992
0.48, 1346989
0.48, 1345414
0.48, 1345301
0.48, 1342703
0.48, 1341186
0.48, 1337865
0.49, 1333855
0.49, 1331005
0.49, 1328891
0.49, 1328831
0.49, 1320860
0.49, 1320319
0.50, 1310040
0.50, 1306546
0.50, 1301414
0.50, 1297428
0.50, 1290130
0.50, 1288976
0.50, 1287286
0.50, 1282067
0.50, 1274776
0.50, 1274408
0.50, 1270541
0.50, 1270530
0.50, 1268384
0.50, 1257243
0.50, 1256303
0.57, 1251134
0.57, 1250670
0.57, 1250059
0.57, 1249435
0.57, 1243282
0.57, 1242797
0.57, 1242000
0.57, 1239200
0.57, 1236851
0.57, 1235776
0.57, 1235478
0.57, 1234776
0.57, 1232765
0.64, 1228564
0.64, 1228158
0.67, 1227437
0.70, 1225883
0.72, 1222727
0.72, 1220298
0.72, 1218060
0.72, 1216171
0.72, 1215361
0.72, 1214836
0.72, 1214030
0.72, 1212809
0.72, 1208367
0.72, 1207667
0.78, 1207107
0.78, 1205299
0.78, 1205078
0.78, 1202096
0.79, 1200481
0.79, 1199259
0.79, 1198848
0.79, 1198717
0.79, 1198299
0.85, 1197822
0.85, 1195571
0.85, 1195449
0.85, 1195239
0.85, 1193414
0.85, 1191304
0.85, 1191194
0.85, 1189267
0.85, 1189005
0.85, 1188960
0.86, 1188821
0.92, 1187482
0.92, 1187317
0.92, 1187240
0.92, 1187083
0.92, 1184248
0.92, 1183021
0.95, 1182952
0.95, 1182599
0.95, 1182568
0.95, 1182426
0.95, 1182322
1.02, 1181983
1.02, 1181347
1.02, 1180849
1.02, 1180784
1.02, 1180575
1.02, 1180204
1.06, 1180102
1.06, 1179927
1.06, 1179726
1.07, 1179491
1.07, 1179480
1.07, 1178795
1.11, 1178001
1.11, 1177994
1.11, 1177929
1.11, 1177819
1.12, 1176784
1.28, 1176733
1.29, 1176591
1.29, 1176337
1.29, 1176272
3.41, 1176151
