0.00,11103789
0.00,10717541
0.00,10430337
0.00,10249146
0.00,9992493
0.00,9670793
0.00,9518370
0.00,9508702
0.00,9407631
0.00,9031113
0.00,8589791
0.00,8247618
0.00,8246553
0.00,8106026
0.00,7911158
0.00,7915098
0.00,7670222
0.00,7345840
0.00,7348247
0.00,6978316
0.00,6960030
0.00,6832154
0.00,6639215
0.00,6454704
0.00,6449180
0.00,6240436
0.00,6199416
0.00,6176971
0.00,6066547
0.01,6087492
0.01,6075349
0.01,5803696
0.01,5754795
0.01,5566014
0.01,5384020
0.01,5297705
0.01,5382350
0.01,5437025
0.01,5429007
0.01,5428220
0.01,5189062
0.01,5213275
0.01,5228494
0.01,4983997
0.01,5128747
0.01,5116838
0.01,4966393
0.01,4853591
0.01,4723641
0.01,4603704
0.01,4702663
0.01,4684805
0.01,4598403
0.01,4716945
0.01,4681042
0.01,4797116
0.01,4442349
0.01,4169609
0.01,4175898
0.01,4262126
0.01,4159301
0.01,4269097
0.01,4254480
0.01,4249027
0.01,4259509
0.01,4257835
0.01,4143396
0.01,4046460
0.01,4070274
0.01,4022446
0.01,3943523
0.01,3841423
0.01,3773610
0.01,3762971
0.01,3677865
0.01,3608963
0.01,3438095
0.01,3463248
0.01,3446830
0.01,3463762
0.01,3551784
0.01,3541231
0.01,3398335
0.01,3484970
0.01,3492399
0.01,3588903
0.01,3592135
0.01,3585282
0.01,3599413
0.01,3614145
0.01,3572113
0.01,3508499
0.01,3497331
0.01,3529916
0.01,3437189
0.01,3428109
0.01,3459363
0.01,3467943
0.01,3333719
0.01,3333346
0.01,3318009
0.01,3333343
0.01,3319361
0.01,3205079
0.01,3136323
0.01,3181154
0.01,3225156
0.01,3206299
0.01,3147190
0.01,3155403
0.01,3166291
0.01,3116917
0.01,3011074
0.01,2991843
0.01,2997690
0.01,3008851
0.01,3013640
0.01,3046335
0.01,3022277
0.01,3069933
0.01,3068418
0.01,3146759
0.01,3152024
0.01,3137048
0.01,3116296
0.01,3160799
0.01,3189412
0.01,3147273
0.01,3116765
0.01,3051800
0.01,2953278
0.01,3034809
0.01,3013651
0.01,3073329
0.01,2944326
0.01,2937143
0.01,2875868
0.01,2879143
0.01,2828155
0.01,2770441
0.01,2780455
0.01,2897019
0.01,2818662
0.01,2701355
0.01,2814599
0.01,2781088
0.01,2804227
0.01,2897377
0.01,2864839
0.01,2666667
0.01,2647423
0.01,2627716
0.01,2631710
0.01,2538111
0.01,2475513
0.01,2427616
0.01,2475165
0.01,2473021
0.01,2491859
0.01,2477179
0.01,2485104
0.01,2551081
0.01,2555378
0.01,2606199
0.01,2526849
0.01,2526206
0.01,2407963
0.01,2380766
0.01,2342199
0.01,2303953
0.01,2211677
0.01,2225240
0.01,2170779
0.01,2154637
0.01,2190999
0.01,2248021
0.01,2158183
0.01,2105054
0.01,2111058
0.01,2077745
0.01,2095856
0.01,2031810
0.01,2092924
0.01,2165281
0.01,2013331
0.01,2097521
0.01,1995215
0.01,1956042
0.01,1972358
0.01,1939941
0.01,1926522
0.01,2001752
0.01,1999746
0.01,2013677
0.01,2052553
0.01,2108912
0.01,2103414
0.01,2129948
0.01,2140535
0.01,2134553
0.01,2128869
0.01,2089450
0.01,2104537
0.01,2103377
0.01,2178127
0.01,2170541
0.01,2180848
0.01,2178941
0.01,2206561
0.01,2239035
0.01,2255810
0.01,2273549
0.01,2059912
0.01,1996191
0.01,1910596
0.01,2016854
0.01,1984284
0.01,2003715
0.01,2008246
0.02,2041757
0.02,2042880
0.02,2069883
0.02,2072918
0.02,2009679
0.02,2063148
0.02,2044349
0.02,2091593
0.02,2094109
0.02,2097426
0.02,2098222
0.02,2064075
0.02,2070914
0.02,2013519
0.02,1967092
0.02,1926184
0.02,1901322
0.02,1817501
0.02,1831341
0.02,1836722
0.02,1843978
0.02,1844582
0.02,1836123
0.02,1819823
0.02,1791958
0.02,1752616
0.02,1813533
0.02,1726618
0.02,1719661
0.02,1719211
0.02,1729675
0.02,1796211
0.02,1778444
0.02,1789526
0.02,1817990
0.02,1876015
0.02,1875296
0.02,1836573
0.02,1823081
0.02,1853420
0.02,1865542
0.02,1849779
0.02,1865433
0.02,1935472
0.02,1883368
0.02,1870227
0.02,1790180
0.02,1797199
0.02,1777682
0.02,1765247
0.02,1737798
0.02,1693292
0.02,1666207
0.02,1665279
0.02,1644286
0.02,1634579
0.02,1656508
0.02,1687663
0.02,1691447
0.02,1717644
0.02,1786116
0.02,1789997
0.02,1777915
0.02,1767503
0.02,1751429
0.02,1774237
0.02,1752673
0.02,1769289
0.02,1843553
0.02,1783710
0.02,1791709
0.02,1747892
0.02,1710629
0.02,1671388
0.02,1665771
0.02,1677132
0.02,1634575
0.02,1639668
0.02,1666883
0.02,1668570
0.02,1682263
0.02,1628463
0.02,1594535
0.02,1637193
0.02,1654761
0.02,1690525
0.02,1710833
0.02,1698056
0.02,1665976
0.02,1670653
0.02,1685116
0.02,1673146
0.02,1674588
0.02,1680514
0.02,1691148
0.02,1688652
0.02,1671466
0.02,1665766
0.02,1672368
0.02,1605247
0.02,1624239
0.02,1619702
0.02,1661915
0.02,1784997
0.02,1774840
0.02,1775288
0.02,1747407
0.02,1773622
0.02,1789858
0.02,1786359
0.02,1780370
0.02,1788925
0.02,1750157
0.02,1755927
0.02,1730911
0.02,1753837
0.02,1820567
0.02,1801413
0.02,1773663
0.02,1734027
0.02,1697890
0.02,1653910
0.02,1630163
0.02,1631938
0.02,1630206
0.02,1624535
0.02,1625089
0.02,1626489
0.02,1613291
0.02,1588635
0.02,1597410
0.02,1537233
0.02,1518562
0.02,1495142
0.02,1465347
0.02,1444218
0.02,1425848
0.02,1432518
0.02,1407801
0.02,1405292
0.02,1395565
0.02,1389767
0.02,1376963
0.02,1382429
0.02,1389099
0.02,1364920
0.02,1350937
0.02,1366706
0.02,1351080
0.02,1350914
0.02,1348094
0.02,1336023
0.02,1322252
0.02,1311952
0.02,1302487
0.02,1293037
0.02,1286142
0.02,1293057
0.02,1290057
0.02,1280636
0.02,1274695
0.02,1274397
0.02,1272387
0.02,1266779
0.02,1264165
0.02,1264449
0.02,1265001
0.02,1255290
0.02,1250222
0.02,1245448
0.02,1248695
0.02,1241049
0.02,1237184
0.02,1242829
0.02,1234263
0.02,1231362
0.02,1229624
0.02,1229034
0.02,1227552
0.02,1226266
0.02,1225086
0.02,1223626
0.02,1230558
0.02,1227856
0.02,1244540
0.02,1235659
0.02,1238756
0.02,1234176
0.02,1225810
0.02,1222725
0.02,1229336
0.02,1228815
0.02,1227713
0.02,1221792
0.02,1224997
0.02,1227095
0.02,1230359
0.02,1235444
0.02,1227588
0.02,1218596
0.02,1217861
0.02,1216831
0.02,1215371
0.02,1214707
0.02,1213901
0.02,1213813
0.02,1213173
0.02,1212574
0.02,1212320
0.02,1212113
0.02,1211912
0.02,1211505
0.02,1211363
0.02,1211288
