0.00, 10283313
0.00, 10220761
0.00, 10216334
0.00, 10195566
0.00, 9938143
0.00, 9936842
0.00, 9889875
0.00, 9827939
0.00, 9778424
0.00, 9762248
0.00, 9534308
0.00, 9464137
0.00, 9308509
0.00, 9301815
0.00, 9292253
0.00, 9283719
0.00, 9221659
0.00, 9219939
0.00, 9211689
0.00, 9185729
0.00, 9052358
0.00, 9034567
0.00, 8954225
0.00, 8945318
0.00, 8810845
0.00, 8806508
0.00, 8721136
0.00, 8657635
0.01, 8656803
0.01, 8625188
0.01, 8621927
0.01, 8583476
0.01, 8562378
0.01, 8469927
0.01, 8344883
0.01, 8310901
0.01, 8300621
0.01, 8268546
0.01, 8177870
0.01, 8144982
0.01, 8097190
0.01, 8095423
0.01, 8077201
0.01, 8062663
0.01, 8033178
0.01, 7989863
0.01, 7944984
0.01, 7787435
0.01, 7753971
0.01, 7753415
0.01, 7747263
0.01, 7578539
0.01, 7570807
0.01, 7537322
0.01, 7510471
0.01, 7488476
0.01, 7442499
0.01, 7423313
0.01, 7399256
0.01, 7260538
0.01, 7256775
0.01, 7210184
0.01, 7194308
0.01, 7193098
0.01, 7089172
0.01, 6820033
0.01, 6771575
0.01, 6770104
0.01, 6767604
0.01, 6679538
0.01, 6581702
0.01, 6453823
0.01, 6425286
0.01, 6367398
0.01, 6355839
0.01, 6353150
0.01, 6263888
0.01, 6263097
0.01, 6253873
0.01, 6222030
0.01, 6220186
0.01, 6199775
0.01, 6121193
0.01, 6082632
0.01, 6081953
0.01, 6007029
0.01, 5953996
0.01, 5918007
0.01, 5870081
0.01, 5837701
0.01, 5812822
0.01, 5670028
0.01, 5575398
0.01, 5553690
0.01, 5448724
0.01, 5437050
0.01, 5358280
0.01, 5341584
0.01, 5340758
0.01, 5317467
0.01, 5300514
0.01, 5300266
0.01, 5299097
0.01, 5213299
0.01, 5210687
0.01, 5186615
0.01, 5184476
0.01, 5181935
0.01, 5123439
0.01, 4963552
0.01, 4961106
0.01, 4877070
0.01, 4844774
0.01, 4735136
0.01, 4725147
0.01, 4717482
0.01, 4674328
0.01, 4670207
0.01, 4667012
0.01, 4614617
0.01, 4614564
0.01, 4530399
0.01, 4490094
0.01, 4437061
0.01, 4414833
0.01, 4401333
0.01, 4379936
0.01, 4379716
0.01, 4379502
0.01, 4363163
0.01, 4361802
0.01, 4360633
0.01, 4359279
0.01, 4339427
0.01, 4295537
0.01, 4295177
0.01, 4274938
0.01, 4254426
0.01, 4249990
0.01, 4218452
0.01, 4212915
0.01, 4196811
0.01, 4172475
0.01, 4149645
0.01, 4137005
0.01, 4091089
0.01, 4088090
0.01, 4055995
0.01, 4053168
0.01, 4002169
0.01, 3998304
0.01, 3894112
0.01, 3860457
0.01, 3852423
0.01, 3846131
0.01, 3834090
0.01, 3783694
0.01, 3782746
0.01, 3776658
0.01, 3776325
0.01, 3774080
0.01, 3763551
0.01, 3731043
0.01, 3697596
0.01, 3612738
0.01, 3565206
0.01, 3563707
0.01, 3539082
0.01, 3526495
0.01, 3526091
0.01, 3483721
0.01, 3483504
0.01, 3466536
0.01, 3453137
0.01, 3443915
0.01, 3442673
0.01, 3440315
0.01, 3413995
0.01, 3412858
0.01, 3386081
0.01, 3379307
0.01, 3370197
0.01, 3366508
0.01, 3360507
0.01, 3315006
0.01, 3233016
0.01, 3228093
0.01, 3207757
0.01, 3198976
0.01, 3187493
0.01, 3176510
0.01, 3149976
0.01, 3141466
0.01, 3127439
0.01, 3123938
0.01, 3076800
0.01, 3059823
0.01, 3059563
0.01, 3032890
0.02, 3032572
0.02, 3025564
0.02, 3023678
0.02, 2988570
0.02, 2968962
0.02, 2962140
0.02, 2951879
0.02, 2947864
0.02, 2938000
0.02, 2937840
0.02, 2916041
0.02, 2901986
0.02, 2895977
0.02, 2878530
0.02, 2876633
0.02, 2874231
0.02, 2870627
0.02, 2859814
0.02, 2859476
0.02, 2858977
0.02, 2851783
0.02, 2845967
0.02, 2836891
0.02, 2835565
0.02, 2817597
0.02, 2793003
0.03, 2782270
0.03, 2782269
0.03, 2770851
0.03, 2754250
0.03, 2683110
0.03, 2668776
0.03, 2665486
0.03, 2665161
0.03, 2665055
0.03, 2636181
0.03, 2626921
0.03, 2624239
0.03, 2596619
0.03, 2587691
0.03, 2566389
0.03, 2558518
0.03, 2557924
0.03, 2551047
0.03, 2549564
0.03, 2529698
0.05, 2524751
0.05, 2473586
0.05, 2470433
0.05, 2445547
0.05, 2424896
0.05, 2424623
0.05, 2406653
0.05, 2405503
0.05, 2403018
0.06, 2376378
0.06, 2373946
0.06, 2369253
0.07, 2363656
0.07, 2350116
0.09, 2339521
0.09, 2335512
0.09, 2327693
0.09, 2322294
0.09, 2322154
0.09, 2303412
0.09, 2300201
0.09, 2299677
0.09, 2291157
0.11, 2290805
0.11, 2282297
0.11, 2270002
0.11, 2262044
0.11, 2249699
0.12, 2239436
0.13, 2224158
0.14, 2197786
0.14, 2196472
0.14, 2192026
0.14, 2188521
0.15, 2153920
0.15, 2150367
0.15, 2149767
0.15, 2142979
0.15, 2107032
0.15, 2090238
0.15, 2084155
0.15, 2079346
0.15, 2079330
0.15, 2076658
0.15, 2074741
0.15, 2042941
0.15, 2032798
0.15, 2032609
0.15, 2025511
0.15, 2023132
0.15, 2016422
0.15, 2010432
0.15, 2007565
0.15, 2006793
0.15, 2000676
0.15, 1988603
0.15, 1987285
0.15, 1986900
0.15, 1962906
0.16, 1960350
0.16, 1950629
0.16, 1950064
0.16, 1949324
0.16, 1948516
0.19, 1936118
0.19, 1935868
0.19, 1931214
0.19, 1920936
0.19, 1911386
0.19, 1904300
0.19, 1903103
0.19, 1893793
0.19, 1878593
0.19, 1869451
0.19, 1866070
0.19, 1843289
0.19, 1843182
0.19, 1834288
0.19, 1829767
0.19, 1825149
0.19, 1824966
0.19, 1811117
0.19, 1802505
0.22, 1787297
0.22, 1787117
0.22, 1771759
0.22, 1769264
0.22, 1764459
0.23, 1745934
0.23, 1742254
0.23, 1738101
0.23, 1737755
0.25, 1735688
0.25, 1728860
0.25, 1728733
0.25, 1694643
0.25, 1687793
0.25, 1656237
0.25, 1652724
0.25, 1641628
0.25, 1615608
0.25, 1607315
0.25, 1601444
0.26, 1592713
0.26, 1582999
0.26, 1581829
0.26, 1581809
0.26, 1581333
0.31, 1576753
0.31, 1553715
0.33, 1546184
0.33, 1545984
0.33, 1541797
0.33, 1538142
0.33, 1537283
0.33, 1536320
0.33, 1526095
0.34, 1524486
0.34, 1515610
0.34, 1514551
0.34, 1509045
0.34, 1501461
0.34, 1495282
0.34, 1480140
0.34, 1478796
0.34, 1476748
0.34, 1475054
0.34, 1474900
0.34, 1474219
0.34, 1469503
0.34, 1467096
0.34, 1463374
0.34, 1460089
0.34, 1458778
0.34, 1457733
0.34, 1452769
0.34, 1451151
0.34, 1447647
0.34, 1445564
0.35, 1436708
0.35, 1433479
0.35, 1432139
0.40, 1424504
0.40, 1423323
0.40, 1420347
0.40, 1419479
0.40, 1417195
0.40, 1416171
0.40, 1413685
0.40, 1412366
0.42, 1409780
0.42, 1408967
0.42, 1390853
0.42, 1390092
0.42, 1389408
0.42, 1389258
0.42, 1387525
0.42, 1387053
0.42, 1386419
0.42, 1380699
0.43, 1377123
0.43, 1374760
0.43, 1373381
0.43, 1369911
0.43, 1367421
0.43, 1367084
0.43, 1365887
0.43, 1360226
0.43, 1359649
0.43, 1358082
0.43, 1355587
0.43, 1343993
0.43, 1337539
0.43, 1336247
0.43, 1330053
0.43, 1322594
0.43, 1321776
0.43, 1320067
0.43, 1314333
0.43, 1310828
0.49, 1306364
0.49, 1304832
0.49, 1303172
0.49, 1302869
0.49, 1301736
0.50, 1300042
0.50, 1297211
0.50, 1295559
0.50, 1295531
0.50, 1293188
0.50, 1293044
0.50, 1292467
0.57, 1290684
0.57, 1290082
0.57, 1288808
0.57, 1288281
0.57, 1283442
0.57, 1278497
0.57, 1278003
0.58, 1277826
0.58, 1269447
0.58, 1268748
0.58, 1266940
0.59, 1260329
0.59, 1259370
0.59, 1258109
0.59, 1257505
0.59, 1250388
0.59, 1250034
0.60, 1248401
0.61, 1243048
0.62, 1241945
0.62, 1234702
0.62, 1233241
0.63, 1230626
0.63, 1230293
0.64, 1228456
0.64, 1226590
0.64, 1224936
0.66, 1221781
0.66, 1219958
0.66, 1215179
0.66, 1214380
0.66, 1213207
0.66, 1208062
0.66, 1206460
0.66, 1205829
0.75, 1205286
0.75, 1204437
0.77, 1203540
0.83, 1203399
0.83, 1202789
0.84, 1202579
0.84, 1202578
0.84, 1201979
0.84, 1201626
0.84, 1201470
0.84, 1200720
0.84, 1200502
0.86, 1199972
0.86, 1199617
0.86, 1198811
0.89, 1198048
0.89, 1197937
0.89, 1197859
0.89, 1197521
0.89, 1196375
0.90, 1195897
0.90, 1192284
0.90, 1191725
0.90, 1190585
0.90, 1189588
0.90, 1189273
0.90, 1188953
0.91, 1188493
0.91, 1186693
0.91, 1186038
0.91, 1186007
0.91, 1185382
0.91, 1185333
0.92, 1185169
0.92, 1184835
0.92, 1184145
0.92, 1184003
0.92, 1182916
0.92, 1181934
0.92, 1180909
1.00, 1180056
1.03, 1179895
1.07, 1179292
1.07, 1179145
1.07, 1178955
1.13, 1178594
1.13, 1178543
1.13, 1178338
1.13, 1178211
1.13, 1178029
1.13, 1177828
1.18, 1177365
1.28, 1177247
1.28, 1177151
1.29, 1177092
1.29, 1176916
1.29, 1176851
1.29, 1176646
1.29, 1176353
1.38, 1176151
