0.00,9922326
0.00,9765554
0.00,9245011
0.00,9060881
0.00,8790117
0.00,8525587
0.00,8345835
0.00,8068896
0.00,7897782
0.00,7752162
0.00,7654337
0.00,7406125
0.00,7334293
0.00,7121710
0.00,6885622
0.00,6781794
0.00,6766235
0.00,6563850
0.00,6540917
0.00,6566191
0.00,6637690
0.00,6347230
0.00,6351907
0.00,6255922
0.00,6268987
0.00,6123267
0.00,5929244
0.00,5962523
0.00,6062938
0.00,5887130
0.00,5914835
0.00,5656380
0.00,5527595
0.00,5448625
0.00,5245338
0.00,5190323
0.00,5237694
0.00,5080091
0.00,5089761
0.00,5113458
0.00,5189458
0.00,4955241
0.00,4874565
0.00,4739883
0.00,4680959
0.00,4769586
0.00,4728994
0.00,4665097
0.00,4777944
0.00,4872835
0.01,4814552
0.01,4764099
0.01,4522845
0.01,4599450
0.01,4611382
0.01,4723610
0.01,4615725
0.01,4476358
0.01,4421977
0.01,4301968
0.01,4345392
0.01,4410627
0.01,4336701
0.01,4320930
0.01,4383792
0.01,4451030
0.01,4477374
0.01,4437441
0.01,4454115
0.01,4294699
0.01,4307247
0.01,4340359
0.01,4343386
0.01,4192134
0.01,4227433
0.01,4239269
0.01,4300189
0.01,4292016
0.01,4275042
0.01,4166395
0.01,4321626
0.01,4220055
0.01,4194148
0.01,4178032
0.01,4059710
0.01,4000199
0.01,4075191
0.01,4237853
0.01,4220567
0.01,4145123
0.01,4144898
0.01,4217484
0.01,4046090
0.01,4056269
0.01,4126604
0.01,4124071
0.01,4113472
0.01,4105059
0.01,3869495
0.01,3690982
0.01,3643751
0.01,3549432
0.01,3536903
0.01,3584743
0.01,3547481
0.01,3455934
0.01,3440448
0.01,3539039
0.01,3511111
0.01,3552346
0.01,3437657
0.01,3284775
0.01,3345519
0.01,3370063
0.01,3228991
0.01,3132485
0.01,3211884
0.01,3173533
0.01,3247420
0.01,3263989
0.01,3201235
0.01,3138140
0.01,3032808
0.01,3001599
0.01,2914794
0.01,2908167
0.01,2873975
0.01,2833214
0.01,2848223
0.01,2784450
0.01,2782182
0.01,2860390
0.01,2845278
0.01,2949359
0.01,2818602
0.01,2834993
0.01,2890573
0.01,2863063
0.01,2707583
0.01,2766340
0.01,2817375
0.01,2864798
0.01,2842327
0.01,2839249
0.01,2969558
0.01,2976898
0.01,2998381
0.01,2940625
0.01,3007538
0.01,2958310
0.01,2899563
0.01,2768540
0.01,2814644
0.01,2819705
0.01,2694914
0.01,2690475
0.01,2719997
0.01,2728595
0.01,2798591
0.01,2830668
0.01,2868087
0.01,2866752
0.01,2917310
0.01,2927735
0.01,2878677
0.01,2926921
0.01,2922555
0.01,2971706
0.01,2987361
0.01,2956258
0.01,2876362
0.01,2687658
0.01,2700817
0.01,2708530
0.01,2715962
0.01,2674455
0.01,2638151
0.01,2729557
0.01,2566373
0.01,2534512
0.01,2538481
0.01,2440826
0.01,2380104
0.01,2445059
0.01,2487517
0.01,2406921
0.01,2378071
0.01,2296838
0.01,2248190
0.01,2258623
0.01,2249688
0.01,2285870
0.01,2321319
0.01,2352420
0.01,2361748
0.01,2200116
0.01,2168184
0.01,2120934
0.01,2129598
0.01,2127783
0.01,2084706
0.01,2093307
0.01,2062991
0.01,1989731
0.01,1956202
0.01,2003279
0.01,2183534
0.01,2199264
0.01,2069956
0.01,2088334
0.01,2075511
0.01,2049735
0.01,2035973
0.01,2037402
0.01,2037942
0.01,1919170
0.01,1959071
0.01,2075613
0.01,2090333
0.01,1994742
0.01,2011907
0.01,2048110
0.01,2027422
0.01,2008648
0.01,2004740
0.01,2024264
0.01,2016169
0.01,1987623
0.01,1881736
0.01,1903379
0.01,1894524
0.01,1936363
0.01,1890970
0.01,1859316
0.01,1869130
0.01,1884850
0.01,1889720
0.01,1865241
0.01,1851248
0.01,1833394
0.01,1808797
0.01,1807107
0.02,1778417
0.02,1835667
0.02,1818720
0.02,1755732
0.02,1730688
0.02,1730159
0.02,1722657
0.02,1740588
0.02,1757120
0.02,1768263
0.02,1800936
0.02,1822588
0.02,1827359
0.02,1828616
0.02,1848510
0.02,1886642
0.02,1947344
0.02,2048651
0.02,2016774
0.02,2069422
0.02,2088764
0.02,2059656
0.02,2027070
0.02,1984165
0.02,1964979
0.02,1961407
0.02,1855818
0.02,1856497
0.02,1863330
0.02,1867125
0.02,1921159
0.02,1935340
0.02,1898854
0.02,1856262
0.02,1797179
0.02,1800332
0.02,1842649
0.02,1843098
0.02,1966532
0.02,2013637
0.02,1864384
0.02,1842006
0.02,1845217
0.02,1830214
0.02,1783452
0.02,1696686
0.02,1711315
0.02,1719034
0.02,1797879
0.02,1785661
0.02,1849211
0.02,1832989
0.02,1828726
0.02,1819409
0.02,1812537
0.02,1918184
0.02,1888406
0.02,1972485
0.02,1938896
0.02,1918195
0.02,1917894
0.02,1927333
0.02,1926454
0.02,1928618
0.02,1933822
0.02,1924968
0.02,1930687
0.02,1827936
0.02,1822098
0.02,1831797
0.02,1817288
0.02,1834232
0.02,1773925
0.02,1757924
0.02,1730479
0.02,1743169
0.02,1858620
0.02,1941150
0.02,1778588
0.02,1803897
0.02,1831629
0.02,1829467
0.02,1784826
0.02,1786890
0.02,1812026
0.02,1772065
0.02,1664714
0.02,1663873
0.02,1643709
0.02,1625868
0.02,1599303
0.02,1604737
0.02,1629260
0.02,1647627
0.02,1620698
0.02,1653362
0.02,1685959
0.02,1742176
0.02,1743828
0.02,1705256
0.02,1736241
0.02,1684462
0.02,1658260
0.02,1582821
0.02,1677114
0.02,1665304
0.02,1566547
0.02,1545311
0.02,1529603
0.02,1538040
0.02,1536499
0.02,1544551
0.02,1530976
0.02,1514151
0.02,1523630
0.02,1510624
0.02,1511522
0.02,1487814
0.02,1462680
0.02,1451078
0.02,1438052
0.02,1425637
0.02,1418190
0.02,1409347
0.02,1400545
0.02,1414109
0.02,1404616
0.02,1406440
0.02,1400652
0.02,1412931
0.02,1392321
0.02,1386834
0.02,1398001
0.02,1417328
0.02,1440501
0.02,1434079
0.02,1425140
0.02,1434513
0.02,1432933
0.02,1446273
0.02,1445856
0.02,1456820
0.02,1438795
0.02,1465024
0.02,1460291
0.02,1482134
0.02,1529943
0.02,1613175
0.02,1654337
0.02,1717904
0.02,1738086
0.02,1836245
0.02,1744697
0.02,1739354
0.02,1723849
0.02,1727873
0.02,1734066
0.02,1606730
0.02,1593481
0.02,1539121
0.02,1536476
0.02,1600922
0.02,1603804
0.02,1589604
0.02,1546951
0.02,1538862
0.02,1606030
0.02,1641799
0.02,1546856
0.02,1566608
0.02,1568224
0.02,1523886
0.02,1539260
0.02,1536218
0.02,1531015
0.02,1496288
0.02,1391549
0.02,1392542
0.02,1380155
0.02,1374530
0.02,1373600
0.02,1376531
0.02,1367173
0.02,1368262
0.02,1381556
0.02,1361992
0.02,1357467
0.02,1356687
0.02,1353190
0.02,1349297
0.02,1345641
0.02,1347635
0.02,1368821
0.02,1354851
0.02,1348202
0.02,1341368
0.02,1337654
0.02,1331276
0.02,1331446
0.02,1351019
0.02,1335597
0.02,1334746
0.02,1332622
0.02,1363630
0.02,1389098
0.02,1386734
0.02,1381610
0.02,1379091
0.02,1372542
0.02,1378556
0.02,1381354
0.02,1384520
0.02,1391205
0.02,1412771
0.02,1408295
0.02,1441662
0.02,1412805
0.02,1469697
0.02,1472330
0.02,1495418
0.02,1580607
0.02,1682297
0.02,1730369
0.02,1774297
0.02,1763446
0.02,1792042
0.02,1694454
0.02,1583756
0.02,1561419
0.02,1570453
0.02,1572548
0.02,1605089
0.02,1607563
0.02,1546084
0.02,1542478
0.02,1556518
0.02,1572628
0.02,1623828
0.02,1575861
0.02,1563982
0.02,1645754
0.02,1650449
0.02,1526184
0.02,1528712
0.02,1493681
0.02,1405242
0.02,1344391
0.02,1349066
0.02,1337363
0.02,1327489
0.02,1392128
0.02,1425600
0.02,1479812
0.02,1494103
0.02,1494343
0.02,1518306
0.02,1495901
0.02,1566444
0.02,1514105
0.02,1519456
0.02,1468023
0.02,1421235
0.02,1390290
0.02,1338494
0.02,1339582
0.02,1324658
0.02,1326750
0.02,1343098
0.02,1383554
0.02,1420480
0.02,1472316
0.02,1479812
0.02,1479207
0.02,1500123
0.02,1478843
0.02,1554050
0.03,1499405
0.03,1506958
0.03,1462637
0.03,1405079
0.03,1373996
0.03,1315702
0.03,1312445
0.03,1310240
0.03,1326224
0.03,1353751
0.03,1368112
0.03,1367371
0.03,1361882
0.03,1358861
0.03,1355076
0.03,1363019
0.03,1362680
0.03,1366354
0.03,1376101
0.03,1414081
0.03,1388742
0.03,1416042
0.03,1413539
0.03,1459494
0.03,1504160
0.03,1557528
0.03,1641201
0.03,1742053
0.03,1730207
0.03,1774651
0.03,1684937
0.03,1663602
0.03,1642985
0.03,1555051
0.03,1557853
0.03,1529955
0.03,1525123
0.03,1551284
0.03,1547699
0.03,1519336
0.03,1522889
0.03,1536929
0.03,1553039
0.03,1604239
0.03,1556272
0.03,1544393
0.03,1626165
0.03,1630860
0.03,1506595
0.03,1509123
0.03,1474092
0.03,1385653
0.03,1326712
0.03,1321126
0.03,1307209
0.03,1314709
0.03,1305500
0.03,1303910
0.03,1307183
0.03,1304859
0.03,1302623
0.03,1306705
0.03,1304533
0.03,1304038
0.03,1300496
0.03,1299993
0.03,1298912
0.03,1297835
0.03,1296833
0.03,1295832
0.03,1294861
0.03,1294071
0.03,1293590
0.03,1293113
0.03,1292461
0.03,1291988
0.03,1291592
0.03,1291197
