0.00,10401994
0.00,10014903
0.00,9429379
0.00,8959448
0.00,8609901
0.00,8295970
0.00,7963516
0.00,7879453
0.00,7653854
0.00,7632880
0.00,7530487
0.00,7432571
0.00,7498593
0.00,7466366
0.00,7412521
0.00,7114622
0.00,7095506
0.00,7149119
0.00,7164767
0.00,7150622
0.00,6996486
0.00,6812159
0.00,6623190
0.00,6360487
0.00,6418457
0.00,6225005
0.00,6182637
0.00,6220183
0.00,6309122
0.00,6344849
0.00,6285756
0.00,6042352
0.00,5934057
0.00,5863754
0.00,5915930
0.00,5775677
0.00,5481998
0.00,5372587
0.00,5489800
0.00,5521613
0.00,5531135
0.00,5281729
0.00,5299606
0.00,5298939
0.00,5198717
0.00,5018720
0.00,5093615
0.00,5014050
0.00,4930959
0.01,4762777
0.01,4748465
0.01,4823708
0.01,4871917
0.01,4861393
0.01,4870828
0.01,4871204
0.01,4861397
0.01,4706949
0.01,4662234
0.01,4684589
0.01,4649249
0.01,4681113
0.01,4772411
0.01,4559087
0.01,4406735
0.01,4257417
0.01,4290488
0.01,4281723
0.01,4237824
0.01,4146973
0.01,4029946
0.01,3993351
0.01,4003797
0.01,4036250
0.01,4108076
0.01,4014696
0.01,3809927
0.01,3778613
0.01,3826009
0.01,3796161
0.01,3718570
0.01,3725082
0.01,3721471
0.01,3713212
0.01,3827520
0.01,3824737
0.01,3883557
0.01,3867657
0.01,3919451
0.01,3853295
0.01,3820632
0.01,3721119
0.01,3703650
0.01,3947116
0.01,3909014
0.01,3856003
0.01,3738297
0.01,3700038
0.01,3657766
0.01,3738091
0.01,3642665
0.01,3522029
0.01,3569413
0.01,3561127
0.01,3647369
0.01,3663496
0.01,3741777
0.01,3724343
0.01,3728817
0.01,3611947
0.01,3567642
0.01,3525923
0.01,3504349
0.01,3466399
0.01,3527187
0.01,3532028
0.01,3550895
0.01,3555427
0.01,3355494
0.01,3432870
0.01,3315166
0.01,3446213
0.01,3424554
0.01,3402979
0.01,3513011
0.01,3473434
0.01,3464224
0.01,3495106
0.01,3499597
0.01,3370931
0.01,3209684
0.01,3239096
0.01,3231403
0.01,3268725
0.01,3231555
0.01,3110919
0.01,3137003
0.01,3157049
0.01,3140679
0.01,3098017
0.01,3094368
0.01,3047128
0.01,3086432
0.01,3101407
0.01,3095367
0.01,3143973
0.01,3118413
0.01,3130272
0.01,3004356
0.01,3006829
0.01,3177077
0.01,3173514
0.01,3180472
0.01,3163822
0.01,3026067
0.01,3004428
0.01,3021144
0.01,2902212
0.01,2915024
0.01,2866714
0.01,2838857
0.01,2835762
0.01,2908197
0.01,2937458
0.01,3013513
0.01,2942743
0.01,2944640
0.01,2962372
0.01,3009674
0.01,3020965
0.01,3082067
0.01,2978790
0.01,3017218
0.01,3037746
0.01,3082895
0.01,3128778
0.01,3075695
0.01,3104318
0.01,3006311
0.01,3004165
0.01,3081913
0.01,3093940
0.01,3017435
0.01,2965845
0.01,3019723
0.01,3007745
0.01,3060783
0.01,3079531
0.01,3066554
0.01,3048928
0.01,2981450
0.01,2985201
0.01,2945975
0.01,3012724
0.01,3012812
0.01,2997479
0.01,2986969
0.01,3023831
0.01,2897894
0.01,2799005
0.01,2732520
0.01,2629176
0.01,2610856
0.01,2650822
0.01,2646827
0.01,2672186
0.01,2684249
0.01,2745867
0.01,2725568
0.01,2718954
0.01,2659189
0.01,2589128
0.01,2591514
0.01,2736249
0.01,2649923
0.01,2621952
0.01,2583630
0.01,2556000
0.01,2522780
0.01,2450780
0.01,2452359
0.01,2399602
0.01,2357572
0.01,2303288
0.01,2197119
0.01,2140532
0.01,2160019
0.01,2158059
0.01,2142622
0.01,2162735
0.01,2168087
0.01,2147291
0.01,2127543
0.01,2082102
0.01,2039630
0.01,2008818
0.01,2011223
0.01,1975692
0.01,2018838
0.01,1934863
0.01,1893733
0.02,1940369
0.02,1934689
0.02,1929316
0.02,1863750
0.02,1833817
0.02,1838708
0.02,1865497
0.02,1897727
0.02,1900555
0.02,1903985
0.02,1912152
0.02,1931371
0.02,1935103
0.02,1872253
0.02,1839427
0.02,1837257
0.02,1863183
0.02,1995186
0.02,2033296
0.02,2039295
0.02,2091078
0.02,2101323
0.02,2088571
0.02,2100900
0.02,2125738
0.02,2042614
0.02,2091929
0.02,2125810
0.02,2155664
0.02,2129397
0.02,2121382
0.02,2114748
0.02,2116243
0.02,2106926
0.02,2115771
0.02,2025197
0.02,2016995
0.02,2033431
0.02,1982840
0.02,1962914
0.02,1955060
0.02,1892038
0.02,1923011
0.02,1928234
0.02,1950138
0.02,1952157
0.02,2028494
0.02,2031742
0.02,2063991
0.02,2054545
0.02,2045900
0.02,2000752
0.02,1908296
0.02,1864918
0.02,1789083
0.02,1754541
0.02,1717553
0.02,1703210
0.02,1678948
0.02,1657709
0.02,1686800
0.02,1641347
0.02,1612465
0.02,1634126
0.02,1634788
0.02,1593522
0.02,1583438
0.02,1569634
0.02,1552343
0.02,1535570
0.02,1520051
0.02,1503493
0.02,1488888
0.02,1479310
0.02,1461867
0.02,1460535
0.02,1449976
0.02,1454536
0.02,1474430
0.02,1485751
0.02,1492374
0.02,1485697
0.02,1503583
0.02,1523761
0.02,1576394
0.02,1628696
0.02,1636172
0.02,1682423
0.02,1605216
0.02,1591224
0.02,1606495
0.02,1605295
0.02,1632769
0.02,1615878
0.02,1620419
0.02,1615418
0.02,1550134
0.02,1604533
0.02,1603477
0.02,1635961
0.02,1748109
0.02,1733654
0.02,1730734
0.02,1733879
0.02,1742393
0.02,1744623
0.02,1720467
0.02,1694765
0.02,1648584
0.02,1686716
0.02,1701310
0.02,1696479
0.02,1665345
0.02,1659413
0.02,1663988
0.02,1588405
0.02,1573846
0.02,1558550
0.02,1512625
0.02,1528877
0.02,1530524
0.02,1520073
0.02,1460932
0.02,1502702
0.02,1436612
0.02,1485032
0.02,1506458
0.02,1508461
0.02,1417919
0.02,1414083
0.02,1407494
0.02,1405352
0.02,1394570
0.02,1385049
0.02,1376589
0.02,1368261
0.02,1360415
0.02,1360893
0.02,1372264
0.02,1377643
0.02,1368810
0.02,1366852
0.02,1355455
0.02,1383773
0.02,1370583
0.02,1356767
0.02,1377918
0.02,1358029
0.02,1363405
0.02,1381306
0.02,1402148
0.02,1409990
0.02,1417728
0.02,1462143
0.02,1506950
0.02,1548657
0.02,1541339
0.02,1597319
0.02,1518091
0.02,1497311
0.02,1509195
0.02,1509308
0.02,1538331
0.02,1533518
0.02,1562781
0.02,1543529
0.02,1470611
0.02,1509553
0.02,1516514
0.02,1548765
0.02,1646933
0.02,1656925
0.02,1655602
0.02,1651767
0.02,1650187
0.02,1640442
0.02,1636583
0.02,1635215
0.02,1578288
0.02,1599906
0.02,1611034
0.02,1610537
0.02,1622921
0.02,1583044
0.02,1592432
0.02,1555842
0.02,1534063
0.02,1515019
0.02,1453608
0.02,1433957
0.02,1394891
0.02,1436322
0.02,1422955
0.02,1405563
0.02,1351977
0.02,1345421
0.02,1339480
0.02,1329644
0.02,1320372
0.02,1325498
0.02,1315531
0.02,1312247
0.02,1309572
0.02,1304938
0.02,1298561
0.02,1294119
0.02,1290226
0.02,1287939
0.02,1284559
0.02,1281659
0.02,1299872
0.02,1290991
0.02,1286567
0.02,1278057
0.02,1273325
0.02,1271267
0.02,1272994
0.02,1273393
0.02,1272329
0.02,1269142
0.02,1269772
0.02,1282114
0.02,1264029
0.02,1261855
0.02,1268845
0.02,1265636
0.02,1268873
0.02,1259372
0.02,1258309
0.02,1257503
0.02,1284778
0.02,1256045
0.02,1280890
0.02,1296880
0.02,1289623
0.02,1290935
0.02,1292870
0.02,1283680
0.02,1277879
0.02,1262712
0.02,1257904
0.02,1270242
0.02,1289644
0.02,1282694
0.02,1279016
0.02,1296475
0.02,1298463
0.02,1300489
0.02,1290328
0.02,1278127
0.02,1270329
0.02,1257126
0.02,1251340
0.02,1248939
0.02,1247807
0.02,1246972
0.02,1246884
0.02,1246204
0.02,1251820
0.02,1251680
0.02,1254067
0.02,1258464
0.02,1263001
0.02,1265517
0.02,1262291
0.02,1269191
0.02,1251045
0.02,1245232
0.02,1246045
0.02,1245524
0.02,1248729
0.02,1252132
0.02,1256670
0.02,1255205
0.02,1243118
0.02,1241897
0.02,1241257
0.02,1240898
0.02,1240400
0.02,1240003
0.02,1239749
0.02,1239539
0.02,1239334
0.02,1239192
0.02,1239127
0.02,1239116
