0.00,10107337
0.00,10043676
0.00,10009463
0.00,9675419
0.00,9348376
0.00,9360611
0.00,8970871
0.00,8772655
0.00,8644046
0.00,8594515
0.00,8488800
0.00,8222483
0.00,8070623
0.00,8055649
0.00,8134621
0.00,8046227
0.00,7861731
0.00,7814913
0.00,7674580
0.00,7410666
0.00,7448603
0.00,7255434
0.00,7173387
0.00,7090473
0.00,7022477
0.00,6877944
0.00,6879701
0.00,6854143
0.01,6820802
0.01,6545235
0.01,6459611
0.01,6432635
0.01,6241148
0.01,6236164
0.01,6162625
0.01,6033311
0.01,5925910
0.01,5892358
0.01,5828912
0.01,5909763
0.01,5733485
0.01,5768981
0.01,5735544
0.01,5551092
0.01,5645551
0.01,5432092
0.01,5476615
0.01,5296061
0.01,5222524
0.01,5129499
0.01,5143710
0.01,5243754
0.01,5114519
0.01,5054244
0.01,4830571
0.01,4902631
0.01,4895405
0.01,4937111
0.01,4769823
0.01,4786994
0.01,4756880
0.01,4685144
0.01,4775994
0.01,4875935
0.01,4894356
0.01,4614533
0.01,4782451
0.01,4734754
0.01,4603503
0.01,4606283
0.01,4674688
0.01,4644139
0.01,4654127
0.01,4682161
0.01,4618700
0.01,4469467
0.01,4329830
0.01,4331545
0.01,4272680
0.01,4353801
0.01,4235726
0.01,4125427
0.01,3987325
0.01,3983579
0.01,4101958
0.01,4151343
0.01,4137647
0.01,3946059
0.01,3891335
0.01,3806433
0.01,3670894
0.01,3659391
0.01,3722520
0.01,3672242
0.01,3643077
0.01,3739905
0.01,3502458
0.01,3412099
0.01,3305528
0.01,3404332
0.01,3328663
0.01,3315579
0.01,3314812
0.01,3223757
0.01,3237419
0.01,3236067
0.01,3192914
0.01,3166396
0.01,3205494
0.01,3136189
0.01,3185466
0.01,3132014
0.01,3201980
0.01,3121678
0.01,3176258
0.01,3231766
0.01,3035005
0.01,3015815
0.01,2957961
0.01,2960129
0.01,2956838
0.01,2824282
0.01,2861024
0.01,2799246
0.01,2797180
0.01,2801735
0.01,2877680
0.01,2879403
0.01,2801702
0.01,2780901
0.01,2845489
0.01,2736519
0.01,2786381
0.01,2844694
0.01,2818954
0.01,2669994
0.01,2649356
0.01,2645333
0.01,2566399
0.01,2662549
0.01,2667376
0.01,2726982
0.01,2701549
0.01,2638840
0.01,2764241
0.01,2885718
0.01,2773401
0.01,2751856
0.01,2765026
0.01,2792558
0.01,2761054
0.01,2860481
0.01,2870860
0.01,2907730
0.01,3038711
0.01,2814193
0.01,2804012
0.01,2791583
0.01,2789207
0.01,2812691
0.01,2817144
0.01,2776535
0.01,2698913
0.01,2691017
0.01,2719035
0.01,2759699
0.01,2642686
0.01,2611245
0.01,2527071
0.01,2549993
0.01,2473151
0.01,2447094
0.01,2412579
0.01,2438774
0.01,2440496
0.01,2354687
0.01,2375325
0.01,2326618
0.01,2372402
0.01,2308810
0.01,2313298
0.01,2340347
0.01,2337066
0.01,2361844
0.01,2290849
0.01,2287770
0.01,2305107
0.01,2267060
0.01,2215796
0.01,2359299
0.01,2336634
0.01,2343530
0.01,2421766
0.01,2544654
0.01,2460981
0.01,2437711
0.01,2516185
0.01,2484945
0.01,2448546
0.01,2596971
0.01,2602221
0.01,2618747
0.01,2667328
0.01,2493634
0.01,2462175
0.01,2491193
0.01,2426931
0.01,2431964
0.01,2421480
0.01,2434514
0.01,2430675
0.01,2416494
0.01,2422454
0.02,2326087
0.02,2341822
0.02,2216910
0.02,2195969
0.02,2184234
0.02,2155804
0.02,2172228
0.02,2166867
0.02,2230063
0.02,2250361
0.02,2163274
0.02,2291578
0.02,2286569
0.02,2273159
0.02,2265860
0.02,2341369
0.02,2231300
0.02,2125665
0.02,2042553
0.02,2113273
0.02,2108962
0.02,2151369
0.02,2166070
0.02,2164233
0.02,2201762
0.02,2154458
0.02,2168108
0.02,2118643
0.02,2075637
0.02,2038120
0.02,2055588
0.02,2123557
0.02,2116520
0.02,1971794
0.02,1924609
0.02,1934655
0.02,1956134
0.02,2004185
0.02,2070390
0.02,2065381
0.02,2051971
0.02,2072439
0.02,2043048
0.02,2087245
0.02,1939110
0.02,1963854
0.02,1949766
0.02,1939777
0.02,1882398
0.02,1846667
0.02,1912683
0.02,1921213
0.02,1895824
0.02,1935965
0.02,2057609
0.02,2073368
0.02,2123144
0.02,2172092
0.02,2194021
0.02,2094673
0.02,2074247
0.02,1987332
0.02,1968352
0.02,1992889
0.02,1976616
0.02,1983201
0.02,2009781
0.02,2016980
0.02,2107769
0.02,2138686
0.02,2087305
0.02,2039735
0.02,2058329
0.02,1983250
0.02,1997172
0.02,2017317
0.02,1934953
0.02,1918523
0.02,1923003
0.02,1915978
0.02,1876046
0.02,1888914
0.02,1888283
0.02,1796396
0.02,1810224
0.02,1877806
0.02,1884245
0.02,1925104
0.02,1973245
0.02,1973200
0.02,1947905
0.02,2009370
0.02,1992768
0.02,1983883
0.02,1948190
0.02,1947815
0.02,1894874
0.02,1780430
0.02,1825744
0.02,1859360
0.02,1811599
0.02,1814481
0.02,1814544
0.02,1853007
0.02,1840577
0.02,1850871
0.02,1750094
0.02,1809627
0.02,1797524
0.02,1792079
0.02,1799085
0.02,1771531
0.02,1719777
0.02,1741093
0.02,1733867
0.02,1693281
0.02,1668684
0.02,1680558
0.02,1703071
0.02,1747723
0.02,1817121
0.02,1822989
0.02,1766379
0.02,1781881
0.02,1834050
0.02,1938118
0.02,1984160
0.02,1940474
0.02,1989299
0.02,1893409
0.02,1925122
0.02,1888016
0.02,1930026
0.02,1943769
0.02,1870592
0.02,1834834
0.02,1830303
0.02,1792588
0.02,1762179
0.02,1725689
0.02,1691472
0.02,1760448
0.02,1755994
0.02,1761310
0.02,1749037
0.02,1768867
0.02,1769503
0.02,1772635
0.02,1765776
0.02,1670264
0.02,1668806
0.02,1641884
0.02,1614685
0.02,1598261
0.02,1573208
0.02,1553546
0.02,1539930
0.02,1533913
0.02,1517618
0.02,1501650
0.02,1499909
0.02,1484833
0.02,1535280
0.02,1473194
0.02,1478723
0.02,1478833
0.02,1469422
0.02,1447109
0.02,1436016
0.02,1425180
0.02,1414360
0.02,1462919
0.02,1404535
0.02,1396986
0.02,1391292
0.02,1384092
0.02,1416281
0.02,1398829
0.02,1394141
0.02,1419037
0.02,1431429
0.02,1446306
0.02,1480512
0.02,1549910
0.02,1555778
0.02,1503732
0.02,1512736
0.02,1576609
0.02,1678491
0.02,1716900
0.02,1677395
0.02,1722088
0.02,1626198
0.02,1657911
0.02,1629213
0.02,1657861
0.02,1666050
0.02,1613889
0.02,1573571
0.02,1579807
0.02,1537491
0.02,1494968
0.02,1458478
0.02,1440906
0.02,1488799
0.02,1486355
0.02,1494099
0.02,1481826
0.02,1513092
0.02,1511383
0.02,1505424
0.02,1498565
0.02,1430730
0.02,1425440
0.02,1377324
0.02,1389351
0.02,1394813
0.02,1416243
0.02,1434808
0.02,1424269
0.02,1402367
0.02,1435093
0.02,1501674
0.02,1500125
0.02,1473845
0.02,1468226
0.02,1522862
0.02,1571343
0.02,1601152
0.02,1600387
0.02,1639574
0.02,1558921
0.02,1558657
0.02,1569715
0.02,1561380
0.02,1559060
0.02,1499851
0.02,1453877
0.02,1482235
0.02,1479303
0.02,1537491
0.02,1520984
0.02,1511042
0.02,1576940
0.02,1581898
0.02,1591311
0.02,1534435
0.02,1513808
0.02,1512532
0.02,1472562
0.02,1463976
0.02,1406264
0.02,1370471
0.02,1368769
0.02,1363377
0.02,1365774
0.02,1358111
0.02,1353043
0.02,1349118
0.02,1345310
0.02,1341596
0.02,1337919
0.02,1333842
0.02,1336897
0.02,1338568
0.02,1355264
0.02,1339360
0.02,1337165
0.02,1336963
0.02,1341409
0.02,1349135
0.02,1383652
0.02,1381855
0.02,1385550
0.02,1388286
0.02,1397902
0.02,1403782
0.02,1444527
0.02,1393939
0.02,1386796
0.02,1380166
0.02,1401569
0.02,1419951
0.02,1488810
0.02,1490023
0.02,1488438
0.02,1565687
0.02,1565388
0.02,1556008
0.02,1572076
0.02,1684010
0.02,1736337
0.02,1785519
0.02,1754057
0.02,1793016
0.02,1695162
0.02,1634225
0.02,1561080
0.02,1541333
0.02,1535199
0.02,1479819
0.02,1480996
0.02,1513426
0.02,1517801
0.02,1526649
0.02,1537673
0.02,1458077
0.02,1481434
0.02,1477968
0.02,1464740
0.02,1465277
0.02,1443163
0.02,1356031
0.02,1329618
0.02,1333283
0.02,1344969
0.02,1349494
0.02,1352559
0.02,1389518
0.02,1349164
0.02,1365257
0.02,1344118
0.02,1342809
0.02,1367705
0.02,1380097
0.02,1394726
0.02,1429242
0.02,1502447
0.02,1504446
0.02,1452400
0.02,1461404
0.02,1525277
0.02,1627159
0.02,1665568
0.02,1626063
0.02,1670756
0.02,1574866
0.02,1606579
0.02,1577881
0.02,1606529
0.02,1620840
0.02,1561008
0.02,1523090
0.02,1528475
0.02,1486159
0.02,1443636
0.02,1411343
0.02,1389785
0.02,1437601
0.02,1435023
0.02,1442767
0.02,1430002
0.02,1466767
0.02,1472543
0.03,1491191
0.03,1466641
0.03,1372372
0.03,1347128
0.03,1325992
0.03,1329533
0.03,1326292
0.03,1324272
0.03,1331810
0.03,1342808
0.03,1355814
0.03,1384934
0.03,1405238
0.03,1362609
0.03,1357784
0.03,1351643
0.03,1372460
0.03,1395701
0.03,1392861
0.03,1403634
0.03,1412911
0.03,1492002
0.03,1498877
0.03,1542898
0.03,1536699
0.03,1561894
0.03,1593848
0.03,1627469
0.03,1645763
0.03,1720406
0.03,1679814
0.03,1681078
0.03,1628389
0.03,1600947
0.03,1609945
0.03,1545733
0.03,1466562
0.03,1477910
0.03,1426167
0.03,1413623
0.03,1390660
0.03,1367808
0.03,1413753
0.03,1453995
0.03,1467920
0.03,1505697
0.03,1486841
0.03,1480533
0.03,1455276
0.03,1427339
0.03,1342740
0.03,1320413
0.03,1320892
0.03,1318396
0.03,1315558
0.03,1312829
0.03,1315737
0.03,1321328
0.03,1338940
0.03,1324722
0.03,1316787
0.03,1318395
0.03,1317145
0.03,1322100
0.03,1329439
0.03,1367485
0.03,1360135
0.03,1362439
0.03,1359990
0.03,1369403
0.03,1378928
0.03,1387619
0.03,1376788
0.03,1418584
0.03,1382732
0.03,1398400
0.03,1390613
0.03,1461779
0.03,1471471
0.03,1452432
0.03,1452395
0.03,1470094
0.03,1573393
0.03,1600313
0.03,1628609
0.03,1628748
0.03,1690479
0.03,1717823
0.03,1754499
0.03,1734451
0.03,1725037
0.03,1617388
0.03,1603554
0.03,1523552
0.03,1504452
0.03,1523772
0.03,1482236
0.03,1543442
0.03,1569765
0.03,1548941
0.03,1528147
0.03,1489498
0.03,1424011
0.03,1435197
0.03,1438576
0.03,1425233
0.03,1336503
0.03,1331386
0.03,1310483
0.03,1309526
0.03,1307986
0.03,1306476
0.03,1305007
0.03,1303672
0.03,1311104
0.03,1304058
0.03,1341424
0.03,1315416
0.03,1300494
0.03,1299316
0.03,1298155
0.03,1297077
0.03,1296217
0.03,1295527
0.03,1294986
0.03,1294731
0.03,1294335
0.03,1294081
0.03,1293880
0.03,1293800
0.03,1293735
0.03,1293684
