0.00, 10218559
0.00, 10208668
0.00, 10126417
0.00, 10126096
0.00, 10114226
0.00, 10113791
0.00, 10110170
0.00, 10001639
0.00, 9940432
0.00, 9915426
0.00, 9713320
0.00, 9541825
0.00, 9538921
0.00, 9467099
0.00, 9411562
0.00, 9297486
0.00, 9296168
0.00, 9260766
0.00, 9223832
0.00, 9187373
0.00, 9184399
0.00, 9165564
0.00, 9057245
0.00, 9051808
0.00, 9042881
0.00, 9038403
0.00, 9038063
0.00, 9011135
0.00, 9004339
0.00, 8872922
0.00, 8862307
0.00, 8843762
0.00, 8795329
0.00, 8614753
0.00, 8485416
0.00, 8466206
0.00, 8452011
0.00, 8418652
0.00, 8384432
0.00, 8335394
0.00, 8296520
0.00, 8264936
0.00, 8264525
0.00, 8261108
0.00, 8260487
0.00, 8243891
0.00, 8069771
0.00, 8033692
0.00, 8030592
0.00, 8027320
0.00, 7956420
0.00, 7918294
0.00, 7837110
0.01, 7794077
0.01, 7791562
0.01, 7782121
0.01, 7780885
0.01, 7623715
0.01, 7615196
0.01, 7609460
0.01, 7593940
0.01, 7513126
0.01, 7509651
0.01, 7423876
0.01, 7421572
0.01, 7405639
0.01, 7367622
0.01, 7269615
0.01, 7258867
0.01, 7249240
0.01, 7239705
0.01, 7189651
0.01, 6996557
0.01, 6994936
0.01, 6989576
0.01, 6733814
0.01, 6728744
0.01, 6650625
0.01, 6636906
0.01, 6612183
0.01, 6594793
0.01, 6594162
0.01, 6557031
0.01, 6550942
0.01, 6342242
0.01, 6287614
0.01, 6285228
0.01, 6200431
0.01, 6185591
0.01, 6154855
0.01, 6142375
0.01, 6103976
0.01, 6094338
0.01, 6046693
0.01, 6003874
0.01, 5968855
0.01, 5930914
0.01, 5899708
0.01, 5887392
0.01, 5878712
0.01, 5796635
0.01, 5792508
0.01, 5771079
0.01, 5744878
0.01, 5726097
0.01, 5643979
0.01, 5598902
0.01, 5472369
0.01, 5433001
0.01, 5412035
0.01, 5411749
0.01, 5409699
0.01, 5397938
0.01, 5392728
0.01, 5351871
0.01, 5341219
0.01, 5321887
0.01, 5311338
0.01, 5310436
0.01, 5211740
0.01, 5211006
0.01, 5079105
0.01, 5078918
0.01, 5071090
0.01, 5052226
0.01, 5047368
0.01, 5041014
0.01, 5022442
0.01, 4973360
0.01, 4970489
0.01, 4964409
0.01, 4936216
0.01, 4934122
0.01, 4933993
0.01, 4933466
0.01, 4914733
0.01, 4900739
0.01, 4885496
0.01, 4884065
0.01, 4881956
0.01, 4855262
0.01, 4854899
0.01, 4853389
0.01, 4763622
0.01, 4633498
0.01, 4632041
0.01, 4630593
0.01, 4594773
0.01, 4547096
0.01, 4535486
0.01, 4531379
0.01, 4488555
0.01, 4355035
0.01, 4347277
0.01, 4292997
0.01, 4290873
0.01, 4273780
0.01, 4259612
0.01, 4201733
0.01, 4193641
0.01, 4183136
0.01, 4180682
0.01, 4121150
0.01, 4106085
0.01, 4103487
0.01, 4072594
0.01, 4054734
0.01, 3996425
0.01, 3954265
0.01, 3948364
0.01, 3947595
0.01, 3934299
0.01, 3932699
0.01, 3922081
0.01, 3819862
0.01, 3816160
0.01, 3814851
0.01, 3814438
0.01, 3795624
0.01, 3794834
0.01, 3684154
0.01, 3683972
0.01, 3663526
0.01, 3658739
0.01, 3631273
0.01, 3627280
0.01, 3582447
0.01, 3580243
0.01, 3567974
0.01, 3566626
0.01, 3545868
0.01, 3533670
0.01, 3514388
0.01, 3489609
0.01, 3482241
0.01, 3481250
0.01, 3480673
0.01, 3429291
0.01, 3409470
0.01, 3394353
0.01, 3389465
0.01, 3339118
0.01, 3295146
0.01, 3288540
0.01, 3269989
0.01, 3214037
0.01, 3190290
0.01, 3166056
0.02, 3163910
0.02, 3158740
0.02, 3114350
0.02, 3111493
0.02, 3064330
0.02, 3005435
0.02, 3004081
0.02, 3003988
0.02, 3003586
0.02, 2997620
0.02, 2977438
0.02, 2976811
0.02, 2968900
0.02, 2956802
0.02, 2950464
0.02, 2943973
0.02, 2922110
0.02, 2875377
0.02, 2874281
0.02, 2873353
0.02, 2873041
0.02, 2850435
0.02, 2849837
0.02, 2841641
0.02, 2825837
0.02, 2825467
0.02, 2819761
0.02, 2791806
0.02, 2773008
0.02, 2772776
0.02, 2772392
0.02, 2759164
0.02, 2755677
0.02, 2703104
0.02, 2702652
0.02, 2702061
0.03, 2680726
0.03, 2678020
0.03, 2677080
0.03, 2656510
0.03, 2656016
0.05, 2655164
0.05, 2633777
0.05, 2633604
0.05, 2627823
0.05, 2625813
0.05, 2625086
0.05, 2621226
0.05, 2619529
0.05, 2614295
0.05, 2611438
0.05, 2604707
0.05, 2604484
0.05, 2559867
0.05, 2552641
0.05, 2540245
0.05, 2540223
0.05, 2540071
0.08, 2531097
0.08, 2519182
0.08, 2500190
0.08, 2484652
0.08, 2473815
0.08, 2464752
0.08, 2462562
0.08, 2417692
0.08, 2408772
0.08, 2323617
0.10, 2303461
0.10, 2235216
0.10, 2230048
0.10, 2229277
0.10, 2226542
0.10, 2225115
0.10, 2224886
0.10, 2220264
0.10, 2209414
0.10, 2200530
0.12, 2195899
0.12, 2193560
0.12, 2182091
0.12, 2177037
0.13, 2167489
0.13, 2165615
0.13, 2131455
0.13, 2130792
0.13, 2130117
0.13, 2127291
0.13, 2114857
0.13, 2114651
0.13, 2104173
0.13, 2099071
0.13, 2098717
0.13, 2045503
0.13, 2035260
0.13, 2033986
0.16, 2010869
0.16, 2008512
0.16, 2000384
0.16, 1973538
0.16, 1971833
0.16, 1961099
0.16, 1960595
0.16, 1954504
0.16, 1927529
0.16, 1924969
0.16, 1922386
0.17, 1919950
0.17, 1910996
0.17, 1896727
0.17, 1877271
0.17, 1871108
0.18, 1868751
0.18, 1861726
0.18, 1858580
0.18, 1858210
0.18, 1832266
0.18, 1830880
0.18, 1829043
0.18, 1824970
0.18, 1822018
0.18, 1820522
0.18, 1816649
0.18, 1812934
0.18, 1808025
0.18, 1808019
0.18, 1806505
0.18, 1804568
0.18, 1803962
0.18, 1803452
0.18, 1797484
0.18, 1781070
0.18, 1740584
0.18, 1739154
0.18, 1734096
0.18, 1731985
0.18, 1730686
0.18, 1730444
0.18, 1729029
0.18, 1669465
0.18, 1643784
0.18, 1635169
0.18, 1630762
0.29, 1627591
0.29, 1622651
0.29, 1621002
0.30, 1618266
0.30, 1612824
0.30, 1606532
0.30, 1565002
0.30, 1546010
0.30, 1542054
0.30, 1540941
0.30, 1532024
0.30, 1514554
0.30, 1512823
0.30, 1506595
0.30, 1501967
0.30, 1500713
0.30, 1492509
0.30, 1481319
0.31, 1468203
0.31, 1465550
0.37, 1463996
0.38, 1461386
0.38, 1453555
0.38, 1450362
0.38, 1449777
0.38, 1443308
0.38, 1441616
0.38, 1436218
0.38, 1423307
0.38, 1422423
0.38, 1422244
0.38, 1417148
0.38, 1408178
0.38, 1407089
0.38, 1397472
0.38, 1396235
0.38, 1392243
0.38, 1391945
0.38, 1388350
0.38, 1384634
0.38, 1381938
0.38, 1380525
0.38, 1379567
0.45, 1377230
0.45, 1376641
0.45, 1372912
0.45, 1372850
0.46, 1371629
0.46, 1371282
0.46, 1369805
0.46, 1368600
0.46, 1368384
0.46, 1367888
0.46, 1366613
0.46, 1366040
0.46, 1365401
0.47, 1360644
0.47, 1351615
0.48, 1351255
0.48, 1351043
0.48, 1348224
0.48, 1343016
0.48, 1342096
0.48, 1342048
0.48, 1341307
0.48, 1335023
0.48, 1334907
0.48, 1331365
0.48, 1331157
0.48, 1330506
0.48, 1330144
0.48, 1325668
0.49, 1325320
0.49, 1325258
0.49, 1322894
0.49, 1321900
0.49, 1321271
0.49, 1314481
0.49, 1307938
0.49, 1307849
0.49, 1307675
0.52, 1304479
0.52, 1303157
0.52, 1302171
0.52, 1300481
0.52, 1297569
0.52, 1296857
0.52, 1290378
0.52, 1289564
0.52, 1277907
0.52, 1277677
0.52, 1274765
0.52, 1268656
0.53, 1263205
0.54, 1263003
0.55, 1260406
0.55, 1255839
0.55, 1252047
0.55, 1251544
0.61, 1240064
0.61, 1232548
0.61, 1228913
0.62, 1227827
0.62, 1226968
0.62, 1220925
0.65, 1218831
0.70, 1218127
0.70, 1217900
0.70, 1210587
0.70, 1209852
0.71, 1208661
0.72, 1204020
0.72, 1203803
0.72, 1203701
0.75, 1203566
0.79, 1203062
0.79, 1201319
0.79, 1200324
0.81, 1199466
0.81, 1196363
0.81, 1194874
0.81, 1194694
0.84, 1194624
0.84, 1193599
0.85, 1193150
0.85, 1192496
0.85, 1191540
0.85, 1191489
0.85, 1191463
0.85, 1191038
0.85, 1189142
0.85, 1189131
0.85, 1189017
0.85, 1188887
0.86, 1187058
0.87, 1185493
0.87, 1185140
0.87, 1184132
1.00, 1183531
1.01, 1183218
1.01, 1183071
1.01, 1182342
1.01, 1181800
1.03, 1181543
1.03, 1181144
1.03, 1179830
1.12, 1178554
1.15, 1178451
1.15, 1178231
1.20, 1178182
1.23, 1177980
1.23, 1177853
1.24, 1177119
1.25, 1177055
1.25, 1176913
1.25, 1176536
1.25, 1176421
1.31, 1176276
1.41, 1176202
1.42, 1176151
