0.00, 10001860
0.00, 9925173
0.00, 9883326
0.00, 9741838
0.00, 9738814
0.00, 9738091
0.00, 9504078
0.00, 9487107
0.00, 9481452
0.00, 9481058
0.00, 9244148
0.00, 9243869
0.00, 9230210
0.00, 9216685
0.00, 9202496
0.00, 9195078
0.00, 9169530
0.00, 9163451
0.00, 9035675
0.00, 9012377
0.00, 8959134
0.00, 8956537
0.00, 8898094
0.00, 8898075
0.00, 8881579
0.00, 8880938
0.00, 8633680
0.00, 8611912
0.00, 8492297
0.00, 8470166
0.00, 8448734
0.00, 8426704
0.00, 8419900
0.00, 8418253
0.00, 8390260
0.00, 8295380
0.00, 8252742
0.00, 8176412
0.00, 8160212
0.01, 8157523
0.01, 8134399
0.01, 8122552
0.01, 8119688
0.01, 8029477
0.01, 7980008
0.01, 7871553
0.01, 7791347
0.01, 7784890
0.01, 7702632
0.01, 7646661
0.01, 7641933
0.01, 7620344
0.01, 7616292
0.01, 7616236
0.01, 7594552
0.01, 7509027
0.01, 7499232
0.01, 7496123
0.01, 7463130
0.01, 7449968
0.01, 7447838
0.01, 7439069
0.01, 7352484
0.01, 7238073
0.01, 7140907
0.01, 6960311
0.01, 6953385
0.01, 6951511
0.01, 6937160
0.01, 6880234
0.01, 6852088
0.01, 6825669
0.01, 6810205
0.01, 6789823
0.01, 6741829
0.01, 6738393
0.01, 6623460
0.01, 6623342
0.01, 6552177
0.01, 6552120
0.01, 6410990
0.01, 6407410
0.01, 6396332
0.01, 6354401
0.01, 6349148
0.01, 6335304
0.01, 6285576
0.01, 6280020
0.01, 6270649
0.01, 6257380
0.01, 6251351
0.01, 6227149
0.01, 6154250
0.01, 6130602
0.01, 6112168
0.01, 6083723
0.01, 6079250
0.01, 6073357
0.01, 6056306
0.01, 6053058
0.01, 6027529
0.01, 6005509
0.01, 5987115
0.01, 5958121
0.01, 5958084
0.01, 5946628
0.01, 5942572
0.01, 5931545
0.01, 5930499
0.01, 5913374
0.01, 5853609
0.01, 5847119
0.01, 5832083
0.01, 5805809
0.01, 5781959
0.01, 5777894
0.01, 5543246
0.01, 5538978
0.01, 5537400
0.01, 5530445
0.01, 5530064
0.01, 5527176
0.01, 5521684
0.01, 5374466
0.01, 5370091
0.01, 5369996
0.01, 5361813
0.01, 5339270
0.01, 5272000
0.01, 5270033
0.01, 5225461
0.01, 5164202
0.01, 5162380
0.01, 5122931
0.01, 5091353
0.01, 5090176
0.01, 5079689
0.01, 4942601
0.01, 4892173
0.01, 4881462
0.01, 4852916
0.01, 4850880
0.01, 4849644
0.01, 4811614
0.01, 4811368
0.01, 4805094
0.01, 4792858
0.01, 4784126
0.01, 4784018
0.01, 4783932
0.01, 4752330
0.01, 4751741
0.01, 4726159
0.01, 4717698
0.01, 4713638
0.01, 4693482
0.01, 4692698
0.01, 4684736
0.01, 4679900
0.01, 4675639
0.01, 4661992
0.01, 4649963
0.01, 4649385
0.01, 4643058
0.01, 4632914
0.01, 4632440
0.01, 4614528
0.01, 4576003
0.01, 4572111
0.01, 4381896
0.01, 4380665
0.01, 4350052
0.01, 4303473
0.01, 4303335
0.01, 4273488
0.01, 4242235
0.01, 4197867
0.01, 4179646
0.01, 4165995
0.01, 4128302
0.01, 4124285
0.01, 4121502
0.01, 4092756
0.01, 4088502
0.01, 4081448
0.01, 4078773
0.01, 4075750
0.01, 4071278
0.01, 4068597
0.01, 4068155
0.01, 4010036
0.01, 4009813
0.01, 4008086
0.01, 3959963
0.01, 3958979
0.01, 3953623
0.01, 3942425
0.01, 3918379
0.01, 3830946
0.01, 3829397
0.01, 3820859
0.01, 3819628
0.01, 3811756
0.01, 3807174
0.01, 3773421
0.01, 3773408
0.01, 3626096
0.01, 3625451
0.01, 3624430
0.01, 3621635
0.01, 3615072
0.01, 3599885
0.01, 3592624
0.01, 3557931
0.01, 3551406
0.01, 3537085
0.01, 3533490
0.01, 3505250
0.01, 3497508
0.01, 3476063
0.01, 3472922
0.01, 3456461
0.01, 3450629
0.01, 3442596
0.01, 3438890
0.01, 3423141
0.01, 3420154
0.01, 3408117
0.01, 3343519
0.01, 3324593
0.01, 3320933
0.01, 3320078
0.01, 3318711
0.02, 3297006
0.02, 3259534
0.02, 3245457
0.02, 3231826
0.02, 3213357
0.02, 3208591
0.02, 3208522
0.02, 3175951
0.02, 3160903
0.02, 3156479
0.02, 3149026
0.02, 3148059
0.02, 3147998
0.02, 3142487
0.02, 3140546
0.02, 3138876
0.02, 3135244
0.02, 3102937
0.02, 3088919
0.02, 3080995
0.02, 3076006
0.02, 3065576
0.02, 3050815
0.02, 3039625
0.02, 3039063
0.02, 3037872
0.02, 3022611
0.02, 3022043
0.02, 2999948
0.02, 2983301
0.02, 2982924
0.02, 2978168
0.02, 2928649
0.02, 2876769
0.02, 2869600
0.02, 2868204
0.02, 2860675
0.02, 2860187
0.02, 2854440
0.02, 2854204
0.02, 2852918
0.02, 2852072
0.02, 2832421
0.02, 2832153
0.02, 2819179
0.02, 2818905
0.02, 2818676
0.02, 2788502
0.03, 2774937
0.03, 2749724
0.03, 2737593
0.03, 2722338
0.03, 2720795
0.03, 2714067
0.03, 2680884
0.03, 2642411
0.03, 2641149
0.03, 2624398
0.03, 2609601
0.03, 2600493
0.03, 2592099
0.03, 2566958
0.03, 2559195
0.03, 2556674
0.03, 2550810
0.03, 2532519
0.03, 2532157
0.03, 2531872
0.03, 2523407
0.03, 2494023
0.03, 2480444
0.06, 2477645
0.06, 2461182
0.06, 2460912
0.06, 2460177
0.06, 2460068
0.06, 2455932
0.06, 2453876
0.07, 2447863
0.07, 2445736
0.07, 2442792
0.07, 2441822
0.07, 2429441
0.07, 2423310
0.07, 2423134
0.08, 2411155
0.08, 2410476
0.08, 2401186
0.08, 2398338
0.08, 2347703
0.08, 2345560
0.08, 2300663
0.08, 2279520
0.12, 2278921
0.12, 2277137
0.12, 2276499
0.12, 2274737
0.12, 2253946
0.12, 2253347
0.12, 2252840
0.12, 2240477
0.12, 2240434
0.12, 2220037
0.14, 2215479
0.14, 2213698
0.14, 2210893
0.14, 2192758
0.14, 2168856
0.14, 2168573
0.14, 2166838
0.14, 2162651
0.14, 2151109
0.14, 2140472
0.14, 2128590
0.15, 2127856
0.15, 2126509
0.15, 2121349
0.15, 2120565
0.16, 2103144
0.16, 2095076
0.16, 2088645
0.16, 2088095
0.16, 2083056
0.16, 2080209
0.16, 2076834
0.16, 2073761
0.16, 2069084
0.16, 2057367
0.16, 2054442
0.16, 2053324
0.16, 2052435
0.16, 2048364
0.16, 2038947
0.16, 2033597
0.16, 2028893
0.16, 2027978
0.16, 2024187
0.16, 2016470
0.16, 2016097
0.16, 2015608
0.16, 2004611
0.16, 2001029
0.16, 1999594
0.16, 1997244
0.16, 1993854
0.16, 1993741
0.16, 1989340
0.16, 1988414
0.16, 1987689
0.17, 1979572
0.17, 1974160
0.18, 1963656
0.18, 1957633
0.18, 1953310
0.20, 1942810
0.20, 1939717
0.20, 1936564
0.20, 1933700
0.20, 1933322
0.20, 1913267
0.20, 1912710
0.20, 1911370
0.20, 1909875
0.20, 1908416
0.20, 1905060
0.20, 1904644
0.20, 1897915
0.20, 1897797
0.20, 1893930
0.22, 1889917
0.22, 1881912
0.22, 1881024
0.22, 1879837
0.22, 1856863
0.22, 1849319
0.22, 1822202
0.22, 1779685
0.22, 1778380
0.24, 1773828
0.24, 1773765
0.24, 1772325
0.24, 1757971
0.24, 1756552
0.24, 1750534
0.24, 1749333
0.24, 1748575
0.24, 1748203
0.24, 1734355
0.24, 1732597
0.24, 1727074
0.24, 1726256
0.24, 1725723
0.24, 1700333
0.24, 1695294
0.24, 1681051
0.24, 1677094
0.24, 1636894
0.24, 1633299
0.24, 1632101
0.24, 1628368
0.27, 1612305
0.27, 1602028
0.27, 1601925
0.29, 1598273
0.29, 1595474
0.29, 1593937
0.30, 1592926
0.30, 1573525
0.30, 1573295
0.30, 1568951
0.30, 1563022
0.30, 1557169
0.30, 1557155
0.30, 1554171
0.30, 1548240
0.30, 1542407
0.30, 1539113
0.30, 1539070
0.30, 1535715
0.31, 1531341
0.35, 1531089
0.35, 1527392
0.35, 1521945
0.35, 1520479
0.35, 1510415
0.35, 1502235
0.35, 1501568
0.35, 1496767
0.35, 1477469
0.35, 1476993
0.35, 1473057
0.35, 1468295
0.35, 1460409
0.35, 1454747
0.36, 1452491
0.36, 1451817
0.36, 1446432
0.36, 1439933
0.36, 1436075
0.36, 1421682
0.36, 1418332
0.36, 1418109
0.36, 1409702
0.36, 1403127
0.37, 1400599
0.41, 1399163
0.41, 1398942
0.41, 1395057
0.43, 1382969
0.43, 1374817
0.43, 1374089
0.43, 1371883
0.43, 1360944
0.43, 1349919
0.43, 1344712
0.43, 1342810
0.43, 1341944
0.43, 1341460
0.43, 1340472
0.43, 1333310
0.43, 1333299
0.43, 1332720
0.43, 1331093
0.43, 1329945
0.43, 1329794
0.43, 1328377
0.48, 1326182
0.48, 1320710
0.48, 1314467
0.48, 1313497
0.48, 1308568
0.48, 1302845
0.48, 1302623
0.48, 1298820
0.48, 1296954
0.48, 1295146
0.48, 1288480
0.48, 1287903
0.48, 1285968
0.48, 1285810
0.50, 1285785
0.51, 1279160
0.51, 1276167
0.51, 1274508
0.51, 1272590
0.51, 1267938
0.51, 1264584
0.51, 1263745
0.51, 1260052
0.57, 1259845
0.57, 1258591
0.57, 1258309
0.57, 1257657
0.57, 1256538
0.57, 1255867
0.60, 1253820
0.60, 1253644
0.60, 1250916
0.60, 1248896
0.60, 1248655
0.60, 1245865
0.60, 1244315
0.62, 1244075
0.62, 1241636
0.65, 1235911
0.65, 1234310
0.65, 1232428
0.65, 1232248
0.65, 1229347
0.65, 1227463
0.66, 1226669
0.66, 1225196
0.66, 1225054
0.67, 1225000
0.67, 1224987
0.67, 1221671
0.67, 1218551
0.67, 1217734
0.67, 1213891
0.67, 1213650
0.67, 1213201
0.73, 1211028
0.73, 1208027
0.73, 1207159
0.73, 1205018
0.73, 1197285
0.73, 1196881
0.82, 1196138
0.88, 1195882
0.88, 1195405
0.88, 1193933
0.88, 1193612
0.88, 1192104
0.88, 1191962
0.88, 1191745
0.88, 1191535
0.88, 1190966
0.88, 1190425
0.88, 1189896
0.90, 1188930
0.91, 1186333
0.91, 1186116
0.91, 1185896
0.91, 1184667
0.91, 1184430
0.99, 1184311
0.99, 1184145
0.99, 1184068
0.99, 1183004
0.99, 1182406
0.99, 1182163
0.99, 1181665
0.99, 1180970
1.02, 1180461
1.02, 1180419
1.02, 1180353
1.03, 1180061
1.04, 1179275
1.05, 1179138
1.08, 1178599
1.11, 1177777
1.11, 1176752
1.11, 1176701
1.11, 1176590
1.30, 1176337
1.38, 1176323
1.38, 1176272
3.39, 1176267
3.51, 1176202
3.52, 1176151
