0.00,10375291
0.00,10040948
0.00,9720903
0.00,9353442
0.00,8883369
0.00,8667957
0.00,8535859
0.00,8336604
0.00,8047045
0.00,7712580
0.00,7707322
0.00,7448068
0.00,7296951
0.00,7265233
0.00,6856450
0.00,6828194
0.00,6711729
0.00,6739540
0.00,6630189
0.00,6434633
0.00,6443346
0.00,6550202
0.00,6542764
0.00,6405455
0.00,6441821
0.00,6307448
0.00,6302007
0.00,6337563
0.00,6258068
0.00,6148152
0.00,6052502
0.00,6064933
0.00,6234313
0.00,5798475
0.00,5717262
0.00,5529492
0.00,5584237
0.01,5400835
0.01,5175839
0.01,4973020
0.01,4969194
0.01,4982763
0.01,4961911
0.01,4823652
0.01,4794536
0.01,4871383
0.01,4794628
0.01,4574254
0.01,4601165
0.01,4608007
0.01,4526134
0.01,4534604
0.01,4705483
0.01,4464989
0.01,4370547
0.01,4397862
0.01,4250812
0.01,4246861
0.01,4152828
0.01,4138961
0.01,4009360
0.01,3865312
0.01,3927580
0.01,3941796
0.01,3833493
0.01,3804213
0.01,3702194
0.01,3648123
0.01,3601641
0.01,3645510
0.01,3680587
0.01,3680804
0.01,3617932
0.01,3611038
0.01,3597205
0.01,3499425
0.01,3500280
0.01,3451501
0.01,3426175
0.01,3358178
0.01,3275459
0.01,3225694
0.01,3202568
0.01,3231181
0.01,3222435
0.01,3232694
0.01,3143456
0.01,3079594
0.01,3134644
0.01,3191971
0.01,3190244
0.01,3072072
0.01,3098373
0.01,3124751
0.01,3171964
0.01,3081599
0.01,3081670
0.01,3098759
0.01,3078297
0.01,3100010
0.01,3123202
0.01,2948428
0.01,2869106
0.01,2877898
0.01,2875704
0.01,2796053
0.01,2844771
0.01,2752358
0.01,2689914
0.01,2668693
0.01,2685256
0.01,2714089
0.01,2684962
0.01,2785823
0.01,2757159
0.01,2745490
0.01,2824781
0.01,2864033
0.01,2869688
0.01,2888148
0.01,2890847
0.01,2888475
0.01,2765831
0.01,2605627
0.01,2539046
0.01,2582930
0.01,2515333
0.01,2500164
0.01,2481422
0.01,2439482
0.01,2438579
0.01,2420700
0.01,2360162
0.01,2350446
0.01,2353649
0.01,2309303
0.01,2312273
0.01,2294572
0.01,2315846
0.01,2296174
0.01,2264389
0.01,2268078
0.01,2261635
0.01,2206025
0.01,2181820
0.01,2141193
0.01,2129464
0.01,2127777
0.01,2116276
0.01,2095750
0.01,2099415
0.01,2096038
0.01,2100771
0.01,2068759
0.01,2074633
0.01,2083173
0.01,2063808
0.01,2035204
0.01,2030924
0.01,2019393
0.01,2000556
0.01,1998972
0.01,1997836
0.01,2008604
0.01,1991239
0.01,2051774
0.01,2022090
0.01,1959086
0.01,2002541
0.01,2070806
0.01,2109721
0.01,2087561
0.01,2101446
0.01,2039058
0.01,2088672
0.01,2054462
0.01,2042814
0.01,2134594
0.01,2029096
0.01,2066834
0.01,2074129
0.01,2018027
0.01,1996284
0.01,1992901
0.01,1997820
0.01,1936977
0.01,1961528
0.01,1951132
0.01,1960189
0.01,1970662
0.01,1931101
0.01,1938763
0.01,1911052
0.01,1889715
0.01,1902375
0.01,1983921
0.01,1895857
0.01,1812173
0.01,1801652
0.01,1844378
0.01,1878258
0.01,1950311
0.01,1959941
0.01,1932307
0.01,1940805
0.01,1959528
0.01,1946183
0.01,1904743
0.01,1933547
0.01,2019455
0.01,1957235
0.01,1973140
0.01,1923999
0.01,1864345
0.01,1842265
0.01,1825728
0.01,1842710
0.01,1783625
0.01,1764556
0.01,1796664
0.01,1889528
0.01,1886924
0.01,1864953
0.01,1915332
0.02,1940455
0.02,1924258
0.02,1906882
0.02,1933233
0.02,1993458
0.02,1932328
0.02,1947485
0.02,1886220
0.02,1814408
0.02,1797477
0.02,1804437
0.02,1799875
0.02,1759110
0.02,1739830
0.02,1720690
0.02,1702905
0.02,1701752
0.02,1685503
0.02,1730192
0.02,1745192
0.02,1740263
0.02,1780861
0.02,1675321
0.02,1708344
0.02,1731052
0.02,1748333
0.02,1748427
0.02,1842676
0.02,1853343
0.02,1831529
0.02,1853841
0.02,1844312
0.02,1865151
0.02,1882150
0.02,1906594
0.02,1794235
0.02,1752199
0.02,1750969
0.02,1726911
0.02,1749319
0.02,1821372
0.02,1831002
0.02,1808155
0.02,1841278
0.02,1830606
0.02,1815486
0.02,1775804
0.02,1804608
0.02,1890516
0.02,1828296
0.02,1831541
0.02,1772258
0.02,1735429
0.02,1718802
0.02,1716232
0.02,1716387
0.02,1657803
0.02,1695662
0.02,1705417
0.02,1754624
0.02,1736997
0.02,1823142
0.02,1830584
0.02,1858174
0.02,1858354
0.02,1859595
0.02,1863914
0.02,1875576
0.02,1874809
0.02,1767432
0.02,1752984
0.02,1762621
0.02,1721508
0.02,1741001
0.02,1803577
0.02,1780901
0.02,1751442
0.02,1794057
0.02,1773773
0.02,1772908
0.02,1744776
0.02,1785735
0.02,1857822
0.02,1803243
0.02,1812971
0.02,1758363
0.02,1700064
0.02,1684924
0.02,1666152
0.02,1661902
0.02,1627083
0.02,1620176
0.02,1614320
0.02,1603403
0.02,1656844
0.02,1660057
0.02,1706197
0.02,1701241
0.02,1688786
0.02,1698407
0.02,1581251
0.02,1567451
0.02,1569991
0.02,1600403
0.02,1598753
0.02,1609754
0.02,1643256
0.02,1608862
0.02,1613230
0.02,1557272
0.02,1633710
0.02,1712836
0.02,1712665
0.02,1738803
0.02,1752277
0.02,1773624
0.02,1742114
0.02,1802317
0.02,1791466
0.02,1794432
0.02,1856552
0.02,1841593
0.02,1855032
0.02,1866419
0.02,1854461
0.02,1860760
0.02,1811071
0.02,1775504
0.02,1771391
0.02,1752952
0.02,1745846
0.02,1747409
0.02,1734792
0.02,1797516
0.02,1767919
0.02,1778939
0.02,1785825
0.02,1848117
0.02,1846103
0.02,1846934
0.02,1848005
0.02,1734957
0.02,1699742
0.02,1692697
0.02,1663007
0.02,1671965
0.02,1755058
0.02,1736274
0.02,1695565
0.02,1714976
0.02,1702324
0.02,1701542
0.02,1685234
0.02,1711650
0.02,1789028
0.02,1720134
0.02,1737148
0.02,1684070
0.02,1622749
0.02,1550958
0.02,1524436
0.02,1508516
0.02,1513057
0.02,1523303
0.02,1551118
0.02,1535221
0.02,1548861
0.02,1558473
0.02,1538196
0.02,1541656
0.02,1479790
0.02,1464714
0.02,1450504
0.02,1436936
0.02,1442412
0.02,1422947
0.02,1461862
0.02,1496254
0.02,1546573
0.02,1606947
0.02,1627485
0.02,1630463
0.02,1621856
0.02,1599435
0.02,1612325
0.02,1610340
0.02,1691416
0.02,1713245
0.02,1745763
0.02,1784921
0.02,1774747
0.02,1735905
0.02,1738262
0.02,1724633
0.02,1722519
0.02,1669684
0.02,1644011
0.02,1643024
0.02,1643189
0.02,1640424
0.02,1651995
0.02,1637978
0.02,1713186
0.02,1699660
0.02,1704836
0.02,1706481
0.02,1712152
0.02,1714257
0.02,1711382
0.02,1734035
0.02,1624998
0.02,1599977
0.02,1583830
0.02,1526984
0.02,1511184
0.02,1547184
0.02,1541418
0.02,1517444
0.02,1533817
0.02,1518776
0.02,1485837
0.02,1475624
0.02,1536125
0.02,1622980
0.02,1524997
0.02,1504474
0.02,1461713
0.02,1410283
0.02,1398033
0.02,1387213
0.02,1376863
0.02,1379760
0.02,1380425
0.02,1388719
0.02,1379935
0.02,1383377
0.02,1366543
0.02,1358136
0.02,1350170
0.02,1346959
0.02,1343745
0.02,1335972
0.02,1337651
0.02,1335638
0.02,1336017
0.02,1331230
0.02,1334611
0.02,1342861
0.02,1323233
0.02,1313732
0.02,1308284
0.02,1303150
0.02,1298389
0.02,1293947
0.02,1290256
0.02,1286666
0.02,1286791
0.02,1285458
0.02,1281767
0.02,1281063
0.02,1282286
0.02,1278613
0.02,1290286
0.02,1295000
0.02,1278770
0.02,1274867
0.02,1287193
0.02,1272269
0.02,1279440
0.02,1270222
0.02,1267876
0.02,1267307
0.02,1265063
0.02,1314811
0.02,1320355
0.02,1373140
0.02,1399786
0.02,1482483
0.02,1479500
0.02,1473733
0.02,1468514
0.02,1462903
0.02,1464595
0.02,1472176
0.02,1602669
0.02,1609290
0.02,1609111
0.02,1602839
0.02,1599776
0.02,1592264
0.02,1584875
0.02,1587697
0.02,1577132
0.02,1531593
0.02,1509527
0.02,1496814
0.02,1514113
0.02,1510160
0.02,1527225
0.02,1509759
0.02,1570937
0.02,1561516
0.02,1576548
0.02,1575201
0.02,1575159
0.02,1578108
0.02,1568765
0.02,1563329
0.02,1459751
0.02,1423224
0.02,1413927
0.02,1354374
0.02,1330283
0.02,1393525
0.02,1372079
0.02,1372368
0.02,1386378
0.02,1346781
0.02,1337452
0.02,1364086
0.02,1402406
0.02,1402211
0.02,1350655
0.02,1383183
0.02,1315160
0.02,1262844
0.02,1260878
0.02,1260796
0.02,1285503
0.02,1300116
0.03,1309607
0.03,1314328
0.03,1318930
0.03,1303629
0.03,1276492
0.03,1266659
0.03,1267715
0.03,1265374
0.03,1266554
0.03,1268830
0.03,1277361
0.03,1279689
0.03,1275048
0.03,1286555
0.03,1259134
0.03,1260337
0.03,1291492
0.03,1305275
0.03,1312562
0.03,1297171
0.03,1270910
0.03,1259558
0.03,1262960
0.03,1260615
0.03,1262730
0.03,1260270
0.03,1260010
0.03,1260323
0.03,1266899
0.03,1270253
0.03,1261142
0.03,1253772
0.03,1252369
0.03,1269157
0.03,1262014
0.03,1263266
0.03,1252922
0.03,1248211
0.03,1248245
0.03,1253162
0.03,1263620
0.03,1246446
0.03,1251874
0.03,1257698
0.03,1261467
0.03,1252374
0.03,1243382
0.03,1245869
0.03,1246547
0.03,1247185
0.03,1248155
0.03,1251558
0.03,1252068
0.03,1250039
0.03,1241754
0.03,1240141
0.03,1238349
0.03,1236824
0.03,1235533
0.03,1286859
0.03,1291589
0.03,1318469
0.03,1331946
0.03,1371751
0.03,1424521
0.03,1428630
0.03,1424747
0.03,1431648
0.03,1453663
0.03,1489302
0.03,1501563
0.03,1608854
0.03,1592673
0.03,1583754
0.03,1576949
0.03,1572645
0.03,1571088
0.03,1563757
0.03,1562685
0.03,1552661
0.03,1503494
0.03,1470821
0.03,1470806
0.03,1493770
0.03,1483941
0.03,1498808
0.03,1481342
0.03,1547280
0.03,1536437
0.03,1547693
0.03,1545607
0.03,1540211
0.03,1539791
0.03,1532247
0.03,1523448
0.03,1417291
0.03,1348082
0.03,1343434
0.03,1294303
0.03,1296399
0.03,1343344
0.03,1351828
0.03,1340308
0.03,1333475
0.03,1318032
0.03,1347993
0.03,1347304
0.03,1303562
0.03,1372460
0.03,1352346
0.03,1338855
0.03,1234427
0.03,1233621
0.03,1233022
0.03,1232615
0.03,1232361
0.03,1232154
0.03,1232089
