0.00, 10094433
0.00, 9957019
0.00, 9941165
0.00, 9938358
0.00, 9936384
0.00, 9935205
0.00, 9794521
0.00, 9744780
0.00, 9699420
0.00, 9670256
0.00, 9608632
0.00, 9605829
0.00, 9605598
0.00, 9543113
0.00, 9536116
0.00, 9501666
0.00, 9487976
0.00, 9429703
0.00, 9385240
0.00, 9381246
0.00, 9229644
0.00, 9214310
0.00, 9116577
0.00, 9114172
0.00, 9112660
0.00, 9085769
0.00, 9057144
0.00, 9047996
0.00, 9043882
0.00, 9040211
0.00, 9036415
0.00, 9017809
0.00, 8998662
0.00, 8989127
0.00, 8981517
0.00, 8896956
0.00, 8874554
0.00, 8857262
0.00, 8857211
0.00, 8753146
0.00, 8699957
0.00, 8665547
0.00, 8622803
0.01, 8415410
0.01, 8278135
0.01, 8267917
0.01, 8184887
0.01, 8176523
0.01, 8167142
0.01, 8164262
0.01, 8162633
0.01, 8049011
0.01, 8041143
0.01, 8028185
0.01, 7969113
0.01, 7964956
0.01, 7831292
0.01, 7621402
0.01, 7615334
0.01, 7545569
0.01, 7531450
0.01, 7484885
0.01, 7474235
0.01, 7449703
0.01, 7414324
0.01, 7264699
0.01, 7235863
0.01, 7195319
0.01, 7124372
0.01, 7009188
0.01, 6986669
0.01, 6959690
0.01, 6946764
0.01, 6941819
0.01, 6841417
0.01, 6841331
0.01, 6835410
0.01, 6834949
0.01, 6795727
0.01, 6509338
0.01, 6500092
0.01, 6437191
0.01, 6387113
0.01, 6359821
0.01, 6357978
0.01, 6355723
0.01, 6344296
0.01, 6334449
0.01, 6204066
0.01, 6159610
0.01, 6129383
0.01, 6117363
0.01, 6112626
0.01, 6088155
0.01, 6005080
0.01, 5914573
0.01, 5860952
0.01, 5728393
0.01, 5718352
0.01, 5664712
0.01, 5615696
0.01, 5605385
0.01, 5597727
0.01, 5544365
0.01, 5544152
0.01, 5543309
0.01, 5519862
0.01, 5518127
0.01, 5450083
0.01, 5398332
0.01, 5379596
0.01, 5338450
0.01, 5317467
0.01, 5197255
0.01, 5194832
0.01, 5185413
0.01, 5184467
0.01, 5042288
0.01, 5035994
0.01, 5029752
0.01, 4918532
0.01, 4913875
0.01, 4898022
0.01, 4847741
0.01, 4829939
0.01, 4811156
0.01, 4810273
0.01, 4734136
0.01, 4720673
0.01, 4719526
0.01, 4712369
0.01, 4642187
0.01, 4642054
0.01, 4616416
0.01, 4514094
0.01, 4506122
0.01, 4504715
0.01, 4444599
0.01, 4425812
0.01, 4396860
0.01, 4334241
0.01, 4331413
0.01, 4328912
0.01, 4316196
0.01, 4278077
0.01, 4271655
0.01, 4176386
0.01, 4146415
0.01, 4124677
0.01, 4123757
0.01, 4119537
0.01, 4116794
0.01, 4115470
0.01, 4106549
0.01, 4095680
0.01, 4093683
0.01, 4070488
0.01, 4061504
0.01, 4042935
0.01, 4008876
0.01, 4005837
0.01, 3988578
0.01, 3982442
0.01, 3959400
0.01, 3910930
0.01, 3909883
0.01, 3834364
0.01, 3810589
0.01, 3781548
0.01, 3710795
0.01, 3707947
0.01, 3705195
0.01, 3694496
0.01, 3680589
0.01, 3644079
0.01, 3521946
0.01, 3517560
0.01, 3514626
0.01, 3460782
0.01, 3423169
0.01, 3403706
0.01, 3351133
0.01, 3282700
0.01, 3277996
0.01, 3270845
0.01, 3203767
0.01, 3180073
0.01, 3130921
0.01, 3121751
0.01, 3121166
0.01, 3106966
0.01, 3106865
0.01, 3103721
0.01, 3086810
0.01, 3086244
0.01, 3085302
0.01, 3083376
0.01, 3069245
0.01, 3040935
0.01, 3018213
0.01, 3017592
0.01, 3000746
0.01, 2957752
0.01, 2937792
0.01, 2937625
0.02, 2934751
0.02, 2915007
0.02, 2909406
0.02, 2906469
0.02, 2903002
0.02, 2902474
0.02, 2856964
0.02, 2854613
0.02, 2832120
0.02, 2830422
0.02, 2829391
0.02, 2823041
0.02, 2818367
0.02, 2816650
0.02, 2810675
0.02, 2810350
0.02, 2800808
0.02, 2772235
0.02, 2766374
0.02, 2765203
0.02, 2763421
0.02, 2763162
0.02, 2762244
0.02, 2746606
0.02, 2743610
0.02, 2743529
0.02, 2724418
0.02, 2712985
0.02, 2704744
0.02, 2668943
0.02, 2661239
0.03, 2654980
0.03, 2645869
0.03, 2619382
0.03, 2605412
0.06, 2594245
0.06, 2579655
0.07, 2558772
0.07, 2555039
0.07, 2551189
0.07, 2543148
0.07, 2524884
0.07, 2513258
0.07, 2511229
0.07, 2441973
0.07, 2436831
0.07, 2409350
0.07, 2404140
0.07, 2388679
0.07, 2383754
0.07, 2374422
0.07, 2363508
0.07, 2356551
0.07, 2355601
0.07, 2355547
0.07, 2347143
0.07, 2345153
0.07, 2336818
0.08, 2333517
0.08, 2328175
0.08, 2318857
0.08, 2315265
0.09, 2312520
0.09, 2287195
0.09, 2286608
0.09, 2253681
0.09, 2251932
0.09, 2251690
0.09, 2251503
0.09, 2234912
0.11, 2229723
0.11, 2187169
0.11, 2182860
0.11, 2179569
0.11, 2178509
0.11, 2157675
0.11, 2156958
0.11, 2140589
0.11, 2131879
0.13, 2125049
0.13, 2120341
0.13, 2118259
0.13, 2107618
0.13, 2097073
0.13, 2070527
0.13, 2069593
0.13, 2045293
0.16, 2034244
0.16, 1990494
0.16, 1989456
0.16, 1988507
0.16, 1985512
0.16, 1984943
0.16, 1984768
0.16, 1983932
0.16, 1967761
0.16, 1967616
0.16, 1955662
0.16, 1948222
0.16, 1942683
0.16, 1940231
0.16, 1934957
0.19, 1917591
0.19, 1912598
0.20, 1904166
0.21, 1900249
0.22, 1886147
0.22, 1883187
0.22, 1882085
0.22, 1868712
0.22, 1865174
0.22, 1857770
0.22, 1855578
0.22, 1844364
0.22, 1831518
0.22, 1825993
0.22, 1825484
0.22, 1817338
0.22, 1806622
0.22, 1803301
0.22, 1802925
0.22, 1793403
0.22, 1791577
0.22, 1778562
0.24, 1768919
0.24, 1765961
0.24, 1765791
0.24, 1764722
0.24, 1759044
0.24, 1747237
0.24, 1744865
0.25, 1736750
0.25, 1725731
0.25, 1716093
0.25, 1705622
0.25, 1705063
0.25, 1698856
0.25, 1694773
0.25, 1681182
0.25, 1676351
0.25, 1673562
0.25, 1665450
0.25, 1659718
0.25, 1654160
0.25, 1654156
0.25, 1652397
0.25, 1650064
0.25, 1644293
0.25, 1644151
0.25, 1643820
0.25, 1643303
0.25, 1638545
0.25, 1634020
0.25, 1630809
0.25, 1626416
0.26, 1623544
0.26, 1621310
0.26, 1616771
0.26, 1605631
0.26, 1603337
0.26, 1602753
0.26, 1601483
0.26, 1595757
0.26, 1595558
0.26, 1590960
0.26, 1590535
0.26, 1588423
0.29, 1588076
0.29, 1585602
0.29, 1579940
0.30, 1541128
0.30, 1540142
0.30, 1538674
0.30, 1530337
0.30, 1529835
0.30, 1522322
0.30, 1515047
0.32, 1511941
0.32, 1481959
0.32, 1480758
0.32, 1480625
0.38, 1478468
0.38, 1476157
0.38, 1475464
0.39, 1474292
0.39, 1472723
0.39, 1456780
0.39, 1456552
0.39, 1449951
0.39, 1449923
0.39, 1449069
0.40, 1447767
0.40, 1446375
0.40, 1442630
0.41, 1434781
0.41, 1427381
0.41, 1427041
0.42, 1423640
0.42, 1423060
0.42, 1420891
0.42, 1413120
0.42, 1412130
0.42, 1393365
0.42, 1393047
0.42, 1391671
0.42, 1390582
0.42, 1385930
0.42, 1380208
0.42, 1378768
0.42, 1375874
0.42, 1371016
0.42, 1370831
0.42, 1366273
0.42, 1360872
0.42, 1359821
0.42, 1357031
0.44, 1354524
0.44, 1353011
0.45, 1349391
0.45, 1345767
0.45, 1344603
0.45, 1344477
0.45, 1341687
0.45, 1340154
0.45, 1333520
0.45, 1327914
0.45, 1327836
0.45, 1319619
0.45, 1319443
0.45, 1314209
0.45, 1313635
0.45, 1308142
0.45, 1307436
0.45, 1306463
0.48, 1305542
0.51, 1304998
0.51, 1296777
0.51, 1279369
0.52, 1275619
0.52, 1271206
0.52, 1267894
0.52, 1267677
0.52, 1267642
0.52, 1267287
0.52, 1267266
0.52, 1266801
0.52, 1258431
0.52, 1255798
0.52, 1254148
0.52, 1253876
0.52, 1253299
0.52, 1250381
0.52, 1249442
0.52, 1249272
0.52, 1249210
0.52, 1247594
0.52, 1244451
0.52, 1244414
0.52, 1238421
0.52, 1236049
0.52, 1235547
0.61, 1235023
0.61, 1234717
0.61, 1233072
0.61, 1232210
0.61, 1229645
0.61, 1229494
0.61, 1227569
0.62, 1225689
0.68, 1224550
0.68, 1218654
0.68, 1216754
0.68, 1214436
0.68, 1214215
0.68, 1210729
0.72, 1207710
0.72, 1207219
0.73, 1206868
0.73, 1205688
0.76, 1204458
0.76, 1203978
0.76, 1201427
0.76, 1201426
0.76, 1197892
0.76, 1197750
0.82, 1197279
0.82, 1197122
0.82, 1197029
0.83, 1196753
0.83, 1195118
0.83, 1194716
0.83, 1190419
0.83, 1190312
0.90, 1189605
0.90, 1189596
0.90, 1189379
0.90, 1189279
0.93, 1188278
0.94, 1188132
0.94, 1187230
0.94, 1186251
0.94, 1186200
0.97, 1186025
0.97, 1185534
0.98, 1185291
1.01, 1182812
1.01, 1181203
1.01, 1181090
1.01, 1181025
1.01, 1180456
1.01, 1180109
1.01, 1179637
1.14, 1179216
1.14, 1178512
1.17, 1177869
1.17, 1177404
1.18, 1177394
1.18, 1177272
1.23, 1176983
1.26, 1176964
1.26, 1176578
1.28, 1176151
