0.00,9687926
0.00,9687512
0.00,9462253
0.00,9218704
0.00,8876980
0.00,8504717
0.00,8264233
0.00,8092441
0.00,8115494
0.00,7983207
0.00,7740373
0.00,7401569
0.00,7240463
0.00,7074512
0.00,6836964
0.00,6605880
0.00,6388443
0.00,6486428
0.00,6202415
0.00,6215022
0.00,6247282
0.00,6117600
0.00,6209438
0.00,6115190
0.00,5907130
0.00,5638554
0.00,5638597
0.00,5535485
0.00,5450925
0.00,5538607
0.00,5428795
0.00,5327172
0.00,5263209
0.00,5119748
0.00,4952815
0.00,5039674
0.00,5011693
0.00,4882038
0.00,4773665
0.00,4852156
0.00,4752495
0.00,4852028
0.00,4875495
0.00,4922361
0.00,4927462
0.00,4911750
0.00,4828655
0.00,4840637
0.01,4835773
0.01,4747450
0.01,4833862
0.01,4724115
0.01,4814212
0.01,4698371
0.01,4486594
0.01,4504921
0.01,4464646
0.01,4421866
0.01,4445233
0.01,4433528
0.01,4322114
0.01,4386852
0.01,4286235
0.01,4297073
0.01,4376196
0.01,4422465
0.01,4360892
0.01,4339418
0.01,4308433
0.01,4363196
0.01,4320272
0.01,4359774
0.01,4347354
0.01,4325101
0.01,4247627
0.01,4314163
0.01,4228071
0.01,4155370
0.01,4156105
0.01,4098090
0.01,3969437
0.01,3967127
0.01,3883115
0.01,3992147
0.01,4067558
0.01,3974379
0.01,4005741
0.01,3822914
0.01,3781970
0.01,3695016
0.01,3712222
0.01,3604642
0.01,3490190
0.01,3369090
0.01,3413728
0.01,3366338
0.01,3262134
0.01,3239554
0.01,3143049
0.01,3055632
0.01,2972286
0.01,2980946
0.01,2907263
0.01,2967104
0.01,2973948
0.01,2926895
0.01,2929762
0.01,2932480
0.01,3031383
0.01,2985115
0.01,3030842
0.01,2935254
0.01,2924343
0.01,2889586
0.01,2868309
0.01,2788631
0.01,2772555
0.01,2763359
0.01,2870984
0.01,2882885
0.01,2896362
0.01,2832020
0.01,2796995
0.01,2793426
0.01,2804238
0.01,2797711
0.01,2797231
0.01,2792488
0.01,2834587
0.01,2935818
0.01,2997765
0.01,3004784
0.01,2953910
0.01,3023855
0.01,2903162
0.01,2837103
0.01,2790591
0.01,2826153
0.01,2750907
0.01,2695139
0.01,2653669
0.01,2589321
0.01,2564926
0.01,2507616
0.01,2503870
0.01,2494800
0.01,2476509
0.01,2423873
0.01,2424805
0.01,2393040
0.01,2382746
0.01,2395385
0.01,2389858
0.01,2449319
0.01,2396905
0.01,2425582
0.01,2341013
0.01,2257901
0.01,2332249
0.01,2317154
0.01,2337088
0.01,2378252
0.01,2416538
0.01,2411924
0.01,2416963
0.01,2413920
0.01,2333640
0.01,2326225
0.01,2214217
0.01,2170173
0.01,2120068
0.01,2078466
0.01,2038993
0.01,2021806
0.01,1981672
0.01,1967708
0.01,1940030
0.01,1905706
0.01,1919444
0.01,1903214
0.01,1886077
0.01,1855831
0.01,1836117
0.01,1816280
0.01,1801760
0.01,1784340
0.01,1767844
0.01,1786342
0.01,1823651
0.01,1797794
0.01,1832757
0.01,1831639
0.01,1787099
0.01,1741448
0.01,1822597
0.01,1924973
0.01,1929018
0.01,1934997
0.01,1925404
0.01,1928619
0.01,1896146
0.01,1815121
0.01,1806991
0.01,1773504
0.01,1830633
0.01,1757680
0.01,1734299
0.01,1735155
0.01,1757226
0.01,1771923
0.01,1797585
0.01,1775539
0.01,1808176
0.01,1692011
0.01,1759407
0.01,1766923
0.01,1831211
0.01,1815738
0.01,1806671
0.01,1805077
0.01,1846901
0.01,1881964
0.01,1827368
0.01,1802418
0.01,1843341
0.01,1852344
0.01,1872236
0.01,1876629
0.01,1784278
0.01,1816900
0.01,1814869
0.01,1815917
0.01,1696113
0.01,1768760
0.01,1688627
0.01,1634835
0.01,1597135
0.01,1600419
0.01,1583125
0.01,1570054
0.01,1561169
0.02,1547457
0.02,1535841
0.02,1556878
0.02,1562436
0.02,1576339
0.02,1601144
0.02,1595403
0.02,1584449
0.02,1568875
0.02,1597208
0.02,1624180
0.02,1669454
0.02,1686306
0.02,1689676
0.02,1705042
0.02,1686853
0.02,1760685
0.02,1706030
0.02,1725000
0.02,1660262
0.02,1620509
0.02,1582604
0.02,1550746
0.02,1547257
0.02,1526386
0.02,1514027
0.02,1503185
0.02,1492365
0.02,1498709
0.02,1487837
0.02,1477428
0.02,1486548
0.02,1467067
0.02,1454023
0.02,1450141
0.02,1470447
0.02,1458413
0.02,1463279
0.02,1441499
0.02,1431589
0.02,1479475
0.02,1531678
0.02,1549604
0.02,1541043
0.02,1557631
0.02,1576040
0.02,1577160
0.02,1651921
0.02,1639808
0.02,1642438
0.02,1704071
0.02,1701597
0.02,1717057
0.02,1773156
0.02,1764549
0.02,1780232
0.02,1783814
0.02,1878588
0.02,1858921
0.02,1865627
0.02,1927480
0.02,1883348
0.02,1838384
0.02,1777162
0.02,1762464
0.02,1744884
0.02,1740831
0.02,1740916
0.02,1742352
0.02,1701586
0.02,1724111
0.02,1714987
0.02,1728447
0.02,1729006
0.02,1727277
0.02,1722974
0.02,1717304
0.02,1719043
0.02,1634084
0.02,1577026
0.02,1620949
0.02,1636863
0.02,1549743
0.02,1515778
0.02,1492714
0.02,1465244
0.02,1477513
0.02,1479809
0.02,1478635
0.02,1484209
0.02,1467085
0.02,1435392
0.02,1414686
0.02,1412219
0.02,1413469
0.02,1409289
0.02,1402911
0.02,1408210
0.02,1419913
0.02,1431437
0.02,1447510
0.02,1461049
0.02,1466007
0.02,1454686
0.02,1456443
0.02,1442333
0.02,1469196
0.02,1505931
0.02,1548570
0.02,1565825
0.02,1565868
0.02,1581273
0.02,1554051
0.02,1633450
0.02,1598349
0.02,1583889
0.02,1530789
0.02,1498815
0.02,1464335
0.02,1419698
0.02,1410939
0.02,1396768
0.02,1391004
0.02,1386833
0.02,1386338
0.02,1388986
0.02,1389987
0.02,1391338
0.02,1389361
0.02,1390133
0.02,1383599
0.02,1380196
0.02,1392626
0.02,1380936
0.02,1375172
0.02,1372542
0.02,1369466
0.02,1366414
0.02,1359944
0.02,1357167
0.02,1356007
0.02,1354767
0.02,1351505
0.02,1350942
0.02,1347997
0.02,1346474
0.02,1349504
0.02,1346839
0.02,1345796
0.02,1344350
0.02,1343884
0.02,1342673
0.02,1345135
0.02,1344791
0.02,1349590
0.02,1355883
0.02,1359838
0.02,1350760
0.02,1341771
0.02,1340229
0.02,1339380
0.02,1338196
0.02,1337390
0.02,1336766
0.02,1336167
0.02,1381651
0.02,1433244
0.02,1446449
0.02,1451518
0.02,1421611
0.02,1335706
0.02,1356393
0.02,1419504
0.02,1446032
0.02,1429915
0.02,1448734
0.02,1320472
0.02,1317845
0.02,1317474
0.02,1317067
0.02,1316857
0.02,1316681
0.02,1316588
