0.00,9414292
0.00,9054329
0.00,8887957
0.00,8312377
0.00,8189202
0.00,8027080
0.00,7671849
0.00,7708045
0.00,7710602
0.00,7709648
0.00,7657714
0.00,7648091
0.00,7601036
0.00,7651879
0.00,7504830
0.00,7580411
0.00,7470175
0.00,7129074
0.00,6986078
0.00,6847344
0.00,6730480
0.00,6712118
0.00,6596188
0.00,6550324
0.00,6464439
0.00,6465285
0.00,6362370
0.00,6405752
0.00,6335723
0.00,6014549
0.00,5834290
0.00,5700332
0.00,5681395
0.00,5736987
0.00,5581524
0.00,5501511
0.00,5473307
0.00,5465972
0.00,5407774
0.00,5441070
0.00,5256152
0.00,5201960
0.00,5086662
0.00,5021345
0.01,5108326
0.01,5153596
0.01,5047970
0.01,4990764
0.01,5005862
0.01,4860704
0.01,4860204
0.01,4704156
0.01,4777504
0.01,4766687
0.01,4910279
0.01,4835761
0.01,4663149
0.01,4658578
0.01,4452926
0.01,4462759
0.01,4304827
0.01,4207373
0.01,4137261
0.01,4060327
0.01,4143546
0.01,4198843
0.01,4252195
0.01,4159527
0.01,4057856
0.01,4076098
0.01,4077375
0.01,4052669
0.01,4128123
0.01,4177837
0.01,4206266
0.01,4206547
0.01,4172072
0.01,4219236
0.01,4156914
0.01,4156564
0.01,4098134
0.01,4062630
0.01,4198996
0.01,4196159
0.01,4208396
0.01,4158217
0.01,3925565
0.01,3767409
0.01,3727971
0.01,3623599
0.01,3664253
0.01,3599385
0.01,3465787
0.01,3359733
0.01,3404532
0.01,3317069
0.01,3398651
0.01,3470280
0.01,3392377
0.01,3366361
0.01,3340263
0.01,3308330
0.01,3393696
0.01,3403351
0.01,3302662
0.01,3306906
0.01,3267189
0.01,3196520
0.01,3269873
0.01,3298879
0.01,3215963
0.01,3289060
0.01,3140006
0.01,3156710
0.01,3203971
0.01,3263928
0.01,3148072
0.01,3144889
0.01,3148287
0.01,3166576
0.01,3062967
0.01,3066602
0.01,3003063
0.01,2931233
0.01,2955041
0.01,2918994
0.01,2869325
0.01,2878402
0.01,2799356
0.01,2904702
0.01,2828446
0.01,2790393
0.01,2786851
0.01,2767073
0.01,2662814
0.01,2637533
0.01,2568977
0.01,2607749
0.01,2614800
0.01,2631095
0.01,2669664
0.01,2660611
0.01,2743113
0.01,2665761
0.01,2636054
0.01,2690338
0.01,2622448
0.01,2598458
0.01,2677551
0.01,2592317
0.01,2585266
0.01,2587928
0.01,2621384
0.01,2602528
0.01,2612351
0.01,2580423
0.01,2536589
0.01,2471862
0.01,2486655
0.01,2512931
0.01,2544568
0.01,2559813
0.01,2580977
0.01,2582703
0.01,2655148
0.01,2558626
0.01,2520786
0.01,2571773
0.01,2531475
0.01,2508192
0.01,2498769
0.01,2485639
0.01,2534045
0.01,2510168
0.01,2487431
0.01,2463712
0.01,2475306
0.01,2471764
0.01,2451986
0.01,2388111
0.01,2445619
0.01,2452452
0.01,2375806
0.01,2354053
0.01,2316525
0.01,2316112
0.01,2265958
0.01,2267892
0.01,2286735
0.01,2303965
0.01,2308809
0.01,2293227
0.01,2295203
0.01,2407632
0.01,2355754
0.01,2406438
0.01,2437878
0.01,2385082
0.01,2367804
0.01,2313601
0.01,2279011
0.01,2333327
0.01,2299376
0.01,2372164
0.01,2403378
0.01,2386485
0.01,2343320
0.01,2316364
0.01,2211921
0.01,2320516
0.01,2316700
0.01,2346199
0.01,2428873
0.01,2426773
0.01,2384784
0.01,2449597
0.01,2441399
0.01,2536597
0.01,2557063
0.01,2522081
0.01,2605202
0.01,2582098
0.01,2489585
0.01,2475417
0.01,2476614
0.01,2490729
0.01,2519524
0.01,2511669
0.01,2511786
0.01,2414174
0.01,2410978
0.01,2406042
0.01,2434871
0.01,2318052
0.02,2320883
0.02,2330395
0.02,2233862
0.02,2281562
0.02,2294861
0.02,2323985
0.02,2406608
0.02,2407797
0.02,2424834
0.02,2271456
0.02,2306534
0.02,2316186
0.02,2278949
0.02,2309464
0.02,2300986
0.02,2306329
0.02,2334912
0.02,2296173
0.02,2354110
0.02,2384489
0.02,2325406
0.02,2305899
0.02,2266236
0.02,2160853
0.02,2099252
0.02,2187483
0.02,2171771
0.02,2142759
0.02,2183914
0.02,2197874
0.02,2169434
0.02,2218334
0.02,2151136
0.02,2237200
0.02,2275412
0.02,2224229
0.02,2235443
0.02,2209423
0.02,2109116
0.02,2112191
0.02,2089466
0.02,2097626
0.02,2077497
0.02,2066479
0.02,2033798
0.02,2079452
0.02,2074444
0.02,2006528
0.02,2005812
0.02,1939807
0.02,1893659
0.02,1861884
0.02,1837290
0.02,1810082
0.02,1784399
0.02,1761559
0.02,1739264
0.02,1731951
0.02,1701937
0.02,1690112
0.02,1755267
0.02,1789456
0.02,1784436
0.02,1750210
0.02,1652248
0.02,1661834
0.02,1643046
0.02,1630362
0.02,1616309
0.02,1598513
0.02,1581308
0.02,1573169
0.02,1585279
0.02,1612735
0.02,1615554
0.02,1622266
0.02,1572593
0.02,1604007
0.02,1620089
0.02,1613849
0.02,1559270
0.02,1543350
0.02,1526266
0.02,1512547
0.02,1607585
0.02,1623943
0.02,1608544
0.02,1685235
0.02,1793498
0.02,1839269
0.02,1891264
0.02,1855617
0.02,1862519
0.02,1879724
0.02,1895644
0.02,1970770
0.02,1924134
0.02,1886238
0.02,1855903
0.02,1838143
0.02,1749242
0.02,1759992
0.02,1749885
0.02,1726783
0.02,1755718
0.02,1758209
0.02,1753413
0.02,1779156
0.02,1748996
0.02,1744983
0.02,1695694
0.02,1664231
0.02,1599488
0.02,1622781
0.02,1661034
0.02,1649695
0.02,1577002
0.02,1538928
0.02,1545159
0.02,1575805
0.02,1559167
0.02,1566558
0.02,1581555
0.02,1556932
0.02,1559295
0.02,1516242
0.02,1527292
0.02,1533690
0.02,1527701
0.02,1524480
0.02,1510067
0.02,1515722
0.02,1514330
0.02,1520987
0.02,1534734
0.02,1499518
0.02,1499133
0.02,1476368
0.02,1465410
0.02,1452651
0.02,1440110
0.02,1432557
0.02,1418932
0.02,1409099
0.02,1416041
0.02,1399483
0.02,1390033
0.02,1385160
0.02,1376584
0.02,1370289
0.02,1362380
0.02,1369901
0.02,1350485
0.02,1342290
0.02,1335502
0.02,1329894
0.02,1328142
0.02,1336123
0.02,1321199
0.02,1316131
0.02,1331478
0.02,1320987
0.02,1320075
0.02,1311171
0.02,1323628
0.02,1311138
0.02,1304261
0.02,1335168
0.02,1323234
0.02,1313718
0.02,1290619
0.02,1291305
0.02,1269081
0.02,1264543
0.02,1267790
0.02,1260144
0.02,1260299
0.02,1256059
0.02,1253921
0.02,1250483
0.02,1248057
0.02,1251990
0.02,1263509
0.02,1249765
0.02,1245776
0.02,1244315
0.02,1242625
0.02,1241248
0.02,1253073
0.02,1258309
0.02,1316310
0.02,1448227
0.02,1457713
0.02,1445947
0.02,1541467
0.02,1520446
0.02,1528732
0.02,1591941
0.02,1586520
0.02,1540468
0.02,1533584
0.02,1560300
0.02,1633793
0.02,1613327
0.02,1636857
0.02,1608547
0.02,1619909
0.02,1571597
0.02,1563439
0.02,1556573
0.02,1518395
0.02,1458788
0.02,1382209
0.02,1352981
0.02,1322756
0.02,1349530
0.02,1382139
0.02,1400411
0.02,1391209
0.02,1326013
0.02,1328247
0.02,1272868
0.02,1281940
0.02,1285231
0.02,1279183
0.02,1282100
0.02,1286365
0.02,1293147
0.02,1295730
0.02,1286351
0.02,1260616
0.02,1249092
0.02,1249800
0.02,1242634
0.02,1248049
0.02,1252587
0.02,1255036
0.02,1244087
0.02,1238245
0.02,1241806
0.02,1242179
0.02,1242982
0.02,1245038
0.02,1243385
0.02,1243704
0.02,1246010
0.02,1257037
0.02,1240708
0.02,1236719
0.02,1238207
0.02,1236242
0.02,1238384
0.02,1238815
0.02,1240861
0.02,1243347
0.02,1249173
0.02,1248225
0.02,1234052
0.02,1233009
0.02,1231979
0.02,1230528
0.02,1229302
0.02,1228666
0.02,1228089
0.02,1227834
0.02,1227438
0.02,1249452
0.02,1255013
0.02,1333805
0.02,1385799
0.02,1375629
0.02,1406579
0.02,1427989
0.02,1420297
0.02,1513154
0.02,1490209
0.02,1506642
0.02,1527380
0.02,1507008
0.02,1504746
0.02,1510169
0.02,1558992
0.02,1634631
0.02,1608535
0.02,1683085
0.02,1634021
0.02,1597875
0.02,1557077
0.02,1544387
0.02,1532015
0.02,1439134
0.02,1365877
0.02,1320622
0.02,1310440
0.02,1315245
0.02,1359146
0.02,1386924
0.02,1316969
0.02,1299405
0.02,1254811
0.02,1266449
0.02,1260651
0.02,1262829
0.02,1272910
0.02,1279507
0.02,1284580
0.02,1290418
0.02,1276576
0.02,1251084
0.02,1243584
0.02,1248971
0.02,1253010
0.02,1247051
0.02,1257874
0.02,1241070
0.02,1235292
0.02,1230074
0.02,1228949
0.02,1227184
0.02,1227069
