0.01,10929710
0.01,10517152
0.01,10113920
0.01,9654841
0.01,9306311
0.01,8992049
0.01,8685518
0.01,8344536
0.01,8343459
0.01,8073632
0.01,7759045
0.01,7536359
0.01,7499236
0.01,7344666
0.01,7125127
0.01,7090305
0.01,7028459
0.01,6803494
0.01,6734331
0.01,6686863
0.01,6676299
0.01,6556231
0.01,6326014
0.01,6306118
0.01,6319264
0.01,6354598
0.01,6446993
0.01,6231899
0.01,6313440
0.01,6020060
0.01,6037523
0.01,5899708
0.01,5680130
0.01,5684975
0.01,5460589
0.01,5446642
0.01,5260856
0.01,5136733
0.01,4991044
0.01,4990669
0.01,5142477
0.01,5124276
0.01,5115673
0.01,5078082
0.01,5097913
0.01,4826566
0.01,5081805
0.01,5020159
0.01,4795642
0.01,4893914
0.01,4822028
0.01,4917080
0.01,4746885
0.01,4505734
0.01,4373689
0.01,4431469
0.01,4396483
0.01,4345869
0.01,4123500
0.01,4001132
0.01,3973224
0.01,4013009
0.01,4178454
0.01,4119085
0.01,4151460
0.01,4071070
0.01,4176315
0.01,4023508
0.01,4104179
0.01,4162884
0.01,4134613
0.01,4165695
0.01,4003207
0.01,3896810
0.01,3903577
0.01,3808982
0.01,3787464
0.01,3650586
0.01,3655744
0.01,3566560
0.01,3554139
0.01,3520124
0.01,3640055
0.01,3603570
0.01,3603782
0.01,3665591
0.01,3662851
0.01,3579385
0.01,3507695
0.01,3530572
0.01,3530292
0.01,3430556
0.01,3450126
0.01,3455681
0.01,3566765
0.01,3346588
0.01,3484254
0.01,3310386
0.01,3345648
0.01,3273611
0.01,3330284
0.01,3244337
0.01,3283377
0.01,3161289
0.01,3197053
0.01,3081280
0.01,3048588
0.01,3010958
0.01,2955968
0.01,2934491
0.01,2926908
0.01,2848480
0.01,2851638
0.01,2795744
0.01,2838357
0.01,2848403
0.01,2920240
0.01,2887026
0.01,2881380
0.01,2864937
0.01,2917324
0.01,2976870
0.01,2872366
0.01,2833869
0.01,2736619
0.01,2729176
0.01,2711889
0.01,2714760
0.01,2741981
0.01,2782309
0.02,2692165
0.02,2618985
0.02,2623954
0.02,2570693
0.02,2512520
0.02,2472182
0.02,2517637
0.02,2511537
0.02,2423441
0.02,2464198
0.02,2416137
0.02,2388398
0.02,2422598
0.02,2515245
0.02,2443384
0.02,2439644
0.02,2379513
0.02,2348176
0.02,2490371
0.02,2448563
0.02,2464608
0.02,2473738
0.02,2474074
0.02,2508384
0.02,2380440
0.02,2348925
0.02,2310395
0.02,2253879
0.02,2254328
0.02,2271413
0.02,2282239
0.02,2208223
0.02,2222235
0.02,2190467
0.02,2192377
0.02,2092670
0.02,2141346
0.02,2167009
0.02,2103729
0.02,2056853
0.02,2070244
0.02,2009151
0.02,2005372
0.02,1985104
0.02,1943751
0.02,1937208
0.02,1933098
0.02,1931419
0.02,1900698
0.02,1907756
0.02,1916329
0.02,1914317
0.02,1911458
0.02,1918386
0.02,1923734
0.02,1939768
0.02,1923043
0.02,1931445
0.02,1916548
0.02,2016914
0.02,2036672
0.02,2056366
0.02,2103242
0.02,2163787
0.02,2200098
0.02,2171680
0.02,2266164
0.02,2148487
0.02,2154742
0.02,2146385
0.02,2141381
0.02,2200168
0.02,2191165
0.02,2121914
0.02,2117106
0.02,2112291
0.02,2138074
0.02,2068083
0.02,2097986
0.02,2081332
0.02,2071750
0.02,2123633
0.02,2156744
0.02,1967298
0.02,1982060
0.02,1987844
0.02,1967294
0.02,1940283
0.02,1935883
0.02,1909852
0.02,1832131
0.02,1785743
0.02,1791074
0.02,1769786
0.02,1756849
0.02,1790225
0.02,1717010
0.02,1735243
0.02,1709326
0.02,1709205
0.02,1749532
0.02,1753249
0.02,1827185
0.02,1855530
0.02,1893982
0.02,1884476
0.02,1946979
0.02,1843315
0.02,1879925
0.02,1856883
0.02,1824499
0.02,1824421
0.02,1816622
0.02,1753099
0.02,1771511
0.02,1851289
0.02,1826421
0.02,1777228
0.02,1774280
0.02,1816294
0.02,1876996
0.02,1840659
0.02,1788998
0.02,1782936
0.02,1774932
0.02,1754278
0.02,1845162
0.02,1909974
0.02,1908934
0.02,1887913
0.02,1895369
0.02,1884020
0.02,1885251
0.02,1832851
0.02,1789874
0.02,1734730
0.02,1716092
0.02,1712331
0.02,1697378
0.02,1688134
0.02,1668168
0.02,1650963
0.02,1634808
0.02,1618675
0.02,1602688
0.02,1595277
0.02,1581294
0.02,1624411
0.02,1646003
0.02,1642785
0.02,1644747
0.02,1680372
0.02,1686083
0.02,1691456
0.02,1707355
0.02,1709167
0.02,1566508
0.02,1603089
0.02,1606562
0.02,1620097
0.02,1625657
0.02,1618718
0.02,1662114
0.02,1666397
0.02,1667601
0.02,1696888
0.02,1561086
0.02,1541323
0.02,1546056
0.02,1528851
0.02,1516495
0.02,1505077
0.02,1494994
0.02,1490322
0.02,1481344
0.02,1476631
0.02,1478509
0.02,1463707
0.02,1463961
0.02,1483273
0.02,1470214
0.02,1473516
0.02,1469789
0.02,1471667
0.02,1456679
0.02,1455242
0.02,1446039
0.02,1440098
0.02,1434222
0.02,1465947
0.02,1448756
0.02,1452315
0.02,1515717
0.02,1534164
0.02,1572099
0.02,1623501
0.02,1661622
0.02,1630322
0.02,1681048
0.02,1608979
0.02,1611405
0.02,1606716
0.02,1662069
0.02,1689768
0.02,1652174
0.02,1585475
0.02,1583840
0.02,1587050
0.02,1582984
0.02,1588298
0.02,1571381
0.02,1574301
0.02,1638966
0.02,1641731
0.02,1544464
0.02,1597740
0.02,1583450
0.02,1563507
0.02,1648773
0.02,1650197
0.02,1649209
0.02,1570630
0.02,1613933
0.02,1584485
0.02,1566636
0.02,1556346
0.02,1461847
0.02,1434189
0.02,1427251
0.02,1421380
0.02,1414910
0.02,1427234
0.02,1426173
0.02,1428715
0.02,1426174
0.02,1420368
0.02,1411073
0.02,1405266
0.02,1404998
0.02,1401937
0.02,1397570
0.02,1393754
0.02,1390205
0.02,1424111
0.02,1417760
0.02,1387127
0.02,1410778
0.02,1405776
0.02,1396075
0.02,1375435
0.02,1368765
0.02,1365807
0.02,1370894
0.02,1366916
0.02,1365471
0.02,1363731
0.02,1360539
0.02,1357618
0.02,1355390
0.02,1361923
0.02,1380483
0.02,1359117
0.02,1357160
0.02,1353061
0.02,1350767
0.02,1348623
0.02,1346583
0.02,1351234
0.02,1359303
0.02,1358588
0.02,1430918
0.02,1437661
0.02,1475892
0.02,1512035
0.02,1566887
0.02,1563091
0.02,1610671
0.02,1535345
0.02,1549231
0.02,1482707
0.02,1486750
0.02,1514425
0.02,1492316
0.02,1490474
0.02,1508428
0.02,1501737
0.02,1483553
0.02,1444529
0.02,1437347
0.02,1446962
0.02,1546854
0.02,1542914
0.02,1445237
0.02,1448538
0.02,1424226
0.02,1424935
0.02,1548617
0.02,1562731
0.02,1566406
0.02,1571914
0.02,1565291
0.02,1554429
0.02,1467553
0.02,1500917
0.02,1394742
0.02,1368829
0.02,1365068
0.02,1350115
0.02,1341137
0.03,1335809
0.03,1359146
0.03,1367261
0.03,1369004
0.03,1356752
0.03,1351322
0.03,1329003
0.03,1314398
0.03,1346008
0.03,1364935
0.03,1362737
0.03,1358721
0.03,1355444
0.03,1352666
0.03,1350319
0.03,1343148
0.03,1345199
0.03,1357552
0.03,1423500
0.03,1434467
0.03,1498442
0.03,1529872
0.03,1616737
0.03,1635031
0.03,1675065
0.03,1554742
0.03,1566385
0.03,1549255
0.03,1533079
0.03,1594953
0.03,1590686
0.03,1544327
0.03,1530265
0.03,1529707
0.03,1530859
0.03,1568323
0.03,1518283
0.03,1533929
0.03,1597102
0.03,1587752
0.03,1495714
0.03,1463998
0.03,1517995
0.03,1437687
0.03,1458715
0.03,1465697
0.03,1458996
0.03,1450667
0.03,1445588
0.03,1437745
0.03,1402304
0.03,1309681
0.03,1305273
0.03,1308338
0.03,1305444
0.03,1303068
0.03,1300913
0.03,1299109
0.03,1297419
0.03,1296490
0.03,1297489
0.03,1294976
0.03,1293755
0.03,1292544
0.03,1291376
0.03,1293018
0.03,1295194
0.03,1292836
0.03,1294341
0.03,1305529
0.03,1288307
0.03,1286860
0.03,1285423
0.03,1284421
0.03,1284470
0.03,1283585
0.03,1287755
0.03,1312497
0.03,1334611
0.03,1362181
0.03,1355747
0.03,1346263
0.03,1337384
0.03,1329607
0.03,1333556
0.03,1332032
0.03,1332840
0.03,1335522
0.03,1357932
0.03,1361058
0.03,1370242
0.03,1359041
0.03,1390761
0.03,1416895
0.03,1413681
0.03,1407933
0.03,1440044
0.03,1449978
0.03,1459149
0.03,1571303
0.03,1592618
0.03,1621312
0.03,1650014
0.03,1679587
0.03,1657755
0.03,1747828
0.03,1638472
0.03,1628613
0.03,1621093
0.03,1634222
0.03,1646313
0.03,1601698
0.03,1655257
0.03,1620044
0.03,1615207
0.03,1608294
0.03,1597176
0.03,1530128
0.03,1507961
0.03,1559331
0.03,1527952
0.03,1357826
0.03,1417665
0.03,1378864
0.03,1287262
0.03,1284227
0.03,1282733
0.03,1282109
0.03,1281510
0.03,1281029
0.03,1280557
0.03,1284036
0.03,1280171
0.03,1279668
0.03,1278587
0.03,1278192
0.03,1277987
0.03,1277856
0.03,1277791
