0.00,10378345
0.00,9837513
0.00,9717735
0.00,9418675
0.00,9047009
0.00,8813565
0.00,8564473
0.00,8248412
0.00,7768429
0.00,7603042
0.00,7357765
0.00,7077621
0.00,6921532
0.00,6696326
0.00,6591929
0.00,6463462
0.00,6413147
0.00,6231828
0.00,6216427
0.00,6061884
0.00,5824158
0.00,5580436
0.00,5569905
0.00,5521975
0.00,5528172
0.00,5376599
0.00,5340567
0.00,5295243
0.00,5209718
0.00,5221945
0.00,5237836
0.00,5177791
0.00,5293809
0.00,5261756
0.00,5119371
0.00,5045359
0.00,5028873
0.00,4976098
0.00,4951209
0.00,4948349
0.00,5019039
0.00,4996731
0.00,4782720
0.00,4802090
0.00,4777247
0.00,4801178
0.00,4689483
0.00,4670953
0.00,4526652
0.00,4392954
0.00,4232493
0.00,4465611
0.00,4490313
0.00,4400758
0.00,4443399
0.00,4356589
0.00,4389739
0.00,4258189
0.01,4210911
0.01,4157119
0.01,4030796
0.01,4057459
0.01,3866912
0.01,3741364
0.01,3723615
0.01,3696078
0.01,3717767
0.01,3717984
0.01,3655875
0.01,3707166
0.01,3701188
0.01,3590334
0.01,3688972
0.01,3670820
0.01,3679271
0.01,3753348
0.01,3629174
0.01,3639463
0.01,3567054
0.01,3539395
0.01,3548502
0.01,3398571
0.01,3355385
0.01,3251540
0.01,3314857
0.01,3352571
0.01,3309143
0.01,3335995
0.01,3306288
0.01,3312585
0.01,3198265
0.01,3104643
0.01,2998156
0.01,2910125
0.01,2873597
0.01,2830529
0.01,2849282
0.01,2881989
0.01,2910429
0.01,2972384
0.01,2992914
0.01,2998726
0.01,3050201
0.01,2988065
0.01,2990413
0.01,2992361
0.01,3063706
0.01,3063434
0.01,2980630
0.01,2967705
0.01,2866503
0.01,2903575
0.01,2819162
0.01,2733292
0.01,2709991
0.01,2830129
0.01,2635830
0.01,2621685
0.01,2621450
0.01,2600419
0.01,2575896
0.01,2580045
0.01,2673472
0.01,2655549
0.01,2603391
0.01,2628199
0.01,2754170
0.01,2734480
0.01,2792411
0.01,2782563
0.01,2710059
0.01,2603947
0.01,2593708
0.01,2571795
0.01,2655769
0.01,2679440
0.01,2643418
0.01,2644079
0.01,2617105
0.01,2613888
0.01,2649053
0.01,2645074
0.01,2511007
0.01,2506272
0.01,2477261
0.01,2489757
0.01,2445663
0.01,2479627
0.01,2458854
0.01,2501776
0.01,2577801
0.01,2600795
0.01,2590488
0.01,2506904
0.01,2465676
0.01,2484737
0.01,2477899
0.01,2346461
0.01,2306495
0.01,2253770
0.01,2207684
0.01,2163079
0.01,2150412
0.01,2111088
0.01,2124101
0.01,2072671
0.01,2077164
0.01,2049000
0.01,2053645
0.01,2141305
0.01,2127731
0.01,2222084
0.01,2202379
0.01,2252601
0.01,2296952
0.01,2234296
0.01,2219758
0.01,2231052
0.01,2245950
0.01,2294583
0.01,2384420
0.01,2405508
0.01,2352915
0.01,2378232
0.01,2484816
0.01,2410068
0.01,2311594
0.01,2285164
0.01,2179340
0.01,2089054
0.01,2108919
0.01,2022678
0.01,2037870
0.01,2050104
0.01,2034121
0.01,2070544
0.01,2116092
0.01,2211651
0.01,2267537
0.01,2284742
0.01,2238216
0.01,2280516
0.01,2288822
0.01,2288388
0.01,2320932
0.01,2295609
0.01,2214065
0.01,2273511
0.01,2269098
0.01,2265489
0.01,2269381
0.01,2279434
0.01,2277145
0.01,2277038
0.01,2265899
0.01,2118657
0.01,2108422
0.01,2090000
0.01,2103062
0.01,2174557
0.01,2032902
0.01,2102773
0.01,2107017
0.01,2043685
0.01,1994528
0.01,2003308
0.01,2098928
0.01,2155814
0.01,2156311
0.01,2180627
0.01,2191323
0.01,2202647
0.01,2202331
0.01,2149014
0.01,2176037
0.01,2178393
0.01,2189515
0.01,2166845
0.01,2177965
0.01,2208647
0.01,2254135
0.01,2284541
0.01,2301863
0.01,2249285
0.01,2248566
0.01,2295138
0.01,2317296
0.01,2446068
0.01,2347678
0.01,2233505
0.01,2317459
0.02,2266316
0.02,2304485
0.02,2261400
0.02,2199627
0.02,2188398
0.02,2186148
0.02,2191872
0.02,2021169
0.02,2106797
0.02,2016621
0.02,2005381
0.02,1941817
0.02,1893607
0.02,1867269
0.02,1853763
0.02,1829233
0.02,1871038
0.02,1800880
0.02,1766439
0.02,1768738
0.02,1766340
0.02,1745303
0.02,1768909
0.02,1722642
0.02,1712712
0.02,1727208
0.02,1730956
0.02,1692714
0.02,1674301
0.02,1758247
0.02,1861470
0.02,1813202
0.02,1770744
0.02,1703862
0.02,1656130
0.02,1675011
0.02,1644066
0.02,1623637
0.02,1606405
0.02,1589731
0.02,1607923
0.02,1620816
0.02,1617533
0.02,1607290
0.02,1630694
0.02,1626475
0.02,1616619
0.02,1595714
0.02,1606229
0.02,1611150
0.02,1625473
0.02,1664947
0.02,1674063
0.02,1696577
0.02,1763243
0.02,1782283
0.02,1870938
0.02,1907401
0.02,1869216
0.02,1913909
0.02,1833242
0.02,1825146
0.02,1855044
0.02,1913583
0.02,1910056
0.02,1847415
0.02,1848129
0.02,1859491
0.02,1796168
0.02,1658424
0.02,1624221
0.02,1671252
0.02,1666046
0.02,1690537
0.02,1697417
0.02,1647969
0.02,1671254
0.02,1704913
0.02,1693409
0.02,1575391
0.02,1551623
0.02,1583006
0.02,1598064
0.02,1598659
0.02,1600042
0.02,1597085
0.02,1589889
0.02,1593320
0.02,1601153
0.02,1643618
0.02,1687679
0.02,1717401
0.02,1715440
0.02,1768537
0.02,1706715
0.02,1681099
0.02,1716672
0.02,1733436
0.02,1713524
0.02,1640894
0.02,1664612
0.02,1664083
0.02,1603235
0.02,1592452
0.02,1653283
0.02,1752745
0.02,1741294
0.02,1744950
0.02,1725694
0.02,1663307
0.02,1662445
0.02,1665417
0.02,1712228
0.02,1637356
0.02,1743278
0.02,1758460
0.02,1746181
0.02,1729071
0.02,1662151
0.02,1636579
0.02,1630345
0.02,1655272
0.02,1649478
0.02,1614955
0.02,1586268
0.02,1532098
0.02,1519832
0.02,1498500
0.02,1485794
0.02,1470328
0.02,1451048
0.02,1436423
0.02,1436254
0.02,1423901
0.02,1416943
0.02,1405639
0.02,1403658
0.02,1390099
0.02,1379185
0.02,1368140
0.02,1358068
0.02,1346521
0.02,1337385
0.02,1383524
0.02,1368388
0.02,1342339
0.02,1333728
0.02,1357363
0.02,1322082
0.02,1313388
0.02,1305542
0.02,1298854
0.02,1291359
0.02,1287488
0.02,1288321
0.02,1280434
0.02,1279846
0.02,1281721
0.02,1296411
0.02,1303670
0.02,1324385
0.02,1338447
0.02,1338911
0.02,1336012
0.02,1345733
0.02,1361512
0.02,1382006
0.02,1401565
0.02,1436350
0.02,1468892
0.02,1500364
0.02,1473206
0.02,1517350
0.02,1433741
0.02,1395875
0.02,1405235
0.02,1427902
0.02,1462793
0.02,1391082
0.02,1346309
0.02,1385159
0.02,1330504
0.02,1337952
0.02,1358515
0.02,1458636
0.02,1489172
0.02,1511458
0.02,1513653
0.02,1486037
0.02,1505953
0.02,1479239
0.02,1462779
0.02,1393312
0.02,1387258
0.02,1390871
0.02,1346134
0.02,1356057
0.02,1380962
0.02,1403765
0.02,1386791
0.02,1352597
0.02,1274592
0.02,1269876
0.02,1265525
0.02,1279395
0.02,1276145
0.02,1270781
0.02,1261280
0.02,1257330
0.02,1253394
0.02,1249529
0.02,1245861
0.02,1243861
0.02,1240864
0.02,1237611
0.02,1244137
0.02,1234616
0.02,1231778
0.02,1312529
0.02,1410458
0.02,1417975
0.02,1458090
0.02,1465095
0.02,1467472
0.02,1441912
0.02,1439228
0.02,1429938
0.02,1353520
0.02,1343267
0.02,1345469
0.02,1336469
0.02,1303982
0.02,1339822
0.02,1363038
0.02,1309239
0.02,1301141
0.02,1284563
0.02,1229245
0.02,1260174
0.02,1283220
0.02,1271046
0.02,1321752
0.02,1424879
0.02,1432187
0.02,1414949
0.02,1433875
0.02,1427546
0.02,1424389
0.02,1401980
0.02,1398052
0.02,1324056
0.02,1257148
0.02,1293001
0.02,1301320
0.02,1303982
0.02,1314978
0.02,1316601
0.02,1210650
0.02,1202232
0.02,1204841
0.02,1205378
0.02,1225821
0.02,1233476
0.02,1254312
0.02,1278652
0.02,1283199
0.02,1279126
0.02,1279947
0.02,1296089
0.02,1287475
0.02,1301350
0.02,1338018
0.02,1368349
0.02,1405842
0.02,1411499
0.02,1482122
0.02,1412113
0.02,1437279
0.02,1445223
0.02,1438138
0.02,1451794
0.02,1411020
0.02,1425515
0.02,1440942
0.02,1420297
0.02,1399006
0.02,1359731
0.02,1371217
0.02,1352582
0.02,1346462
0.02,1347299
0.02,1339808
0.02,1344682
0.02,1325899
0.02,1317430
0.02,1316312
0.02,1282518
0.02,1308563
0.02,1221211
0.02,1199521
0.02,1197831
0.02,1196321
0.02,1195143
0.02,1194064
0.02,1201445
0.02,1223238
0.02,1213107
0.02,1216520
0.02,1212437
0.02,1209857
0.02,1205341
0.02,1215897
0.02,1241906
0.02,1253683
0.02,1250429
0.02,1243581
0.02,1234090
0.02,1219631
0.02,1219721
0.02,1232373
0.02,1215875
0.02,1213513
0.02,1244713
0.02,1272858
0.02,1283216
0.02,1368679
0.02,1406666
0.02,1389229
0.02,1387723
0.02,1411985
0.02,1487260
0.02,1567173
0.02,1608181
0.02,1655182
0.02,1579634
0.02,1537589
0.02,1542627
0.02,1556824
0.02,1500285
0.02,1424570
0.02,1404996
0.02,1398737
0.02,1342447
0.02,1345744
0.02,1316854
0.02,1369584
0.02,1341060
0.02,1292933
0.02,1333632
0.02,1342010
0.02,1354182
0.02,1360976
0.02,1378845
0.02,1305912
0.02,1197872
0.02,1193108
0.02,1192220
0.02,1191414
0.02,1190774
0.02,1190175
0.02,1189634
0.02,1189136
0.02,1188882
0.02,1188672
0.02,1188467
0.02,1188402
