0.00,9063899
0.00,9048438
0.00,8924711
0.00,8916247
0.00,8911975
0.00,8813217
0.00,8772310
0.00,8722712
0.00,8611719
0.00,8521045
0.00,8548505
0.00,8189385
0.00,8135350
0.00,7920726
0.00,7449215
0.00,7486227
0.00,7081097
0.00,7134055
0.00,7172684
0.00,6841378
0.00,6604328
0.00,6379531
0.00,6205334
0.00,6177697
0.00,6051175
0.00,5878404
0.00,5966706
0.00,5654004
0.00,5670162
0.00,5601335
0.00,5494389
0.00,5333399
0.00,5185817
0.00,5180946
0.00,5185963
0.01,5034303
0.01,5015117
0.01,4961916
0.01,5013774
0.01,4994964
0.01,4883376
0.01,4808501
0.01,4904741
0.01,4766629
0.01,4798149
0.01,4769233
0.01,4626265
0.01,4636481
0.01,4633833
0.01,4721279
0.01,4828101
0.01,4832531
0.01,4714978
0.01,4516039
0.01,4376042
0.01,4236022
0.01,4252693
0.01,4353407
0.01,4364948
0.01,4313188
0.01,4223693
0.01,4215163
0.01,4280565
0.01,4146428
0.01,4185129
0.01,4135298
0.01,4125509
0.01,4055476
0.01,4059327
0.01,3945341
0.01,3911722
0.01,3796111
0.01,3715351
0.01,3684607
0.01,3675235
0.01,3643371
0.01,3718112
0.01,3785563
0.01,3732532
0.01,3723204
0.01,3730365
0.01,3732535
0.01,3739150
0.01,3687775
0.01,3664652
0.01,3575511
0.01,3657057
0.01,3590059
0.01,3547579
0.01,3634278
0.01,3587259
0.01,3542729
0.01,3633869
0.01,3687546
0.01,3732126
0.01,3744460
0.01,3700534
0.01,3613423
0.01,3774639
0.01,3753515
0.01,3667521
0.01,3671831
0.01,3739580
0.01,3718484
0.01,3527240
0.01,3566918
0.01,3512371
0.01,3526129
0.01,3570171
0.01,3571587
0.01,3542168
0.01,3417595
0.01,3374553
0.01,3274653
0.01,3229358
0.01,3274799
0.01,3237264
0.01,3248375
0.01,3249427
0.01,3155213
0.01,3132085
0.01,3189983
0.01,3083128
0.01,3051216
0.01,3121882
0.01,3003020
0.01,2966413
0.01,2913517
0.01,2844493
0.01,2789413
0.01,2734742
0.01,2668284
0.01,2644790
0.01,2688550
0.01,2603082
0.01,2708510
0.01,2655257
0.01,2602565
0.01,2708673
0.01,2841719
0.01,2830897
0.01,2825392
0.01,2776202
0.01,2790277
0.01,2821104
0.01,2821137
0.01,2784018
0.01,2765962
0.01,2791922
0.01,2767921
0.01,2787380
0.01,2877544
0.01,2844698
0.01,2822099
0.01,2913263
0.01,2848276
0.01,2824071
0.01,2772890
0.01,2717302
0.01,2726589
0.01,2844264
0.01,2771036
0.01,2743188
0.01,2771459
0.01,2638768
0.01,2626611
0.01,2589106
0.01,2526762
0.01,2461520
0.01,2469273
0.01,2449002
0.01,2480261
0.01,2558979
0.01,2521237
0.01,2550939
0.01,2504153
0.01,2518287
0.01,2528307
0.01,2505673
0.01,2486393
0.01,2494514
0.01,2520564
0.01,2482391
0.01,2545752
0.01,2517913
0.01,2414668
0.01,2452997
0.01,2419562
0.01,2419961
0.01,2548022
0.01,2561028
0.01,2588586
0.01,2604166
0.01,2585969
0.01,2567394
0.01,2527490
0.01,2529486
0.01,2451365
0.01,2476478
0.01,2454664
0.01,2442484
0.01,2455692
0.01,2428737
0.01,2447345
0.01,2503140
0.01,2475185
0.01,2477539
0.01,2336766
0.01,2341747
0.01,2310768
0.01,2289427
0.01,2235341
0.01,2183322
0.01,2135694
0.01,2135460
0.01,2094768
0.01,2097659
0.01,2048192
0.01,2056363
0.01,2144483
0.01,2007862
0.01,1956734
0.01,1976800
0.01,1980957
0.01,1929656
0.01,1908283
0.01,1930599
0.02,1954787
0.02,1919498
0.02,1977431
0.02,2011968
0.02,2028211
0.02,2167559
0.02,2152920
0.02,2157981
0.02,2189704
0.02,2192649
0.02,2187264
0.02,2180997
0.02,2159849
0.02,2128981
0.02,2202500
0.02,2251733
0.02,2216416
0.02,2181824
0.02,2151341
0.02,2142846
0.02,2163581
0.02,2241106
0.02,2164134
0.02,2089531
0.02,2079969
0.02,2031664
0.02,2040023
0.02,2048484
0.02,2036693
0.02,1983630
0.02,2016694
0.02,2056979
0.02,2041117
0.02,2054580
0.02,2068947
0.02,2093735
0.02,1995885
0.02,1959053
0.02,1867778
0.02,1827022
0.02,1795630
0.02,1780614
0.02,1799890
0.02,1752078
0.02,1751708
0.02,1723657
0.02,1701150
0.02,1680363
0.02,1712316
0.02,1669688
0.02,1655039
0.02,1645667
0.02,1635134
0.02,1617375
0.02,1601251
0.02,1587930
0.02,1569513
0.02,1589668
0.02,1581831
0.02,1556297
0.02,1549175
0.02,1574506
0.02,1572072
0.02,1530462
0.02,1525460
0.02,1531697
0.02,1538757
0.02,1533273
0.02,1512476
0.02,1500579
0.02,1491557
0.02,1480737
0.02,1476341
0.02,1467132
0.02,1457718
0.02,1445087
0.02,1444665
0.02,1433346
0.02,1417959
0.02,1409925
0.02,1401116
0.02,1390132
0.02,1383229
0.02,1380643
0.02,1371292
0.02,1374014
0.02,1378350
0.02,1377880
0.02,1391459
0.02,1376638
0.02,1368282
0.02,1366706
0.02,1361098
0.02,1356030
0.02,1350131
0.02,1346008
0.02,1351373
0.02,1342762
0.02,1339450
0.02,1336046
0.02,1332950
0.02,1360368
0.02,1337854
0.02,1329657
0.02,1331343
0.02,1336229
0.02,1324372
0.02,1327514
0.02,1325664
0.02,1327955
0.02,1328039
0.02,1327237
0.02,1341788
0.02,1326204
0.02,1320659
0.02,1327962
0.02,1318129
0.02,1318881
0.02,1315616
0.02,1313650
0.02,1312911
0.02,1311733
0.02,1310786
0.02,1309721
0.02,1384128
0.02,1308699
0.02,1406324
0.02,1408201
0.02,1408871
0.02,1447986
0.02,1544651
0.02,1525016
0.02,1541637
0.02,1550720
0.02,1553739
0.02,1523980
0.02,1492941
0.02,1480963
0.02,1465043
0.02,1521085
0.02,1578552
0.02,1585426
0.02,1591346
0.02,1610951
0.02,1576540
0.02,1509187
0.02,1457873
0.02,1449142
0.02,1393321
0.02,1384777
0.02,1419533
0.02,1401194
0.02,1362611
0.02,1358583
0.02,1302618
0.02,1354446
0.02,1413342
0.02,1393722
0.02,1433731
0.02,1537227
0.02,1541129
0.02,1521337
0.02,1506989
0.02,1488529
0.02,1504707
0.02,1498974
0.02,1538620
0.02,1508201
0.02,1549095
0.02,1573099
0.02,1584484
0.02,1535787
0.02,1507047
0.02,1465631
0.02,1454819
0.02,1452600
0.02,1486454
0.02,1422946
0.02,1375554
0.02,1396570
0.02,1372619
0.02,1368385
0.02,1350117
0.02,1289021
0.02,1284799
0.02,1283902
0.02,1302328
0.02,1282295
0.02,1281670
0.02,1281141
0.02,1280734
0.02,1280335
0.02,1279958
0.02,1279615
0.02,1279453
0.02,1279199
0.02,1279095
0.02,1279034
0.02,1278983
