0.00,9949711
0.00,9384092
0.00,9181886
0.00,8920524
0.00,8677169
0.00,8482134
0.00,8273632
0.00,8036581
0.00,7591289
0.00,7588097
0.00,7600743
0.00,7242206
0.00,6948642
0.00,6977854
0.00,6717231
0.00,6628452
0.00,6640327
0.00,6549458
0.00,6352252
0.00,6056771
0.00,5882111
0.00,5924240
0.00,5883674
0.00,5689110
0.00,5678891
0.00,5587906
0.00,5534795
0.00,5269199
0.00,5200398
0.00,5138493
0.00,5153400
0.00,5229974
0.00,5214138
0.00,5344215
0.00,5208403
0.00,5316537
0.00,5356872
0.00,5123578
0.00,5250172
0.00,4970700
0.00,4975811
0.00,4821538
0.00,4616537
0.00,4538453
0.00,4260723
0.00,4386208
0.00,4278449
0.00,4310332
0.00,4347505
0.00,4231514
0.00,4289723
0.00,4233224
0.00,4161257
0.00,4221314
0.00,4269667
0.00,4342052
0.00,4241970
0.00,4174818
0.01,4127333
0.01,3859396
0.01,3980800
0.01,4078212
0.01,4034742
0.01,3954803
0.01,3885068
0.01,3704104
0.01,3696890
0.01,3603887
0.01,3613120
0.01,3644480
0.01,3629439
0.01,3627561
0.01,3671233
0.01,3616724
0.01,3579764
0.01,3630502
0.01,3544430
0.01,3542503
0.01,3490386
0.01,3480599
0.01,3373501
0.01,3374309
0.01,3340014
0.01,3248132
0.01,3146010
0.01,3155110
0.01,3244314
0.01,3270402
0.01,3291181
0.01,3290358
0.01,3182749
0.01,3121535
0.01,3046647
0.01,3105654
0.01,3206428
0.01,3188772
0.01,3179203
0.01,3149779
0.01,3186068
0.01,3086118
0.01,3058562
0.01,3072479
0.01,3051495
0.01,3100454
0.01,3065675
0.01,3131078
0.01,3146873
0.01,3279802
0.01,3281338
0.01,3305050
0.01,3223228
0.01,3206436
0.01,3352259
0.01,3299215
0.01,3140338
0.01,2960047
0.01,3048249
0.01,3003299
0.01,2950225
0.01,2834481
0.01,2852577
0.01,2742662
0.01,2772915
0.01,2675131
0.01,2678350
0.01,2654954
0.01,2669283
0.01,2692741
0.01,2651590
0.01,2703429
0.01,2697570
0.01,2688384
0.01,2689471
0.01,2641077
0.01,2650536
0.01,2608686
0.01,2641249
0.01,2555285
0.01,2547787
0.01,2503549
0.01,2508942
0.01,2479333
0.01,2477976
0.01,2448608
0.01,2432887
0.01,2476582
0.01,2501410
0.01,2517225
0.01,2577405
0.01,2581607
0.01,2549280
0.01,2518691
0.01,2536155
0.01,2526106
0.01,2566674
0.01,2510847
0.01,2529812
0.01,2512565
0.01,2497603
0.01,2495657
0.01,2600912
0.01,2627943
0.01,2625316
0.01,2621281
0.01,2634642
0.01,2671772
0.01,2578852
0.01,2608358
0.01,2498874
0.01,2445708
0.01,2394356
0.01,2382865
0.01,2332787
0.01,2382308
0.01,2431630
0.01,2405643
0.01,2474854
0.01,2488835
0.01,2516932
0.01,2468508
0.01,2487206
0.01,2517069
0.01,2453289
0.01,2459958
0.01,2444380
0.01,2395693
0.01,2391411
0.01,2385693
0.01,2367292
0.01,2283468
0.01,2238184
0.01,2198077
0.01,2212582
0.01,2231752
0.01,2292391
0.01,2396971
0.01,2319037
0.01,2309958
0.01,2369807
0.01,2433393
0.01,2529428
0.01,2566139
0.01,2647291
0.01,2589641
0.01,2593278
0.01,2616603
0.01,2515079
0.01,2503809
0.01,2535102
0.01,2454547
0.01,2393437
0.01,2381873
0.01,2379463
0.01,2351051
0.01,2322618
0.01,2315600
0.01,2294354
0.01,2309007
0.01,2324799
0.01,2327237
0.01,2307061
0.01,2360868
0.01,2331438
0.01,2323872
0.01,2322427
0.01,2321375
0.01,2296785
0.01,2246699
0.01,2247557
0.01,2150585
0.01,2165811
0.01,2168334
0.01,2131900
0.01,2093317
0.01,2076824
0.01,2107895
0.01,2034571
0.01,1993327
0.01,1998139
0.01,1959354
0.01,1968553
0.01,1927309
0.01,1895913
0.01,1946829
0.01,1983523
0.01,2049908
0.01,2056571
0.02,2072156
0.02,2075050
0.02,2072637
0.02,2090529
0.02,2030647
0.02,2054635
0.02,2016717
0.02,1979660
0.02,1952689
0.02,1967696
0.02,2064107
0.02,2088673
0.02,2087991
0.02,2071234
0.02,2063362
0.02,2070241
0.02,2006683
0.02,1890639
0.02,1850127
0.02,1860923
0.02,1890563
0.02,1845910
0.02,1879295
0.02,1894531
0.02,1887050
0.02,1949118
0.02,1925184
0.02,1938110
0.02,1917529
0.02,1919438
0.02,1912477
0.02,1807828
0.02,1856876
0.02,1874483
0.02,1976147
0.02,1997640
0.02,1995448
0.02,1975703
0.02,1878076
0.02,1900502
0.02,1882218
0.02,1880871
0.02,1804131
0.02,1787959
0.02,1795696
0.02,1805148
0.02,1805805
0.02,1813337
0.02,1819707
0.02,1821046
0.02,1883825
0.02,1883570
0.02,1866243
0.02,1864103
0.02,1921214
0.02,1920010
0.02,1912669
0.02,2000608
0.02,1971760
0.02,1985855
0.02,2042853
0.02,2043813
0.02,2048780
0.02,2068808
0.02,2094106
0.02,2096263
0.02,2109024
0.02,2190009
0.02,2252470
0.02,2218896
0.02,2256797
0.02,2255331
0.02,2136542
0.02,2028329
0.02,2100624
0.02,2084606
0.02,1994340
0.02,2000676
0.02,1997710
0.02,1970454
0.02,1959663
0.02,1956771
0.02,1825799
0.02,1838203
0.02,1843823
0.02,1745579
0.02,1719005
0.02,1745186
0.02,1704891
0.02,1736480
0.02,1764325
0.02,1732589
0.02,1731783
0.02,1729858
0.02,1845127
0.02,1821915
0.02,1852092
0.02,1784910
0.02,1746618
0.02,1666503
0.02,1690747
0.02,1718543
0.02,1793429
0.02,1817896
0.02,1835861
0.02,1736727
0.02,1727291
0.02,1665815
0.02,1631939
0.02,1612874
0.02,1617330
0.02,1599659
0.02,1634966
0.02,1676537
0.02,1668036
0.02,1674270
0.02,1702085
0.02,1707896
0.02,1714957
0.02,1647887
0.02,1616273
0.02,1581589
0.02,1552402
0.02,1541021
0.02,1525101
0.02,1509207
0.02,1486204
0.02,1488969
0.02,1478159
0.02,1465355
0.02,1454535
0.02,1443691
0.02,1435250
0.02,1425622
0.02,1416611
0.02,1420326
0.02,1414894
0.02,1424931
0.02,1443756
0.02,1448734
0.02,1440639
0.02,1442440
0.02,1444184
0.02,1459166
0.02,1517500
0.02,1523726
0.02,1539098
0.02,1539534
0.02,1558410
0.02,1565000
0.02,1551066
0.02,1640728
0.02,1650051
0.02,1660541
0.02,1646494
0.02,1646245
0.02,1661743
0.02,1649917
0.02,1695501
0.02,1752729
0.02,1739243
0.02,1729429
0.02,1712729
0.02,1727384
0.02,1763348
0.02,1768547
0.02,1769391
0.02,1749239
0.02,1771984
0.02,1789833
0.02,1755626
0.02,1777841
0.02,1708484
0.02,1664006
0.02,1653995
0.02,1658315
0.02,1624874
0.02,1616354
0.02,1602829
0.02,1620367
0.02,1554453
0.02,1534703
0.02,1487214
0.02,1508143
0.02,1498162
0.02,1425676
0.02,1397132
0.02,1394565
0.02,1386598
0.02,1378752
0.02,1372920
0.02,1363933
0.02,1353782
0.02,1376176
0.02,1347819
0.02,1342721
0.02,1359088
0.02,1345051
0.02,1356017
0.02,1343808
0.02,1337820
0.02,1343686
0.02,1340893
0.02,1333032
0.02,1328845
0.02,1325326
0.02,1325711
0.02,1349609
0.02,1353566
0.02,1414130
0.02,1423149
0.02,1434914
0.02,1432105
0.02,1409328
0.02,1408816
0.02,1417155
0.02,1391799
0.02,1399711
0.02,1474683
0.02,1462443
0.02,1540976
0.02,1536845
0.02,1532711
0.02,1532459
0.02,1522621
0.02,1510495
0.02,1332375
0.02,1314956
0.02,1331359
0.02,1357714
0.02,1420284
0.02,1430614
0.02,1350329
0.02,1382380
0.02,1367127
0.02,1324022
0.02,1390660
0.02,1424050
0.02,1459758
0.02,1524430
0.02,1519682
0.02,1515213
0.02,1505171
0.02,1491576
0.02,1413624
0.02,1293209
0.02,1295896
0.02,1293103
0.02,1293807
0.02,1280474
0.02,1300594
0.02,1271904
0.02,1266181
0.02,1261167
0.02,1256784
0.02,1252476
0.02,1256840
0.02,1248579
0.02,1247756
0.02,1244159
0.02,1240704
0.02,1237443
0.02,1236019
0.02,1233109
0.02,1230188
0.02,1227398
0.02,1230632
0.02,1246015
0.02,1234987
0.02,1242873
0.02,1237300
0.02,1224676
0.02,1221996
0.02,1227747
0.02,1221551
0.02,1222776
0.02,1218543
0.02,1217096
0.02,1216710
0.02,1215451
0.02,1214608
0.02,1213723
0.02,1212917
0.02,1212111
0.02,1211370
0.02,1210734
0.02,1210135
0.02,1209764
0.02,1209357
0.02,1222814
0.02,1209246
0.02,1208035
0.02,1207970
0.02,1207919
