0.00, 9901567
0.00, 9894670
0.00, 9833149
0.00, 9765564
0.00, 9762660
0.00, 9755190
0.00, 9697110
0.00, 9680931
0.00, 9518431
0.00, 9495837
0.00, 9427462
0.00, 9400774
0.00, 9291352
0.00, 9246721
0.00, 9246200
0.00, 9241586
0.00, 9221091
0.00, 9141667
0.00, 9076651
0.00, 9033902
0.00, 9030485
0.00, 8942892
0.00, 8942643
0.00, 8752957
0.00, 8685426
0.00, 8677531
0.00, 8601214
0.00, 8594056
0.00, 8594029
0.00, 8593221
0.00, 8541802
0.00, 8526804
0.00, 8372181
0.00, 8345651
0.00, 8344524
0.00, 8279217
0.00, 8245609
0.00, 8245508
0.00, 8242912
0.00, 8241644
0.00, 7994932
0.00, 7942927
0.00, 7909539
0.00, 7895928
0.00, 7889186
0.00, 7833588
0.00, 7789873
0.00, 7754843
0.00, 7650701
0.00, 7595646
0.00, 7504712
0.00, 7501273
0.00, 7499784
0.00, 7482629
0.00, 7482497
0.00, 7455057
0.00, 7454509
0.00, 7435121
0.00, 7417848
0.00, 7186466
0.00, 7113568
0.00, 7095296
0.00, 7019143
0.00, 6907339
0.00, 6859863
0.00, 6833589
0.00, 6832952
0.00, 6817904
0.00, 6726296
0.00, 6708173
0.00, 6706807
0.00, 6673884
0.00, 6664236
0.00, 6663276
0.00, 6576164
0.00, 6565742
0.00, 6531021
0.00, 6516560
0.00, 6503776
0.00, 6476533
0.00, 6471029
0.00, 6414937
0.00, 6411078
0.00, 6367037
0.00, 6346819
0.00, 6320363
0.00, 6237364
0.00, 6163004
0.00, 6146860
0.00, 6118082
0.00, 6112839
0.00, 6087176
0.00, 6080982
0.00, 6074083
0.00, 5983775
0.00, 5917894
0.00, 5848274
0.00, 5839715
0.00, 5832377
0.00, 5827707
0.00, 5784930
0.00, 5779938
0.00, 5756888
0.00, 5662849
0.00, 5660531
0.00, 5655567
0.00, 5642413
0.00, 5615071
0.00, 5615008
0.00, 5609998
0.00, 5609407
0.00, 5570374
0.00, 5528845
0.00, 5528682
0.00, 5528346
0.00, 5471475
0.00, 5464817
0.00, 5316248
0.00, 5267590
0.00, 5214497
0.00, 5204661
0.00, 4986749
0.00, 4961821
0.00, 4957738
0.01, 4944166
0.01, 4911614
0.01, 4876487
0.01, 4862219
0.01, 4842232
0.01, 4838621
0.01, 4827900
0.01, 4822041
0.01, 4820715
0.01, 4819657
0.01, 4794480
0.01, 4793828
0.01, 4790820
0.01, 4785790
0.01, 4762034
0.01, 4756845
0.01, 4756828
0.01, 4702883
0.01, 4701521
0.01, 4699382
0.01, 4698846
0.01, 4697460
0.01, 4689753
0.01, 4633243
0.01, 4617822
0.01, 4616406
0.01, 4614503
0.01, 4574831
0.01, 4519095
0.01, 4496380
0.01, 4466835
0.01, 4459736
0.01, 4392865
0.01, 4388271
0.01, 4384593
0.01, 4371815
0.01, 4368593
0.01, 4351759
0.01, 4343177
0.01, 4317936
0.01, 4297831
0.01, 4266464
0.01, 4261891
0.01, 4251027
0.01, 4234306
0.01, 4232311
0.01, 4225207
0.01, 4213637
0.01, 4193702
0.01, 4188100
0.01, 4131725
0.01, 4127265
0.01, 4109609
0.01, 4084650
0.01, 4011614
0.01, 4009792
0.01, 3993166
0.01, 3986198
0.01, 3978980
0.01, 3978028
0.01, 3972130
0.01, 3971344
0.01, 3958255
0.01, 3956403
0.01, 3955587
0.01, 3909419
0.01, 3908308
0.01, 3888585
0.01, 3851360
0.01, 3850181
0.01, 3781557
0.01, 3746592
0.01, 3705134
0.01, 3697111
0.01, 3671202
0.01, 3643679
0.01, 3639480
0.01, 3617946
0.01, 3612106
0.01, 3592101
0.01, 3591965
0.01, 3549942
0.01, 3543883
0.01, 3529833
0.01, 3516876
0.01, 3515698
0.01, 3503022
0.01, 3497630
0.01, 3481701
0.01, 3462316
0.01, 3462114
0.01, 3460657
0.01, 3448330
0.01, 3413925
0.01, 3403646
0.01, 3351654
0.01, 3350730
0.01, 3345264
0.01, 3344224
0.01, 3339290
0.01, 3336285
0.01, 3334187
0.01, 3317467
0.01, 3282945
0.01, 3252265
0.01, 3250442
0.01, 3211538
0.01, 3211229
0.01, 3206451
0.01, 3164500
0.01, 3150561
0.01, 3136269
0.01, 3135612
0.01, 3131099
0.01, 3120537
0.01, 3112691
0.01, 3090562
0.01, 3072716
0.01, 3064492
0.01, 3043712
0.01, 3026134
0.01, 3007481
0.01, 2995560
0.01, 2974314
0.01, 2946346
0.01, 2944479
0.01, 2927715
0.01, 2906029
0.01, 2901590
0.01, 2893597
0.01, 2890290
0.01, 2868385
0.01, 2861315
0.01, 2854171
0.03, 2837363
0.03, 2825706
0.03, 2809675
0.03, 2809041
0.03, 2807436
0.03, 2804818
0.03, 2795970
0.03, 2795924
0.03, 2783385
0.03, 2778850
0.03, 2726655
0.03, 2693192
0.03, 2657692
0.03, 2633847
0.03, 2632505
0.03, 2618752
0.03, 2618269
0.03, 2602501
0.03, 2590673
0.04, 2582278
0.04, 2561527
0.04, 2560029
0.04, 2534576
0.05, 2521809
0.05, 2510684
0.05, 2477698
0.05, 2425558
0.05, 2415412
0.05, 2412980
0.05, 2411927
0.05, 2367823
0.05, 2367294
0.08, 2339524
0.10, 2336556
0.10, 2334469
0.10, 2331745
0.10, 2298932
0.10, 2283603
0.10, 2283208
0.10, 2264952
0.10, 2262893
0.11, 2248024
0.11, 2233200
0.11, 2207060
0.11, 2194973
0.11, 2194212
0.11, 2188223
0.11, 2187409
0.11, 2176664
0.11, 2168848
0.11, 2151636
0.11, 2150841
0.11, 2126740
0.11, 2125452
0.11, 2124495
0.11, 2121101
0.11, 2093002
0.16, 2084109
0.16, 2082796
0.16, 2078796
0.16, 2076034
0.16, 2025443
0.16, 2010809
0.16, 2007023
0.16, 2006973
0.16, 2005111
0.16, 1995834
0.17, 1993395
0.17, 1993390
0.17, 1992925
0.17, 1992019
0.17, 1973857
0.17, 1973741
0.17, 1949628
0.17, 1939894
0.17, 1938209
0.18, 1918774
0.18, 1917193
0.20, 1917013
0.20, 1915178
0.20, 1908473
0.20, 1907816
0.20, 1901268
0.20, 1895680
0.20, 1887236
0.20, 1882392
0.20, 1877114
0.20, 1872008
0.22, 1871560
0.22, 1846590
0.22, 1844403
0.22, 1832024
0.22, 1830815
0.22, 1824867
0.22, 1801571
0.22, 1801079
0.22, 1800729
0.22, 1800665
0.22, 1798876
0.23, 1789418
0.23, 1786350
0.23, 1765375
0.23, 1765324
0.23, 1764300
0.24, 1748802
0.24, 1746813
0.24, 1740946
0.24, 1738173
0.24, 1731319
0.24, 1730885
0.24, 1726870
0.25, 1726720
0.25, 1718914
0.26, 1715575
0.26, 1714977
0.26, 1714279
0.26, 1713720
0.26, 1686939
0.26, 1681727
0.26, 1672988
0.26, 1665378
0.26, 1664765
0.26, 1664540
0.26, 1662208
0.26, 1658719
0.26, 1657575
0.26, 1656346
0.26, 1651501
0.26, 1649806
0.26, 1647283
0.26, 1639420
0.26, 1636487
0.26, 1635811
0.30, 1621028
0.30, 1620551
0.30, 1614614
0.30, 1613655
0.30, 1604668
0.31, 1602673
0.31, 1601222
0.31, 1591629
0.31, 1591547
0.31, 1590282
0.31, 1579934
0.31, 1579086
0.31, 1575714
0.31, 1567262
0.31, 1566012
0.31, 1565018
0.31, 1562311
0.31, 1556598
0.33, 1551223
0.33, 1530789
0.33, 1508160
0.34, 1506792
0.34, 1504279
0.34, 1503669
0.34, 1501419
0.34, 1500014
0.34, 1499161
0.34, 1496351
0.34, 1490504
0.34, 1485293
0.34, 1483860
0.34, 1479225
0.34, 1476599
0.34, 1476589
0.34, 1476116
0.35, 1470028
0.35, 1467103
0.35, 1462103
0.35, 1460137
0.35, 1458255
0.36, 1457002
0.36, 1456029
0.36, 1452654
0.36, 1449792
0.36, 1443681
0.36, 1443264
0.36, 1434090
0.36, 1433304
0.36, 1423240
0.36, 1423135
0.42, 1419779
0.42, 1418837
0.42, 1415867
0.42, 1415823
0.42, 1415338
0.42, 1414781
0.42, 1410942
0.42, 1407277
0.42, 1407268
0.42, 1405887
0.42, 1405190
0.42, 1401700
0.42, 1399841
0.42, 1399150
0.42, 1393972
0.42, 1380253
0.42, 1378100
0.42, 1370758
0.42, 1367125
0.42, 1367003
0.42, 1364375
0.46, 1350944
0.46, 1334552
0.46, 1329341
0.46, 1326626
0.52, 1325343
0.52, 1320777
0.52, 1315085
0.52, 1313699
0.52, 1313500
0.52, 1313074
0.52, 1312894
0.52, 1312836
0.52, 1311311
0.52, 1310757
0.52, 1308060
0.52, 1305855
0.53, 1305297
0.53, 1303731
0.53, 1303227
0.53, 1299301
0.53, 1295606
0.53, 1294372
0.53, 1292699
0.53, 1291984
0.53, 1291423
0.53, 1290688
0.53, 1286871
0.54, 1285154
0.54, 1283503
0.54, 1283045
0.54, 1282143
0.54, 1280279
0.54, 1275356
0.54, 1270948
0.54, 1269661
0.54, 1264728
0.55, 1263532
0.55, 1261780
0.55, 1256318
0.56, 1254386
0.56, 1247530
0.56, 1246156
0.56, 1245781
0.58, 1241420
0.58, 1240942
0.58, 1240834
0.58, 1238539
0.58, 1236660
0.58, 1236222
0.58, 1233078
0.58, 1232589
0.58, 1232391
0.58, 1232365
0.58, 1231180
0.59, 1228316
0.59, 1227464
0.59, 1225707
0.59, 1225349
0.59, 1224690
0.59, 1224253
0.59, 1223583
0.59, 1223308
0.59, 1223092
0.59, 1222388
0.59, 1221706
0.59, 1220898
0.59, 1219411
0.59, 1217589
0.59, 1217388
0.71, 1215242
0.71, 1214530
0.72, 1211130
0.72, 1210910
0.72, 1210608
0.72, 1208954
0.74, 1205866
0.76, 1204816
0.76, 1204247
0.77, 1201596
0.77, 1197933
0.77, 1197803
0.77, 1196905
0.77, 1195451
0.84, 1194605
0.84, 1194574
0.85, 1194494
0.85, 1194082
0.85, 1193431
0.85, 1192424
0.85, 1188144
0.85, 1187748
0.85, 1187494
0.85, 1187443
0.85, 1186358
0.85, 1185842
0.86, 1185797
0.86, 1185144
0.86, 1184244
0.86, 1183964
0.86, 1182803
0.86, 1182539
0.86, 1182366
0.86, 1181797
0.97, 1180620
0.97, 1180182
0.97, 1180131
1.07, 1179309
1.08, 1178188
1.08, 1177971
1.08, 1177905
1.13, 1177902
1.15, 1177635
1.17, 1176977
1.17, 1176926
1.28, 1176864
1.28, 1176813
1.28, 1176809
1.29, 1176631
1.32, 1176594
1.32, 1176529
1.35, 1176501
1.36, 1176353
1.36, 1176326
1.43, 1176211
3.36, 1176151
