0.00,9731511
0.00,9614115
0.00,9626348
0.00,9227829
0.00,8951378
0.00,8878058
0.00,8609259
0.00,8296758
0.00,8108286
0.00,7963767
0.00,7816651
0.00,7300043
0.00,7032197
0.00,6855746
0.00,6714461
0.00,6233907
0.00,6245674
0.00,6176328
0.00,6179073
0.00,5972868
0.00,5800096
0.00,5670519
0.00,5548969
0.00,5322137
0.00,5316164
0.00,5121637
0.00,4870010
0.00,4891914
0.00,4992062
0.00,5070720
0.00,4924255
0.00,4654419
0.00,4645843
0.00,4542618
0.00,4539037
0.00,4445221
0.00,4348821
0.00,4236500
0.00,4254826
0.00,4130717
0.00,4153193
0.00,3968655
0.00,3958447
0.00,3984327
0.00,3823872
0.00,3737863
0.00,3700316
0.00,3752126
0.00,3782365
0.00,3843442
0.00,3727766
0.00,3561224
0.00,3579989
0.00,3517790
0.00,3524847
0.00,3530498
0.00,3550888
0.01,3452938
0.01,3510428
0.01,3655144
0.01,3659428
0.01,3660562
0.01,3637020
0.01,3576619
0.01,3540146
0.01,3560232
0.01,3674895
0.01,3789755
0.01,3818303
0.01,3774130
0.01,3756264
0.01,3457734
0.01,3528079
0.01,3509726
0.01,3415817
0.01,3372696
0.01,3375881
0.01,3380523
0.01,3382658
0.01,3383527
0.01,3417405
0.01,3337314
0.01,3266460
0.01,3204432
0.01,3083345
0.01,3115981
0.01,3053158
0.01,2959777
0.01,2960731
0.01,2998566
0.01,2858330
0.01,2859937
0.01,2908394
0.01,3092525
0.01,3107334
0.01,3090284
0.01,3045265
0.01,2995245
0.01,2939828
0.01,2946892
0.01,2973229
0.01,2875135
0.01,2764619
0.01,2711334
0.01,2685305
0.01,2723636
0.01,2725691
0.01,2674354
0.01,2695820
0.01,2697333
0.01,2610397
0.01,2684861
0.01,2651840
0.01,2691571
0.01,2725694
0.01,2604160
0.01,2681966
0.01,2607777
0.01,2652855
0.01,2702229
0.01,2698039
0.01,2708267
0.01,2607817
0.01,2694602
0.01,2614706
0.01,2523418
0.01,2519757
0.01,2455841
0.01,2395937
0.01,2336604
0.01,2282028
0.01,2285776
0.01,2234719
0.01,2154734
0.01,2116904
0.01,2064588
0.01,1990863
0.01,1950658
0.01,2009965
0.01,2010555
0.01,1988457
0.01,1953830
0.01,2029413
0.01,2014111
0.01,2009671
0.01,2012861
0.01,2019063
0.01,1914117
0.01,1869782
0.01,1877589
0.01,1890975
0.01,1875997
0.01,1851388
0.01,1849777
0.01,1848406
0.01,1860182
0.01,1840847
0.01,1818616
0.01,1791507
0.01,1808362
0.01,1820969
0.01,1752726
0.01,1807023
0.01,1785543
0.01,1801437
0.01,1792357
0.01,1788923
0.01,1721845
0.01,1697574
0.01,1697154
0.01,1666652
0.01,1635251
0.01,1615623
0.01,1597827
0.01,1601452
0.01,1651539
0.01,1621588
0.01,1621094
0.01,1622687
0.01,1651219
0.01,1634742
0.01,1624815
0.01,1601555
0.01,1589990
0.01,1714667
0.01,1699691
0.01,1704814
0.01,1714777
0.01,1730624
0.01,1728828
0.01,1729011
0.01,1735270
0.01,1763287
0.01,1739222
0.01,1783271
0.01,1817057
0.01,1823063
0.01,1830031
0.01,1820056
0.01,1782691
0.01,1787069
0.01,1736773
0.01,1704484
0.01,1789790
0.01,1798771
0.01,1779932
0.01,1769247
0.01,1746460
0.01,1664885
0.01,1683194
0.01,1659467
0.01,1628686
0.01,1678154
0.01,1679669
0.01,1662761
0.01,1741492
0.01,1752100
0.01,1734351
0.01,1713626
0.01,1750153
0.01,1816892
0.01,1766732
0.01,1772214
0.01,1720586
0.01,1674799
0.01,1641401
0.01,1628426
0.01,1626919
0.01,1601093
0.01,1578836
0.01,1564766
0.01,1565788
0.01,1549493
0.01,1545077
0.01,1531351
0.01,1513391
0.01,1530788
0.01,1542193
0.01,1542727
0.01,1541168
0.01,1502552
0.01,1505815
0.01,1524298
0.01,1481884
0.01,1489171
0.01,1617750
0.01,1597698
0.01,1618173
0.01,1630940
0.01,1642436
0.01,1625592
0.01,1632811
0.01,1666344
0.01,1662840
0.01,1649982
0.01,1727590
0.01,1715202
0.01,1716475
0.01,1722380
0.01,1679936
0.01,1681769
0.01,1684564
0.01,1694073
0.01,1648598
0.01,1669412
0.01,1659741
0.01,1655576
0.01,1634922
0.01,1615172
0.01,1536512
0.01,1580665
0.01,1595089
0.01,1555854
0.01,1587451
0.01,1605379
0.01,1598601
0.01,1626345
0.01,1642319
0.01,1632452
0.01,1625618
0.01,1641860
0.01,1716588
0.01,1661143
0.01,1664319
0.01,1618166
0.01,1577498
0.01,1529531
0.01,1528747
0.01,1541284
0.01,1481457
0.01,1471757
0.01,1481027
0.01,1468174
0.01,1478387
0.01,1462117
0.01,1449073
0.01,1439572
0.01,1430543
0.01,1467791
0.01,1432446
0.01,1420861
0.01,1409457
0.01,1401504
0.01,1393912
0.01,1392160
0.02,1386466
0.02,1381075
0.02,1377629
0.02,1371688
0.02,1366177
0.02,1357484
0.02,1349415
0.02,1344214
0.02,1339146
0.02,1334838
0.02,1330945
0.02,1327080
0.02,1323366
0.02,1330364
0.02,1334917
0.02,1329944
0.02,1343254
0.02,1332231
0.02,1326998
0.02,1325238
0.02,1325161
0.02,1318362
0.02,1323917
0.02,1323882
0.02,1320785
0.02,1313976
0.02,1312736
0.02,1310340
0.02,1306742
0.02,1309330
0.02,1309936
0.02,1307219
0.02,1306503
0.02,1303366
0.02,1300390
0.02,1297960
0.02,1334837
0.02,1293393
0.02,1312586
0.02,1291254
0.02,1289315
0.02,1287471
0.02,1285954
0.02,1284889
0.02,1283671
0.02,1282488
0.02,1281682
0.02,1280876
0.02,1280240
0.02,1279725
0.02,1279410
0.02,1278345
0.02,1278047
0.02,1277781
0.02,1277580
0.02,1277173
0.02,1277108
0.02,1277097
