0.00,10536012
0.00,10555824
0.00,10074294
0.00,10056295
0.00,9753585
0.00,9427161
0.00,9339741
0.00,9265413
0.00,8927453
0.00,8937524
0.00,8897869
0.00,8737443
0.00,8438363
0.00,8390816
0.00,8277085
0.00,8081572
0.00,7645355
0.00,7480415
0.00,7181234
0.00,7179411
0.00,7153980
0.00,7126753
0.00,6934370
0.00,6756435
0.00,6544608
0.00,6490755
0.00,6586930
0.00,6601359
0.00,6460760
0.00,6321304
0.00,6170946
0.00,6044052
0.00,5949936
0.00,5740369
0.00,5444052
0.00,5459862
0.00,5380643
0.00,5468406
0.00,5469188
0.00,5239742
0.00,5135376
0.00,5117925
0.00,5061763
0.00,4875100
0.00,4818947
0.00,4841431
0.00,4840969
0.00,4617674
0.00,4609511
0.00,4713518
0.00,4687122
0.00,4659959
0.00,4572864
0.00,4624445
0.00,4446886
0.00,4481865
0.01,4404682
0.01,4269928
0.01,4238016
0.01,4029413
0.01,4108427
0.01,4113434
0.01,4071690
0.01,4077487
0.01,4017538
0.01,3919611
0.01,3873270
0.01,3776168
0.01,3749510
0.01,3722478
0.01,3673973
0.01,3681723
0.01,3515625
0.01,3580418
0.01,3537128
0.01,3310610
0.01,3343721
0.01,3382140
0.01,3390211
0.01,3392548
0.01,3367834
0.01,3369056
0.01,3359720
0.01,3382614
0.01,3344377
0.01,3209633
0.01,3229783
0.01,3125682
0.01,3067688
0.01,3086102
0.01,3133309
0.01,3097081
0.01,3099403
0.01,3169923
0.01,3120428
0.01,3106634
0.01,3054270
0.01,2998456
0.01,2986292
0.01,2964227
0.01,3002803
0.01,2941508
0.01,2854967
0.01,3013316
0.01,3074930
0.01,3056032
0.01,3014610
0.01,3020169
0.01,3034895
0.01,3072593
0.01,3048788
0.01,2853674
0.01,2789790
0.01,2728804
0.01,2779824
0.01,2707057
0.01,2694297
0.01,2687175
0.01,2651645
0.01,2623990
0.01,2689428
0.01,2838559
0.01,2848340
0.01,2849419
0.01,2765595
0.01,2697258
0.01,2718974
0.01,2787021
0.01,2775234
0.01,2646623
0.01,2568838
0.01,2604609
0.01,2591204
0.01,2553807
0.01,2541889
0.01,2454010
0.01,2409086
0.01,2418401
0.01,2342646
0.01,2278600
0.01,2229227
0.01,2267284
0.01,2313897
0.01,2363168
0.01,2355901
0.01,2331240
0.01,2252756
0.01,2265469
0.01,2220538
0.01,2242496
0.01,2215298
0.01,2165130
0.01,2106106
0.01,2094982
0.01,2053852
0.01,2036565
0.01,2015901
0.01,2011402
0.01,1973803
0.01,1936917
0.01,1968368
0.01,2024411
0.01,2002085
0.01,2034152
0.01,2009491
0.01,2010065
0.01,2013776
0.01,2005160
0.01,1975133
0.01,2020209
0.01,2011147
0.01,1984996
0.01,1914391
0.01,1941755
0.01,1910496
0.01,1979650
0.01,1995697
0.01,1996082
0.01,1965599
0.01,1948065
0.01,1994164
0.01,2045218
0.01,2017231
0.01,1929131
0.01,1885757
0.01,1848373
0.01,1842698
0.01,1798270
0.01,1818838
0.01,1831261
0.01,1840317
0.01,1941849
0.01,1940271
0.01,1924793
0.01,1958857
0.01,1939109
0.01,1929704
0.01,1920482
0.01,1943774
0.01,2006072
0.01,1947462
0.01,1954651
0.01,1902524
0.01,1859840
0.01,1818870
0.01,1843779
0.01,1881143
0.01,1836546
0.01,1778275
0.01,1793195
0.01,1843472
0.01,1844534
0.01,1889653
0.01,1985398
0.01,2007365
0.01,2057779
0.01,2092979
0.01,2122498
0.01,2058773
0.01,2019304
0.01,2011775
0.01,2001020
0.01,2001292
0.01,1920784
0.01,1868298
0.01,1941051
0.01,1895996
0.01,1994676
0.01,1990989
0.01,1978414
0.01,1967089
0.01,1959115
0.01,1924266
0.01,1826062
0.01,1845734
0.01,1857727
0.01,1942218
0.01,1913123
0.01,1953016
0.01,1932094
0.01,1821747
0.01,1794300
0.01,1751670
0.01,1720003
0.01,1699070
0.01,1722973
0.01,1791948
0.01,1782530
0.01,1789924
0.01,1775467
0.01,1775259
0.01,1764219
0.01,1771484
0.01,1783314
0.01,1671648
0.01,1647713
0.01,1692125
0.01,1754848
0.01,1655958
0.01,1656738
0.01,1639937
0.01,1621960
0.01,1589685
0.01,1575362
0.01,1559442
0.01,1544817
0.01,1530181
0.01,1515598
0.01,1502502
0.01,1494877
0.01,1483164
0.01,1466056
0.01,1468079
0.01,1472679
0.01,1479155
0.01,1538615
0.01,1558012
0.01,1540371
0.01,1498209
0.01,1619148
0.01,1612675
0.01,1582949
0.01,1647188
0.01,1639225
0.01,1663993
0.01,1607139
0.01,1590582
0.01,1594469
0.01,1571104
0.01,1555561
0.01,1485114
0.01,1455039
0.01,1485760
0.01,1485699
0.01,1445667
0.01,1439543
0.01,1470194
0.01,1455565
0.01,1425782
0.01,1411982
0.01,1402104
0.01,1404855
0.01,1392145
0.01,1382624
0.01,1373149
0.01,1368559
0.01,1360506
0.01,1352527
0.01,1345419
0.01,1342957
0.01,1333617
0.01,1334426
0.01,1325448
0.01,1319070
0.01,1411796
0.01,1422655
0.02,1451411
0.02,1511376
0.02,1534743
0.02,1542177
0.02,1536124
0.02,1527545
0.02,1534615
0.02,1509684
0.02,1453955
0.02,1373191
0.02,1384630
0.02,1378260
0.02,1386102
0.02,1378725
0.02,1311824
0.02,1327778
0.02,1366075
0.02,1386299
0.02,1474977
0.02,1515445
0.02,1533789
0.02,1535826
0.02,1507681
0.02,1526727
0.02,1500520
0.02,1492094
0.02,1404806
0.02,1412013
0.02,1412270
0.02,1367874
0.02,1380325
0.02,1391874
0.02,1389841
0.02,1427626
0.02,1392263
0.02,1295991
0.02,1293760
0.02,1287889
0.02,1288255
0.02,1283377
0.02,1278613
0.02,1280474
0.02,1274789
0.02,1329395
0.02,1356841
0.02,1334080
0.02,1319792
0.02,1324119
0.02,1367219
0.02,1422023
0.02,1471937
0.02,1466353
0.02,1521692
0.02,1443012
0.02,1423492
0.02,1432435
0.02,1433545
0.02,1457903
0.02,1444840
0.02,1452989
0.02,1454647
0.02,1383628
0.02,1337203
0.02,1343278
0.02,1339081
0.02,1318958
0.02,1318028
0.02,1313219
0.02,1303290
0.02,1301989
0.02,1328506
0.02,1331472
0.02,1381306
0.02,1383047
0.02,1411429
0.02,1511913
0.02,1486575
0.02,1483143
0.02,1433756
0.02,1458661
0.02,1465155
0.02,1446000
0.02,1483301
0.02,1442538
0.02,1449648
0.02,1403225
0.02,1399673
0.02,1393306
0.02,1378351
0.02,1369217
0.02,1413368
0.02,1400043
0.02,1355608
0.02,1294404
0.02,1286245
0.02,1270990
0.02,1267352
0.02,1309990
0.02,1405475
0.02,1435076
0.02,1424367
0.02,1418013
0.02,1371094
0.02,1384571
0.02,1306885
0.02,1264555
0.02,1306422
0.02,1364196
0.02,1344420
0.02,1325072
0.02,1357362
0.02,1369627
0.02,1377086
0.02,1354318
0.02,1296714
0.02,1314825
0.02,1250779
0.02,1247989
0.02,1245764
0.02,1243605
0.02,1241804
0.02,1239660
0.02,1261408
0.02,1269931
0.02,1278858
0.02,1237928
0.02,1235210
0.02,1236939
0.02,1240690
0.02,1243858
0.02,1235093
0.02,1236206
0.02,1233691
0.02,1233061
0.02,1231868
0.02,1228923
0.02,1227465
0.02,1226440
0.02,1268400
0.02,1282124
0.02,1351491
0.02,1327475
0.02,1304434
0.02,1283066
0.02,1329406
0.02,1345634
0.02,1347292
0.02,1441044
0.02,1443172
0.02,1446193
0.02,1438213
0.02,1445817
0.02,1444412
0.02,1367750
0.02,1348605
0.02,1284250
0.02,1289383
0.02,1315732
0.02,1319170
0.02,1283183
0.02,1255517
0.02,1238576
0.02,1280575
0.02,1256781
0.02,1301973
0.02,1399902
0.02,1407626
0.02,1447687
0.02,1455538
0.02,1457211
0.02,1430580
0.02,1428672
0.02,1422171
0.02,1340513
0.02,1316879
0.02,1339294
0.02,1347808
0.02,1328902
0.02,1319658
0.02,1304787
0.02,1298163
0.02,1291067
0.02,1274000
0.02,1218689
0.02,1203657
0.02,1198312
0.02,1195522
0.02,1193556
0.02,1192861
0.02,1192262
0.02,1191677
0.02,1191339
0.02,1190885
0.02,1190675
0.02,1190993
0.02,1190813
0.02,1190264
0.02,1189984
0.02,1195507
0.02,1188901
0.02,1187936
0.02,1187774
0.02,1187520
0.02,1187378
0.02,1187313
0.02,1187262
