0.00,9745288
0.00,9407259
0.00,9064990
0.00,8714467
0.00,8317884
0.00,8289902
0.00,8083840
0.00,7977550
0.00,7978762
0.00,7725960
0.00,7435926
0.00,7362777
0.00,7255182
0.00,7085592
0.00,6762967
0.00,6763259
0.00,6660851
0.00,6569054
0.00,6571049
0.00,6598022
0.00,6352549
0.00,6366445
0.00,6356762
0.00,6422085
0.00,6248838
0.00,6212478
0.00,6314179
0.00,6182060
0.00,6167261
0.00,6231194
0.00,6236348
0.00,6302316
0.00,6183613
0.00,6037656
0.00,5833350
0.00,5869486
0.00,5967286
0.00,5749350
0.00,5588195
0.00,5598298
0.00,5597163
0.00,5636858
0.00,5624186
0.00,5731722
0.00,5533761
0.00,5549313
0.00,5539641
0.00,5449806
0.01,5455015
0.01,5473688
0.01,5520722
0.01,5513337
0.01,5478424
0.01,5447390
0.01,5574053
0.01,5531651
0.01,5437859
0.01,5309293
0.01,5163488
0.01,5108869
0.01,4974349
0.01,4980158
0.01,4811908
0.01,4803068
0.01,4851124
0.01,4849702
0.01,4865826
0.01,4821384
0.01,4796562
0.01,4601374
0.01,4775173
0.01,4804332
0.01,4795177
0.01,4621399
0.01,4607621
0.01,4586871
0.01,4582719
0.01,4567915
0.01,4663425
0.01,4484670
0.01,4358259
0.01,4517901
0.01,4463599
0.01,4361667
0.01,4288382
0.01,4277961
0.01,4265584
0.01,4289709
0.01,4266575
0.01,4281064
0.01,4305453
0.01,4240665
0.01,3973447
0.01,3990161
0.01,4133358
0.01,4150852
0.01,4088207
0.01,3988326
0.01,3872707
0.01,3752378
0.01,3739223
0.01,3620415
0.01,3603984
0.01,3648056
0.01,3664573
0.01,3672803
0.01,3838286
0.01,3820217
0.01,3815806
0.01,3727521
0.01,3709774
0.01,3687977
0.01,3687641
0.01,3775356
0.01,3829125
0.01,3983477
0.01,3961255
0.01,3775765
0.01,3696839
0.01,3583659
0.01,3586448
0.01,3545107
0.01,3483712
0.01,3502132
0.01,3501624
0.01,3485452
0.01,3538696
0.01,3526079
0.01,3391430
0.01,3444006
0.01,3427760
0.01,3488437
0.01,3419708
0.01,3418345
0.01,3349733
0.01,3265992
0.01,3180811
0.01,3261916
0.01,3334666
0.01,3294980
0.01,3224253
0.01,3225870
0.01,3238737
0.01,3316877
0.01,3319683
0.01,3287992
0.01,3127618
0.01,3201771
0.01,3202626
0.01,3298262
0.01,3263206
0.01,3259239
0.01,3257486
0.01,3282684
0.01,3287709
0.01,3286818
0.01,3196338
0.01,3180092
0.01,3240769
0.01,3172040
0.01,3170677
0.01,2964081
0.01,3006160
0.01,2886909
0.01,2889013
0.01,3008171
0.01,2926719
0.01,2848534
0.01,2868478
0.01,2920968
0.01,2872966
0.01,2848554
0.01,2797662
0.01,2822502
0.01,2740691
0.01,2737106
0.01,2722001
0.01,2717935
0.01,2641596
0.01,2620971
0.01,2594945
0.01,2529718
0.01,2493366
0.01,2582573
0.01,2748792
0.01,2671611
0.01,2688878
0.01,2604485
0.01,2523129
0.01,2493181
0.01,2563783
0.01,2647147
0.01,2699469
0.01,2744543
0.01,2775623
0.01,2732184
0.01,2729158
0.01,2741329
0.01,2693326
0.01,2696073
0.01,2628492
0.01,2645465
0.01,2622902
0.01,2636074
0.01,2676035
0.01,2643181
0.01,2626930
0.01,2669641
0.01,2629719
0.01,2584684
0.01,2584431
0.01,2646407
0.01,2707138
0.01,2726743
0.01,2721101
0.01,2677132
0.01,2656224
0.01,2611778
0.01,2544381
0.01,2415945
0.01,2343416
0.01,2336795
0.01,2296464
0.01,2288050
0.01,2233470
0.01,2192035
0.01,2137811
0.01,2125857
0.01,2097793
0.01,2046506
0.01,2003214
0.01,1983033
0.01,1951840
0.01,1940911
0.01,1926289
0.01,1940380
0.01,1952936
0.02,1953916
0.02,2004221
0.02,2018041
0.02,2032063
0.02,2042421
0.02,2044463
0.02,2044120
0.02,2012579
0.02,1992149
0.02,1989250
0.02,1933960
0.02,1931464
0.02,1999383
0.02,1979781
0.02,1963010
0.02,1974380
0.02,1894925
0.02,1883679
0.02,1871967
0.02,1901555
0.02,1932385
0.02,1925628
0.02,1957668
0.02,1965767
0.02,1949829
0.02,1947009
0.02,1949078
0.02,1965584
0.02,1846287
0.02,1823216
0.02,1803341
0.02,1781287
0.02,1858797
0.02,1804611
0.02,1864967
0.02,1884400
0.02,1892952
0.02,1914998
0.02,1988207
0.02,1976148
0.02,1974877
0.02,1957977
0.02,1886229
0.02,1875297
0.02,1759167
0.02,1725362
0.02,1698953
0.02,1708295
0.02,1694467
0.02,1697741
0.02,1675810
0.02,1655418
0.02,1663412
0.02,1656934
0.02,1644297
0.02,1653730
0.02,1626637
0.02,1613505
0.02,1599587
0.02,1583821
0.02,1575486
0.02,1560551
0.02,1547167
0.02,1537111
0.02,1547063
0.02,1538444
0.02,1542440
0.02,1529913
0.02,1510349
0.02,1499014
0.02,1488197
0.02,1492423
0.02,1477499
0.02,1593376
0.02,1648562
0.02,1611817
0.02,1690943
0.02,1726577
0.02,1708507
0.02,1696653
0.02,1790743
0.02,1760794
0.02,1757623
0.02,1755600
0.02,1771998
0.02,1766725
0.02,1765343
0.02,1766513
0.02,1735842
0.02,1778381
0.02,1790302
0.02,1791897
0.02,1790519
0.02,1811508
0.02,1797626
0.02,1817128
0.02,1863793
0.02,1833703
0.02,1753451
0.02,1723361
0.02,1717198
0.02,1727038
0.02,1729084
0.02,1728512
0.02,1728023
0.02,1691237
0.02,1694270
0.02,1703629
0.02,1705867
0.02,1710437
0.02,1695269
0.02,1579348
0.02,1583361
0.02,1594579
0.02,1607129
0.02,1629673
0.02,1604994
0.02,1602556
0.02,1520085
0.02,1501529
0.02,1500355
0.02,1494008
0.02,1499867
0.02,1474166
0.02,1449320
0.02,1432424
0.02,1428878
0.02,1420193
0.02,1411859
0.02,1407221
0.02,1397917
0.02,1390243
0.02,1383085
0.02,1384663
0.02,1394859
0.02,1389611
0.02,1405878
0.02,1377173
0.02,1374115
0.02,1365192
0.02,1360191
0.02,1351348
0.02,1346376
0.02,1341473
0.02,1337687
0.02,1335204
0.02,1331933
0.02,1328478
0.02,1326053
0.02,1317300
0.02,1313274
0.02,1310794
0.02,1310718
0.02,1308166
0.02,1305974
0.02,1304108
0.02,1302862
0.02,1301333
0.02,1305892
0.02,1308530
0.02,1314468
0.02,1313669
0.02,1328263
0.02,1305448
0.02,1298721
0.02,1297814
0.02,1291385
0.02,1288464
0.02,1307470
0.02,1290969
0.02,1316596
0.02,1326625
0.02,1316016
0.02,1286655
0.02,1282790
0.02,1281625
0.02,1279470
0.02,1277780
0.02,1277090
0.02,1276782
0.02,1278589
0.02,1285913
0.02,1292793
0.02,1289808
0.02,1293983
0.02,1289701
0.02,1296844
0.02,1275898
0.02,1277323
0.02,1276571
0.02,1274058
0.02,1272751
0.02,1272152
0.02,1271730
0.02,1271353
0.02,1271152
0.02,1270745
0.02,1270583
0.02,1270329
0.02,1274620
0.02,1270178
0.02,1270036
0.02,1283493
0.02,1269925
0.02,1268714
0.02,1268663
