0.00,10083968
0.00,9700215
0.00,9474124
0.00,9220944
0.00,8878773
0.00,8640688
0.00,8369762
0.00,8079605
0.00,7728280
0.00,7363108
0.00,7302142
0.00,7270825
0.00,7020559
0.00,6819962
0.00,6786474
0.00,6769797
0.00,6556482
0.00,6585332
0.00,6619364
0.00,6588962
0.00,6504819
0.00,6284377
0.00,6284252
0.00,6225978
0.00,6105950
0.00,6102179
0.00,5943045
0.00,5925318
0.00,5958324
0.00,5959572
0.00,5866445
0.00,5605013
0.00,5634522
0.00,5694352
0.00,5610767
0.00,5530056
0.00,5327040
0.00,5171356
0.00,5015342
0.00,4846258
0.00,4752250
0.00,4763888
0.00,4806175
0.00,4691525
0.00,4644471
0.00,4647384
0.00,4658447
0.00,4639370
0.00,4724853
0.00,4756718
0.00,4655163
0.00,4581580
0.00,4591768
0.00,4350383
0.00,4350612
0.00,4090566
0.00,4087928
0.00,4120216
0.00,4192890
0.00,4203962
0.00,4146373
0.01,4189221
0.01,4083764
0.01,3935275
0.01,4018056
0.01,3910301
0.01,3847150
0.01,3732262
0.01,3746259
0.01,3721109
0.01,3578817
0.01,3603834
0.01,3556887
0.01,3550337
0.01,3564906
0.01,3605271
0.01,3608420
0.01,3610490
0.01,3771277
0.01,3715722
0.01,3674582
0.01,3754264
0.01,3723989
0.01,3714985
0.01,3716197
0.01,3612426
0.01,3664382
0.01,3697128
0.01,3642147
0.01,3671136
0.01,3693301
0.01,3637765
0.01,3481065
0.01,3581355
0.01,3616856
0.01,3561855
0.01,3568363
0.01,3617601
0.01,3480114
0.01,3353850
0.01,3359714
0.01,3306967
0.01,3347520
0.01,3195462
0.01,3173476
0.01,3201623
0.01,3169781
0.01,3151563
0.01,3101459
0.01,3232155
0.01,3288662
0.01,3113620
0.01,3196783
0.01,3193010
0.01,3206954
0.01,3140603
0.01,3185961
0.01,3265795
0.01,3258418
0.01,3258720
0.01,3109501
0.01,3088880
0.01,3172049
0.01,3148986
0.01,3126408
0.01,3250423
0.01,3169408
0.01,3200357
0.01,3241873
0.01,3277795
0.01,3303439
0.01,3302252
0.01,3220657
0.01,3209358
0.01,3057216
0.01,2973462
0.01,3009162
0.01,3122294
0.01,3145266
0.01,3149736
0.01,3134536
0.01,3092950
0.01,3133218
0.01,3063989
0.01,3045735
0.01,2901298
0.01,2918400
0.01,3037396
0.01,3055876
0.01,3012464
0.01,2958457
0.01,3037717
0.01,3025808
0.01,3017280
0.01,2850437
0.01,2773383
0.01,2697114
0.01,2676890
0.01,2733719
0.01,2789932
0.01,2785327
0.01,2755644
0.01,2728150
0.01,2687316
0.01,2669061
0.01,2619495
0.01,2556447
0.01,2557442
0.01,2486171
0.01,2513230
0.01,2602918
0.01,2592946
0.01,2603685
0.01,2563102
0.01,2488723
0.01,2524426
0.01,2434596
0.01,2398698
0.01,2386279
0.01,2313159
0.01,2314071
0.01,2325297
0.01,2283681
0.01,2281169
0.01,2266619
0.01,2272401
0.01,2207160
0.01,2206981
0.01,2208895
0.01,2205470
0.01,2226136
0.01,2165717
0.01,2167089
0.01,2260773
0.01,2256915
0.01,2258164
0.01,2280542
0.01,2274886
0.01,2283154
0.01,2284730
0.01,2364041
0.01,2296722
0.01,2295478
0.01,2256491
0.01,2170727
0.01,2227212
0.01,2199219
0.01,2192279
0.01,2134679
0.01,2218069
0.01,2212660
0.01,2232425
0.01,2099588
0.01,2139091
0.01,2138054
0.01,2183894
0.01,2128195
0.01,2118479
0.01,2129992
0.01,2055879
0.01,2101821
0.01,2053474
0.01,2028250
0.01,2013116
0.01,2099341
0.01,2104171
0.01,2201653
0.01,2191130
0.01,2191009
0.01,2195869
0.01,2180076
0.01,2187351
0.01,1976533
0.01,1943834
0.01,1911306
0.01,1922509
0.01,1906004
0.01,1899838
0.01,1905908
0.01,1897561
0.01,1915706
0.01,1913304
0.01,1895611
0.01,1853901
0.01,1864041
0.01,1815809
0.01,1790695
0.01,1782935
0.01,1775869
0.01,1754523
0.01,1762948
0.02,1698068
0.02,1685438
0.02,1744553
0.02,1766145
0.02,1758432
0.02,1783716
0.02,1842237
0.02,1846936
0.02,1905502
0.02,1881804
0.02,1890858
0.02,1862342
0.02,1911110
0.02,1918380
0.02,1912919
0.02,1922752
0.02,1911550
0.02,1910016
0.02,1906601
0.02,2020902
0.02,2003954
0.02,2001637
0.02,2006876
0.02,2023807
0.02,2038071
0.02,2012548
0.02,1986414
0.02,1983704
0.02,1935913
0.02,1960960
0.02,1964134
0.02,1973447
0.02,1963544
0.02,1962782
0.02,1978691
0.02,1946097
0.02,1952837
0.02,1869301
0.02,1824789
0.02,1775718
0.02,1706884
0.02,1698861
0.02,1694523
0.02,1721943
0.02,1705209
0.02,1689573
0.02,1678720
0.02,1650995
0.02,1659950
0.02,1677235
0.02,1678141
0.02,1621678
0.02,1602364
0.02,1670797
0.02,1656918
0.02,1656445
0.02,1575290
0.02,1556833
0.02,1545934
0.02,1523231
0.02,1528116
0.02,1577546
0.02,1687981
0.02,1703609
0.02,1641011
0.02,1620693
0.02,1584882
0.02,1597193
0.02,1501887
0.02,1542726
0.02,1485610
0.02,1469083
0.02,1447658
0.02,1434854
0.02,1447915
0.02,1424803
0.02,1413427
0.02,1409308
0.02,1398488
0.02,1397038
0.02,1399111
0.02,1388479
0.02,1379105
0.02,1370738
0.02,1382324
0.02,1362696
0.02,1349785
0.02,1348246
0.02,1349858
0.02,1349641
0.02,1358287
0.02,1345390
0.02,1384206
0.02,1510574
0.02,1523676
0.02,1507681
0.02,1466579
0.02,1453650
0.02,1420433
0.02,1412003
0.02,1338756
0.02,1377854
0.02,1395178
0.02,1399046
0.02,1439338
0.02,1522815
0.02,1527145
0.02,1430541
0.02,1423152
0.02,1352698
0.02,1323223
0.02,1316829
0.02,1310452
0.02,1307926
0.02,1302156
0.02,1296828
0.02,1291760
0.02,1286859
0.02,1287678
0.02,1286653
0.02,1281792
0.02,1277660
0.02,1280435
0.02,1276781
0.02,1279069
0.02,1276299
0.02,1272358
0.02,1268493
0.02,1268325
0.02,1263648
0.02,1259903
0.02,1264284
0.02,1259763
0.02,1256295
0.02,1257371
0.02,1253064
0.02,1253753
0.02,1253801
0.02,1255043
0.02,1250491
0.02,1248336
0.02,1246370
0.02,1253278
0.02,1245639
0.02,1256618
0.02,1278717
0.02,1243762
0.02,1242239
0.02,1240549
0.02,1239242
0.02,1237983
0.02,1236815
0.02,1235704
0.02,1236241
0.02,1234867
0.02,1234061
0.02,1233376
0.02,1232740
0.02,1232262
0.02,1231855
0.02,1231459
0.02,1231933
0.02,1231271
0.02,1232322
0.02,1230797
0.02,1230621
0.02,1230517
0.02,1234647
0.02,1232984
0.02,1231371
0.02,1229902
0.02,1229921
0.02,1229266
0.02,1229201
