0.00, 697741
0.00, 696202
0.00, 694526
0.00, 684683
0.00, 676889
0.00, 669066
0.00, 659807
0.01, 653975
0.01, 649706
0.01, 645444
0.01, 643619
0.01, 643568
0.01, 642065
0.01, 640017
0.01, 636640
0.01, 636049
0.01, 629642
0.01, 628966
0.01, 626552
0.01, 624673
0.02, 619545
0.02, 618700
0.02, 618213
0.02, 616098
0.02, 612479
0.02, 611471
0.02, 610322
0.02, 607490
0.02, 588388
0.06, 586096
0.06, 585843
0.08, 582765
0.09, 582306
0.11, 573591
0.11, 572338
0.11, 569482
0.11, 567914
0.11, 564975
0.11, 563941
0.11, 563085
0.11, 562904
0.11, 556648
0.11, 554897
0.17, 554618
0.19, 554381
0.19, 553910
0.19, 548378
0.20, 546253
0.22, 541484
0.22, 523538
0.22, 522977
0.22, 521907
0.31, 519659
0.31, 515148
0.31, 509903
0.31, 508986
0.31, 504550
0.35, 501913
0.35, 501800
0.35, 500525
0.35, 499727
0.35, 498297
0.35, 497156
0.37, 496601
0.37, 490473
0.37, 489749
0.37, 488605
0.37, 487398
0.37, 483507
0.37, 483369
0.40, 482907
0.42, 482481
0.42, 480139
0.42, 471898
0.42, 470438
0.42, 469785
0.42, 465373
0.43, 465146
0.45, 464642
0.45, 459701
0.45, 459578
0.45, 458813
0.45, 455050
0.45, 451708
0.45, 449781
0.45, 443312
0.45, 441519
0.45, 435250
0.45, 426586
0.45, 425887
0.45, 424904
0.55, 424823
0.55, 421995
0.55, 420967
0.55, 420267
0.55, 419438
0.55, 418380
0.55, 415168
0.55, 412724
0.55, 409796
0.55, 409744
0.55, 409160
0.55, 408077
0.55, 407707
0.55, 405696
0.55, 392982
0.55, 392393
0.59, 391144
0.60, 390352
0.60, 389943
0.60, 385196
0.60, 372245
0.60, 368152
0.60, 365839
0.60, 365585
0.60, 362401
0.60, 358945
0.63, 357857
0.63, 355341
0.65, 353712
0.65, 347384
0.65, 344784
0.65, 343823
0.65, 342505
0.65, 340832
0.65, 340773
0.65, 340471
0.65, 338401
0.65, 335372
0.65, 334401
0.65, 333347
0.65, 331403
0.65, 329933
0.65, 326054
0.65, 325587
0.65, 324165
0.65, 321182
0.65, 319771
0.72, 319223
0.72, 319135
0.73, 318494
0.73, 317583
0.73, 316367
0.73, 315724
0.73, 312351
0.73, 311129
0.73, 308192
0.73, 308145
0.73, 307751
0.73, 307701
0.73, 301948
0.73, 301784
0.73, 301070
0.75, 299767
0.75, 299401
0.75, 297477
0.75, 297413
0.75, 294896
0.75, 292742
0.75, 291677
0.75, 287362
0.75, 286820
0.75, 286572
0.75, 286048
0.75, 285809
0.75, 284892
0.75, 283856
0.75, 283179
0.75, 280405
0.75, 278979
0.75, 278751
0.75, 278531
0.75, 277302
0.75, 277111
0.77, 276902
0.77, 276678
0.77, 273743
0.77, 273473
0.77, 273033
0.77, 271754
0.80, 271514
0.80, 269267
0.80, 266772
0.80, 266187
0.80, 265905
0.80, 265494
0.80, 265378
0.80, 263207
0.80, 260110
0.80, 259819
0.80, 259364
0.81, 254895
0.84, 254151
0.85, 252439
0.85, 251328
0.85, 250624
0.85, 250421
0.85, 249553
0.85, 249159
0.85, 248791
0.85, 247447
0.85, 245440
0.86, 244730
0.87, 242629
0.87, 242563
0.87, 240494
0.87, 239363
0.87, 238336
0.87, 236078
0.87, 235501
0.88, 235294
0.88, 231223
0.88, 231217
0.88, 229645
0.90, 228666
0.90, 227776
0.90, 224997
0.90, 222701
0.90, 221606
0.90, 220960
0.90, 220273
0.90, 218039
0.90, 216929
0.90, 216698
0.90, 216336
0.90, 216140
0.92, 215971
0.92, 213820
0.92, 212805
0.92, 212666
0.92, 211021
0.94, 210718
0.94, 210459
0.94, 209485
0.94, 209210
0.94, 208872
0.94, 208749
0.94, 207063
0.94, 204992
0.94, 204799
0.94, 204257
0.94, 204159
0.94, 203646
0.94, 202461
0.94, 202283
0.94, 202137
0.94, 200773
0.94, 199321
0.94, 198289
0.94, 197925
0.95, 197700
0.95, 197435
0.95, 196974
0.95, 196571
0.95, 196492
0.95, 195367
0.95, 194748
0.95, 193133
0.95, 192402
0.96, 192030
0.96, 190778
0.96, 190526
0.97, 190060
0.97, 189815
0.97, 186926
0.97, 186355
0.97, 185732
0.97, 185674
0.97, 185324
0.98, 183366
0.98, 183190
0.98, 182870
0.98, 181994
0.98, 181815
0.98, 181316
0.98, 181228
1.03, 180699
1.03, 180589
1.03, 180572
1.03, 180240
1.03, 180025
1.03, 177233
1.03, 176266
1.03, 175948
1.03, 175689
1.03, 175194
1.03, 174910
1.03, 174682
1.03, 174613
1.03, 173950
1.03, 173370
1.05, 172804
1.05, 172545
1.05, 172148
1.05, 171354
1.05, 171225
1.06, 171112
1.06, 170975
1.06, 170642
1.06, 170142
1.06, 169895
1.06, 169831
1.06, 169596
1.06, 168246
1.06, 167789
1.06, 166713
1.06, 166468
1.06, 166112
1.07, 165924
1.07, 165791
1.07, 165706
1.07, 165303
1.07, 165129
1.07, 164647
1.07, 162807
1.07, 162757
1.07, 162121
1.07, 161522
1.08, 160802
1.08, 160559
1.08, 160538
1.08, 160481
1.15, 160208
1.16, 159922
1.16, 159798
1.16, 159336
1.16, 159205
1.16, 158780
1.16, 158544
1.16, 158484
1.17, 158056
1.17, 157727
1.17, 157100
1.17, 156908
1.17, 156899
1.17, 156460
1.17, 156308
1.17, 155841
1.17, 155797
1.17, 154484
1.17, 151708
1.17, 151462
1.17, 150600
1.17, 150243
1.17, 150116
1.17, 150037
1.19, 149946
1.19, 149944
1.20, 149883
1.20, 149790
1.20, 149766
1.20, 149641
1.20, 149451
1.20, 149435
1.20, 148143
1.20, 147564
1.20, 147190
1.20, 146401
1.20, 145966
1.20, 145550
1.20, 145429
1.21, 145015
1.21, 144749
1.21, 144517
1.21, 144491
1.21, 144475
1.22, 143544
1.22, 142991
1.22, 142745
1.22, 142616
1.23, 142526
1.23, 142035
1.23, 141616
1.25, 141340
1.25, 141290
1.25, 140866
1.25, 140516
1.25, 140325
1.25, 140313
1.25, 140209
1.25, 139974
1.29, 139919
1.30, 139469
1.30, 139430
1.30, 139204
1.30, 138807
1.34, 138703
1.34, 138502
1.34, 138256
1.34, 138108
1.34, 138023
1.34, 137973
1.34, 137772
1.36, 137529
1.36, 137358
1.36, 136887
1.37, 136832
1.37, 136607
1.37, 135758
1.45, 135578
1.46, 135232
1.47, 134774
1.50, 134577
1.51, 134501
1.62, 134493
1.63, 134383
1.65, 134305
1.66, 134255
1.69, 134200
4.92, 134116
5.00, 134065
5.00, 134010
5.09, 134003
5.12, 133994
5.12, 133898
11.65, 133549
11.66, 133299
11.69, 133181
11.70, 133169
11.71, 133072
11.83, 133059
11.83, 132841
12.07, 132822
12.07, 132772
