0.00,687029
0.00,658667
0.00,678482
0.00,662760
0.00,634544
0.00,618020
0.00,596170
0.00,597714
0.00,617106
0.00,608149
0.00,577343
0.00,564230
0.00,552065
0.00,541942
0.00,528030
0.00,522260
0.00,512209
0.00,519285
0.00,500798
0.00,503261
0.00,498217
0.00,477668
0.00,469514
0.00,464490
0.00,453300
0.00,448778
0.00,450569
0.00,454617
0.00,441998
0.00,433141
0.00,447165
0.00,422650
0.00,420856
0.00,415149
0.00,404558
0.00,405442
0.00,405421
0.00,392549
0.00,389837
0.00,390305
0.00,389591
0.01,390125
0.01,397261
0.01,399355
0.01,390346
0.01,381235
0.01,390728
0.01,414643
0.01,388423
0.01,385200
0.01,371206
0.01,364440
0.01,360254
0.01,358356
0.01,350631
0.01,342865
0.01,338377
0.01,336813
0.01,340687
0.01,347057
0.01,339176
0.01,343683
0.01,339577
0.01,330050
0.01,329615
0.01,329249
0.01,330939
0.01,333722
0.01,338945
0.01,340273
0.01,322260
0.01,326694
0.01,315738
0.01,309118
0.01,313024
0.01,310233
0.01,305453
0.01,304666
0.01,295635
0.01,290907
0.01,289933
0.01,286017
0.01,276125
0.01,278153
0.01,274000
0.01,268899
0.01,266741
0.01,259384
0.01,256664
0.01,257077
0.01,252987
0.01,255348
0.01,255515
0.01,260970
0.01,263925
0.01,264472
0.01,259766
0.01,257424
0.01,257150
0.01,262560
0.01,258365
0.01,252722
0.01,244980
0.01,245029
0.01,245455
0.01,243656
0.01,240502
0.01,242221
0.01,250454
0.01,252496
0.01,253024
0.01,248169
0.01,244969
0.01,245146
0.01,251266
0.01,244758
0.01,243906
0.01,251852
0.01,253574
0.01,254447
0.01,245084
0.01,240031
0.01,244151
0.01,260689
0.01,262485
0.01,258189
0.01,253521
0.01,252712
0.01,255479
0.01,268327
0.01,242667
0.01,238419
0.01,237800
0.01,243421
0.01,247566
0.01,240092
0.01,235673
0.01,233165
0.01,241271
0.01,238810
0.01,241809
0.01,244100
0.01,244211
0.01,241237
0.01,234134
0.01,233310
0.01,236808
0.01,239287
0.01,242095
0.01,240673
0.01,238834
0.01,236985
0.01,240305
0.01,247679
0.01,253888
0.01,250020
0.01,247358
0.01,250152
0.01,259047
0.01,279732
0.01,256994
0.01,247862
0.01,247380
0.01,244536
0.01,238518
0.01,234851
0.01,228376
0.01,226115
0.01,229424
0.01,228793
0.01,229436
0.01,236716
0.01,238604
0.01,235283
0.01,228279
0.01,228044
0.01,228138
0.01,223812
0.01,222645
0.01,222716
0.01,227879
0.01,231246
0.01,232479
0.01,233853
0.01,237300
0.01,243306
0.01,234021
0.01,231544
0.01,229018
0.01,228232
0.01,226311
0.01,225796
0.01,223813
0.01,225428
0.01,227526
0.01,226709
0.01,227467
0.01,229295
0.01,227094
0.01,226216
0.01,227294
0.01,231990
0.01,229963
0.01,228782
0.01,223851
0.01,223628
0.01,220716
0.01,223110
0.01,217538
0.01,216139
0.01,217155
0.01,216791
0.01,218566
0.01,221661
0.01,223968
0.01,225054
0.01,232656
0.01,236858
0.01,230244
0.01,225997
0.01,221451
0.01,228219
0.01,240841
0.01,221923
0.01,219583
0.01,212800
0.01,209879
0.01,208083
0.01,206799
0.01,207526
0.01,206269
0.01,205241
0.01,207150
0.01,203638
0.01,202132
0.01,199863
0.01,210349
0.01,197435
0.01,195464
0.01,193536
0.01,194676
0.01,193175
0.01,194819
0.01,193982
0.01,192895
0.01,194564
0.01,198746
0.01,198348
0.01,197382
0.01,197959
0.01,200741
0.01,203620
0.01,201992
0.01,198882
0.01,200165
0.01,199152
0.01,193705
0.01,195454
0.01,197965
0.01,205195
0.02,200341
0.02,201038
0.02,204068
0.02,206319
0.02,213532
0.02,215250
0.02,213390
0.02,218234
0.02,233451
0.02,214811
0.02,213374
0.02,209395
0.02,207589
0.02,201435
0.02,196741
0.02,193213
0.02,190159
0.02,188523
0.02,186964
0.02,185408
0.02,182793
0.02,184610
0.02,181540
0.02,180840
0.02,178795
0.02,177497
0.02,176258
0.02,176116
0.02,180742
0.02,186937
0.02,189937
0.02,190763
0.02,188997
0.02,188975
0.02,190087
0.02,192617
0.02,186370
0.02,186537
0.02,191185
0.02,191428
0.02,193352
0.02,191891
0.02,190707
0.02,197616
0.02,196879
0.02,197577
0.02,206845
0.02,222162
0.02,204801
0.02,202348
0.02,196971
0.02,196856
0.02,191737
0.02,188185
0.02,185421
0.02,182817
0.02,180253
0.02,177811
0.02,177804
0.02,177183
0.02,176950
0.02,175682
0.02,174232
0.02,175129
0.02,176096
0.02,176015
0.02,176548
0.02,177993
0.02,179264
0.02,178065
0.02,174196
0.02,177490
0.02,178728
0.02,176093
0.02,175161
0.02,173202
0.02,174388
0.02,170472
0.02,168085
0.02,166109
0.02,163692
0.02,168322
0.02,178457
0.02,161765
0.02,162555
0.02,165673
0.02,164915
0.02,165187
0.02,166286
0.02,166505
0.02,166551
0.02,161384
0.02,160806
0.02,159775
0.02,159360
0.02,159792
0.02,162961
0.02,162799
0.02,164342
0.02,165574
0.02,165750
0.02,168144
0.02,167817
0.02,169771
0.02,166034
0.02,164726
0.02,166133
0.02,159989
0.02,161192
0.02,161241
0.02,158216
0.02,157966
0.02,157664
0.02,158798
0.02,159248
0.02,166474
0.02,166428
0.02,168584
0.02,173420
0.02,174790
0.02,178439
0.02,179355
0.02,182886
0.02,199093
0.02,183853
0.02,178442
0.02,175491
0.02,168816
0.02,165013
0.02,160082
0.02,156547
0.02,157157
0.02,158149
0.02,155830
0.02,154504
0.02,153495
0.02,152768
0.02,154643
0.02,152764
0.02,152053
0.02,151435
0.02,151540
0.02,150639
0.02,150490
0.02,149911
0.02,149451
0.02,149025
0.02,149327
0.02,148606
0.02,148582
0.02,148105
0.02,147704
0.02,146639
0.02,146309
0.02,145981
0.02,145660
0.02,145383
0.02,145125
0.02,144911
0.02,144719
0.02,146751
0.02,145701
0.02,147115
0.02,143850
0.02,141725
