0.00, 761049
0.00, 758506
0.00, 749378
0.00, 747663
0.00, 741138
0.00, 740496
0.00, 740474
0.00, 737536
0.00, 737467
0.00, 733150
0.00, 728593
0.00, 727186
0.00, 724824
0.00, 720999
0.00, 720487
0.00, 719143
0.00, 699718
0.00, 691811
0.00, 688647
0.00, 684534
0.00, 684003
0.01, 681461
0.01, 677494
0.01, 676349
0.01, 665823
0.01, 662585
0.01, 659580
0.01, 657078
0.01, 653229
0.01, 618893
0.02, 611611
0.04, 604340
0.04, 599332
0.04, 598283
0.04, 598268
0.04, 597460
0.04, 592780
0.04, 592308
0.04, 591720
0.08, 589816
0.08, 577639
0.08, 576980
0.08, 573578
0.08, 572693
0.08, 570343
0.08, 569786
0.08, 568472
0.08, 566596
0.13, 564826
0.13, 554808
0.19, 554047
0.19, 552773
0.19, 543793
0.19, 543556
0.22, 542211
0.22, 541202
0.22, 540048
0.22, 529774
0.22, 528848
0.22, 526858
0.25, 519882
0.25, 519748
0.25, 515462
0.25, 515324
0.25, 510553
0.25, 507677
0.25, 506717
0.35, 506487
0.35, 500195
0.35, 497024
0.36, 495154
0.36, 493778
0.36, 493049
0.36, 492471
0.36, 491211
0.37, 482516
0.37, 482213
0.37, 480884
0.37, 473556
0.37, 471494
0.37, 469628
0.37, 467864
0.37, 465381
0.37, 459310
0.37, 456917
0.43, 456560
0.43, 451560
0.43, 446788
0.43, 446146
0.44, 442460
0.44, 441631
0.44, 440730
0.44, 440462
0.44, 438306
0.46, 435898
0.49, 433185
0.49, 429596
0.49, 428698
0.49, 428456
0.49, 423473
0.53, 416141
0.53, 410010
0.53, 409640
0.53, 408433
0.53, 405091
0.56, 403576
0.56, 403361
0.56, 403266
0.56, 399831
0.56, 398844
0.56, 398689
0.56, 398025
0.56, 397563
0.56, 396648
0.56, 395316
0.56, 388472
0.56, 386798
0.56, 385774
0.56, 375420
0.56, 374193
0.56, 372892
0.59, 372166
0.59, 368730
0.59, 364207
0.59, 362639
0.59, 361563
0.59, 361091
0.59, 361026
0.60, 358696
0.60, 355681
0.60, 354083
0.60, 353512
0.60, 352210
0.60, 350435
0.60, 348458
0.62, 345084
0.62, 344464
0.62, 341945
0.65, 340279
0.65, 339310
0.65, 335341
0.67, 330274
0.67, 326438
0.67, 324963
0.67, 323964
0.67, 322911
0.67, 322876
0.67, 319803
0.67, 319737
0.70, 318358
0.70, 312157
0.70, 309670
0.70, 307977
0.73, 306402
0.73, 306168
0.73, 304133
0.73, 302829
0.73, 302082
0.74, 301373
0.74, 300966
0.74, 300359
0.74, 299773
0.76, 296282
0.76, 295981
0.76, 295648
0.76, 295146
0.76, 294897
0.76, 292286
0.76, 291799
0.76, 290659
0.76, 289738
0.76, 289631
0.76, 287481
0.76, 286848
0.76, 286329
0.76, 285459
0.76, 283879
0.76, 281046
0.76, 278854
0.76, 278546
0.76, 276851
0.76, 275656
0.76, 274424
0.76, 273451
0.76, 273361
0.76, 273198
0.76, 272995
0.76, 271965
0.79, 270051
0.79, 268310
0.79, 266001
0.79, 264711
0.79, 264426
0.81, 263928
0.81, 262715
0.81, 262148
0.81, 261877
0.81, 261339
0.81, 260990
0.81, 259624
0.81, 259170
0.83, 258406
0.83, 258137
0.83, 257011
0.83, 256191
0.83, 255212
0.83, 253776
0.83, 253047
0.83, 252600
0.83, 252262
0.83, 249628
0.83, 248109
0.83, 246890
0.83, 245537
0.83, 243924
0.83, 241992
0.83, 241034
0.83, 239529
0.83, 238364
0.83, 236970
0.83, 236304
0.87, 235734
0.87, 235096
0.88, 232781
0.88, 232325
0.88, 232245
0.88, 230723
0.88, 230705
0.88, 230584
0.88, 230039
0.88, 229955
0.89, 227796
0.89, 226320
0.89, 223627
0.89, 220721
0.89, 219528
0.89, 219376
0.89, 218548
0.89, 218498
0.89, 218003
0.89, 217898
0.89, 217890
0.91, 216244
0.91, 213813
0.91, 213093
0.91, 212604
0.91, 212140
0.91, 211049
0.91, 210851
0.91, 210432
0.91, 209052
0.91, 208374
0.91, 208028
0.91, 207053
0.91, 206139
0.91, 205399
0.91, 204936
0.93, 204084
0.93, 203968
0.93, 202711
0.93, 202394
0.93, 201231
0.93, 201114
0.93, 199245
0.93, 198600
0.93, 197978
0.93, 197434
0.93, 196794
0.98, 193084
0.98, 192823
0.98, 192602
0.98, 191078
0.98, 190961
0.98, 188962
0.98, 188818
0.98, 188405
0.98, 187659
0.98, 186061
0.98, 185227
0.98, 184764
1.00, 184303
1.01, 183931
1.01, 183717
1.01, 182555
1.01, 181872
1.01, 181510
1.01, 180589
1.01, 180544
1.02, 179816
1.02, 179314
1.02, 178733
1.02, 178520
1.02, 177679
1.02, 177493
1.02, 177139
1.02, 177112
1.02, 176793
1.02, 176107
1.02, 175203
1.02, 175019
1.02, 174595
1.02, 173909
1.06, 173314
1.07, 173265
1.07, 171574
1.07, 170653
1.07, 170363
1.07, 170304
1.07, 170198
1.07, 170065
1.07, 169706
1.07, 169550
1.07, 169261
1.07, 168968
1.07, 168464
1.07, 167832
1.07, 167384
1.07, 166588
1.07, 166314
1.08, 165945
1.10, 165743
1.10, 164535
1.10, 163002
1.10, 162546
1.10, 162456
1.10, 161606
1.10, 161342
1.10, 161022
1.10, 161011
1.10, 161004
1.10, 160966
1.11, 160946
1.11, 160757
1.12, 159799
1.12, 159120
1.12, 158955
1.13, 157789
1.13, 157684
1.13, 157505
1.13, 157103
1.13, 155653
1.13, 155626
1.13, 155344
1.14, 154988
1.14, 154938
1.15, 153713
1.15, 152441
1.15, 151974
1.15, 151736
1.15, 150966
1.15, 150735
1.15, 150632
1.16, 150553
1.17, 149962
1.17, 149938
1.17, 149294
1.21, 149147
1.21, 148436
1.21, 148246
1.21, 146255
1.21, 145661
1.22, 145218
1.22, 145188
1.22, 145171
1.22, 144357
1.22, 144114
1.24, 143706
1.24, 143692
1.25, 143688
1.25, 143432
1.25, 143241
1.25, 142917
1.25, 142714
1.25, 142537
1.25, 141706
1.25, 141521
1.25, 140990
1.25, 140806
1.25, 140532
1.25, 139908
1.25, 139591
1.25, 138741
1.25, 138421
1.33, 138320
1.33, 138250
1.33, 138024
1.33, 137671
1.33, 137116
1.33, 136964
1.33, 136836
1.33, 136308
1.38, 136218
1.40, 136122
1.40, 135928
1.41, 135719
1.43, 135516
1.43, 135447
1.43, 135084
1.44, 135034
1.44, 134868
1.46, 134849
1.47, 134799
1.47, 134468
1.49, 134444
1.49, 134394
1.50, 134353
1.50, 134207
1.51, 134138
