0.00, 714562
0.00, 712729
0.00, 712152
0.00, 710233
0.00, 704029
0.00, 698362
0.00, 698197
0.00, 696131
0.00, 693211
0.00, 690966
0.00, 686980
0.00, 683959
0.00, 680145
0.00, 680135
0.00, 678545
0.00, 676829
0.00, 676642
0.00, 675552
0.00, 674337
0.01, 672864
0.01, 670545
0.01, 668425
0.01, 664547
0.01, 661448
0.01, 659476
0.01, 657404
0.01, 651450
0.01, 651004
0.01, 649140
0.01, 645737
0.01, 628624
0.01, 628341
0.01, 622486
0.01, 622319
0.01, 620560
0.01, 619255
0.01, 617583
0.01, 610136
0.01, 596395
0.08, 586934
0.08, 578213
0.08, 570769
0.08, 567092
0.12, 566527
0.13, 564425
0.14, 563005
0.14, 557489
0.19, 554157
0.19, 553172
0.21, 550669
0.21, 547754
0.21, 541062
0.21, 533727
0.29, 532223
0.29, 531470
0.29, 531064
0.29, 529942
0.29, 524079
0.29, 522359
0.29, 521896
0.29, 520603
0.29, 519738
0.29, 513811
0.29, 513705
0.29, 505933
0.37, 500225
0.39, 499426
0.39, 494787
0.39, 493507
0.39, 493094
0.39, 492529
0.39, 492249
0.39, 488965
0.39, 488263
0.39, 486285
0.40, 485488
0.42, 485277
0.42, 483617
0.42, 483022
0.42, 479222
0.42, 470046
0.42, 468752
0.42, 465482
0.42, 463272
0.42, 461502
0.42, 457165
0.42, 456307
0.42, 455877
0.42, 452806
0.46, 445677
0.46, 445275
0.48, 443307
0.48, 441500
0.48, 438397
0.48, 436927
0.51, 435443
0.51, 435208
0.51, 434438
0.51, 434140
0.51, 427466
0.51, 427274
0.51, 427271
0.51, 426784
0.51, 423458
0.51, 413860
0.51, 410746
0.51, 410602
0.51, 410566
0.57, 407358
0.57, 407187
0.57, 403305
0.57, 400839
0.57, 398855
0.57, 398464
0.57, 397437
0.57, 395154
0.57, 394461
0.57, 392790
0.57, 392269
0.58, 392264
0.58, 392033
0.58, 391387
0.58, 389013
0.60, 380380
0.60, 378864
0.60, 374758
0.60, 374516
0.61, 368630
0.61, 367799
0.61, 365692
0.64, 365682
0.64, 364171
0.64, 358980
0.64, 357422
0.64, 353233
0.64, 351492
0.65, 350047
0.65, 349492
0.65, 348185
0.65, 347719
0.65, 346956
0.65, 346238
0.65, 345242
0.66, 343292
0.68, 340247
0.68, 332916
0.69, 331570
0.69, 331215
0.69, 330726
0.69, 330426
0.69, 328736
0.69, 326140
0.69, 324506
0.69, 323631
0.69, 323447
0.69, 320367
0.69, 320102
0.69, 319586
0.69, 319518
0.70, 318703
0.70, 317813
0.70, 315776
0.70, 312486
0.70, 309548
0.73, 307017
0.73, 305688
0.74, 303909
0.74, 301479
0.74, 299553
0.74, 298945
0.75, 297388
0.75, 297321
0.75, 293771
0.75, 292937
0.75, 291397
0.78, 290971
0.78, 286385
0.78, 283863
0.78, 282176
0.78, 281978
0.78, 281204
0.78, 279081
0.78, 278911
0.78, 277951
0.78, 277645
0.78, 274316
0.78, 272360
0.80, 271695
0.82, 271308
0.82, 269930
0.82, 269591
0.82, 268310
0.82, 268096
0.83, 267691
0.83, 267387
0.83, 267015
0.83, 266537
0.83, 266527
0.83, 265917
0.83, 264127
0.83, 261876
0.83, 261042
0.83, 260304
0.83, 259932
0.83, 258548
0.83, 257102
0.84, 256413
0.84, 253873
0.84, 251405
0.84, 250983
0.84, 250390
0.84, 250231
0.84, 250032
0.86, 248303
0.86, 243306
0.86, 242847
0.86, 241008
0.86, 239655
0.86, 239417
0.86, 238131
0.88, 236052
0.88, 235145
0.88, 234957
0.88, 233719
0.88, 233707
0.88, 232971
0.88, 230829
0.88, 230223
0.88, 229807
0.88, 229564
0.88, 228470
0.88, 227077
0.89, 225641
0.89, 224640
0.89, 222893
0.89, 221643
0.92, 219509
0.92, 219300
0.93, 218957
0.93, 218500
0.93, 218474
0.93, 218125
0.93, 217134
0.93, 215878
0.93, 215396
0.93, 215372
0.93, 213649
0.93, 213081
0.93, 211759
0.93, 209075
0.93, 208789
0.93, 205360
0.93, 202811
0.97, 202792
0.97, 202467
0.97, 200898
0.99, 199978
1.00, 198405
1.00, 198062
1.00, 197611
1.00, 197513
1.00, 196837
1.00, 195916
1.00, 195655
1.00, 195054
1.01, 193246
1.02, 192672
1.02, 190984
1.02, 190662
1.02, 190319
1.02, 188580
1.02, 188504
1.02, 188435
1.02, 188066
1.02, 187739
1.02, 186437
1.02, 186180
1.04, 185782
1.04, 185269
1.04, 184948
1.04, 184332
1.04, 183593
1.04, 182985
1.04, 182730
1.04, 182425
1.04, 181249
1.04, 180721
1.04, 180050
1.04, 179233
1.04, 177939
1.04, 177722
1.04, 177473
1.04, 177084
1.04, 176790
1.04, 176402
1.04, 175719
1.04, 174743
1.04, 174423
1.07, 173926
1.07, 172291
1.07, 171490
1.07, 171210
1.07, 170755
1.07, 168816
1.07, 167833
1.07, 164457
1.07, 163930
1.07, 163870
1.07, 163169
1.07, 162786
1.07, 162164
1.07, 161984
1.07, 161668
1.13, 161660
1.13, 160568
1.13, 160283
1.13, 160071
1.13, 158958
1.14, 158852
1.14, 157883
1.14, 157533
1.14, 157485
1.14, 156578
1.14, 155342
1.14, 154963
1.15, 154909
1.15, 154877
1.15, 154545
1.16, 154181
1.16, 153640
1.16, 152432
1.16, 152277
1.16, 151655
1.16, 150912
1.16, 150576
1.16, 150318
1.18, 149288
1.18, 148924
1.18, 148748
1.18, 148348
1.18, 148075
1.18, 147397
1.18, 147321
1.23, 147186
1.23, 146998
1.23, 146967
1.23, 146933
1.23, 146770
1.23, 146752
1.23, 146214
1.23, 146205
1.23, 146170
1.24, 145907
1.24, 145595
1.24, 145479
1.24, 145440
1.24, 145222
1.24, 144946
1.24, 144932
1.24, 144733
1.24, 144683
1.24, 144122
1.25, 143935
1.25, 143690
1.25, 143433
1.25, 142661
1.25, 142469
1.29, 142401
1.31, 141733
1.31, 141268
1.31, 140531
1.31, 140015
1.31, 139027
1.31, 138991
1.37, 138654
1.37, 138482
1.37, 138418
1.37, 138135
1.37, 137911
1.37, 137608
1.37, 137581
1.37, 137371
1.37, 137197
1.38, 136878
1.39, 136577
1.39, 136003
1.39, 135847
1.39, 135778
1.43, 135695
1.43, 135659
1.43, 135651
1.43, 135292
1.47, 135155
1.48, 135084
1.48, 135065
1.48, 134881
1.48, 134690
1.57, 134592
1.57, 134552
1.57, 134359
1.57, 134319
1.58, 134204
1.58, 134135
1.60, 134129
1.60, 134071
1.62, 134052
1.62, 133924
1.62, 133893
1.65, 133749
1.65, 133730
3.31, 133399
3.33, 133384
3.36, 133365
3.36, 133226
3.36, 133176
