0.05, 719577
0.05, 716699
0.05, 703558
0.05, 703323
0.05, 700166
0.05, 697111
0.05, 696721
0.05, 695962
0.05, 693152
0.05, 690849
0.05, 688723
0.05, 688531
0.05, 686389
0.05, 673516
0.05, 673315
0.05, 669661
0.05, 668925
0.05, 667722
0.05, 667292
0.05, 664897
0.05, 663669
0.05, 661491
0.05, 648711
0.05, 639182
0.05, 631536
0.05, 624998
0.07, 623500
0.07, 621422
0.07, 620369
0.07, 596622
0.11, 593882
0.13, 591007
0.13, 588071
0.15, 587368
0.15, 587250
0.15, 582792
0.15, 581483
0.15, 579537
0.15, 577885
0.15, 572632
0.15, 569751
0.20, 569057
0.20, 568407
0.20, 566659
0.21, 563885
0.21, 563798
0.21, 563220
0.21, 562793
0.21, 560035
0.21, 559468
0.23, 550374
0.23, 549449
0.23, 547295
0.23, 546254
0.23, 541834
0.23, 541784
0.25, 540853
0.25, 537335
0.25, 532171
0.25, 522919
0.35, 519797
0.35, 515500
0.35, 515294
0.35, 514241
0.35, 513213
0.35, 511659
0.36, 507457
0.36, 503520
0.36, 500987
0.38, 498738
0.38, 493255
0.38, 491921
0.38, 490848
0.38, 489782
0.38, 486118
0.38, 485490
0.38, 479598
0.38, 477973
0.38, 476188
0.44, 471278
0.44, 469338
0.44, 466680
0.44, 465782
0.44, 465061
0.50, 462559
0.50, 458237
0.50, 450908
0.50, 450821
0.50, 444071
0.50, 443886
0.50, 441500
0.51, 441266
0.51, 437707
0.51, 430576
0.51, 428323
0.51, 418375
0.58, 418337
0.58, 414755
0.59, 412419
0.59, 408161
0.59, 407857
0.60, 405747
0.60, 401227
0.60, 397382
0.61, 383874
0.61, 383652
0.61, 379997
0.62, 377522
0.62, 376025
0.63, 372492
0.63, 366803
0.63, 360361
0.63, 358661
0.63, 357969
0.63, 357414
0.63, 356552
0.63, 355504
0.63, 355019
0.63, 352247
0.63, 351923
0.69, 351138
0.70, 351082
0.70, 350628
0.70, 349466
0.70, 346394
0.70, 344000
0.70, 339949
0.70, 339509
0.70, 339116
0.70, 339030
0.70, 336005
0.70, 334715
0.70, 334137
0.72, 332851
0.72, 332703
0.72, 332025
0.72, 331546
0.72, 328319
0.72, 327992
0.72, 323929
0.72, 323683
0.72, 322971
0.72, 318280
0.72, 316536
0.72, 313494
0.76, 313313
0.76, 312938
0.76, 312837
0.76, 310108
0.76, 308879
0.76, 308440
0.77, 308378
0.77, 307781
0.77, 307660
0.77, 307565
0.77, 305779
0.79, 304195
0.79, 303889
0.79, 302917
0.79, 302358
0.79, 301980
0.79, 298679
0.79, 298281
0.79, 297844
0.79, 295201
0.79, 293382
0.79, 292926
0.79, 289392
0.79, 285922
0.79, 285839
0.79, 284713
0.79, 283844
0.79, 282333
0.79, 281969
0.79, 281590
0.79, 278687
0.82, 276906
0.82, 271700
0.82, 271005
0.82, 269592
0.82, 267956
0.82, 266150
0.82, 264598
0.83, 262200
0.83, 262034
0.87, 260309
0.87, 258467
0.87, 255175
0.87, 255034
0.87, 254272
0.87, 251505
0.87, 251449
0.88, 250626
0.90, 250517
0.90, 249695
0.90, 249520
0.90, 246560
0.90, 246405
0.90, 245914
0.90, 245569
0.90, 245438
0.92, 244870
0.92, 242793
0.92, 242538
0.92, 239480
0.92, 238119
0.92, 237838
0.92, 237426
0.92, 236070
0.92, 235917
0.92, 235448
0.93, 234272
0.93, 233448
0.93, 233292
0.93, 232814
0.93, 232239
0.93, 231848
0.93, 231643
0.94, 231473
0.94, 231339
0.94, 230477
0.94, 227192
0.94, 226746
0.94, 225348
0.94, 223133
0.94, 221734
0.94, 218842
0.94, 218661
0.94, 218088
0.94, 217701
0.95, 217273
0.95, 216255
0.97, 215972
0.97, 215796
0.97, 215711
0.98, 215024
0.98, 214891
0.98, 212755
0.98, 211942
0.98, 211863
1.00, 209683
1.00, 209653
1.00, 209117
1.00, 207820
1.00, 207662
1.00, 205702
1.01, 205034
1.01, 203553
1.01, 203534
1.01, 201143
1.01, 200341
1.01, 199631
1.01, 198913
1.01, 198884
1.01, 198758
1.01, 196975
1.01, 196138
1.01, 196072
1.01, 195864
1.01, 195806
1.01, 195703
1.03, 195122
1.03, 194602
1.03, 194310
1.03, 193002
1.05, 190150
1.05, 189799
1.05, 189152
1.05, 187860
1.05, 187378
1.05, 186617
1.05, 186531
1.05, 186302
1.05, 186108
1.05, 185960
1.05, 185401
1.05, 185111
1.05, 183317
1.05, 183098
1.05, 182260
1.05, 181826
1.07, 181477
1.07, 181199
1.07, 180379
1.07, 180363
1.07, 180308
1.07, 178346
1.07, 178072
1.07, 177377
1.07, 176945
1.07, 176767
1.08, 174830
1.08, 174398
1.08, 174279
1.08, 173752
1.08, 173178
1.08, 172266
1.08, 172195
1.08, 171405
1.08, 171008
1.08, 170357
1.08, 168952
1.08, 168625
1.08, 167576
1.10, 167190
1.10, 167085
1.10, 166478
1.10, 166405
1.14, 166331
1.14, 165629
1.14, 163723
1.16, 162935
1.16, 162574
1.16, 162253
1.16, 162219
1.16, 161978
1.16, 161189
1.16, 160252
1.16, 160213
1.16, 159968
1.18, 159871
1.19, 159217
1.19, 158761
1.19, 158092
1.19, 157660
1.19, 155888
1.19, 155784
1.19, 155513
1.19, 154648
1.20, 154541
1.20, 154177
1.20, 153889
1.20, 152916
1.20, 152161
1.20, 151328
1.24, 151029
1.24, 150848
1.24, 149267
1.24, 148583
1.24, 148461
1.24, 147832
1.24, 147606
1.24, 147089
1.24, 146791
1.24, 146176
1.24, 145404
1.24, 144844
1.24, 144639
1.30, 144153
1.30, 143819
1.30, 143107
1.30, 143035
1.32, 142891
1.32, 142513
1.32, 142111
1.32, 141765
1.32, 141363
1.32, 141249
1.32, 141123
1.32, 140587
1.32, 139901
1.33, 139511
1.33, 139417
1.33, 138952
1.33, 138791
1.33, 138736
1.39, 138690
1.39, 138487
1.39, 138432
1.39, 138345
1.39, 138236
1.39, 138126
1.42, 137970
1.42, 137755
1.42, 137636
1.42, 137617
1.42, 137200
1.42, 136903
1.43, 136757
1.43, 136564
1.46, 136432
1.47, 136360
1.47, 136249
1.47, 135406
1.47, 135222
1.47, 135074
1.48, 135055
1.48, 134888
1.48, 134747
1.48, 134121
1.49, 134010
1.49, 133672
1.51, 133656
1.51, 133472
1.60, 133387
