0.00,680351
0.00,646249
0.00,611518
0.00,590812
0.00,578874
0.00,564915
0.00,564483
0.00,536089
0.00,542735
0.00,538804
0.00,548975
0.00,529912
0.00,551597
0.00,529973
0.00,518649
0.00,512135
0.00,493780
0.00,488110
0.00,493001
0.00,496681
0.00,494011
0.00,481797
0.00,468834
0.00,460617
0.00,450278
0.00,440310
0.00,430159
0.00,439281
0.00,425929
0.00,422418
0.00,410920
0.00,404298
0.00,411600
0.00,406730
0.00,430118
0.00,414900
0.00,407622
0.00,396913
0.00,396183
0.00,400094
0.00,389152
0.00,390378
0.00,393513
0.00,388243
0.00,383091
0.00,381740
0.00,381990
0.00,379049
0.00,371207
0.00,367467
0.00,367103
0.00,368842
0.00,370739
0.01,370027
0.01,402075
0.01,374634
0.01,357935
0.01,364046
0.01,368519
0.01,392339
0.01,365768
0.01,370059
0.01,366347
0.01,360232
0.01,357803
0.01,359420
0.01,370259
0.01,360988
0.01,358284
0.01,348640
0.01,345602
0.01,340668
0.01,336881
0.01,333445
0.01,334947
0.01,329080
0.01,333327
0.01,332897
0.01,332271
0.01,326517
0.01,321917
0.01,320488
0.01,321260
0.01,325405
0.01,321942
0.01,317703
0.01,316233
0.01,317615
0.01,329136
0.01,333164
0.01,330475
0.01,332657
0.01,333216
0.01,334622
0.01,328117
0.01,324358
0.01,313800
0.01,321946
0.01,314609
0.01,312290
0.01,311345
0.01,312671
0.01,305448
0.01,302356
0.01,305773
0.01,306848
0.01,293979
0.01,288686
0.01,287239
0.01,285001
0.01,286700
0.01,285968
0.01,288498
0.01,281773
0.01,281862
0.01,282214
0.01,310101
0.01,292370
0.01,286843
0.01,282102
0.01,284248
0.01,286276
0.01,286415
0.01,291885
0.01,292530
0.01,288376
0.01,290189
0.01,285176
0.01,284956
0.01,288543
0.01,284702
0.01,282730
0.01,272170
0.01,270908
0.01,267650
0.01,264531
0.01,259215
0.01,266038
0.01,264117
0.01,269603
0.01,268921
0.01,278296
0.01,279537
0.01,279944
0.01,270681
0.01,272130
0.01,274861
0.01,300844
0.01,288694
0.01,282431
0.01,282198
0.01,270067
0.01,269018
0.01,265355
0.01,260520
0.01,261904
0.01,257237
0.01,265728
0.01,260361
0.01,257018
0.01,251369
0.01,251525
0.01,254958
0.01,257646
0.01,256519
0.01,269429
0.01,264780
0.01,262194
0.01,265952
0.01,263959
0.01,263006
0.01,258239
0.01,258327
0.01,257631
0.01,259539
0.01,257798
0.01,255219
0.01,253290
0.01,251891
0.01,255814
0.01,249947
0.01,249485
0.01,247253
0.01,246389
0.01,243796
0.01,242133
0.01,239166
0.01,238109
0.01,234959
0.01,236747
0.01,239309
0.01,244309
0.01,243627
0.01,239674
0.01,235926
0.01,235274
0.01,233155
0.01,230837
0.01,229595
0.01,228323
0.01,223734
0.01,228168
0.01,229015
0.01,228341
0.01,227638
0.01,228545
0.01,229618
0.01,226456
0.01,225459
0.01,220191
0.01,220787
0.01,220785
0.01,224678
0.01,221381
0.01,218262
0.01,218676
0.01,220096
0.01,222485
0.01,223332
0.01,222658
0.01,221955
0.01,222862
0.01,223935
0.01,220773
0.01,219776
0.01,215740
0.01,212949
0.01,210480
0.01,212907
0.01,208047
0.01,209458
0.01,208333
0.01,205934
0.01,205388
0.01,206372
0.01,207596
0.01,211699
0.01,214664
0.01,216801
0.01,216340
0.01,214105
0.01,208551
0.01,205209
0.01,207742
0.01,209265
0.01,212697
0.01,218053
0.01,217982
0.02,217853
0.02,220192
0.02,222913
0.02,218995
0.02,213472
0.02,216458
0.02,211604
0.02,208841
0.02,208631
0.02,205334
0.02,206482
0.02,204877
0.02,206639
0.02,208776
0.02,210839
0.02,215163
0.02,214108
0.02,211873
0.02,208082
0.02,207198
0.02,203587
0.02,203512
0.02,202004
0.02,202577
0.02,204631
0.02,200440
0.02,200846
0.02,198128
0.02,196887
0.02,197481
0.02,197077
0.02,194327
0.02,198441
0.02,208822
0.02,191987
0.02,198302
0.02,200265
0.02,201008
0.02,203123
0.02,202254
0.02,197533
0.02,197410
0.02,200424
0.02,206654
0.02,200880
0.02,197828
0.02,198842
0.02,194148
0.02,191401
0.02,190220
0.02,192472
0.02,192929
0.02,192557
0.02,192030
0.02,195192
0.02,191846
0.02,187970
0.02,186930
0.02,187165
0.02,186183
0.02,185552
0.02,185106
0.02,186203
0.02,187539
0.02,186552
0.02,188024
0.02,186191
0.02,183951
0.02,183259
0.02,181620
0.02,180002
0.02,179750
0.02,177900
0.02,176909
0.02,176210
0.02,181322
0.02,181917
0.02,181094
0.02,180760
0.02,185680
0.02,189326
0.02,185479
0.02,184478
0.02,189195
0.02,192861
0.02,201823
0.02,215787
0.02,198942
0.02,196699
0.02,197442
0.02,193404
0.02,186792
0.02,184029
0.02,182621
0.02,181440
0.02,180763
0.02,180099
0.02,180140
0.02,179449
0.02,180472
0.02,179628
0.02,176799
0.02,176829
0.02,175297
0.02,177506
0.02,178689
0.02,179648
0.02,180665
0.02,183226
0.02,182039
0.02,184620
0.02,185628
0.02,186545
0.02,184635
0.02,181686
0.02,183673
0.02,186534
0.02,180485
0.02,178479
0.02,178206
0.02,176960
0.02,173249
0.02,173325
0.02,172335
0.02,171160
0.02,174600
0.02,175183
0.02,176079
0.02,176991
0.02,176512
0.02,183497
0.02,179091
0.02,179929
0.02,182026
0.02,186211
0.02,194960
0.02,211266
0.02,193284
0.02,190334
0.02,191847
0.02,187913
0.02,183155
0.02,178524
0.02,179062
0.02,175307
0.02,175122
0.02,174499
0.02,172995
0.02,173856
0.02,174206
0.02,176830
0.02,175410
0.02,178272
0.02,177912
0.02,176328
0.02,177183
0.02,177440
0.02,177655
0.02,179562
0.02,181586
0.02,185475
0.02,187901
0.02,184680
0.02,187390
0.02,192498
0.02,181591
0.02,177160
0.02,174461
0.02,174129
0.02,172281
0.02,172384
0.02,174741
0.02,175573
0.02,173417
0.02,169544
0.02,167984
0.02,168116
0.02,169985
0.02,168795
0.02,171502
0.02,176438
0.02,169457
0.02,166537
0.02,167350
0.02,167708
0.02,167984
0.02,167861
0.02,165998
0.02,164503
0.02,164964
0.02,163362
0.02,162258
0.02,162462
0.02,161209
0.02,162952
0.02,163001
0.02,160428
0.02,159457
0.02,159078
0.02,158138
0.02,158447
0.02,157132
0.02,157878
0.02,156606
0.02,155942
0.02,155311
0.02,154477
0.02,153709
0.02,155790
0.02,156315
0.02,156055
0.02,155210
0.02,155996
0.02,153801
0.02,155173
0.02,156159
0.02,154977
0.02,154570
0.02,156252
0.02,155257
0.02,160409
0.02,152865
0.02,152223
0.02,151511
0.02,150902
0.02,151752
0.02,152666
0.02,150396
0.02,149931
0.02,149449
0.02,149015
0.02,148484
0.02,148098
0.02,147715
0.02,147378
0.02,146747
0.02,146428
0.02,146131
0.02,147198
0.02,145891
0.02,145656
0.02,145430
0.02,145212
0.02,145011
0.02,144813
0.02,144629
0.02,144483
0.02,144372
0.02,144267
0.02,144164
