0.00, 734655
0.00, 732092
0.00, 728042
0.00, 722307
0.00, 716375
0.00, 715731
0.00, 714816
0.00, 713967
0.00, 711719
0.00, 710629
0.00, 710448
0.00, 703572
0.00, 696026
0.00, 690690
0.00, 688473
0.00, 688278
0.01, 675142
0.01, 674318
0.01, 669656
0.01, 669261
0.01, 667836
0.01, 663225
0.01, 660923
0.01, 660776
0.01, 659865
0.01, 657917
0.01, 653602
0.01, 652531
0.01, 651487
0.01, 648000
0.01, 647118
0.01, 642840
0.01, 639707
0.01, 639289
0.01, 631808
0.01, 622842
0.02, 619605
0.02, 615583
0.04, 614374
0.04, 610166
0.04, 609049
0.04, 607153
0.04, 606138
0.04, 603913
0.04, 598621
0.04, 596598
0.04, 592343
0.04, 591534
0.04, 581949
0.09, 576452
0.09, 569441
0.13, 568276
0.13, 566710
0.17, 563020
0.19, 557023
0.20, 556645
0.20, 555772
0.20, 552712
0.20, 552572
0.23, 551534
0.23, 550915
0.25, 549508
0.28, 548601
0.28, 543585
0.28, 542895
0.28, 535184
0.28, 534855
0.30, 533419
0.30, 530606
0.30, 530288
0.31, 527944
0.31, 524912
0.31, 521522
0.31, 518158
0.31, 515960
0.31, 515442
0.31, 512973
0.31, 512715
0.34, 509754
0.34, 505001
0.34, 503081
0.34, 498189
0.34, 490217
0.39, 487331
0.40, 487318
0.40, 486482
0.41, 486245
0.41, 485096
0.41, 482410
0.41, 481874
0.41, 478022
0.41, 477393
0.41, 475100
0.41, 475040
0.44, 472452
0.44, 469187
0.45, 458826
0.45, 455779
0.45, 455303
0.45, 455037
0.47, 453183
0.47, 452723
0.47, 451167
0.47, 451018
0.47, 448078
0.47, 445914
0.49, 444719
0.51, 443858
0.51, 443210
0.51, 438727
0.52, 438712
0.52, 437852
0.52, 436861
0.52, 434435
0.52, 434071
0.52, 432395
0.53, 429389
0.53, 428968
0.53, 423222
0.53, 422549
0.53, 420418
0.53, 419871
0.53, 416407
0.53, 412336
0.54, 405343
0.56, 398394
0.56, 393392
0.56, 390332
0.56, 390231
0.56, 387580
0.56, 387462
0.56, 385322
0.56, 385265
0.56, 380693
0.59, 380691
0.60, 380649
0.60, 380100
0.60, 378479
0.60, 375805
0.60, 370695
0.60, 370642
0.60, 369248
0.61, 368792
0.61, 365298
0.61, 364167
0.61, 363735
0.61, 363074
0.61, 362832
0.61, 360208
0.61, 358404
0.61, 354149
0.63, 354130
0.65, 353933
0.65, 352727
0.65, 351668
0.65, 350636
0.65, 346631
0.65, 345340
0.65, 344595
0.65, 343000
0.65, 338020
0.65, 337776
0.67, 337723
0.68, 336700
0.68, 335226
0.68, 334875
0.68, 332968
0.70, 331184
0.70, 330700
0.70, 330611
0.70, 329810
0.70, 324267
0.70, 322826
0.70, 321061
0.70, 318651
0.70, 318502
0.70, 318426
0.70, 317855
0.70, 314703
0.70, 313953
0.70, 313936
0.70, 313876
0.70, 312260
0.70, 312034
0.71, 311809
0.71, 309483
0.71, 305163
0.71, 303719
0.71, 303333
0.71, 303230
0.71, 302557
0.74, 300456
0.74, 299956
0.75, 298815
0.75, 298662
0.75, 297494
0.75, 297133
0.75, 296841
0.76, 296221
0.76, 295579
0.76, 294474
0.76, 292723
0.76, 292692
0.76, 292544
0.76, 291366
0.76, 291175
0.76, 290149
0.76, 289261
0.76, 289138
0.76, 289013
0.76, 286874
0.76, 284444
0.76, 283744
0.76, 283068
0.76, 282240
0.76, 282238
0.76, 279659
0.77, 278423
0.77, 277834
0.77, 275687
0.78, 275301
0.78, 273163
0.78, 273047
0.78, 272159
0.78, 271864
0.78, 267764
0.78, 264286
0.82, 260647
0.82, 259884
0.82, 258519
0.82, 258227
0.82, 257518
0.82, 257023
0.82, 256785
0.82, 255625
0.82, 255524
0.82, 254872
0.82, 252208
0.83, 250726
0.83, 250516
0.83, 249445
0.83, 247991
0.83, 246202
0.83, 245681
0.83, 243438
0.83, 243211
0.85, 242237
0.85, 240133
0.85, 240101
0.85, 237668
0.85, 237435
0.85, 236075
0.85, 234131
0.85, 233496
0.89, 233363
0.89, 233228
0.89, 231669
0.89, 230298
0.89, 230014
0.89, 229584
0.89, 228787
0.89, 228323
0.89, 227050
0.89, 226468
0.89, 226262
0.89, 224223
0.89, 223298
0.89, 222162
0.89, 221597
0.89, 220742
0.89, 220286
0.90, 217281
0.90, 217273
0.90, 216835
0.90, 215980
0.91, 213825
0.91, 212896
0.91, 212035
0.91, 211433
0.91, 209667
0.94, 208838
0.94, 208092
0.94, 206357
0.94, 203988
0.94, 203596
0.94, 203226
0.94, 202869
0.94, 202383
0.94, 201524
0.94, 198133
0.95, 197214
0.97, 193822
0.97, 193815
0.97, 192447
0.99, 190380
0.99, 190284
0.99, 190251
0.99, 189579
0.99, 189534
1.01, 188353
1.01, 187454
1.02, 187388
1.02, 185324
1.02, 184023
1.02, 183804
1.02, 182062
1.02, 181887
1.02, 181870
1.05, 181216
1.05, 180615
1.05, 179761
1.05, 179707
1.06, 178930
1.06, 178916
1.06, 178733
1.06, 178731
1.06, 177920
1.06, 177559
1.06, 175505
1.06, 175392
1.06, 174320
1.06, 174252
1.06, 173866
1.06, 173265
1.06, 173261
1.07, 172647
1.07, 172135
1.07, 172059
1.08, 171386
1.08, 170984
1.08, 169810
1.08, 169416
1.08, 169024
1.08, 168801
1.08, 168698
1.08, 168205
1.09, 168019
1.09, 165862
1.09, 164645
1.09, 163931
1.09, 163702
1.09, 163294
1.09, 162339
1.09, 160750
1.09, 160686
1.09, 160415
1.09, 159427
1.13, 158935
1.13, 158289
1.13, 157929
1.13, 157764
1.13, 157215
1.13, 156709
1.13, 156682
1.13, 156668
1.13, 156525
1.13, 155863
1.16, 155850
1.16, 155774
1.16, 155522
1.16, 154794
1.16, 154576
1.16, 154307
1.16, 154081
1.16, 154079
1.16, 154000
1.16, 152483
1.16, 152282
1.16, 151086
1.16, 150523
1.16, 150088
1.16, 149694
1.16, 149347
1.16, 148900
1.16, 148372
1.16, 148109
1.17, 147775
1.17, 147751
1.17, 147360
1.17, 147092
1.23, 145580
1.23, 145522
1.23, 145503
1.23, 145459
1.23, 144685
1.23, 142881
1.23, 142786
1.23, 142689
1.23, 142505
1.23, 142476
1.23, 142421
1.24, 142140
1.24, 142111
1.24, 141865
1.24, 141620
1.24, 141233
1.25, 141194
1.26, 140959
1.26, 140827
1.26, 140626
1.26, 140316
1.26, 139728
1.26, 139715
1.26, 139665
1.26, 139573
1.27, 139448
1.27, 139436
1.27, 139173
1.27, 139094
1.27, 139091
1.27, 138988
1.27, 138485
1.27, 138243
1.27, 138017
1.27, 137961
1.27, 137374
1.27, 136836
1.27, 136833
1.32, 136810
1.34, 136598
1.34, 136414
1.37, 136222
1.37, 136178
1.37, 135872
1.37, 135730
1.38, 135584
1.38, 135184
1.40, 135030
1.41, 134991
1.41, 134905
1.41, 134882
1.41, 134448
1.41, 134440
1.41, 134189
1.47, 134168
1.48, 134112
1.51, 133982
1.51, 133781
1.52, 133653
1.52, 133584
1.55, 133579
1.56, 133431
1.56, 133230
1.57, 133121
1.57, 133071
1.57, 133016
1.58, 132950
