0.01,746072
0.01,721809
0.01,733733
0.01,713320
0.01,686132
0.01,683262
0.01,692059
0.01,679967
0.01,652955
0.01,628302
0.01,607001
0.01,602323
0.01,578074
0.01,563891
0.01,562251
0.01,562633
0.01,551609
0.01,554891
0.01,556059
0.01,579980
0.01,560091
0.01,550412
0.01,541458
0.01,527557
0.01,518641
0.01,519683
0.02,516227
0.02,514614
0.02,518165
0.02,497998
0.02,478941
0.02,471001
0.02,464207
0.02,457531
0.02,458633
0.02,455419
0.02,452083
0.02,438836
0.02,420046
0.02,409289
0.02,406247
0.02,410866
0.02,406898
0.02,394092
0.02,392352
0.02,389591
0.02,391475
0.02,386409
0.02,373660
0.02,370261
0.02,360243
0.02,361305
0.02,365892
0.02,361793
0.02,350771
0.02,357285
0.02,364145
0.02,352848
0.02,358219
0.02,360117
0.02,358880
0.02,362358
0.02,376771
0.02,367630
0.02,360284
0.02,359341
0.02,352708
0.02,360988
0.02,351101
0.02,354869
0.02,346659
0.02,342553
0.02,334125
0.02,335794
0.02,334818
0.02,326919
0.02,322546
0.02,325848
0.02,325962
0.02,332542
0.02,331674
0.02,334403
0.02,340634
0.02,340467
0.02,355566
0.02,332060
0.02,317903
0.02,318106
0.02,313960
0.02,316477
0.02,318662
0.02,314420
0.02,314316
0.02,313234
0.02,309564
0.02,312446
0.02,313738
0.02,316360
0.02,319206
0.02,323972
0.02,309900
0.02,314867
0.02,305321
0.02,308857
0.02,306123
0.02,297744
0.02,294913
0.02,292607
0.02,298413
0.02,296777
0.02,293534
0.02,295980
0.02,301668
0.02,298199
0.02,304889
0.02,298898
0.02,293838
0.02,291226
0.02,288717
0.02,286475
0.02,296441
0.02,298392
0.02,291668
0.02,292711
0.02,293545
0.02,304390
0.02,314314
0.02,292561
0.02,280773
0.02,278216
0.02,274515
0.02,276169
0.02,283556
0.02,283177
0.02,288754
0.02,294965
0.02,309567
0.02,291466
0.02,284267
0.02,280502
0.02,275533
0.02,277428
0.02,273154
0.02,277425
0.02,279337
0.02,286219
0.02,299810
0.02,280801
0.02,275832
0.02,274872
0.02,277383
0.02,269649
0.02,266297
0.02,267532
0.02,269932
0.02,274479
0.02,262845
0.02,266349
0.02,264921
0.02,265144
0.02,259144
0.02,259685
0.02,258348
0.02,263131
0.02,266954
0.02,274613
0.02,268937
0.02,264466
0.02,267043
0.02,265097
0.02,264467
0.02,262999
0.02,255207
0.02,258784
0.02,259199
0.02,250970
0.02,247626
0.02,245554
0.02,244028
0.02,247962
0.02,249110
0.02,248170
0.02,246810
0.02,251340
0.02,246840
0.02,249288
0.02,253696
0.02,245365
0.02,247357
0.02,249029
0.02,245896
0.02,240800
0.02,240971
0.02,243727
0.02,245321
0.02,253145
0.02,244843
0.02,239950
0.02,240197
0.02,242907
0.02,234003
0.02,232924
0.02,232233
0.02,228836
0.02,227316
0.02,226237
0.02,227367
0.02,226096
0.02,228558
0.02,229421
0.02,228369
0.02,228492
0.02,228176
0.02,239207
0.02,241279
0.02,251374
0.02,268969
0.02,247299
0.02,249346
0.02,239902
0.02,236877
0.02,239899
0.02,240493
0.02,235955
0.02,235469
0.02,236508
0.02,230709
0.02,227156
0.02,234080
0.02,236938
0.02,230594
0.02,225384
0.02,223396
0.02,222396
0.02,217846
0.02,215545
0.02,225001
0.02,230518
0.02,226478
0.02,217202
0.02,215653
0.02,212357
0.02,209601
0.02,211428
0.02,214233
0.02,211903
0.02,206957
0.02,206004
0.02,209515
0.02,211879
0.02,209717
0.02,210052
0.02,211545
0.02,215453
0.02,216377
0.02,213387
0.02,214276
0.02,213926
0.02,216133
0.02,213607
0.02,207804
0.02,205532
0.02,203101
0.02,201639
0.02,200130
0.02,200588
0.02,199809
0.02,201316
0.02,200070
0.02,200392
0.02,201184
0.02,202803
0.02,204160
0.02,202036
0.02,201395
0.02,210803
0.02,211587
0.02,219278
0.02,231937
0.02,214088
0.02,213165
0.02,203364
0.02,207430
0.03,208459
0.03,200986
0.03,199023
0.03,194761
0.03,191572
0.03,192629
0.03,192451
0.03,193815
0.03,192105
0.03,192548
0.03,195931
0.03,201007
0.03,200036
0.03,203131
0.03,201043
0.03,200958
0.03,200243
0.03,195856
0.03,196307
0.03,198542
0.03,198125
0.03,191515
0.03,192222
0.03,196175
0.03,198999
0.03,204294
0.03,200147
0.03,197511
0.03,196919
0.03,195330
0.03,198769
0.03,197143
0.03,191758
0.03,188694
0.03,187362
0.03,186056
0.03,183787
0.03,181285
0.03,179223
0.03,177202
0.03,175274
0.03,176223
0.03,179209
0.03,179672
0.03,182608
0.03,182302
0.03,178974
0.03,177746
0.03,175074
0.03,173326
0.03,172093
0.03,170470
0.03,172435
0.03,171872
0.03,173027
0.03,173719
0.03,175043
0.03,179143
0.03,181053
0.03,179411
0.03,176898
0.03,176925
0.03,175657
0.03,170864
0.03,176430
0.03,188242
0.03,168874
0.03,168410
0.03,168751
0.03,169261
0.03,172903
0.03,166835
0.03,169004
0.03,167654
0.03,167960
0.03,169467
0.03,168420
0.03,169916
0.03,173807
0.03,173190
0.03,173879
0.03,173428
0.03,177827
0.03,179952
0.03,187500
0.03,200680
0.03,184469
0.03,181560
0.03,181951
0.03,177248
0.03,175487
0.03,175159
0.03,171371
0.03,170044
0.03,169410
0.03,169263
0.03,170565
0.03,169394
0.03,171582
0.03,172471
0.03,173734
0.03,175703
0.03,176680
0.03,175869
0.03,175483
0.03,174965
0.03,172047
0.03,171755
0.03,172960
0.03,169825
0.03,168752
0.03,169236
0.03,172784
0.03,175519
0.03,180852
0.03,177853
0.03,173286
0.03,172968
0.03,171429
0.03,172374
0.03,168889
0.03,165303
0.03,164802
0.03,166475
0.03,173259
0.03,174390
0.03,175250
0.03,178208
0.03,178892
0.03,182285
0.03,179911
0.03,178090
0.03,179539
0.03,175256
0.03,170369
0.03,168181
0.03,166841
0.03,164610
0.03,162549
0.03,160849
0.03,159514
0.03,160242
0.03,159103
0.03,162165
0.03,157305
0.03,158526
0.03,161132
0.03,163743
0.03,164724
0.03,163375
0.03,161848
0.03,163186
0.03,164276
0.03,162061
0.03,166853
0.03,161674
0.03,161413
0.03,160070
0.03,156753
0.03,155612
0.03,157764
0.03,155712
0.03,154174
0.03,155067
0.03,155333
0.03,153364
0.03,152225
0.03,153410
0.03,154253
0.03,153287
0.03,151162
0.03,150248
0.03,151074
0.03,150495
0.03,149356
0.03,151419
0.03,150857
0.03,149640
0.03,151422
0.03,154267
0.03,153970
0.03,154409
0.03,154931
0.03,156555
0.03,157979
0.03,158099
0.03,163912
0.03,165069
0.03,171562
0.03,185282
0.03,169033
0.03,169924
0.03,169825
0.03,166503
0.03,165658
0.03,160057
0.03,158351
0.03,159651
0.03,155794
0.03,153254
0.03,154845
0.03,151624
0.03,152607
0.03,154206
0.03,155397
0.03,155810
0.03,157833
0.03,156201
0.03,150464
0.03,161965
0.03,156096
0.03,158011
0.03,158537
0.03,156071
0.03,153200
0.03,151171
0.03,151148
0.03,150924
0.03,152369
0.03,152652
0.03,151490
0.03,150961
0.03,150305
0.03,147661
0.03,146896
0.03,146034
0.03,147141
0.03,147607
0.03,149922
0.03,149691
0.03,146405
0.03,146569
0.03,147772
0.03,148728
0.03,150162
0.03,150739
0.03,151003
0.03,151572
0.03,150955
0.03,157996
0.03,163182
0.03,171432
0.03,187724
0.03,170744
0.03,169017
0.03,167928
0.03,161827
0.03,160891
0.03,157613
0.03,156609
0.03,154289
0.03,148555
0.03,147821
0.03,150139
0.03,148855
0.03,151183
0.03,152437
0.03,152831
0.03,163086
0.03,158043
0.03,156431
0.03,153478
0.03,152711
0.03,150228
0.03,150326
0.03,151126
0.03,150890
0.03,148973
0.03,146287
0.03,146178
0.03,146972
0.03,148847
0.03,150679
0.03,148822
0.03,146696
0.03,144790
0.03,144119
0.03,145627
0.03,146148
0.03,146268
0.03,143501
0.03,145249
0.03,145716
0.03,145539
0.03,146993
0.03,142815
0.03,142204
0.03,143568
0.03,141629
0.03,140936
0.03,140408
0.03,140649
0.03,141401
0.03,139919
0.03,139454
0.03,139060
0.03,139735
0.03,143157
0.03,145567
0.03,148555
0.03,149455
0.03,151073
0.03,154269
0.03,148085
0.03,145401
0.03,144122
0.03,143260
0.03,142611
0.03,140932
0.03,139334
0.03,138702
0.03,138389
0.03,138090
0.03,137537
0.03,137319
0.03,137135
0.03,137085
0.03,137082
