0.00, 764305
0.00, 763089
0.00, 761087
0.01, 755688
0.01, 753535
0.01, 751078
0.01, 746053
0.01, 745470
0.01, 743225
0.01, 737909
0.01, 736704
0.01, 733190
0.01, 723139
0.01, 719626
0.01, 714979
0.01, 705963
0.01, 699060
0.01, 696283
0.01, 695064
0.01, 693585
0.01, 689506
0.01, 689126
0.01, 688704
0.01, 688677
0.01, 688654
0.01, 687512
0.01, 686651
0.01, 683186
0.01, 681412
0.01, 680567
0.01, 660512
0.01, 651915
0.01, 649824
0.01, 641423
0.01, 639578
0.01, 638150
0.01, 637628
0.01, 636767
0.01, 635498
0.01, 630553
0.02, 629733
0.02, 623192
0.02, 615526
0.02, 603668
0.04, 598986
0.04, 597673
0.04, 594381
0.04, 588465
0.04, 588036
0.04, 584845
0.04, 581665
0.04, 574870
0.14, 571956
0.14, 566115
0.14, 564152
0.19, 562573
0.19, 559629
0.19, 555407
0.21, 545808
0.21, 544887
0.21, 544816
0.22, 544097
0.22, 539659
0.25, 537885
0.25, 532996
0.26, 529711
0.26, 529677
0.26, 529180
0.26, 529147
0.29, 520852
0.29, 519010
0.29, 516362
0.29, 513463
0.29, 513365
0.29, 512175
0.32, 508043
0.32, 503807
0.32, 503270
0.36, 502633
0.37, 500455
0.37, 495496
0.37, 486644
0.40, 483698
0.40, 480359
0.40, 475908
0.40, 474794
0.43, 472356
0.43, 470286
0.43, 470258
0.43, 470188
0.43, 468587
0.43, 465498
0.43, 462156
0.45, 461730
0.45, 460681
0.45, 458890
0.45, 457710
0.45, 454614
0.45, 452862
0.47, 452483
0.47, 449745
0.47, 449690
0.47, 443724
0.47, 443409
0.47, 442471
0.47, 436689
0.47, 435345
0.49, 434277
0.49, 433784
0.49, 430311
0.49, 428681
0.49, 424872
0.50, 423228
0.51, 422451
0.51, 422217
0.52, 412359
0.52, 410131
0.55, 405331
0.55, 402224
0.55, 401183
0.55, 400014
0.55, 399487
0.55, 394883
0.55, 393566
0.55, 392785
0.57, 391600
0.59, 391305
0.59, 390198
0.59, 386618
0.59, 385339
0.59, 384540
0.59, 382741
0.59, 382141
0.59, 381559
0.59, 380947
0.60, 380210
0.60, 379557
0.62, 377267
0.62, 373574
0.62, 372359
0.62, 370772
0.62, 368170
0.62, 365997
0.62, 364785
0.62, 364682
0.62, 359253
0.63, 358792
0.63, 354767
0.63, 351017
0.66, 350805
0.66, 349938
0.66, 348692
0.66, 344781
0.66, 343353
0.66, 341885
0.66, 341847
0.67, 338847
0.67, 337035
0.67, 334346
0.67, 328952
0.68, 328746
0.70, 328148
0.70, 327715
0.70, 327167
0.70, 326256
0.70, 319536
0.70, 319370
0.70, 317859
0.70, 316587
0.72, 316580
0.72, 314162
0.72, 312128
0.73, 311481
0.73, 307270
0.73, 307129
0.73, 306472
0.73, 305091
0.73, 303708
0.73, 302120
0.73, 301203
0.73, 297434
0.73, 295937
0.73, 294798
0.75, 294268
0.76, 294152
0.76, 292703
0.76, 292566
0.76, 290987
0.76, 289120
0.77, 286480
0.77, 285979
0.77, 284214
0.77, 283976
0.77, 277386
0.77, 276813
0.77, 274992
0.79, 273424
0.79, 273113
0.80, 271682
0.81, 271421
0.82, 271331
0.82, 271273
0.82, 268108
0.82, 261488
0.82, 261295
0.82, 261162
0.82, 260841
0.82, 260238
0.82, 258976
0.82, 255860
0.82, 255625
0.82, 254345
0.82, 253849
0.82, 253801
0.82, 251963
0.82, 249719
0.82, 247469
0.82, 246578
0.82, 244806
0.85, 241647
0.85, 241614
0.85, 241425
0.85, 241378
0.85, 240294
0.85, 240236
0.85, 238156
0.85, 236755
0.85, 233729
0.85, 233528
0.85, 233260
0.85, 232397
0.87, 232298
0.87, 232279
0.87, 230478
0.87, 228203
0.87, 227815
0.87, 227790
0.87, 227042
0.87, 226870
0.87, 225900
0.87, 224691
0.87, 224414
0.87, 222863
0.90, 221228
0.90, 220529
0.90, 218201
0.92, 218046
0.92, 217842
0.92, 216278
0.92, 215404
0.92, 214768
0.92, 213725
0.92, 213459
0.92, 213031
0.92, 212896
0.92, 211878
0.92, 211850
0.92, 211358
0.92, 210507
0.92, 209929
0.92, 209406
0.92, 209064
0.92, 208235
0.92, 207655
0.92, 207498
0.96, 205399
0.96, 205257
0.96, 205192
0.96, 205161
0.98, 204738
0.98, 203883
0.98, 202627
0.98, 202143
0.98, 201631
0.98, 201337
0.98, 201170
0.98, 200119
0.98, 197747
0.98, 196436
0.98, 196344
1.01, 195181
1.01, 194698
1.01, 194407
1.01, 192903
1.01, 191515
1.01, 189741
1.01, 188683
1.01, 187058
1.01, 186524
1.02, 184947
1.02, 183983
1.02, 183834
1.02, 183494
1.04, 182005
1.04, 181598
1.04, 181318
1.04, 180076
1.04, 179463
1.04, 179258
1.06, 178648
1.06, 177364
1.06, 176948
1.06, 176487
1.06, 174678
1.07, 174380
1.07, 174253
1.07, 172749
1.07, 171341
1.07, 170782
1.07, 170719
1.07, 168692
1.07, 168459
1.07, 166600
1.07, 166556
1.10, 166355
1.10, 165813
1.10, 165768
1.10, 165709
1.10, 165643
1.10, 165378
1.10, 164360
1.10, 163775
1.11, 163673
1.11, 163563
1.11, 163274
1.11, 163171
1.11, 162993
1.11, 161623
1.11, 161518
1.11, 161106
1.11, 160532
1.11, 160183
1.15, 159689
1.15, 158975
1.15, 158305
1.15, 157207
1.15, 156867
1.15, 156612
1.15, 156526
1.15, 156238
1.15, 155732
1.15, 155724
1.15, 155640
1.15, 155208
1.15, 154196
1.15, 153278
1.15, 153133
1.20, 153069
1.20, 152465
1.20, 152356
1.20, 152211
1.20, 152032
1.20, 151699
1.20, 151605
1.20, 150958
1.20, 150676
1.20, 150189
1.20, 149755
1.20, 149194
1.20, 148349
1.20, 148050
1.23, 147677
1.23, 147320
1.23, 147120
1.23, 146945
1.23, 146830
1.23, 146454
1.23, 146098
1.23, 145304
1.24, 144760
1.24, 144710
1.24, 144484
1.24, 144236
1.25, 144203
1.25, 144079
1.28, 143311
1.28, 142595
1.28, 142221
1.28, 141739
1.28, 140168
1.31, 139782
1.31, 139650
1.31, 139487
1.31, 138040
1.31, 137886
1.31, 137854
1.33, 136552
1.33, 136551
1.33, 136357
1.33, 136072
1.39, 135970
1.39, 135819
1.39, 135453
1.39, 135340
1.40, 135317
1.41, 135169
1.41, 135026
1.42, 134773
1.42, 134645
1.42, 134576
1.43, 134534
1.44, 134179
1.44, 133991
1.44, 133840
1.44, 133790
1.51, 133787
1.56, 133628
1.56, 133464
1.57, 133401
1.58, 133332
1.66, 133303
