0.00, 744099
0.00, 736867
0.00, 734164
0.00, 731547
0.00, 725707
0.00, 721726
0.00, 721533
0.00, 720417
0.00, 718303
0.00, 714659
0.00, 712927
0.00, 711239
0.00, 710303
0.00, 704759
0.00, 688051
0.00, 687852
0.00, 687438
0.00, 686449
0.00, 686323
0.00, 685406
0.00, 682626
0.00, 675991
0.00, 673133
0.00, 671830
0.00, 667323
0.00, 666018
0.00, 662356
0.00, 660011
0.00, 655435
0.00, 655111
0.00, 651156
0.00, 649891
0.01, 642555
0.01, 640901
0.01, 634886
0.01, 633472
0.01, 631611
0.01, 630476
0.01, 630100
0.01, 628113
0.01, 625777
0.01, 622041
0.02, 621489
0.02, 614571
0.02, 613126
0.03, 612278
0.03, 612028
0.03, 611207
0.04, 608811
0.04, 608355
0.04, 598379
0.07, 596303
0.07, 590569
0.07, 588891
0.07, 588083
0.07, 582606
0.07, 579353
0.07, 576763
0.07, 567754
0.07, 565417
0.12, 564849
0.14, 564402
0.14, 560327
0.16, 559352
0.16, 559100
0.24, 555842
0.24, 554788
0.24, 553458
0.24, 553390
0.24, 551546
0.25, 548733
0.25, 546559
0.25, 542347
0.25, 541657
0.25, 537042
0.25, 533528
0.29, 530759
0.29, 529723
0.29, 523530
0.29, 520115
0.29, 517496
0.29, 517122
0.29, 516524
0.29, 516124
0.29, 514827
0.29, 513029
0.29, 512832
0.29, 511318
0.29, 509889
0.30, 506935
0.33, 504721
0.33, 501195
0.33, 498691
0.36, 496730
0.36, 492325
0.36, 487724
0.36, 479856
0.36, 475118
0.36, 474698
0.36, 474697
0.36, 473754
0.36, 469174
0.38, 466215
0.38, 463826
0.42, 463064
0.42, 461708
0.42, 456065
0.46, 455137
0.46, 454032
0.46, 448431
0.46, 447382
0.46, 445829
0.46, 443960
0.48, 443911
0.48, 442340
0.48, 439544
0.48, 438344
0.48, 438299
0.48, 434304
0.48, 427723
0.48, 423362
0.48, 422777
0.48, 420509
0.48, 419976
0.53, 418746
0.54, 417680
0.54, 414976
0.54, 413281
0.54, 412982
0.54, 411810
0.54, 410875
0.54, 410775
0.54, 408962
0.54, 402878
0.55, 401284
0.55, 400235
0.55, 397217
0.55, 394954
0.55, 392662
0.55, 392088
0.55, 387390
0.55, 385517
0.55, 385125
0.55, 383330
0.55, 381650
0.55, 380531
0.55, 368203
0.62, 365223
0.62, 363605
0.62, 357695
0.64, 356829
0.64, 353079
0.64, 351875
0.64, 350606
0.64, 344970
0.64, 343537
0.64, 338478
0.64, 335745
0.64, 335563
0.64, 333239
0.64, 333128
0.64, 331877
0.66, 330794
0.70, 329422
0.70, 327983
0.70, 326921
0.70, 325323
0.70, 324938
0.70, 323944
0.71, 322661
0.71, 320241
0.71, 319797
0.71, 318185
0.71, 315412
0.71, 311885
0.73, 311652
0.73, 309161
0.73, 306731
0.73, 305975
0.73, 304967
0.73, 304823
0.73, 303500
0.74, 303229
0.74, 302632
0.74, 298604
0.75, 296956
0.75, 295687
0.75, 291903
0.75, 291688
0.75, 291588
0.75, 291341
0.75, 291290
0.75, 289859
0.75, 288972
0.75, 288555
0.75, 286859
0.75, 286839
0.75, 283935
0.75, 283704
0.75, 282478
0.75, 282175
0.75, 278307
0.75, 278223
0.75, 273011
0.75, 271598
0.75, 270259
0.75, 268241
0.82, 267651
0.82, 267152
0.82, 266886
0.82, 266668
0.82, 266272
0.82, 266158
0.82, 265719
0.82, 265644
0.82, 263297
0.82, 262366
0.82, 261442
0.82, 260116
0.82, 259916
0.82, 256942
0.82, 254884
0.82, 252197
0.82, 251748
0.82, 251684
0.82, 251562
0.83, 251428
0.83, 251417
0.83, 251127
0.83, 251045
0.83, 250400
0.83, 248726
0.83, 247818
0.83, 247580
0.83, 246852
0.83, 246733
0.86, 245627
0.86, 244800
0.86, 243975
0.86, 243098
0.86, 240042
0.87, 239643
0.87, 239579
0.87, 239353
0.87, 238035
0.87, 236334
0.87, 234926
0.88, 234780
0.88, 234326
0.88, 233601
0.88, 232978
0.90, 232736
0.90, 232022
0.90, 231717
0.90, 231508
0.90, 231233
0.90, 230535
0.90, 230428
0.90, 229354
0.91, 228981
0.91, 227720
0.91, 226937
0.91, 225706
0.91, 223924
0.91, 223286
0.92, 222139
0.92, 221202
0.92, 221017
0.92, 220012
0.92, 219756
0.92, 218908
0.92, 216997
0.92, 216962
0.92, 215515
0.94, 214767
0.94, 213552
0.94, 213143
0.94, 211615
0.94, 211519
0.94, 211334
0.94, 210854
0.94, 209300
0.94, 208965
0.94, 207498
0.94, 206987
0.96, 206411
0.96, 204704
0.96, 202765
0.96, 202188
0.96, 201832
0.96, 201830
0.96, 200917
0.96, 200912
0.96, 200163
0.96, 199124
0.96, 199087
0.96, 198792
0.98, 198748
0.98, 196216
0.98, 196164
0.98, 195368
0.98, 194469
0.98, 194319
0.98, 193747
0.98, 193642
0.98, 192741
0.98, 192231
0.98, 191196
0.98, 190431
0.98, 190301
0.99, 189643
0.99, 188551
1.01, 187865
1.01, 187412
1.01, 187003
1.01, 185788
1.01, 184855
1.01, 184730
1.01, 184260
1.01, 184118
1.01, 184059
1.01, 183390
1.01, 183324
1.01, 182929
1.01, 182739
1.01, 182648
1.02, 181794
1.02, 180601
1.02, 179436
1.02, 177908
1.02, 177645
1.02, 176793
1.02, 176715
1.04, 176156
1.04, 175556
1.04, 175293
1.04, 174889
1.04, 174851
1.04, 173639
1.04, 173068
1.04, 172733
1.04, 172685
1.04, 172291
1.04, 172081
1.04, 171895
1.07, 170069
1.07, 169461
1.07, 169089
1.07, 168912
1.07, 168798
1.07, 168726
1.07, 168394
1.08, 167652
1.08, 166993
1.08, 166746
1.09, 166604
1.09, 166393
1.09, 164770
1.09, 164654
1.09, 164283
1.09, 163887
1.09, 162629
1.09, 161916
1.09, 161593
1.09, 161518
1.09, 161294
1.09, 160314
1.09, 160040
1.09, 159766
1.09, 159702
1.09, 159598
1.09, 159491
1.09, 159065
1.09, 158819
1.09, 158797
1.09, 158601
1.12, 158469
1.12, 158355
1.14, 156551
1.14, 156488
1.14, 156420
1.14, 155678
1.14, 155140
1.14, 154561
1.14, 153114
1.14, 152817
1.18, 152674
1.18, 152671
1.18, 152515
1.18, 152334
1.19, 152259
1.19, 152045
1.19, 151185
1.19, 150943
1.19, 150772
1.19, 150147
1.19, 149596
1.19, 149152
1.19, 148876
1.19, 148252
1.19, 148212
1.19, 147632
1.19, 147404
1.19, 147010
1.19, 146455
1.19, 146332
1.19, 146163
1.19, 145983
1.19, 145422
1.19, 145403
1.19, 145085
1.24, 144886
1.24, 144237
1.24, 144071
1.24, 143521
1.24, 143055
1.24, 142371
1.24, 141978
1.24, 141827
1.30, 141773
1.30, 141609
1.30, 141411
1.30, 140811
1.31, 140726
1.31, 140542
1.31, 140077
1.33, 139637
1.33, 139582
1.33, 138990
1.33, 138357
1.33, 137910
1.36, 137853
1.36, 137519
1.36, 137373
1.36, 136995
1.36, 136819
1.36, 136759
1.36, 136603
1.36, 136463
1.36, 136420
1.36, 136236
1.44, 136213
1.44, 136076
1.44, 135878
1.44, 135694
1.44, 135678
1.44, 135591
1.44, 135522
1.45, 135315
1.48, 135249
1.51, 135193
1.52, 135179
1.62, 135161
1.64, 135102
1.67, 135065
4.90, 134722
4.90, 134672
4.90, 134062
4.90, 134007
4.91, 133950
4.91, 133880
4.91, 133782
4.93, 133598
4.93, 133590
4.98, 133483
4.99, 133459
4.99, 133378
5.06, 133353
5.06, 133214
5.06, 133133
