0.00,750443
0.00,722589
0.00,737495
0.00,692946
0.00,665666
0.00,666530
0.00,677176
0.00,667857
0.00,655100
0.00,619223
0.00,592428
0.00,597116
0.00,576156
0.00,554432
0.00,534489
0.00,524674
0.00,513049
0.00,513956
0.00,510995
0.00,505586
0.00,486571
0.00,495342
0.00,508692
0.00,490282
0.00,495645
0.00,482180
0.00,479837
0.00,472447
0.00,473315
0.00,464492
0.00,444253
0.00,443845
0.00,440299
0.00,425693
0.00,420549
0.00,422059
0.00,412536
0.00,409861
0.00,394950
0.00,389558
0.00,388737
0.00,381631
0.00,375524
0.00,373289
0.00,374465
0.00,373035
0.00,361519
0.00,353147
0.00,351359
0.00,349783
0.00,346830
0.00,348882
0.00,346132
0.00,342670
0.00,330828
0.00,330825
0.00,330118
0.00,331430
0.00,333252
0.00,327773
0.00,327893
0.00,324020
0.01,322613
0.01,315159
0.01,312375
0.01,314371
0.01,317507
0.01,313754
0.01,314344
0.01,313255
0.01,303188
0.01,304162
0.01,303598
0.01,294853
0.01,289966
0.01,281325
0.01,276875
0.01,273708
0.01,283957
0.01,279945
0.01,274751
0.01,276621
0.01,274164
0.01,274465
0.01,276674
0.01,277472
0.01,277383
0.01,275031
0.01,270121
0.01,270830
0.01,267629
0.01,267430
0.01,268380
0.01,268454
0.01,264206
0.01,270546
0.01,272755
0.01,271836
0.01,267433
0.01,268251
0.01,268117
0.01,269123
0.01,272837
0.01,269514
0.01,256647
0.01,257340
0.01,260579
0.01,259833
0.01,266682
0.01,264119
0.01,267732
0.01,287179
0.01,273429
0.01,266540
0.01,261772
0.01,254981
0.01,257291
0.01,259832
0.01,259061
0.01,258032
0.01,257129
0.01,253893
0.01,257820
0.01,257989
0.01,260079
0.01,255297
0.01,253286
0.01,246028
0.01,246656
0.01,248504
0.01,254428
0.01,260417
0.01,256555
0.01,257375
0.01,266996
0.01,258019
0.01,255369
0.01,257129
0.01,252362
0.01,252278
0.01,253236
0.01,250602
0.01,254570
0.01,250601
0.01,244714
0.01,241861
0.01,237390
0.01,233579
0.01,230953
0.01,227728
0.01,226483
0.01,229502
0.01,228558
0.01,231124
0.01,231379
0.01,231735
0.01,233202
0.01,239425
0.01,245153
0.01,251899
0.01,241857
0.01,245655
0.01,239955
0.01,244085
0.01,263551
0.01,251976
0.01,247488
0.01,240194
0.01,238162
0.01,236151
0.01,224391
0.01,222677
0.01,221196
0.01,219562
0.01,218861
0.01,218196
0.01,216112
0.01,215797
0.01,218027
0.01,222932
0.01,220956
0.01,222480
0.01,228017
0.01,223742
0.01,227497
0.01,242718
0.01,219993
0.01,212860
0.01,213654
0.01,213593
0.01,215226
0.01,214238
0.01,210492
0.01,214572
0.01,214010
0.01,218820
0.01,207230
0.01,208728
0.01,212523
0.01,210954
0.01,211568
0.01,208372
0.01,214921
0.01,208784
0.01,211136
0.01,208172
0.01,209530
0.01,209706
0.01,209183
0.01,205549
0.01,205416
0.01,203680
0.01,206500
0.01,209272
0.01,207493
0.01,205233
0.01,202013
0.01,199873
0.01,199312
0.01,201441
0.01,204206
0.01,205683
0.01,207214
0.01,204966
0.01,203614
0.01,204550
0.01,205093
0.01,203420
0.01,203663
0.01,207302
0.01,199535
0.01,198833
0.01,199627
0.01,199566
0.01,201199
0.01,200211
0.01,195647
0.01,197156
0.01,194279
0.01,195829
0.01,193462
0.01,191082
0.01,191359
0.01,193664
0.01,193451
0.01,191648
0.01,194982
0.01,197607
0.01,196985
0.01,201701
0.01,199585
0.01,205995
0.01,198656
0.01,197682
0.01,192720
0.01,199973
0.01,198184
0.01,198278
0.01,199496
0.01,202628
0.01,208073
0.01,210290
0.01,213339
0.02,217576
0.02,217599
0.02,219230
0.02,235672
0.02,221641
0.02,217046
0.02,206216
0.02,202302
0.02,201881
0.02,194683
0.02,189996
0.02,189639
0.02,189896
0.02,193992
0.02,196356
0.02,194825
0.02,201271
0.02,194565
0.02,194581
0.02,190433
0.02,187260
0.02,189095
0.02,188529
0.02,187943
0.02,184556
0.02,188287
0.02,195366
0.02,189723
0.02,183692
0.02,183263
0.02,183936
0.02,182234
0.02,182697
0.02,181842
0.02,180179
0.02,179450
0.02,176657
0.02,174763
0.02,174491
0.02,172652
0.02,177496
0.02,187877
0.02,171042
0.02,171932
0.02,169462
0.02,172791
0.02,171221
0.02,172768
0.02,174974
0.02,176413
0.02,176733
0.02,180566
0.02,184739
0.02,188515
0.02,187299
0.02,190747
0.02,180673
0.02,180356
0.02,181298
0.02,184135
0.02,186448
0.02,187968
0.02,188664
0.02,195274
0.02,210675
0.02,194720
0.02,189795
0.02,187530
0.02,175781
0.02,172342
0.02,173570
0.02,173722
0.02,169847
0.02,170920
0.02,170772
0.02,171287
0.02,172179
0.02,177775
0.02,176442
0.02,172336
0.02,175506
0.02,174390
0.02,173449
0.02,182966
0.02,177733
0.02,176384
0.02,174962
0.02,171157
0.02,170787
0.02,170739
0.02,171504
0.02,170166
0.02,168358
0.02,168267
0.02,168373
0.02,169624
0.02,172023
0.02,178108
0.02,180805
0.02,180469
0.02,183071
0.02,178512
0.02,175982
0.02,177391
0.02,182441
0.02,185687
0.02,190695
0.02,195438
0.02,202463
0.02,215242
0.02,197622
0.02,195991
0.02,195968
0.02,188200
0.02,183232
0.02,180683
0.02,181376
0.02,175780
0.02,177133
0.02,174786
0.02,171432
0.02,173473
0.02,177268
0.02,177893
0.02,184473
0.02,175655
0.02,171608
0.02,166785
0.02,166041
0.02,164603
0.02,165490
0.02,166111
0.02,165902
0.02,166037
0.02,167365
0.02,165276
0.02,165787
0.02,163639
0.02,164270
0.02,166321
0.02,167751
0.02,168167
0.02,169412
0.02,166339
0.02,169503
0.02,168267
0.02,167606
0.02,169606
0.02,170766
0.02,172605
0.02,173343
0.02,171759
0.02,172812
0.02,176052
0.02,177511
0.02,177108
0.02,178435
0.02,180232
0.02,183173
0.02,178762
0.02,174816
0.02,173262
0.02,174010
0.02,171032
0.02,170198
0.02,170496
0.02,170244
0.02,168845
0.02,173975
0.02,172822
0.02,179858
0.02,171999
0.02,173723
0.02,177790
0.02,179291
0.02,178275
0.02,184224
0.02,199154
0.02,182965
0.02,180607
0.02,182670
0.02,177302
0.02,169763
0.02,167085
0.02,162254
0.02,161136
0.02,160032
0.02,158964
0.02,160439
0.02,164707
0.02,165506
0.02,169145
0.02,164331
0.02,164275
0.02,166172
0.02,161600
0.02,163042
0.02,164028
0.02,161937
0.02,165597
0.02,177267
0.02,157899
0.02,157472
0.02,157308
0.02,156376
0.02,158119
0.02,158168
0.02,155595
0.02,154775
0.02,153974
0.02,153202
0.02,152193
0.02,151205
0.02,151267
0.02,151270
0.02,151790
0.02,152227
0.02,154264
0.02,155694
0.02,156110
0.02,157355
0.02,154982
0.02,157746
0.02,156419
0.02,156173
0.02,157549
0.02,158640
0.02,160731
0.02,161286
0.02,159702
0.02,160755
0.02,163995
0.02,166049
0.02,166137
0.02,168301
0.02,168983
0.02,168679
0.02,168594
0.02,162246
0.02,161576
0.02,161953
0.02,160040
0.02,160545
0.02,158198
0.02,157637
0.02,158471
0.02,159059
0.02,159776
0.02,167885
0.02,159756
0.02,160525
0.02,161516
0.02,158906
0.02,157247
0.02,160064
0.02,162122
0.02,168739
0.02,173222
0.02,181606
0.02,161778
0.02,163650
0.02,161291
0.02,150197
0.02,149644
0.02,150831
0.02,151586
0.02,153207
0.02,152957
0.02,151479
0.02,149382
0.02,148935
0.02,149611
0.02,150044
0.02,153686
0.02,153878
0.02,154448
0.02,154309
0.02,154857
0.02,155999
0.02,156911
0.02,158069
0.02,158418
0.02,159177
0.02,161644
0.02,163353
0.02,163739
0.02,163408
0.02,164078
0.02,163512
0.02,163615
0.02,165257
0.02,161008
0.02,159161
0.02,158578
0.02,158980
0.02,158964
0.02,157249
0.02,158843
0.02,158595
0.02,161797
0.02,152873
0.02,155246
0.02,154093
0.02,152665
0.02,151927
0.02,151447
0.02,153324
0.02,161167
0.02,163191
0.02,164089
0.02,163295
0.02,181157
0.02,160320
0.02,152326
0.02,147281
0.02,146816
0.02,147002
0.02,146384
0.02,147798
0.02,144325
0.02,143924
0.02,142859
0.02,142522
0.02,142186
0.02,141919
0.02,141693
0.02,141502
0.02,141317
0.02,141163
0.02,141281
0.02,140596
0.02,141922
0.02,141090
0.02,140405
0.02,141477
0.02,141167
0.02,140747
0.02,139594
0.02,139588
