0.00,673906
0.00,633024
0.00,630715
0.00,626562
0.00,617210
0.00,618860
0.00,614758
0.00,612502
0.00,612670
0.00,617300
0.00,613983
0.00,589356
0.00,581435
0.00,576907
0.00,582660
0.00,577619
0.00,567330
0.00,554156
0.00,546694
0.00,540993
0.00,520359
0.00,514186
0.00,516649
0.00,503438
0.00,493262
0.00,477035
0.00,473400
0.00,473305
0.00,464512
0.00,471146
0.00,475060
0.00,493454
0.00,465878
0.00,466928
0.00,470168
0.00,476044
0.00,457452
0.00,446635
0.00,429850
0.00,415399
0.00,428919
0.00,436105
0.00,421551
0.00,412362
0.00,422917
0.00,424255
0.00,416750
0.00,408839
0.00,399077
0.00,395187
0.00,393495
0.00,404407
0.00,400289
0.00,383438
0.00,389137
0.00,399167
0.01,398523
0.01,400720
0.01,391166
0.01,381591
0.01,385729
0.01,395340
0.01,389621
0.01,384645
0.01,380589
0.01,366980
0.01,365190
0.01,366484
0.01,356976
0.01,351049
0.01,341450
0.01,337248
0.01,341041
0.01,345348
0.01,341287
0.01,336533
0.01,340909
0.01,337913
0.01,332225
0.01,336283
0.01,325034
0.01,325106
0.01,323943
0.01,320830
0.01,312090
0.01,306711
0.01,308367
0.01,312244
0.01,312025
0.01,308307
0.01,306493
0.01,305552
0.01,308665
0.01,309350
0.01,309984
0.01,306617
0.01,310089
0.01,302835
0.01,297379
0.01,310677
0.01,316923
0.01,313935
0.01,311562
0.01,313091
0.01,311479
0.01,331984
0.01,319399
0.01,321828
0.01,299064
0.01,299777
0.01,295667
0.01,292216
0.01,288665
0.01,290691
0.01,279564
0.01,281387
0.01,277053
0.01,274568
0.01,274176
0.01,271496
0.01,272046
0.01,269777
0.01,267345
0.01,266958
0.01,269089
0.01,271731
0.01,271875
0.01,273429
0.01,272156
0.01,276470
0.01,290793
0.01,279864
0.01,268544
0.01,270559
0.01,274300
0.01,273706
0.01,270663
0.01,269881
0.01,265443
0.01,264661
0.01,271376
0.01,262337
0.01,274290
0.01,256571
0.01,261083
0.01,260633
0.01,259196
0.01,262627
0.01,265402
0.01,264191
0.01,258174
0.01,261855
0.01,252138
0.01,252102
0.01,252292
0.01,246898
0.01,243174
0.01,239970
0.01,242343
0.01,243220
0.01,241454
0.01,238534
0.01,236940
0.01,235499
0.01,232276
0.01,230079
0.01,229990
0.01,228580
0.01,229028
0.01,228664
0.01,229686
0.01,230503
0.01,240714
0.01,238591
0.01,231571
0.01,228381
0.01,232634
0.01,227982
0.01,223864
0.01,222151
0.01,220618
0.01,219838
0.01,216965
0.01,216197
0.01,219108
0.01,218847
0.01,216742
0.01,217202
0.01,213407
0.01,210505
0.01,207005
0.01,207189
0.01,207294
0.01,208533
0.01,209916
0.01,215282
0.01,217038
0.01,205106
0.01,205966
0.01,203302
0.01,203425
0.01,205375
0.01,210660
0.01,210375
0.01,211608
0.01,214078
0.01,207029
0.01,203667
0.01,205264
0.01,208950
0.01,209157
0.01,211294
0.01,207015
0.01,200049
0.01,198192
0.01,197190
0.01,194816
0.01,195671
0.01,193031
0.01,193760
0.01,196095
0.01,197008
0.01,197165
0.01,198745
0.01,200262
0.01,197099
0.01,192926
0.01,194730
0.01,196466
0.01,200280
0.01,200848
0.01,198637
0.01,196390
0.01,194399
0.01,193792
0.01,203333
0.01,208005
0.01,212291
0.01,222745
0.01,218618
0.01,238021
0.01,220264
0.01,213000
0.01,210796
0.01,202614
0.01,194144
0.01,190410
0.01,190843
0.01,190103
0.01,195366
0.01,191147
0.01,189419
0.01,191674
0.02,186876
0.02,185250
0.02,181781
0.02,180778
0.02,178848
0.02,176867
0.02,178757
0.02,179469
0.02,180361
0.02,182414
0.02,181235
0.02,179612
0.02,181479
0.02,179774
0.02,175144
0.02,176039
0.02,173628
0.02,175866
0.02,179383
0.02,181868
0.02,181961
0.02,176343
0.02,175481
0.02,173252
0.02,171039
0.02,172844
0.02,175964
0.02,173337
0.02,171093
0.02,169528
0.02,168543
0.02,168602
0.02,170152
0.02,171730
0.02,172544
0.02,171243
0.02,170365
0.02,171733
0.02,169867
0.02,171978
0.02,172179
0.02,171878
0.02,171631
0.02,168850
0.02,166699
0.02,168073
0.02,171084
0.02,174192
0.02,168601
0.02,168834
0.02,167978
0.02,166944
0.02,168620
0.02,170647
0.02,170677
0.02,171816
0.02,174221
0.02,175637
0.02,181989
0.02,184957
0.02,185768
0.02,183573
0.02,180886
0.02,179726
0.02,179344
0.02,187467
0.02,190808
0.02,189458
0.02,189977
0.02,191456
0.02,198383
0.02,210700
0.02,189788
0.02,181105
0.02,174739
0.02,172597
0.02,174303
0.02,168606
0.02,166818
0.02,177480
0.02,179236
0.02,171362
0.02,167123
0.02,167273
0.02,164594
0.02,163498
0.02,165378
0.02,169804
0.02,171474
0.02,173297
0.02,174797
0.02,172567
0.02,171688
0.02,174094
0.02,179558
0.02,182201
0.02,177806
0.02,176697
0.02,177051
0.02,176916
0.02,182799
0.02,181685
0.02,181053
0.02,181671
0.02,178453
0.02,184667
0.02,196540
0.02,178384
0.02,170164
0.02,166211
0.02,169473
0.02,170061
0.02,165668
0.02,167882
0.02,164010
0.02,165124
0.02,164936
0.02,166854
0.02,162144
0.02,161081
0.02,160967
0.02,161239
0.02,159000
0.02,158181
0.02,157413
0.02,156653
0.02,155895
0.02,155173
0.02,155977
0.02,157782
0.02,156765
0.02,159522
0.02,160873
0.02,163785
0.02,165494
0.02,168483
0.02,163218
0.02,163849
0.02,164087
0.02,162355
0.02,160869
0.02,159500
0.02,157095
0.02,156742
0.02,157933
0.02,157288
0.02,159026
0.02,160418
0.02,158869
0.02,159216
0.02,158271
0.02,157311
0.02,159530
0.02,163384
0.02,166108
0.02,164179
0.02,165884
0.02,164985
0.02,165826
0.02,173149
0.02,173420
0.02,171883
0.02,171587
0.02,169161
0.02,175783
0.02,191146
0.02,171618
0.02,164225
0.02,157750
0.02,156178
0.02,159297
0.02,155702
0.02,156881
0.02,155856
0.02,156953
0.02,156765
0.02,158683
0.02,153973
0.02,155120
0.02,156171
0.02,158753
0.02,160605
0.02,162586
0.02,160203
0.02,161272
0.02,160320
0.02,155899
0.02,155407
0.02,155708
0.02,156363
0.02,152827
0.02,152048
0.02,151394
0.02,151822
0.02,152674
0.02,150545
0.02,149624
0.02,148982
0.02,148270
0.02,148067
0.02,150500
0.02,154755
0.02,158789
0.02,158002
0.02,158482
0.02,156301
0.02,155916
0.02,159366
0.02,160345
0.02,158729
0.02,158289
0.02,155107
0.02,150937
0.02,150133
0.02,149859
0.02,147461
0.02,147824
0.02,150724
0.02,154429
0.02,153095
0.02,148196
0.02,149163
0.02,146386
0.02,145797
0.02,145237
0.02,144706
0.02,144782
0.02,144287
0.02,146440
0.02,149263
0.02,149750
0.02,149420
0.02,147931
0.02,145805
0.02,143899
0.02,144370
0.02,146197
0.02,148402
0.02,149701
0.02,149262
0.02,148651
0.02,144951
0.02,143294
0.02,142908
0.02,142610
0.02,142324
0.02,142041
0.02,143541
0.02,141805
0.02,141587
0.02,143766
0.02,141383
0.02,141191
0.02,141007
0.02,140851
0.02,140698
0.02,141113
0.02,140894
0.02,141674
0.02,140555
0.02,140000
0.02,139921
