0.00,735215
0.00,704130
0.00,680191
0.00,661340
0.00,629134
0.00,614744
0.00,608644
0.00,577110
0.00,564380
0.00,544305
0.00,550028
0.00,547503
0.00,531572
0.00,516402
0.00,507134
0.00,515177
0.00,524769
0.00,505258
0.00,528676
0.00,513749
0.00,506712
0.00,489080
0.00,480982
0.00,463214
0.00,463656
0.00,459953
0.00,454666
0.00,453688
0.00,474363
0.00,466328
0.00,451833
0.00,450278
0.00,455005
0.00,444527
0.00,437838
0.00,435940
0.01,445830
0.01,443566
0.01,440237
0.01,426287
0.01,425391
0.01,424759
0.01,416087
0.01,406088
0.01,407402
0.01,396211
0.01,397130
0.01,404443
0.01,391517
0.01,398713
0.01,397915
0.01,396908
0.01,393176
0.01,404605
0.01,386653
0.01,389198
0.01,383691
0.01,375643
0.01,367577
0.01,365613
0.01,367527
0.01,374241
0.01,364551
0.01,359990
0.01,355602
0.01,354531
0.01,355968
0.01,360325
0.01,358062
0.01,349854
0.01,353924
0.01,357950
0.01,360220
0.01,354973
0.01,355029
0.01,353596
0.01,368908
0.01,365194
0.01,359944
0.01,351151
0.01,351365
0.01,350048
0.01,338921
0.01,333721
0.01,336116
0.01,330341
0.01,328679
0.01,328917
0.01,328083
0.01,325565
0.01,320334
0.01,321292
0.01,324842
0.01,318980
0.01,312301
0.01,309993
0.01,303286
0.01,304920
0.01,318162
0.01,318648
0.01,311772
0.01,306048
0.01,303351
0.01,307468
0.01,307129
0.01,300982
0.01,310523
0.01,305142
0.01,299930
0.01,299835
0.01,303578
0.01,304471
0.01,299090
0.01,299273
0.01,304495
0.01,305294
0.01,305457
0.01,300925
0.01,295643
0.01,289910
0.01,289131
0.01,293822
0.01,298567
0.01,300481
0.01,300423
0.01,301923
0.01,301112
0.01,295052
0.01,294815
0.01,292433
0.01,291338
0.01,292169
0.01,296738
0.01,295232
0.01,294116
0.01,292318
0.01,291761
0.01,288134
0.01,288136
0.01,293968
0.01,291316
0.01,285707
0.01,281427
0.01,281914
0.01,285027
0.01,292907
0.01,296143
0.01,292214
0.01,292749
0.01,291205
0.01,286333
0.01,285831
0.01,289228
0.01,293321
0.01,290834
0.01,286502
0.01,284287
0.01,290046
0.01,293099
0.01,291011
0.01,284895
0.01,284903
0.01,283736
0.01,278931
0.01,280652
0.01,271787
0.01,278427
0.01,279879
0.01,280800
0.01,288002
0.01,295926
0.01,312058
0.01,287721
0.01,288364
0.01,286100
0.01,276677
0.01,272759
0.01,266244
0.01,261376
0.01,256520
0.01,251752
0.01,253702
0.01,253849
0.01,249905
0.01,255575
0.01,253333
0.01,253118
0.01,252400
0.01,253669
0.01,251639
0.01,252470
0.01,253835
0.01,257587
0.01,258396
0.01,266463
0.01,263097
0.01,259885
0.01,258041
0.01,255348
0.01,249223
0.01,251032
0.01,252648
0.01,253553
0.01,252932
0.01,251994
0.01,250117
0.01,249682
0.01,249937
0.01,248925
0.01,252173
0.01,254883
0.01,257133
0.01,259443
0.01,260673
0.01,252707
0.01,252153
0.01,252825
0.01,253577
0.01,255845
0.01,254673
0.01,252678
0.01,244609
0.01,246211
0.01,253580
0.01,253969
0.01,247846
0.01,255680
0.01,269166
0.01,253831
0.01,248846
0.01,252170
0.01,254513
0.01,258731
0.01,259512
0.01,252336
0.01,257360
0.02,265153
0.02,259834
0.02,258112
0.02,255518
0.02,255500
0.02,254048
0.02,248640
0.02,246170
0.02,245330
0.02,240295
0.02,236577
0.02,234843
0.02,233617
0.02,232439
0.02,232728
0.02,231893
0.02,232552
0.02,234105
0.02,231478
0.02,231000
0.02,226268
0.02,225057
0.02,225092
0.02,221333
0.02,220045
0.02,219303
0.02,216049
0.02,215294
0.02,217811
0.02,215267
0.02,211686
0.02,212542
0.02,215170
0.02,212994
0.02,212069
0.02,211941
0.02,212110
0.02,210696
0.02,212015
0.02,209357
0.02,208718
0.02,207762
0.02,204845
0.02,212329
0.02,211096
0.02,207267
0.02,211005
0.02,213934
0.02,233763
0.02,220108
0.02,214617
0.02,219356
0.02,223866
0.02,224494
0.02,222989
0.02,226792
0.02,224351
0.02,215565
0.02,216100
0.02,220848
0.02,219327
0.02,215957
0.02,216020
0.02,214738
0.02,209132
0.02,205711
0.02,202110
0.02,201606
0.02,199005
0.02,198198
0.02,198201
0.02,196281
0.02,198195
0.02,196154
0.02,193168
0.02,192800
0.02,191394
0.02,190070
0.02,190201
0.02,191329
0.02,190564
0.02,192209
0.02,193934
0.02,199243
0.02,201185
0.02,206457
0.02,211792
0.02,214497
0.02,233168
0.02,219453
0.02,208283
0.02,208329
0.02,212662
0.02,213220
0.02,207882
0.02,209844
0.02,202020
0.02,199605
0.02,201579
0.02,202755
0.02,201267
0.02,202133
0.02,202794
0.02,200556
0.02,199577
0.02,197114
0.02,195577
0.02,196937
0.02,200016
0.02,201966
0.02,202776
0.02,205067
0.02,205851
0.02,204877
0.02,203063
0.02,198678
0.02,200669
0.02,203930
0.02,202688
0.02,206138
0.02,204485
0.02,195579
0.02,190832
0.02,188316
0.02,190816
0.02,192273
0.02,193752
0.02,195048
0.02,195414
0.02,194423
0.02,195499
0.02,196720
0.02,201319
0.02,202498
0.02,206201
0.02,209111
0.02,209013
0.02,220651
0.02,204864
0.02,198029
0.02,193887
0.02,195272
0.02,186634
0.02,185920
0.02,187244
0.02,192973
0.02,199549
0.02,194388
0.02,191416
0.02,192519
0.02,194117
0.02,195368
0.02,199476
0.02,207097
0.02,203970
0.02,201721
0.02,194526
0.02,191025
0.02,188902
0.02,183842
0.02,187347
0.02,189961
0.02,193241
0.02,203367
0.02,197525
0.02,196995
0.02,195019
0.02,193175
0.02,191386
0.02,188888
0.02,187707
0.02,186688
0.02,180775
0.02,181430
0.02,178535
0.02,176892
0.02,177746
0.02,176365
0.02,177691
0.02,179188
0.02,179338
0.02,180836
0.02,180725
0.02,182918
0.02,177111
0.02,174801
0.02,174144
0.02,177344
0.02,179073
0.02,178677
0.02,178133
0.02,173924
0.02,172352
0.02,172790
0.02,170888
0.02,169622
0.02,169377
0.02,175344
0.02,173837
0.02,178174
0.02,180848
0.02,178422
0.02,182851
0.02,184667
0.02,196673
0.02,182795
0.02,178187
0.02,168217
0.02,169329
0.02,171013
0.02,175873
0.02,176130
0.02,176481
0.02,177230
0.02,182282
0.02,195937
0.02,176108
0.02,173179
0.02,171234
0.02,164494
0.02,163970
0.02,162857
0.02,161546
0.02,163007
0.02,163960
0.02,162924
0.02,162177
0.02,163487
0.02,161490
0.02,158904
0.02,158286
0.02,157373
0.02,157032
0.02,162309
0.02,164863
0.02,167473
0.02,173303
0.02,164438
0.02,162383
0.02,162164
0.02,157840
0.02,157822
0.02,156647
0.02,156305
0.02,159216
0.02,161989
0.02,165360
0.02,167139
0.02,168728
0.02,176254
0.02,172015
0.02,171167
0.02,167607
0.02,163034
0.02,162358
0.02,164562
0.02,162102
0.02,160125
0.02,160574
0.02,157797
0.02,155916
0.02,163578
0.02,168392
0.02,166084
0.02,166968
0.02,164441
0.02,164135
0.02,162315
0.02,163908
0.02,164704
0.02,163829
0.02,165466
0.02,174468
0.02,167974
0.02,166417
0.02,164028
0.02,160082
0.02,159814
0.02,160049
0.02,159095
0.02,155486
0.02,154907
0.02,153701
0.02,152482
0.02,151274
0.02,150403
0.02,150488
0.02,151360
0.02,151975
0.02,152897
0.02,153321
0.03,153069
0.03,154494
0.03,155447
0.03,155164
0.03,155598
0.03,156011
0.03,158270
0.03,159160
0.03,160561
0.03,162558
0.03,164394
0.03,163829
0.03,153711
0.03,153955
0.03,154542
0.03,153890
0.03,149641
0.03,150226
0.03,148911
0.03,148105
0.03,147457
0.03,146873
0.03,146294
0.03,145557
0.03,146135
0.03,147806
0.03,149718
0.03,151720
0.03,154547
0.03,156584
0.03,158438
0.03,162871
0.03,154002
0.03,153152
0.03,152862
0.03,151908
0.03,146410
0.03,147708
0.03,145061
0.03,144675
0.03,145480
0.03,146976
0.03,147689
0.03,150463
0.03,152165
0.03,153803
0.03,156485
0.03,157917
0.03,162205
0.03,153037
0.03,153458
0.03,151412
0.03,147312
0.03,145903
0.03,144296
0.03,143944
0.03,143607
0.03,142976
0.03,142663
0.03,142364
0.03,142071
0.03,141845
0.03,141811
0.03,141593
0.03,142821
0.03,141380
0.03,141420
0.03,144805
0.03,138994
0.03,138768
0.03,138596
0.03,139948
0.03,139887
0.03,141934
0.03,143181
0.03,143464
0.03,146968
0.03,147940
0.03,150738
0.03,152620
0.03,156152
0.03,157431
0.03,158512
0.03,159598
0.03,156964
0.03,159915
0.03,162204
0.03,163612
0.03,170089
0.03,184504
0.03,166491
0.03,165066
0.03,167190
0.03,165816
0.03,157678
0.03,153121
0.03,151572
0.03,147045
0.03,144063
0.03,144013
0.03,146889
0.03,148893
0.03,150430
0.03,150673
0.03,155183
0.03,152635
0.03,148363
0.03,146503
0.03,145170
0.03,144981
0.03,142752
0.03,142014
0.03,141909
0.03,142727
0.03,142012
0.03,139542
0.03,138485
0.03,139166
0.03,141289
0.03,143791
0.03,146310
0.03,150770
0.03,151631
0.03,150634
0.03,156097
0.03,158614
0.03,162918
0.03,170920
0.03,186992
0.03,170139
0.03,168472
0.03,168082
0.03,162407
0.03,157358
0.03,154493
0.03,152379
0.03,148952
0.03,147447
0.03,148290
0.03,150040
0.03,151870
0.03,152984
0.03,154632
0.03,159849
0.03,155344
0.03,150238
0.03,149232
0.03,146967
0.03,145503
0.03,145441
0.03,149703
0.03,149396
0.03,150002
0.03,150318
0.03,153844
0.03,152138
0.03,146508
0.03,143822
0.03,141765
0.03,139758
0.03,137918
0.03,138091
0.03,138690
0.03,138572
0.03,137589
0.03,137031
0.03,140237
0.03,136938
0.03,138113
0.03,139170
0.03,135644
0.03,135131
