0.02, 738464
0.02, 736824
0.02, 733170
0.02, 727519
0.02, 726336
0.02, 722953
0.02, 720700
0.02, 716940
0.02, 716294
0.02, 715759
0.02, 713038
0.02, 711750
0.02, 711534
0.02, 707215
0.02, 706045
0.02, 702944
0.02, 699326
0.02, 698030
0.02, 688241
0.02, 686638
0.02, 684665
0.02, 680140
0.02, 674449
0.02, 672643
0.02, 672170
0.02, 671229
0.02, 670466
0.02, 667059
0.02, 663774
0.02, 662909
0.02, 659674
0.02, 655253
0.02, 653746
0.02, 645767
0.02, 645583
0.02, 641703
0.02, 638004
0.02, 635239
0.02, 634170
0.03, 634139
0.03, 623417
0.03, 621733
0.03, 618614
0.03, 617590
0.03, 613076
0.03, 612733
0.03, 610930
0.03, 608544
0.03, 606473
0.03, 601436
0.03, 595552
0.03, 595498
0.03, 594675
0.03, 592442
0.03, 587523
0.05, 582556
0.05, 570782
0.16, 570210
0.16, 568256
0.16, 566691
0.16, 566274
0.16, 566267
0.16, 566224
0.16, 563140
0.20, 559875
0.20, 554568
0.20, 547144
0.27, 545785
0.27, 545336
0.28, 540212
0.29, 534318
0.29, 533927
0.29, 532102
0.29, 527003
0.29, 526776
0.29, 522418
0.29, 518539
0.29, 516389
0.31, 515768
0.31, 515584
0.36, 512452
0.37, 507057
0.40, 504816
0.40, 502987
0.40, 497740
0.41, 496864
0.41, 496803
0.41, 495701
0.41, 490352
0.41, 489342
0.41, 489299
0.41, 488497
0.41, 485084
0.41, 483395
0.41, 480606
0.44, 478867
0.44, 478646
0.44, 477691
0.44, 475023
0.44, 470483
0.44, 465012
0.44, 455027
0.44, 453356
0.44, 452605
0.46, 449851
0.46, 445062
0.46, 444192
0.46, 443376
0.46, 438703
0.52, 438531
0.52, 436501
0.52, 430763
0.52, 428939
0.52, 426745
0.52, 426204
0.52, 425434
0.54, 424553
0.54, 423814
0.54, 420277
0.54, 419541
0.54, 414634
0.54, 411963
0.54, 411222
0.54, 410239
0.56, 405452
0.56, 404120
0.56, 404042
0.57, 402559
0.57, 402389
0.57, 397878
0.58, 396558
0.58, 395254
0.58, 395173
0.58, 394710
0.58, 394048
0.60, 393764
0.60, 393320
0.60, 393318
0.60, 391794
0.60, 388589
0.60, 388023
0.60, 386513
0.60, 384379
0.60, 383762
0.60, 381152
0.60, 380079
0.60, 379280
0.60, 378063
0.60, 377599
0.60, 374209
0.60, 374019
0.60, 371816
0.60, 371736
0.60, 369798
0.60, 368907
0.60, 363398
0.60, 361673
0.60, 360867
0.60, 359512
0.63, 358839
0.63, 358718
0.63, 358146
0.63, 357789
0.63, 357189
0.68, 357067
0.68, 355164
0.68, 354520
0.68, 350495
0.68, 349020
0.68, 348708
0.69, 344308
0.69, 343549
0.69, 341392
0.69, 340985
0.69, 340691
0.69, 340569
0.69, 340550
0.69, 337092
0.69, 336659
0.69, 332930
0.69, 331602
0.69, 331089
0.69, 329327
0.69, 327142
0.69, 325765
0.70, 323265
0.70, 323253
0.70, 322037
0.70, 320766
0.70, 317631
0.70, 314091
0.70, 307037
0.74, 302477
0.74, 301976
0.76, 301909
0.76, 301668
0.76, 301648
0.76, 300745
0.76, 298076
0.76, 298058
0.76, 297094
0.76, 293753
0.76, 292417
0.76, 291399
0.77, 289337
0.77, 288836
0.77, 288542
0.77, 287780
0.77, 287678
0.77, 287673
0.77, 286636
0.77, 284340
0.78, 283823
0.78, 281781
0.78, 281294
0.78, 280748
0.78, 280729
0.78, 279033
0.78, 278874
0.79, 277571
0.79, 277376
0.79, 276910
0.79, 275981
0.79, 274703
0.79, 273926
0.79, 272606
0.80, 271932
0.80, 268983
0.80, 268619
0.80, 266953
0.80, 266867
0.80, 263880
0.80, 261575
0.82, 259235
0.82, 257320
0.85, 257228
0.85, 255644
0.85, 253632
0.85, 253112
0.85, 252564
0.85, 252529
0.85, 251794
0.85, 251373
0.85, 250286
0.85, 249986
0.85, 248377
0.85, 246838
0.85, 246683
0.85, 245178
0.85, 244854
0.85, 244385
0.85, 241182
0.87, 239716
0.87, 237279
0.87, 236300
0.87, 236185
0.87, 235119
0.87, 234657
0.87, 231893
0.87, 230027
0.87, 229744
0.87, 228443
0.90, 227657
0.90, 226840
0.90, 225894
0.90, 224399
0.90, 224165
0.90, 223005
0.90, 222965
0.93, 222443
0.93, 222115
0.93, 222103
0.93, 220317
0.93, 219782
0.93, 219472
0.93, 218944
0.93, 217515
0.93, 215739
0.93, 214059
0.95, 213451
0.95, 212290
0.95, 210847
0.95, 208329
0.95, 208280
0.95, 207480
0.95, 206259
0.98, 206118
0.98, 205744
0.98, 205283
0.98, 205250
0.98, 204479
0.98, 203715
0.98, 202851
0.98, 201922
0.98, 201197
0.98, 199758
0.98, 199540
0.98, 197650
0.98, 196675
0.98, 196654
0.98, 196526
1.00, 196114
1.00, 193958
1.02, 193684
1.02, 193664
1.02, 193415
1.02, 191410
1.02, 190411
1.02, 189765
1.02, 188214
1.02, 187659
1.02, 186871
1.02, 185607
1.02, 185488
1.02, 184946
1.03, 184917
1.03, 183792
1.03, 183687
1.04, 183652
1.04, 183509
1.04, 183271
1.05, 183219
1.05, 182720
1.06, 181951
1.06, 181906
1.06, 181458
1.06, 181326
1.06, 181302
1.06, 181124
1.07, 180924
1.07, 180838
1.07, 180524
1.07, 180066
1.07, 180053
1.07, 179388
1.07, 179343
1.07, 179209
1.07, 178612
1.07, 176618
1.07, 175616
1.07, 175562
1.07, 175288
1.07, 174003
1.07, 171865
1.07, 171688
1.08, 171252
1.10, 170120
1.10, 170052
1.10, 169127
1.10, 168732
1.10, 168678
1.10, 168637
1.10, 168276
1.10, 166420
1.10, 166134
1.10, 165555
1.10, 164907
1.10, 164348
1.10, 163761
1.10, 163746
1.14, 163697
1.16, 163658
1.16, 163097
1.17, 162865
1.17, 162424
1.17, 162149
1.17, 161776
1.17, 161679
1.17, 161289
1.17, 160567
1.17, 159538
1.17, 159124
1.17, 159123
1.17, 159076
1.17, 158127
1.17, 158077
1.17, 157901
1.17, 157517
1.17, 156821
1.17, 156705
1.17, 154893
1.17, 154848
1.17, 154818
1.17, 154723
1.17, 154479
1.17, 154107
1.17, 153987
1.17, 153393
1.17, 151534
1.17, 151426
1.17, 150673
1.17, 150597
1.17, 149731
1.17, 149298
1.23, 147904
1.23, 147293
1.23, 147121
1.23, 147063
1.23, 146832
1.23, 146414
1.24, 145893
1.24, 145613
1.24, 145593
1.24, 144749
1.24, 144221
1.24, 143804
1.24, 143639
1.24, 143576
1.24, 143063
1.25, 142378
1.27, 142276
1.27, 142270
1.27, 141717
1.27, 140816
1.27, 140611
1.27, 140547
1.27, 140076
1.27, 140021
1.27, 139917
1.27, 139848
1.27, 139832
1.27, 139782
1.27, 139137
1.27, 138288
1.33, 138279
1.35, 138193
1.35, 138162
1.35, 137600
1.35, 137596
1.35, 137534
1.36, 137520
1.38, 136880
1.38, 136567
1.38, 136551
1.38, 136483
1.38, 136432
1.38, 136081
1.38, 135558
1.38, 135411
1.44, 135248
1.44, 135086
1.44, 134544
1.44, 134186
1.44, 134058
1.52, 134053
1.52, 133772
1.55, 133738
1.55, 133732
1.55, 133682
1.56, 133578
1.57, 133464
1.58, 133445
1.60, 133395
5.10, 133219
5.11, 132995
5.13, 132942
5.14, 132892
5.15, 132781
5.24, 132752
5.29, 132735
