0.02, 772228
0.02, 770363
0.02, 762438
0.02, 759833
0.02, 758926
0.02, 757158
0.02, 756571
0.02, 750094
0.02, 748005
0.02, 747677
0.02, 742221
0.02, 734886
0.02, 723794
0.02, 723634
0.02, 712805
0.02, 711571
0.02, 709143
0.02, 706743
0.02, 702299
0.02, 698101
0.02, 695555
0.02, 688558
0.02, 686284
0.02, 685842
0.02, 684888
0.02, 681393
0.02, 673439
0.02, 671544
0.02, 663428
0.02, 659443
0.02, 656865
0.02, 656156
0.02, 654881
0.02, 640099
0.02, 639481
0.02, 628279
0.02, 618020
0.02, 615971
0.02, 615602
0.02, 609837
0.02, 605202
0.02, 603097
0.02, 594738
0.02, 592185
0.02, 591190
0.02, 582844
0.02, 580839
0.10, 578489
0.10, 572391
0.10, 570902
0.10, 569998
0.10, 569293
0.10, 562728
0.14, 562379
0.14, 560877
0.14, 560507
0.14, 560110
0.14, 551087
0.14, 546641
0.16, 544335
0.16, 542664
0.24, 541117
0.24, 537865
0.24, 536032
0.24, 535802
0.27, 535104
0.29, 532846
0.29, 529956
0.30, 526462
0.30, 519438
0.30, 518869
0.32, 517252
0.33, 515845
0.34, 512630
0.35, 508204
0.35, 507932
0.35, 507911
0.35, 507419
0.35, 504368
0.35, 498343
0.35, 491532
0.39, 490960
0.40, 485793
0.41, 485407
0.42, 482888
0.42, 482819
0.42, 476415
0.42, 474068
0.42, 472394
0.42, 471088
0.42, 469921
0.42, 469017
0.44, 465748
0.44, 464775
0.44, 462086
0.45, 461926
0.45, 461195
0.45, 459625
0.45, 458665
0.48, 458151
0.48, 457811
0.48, 457443
0.48, 456062
0.48, 454731
0.48, 449288
0.49, 443410
0.49, 442256
0.50, 439808
0.51, 437593
0.51, 433682
0.51, 431681
0.51, 429601
0.51, 427145
0.51, 427090
0.52, 425024
0.52, 424246
0.52, 420808
0.52, 420629
0.53, 419860
0.54, 419733
0.54, 415716
0.54, 410981
0.57, 408689
0.57, 407595
0.57, 406881
0.57, 405223
0.57, 404926
0.57, 403472
0.57, 403257
0.57, 399993
0.57, 397171
0.57, 393599
0.61, 393575
0.61, 392969
0.61, 392897
0.62, 387623
0.63, 386650
0.63, 386360
0.63, 384026
0.63, 383131
0.63, 383008
0.63, 381231
0.63, 380840
0.63, 379752
0.63, 372792
0.63, 367116
0.63, 365674
0.63, 365632
0.63, 365630
0.63, 363433
0.65, 363247
0.65, 361478
0.65, 361475
0.65, 361153
0.65, 361031
0.65, 354059
0.65, 352499
0.66, 352458
0.66, 352108
0.67, 347847
0.67, 347795
0.67, 345592
0.67, 344618
0.68, 336382
0.68, 335064
0.68, 334989
0.68, 334094
0.68, 332459
0.68, 332304
0.68, 330311
0.68, 329967
0.68, 329662
0.68, 328889
0.68, 326890
0.68, 326609
0.68, 325620
0.68, 324309
0.68, 324066
0.68, 322823
0.68, 318654
0.68, 317852
0.68, 316393
0.68, 311921
0.68, 307302
0.68, 306836
0.68, 306378
0.68, 304464
0.73, 303601
0.73, 302982
0.73, 302477
0.73, 302249
0.76, 301991
0.76, 301878
0.76, 301228
0.76, 300895
0.76, 300347
0.76, 296562
0.76, 295478
0.76, 293649
0.76, 292909
0.76, 291273
0.76, 290836
0.79, 289848
0.79, 289624
0.79, 289522
0.79, 285670
0.80, 285557
0.80, 285115
0.80, 282547
0.80, 281706
0.80, 279240
0.80, 278841
0.80, 274399
0.80, 272897
0.80, 272712
0.83, 271180
0.83, 270494
0.83, 269430
0.83, 269084
0.83, 267772
0.83, 266690
0.83, 265846
0.83, 265549
0.83, 264523
0.83, 263538
0.83, 262618
0.83, 261490
0.83, 260153
0.83, 258777
0.83, 257318
0.83, 257262
0.84, 256357
0.84, 253296
0.85, 250331
0.85, 250186
0.85, 249221
0.85, 248532
0.85, 245448
0.85, 243696
0.87, 243660
0.87, 243316
0.88, 238835
0.88, 236469
0.88, 235934
0.88, 230843
0.88, 230556
0.88, 229934
0.88, 226710
0.88, 225963
0.91, 225200
0.91, 224618
0.91, 224151
0.91, 223458
0.91, 221414
0.91, 221265
0.91, 221205
0.91, 219378
0.91, 217761
0.91, 217304
0.91, 216741
0.91, 215326
0.91, 213296
0.91, 212405
0.91, 211744
0.91, 210922
0.91, 210888
0.91, 210731
0.98, 210439
0.98, 209569
0.98, 208993
0.98, 208763
0.98, 208275
0.98, 208239
0.98, 207982
0.98, 207932
0.98, 206902
0.98, 206888
0.98, 206738
0.98, 206312
0.98, 205359
0.98, 205065
0.98, 204807
0.98, 204682
0.98, 203605
0.98, 202628
0.98, 201791
0.98, 200898
0.98, 200241
0.98, 200148
0.99, 199007
1.00, 198193
1.00, 196266
1.00, 194391
1.00, 193984
1.00, 193243
1.00, 192338
1.01, 191815
1.01, 190082
1.01, 189635
1.02, 189500
1.04, 189332
1.04, 188933
1.04, 188888
1.04, 188752
1.04, 187636
1.04, 187578
1.04, 186756
1.04, 184976
1.04, 183807
1.04, 183455
1.04, 183144
1.04, 181614
1.04, 181355
1.04, 181021
1.04, 180802
1.04, 180578
1.04, 180028
1.04, 179205
1.04, 178676
1.04, 178319
1.08, 177988
1.08, 176383
1.09, 176231
1.09, 175816
1.09, 174870
1.09, 174441
1.09, 173978
1.09, 173775
1.09, 173188
1.09, 173184
1.09, 173036
1.09, 172493
1.09, 172398
1.09, 171675
1.09, 170140
1.09, 170004
1.09, 169949
1.09, 169920
1.09, 169694
1.09, 169196
1.11, 167636
1.11, 167553
1.11, 166358
1.11, 166076
1.11, 166003
1.11, 165498
1.11, 165320
1.11, 165267
1.11, 164788
1.11, 163236
1.14, 162078
1.14, 161417
1.14, 161124
1.16, 160914
1.16, 160279
1.16, 160067
1.16, 159866
1.16, 159404
1.16, 159328
1.16, 158959
1.16, 158794
1.16, 158730
1.17, 158138
1.17, 157140
1.17, 157031
1.17, 155901
1.17, 155176
1.17, 154741
1.17, 154281
1.17, 154023
1.17, 152481
1.18, 151027
1.18, 150930
1.18, 150837
1.24, 150103
1.24, 149961
1.24, 149775
1.24, 149759
1.24, 149731
1.24, 149321
1.24, 148189
1.24, 147416
1.24, 147268
1.24, 147186
1.24, 147021
1.24, 146245
1.24, 146212
1.26, 145585
1.26, 145517
1.26, 145338
1.26, 144952
1.26, 144208
1.26, 143909
1.28, 142021
1.28, 141962
1.28, 141881
1.28, 141544
1.28, 140969
1.29, 140464
1.29, 140274
1.29, 140028
1.29, 139884
1.37, 139831
1.37, 139070
1.37, 138979
1.37, 138868
1.37, 138828
1.37, 138456
1.41, 138222
1.41, 137996
1.41, 137885
1.41, 137742
1.41, 137432
1.42, 137324
1.43, 137297
1.43, 137066
1.43, 136875
1.43, 136632
1.43, 136435
1.43, 136051
1.43, 135867
1.44, 135702
1.55, 135693
1.55, 135591
1.56, 135507
1.56, 135431
1.57, 135384
1.65, 135329
3.19, 135114
3.19, 135084
3.22, 134795
3.22, 134399
3.22, 134215
3.29, 134209
3.34, 134063
3.34, 134038
3.34, 133983
3.34, 133757
3.34, 133517
3.35, 133452
3.35, 133383
3.35, 133333
3.36, 133288
3.36, 133149
3.43, 133136
3.43, 133025
3.43, 132970
8.72, 132968
8.77, 132918
