0.00,728198
0.00,732927
0.00,695129
0.00,696337
0.00,680839
0.00,666332
0.00,660486
0.00,639379
0.00,630304
0.00,607063
0.00,582249
0.00,576965
0.00,560582
0.00,550670
0.00,556768
0.00,579596
0.00,561689
0.00,547889
0.00,547987
0.00,549587
0.00,525065
0.00,520664
0.00,504876
0.00,494320
0.00,492789
0.00,489419
0.00,491534
0.00,477508
0.00,463241
0.00,450537
0.00,449622
0.00,449219
0.00,442179
0.00,440329
0.00,437652
0.00,423952
0.00,419083
0.00,417196
0.00,401578
0.00,397525
0.00,393309
0.00,387412
0.00,380751
0.00,388750
0.00,384814
0.00,386600
0.00,388104
0.00,388060
0.00,384211
0.00,385144
0.00,374516
0.00,379343
0.00,387069
0.00,390362
0.00,408362
0.00,388919
0.01,381681
0.01,380924
0.01,373067
0.01,377798
0.01,375675
0.01,376079
0.01,383110
0.01,361653
0.01,361651
0.01,359718
0.01,362281
0.01,367637
0.01,371209
0.01,387235
0.01,362846
0.01,360586
0.01,355846
0.01,353730
0.01,353733
0.01,352169
0.01,349852
0.01,348545
0.01,355003
0.01,356128
0.01,357459
0.01,364373
0.01,365756
0.01,370302
0.01,387732
0.01,368534
0.01,364839
0.01,354786
0.01,348329
0.01,342426
0.01,346076
0.01,342923
0.01,340407
0.01,346622
0.01,353472
0.01,354245
0.01,350343
0.01,353564
0.01,358054
0.01,353666
0.01,339355
0.01,341977
0.01,335724
0.01,341650
0.01,347571
0.01,373149
0.01,355042
0.01,351540
0.01,350738
0.01,350538
0.01,340127
0.01,338399
0.01,335981
0.01,330154
0.01,324710
0.01,322298
0.01,322783
0.01,320812
0.01,320385
0.01,322609
0.01,319869
0.01,311850
0.01,320501
0.01,304888
0.01,297955
0.01,294155
0.01,299325
0.01,297622
0.01,297141
0.01,289906
0.01,289061
0.01,290459
0.01,286616
0.01,282581
0.01,281998
0.01,291163
0.01,288899
0.01,291556
0.01,292279
0.01,290511
0.01,290954
0.01,284169
0.01,288960
0.01,279938
0.01,278985
0.01,276356
0.01,281864
0.01,280957
0.01,279645
0.01,280368
0.01,272005
0.01,275674
0.01,270702
0.01,272799
0.01,268703
0.01,266498
0.01,260363
0.01,261728
0.01,263641
0.01,264498
0.01,261774
0.01,265214
0.01,265206
0.01,264995
0.01,262212
0.01,258771
0.01,260404
0.01,261273
0.01,261457
0.01,261510
0.01,261442
0.01,259306
0.01,261677
0.01,266054
0.01,266789
0.01,262713
0.01,257008
0.01,251220
0.01,251193
0.01,252404
0.01,251779
0.01,253014
0.01,249005
0.01,254439
0.01,253035
0.01,253406
0.01,250717
0.01,253046
0.01,254695
0.01,255979
0.01,255630
0.01,252441
0.01,249787
0.01,250827
0.01,255146
0.01,255878
0.01,257679
0.01,254359
0.01,251811
0.01,244896
0.01,244486
0.01,246509
0.01,251669
0.01,254122
0.01,252988
0.01,246222
0.01,241164
0.01,239043
0.01,244165
0.01,252953
0.01,252155
0.01,254096
0.01,252043
0.01,253158
0.01,250451
0.01,248210
0.01,246770
0.01,246728
0.01,242414
0.01,244752
0.01,245619
0.01,242614
0.01,243211
0.01,242915
0.01,243849
0.01,242412
0.01,241664
0.01,243500
0.01,237430
0.01,237179
0.01,234659
0.01,229097
0.01,225181
0.01,221515
0.01,218823
0.01,217581
0.01,217137
0.01,216678
0.01,211548
0.01,211656
0.01,209875
0.01,210747
0.01,210179
0.01,210985
0.01,211816
0.01,215738
0.01,214526
0.01,220073
0.01,221093
0.01,219458
0.01,222816
0.01,212796
0.01,208706
0.01,207214
0.01,206050
0.01,206348
0.01,204444
0.01,204273
0.01,204239
0.02,206901
0.02,210020
0.02,206289
0.02,224484
0.02,209840
0.02,200747
0.02,201804
0.02,201770
0.02,204432
0.02,207551
0.02,203820
0.02,222015
0.02,207371
0.02,198278
0.02,204807
0.02,200250
0.02,200385
0.02,217977
0.02,203072
0.02,195936
0.02,193700
0.02,192138
0.02,191917
0.02,189289
0.02,189057
0.02,192067
0.02,196002
0.02,198421
0.02,200663
0.02,201132
0.02,196582
0.02,200209
0.02,197955
0.02,194607
0.02,193258
0.02,192724
0.02,193213
0.02,197749
0.02,201116
0.02,193983
0.02,195526
0.02,198874
0.02,201788
0.02,202180
0.02,210845
0.02,213612
0.02,221293
0.02,234828
0.02,215664
0.02,219544
0.02,209164
0.02,198417
0.02,194612
0.02,191533
0.02,187217
0.02,188975
0.02,196885
0.02,195656
0.02,193297
0.02,191761
0.02,186678
0.02,186090
0.02,187191
0.02,186619
0.02,191474
0.02,198167
0.02,194094
0.02,192725
0.02,186377
0.02,184301
0.02,184595
0.02,181373
0.02,179375
0.02,179712
0.02,180175
0.02,177025
0.02,177636
0.02,179168
0.02,177067
0.02,176431
0.02,174913
0.02,174984
0.02,175779
0.02,173491
0.02,172994
0.02,171590
0.02,170236
0.02,171508
0.02,168899
0.02,167056
0.02,165286
0.02,163664
0.02,162607
0.02,161576
0.02,161237
0.02,161216
0.02,162119
0.02,163461
0.02,163004
0.02,165417
0.02,164255
0.02,166899
0.02,168831
0.02,166418
0.02,167325
0.02,170082
0.02,172406
0.02,172490
0.02,174589
0.02,174953
0.02,174118
0.02,178265
0.02,177263
0.02,177648
0.02,178219
0.02,172156
0.02,172154
0.02,173453
0.02,172973
0.02,181547
0.02,175871
0.02,174808
0.02,171945
0.02,168757
0.02,168257
0.02,168517
0.02,170171
0.02,172918
0.02,170702
0.02,167457
0.02,169296
0.02,169679
0.02,173438
0.02,172492
0.02,174366
0.02,178687
0.02,183385
0.02,191588
0.02,159937
0.02,160237
0.02,162695
0.02,166304
0.02,168734
0.02,164374
0.02,163931
0.02,163256
0.02,162019
0.02,163417
0.02,162483
0.02,162938
0.02,163619
0.02,164206
0.02,163802
0.02,166842
0.02,168530
0.02,170453
0.02,172194
0.02,171263
0.02,175367
0.02,174839
0.02,177538
0.02,179172
0.02,182596
0.02,186516
0.02,195380
0.02,209706
0.02,190289
0.02,186800
0.02,185190
0.02,173939
0.02,171177
0.02,164000
0.02,162055
0.02,161907
0.02,163988
0.02,175952
0.02,169985
0.02,167530
0.02,165160
0.02,162614
0.02,164136
0.02,158668
0.02,158007
0.02,156902
0.02,155954
0.02,155095
0.02,154276
0.02,153491
0.02,152738
0.02,151846
0.02,151773
0.02,154053
0.02,155375
0.02,152490
0.02,155112
0.02,151224
0.02,149910
0.02,148693
0.02,147948
0.02,149536
0.02,150322
0.02,148127
0.02,147342
0.02,146757
0.02,146234
0.02,145721
0.02,145230
0.02,144072
0.02,143714
0.02,146596
0.02,149535
0.02,152549
0.02,153764
0.02,147485
0.02,146167
0.02,144927
0.02,144629
0.02,145943
0.02,147418
0.02,147428
0.02,149866
0.02,150457
0.02,152669
0.02,154586
0.02,157585
0.02,159095
0.02,158204
0.02,158330
0.02,157702
0.02,160279
0.02,165485
0.02,168767
0.02,170917
0.02,171833
0.02,179220
0.02,190434
0.02,172051
0.02,168931
0.02,169050
0.02,157392
0.02,155404
0.02,150970
0.02,156913
0.02,151044
0.02,148492
0.02,151430
0.02,148343
0.02,145528
0.02,145273
0.02,143734
0.02,144202
0.02,143282
0.02,144647
0.02,144013
0.02,147221
0.02,149602
0.02,150229
0.02,151236
0.02,146553
0.02,149031
0.02,152865
0.02,147662
0.02,142910
0.02,143421
0.02,146231
0.02,150547
0.02,152506
0.02,148773
0.02,149601
0.02,152193
0.02,147952
0.02,144337
0.02,142090
0.02,144983
0.02,145677
0.02,147684
0.02,156313
0.02,141782
0.02,143925
0.02,144380
0.02,144451
0.02,140765
0.02,140470
0.02,140177
0.02,139959
0.02,139745
0.02,139535
0.02,139351
0.02,139240
0.02,139136
0.02,140461
0.02,141110
0.02,141345
0.02,143126
0.02,141882
0.02,142572
0.02,144057
0.02,144679
0.02,146158
0.02,146548
0.02,146524
0.02,146025
0.02,146316
0.02,146911
0.02,148169
0.02,147605
0.02,148713
0.02,149035
0.02,150972
0.02,152814
0.02,152778
0.02,153930
0.02,155845
0.02,152084
0.02,151424
0.02,153006
0.02,152582
0.02,152537
0.02,151924
0.02,147839
0.02,147590
0.02,148213
0.02,149037
0.02,149380
0.02,151144
0.02,153829
0.02,157830
0.02,157354
0.02,153679
0.02,154287
0.02,156710
0.02,159489
0.02,163391
0.02,168190
0.02,181052
0.02,162234
0.02,158821
0.02,158223
0.02,151140
0.02,144411
0.02,142078
0.02,139040
0.02,138985
0.02,138957
0.02,138644
0.02,138627
