0.00,698224
0.00,672254
0.00,649735
0.00,617891
0.00,603609
0.00,624569
0.00,619539
0.00,608792
0.00,591851
0.00,592816
0.00,570993
0.00,564802
0.00,548938
0.00,533730
0.00,529604
0.00,526882
0.00,531076
0.00,517877
0.00,520265
0.00,505908
0.00,503594
0.00,498902
0.00,485099
0.00,477098
0.00,471732
0.00,461687
0.00,459190
0.00,454453
0.00,450675
0.00,451607
0.00,446746
0.00,438491
0.00,440468
0.00,440411
0.00,436619
0.00,441142
0.00,439632
0.00,425374
0.00,414679
0.00,407987
0.00,407393
0.00,412287
0.00,402243
0.00,406306
0.00,400347
0.00,399584
0.00,398693
0.00,400708
0.00,390878
0.00,387228
0.00,379523
0.00,380891
0.00,376557
0.00,373665
0.01,370614
0.01,357305
0.01,358393
0.01,351037
0.01,341642
0.01,334839
0.01,329534
0.01,329836
0.01,330882
0.01,332956
0.01,336751
0.01,333884
0.01,338164
0.01,331489
0.01,322224
0.01,325069
0.01,318952
0.01,307982
0.01,306892
0.01,306485
0.01,309242
0.01,301828
0.01,303129
0.01,311831
0.01,310063
0.01,308708
0.01,306485
0.01,305933
0.01,303146
0.01,308252
0.01,292874
0.01,295014
0.01,288656
0.01,301114
0.01,289592
0.01,282812
0.01,277723
0.01,280456
0.01,284351
0.01,285799
0.01,287429
0.01,282925
0.01,284238
0.01,278302
0.01,271694
0.01,270625
0.01,265630
0.01,259483
0.01,261443
0.01,264353
0.01,265502
0.01,263030
0.01,265922
0.01,272575
0.01,258646
0.01,250270
0.01,251778
0.01,246526
0.01,247909
0.01,249928
0.01,245927
0.01,243798
0.01,243740
0.01,236908
0.01,236400
0.01,232221
0.01,234427
0.01,231830
0.01,241250
0.01,228080
0.01,223538
0.01,221411
0.01,215760
0.01,213937
0.01,218159
0.01,215207
0.01,216388
0.01,210905
0.01,209580
0.01,213881
0.01,216793
0.01,212791
0.01,208083
0.01,204432
0.01,205208
0.01,201440
0.01,205082
0.01,199014
0.01,197429
0.01,196189
0.01,194339
0.01,193518
0.01,193232
0.01,193768
0.01,191680
0.01,192298
0.01,188993
0.01,189860
0.01,191757
0.01,193999
0.01,197364
0.01,205553
0.01,198545
0.01,199108
0.01,198495
0.01,192770
0.01,187266
0.01,186325
0.01,183824
0.01,185836
0.01,181599
0.01,181234
0.01,179529
0.01,179386
0.01,177873
0.01,181566
0.01,183687
0.01,185018
0.01,189006
0.01,189865
0.01,195997
0.01,197636
0.01,198749
0.01,204309
0.01,204257
0.01,209955
0.01,219720
0.01,206120
0.01,196512
0.01,189666
0.01,190956
0.01,183230
0.01,179069
0.01,186338
0.01,184958
0.01,180254
0.01,177953
0.01,177457
0.01,176793
0.01,174708
0.01,174820
0.01,175223
0.01,174603
0.01,180090
0.01,181564
0.01,181737
0.01,182040
0.01,182215
0.01,182673
0.01,181084
0.01,180092
0.01,179123
0.01,176091
0.01,174130
0.01,176305
0.01,178222
0.01,183356
0.01,182801
0.01,182858
0.01,185319
0.01,186306
0.01,186103
0.01,185812
0.01,184403
0.01,177464
0.01,178686
0.01,177250
0.01,175633
0.01,173988
0.01,172135
0.01,173912
0.01,175147
0.01,174459
0.01,172338
0.01,172341
0.01,169950
0.01,171545
0.01,171937
0.01,172609
0.01,169537
0.01,167753
0.01,168288
0.01,166552
0.01,165006
0.01,166539
0.01,163835
0.01,165573
0.01,166175
0.01,166158
0.01,167086
0.01,167498
0.01,166387
0.01,168224
0.01,171873
0.01,172220
0.01,173262
0.01,170109
0.01,168039
0.01,167668
0.01,166796
0.01,166273
0.01,163841
0.01,163203
0.01,163869
0.02,166208
0.02,166760
0.02,164358
0.02,164863
0.02,167091
0.02,168464
0.02,169307
0.02,170549
0.02,170239
0.02,171546
0.02,168174
0.02,167102
0.02,163433
0.02,162216
0.02,161593
0.02,160448
0.02,160834
0.02,162506
0.02,162697
0.02,162795
0.02,160533
0.02,159451
0.02,162552
0.02,167470
0.02,169028
0.02,173853
0.02,178467
0.02,179326
0.02,181253
0.02,184047
0.02,184421
0.02,188331
0.02,206397
0.02,197732
0.02,183807
0.02,175984
0.02,174635
0.02,173163
0.02,172792
0.02,169582
0.02,162659
0.02,160847
0.02,160249
0.02,159669
0.02,161214
0.02,162398
0.02,165243
0.02,162505
0.02,160346
0.02,161215
0.02,162446
0.02,166485
0.02,169359
0.02,169266
0.02,169961
0.02,171629
0.02,171451
0.02,169551
0.02,170429
0.02,170289
0.02,170417
0.02,170624
0.02,168329
0.02,166799
0.02,164790
0.02,162694
0.02,162287
0.02,158110
0.02,157327
0.02,156392
0.02,157782
0.02,155657
0.02,154962
0.02,155077
0.02,158178
0.02,163096
0.02,164654
0.02,169479
0.02,174093
0.02,174952
0.02,176879
0.02,179673
0.02,180047
0.02,183957
0.02,202023
0.02,193358
0.02,179433
0.02,171610
0.02,170261
0.02,168789
0.02,168418
0.02,165208
0.02,158285
0.02,158256
0.02,158541
0.02,158713
0.02,160100
0.02,156038
0.02,154045
0.02,154198
0.02,154410
0.02,155444
0.02,155880
0.02,157825
0.02,161500
0.02,164274
0.02,164845
0.02,164877
0.02,166545
0.02,166367
0.02,165933
0.02,166767
0.02,165205
0.02,165333
0.02,165540
0.02,162090
0.02,161121
0.02,159706
0.02,157610
0.02,157203
0.02,153026
0.02,152948
0.02,158076
0.02,156997
0.02,162027
0.02,168141
0.02,167406
0.02,164729
0.02,163950
0.02,162738
0.02,160475
0.02,159344
0.02,163017
0.02,163964
0.02,166465
0.02,170458
0.02,170456
0.02,172313
0.02,177708
0.02,179005
0.02,181965
0.02,199388
0.02,183835
0.02,176345
0.02,166973
0.02,165156
0.02,163301
0.02,159922
0.02,159944
0.02,156954
0.02,157480
0.02,157887
0.02,159886
0.02,161452
0.02,160734
0.02,162486
0.02,164086
0.02,164133
0.02,163423
0.02,163716
0.02,161916
0.02,159068
0.02,157771
0.02,154248
0.02,152603
0.02,154371
0.02,158496
0.02,158612
0.02,159836
0.02,161609
0.02,165776
0.02,169063
0.02,170375
0.02,174958
0.02,167278
0.02,169257
0.02,169059
0.02,167741
0.02,168982
0.02,169541
0.02,172805
0.02,175228
0.02,172772
0.02,169034
0.02,167601
0.02,165996
0.02,161906
0.02,162136
0.02,166400
0.02,165568
0.02,168623
0.02,170016
0.02,168636
0.02,170676
0.02,177155
0.02,178397
0.02,182472
0.02,200957
0.02,187945
0.02,181004
0.02,172212
0.02,172180
0.02,169550
0.02,166540
0.02,166264
0.02,160926
0.02,160437
0.02,159823
0.02,157740
0.02,156393
0.02,152862
0.02,151799
0.02,151016
0.02,150611
0.02,150054
0.02,151933
0.02,149524
0.02,151348
0.02,148999
0.02,149119
0.02,146352
0.02,145849
0.02,145386
0.02,144985
0.02,143920
0.02,143534
0.02,143182
0.02,143795
0.02,144434
0.02,144666
0.02,144789
0.02,146517
0.02,144932
0.02,143218
0.02,143917
0.02,143791
0.02,144634
0.02,144650
0.02,145203
0.02,145659
0.02,143397
0.02,142315
0.02,141929
0.02,141592
0.02,140946
0.02,141124
0.02,140619
0.02,142462
0.02,143977
0.02,146349
0.02,148345
0.02,149454
0.02,150532
0.02,151353
0.02,154082
0.02,156693
0.02,156857
0.02,155824
0.02,155183
0.02,152953
0.02,149767
0.02,147462
0.02,147897
0.02,145354
0.02,142797
0.02,141749
0.02,140901
0.02,140375
0.02,140852
0.02,146969
0.02,156817
0.02,140156
0.02,141445
0.02,145087
0.02,139019
0.02,138891
0.02,138818
0.02,138755
0.02,138253
0.02,137870
0.02,140461
0.02,139633
0.02,140161
0.02,140528
0.02,140641
0.02,141768
0.02,142272
0.02,141546
0.02,139377
0.02,137845
0.02,138767
0.02,140572
0.02,139744
0.02,139628
0.02,140089
0.02,141030
0.02,141039
0.02,140481
0.02,140198
0.02,138018
0.02,137307
