0.00,724477
0.00,703145
0.00,703472
0.00,720104
0.00,681372
0.00,661403
0.00,635009
0.00,629146
0.00,608970
0.00,591210
0.00,586278
0.00,562190
0.00,552625
0.00,549921
0.00,532998
0.00,519279
0.00,519209
0.00,500514
0.00,497238
0.00,492700
0.00,496276
0.00,499381
0.00,502225
0.00,517007
0.00,504742
0.00,483852
0.00,484392
0.00,484595
0.00,474804
0.00,477884
0.00,481111
0.00,469394
0.00,457821
0.00,455020
0.00,454067
0.00,460702
0.00,459548
0.00,452804
0.00,446691
0.00,449893
0.00,437024
0.00,421846
0.00,421052
0.00,419469
0.00,418343
0.00,417098
0.00,409986
0.00,403564
0.00,405784
0.00,411217
0.00,417813
0.00,409186
0.00,405268
0.00,402889
0.00,396558
0.00,393845
0.00,389041
0.00,396922
0.00,394811
0.00,394571
0.00,392427
0.00,385594
0.00,394127
0.00,398091
0.01,403085
0.01,405073
0.01,423459
0.01,389445
0.01,372884
0.01,355991
0.01,342615
0.01,347342
0.01,346905
0.01,351592
0.01,341541
0.01,331359
0.01,326940
0.01,328028
0.01,313701
0.01,317920
0.01,319944
0.01,313866
0.01,309025
0.01,314850
0.01,311729
0.01,312502
0.01,314582
0.01,315071
0.01,307939
0.01,310814
0.01,309437
0.01,306597
0.01,309972
0.01,323060
0.01,327156
0.01,342697
0.01,325351
0.01,308749
0.01,313757
0.01,307282
0.01,300553
0.01,296266
0.01,292844
0.01,292030
0.01,286370
0.01,278477
0.01,275797
0.01,272065
0.01,269636
0.01,269404
0.01,273924
0.01,276117
0.01,276699
0.01,274851
0.01,278203
0.01,279159
0.01,279711
0.01,281512
0.01,275633
0.01,272337
0.01,272896
0.01,270734
0.01,263323
0.01,264376
0.01,265831
0.01,265738
0.01,269344
0.01,268828
0.01,260999
0.01,261157
0.01,261949
0.01,261485
0.01,261149
0.01,262350
0.01,257072
0.01,256876
0.01,257796
0.01,255622
0.01,253745
0.01,260876
0.01,257217
0.01,256138
0.01,259427
0.01,260773
0.01,257805
0.01,259008
0.01,256580
0.01,251390
0.01,247311
0.01,250242
0.01,250965
0.01,248688
0.01,248460
0.01,244772
0.01,242407
0.01,241712
0.01,246640
0.01,250375
0.01,237720
0.01,241455
0.01,240846
0.01,240602
0.01,238671
0.01,237567
0.01,237968
0.01,236791
0.01,237262
0.01,238549
0.01,233394
0.01,237450
0.01,235789
0.01,240401
0.01,241963
0.01,244081
0.01,240759
0.01,243399
0.01,240606
0.01,240531
0.01,252248
0.01,248394
0.01,247944
0.01,246061
0.01,242791
0.01,246253
0.01,248054
0.01,242175
0.01,238879
0.01,239438
0.01,243608
0.01,237356
0.01,237809
0.01,236543
0.01,236973
0.01,235362
0.01,235633
0.01,240766
0.01,251025
0.01,246236
0.01,242300
0.01,243753
0.01,251390
0.01,264023
0.01,244710
0.01,242303
0.01,240293
0.01,243968
0.01,237460
0.01,234229
0.01,229104
0.01,224426
0.01,222587
0.01,220895
0.01,215592
0.01,212571
0.01,212540
0.01,209275
0.01,209992
0.01,213408
0.01,215636
0.01,213087
0.01,215064
0.01,204063
0.01,204586
0.01,204471
0.01,205815
0.01,201166
0.01,199057
0.01,196397
0.01,212591
0.01,200857
0.01,193721
0.01,195728
0.01,204357
0.01,189826
0.01,189432
0.01,188864
0.01,186704
0.01,185676
0.01,183468
0.01,181576
0.01,185234
0.01,195615
0.01,195278
0.01,191423
0.01,187797
0.01,190010
0.01,194765
0.01,200288
0.01,211064
0.01,194249
0.01,184444
0.01,179698
0.01,183148
0.01,184349
0.01,185043
0.01,190530
0.01,189664
0.01,190941
0.01,189380
0.01,190384
0.01,187719
0.01,189973
0.01,189812
0.01,190228
0.01,190754
0.01,202247
0.01,200462
0.01,199072
0.01,195982
0.01,196134
0.01,194778
0.01,195723
0.01,195289
0.01,186700
0.01,186934
0.01,187485
0.01,185301
0.01,186168
0.01,187928
0.01,192485
0.01,192230
0.01,191856
0.01,188060
0.01,188150
0.01,186360
0.01,182908
0.01,177949
0.01,176043
0.01,179627
0.01,180788
0.01,178252
0.01,177782
0.01,178510
0.01,177263
0.01,176502
0.01,174954
0.01,174905
0.01,180183
0.01,177972
0.01,173221
0.01,172911
0.01,175779
0.01,170980
0.01,169583
0.01,168862
0.01,171590
0.01,172110
0.01,170930
0.01,166710
0.01,170077
0.01,178889
0.01,178011
0.01,171954
0.01,188546
0.01,172492
0.01,165356
0.01,167667
0.01,169722
0.01,170793
0.01,170602
0.01,171168
0.01,172946
0.01,172922
0.01,176336
0.01,177009
0.01,178381
0.01,177646
0.01,175857
0.01,173139
0.01,173129
0.01,173855
0.01,176097
0.01,176996
0.01,177667
0.01,181608
0.01,181336
0.01,182669
0.01,184782
0.01,187493
0.01,191673
0.01,184405
0.01,178326
0.01,174807
0.01,170121
0.01,167995
0.01,166791
0.01,165342
0.01,163927
0.01,163375
0.01,163229
0.01,164046
0.01,162000
0.01,165792
0.02,164609
0.02,164455
0.02,162454
0.02,162279
0.02,162382
0.02,161695
0.02,161712
0.02,161665
0.02,162230
0.02,163641
0.02,163651
0.02,163393
0.02,164495
0.02,164217
0.02,168374
0.02,169184
0.02,172591
0.02,172907
0.02,178182
0.02,178913
0.02,176622
0.02,176482
0.02,176178
0.02,175789
0.02,184647
0.02,186124
0.02,186144
0.02,190000
0.02,206664
0.02,191874
0.02,185634
0.02,183991
0.02,181954
0.02,177989
0.02,180929
0.02,183398
0.02,180280
0.02,184034
0.02,174690
0.02,170624
0.02,169617
0.02,167728
0.02,167850
0.02,166193
0.02,163011
0.02,160507
0.02,163200
0.02,166957
0.02,170172
0.02,169156
0.02,169481
0.02,165851
0.02,163738
0.02,166669
0.02,170758
0.02,165575
0.02,160026
0.02,161229
0.02,161278
0.02,158705
0.02,157640
0.02,156585
0.02,155379
0.02,155322
0.02,153614
0.02,152651
0.02,157593
0.02,156121
0.02,155756
0.02,156621
0.02,153613
0.02,153396
0.02,152712
0.02,151783
0.02,153561
0.02,154873
0.02,157371
0.02,157360
0.02,154830
0.02,153914
0.02,153627
0.02,152045
0.02,151039
0.02,153161
0.02,153697
0.02,154546
0.02,150368
0.02,151145
0.02,147846
0.02,147234
0.02,146522
0.02,145960
0.02,145490
0.02,145044
0.02,144620
0.02,145963
0.02,147600
0.02,148707
0.02,150453
0.02,150154
0.02,152550
0.02,153037
0.02,151480
0.02,151617
0.02,153918
0.02,155104
0.02,156863
0.02,160942
0.02,161143
0.02,156584
0.02,157073
0.02,155528
0.02,159672
0.02,165775
0.02,165286
0.02,172261
0.02,187877
0.02,171563
0.02,168637
0.02,165769
0.02,161628
0.02,161293
0.02,158546
0.02,160685
0.02,162927
0.02,156627
0.02,156093
0.02,155495
0.02,156923
0.02,156182
0.02,155891
0.02,156359
0.02,155636
0.02,155222
0.02,153623
0.02,151062
0.02,150307
0.02,150188
0.02,149350
0.02,148877
0.02,149815
0.02,148032
0.02,149891
0.02,154369
0.02,149055
0.02,144221
0.02,143863
0.02,143575
0.02,143349
0.02,143137
0.02,148508
0.02,147862
0.02,142890
0.02,142723
0.02,142522
0.02,142330
0.02,142177
0.02,142049
0.02,142019
