0.02,730919
0.02,696681
0.02,668781
0.02,647209
0.02,636968
0.02,620976
0.02,617671
0.02,611244
0.02,620150
0.02,628971
0.02,619982
0.02,609819
0.02,582629
0.02,588290
0.02,601797
0.02,586558
0.02,571458
0.02,567783
0.02,549173
0.02,543757
0.02,544765
0.02,544591
0.02,539650
0.02,529299
0.02,520447
0.02,521886
0.02,499197
0.02,482186
0.02,461657
0.02,455572
0.02,445255
0.02,437090
0.02,434927
0.02,427598
0.02,418523
0.02,418437
0.02,419799
0.02,404267
0.02,397751
0.02,387883
0.02,387900
0.02,380854
0.02,381830
0.02,378097
0.02,369632
0.02,372851
0.02,382267
0.02,403881
0.02,392699
0.02,385895
0.02,369866
0.02,368837
0.02,363412
0.02,360542
0.02,366295
0.02,359370
0.02,356351
0.02,346190
0.02,341260
0.02,333211
0.02,336604
0.02,323756
0.02,317741
0.02,318708
0.02,313157
0.02,323916
0.02,321175
0.02,316979
0.02,317095
0.02,318008
0.02,314608
0.02,303080
0.02,302878
0.02,305050
0.02,317201
0.02,323850
0.02,342889
0.02,318528
0.02,308413
0.02,308676
0.02,312703
0.02,312087
0.02,312076
0.02,309522
0.02,302109
0.02,297101
0.02,295741
0.02,296819
0.02,287794
0.02,290527
0.02,287091
0.02,288977
0.02,287109
0.02,290779
0.02,290224
0.02,291622
0.02,291910
0.02,288737
0.02,284518
0.02,289393
0.02,285837
0.02,281669
0.02,285220
0.02,279642
0.02,278031
0.02,283697
0.02,285245
0.02,286560
0.02,285756
0.02,295701
0.02,303286
0.02,316852
0.02,295378
0.02,297873
0.02,299016
0.02,298549
0.02,290419
0.02,292026
0.02,285914
0.02,282873
0.02,280552
0.02,278293
0.02,271964
0.02,270322
0.02,268613
0.02,270344
0.02,270847
0.02,272388
0.02,272430
0.02,265852
0.02,263985
0.02,259132
0.02,256410
0.02,257009
0.02,255712
0.02,252049
0.02,251562
0.02,248603
0.02,244419
0.02,242087
0.02,241967
0.02,235294
0.02,239946
0.02,241515
0.02,245530
0.02,240986
0.02,238661
0.02,241906
0.02,239069
0.02,238648
0.02,235282
0.02,236567
0.02,237241
0.02,243914
0.02,245578
0.02,246306
0.02,251745
0.02,252084
0.02,247296
0.02,242330
0.02,242283
0.02,248112
0.02,248339
0.02,243814
0.02,240729
0.02,238873
0.02,244346
0.02,245500
0.02,245608
0.02,242881
0.02,238994
0.02,241597
0.02,248267
0.02,231053
0.02,234596
0.02,236519
0.02,236148
0.02,239758
0.02,238835
0.02,237965
0.02,232544
0.02,229425
0.02,227739
0.02,226291
0.02,224803
0.02,222281
0.02,222243
0.02,218525
0.02,218390
0.02,217799
0.02,216912
0.02,219164
0.02,216009
0.03,218355
0.03,216992
0.03,214397
0.03,209990
0.03,208859
0.03,206900
0.03,206734
0.03,211104
0.03,210950
0.03,215922
0.03,219265
0.03,217718
0.03,215152
0.03,211987
0.03,209835
0.03,211514
0.03,214802
0.03,217808
0.03,215490
0.03,217039
0.03,222346
0.03,227881
0.03,235524
0.03,230880
0.03,225274
0.03,227775
0.03,250001
0.03,236803
0.03,228217
0.03,221195
0.03,218489
0.03,213756
0.03,211827
0.03,207531
0.03,206377
0.03,209279
0.03,214695
0.03,219277
0.03,218342
0.03,213505
0.03,213558
0.03,215659
0.03,216901
0.03,217242
0.03,222877
0.03,227950
0.03,224918
0.03,222249
0.03,218528
0.03,215362
0.03,214981
0.03,215336
0.03,216766
0.03,213676
0.03,210179
0.03,210194
0.03,209366
0.03,209494
0.03,207869
0.03,205776
0.03,205457
0.03,202637
0.03,202608
0.03,204014
0.03,211521
0.03,217330
0.03,230713
0.03,215821
0.03,213351
0.03,215572
0.03,218429
0.03,215639
0.03,210635
0.03,201888
0.03,202849
0.03,205298
0.03,202208
0.03,200398
0.03,197814
0.03,199326
0.03,194479
0.03,192410
0.03,189800
0.03,188995
0.03,186598
0.03,184600
0.03,182670
0.03,181732
0.03,183775
0.03,184862
0.03,182890
0.03,186292
0.03,187417
0.03,181431
0.03,179038
0.03,181002
0.03,182383
0.03,181996
0.03,181292
0.03,178791
0.03,179871
0.03,178456
0.03,178843
0.03,179764
0.03,177929
0.03,175855
0.03,181120
0.03,195740
0.03,179204
0.03,174216
0.03,173545
0.03,172904
0.03,171313
0.03,169741
0.03,168218
0.03,168306
0.03,166952
0.03,166172
0.03,164693
0.03,163290
0.03,164312
0.03,170029
0.03,173968
0.03,171997
0.03,171832
0.03,171444
0.03,171780
0.03,175457
0.03,174441
0.03,174858
0.03,174267
0.03,171800
0.03,170063
0.03,166930
0.03,165317
0.03,161948
0.03,163044
0.03,162279
0.03,163501
0.03,166204
0.03,166669
0.03,169834
0.03,172326
0.03,170481
0.03,168316
0.03,165538
0.03,163410
0.03,161950
0.03,159424
0.03,158499
0.03,157317
0.03,158034
0.03,158294
0.03,158640
0.03,162637
0.03,161125
0.03,161539
0.03,160253
0.03,158388
0.03,157686
0.03,157090
0.03,159594
0.03,158966
0.03,158501
0.03,157454
0.03,157400
0.03,155997
0.03,154875
0.03,154821
0.03,154912
0.03,153829
0.03,152864
0.03,151571
0.03,150907
0.03,150917
0.03,150342
0.03,149674
0.03,149034
0.03,150616
0.03,148420
0.03,147667
0.03,147033
0.03,146471
0.03,146753
0.03,145934
0.03,145406
0.03,144903
0.03,144478
0.03,144059
0.03,143673
0.03,143308
0.03,142955
0.03,142572
0.03,142332
0.03,142064
0.03,145799
0.03,149940
0.03,151737
0.03,156215
0.03,158148
0.03,157895
0.03,164426
0.03,180505
0.03,164423
0.03,158092
0.03,155100
0.03,157719
0.03,161281
0.03,156694
0.03,156586
0.03,157712
0.03,160860
0.03,165515
0.03,161710
0.03,160421
0.03,159813
0.03,159233
0.03,159729
0.03,157481
0.03,157275
0.03,156168
0.03,155753
0.03,159069
0.03,162180
0.03,160983
0.03,161287
0.03,159512
0.03,157388
0.03,155666
0.03,152635
0.03,151530
0.03,152043
0.03,149589
0.03,147552
0.03,147289
0.03,145735
0.03,149009
0.03,148615
0.03,148800
0.03,148099
0.03,148626
0.03,147097
0.03,146379
0.03,145605
0.03,143930
0.03,143930
0.03,141908
0.03,141805
0.03,141702
0.03,141613
0.03,141534
0.03,141531
