0.00,747974
0.00,763272
0.00,700661
0.00,678396
0.00,650263
0.00,624890
0.00,630103
0.00,641573
0.00,621009
0.00,596297
0.00,616589
0.00,602260
0.00,593195
0.00,577464
0.00,556154
0.00,537010
0.00,529542
0.00,519253
0.00,506364
0.00,503897
0.00,497020
0.00,487981
0.00,478936
0.00,465568
0.00,460433
0.00,450732
0.00,463161
0.00,442378
0.00,432208
0.00,428163
0.00,432530
0.00,422950
0.00,425220
0.00,432596
0.00,430604
0.00,435575
0.00,453450
0.00,435579
0.00,427042
0.00,415503
0.00,420894
0.00,426788
0.00,408824
0.00,401668
0.00,397683
0.00,394950
0.00,389953
0.00,385045
0.00,381830
0.01,389907
0.01,381748
0.01,376560
0.01,375498
0.01,387932
0.01,380083
0.01,368114
0.01,358095
0.01,352618
0.01,343939
0.01,343687
0.01,343661
0.01,337524
0.01,329314
0.01,323147
0.01,322515
0.01,315492
0.01,318847
0.01,320872
0.01,312212
0.01,319172
0.01,310674
0.01,316344
0.01,316008
0.01,316741
0.01,316229
0.01,308990
0.01,301722
0.01,304137
0.01,295364
0.01,301646
0.01,304080
0.01,299826
0.01,301508
0.01,295770
0.01,295070
0.01,287791
0.01,286614
0.01,289508
0.01,287753
0.01,279869
0.01,276483
0.01,273771
0.01,273320
0.01,268467
0.01,272947
0.01,275447
0.01,277241
0.01,288719
0.01,278912
0.01,270736
0.01,267224
0.01,262748
0.01,261934
0.01,257119
0.01,261850
0.01,252760
0.01,253444
0.01,253356
0.01,255826
0.01,258221
0.01,258567
0.01,255984
0.01,249750
0.01,241989
0.01,238876
0.01,239576
0.01,241422
0.01,251866
0.01,246601
0.01,245911
0.01,245865
0.01,244683
0.01,246729
0.01,242274
0.01,243749
0.01,239770
0.01,241002
0.01,241486
0.01,242491
0.01,238513
0.01,235632
0.01,235331
0.01,233507
0.01,229281
0.01,229255
0.01,224267
0.01,223824
0.01,224932
0.01,219513
0.01,219037
0.01,217772
0.01,221670
0.01,222797
0.01,222324
0.01,225192
0.01,226818
0.01,226224
0.01,227675
0.01,225711
0.01,227822
0.01,226080
0.01,232014
0.01,225931
0.01,222128
0.01,222252
0.01,217551
0.01,218595
0.01,218867
0.01,222619
0.01,222311
0.01,218171
0.01,215014
0.01,214017
0.01,213889
0.01,212049
0.01,208449
0.01,208019
0.01,211072
0.01,209092
0.01,208563
0.01,206699
0.01,205587
0.01,203631
0.01,207439
0.01,209406
0.01,219917
0.01,214348
0.01,209805
0.01,206952
0.01,205915
0.01,203652
0.01,200896
0.01,203159
0.01,198299
0.01,200294
0.01,202526
0.01,202787
0.01,204146
0.01,205893
0.01,207789
0.01,206645
0.01,207233
0.01,206597
0.01,208488
0.01,208147
0.01,205330
0.01,201920
0.01,193687
0.01,193972
0.01,191461
0.01,191106
0.01,190318
0.01,188418
0.01,190026
0.01,191568
0.01,192689
0.01,189989
0.01,189015
0.01,187978
0.01,188115
0.01,189042
0.01,188988
0.01,188923
0.01,189251
0.01,188089
0.01,186213
0.01,185407
0.01,183477
0.01,183531
0.01,181555
0.01,181631
0.01,181997
0.01,183341
0.01,184838
0.01,183205
0.01,180616
0.01,178875
0.01,177244
0.01,177330
0.01,177950
0.01,174446
0.01,177804
0.01,182586
0.01,177525
0.01,177054
0.01,172950
0.01,172631
0.01,171263
0.01,169975
0.01,168758
0.01,168545
0.01,166863
0.01,171279
0.01,165038
0.01,163416
0.01,163347
0.02,162778
0.02,161062
0.02,160055
0.02,159173
0.02,158056
0.02,157210
0.02,158709
0.02,159958
0.02,163959
0.02,169093
0.02,172527
0.02,167400
0.02,164640
0.02,164198
0.02,163286
0.02,159874
0.02,157733
0.02,157129
0.02,155759
0.02,157388
0.02,157225
0.02,154451
0.02,154389
0.02,156650
0.02,161832
0.02,167664
0.02,165008
0.02,159361
0.02,158759
0.02,158860
0.02,155459
0.02,154338
0.02,155289
0.02,155825
0.02,156674
0.02,152496
0.02,151277
0.02,149955
0.02,148972
0.02,150030
0.02,148321
0.02,148277
0.02,147439
0.02,148948
0.02,150304
0.02,151785
0.02,151824
0.02,154443
0.02,155350
0.02,156173
0.02,156831
0.02,159171
0.02,157427
0.02,156996
0.02,153230
0.02,154504
0.02,156354
0.02,153351
0.02,154565
0.02,157757
0.02,160296
0.02,161665
0.02,163487
0.02,164257
0.02,164496
0.02,164175
0.02,158559
0.02,157132
0.02,152176
0.02,149093
0.02,148895
0.02,150353
0.02,148463
0.02,147863
0.02,146785
0.02,146141
0.02,145507
0.02,144877
0.02,145360
0.02,147170
0.02,148525
0.02,149064
0.02,150486
0.02,151793
0.02,153792
0.02,153759
0.02,155661
0.02,155847
0.02,156556
0.02,154614
0.02,154171
0.02,151922
0.02,151879
0.02,155885
0.02,154560
0.02,155056
0.02,157761
0.02,159918
0.02,161342
0.02,163629
0.02,163041
0.02,157166
0.02,157394
0.02,153463
0.02,148570
0.02,146392
0.02,148088
0.02,146699
0.02,149364
0.02,152009
0.02,144282
0.02,143698
0.02,143190
0.02,142667
0.02,142154
0.02,141652
0.02,141156
0.02,140732
0.02,140346
0.02,139982
0.02,139663
0.02,139411
0.02,139206
0.02,139022
0.02,138851
0.02,139433
0.02,139756
0.02,139193
0.02,138231
0.02,137728
0.02,143912
0.02,148570
0.02,149646
0.02,155203
0.02,156397
0.02,160115
0.02,177568
0.02,164770
0.02,157924
0.02,156741
0.02,150617
0.02,151447
0.02,150582
0.02,147444
0.02,147572
0.02,151367
0.02,149696
0.02,151271
0.02,149891
0.02,150314
0.02,150699
0.02,148289
0.02,146940
0.02,145788
0.02,145489
0.02,146377
0.02,147202
0.02,148687
0.02,151467
0.02,151651
0.02,154336
0.02,158062
0.02,155358
0.02,154565
0.02,152329
0.02,151364
0.02,153924
0.02,156643
0.02,156498
0.02,159141
0.02,162650
0.02,155896
0.02,152996
0.02,150401
0.02,148275
0.02,144622
0.02,143573
0.02,142647
0.02,139654
0.02,139170
0.02,138347
0.02,137600
0.02,137541
0.02,137486
0.02,137436
