0.00,724496
0.00,692288
0.00,712092
0.00,686193
0.00,652648
0.00,629025
0.00,621309
0.00,605088
0.00,604788
0.00,617801
0.00,587943
0.00,563330
0.00,555172
0.00,542748
0.00,529945
0.00,516473
0.00,511132
0.00,511569
0.00,510849
0.00,504993
0.00,501289
0.00,502609
0.00,494538
0.00,479536
0.00,478282
0.00,472864
0.00,455459
0.00,443982
0.00,438416
0.00,435989
0.00,438017
0.00,423044
0.00,416533
0.00,406315
0.00,394324
0.00,397148
0.00,395478
0.00,385512
0.00,381503
0.00,390446
0.00,390010
0.00,388882
0.00,389921
0.00,403402
0.00,416678
0.00,398114
0.00,396155
0.01,400629
0.01,386311
0.01,370465
0.01,364673
0.01,367281
0.01,370998
0.01,358857
0.01,352158
0.01,347650
0.01,348442
0.01,349264
0.01,356621
0.01,357850
0.01,362083
0.01,379449
0.01,365942
0.01,350498
0.01,347761
0.01,348031
0.01,348235
0.01,347203
0.01,339986
0.01,339593
0.01,335649
0.01,333344
0.01,331905
0.01,324952
0.01,329502
0.01,324662
0.01,331875
0.01,322624
0.01,329859
0.01,340208
0.01,341171
0.01,342912
0.01,360150
0.01,346888
0.01,338854
0.01,333014
0.01,334019
0.01,328270
0.01,327275
0.01,318494
0.01,318401
0.01,312363
0.01,302309
0.01,298565
0.01,291999
0.01,290228
0.01,285946
0.01,278816
0.01,273176
0.01,269078
0.01,269016
0.01,268709
0.01,273578
0.01,277554
0.01,276315
0.01,288626
0.01,308356
0.01,288290
0.01,286958
0.01,290346
0.01,286928
0.01,278582
0.01,269452
0.01,270724
0.01,262096
0.01,261446
0.01,257849
0.01,259937
0.01,257678
0.01,257059
0.01,252878
0.01,253721
0.01,260973
0.01,258844
0.01,248160
0.01,244555
0.01,241271
0.01,242297
0.01,242035
0.01,241575
0.01,240721
0.01,235498
0.01,238256
0.01,240340
0.01,235173
0.01,237115
0.01,235809
0.01,236082
0.01,235403
0.01,232395
0.01,232070
0.01,227062
0.01,223609
0.01,224219
0.01,223370
0.01,223197
0.01,219148
0.01,216247
0.01,214506
0.01,215842
0.01,211913
0.01,211615
0.01,211297
0.01,212235
0.01,208589
0.01,212842
0.01,222690
0.01,206029
0.01,205994
0.01,208651
0.01,208262
0.01,208637
0.01,212156
0.01,208365
0.01,206088
0.01,207150
0.01,209932
0.01,206339
0.01,205637
0.01,205612
0.01,204871
0.01,207634
0.01,208450
0.01,209403
0.01,209181
0.01,205426
0.01,200302
0.01,199166
0.01,199552
0.01,201217
0.01,197211
0.01,194571
0.01,193588
0.01,192067
0.01,189028
0.01,187867
0.01,189239
0.01,187651
0.01,187659
0.01,187251
0.01,186150
0.01,185250
0.01,183367
0.01,185303
0.01,186764
0.01,187952
0.01,186836
0.01,186747
0.01,187705
0.01,186102
0.01,185214
0.01,185003
0.01,184104
0.01,181568
0.01,181726
0.01,183771
0.01,181511
0.01,182459
0.01,177046
0.01,175445
0.01,173896
0.01,172380
0.01,172217
0.01,174236
0.01,172787
0.01,171522
0.01,168753
0.01,167900
0.01,166655
0.01,170716
0.01,173611
0.01,177765
0.01,173766
0.01,174136
0.01,177055
0.01,176778
0.01,174765
0.01,173756
0.01,167812
0.01,166315
0.01,166956
0.01,167183
0.01,164730
0.01,164259
0.01,162184
0.01,160592
0.01,164061
0.01,165597
0.01,167262
0.01,165408
0.01,164563
0.01,161850
0.01,164107
0.01,165297
0.01,160834
0.02,161028
0.02,161047
0.02,159351
0.02,162993
0.02,158194
0.02,157129
0.02,157071
0.02,157240
0.02,156048
0.02,156453
0.02,157054
0.02,156606
0.02,157316
0.02,157102
0.02,158695
0.02,155263
0.02,154293
0.02,154499
0.02,153676
0.02,152820
0.02,151874
0.02,153508
0.02,157761
0.02,167609
0.02,150948
0.02,151289
0.02,151799
0.02,155441
0.02,149373
0.02,148614
0.02,147867
0.02,147629
0.02,147008
0.02,146429
0.02,147259
0.02,149383
0.02,149826
0.02,150223
0.02,148541
0.02,145868
0.02,147304
0.02,147850
0.02,149069
0.02,148410
0.02,150074
0.02,147025
0.02,146079
0.02,144884
0.02,144361
0.02,143894
0.02,143433
0.02,144202
0.02,142548
0.02,142094
0.02,141781
0.02,144087
0.02,141150
0.02,140911
0.02,141290
0.02,143312
0.02,142508
0.02,142501
0.02,143511
0.02,143582
0.02,143525
0.02,142934
0.02,140553
0.02,140389
0.02,140243
0.02,139905
0.02,139759
0.02,139581
0.02,139512
0.02,139462
0.02,139445
