0.00,713268
0.00,684532
0.00,658816
0.00,636609
0.00,628788
0.00,635627
0.00,646010
0.00,615280
0.00,621451
0.00,605428
0.00,627415
0.00,608646
0.00,604987
0.00,574543
0.00,557233
0.00,542500
0.00,528724
0.00,518669
0.00,515412
0.00,514656
0.00,510188
0.00,506146
0.00,524772
0.00,506735
0.00,507988
0.00,505301
0.00,503729
0.00,501633
0.00,493229
0.00,485319
0.00,489445
0.00,472099
0.00,461711
0.00,453726
0.00,453360
0.00,453750
0.00,457056
0.00,455350
0.00,461940
0.00,459349
0.00,441787
0.00,433858
0.00,418638
0.00,436451
0.00,416194
0.00,407556
0.00,405596
0.00,401221
0.00,394882
0.00,397667
0.00,397834
0.00,387449
0.00,377990
0.00,369075
0.00,379317
0.00,381836
0.01,378065
0.01,378857
0.01,384121
0.01,410197
0.01,385319
0.01,371412
0.01,361548
0.01,361032
0.01,364133
0.01,361204
0.01,366980
0.01,389997
0.01,377098
0.01,365337
0.01,363822
0.01,362372
0.01,361734
0.01,357001
0.01,377258
0.01,359445
0.01,356560
0.01,357927
0.01,372481
0.01,356056
0.01,362822
0.01,348280
0.01,360630
0.01,357254
0.01,347232
0.01,341651
0.01,343074
0.01,341165
0.01,335089
0.01,324193
0.01,319230
0.01,321917
0.01,326895
0.01,328921
0.01,327346
0.01,333002
0.01,358262
0.01,335010
0.01,325208
0.01,323698
0.01,321022
0.01,318293
0.01,306869
0.01,304986
0.01,318514
0.01,317127
0.01,316475
0.01,310899
0.01,309195
0.01,304710
0.01,297624
0.01,302391
0.01,298299
0.01,303200
0.01,315835
0.01,322443
0.01,337434
0.01,320859
0.01,314839
0.01,308988
0.01,308797
0.01,308134
0.01,306601
0.01,305488
0.01,299889
0.01,293676
0.01,298313
0.01,296052
0.01,303059
0.01,302575
0.01,298450
0.01,294745
0.01,293374
0.01,297049
0.01,302384
0.01,298266
0.01,301107
0.01,294404
0.01,287814
0.01,290247
0.01,288970
0.01,292901
0.01,294077
0.01,283080
0.01,286093
0.01,286061
0.01,281884
0.01,278239
0.01,274483
0.01,269632
0.01,264676
0.01,263167
0.01,265074
0.01,260691
0.01,256433
0.01,255793
0.01,251472
0.01,254648
0.01,270487
0.01,278773
0.01,294207
0.01,276738
0.01,270535
0.01,272671
0.01,269985
0.01,269704
0.01,270532
0.01,264292
0.01,262286
0.01,260720
0.01,256961
0.01,256012
0.01,257435
0.01,259279
0.01,257945
0.01,256617
0.01,261250
0.01,262675
0.01,261196
0.01,263484
0.01,272439
0.01,266429
0.01,257546
0.01,248997
0.01,248161
0.01,244193
0.01,242278
0.01,241100
0.01,237583
0.01,242302
0.01,242525
0.01,244564
0.01,247225
0.01,244158
0.01,235611
0.01,235982
0.01,238011
0.01,232985
0.01,240355
0.01,242336
0.01,235408
0.01,234323
0.01,237648
0.01,233064
0.01,231740
0.01,232185
0.01,233195
0.01,237927
0.01,239994
0.01,235359
0.01,235426
0.01,232690
0.01,230242
0.01,231415
0.01,231511
0.01,226694
0.01,223295
0.01,223999
0.01,218100
0.01,214977
0.01,215393
0.01,212372
0.01,215389
0.01,215112
0.01,215010
0.01,216827
0.01,218763
0.01,218653
0.01,217282
0.01,217333
0.01,219653
0.01,213243
0.01,210144
0.01,208862
0.01,207900
0.01,204644
0.01,200553
0.01,196962
0.01,193943
0.01,200123
0.01,200209
0.01,198214
0.01,200536
0.01,201053
0.01,197946
0.01,196837
0.01,195743
0.01,193871
0.01,196159
0.01,200544
0.01,203621
0.01,214446
0.01,221286
0.01,234800
0.01,220717
0.01,222535
0.01,218959
0.01,214160
0.02,211058
0.02,208190
0.02,196548
0.02,192151
0.02,199189
0.02,204522
0.02,202175
0.02,199451
0.02,199156
0.02,199516
0.02,197245
0.02,196044
0.02,192917
0.02,191958
0.02,194283
0.02,197374
0.02,207904
0.02,205210
0.02,204867
0.02,206799
0.02,206411
0.02,204132
0.02,207735
0.02,211140
0.02,215506
0.02,232924
0.02,219844
0.02,212323
0.02,204314
0.02,203448
0.02,203641
0.02,196596
0.02,198691
0.02,197222
0.02,192809
0.02,191885
0.02,191854
0.02,189542
0.02,186447
0.02,186777
0.02,184306
0.02,186151
0.02,184406
0.02,186203
0.02,184497
0.02,186861
0.02,190059
0.02,194138
0.02,190298
0.02,189040
0.02,187887
0.02,186817
0.02,182283
0.02,184168
0.02,185679
0.02,189862
0.02,189780
0.02,191394
0.02,194034
0.02,196693
0.02,194865
0.02,195908
0.02,197655
0.02,197542
0.02,197881
0.02,201626
0.02,199306
0.02,202490
0.02,218791
0.02,205513
0.02,201261
0.02,193664
0.02,192420
0.02,193509
0.02,188687
0.02,187385
0.02,183818
0.02,183672
0.02,182074
0.02,182994
0.02,188609
0.02,189126
0.02,184915
0.02,182164
0.02,182887
0.02,180731
0.02,179792
0.02,177525
0.02,178267
0.02,178700
0.02,178384
0.02,174849
0.02,173158
0.02,175335
0.02,176185
0.02,173642
0.02,174019
0.02,174425
0.02,172347
0.02,171185
0.02,169536
0.02,169229
0.02,169648
0.02,167743
0.02,169694
0.02,172218
0.02,174356
0.02,175495
0.02,174066
0.02,170309
0.02,169765
0.02,166028
0.02,167405
0.02,167605
0.02,167250
0.02,168997
0.02,167985
0.02,167162
0.02,169160
0.02,168756
0.02,165774
0.02,165238
0.02,164069
0.02,162456
0.02,162970
0.02,162663
0.02,161954
0.02,163363
0.02,163563
0.02,163208
0.02,164955
0.02,163943
0.02,163120
0.02,165118
0.02,164714
0.02,162699
0.02,161585
0.02,162112
0.02,163757
0.02,162510
0.02,160142
0.02,159229
0.02,158352
0.02,158159
0.02,157408
0.02,159107
0.02,162492
0.02,156681
0.02,158824
0.02,159279
0.02,159345
0.02,155664
0.02,154952
0.02,155465
0.02,154129
0.02,154243
0.02,152341
0.02,152033
0.02,149961
0.02,151709
0.02,152176
0.02,151459
0.02,153424
0.02,158466
0.02,161358
0.02,165856
0.02,176612
0.02,177562
0.02,174188
0.02,177391
0.02,194983
0.02,181825
0.02,174413
0.02,169724
0.02,165406
0.02,159353
0.02,156602
0.02,156746
0.02,157721
0.02,164056
0.02,165609
0.02,165506
0.02,166076
0.02,163539
0.02,163376
0.02,163304
0.02,161951
0.02,159864
0.02,157625
0.02,155995
0.02,156314
0.02,156079
0.02,154570
0.02,155419
0.02,154583
0.02,155015
0.02,151999
0.02,151187
0.02,154071
0.02,154886
0.02,155996
0.02,154744
0.02,153911
0.02,153050
0.02,153176
0.02,151732
0.02,150554
0.02,149303
0.02,148647
0.02,148689
0.02,151669
0.02,146945
0.02,146395
0.02,145889
0.02,146538
0.02,145426
0.02,144895
0.02,145101
0.02,144433
0.02,144047
0.02,144435
0.02,145591
0.02,146542
0.02,147601
0.02,147898
0.02,151841
0.02,156748
0.02,164725
0.02,167437
0.02,170758
0.02,169184
0.02,171865
0.02,189457
0.02,176299
0.02,168887
0.02,164198
0.02,159880
0.02,153827
0.02,151076
0.02,151220
0.02,152195
0.02,158530
0.02,160083
0.02,159980
0.02,160546
0.02,158017
0.02,158234
0.02,157778
0.02,156173
0.02,154455
0.02,152852
0.02,151161
0.02,150788
0.02,150553
0.02,149044
0.02,149893
0.02,149057
0.02,149489
0.02,147331
0.02,147608
0.02,148457
0.02,149277
0.02,149264
0.02,147794
0.02,147088
0.02,148821
0.02,149645
0.02,146664
0.02,145028
0.02,143721
0.02,143408
0.02,143137
0.02,142874
0.02,142648
0.02,143125
0.02,144511
0.02,146343
0.02,146231
0.02,150311
0.02,148022
0.02,152624
0.02,160026
0.02,159915
0.02,164412
0.02,168167
0.02,167968
0.02,170652
0.02,189006
0.02,173823
0.02,165538
0.02,160877
0.02,156657
0.02,152500
0.02,150163
0.03,151291
0.03,152687
0.03,159923
0.03,159602
0.03,159916
0.03,160575
0.03,156702
0.03,157187
0.03,156415
0.03,153300
0.03,151774
0.03,149993
0.03,150251
0.03,148770
0.03,147698
0.03,147863
0.03,147812
0.03,147958
0.03,146762
0.03,146234
0.03,145445
0.03,147242
0.03,146833
0.03,147333
0.03,145237
0.03,146281
0.03,148320
0.03,146472
0.03,144913
0.03,143422
0.03,142769
0.03,142456
0.03,142339
0.03,141981
