0.00,684048
0.00,682333
0.00,648703
0.00,628056
0.00,611254
0.00,631161
0.00,614226
0.00,592423
0.00,563742
0.00,550112
0.00,536064
0.00,560977
0.00,550490
0.00,536904
0.00,525764
0.00,506787
0.00,496952
0.00,490255
0.00,499422
0.00,488877
0.00,485104
0.00,478692
0.00,475681
0.00,480914
0.00,470961
0.00,455172
0.00,448260
0.00,443471
0.00,449322
0.00,444272
0.00,453528
0.00,450978
0.00,436795
0.00,434587
0.00,429290
0.00,425330
0.00,425122
0.00,428289
0.00,431795
0.00,426980
0.00,423766
0.00,424545
0.01,449622
0.01,440063
0.01,424467
0.01,407930
0.01,397886
0.01,398006
0.01,389303
0.01,388587
0.01,381412
0.01,384625
0.01,376206
0.01,369295
0.01,373186
0.01,369784
0.01,371299
0.01,365153
0.01,365244
0.01,362802
0.01,355539
0.01,357038
0.01,352864
0.01,336713
0.01,335760
0.01,332747
0.01,330336
0.01,329698
0.01,324989
0.01,319310
0.01,314220
0.01,308185
0.01,302471
0.01,298881
0.01,297751
0.01,290164
0.01,284274
0.01,283783
0.01,284387
0.01,285233
0.01,287665
0.01,282000
0.01,289507
0.01,285844
0.01,285306
0.01,290586
0.01,283630
0.01,285195
0.01,285448
0.01,279775
0.01,294619
0.01,302822
0.01,279882
0.01,274917
0.01,281806
0.01,287642
0.01,269951
0.01,272068
0.01,272206
0.01,273859
0.01,277604
0.01,265137
0.01,266266
0.01,268984
0.01,270657
0.01,265128
0.01,260395
0.01,255881
0.01,251559
0.01,250366
0.01,254185
0.01,255353
0.01,258785
0.01,257442
0.01,268885
0.01,264724
0.01,259827
0.01,260213
0.01,260330
0.01,256863
0.01,252526
0.01,248342
0.01,247103
0.01,245793
0.01,243258
0.01,246994
0.01,250769
0.01,252653
0.01,249849
0.01,246015
0.01,248502
0.01,247666
0.01,250242
0.01,247110
0.01,244314
0.01,243907
0.01,250887
0.01,257076
0.01,268024
0.01,288474
0.01,271985
0.01,263415
0.01,263370
0.01,256791
0.01,260276
0.01,252702
0.01,250136
0.01,245423
0.01,241695
0.01,248317
0.01,250340
0.01,252797
0.01,242322
0.01,242252
0.01,241753
0.01,236759
0.01,237066
0.01,252555
0.01,240034
0.01,233221
0.01,230967
0.01,232579
0.01,232433
0.01,232051
0.01,227207
0.01,226315
0.01,226319
0.01,224969
0.01,225563
0.01,224065
0.01,220211
0.01,222709
0.01,224524
0.01,224637
0.01,232335
0.01,235540
0.01,236235
0.01,235263
0.01,234917
0.01,237801
0.01,237019
0.01,244900
0.01,262987
0.01,248153
0.01,236407
0.01,233445
0.01,233896
0.01,226731
0.01,219605
0.01,222354
0.01,224001
0.01,222167
0.01,220900
0.01,218644
0.01,218730
0.01,217227
0.01,218261
0.01,218836
0.01,218807
0.01,222601
0.01,225963
0.01,220750
0.01,218064
0.01,213435
0.01,214383
0.01,214203
0.01,210310
0.01,211635
0.01,214679
0.01,217021
0.01,224972
0.01,225029
0.01,220921
0.01,224282
0.01,226910
0.01,230480
0.01,231925
0.01,233366
0.01,236591
0.01,235535
0.01,237343
0.01,243856
0.01,225959
0.01,214797
0.01,216304
0.01,219445
0.01,214366
0.01,224879
0.01,225815
0.01,218734
0.01,215194
0.01,214897
0.01,213108
0.01,213702
0.01,215293
0.01,218340
0.01,217731
0.01,212025
0.01,208298
0.01,211120
0.01,209928
0.01,206357
0.02,202573
0.02,203938
0.02,202226
0.02,200308
0.02,201030
0.02,202611
0.02,203989
0.02,201167
0.02,198093
0.02,197165
0.02,198213
0.02,195969
0.02,192955
0.02,192131
0.02,193502
0.02,190888
0.02,188736
0.02,187621
0.02,186222
0.02,184338
0.02,182804
0.02,183556
0.02,184402
0.02,184298
0.02,181025
0.02,183132
0.02,184699
0.02,185841
0.02,185473
0.02,185650
0.02,185410
0.02,184762
0.02,188645
0.02,187398
0.02,190379
0.02,191446
0.02,190998
0.02,192305
0.02,191620
0.02,193883
0.02,193884
0.02,194519
0.02,195936
0.02,199188
0.02,201987
0.02,208063
0.02,202009
0.02,197378
0.02,194628
0.02,192822
0.02,194656
0.02,190981
0.02,187024
0.02,190904
0.02,188039
0.02,185422
0.02,180992
0.02,185653
0.02,185591
0.02,182940
0.02,198035
0.02,216172
0.02,202688
0.02,194213
0.02,195589
0.02,191563
0.02,186891
0.02,185907
0.02,184988
0.02,179130
0.02,177541
0.02,177699
0.02,176371
0.02,176691
0.02,176631
0.02,177771
0.02,181015
0.02,177226
0.02,176739
0.02,179043
0.02,181674
0.02,178577
0.02,179534
0.02,184378
0.02,187941
0.02,189342
0.02,183982
0.02,181948
0.02,188555
0.02,187740
0.02,188020
0.02,185495
0.02,186838
0.02,184971
0.02,184394
0.02,185305
0.02,188350
0.02,192590
0.02,196226
0.02,194527
0.02,198123
0.02,196673
0.02,197138
0.02,193918
0.02,189400
0.02,191377
0.02,189630
0.02,194722
0.02,202834
0.02,174426
0.02,175459
0.02,175680
0.02,177515
0.02,174403
0.02,172865
0.02,172390
0.02,170896
0.02,171625
0.02,171904
0.02,173649
0.02,172879
0.02,173677
0.02,170015
0.02,168782
0.02,167382
0.02,166531
0.02,164789
0.02,163560
0.02,161864
0.02,160554
0.02,159457
0.02,159640
0.02,160971
0.02,159092
0.02,158082
0.02,157417
0.02,157877
0.02,156528
0.02,155767
0.02,155009
0.02,154283
0.02,153571
0.02,153163
0.02,154441
0.02,152531
0.02,152216
0.02,151615
0.02,151033
0.02,150490
0.02,149729
0.02,149280
0.02,148937
0.02,149842
0.02,150777
0.02,148833
0.02,148851
0.02,149756
0.02,150691
0.02,148365
0.02,148094
0.02,147876
0.02,147692
0.02,150300
0.02,152289
0.02,152671
0.02,153304
0.02,154613
0.02,156878
0.02,156944
0.02,158647
0.02,162878
0.02,160283
0.02,157810
0.02,160491
0.02,158589
0.02,158024
0.02,157781
0.02,156562
0.02,154123
0.02,152285
0.02,152771
0.02,152494
0.02,155439
0.02,156005
0.02,154289
0.02,160170
0.02,168725
0.02,169217
0.02,170989
0.02,173202
0.02,174788
0.02,173120
0.02,178373
0.02,192192
0.02,173926
0.02,161898
0.02,162425
0.02,163654
0.02,160674
0.02,159593
0.02,157269
0.02,159081
0.02,157789
0.02,159324
0.02,161561
0.02,156143
0.02,153578
0.02,151880
0.02,151786
0.02,150237
0.02,149086
0.02,148237
0.02,148389
0.02,147570
0.02,147453
0.02,147252
0.02,147185
0.02,146845
0.02,147275
0.02,150406
0.02,152678
0.02,155333
0.02,155956
0.02,153470
0.02,153517
0.02,158887
0.02,160465
0.02,165669
0.02,165097
0.02,158209
0.02,157579
0.02,156441
0.02,157405
0.02,159590
0.02,162885
0.02,159190
0.02,156781
0.02,163174
0.02,177349
0.02,159082
0.02,151882
0.02,150081
0.02,148246
0.02,146783
0.02,148433
0.02,151160
0.02,153591
0.02,152763
0.02,152417
0.02,156632
0.02,156160
0.02,158168
0.02,164534
0.02,165988
0.02,161356
0.02,158161
0.02,157789
0.02,156513
0.02,157741
0.02,158947
0.02,162513
0.02,159342
0.02,153924
0.02,155905
0.02,170411
0.02,156445
0.02,147663
0.02,148149
0.02,145632
0.02,145603
0.02,145410
0.02,145384
0.02,145159
0.02,144908
0.02,144839
