0.00,662067
0.00,634575
0.00,634986
0.00,651180
0.00,617516
0.00,632807
0.00,618035
0.00,617055
0.00,591659
0.00,589962
0.00,581363
0.00,560294
0.00,548977
0.00,540609
0.00,527256
0.00,520391
0.00,505641
0.00,504226
0.00,499012
0.00,489909
0.00,496679
0.00,475140
0.00,473147
0.00,460536
0.00,445411
0.00,451029
0.00,448440
0.00,455777
0.00,457914
0.00,450677
0.00,450682
0.00,462127
0.00,434291
0.00,428384
0.00,427989
0.00,419540
0.00,417535
0.00,417788
0.00,410678
0.00,410007
0.00,409207
0.00,397597
0.00,389261
0.00,379613
0.00,378172
0.00,380315
0.00,369560
0.00,367422
0.00,360718
0.00,357529
0.00,363060
0.00,365274
0.00,357381
0.00,345779
0.00,346103
0.00,342656
0.00,340047
0.00,341207
0.00,336687
0.01,337727
0.01,342583
0.01,348509
0.01,345108
0.01,349469
0.01,352472
0.01,369819
0.01,353881
0.01,347182
0.01,342129
0.01,344108
0.01,348683
0.01,339137
0.01,335735
0.01,323836
0.01,326148
0.01,329976
0.01,334021
0.01,329850
0.01,321012
0.01,320401
0.01,319408
0.01,317798
0.01,319177
0.01,318258
0.01,319247
0.01,309400
0.01,310316
0.01,312628
0.01,316456
0.01,320501
0.01,316330
0.01,313807
0.01,307749
0.01,303695
0.01,305111
0.01,305903
0.01,308676
0.01,295517
0.01,293343
0.01,285240
0.01,287088
0.01,281495
0.01,275982
0.01,276909
0.01,276419
0.01,272816
0.01,274303
0.01,281543
0.01,281515
0.01,282600
0.01,282682
0.01,283446
0.01,280915
0.01,272128
0.01,276791
0.01,278122
0.01,280370
0.01,284278
0.01,299321
0.01,285611
0.01,277503
0.01,275489
0.01,274519
0.01,268369
0.01,268547
0.01,260876
0.01,256426
0.01,260755
0.01,256607
0.01,258946
0.01,255526
0.01,255793
0.01,258811
0.01,260389
0.01,259214
0.01,254949
0.01,256134
0.01,257403
0.01,262190
0.01,267965
0.01,263406
0.01,261230
0.01,264894
0.01,259696
0.01,254740
0.01,257354
0.01,259629
0.01,266524
0.01,264333
0.01,254501
0.01,248496
0.01,250404
0.01,250384
0.01,255768
0.01,252912
0.01,254373
0.01,257480
0.01,261707
0.01,261958
0.01,251611
0.01,253303
0.01,257957
0.01,256437
0.01,259204
0.01,260447
0.01,264597
0.01,265743
0.01,282277
0.01,273038
0.01,265913
0.01,265276
0.01,264452
0.01,256045
0.01,259746
0.01,260509
0.01,252466
0.01,253309
0.01,255037
0.01,257592
0.01,256445
0.01,245663
0.01,247769
0.01,256443
0.01,252807
0.01,246990
0.01,242147
0.01,238026
0.01,235015
0.01,234860
0.01,234625
0.01,241837
0.01,236655
0.01,228427
0.01,231787
0.01,235705
0.01,235329
0.01,236513
0.01,243069
0.01,244064
0.01,241538
0.01,235922
0.01,243997
0.01,242174
0.01,243277
0.01,247161
0.01,256158
0.01,232883
0.01,236667
0.01,229413
0.01,224715
0.01,230031
0.01,229025
0.01,223933
0.01,226879
0.01,225342
0.01,223251
0.01,219820
0.01,223480
0.01,235150
0.01,215782
0.01,213523
0.01,211546
0.01,208417
0.01,205337
0.01,208298
0.01,204540
0.01,205359
0.01,202139
0.01,204178
0.01,206281
0.01,211021
0.01,215500
0.01,218599
0.01,219494
0.01,213980
0.01,212769
0.01,207856
0.01,207073
0.01,208283
0.01,213722
0.01,213559
0.01,214204
0.01,218415
0.01,223372
0.01,225871
0.01,224331
0.01,237269
0.01,221801
0.01,218627
0.01,217965
0.01,214306
0.01,213317
0.01,217715
0.01,213071
0.01,210873
0.01,206427
0.01,200580
0.01,201519
0.01,201896
0.01,202495
0.01,196550
0.01,205889
0.01,201339
0.01,197654
0.01,197825
0.01,195187
0.01,195089
0.01,195219
0.01,195211
0.01,197528
0.01,198690
0.01,200864
0.01,205718
0.01,202849
0.01,198580
0.01,198478
0.01,199651
0.01,201079
0.01,201680
0.01,202885
0.01,204178
0.01,203746
0.01,204518
0.01,203841
0.01,203941
0.01,204817
0.01,203391
0.01,199251
0.01,196632
0.01,194695
0.01,200830
0.01,203711
0.01,206407
0.01,211113
0.01,216924
0.01,217726
0.01,218759
0.01,237277
0.01,224397
0.01,221227
0.01,218127
0.01,213535
0.01,209074
0.01,203236
0.01,198528
0.01,199440
0.01,198354
0.01,200422
0.01,200618
0.01,199078
0.01,194357
0.01,193469
0.01,198344
0.01,195699
0.01,190617
0.01,191469
0.01,190752
0.01,190369
0.01,191657
0.01,187827
0.01,186623
0.01,187700
0.01,189857
0.01,187097
0.01,188130
0.01,187390
0.01,185803
0.01,185350
0.01,186760
0.01,188049
0.01,183190
0.01,180250
0.01,181494
0.01,178261
0.01,177176
0.01,175293
0.01,173680
0.01,173503
0.01,172165
0.01,171015
0.02,169823
0.02,168646
0.02,170389
0.02,170438
0.02,167865
0.02,170694
0.02,170429
0.02,171448
0.02,168558
0.02,166895
0.02,167685
0.02,170150
0.02,168923
0.02,168917
0.02,165614
0.02,166362
0.02,164745
0.02,164114
0.02,163808
0.02,162927
0.02,162138
0.02,161801
0.02,161029
0.02,160020
0.02,159319
0.02,159428
0.02,158779
0.02,158361
0.02,157742
0.02,157664
0.02,156483
0.02,159157
0.02,155490
0.02,156650
0.02,155403
0.02,155429
0.02,156024
0.02,154509
0.02,153973
0.02,153450
0.02,152944
0.02,152495
0.02,153352
0.02,153222
0.02,152092
0.02,151745
0.02,151084
0.02,150858
0.02,150633
0.02,149655
0.02,149291
0.02,149073
0.02,148860
0.02,148661
0.02,147888
0.02,147704
0.02,147579
0.02,147249
0.02,152465
0.02,147151
0.02,154169
0.02,155679
0.02,153607
0.02,153631
0.02,154401
0.02,155190
0.02,154285
0.02,150155
0.02,147867
0.02,146400
0.02,146515
0.02,146681
0.02,149023
0.02,148160
0.02,145833
0.02,149863
0.02,151224
0.02,152460
0.02,153264
0.02,155110
0.02,160684
0.02,158979
0.02,157439
0.02,158324
0.02,156917
0.02,157093
0.02,154882
0.02,153229
0.02,153024
0.02,153552
0.02,153618
0.02,153607
0.02,153677
0.02,158048
0.02,159855
0.02,157456
0.02,160360
0.02,159910
0.02,161361
0.02,165034
0.02,167787
0.02,168340
0.02,174035
0.02,188182
0.02,170706
0.02,168387
0.02,169082
0.02,164471
0.02,159582
0.02,161640
0.02,157920
0.02,157249
0.02,156285
0.02,154157
0.02,153388
0.02,153278
0.02,153748
0.02,156442
0.02,151670
0.02,149684
0.02,148640
0.02,147476
0.02,146277
0.02,145517
0.02,144816
0.02,147934
0.02,149286
0.02,151070
0.02,152181
0.02,153829
0.02,158621
0.02,158195
0.02,157945
0.02,155415
0.02,154063
0.02,155518
0.02,152856
0.02,153839
0.02,152913
0.02,150586
0.02,150461
0.02,151557
0.02,151040
0.02,155597
0.02,158934
0.02,157909
0.02,160851
0.02,159944
0.02,161466
0.02,164945
0.02,165675
0.02,167593
0.02,176280
0.02,189913
0.02,171354
0.02,167928
0.02,166750
0.02,162455
0.02,159783
0.02,161225
0.02,156734
0.02,156205
0.02,153459
0.02,151789
0.02,153312
0.02,153823
0.02,154470
0.02,157424
0.02,152000
0.02,149055
0.02,148196
0.02,147854
0.02,146483
0.02,144948
0.02,144777
0.02,144120
0.02,143464
0.02,143308
0.02,143272
