0.00, 712317
0.00, 703527
0.00, 701463
0.00, 701100
0.00, 699382
0.00, 698528
0.00, 697747
0.00, 696564
0.00, 694192
0.00, 692509
0.00, 691642
0.00, 691354
0.00, 691330
0.00, 669581
0.00, 669521
0.00, 667481
0.00, 659084
0.00, 655455
0.00, 655392
0.00, 654201
0.01, 651615
0.01, 651075
0.01, 650399
0.01, 648053
0.01, 645576
0.01, 644876
0.01, 643625
0.01, 642718
0.01, 642655
0.01, 632192
0.01, 630735
0.01, 629809
0.01, 628559
0.01, 623292
0.01, 619869
0.02, 616917
0.03, 614508
0.03, 612920
0.03, 612597
0.03, 612438
0.03, 612136
0.03, 605882
0.03, 605263
0.03, 595900
0.05, 594369
0.05, 594154
0.05, 591517
0.05, 582868
0.05, 580220
0.05, 578484
0.14, 577382
0.14, 575362
0.14, 574691
0.14, 572400
0.15, 571457
0.15, 569569
0.17, 560322
0.17, 559654
0.23, 557430
0.23, 546384
0.23, 544987
0.23, 543322
0.23, 542419
0.23, 537220
0.30, 536857
0.30, 528150
0.30, 525906
0.30, 525821
0.30, 523532
0.30, 516270
0.30, 513607
0.34, 507508
0.34, 505644
0.34, 495928
0.34, 492959
0.36, 487332
0.36, 486072
0.39, 486013
0.39, 484887
0.39, 476196
0.39, 474800
0.39, 469541
0.39, 464538
0.39, 461902
0.39, 451913
0.46, 449872
0.46, 448803
0.46, 444613
0.46, 443858
0.46, 443083
0.46, 440470
0.46, 439854
0.50, 436728
0.50, 433843
0.50, 433077
0.50, 427634
0.50, 424178
0.50, 419889
0.50, 419660
0.50, 419129
0.50, 418947
0.50, 418366
0.50, 415593
0.50, 413537
0.50, 410706
0.50, 410598
0.50, 408312
0.56, 406967
0.56, 406671
0.56, 401894
0.56, 401840
0.56, 401479
0.56, 399764
0.57, 394903
0.57, 392265
0.57, 391753
0.57, 390381
0.58, 389438
0.59, 389042
0.60, 388726
0.60, 383888
0.60, 383533
0.61, 381032
0.61, 379827
0.62, 377980
0.62, 372453
0.62, 368123
0.62, 368039
0.63, 352909
0.63, 351467
0.63, 349347
0.63, 348318
0.63, 347756
0.63, 345597
0.63, 343456
0.63, 342986
0.63, 342904
0.63, 341161
0.63, 340907
0.63, 334890
0.63, 334866
0.67, 334457
0.68, 334428
0.68, 334038
0.68, 333454
0.68, 332689
0.68, 332133
0.68, 330240
0.70, 329991
0.70, 328067
0.70, 327516
0.70, 326407
0.70, 324327
0.70, 323648
0.70, 322776
0.71, 322691
0.71, 320636
0.71, 317481
0.71, 317020
0.71, 314508
0.71, 314079
0.71, 313528
0.71, 311656
0.71, 311564
0.71, 311240
0.71, 310455
0.71, 308633
0.71, 308384
0.73, 307957
0.73, 307018
0.73, 306589
0.73, 304002
0.73, 303110
0.73, 302867
0.73, 301935
0.73, 300213
0.73, 300084
0.73, 299000
0.73, 298982
0.73, 296916
0.73, 295627
0.76, 292891
0.76, 290982
0.76, 289617
0.76, 288695
0.76, 288459
0.77, 288370
0.79, 287980
0.79, 285910
0.79, 284093
0.79, 283872
0.79, 283787
0.79, 281948
0.79, 278245
0.79, 278139
0.79, 277096
0.79, 275681
0.79, 275079
0.79, 274568
0.79, 273580
0.79, 273059
0.79, 271271
0.79, 270192
0.79, 269945
0.79, 266426
0.79, 265990
0.79, 264898
0.79, 263118
0.79, 263064
0.79, 260823
0.79, 259915
0.79, 259629
0.79, 259115
0.79, 258492
0.79, 256975
0.80, 256548
0.84, 251732
0.84, 250633
0.84, 248443
0.84, 248170
0.84, 246915
0.84, 246910
0.87, 246635
0.87, 242531
0.87, 241899
0.87, 240982
0.87, 238942
0.87, 238685
0.87, 238311
0.87, 237705
0.87, 236402
0.87, 234455
0.87, 233035
0.87, 230737
0.87, 228841
0.87, 227095
0.87, 227076
0.87, 226878
0.87, 225892
0.87, 225736
0.87, 224563
0.87, 224339
0.87, 223523
0.92, 222848
0.92, 222787
0.92, 222109
0.92, 221684
0.92, 221078
0.92, 220980
0.92, 219984
0.92, 219807
0.92, 219796
0.92, 219447
0.92, 219184
0.92, 218828
0.92, 218782
0.92, 215631
0.93, 215271
0.93, 213656
0.93, 213198
0.93, 212597
0.94, 210939
0.94, 210846
0.94, 209690
0.94, 209333
0.94, 208753
0.94, 207694
0.94, 206815
0.94, 205775
0.94, 204713
0.94, 203273
0.94, 202996
0.94, 202088
0.94, 202078
0.94, 201928
0.94, 201766
0.95, 200778
0.95, 200727
0.95, 200401
0.95, 198268
0.95, 196758
0.95, 196148
0.95, 194163
0.95, 193959
0.95, 193821
0.98, 192080
0.98, 191401
0.98, 190782
0.98, 190384
0.98, 189460
0.98, 188802
0.98, 188408
0.98, 188199
1.00, 187832
1.01, 187228
1.01, 186621
1.02, 184448
1.02, 184406
1.02, 183396
1.02, 182469
1.02, 182033
1.02, 181336
1.02, 181327
1.02, 180868
1.04, 180770
1.04, 180364
1.04, 180210
1.04, 179983
1.04, 179809
1.04, 178461
1.04, 177016
1.04, 175405
1.04, 175335
1.04, 175297
1.04, 173366
1.04, 172972
1.04, 171879
1.08, 171722
1.08, 171282
1.08, 170488
1.08, 170046
1.08, 169581
1.08, 168332
1.08, 166000
1.08, 165232
1.08, 164912
1.08, 164049
1.08, 163871
1.08, 163601
1.08, 163462
1.08, 163222
1.08, 163192
1.08, 162826
1.11, 161993
1.11, 161415
1.11, 161400
1.11, 159974
1.14, 158490
1.14, 158362
1.14, 158358
1.14, 158308
1.14, 158140
1.14, 157460
1.14, 156459
1.14, 156289
1.16, 156114
1.18, 155272
1.18, 154945
1.18, 154921
1.18, 154428
1.18, 154213
1.18, 154103
1.19, 153929
1.19, 153811
1.19, 153738
1.19, 151637
1.19, 150902
1.19, 150757
1.19, 150490
1.20, 150465
1.24, 150432
1.24, 150175
1.24, 149910
1.24, 149855
1.24, 149781
1.24, 148923
1.24, 148754
1.24, 147329
1.24, 147116
1.24, 146938
1.24, 146089
1.26, 146027
1.27, 145790
1.27, 144966
1.28, 144631
1.28, 144422
1.28, 143093
1.28, 143042
1.30, 142950
1.30, 142588
1.30, 142284
1.30, 142229
1.30, 141731
1.30, 141433
1.30, 141239
1.35, 141146
1.35, 140928
1.38, 140638
1.38, 140475
1.38, 139844
1.38, 139786
1.38, 139752
1.39, 139430
1.39, 139402
1.39, 138803
1.39, 138753
1.39, 138504
1.39, 137833
1.39, 137687
1.39, 137416
1.41, 137170
1.48, 136937
1.48, 136706
1.48, 136564
1.48, 136380
1.48, 136149
1.48, 136125
1.49, 136104
3.30, 136030
3.30, 135316
3.30, 135313
3.30, 135122
3.30, 134777
3.30, 134325
3.38, 134224
3.38, 134211
3.38, 133895
3.38, 133677
3.46, 133627
3.47, 133409
3.47, 133354
3.53, 133282
3.53, 133143
3.54, 133078
3.55, 132959
7.18, 132866
7.18, 132849
7.19, 132836
7.19, 132755
7.19, 132738
7.24, 132709
