0.00, 704014
0.00, 696549
0.00, 692759
0.00, 687617
0.00, 683315
0.00, 680888
0.01, 679823
0.01, 679580
0.01, 677366
0.01, 676323
0.01, 674959
0.01, 674446
0.01, 670200
0.01, 667950
0.01, 667044
0.01, 666025
0.01, 665639
0.01, 664912
0.01, 660821
0.01, 660383
0.01, 656275
0.01, 655807
0.01, 650903
0.01, 642096
0.01, 639540
0.01, 638718
0.01, 632581
0.01, 631730
0.01, 630184
0.01, 629120
0.02, 628624
0.02, 616955
0.02, 613821
0.02, 608868
0.02, 603210
0.02, 599279
0.05, 598952
0.05, 594616
0.05, 589852
0.07, 587865
0.07, 584575
0.07, 582823
0.07, 574847
0.07, 571333
0.16, 566727
0.17, 564858
0.17, 562952
0.17, 558570
0.17, 556336
0.17, 552990
0.21, 552590
0.21, 548487
0.21, 547338
0.21, 541455
0.21, 539856
0.29, 537789
0.29, 533037
0.29, 529733
0.29, 525319
0.29, 523158
0.30, 521526
0.30, 521443
0.30, 520401
0.30, 516383
0.30, 514339
0.30, 509532
0.35, 506344
0.35, 503773
0.35, 502652
0.35, 498865
0.35, 498267
0.39, 497016
0.39, 494421
0.39, 492918
0.39, 488017
0.39, 487759
0.39, 484896
0.39, 482573
0.39, 481865
0.39, 479819
0.39, 478933
0.39, 477380
0.39, 475179
0.39, 474908
0.39, 472939
0.39, 466363
0.39, 465836
0.40, 462339
0.40, 461423
0.46, 460290
0.46, 458813
0.46, 456464
0.46, 452073
0.48, 451077
0.48, 449489
0.48, 449044
0.48, 447340
0.48, 445571
0.49, 442921
0.49, 441949
0.49, 439603
0.50, 439096
0.50, 435659
0.50, 432959
0.50, 430185
0.50, 429441
0.50, 429193
0.50, 426154
0.51, 426087
0.51, 425815
0.51, 417581
0.51, 412019
0.54, 411065
0.54, 405010
0.55, 402532
0.55, 401173
0.55, 398140
0.55, 392733
0.55, 392272
0.55, 392024
0.56, 391888
0.56, 391497
0.56, 389231
0.56, 387833
0.56, 385884
0.56, 385620
0.57, 380740
0.57, 380367
0.57, 377389
0.57, 375271
0.57, 374468
0.57, 373859
0.57, 372948
0.57, 372062
0.57, 371299
0.57, 369816
0.62, 367409
0.62, 366428
0.62, 363033
0.63, 357761
0.63, 349273
0.63, 348873
0.63, 348081
0.63, 347205
0.65, 343467
0.65, 342137
0.65, 340133
0.67, 339582
0.67, 338175
0.68, 337489
0.68, 336884
0.68, 336244
0.68, 334663
0.70, 334142
0.70, 330958
0.70, 325270
0.70, 322873
0.70, 321431
0.71, 318815
0.71, 318656
0.71, 318506
0.71, 317794
0.71, 317353
0.71, 316480
0.71, 314470
0.73, 314451
0.73, 314238
0.73, 313545
0.73, 312679
0.73, 310608
0.73, 310142
0.73, 309411
0.73, 308875
0.73, 308694
0.73, 308176
0.73, 306654
0.73, 306471
0.73, 305304
0.73, 302773
0.73, 302643
0.73, 301920
0.73, 301640
0.73, 300207
0.73, 299312
0.73, 295543
0.73, 295253
0.73, 293948
0.73, 289721
0.73, 289335
0.73, 288716
0.73, 284763
0.73, 284029
0.73, 283468
0.73, 283152
0.73, 283055
0.78, 281284
0.78, 281279
0.78, 280890
0.78, 280247
0.78, 279667
0.78, 276495
0.78, 274922
0.78, 273548
0.78, 269035
0.78, 268817
0.78, 268809
0.78, 268150
0.78, 266842
0.78, 266705
0.81, 266528
0.81, 262673
0.81, 261162
0.81, 260405
0.81, 258991
0.81, 258528
0.81, 258218
0.81, 258209
0.81, 255954
0.81, 255439
0.81, 254344
0.81, 251971
0.81, 251096
0.81, 250235
0.82, 248796
0.83, 247106
0.86, 246249
0.86, 245701
0.86, 244337
0.86, 241273
0.86, 239587
0.86, 238890
0.86, 238311
0.86, 237929
0.86, 233899
0.86, 231809
0.86, 231006
0.87, 228258
0.87, 226451
0.87, 225422
0.87, 225387
0.89, 223226
0.89, 221520
0.92, 220076
0.92, 219554
0.92, 218955
0.92, 217481
0.92, 216029
0.92, 215976
0.92, 215609
0.92, 212996
0.92, 212842
0.92, 212350
0.92, 211508
0.92, 211461
0.92, 209984
0.92, 209580
0.92, 208847
0.92, 206361
0.92, 205574
0.92, 205339
0.92, 205219
0.96, 205132
0.96, 203867
0.96, 203130
0.96, 202613
0.96, 202329
0.96, 202154
0.96, 201508
0.96, 199368
0.96, 199225
0.96, 198979
0.96, 198490
0.97, 198454
0.97, 198020
0.97, 197556
0.97, 196128
0.97, 195161
0.97, 194887
0.97, 194405
0.97, 194120
0.97, 192044
0.99, 191520
0.99, 191095
0.99, 190218
0.99, 188934
0.99, 187771
1.00, 187372
1.00, 186424
1.00, 186361
1.00, 186231
1.00, 185667
1.00, 184807
1.00, 184447
1.00, 184312
1.00, 182581
1.00, 182506
1.00, 181406
1.00, 181198
1.00, 180377
1.00, 178808
1.00, 177961
1.00, 177714
1.04, 177225
1.04, 176469
1.04, 175839
1.05, 175805
1.05, 175612
1.05, 174792
1.05, 173952
1.05, 173929
1.05, 173327
1.05, 172604
1.06, 172544
1.06, 172369
1.06, 171912
1.06, 171560
1.06, 171131
1.07, 170992
1.07, 170871
1.09, 170851
1.09, 169971
1.09, 169664
1.09, 169213
1.09, 168750
1.09, 168734
1.09, 168192
1.09, 167641
1.09, 167466
1.10, 167092
1.10, 166956
1.10, 166819
1.10, 166707
1.10, 164312
1.10, 163997
1.10, 162730
1.10, 161326
1.11, 161165
1.11, 160832
1.12, 160465
1.12, 160340
1.13, 159469
1.13, 159190
1.13, 158127
1.13, 157284
1.13, 157159
1.13, 157063
1.15, 156912
1.15, 156740
1.15, 155536
1.15, 155288
1.15, 154668
1.15, 154270
1.15, 153905
1.16, 153826
1.16, 153244
1.16, 152473
1.16, 151750
1.16, 151299
1.16, 151231
1.16, 151093
1.16, 150550
1.17, 150094
1.17, 149944
1.17, 149921
1.17, 149225
1.17, 149127
1.17, 148840
1.17, 148711
1.17, 148551
1.17, 148541
1.17, 148358
1.17, 147679
1.17, 147441
1.17, 146120
1.17, 145646
1.17, 145386
1.22, 145262
1.22, 144709
1.22, 144475
1.22, 143681
1.23, 143627
1.23, 143312
1.23, 142439
1.23, 142002
1.23, 141540
1.23, 140376
1.23, 140203
1.23, 139987
1.23, 139858
1.24, 139787
1.24, 139265
1.24, 138879
1.24, 138592
1.25, 138146
1.25, 138091
1.25, 137674
1.25, 137260
1.25, 137246
1.29, 136832
1.30, 136653
1.34, 136505
1.34, 136321
1.37, 136009
1.38, 135903
1.38, 135488
1.40, 135126
1.40, 134805
1.40, 134724
1.40, 134669
1.43, 134610
1.43, 134607
1.46, 134539
1.46, 134312
1.47, 134149
1.47, 134062
1.51, 133901
1.52, 133769
1.52, 133456
1.53, 133406
1.53, 133351
1.54, 133225
1.58, 133192
1.58, 133142
1.58, 133046
1.65, 133000
