0.01, 729718
0.01, 728429
0.01, 723464
0.01, 721842
0.01, 719841
0.01, 716259
0.01, 710232
0.01, 709368
0.01, 708953
0.01, 708127
0.01, 704526
0.01, 703947
0.01, 698471
0.01, 695676
0.01, 694215
0.01, 678201
0.01, 669956
0.01, 668728
0.01, 668685
0.01, 666582
0.01, 665123
0.01, 663393
0.01, 657769
0.01, 655964
0.01, 655767
0.01, 653478
0.01, 651809
0.01, 649211
0.01, 649121
0.01, 648560
0.01, 644283
0.01, 643073
0.01, 641902
0.01, 637517
0.01, 637257
0.01, 637046
0.01, 636153
0.01, 631125
0.01, 630371
0.01, 627829
0.01, 627392
0.01, 626664
0.01, 626564
0.01, 625802
0.01, 622867
0.01, 620628
0.01, 618104
0.01, 617522
0.01, 615213
0.01, 612821
0.01, 611928
0.01, 611836
0.01, 608692
0.01, 600379
0.01, 596116
0.01, 594317
0.01, 594142
0.01, 593779
0.02, 592919
0.02, 580385
0.02, 567359
0.02, 567202
0.02, 565436
0.02, 564268
0.02, 560597
0.14, 559747
0.14, 559726
0.14, 559300
0.14, 551561
0.14, 550828
0.14, 550094
0.14, 548543
0.18, 547013
0.18, 546629
0.18, 542524
0.24, 541557
0.24, 537376
0.24, 534441
0.24, 526779
0.26, 515663
0.26, 512313
0.33, 511938
0.33, 511620
0.33, 511243
0.33, 510176
0.33, 499148
0.33, 497400
0.33, 494603
0.33, 492666
0.33, 491012
0.33, 486578
0.35, 483782
0.35, 477606
0.35, 474164
0.35, 463329
0.35, 459252
0.35, 459038
0.44, 457625
0.44, 457152
0.44, 451913
0.44, 451911
0.44, 451155
0.44, 449504
0.44, 448891
0.44, 445872
0.49, 444365
0.49, 442724
0.49, 440049
0.49, 438944
0.49, 438680
0.49, 434922
0.50, 429690
0.50, 423797
0.50, 423163
0.50, 423054
0.50, 422949
0.50, 421449
0.50, 420669
0.53, 417422
0.53, 413830
0.53, 413133
0.53, 412755
0.53, 410375
0.53, 408871
0.54, 407809
0.54, 407272
0.54, 404931
0.54, 398824
0.55, 398818
0.55, 397588
0.55, 396055
0.55, 391276
0.55, 390413
0.55, 389944
0.55, 388311
0.55, 387869
0.55, 387449
0.55, 387360
0.58, 383157
0.59, 382220
0.59, 379600
0.59, 377529
0.59, 376316
0.62, 374095
0.62, 371907
0.62, 368434
0.62, 368336
0.62, 365385
0.62, 364776
0.62, 364379
0.62, 362456
0.62, 353749
0.65, 351259
0.65, 350417
0.65, 348141
0.67, 346609
0.67, 346457
0.67, 346413
0.67, 343733
0.67, 342496
0.67, 342379
0.67, 342224
0.67, 342021
0.67, 341045
0.67, 340261
0.68, 339734
0.68, 337761
0.68, 333595
0.68, 332621
0.68, 332593
0.68, 332362
0.69, 329902
0.69, 328171
0.69, 327934
0.69, 326695
0.70, 325191
0.70, 323656
0.71, 321353
0.71, 318073
0.71, 316146
0.71, 313824
0.71, 313129
0.71, 308144
0.71, 307316
0.71, 307118
0.71, 306114
0.71, 303275
0.71, 302633
0.71, 301450
0.71, 300670
0.73, 300299
0.73, 297268
0.73, 296563
0.73, 295730
0.75, 294932
0.75, 294768
0.75, 292397
0.75, 291689
0.76, 289389
0.76, 289292
0.76, 289247
0.76, 288097
0.76, 284087
0.76, 282956
0.76, 280308
0.76, 277492
0.76, 274126
0.76, 273143
0.76, 273063
0.79, 271603
0.79, 268945
0.79, 266186
0.79, 261652
0.82, 258969
0.82, 258185
0.82, 255440
0.83, 255077
0.83, 253592
0.83, 251449
0.83, 250248
0.83, 246247
0.83, 245835
0.83, 245828
0.85, 245763
0.85, 243596
0.85, 241569
0.85, 241401
0.85, 240495
0.85, 240427
0.85, 240233
0.85, 238104
0.85, 235564
0.85, 235023
0.85, 234619
0.85, 232847
0.85, 232638
0.85, 232369
0.85, 231544
0.85, 229771
0.85, 229749
0.85, 228772
0.85, 228672
0.85, 228618
0.88, 228322
0.89, 228201
0.89, 225955
0.90, 225649
0.91, 225623
0.91, 224304
0.91, 223427
0.91, 222876
0.91, 221279
0.91, 221178
0.91, 219198
0.91, 219084
0.91, 219070
0.93, 218544
0.93, 218252
0.93, 217759
0.93, 217630
0.93, 217177
0.93, 215844
0.93, 215717
0.93, 214486
0.93, 213825
0.94, 212530
0.94, 211555
0.94, 210976
0.94, 210751
0.94, 210320
0.94, 209905
0.94, 208379
0.94, 208201
0.95, 208182
0.95, 206684
0.95, 205860
0.95, 205853
0.95, 204789
0.95, 204116
0.95, 203900
0.95, 203599
0.95, 203384
0.95, 201691
0.95, 201656
0.95, 200304
0.95, 199668
0.95, 199636
0.95, 199600
0.95, 199105
0.95, 198397
0.95, 196602
0.95, 196387
0.98, 196003
0.98, 195959
0.98, 195762
0.98, 194607
0.98, 192733
0.98, 192295
0.98, 191832
0.98, 189186
1.02, 188167
1.03, 187842
1.03, 187543
1.03, 185871
1.03, 182773
1.03, 182032
1.03, 181433
1.03, 180248
1.03, 179343
1.03, 178469
1.03, 177644
1.03, 176633
1.03, 176561
1.03, 175200
1.03, 175118
1.03, 174069
1.03, 173862
1.03, 172793
1.06, 172603
1.06, 171916
1.06, 169696
1.10, 167306
1.10, 167091
1.10, 166908
1.10, 165904
1.10, 165554
1.10, 165479
1.10, 163442
1.10, 162579
1.10, 162441
1.10, 162436
1.10, 161587
1.10, 161078
1.10, 161054
1.10, 160854
1.10, 160430
1.10, 158547
1.10, 158362
1.12, 157602
1.12, 157066
1.12, 156848
1.12, 156748
1.12, 156435
1.12, 155789
1.12, 155653
1.12, 155643
1.12, 154771
1.12, 154653
1.12, 154383
1.12, 153979
1.12, 153898
1.15, 153465
1.15, 152498
1.15, 151793
1.15, 151751
1.15, 151741
1.15, 151207
1.17, 151146
1.17, 150755
1.17, 150710
1.17, 150358
1.17, 150305
1.17, 150251
1.17, 149008
1.22, 148819
1.22, 148678
1.22, 148321
1.22, 148122
1.22, 147746
1.22, 147340
1.22, 146782
1.22, 146608
1.24, 146495
1.24, 146311
1.24, 145981
1.24, 145622
1.24, 144956
1.24, 144253
1.24, 143935
1.24, 143831
1.24, 142753
1.24, 142739
1.24, 142133
1.24, 141977
1.24, 141250
1.24, 140782
1.24, 140747
1.25, 140735
1.25, 140510
1.25, 139701
1.25, 139503
1.25, 138912
1.35, 138440
1.36, 138383
1.36, 138315
1.38, 137877
1.38, 137691
1.38, 137655
1.39, 137508
1.39, 137405
1.39, 137393
1.39, 137392
1.39, 137391
1.41, 136618
1.41, 136565
1.41, 136275
1.44, 136227
1.44, 135571
1.44, 135373
1.44, 134971
1.45, 134895
1.45, 134643
1.45, 134541
1.45, 134318
1.45, 134301
1.56, 134228
1.59, 134162
1.59, 134145
6.81, 134071
6.81, 133943
6.83, 133675
6.83, 133484
6.89, 133464
6.92, 133455
6.96, 133386
6.96, 133202
