0.03, 751581
0.03, 749382
0.03, 746755
0.03, 746330
0.03, 744371
0.03, 737781
0.03, 734883
0.03, 733503
0.03, 732468
0.03, 726949
0.03, 723814
0.03, 720751
0.03, 720060
0.03, 714904
0.03, 710736
0.03, 705835
0.03, 705170
0.03, 701425
0.03, 693616
0.03, 693430
0.03, 688646
0.03, 686863
0.03, 683584
0.03, 675424
0.03, 675344
0.03, 675180
0.03, 665426
0.03, 663162
0.03, 662679
0.03, 656654
0.03, 631779
0.03, 630818
0.03, 630678
0.03, 625160
0.03, 619914
0.03, 614682
0.03, 612848
0.04, 589779
0.05, 589226
0.12, 588774
0.12, 578106
0.12, 576651
0.12, 575994
0.12, 575786
0.12, 572955
0.12, 558971
0.12, 555007
0.20, 547101
0.25, 543563
0.25, 543334
0.25, 536211
0.25, 534269
0.25, 533122
0.25, 529642
0.25, 529309
0.25, 524686
0.25, 523685
0.30, 521848
0.33, 520136
0.34, 512528
0.34, 511984
0.34, 509876
0.40, 508098
0.40, 504790
0.40, 503950
0.40, 501121
0.40, 499743
0.40, 497018
0.40, 496669
0.40, 496577
0.40, 489145
0.40, 485420
0.40, 485067
0.40, 484115
0.40, 483338
0.40, 481565
0.40, 479790
0.42, 478875
0.42, 478844
0.43, 473186
0.43, 463884
0.43, 461006
0.43, 460587
0.43, 452292
0.43, 450487
0.43, 450440
0.48, 448374
0.48, 448196
0.49, 445123
0.49, 441095
0.49, 437725
0.52, 431040
0.55, 430805
0.55, 428870
0.55, 427759
0.55, 425286
0.55, 424445
0.55, 424063
0.55, 423567
0.55, 406965
0.55, 398342
0.55, 394349
0.55, 389157
0.61, 387584
0.61, 386078
0.61, 385270
0.62, 384772
0.62, 383690
0.62, 379012
0.62, 377221
0.62, 376870
0.62, 376859
0.62, 376162
0.62, 375346
0.62, 374838
0.62, 374481
0.62, 370116
0.62, 369741
0.65, 368255
0.65, 367322
0.65, 367311
0.65, 366909
0.65, 366390
0.65, 366301
0.65, 365255
0.65, 365186
0.65, 363856
0.65, 363730
0.65, 361480
0.66, 361148
0.66, 356970
0.66, 356500
0.66, 353958
0.66, 353491
0.66, 353302
0.66, 353076
0.66, 352624
0.66, 344862
0.66, 344481
0.66, 344466
0.68, 342021
0.68, 341908
0.68, 341555
0.68, 340670
0.68, 340363
0.68, 337509
0.68, 334567
0.68, 332906
0.68, 330787
0.68, 329007
0.68, 325869
0.68, 324672
0.68, 323536
0.72, 320766
0.73, 320560
0.73, 320351
0.73, 319184
0.73, 318872
0.73, 318539
0.73, 317366
0.73, 314859
0.74, 313755
0.74, 313709
0.76, 313048
0.76, 312812
0.76, 306700
0.76, 306333
0.76, 306000
0.76, 305665
0.76, 304879
0.76, 296866
0.76, 294352
0.76, 294031
0.76, 292864
0.76, 291488
0.76, 290570
0.77, 289719
0.79, 288626
0.79, 286375
0.80, 286218
0.80, 283116
0.80, 281946
0.80, 280609
0.80, 280215
0.80, 279131
0.80, 268477
0.80, 268158
0.81, 266051
0.81, 263762
0.83, 263447
0.83, 259978
0.83, 259684
0.83, 259256
0.83, 258703
0.83, 257844
0.83, 257778
0.83, 254059
0.83, 254048
0.83, 250974
0.87, 246746
0.87, 244573
0.87, 244183
0.87, 243989
0.87, 243270
0.87, 242419
0.87, 241706
0.87, 240694
0.87, 240262
0.87, 239721
0.87, 239220
0.87, 239065
0.87, 238618
0.87, 237676
0.87, 237052
0.87, 236341
0.87, 235872
0.87, 235267
0.87, 234327
0.90, 234228
0.90, 233656
0.92, 233586
0.92, 231466
0.92, 230144
0.92, 228613
0.92, 228457
0.92, 227500
0.92, 225074
0.92, 224575
0.92, 224137
0.92, 223910
0.92, 223665
0.92, 219982
0.92, 219686
0.92, 219460
0.92, 217247
0.92, 216713
0.92, 215305
0.92, 215162
0.92, 211810
0.92, 210086
0.92, 208464
0.92, 207332
0.92, 204800
0.92, 201858
0.92, 201247
0.92, 200682
0.92, 197332
0.92, 196830
0.92, 195704
0.92, 194648
0.92, 193233
1.02, 192794
1.02, 191820
1.02, 191209
1.02, 190447
1.02, 190015
1.02, 189735
1.04, 188859
1.04, 188693
1.04, 188420
1.04, 188305
1.04, 187155
1.04, 186463
1.04, 185337
1.04, 185065
1.04, 184246
1.04, 183986
1.04, 183725
1.04, 183520
1.04, 182569
1.04, 181549
1.04, 180856
1.04, 180444
1.05, 180165
1.05, 180114
1.05, 179762
1.05, 179066
1.05, 178723
1.05, 178051
1.07, 177855
1.08, 176695
1.08, 176230
1.08, 176090
1.08, 175937
1.08, 174864
1.08, 174522
1.08, 173999
1.08, 173984
1.08, 173448
1.08, 172838
1.08, 170468
1.08, 169957
1.08, 169309
1.08, 169157
1.10, 169003
1.10, 168159
1.10, 167935
1.12, 167194
1.12, 166999
1.12, 166921
1.12, 166480
1.12, 164835
1.12, 164467
1.12, 164152
1.12, 163761
1.13, 163054
1.13, 162684
1.13, 161671
1.15, 160529
1.15, 160286
1.15, 160164
1.15, 160003
1.15, 159854
1.15, 159764
1.15, 159689
1.16, 159479
1.16, 159470
1.16, 158293
1.16, 157927
1.16, 157525
1.16, 157199
1.16, 156725
1.16, 156684
1.16, 156121
1.18, 156013
1.18, 155571
1.18, 155523
1.19, 155334
1.19, 155011
1.19, 155010
1.19, 154991
1.19, 154332
1.19, 154266
1.19, 153992
1.19, 152509
1.19, 152194
1.19, 151735
1.19, 151707
1.19, 151697
1.19, 151423
1.19, 151072
1.19, 150755
1.19, 150394
1.21, 150168
1.21, 149984
1.21, 149050
1.21, 148043
1.21, 147572
1.21, 147206
1.21, 146820
1.26, 146105
1.26, 146012
1.26, 145489
1.27, 144682
1.27, 143968
1.27, 143964
1.27, 143934
1.27, 143556
1.27, 143534
1.27, 143478
1.27, 143463
1.27, 143111
1.28, 142583
1.28, 141879
1.28, 141353
1.29, 141017
1.29, 140151
1.30, 139863
1.30, 139732
1.31, 139464
1.31, 139149
1.31, 138550
1.31, 138544
1.31, 138363
1.31, 137922
1.31, 137881
1.32, 137728
1.32, 137689
1.32, 137661
1.32, 137215
1.32, 136536
1.32, 136310
1.36, 135711
1.41, 135704
1.41, 135484
1.42, 135147
1.42, 134963
1.42, 134948
1.42, 134519
1.42, 134469
1.55, 134203
1.57, 134163
1.57, 134099
1.58, 133979
1.59, 133876
1.64, 133744
6.85, 133692
6.91, 133605
10.66, 133568
12.30, 133545
12.32, 133413
13.95, 133192
13.95, 133021
14.02, 133011
14.02, 132827
14.05, 132796
14.14, 132746
19.48, 132735
