0.00, 699112
0.00, 698114
0.00, 693929
0.00, 691226
0.00, 689624
0.00, 684464
0.01, 684082
0.01, 683898
0.01, 680456
0.01, 679557
0.01, 678601
0.01, 677853
0.01, 676185
0.01, 675771
0.01, 658330
0.01, 652362
0.01, 651427
0.01, 644889
0.01, 637970
0.01, 636444
0.01, 636086
0.01, 627653
0.01, 627328
0.01, 617809
0.01, 617730
0.01, 613176
0.01, 607458
0.01, 601274
0.01, 598861
0.03, 598730
0.03, 596891
0.03, 594973
0.03, 592386
0.03, 591890
0.08, 589978
0.08, 583121
0.08, 582876
0.10, 573045
0.11, 563589
0.11, 559897
0.11, 552038
0.11, 550929
0.11, 549389
0.11, 548256
0.11, 546615
0.23, 545234
0.23, 543253
0.23, 537558
0.23, 530607
0.30, 530606
0.30, 530117
0.30, 524123
0.30, 523288
0.32, 516469
0.32, 512634
0.32, 505386
0.32, 503667
0.32, 501971
0.32, 498110
0.36, 497414
0.36, 496972
0.37, 496382
0.37, 495877
0.37, 494222
0.37, 493019
0.37, 490513
0.38, 489344
0.40, 488831
0.40, 487174
0.40, 486948
0.40, 486609
0.40, 478942
0.40, 470694
0.40, 468848
0.46, 466107
0.46, 464665
0.47, 464412
0.47, 464139
0.47, 462739
0.47, 460812
0.47, 459908
0.47, 459772
0.47, 458973
0.47, 458920
0.47, 456329
0.47, 446628
0.47, 445055
0.47, 444280
0.49, 443168
0.50, 442943
0.50, 442205
0.50, 441766
0.50, 438475
0.50, 437686
0.51, 437364
0.51, 430763
0.52, 428456
0.53, 426956
0.53, 421220
0.53, 418940
0.53, 417570
0.53, 417459
0.53, 413024
0.53, 411972
0.53, 408102
0.53, 403262
0.56, 401305
0.56, 395618
0.56, 393784
0.56, 392702
0.59, 391491
0.59, 389610
0.59, 385683
0.59, 385672
0.59, 385417
0.59, 384657
0.59, 381678
0.60, 380400
0.60, 378994
0.60, 372125
0.60, 370880
0.60, 367929
0.60, 367153
0.60, 366490
0.60, 364563
0.60, 364311
0.60, 363918
0.63, 363906
0.63, 362049
0.63, 359949
0.63, 358606
0.63, 357465
0.64, 357373
0.64, 356912
0.65, 354037
0.65, 345388
0.65, 344523
0.65, 342047
0.65, 340184
0.65, 338633
0.65, 337262
0.65, 335192
0.68, 334420
0.68, 333893
0.68, 333586
0.68, 333369
0.68, 333084
0.68, 331608
0.68, 329785
0.68, 328870
0.68, 323835
0.68, 322727
0.68, 319761
0.68, 319750
0.68, 317647
0.68, 315678
0.68, 314097
0.68, 311781
0.68, 311779
0.68, 307617
0.68, 305766
0.68, 305730
0.68, 303093
0.74, 302950
0.74, 302328
0.74, 298392
0.74, 296032
0.74, 295026
0.74, 293864
0.75, 290495
0.78, 289208
0.78, 289089
0.78, 287210
0.78, 284067
0.78, 282036
0.78, 281207
0.78, 277741
0.78, 276905
0.78, 276866
0.78, 275929
0.78, 275818
0.80, 275418
0.80, 275370
0.80, 274891
0.80, 273610
0.80, 271011
0.80, 269632
0.80, 268152
0.80, 268015
0.80, 267248
0.81, 267207
0.81, 264450
0.81, 264246
0.81, 261464
0.81, 259984
0.81, 259063
0.81, 258364
0.81, 257873
0.81, 255557
0.81, 255351
0.81, 255166
0.82, 255048
0.82, 253241
0.82, 252689
0.82, 248441
0.82, 248430
0.82, 244977
0.86, 244764
0.86, 244610
0.86, 244461
0.86, 243585
0.86, 243303
0.86, 242925
0.86, 242864
0.86, 241043
0.86, 240284
0.89, 238586
0.89, 238103
0.89, 237642
0.89, 237529
0.89, 235636
0.89, 235033
0.89, 232972
0.89, 232587
0.89, 232191
0.89, 230828
0.89, 227019
0.89, 226802
0.89, 225863
0.89, 225830
0.89, 224911
0.89, 224460
0.89, 223329
0.89, 223172
0.90, 223043
0.92, 222960
0.92, 222720
0.92, 219708
0.92, 217498
0.92, 216961
0.92, 215803
0.92, 215792
0.92, 214728
0.92, 214162
0.92, 213337
0.92, 211875
0.92, 211717
0.92, 210867
0.92, 210785
0.92, 209023
0.92, 208984
0.92, 208972
0.92, 208701
0.92, 207899
0.92, 207255
0.92, 206970
0.92, 204539
0.92, 204401
0.92, 204142
0.97, 203740
0.97, 203560
0.97, 202998
0.97, 202772
0.97, 202490
0.97, 201451
0.97, 201101
0.97, 199873
0.97, 199836
0.97, 199288
0.97, 197881
0.97, 196368
0.97, 196071
0.97, 195202
0.97, 195117
0.97, 193268
0.97, 191864
0.98, 191578
0.98, 189570
0.98, 188132
0.98, 187975
0.98, 187947
0.98, 187843
0.98, 187486
0.98, 187067
0.98, 187050
1.00, 186583
1.00, 186275
1.00, 183048
1.00, 182124
1.00, 181308
1.00, 179467
1.00, 179286
1.00, 179232
1.00, 179048
1.00, 178185
1.00, 178130
1.00, 178068
1.00, 176787
1.00, 175146
1.08, 174509
1.08, 173840
1.08, 173339
1.08, 173267
1.08, 172587
1.08, 171845
1.08, 169789
1.08, 169759
1.09, 167782
1.09, 167371
1.09, 167302
1.09, 167230
1.09, 166733
1.09, 165435
1.09, 164757
1.09, 164426
1.09, 164314
1.09, 164256
1.09, 163843
1.11, 163682
1.11, 163217
1.11, 163045
1.11, 162241
1.11, 162023
1.11, 161762
1.11, 161627
1.11, 160874
1.11, 160516
1.11, 160440
1.16, 160234
1.16, 159281
1.16, 158890
1.16, 158587
1.16, 158422
1.16, 157765
1.17, 157400
1.17, 156644
1.17, 155907
1.17, 155878
1.17, 155371
1.17, 155110
1.17, 154845
1.17, 154674
1.17, 153125
1.17, 152453
1.17, 152178
1.17, 151983
1.17, 151956
1.17, 151945
1.17, 151762
1.19, 151144
1.19, 150242
1.20, 149981
1.20, 149556
1.22, 149539
1.26, 148649
1.26, 148275
1.26, 148169
1.26, 148010
1.26, 146159
1.26, 145766
1.26, 145603
1.26, 145576
1.26, 144808
1.27, 144718
1.27, 144237
1.27, 143950
1.27, 143422
1.27, 143387
1.27, 142945
1.27, 142590
1.27, 142332
1.27, 142181
1.27, 141746
1.27, 140669
1.27, 140410
1.27, 140341
1.27, 139920
1.27, 139858
1.27, 139712
1.29, 139601
1.29, 139049
1.29, 138553
1.29, 138495
1.29, 137819
1.29, 137686
1.29, 137339
1.30, 137302
1.30, 137276
1.30, 137197
1.30, 136848
1.30, 136321
1.30, 136263
1.43, 136158
1.43, 136145
1.44, 136087
1.46, 135764
1.46, 135695
1.48, 135651
1.49, 135488
1.49, 135281
1.50, 135167
1.50, 134941
1.50, 134872
9.01, 134632
9.01, 134518
9.05, 134444
9.05, 134172
9.05, 134068
9.05, 134053
9.05, 133885
9.05, 133701
9.16, 133653
9.20, 133583
9.23, 133578
9.24, 133528
9.30, 133523
9.30, 133473
12.51, 133409
12.51, 133118
12.64, 133096
12.64, 133050
12.64, 133000
