0.00, 766044
0.00, 760833
0.00, 754131
0.00, 746628
0.00, 745554
0.00, 744842
0.00, 737222
0.00, 737214
0.00, 733342
0.00, 730161
0.00, 729496
0.00, 727198
0.00, 719859
0.00, 715300
0.00, 714533
0.00, 714463
0.00, 713992
0.00, 708894
0.00, 706301
0.00, 706199
0.00, 702048
0.00, 691487
0.01, 690789
0.01, 688755
0.01, 681580
0.01, 679755
0.01, 673359
0.01, 670154
0.01, 669129
0.01, 663434
0.01, 643677
0.01, 642203
0.01, 638367
0.01, 638021
0.01, 634719
0.01, 633305
0.01, 630595
0.01, 628637
0.01, 628148
0.02, 628013
0.02, 627224
0.02, 627158
0.02, 625894
0.02, 621654
0.02, 612203
0.03, 605687
0.03, 603300
0.03, 596727
0.04, 596355
0.04, 596154
0.04, 595720
0.04, 594085
0.06, 590741
0.06, 589610
0.07, 588941
0.07, 585094
0.07, 582901
0.07, 581608
0.07, 578984
0.07, 578005
0.08, 577982
0.08, 573833
0.08, 564742
0.08, 563874
0.19, 562748
0.19, 560091
0.19, 559673
0.19, 556430
0.19, 551889
0.19, 549438
0.19, 543423
0.24, 542496
0.24, 537988
0.24, 536373
0.24, 532726
0.24, 531004
0.24, 530582
0.24, 530157
0.24, 526629
0.24, 526233
0.31, 525635
0.31, 524205
0.31, 522814
0.33, 522658
0.33, 521170
0.33, 514351
0.36, 514034
0.36, 511014
0.36, 506382
0.36, 503770
0.36, 501574
0.36, 501544
0.37, 498988
0.39, 496636
0.39, 493391
0.40, 490704
0.40, 489987
0.40, 489200
0.40, 484316
0.40, 478880
0.43, 472660
0.43, 470084
0.43, 467447
0.43, 459961
0.43, 457861
0.43, 456081
0.47, 453152
0.47, 452663
0.47, 451242
0.47, 450339
0.47, 448356
0.48, 442228
0.48, 441876
0.50, 438035
0.51, 436948
0.51, 435922
0.51, 433293
0.51, 431491
0.51, 430473
0.51, 427405
0.51, 421726
0.51, 419267
0.51, 410753
0.51, 410346
0.51, 408163
0.51, 406614
0.51, 406361
0.51, 400633
0.55, 399291
0.55, 397552
0.57, 396940
0.57, 394863
0.57, 394719
0.57, 391131
0.57, 388839
0.58, 388207
0.60, 387301
0.60, 385234
0.60, 384952
0.60, 381750
0.60, 380844
0.60, 378232
0.60, 373655
0.60, 373285
0.60, 370618
0.61, 368390
0.61, 368113
0.63, 365428
0.63, 365381
0.63, 364302
0.63, 361517
0.63, 361481
0.66, 359933
0.66, 353459
0.66, 352547
0.66, 352178
0.66, 351853
0.66, 349493
0.66, 349202
0.66, 348707
0.67, 348502
0.67, 347401
0.67, 345447
0.67, 343685
0.67, 342516
0.67, 341369
0.67, 337587
0.67, 336410
0.67, 334731
0.67, 334238
0.67, 330626
0.67, 328704
0.67, 325586
0.67, 324513
0.67, 323466
0.67, 319327
0.67, 317653
0.67, 317474
0.73, 317294
0.73, 316792
0.73, 313494
0.73, 310857
0.73, 310099
0.73, 309093
0.75, 304162
0.75, 303066
0.75, 302891
0.75, 302075
0.75, 301972
0.75, 300507
0.75, 300475
0.75, 300054
0.75, 299377
0.75, 297885
0.75, 297863
0.75, 295132
0.75, 295021
0.75, 294692
0.75, 294543
0.75, 294072
0.75, 291187
0.75, 290812
0.78, 290318
0.78, 289863
0.78, 289605
0.78, 287076
0.78, 287066
0.78, 285977
0.78, 284922
0.78, 282744
0.78, 282657
0.78, 281164
0.78, 280886
0.78, 280613
0.79, 278712
0.79, 275823
0.79, 275418
0.79, 274759
0.79, 270832
0.79, 270726
0.79, 268755
0.80, 267091
0.80, 265907
0.80, 265670
0.80, 265566
0.81, 265113
0.81, 263498
0.81, 263459
0.81, 262549
0.81, 259853
0.81, 255357
0.82, 253995
0.82, 252701
0.82, 251903
0.82, 251758
0.82, 250924
0.82, 250883
0.82, 250522
0.82, 250342
0.85, 248116
0.85, 244791
0.85, 243755
0.86, 239802
0.86, 239495
0.86, 237899
0.86, 236674
0.86, 233995
0.88, 233396
0.88, 232015
0.88, 228152
0.89, 227134
0.89, 226596
0.91, 226555
0.91, 225990
0.91, 225380
0.91, 224405
0.91, 224383
0.91, 224066
0.91, 223609
0.91, 222819
0.91, 222297
0.91, 220934
0.91, 220643
0.92, 217410
0.92, 215771
0.92, 214992
0.92, 214956
0.92, 213780
0.92, 213375
0.92, 213136
0.92, 212403
0.94, 211651
0.94, 211357
0.95, 211157
0.95, 209830
0.95, 209348
0.95, 208902
0.95, 208784
0.95, 208656
0.95, 207221
0.95, 207165
0.95, 206907
0.95, 206161
0.95, 206044
0.95, 205915
0.95, 205024
0.95, 203231
0.95, 202676
0.98, 202446
0.98, 202432
0.98, 202139
0.98, 202066
0.98, 201835
0.98, 201569
0.98, 201474
0.98, 200756
0.98, 198628
0.99, 198167
0.99, 197308
0.99, 196394
0.99, 193792
0.99, 193654
0.99, 193287
0.99, 193008
0.99, 192354
0.99, 191030
0.99, 190758
0.99, 190295
0.99, 190257
0.99, 189307
0.99, 188635
0.99, 187702
0.99, 186134
0.99, 185527
0.99, 185151
0.99, 184941
0.99, 184777
0.99, 184603
1.02, 184301
1.02, 181729
1.02, 181562
1.02, 181554
1.02, 181271
1.02, 180520
1.02, 180223
1.02, 180211
1.02, 180163
1.03, 179045
1.05, 178708
1.05, 177823
1.07, 177435
1.07, 176429
1.07, 175188
1.07, 174866
1.07, 174302
1.07, 174119
1.07, 172943
1.09, 171529
1.09, 169123
1.09, 169121
1.09, 168018
1.09, 168016
1.09, 166211
1.09, 165767
1.09, 165071
1.09, 164614
1.09, 164574
1.09, 163027
1.09, 162869
1.09, 162764
1.09, 162631
1.09, 160819
1.09, 158562
1.09, 157274
1.12, 157031
1.12, 156450
1.12, 156425
1.12, 155642
1.12, 154001
1.12, 152030
1.13, 151932
1.14, 151294
1.14, 150743
1.14, 150739
1.17, 150712
1.17, 149698
1.20, 149569
1.20, 149293
1.20, 148417
1.20, 147900
1.20, 147891
1.21, 147470
1.21, 147404
1.21, 146712
1.21, 146692
1.21, 146626
1.23, 146543
1.24, 146401
1.24, 145544
1.24, 145204
1.24, 144325
1.24, 144241
1.24, 144070
1.24, 144065
1.24, 143913
1.24, 143660
1.24, 143207
1.24, 143151
1.25, 142430
1.25, 141766
1.25, 140985
1.25, 140954
1.25, 140568
1.25, 140551
1.25, 140330
1.25, 140267
1.25, 140004
1.30, 139731
1.30, 138960
1.30, 138539
1.30, 138329
1.34, 138320
1.34, 138217
1.34, 138051
1.35, 137782
1.35, 137608
1.35, 137558
1.35, 137421
1.35, 136992
1.35, 136438
1.35, 136394
1.35, 136075
1.35, 136025
1.36, 135721
1.36, 135666
1.38, 135615
1.38, 135396
1.39, 135333
1.39, 135330
1.41, 135067
1.41, 134998
1.41, 134859
1.42, 134605
1.42, 134550
1.49, 134513
1.50, 134493
1.51, 134386
1.52, 134229
1.52, 134179
1.53, 134069
1.53, 133849
1.54, 133739
1.57, 133710
1.61, 133660
