0.00, 750515
0.00, 748708
0.00, 746405
0.00, 744378
0.00, 734794
0.00, 728011
0.00, 722980
0.00, 718521
0.00, 712295
0.00, 710605
0.00, 706164
0.00, 704179
0.00, 704163
0.00, 700634
0.00, 700372
0.01, 699740
0.01, 699301
0.01, 698064
0.01, 696834
0.01, 695214
0.01, 693255
0.01, 685460
0.01, 676940
0.01, 672198
0.01, 664166
0.01, 664160
0.01, 663609
0.01, 662154
0.01, 661341
0.01, 640765
0.01, 640274
0.01, 636980
0.01, 635840
0.01, 630042
0.01, 622865
0.01, 609868
0.02, 607814
0.02, 607241
0.02, 604590
0.02, 602442
0.02, 588012
0.02, 585223
0.03, 576214
0.15, 575239
0.15, 574794
0.16, 572759
0.16, 567071
0.16, 560062
0.19, 553130
0.19, 551806
0.19, 551354
0.19, 546307
0.19, 543994
0.19, 542249
0.19, 541786
0.19, 537613
0.29, 534333
0.30, 530166
0.30, 526731
0.30, 525347
0.30, 521875
0.30, 513562
0.30, 509142
0.33, 504900
0.33, 504424
0.33, 503976
0.36, 501879
0.37, 500587
0.37, 499782
0.37, 498163
0.39, 495008
0.39, 492953
0.39, 487327
0.39, 486776
0.39, 486278
0.39, 483768
0.39, 478051
0.39, 475739
0.41, 474121
0.43, 473016
0.43, 472876
0.43, 471882
0.43, 471600
0.43, 469759
0.43, 469000
0.43, 465900
0.43, 465890
0.43, 463611
0.43, 461499
0.43, 461229
0.43, 456715
0.43, 451301
0.43, 450741
0.43, 450407
0.45, 447776
0.45, 441122
0.45, 440752
0.45, 440486
0.45, 439285
0.45, 439224
0.47, 436321
0.47, 433756
0.47, 433589
0.47, 433563
0.47, 431739
0.47, 430252
0.47, 427385
0.47, 426730
0.51, 424490
0.51, 420766
0.51, 420734
0.51, 420025
0.51, 417164
0.51, 416712
0.51, 415843
0.51, 413122
0.51, 411752
0.51, 410653
0.51, 403826
0.53, 403529
0.53, 400330
0.53, 394655
0.54, 394578
0.54, 394449
0.54, 393321
0.54, 391347
0.54, 390614
0.54, 387346
0.54, 384283
0.54, 378616
0.57, 376454
0.57, 371464
0.57, 369765
0.57, 369669
0.61, 368965
0.61, 368292
0.61, 357353
0.61, 353304
0.61, 351701
0.61, 348218
0.61, 346819
0.61, 346282
0.61, 344454
0.61, 344372
0.61, 343701
0.65, 343690
0.65, 343434
0.65, 342476
0.65, 340946
0.65, 338675
0.65, 335657
0.65, 335567
0.65, 333983
0.65, 333321
0.65, 332893
0.70, 332695
0.70, 332220
0.70, 332058
0.70, 331285
0.70, 330312
0.70, 328533
0.70, 327693
0.70, 325724
0.70, 325717
0.70, 324359
0.70, 323787
0.70, 313366
0.72, 311551
0.72, 311286
0.72, 310254
0.72, 308746
0.72, 308428
0.72, 307348
0.72, 307244
0.72, 305779
0.72, 302602
0.72, 301807
0.72, 299609
0.72, 298377
0.72, 295090
0.72, 292969
0.72, 292407
0.72, 292247
0.72, 288386
0.72, 287270
0.75, 282057
0.75, 279731
0.75, 277621
0.75, 276542
0.75, 276204
0.77, 274406
0.77, 270465
0.77, 265808
0.77, 263236
0.77, 262412
0.79, 261942
0.79, 261016
0.79, 259765
0.79, 256327
0.79, 254696
0.83, 254196
0.83, 253445
0.83, 252669
0.83, 251051
0.83, 249488
0.83, 248661
0.83, 247295
0.83, 246766
0.83, 246127
0.83, 246089
0.83, 243863
0.84, 243783
0.84, 242213
0.84, 241367
0.84, 240377
0.84, 240357
0.86, 237848
0.86, 236203
0.86, 235904
0.87, 235091
0.87, 233978
0.87, 233591
0.87, 232606
0.87, 231623
0.87, 231050
0.88, 229600
0.88, 229165
0.88, 228950
0.89, 228869
0.89, 228853
0.89, 228022
0.89, 226828
0.89, 225716
0.89, 225064
0.91, 223744
0.91, 223713
0.91, 223363
0.91, 220933
0.91, 220306
0.91, 219804
0.91, 218632
0.91, 216356
0.91, 214709
0.91, 213558
0.91, 211421
0.91, 211134
0.91, 209851
0.91, 209194
0.91, 208957
0.93, 208827
0.93, 208125
0.93, 206445
0.97, 205829
0.97, 205617
0.97, 204652
0.97, 203334
0.97, 202651
0.97, 201194
0.97, 201040
0.97, 200949
0.98, 200236
0.98, 199661
0.98, 198849
0.98, 197678
0.98, 197476
0.98, 197451
0.98, 195850
0.98, 195764
0.98, 195042
0.98, 194931
0.98, 194669
0.98, 194437
0.98, 194260
0.98, 192722
0.98, 191027
0.98, 189724
0.98, 189363
0.98, 186935
0.98, 186770
0.98, 186220
0.98, 185052
0.98, 184441
0.98, 183752
0.98, 182615
0.98, 182544
0.98, 182138
1.01, 181706
1.02, 181161
1.04, 179415
1.04, 178829
1.04, 178548
1.04, 178178
1.04, 177997
1.04, 177988
1.04, 177980
1.04, 177955
1.04, 177217
1.05, 176545
1.05, 176438
1.06, 175598
1.06, 175219
1.06, 175036
1.06, 175034
1.06, 174810
1.06, 174511
1.06, 174084
1.06, 173543
1.06, 172695
1.06, 170959
1.06, 170282
1.08, 168556
1.09, 167984
1.09, 166688
1.09, 166637
1.09, 165384
1.09, 165041
1.09, 164759
1.09, 164594
1.09, 164413
1.09, 163581
1.09, 163523
1.09, 162358
1.09, 162326
1.09, 161636
1.09, 160825
1.09, 160437
1.09, 160329
1.09, 158920
1.09, 158865
1.09, 158399
1.09, 158229
1.09, 157824
1.12, 156823
1.12, 156296
1.12, 156291
1.12, 155942
1.12, 155816
1.12, 155230
1.12, 155073
1.12, 154841
1.12, 153379
1.12, 153304
1.12, 153228
1.12, 153099
1.13, 152502
1.13, 152446
1.13, 151426
1.13, 151292
1.13, 151023
1.15, 150269
1.15, 150033
1.15, 149497
1.15, 148916
1.16, 148653
1.18, 148457
1.18, 148377
1.18, 148179
1.18, 148149
1.19, 147524
1.19, 146461
1.19, 146460
1.19, 146429
1.19, 146363
1.19, 146180
1.19, 144924
1.19, 144566
1.19, 143717
1.19, 143450
1.19, 143102
1.19, 142285
1.19, 141866
1.19, 141865
1.19, 141674
1.25, 141588
1.26, 141131
1.26, 140975
1.26, 140158
1.30, 139847
1.31, 139425
1.31, 139243
1.31, 138966
1.31, 138484
1.31, 138075
1.31, 138045
1.31, 137917
1.31, 137679
1.31, 136969
1.33, 136541
1.33, 136329
1.33, 135979
1.33, 135929
1.35, 135902
1.35, 135610
1.35, 135438
1.37, 135278
1.38, 135258
1.38, 134602
1.38, 134254
1.38, 134199
1.47, 134051
1.47, 133867
1.47, 133671
1.54, 133569
1.60, 133408
5.06, 133317
5.07, 133122
5.08, 133096
5.08, 133027
5.11, 132948
