0.00,707494
0.00,689600
0.00,679951
0.00,658201
0.00,651945
0.00,644214
0.00,645571
0.00,631146
0.00,614371
0.00,596011
0.00,575522
0.00,573373
0.00,563471
0.00,558272
0.00,561613
0.00,552347
0.00,526543
0.00,519806
0.00,514903
0.00,497928
0.00,492268
0.00,493880
0.00,481080
0.00,480110
0.00,476660
0.00,473285
0.00,463297
0.00,461451
0.00,454311
0.00,456392
0.00,448664
0.00,440481
0.00,435579
0.00,416193
0.00,417498
0.00,412228
0.00,409090
0.00,406249
0.00,399961
0.00,395282
0.00,415446
0.00,400581
0.00,400415
0.00,391319
0.00,388540
0.00,395942
0.00,396625
0.00,398967
0.00,404235
0.01,419471
0.01,400228
0.01,390092
0.01,377819
0.01,365496
0.01,362485
0.01,359317
0.01,352502
0.01,360106
0.01,354640
0.01,357986
0.01,345581
0.01,348959
0.01,345574
0.01,348776
0.01,337311
0.01,338311
0.01,336012
0.01,340156
0.01,344407
0.01,338821
0.01,337486
0.01,336357
0.01,335899
0.01,334362
0.01,325779
0.01,312659
0.01,309962
0.01,307789
0.01,299408
0.01,299560
0.01,306318
0.01,302437
0.01,299567
0.01,298145
0.01,292156
0.01,287169
0.01,300050
0.01,306478
0.01,326481
0.01,310101
0.01,307505
0.01,308898
0.01,303958
0.01,298412
0.01,288516
0.01,283509
0.01,288716
0.01,284727
0.01,286936
0.01,291539
0.01,294993
0.01,307658
0.01,284735
0.01,277313
0.01,273475
0.01,273711
0.01,270464
0.01,267801
0.01,263321
0.01,268354
0.01,264844
0.01,265663
0.01,262288
0.01,265789
0.01,266872
0.01,264266
0.01,266580
0.01,257711
0.01,254146
0.01,250103
0.01,253774
0.01,256921
0.01,253852
0.01,256627
0.01,264357
0.01,266228
0.01,267034
0.01,269357
0.01,271342
0.01,276712
0.01,291405
0.01,276239
0.01,265957
0.01,259136
0.01,262320
0.01,259255
0.01,255012
0.01,254747
0.01,249502
0.01,252014
0.01,248569
0.01,251444
0.01,245358
0.01,242619
0.01,243911
0.01,245869
0.01,241709
0.01,248685
0.01,255309
0.01,249421
0.01,240432
0.01,238768
0.01,235142
0.01,239737
0.01,237386
0.01,244528
0.01,255130
0.01,280635
0.01,263462
0.01,255048
0.01,253664
0.01,248695
0.01,248733
0.01,247526
0.01,247251
0.01,235563
0.01,239293
0.01,237954
0.01,239898
0.01,241260
0.01,237578
0.01,234859
0.01,236196
0.01,243380
0.01,237955
0.01,231481
0.01,231864
0.01,232142
0.01,234117
0.01,231437
0.01,226696
0.01,227145
0.01,227288
0.01,224452
0.01,221490
0.01,221894
0.01,237380
0.01,218117
0.01,218778
0.01,219546
0.01,215470
0.01,216400
0.01,213443
0.01,213078
0.01,216793
0.01,212328
0.01,210105
0.01,210716
0.01,211008
0.01,212175
0.01,216284
0.01,219889
0.01,223243
0.01,236654
0.01,249495
0.01,227101
0.01,223489
0.01,220076
0.01,216353
0.01,209248
0.01,209931
0.01,207046
0.01,210227
0.01,205408
0.01,202714
0.01,201888
0.01,201937
0.01,198912
0.01,195149
0.01,197290
0.01,194178
0.01,196128
0.01,191809
0.01,191997
0.01,192235
0.01,190993
0.01,190796
0.01,189771
0.01,191387
0.01,187779
0.01,188659
0.01,185751
0.01,185153
0.01,184574
0.01,186029
0.01,182367
0.01,181501
0.01,182726
0.01,182748
0.01,183139
0.01,183882
0.01,182645
0.01,186227
0.01,187995
0.01,191600
0.01,195154
0.01,196597
0.01,195715
0.01,198608
0.02,213940
0.02,199239
0.02,194782
0.02,191278
0.02,189338
0.02,184306
0.02,186561
0.02,188737
0.02,181652
0.02,179703
0.02,177510
0.02,180910
0.02,182459
0.02,179856
0.02,185876
0.02,183821
0.02,183278
0.02,186870
0.02,191446
0.02,190009
0.02,190938
0.02,209648
0.02,196565
0.02,191914
0.02,192812
0.02,191311
0.02,184613
0.02,178678
0.02,179074
0.02,175775
0.02,173713
0.02,172093
0.02,171692
0.02,173134
0.02,175958
0.02,181182
0.02,179604
0.02,185151
0.02,186768
0.02,191667
0.02,189270
0.02,185813
0.02,182938
0.02,183952
0.02,181112
0.02,178241
0.02,185560
0.02,199073
0.02,184896
0.02,180082
0.02,174574
0.02,170259
0.02,168441
0.02,169096
0.02,168540
0.02,169424
0.02,168193
0.02,171852
0.02,171776
0.02,171351
0.02,174091
0.02,177824
0.02,178777
0.02,179728
0.02,179008
0.02,178589
0.02,176472
0.02,175336
0.02,176079
0.02,176294
0.02,174260
0.02,179640
0.02,180225
0.02,182957
0.02,177466
0.02,174934
0.02,172390
0.02,174440
0.02,175260
0.02,174231
0.02,174193
0.02,175955
0.02,176920
0.02,176958
0.02,178187
0.02,177876
0.02,177525
0.02,178572
0.02,180874
0.02,178295
0.02,179960
0.02,174867
0.02,176957
0.02,179949
0.02,181124
0.02,175332
0.02,179928
0.02,192161
0.02,175987
0.02,166894
0.02,166157
0.02,166509
0.02,164324
0.02,163075
0.02,162628
0.02,161459
0.02,161129
0.02,161556
0.02,162828
0.02,166016
0.02,168222
0.02,171617
0.02,173666
0.02,176514
0.02,177872
0.02,179783
0.02,180481
0.02,172946
0.02,173131
0.02,173557
0.02,175189
0.02,183613
0.02,187875
0.02,191069
0.02,187388
0.02,205462
0.02,191002
0.02,184645
0.02,183031
0.02,178572
0.02,172757
0.02,173793
0.02,175100
0.02,173173
0.02,167287
0.02,166978
0.02,163174
0.02,163193
0.02,159531
0.02,160517
0.02,159862
0.02,158380
0.02,157322
0.02,159065
0.02,159114
0.02,156541
0.02,155534
0.02,154569
0.02,153648
0.02,156556
0.02,156866
0.02,157340
0.02,156508
0.02,156527
0.02,155713
0.02,156644
0.02,159581
0.02,156908
0.02,160626
0.02,157873
0.02,160036
0.02,163221
0.02,163823
0.02,167474
0.02,173466
0.02,186541
0.02,171963
0.02,170803
0.02,171354
0.02,169652
0.02,163956
0.02,165544
0.02,168291
0.02,171541
0.02,167761
0.02,167522
0.02,163959
0.02,161362
0.02,159825
0.02,161071
0.02,159949
0.02,155880
0.02,156973
0.02,155796
0.02,154890
0.02,163744
0.02,167784
0.02,160969
0.02,155661
0.02,153290
0.02,157705
0.02,159969
0.02,152247
0.02,151422
0.02,150900
0.02,153234
0.02,151236
0.02,151682
0.02,151709
0.02,152448
0.02,153592
0.02,156078
0.02,156488
0.02,157584
0.02,161560
0.02,158174
0.02,155203
0.02,153457
0.02,151689
0.02,150082
0.02,150335
0.02,151168
0.02,151404
0.02,151333
0.02,150735
0.02,153119
0.02,155369
0.02,156357
0.02,158879
0.02,160577
0.02,155897
0.02,154939
0.02,152847
0.02,152214
0.02,148851
0.02,148598
0.02,147826
0.02,147079
0.02,146861
0.02,146972
0.02,147139
0.02,145919
0.02,145396
0.02,144900
0.02,145483
0.02,144518
0.02,144180
0.02,143885
0.02,143659
0.02,143441
0.02,146720
0.02,148507
0.02,148935
0.02,148433
0.02,149770
0.02,151954
0.02,150566
0.02,146363
0.02,143645
0.02,144193
0.02,144317
0.02,145044
0.02,145995
0.02,146681
0.02,147516
0.02,148434
0.02,150623
0.02,147518
0.02,143749
0.02,142389
0.02,141990
0.02,141806
0.02,141696
0.02,141637
0.02,147058
0.02,147243
0.02,147306
0.02,149059
0.02,148034
0.02,146841
0.02,145910
0.02,147852
0.02,149894
0.02,156700
0.02,159584
0.02,153966
0.02,150664
0.02,149830
0.02,148776
0.02,147291
0.02,145547
0.02,143637
0.02,142301
0.02,147297
0.02,155146
0.02,154731
0.02,152701
0.02,150577
0.02,149687
0.02,148357
0.02,147882
0.02,146915
0.02,149163
0.02,150628
0.02,150237
0.02,147952
0.02,147883
0.02,145020
0.02,143080
0.02,141058
0.02,142379
0.02,144349
0.02,146920
0.02,151191
0.02,148484
0.02,144961
0.02,141723
0.02,139652
0.02,138643
