0.01, 735043
0.01, 727669
0.01, 724502
0.01, 723326
0.01, 721409
0.01, 720334
0.01, 708703
0.01, 704056
0.01, 691003
0.01, 684933
0.01, 675703
0.01, 673531
0.01, 670336
0.01, 670187
0.01, 669012
0.01, 664472
0.01, 656525
0.01, 651327
0.01, 645281
0.01, 637928
0.01, 637635
0.01, 634745
0.01, 632510
0.01, 626902
0.01, 622627
0.01, 617088
0.01, 613744
0.01, 613447
0.01, 610446
0.01, 608607
0.01, 605199
0.01, 602335
0.01, 597010
0.01, 591787
0.01, 590849
0.01, 589464
0.04, 588388
0.04, 588381
0.10, 586985
0.12, 586301
0.13, 586179
0.13, 584192
0.13, 581314
0.13, 571513
0.14, 570469
0.14, 569673
0.14, 565650
0.15, 564879
0.15, 561982
0.15, 560300
0.15, 556394
0.15, 553581
0.15, 552202
0.15, 552180
0.15, 547197
0.15, 545525
0.17, 537458
0.17, 533456
0.17, 527686
0.17, 527202
0.17, 526851
0.17, 526795
0.28, 522816
0.28, 522425
0.28, 521663
0.31, 499530
0.31, 499496
0.35, 496131
0.35, 494291
0.35, 489570
0.35, 487667
0.36, 483623
0.36, 480675
0.36, 478704
0.36, 478378
0.40, 477445
0.40, 471031
0.40, 470907
0.40, 470822
0.40, 466045
0.43, 464724
0.43, 458864
0.45, 456586
0.48, 455984
0.48, 455903
0.48, 450235
0.48, 447418
0.48, 444929
0.48, 443200
0.48, 443004
0.48, 438703
0.48, 437380
0.48, 436239
0.48, 434956
0.48, 432203
0.48, 431479
0.48, 429814
0.48, 428397
0.48, 428314
0.48, 423113
0.48, 422338
0.48, 417757
0.48, 415240
0.48, 415046
0.48, 413077
0.48, 412936
0.48, 412473
0.48, 408387
0.48, 408343
0.48, 406938
0.55, 401908
0.55, 401451
0.55, 400205
0.55, 398341
0.55, 397779
0.55, 397457
0.55, 395203
0.55, 395000
0.55, 392018
0.55, 382284
0.56, 381854
0.60, 381442
0.60, 380806
0.61, 380054
0.61, 378837
0.61, 378691
0.61, 378472
0.61, 374087
0.62, 372408
0.62, 370637
0.62, 368552
0.62, 365431
0.64, 364453
0.64, 363020
0.64, 362192
0.64, 361647
0.64, 361554
0.64, 359662
0.64, 358183
0.64, 355510
0.64, 353145
0.64, 350242
0.64, 346452
0.64, 345705
0.64, 343440
0.64, 342485
0.65, 342381
0.65, 336801
0.65, 336793
0.65, 334950
0.65, 330891
0.65, 328489
0.65, 324279
0.65, 322947
0.65, 322668
0.69, 320547
0.69, 320289
0.69, 319348
0.69, 318920
0.69, 317683
0.69, 316575
0.69, 310595
0.69, 309146
0.69, 308205
0.69, 307558
0.70, 307309
0.70, 306752
0.70, 306620
0.70, 306456
0.70, 300741
0.70, 299568
0.73, 298740
0.73, 297977
0.73, 295527
0.73, 293001
0.73, 292174
0.73, 289643
0.73, 289105
0.73, 288694
0.73, 287997
0.73, 287837
0.73, 279198
0.73, 276638
0.73, 276230
0.76, 273189
0.76, 272541
0.79, 271436
0.80, 268725
0.80, 267764
0.80, 264662
0.82, 263071
0.82, 260752
0.82, 259078
0.82, 257920
0.84, 257556
0.84, 257428
0.84, 256217
0.84, 253035
0.84, 249095
0.84, 248451
0.84, 247980
0.84, 247516
0.84, 247251
0.84, 243362
0.84, 243158
0.84, 242307
0.84, 241523
0.84, 240162
0.84, 237764
0.86, 237096
0.86, 234402
0.86, 233889
0.86, 232680
0.86, 231284
0.86, 229820
0.86, 225007
0.86, 224547
0.89, 224261
0.89, 223791
0.89, 222893
0.89, 222397
0.89, 220666
0.89, 219565
0.89, 219260
0.89, 218548
0.89, 218239
0.89, 216825
0.89, 215624
0.89, 215591
0.89, 212624
0.89, 212427
0.89, 211693
0.95, 211434
0.95, 210598
0.95, 210389
0.95, 210095
0.95, 209730
0.95, 208433
0.95, 207131
0.95, 206256
0.95, 205410
0.95, 203258
0.95, 202657
0.95, 202431
0.95, 202134
0.95, 202078
0.95, 201593
0.95, 201506
0.95, 199621
0.95, 199572
0.95, 198921
0.95, 196959
0.95, 196758
0.95, 194418
0.95, 194243
0.95, 194054
0.95, 193004
0.95, 191458
0.95, 190213
0.95, 190026
0.95, 189624
0.95, 188461
0.95, 187980
0.95, 187496
0.95, 187368
0.95, 186489
0.95, 186314
1.02, 185127
1.02, 184312
1.02, 183635
1.02, 182482
1.02, 182321
1.02, 181468
1.02, 180639
1.02, 180195
1.02, 179633
1.02, 176404
1.02, 176060
1.02, 174940
1.04, 174901
1.04, 174610
1.04, 174606
1.04, 173990
1.04, 172341
1.04, 171442
1.04, 170869
1.07, 169682
1.07, 169496
1.07, 169084
1.10, 168485
1.10, 168133
1.10, 165067
1.10, 164526
1.10, 164152
1.10, 164127
1.10, 163775
1.10, 163684
1.11, 163624
1.11, 161541
1.11, 161424
1.12, 161365
1.12, 160190
1.12, 160036
1.12, 159515
1.15, 159295
1.15, 159199
1.15, 158746
1.15, 157815
1.15, 157735
1.15, 157360
1.15, 157289
1.15, 157100
1.15, 156700
1.15, 156684
1.15, 155448
1.15, 155271
1.15, 155040
1.15, 154210
1.15, 153830
1.15, 151567
1.15, 151372
1.16, 151289
1.16, 150658
1.16, 149855
1.17, 149490
1.17, 148268
1.17, 148199
1.18, 147671
1.18, 146939
1.18, 146645
1.18, 146346
1.18, 146294
1.18, 145939
1.18, 145416
1.20, 144731
1.20, 144485
1.23, 144482
1.23, 144431
1.23, 144337
1.23, 144271
1.23, 143778
1.24, 143667
1.24, 143319
1.24, 143042
1.24, 142824
1.24, 142417
1.24, 142367
1.24, 141870
1.24, 141822
1.30, 141485
1.31, 141377
1.31, 141352
1.31, 141183
1.31, 141080
1.32, 140597
1.32, 140203
1.32, 139784
1.32, 139380
1.35, 139211
1.35, 139157
1.35, 139071
1.35, 138933
1.36, 138896
1.36, 138677
1.37, 138291
1.38, 138260
1.38, 138078
1.38, 137856
1.38, 137718
1.40, 137558
1.40, 137454
1.40, 137404
1.40, 137189
1.43, 137169
1.43, 137059
1.43, 136730
1.43, 136574
1.44, 136570
1.44, 136386
1.44, 136053
1.44, 135862
1.44, 135549
1.45, 135102
1.45, 134647
1.45, 134583
1.49, 134426
1.49, 134310
1.50, 134137
1.61, 134111
1.61, 134056
1.62, 134006
1.68, 134001
1.69, 133951
3.17, 133832
3.17, 133676
3.17, 133577
3.17, 133527
3.18, 133458
3.19, 133445
3.21, 133377
3.21, 133327
3.21, 133083
3.26, 133028
3.26, 133009
3.27, 132959
3.32, 132946
3.32, 132877
3.34, 132796
3.35, 132746
