0.00, 742797
0.00, 740590
0.00, 738603
0.00, 728436
0.00, 723867
0.00, 720701
0.00, 720013
0.00, 715169
0.00, 714046
0.00, 700776
0.00, 690537
0.00, 684204
0.00, 674510
0.00, 666364
0.00, 661445
0.00, 661253
0.00, 654762
0.01, 654054
0.01, 651768
0.01, 651229
0.01, 646611
0.01, 644979
0.01, 637776
0.01, 637243
0.01, 636778
0.01, 615513
0.02, 613087
0.02, 611286
0.03, 609443
0.04, 602777
0.04, 598808
0.04, 597019
0.04, 594045
0.04, 591663
0.04, 591501
0.04, 586348
0.04, 583271
0.04, 581142
0.07, 581054
0.07, 580554
0.07, 572519
0.07, 567146
0.09, 566833
0.09, 558100
0.09, 552049
0.21, 550941
0.23, 541509
0.23, 539860
0.23, 533701
0.23, 531632
0.26, 531509
0.26, 530157
0.30, 529318
0.30, 522643
0.32, 522640
0.32, 517931
0.32, 516520
0.32, 515167
0.32, 511905
0.32, 509318
0.32, 509177
0.32, 506406
0.38, 505115
0.38, 504223
0.38, 500828
0.38, 500605
0.38, 494799
0.39, 491348
0.39, 491076
0.39, 485670
0.43, 479701
0.43, 479645
0.43, 478055
0.43, 477190
0.43, 477145
0.43, 476257
0.43, 472256
0.43, 471658
0.43, 468788
0.43, 467805
0.44, 466006
0.44, 463646
0.44, 461118
0.46, 457010
0.46, 449996
0.46, 446941
0.46, 445636
0.46, 442988
0.46, 442134
0.46, 441331
0.46, 439391
0.51, 434045
0.51, 425611
0.52, 424769
0.52, 424206
0.52, 423145
0.52, 423123
0.52, 422331
0.52, 419068
0.53, 416184
0.53, 415498
0.53, 414373
0.53, 413576
0.53, 409899
0.53, 407306
0.53, 401751
0.53, 399696
0.53, 397801
0.55, 396717
0.55, 396065
0.59, 394780
0.59, 388541
0.59, 387173
0.59, 386822
0.59, 383186
0.59, 382651
0.59, 382252
0.59, 381318
0.59, 377094
0.59, 375878
0.59, 374694
0.59, 374650
0.59, 374257
0.59, 374225
0.59, 373562
0.59, 370816
0.61, 370598
0.61, 370356
0.61, 363405
0.61, 362538
0.61, 362061
0.61, 361638
0.61, 361506
0.62, 358920
0.62, 356454
0.62, 355101
0.62, 351592
0.62, 351238
0.64, 350111
0.64, 349364
0.64, 347814
0.64, 346964
0.64, 345941
0.64, 345253
0.64, 344976
0.64, 344964
0.64, 344714
0.66, 343852
0.66, 341726
0.66, 341208
0.67, 340917
0.67, 340704
0.67, 338116
0.67, 336467
0.67, 335890
0.67, 334861
0.67, 330738
0.67, 326110
0.70, 325774
0.70, 323494
0.70, 323195
0.70, 322862
0.71, 319845
0.71, 315400
0.71, 311307
0.73, 310824
0.73, 309080
0.73, 304568
0.73, 304260
0.73, 299633
0.73, 299186
0.73, 298443
0.73, 298017
0.73, 297812
0.73, 296471
0.73, 294930
0.73, 293748
0.73, 291887
0.73, 291457
0.73, 287673
0.73, 284348
0.76, 284283
0.76, 278940
0.76, 278508
0.76, 277465
0.79, 275531
0.80, 275453
0.80, 274783
0.80, 273669
0.80, 273195
0.80, 273150
0.80, 272228
0.80, 270712
0.80, 269890
0.80, 267850
0.80, 266496
0.80, 266064
0.81, 265917
0.81, 264793
0.81, 264678
0.81, 263620
0.81, 262737
0.81, 262371
0.81, 260605
0.82, 260137
0.83, 258983
0.83, 258940
0.83, 258929
0.83, 258363
0.83, 257966
0.83, 257930
0.83, 256118
0.83, 254534
0.83, 253511
0.83, 249942
0.83, 245311
0.83, 245061
0.83, 242319
0.83, 242160
0.86, 242111
0.86, 242099
0.86, 240234
0.86, 238999
0.86, 237552
0.86, 237181
0.86, 235540
0.86, 234738
0.86, 234466
0.86, 233682
0.89, 233506
0.89, 232746
0.89, 232557
0.90, 232281
0.90, 232242
0.90, 231267
0.90, 227556
0.90, 227527
0.91, 227432
0.91, 224395
0.91, 223867
0.91, 221611
0.91, 221402
0.92, 220057
0.92, 219633
0.92, 216492
0.92, 216307
0.92, 215856
0.92, 215560
0.92, 215235
0.92, 214403
0.92, 212104
0.94, 211629
0.95, 210073
0.95, 209560
0.95, 205428
0.95, 203564
0.95, 203480
0.95, 200576
0.95, 199724
0.95, 198638
0.95, 198263
0.95, 198192
0.98, 198029
0.98, 197997
0.98, 197119
0.98, 196908
0.98, 196506
0.98, 195879
0.98, 195231
0.98, 193468
0.98, 192384
0.98, 191495
0.99, 191347
0.99, 190428
0.99, 188134
0.99, 187410
0.99, 186857
0.99, 186799
0.99, 186149
0.99, 185972
0.99, 185896
1.02, 185037
1.02, 184394
1.02, 184208
1.03, 184141
1.03, 183673
1.03, 182432
1.03, 182375
1.03, 181193
1.03, 181087
1.03, 181031
1.03, 180486
1.03, 179692
1.04, 179230
1.04, 177896
1.04, 176427
1.04, 175770
1.08, 175713
1.08, 174952
1.08, 174761
1.08, 174524
1.08, 173369
1.08, 172692
1.09, 172680
1.09, 171253
1.09, 170706
1.09, 169833
1.09, 169830
1.09, 168217
1.09, 167857
1.09, 167032
1.09, 166153
1.09, 165959
1.09, 165381
1.11, 164827
1.11, 164038
1.11, 161984
1.11, 161809
1.14, 161796
1.14, 161215
1.14, 160928
1.14, 160910
1.14, 160188
1.15, 159631
1.15, 159489
1.16, 159039
1.16, 158888
1.16, 158781
1.16, 158727
1.17, 158484
1.17, 158306
1.18, 157698
1.18, 157574
1.18, 157137
1.18, 157116
1.18, 156508
1.18, 156466
1.18, 155537
1.18, 155487
1.18, 154755
1.18, 154166
1.18, 153848
1.18, 152753
1.19, 150368
1.19, 150270
1.19, 150265
1.19, 149828
1.20, 149802
1.20, 149402
1.20, 149300
1.20, 148595
1.20, 148551
1.20, 148528
1.20, 147963
1.20, 147621
1.20, 147505
1.20, 147174
1.20, 146247
1.20, 145838
1.21, 145292
1.23, 144921
1.24, 144863
1.24, 144785
1.24, 144703
1.24, 144250
1.25, 144148
1.25, 143511
1.25, 143402
1.25, 143314
1.25, 143131
1.25, 142672
1.25, 142651
1.25, 142291
1.25, 142017
1.25, 141591
1.28, 141491
1.28, 141381
1.28, 140826
1.28, 140519
1.29, 140486
1.29, 140417
1.29, 139722
1.30, 139397
1.30, 139307
1.30, 139306
1.30, 139211
1.30, 139052
1.30, 139002
1.30, 138973
1.32, 138738
1.32, 138392
1.33, 138341
1.33, 138335
1.33, 138223
1.33, 138182
1.33, 138097
1.33, 138007
1.33, 137592
1.33, 137408
1.33, 137378
1.33, 136847
1.34, 136597
1.34, 136326
1.34, 136143
1.34, 135830
1.34, 135590
1.34, 135521
1.34, 135480
1.34, 134947
1.37, 134930
1.37, 134555
1.37, 134546
1.40, 134435
1.40, 134307
1.47, 134190
1.47, 133963
1.47, 133852
1.51, 133688
1.54, 133636
1.65, 133625
1.66, 133479
