0.00, 707220
0.00, 705604
0.00, 703796
0.00, 695415
0.00, 691405
0.00, 688092
0.01, 684665
0.01, 681256
0.01, 680616
0.01, 679314
0.01, 678923
0.01, 678745
0.01, 674651
0.01, 673042
0.01, 671795
0.01, 670911
0.01, 658379
0.01, 654484
0.01, 645552
0.01, 644212
0.01, 641067
0.01, 637033
0.01, 635697
0.01, 626414
0.01, 626371
0.01, 614357
0.02, 613840
0.02, 613012
0.02, 612482
0.03, 611905
0.03, 608145
0.04, 606080
0.04, 599886
0.04, 597672
0.04, 596962
0.04, 595508
0.07, 594131
0.07, 591102
0.07, 589000
0.07, 588372
0.07, 584230
0.07, 572798
0.07, 571385
0.07, 569344
0.07, 564961
0.07, 563341
0.15, 559443
0.15, 553742
0.15, 553376
0.15, 547947
0.15, 545134
0.15, 544542
0.25, 542946
0.25, 542701
0.25, 541975
0.25, 540989
0.26, 540377
0.26, 538423
0.26, 537324
0.26, 533647
0.30, 532951
0.30, 524145
0.30, 524109
0.30, 520199
0.30, 519024
0.30, 518123
0.30, 516275
0.30, 515673
0.30, 513216
0.30, 512356
0.35, 510316
0.36, 506712
0.37, 500037
0.37, 497219
0.37, 492159
0.38, 481465
0.43, 475606
0.43, 475593
0.43, 471600
0.43, 461470
0.45, 456628
0.45, 455572
0.45, 455099
0.45, 454392
0.45, 451164
0.45, 443913
0.47, 436653
0.47, 428640
0.47, 427900
0.48, 424506
0.48, 423925
0.48, 423249
0.48, 423192
0.48, 413274
0.52, 412440
0.52, 412194
0.55, 411408
0.55, 408805
0.55, 408401
0.55, 404097
0.55, 402933
0.56, 401205
0.56, 396901
0.56, 392575
0.56, 392175
0.56, 391914
0.56, 391694
0.58, 388967
0.58, 387818
0.58, 383096
0.58, 377645
0.58, 371928
0.58, 370393
0.58, 369388
0.58, 369380
0.58, 366859
0.58, 362640
0.59, 361422
0.63, 361182
0.63, 360206
0.63, 359563
0.63, 356132
0.63, 355789
0.63, 352120
0.63, 351308
0.66, 349833
0.66, 345030
0.66, 342892
0.66, 341949
0.66, 341754
0.66, 341745
0.66, 341337
0.66, 340383
0.66, 340010
0.66, 339916
0.66, 339823
0.66, 335823
0.66, 334551
0.66, 334512
0.66, 334130
0.66, 332331
0.66, 330136
0.69, 327600
0.69, 326703
0.69, 323189
0.69, 322456
0.69, 321775
0.69, 321217
0.69, 319860
0.69, 318259
0.69, 316193
0.69, 314905
0.71, 313526
0.71, 312196
0.71, 311570
0.71, 309558
0.71, 308386
0.71, 308136
0.71, 304580
0.74, 303690
0.74, 303398
0.75, 303363
0.75, 303270
0.75, 302264
0.75, 302030
0.75, 301777
0.75, 297696
0.75, 297668
0.75, 295225
0.75, 293720
0.75, 292868
0.75, 290281
0.75, 288920
0.75, 287954
0.75, 283248
0.75, 282461
0.75, 281413
0.75, 281104
0.80, 280572
0.80, 277344
0.81, 275574
0.81, 272147
0.81, 268948
0.81, 266928
0.81, 264976
0.81, 263841
0.81, 263241
0.82, 262576
0.82, 262367
0.82, 260591
0.82, 260081
0.82, 259067
0.82, 258438
0.82, 258317
0.82, 253196
0.82, 252480
0.82, 250418
0.82, 249328
0.82, 248063
0.82, 246352
0.86, 243215
0.86, 243182
0.88, 242352
0.88, 241820
0.88, 240971
0.88, 240959
0.88, 240499
0.88, 236902
0.88, 235908
0.88, 235218
0.88, 233869
0.88, 233120
0.88, 232788
0.88, 231936
0.88, 231725
0.88, 229069
0.88, 228214
0.88, 227686
0.89, 226486
0.89, 226251
0.89, 225186
0.89, 224168
0.89, 224006
0.89, 223814
0.89, 223774
0.89, 221199
0.89, 221108
0.89, 220050
0.89, 219795
0.89, 218088
0.89, 216802
0.89, 215802
0.89, 214273
0.89, 213675
0.89, 211228
0.89, 210555
0.89, 210511
0.95, 208866
0.95, 208864
0.95, 207781
0.95, 205250
0.97, 205186
0.97, 203451
0.97, 203047
0.98, 202912
0.98, 202660
0.98, 202105
0.98, 201423
0.98, 201069
0.98, 198097
0.98, 197340
0.98, 196764
0.98, 196483
0.98, 195936
0.98, 195286
0.98, 194919
0.98, 194656
1.01, 192834
1.01, 192801
1.01, 192090
1.01, 192010
1.01, 191611
1.01, 191448
1.01, 190812
1.01, 189845
1.01, 189131
1.01, 189041
1.01, 188321
1.01, 187563
1.01, 187491
1.01, 186744
1.01, 186179
1.01, 185475
1.01, 183989
1.01, 183380
1.01, 182677
1.01, 182400
1.01, 182090
1.01, 180720
1.01, 180682
1.01, 180486
1.01, 180397
1.01, 180290
1.01, 179546
1.03, 179142
1.03, 178905
1.03, 178863
1.03, 178723
1.04, 177567
1.04, 177465
1.04, 177297
1.04, 176535
1.04, 176187
1.04, 174354
1.04, 173977
1.04, 173283
1.04, 171940
1.04, 171758
1.04, 171395
1.04, 171235
1.04, 171148
1.04, 170893
1.04, 170191
1.04, 169559
1.04, 169547
1.09, 169324
1.09, 167882
1.09, 167758
1.09, 167684
1.09, 167367
1.09, 165037
1.09, 164697
1.09, 162852
1.09, 162592
1.10, 161601
1.10, 160115
1.10, 160019
1.10, 159447
1.11, 158244
1.11, 157022
1.11, 156562
1.11, 156191
1.11, 156021
1.16, 153995
1.16, 153905
1.16, 153673
1.17, 153397
1.17, 153282
1.17, 152225
1.17, 151692
1.18, 151501
1.18, 151363
1.18, 150882
1.18, 150733
1.18, 149638
1.18, 149084
1.18, 148265
1.18, 148103
1.18, 147823
1.18, 147510
1.18, 147339
1.18, 147065
1.18, 145658
1.18, 145565
1.18, 144672
1.18, 144610
1.18, 144322
1.18, 143832
1.18, 143614
1.18, 143562
1.26, 143256
1.26, 142950
1.26, 142552
1.26, 142491
1.26, 141851
1.26, 141284
1.26, 140981
1.26, 140956
1.26, 140554
1.26, 140546
1.26, 140135
1.26, 139838
1.26, 139637
1.26, 139335
1.29, 139198
1.30, 138695
1.30, 138117
1.31, 138081
1.31, 137994
1.31, 137670
1.31, 137462
1.31, 137387
1.31, 136898
1.31, 136759
1.31, 136485
1.31, 136175
1.32, 135957
1.37, 135739
1.37, 134776
1.37, 134575
1.42, 134529
1.42, 134236
1.42, 134071
1.42, 133825
1.43, 133775
1.43, 133720
1.43, 133592
1.44, 133493
1.44, 133309
1.50, 133156
3.47, 133119
3.47, 132980
3.48, 132796
3.54, 132746
