0.02,678600
0.02,658461
0.02,635020
0.02,638986
0.02,637451
0.02,612268
0.02,586380
0.02,589027
0.02,576423
0.02,561340
0.02,545646
0.02,524217
0.02,512966
0.02,519160
0.02,504728
0.02,495959
0.02,504175
0.02,481704
0.02,492844
0.02,492113
0.02,505183
0.02,465849
0.02,472431
0.02,470865
0.02,459626
0.02,459703
0.02,439316
0.02,433722
0.02,427496
0.02,412868
0.02,412968
0.02,401407
0.02,400521
0.02,401857
0.02,391266
0.02,381966
0.02,370485
0.02,366374
0.02,356023
0.02,347031
0.02,346441
0.02,349670
0.02,349026
0.02,337657
0.02,332460
0.02,342420
0.02,339752
0.02,325901
0.02,319962
0.02,313108
0.02,307495
0.02,309552
0.02,302430
0.02,304088
0.02,305247
0.02,311703
0.02,302971
0.02,304364
0.02,311534
0.02,301562
0.02,297407
0.02,294339
0.02,291082
0.02,297213
0.02,296508
0.02,296663
0.02,292398
0.02,287985
0.02,281879
0.02,282008
0.02,280604
0.02,271611
0.02,266442
0.02,263261
0.02,260359
0.02,257238
0.02,254884
0.02,256477
0.02,250624
0.02,247076
0.02,240035
0.02,237668
0.02,238229
0.02,240925
0.02,238587
0.02,238034
0.02,243377
0.02,241841
0.02,244638
0.02,250288
0.02,242417
0.02,240366
0.02,238703
0.02,232418
0.02,234484
0.02,227733
0.02,227077
0.02,228043
0.02,228263
0.02,224021
0.02,222569
0.02,228317
0.02,231002
0.02,232513
0.02,235001
0.02,244539
0.02,259391
0.02,245750
0.02,243303
0.02,236248
0.02,228343
0.02,226208
0.02,225598
0.02,224021
0.02,225195
0.02,221642
0.02,221201
0.02,223897
0.02,221617
0.02,219520
0.02,220890
0.02,221611
0.02,216179
0.02,216995
0.02,212971
0.02,212067
0.02,209160
0.02,211082
0.02,212963
0.02,211439
0.02,209826
0.02,206250
0.02,205938
0.02,207928
0.02,205759
0.02,203339
0.02,200650
0.02,199406
0.02,197105
0.02,196839
0.02,196457
0.02,197163
0.02,199853
0.02,201407
0.02,201266
0.02,203191
0.02,201955
0.02,203116
0.02,202564
0.02,202276
0.02,201823
0.02,195342
0.02,197014
0.02,196987
0.02,194730
0.02,193709
0.02,193282
0.02,191260
0.02,190950
0.03,191890
0.03,189070
0.03,187686
0.03,185861
0.03,186316
0.03,186387
0.03,182701
0.03,180966
0.03,180308
0.03,184472
0.03,186850
0.03,186893
0.03,190275
0.03,193189
0.03,193927
0.03,193405
0.03,193403
0.03,192717
0.03,193857
0.03,198072
0.03,195638
0.03,195803
0.03,198386
0.03,216519
0.03,202389
0.03,197758
0.03,196843
0.03,195824
0.03,188812
0.03,186952
0.03,182366
0.03,182317
0.03,185204
0.03,182926
0.03,179248
0.03,179612
0.03,180821
0.03,182999
0.03,182292
0.03,188952
0.03,191846
0.03,187513
0.03,185938
0.03,187391
0.03,187566
0.03,182137
0.03,185074
0.03,186360
0.03,189377
0.03,195120
0.03,200296
0.03,203517
0.03,207178
0.03,220420
0.03,204407
0.03,197086
0.03,195980
0.03,197137
0.03,189602
0.03,187547
0.03,184817
0.03,184622
0.03,182475
0.03,182181
0.03,180355
0.03,183240
0.03,179758
0.03,180697
0.03,176856
0.03,175301
0.03,176260
0.03,175438
0.03,172869
0.03,171079
0.03,169942
0.03,171110
0.03,172769
0.03,168963
0.03,168157
0.03,169920
0.03,166635
0.03,166865
0.03,165262
0.03,164961
0.03,167335
0.03,166344
0.03,165411
0.03,164157
0.03,163830
0.03,165924
0.03,165247
0.03,163310
0.03,161661
0.03,161230
0.03,160881
0.03,161160
0.03,165666
0.03,170024
0.03,172997
0.03,168213
0.03,166871
0.03,173365
0.03,174189
0.03,169272
0.03,168316
0.03,168044
0.03,169983
0.03,174845
0.03,180892
0.03,181652
0.03,185579
0.03,202635
0.03,188653
0.03,182362
0.03,182660
0.03,179861
0.03,174567
0.03,173595
0.03,171594
0.03,167143
0.03,163332
0.03,160407
0.03,161647
0.03,164455
0.03,164673
0.03,165717
0.03,169563
0.03,173520
0.03,169187
0.03,168443
0.03,170430
0.03,170648
0.03,166336
0.03,166748
0.03,167965
0.03,170399
0.03,176794
0.03,181234
0.03,182402
0.03,186586
0.03,205896
0.03,189413
0.03,182535
0.03,180947
0.03,180159
0.03,173706
0.03,171011
0.03,167301
0.03,162349
0.03,160202
0.03,158687
0.03,158543
0.03,159638
0.03,160955
0.03,159760
0.03,159862
0.03,157524
0.03,158034
0.03,157297
0.03,158741
0.03,158485
0.03,157455
0.03,155691
0.03,154802
0.03,153921
0.03,155214
0.03,157320
0.03,160251
0.03,157292
0.03,167166
0.03,162846
0.03,163228
0.03,163052
0.03,160575
0.03,159328
0.03,159362
0.03,157163
0.03,157882
0.03,158338
0.03,155734
0.03,155098
0.03,155470
0.03,155555
0.03,155255
0.03,153135
0.03,152367
0.03,151736
0.03,151360
0.03,150383
0.03,149377
0.03,148812
0.03,148259
0.03,147711
0.03,147219
0.03,146754
0.03,146302
0.03,146349
0.03,145596
0.03,145210
0.03,144943
0.03,144680
0.03,145538
0.03,145421
0.03,145539
0.03,145027
0.03,144704
0.03,144525
0.03,144766
0.03,145388
0.03,145274
0.03,144230
0.03,143964
0.03,143742
0.03,143541
0.03,143486
