0.00, 771730
0.00, 757488
0.00, 756555
0.00, 755611
0.00, 751197
0.00, 751143
0.00, 748645
0.00, 744515
0.00, 734994
0.00, 734510
0.00, 729653
0.01, 728487
0.01, 728070
0.01, 725236
0.01, 723129
0.01, 680286
0.01, 678822
0.01, 676677
0.01, 675580
0.01, 673804
0.01, 673602
0.01, 671449
0.01, 669386
0.01, 661044
0.01, 648332
0.01, 647941
0.01, 647548
0.01, 646609
0.01, 646496
0.01, 643397
0.01, 634654
0.01, 633886
0.01, 632959
0.01, 632566
0.01, 628487
0.01, 624631
0.01, 623143
0.01, 619582
0.02, 619309
0.02, 618539
0.02, 618370
0.02, 605219
0.02, 600412
0.05, 599824
0.05, 599074
0.06, 596190
0.06, 594872
0.10, 593649
0.10, 592088
0.10, 589789
0.10, 585608
0.12, 578469
0.12, 573248
0.12, 570150
0.14, 563415
0.15, 562781
0.15, 562771
0.15, 562134
0.15, 554910
0.15, 554095
0.15, 551953
0.15, 551081
0.15, 548057
0.18, 546725
0.18, 544266
0.18, 541280
0.18, 533709
0.18, 533068
0.25, 531322
0.29, 524287
0.29, 520723
0.32, 519465
0.32, 517308
0.34, 512096
0.34, 511743
0.34, 511642
0.34, 500638
0.34, 499096
0.34, 498520
0.34, 485237
0.34, 485230
0.34, 481055
0.41, 480620
0.41, 478158
0.43, 477491
0.43, 477110
0.43, 467672
0.44, 464668
0.44, 460054
0.44, 458408
0.44, 457094
0.44, 457040
0.44, 455726
0.44, 454835
0.45, 453998
0.45, 453293
0.45, 451498
0.45, 449346
0.46, 448703
0.46, 443653
0.46, 441722
0.46, 439962
0.46, 437183
0.46, 431959
0.49, 431634
0.49, 429888
0.49, 425009
0.51, 421447
0.51, 417551
0.51, 417269
0.55, 415820
0.55, 411374
0.55, 409015
0.55, 407259
0.55, 406099
0.56, 403891
0.56, 399441
0.56, 391064
0.58, 390366
0.58, 388897
0.58, 385977
0.58, 383982
0.60, 383492
0.60, 382167
0.60, 378865
0.60, 375672
0.60, 371107
0.60, 370505
0.60, 369379
0.60, 366737
0.60, 366647
0.60, 366200
0.63, 365148
0.63, 361956
0.63, 361519
0.63, 361431
0.63, 359604
0.63, 358786
0.63, 356497
0.63, 354132
0.63, 349035
0.65, 348869
0.65, 347960
0.65, 344769
0.65, 342183
0.65, 341674
0.65, 336586
0.67, 334691
0.67, 334250
0.67, 332732
0.67, 331957
0.67, 329937
0.67, 328862
0.69, 323919
0.69, 323329
0.69, 320578
0.69, 319395
0.69, 319286
0.69, 316127
0.69, 314484
0.69, 313034
0.69, 311578
0.69, 310939
0.69, 310347
0.69, 310264
0.69, 309072
0.71, 301457
0.71, 298448
0.73, 298318
0.73, 298297
0.73, 297360
0.73, 294549
0.73, 294487
0.73, 293238
0.75, 289649
0.75, 289453
0.75, 286231
0.75, 286119
0.75, 284705
0.75, 281490
0.75, 280763
0.75, 280273
0.75, 279777
0.75, 277771
0.79, 275989
0.79, 270118
0.79, 269425
0.79, 267752
0.79, 263549
0.80, 262585
0.80, 260042
0.80, 258738
0.80, 257451
0.80, 254589
0.80, 253357
0.80, 253120
0.82, 251741
0.83, 250580
0.83, 250498
0.85, 248171
0.85, 247653
0.85, 244908
0.85, 243830
0.85, 239520
0.85, 239351
0.85, 238482
0.85, 235847
0.86, 234736
0.86, 233838
0.87, 232941
0.88, 232360
0.88, 232083
0.88, 231131
0.88, 228824
0.88, 225752
0.88, 224845
0.88, 224132
0.90, 224028
0.90, 223526
0.91, 223501
0.91, 223016
0.91, 222317
0.91, 221640
0.91, 219659
0.92, 219347
0.92, 217202
0.92, 215790
0.93, 215012
0.93, 214503
0.96, 213106
0.96, 212667
0.96, 212470
0.96, 211830
0.96, 209191
0.96, 207888
0.96, 206456
0.96, 206250
0.96, 205756
0.96, 205191
0.96, 204398
0.96, 203459
0.96, 201916
0.96, 201233
0.96, 201081
0.96, 200660
0.96, 199731
0.96, 198328
0.96, 198114
0.96, 197949
0.96, 197550
0.96, 197330
0.96, 196575
0.96, 195848
0.96, 195337
0.96, 194427
0.96, 194161
0.96, 193487
0.96, 193362
0.96, 192057
0.96, 191748
0.96, 191114
0.97, 188827
0.97, 187316
1.01, 187043
1.01, 185892
1.01, 185437
1.01, 183467
1.01, 182984
1.01, 182423
1.01, 182215
1.01, 182125
1.01, 179257
1.01, 178717
1.01, 178453
1.01, 178412
1.01, 178356
1.01, 178035
1.01, 178026
1.01, 177818
1.01, 176967
1.01, 176841
1.04, 176497
1.04, 175163
1.04, 174149
1.04, 174023
1.04, 173987
1.04, 173321
1.06, 173129
1.06, 172819
1.06, 172696
1.06, 171860
1.06, 171609
1.06, 171472
1.07, 170593
1.07, 168901
1.07, 168261
1.07, 167604
1.07, 166680
1.07, 166566
1.07, 166335
1.09, 166123
1.09, 164839
1.09, 164768
1.09, 163947
1.09, 163208
1.10, 162888
1.10, 162772
1.12, 162391
1.12, 160313
1.12, 160177
1.12, 159751
1.12, 159742
1.12, 158805
1.13, 158739
1.13, 156844
1.13, 156262
1.13, 154407
1.15, 154356
1.15, 154308
1.15, 153946
1.16, 153533
1.16, 153334
1.16, 153239
1.16, 153149
1.16, 152657
1.16, 152519
1.17, 152131
1.17, 151999
1.17, 151810
1.17, 151718
1.17, 151668
1.17, 151535
1.17, 151183
1.17, 150683
1.17, 150295
1.18, 150006
1.18, 149984
1.18, 147336
1.18, 147318
1.18, 147078
1.18, 146950
1.18, 146453
1.18, 146209
1.22, 145601
1.22, 144146
1.25, 143773
1.25, 143438
1.25, 143418
1.25, 143233
1.25, 143205
1.25, 142819
1.25, 141932
1.25, 141664
1.25, 141100
1.25, 140049
1.25, 139865
1.29, 139703
1.29, 139485
1.29, 139401
1.29, 139005
1.29, 138128
1.29, 137844
1.29, 137837
1.33, 137793
1.33, 137586
1.33, 137522
1.33, 137231
1.33, 137182
1.33, 136760
1.33, 136490
1.34, 136319
1.34, 136000
1.35, 135771
1.35, 135763
1.35, 135300
1.35, 135071
1.35, 134880
1.36, 134735
1.36, 134715
1.36, 134537
1.40, 134392
1.40, 134382
1.47, 134233
1.47, 134112
1.47, 133918
1.47, 133717
1.49, 133582
1.52, 133475
1.53, 133315
5.24, 133183
5.24, 132999
5.25, 132802
5.32, 132764
5.49, 132752
5.50, 132735
