0.02, 771853
0.02, 770332
0.02, 755380
0.02, 755298
0.02, 752907
0.02, 747434
0.02, 745439
0.02, 741174
0.02, 738604
0.02, 733166
0.02, 725171
0.02, 724602
0.02, 722996
0.02, 719164
0.02, 715990
0.02, 714020
0.02, 698877
0.02, 690004
0.02, 689608
0.02, 689405
0.02, 674227
0.02, 673860
0.02, 672626
0.02, 672401
0.02, 671385
0.02, 666040
0.02, 664521
0.02, 661937
0.02, 658253
0.02, 656568
0.02, 652448
0.02, 649342
0.02, 645519
0.02, 644097
0.02, 624822
0.02, 620944
0.02, 619077
0.03, 610575
0.03, 609962
0.03, 609139
0.03, 605821
0.04, 601139
0.05, 591818
0.07, 590473
0.09, 587642
0.09, 586125
0.09, 580945
0.09, 579579
0.09, 575102
0.12, 575084
0.12, 574504
0.15, 571543
0.15, 571389
0.15, 571249
0.16, 567664
0.17, 565009
0.17, 564748
0.17, 559842
0.17, 559379
0.24, 556046
0.24, 553175
0.24, 543642
0.24, 540796
0.25, 538291
0.25, 534737
0.25, 532864
0.25, 530204
0.25, 527117
0.25, 526480
0.25, 526351
0.27, 525194
0.31, 522064
0.32, 520429
0.32, 518659
0.32, 517383
0.32, 515647
0.32, 515072
0.32, 514383
0.33, 511737
0.33, 493966
0.40, 490694
0.40, 486047
0.40, 483969
0.40, 480037
0.44, 477656
0.44, 474955
0.44, 473270
0.44, 472867
0.44, 470023
0.44, 463396
0.45, 462375
0.45, 460552
0.47, 457817
0.47, 456855
0.47, 446528
0.47, 446161
0.50, 445630
0.50, 444780
0.50, 444346
0.50, 443907
0.50, 442756
0.50, 441051
0.50, 439329
0.50, 435367
0.52, 434019
0.52, 433485
0.52, 431812
0.52, 431467
0.52, 430861
0.52, 429603
0.52, 423868
0.53, 422600
0.54, 420511
0.54, 413908
0.54, 410066
0.54, 406493
0.54, 406358
0.55, 404120
0.58, 402995
0.58, 400691
0.58, 400202
0.58, 395896
0.58, 395804
0.58, 393994
0.58, 387786
0.60, 378773
0.60, 375653
0.62, 374624
0.62, 370107
0.62, 370106
0.62, 369528
0.64, 359776
0.64, 355535
0.64, 354496
0.65, 354471
0.65, 353235
0.65, 350937
0.65, 350037
0.65, 348823
0.65, 348720
0.65, 345863
0.65, 345144
0.65, 344008
0.65, 341148
0.68, 339367
0.68, 337919
0.68, 336776
0.68, 335502
0.68, 334169
0.68, 330324
0.68, 327728
0.68, 325306
0.70, 325034
0.70, 324463
0.70, 320549
0.70, 318620
0.70, 316771
0.70, 312910
0.70, 310431
0.72, 305352
0.72, 304858
0.72, 304848
0.75, 303923
0.75, 303025
0.75, 302510
0.75, 301980
0.75, 301113
0.76, 300505
0.76, 298336
0.76, 296067
0.76, 294941
0.76, 293464
0.76, 288746
0.76, 286319
0.76, 286129
0.76, 285010
0.76, 285006
0.76, 283575
0.76, 280506
0.76, 277559
0.76, 276221
0.77, 274379
0.77, 273979
0.77, 271187
0.77, 268963
0.77, 267896
0.80, 265109
0.80, 264739
0.80, 264080
0.80, 263334
0.80, 262311
0.80, 261953
0.80, 259754
0.80, 259474
0.80, 257980
0.80, 256763
0.80, 254075
0.80, 252693
0.80, 252228
0.84, 251899
0.84, 251787
0.84, 249516
0.84, 247773
0.84, 245351
0.85, 244001
0.85, 242975
0.85, 240363
0.85, 239399
0.85, 238980
0.85, 238714
0.85, 237607
0.85, 237568
0.85, 236093
0.85, 233832
0.85, 233264
0.85, 231044
0.85, 230833
0.89, 230466
0.89, 230199
0.89, 229541
0.89, 227497
0.89, 226010
0.89, 223495
0.89, 223229
0.89, 222444
0.89, 222102
0.89, 219152
0.89, 218617
0.89, 216886
0.89, 216813
0.89, 216609
0.92, 213698
0.92, 212722
0.92, 212474
0.92, 211930
0.93, 210696
0.93, 210203
0.93, 209173
0.94, 208731
0.94, 208714
0.94, 208667
0.94, 208130
0.94, 208071
0.94, 208000
0.94, 207384
0.95, 206869
0.95, 206494
0.95, 204486
0.95, 203463
0.95, 201990
0.98, 201836
0.98, 201370
0.98, 200689
0.98, 200123
1.00, 199792
1.00, 198715
1.00, 198585
1.00, 197983
1.00, 195083
1.00, 195070
1.00, 193836
1.00, 193005
1.00, 192902
1.00, 192715
1.00, 192306
1.00, 191756
1.00, 190672
1.01, 190285
1.01, 189645
1.01, 189405
1.01, 188616
1.01, 188058
1.01, 187181
1.01, 186088
1.01, 185703
1.01, 184438
1.01, 182851
1.04, 182763
1.04, 182644
1.04, 181741
1.04, 181227
1.04, 180583
1.04, 180247
1.04, 178834
1.04, 178366
1.04, 178290
1.04, 176511
1.04, 176354
1.04, 175830
1.04, 175802
1.04, 175710
1.04, 175502
1.04, 175464
1.04, 174103
1.04, 173809
1.04, 173124
1.04, 172775
1.04, 171308
1.04, 171089
1.04, 171065
1.04, 170058
1.04, 169891
1.04, 169694
1.06, 168336
1.06, 167745
1.06, 167587
1.07, 166292
1.07, 165632
1.11, 165281
1.11, 165016
1.12, 164976
1.12, 164794
1.12, 163613
1.12, 163548
1.12, 163404
1.12, 163150
1.12, 163102
1.12, 162818
1.12, 162670
1.12, 162098
1.12, 161761
1.12, 161040
1.12, 160812
1.12, 160742
1.14, 160350
1.14, 159892
1.14, 158540
1.14, 158174
1.14, 157573
1.15, 156571
1.15, 156239
1.15, 155389
1.15, 154873
1.15, 154520
1.16, 154129
1.17, 153562
1.17, 153189
1.17, 152928
1.17, 152880
1.17, 152822
1.17, 151826
1.17, 151697
1.17, 151665
1.18, 150001
1.18, 149275
1.18, 148451
1.18, 148139
1.18, 148011
1.18, 147978
1.18, 146642
1.18, 146287
1.18, 145728
1.18, 145594
1.18, 145361
1.23, 145239
1.23, 144579
1.23, 143795
1.23, 143396
1.24, 143327
1.27, 143153
1.27, 142922
1.29, 142679
1.29, 142638
1.30, 142338
1.30, 142141
1.30, 141629
1.30, 140909
1.30, 140354
1.30, 140205
1.30, 139920
1.30, 139826
1.30, 138991
1.31, 138938
1.33, 138458
1.36, 138048
1.36, 138009
1.36, 137867
1.37, 137561
1.37, 137374
1.37, 137352
1.37, 137272
1.37, 136908
1.37, 136866
1.41, 136652
1.41, 136336
1.41, 136181
1.41, 135807
1.41, 135576
1.41, 135442
1.42, 135392
1.53, 135234
1.53, 135043
1.54, 134957
1.54, 134584
1.54, 134534
1.55, 134395
1.55, 134352
1.55, 134204
1.64, 134133
1.64, 134130
3.18, 134055
3.20, 133981
3.20, 133797
3.21, 133321
3.25, 133277
3.25, 133059
3.27, 132989
3.28, 132918
3.29, 132822
3.40, 132772
