0.00, 733912
0.00, 733031
0.00, 731412
0.00, 721892
0.00, 719331
0.00, 719098
0.00, 707629
0.00, 703509
0.00, 696656
0.00, 689733
0.00, 687085
0.00, 686939
0.01, 686748
0.01, 682817
0.01, 680371
0.01, 676141
0.01, 674757
0.01, 673661
0.01, 671135
0.01, 666891
0.01, 666864
0.01, 657687
0.01, 653233
0.01, 643651
0.01, 635796
0.01, 635458
0.01, 635225
0.01, 631158
0.01, 630803
0.01, 628367
0.02, 625177
0.02, 623610
0.02, 620334
0.02, 619581
0.02, 617125
0.02, 616746
0.02, 616445
0.02, 614245
0.02, 613321
0.02, 613015
0.03, 612597
0.03, 611173
0.03, 605277
0.03, 597121
0.03, 593163
0.03, 591057
0.05, 589213
0.05, 588301
0.05, 586367
0.07, 571828
0.07, 569110
0.07, 567987
0.15, 565476
0.15, 561266
0.15, 558228
0.15, 556212
0.15, 556071
0.15, 552635
0.15, 549959
0.24, 549158
0.24, 548727
0.24, 548556
0.24, 544788
0.24, 536743
0.24, 535991
0.24, 535091
0.24, 534732
0.25, 534573
0.28, 531193
0.28, 522716
0.28, 522299
0.28, 520592
0.28, 520562
0.28, 520432
0.35, 518453
0.35, 517501
0.35, 513480
0.35, 512814
0.35, 510228
0.35, 510212
0.35, 507142
0.35, 506654
0.35, 505146
0.35, 504550
0.35, 503542
0.35, 494296
0.35, 489285
0.35, 480435
0.39, 479121
0.39, 475541
0.39, 471835
0.41, 465722
0.41, 461665
0.41, 460814
0.41, 459322
0.41, 457752
0.41, 457324
0.45, 457284
0.45, 452921
0.45, 452909
0.45, 451613
0.46, 449590
0.46, 448734
0.46, 447079
0.46, 443377
0.46, 439633
0.46, 437518
0.46, 436907
0.48, 435437
0.48, 434936
0.48, 434811
0.48, 431905
0.51, 431626
0.52, 431506
0.52, 429835
0.52, 429803
0.52, 429766
0.52, 425123
0.52, 422897
0.53, 419327
0.53, 413649
0.53, 411745
0.53, 405500
0.53, 404834
0.53, 403092
0.53, 400283
0.53, 396995
0.58, 394094
0.58, 393915
0.58, 393757
0.58, 393427
0.58, 393275
0.58, 388221
0.58, 385667
0.58, 385259
0.58, 384631
0.59, 380648
0.59, 378264
0.61, 376845
0.61, 376634
0.62, 375649
0.62, 374464
0.62, 373767
0.62, 373728
0.62, 373311
0.62, 370415
0.62, 369975
0.62, 367439
0.62, 367321
0.62, 367278
0.62, 364279
0.62, 362733
0.62, 361340
0.62, 356730
0.62, 354026
0.62, 353479
0.62, 353213
0.62, 351906
0.62, 347417
0.62, 340875
0.65, 340664
0.65, 340035
0.65, 339512
0.69, 338892
0.69, 337658
0.69, 336309
0.69, 335467
0.69, 335008
0.69, 332052
0.70, 331961
0.70, 328514
0.70, 325496
0.70, 324468
0.71, 324424
0.71, 324386
0.71, 322437
0.71, 315512
0.71, 314904
0.71, 314047
0.71, 309499
0.71, 304822
0.71, 304643
0.71, 304406
0.71, 304363
0.71, 304286
0.71, 302565
0.72, 301756
0.72, 301674
0.72, 300778
0.72, 299133
0.74, 297749
0.74, 297075
0.74, 295897
0.74, 293556
0.74, 292602
0.76, 289465
0.76, 289232
0.76, 288347
0.76, 287222
0.76, 286756
0.76, 284784
0.76, 281699
0.76, 279013
0.76, 279006
0.76, 278056
0.76, 277112
0.76, 275806
0.79, 275234
0.79, 273893
0.81, 272877
0.81, 271993
0.81, 271388
0.81, 270991
0.81, 270738
0.81, 270477
0.81, 269386
0.81, 267129
0.81, 263385
0.82, 263241
0.82, 260488
0.82, 258023
0.82, 257926
0.82, 257899
0.82, 257681
0.82, 257512
0.82, 255165
0.82, 255142
0.82, 252683
0.82, 249489
0.82, 248787
0.82, 248249
0.83, 246742
0.83, 245007
0.83, 243979
0.83, 243895
0.83, 242824
0.85, 241423
0.85, 238947
0.85, 238884
0.85, 238222
0.86, 237764
0.86, 237535
0.86, 236821
0.86, 235214
0.86, 234894
0.86, 233331
0.86, 231955
0.86, 231541
0.88, 230834
0.88, 230708
0.88, 230171
0.88, 228718
0.88, 227192
0.88, 227046
0.88, 226927
0.88, 223198
0.88, 222685
0.89, 222401
0.89, 222115
0.89, 222004
0.89, 220066
0.89, 219540
0.89, 219506
0.89, 218956
0.89, 218713
0.89, 215474
0.89, 215462
0.89, 214007
0.89, 213319
0.89, 211244
0.89, 211090
0.89, 210785
0.92, 210391
0.92, 210013
0.92, 210002
0.92, 209732
0.92, 208870
0.94, 208823
0.94, 207675
0.94, 206734
0.94, 205433
0.94, 204925
0.94, 204776
0.94, 203744
0.94, 201075
0.94, 199632
0.94, 199280
0.94, 198427
0.94, 196995
0.94, 195376
0.94, 195309
0.94, 194772
0.94, 193953
0.94, 191812
0.94, 189110
0.94, 188740
0.94, 188120
0.94, 187369
0.94, 187286
0.94, 187039
0.94, 186741
1.00, 184892
1.02, 184573
1.02, 184180
1.02, 182901
1.02, 182900
1.02, 182743
1.02, 182726
1.02, 182193
1.02, 181588
1.02, 181334
1.02, 181164
1.02, 178821
1.02, 178805
1.02, 178427
1.04, 178194
1.06, 176129
1.06, 173897
1.06, 173397
1.06, 173149
1.06, 172554
1.06, 171768
1.06, 171704
1.06, 169794
1.07, 169688
1.07, 168498
1.07, 168418
1.07, 168056
1.07, 168001
1.07, 167550
1.07, 167370
1.07, 167262
1.07, 167085
1.07, 166772
1.07, 166675
1.07, 166656
1.07, 166425
1.07, 165568
1.07, 165146
1.08, 164399
1.08, 162330
1.10, 162329
1.10, 162169
1.11, 161481
1.11, 160663
1.11, 160382
1.13, 159819
1.13, 159593
1.13, 159426
1.13, 158979
1.13, 158864
1.13, 158343
1.13, 158172
1.13, 157928
1.13, 157156
1.13, 156359
1.13, 156221
1.13, 155442
1.13, 155121
1.13, 155001
1.13, 154566
1.13, 153616
1.13, 152899
1.13, 152815
1.13, 151451
1.13, 150713
1.13, 150585
1.13, 149725
1.18, 149335
1.18, 148696
1.18, 148127
1.23, 147567
1.23, 147499
1.23, 146164
1.23, 146097
1.23, 145919
1.23, 145370
1.24, 144697
1.24, 144655
1.26, 144540
1.26, 144055
1.26, 143878
1.26, 143643
1.26, 143593
1.26, 141677
1.26, 140396
1.26, 140341
1.26, 140105
1.27, 139758
1.32, 139447
1.32, 139099
1.32, 138760
1.32, 138283
1.33, 137737
1.33, 137574
1.33, 137519
1.33, 137439
1.33, 137024
1.33, 136994
1.33, 136614
1.33, 136408
1.35, 136181
1.35, 135868
1.35, 135542
1.35, 135455
1.36, 135394
1.36, 135192
1.36, 134896
1.42, 134528
1.42, 134357
1.42, 133999
1.48, 133663
1.59, 133572
