0.00,682818
0.00,690192
0.00,659246
0.00,650551
0.00,624314
0.00,619684
0.00,598864
0.00,591270
0.00,572101
0.00,543655
0.00,526354
0.00,520908
0.00,508571
0.00,488309
0.00,486874
0.00,481835
0.00,470022
0.00,475170
0.00,498667
0.00,489937
0.00,481025
0.00,467815
0.00,471667
0.00,459046
0.00,457781
0.00,451495
0.00,434201
0.00,433966
0.00,449214
0.00,435493
0.00,433830
0.00,435970
0.00,421762
0.00,426108
0.00,420981
0.00,417640
0.00,420821
0.00,426635
0.00,423184
0.00,433917
0.00,451265
0.00,430887
0.00,434659
0.00,423265
0.00,408629
0.00,395291
0.00,398492
0.00,397425
0.00,395762
0.00,378954
0.00,382671
0.01,365633
0.01,368578
0.01,365798
0.01,364127
0.01,358942
0.01,349730
0.01,349776
0.01,350179
0.01,338790
0.01,341382
0.01,350363
0.01,355699
0.01,347668
0.01,366739
0.01,351290
0.01,352386
0.01,343817
0.01,338749
0.01,339903
0.01,338341
0.01,331629
0.01,326109
0.01,325790
0.01,325547
0.01,325851
0.01,327050
0.01,328876
0.01,320549
0.01,323596
0.01,321838
0.01,319060
0.01,321586
0.01,327122
0.01,319095
0.01,318988
0.01,309802
0.01,313917
0.01,315108
0.01,314354
0.01,313352
0.01,317252
0.01,310611
0.01,311038
0.01,310286
0.01,312265
0.01,310000
0.01,320431
0.01,324762
0.01,327319
0.01,347090
0.01,327302
0.01,305716
0.01,308939
0.01,297803
0.01,288717
0.01,284178
0.01,285476
0.01,281604
0.01,276158
0.01,277438
0.01,277429
0.01,274408
0.01,277216
0.01,273548
0.01,269863
0.01,264527
0.01,261180
0.01,257749
0.01,266997
0.01,267312
0.01,262846
0.01,254435
0.01,254296
0.01,254819
0.01,249162
0.01,250484
0.01,247049
0.01,249997
0.01,246900
0.01,244504
0.01,244577
0.01,246663
0.01,242242
0.01,240864
0.01,236831
0.01,235297
0.01,231841
0.01,229213
0.01,231319
0.01,231681
0.01,225807
0.01,227604
0.01,229408
0.01,228459
0.01,233133
0.01,228050
0.01,229540
0.01,224874
0.01,223828
0.01,222323
0.01,223692
0.01,221972
0.01,218007
0.01,219157
0.01,222151
0.01,220545
0.01,219003
0.01,214367
0.01,212553
0.01,212280
0.01,214539
0.01,215863
0.01,215827
0.01,213146
0.01,211838
0.01,211851
0.01,211105
0.01,221543
0.01,220129
0.01,223921
0.01,228247
0.01,228198
0.01,223050
0.01,219049
0.01,215493
0.01,215199
0.01,214469
0.01,209829
0.01,212548
0.01,211870
0.01,212394
0.01,214475
0.01,219339
0.01,225075
0.01,216228
0.01,214765
0.01,206439
0.01,202380
0.01,212865
0.01,224889
0.01,210394
0.01,198788
0.01,199071
0.01,197210
0.01,198053
0.01,203916
0.01,205966
0.01,200685
0.01,206999
0.01,210188
0.01,219687
0.01,235367
0.01,218756
0.01,209279
0.01,204421
0.01,198552
0.01,203134
0.01,199248
0.01,198051
0.01,201722
0.01,194869
0.01,192877
0.01,190187
0.01,188415
0.01,187402
0.01,190011
0.01,190822
0.01,190533
0.01,191277
0.01,188596
0.01,184777
0.01,184037
0.01,183241
0.01,182568
0.01,188083
0.01,192295
0.01,193558
0.01,189071
0.01,187232
0.01,190323
0.01,194416
0.01,197756
0.01,196891
0.01,194974
0.01,197224
0.01,195672
0.01,198606
0.01,193829
0.01,193083
0.01,188683
0.01,195307
0.01,212784
0.01,192247
0.01,186430
0.01,191379
0.01,188282
0.01,189300
0.01,189077
0.01,189865
0.01,187013
0.02,188475
0.02,187402
0.02,186076
0.02,183556
0.02,182260
0.02,189113
0.02,184768
0.02,184133
0.02,182774
0.02,182061
0.02,179706
0.02,182731
0.02,185651
0.02,178758
0.02,181493
0.02,180208
0.02,177723
0.02,175866
0.02,176363
0.02,179999
0.02,182050
0.02,186419
0.02,189366
0.02,194349
0.02,194768
0.02,198350
0.02,193746
0.02,194386
0.02,199849
0.02,206734
0.02,222696
0.02,206043
0.02,191367
0.02,190273
0.02,188291
0.02,189083
0.02,183705
0.02,179729
0.02,175802
0.02,175221
0.02,174296
0.02,173910
0.02,173907
0.02,172310
0.02,170719
0.02,169225
0.02,174727
0.02,175892
0.02,176505
0.02,178829
0.02,181513
0.02,184644
0.02,171624
0.02,167801
0.02,166617
0.02,165171
0.02,163938
0.02,162875
0.02,161845
0.02,161697
0.02,160360
0.02,159947
0.02,162355
0.02,163479
0.02,165667
0.02,167263
0.02,170071
0.02,168071
0.02,168234
0.02,168739
0.02,165642
0.02,168890
0.02,171202
0.02,170091
0.02,168382
0.02,169127
0.02,176855
0.02,167605
0.02,170186
0.02,173236
0.02,175462
0.02,177595
0.02,182601
0.02,185264
0.02,188316
0.02,181374
0.02,182203
0.02,184989
0.02,191739
0.02,205766
0.02,186406
0.02,175808
0.02,175622
0.02,171091
0.02,169876
0.02,165929
0.02,163901
0.02,161440
0.02,159083
0.02,158260
0.02,157510
0.02,156890
0.02,156274
0.02,155966
0.02,155273
0.02,154680
0.02,154123
0.02,153420
0.02,152908
0.02,154278
0.02,156676
0.02,160934
0.02,165099
0.02,170432
0.02,166158
0.02,158702
0.02,154390
0.02,154664
0.02,155329
0.02,155117
0.02,153137
0.02,157430
0.02,162134
0.02,156814
0.02,151922
0.02,151210
0.02,150515
0.02,150565
0.02,150037
0.02,149470
0.02,150458
0.02,149717
0.02,149038
0.02,149947
0.02,147715
0.02,147329
0.02,147003
0.02,146078
0.02,146104
0.02,145797
0.02,145500
0.02,145236
0.02,145010
0.02,144812
0.02,145419
0.02,145689
0.02,145435
0.02,144963
0.02,144351
0.02,143717
0.02,143560
0.02,143376
0.02,145173
0.02,145823
0.02,146995
0.02,149613
0.02,149522
0.02,148273
0.02,146540
0.02,144562
0.02,143855
0.02,144563
0.02,145433
0.02,145699
0.02,147500
0.02,151256
0.02,148568
0.02,147784
0.02,145825
0.02,144071
0.02,143473
0.02,142805
0.02,142439
0.02,142293
0.02,142156
0.02,141993
