0.01,724674
0.01,694478
0.01,693897
0.01,671844
0.01,667503
0.01,636494
0.01,611737
0.01,617189
0.01,616107
0.01,613397
0.01,606932
0.01,597219
0.01,588945
0.01,565234
0.01,562207
0.01,542615
0.01,545561
0.01,546381
0.01,535162
0.01,541899
0.01,544743
0.01,544213
0.01,525844
0.01,533150
0.01,540742
0.01,544023
0.01,544400
0.01,513532
0.01,520946
0.01,508936
0.01,501586
0.01,493752
0.01,489750
0.01,493763
0.01,490673
0.01,482493
0.01,474768
0.01,462214
0.01,451007
0.01,452176
0.01,453991
0.01,460599
0.01,468472
0.01,462429
0.01,451859
0.01,439318
0.01,427618
0.01,426896
0.01,436988
0.01,421433
0.01,416011
0.01,417844
0.01,414812
0.01,416300
0.01,408648
0.01,411358
0.01,404379
0.01,397730
0.01,399336
0.01,396232
0.01,396866
0.01,393728
0.01,388837
0.01,383672
0.01,378873
0.01,370189
0.01,374804
0.01,362714
0.01,356635
0.01,356791
0.01,347088
0.01,342383
0.01,342108
0.01,341456
0.01,342297
0.01,351025
0.01,341068
0.01,338956
0.01,335598
0.01,333544
0.01,332513
0.01,329955
0.01,331648
0.01,335837
0.01,337949
0.01,335685
0.01,319325
0.01,320414
0.01,332332
0.01,318823
0.01,324875
0.01,326041
0.01,322886
0.01,327703
0.01,330655
0.01,330979
0.01,332538
0.01,330459
0.01,343215
0.01,357247
0.01,335413
0.01,327257
0.01,315594
0.01,311263
0.01,310983
0.01,319371
0.01,320311
0.01,332813
0.01,336416
0.01,319530
0.01,309880
0.01,304352
0.01,303001
0.01,302920
0.01,299441
0.01,301071
0.01,292889
0.01,290014
0.01,295464
0.01,300618
0.01,307616
0.01,324472
0.01,309305
0.01,304317
0.01,295000
0.01,294615
0.01,292269
0.01,291660
0.01,293197
0.01,299449
0.01,299998
0.01,293618
0.01,296034
0.01,284146
0.01,288041
0.01,291773
0.01,296033
0.01,306430
0.01,328475
0.01,312793
0.01,303814
0.01,297900
0.01,296015
0.01,298936
0.01,308812
0.01,285233
0.01,277436
0.01,272775
0.01,272084
0.01,268431
0.01,266570
0.01,268144
0.01,260949
0.01,255581
0.01,251784
0.01,250931
0.01,251897
0.01,251477
0.01,246440
0.01,247868
0.01,246662
0.01,246649
0.01,244763
0.01,253822
0.01,251558
0.01,246632
0.01,239746
0.01,241445
0.01,241578
0.01,237535
0.01,235095
0.01,241150
0.01,237137
0.01,240958
0.01,240258
0.01,235703
0.01,230274
0.01,225487
0.01,225580
0.01,223894
0.02,227366
0.02,222581
0.02,225035
0.02,222599
0.02,218482
0.02,214575
0.02,214635
0.02,215121
0.02,215542
0.02,211888
0.02,217328
0.02,219316
0.02,215053
0.02,218998
0.02,215133
0.02,217746
0.02,222599
0.02,229024
0.02,237106
0.02,254182
0.02,241222
0.02,231554
0.02,231639
0.02,228312
0.02,229803
0.02,229678
0.02,229269
0.02,230676
0.02,228778
0.02,225380
0.02,237003
0.02,217989
0.02,218470
0.02,217524
0.02,215250
0.02,214674
0.02,217049
0.02,223063
0.02,220788
0.02,220385
0.02,216129
0.02,215430
0.02,215245
0.02,213822
0.02,219050
0.02,217352
0.02,215534
0.02,208777
0.02,212501
0.02,213235
0.02,206255
0.02,204292
0.02,201823
0.02,202392
0.02,205467
0.02,204857
0.02,203779
0.02,205394
0.02,205202
0.02,209270
0.02,211746
0.02,210229
0.02,212144
0.02,211061
0.02,209007
0.02,212596
0.02,218756
0.02,227362
0.02,244693
0.02,230168
0.02,223673
0.02,226254
0.02,220797
0.02,218509
0.02,212944
0.02,207984
0.02,209885
0.02,214874
0.02,211420
0.02,217291
0.02,212307
0.02,208388
0.02,208034
0.02,202969
0.02,202966
0.02,206339
0.02,201905
0.02,198926
0.02,197844
0.02,196822
0.02,197368
0.02,198578
0.02,199330
0.02,199115
0.02,197778
0.02,197730
0.02,196125
0.02,196002
0.02,198198
0.02,207029
0.02,213073
0.02,219724
0.02,236716
0.02,218806
0.02,212315
0.02,215188
0.02,210172
0.02,211420
0.02,211235
0.02,212161
0.02,215087
0.02,217943
0.02,214728
0.02,220975
0.02,213686
0.02,212746
0.02,212706
0.02,206815
0.02,206054
0.02,197779
0.02,195602
0.02,192920
0.02,190509
0.02,188343
0.02,186191
0.02,189620
0.02,189044
0.02,189187
0.02,192800
0.02,193641
0.02,194555
0.02,195125
0.02,192275
0.02,191066
0.02,191879
0.02,193911
0.02,194681
0.02,197476
0.02,191576
0.02,190472
0.02,184121
0.02,183832
0.02,183394
0.02,184367
0.02,183872
0.02,182462
0.02,188926
0.02,198735
0.02,207636
0.02,223596
0.02,208398
0.02,199412
0.02,200598
0.02,197656
0.02,197801
0.02,201357
0.02,200913
0.02,202802
0.02,204437
0.02,200399
0.02,207614
0.02,203310
0.02,202556
0.02,198057
0.02,195193
0.02,192912
0.02,192182
0.02,190032
0.02,186769
0.02,183608
0.02,184978
0.02,184599
0.02,183711
0.02,184523
0.02,183663
0.02,184226
0.02,188149
0.02,190369
0.02,192484
0.02,192779
0.02,189069
0.02,189374
0.02,185121
0.02,185140
0.02,180642
0.02,183507
0.02,185876
0.02,189184
0.02,189562
0.02,191000
0.02,191183
0.02,188809
0.02,189445
0.02,189288
0.02,193988
0.02,194804
0.02,192328
0.02,191001
0.02,189231
0.02,190421
0.02,195659
0.02,206507
0.02,223196
0.02,206684
0.02,198986
0.02,197640
0.02,190792
0.02,189776
0.02,189018
0.02,186824
0.02,185241
0.02,186866
0.02,180758
0.02,191689
0.02,183195
0.02,181832
0.02,180790
0.02,178763
0.02,179459
0.02,182038
0.02,180526
0.02,181231
0.02,180166
0.02,184173
0.02,186852
0.02,190804
0.02,187854
0.02,185633
0.02,182995
0.02,178995
0.02,180567
0.02,180032
0.02,181746
0.02,184660
0.02,185064
0.02,191252
0.02,192745
0.02,191229
0.02,193176
0.02,190994
0.02,192325
0.02,198136
0.02,205928
0.02,225414
0.02,212128
0.02,203149
0.02,202145
0.02,197093
0.02,202136
0.02,199276
0.02,193420
0.02,194341
0.02,176771
0.02,175549
0.02,173813
0.02,181024
0.02,182106
0.02,187222
0.02,189190
0.02,197295
0.02,218194
0.02,203465
0.02,196832
0.02,197101
0.02,195073
0.02,198934
0.02,195819
0.02,191090
0.02,190503
0.02,190009
0.02,182629
0.02,187146
0.02,180577
0.02,179080
0.02,177211
0.02,173029
0.02,171376
0.02,169766
0.02,173499
0.02,188306
0.02,174440
0.02,168243
0.02,166780
0.02,165495
0.02,164996
0.02,166899
0.02,166126
0.02,167339
0.02,170023
0.02,175532
0.02,178872
0.02,173738
0.02,170541
0.02,171381
0.02,173224
0.02,173110
0.02,173957
0.02,173041
0.02,174779
0.02,175731
0.02,179305
0.02,176659
0.02,177408
0.02,180129
0.02,183259
0.02,186835
0.02,188268
0.02,185867
0.02,191167
0.02,205780
0.02,189591
0.02,183665
0.02,178452
0.02,180533
0.02,180957
0.02,178740
0.02,186753
0.02,181645
0.02,178801
0.02,173790
0.02,171676
0.02,168007
0.02,167409
0.02,170936
0.02,172633
0.02,172352
0.02,172011
0.02,174892
0.02,177647
0.02,178693
0.02,178428
0.02,174466
0.02,172512
0.02,167933
0.02,165300
0.02,164315
0.02,164447
0.02,162843
0.02,161873
0.02,162042
0.02,164318
0.02,164411
0.02,162313
0.02,161683
0.02,160118
0.02,162196
0.02,165164
0.02,164770
0.02,166744
0.02,169480
0.02,169223
0.02,171899
0.03,172346
0.03,171118
0.03,173751
0.03,171613
0.03,170321
0.03,165882
0.03,160679
0.03,161762
0.03,167097
0.03,166249
0.03,165439
0.03,169994
0.03,173101
0.03,175303
0.03,179041
0.03,178240
0.03,184717
0.03,198532
0.03,181594
0.03,177340
0.03,173201
0.03,175439
0.03,176469
0.03,170599
0.03,177418
0.03,171278
0.03,169699
0.03,168624
0.03,165580
0.03,164661
0.03,162772
0.03,157638
0.03,157804
0.03,158252
0.03,156299
0.03,155152
0.03,156077
0.03,157371
0.03,159213
0.03,163507
0.03,169436
0.03,160248
0.03,160281
0.03,158390
0.03,157255
0.03,161400
0.03,166932
0.03,179141
0.03,163502
0.03,155190
0.03,154265
0.03,153384
0.03,152525
0.03,151845
0.03,154758
0.03,158238
0.03,159167
0.03,159216
0.03,160706
0.03,160261
0.03,159840
0.03,161620
0.03,161489
0.03,160837
0.03,162508
0.03,163177
0.03,163772
0.03,168987
0.03,162918
0.03,170427
0.03,169746
0.03,171214
0.03,176465
0.03,183465
0.03,200947
0.03,184029
0.03,175986
0.03,173706
0.03,172118
0.03,172693
0.03,166605
0.03,161285
0.03,157202
0.03,156653
0.03,151583
0.03,150073
0.03,150202
0.03,149537
0.03,149363
0.03,151138
0.03,149758
0.03,149159
0.03,148675
0.03,150236
0.03,149212
0.03,148656
0.03,148109
0.03,147524
0.03,146996
0.03,147353
0.03,148546
0.03,149147
0.03,150880
0.03,155766
0.03,157218
0.03,164072
0.03,152024
0.03,154025
0.03,149862
0.03,150174
0.03,151845
0.03,154250
0.03,169635
0.03,153383
0.03,147069
0.03,146468
0.03,145997
0.03,145607
0.03,145234
0.03,144873
0.03,144560
0.03,144275
0.03,144005
0.03,143779
0.03,143569
0.03,143500
0.03,144939
0.03,145210
0.03,144514
0.03,144602
0.03,146124
0.03,147166
0.03,148529
0.03,157023
0.03,147239
0.03,148465
0.03,146523
0.03,147257
0.03,150021
0.03,158117
0.03,173338
0.03,154170
0.03,145511
0.03,145997
0.03,143480
0.03,143848
0.03,143563
0.03,143803
0.03,144728
0.03,146022
0.03,147864
0.03,152158
0.03,158087
0.03,148899
0.03,148932
0.03,147041
0.03,145906
0.03,150051
0.03,155556
0.03,167788
0.03,152383
0.03,143841
0.03,142916
0.03,142904
