0.00,709605
0.00,682617
0.00,673744
0.00,674107
0.00,653995
0.00,635552
0.00,620896
0.00,602708
0.00,578658
0.00,581194
0.00,562552
0.00,557244
0.00,547356
0.00,531916
0.00,510229
0.00,492302
0.00,478317
0.00,476236
0.00,468365
0.00,466766
0.00,458429
0.00,452973
0.00,452858
0.00,451387
0.00,443203
0.00,432855
0.00,413991
0.00,403445
0.00,399216
0.00,399076
0.00,404506
0.00,404289
0.00,409127
0.00,411141
0.00,400087
0.00,402724
0.00,385596
0.00,392952
0.00,377338
0.00,369475
0.00,364607
0.00,354979
0.00,352978
0.00,350857
0.00,353748
0.00,354030
0.00,339847
0.00,342079
0.00,352850
0.00,347460
0.00,351028
0.00,353469
0.00,355560
0.00,373048
0.00,367471
0.00,359853
0.00,337981
0.00,338708
0.00,336057
0.00,331364
0.00,326887
0.00,317661
0.00,313658
0.00,315824
0.01,314551
0.01,311074
0.01,304841
0.01,305150
0.01,300577
0.01,299032
0.01,297161
0.01,293982
0.01,298936
0.01,295634
0.01,291313
0.01,293257
0.01,293685
0.01,301531
0.01,305016
0.01,299815
0.01,298407
0.01,286054
0.01,286503
0.01,287119
0.01,278649
0.01,280255
0.01,269914
0.01,264373
0.01,264741
0.01,264407
0.01,262620
0.01,269549
0.01,257649
0.01,259568
0.01,261734
0.01,257998
0.01,261533
0.01,259597
0.01,260697
0.01,265817
0.01,272885
0.01,274316
0.01,267089
0.01,260928
0.01,256696
0.01,256596
0.01,255580
0.01,249606
0.01,246116
0.01,247663
0.01,247836
0.01,254779
0.01,251139
0.01,259187
0.01,259891
0.01,258749
0.01,262181
0.01,267009
0.01,285466
0.01,270840
0.01,266549
0.01,262318
0.01,254435
0.01,255931
0.01,258934
0.01,259797
0.01,251646
0.01,244240
0.01,246507
0.01,246026
0.01,242591
0.01,244374
0.01,249307
0.01,254521
0.01,261260
0.01,262585
0.01,254457
0.01,258667
0.01,262592
0.01,269628
0.01,284044
0.01,264925
0.01,253737
0.01,247160
0.01,249448
0.01,254761
0.01,246227
0.01,247622
0.01,247859
0.01,250189
0.01,250577
0.01,247227
0.01,243674
0.01,240330
0.01,237289
0.01,234280
0.01,229402
0.01,230021
0.01,228052
0.01,227751
0.01,223768
0.01,220087
0.01,222426
0.01,220219
0.01,218088
0.01,213863
0.01,212104
0.01,207757
0.01,209344
0.01,215354
0.01,215718
0.01,219169
0.01,216619
0.01,213731
0.01,225764
0.01,223479
0.01,220657
0.01,216197
0.01,220142
0.01,227754
0.01,247133
0.01,230745
0.01,221758
0.01,207647
0.01,207127
0.01,208130
0.01,210248
0.01,209097
0.01,207679
0.01,206090
0.01,207261
0.01,201739
0.01,201636
0.01,200639
0.01,197831
0.01,200414
0.01,201662
0.01,200111
0.01,194802
0.01,198502
0.01,193420
0.01,214636
0.01,197908
0.01,190899
0.01,187095
0.01,188452
0.01,186286
0.01,185475
0.01,184917
0.01,183500
0.01,181594
0.01,183466
0.01,181791
0.01,183365
0.01,183718
0.01,186141
0.01,188481
0.01,188640
0.01,192770
0.01,186533
0.01,179484
0.01,177938
0.01,175916
0.01,174590
0.01,172836
0.01,171160
0.01,169003
0.01,167658
0.01,167141
0.01,165923
0.01,164784
0.01,163710
0.01,162640
0.01,161577
0.01,160564
0.01,162282
0.01,165099
0.01,164009
0.01,162779
0.01,163821
0.01,159555
0.01,160465
0.01,161769
0.01,167052
0.01,162267
0.01,159113
0.01,159899
0.01,159723
0.01,158974
0.01,158230
0.01,156587
0.01,155940
0.01,155094
0.01,154256
0.01,153481
0.01,152762
0.01,152979
0.01,152837
0.01,152561
0.01,154479
0.01,154957
0.01,154464
0.01,156995
0.01,157090
0.02,157303
0.02,156767
0.02,156828
0.02,156439
0.02,151634
0.02,153553
0.02,153992
0.02,159300
0.02,161505
0.02,166801
0.02,171197
0.02,174762
0.02,174508
0.02,176330
0.02,193728
0.02,177455
0.02,170369
0.02,166047
0.02,166065
0.02,161388
0.02,161445
0.02,158903
0.02,156920
0.02,156316
0.02,153809
0.02,152046
0.02,151117
0.02,150923
0.02,150678
0.02,150757
0.02,150955
0.02,153039
0.02,153825
0.02,154239
0.02,156547
0.02,157112
0.02,157959
0.02,160969
0.02,164917
0.02,164213
0.02,166582
0.02,166827
0.02,166592
0.02,171387
0.02,176170
0.02,177279
0.02,178891
0.02,194684
0.02,177296
0.02,170132
0.02,168211
0.02,166081
0.02,157735
0.02,152388
0.02,149878
0.02,150362
0.02,149862
0.02,149530
0.02,148951
0.02,148472
0.02,148007
0.02,147608
0.02,154805
0.02,159861
0.02,154757
0.02,150654
0.02,148616
0.02,147278
0.02,146168
0.02,144975
0.02,144177
0.02,144848
0.02,143841
0.02,143477
0.02,146085
0.02,146562
0.02,151732
0.02,148124
0.02,151287
0.02,148295
0.02,147146
0.02,152363
0.02,158197
0.02,153425
0.02,151708
0.02,151095
0.02,150082
0.02,151630
0.02,151414
0.02,151411
0.02,150914
0.02,151945
0.02,153526
0.02,156126
0.02,156734
0.02,156302
0.02,157033
0.02,156820
0.02,154200
0.02,153909
0.02,154068
0.02,153861
0.02,155496
0.02,156035
0.02,160704
0.02,164243
0.02,166898
0.02,166343
0.02,167740
0.02,184431
0.02,168750
0.02,162298
0.02,161396
0.02,159878
0.02,155029
0.02,154566
0.02,151374
0.02,147569
0.02,145039
0.02,145174
0.02,145741
0.02,145444
0.02,144951
0.02,144430
0.02,143186
0.02,142885
0.02,142588
0.02,142305
0.02,142041
0.02,141815
0.02,141619
0.02,141502
0.02,142095
0.02,140944
0.02,140881
0.02,140843
0.02,140826
