0.01,665386
0.01,644607
0.01,620573
0.01,603017
0.01,629817
0.01,612244
0.01,597683
0.01,598019
0.01,612252
0.01,598352
0.01,579114
0.01,578974
0.01,557106
0.01,535697
0.01,516830
0.01,508643
0.01,506061
0.01,492192
0.01,490810
0.01,469409
0.01,470130
0.01,462966
0.01,454647
0.01,446744
0.01,440090
0.01,430504
0.01,430734
0.01,426317
0.01,427188
0.01,424879
0.01,426363
0.01,415406
0.01,405153
0.01,400469
0.01,393714
0.01,390251
0.01,391926
0.01,390522
0.01,391936
0.01,382394
0.01,386926
0.01,385836
0.01,383252
0.01,373586
0.01,370402
0.01,371408
0.01,366989
0.01,366369
0.01,365353
0.01,362489
0.01,356292
0.01,349559
0.01,355344
0.01,359672
0.01,371195
0.01,368070
0.01,373659
0.01,381181
0.01,360476
0.01,344339
0.01,341514
0.01,342372
0.01,334992
0.01,334073
0.01,332996
0.01,336832
0.01,329855
0.01,325076
0.01,317685
0.01,318815
0.01,316017
0.02,312616
0.02,308569
0.02,306723
0.02,305079
0.02,307177
0.02,299630
0.02,296549
0.02,304623
0.02,297944
0.02,294383
0.02,298725
0.02,295307
0.02,285683
0.02,280500
0.02,277634
0.02,278544
0.02,276783
0.02,277867
0.02,275333
0.02,290305
0.02,290558
0.02,287950
0.02,287549
0.02,295886
0.02,290355
0.02,296398
0.02,315568
0.02,294580
0.02,284060
0.02,281424
0.02,275154
0.02,279042
0.02,280947
0.02,283178
0.02,281159
0.02,281015
0.02,279592
0.02,279127
0.02,279179
0.02,281247
0.02,279500
0.02,274844
0.02,272171
0.02,282681
0.02,285275
0.02,285632
0.02,285182
0.02,286042
0.02,290283
0.02,290129
0.02,296552
0.02,315930
0.02,292312
0.02,274486
0.02,268878
0.02,267618
0.02,264741
0.02,268175
0.02,262766
0.02,266391
0.02,263712
0.02,258305
0.02,256040
0.02,251745
0.02,256462
0.02,257784
0.02,258718
0.02,261457
0.02,258766
0.02,261698
0.02,262590
0.02,248443
0.02,247072
0.02,241059
0.02,237139
0.02,235617
0.02,234940
0.02,233539
0.02,233990
0.02,233482
0.02,229417
0.02,234308
0.02,232526
0.02,229729
0.02,229185
0.02,238898
0.02,230900
0.02,229235
0.02,226447
0.02,222212
0.02,222358
0.02,219916
0.02,220630
0.02,218646
0.02,214953
0.02,214553
0.02,217954
0.02,214881
0.02,218656
0.02,223500
0.02,221118
0.02,220303
0.02,220403
0.02,220703
0.02,217826
0.02,216993
0.02,218240
0.02,216589
0.02,213763
0.02,210720
0.02,207790
0.02,216066
0.02,213126
0.02,215153
0.02,214446
0.02,213448
0.02,213949
0.02,211797
0.02,205081
0.02,207837
0.02,203980
0.02,208988
0.02,208155
0.02,203085
0.02,201973
0.02,201398
0.02,198694
0.02,208620
0.02,196066
0.02,200781
0.02,198100
0.02,194907
0.02,193104
0.02,189555
0.02,184842
0.02,186694
0.02,187522
0.02,188978
0.02,192004
0.02,194033
0.02,195478
0.02,197914
0.02,199104
0.02,199988
0.02,190062
0.02,187316
0.02,184442
0.02,187230
0.02,191426
0.02,197509
0.02,191575
0.02,195854
0.02,204247
0.02,206168
0.02,211757
0.02,224861
0.02,206771
0.02,203195
0.02,204152
0.02,203315
0.02,200086
0.02,192485
0.02,183504
0.02,183137
0.02,190456
0.02,195622
0.02,195025
0.02,191463
0.02,189857
0.02,210465
0.02,191655
0.02,179488
0.02,176287
0.02,176352
0.02,177923
0.02,179834
0.02,182431
0.02,185739
0.02,188246
0.02,188459
0.02,191096
0.02,193579
0.02,193506
0.02,190329
0.02,188877
0.02,188389
0.02,193106
0.02,187568
0.02,187669
0.02,188127
0.02,193323
0.02,212456
0.02,198084
0.02,193766
0.02,190570
0.02,181367
0.02,180422
0.02,183517
0.02,185702
0.02,181082
0.03,187604
0.03,182876
0.03,188214
0.03,187645
0.03,181652
0.03,177300
0.03,177023
0.03,176303
0.03,173349
0.03,172965
0.03,177125
0.03,171140
0.03,169562
0.03,171030
0.03,170868
0.03,171862
0.03,173215
0.03,170594
0.03,168991
0.03,168038
0.03,166171
0.03,168059
0.03,171282
0.03,174369
0.03,173406
0.03,174419
0.03,175574
0.03,178036
0.03,177395
0.03,177944
0.03,179240
0.03,183285
0.03,183884
0.03,187462
0.03,186134
0.03,191494
0.03,192771
0.03,197645
0.03,210364
0.03,191905
0.03,188112
0.03,189994
0.03,185626
0.03,176712
0.03,174977
0.03,174114
0.03,169712
0.03,168045
0.03,169079
0.03,164952
0.03,164545
0.03,165451
0.03,169142
0.03,169979
0.03,172705
0.03,176206
0.03,175984
0.03,172953
0.03,169448
0.03,170033
0.03,170895
0.03,170266
0.03,166711
0.03,166037
0.03,166076
0.03,166358
0.03,166579
0.03,165097
0.03,164484
0.03,166690
0.03,170901
0.03,172113
0.03,173070
0.03,174266
0.03,173532
0.03,174005
0.03,177356
0.03,173619
0.03,171756
0.03,175506
0.03,180762
0.03,188487
0.03,194727
0.03,189086
0.03,198891
0.03,211901
0.03,192270
0.03,187116
0.03,187833
0.03,182483
0.03,175090
0.03,175649
0.03,176157
0.03,172540
0.03,166541
0.03,164974
0.03,164986
0.03,163349
0.03,162252
0.03,161571
0.03,161134
0.03,164056
0.03,164800
0.03,171200
0.03,161323
0.03,159934
0.03,163044
0.03,158585
0.03,159601
0.03,159576
0.03,159608
0.03,161928
0.03,164087
0.03,167849
0.03,170616
0.03,171817
0.03,177066
0.03,169133
0.03,169277
0.03,167848
0.03,168767
0.03,169762
0.03,172185
0.03,172095
0.03,173146
0.03,173530
0.03,169776
0.03,163412
0.03,162085
0.03,158212
0.03,160338
0.03,166438
0.03,165529
0.03,164585
0.03,166584
0.03,167768
0.03,173440
0.03,172119
0.03,169466
0.03,167304
0.03,173870
0.03,174504
0.03,176633
0.03,181748
0.03,196675
0.03,181119
0.03,178692
0.03,179557
0.03,173455
0.03,167140
0.03,165244
0.03,161916
0.03,156441
0.03,154927
0.03,153920
0.03,152949
0.03,152444
0.03,152583
0.03,154326
0.03,154375
0.03,151350
0.03,152275
0.03,152902
0.03,155446
0.03,156702
0.03,157350
0.03,155964
0.03,155166
0.03,156468
0.03,155463
0.03,155456
0.03,160945
0.03,162319
0.03,166730
0.03,174814
0.03,190331
0.03,173435
0.03,171994
0.03,170907
0.03,163394
0.03,152389
0.03,152512
0.03,151923
0.03,150830
0.03,153949
0.03,149052
0.03,151669
0.03,154544
0.03,159089
0.03,161831
0.03,162437
0.03,163220
0.03,164543
0.03,165406
0.03,173505
0.03,175064
0.03,176816
0.03,183934
0.03,196691
0.03,177032
0.03,174148
0.03,173504
0.03,169166
0.03,164673
0.03,162891
0.03,162326
0.03,153201
0.03,152457
0.03,151349
0.03,156204
0.03,158725
0.03,156954
0.03,153269
0.03,152277
0.03,152126
0.03,151700
0.03,150965
0.03,152124
0.03,152838
0.03,153939
0.03,152984
0.03,152417
0.03,150763
0.03,149743
0.03,149636
0.03,152119
0.03,151640
0.03,149887
0.03,148075
0.03,147226
0.03,147982
0.03,149384
0.03,152197
0.03,156377
0.03,157562
0.03,159793
0.03,160269
0.03,162518
0.03,163113
0.03,163486
0.03,167205
0.03,166230
0.03,167771
0.03,174029
0.03,188041
0.03,171495
0.03,170232
0.03,170676
0.03,166029
0.03,163099
0.03,164115
0.03,165815
0.03,160863
0.03,160894
0.03,159467
0.03,161468
0.03,160887
0.03,158767
0.03,153803
0.03,150915
0.03,150827
0.03,152512
0.03,155791
0.03,159060
0.03,163579
0.03,155217
0.03,155016
0.03,155307
0.03,155754
0.03,156935
0.03,156564
0.03,156300
0.03,156381
0.03,155527
0.03,154337
0.03,153408
0.03,151385
0.03,150903
0.03,149278
0.03,147712
0.03,147241
0.03,146392
0.03,144858
0.03,144086
0.03,143374
0.03,144039
0.03,143246
0.03,143090
0.03,143532
0.03,142763
0.03,142313
0.03,141810
0.03,141365
0.03,140938
0.03,140580
0.03,141992
0.03,143777
0.03,144735
0.03,140243
0.03,141584
0.03,141340
0.03,139019
0.03,138388
0.03,138102
0.03,138233
0.03,137874
0.03,137960
0.03,137586
0.03,137368
0.03,137170
0.03,138487
0.03,137594
0.03,136972
0.03,136816
0.03,136713
0.03,136658
