0.01, 723925
0.01, 723838
0.01, 723622
0.01, 723569
0.01, 718436
0.01, 711548
0.01, 708566
0.01, 707078
0.01, 703164
0.01, 695898
0.01, 695637
0.01, 694891
0.01, 692095
0.01, 687951
0.01, 687642
0.01, 686844
0.01, 685351
0.01, 682139
0.01, 672749
0.01, 662996
0.01, 660943
0.01, 659219
0.01, 656010
0.01, 654765
0.01, 653106
0.01, 649861
0.01, 644066
0.01, 640439
0.01, 634858
0.01, 634653
0.01, 630772
0.01, 630752
0.01, 629296
0.01, 627607
0.01, 626223
0.01, 626082
0.01, 621796
0.01, 608443
0.03, 607004
0.04, 605830
0.04, 603964
0.04, 601299
0.04, 598705
0.04, 594943
0.04, 592644
0.04, 582277
0.04, 568035
0.04, 566068
0.14, 564935
0.15, 558855
0.15, 546959
0.15, 546092
0.15, 545830
0.15, 543708
0.15, 543150
0.15, 540109
0.20, 539198
0.20, 536450
0.20, 531855
0.20, 531748
0.20, 529867
0.30, 525623
0.31, 519722
0.31, 509412
0.36, 506805
0.36, 503261
0.36, 502718
0.36, 494999
0.36, 493551
0.36, 490062
0.37, 489445
0.37, 487655
0.37, 483528
0.37, 481642
0.37, 477490
0.37, 475122
0.37, 471123
0.40, 469907
0.40, 469413
0.40, 467145
0.40, 463228
0.40, 461419
0.40, 459286
0.40, 454470
0.40, 454366
0.40, 447155
0.44, 445203
0.44, 440532
0.44, 439048
0.44, 437347
0.50, 436978
0.50, 435396
0.50, 435376
0.50, 434217
0.50, 433803
0.50, 433465
0.50, 433181
0.51, 431018
0.52, 430241
0.52, 427815
0.52, 422218
0.52, 419651
0.53, 418563
0.54, 418545
0.54, 417855
0.54, 416825
0.55, 411375
0.56, 410222
0.56, 409374
0.56, 406627
0.56, 406297
0.56, 399241
0.56, 395918
0.56, 393925
0.56, 392419
0.56, 392237
0.56, 391534
0.56, 382513
0.58, 376575
0.61, 374843
0.61, 373496
0.61, 362101
0.61, 360593
0.61, 358694
0.61, 356033
0.61, 355959
0.61, 355148
0.61, 348289
0.61, 347982
0.67, 346718
0.67, 346709
0.67, 345995
0.67, 342466
0.68, 341274
0.68, 340860
0.68, 340839
0.69, 340405
0.69, 340058
0.69, 339972
0.69, 339272
0.69, 339179
0.69, 337695
0.69, 336780
0.69, 334901
0.69, 334612
0.69, 333450
0.69, 331734
0.70, 330041
0.70, 327688
0.71, 327648
0.71, 327196
0.71, 327030
0.71, 325643
0.71, 323382
0.71, 323377
0.71, 323254
0.71, 323108
0.71, 320450
0.71, 319961
0.71, 317374
0.71, 315809
0.71, 315787
0.71, 314914
0.71, 312172
0.71, 310801
0.71, 309688
0.71, 308859
0.71, 307984
0.74, 307503
0.74, 307087
0.74, 301707
0.74, 299387
0.74, 296078
0.74, 294373
0.74, 293513
0.74, 293065
0.75, 292465
0.75, 290883
0.75, 290629
0.75, 290137
0.75, 289510
0.75, 287069
0.75, 283403
0.78, 282578
0.78, 280987
0.78, 279171
0.78, 278657
0.78, 277588
0.78, 276645
0.78, 273872
0.78, 273811
0.79, 273495
0.79, 272847
0.79, 272239
0.79, 272206
0.79, 271414
0.79, 271189
0.80, 270785
0.80, 269557
0.80, 268295
0.80, 267694
0.80, 266345
0.80, 259655
0.80, 258421
0.80, 257984
0.80, 257327
0.82, 257236
0.82, 256714
0.82, 256352
0.82, 255585
0.82, 255246
0.84, 255239
0.84, 251717
0.84, 251482
0.84, 248192
0.84, 248134
0.84, 245630
0.84, 245438
0.85, 245283
0.85, 243798
0.85, 242195
0.85, 241666
0.85, 241624
0.85, 241579
0.87, 241459
0.87, 240601
0.88, 240430
0.88, 239898
0.88, 239600
0.88, 234968
0.88, 234898
0.88, 234635
0.88, 234561
0.88, 234547
0.88, 233326
0.88, 232358
0.88, 230994
0.88, 228212
0.90, 227809
0.90, 226873
0.90, 224800
0.90, 224308
0.90, 223972
0.90, 222589
0.90, 222251
0.90, 221374
0.90, 221047
0.90, 220690
0.90, 220317
0.90, 218211
0.90, 217867
0.90, 217406
0.90, 216230
0.90, 215698
0.90, 214321
0.92, 212158
0.92, 208714
0.92, 208446
0.92, 208321
0.92, 208086
0.92, 207923
0.92, 207520
0.94, 206672
0.96, 206392
0.96, 205920
0.96, 205011
0.97, 204886
0.97, 203399
0.97, 202395
0.97, 202238
0.97, 202071
0.97, 200036
0.97, 199888
0.97, 199827
0.98, 199712
0.98, 199189
0.98, 196083
0.98, 195520
0.98, 193997
0.98, 193828
0.98, 193625
0.98, 192915
0.98, 191804
0.98, 189000
0.98, 188471
0.98, 188418
0.98, 188355
0.98, 187379
0.98, 187194
0.98, 186223
0.98, 185891
1.00, 185399
1.02, 184091
1.02, 182603
1.02, 181704
1.02, 181641
1.02, 181011
1.02, 180726
1.02, 180278
1.02, 180056
1.02, 177771
1.02, 177540
1.02, 177303
1.02, 176993
1.02, 176892
1.02, 176615
1.03, 176544
1.03, 176133
1.03, 175682
1.03, 175269
1.03, 174596
1.04, 173115
1.05, 172497
1.05, 172391
1.05, 171943
1.05, 169723
1.05, 168836
1.05, 168065
1.05, 168063
1.06, 166075
1.06, 164818
1.08, 164370
1.11, 164101
1.11, 164036
1.11, 163374
1.11, 163106
1.12, 162932
1.12, 162801
1.12, 161983
1.12, 161814
1.12, 161174
1.12, 161149
1.12, 161009
1.12, 160731
1.12, 160215
1.12, 159972
1.12, 159813
1.12, 159762
1.13, 159672
1.13, 159441
1.13, 159169
1.13, 158104
1.13, 157928
1.13, 157797
1.13, 157249
1.13, 157200
1.15, 156618
1.16, 155797
1.16, 155453
1.16, 155407
1.17, 153684
1.17, 153119
1.17, 152845
1.18, 152741
1.18, 152312
1.18, 152013
1.18, 152010
1.18, 151870
1.18, 151559
1.19, 151260
1.19, 149622
1.22, 149102
1.22, 148444
1.22, 148314
1.22, 147942
1.22, 147643
1.22, 146950
1.22, 146640
1.22, 146517
1.22, 145500
1.22, 145418
1.22, 145155
1.22, 144651
1.25, 144522
1.25, 144172
1.28, 143990
1.31, 143688
1.31, 143307
1.31, 143277
1.31, 142787
1.31, 142624
1.31, 141662
1.31, 141514
1.31, 141234
1.31, 140751
1.31, 139612
1.35, 139470
1.35, 139380
1.35, 138915
1.35, 138747
1.38, 138690
1.39, 138603
1.40, 138599
1.40, 138506
1.40, 138264
1.40, 137933
1.40, 137910
1.40, 137726
1.40, 137514
1.48, 137468
1.49, 137425
1.49, 137241
1.49, 137172
1.70, 137165
1.70, 137145
1.71, 137121
1.71, 137018
1.71, 136949
1.72, 136880
2.96, 136390
2.97, 136300
2.97, 136155
2.97, 136092
2.97, 135932
2.97, 135785
2.97, 135620
3.03, 135532
3.03, 135520
3.10, 135400
3.10, 135372
3.10, 135188
3.10, 134978
3.12, 134971
3.29, 134965
3.30, 134903
3.33, 134900
3.35, 134886
3.35, 134883
4.68, 134873
4.68, 134834
4.68, 134640
4.68, 134614
4.68, 134582
4.71, 134545
4.71, 134426
4.71, 134298
4.76, 134202
4.76, 133916
4.76, 133732
4.80, 133626
4.83, 133616
4.83, 133547
4.83, 133329
4.85, 133294
4.86, 133110
4.91, 133096
4.92, 133050
4.94, 133000
9.83, 132951
9.84, 132870
9.84, 132801
9.84, 132746
