0.00, 738025
0.00, 735284
0.00, 734578
0.00, 727252
0.00, 725026
0.00, 718301
0.00, 716054
0.00, 693239
0.00, 691733
0.00, 689357
0.00, 675149
0.00, 669691
0.00, 669106
0.00, 667662
0.00, 667491
0.00, 658314
0.00, 656517
0.01, 653415
0.01, 647284
0.01, 647078
0.01, 642396
0.01, 634063
0.01, 628610
0.01, 628606
0.01, 619018
0.02, 614223
0.02, 609938
0.02, 609641
0.02, 608024
0.02, 602350
0.02, 601658
0.05, 598685
0.05, 598613
0.06, 590084
0.06, 584881
0.06, 580985
0.06, 577453
0.06, 574703
0.07, 563920
0.07, 563469
0.07, 563467
0.07, 546979
0.25, 545672
0.25, 537163
0.25, 535928
0.25, 535887
0.25, 534634
0.29, 534282
0.29, 531603
0.31, 524853
0.31, 524552
0.31, 516399
0.33, 514749
0.34, 512876
0.34, 512795
0.34, 506323
0.34, 504738
0.37, 504052
0.37, 503921
0.39, 498564
0.39, 497428
0.39, 496187
0.39, 496115
0.39, 492251
0.39, 489278
0.39, 489103
0.41, 488147
0.41, 482899
0.41, 479844
0.41, 475396
0.41, 470750
0.41, 469664
0.41, 468794
0.41, 463171
0.41, 461624
0.44, 458762
0.44, 454029
0.44, 451719
0.44, 450744
0.46, 450359
0.46, 449074
0.46, 448296
0.46, 447917
0.46, 447031
0.46, 444868
0.46, 443680
0.46, 442456
0.46, 438756
0.46, 430564
0.49, 430019
0.49, 428265
0.49, 425073
0.51, 424931
0.53, 424837
0.53, 418059
0.53, 417042
0.53, 412455
0.53, 410914
0.54, 408733
0.54, 407513
0.54, 405470
0.54, 404898
0.54, 402747
0.54, 400905
0.54, 398247
0.54, 396066
0.54, 394976
0.54, 393466
0.54, 392403
0.54, 388202
0.54, 386723
0.54, 383781
0.54, 381126
0.57, 380735
0.57, 380659
0.57, 376138
0.60, 372681
0.60, 372158
0.60, 369002
0.60, 368248
0.60, 365187
0.60, 362527
0.60, 361582
0.62, 359971
0.62, 357769
0.62, 353735
0.62, 352982
0.62, 346522
0.62, 344682
0.62, 343965
0.62, 339566
0.62, 338129
0.62, 337594
0.62, 331626
0.62, 331038
0.62, 327588
0.68, 323678
0.68, 323362
0.68, 322524
0.68, 321129
0.68, 320066
0.68, 319032
0.68, 318248
0.68, 318088
0.68, 316571
0.68, 314987
0.71, 314154
0.71, 313638
0.71, 312051
0.71, 311716
0.71, 311494
0.71, 310927
0.71, 310416
0.71, 309568
0.71, 306353
0.73, 306203
0.73, 305074
0.73, 305049
0.73, 304300
0.73, 303899
0.73, 303437
0.73, 303282
0.73, 302439
0.74, 301064
0.74, 300286
0.74, 299575
0.74, 297884
0.74, 296730
0.74, 296692
0.74, 294942
0.75, 293117
0.75, 290470
0.75, 290324
0.75, 289360
0.75, 288707
0.75, 288304
0.75, 281760
0.75, 280820
0.75, 279238
0.75, 279188
0.75, 277951
0.75, 276846
0.75, 275227
0.80, 274522
0.80, 267924
0.80, 265991
0.80, 262351
0.80, 262127
0.80, 261543
0.80, 261507
0.80, 257865
0.80, 257851
0.80, 254854
0.80, 254742
0.80, 254347
0.83, 254333
0.83, 254026
0.83, 253510
0.83, 251829
0.83, 250231
0.83, 248434
0.83, 247888
0.83, 246545
0.83, 243696
0.83, 243236
0.83, 243201
0.83, 242927
0.83, 242719
0.84, 241943
0.84, 240903
0.85, 240096
0.85, 239421
0.85, 239399
0.85, 239106
0.85, 238333
0.88, 237981
0.88, 234665
0.88, 233617
0.88, 233007
0.88, 232832
0.88, 231062
0.88, 230860
0.88, 230429
0.88, 228283
0.88, 225514
0.88, 224321
0.89, 223663
0.89, 223310
0.89, 219893
0.89, 219633
0.89, 218585
0.89, 217993
0.89, 217640
0.89, 217205
0.89, 217113
0.94, 217020
0.94, 216300
0.94, 215646
0.94, 214944
0.94, 214716
0.94, 214621
0.94, 212962
0.94, 212844
0.94, 212156
0.94, 208447
0.94, 208047
0.94, 207256
0.94, 206849
0.94, 206233
0.94, 205294
0.94, 201754
0.94, 200513
0.95, 199131
0.95, 193889
0.95, 191690
0.95, 189702
0.98, 189071
0.98, 189040
0.98, 188884
0.98, 188713
0.98, 185495
0.98, 185302
0.98, 183377
0.98, 182466
0.98, 182422
0.98, 181912
0.98, 181455
0.98, 181434
1.00, 181041
1.00, 180959
1.00, 180682
1.00, 178907
1.00, 178533
1.00, 178358
1.00, 177382
1.00, 177332
1.00, 177108
1.00, 176793
1.00, 176283
1.05, 175301
1.05, 175054
1.05, 174122
1.05, 173454
1.07, 172004
1.07, 171700
1.07, 170539
1.07, 170107
1.07, 169968
1.07, 169928
1.10, 169812
1.10, 169619
1.10, 169565
1.10, 169462
1.13, 169211
1.13, 169115
1.13, 168538
1.13, 167911
1.13, 167647
1.13, 167499
1.13, 166250
1.13, 166166
1.13, 166022
1.13, 165327
1.13, 164232
1.13, 163800
1.13, 162515
1.13, 162326
1.13, 161420
1.13, 160220
1.13, 159943
1.13, 159865
1.13, 159760
1.13, 159569
1.15, 159491
1.15, 158968
1.15, 158926
1.15, 158887
1.15, 158426
1.15, 158047
1.15, 157936
1.15, 155593
1.15, 153996
1.15, 153395
1.15, 152228
1.15, 152002
1.15, 151956
1.16, 151690
1.16, 151114
1.19, 151008
1.19, 149716
1.20, 149310
1.20, 149011
1.20, 148899
1.20, 148887
1.20, 148822
1.20, 148469
1.21, 148220
1.21, 147783
1.21, 147345
1.21, 146195
1.21, 145803
1.21, 145721
1.21, 145593
1.26, 145195
1.26, 145161
1.26, 144486
1.26, 144135
1.26, 143876
1.26, 143773
1.27, 143463
1.27, 143254
1.27, 143175
1.27, 143165
1.27, 141715
1.27, 141369
1.27, 141125
1.27, 140798
1.32, 140477
1.33, 140160
1.33, 140155
1.34, 139624
1.34, 139423
1.34, 138910
1.34, 138558
1.34, 138021
1.36, 137873
1.36, 137824
1.36, 137633
1.36, 137484
1.37, 137350
1.37, 137178
1.39, 137098
1.40, 136928
1.40, 136825
1.40, 136775
1.40, 136661
1.40, 136645
1.40, 136492
1.40, 136394
1.40, 136233
1.40, 136189
1.41, 136085
1.44, 135876
1.44, 135682
1.45, 135654
1.45, 135604
1.47, 135384
1.47, 135105
1.56, 134830
1.64, 134810
1.68, 134794
1.68, 134791
1.81, 134784
2.95, 134572
2.95, 134213
2.99, 134143
2.99, 134111
3.04, 133968
3.07, 133954
3.07, 133826
3.08, 133783
3.10, 133668
3.10, 133571
3.10, 133380
3.10, 133330
3.12, 133294
3.19, 133239
3.26, 133202
6.49, 133142
6.50, 133089
6.55, 133037
6.56, 133026
