0.01, 725811
0.01, 717556
0.01, 716373
0.01, 709776
0.01, 703950
0.01, 703150
0.01, 694549
0.01, 686114
0.01, 686100
0.01, 683573
0.01, 673736
0.01, 673253
0.01, 672346
0.01, 649961
0.01, 648769
0.01, 640899
0.01, 640879
0.01, 633358
0.01, 622077
0.01, 620907
0.01, 620617
0.01, 613836
0.01, 607238
0.01, 605575
0.01, 601287
0.01, 594991
0.01, 589614
0.01, 588522
0.05, 586275
0.08, 582845
0.08, 582723
0.08, 580829
0.08, 580509
0.11, 571812
0.11, 569889
0.11, 565298
0.17, 564355
0.17, 554223
0.17, 548038
0.17, 543108
0.17, 542557
0.17, 538595
0.17, 536559
0.21, 530633
0.21, 530631
0.21, 530513
0.21, 526744
0.21, 526578
0.21, 523148
0.21, 514313
0.21, 513985
0.21, 513744
0.32, 511991
0.32, 510864
0.32, 510676
0.32, 510618
0.32, 510160
0.32, 508597
0.32, 506922
0.32, 506785
0.32, 504833
0.32, 499930
0.41, 498890
0.41, 489165
0.41, 487645
0.41, 483824
0.43, 480525
0.43, 477961
0.43, 476872
0.44, 475176
0.44, 468318
0.44, 467163
0.44, 460472
0.44, 456316
0.44, 453015
0.44, 446744
0.44, 442510
0.44, 439690
0.48, 437713
0.49, 435652
0.49, 434951
0.49, 431414
0.51, 429862
0.51, 429357
0.51, 426981
0.51, 425312
0.51, 425118
0.51, 424735
0.51, 423854
0.51, 422013
0.51, 421950
0.51, 418244
0.51, 418147
0.51, 415170
0.51, 411308
0.51, 411053
0.51, 409362
0.51, 408648
0.51, 408572
0.51, 405668
0.57, 402473
0.57, 401846
0.57, 400071
0.57, 393369
0.57, 389068
0.58, 384088
0.58, 382702
0.58, 381683
0.58, 381653
0.58, 380911
0.58, 378093
0.60, 376160
0.60, 372655
0.60, 372393
0.60, 369101
0.62, 368225
0.63, 367552
0.63, 365670
0.63, 365587
0.63, 363449
0.63, 361656
0.63, 359825
0.63, 358874
0.63, 357247
0.63, 355294
0.63, 354938
0.63, 354280
0.64, 349447
0.64, 348780
0.64, 345298
0.64, 345229
0.66, 343698
0.68, 342705
0.68, 342229
0.68, 341125
0.69, 337310
0.69, 337127
0.69, 334947
0.69, 331845
0.69, 327346
0.69, 326614
0.69, 325292
0.69, 322931
0.69, 320015
0.69, 319800
0.69, 318397
0.69, 316127
0.69, 316032
0.69, 314831
0.69, 314564
0.69, 313421
0.69, 313085
0.69, 312748
0.69, 308498
0.69, 307125
0.69, 306472
0.75, 303020
0.75, 302926
0.75, 301805
0.75, 299615
0.75, 299589
0.75, 299203
0.75, 297197
0.75, 296854
0.76, 296762
0.76, 295062
0.76, 291959
0.76, 291752
0.76, 291214
0.76, 291177
0.78, 290202
0.78, 290104
0.78, 289777
0.78, 289553
0.78, 285661
0.78, 285157
0.78, 284001
0.78, 282870
0.78, 282293
0.78, 281149
0.78, 280322
0.78, 278456
0.78, 276197
0.78, 274299
0.78, 272066
0.78, 270391
0.78, 269474
0.78, 266471
0.84, 264890
0.84, 264228
0.84, 263265
0.84, 263041
0.84, 262661
0.84, 261312
0.84, 260976
0.84, 259475
0.84, 259154
0.84, 258330
0.84, 257922
0.84, 257774
0.84, 257671
0.84, 257531
0.84, 255847
0.84, 255442
0.84, 253567
0.84, 253336
0.84, 252006
0.84, 251451
0.84, 250441
0.84, 249283
0.84, 247244
0.84, 245062
0.84, 244124
0.84, 243008
0.84, 242849
0.84, 242049
0.84, 241481
0.84, 241041
0.84, 239786
0.84, 238593
0.85, 238400
0.88, 235800
0.89, 233663
0.89, 232144
0.89, 230896
0.89, 230154
0.89, 229496
0.89, 228607
0.89, 225295
0.89, 225277
0.89, 223615
0.89, 221057
0.89, 220531
0.89, 218917
0.89, 218855
0.89, 217557
0.89, 217490
0.89, 217487
0.89, 217019
0.89, 216696
0.89, 215036
0.93, 214176
0.93, 213983
0.93, 213805
0.93, 212965
0.93, 212759
0.94, 212078
0.94, 210707
0.94, 210360
0.94, 210251
0.95, 210211
0.95, 208347
0.95, 206670
0.95, 206660
0.95, 206464
0.95, 206179
0.95, 204621
0.95, 203404
0.95, 203166
0.95, 202772
0.95, 201418
0.95, 200990
0.95, 200569
0.96, 200539
0.96, 198682
0.96, 197713
0.96, 197573
0.96, 197566
0.96, 196389
0.96, 196272
0.96, 196047
0.96, 195612
0.96, 194303
0.96, 194173
0.96, 193492
0.96, 192585
0.96, 191888
0.96, 191758
0.96, 190788
0.96, 190341
0.96, 189752
0.98, 189524
0.98, 188841
0.98, 188736
0.98, 188547
1.02, 187812
1.03, 187773
1.03, 187723
1.03, 186841
1.03, 186200
1.03, 185639
1.03, 184754
1.04, 184708
1.04, 183822
1.04, 183758
1.04, 182393
1.04, 182051
1.04, 182045
1.04, 181700
1.04, 181647
1.04, 180113
1.04, 179409
1.04, 178782
1.04, 178344
1.04, 177993
1.05, 177066
1.05, 176960
1.05, 174644
1.06, 173935
1.06, 173610
1.06, 172365
1.06, 170814
1.06, 170567
1.06, 170469
1.07, 169711
1.07, 169255
1.07, 169209
1.07, 168796
1.07, 168785
1.07, 168298
1.07, 168289
1.07, 168192
1.07, 167680
1.07, 167264
1.07, 167182
1.07, 166946
1.07, 166790
1.07, 166685
1.07, 166163
1.07, 165884
1.08, 164498
1.08, 163541
1.08, 162992
1.08, 162170
1.12, 161871
1.12, 161424
1.12, 160574
1.12, 160515
1.13, 159456
1.13, 158699
1.13, 158561
1.13, 158159
1.13, 157914
1.14, 157629
1.14, 157503
1.14, 157201
1.14, 157145
1.14, 156415
1.14, 155553
1.14, 155232
1.16, 155151
1.16, 154975
1.16, 154664
1.16, 154553
1.16, 154216
1.16, 154119
1.16, 152397
1.16, 152334
1.16, 151533
1.16, 149811
1.16, 149049
1.16, 148691
1.18, 148246
1.18, 147682
1.18, 147586
1.18, 147262
1.18, 147256
1.18, 147112
1.18, 146591
1.18, 145162
1.18, 144818
1.18, 144742
1.18, 144518
1.18, 144441
1.18, 143989
1.24, 143972
1.24, 143249
1.24, 143111
1.25, 142900
1.25, 142838
1.27, 142767
1.28, 142150
1.28, 142108
1.28, 141599
1.28, 141310
1.29, 141271
1.29, 141178
1.29, 140656
1.29, 140313
1.29, 139983
1.30, 139816
1.30, 139767
1.30, 139526
1.30, 139511
1.30, 139442
1.31, 139438
1.31, 138983
1.31, 138316
1.31, 138301
1.31, 138253
1.31, 137986
1.31, 137541
1.33, 137249
1.33, 137219
1.33, 137117
1.33, 137067
1.37, 136962
1.37, 136723
1.37, 136406
1.37, 136338
1.38, 136314
1.38, 136158
1.38, 135890
1.38, 135838
1.42, 135687
1.42, 135632
1.42, 135512
1.42, 135457
1.43, 135254
1.43, 134944
1.44, 134889
1.44, 134732
1.45, 134691
1.45, 134507
1.45, 134495
1.46, 134362
1.46, 134336
1.46, 134152
1.47, 134066
1.47, 133909
1.53, 133838
1.53, 133783
1.53, 133587
1.56, 133501
1.58, 133466
1.67, 133425
1.67, 133364
1.67, 133314
1.78, 133268
3.12, 133264
3.13, 133261
10.63, 133092
10.79, 132987
