0.00, 731958
0.00, 731625
0.00, 731284
0.00, 724908
0.00, 724611
0.00, 723162
0.00, 719407
0.00, 701621
0.00, 701429
0.00, 701312
0.00, 699391
0.00, 697017
0.00, 696213
0.00, 695258
0.00, 690145
0.00, 687599
0.00, 683270
0.00, 680587
0.00, 665996
0.00, 664879
0.00, 662270
0.01, 659700
0.01, 655871
0.01, 653795
0.01, 650727
0.01, 648429
0.01, 648106
0.01, 645909
0.01, 643208
0.01, 640132
0.01, 639021
0.01, 637442
0.01, 633356
0.01, 628318
0.01, 623701
0.01, 623250
0.01, 620609
0.02, 611825
0.04, 609749
0.05, 608537
0.05, 607580
0.05, 601572
0.07, 599413
0.07, 597535
0.10, 596025
0.11, 593069
0.11, 592007
0.11, 588211
0.11, 580846
0.11, 573524
0.11, 573471
0.15, 572970
0.16, 572918
0.16, 572619
0.16, 568150
0.17, 566613
0.17, 565622
0.20, 563927
0.20, 561715
0.20, 558039
0.20, 557873
0.20, 552579
0.20, 551945
0.20, 550760
0.20, 542829
0.22, 540148
0.22, 535884
0.22, 533906
0.29, 533763
0.29, 530943
0.29, 526608
0.32, 526579
0.32, 525093
0.32, 524522
0.32, 520619
0.32, 518066
0.32, 514688
0.32, 506971
0.36, 504878
0.36, 501537
0.37, 501286
0.37, 500683
0.37, 497981
0.37, 493747
0.37, 491008
0.37, 488644
0.37, 485741
0.37, 483270
0.39, 482002
0.40, 478910
0.40, 472973
0.40, 470007
0.40, 469923
0.40, 468492
0.40, 468174
0.44, 467903
0.46, 467386
0.46, 462339
0.46, 461917
0.46, 459805
0.46, 459026
0.46, 458613
0.46, 457771
0.46, 457569
0.47, 446454
0.50, 446286
0.50, 444594
0.50, 444210
0.50, 443207
0.50, 438458
0.51, 436865
0.51, 436204
0.51, 430384
0.51, 429869
0.51, 426779
0.51, 425713
0.51, 425266
0.51, 425193
0.51, 423490
0.51, 422838
0.52, 421411
0.52, 421335
0.52, 420983
0.52, 415993
0.52, 414640
0.52, 414432
0.54, 412829
0.54, 409099
0.54, 401555
0.54, 400202
0.57, 399165
0.57, 398432
0.57, 393178
0.57, 384942
0.57, 384850
0.57, 384220
0.57, 383643
0.61, 379914
0.61, 379578
0.61, 376444
0.61, 374403
0.61, 372319
0.61, 367415
0.61, 366687
0.61, 366559
0.61, 364431
0.61, 363082
0.61, 361080
0.61, 359466
0.63, 359238
0.63, 358416
0.63, 358091
0.64, 357581
0.64, 353679
0.64, 353475
0.64, 352384
0.64, 351989
0.64, 350581
0.64, 350257
0.65, 349775
0.65, 347411
0.65, 347195
0.66, 346755
0.66, 346360
0.66, 346123
0.66, 346048
0.67, 345974
0.67, 345754
0.67, 345552
0.68, 345508
0.68, 343304
0.68, 342953
0.68, 341277
0.68, 339709
0.68, 339581
0.68, 339073
0.68, 338956
0.68, 337593
0.68, 335669
0.68, 333886
0.69, 330556
0.69, 329868
0.69, 329793
0.69, 326002
0.69, 325425
0.69, 325192
0.69, 320702
0.69, 317497
0.69, 317446
0.69, 317010
0.69, 316609
0.69, 314207
0.69, 311797
0.69, 307807
0.69, 306241
0.69, 303638
0.69, 302743
0.69, 301478
0.69, 300192
0.72, 297268
0.72, 297238
0.72, 297179
0.72, 297164
0.73, 291854
0.73, 291481
0.74, 291439
0.74, 291171
0.74, 289953
0.76, 289431
0.76, 289086
0.76, 287193
0.76, 281127
0.76, 276687
0.76, 275894
0.76, 275658
0.76, 273672
0.76, 272585
0.76, 272366
0.76, 270430
0.78, 269774
0.78, 269166
0.78, 267649
0.78, 267385
0.78, 265580
0.78, 265366
0.78, 265198
0.80, 264653
0.80, 264255
0.81, 264015
0.81, 262109
0.81, 261407
0.81, 258966
0.81, 258426
0.81, 258280
0.82, 256728
0.82, 255266
0.82, 255211
0.82, 254735
0.82, 254168
0.82, 252849
0.82, 252446
0.82, 251407
0.82, 247691
0.82, 245611
0.82, 242942
0.82, 242785
0.82, 242649
0.82, 242533
0.82, 240182
0.82, 239285
0.82, 238466
0.82, 237961
0.82, 237460
0.82, 236443
0.84, 234461
0.84, 234251
0.84, 233428
0.84, 233375
0.84, 233203
0.86, 232768
0.86, 231673
0.86, 231524
0.88, 230356
0.88, 229226
0.88, 228416
0.88, 228406
0.90, 228287
0.90, 227295
0.90, 226746
0.90, 226622
0.90, 226234
0.90, 225794
0.91, 225377
0.91, 224946
0.91, 224627
0.91, 224120
0.91, 221838
0.91, 220716
0.91, 220275
0.91, 220218
0.92, 219608
0.92, 219537
0.92, 219283
0.92, 215732
0.92, 213346
0.92, 213047
0.92, 212897
0.92, 212519
0.92, 211137
0.92, 210967
0.95, 210345
0.95, 209025
0.95, 205892
0.96, 205272
0.96, 205261
0.96, 203399
0.96, 202790
0.96, 201758
0.96, 201735
0.96, 200508
0.96, 200099
0.96, 196575
0.96, 196306
0.96, 194879
0.96, 194007
0.96, 193995
0.96, 192892
0.96, 192033
0.96, 192001
0.96, 191107
0.96, 191026
0.96, 190215
1.00, 190118
1.00, 187462
1.00, 186169
1.00, 185025
1.00, 184394
1.00, 183718
1.00, 183704
1.01, 183696
1.01, 182891
1.01, 179807
1.01, 179724
1.01, 179167
1.04, 179057
1.04, 176825
1.04, 176127
1.04, 175665
1.04, 174195
1.04, 173731
1.04, 171493
1.06, 170715
1.06, 170652
1.06, 170647
1.06, 169830
1.06, 169244
1.06, 168820
1.07, 168511
1.07, 168096
1.07, 167762
1.07, 167635
1.07, 167554
1.07, 167210
1.07, 167166
1.09, 166620
1.10, 165885
1.10, 164225
1.12, 163955
1.12, 163499
1.12, 162534
1.12, 162329
1.12, 162090
1.12, 161968
1.12, 161557
1.12, 161351
1.12, 161221
1.12, 160327
1.12, 160267
1.12, 159557
1.12, 159552
1.12, 159542
1.12, 158528
1.13, 158256
1.13, 157525
1.13, 156652
1.14, 156445
1.14, 155076
1.14, 154676
1.14, 154101
1.14, 154073
1.15, 153855
1.16, 152834
1.19, 152086
1.19, 151809
1.19, 151583
1.19, 151243
1.19, 150754
1.19, 150651
1.19, 150035
1.19, 149172
1.19, 146944
1.19, 146284
1.20, 146059
1.20, 145742
1.20, 144955
1.21, 144836
1.21, 144569
1.22, 144429
1.25, 144025
1.25, 143841
1.25, 143680
1.25, 143421
1.25, 143230
1.25, 143132
1.29, 142908
1.29, 142481
1.29, 142229
1.29, 141839
1.29, 141655
1.29, 140894
1.30, 140617
1.31, 140390
1.32, 140348
1.32, 140309
1.32, 140270
1.32, 140174
1.32, 139830
1.33, 139327
1.33, 138803
1.33, 138484
1.33, 138368
1.33, 138204
1.33, 138159
1.33, 137724
1.34, 137342
1.34, 137279
1.34, 137163
1.34, 137060
1.34, 137018
1.36, 136907
1.36, 136474
1.36, 136248
1.36, 135823
1.36, 135754
1.39, 135736
1.42, 135616
1.42, 135591
1.42, 135488
1.43, 135080
1.46, 135065
1.46, 134640
1.46, 134576
1.47, 134502
1.47, 134374
1.47, 134319
1.47, 134135
1.47, 134052
1.47, 134049
1.48, 134007
1.56, 134006
1.56, 133825
1.56, 133822
3.28, 133801
3.31, 133639
3.31, 133422
3.31, 133353
3.32, 133148
3.40, 133135
3.40, 133118
3.48, 133105
3.48, 132959
