0.00,641047
0.00,609559
0.00,592647
0.00,590513
0.00,610886
0.00,570652
0.00,568640
0.00,570488
0.00,588641
0.00,537054
0.00,521413
0.00,512955
0.00,503625
0.00,491964
0.00,478667
0.00,471073
0.00,466017
0.00,451923
0.00,444654
0.00,438025
0.00,447486
0.00,435700
0.00,424557
0.00,422378
0.00,408305
0.00,401515
0.00,392284
0.00,387202
0.00,387611
0.00,375455
0.00,374286
0.00,367308
0.00,368344
0.00,367375
0.00,369421
0.00,366167
0.00,359584
0.00,353276
0.00,353771
0.00,343762
0.00,335061
0.00,344016
0.00,342301
0.00,323864
0.00,322224
0.01,309226
0.01,305965
0.01,303829
0.01,309682
0.01,314816
0.01,320635
0.01,319474
0.01,327839
0.01,343478
0.01,323270
0.01,311213
0.01,305916
0.01,305092
0.01,305680
0.01,305896
0.01,305617
0.01,306267
0.01,300990
0.01,294640
0.01,292555
0.01,285688
0.01,280820
0.01,274175
0.01,267842
0.01,266577
0.01,270852
0.01,276479
0.01,263815
0.01,256694
0.01,251709
0.01,257683
0.01,254811
0.01,252191
0.01,251308
0.01,250978
0.01,250624
0.01,254624
0.01,256083
0.01,255804
0.01,252112
0.01,249865
0.01,247596
0.01,247060
0.01,248246
0.01,246060
0.01,244301
0.01,243000
0.01,240400
0.01,238383
0.01,234249
0.01,230563
0.01,228746
0.01,235042
0.01,235778
0.01,233114
0.01,224443
0.01,223820
0.01,223390
0.01,225699
0.01,226140
0.01,218024
0.01,217122
0.01,212246
0.01,212295
0.01,209722
0.01,207510
0.01,205820
0.01,205302
0.01,203654
0.01,208716
0.01,207846
0.01,205049
0.01,205569
0.01,213609
0.01,211397
0.01,218832
0.01,232905
0.01,217491
0.01,217258
0.01,217699
0.01,214124
0.01,212567
0.01,209210
0.01,209107
0.01,210678
0.01,208481
0.01,203970
0.01,201121
0.01,201400
0.01,205745
0.01,201548
0.01,208618
0.01,209994
0.01,210318
0.01,214908
0.01,218228
0.01,221077
0.01,224382
0.01,224994
0.01,224010
0.01,239432
0.01,223488
0.01,217011
0.01,213463
0.01,201151
0.01,205786
0.01,199777
0.01,200104
0.01,194571
0.01,194232
0.01,194193
0.01,193294
0.01,198018
0.01,202169
0.01,206713
0.01,213885
0.01,210349
0.01,204114
0.01,207341
0.01,209110
0.01,208389
0.01,211404
0.01,215926
0.01,213309
0.01,208132
0.01,208226
0.01,206515
0.01,201067
0.01,198482
0.01,199254
0.01,199286
0.01,195499
0.01,193716
0.01,189756
0.01,189330
0.01,186314
0.01,186005
0.01,185939
0.01,184011
0.01,186436
0.01,189431
0.01,201496
0.01,182129
0.01,183332
0.01,183341
0.01,182781
0.01,182555
0.01,182896
0.01,180531
0.01,181242
0.01,180205
0.01,177824
0.01,175921
0.01,174265
0.01,175303
0.01,173174
0.01,172618
0.01,172649
0.01,175268
0.01,178685
0.01,184348
0.01,186480
0.01,193283
0.01,192001
0.01,197324
0.01,211796
0.01,195440
0.01,192832
0.01,192442
0.01,187549
0.01,183301
0.01,181075
0.01,176877
0.01,175690
0.01,172685
0.01,174130
0.01,176138
0.01,177993
0.01,178612
0.01,179303
0.01,180213
0.01,187255
0.01,188959
0.01,196535
0.01,211365
0.01,191570
0.01,189612
0.01,186858
0.01,180426
0.01,178196
0.01,176157
0.01,176381
0.01,178880
0.01,175123
0.01,174843
0.01,181729
0.01,183968
0.01,185257
0.01,180908
0.02,178530
0.02,177678
0.02,173285
0.02,170060
0.02,168766
0.02,168962
0.02,171207
0.02,172111
0.02,176654
0.02,178612
0.02,177031
0.02,176645
0.02,173802
0.02,171629
0.02,171369
0.02,170035
0.02,169874
0.02,171319
0.02,173327
0.02,175182
0.02,175801
0.02,176492
0.02,177402
0.02,184444
0.02,186148
0.02,193724
0.02,208554
0.02,188759
0.02,186801
0.02,184047
0.02,177615
0.02,176678
0.02,174616
0.02,173570
0.02,176069
0.02,173252
0.02,172116
0.02,178918
0.02,181157
0.02,182446
0.02,178097
0.02,175719
0.02,174867
0.02,170474
0.02,167249
0.02,168198
0.02,168614
0.02,169257
0.02,166939
0.02,165064
0.02,164974
0.02,164389
0.02,166788
0.02,165963
0.02,167100
0.02,167025
0.02,166423
0.02,169204
0.02,171252
0.02,171144
0.02,172546
0.02,172716
0.02,172914
0.02,170432
0.02,166453
0.02,166829
0.02,167493
0.02,167374
0.02,168632
0.02,170032
0.02,172222
0.02,174738
0.02,177925
0.02,185164
0.02,186988
0.02,190998
0.02,204676
0.02,187097
0.02,185141
0.02,184181
0.02,181131
0.02,179140
0.02,171930
0.02,170596
0.02,168614
0.02,164833
0.02,161977
0.02,163568
0.02,165814
0.02,167658
0.02,169677
0.02,171101
0.02,172063
0.02,169554
0.02,165660
0.02,164682
0.02,165664
0.02,165727
0.02,164862
0.02,164722
0.02,164023
0.02,165518
0.02,168428
0.02,172195
0.02,174610
0.02,173343
0.02,178240
0.02,179110
0.02,186780
0.02,202092
0.02,186657
0.02,183063
0.02,178916
0.02,174989
0.02,171471
0.02,167824
0.02,164712
0.02,165014
0.02,164475
0.02,165066
0.02,165060
0.02,169118
0.02,172903
0.02,168335
0.02,162140
0.02,159776
0.02,160873
0.02,158958
0.02,160286
0.02,163694
0.02,163359
0.02,165819
0.02,167980
0.02,168805
0.02,171304
0.02,171920
0.02,161931
0.02,157743
0.02,156567
0.02,156224
0.02,155159
0.02,154477
0.02,156194
0.02,155738
0.02,155029
0.02,154484
0.02,153104
0.02,150869
0.02,151631
0.02,149194
0.02,148986
0.02,148188
0.02,149472
0.02,149625
0.02,150122
0.02,152144
0.02,153141
0.02,151062
0.02,150172
0.02,148970
0.02,147874
0.02,149299
0.02,151366
0.02,153226
0.02,154208
0.02,156505
0.02,158790
0.02,160462
0.02,163919
0.02,164026
0.02,166618
0.02,169599
0.02,174224
0.02,169818
0.02,166140
0.02,166878
0.02,164072
0.02,163428
0.02,164312
0.02,155016
0.02,157544
0.02,161973
0.02,167448
0.02,180753
0.02,163564
0.02,162152
0.02,163184
0.02,158152
0.02,155840
0.02,149244
0.02,146813
0.02,149191
0.02,149990
0.02,149646
0.02,150693
0.02,147711
0.02,145997
0.02,145257
0.02,144760
0.02,144104
0.02,143392
0.02,143632
0.02,144736
0.02,149219
0.02,152798
0.02,158864
0.02,155252
0.02,151717
0.02,153826
0.02,153893
0.02,155557
0.02,158827
0.02,156250
0.02,152618
0.02,152743
0.02,151258
0.02,149104
0.02,147607
0.02,149667
0.02,149454
0.02,149532
0.02,150040
0.02,150220
0.02,153849
0.02,155011
0.02,157570
0.02,163221
0.02,164851
0.02,169308
0.02,169871
0.02,172696
0.02,189662
0.02,174787
0.02,168369
0.02,165805
0.02,159157
0.02,156441
0.02,153538
0.02,151321
0.02,147709
0.02,144706
0.02,143764
0.02,143194
0.02,142619
0.02,144008
0.02,143876
0.02,143790
0.02,144069
0.02,143408
0.02,143224
0.02,142060
0.02,141611
0.02,143123
0.02,145675
0.02,146395
0.02,148282
0.02,148984
0.02,151400
0.02,153375
0.02,158739
0.02,153023
0.02,149158
0.02,150288
0.02,149029
0.02,151256
0.02,153834
0.02,151273
0.02,146346
0.02,148414
0.02,148723
0.02,146611
0.02,145781
0.02,144917
0.02,145842
0.02,147704
0.02,146462
0.02,145636
0.02,149084
0.02,147712
0.02,148525
0.02,152195
0.02,153271
0.02,157969
0.02,159392
0.03,165446
0.03,182879
0.03,168981
0.03,161442
0.03,159545
0.03,153816
0.03,153612
0.03,152176
0.03,150266
0.03,149302
0.03,146740
0.03,146446
0.03,145359
0.03,143190
0.03,142048
0.03,142434
0.03,144049
0.03,144078
0.03,142900
0.03,141225
0.03,140873
0.03,140583
0.03,140357
0.03,140159
0.03,140588
0.03,140185
0.03,140127
0.03,139708
0.03,139605
0.03,139546
0.03,139493
0.03,139295
0.03,139130
0.03,139080
