0.00, 767390
0.00, 761712
0.00, 760169
0.00, 756654
0.00, 754205
0.00, 751980
0.00, 746779
0.00, 744596
0.00, 743347
0.00, 734795
0.00, 728768
0.00, 725537
0.00, 725312
0.00, 724822
0.00, 724342
0.00, 724094
0.00, 714965
0.00, 714133
0.00, 709883
0.00, 708640
0.00, 701481
0.00, 694670
0.00, 691472
0.00, 689536
0.00, 688834
0.00, 688340
0.01, 687650
0.01, 683002
0.01, 677566
0.01, 675053
0.01, 673638
0.01, 671486
0.01, 669020
0.01, 667817
0.01, 667691
0.01, 666105
0.01, 665357
0.01, 654889
0.01, 652401
0.01, 648608
0.01, 640068
0.01, 639798
0.01, 638470
0.01, 637864
0.01, 636950
0.01, 623026
0.01, 622851
0.01, 622772
0.01, 619612
0.01, 619608
0.01, 613638
0.01, 609991
0.01, 609729
0.01, 603418
0.01, 601415
0.01, 601229
0.01, 601148
0.01, 600800
0.01, 600748
0.03, 600190
0.03, 597078
0.03, 594213
0.03, 579860
0.03, 579255
0.05, 577091
0.06, 571453
0.11, 566206
0.11, 566191
0.11, 565363
0.11, 564941
0.13, 557216
0.13, 556389
0.19, 555805
0.19, 550536
0.19, 549501
0.19, 544870
0.19, 543961
0.19, 542230
0.19, 541587
0.20, 540809
0.20, 537737
0.25, 532333
0.30, 531506
0.30, 522702
0.31, 522609
0.31, 521477
0.31, 520429
0.31, 517139
0.31, 517073
0.33, 510590
0.34, 510319
0.35, 510018
0.35, 500364
0.35, 495808
0.35, 495231
0.35, 492965
0.35, 490548
0.35, 489481
0.35, 489313
0.35, 486308
0.35, 484361
0.35, 484247
0.38, 478013
0.38, 476400
0.38, 473754
0.38, 464080
0.38, 463721
0.43, 461065
0.43, 460955
0.43, 460108
0.44, 458269
0.44, 456020
0.44, 452526
0.44, 450079
0.44, 449002
0.44, 448720
0.44, 445959
0.44, 445842
0.44, 443584
0.44, 443051
0.44, 438513
0.44, 437903
0.51, 437741
0.51, 436685
0.51, 436099
0.51, 435534
0.51, 435145
0.51, 432096
0.51, 431946
0.51, 431017
0.51, 427819
0.51, 427361
0.53, 424780
0.53, 424481
0.53, 423856
0.53, 419156
0.53, 415537
0.53, 414261
0.53, 414080
0.53, 411515
0.53, 408352
0.53, 407070
0.53, 405090
0.53, 403137
0.53, 399018
0.54, 397761
0.54, 390237
0.56, 389093
0.56, 388755
0.56, 387782
0.58, 387570
0.58, 384524
0.58, 379261
0.58, 377118
0.62, 376693
0.62, 376606
0.62, 372884
0.62, 371901
0.62, 369919
0.62, 366759
0.62, 362471
0.62, 362324
0.62, 360972
0.62, 357971
0.62, 355072
0.62, 349882
0.62, 349191
0.62, 348178
0.62, 347291
0.62, 346433
0.62, 345507
0.62, 345224
0.62, 344481
0.63, 341972
0.63, 340863
0.63, 336780
0.63, 336460
0.63, 336455
0.63, 334662
0.63, 334382
0.63, 334370
0.63, 334017
0.68, 333478
0.68, 332825
0.70, 331040
0.70, 330924
0.70, 327312
0.70, 327268
0.70, 324972
0.70, 321961
0.70, 320945
0.70, 320441
0.70, 320010
0.70, 318994
0.71, 316198
0.71, 311640
0.71, 311426
0.71, 310048
0.71, 308907
0.71, 306405
0.71, 304052
0.71, 302202
0.75, 302168
0.75, 301852
0.75, 300973
0.75, 300136
0.75, 299974
0.75, 297399
0.76, 294752
0.76, 294610
0.76, 292998
0.76, 292817
0.76, 291253
0.76, 291118
0.76, 290975
0.76, 290438
0.76, 287851
0.76, 285741
0.76, 285092
0.76, 284740
0.76, 283906
0.76, 283289
0.76, 280684
0.76, 278670
0.76, 273420
0.78, 272254
0.78, 272236
0.80, 270896
0.80, 269755
0.80, 269536
0.80, 269515
0.80, 269285
0.80, 267339
0.80, 267128
0.80, 266927
0.80, 266314
0.80, 264708
0.80, 264385
0.80, 262517
0.80, 261548
0.80, 260553
0.80, 260207
0.80, 259812
0.80, 259360
0.84, 258463
0.84, 255023
0.84, 254444
0.84, 254396
0.84, 253498
0.84, 252132
0.84, 251787
0.84, 250778
0.84, 249511
0.84, 246064
0.84, 243309
0.84, 242154
0.84, 241246
0.84, 239130
0.85, 237725
0.86, 237618
0.86, 233679
0.86, 233607
0.86, 231609
0.86, 230009
0.86, 229115
0.86, 227416
0.89, 227094
0.89, 226186
0.89, 225808
0.89, 223831
0.89, 223466
0.89, 222491
0.89, 221476
0.89, 221457
0.89, 220070
0.89, 219939
0.89, 219849
0.89, 219722
0.89, 219303
0.89, 218342
0.89, 217724
0.89, 215921
0.89, 213111
0.89, 212994
0.89, 212815
0.89, 212069
0.89, 211919
0.89, 211778
0.89, 210864
0.89, 210828
0.89, 209936
0.93, 209891
0.93, 208183
0.93, 207400
0.93, 207136
0.93, 205254
0.95, 205198
0.95, 204145
0.95, 204040
0.95, 203954
0.96, 203948
0.96, 203907
0.96, 203805
0.96, 202495
0.96, 201119
0.96, 200656
0.96, 199880
0.96, 198837
0.96, 198280
0.96, 197622
0.96, 196901
0.96, 196282
0.96, 195902
0.96, 194853
1.00, 194761
1.00, 193198
1.00, 192973
1.00, 191781
1.00, 190781
1.00, 190734
1.00, 188579
1.00, 188578
1.00, 188538
1.00, 187865
1.00, 187460
1.00, 185951
1.00, 185870
1.00, 185687
1.01, 184237
1.01, 183679
1.01, 183009
1.01, 181308
1.01, 180940
1.01, 180878
1.01, 179680
1.01, 179601
1.01, 177995
1.02, 177922
1.02, 177342
1.02, 176367
1.02, 175038
1.02, 173921
1.02, 173843
1.02, 173816
1.02, 173263
1.02, 173228
1.02, 172756
1.02, 172743
1.02, 172093
1.02, 171664
1.02, 170493
1.02, 170356
1.02, 169119
1.04, 169003
1.04, 168282
1.04, 168019
1.08, 167510
1.08, 166208
1.08, 164964
1.10, 164487
1.11, 163963
1.11, 163948
1.11, 163925
1.11, 163016
1.11, 162870
1.11, 162759
1.11, 162299
1.11, 162018
1.11, 161541
1.11, 161507
1.11, 160390
1.11, 159916
1.12, 158363
1.12, 157901
1.12, 155691
1.12, 155571
1.12, 154081
1.12, 154028
1.12, 153668
1.17, 152683
1.17, 152458
1.17, 152190
1.17, 152179
1.18, 151907
1.18, 151127
1.18, 150887
1.20, 150499
1.20, 150243
1.20, 150152
1.20, 149186
1.20, 149015
1.20, 148595
1.20, 147751
1.20, 147732
1.20, 147694
1.21, 147200
1.21, 146843
1.21, 146667
1.21, 146664
1.21, 146469
1.22, 145910
1.22, 145658
1.22, 145270
1.22, 145167
1.25, 144483
1.25, 143728
1.25, 143659
1.25, 143219
1.25, 143215
1.25, 143094
1.25, 142869
1.26, 142472
1.27, 142278
1.27, 142129
1.27, 142053
1.27, 141712
1.27, 141415
1.27, 141299
1.27, 140624
1.27, 140248
1.27, 140198
1.28, 140129
1.28, 140109
1.28, 139174
1.29, 138283
1.30, 137999
1.30, 137670
1.30, 137447
1.30, 136542
1.30, 136241
1.40, 136184
1.40, 136167
1.40, 135895
1.41, 135821
1.41, 135553
1.41, 135414
1.49, 135267
1.50, 135151
1.50, 135082
1.50, 135013
1.57, 134857
1.57, 134339
1.58, 134289
1.58, 133810
1.58, 133741
1.59, 133731
1.60, 133712
3.23, 133528
3.23, 133209
3.25, 133003
3.42, 132986
3.42, 132907
