0.00,698046
0.00,704216
0.00,673903
0.00,634738
0.00,620440
0.00,603018
0.00,585076
0.00,584864
0.00,560812
0.00,566084
0.00,543077
0.00,532478
0.00,533589
0.00,525776
0.00,521859
0.00,524996
0.00,519436
0.00,511550
0.00,499927
0.00,485251
0.00,482340
0.00,466931
0.00,470559
0.00,467644
0.00,462182
0.00,470583
0.00,477017
0.00,487952
0.00,471920
0.00,459345
0.00,450372
0.00,446666
0.00,440846
0.00,444752
0.00,434193
0.00,435670
0.00,420472
0.00,429721
0.00,446029
0.00,433448
0.00,427839
0.00,421255
0.00,408568
0.00,397077
0.00,397470
0.00,397375
0.00,392823
0.00,394757
0.00,383597
0.00,372860
0.01,369724
0.01,358096
0.01,357098
0.01,353103
0.01,356281
0.01,344064
0.01,341605
0.01,327144
0.01,325476
0.01,318678
0.01,316288
0.01,314011
0.01,315004
0.01,310027
0.01,313361
0.01,313064
0.01,315883
0.01,306253
0.01,307862
0.01,309194
0.01,302889
0.01,296360
0.01,298161
0.01,310516
0.01,319583
0.01,335671
0.01,316616
0.01,314067
0.01,308335
0.01,302018
0.01,297336
0.01,290009
0.01,286962
0.01,284134
0.01,276080
0.01,273526
0.01,272696
0.01,272313
0.01,271407
0.01,269687
0.01,269400
0.01,264230
0.01,257528
0.01,253600
0.01,251354
0.01,249381
0.01,248434
0.01,246709
0.01,241517
0.01,238107
0.01,234126
0.01,233364
0.01,230365
0.01,230721
0.01,227832
0.01,231559
0.01,232318
0.01,234910
0.01,231978
0.01,229720
0.01,229620
0.01,232596
0.01,230005
0.01,232825
0.01,245326
0.01,240953
0.01,228273
0.01,225069
0.01,227051
0.01,228678
0.01,219346
0.01,217594
0.01,219900
0.01,214742
0.01,215827
0.01,219795
0.01,221345
0.01,216919
0.01,214703
0.01,213926
0.01,213975
0.01,210950
0.01,207215
0.01,208435
0.01,215209
0.01,216275
0.01,216022
0.01,218206
0.01,207629
0.01,211509
0.01,206795
0.01,205583
0.01,209082
0.01,217246
0.01,224341
0.01,222546
0.01,226043
0.01,230618
0.01,230962
0.01,247891
0.01,237193
0.01,228881
0.01,223850
0.01,217680
0.01,214857
0.01,212395
0.01,211769
0.01,211504
0.01,209317
0.01,208521
0.01,208448
0.01,211088
0.01,212633
0.01,209154
0.01,207824
0.01,203977
0.01,201468
0.01,200282
0.01,202243
0.01,204020
0.01,206450
0.01,206791
0.01,208310
0.01,206339
0.01,200844
0.01,203667
0.01,205141
0.01,205848
0.01,203781
0.01,201597
0.01,201632
0.01,203053
0.01,201956
0.01,205536
0.01,205117
0.01,207106
0.01,216936
0.01,216629
0.01,220502
0.01,233123
0.01,212637
0.01,210368
0.01,214296
0.01,209741
0.01,207491
0.01,196883
0.01,197465
0.01,197572
0.01,198581
0.01,200958
0.01,206158
0.01,205719
0.01,204607
0.01,204060
0.01,207925
0.01,211706
0.01,211726
0.01,213064
0.01,217606
0.01,212396
0.01,213094
0.01,209219
0.01,208252
0.01,207243
0.01,210091
0.01,207716
0.01,204288
0.01,204125
0.01,203526
0.01,204215
0.01,206736
0.01,207760
0.01,205045
0.01,201328
0.01,199173
0.01,194010
0.01,191556
0.01,193242
0.01,194170
0.01,194108
0.01,195860
0.01,194822
0.01,194675
0.01,192367
0.01,190516
0.01,186554
0.01,184877
0.01,183384
0.01,182280
0.01,183940
0.01,182193
0.01,189501
0.01,182718
0.01,179851
0.01,179424
0.01,176874
0.02,175913
0.02,174271
0.02,176529
0.02,176853
0.02,182080
0.02,184577
0.02,183784
0.02,182482
0.02,178542
0.02,179629
0.02,180599
0.02,181435
0.02,179914
0.02,177067
0.02,174829
0.02,179768
0.02,181836
0.02,176022
0.02,171589
0.02,171041
0.02,169305
0.02,170419
0.02,172983
0.02,169635
0.02,171553
0.02,168793
0.02,167983
0.02,166579
0.02,165176
0.02,164315
0.02,162987
0.02,161930
0.02,161731
0.02,160990
0.02,160144
0.02,159301
0.02,158637
0.02,160673
0.02,160689
0.02,162526
0.02,165460
0.02,166869
0.02,167104
0.02,168608
0.02,167574
0.02,163243
0.02,161725
0.02,158513
0.02,157146
0.02,157593
0.02,156672
0.02,156629
0.02,156102
0.02,154939
0.02,155519
0.02,156092
0.02,155086
0.02,154053
0.02,153295
0.02,152583
0.02,151874
0.02,151179
0.02,150522
0.02,153179
0.02,149880
0.02,149697
0.02,151209
0.02,147489
0.02,146910
0.02,146997
0.02,146449
0.02,146011
0.02,145610
0.02,144657
0.02,144305
0.02,144138
0.02,144035
0.02,143906
0.02,144163
0.02,144718
0.02,145835
0.02,146331
0.02,145646
0.02,145079
0.02,146115
0.02,149382
0.02,155033
0.02,158092
0.02,153449
0.02,151887
0.02,151662
0.02,148566
0.02,148789
0.02,154159
0.02,155335
0.02,159695
0.02,166556
0.02,170634
0.02,178782
0.02,194092
0.02,176041
0.02,172593
0.02,172202
0.02,166834
0.02,163794
0.02,158645
0.02,159034
0.02,159749
0.02,155133
0.02,154981
0.02,153842
0.02,152995
0.02,152466
0.02,151680
0.02,149934
0.02,148044
0.02,144578
0.02,144754
0.02,143045
0.02,146498
0.02,147755
0.02,153060
0.02,162644
0.02,166002
0.02,171933
0.02,189031
0.02,175524
0.02,170233
0.02,169009
0.02,163760
0.02,160571
0.02,155797
0.02,155324
0.02,155918
0.02,151453
0.02,150044
0.02,148610
0.02,148974
0.02,148031
0.02,144999
0.02,141978
0.02,143945
0.02,149161
0.02,152987
0.02,156702
0.02,162678
0.02,170130
0.02,179943
0.02,189144
0.02,169991
0.02,166476
0.02,165439
0.02,161556
0.02,160724
0.02,156176
0.02,154750
0.02,153303
0.02,148557
0.02,147661
0.02,147265
0.02,146651
0.02,143976
0.02,140940
0.02,140328
0.02,141747
0.02,142942
0.02,144853
0.02,144358
0.02,146593
0.02,150079
0.02,144456
0.02,141792
0.02,139359
0.02,138985
0.02,138688
0.02,138478
0.02,138294
0.02,139686
0.02,139298
0.02,139203
0.02,138656
0.02,139214
0.02,140016
0.02,139170
0.02,138601
0.02,137994
0.02,138062
0.02,137819
0.02,137837
0.02,137542
0.02,137414
0.02,137311
