0.00,755749
0.00,726877
0.00,741846
0.00,719668
0.00,691051
0.00,679143
0.00,667472
0.00,657977
0.00,643228
0.00,639319
0.00,637410
0.00,620307
0.00,620213
0.00,616476
0.00,594651
0.00,597118
0.00,597124
0.00,583418
0.00,585961
0.00,563200
0.00,545292
0.00,532048
0.00,523769
0.00,508749
0.00,516532
0.00,501288
0.00,499549
0.00,485105
0.00,482010
0.00,477292
0.00,468521
0.00,467881
0.00,468152
0.00,454252
0.00,453839
0.00,449053
0.00,463327
0.00,454842
0.00,453786
0.00,454431
0.00,459294
0.00,454034
0.00,455360
0.00,480549
0.00,448917
0.00,433629
0.00,424170
0.00,427450
0.00,429365
0.00,432521
0.00,431367
0.00,436921
0.00,431689
0.00,432785
0.01,451557
0.01,418949
0.01,416108
0.01,402182
0.01,400916
0.01,404909
0.01,405614
0.01,400742
0.01,406432
0.01,405122
0.01,398204
0.01,404094
0.01,401081
0.01,399205
0.01,393084
0.01,387914
0.01,388396
0.01,386720
0.01,377175
0.01,367404
0.01,380765
0.01,379705
0.01,389484
0.01,360203
0.01,361499
0.01,359686
0.01,364634
0.01,357059
0.01,360979
0.01,359499
0.01,362079
0.01,374236
0.01,369638
0.01,365026
0.01,362839
0.01,361571
0.01,355115
0.01,347505
0.01,345808
0.01,350262
0.01,356892
0.01,343896
0.01,351649
0.01,343589
0.01,342951
0.01,335705
0.01,328991
0.01,329706
0.01,328192
0.01,325497
0.01,326641
0.01,326684
0.01,325368
0.01,316508
0.01,318994
0.01,314361
0.01,304305
0.01,311126
0.01,318868
0.01,334922
0.01,321023
0.01,312701
0.01,314652
0.01,316084
0.01,326240
0.01,321471
0.01,313067
0.01,304107
0.01,307846
0.01,319613
0.01,325173
0.01,314305
0.01,307129
0.01,313275
0.01,301375
0.01,296371
0.01,297119
0.01,296622
0.01,295160
0.01,297532
0.01,286824
0.01,280556
0.01,281204
0.01,279999
0.01,282755
0.01,282008
0.01,283057
0.01,280655
0.01,284696
0.01,280622
0.01,278164
0.01,275097
0.01,271211
0.01,270877
0.01,270758
0.01,269774
0.01,267331
0.01,267744
0.01,263045
0.01,268882
0.01,270896
0.01,281071
0.01,279157
0.01,275361
0.01,275467
0.01,270512
0.01,273568
0.01,299148
0.01,288758
0.01,278412
0.01,272571
0.01,270769
0.01,270808
0.01,260581
0.01,264239
0.01,259208
0.01,258635
0.01,266080
0.01,264557
0.01,258001
0.01,256221
0.01,256872
0.01,257289
0.01,251061
0.01,254118
0.01,253780
0.01,255689
0.01,254200
0.01,252992
0.01,258526
0.01,257090
0.01,256341
0.01,262991
0.01,263346
0.01,257098
0.01,255956
0.01,253410
0.01,256730
0.01,275766
0.01,255826
0.01,246038
0.01,244977
0.01,244952
0.01,245141
0.01,246212
0.01,249322
0.01,252036
0.01,246615
0.01,247689
0.01,247638
0.01,247741
0.01,250227
0.01,258552
0.01,257502
0.01,263708
0.01,266650
0.01,277408
0.01,255322
0.01,250899
0.01,242856
0.01,246187
0.01,248399
0.01,245808
0.01,247747
0.01,246419
0.01,248003
0.01,274134
0.01,259687
0.01,254370
0.01,252895
0.01,251065
0.01,247393
0.01,241183
0.01,237671
0.01,233819
0.01,228384
0.01,225409
0.01,230107
0.01,231938
0.01,226062
0.01,225224
0.01,225781
0.01,228913
0.01,222785
0.01,224506
0.01,223599
0.01,221736
0.01,216475
0.01,218314
0.01,228450
0.01,227799
0.01,228593
0.01,226067
0.01,222406
0.01,223024
0.01,221760
0.01,223029
0.01,218607
0.02,215809
0.02,213766
0.02,215375
0.02,218549
0.02,223064
0.02,228045
0.02,221859
0.02,213994
0.02,217376
0.02,219458
0.02,218820
0.02,220210
0.02,221005
0.02,219145
0.02,215514
0.02,214474
0.02,208581
0.02,213424
0.02,211933
0.02,213168
0.02,214664
0.02,215783
0.02,216709
0.02,219253
0.02,220639
0.02,225078
0.02,226325
0.02,229370
0.02,227199
0.02,221134
0.02,217533
0.02,220073
0.02,220708
0.02,215826
0.02,214800
0.02,209418
0.02,214412
0.02,213386
0.02,208889
0.02,210041
0.02,212259
0.02,211398
0.02,216023
0.02,217157
0.02,220982
0.02,216464
0.02,216325
0.02,217625
0.02,216760
0.02,206838
0.02,204066
0.02,205214
0.02,206134
0.02,206745
0.02,205977
0.02,202129
0.02,200803
0.02,200393
0.02,199622
0.02,203264
0.02,197196
0.02,199689
0.02,200437
0.02,201676
0.02,201050
0.02,200119
0.02,199976
0.02,199866
0.02,205558
0.02,201505
0.02,193853
0.02,191093
0.02,192232
0.02,190190
0.02,189641
0.02,190086
0.02,190768
0.02,189891
0.02,187971
0.02,187709
0.02,188796
0.02,188022
0.02,186737
0.02,186399
0.02,184696
0.02,183258
0.02,183543
0.02,182904
0.02,183007
0.02,183594
0.02,186427
0.02,185453
0.02,185460
0.02,189572
0.02,192580
0.02,198070
0.02,193889
0.02,185670
0.02,185448
0.02,182774
0.02,182808
0.02,184492
0.02,188041
0.02,193083
0.02,188550
0.02,182136
0.02,180523
0.02,178724
0.02,176923
0.02,174100
0.02,171617
0.02,170475
0.02,168919
0.02,167484
0.02,166006
0.02,164677
0.02,164445
0.02,164751
0.02,164987
0.02,163039
0.02,161848
0.02,162571
0.02,160185
0.02,160071
0.02,161253
0.02,161531
0.02,165784
0.02,175632
0.02,158971
0.02,157927
0.02,156887
0.02,157659
0.02,156605
0.02,155662
0.02,154834
0.02,154054
0.02,153277
0.02,152516
0.02,153210
0.02,156688
0.02,156626
0.02,153053
0.02,154059
0.02,154049
0.02,155549
0.02,157014
0.02,155718
0.02,154159
0.02,153562
0.02,152807
0.02,152048
0.02,153179
0.02,153803
0.02,156661
0.02,159065
0.02,154926
0.02,154807
0.02,155107
0.02,153558
0.02,153205
0.02,152268
0.02,150988
0.02,150221
0.02,149600
0.02,150877
0.02,150641
0.02,151217
0.02,150633
0.02,151159
0.02,149995
0.02,149085
0.02,148958
0.02,149212
0.02,151267
0.02,156368
0.02,153806
0.02,152936
0.02,152410
0.02,150861
0.02,150508
0.02,149571
0.02,148291
0.02,149295
0.02,147695
0.02,147223
0.02,146776
0.02,146365
0.02,146199
0.02,145895
0.02,145694
0.02,145519
0.02,147418
0.02,151872
0.02,155958
0.02,155086
0.02,158538
0.02,163180
0.02,169507
0.02,172617
0.02,178951
0.02,193576
0.02,179492
0.02,171811
0.02,169044
0.02,163417
0.02,166529
0.02,165443
0.02,161799
0.02,158679
0.02,155240
0.02,154445
0.02,153490
0.02,151457
0.02,150868
0.02,150052
0.02,151785
0.02,153886
0.02,156760
0.02,157615
0.02,159601
0.02,156597
0.02,157682
0.02,158052
0.02,160002
0.02,160778
0.02,159854
0.02,159340
0.02,159141
0.02,159280
0.02,160508
0.02,159189
0.02,156159
0.02,154985
0.02,153417
0.02,152055
0.02,152956
0.02,152085
0.02,151325
0.02,150763
0.02,149164
0.02,146778
0.02,146235
0.02,145416
0.02,147710
0.02,151952
0.02,154594
0.02,155135
0.02,160251
0.02,163594
0.02,167896
0.02,177453
0.02,173119
0.02,174185
0.02,191057
0.02,177749
0.02,170576
0.02,171668
0.02,166531
0.02,166772
0.02,165251
0.02,159230
0.02,155303
0.02,153938
0.02,151836
0.02,150279
0.02,148979
0.02,149637
0.02,151159
0.02,153773
0.02,155836
0.02,157606
0.02,156584
0.02,158306
0.02,157640
0.02,159558
0.02,160942
0.02,160810
0.02,160731
0.02,159802
0.02,158738
0.02,158884
0.02,157697
0.02,157370
0.02,157055
0.02,154480
0.02,153348
0.02,154256
0.02,152725
0.02,150729
0.02,150237
0.02,149552
0.02,147428
0.02,146899
0.02,145327
0.02,145126
0.02,147514
0.02,147955
0.03,149672
0.03,152432
0.03,146319
0.03,146071
0.03,145919
0.03,145917
0.03,144422
0.03,149608
0.03,145143
0.03,145668
0.03,146410
0.03,145857
0.03,145841
0.03,144974
0.03,145119
0.03,143522
0.03,144704
0.03,146037
0.03,146976
0.03,147671
0.03,147704
0.03,145111
0.03,142467
0.03,143963
0.03,146018
0.03,146937
0.03,148741
0.03,147388
0.03,145339
0.03,141781
0.03,141670
0.03,143849
0.03,141466
0.03,141387
0.03,141337
0.03,141334
