0.00, 757307
0.00, 756426
0.00, 754812
0.00, 740296
0.00, 730608
0.00, 721335
0.00, 717819
0.00, 715553
0.00, 714460
0.00, 710431
0.00, 707858
0.00, 707247
0.00, 706779
0.00, 694707
0.00, 680918
0.00, 680569
0.00, 678194
0.01, 677981
0.01, 675808
0.01, 672968
0.01, 672628
0.01, 663877
0.01, 652267
0.01, 651508
0.01, 632073
0.01, 627224
0.01, 626145
0.01, 620324
0.01, 614318
0.01, 607292
0.02, 602961
0.02, 599763
0.03, 594855
0.03, 594554
0.04, 587303
0.04, 585810
0.04, 583483
0.04, 582427
0.04, 581867
0.05, 569709
0.09, 568786
0.09, 568626
0.09, 565581
0.09, 562231
0.09, 555209
0.09, 546532
0.09, 544314
0.09, 543407
0.09, 542733
0.09, 541901
0.09, 541657
0.09, 541499
0.09, 540721
0.18, 539147
0.18, 537988
0.18, 535903
0.24, 534325
0.24, 534025
0.24, 524484
0.24, 521556
0.24, 516360
0.24, 515020
0.24, 512817
0.24, 508774
0.24, 508502
0.24, 505484
0.24, 503814
0.24, 502989
0.33, 498124
0.39, 497140
0.39, 495460
0.39, 494153
0.39, 493669
0.39, 493088
0.39, 492659
0.39, 490883
0.42, 489716
0.42, 484177
0.42, 481773
0.42, 477472
0.42, 474361
0.44, 472278
0.44, 469196
0.44, 465041
0.45, 462956
0.45, 461543
0.45, 459331
0.45, 458324
0.45, 452075
0.45, 451152
0.45, 450842
0.45, 449223
0.45, 448465
0.45, 445192
0.45, 443820
0.45, 441797
0.45, 439334
0.45, 439318
0.45, 437093
0.45, 436987
0.49, 425407
0.49, 421006
0.49, 420850
0.53, 420688
0.53, 418806
0.53, 418370
0.53, 417422
0.54, 417412
0.54, 414059
0.54, 413918
0.54, 412647
0.54, 412639
0.55, 408193
0.55, 403770
0.55, 402016
0.55, 399069
0.55, 398731
0.55, 396565
0.56, 396137
0.56, 390316
0.56, 390245
0.56, 387414
0.56, 384964
0.59, 381819
0.59, 378821
0.59, 378685
0.59, 376861
0.62, 375738
0.62, 375688
0.62, 375154
0.62, 374316
0.62, 371803
0.62, 368664
0.62, 366934
0.62, 361922
0.62, 360379
0.62, 355800
0.62, 353984
0.65, 353023
0.65, 345131
0.65, 345055
0.65, 344205
0.65, 342565
0.65, 342379
0.65, 341432
0.65, 340930
0.65, 338589
0.69, 338234
0.69, 337581
0.69, 332555
0.69, 331286
0.69, 329476
0.69, 326182
0.69, 326142
0.69, 325341
0.69, 324576
0.69, 324521
0.69, 323077
0.70, 322110
0.70, 319458
0.70, 319072
0.70, 317142
0.70, 316066
0.70, 314791
0.70, 313677
0.70, 310778
0.70, 310605
0.70, 310203
0.70, 309456
0.70, 304050
0.70, 303776
0.70, 301476
0.70, 300891
0.70, 299583
0.73, 299482
0.73, 299463
0.73, 298965
0.73, 298948
0.73, 298240
0.73, 298039
0.73, 297778
0.73, 297687
0.73, 294743
0.73, 294218
0.73, 293971
0.76, 290672
0.76, 287474
0.76, 282273
0.76, 280191
0.77, 279204
0.77, 278106
0.77, 277885
0.78, 277809
0.78, 277726
0.78, 275867
0.78, 275452
0.78, 274141
0.81, 270648
0.81, 270285
0.81, 268952
0.81, 268528
0.81, 268254
0.81, 265997
0.82, 262810
0.82, 260819
0.82, 260571
0.82, 260281
0.83, 258489
0.84, 254767
0.84, 254709
0.84, 253728
0.84, 253152
0.85, 252798
0.86, 250258
0.86, 249391
0.86, 247941
0.87, 247865
0.87, 247093
0.87, 243292
0.89, 241559
0.89, 239246
0.89, 238472
0.89, 238350
0.89, 237003
0.89, 234093
0.89, 232882
0.89, 232080
0.89, 231855
0.89, 230523
0.89, 230429
0.89, 230252
0.89, 229420
0.89, 227957
0.89, 227608
0.91, 225793
0.92, 225329
0.92, 224762
0.93, 222129
0.93, 221237
0.93, 220921
0.94, 218869
0.94, 218841
0.94, 218725
0.94, 218565
0.94, 218453
0.94, 217927
0.94, 216860
0.94, 215736
0.94, 213254
0.94, 212251
0.94, 210829
0.95, 210254
0.95, 209847
0.95, 209493
0.95, 207658
0.95, 206152
0.95, 205582
0.95, 204793
0.95, 204150
0.95, 203216
0.95, 202603
0.95, 202418
0.95, 202178
0.95, 199830
0.96, 198119
0.96, 197770
0.96, 196466
0.96, 195847
1.01, 195498
1.01, 193996
1.01, 192736
1.02, 192035
1.02, 191875
1.04, 190714
1.04, 190668
1.04, 190454
1.04, 189921
1.04, 189893
1.04, 188455
1.04, 188156
1.04, 187443
1.04, 187349
1.05, 186537
1.05, 186484
1.05, 186464
1.05, 185582
1.05, 183738
1.05, 183710
1.05, 183663
1.05, 183661
1.05, 182843
1.05, 180998
1.06, 179064
1.06, 176377
1.06, 176315
1.07, 174912
1.07, 174776
1.07, 174591
1.07, 174501
1.07, 174031
1.07, 172923
1.07, 172759
1.07, 171209
1.07, 169182
1.07, 168734
1.07, 168706
1.07, 168622
1.07, 168224
1.07, 167073
1.07, 166980
1.07, 166703
1.07, 166335
1.07, 164545
1.09, 164316
1.10, 164154
1.10, 163758
1.10, 163738
1.10, 163727
1.12, 163434
1.12, 162897
1.12, 162740
1.12, 161363
1.12, 160495
1.12, 159808
1.13, 159502
1.13, 158426
1.13, 157745
1.15, 157117
1.15, 156867
1.15, 156731
1.16, 156384
1.16, 156305
1.16, 154112
1.16, 153541
1.16, 153384
1.16, 153042
1.16, 152441
1.16, 152162
1.16, 151294
1.16, 150435
1.16, 150138
1.17, 149735
1.17, 149568
1.17, 148582
1.17, 148356
1.17, 148314
1.17, 148173
1.19, 147552
1.19, 147359
1.22, 145948
1.22, 145759
1.22, 144734
1.27, 144679
1.27, 144345
1.27, 143959
1.27, 143919
1.28, 143632
1.28, 142755
1.28, 142638
1.28, 142186
1.28, 142136
1.28, 142088
1.28, 142031
1.28, 141552
1.28, 141269
1.28, 140854
1.30, 140764
1.30, 140590
1.30, 140327
1.30, 140101
1.30, 139977
1.30, 139837
1.30, 139656
1.30, 139124
1.30, 138752
1.38, 138367
1.38, 138348
1.38, 138168
1.38, 137858
1.38, 137832
1.38, 137512
1.39, 137412
1.39, 137256
1.39, 137083
1.39, 136885
1.41, 136555
1.41, 136427
1.41, 136350
1.41, 136132
1.41, 135750
1.41, 135731
1.41, 135171
1.42, 134827
1.42, 134701
1.42, 134517
1.45, 134473
1.45, 134211
1.52, 134174
1.52, 134124
1.52, 133999
1.52, 133953
1.52, 133824
1.53, 133769
1.54, 133736
1.61, 133712
1.61, 133569
1.73, 133543
3.20, 133368
3.21, 133184
3.21, 133013
3.46, 132976
