0.00,696180
0.00,674287
0.00,673137
0.00,639156
0.00,608499
0.00,590151
0.00,605729
0.00,586842
0.00,604785
0.00,588090
0.00,588630
0.00,591818
0.00,578515
0.00,561384
0.00,555448
0.00,535146
0.00,514382
0.00,500682
0.00,491628
0.00,494321
0.00,508591
0.00,496999
0.00,521196
0.00,502328
0.00,498750
0.00,485300
0.00,491179
0.00,472337
0.00,470065
0.00,460659
0.00,450015
0.00,452838
0.00,432037
0.00,428963
0.00,424015
0.00,415270
0.00,414384
0.00,407070
0.00,403224
0.00,394790
0.00,390027
0.00,391398
0.00,391317
0.00,378836
0.00,376267
0.00,376154
0.00,366293
0.00,366375
0.01,359038
0.01,357155
0.01,362860
0.01,367267
0.01,360618
0.01,354216
0.01,357996
0.01,356432
0.01,354390
0.01,361695
0.01,361449
0.01,372736
0.01,384453
0.01,364292
0.01,355784
0.01,356392
0.01,355826
0.01,340838
0.01,332257
0.01,331655
0.01,330019
0.01,327067
0.01,325296
0.01,315550
0.01,317607
0.01,318215
0.01,316548
0.01,314442
0.01,312404
0.01,318115
0.01,325940
0.01,316290
0.01,311854
0.01,310774
0.01,303504
0.01,304295
0.01,309778
0.01,299105
0.01,293729
0.01,297381
0.01,302448
0.01,289915
0.01,288292
0.01,290340
0.01,289898
0.01,285022
0.01,287321
0.01,288784
0.01,295362
0.01,289600
0.01,282965
0.01,289924
0.01,284048
0.01,282479
0.01,305481
0.01,316184
0.01,295210
0.01,295363
0.01,298786
0.01,299565
0.01,296893
0.01,293153
0.01,286390
0.01,286932
0.01,292985
0.01,293263
0.01,296102
0.01,292810
0.01,298338
0.01,294052
0.01,294698
0.01,291938
0.01,289897
0.01,285517
0.01,284026
0.01,283371
0.01,277251
0.01,269825
0.01,270170
0.01,268726
0.01,263426
0.01,261613
0.01,269990
0.01,261581
0.01,257733
0.01,256503
0.01,257322
0.01,253251
0.01,251282
0.01,252904
0.01,257890
0.01,242417
0.01,237996
0.01,235847
0.01,238117
0.01,238771
0.01,239171
0.01,244071
0.01,241141
0.01,237769
0.01,238981
0.01,237595
0.01,236622
0.01,229832
0.01,230378
0.01,230909
0.01,228493
0.01,231146
0.01,229118
0.01,229419
0.01,228038
0.01,226278
0.01,228135
0.01,228334
0.01,232702
0.01,234505
0.01,229753
0.01,231265
0.01,226867
0.01,224353
0.01,223621
0.01,224972
0.01,226433
0.01,229226
0.01,225926
0.01,226083
0.01,229835
0.01,225259
0.01,225329
0.01,229871
0.01,231910
0.01,226102
0.01,220712
0.01,219404
0.01,215155
0.01,215034
0.01,217092
0.01,214007
0.01,219830
0.01,234531
0.01,253417
0.01,232749
0.01,232100
0.01,234275
0.01,230756
0.01,228084
0.01,227252
0.01,225696
0.01,228003
0.01,227600
0.01,226013
0.01,229557
0.01,229006
0.01,234595
0.01,227891
0.01,225763
0.01,222111
0.01,220754
0.01,218083
0.01,219386
0.01,217069
0.01,217221
0.01,217741
0.01,219028
0.01,215335
0.01,215163
0.01,214202
0.01,210820
0.01,210088
0.01,206553
0.01,203043
0.01,203868
0.01,207927
0.01,209522
0.01,211494
0.01,208756
0.01,208300
0.01,206525
0.01,203839
0.01,205854
0.01,203573
0.01,207527
0.01,214436
0.01,228275
0.01,243015
0.01,221732
0.01,223096
0.01,224128
0.01,220787
0.01,217045
0.01,220232
0.01,216266
0.01,218946
0.01,216209
0.01,216213
0.01,219415
0.01,219831
0.02,224412
0.02,214332
0.02,212473
0.02,212676
0.02,209013
0.02,208383
0.02,207330
0.02,206348
0.02,210598
0.02,211566
0.02,209217
0.02,205174
0.02,204735
0.02,200852
0.02,200517
0.02,200836
0.02,200532
0.02,197587
0.02,199389
0.02,198941
0.02,206766
0.02,201896
0.02,201766
0.02,195620
0.02,194970
0.02,192294
0.02,195679
0.02,202661
0.02,198892
0.02,195026
0.02,193322
0.02,191376
0.02,193787
0.02,193830
0.02,192597
0.02,189213
0.02,190564
0.02,189306
0.02,189648
0.02,184937
0.02,182559
0.02,183458
0.02,183173
0.02,178872
0.02,176687
0.02,177212
0.02,176721
0.02,176722
0.02,176451
0.02,176431
0.02,176805
0.02,174351
0.02,173283
0.02,173559
0.02,171883
0.02,170106
0.02,168723
0.02,167499
0.02,166337
0.02,165233
0.02,165510
0.02,166118
0.02,168883
0.02,167244
0.02,167586
0.02,165689
0.02,166892
0.02,166941
0.02,164368
0.02,163299
0.02,166816
0.02,173622
0.02,168633
0.02,167342
0.02,164052
0.02,166244
0.02,168324
0.02,173902
0.02,170844
0.02,169378
0.02,165472
0.02,163246
0.02,165638
0.02,175505
0.02,171289
0.02,171957
0.02,167186
0.02,168976
0.02,168888
0.02,170298
0.02,167674
0.02,171557
0.02,170287
0.02,178425
0.02,177603
0.02,179989
0.02,197265
0.02,179533
0.02,172535
0.02,167607
0.02,161474
0.02,161751
0.02,162359
0.02,165124
0.02,163485
0.02,163827
0.02,161930
0.02,163133
0.02,163182
0.02,160157
0.02,159236
0.02,158445
0.02,157677
0.02,157029
0.02,156737
0.02,155879
0.02,155692
0.02,154944
0.02,154534
0.02,153952
0.02,153240
0.02,152682
0.02,152152
0.02,151545
0.02,151049
0.02,150663
0.02,154217
0.02,155914
0.02,156722
0.02,158552
0.02,159995
0.02,162198
0.02,162146
0.02,162481
0.02,160725
0.02,160922
0.02,162481
0.02,163588
0.02,163486
0.02,162952
0.02,165862
0.02,170693
0.02,175714
0.02,171494
0.02,166249
0.02,165308
0.02,167310
0.02,170253
0.02,170619
0.02,174811
0.02,169468
0.02,169583
0.02,166522
0.02,163357
0.02,165174
0.02,164763
0.02,162455
0.02,157145
0.02,161697
0.02,163869
0.02,169699
0.02,169199
0.02,170304
0.02,187506
0.02,172143
0.02,165283
0.02,165056
0.02,161120
0.02,159584
0.02,160292
0.02,161169
0.02,158470
0.02,157649
0.02,154422
0.02,155086
0.02,153784
0.02,150333
0.02,150081
0.02,150557
0.02,151504
0.02,155405
0.02,156678
0.02,158855
0.02,160010
0.02,162085
0.02,162547
0.02,165449
0.02,164147
0.02,164028
0.02,166883
0.02,172764
0.02,175187
0.02,183356
0.02,196978
0.02,182826
0.02,176681
0.02,173834
0.02,168179
0.02,165888
0.02,160809
0.02,152775
0.02,154265
0.02,151380
0.02,151565
0.02,149280
0.02,151831
0.02,154279
0.02,157583
0.02,158616
0.02,157908
0.02,160916
0.02,168007
0.02,171179
0.02,179720
0.02,194948
0.02,179205
0.02,177145
0.02,178101
0.02,173669
0.02,171301
0.02,166214
0.02,162907
0.02,159796
0.02,157100
0.02,153492
0.02,153337
0.02,155751
0.02,158118
0.02,159239
0.02,155197
0.02,151640
0.02,148864
0.02,147702
0.02,147931
0.02,150814
0.02,149986
0.02,151991
0.02,152760
0.02,151167
0.02,149685
0.02,147068
0.02,146751
0.02,146438
0.02,146193
0.02,145532
0.02,145314
0.02,145745
0.02,144487
0.02,144286
0.02,144109
0.02,146634
0.02,149453
0.02,147399
0.02,145086
0.02,145528
0.02,146153
0.02,146104
0.02,148675
0.02,150036
0.02,151718
0.02,153040
0.02,152463
0.02,153920
0.02,151778
0.02,152301
0.02,151559
0.02,152370
0.02,154331
0.02,156065
0.02,155599
0.02,156511
0.02,158615
0.02,157994
0.02,157762
0.02,159269
0.02,160027
0.02,160982
0.02,161504
0.02,164708
0.02,167588
0.02,172097
0.02,163477
0.02,155583
0.02,153181
0.02,154791
0.02,156023
0.02,154803
0.02,157492
0.02,152254
0.02,150390
0.02,146290
0.02,143902
0.02,147550
0.02,148956
0.02,149495
0.02,147397
0.02,145321
0.02,145194
0.02,150080
0.02,159928
0.02,143267
0.02,143150
0.02,148197
0.02,150858
0.02,143135
0.02,148120
0.02,152159
0.02,145467
0.02,142539
0.02,142275
