0.00, 753981
0.00, 747559
0.00, 747162
0.00, 740679
0.00, 738523
0.00, 730143
0.00, 724337
0.00, 722547
0.00, 718617
0.00, 717025
0.00, 716246
0.00, 715209
0.00, 715172
0.00, 707623
0.00, 707290
0.00, 702764
0.00, 702188
0.00, 700584
0.00, 688650
0.00, 686490
0.00, 685895
0.00, 675274
0.00, 666508
0.00, 660091
0.00, 656552
0.01, 650894
0.01, 649942
0.01, 647315
0.01, 646109
0.01, 625967
0.01, 624104
0.01, 622799
0.01, 615844
0.01, 615366
0.03, 605670
0.04, 601824
0.04, 599768
0.04, 598462
0.04, 591501
0.04, 585176
0.04, 582776
0.04, 580899
0.04, 577870
0.04, 577382
0.04, 575568
0.04, 574539
0.13, 571174
0.17, 570431
0.17, 568725
0.17, 560845
0.17, 560295
0.17, 558474
0.17, 553572
0.17, 549425
0.17, 548322
0.17, 547604
0.17, 533592
0.17, 533257
0.17, 531451
0.23, 525302
0.23, 520748
0.27, 514523
0.34, 514349
0.34, 514184
0.34, 512571
0.34, 511857
0.34, 511612
0.34, 510207
0.34, 508870
0.34, 505444
0.36, 502667
0.36, 502036
0.36, 498880
0.36, 496314
0.36, 496122
0.36, 495981
0.36, 495151
0.36, 494888
0.38, 494739
0.38, 489060
0.38, 485124
0.41, 482321
0.41, 478205
0.41, 476584
0.42, 475737
0.42, 472270
0.42, 472156
0.42, 471853
0.42, 471006
0.45, 466202
0.45, 465868
0.45, 465745
0.45, 465631
0.45, 463225
0.45, 462794
0.45, 462627
0.45, 461301
0.45, 458974
0.45, 458551
0.45, 458195
0.45, 457785
0.45, 457146
0.45, 453890
0.45, 448829
0.46, 448444
0.47, 443836
0.47, 443728
0.47, 442534
0.48, 441894
0.48, 441028
0.48, 440415
0.48, 437792
0.48, 435683
0.48, 432914
0.48, 430581
0.48, 425788
0.48, 422083
0.53, 419673
0.53, 412895
0.53, 412796
0.54, 404198
0.54, 403285
0.54, 402629
0.54, 400752
0.57, 399703
0.57, 397231
0.57, 394040
0.57, 393007
0.58, 391379
0.58, 390264
0.58, 388863
0.58, 388814
0.58, 387187
0.58, 383687
0.58, 383257
0.58, 383006
0.58, 381099
0.58, 379554
0.58, 379219
0.59, 370522
0.59, 370438
0.59, 370283
0.59, 369677
0.59, 367961
0.59, 366959
0.59, 361768
0.59, 361449
0.62, 359166
0.62, 357987
0.66, 356418
0.66, 355832
0.66, 352276
0.66, 349255
0.66, 346029
0.66, 345145
0.66, 343832
0.66, 342764
0.66, 334571
0.66, 334148
0.66, 334074
0.67, 332877
0.68, 329054
0.68, 328097
0.68, 324715
0.68, 323177
0.68, 318051
0.68, 317255
0.68, 314830
0.68, 313792
0.68, 313781
0.70, 310869
0.70, 309886
0.70, 308609
0.70, 308034
0.70, 307992
0.70, 307424
0.70, 305218
0.70, 304210
0.70, 302865
0.74, 302661
0.74, 301967
0.74, 297464
0.74, 296430
0.74, 296060
0.74, 296013
0.74, 295549
0.76, 293938
0.77, 293548
0.77, 293394
0.77, 292040
0.77, 287554
0.77, 285345
0.77, 281038
0.77, 278708
0.77, 277326
0.77, 275565
0.79, 274541
0.79, 273272
0.79, 271702
0.79, 270559
0.79, 268811
0.79, 267107
0.81, 266983
0.81, 266241
0.81, 265764
0.81, 265175
0.81, 264266
0.81, 263786
0.82, 261984
0.82, 260300
0.82, 260252
0.82, 260217
0.82, 256863
0.83, 256246
0.83, 255559
0.83, 255368
0.83, 254900
0.83, 253163
0.83, 252923
0.83, 252895
0.83, 252775
0.84, 250566
0.84, 249373
0.84, 248410
0.84, 247261
0.84, 246614
0.84, 246598
0.84, 244355
0.84, 243815
0.84, 243406
0.84, 243072
0.84, 242971
0.84, 241456
0.84, 240771
0.84, 240621
0.84, 239871
0.84, 239565
0.84, 239427
0.86, 237740
0.86, 233467
0.86, 232629
0.87, 232508
0.87, 231627
0.87, 231485
0.87, 230113
0.87, 229442
0.88, 228859
0.88, 228146
0.88, 226856
0.88, 226854
0.89, 225933
0.89, 224697
0.89, 224430
0.89, 223080
0.89, 222544
0.90, 221360
0.90, 218840
0.92, 217789
0.92, 217543
0.92, 216495
0.93, 216349
0.93, 213433
0.93, 211970
0.93, 210818
0.93, 210364
0.94, 210197
0.94, 210060
0.94, 207408
0.94, 207359
0.94, 207301
0.94, 207035
0.94, 206051
0.94, 204565
0.94, 204314
0.94, 203050
0.94, 202146
0.94, 201428
0.94, 201018
0.94, 200726
0.94, 200535
0.94, 198888
0.94, 198852
0.94, 198338
0.98, 198066
0.98, 196819
0.98, 196295
0.98, 195811
0.99, 194542
1.02, 192991
1.02, 192109
1.02, 191883
1.02, 191551
1.02, 191148
1.03, 190413
1.03, 190300
1.03, 189603
1.03, 189020
1.03, 187414
1.03, 187407
1.03, 186272
1.03, 186259
1.03, 185503
1.03, 184643
1.03, 183636
1.03, 182955
1.03, 181413
1.03, 180282
1.03, 180189
1.03, 180171
1.04, 178924
1.04, 178706
1.04, 178548
1.04, 178378
1.04, 177959
1.04, 177249
1.06, 176511
1.06, 175987
1.06, 175774
1.06, 173799
1.06, 173521
1.06, 173300
1.06, 171695
1.06, 171600
1.06, 171583
1.07, 170886
1.07, 168959
1.07, 168737
1.07, 168092
1.07, 166128
1.07, 165913
1.07, 164601
1.07, 164237
1.07, 162530
1.07, 160912
1.07, 160414
1.08, 159974
1.08, 159272
1.11, 159013
1.11, 158399
1.11, 157748
1.11, 157459
1.11, 157201
1.11, 157065
1.11, 156435
1.11, 156323
1.13, 156310
1.13, 155916
1.13, 155465
1.14, 155324
1.14, 154844
1.14, 154273
1.14, 153323
1.14, 153273
1.14, 153247
1.14, 152921
1.14, 152641
1.14, 152506
1.14, 152207
1.14, 151888
1.14, 151746
1.14, 151708
1.14, 151551
1.14, 150461
1.15, 150197
1.15, 149725
1.15, 149708
1.15, 149437
1.15, 148818
1.15, 147955
1.15, 146553
1.19, 145979
1.19, 145433
1.19, 144793
1.19, 144725
1.19, 143861
1.20, 143755
1.20, 143073
1.20, 142479
1.27, 142406
1.30, 142153
1.30, 142056
1.30, 141537
1.30, 141187
1.30, 141146
1.30, 140724
1.32, 140457
1.32, 139304
1.32, 139187
1.32, 138632
1.34, 138483
1.34, 138368
1.34, 138142
1.34, 137618
1.34, 137581
1.34, 137407
1.34, 137108
1.34, 137006
1.34, 136328
1.34, 136262
1.40, 136008
1.41, 134999
1.41, 134924
1.41, 134586
1.44, 134314
1.44, 134088
1.44, 133835
1.46, 133810
1.47, 133760
1.47, 133576
1.47, 133465
1.47, 133239
1.62, 133202
6.72, 133055
