0.02, 701024
0.02, 700647
0.02, 700239
0.02, 698814
0.02, 694054
0.02, 693183
0.02, 690460
0.02, 687472
0.02, 686528
0.02, 686273
0.02, 685126
0.02, 684598
0.02, 677670
0.02, 674676
0.02, 672654
0.02, 665771
0.02, 653965
0.02, 648148
0.02, 645661
0.02, 645175
0.02, 638999
0.02, 638829
0.02, 634340
0.02, 632038
0.02, 631580
0.02, 627071
0.02, 625528
0.02, 616429
0.02, 616402
0.02, 608419
0.02, 606556
0.05, 605378
0.05, 605349
0.05, 602076
0.05, 598144
0.05, 591999
0.05, 589627
0.05, 586893
0.05, 569455
0.05, 567287
0.05, 566883
0.16, 563906
0.16, 563268
0.16, 561897
0.16, 561782
0.20, 560363
0.20, 560251
0.20, 557329
0.20, 554254
0.26, 549977
0.26, 546221
0.26, 535611
0.30, 532298
0.30, 531934
0.30, 531174
0.30, 523318
0.30, 522306
0.32, 519597
0.32, 517048
0.32, 516834
0.32, 508605
0.35, 505139
0.35, 503775
0.35, 495290
0.39, 493198
0.39, 492830
0.39, 487758
0.39, 486435
0.39, 482890
0.39, 475119
0.39, 470314
0.42, 469316
0.42, 467009
0.45, 463234
0.46, 462353
0.46, 460916
0.46, 459749
0.47, 458999
0.47, 448669
0.47, 447208
0.47, 446810
0.47, 446086
0.47, 443993
0.48, 438738
0.48, 437148
0.48, 436266
0.48, 424058
0.48, 423841
0.48, 418822
0.48, 415093
0.48, 414487
0.48, 414334
0.48, 412826
0.52, 410943
0.52, 409102
0.52, 407308
0.52, 407202
0.52, 403555
0.52, 402674
0.52, 395862
0.55, 394080
0.57, 393565
0.60, 393433
0.60, 392792
0.60, 389089
0.61, 388453
0.61, 388124
0.61, 387891
0.61, 387107
0.61, 386848
0.61, 386527
0.61, 383676
0.61, 380880
0.61, 379461
0.62, 379201
0.62, 378637
0.62, 372608
0.62, 371060
0.62, 370458
0.62, 369461
0.62, 367109
0.62, 366974
0.65, 366076
0.65, 365329
0.65, 365314
0.65, 365294
0.65, 363831
0.65, 361597
0.65, 360638
0.65, 357346
0.65, 355907
0.65, 354332
0.66, 351445
0.66, 350554
0.67, 350187
0.67, 347744
0.67, 346898
0.67, 346050
0.67, 345835
0.67, 344767
0.67, 338383
0.67, 338216
0.67, 337029
0.67, 334539
0.67, 333513
0.68, 331920
0.68, 331466
0.68, 328399
0.68, 326888
0.68, 326127
0.68, 324785
0.68, 324508
0.68, 322232
0.68, 321255
0.68, 320889
0.68, 316813
0.68, 316785
0.68, 313308
0.72, 312719
0.72, 311767
0.72, 308749
0.72, 306893
0.72, 305993
0.72, 305865
0.72, 305247
0.73, 304458
0.73, 302102
0.73, 301487
0.73, 295357
0.75, 295080
0.75, 294406
0.75, 293413
0.75, 288627
0.75, 288612
0.75, 285180
0.75, 284676
0.75, 284081
0.75, 280813
0.79, 279016
0.79, 277531
0.79, 277480
0.79, 276640
0.79, 275984
0.80, 275668
0.80, 273966
0.80, 272935
0.80, 272894
0.80, 272486
0.80, 271867
0.81, 268832
0.81, 267994
0.82, 267233
0.82, 260620
0.82, 259919
0.82, 259879
0.82, 257216
0.82, 254779
0.82, 250656
0.82, 249605
0.83, 248686
0.83, 247798
0.83, 247355
0.83, 242768
0.84, 241175
0.84, 239857
0.84, 239528
0.87, 232926
0.87, 232257
0.87, 232197
0.87, 231052
0.87, 230382
0.89, 228913
0.89, 228325
0.89, 228175
0.89, 227848
0.89, 227257
0.89, 225963
0.91, 225614
0.91, 224218
0.91, 222393
0.91, 221934
0.91, 220082
0.91, 219135
0.91, 218221
0.92, 217445
0.92, 216805
0.92, 216191
0.92, 214501
0.92, 213974
0.92, 213073
0.92, 212679
0.92, 211767
0.92, 210895
0.92, 210891
0.92, 210556
0.92, 210175
0.92, 208683
0.92, 208203
0.93, 207734
0.93, 204930
0.93, 204015
0.93, 203916
0.94, 203546
0.94, 203017
0.94, 199803
0.94, 199761
0.95, 198345
0.95, 196869
0.95, 195482
0.95, 191651
0.95, 191600
0.99, 191227
1.00, 190653
1.00, 190188
1.00, 189762
1.00, 189179
1.00, 189148
1.00, 187878
1.00, 187830
1.00, 187558
1.00, 186931
1.00, 186469
1.00, 185863
1.00, 185846
1.00, 185761
1.00, 185687
1.00, 185079
1.00, 182986
1.00, 182865
1.04, 181903
1.04, 180490
1.04, 180223
1.04, 179638
1.04, 179576
1.04, 179123
1.04, 178506
1.04, 178130
1.04, 176831
1.04, 176635
1.04, 175856
1.04, 174864
1.04, 174554
1.05, 174101
1.08, 173454
1.08, 171096
1.08, 170992
1.08, 169270
1.10, 168361
1.11, 167511
1.11, 166958
1.11, 166336
1.11, 166006
1.11, 165608
1.11, 165460
1.11, 164981
1.11, 164556
1.11, 163343
1.11, 162847
1.11, 162495
1.11, 160951
1.11, 159597
1.11, 159042
1.11, 158408
1.11, 158014
1.12, 157320
1.12, 155678
1.12, 155599
1.13, 154386
1.13, 154160
1.13, 153591
1.13, 153500
1.13, 153445
1.13, 152629
1.13, 151361
1.13, 151303
1.13, 150982
1.14, 150798
1.14, 150468
1.14, 150405
1.14, 149850
1.14, 149464
1.14, 149048
1.14, 148993
1.14, 148106
1.14, 147917
1.14, 147775
1.24, 146038
1.24, 145562
1.24, 145387
1.24, 145335
1.24, 145213
1.24, 145048
1.25, 143980
1.25, 143872
1.25, 143755
1.25, 143650
1.25, 143638
1.25, 143359
1.25, 143317
1.27, 142740
1.28, 142230
1.28, 141329
1.28, 140528
1.28, 140497
1.28, 140379
1.28, 140359
1.31, 140338
1.31, 140139
1.31, 140038
1.31, 140009
1.31, 139783
1.31, 139599
1.31, 139022
1.34, 138825
1.34, 138644
1.34, 138439
1.34, 138384
1.34, 138123
1.35, 137836
1.35, 137778
1.35, 137720
1.35, 137603
1.35, 137548
1.36, 137497
1.37, 137365
1.37, 137351
1.37, 137236
1.37, 137208
1.37, 137103
1.37, 136718
1.40, 136492
1.40, 136302
1.40, 135379
1.40, 135338
1.40, 135093
1.40, 134727
1.40, 134529
1.40, 134514
1.40, 134465
1.44, 133930
1.46, 133923
1.46, 133707
1.47, 133678
1.49, 133401
1.55, 133319
1.57, 133298
1.57, 133248
1.58, 133065
1.58, 132996
