0.00, 700679
0.01, 698271
0.01, 697199
0.01, 688219
0.01, 687816
0.01, 687647
0.01, 677105
0.01, 676201
0.01, 670853
0.01, 664902
0.01, 661619
0.01, 660442
0.01, 655150
0.01, 646276
0.01, 644907
0.01, 636831
0.01, 630160
0.01, 624602
0.01, 615680
0.02, 615513
0.02, 615179
0.02, 614699
0.02, 610406
0.03, 609434
0.03, 608862
0.03, 607362
0.03, 607306
0.03, 604395
0.04, 603005
0.05, 602693
0.05, 597805
0.05, 594694
0.05, 586962
0.05, 582514
0.05, 579725
0.05, 578327
0.05, 574418
0.13, 574376
0.13, 574119
0.13, 569213
0.13, 566747
0.13, 565990
0.13, 564726
0.13, 560060
0.18, 557624
0.18, 555629
0.18, 552349
0.18, 547936
0.18, 542202
0.18, 541411
0.18, 541166
0.18, 534535
0.18, 533724
0.18, 532717
0.18, 529989
0.18, 527479
0.18, 527240
0.18, 515804
0.18, 515307
0.18, 515295
0.18, 513606
0.18, 513297
0.27, 511697
0.32, 508609
0.32, 507249
0.32, 506519
0.32, 503339
0.33, 502271
0.36, 500010
0.36, 499117
0.36, 496015
0.36, 494127
0.36, 486529
0.36, 484103
0.36, 482403
0.38, 480611
0.38, 479589
0.43, 469502
0.43, 469261
0.43, 468542
0.43, 465736
0.44, 463626
0.44, 461735
0.46, 457730
0.46, 457239
0.46, 455075
0.46, 453894
0.46, 453699
0.46, 447454
0.46, 446904
0.46, 446252
0.46, 438019
0.46, 437351
0.46, 436675
0.50, 435666
0.50, 434613
0.50, 428680
0.50, 428539
0.50, 428529
0.50, 424242
0.53, 422375
0.53, 419910
0.53, 419659
0.53, 414075
0.53, 410346
0.57, 409328
0.57, 407660
0.57, 407391
0.57, 406670
0.57, 405861
0.57, 405602
0.57, 405594
0.57, 404874
0.57, 403544
0.59, 402896
0.59, 402650
0.59, 394864
0.59, 393850
0.59, 391965
0.59, 391126
0.59, 389034
0.59, 387825
0.59, 387578
0.59, 387469
0.59, 387137
0.59, 386116
0.59, 383791
0.59, 382611
0.60, 375836
0.60, 374059
0.60, 372909
0.60, 372213
0.60, 366350
0.60, 363704
0.60, 363696
0.60, 356550
0.60, 354600
0.60, 354243
0.60, 351513
0.67, 350088
0.67, 348414
0.67, 344847
0.67, 344389
0.67, 344274
0.67, 342697
0.67, 342112
0.67, 340540
0.67, 339474
0.67, 337362
0.67, 337252
0.67, 337164
0.67, 336993
0.67, 336069
0.67, 335858
0.67, 333255
0.67, 329182
0.67, 328569
0.67, 325843
0.67, 322604
0.67, 321997
0.70, 318250
0.70, 313791
0.70, 313391
0.70, 313249
0.70, 312872
0.70, 309933
0.71, 306947
0.71, 305934
0.71, 304029
0.71, 302858
0.75, 301352
0.75, 301249
0.75, 301008
0.75, 299339
0.75, 296972
0.77, 296723
0.77, 296316
0.77, 295092
0.77, 294745
0.77, 292410
0.77, 290714
0.77, 290312
0.77, 289419
0.77, 287168
0.77, 287069
0.77, 286468
0.77, 280712
0.79, 280685
0.79, 280160
0.79, 279313
0.79, 277496
0.79, 276840
0.79, 276428
0.79, 274040
0.79, 271760
0.79, 270495
0.79, 270244
0.79, 264023
0.79, 263430
0.79, 262529
0.79, 261230
0.79, 260630
0.79, 260473
0.79, 259810
0.79, 258756
0.83, 258597
0.83, 258449
0.83, 258240
0.84, 257304
0.84, 256805
0.84, 256535
0.84, 255569
0.84, 255471
0.85, 255310
0.85, 253369
0.85, 253217
0.85, 251489
0.85, 250257
0.85, 249231
0.85, 247543
0.85, 247032
0.85, 241177
0.85, 240502
0.86, 240366
0.88, 240091
0.88, 239341
0.88, 238992
0.88, 238345
0.88, 238222
0.88, 234997
0.88, 233775
0.88, 231411
0.88, 231320
0.88, 231212
0.88, 230743
0.88, 230292
0.88, 228842
0.88, 227484
0.88, 227087
0.89, 224716
0.89, 223006
0.89, 222322
0.91, 222031
0.91, 220970
0.91, 220152
0.91, 218733
0.91, 218291
0.91, 218102
0.91, 216633
0.91, 216155
0.91, 215313
0.91, 214679
0.91, 213995
0.91, 213803
0.91, 211668
0.91, 211292
0.91, 210476
0.94, 207977
0.94, 206959
0.95, 206777
0.95, 206281
0.96, 202867
0.96, 202086
0.96, 201802
0.96, 200261
0.96, 200237
0.96, 199798
0.96, 199743
0.96, 198806
0.96, 198216
0.96, 197925
0.96, 197886
0.96, 197554
0.96, 196985
0.96, 196965
0.96, 196351
0.96, 196349
0.96, 194863
0.96, 194044
0.96, 193604
0.96, 190938
0.96, 190878
0.96, 190286
0.96, 188728
0.97, 185140
0.97, 185051
0.99, 183971
1.04, 183084
1.04, 181815
1.04, 181488
1.04, 181448
1.04, 180840
1.04, 179476
1.04, 179283
1.04, 177507
1.04, 177070
1.04, 176976
1.04, 176493
1.04, 176020
1.04, 175378
1.04, 173573
1.04, 172708
1.04, 171380
1.04, 170815
1.04, 170536
1.08, 169386
1.08, 169370
1.08, 169239
1.08, 168471
1.08, 168073
1.08, 167578
1.08, 164533
1.08, 164371
1.12, 163515
1.12, 163472
1.12, 162908
1.13, 162167
1.13, 162129
1.13, 161814
1.13, 161675
1.13, 160994
1.13, 160908
1.14, 160611
1.14, 159993
1.14, 159311
1.15, 159052
1.15, 158716
1.15, 158637
1.15, 158313
1.15, 157879
1.15, 157739
1.15, 157592
1.15, 156976
1.15, 156866
1.15, 156273
1.16, 155711
1.16, 153871
1.16, 153594
1.16, 152945
1.18, 152934
1.20, 152903
1.20, 152027
1.21, 150729
1.21, 150031
1.21, 149719
1.21, 149680
1.21, 149668
1.21, 149606
1.22, 149589
1.22, 149455
1.22, 149303
1.23, 148976
1.23, 148485
1.23, 148424
1.23, 148253
1.23, 147817
1.23, 147770
1.23, 147369
1.23, 146498
1.23, 145591
1.23, 144723
1.23, 143969
1.23, 143857
1.23, 143631
1.23, 143321
1.23, 143078
1.23, 142876
1.25, 142491
1.25, 142321
1.25, 142209
1.25, 142006
1.25, 141983
1.25, 141654
1.25, 141159
1.25, 141102
1.25, 140853
1.26, 140141
1.30, 140049
1.30, 139906
1.34, 139878
1.35, 139769
1.35, 138667
1.35, 138094
1.35, 137871
1.37, 137713
1.37, 137367
1.37, 136610
1.37, 136541
1.37, 136188
1.37, 135853
1.38, 135764
1.39, 135737
1.39, 135567
1.39, 135524
1.39, 135090
1.39, 135035
1.39, 134950
1.42, 134520
1.42, 134368
1.42, 134167
1.43, 134152
1.43, 134070
1.44, 134050
1.45, 133957
1.45, 133728
1.45, 133673
1.45, 133513
1.46, 133399
1.46, 133138
1.61, 133089
1.62, 133039
1.62, 132970
5.26, 132950
8.71, 132944
15.18, 132935
15.20, 132849
15.23, 132709
