0.04,680642
0.04,668990
0.04,647072
0.04,648879
0.04,645460
0.04,650207
0.04,624808
0.04,627900
0.04,643790
0.04,606375
0.04,598897
0.04,590048
0.04,612824
0.04,592240
0.04,573879
0.04,567664
0.04,539968
0.04,561036
0.04,540417
0.04,540518
0.04,534548
0.04,538162
0.04,528689
0.04,528654
0.04,507071
0.04,508686
0.04,505327
0.04,512040
0.04,543284
0.04,524160
0.04,513027
0.04,511277
0.04,501011
0.04,495573
0.04,486025
0.04,467956
0.04,459186
0.04,451040
0.04,451299
0.04,433970
0.04,420694
0.04,411463
0.04,438055
0.04,428449
0.04,417503
0.04,406822
0.04,398145
0.04,393441
0.04,390430
0.04,386210
0.04,387747
0.04,383799
0.04,376256
0.04,375284
0.04,362283
0.04,365432
0.04,360589
0.04,357970
0.04,351557
0.04,354077
0.04,354228
0.04,355944
0.04,361463
0.04,348668
0.04,349181
0.04,340096
0.04,340083
0.04,342072
0.04,344910
0.04,350502
0.04,340074
0.04,333801
0.04,325925
0.04,324461
0.04,330136
0.04,332386
0.04,335594
0.04,341815
0.04,347963
0.04,363410
0.04,340085
0.04,333488
0.04,336608
0.04,340799
0.04,327460
0.04,325625
0.04,320557
0.04,319099
0.04,312155
0.04,308249
0.04,307552
0.04,306830
0.04,309193
0.04,309804
0.04,299895
0.04,300482
0.04,301190
0.04,300530
0.04,284566
0.04,276486
0.04,274314
0.04,273884
0.04,272855
0.04,269764
0.04,265761
0.04,263932
0.04,264056
0.04,264380
0.04,264053
0.04,265699
0.04,261346
0.04,261609
0.04,266581
0.04,262422
0.04,264515
0.04,258156
0.04,256503
0.04,255720
0.04,254850
0.04,262527
0.04,263674
0.04,261371
0.04,268024
0.04,288217
0.04,275984
0.04,265067
0.04,261274
0.04,264331
0.04,272290
0.04,271818
0.04,268550
0.04,262482
0.04,255076
0.04,259529
0.04,255128
0.04,264806
0.04,262743
0.04,254914
0.04,253355
0.04,246533
0.04,244446
0.04,240226
0.04,239881
0.04,234049
0.04,229946
0.04,229279
0.04,225897
0.04,225414
0.04,224772
0.04,226768
0.04,222915
0.04,240780
0.04,228076
0.04,219265
0.04,218343
0.04,217064
0.04,215001
0.04,211565
0.04,211421
0.04,212260
0.04,208071
0.04,208233
0.04,209627
0.04,214126
0.05,212145
0.05,206536
0.05,206960
0.05,203314
0.05,210846
0.05,213197
0.05,219236
0.05,221423
0.05,212946
0.05,213179
0.05,214790
0.05,213891
0.05,213763
0.05,213943
0.05,210569
0.05,211743
0.05,212354
0.05,210776
0.05,209202
0.05,210569
0.05,206617
0.05,206104
0.05,204787
0.05,208118
0.05,206374
0.05,203744
0.05,204511
0.05,209178
0.05,204796
0.05,213498
0.05,213039
0.05,213871
0.05,225520
0.05,226967
0.05,224094
0.05,226534
0.05,225030
0.05,230659
0.05,245709
0.05,225735
0.05,216748
0.05,209493
0.05,205410
0.05,208080
0.05,205322
0.05,203795
0.05,201294
0.05,197699
0.05,197122
0.05,199169
0.05,196954
0.05,193519
0.05,191102
0.05,192675
0.05,189965
0.05,187978
0.05,185752
0.05,185269
0.05,185549
0.05,186911
0.05,186616
0.05,187900
0.05,189093
0.05,186686
0.05,184486
0.05,183798
0.05,181155
0.05,179893
0.05,184235
0.05,188214
0.05,189415
0.05,198807
0.05,195569
0.05,195527
0.05,192194
0.05,186244
0.05,177779
0.05,177652
0.05,178805
0.05,178494
0.05,179331
0.05,175414
0.05,176446
0.05,173923
0.05,174553
0.05,170875
0.05,171555
0.05,174107
0.05,175405
0.05,173143
0.05,169727
0.05,171787
0.05,174805
0.05,176371
0.05,173117
0.05,167935
0.05,166420
0.05,166912
0.05,167017
0.05,165268
0.05,163637
0.05,162143
0.05,160680
0.05,163869
0.05,171784
0.05,173265
0.05,177717
0.05,177627
0.05,178423
0.05,181060
0.05,181470
0.05,186983
0.05,202775
0.05,184277
0.05,177968
0.05,172418
0.05,168437
0.05,168015
0.05,166508
0.05,163519
0.05,161081
0.05,159503
0.05,157934
0.05,158269
0.05,161132
0.05,163251
0.05,162304
0.05,160985
0.05,162991
0.05,163582
0.05,163273
0.05,161815
0.05,158592
0.05,156233
0.05,158224
0.05,158175
0.05,158055
0.05,159056
0.05,158874
0.05,161902
0.05,161736
0.05,162720
0.05,162197
0.05,162230
0.05,163272
0.05,163454
0.05,165293
0.05,163334
0.05,163868
0.05,166014
0.05,166620
0.05,174669
0.05,181722
0.05,197889
0.05,180467
0.05,171084
0.05,170998
0.05,165655
0.05,161875
0.05,158067
0.05,157180
0.05,160625
0.05,173986
0.05,161177
0.05,154723
0.05,155905
0.05,154522
0.05,151949
0.05,151006
0.05,150182
0.05,152971
0.05,151583
0.05,151456
0.05,152906
0.05,155067
0.05,156179
0.05,153858
0.05,153368
0.05,151521
0.05,148626
0.05,150029
0.05,151279
0.05,153331
0.05,154130
0.05,155909
0.05,158564
0.05,158329
0.05,157420
0.05,156831
0.05,158499
0.05,157631
0.05,156456
0.05,154981
0.05,155970
0.05,153762
0.05,151534
0.05,152905
0.05,149061
0.05,148160
0.05,147367
0.05,148164
0.05,147255
0.05,147231
0.05,149602
0.05,149204
0.05,150518
0.05,150162
0.05,151386
0.05,150551
0.05,150459
0.05,149869
0.05,151139
0.05,156637
0.05,159475
0.05,161969
0.05,166175
0.05,167453
0.05,173859
0.05,188067
0.05,170653
0.05,167140
0.05,165799
0.05,160095
0.05,157740
0.05,153976
0.05,151365
0.05,151223
0.05,146432
0.05,149363
0.05,149214
0.05,146811
0.05,146843
0.05,145571
0.05,146826
0.05,144988
0.05,147310
0.05,147362
0.05,147999
0.05,149799
0.05,149887
0.05,151046
0.05,151847
0.05,150306
0.05,156959
0.05,159194
0.05,166782
0.05,180570
0.05,159231
0.05,156190
0.05,153444
0.05,144259
0.05,143719
0.05,143183
0.05,142701
0.05,142111
0.05,141725
0.05,141699
0.05,142093
0.05,141398
0.05,146151
0.05,149859
0.05,153669
0.05,151573
0.05,160836
0.05,155894
0.05,155425
0.05,153822
0.05,153410
0.05,155923
0.05,154062
0.05,153381
0.05,154451
0.05,155648
0.05,153691
0.05,151941
0.05,151025
0.05,148140
0.05,147375
0.05,146508
0.05,145173
0.05,148024
0.05,148140
0.05,149812
0.05,150349
0.05,151518
0.05,155967
0.05,157464
0.05,160579
0.05,164738
0.05,167106
0.05,171538
0.05,170582
0.05,172672
0.05,188619
0.05,172998
0.05,164021
0.05,161549
0.05,154708
0.05,153136
0.05,152188
0.05,149035
0.05,149263
0.05,145871
0.05,146329
0.05,145572
0.05,143538
0.05,143111
0.05,141314
0.05,142442
0.05,146246
0.05,150681
0.05,149616
0.05,157798
0.05,153247
0.05,154523
0.05,152306
0.05,151045
0.05,153126
0.05,152147
0.05,151277
0.05,152129
0.05,154535
0.05,154147
0.05,153590
0.05,151268
0.05,147346
0.05,147540
0.05,147220
0.05,143411
0.05,145181
0.05,147511
0.05,149904
0.05,149727
0.05,149993
0.05,150711
0.05,153137
0.05,157940
0.05,158420
0.05,160876
0.05,165029
0.05,165498
0.05,168938
0.05,167775
0.05,169737
0.05,185297
0.05,170116
0.05,162491
0.05,160554
0.05,155458
0.05,153953
0.05,153333
0.05,149690
0.05,147840
0.05,145302
0.05,144253
0.05,144116
0.05,141882
0.05,141337
0.05,140514
0.05,140282
0.05,140056
0.05,139858
0.05,139683
0.05,139537
0.05,139409
0.05,139354
