0.00,675666
0.00,639171
0.00,599512
0.00,585476
0.00,567596
0.00,563823
0.00,549381
0.00,537673
0.00,537420
0.00,522804
0.00,524222
0.00,522951
0.00,518588
0.00,508619
0.00,506577
0.00,508607
0.00,510517
0.00,511858
0.00,515661
0.00,523755
0.00,535483
0.00,498570
0.00,499908
0.00,500363
0.00,504897
0.00,489384
0.00,483848
0.00,485550
0.00,465027
0.00,471415
0.00,470240
0.00,473399
0.00,464208
0.01,493454
0.01,471581
0.01,465396
0.01,465446
0.01,462560
0.01,459876
0.01,451836
0.01,432431
0.01,422659
0.01,411587
0.01,404223
0.01,392588
0.01,391863
0.01,392542
0.01,389230
0.01,381113
0.01,379571
0.01,371988
0.01,367695
0.01,362708
0.01,362818
0.01,367028
0.01,368904
0.01,368146
0.01,362430
0.01,355472
0.01,350521
0.01,342714
0.01,334479
0.01,332880
0.01,334072
0.01,336604
0.01,330106
0.01,324316
0.01,330008
0.01,332518
0.01,330493
0.01,337771
0.01,335153
0.01,335842
0.01,331106
0.01,327916
0.01,318295
0.01,314074
0.01,310490
0.01,307337
0.01,301863
0.01,299692
0.01,297551
0.01,299519
0.01,295884
0.01,295511
0.01,298158
0.01,294309
0.01,294439
0.01,323892
0.01,315394
0.01,304959
0.01,305406
0.01,305174
0.01,310804
0.01,308930
0.01,309830
0.01,311431
0.01,301293
0.01,294680
0.01,289979
0.01,290444
0.01,284308
0.01,280747
0.01,276558
0.01,277352
0.01,281321
0.01,278092
0.01,275717
0.01,274257
0.01,273724
0.01,268060
0.01,265392
0.01,260333
0.01,255973
0.01,272121
0.01,251651
0.01,245621
0.01,246683
0.01,246200
0.01,248042
0.01,248808
0.01,242333
0.01,239056
0.01,241974
0.01,239533
0.01,238453
0.01,239717
0.01,232861
0.01,235443
0.01,239050
0.01,232962
0.01,227295
0.01,223822
0.01,220388
0.01,222591
0.01,215441
0.01,220481
0.01,221600
0.01,221657
0.01,222652
0.01,221302
0.01,220602
0.01,226493
0.01,224893
0.01,231475
0.01,236140
0.01,237084
0.01,229426
0.01,223421
0.01,224952
0.01,216608
0.01,217055
0.01,218947
0.01,213683
0.01,209301
0.01,209778
0.01,207627
0.01,204360
0.01,206391
0.01,206818
0.01,205068
0.01,204910
0.01,205202
0.01,204115
0.01,206194
0.01,213510
0.01,213602
0.01,213501
0.01,213515
0.01,209230
0.01,209993
0.01,211459
0.01,210686
0.01,212943
0.01,212167
0.01,212096
0.01,214053
0.01,217902
0.01,217862
0.01,220640
0.01,217232
0.01,209403
0.01,205460
0.01,203160
0.01,209574
0.01,207646
0.01,202429
0.01,212176
0.01,214337
0.01,221416
0.01,216587
0.01,213554
0.01,217956
0.01,210252
0.01,209182
0.01,207692
0.01,200544
0.01,196986
0.01,198946
0.01,199199
0.01,200411
0.01,202570
0.01,197846
0.01,203843
0.01,207723
0.01,209474
0.01,217600
0.01,217743
0.01,219715
0.01,240196
0.01,227952
0.01,225415
0.01,216143
0.01,211372
0.01,212424
0.01,201852
0.01,200959
0.01,197603
0.01,195552
0.01,196656
0.01,200669
0.01,200265
0.01,203576
0.01,200771
0.01,200481
0.01,195787
0.01,191247
0.01,191684
0.01,193736
0.01,198271
0.01,200607
0.01,197213
0.01,194477
0.01,191197
0.02,192162
0.02,192798
0.02,188012
0.02,192612
0.02,190897
0.02,191203
0.02,193789
0.02,189789
0.02,187442
0.02,188278
0.02,184752
0.02,182319
0.02,185961
0.02,179893
0.02,176005
0.02,174944
0.02,174401
0.02,174855
0.02,171216
0.02,173560
0.02,169320
0.02,170433
0.02,174033
0.02,175326
0.02,173232
0.02,172522
0.02,171350
0.02,171047
0.02,169157
0.02,170212
0.02,173521
0.02,175229
0.02,179208
0.02,178649
0.02,176991
0.02,176446
0.02,175544
0.02,176482
0.02,173508
0.02,173294
0.02,169944
0.02,169760
0.02,167325
0.02,168750
0.02,167885
0.02,165075
0.02,164829
0.02,164082
0.02,163667
0.02,162234
0.02,161112
0.02,160044
0.02,160253
0.02,161147
0.02,160047
0.02,158827
0.02,157981
0.02,158292
0.02,157001
0.02,157580
0.02,156651
0.02,157342
0.02,159078
0.02,161443
0.02,160776
0.02,158602
0.02,158713
0.02,157525
0.02,157428
0.02,155707
0.02,156802
0.02,158521
0.02,161314
0.02,162998
0.02,163036
0.02,164623
0.02,162118
0.02,159909
0.02,158901
0.02,157073
0.02,156337
0.02,154169
0.02,155803
0.02,160056
0.02,169904
0.02,153243
0.02,153584
0.02,154094
0.02,157736
0.02,151668
0.02,150870
0.02,150109
0.02,149350
0.02,150998
0.02,152336
0.02,148649
0.02,149419
0.02,150548
0.02,149523
0.02,149794
0.02,151233
0.02,151320
0.02,155168
0.02,156895
0.02,159314
0.02,161799
0.02,163012
0.02,170956
0.02,171409
0.02,177198
0.02,191345
0.02,173869
0.02,170324
0.02,169180
0.02,164864
0.02,165470
0.02,163145
0.02,162254
0.02,159617
0.02,158569
0.02,163043
0.02,164803
0.02,160330
0.02,160850
0.02,162402
0.02,161130
0.02,161354
0.02,161243
0.02,161726
0.02,158928
0.02,155927
0.02,154492
0.02,152695
0.02,154100
0.02,158757
0.02,155534
0.02,155109
0.02,154740
0.02,155566
0.02,153889
0.02,150110
0.02,147979
0.02,147311
0.02,146743
0.02,146377
0.02,145841
0.02,146055
0.02,145308
0.02,144089
0.02,143582
0.02,143195
0.02,142809
0.02,142980
0.02,142430
0.02,142123
0.02,141905
0.02,141802
0.02,141699
0.02,141644
0.02,141594
0.02,143709
0.02,144549
0.02,147291
0.02,148417
0.02,151391
0.02,153442
0.02,153515
0.02,151583
0.02,150255
0.02,146139
0.02,144120
0.02,145371
0.02,145590
0.02,145525
0.02,145431
0.02,147162
0.02,148036
0.02,149720
0.02,150117
0.02,152116
0.02,155475
0.02,158202
0.02,161887
0.02,164267
0.02,172198
0.02,187738
0.02,170709
0.02,168574
0.02,170011
0.02,166571
0.02,166102
0.02,161949
0.02,159732
0.02,159006
0.02,155572
0.02,157128
0.02,156185
0.02,150790
0.02,150631
0.02,149836
0.02,148921
0.02,147368
0.02,144557
0.02,142827
0.02,143540
0.02,142400
0.02,144515
0.02,143280
0.02,144221
0.02,145838
0.02,140978
0.02,140852
