0.00,741178
0.00,754768
0.00,713066
0.00,685993
0.00,706844
0.00,685901
0.00,657903
0.00,661018
0.00,657181
0.00,675988
0.00,660865
0.00,646469
0.00,654360
0.00,669266
0.00,642254
0.00,640378
0.00,638077
0.00,621791
0.00,600367
0.00,576132
0.00,578066
0.00,587636
0.00,603693
0.00,582387
0.00,565680
0.00,570193
0.00,587135
0.00,571574
0.00,563677
0.00,553371
0.00,543427
0.00,527947
0.00,528692
0.00,524905
0.00,524822
0.01,519929
0.01,510677
0.01,494312
0.01,480249
0.01,470131
0.01,470759
0.01,458534
0.01,452034
0.01,454058
0.01,446600
0.01,447353
0.01,442905
0.01,439860
0.01,446368
0.01,431769
0.01,425836
0.01,424865
0.01,425788
0.01,430607
0.01,430573
0.01,454251
0.01,438694
0.01,431228
0.01,423694
0.01,421411
0.01,416151
0.01,418231
0.01,412993
0.01,406378
0.01,399957
0.01,391335
0.01,390117
0.01,387146
0.01,382681
0.01,392558
0.01,394186
0.01,379060
0.01,381972
0.01,382872
0.01,383286
0.01,401317
0.01,380032
0.01,373068
0.01,364906
0.01,368530
0.01,361581
0.01,363900
0.01,349568
0.01,340035
0.01,336651
0.01,342955
0.01,364294
0.01,351102
0.01,351090
0.01,345837
0.01,329779
0.01,328904
0.01,344202
0.01,335542
0.01,328398
0.01,334902
0.01,333792
0.01,331479
0.01,331700
0.01,322260
0.01,316611
0.01,312666
0.01,313265
0.01,314129
0.01,320433
0.01,341772
0.01,328580
0.01,328568
0.01,323315
0.01,314647
0.01,310610
0.01,317886
0.01,311643
0.01,308852
0.01,304494
0.01,307026
0.01,317791
0.01,317648
0.01,316365
0.01,305664
0.01,302684
0.01,300036
0.01,293127
0.01,294379
0.01,293159
0.01,291718
0.01,293080
0.01,298801
0.01,299170
0.01,296226
0.01,292572
0.01,291736
0.01,287837
0.01,285348
0.01,282350
0.01,286691
0.01,290647
0.01,287374
0.01,286689
0.01,304681
0.01,294497
0.01,287092
0.01,286536
0.01,293177
0.01,293164
0.01,294045
0.01,288931
0.01,288599
0.01,288677
0.01,284384
0.01,282213
0.01,281301
0.01,281299
0.01,284295
0.01,284086
0.01,276411
0.01,276486
0.01,279944
0.01,280387
0.01,280678
0.01,283532
0.01,285739
0.01,285879
0.01,281980
0.01,276732
0.01,278914
0.01,281538
0.01,279759
0.01,283362
0.01,285856
0.01,285963
0.01,274329
0.01,273713
0.01,285939
0.01,299620
0.01,278009
0.01,271949
0.01,274194
0.01,274518
0.01,269302
0.01,269440
0.01,262557
0.01,261189
0.01,258429
0.01,257879
0.01,259584
0.01,257296
0.01,261201
0.01,262085
0.01,262674
0.01,268676
0.01,276544
0.01,267106
0.01,265478
0.01,259504
0.01,250731
0.01,253142
0.01,260295
0.01,260408
0.01,257047
0.01,260519
0.01,266929
0.01,263781
0.01,260251
0.01,262240
0.01,258759
0.01,251835
0.01,260896
0.01,263420
0.01,268554
0.01,266577
0.01,268590
0.01,272512
0.01,280612
0.01,260222
0.01,249525
0.01,246341
0.01,245970
0.01,244587
0.01,243673
0.01,247135
0.01,241298
0.01,243726
0.01,239254
0.01,246902
0.01,275643
0.01,258183
0.01,253802
0.01,252720
0.01,251238
0.01,253134
0.01,255671
0.01,247046
0.01,242222
0.01,237383
0.02,237415
0.02,244583
0.02,245525
0.02,247275
0.02,245882
0.02,241835
0.02,239940
0.02,238191
0.02,231819
0.02,230550
0.02,231082
0.02,227731
0.02,229268
0.02,228382
0.02,228036
0.02,229839
0.02,228032
0.02,228260
0.02,226959
0.02,228664
0.02,226317
0.02,226859
0.02,231673
0.02,240081
0.02,240344
0.02,264214
0.02,246252
0.02,237542
0.02,242995
0.02,245340
0.02,247930
0.02,244572
0.02,234874
0.02,234867
0.02,229421
0.02,235402
0.02,232567
0.02,232571
0.02,229058
0.02,224904
0.02,221294
0.02,225353
0.02,228211
0.02,231889
0.02,230081
0.02,221654
0.02,220037
0.02,221411
0.02,220430
0.02,217823
0.02,217544
0.02,215299
0.02,225080
0.02,223004
0.02,221392
0.02,217377
0.02,209751
0.02,206736
0.02,208674
0.02,204206
0.02,201225
0.02,200852
0.02,198276
0.02,199653
0.02,197701
0.02,195344
0.02,192787
0.02,194377
0.02,201841
0.02,203844
0.02,200357
0.02,201698
0.02,199741
0.02,198346
0.02,198822
0.02,196873
0.02,196441
0.02,199476
0.02,200259
0.02,202482
0.02,202320
0.02,203336
0.02,205228
0.02,206964
0.02,206556
0.02,204857
0.02,203079
0.02,203742
0.02,205125
0.02,211935
0.02,207932
0.02,206930
0.02,201339
0.02,201682
0.02,208010
0.02,211037
0.02,208923
0.02,207883
0.02,207593
0.02,207867
0.02,204628
0.02,204751
0.02,203614
0.02,205155
0.02,202177
0.02,195201
0.02,193190
0.02,199487
0.02,205681
0.02,188564
0.02,190400
0.02,190010
0.02,188953
0.02,188599
0.02,188414
0.02,186701
0.02,184805
0.02,183391
0.02,184436
0.02,183446
0.02,183210
0.02,181249
0.02,181941
0.02,181248
0.02,192372
0.02,178062
0.02,175529
0.02,173887
0.02,174077
0.02,172280
0.02,173568
0.02,170367
0.02,168964
0.02,171630
0.02,171545
0.02,171954
0.02,171008
0.02,168502
0.02,168370
0.02,169229
0.02,167226
0.02,166114
0.02,166616
0.02,165032
0.02,163964
0.02,166623
0.02,162073
0.02,164819
0.02,164605
0.02,162940
0.02,161034
0.02,160126
0.02,159943
0.02,159051
0.02,158252
0.02,157425
0.02,156710
0.02,156008
0.02,156198
0.02,157198
0.02,159976
0.02,156538
0.02,156348
0.02,157645
0.02,159910
0.02,162861
0.02,161874
0.02,164403
0.02,166030
0.02,167139
0.02,167911
0.02,167605
0.02,166727
0.02,167218
0.02,165930
0.02,166422
0.02,165950
0.02,166500
0.02,166968
0.02,166700
0.02,165424
0.02,164026
0.02,162413
0.02,164705
0.02,167467
0.02,170616
0.02,173336
0.02,179739
0.02,176152
0.02,173420
0.02,173612
0.02,176189
0.02,178874
0.02,176035
0.02,174718
0.02,174332
0.02,173600
0.02,170813
0.02,174799
0.02,178518
0.02,177930
0.02,177599
0.02,189237
0.02,172041
0.02,163514
0.02,158971
0.02,155220
0.02,158915
0.02,158197
0.02,154527
0.02,160277
0.02,165043
0.02,161088
0.02,159963
0.02,163162
0.02,165343
0.02,168620
0.02,163652
0.02,161297
0.02,160677
0.02,159677
0.02,158621
0.02,161422
0.02,160055
0.02,156918
0.02,155956
0.02,155027
0.02,153473
0.02,154058
0.02,153994
0.02,155832
0.02,159280
0.02,163460
0.02,164668
0.02,164293
0.02,165392
0.02,168147
0.02,171680
0.02,167303
0.02,162733
0.02,160477
0.02,162449
0.02,164367
0.02,159453
0.02,157083
0.02,155968
0.02,154430
0.02,154118
0.02,155945
0.02,152667
0.02,152048
0.02,151336
0.02,150735
0.02,153609
0.02,159680
0.02,155014
0.02,149653
0.02,149206
0.02,148639
0.03,148253
0.03,147923
0.03,148748
0.03,147407
0.03,147181
0.03,147114
0.03,146939
0.03,146478
0.03,146665
0.03,146603
0.03,147047
0.03,146257
0.03,145898
0.03,145997
0.03,145779
0.03,145676
0.03,145386
0.03,146335
0.03,144964
0.03,145949
0.03,144507
0.03,145614
0.03,143922
0.03,143491
0.03,143323
0.03,143264
0.03,143236
0.03,142923
0.03,142901
