0.00,745612
0.00,718918
0.00,727813
0.00,697796
0.00,669751
0.00,647467
0.00,632393
0.00,604885
0.00,578804
0.00,574239
0.00,551906
0.00,555974
0.00,574190
0.00,541038
0.00,521906
0.00,498861
0.00,484754
0.00,486999
0.00,485971
0.00,475622
0.00,468366
0.00,456439
0.00,461666
0.00,451798
0.00,443552
0.00,427078
0.00,419582
0.00,423342
0.00,420004
0.00,406253
0.00,395111
0.00,391876
0.00,395171
0.00,399601
0.00,393797
0.00,388941
0.00,378169
0.00,376860
0.00,373040
0.00,377375
0.00,368540
0.00,371882
0.00,359960
0.00,351076
0.00,354980
0.00,348071
0.00,344692
0.00,349855
0.00,346026
0.00,348530
0.00,343623
0.00,341786
0.00,345145
0.00,353481
0.00,359344
0.00,352949
0.00,350182
0.00,345544
0.00,341916
0.01,337841
0.01,339880
0.01,345975
0.01,340475
0.01,331189
0.01,327270
0.01,310559
0.01,312566
0.01,313510
0.01,310088
0.01,312978
0.01,307409
0.01,303363
0.01,305495
0.01,309463
0.01,305765
0.01,299245
0.01,299120
0.01,304931
0.01,292719
0.01,295636
0.01,289649
0.01,292338
0.01,298426
0.01,302082
0.01,300962
0.01,304566
0.01,287566
0.01,277976
0.01,278309
0.01,279490
0.01,282299
0.01,282188
0.01,278184
0.01,276009
0.01,279517
0.01,280904
0.01,288795
0.01,276475
0.01,277643
0.01,277389
0.01,274147
0.01,265278
0.01,258220
0.01,255893
0.01,251288
0.01,250945
0.01,253273
0.01,260174
0.01,263182
0.01,265781
0.01,263783
0.01,259258
0.01,263653
0.01,269255
0.01,261422
0.01,259496
0.01,255195
0.01,252544
0.01,253757
0.01,256611
0.01,254258
0.01,257524
0.01,256851
0.01,250969
0.01,247934
0.01,248191
0.01,251346
0.01,250812
0.01,260323
0.01,258965
0.01,254132
0.01,250981
0.01,254832
0.01,246927
0.01,242737
0.01,241767
0.01,239819
0.01,238129
0.01,239477
0.01,241617
0.01,234731
0.01,237648
0.01,240114
0.01,244565
0.01,245402
0.01,246257
0.01,244358
0.01,247755
0.01,235506
0.01,234136
0.01,237322
0.01,245350
0.01,249964
0.01,248814
0.01,252129
0.01,241258
0.01,233505
0.01,235013
0.01,230003
0.01,229284
0.01,230442
0.01,230985
0.01,235751
0.01,237757
0.01,245320
0.01,238564
0.01,235851
0.01,230679
0.01,230343
0.01,236414
0.01,238323
0.01,231782
0.01,233611
0.01,231546
0.01,230023
0.01,231133
0.01,225603
0.01,226777
0.01,230782
0.01,233747
0.01,234725
0.01,237108
0.01,241370
0.01,245332
0.01,235093
0.01,232325
0.01,231096
0.01,232673
0.01,231561
0.01,230678
0.01,226054
0.01,224071
0.01,224785
0.01,232392
0.01,233048
0.01,233930
0.01,230923
0.01,229338
0.01,234126
0.01,232723
0.01,230065
0.01,229464
0.01,226120
0.01,224470
0.01,217094
0.01,212532
0.01,211324
0.01,215022
0.01,212446
0.01,208641
0.01,209490
0.01,205312
0.01,206007
0.01,208727
0.01,207746
0.01,209075
0.01,214323
0.01,210384
0.01,207787
0.01,208536
0.01,205712
0.01,205184
0.01,205867
0.01,202542
0.01,203113
0.01,204939
0.01,206534
0.01,202124
0.01,202744
0.01,198203
0.01,199820
0.01,194960
0.01,194166
0.01,198202
0.01,191913
0.01,192317
0.01,190523
0.01,188387
0.01,187073
0.01,184702
0.01,182831
0.01,184528
0.01,183397
0.01,181302
0.01,181112
0.01,179815
0.01,176720
0.01,176423
0.01,175003
0.01,175352
0.01,174204
0.01,172613
0.01,171058
0.01,175712
0.01,176329
0.01,180286
0.02,179754
0.02,181877
0.02,185229
0.02,182804
0.02,182367
0.02,182384
0.02,182380
0.02,182569
0.02,180992
0.02,179619
0.02,176986
0.02,178328
0.02,179475
0.02,180951
0.02,177668
0.02,175091
0.02,176287
0.02,176661
0.02,176957
0.02,178743
0.02,181697
0.02,182070
0.02,185426
0.02,185615
0.02,186145
0.02,186314
0.02,180819
0.02,179780
0.02,178407
0.02,177378
0.02,178998
0.02,177667
0.02,178934
0.02,181171
0.02,185195
0.02,189625
0.02,185647
0.02,184034
0.02,180210
0.02,179837
0.02,179458
0.02,178254
0.02,174381
0.02,169602
0.02,175807
0.02,174400
0.02,173296
0.02,173963
0.02,173087
0.02,177663
0.02,179542
0.02,183489
0.02,187742
0.02,184619
0.02,184021
0.02,182322
0.02,180150
0.02,176722
0.02,179314
0.02,181190
0.02,181889
0.02,180114
0.02,179037
0.02,178420
0.02,175635
0.02,174502
0.02,176870
0.02,177317
0.02,175386
0.02,177653
0.02,181046
0.02,183010
0.02,186132
0.02,182930
0.02,182648
0.02,180294
0.02,176305
0.02,176274
0.02,172524
0.02,172448
0.02,174131
0.02,176633
0.02,178458
0.02,181060
0.02,186001
0.02,190019
0.02,184240
0.02,180648
0.02,177302
0.02,175451
0.02,170938
0.02,169302
0.02,168407
0.02,168066
0.02,168281
0.02,171367
0.02,171389
0.02,166665
0.02,164584
0.02,162926
0.02,162071
0.02,160944
0.02,161725
0.02,162130
0.02,163071
0.02,164688
0.02,159828
0.02,158724
0.02,158756
0.02,160080
0.02,158038
0.02,157047
0.02,156036
0.02,160591
0.02,167922
0.02,172638
0.02,168205
0.02,164745
0.02,161594
0.02,159548
0.02,158330
0.02,160552
0.02,158250
0.02,158425
0.02,159058
0.02,156247
0.02,156792
0.02,156732
0.02,156733
0.02,154626
0.02,156276
0.02,156442
0.02,153749
0.02,154423
0.02,152704
0.02,153751
0.02,156314
0.02,154880
0.02,153426
0.02,151688
0.02,152465
0.02,151329
0.02,150502
0.02,149683
0.02,149915
0.02,148901
0.02,148899
0.02,149309
0.02,150346
0.02,147325
0.02,146638
0.02,148847
0.02,148705
0.02,148323
0.02,150243
0.02,149586
0.02,149390
0.02,151845
0.02,149779
0.02,148896
0.02,146420
0.02,145597
0.02,146658
0.02,150352
0.02,153368
0.02,156198
0.02,153173
0.02,153727
0.02,154656
0.02,154339
0.02,154032
0.02,158520
0.02,161651
0.02,155688
0.02,151620
0.02,150757
0.02,148291
0.02,148769
0.02,148262
0.02,149402
0.02,148632
0.02,146157
0.02,144952
0.02,145098
0.02,148284
0.02,151419
0.02,153846
0.02,156220
0.02,153957
0.02,155963
0.02,153327
0.02,153866
0.02,154767
0.02,156706
0.02,159637
0.02,153159
0.02,151450
0.02,147348
0.02,148217
0.02,148199
0.02,149199
0.02,147911
0.02,145778
0.02,144035
0.02,144984
0.02,143467
0.02,143020
0.02,142643
0.02,142232
0.02,145083
0.02,142196
0.02,141405
0.02,140504
0.02,140121
0.02,139763
0.02,140093
0.02,140839
0.02,142373
0.02,145410
0.02,144971
0.02,145319
0.02,142546
0.02,141782
0.02,141341
0.02,140405
0.02,139806
0.02,139423
0.02,139812
0.02,141654
0.02,142715
0.02,144681
0.02,145056
0.02,146463
0.02,143517
0.02,143851
0.02,142946
0.02,142573
0.02,142361
0.02,142345
0.02,142274
0.02,141205
0.02,141217
0.02,140136
0.02,139208
0.02,139003
0.02,138819
0.02,138666
0.02,138597
0.02,138529
0.02,139810
0.02,139752
0.02,141075
0.02,142091
0.02,142529
0.02,142631
0.02,142765
0.02,143605
0.02,141614
0.02,140814
0.02,141197
0.02,141899
0.02,141721
0.02,140424
0.02,139562
0.02,139551
0.02,138696
0.02,138217
0.02,138622
0.02,139899
0.02,140206
0.02,142171
0.02,143038
0.02,143623
0.02,142601
0.02,143968
0.02,142137
0.02,141082
0.02,140968
0.02,141265
0.02,141511
0.02,140632
0.02,139865
0.02,139274
0.02,138803
0.02,138002
