0.00,687748
0.00,669282
0.00,639179
0.00,632918
0.00,622792
0.00,615464
0.00,604129
0.00,586425
0.00,589157
0.00,570081
0.00,546383
0.00,516011
0.00,505100
0.00,499788
0.00,492877
0.00,489831
0.00,490296
0.00,465957
0.00,458227
0.00,452551
0.00,447978
0.00,441835
0.00,442499
0.00,433146
0.00,431120
0.00,419592
0.00,416269
0.00,415700
0.00,404376
0.00,407438
0.00,407900
0.00,408543
0.00,400143
0.00,399762
0.00,400630
0.00,394735
0.00,390283
0.00,385774
0.00,384163
0.00,373511
0.00,368643
0.00,362189
0.00,363735
0.00,356553
0.00,352343
0.00,354586
0.00,362434
0.00,363292
0.00,353286
0.00,349863
0.00,340536
0.00,339615
0.00,331250
0.00,336139
0.00,337288
0.00,330785
0.00,333454
0.00,330890
0.00,331610
0.01,322468
0.01,317783
0.01,309338
0.01,307733
0.01,302829
0.01,296204
0.01,298852
0.01,296100
0.01,287069
0.01,285800
0.01,278602
0.01,277720
0.01,269141
0.01,265379
0.01,262092
0.01,260303
0.01,258038
0.01,254549
0.01,258625
0.01,260372
0.01,258714
0.01,250405
0.01,249041
0.01,244784
0.01,240721
0.01,241574
0.01,244041
0.01,248612
0.01,246349
0.01,247031
0.01,246846
0.01,242835
0.01,238626
0.01,242577
0.01,238723
0.01,237701
0.01,237852
0.01,244477
0.01,243505
0.01,244841
0.01,247136
0.01,243837
0.01,241948
0.01,242763
0.01,243442
0.01,244848
0.01,243371
0.01,240488
0.01,241186
0.01,237877
0.01,235608
0.01,237926
0.01,236469
0.01,239370
0.01,239549
0.01,243651
0.01,245232
0.01,238092
0.01,250647
0.01,247183
0.01,252591
0.01,240565
0.01,236293
0.01,234324
0.01,234267
0.01,237956
0.01,235542
0.01,236474
0.01,229921
0.01,227195
0.01,233734
0.01,233301
0.01,237297
0.01,224137
0.01,226678
0.01,221197
0.01,217186
0.01,216115
0.01,219998
0.01,222070
0.01,219886
0.01,216453
0.01,225128
0.01,228920
0.01,233828
0.01,220487
0.01,220001
0.01,220221
0.01,215716
0.01,212307
0.01,210975
0.01,210469
0.01,210340
0.01,212210
0.01,212053
0.01,213379
0.01,213795
0.01,214144
0.01,209929
0.01,209442
0.01,206761
0.01,212375
0.01,213491
0.01,212644
0.01,208861
0.01,210252
0.01,212227
0.01,214375
0.01,210486
0.01,213131
0.01,212950
0.01,211408
0.01,209214
0.01,211440
0.01,207507
0.01,207535
0.01,208548
0.01,210877
0.01,210301
0.01,211618
0.01,212642
0.01,202772
0.01,202184
0.01,200851
0.01,204808
0.01,208351
0.01,208242
0.01,208232
0.01,209908
0.01,209745
0.01,208681
0.01,210358
0.01,210237
0.01,210344
0.01,213086
0.01,216980
0.01,222120
0.01,209834
0.01,210311
0.01,207924
0.01,206499
0.01,207289
0.01,207537
0.01,201854
0.01,204364
0.01,201669
0.01,199740
0.01,197325
0.01,206677
0.01,200390
0.01,199670
0.01,196768
0.01,194776
0.01,192607
0.01,194509
0.01,202675
0.01,202477
0.01,200815
0.01,202064
0.01,200488
0.01,201816
0.01,200462
0.01,199796
0.01,200448
0.01,198522
0.01,198519
0.01,195864
0.01,194840
0.01,192241
0.01,191620
0.01,189374
0.01,188260
0.01,186874
0.01,185879
0.01,188846
0.01,184094
0.01,182233
0.01,181138
0.01,179629
0.01,178139
0.01,177879
0.01,179366
0.01,177262
0.01,185472
0.01,179760
0.01,179786
0.01,178093
0.01,178734
0.01,182449
0.01,187882
0.01,180793
0.01,178793
0.01,180131
0.01,175836
0.01,175358
0.01,175897
0.01,177677
0.01,181080
0.01,179765
0.01,179322
0.01,181005
0.01,174940
0.02,174104
0.02,175567
0.02,175454
0.02,175244
0.02,172713
0.02,172522
0.02,173223
0.02,171244
0.02,172627
0.02,170039
0.02,170767
0.02,170768
0.02,171634
0.02,171322
0.02,172658
0.02,171693
0.02,172432
0.02,174168
0.02,175810
0.02,178006
0.02,180053
0.02,182581
0.02,183888
0.02,181329
0.02,181812
0.02,186163
0.02,175976
0.02,177186
0.02,173020
0.02,172404
0.02,170395
0.02,179596
0.02,174994
0.02,173611
0.02,169401
0.02,169009
0.02,169546
0.02,178756
0.02,180391
0.02,173058
0.02,177139
0.02,180920
0.02,181363
0.02,180602
0.02,182814
0.02,190384
0.02,185186
0.02,184526
0.02,180308
0.02,179717
0.02,177385
0.02,172985
0.02,172908
0.02,174917
0.02,174835
0.02,174299
0.02,172286
0.02,171385
0.02,170117
0.02,172536
0.02,175684
0.02,175770
0.02,175406
0.02,176027
0.02,176159
0.02,182624
0.02,182193
0.02,180293
0.02,179285
0.02,179290
0.02,178634
0.02,177889
0.02,175683
0.02,173172
0.02,170443
0.02,170698
0.02,168823
0.02,169585
0.02,168684
0.02,167370
0.02,169398
0.02,169029
0.02,167029
0.02,166562
0.02,168396
0.02,165426
0.02,164303
0.02,163296
0.02,161705
0.02,161702
0.02,160475
0.02,159554
0.02,158682
0.02,157842
0.02,157003
0.02,155558
0.02,158042
0.02,159052
0.02,165309
0.02,162133
0.02,159049
0.02,165806
0.02,162681
0.02,163680
0.02,164466
0.02,163113
0.02,160749
0.02,161237
0.02,166011
0.02,168426
0.02,169483
0.02,162865
0.02,158841
0.02,159561
0.02,160547
0.02,160599
0.02,161445
0.02,162608
0.02,164630
0.02,164138
0.02,164711
0.02,164980
0.02,164451
0.02,164412
0.02,164370
0.02,163300
0.02,160880
0.02,161117
0.02,163006
0.02,163024
0.02,161996
0.02,161153
0.02,161553
0.02,160686
0.02,159503
0.02,162058
0.02,162204
0.02,160717
0.02,161054
0.02,159432
0.02,158633
0.02,159670
0.02,159542
0.02,160990
0.02,158582
0.02,155051
0.02,155178
0.02,155440
0.02,157499
0.02,158566
0.02,156885
0.02,165723
0.02,164088
0.02,160417
0.02,158677
0.02,160961
0.02,159652
0.02,160484
0.02,161390
0.02,161078
0.02,167213
0.02,163090
0.02,159120
0.02,160553
0.02,161871
0.02,161669
0.02,162808
0.02,161959
0.02,161230
0.02,162226
0.02,164035
0.02,163805
0.02,164320
0.02,165204
0.02,162817
0.02,161219
0.02,159011
0.02,158953
0.02,160992
0.02,161870
0.02,162062
0.02,161594
0.02,160504
0.02,159877
0.02,159331
0.02,159769
0.02,158964
0.02,158885
0.02,158172
0.02,157465
0.02,156907
0.02,158130
0.02,158066
0.02,158317
0.02,158417
0.02,153124
0.02,152412
0.02,152643
0.02,151722
0.02,155138
0.02,157919
0.02,159823
0.02,159904
0.02,157249
0.02,157680
0.02,157994
0.02,159362
0.02,162436
0.02,159942
0.02,159582
0.02,156929
0.02,155594
0.02,155821
0.02,154641
0.02,153568
0.02,152940
0.02,151494
0.02,151329
0.02,150615
0.02,152149
0.02,151799
0.02,150014
0.02,150221
0.02,150671
0.02,150795
0.02,151242
0.02,149463
0.02,148940
0.02,148434
0.02,147978
0.02,147561
0.02,147248
0.02,146958
0.02,146684
0.02,146420
0.02,148993
0.02,148944
0.02,147022
0.02,148866
0.02,150727
0.02,150444
0.02,152577
0.02,159869
0.02,157070
0.02,158470
0.02,158770
0.02,158489
0.02,157878
0.02,159142
0.02,163785
0.02,169434
0.02,165780
0.02,167805
0.02,164580
0.02,164578
0.02,163855
0.02,161572
0.02,160740
0.02,160812
0.02,159834
0.02,158124
0.02,158801
0.02,159427
0.02,158591
0.02,158382
0.02,157123
0.02,156351
0.02,154878
0.02,154581
0.02,155848
0.02,154751
0.02,153170
0.02,151789
0.02,151320
0.02,149820
0.02,148210
0.02,150495
0.02,149201
0.02,149293
0.02,152688
0.02,154476
0.02,153223
0.02,154023
0.02,150134
0.02,147715
0.02,146005
0.02,145787
0.02,145577
0.02,145449
0.02,146637
0.02,148049
0.02,150692
0.02,152521
0.02,155061
0.02,158933
0.02,156394
0.02,151361
0.02,150351
0.02,148648
0.02,147748
0.02,147143
0.02,147275
0.02,147940
0.02,147407
0.02,145825
0.02,146163
0.02,147639
0.02,149639
0.02,155654
0.02,153793
0.02,152842
0.02,151871
0.02,151037
0.02,148849
0.02,147471
0.02,146020
0.02,148169
0.02,148692
0.02,148192
0.02,147393
0.02,147587
0.02,146226
0.02,144674
0.02,143870
0.02,143390
0.02,143192
0.02,143115
0.02,142973
