0.03, 689604
0.03, 689199
0.03, 686564
0.03, 675552
0.03, 672240
0.03, 665070
0.03, 662090
0.03, 656277
0.03, 652871
0.03, 648852
0.03, 646608
0.03, 633234
0.03, 629950
0.03, 627403
0.03, 619412
0.03, 615920
0.03, 615778
0.03, 606999
0.03, 606781
0.03, 601508
0.03, 592167
0.03, 589837
0.03, 586911
0.03, 584421
0.03, 578055
0.14, 577288
0.14, 577001
0.15, 571579
0.15, 567323
0.15, 566468
0.15, 566159
0.18, 566156
0.18, 563625
0.18, 562662
0.21, 560663
0.21, 559459
0.21, 557166
0.24, 550369
0.24, 549350
0.24, 547957
0.24, 545734
0.24, 542225
0.24, 539198
0.24, 538861
0.26, 535568
0.26, 534906
0.26, 527744
0.26, 526468
0.29, 525897
0.29, 525524
0.29, 522623
0.31, 521627
0.33, 520371
0.34, 518410
0.34, 518068
0.34, 516329
0.34, 510452
0.36, 505518
0.36, 499982
0.36, 493396
0.39, 490332
0.39, 490215
0.39, 488224
0.39, 484238
0.39, 481482
0.39, 481206
0.39, 479964
0.39, 476061
0.39, 474805
0.39, 471777
0.39, 470309
0.39, 469824
0.39, 468257
0.39, 467748
0.39, 466458
0.39, 463886
0.39, 463648
0.39, 458047
0.39, 455460
0.39, 454270
0.39, 453034
0.47, 446977
0.47, 445050
0.47, 440294
0.47, 437741
0.47, 436754
0.47, 432768
0.47, 432522
0.47, 430126
0.47, 429941
0.50, 428906
0.54, 422859
0.55, 422702
0.55, 419790
0.55, 419735
0.55, 415913
0.55, 412203
0.55, 411426
0.55, 406805
0.59, 404932
0.59, 403244
0.59, 402913
0.59, 401359
0.59, 398876
0.59, 398785
0.59, 395231
0.59, 395115
0.59, 390986
0.59, 390480
0.59, 386139
0.59, 379533
0.59, 378552
0.59, 377564
0.59, 377485
0.59, 377296
0.62, 376439
0.62, 373872
0.64, 370445
0.64, 366782
0.64, 366051
0.65, 357833
0.67, 357699
0.67, 357124
0.67, 355198
0.67, 354432
0.67, 354141
0.67, 353764
0.67, 349344
0.67, 348802
0.67, 348619
0.67, 345623
0.67, 345193
0.67, 345175
0.67, 343294
0.67, 342234
0.68, 336818
0.68, 333449
0.68, 333402
0.68, 330313
0.68, 326394
0.68, 323551
0.68, 321172
0.68, 320882
0.69, 319356
0.73, 319295
0.73, 318054
0.73, 317148
0.74, 314319
0.74, 309064
0.74, 307966
0.74, 307466
0.74, 306748
0.76, 304431
0.76, 303023
0.76, 302051
0.76, 300916
0.76, 298612
0.76, 297416
0.77, 295464
0.77, 292649
0.77, 291387
0.77, 290046
0.79, 288177
0.79, 288124
0.79, 286985
0.79, 285513
0.79, 284256
0.79, 281645
0.79, 278753
0.79, 278689
0.81, 277724
0.81, 276617
0.81, 276465
0.81, 274752
0.82, 269189
0.82, 268654
0.82, 268276
0.82, 267301
0.85, 267283
0.85, 267189
0.85, 267000
0.85, 266966
0.85, 266743
0.85, 265015
0.85, 264062
0.85, 260951
0.85, 258740
0.85, 258592
0.87, 257359
0.87, 255664
0.87, 254952
0.87, 254061
0.87, 250605
0.87, 249841
0.87, 249764
0.87, 245386
0.87, 245015
0.87, 244200
0.87, 243754
0.89, 243668
0.89, 242316
0.89, 241867
0.89, 238059
0.89, 237071
0.89, 234803
0.90, 234351
0.90, 234307
0.90, 233080
0.92, 232902
0.92, 232635
0.92, 232625
0.92, 231519
0.93, 231382
0.93, 231037
0.93, 230270
0.93, 229432
0.93, 228393
0.93, 228138
0.93, 227881
0.93, 226881
0.93, 225482
0.93, 225219
0.93, 225052
0.93, 224308
0.93, 222360
0.93, 221888
0.93, 221551
0.93, 220424
0.94, 220292
0.94, 220162
0.94, 219939
0.94, 219756
0.94, 219643
0.94, 219612
0.95, 219351
0.95, 219183
0.95, 218988
0.95, 217551
0.95, 216515
0.95, 216008
0.95, 215690
0.95, 215397
0.95, 214617
0.95, 213956
0.95, 213158
0.95, 211521
0.95, 210933
0.95, 210097
0.95, 207165
0.95, 207048
0.95, 205169
0.97, 204640
0.97, 204503
0.97, 204489
0.97, 203960
0.98, 203753
0.98, 203270
0.98, 202639
0.98, 202399
0.98, 201888
0.98, 201230
0.98, 201187
0.98, 199129
0.98, 199024
0.98, 197915
1.01, 197665
1.01, 197097
1.01, 196665
1.02, 195846
1.02, 194047
1.03, 193865
1.03, 193331
1.03, 193219
1.03, 192947
1.03, 192664
1.03, 191878
1.03, 191858
1.03, 190414
1.03, 190226
1.03, 187043
1.03, 186510
1.03, 186163
1.03, 186077
1.03, 185125
1.03, 184866
1.03, 182424
1.03, 182082
1.06, 181663
1.06, 181584
1.06, 181440
1.07, 181417
1.07, 180572
1.07, 179475
1.07, 178888
1.08, 178850
1.08, 177601
1.08, 177380
1.08, 177041
1.08, 176934
1.08, 176028
1.08, 175197
1.08, 174891
1.08, 174762
1.08, 174090
1.08, 173519
1.08, 172020
1.08, 171558
1.08, 171420
1.08, 170318
1.08, 169073
1.08, 167537
1.08, 167513
1.08, 166595
1.09, 166491
1.09, 166348
1.09, 166283
1.09, 165947
1.09, 165777
1.09, 165623
1.09, 164802
1.09, 164777
1.09, 162143
1.09, 161103
1.09, 161099
1.13, 161010
1.15, 160212
1.16, 159718
1.16, 159496
1.16, 158159
1.16, 157448
1.16, 157315
1.16, 157157
1.16, 156866
1.20, 156791
1.21, 156564
1.21, 156427
1.21, 156338
1.21, 154215
1.21, 154054
1.21, 153416
1.21, 153303
1.21, 153272
1.21, 153081
1.21, 152720
1.21, 151639
1.21, 150382
1.21, 150163
1.21, 150161
1.22, 149978
1.22, 149147
1.22, 148550
1.22, 148343
1.22, 147570
1.22, 147237
1.22, 147119
1.22, 147028
1.22, 146687
1.22, 146623
1.22, 146577
1.22, 146386
1.22, 145741
1.22, 145546
1.22, 145448
1.22, 145407
1.22, 145392
1.22, 144589
1.22, 144468
1.22, 144293
1.25, 144224
1.25, 143991
1.25, 143455
1.25, 141829
1.25, 141683
1.25, 141633
1.25, 141600
1.25, 141515
1.25, 141253
1.25, 141063
1.25, 141035
1.28, 140740
1.28, 140287
1.28, 140167
1.28, 138998
1.34, 138933
1.34, 138562
1.36, 138185
1.36, 137790
1.40, 137424
1.40, 136945
1.41, 136446
1.41, 136325
1.42, 136079
1.43, 136034
1.43, 136014
1.44, 135840
1.44, 135656
1.44, 135425
1.44, 135297
1.44, 134817
1.44, 134788
1.44, 134651
1.55, 134483
1.55, 134344
1.58, 134253
1.61, 134173
1.61, 134126
1.61, 134123
3.31, 134042
3.31, 133987
3.33, 133866
3.42, 133518
3.42, 133255
3.42, 133238
3.44, 133118
3.44, 133039
3.46, 133035
3.47, 132957
3.47, 132907
