0.03, 783092
0.03, 780500
0.03, 779775
0.03, 776970
0.03, 775666
0.03, 763962
0.03, 747773
0.03, 743176
0.03, 741537
0.03, 737402
0.03, 737312
0.03, 736837
0.03, 735475
0.03, 733519
0.03, 730360
0.03, 723447
0.03, 721354
0.03, 712189
0.03, 710934
0.03, 702696
0.03, 700596
0.03, 700014
0.03, 692793
0.03, 691115
0.03, 690767
0.03, 688321
0.03, 682132
0.03, 675453
0.03, 675341
0.03, 674115
0.03, 672637
0.03, 667867
0.03, 666891
0.03, 663054
0.03, 662141
0.03, 653616
0.03, 652909
0.03, 651406
0.03, 646022
0.03, 641598
0.03, 640295
0.03, 640265
0.03, 640042
0.03, 638789
0.03, 635281
0.04, 634057
0.04, 633421
0.04, 631734
0.04, 627436
0.04, 618946
0.04, 616021
0.04, 610919
0.04, 607780
0.04, 605086
0.04, 604970
0.04, 595463
0.04, 595423
0.04, 586278
0.10, 585134
0.10, 582070
0.10, 577480
0.10, 576698
0.10, 574519
0.10, 570686
0.10, 568783
0.10, 561956
0.10, 560457
0.23, 554236
0.23, 550427
0.23, 549853
0.23, 545957
0.23, 544230
0.23, 544176
0.23, 543822
0.23, 543468
0.23, 542965
0.23, 541123
0.23, 540134
0.23, 536526
0.27, 532016
0.27, 529789
0.27, 529721
0.27, 526931
0.27, 524453
0.34, 521725
0.35, 521404
0.35, 515621
0.35, 515457
0.35, 515214
0.35, 515200
0.35, 513571
0.35, 512520
0.35, 511887
0.35, 511618
0.35, 511010
0.35, 504259
0.35, 501007
0.35, 500460
0.35, 495090
0.37, 494373
0.37, 493855
0.37, 493831
0.37, 491294
0.37, 482432
0.37, 481348
0.37, 480177
0.46, 479969
0.46, 479563
0.46, 479046
0.46, 478863
0.46, 475393
0.46, 473328
0.47, 468811
0.47, 468762
0.47, 468382
0.47, 467959
0.48, 463800
0.48, 457680
0.48, 457338
0.48, 449575
0.48, 448115
0.48, 446568
0.48, 446012
0.48, 445864
0.51, 444452
0.51, 443914
0.51, 443743
0.51, 442780
0.51, 441286
0.51, 439954
0.52, 437496
0.52, 436167
0.52, 434840
0.52, 429302
0.52, 426593
0.52, 423294
0.52, 420246
0.52, 411196
0.52, 408440
0.57, 406963
0.57, 405462
0.57, 405019
0.57, 392770
0.58, 391652
0.58, 391350
0.61, 390772
0.61, 390126
0.61, 388117
0.61, 387321
0.61, 387218
0.61, 386874
0.61, 385079
0.61, 384864
0.61, 381634
0.61, 380668
0.61, 380623
0.61, 380343
0.61, 380330
0.61, 377874
0.61, 375413
0.61, 375128
0.61, 372446
0.65, 370646
0.65, 369683
0.65, 368534
0.65, 368366
0.65, 366776
0.65, 364355
0.65, 363947
0.65, 360252
0.65, 359993
0.65, 357773
0.65, 354765
0.69, 350139
0.69, 349053
0.69, 343404
0.69, 342046
0.69, 339033
0.69, 334371
0.69, 332373
0.69, 332050
0.69, 329859
0.69, 329321
0.70, 328056
0.70, 327905
0.71, 324761
0.71, 323576
0.74, 320694
0.74, 319234
0.74, 316152
0.74, 315524
0.74, 315148
0.74, 314637
0.74, 313694
0.74, 312923
0.74, 312410
0.74, 309870
0.74, 309563
0.74, 304939
0.74, 304788
0.74, 303024
0.74, 301318
0.74, 301105
0.74, 300204
0.76, 299916
0.76, 299014
0.76, 297946
0.76, 297536
0.76, 297514
0.76, 296227
0.76, 294353
0.77, 293378
0.78, 293365
0.78, 286443
0.78, 285749
0.78, 285694
0.78, 285638
0.78, 285398
0.78, 285166
0.79, 284033
0.79, 281313
0.79, 280712
0.79, 278012
0.80, 277695
0.80, 277073
0.80, 276558
0.80, 276385
0.80, 276295
0.80, 276260
0.80, 272977
0.80, 272092
0.82, 270261
0.82, 269924
0.82, 266354
0.82, 264500
0.82, 263096
0.82, 259268
0.82, 257865
0.82, 256399
0.85, 254158
0.85, 253798
0.85, 253215
0.85, 252756
0.85, 250954
0.85, 250778
0.85, 248256
0.85, 247747
0.85, 246198
0.85, 246067
0.85, 245985
0.85, 245956
0.86, 245665
0.86, 244836
0.86, 243264
0.86, 241054
0.86, 237098
0.86, 236407
0.88, 234373
0.88, 234165
0.88, 232906
0.88, 232036
0.88, 231908
0.88, 230118
0.88, 229186
0.88, 226891
0.88, 225379
0.90, 224860
0.91, 224390
0.91, 223561
0.91, 221243
0.91, 220464
0.91, 219680
0.91, 219590
0.91, 219497
0.91, 215750
0.94, 215223
0.94, 215170
0.94, 213901
0.94, 213596
0.94, 213336
0.94, 211215
0.94, 210980
0.94, 210873
0.95, 210744
0.95, 210471
0.96, 209399
0.96, 208545
0.96, 207705
0.96, 207659
0.96, 206977
0.98, 206847
0.98, 206609
0.99, 206020
0.99, 205525
0.99, 204461
0.99, 204062
0.99, 203922
0.99, 202584
1.00, 201986
1.00, 201743
1.00, 201611
1.00, 200742
1.00, 200585
1.00, 199370
1.00, 199359
1.00, 199065
1.00, 198199
1.00, 197667
1.00, 196947
1.00, 196058
1.00, 195267
1.00, 193855
1.02, 193358
1.02, 192905
1.02, 192264
1.02, 191726
1.02, 190802
1.02, 190711
1.02, 190178
1.02, 189532
1.03, 189359
1.03, 187519
1.03, 186965
1.03, 186191
1.03, 183517
1.03, 183346
1.03, 183342
1.04, 182816
1.04, 180998
1.04, 180873
1.04, 180439
1.04, 179893
1.04, 178568
1.04, 177803
1.04, 177076
1.04, 176082
1.04, 176024
1.09, 175905
1.09, 174659
1.09, 174407
1.09, 173964
1.09, 171810
1.09, 171248
1.09, 171062
1.09, 170816
1.09, 170784
1.09, 170442
1.10, 169925
1.10, 169393
1.10, 168663
1.10, 167810
1.13, 167594
1.13, 167497
1.13, 167101
1.13, 167055
1.13, 166239
1.14, 165506
1.14, 165038
1.14, 164282
1.14, 163951
1.14, 163528
1.16, 162904
1.16, 162650
1.16, 162168
1.16, 162066
1.16, 161001
1.16, 160889
1.16, 160694
1.16, 159604
1.19, 157841
1.19, 157710
1.19, 156632
1.19, 156582
1.19, 156364
1.19, 156221
1.19, 156140
1.19, 155718
1.19, 155647
1.19, 155086
1.19, 154523
1.19, 153976
1.19, 153892
1.19, 153722
1.19, 153711
1.19, 152801
1.19, 151925
1.21, 151740
1.21, 150561
1.21, 150072
1.23, 149961
1.23, 149859
1.23, 148781
1.23, 148660
1.23, 148453
1.25, 147800
1.25, 147029
1.25, 146196
1.26, 145770
1.28, 145728
1.28, 145216
1.28, 143598
1.28, 143474
1.28, 143467
1.28, 143388
1.28, 143187
1.28, 143094
1.28, 143080
1.28, 142714
1.28, 142611
1.29, 142319
1.29, 142275
1.30, 141660
1.30, 141476
1.30, 141412
1.30, 140516
1.30, 140036
1.30, 139901
1.34, 139847
1.34, 139671
1.34, 139254
1.34, 139097
1.34, 139086
1.34, 138769
1.34, 138401
1.35, 138377
1.36, 138214
1.36, 138191
1.36, 138088
1.36, 137892
1.36, 137779
1.36, 137327
1.36, 137288
1.36, 136630
1.36, 136575
1.37, 135492
1.37, 134986
1.37, 134821
1.37, 134780
1.42, 134315
1.43, 134096
1.48, 133804
1.53, 133710
1.53, 133655
1.54, 133638
1.54, 133454
1.55, 133385
1.58, 133206
