0.01, 733528
0.01, 732950
0.01, 727919
0.01, 725938
0.01, 724580
0.01, 719365
0.01, 714788
0.01, 712073
0.01, 710726
0.01, 707788
0.01, 704343
0.01, 702403
0.01, 696387
0.01, 690465
0.01, 688411
0.01, 683590
0.01, 678901
0.01, 675166
0.01, 668399
0.01, 668021
0.01, 664605
0.01, 659774
0.01, 659389
0.01, 659316
0.01, 657679
0.01, 655373
0.01, 653618
0.01, 652899
0.01, 650313
0.01, 650039
0.01, 643815
0.01, 643487
0.01, 642452
0.01, 641391
0.01, 639385
0.01, 636490
0.01, 624322
0.01, 622542
0.01, 619978
0.01, 610244
0.01, 610063
0.01, 606004
0.01, 603859
0.02, 602492
0.02, 599814
0.02, 599780
0.02, 598443
0.02, 597347
0.02, 595371
0.02, 594996
0.02, 594515
0.02, 593675
0.02, 592451
0.04, 580470
0.07, 579760
0.07, 579273
0.07, 578637
0.12, 569963
0.12, 565980
0.12, 565788
0.14, 564557
0.14, 562877
0.21, 557451
0.24, 553116
0.25, 552384
0.25, 547749
0.26, 544270
0.26, 543368
0.26, 543353
0.28, 543226
0.28, 540883
0.28, 539015
0.28, 538991
0.28, 538926
0.29, 536261
0.30, 536181
0.30, 532438
0.30, 531160
0.30, 528349
0.30, 527749
0.30, 523153
0.33, 522741
0.33, 521914
0.33, 519474
0.33, 517555
0.34, 512916
0.34, 511747
0.34, 511227
0.34, 510590
0.35, 507208
0.35, 503821
0.35, 500232
0.35, 499430
0.35, 490816
0.39, 489874
0.40, 489033
0.40, 484809
0.40, 484795
0.40, 484724
0.40, 483222
0.40, 483107
0.40, 478430
0.40, 473363
0.40, 470783
0.40, 469454
0.40, 468068
0.40, 463759
0.45, 462846
0.45, 462355
0.45, 460554
0.46, 456808
0.46, 451188
0.46, 449981
0.46, 448211
0.48, 447763
0.48, 446617
0.48, 445387
0.48, 445261
0.48, 444935
0.48, 442292
0.48, 440960
0.48, 438102
0.48, 437160
0.48, 433250
0.48, 425083
0.48, 421984
0.54, 419127
0.54, 417203
0.54, 415761
0.54, 415550
0.54, 415480
0.54, 414471
0.54, 414147
0.54, 408972
0.54, 407789
0.54, 407488
0.54, 404911
0.54, 404434
0.54, 403857
0.54, 403440
0.54, 403385
0.54, 402408
0.54, 401178
0.54, 399753
0.54, 398391
0.58, 397842
0.58, 396568
0.58, 395995
0.58, 395974
0.59, 395857
0.59, 387907
0.59, 387570
0.60, 383461
0.60, 379488
0.60, 378858
0.60, 378538
0.60, 377646
0.60, 376477
0.62, 373872
0.62, 371421
0.62, 370144
0.62, 370125
0.62, 367398
0.63, 366881
0.64, 364501
0.64, 363729
0.64, 355112
0.64, 353830
0.64, 351718
0.64, 351260
0.65, 348385
0.66, 347702
0.66, 347135
0.66, 342054
0.66, 341914
0.66, 341856
0.66, 341606
0.67, 340326
0.67, 339180
0.67, 338183
0.67, 328642
0.68, 328203
0.68, 325005
0.68, 324605
0.68, 322127
0.69, 320559
0.69, 317657
0.69, 317009
0.69, 315857
0.69, 315781
0.69, 315652
0.69, 314368
0.69, 312496
0.69, 309973
0.69, 308796
0.69, 307590
0.69, 307359
0.69, 307067
0.69, 305751
0.69, 305602
0.72, 305192
0.73, 304265
0.73, 302009
0.73, 298644
0.73, 297580
0.73, 297317
0.73, 296066
0.74, 295216
0.74, 293714
0.74, 293569
0.74, 290365
0.74, 290310
0.74, 288481
0.74, 286268
0.78, 283580
0.78, 282508
0.78, 278907
0.78, 278744
0.78, 278546
0.78, 278539
0.79, 275531
0.79, 272667
0.79, 271344
0.79, 271330
0.79, 267856
0.80, 266744
0.81, 265779
0.81, 265150
0.81, 259832
0.81, 258394
0.81, 258377
0.81, 258229
0.81, 257174
0.81, 256252
0.81, 255708
0.81, 254972
0.81, 254444
0.81, 254378
0.81, 251168
0.82, 244185
0.82, 243590
0.84, 241349
0.84, 239958
0.84, 239736
0.84, 239291
0.84, 237903
0.84, 237672
0.84, 236905
0.84, 236437
0.84, 236122
0.84, 233403
0.84, 233035
0.84, 232239
0.89, 231629
0.89, 231273
0.89, 229395
0.89, 228237
0.89, 227891
0.89, 225946
0.89, 225829
0.89, 223104
0.89, 220883
0.89, 218621
0.89, 218239
0.89, 216247
0.89, 216143
0.89, 216034
0.89, 215430
0.89, 215175
0.89, 212949
0.89, 212708
0.89, 212486
0.89, 212461
0.89, 212131
0.89, 211765
0.89, 211731
0.89, 211152
0.89, 206323
0.89, 205413
0.89, 204593
0.95, 204212
0.96, 203963
0.96, 202115
0.98, 201728
0.98, 201611
0.98, 200016
0.98, 198543
0.98, 197355
0.98, 195877
0.98, 193267
0.98, 192756
0.98, 192612
0.98, 192148
0.98, 191852
1.00, 191732
1.00, 191535
1.00, 190940
1.00, 190683
1.00, 190490
1.00, 188916
1.00, 188730
1.00, 188348
1.00, 188037
1.00, 187638
1.01, 187336
1.01, 187178
1.01, 185349
1.01, 184150
1.01, 183831
1.01, 182575
1.01, 181918
1.01, 181222
1.01, 180470
1.02, 180219
1.02, 179246
1.02, 178573
1.02, 176406
1.02, 176204
1.02, 174939
1.02, 174581
1.07, 173997
1.07, 173922
1.07, 173294
1.07, 172604
1.07, 172580
1.08, 172038
1.08, 171375
1.08, 170286
1.08, 170051
1.08, 168422
1.11, 168271
1.11, 167312
1.11, 167255
1.11, 167245
1.11, 167093
1.11, 166867
1.11, 166850
1.11, 166789
1.11, 166250
1.11, 166235
1.11, 165713
1.11, 164767
1.11, 164675
1.11, 164521
1.11, 164035
1.12, 163850
1.12, 163815
1.13, 163805
1.13, 162513
1.13, 162114
1.13, 161669
1.13, 161507
1.13, 161082
1.13, 160561
1.13, 159726
1.13, 159446
1.13, 158813
1.15, 158799
1.15, 157449
1.15, 157410
1.15, 156024
1.16, 153902
1.16, 153829
1.16, 152682
1.16, 152138
1.16, 151553
1.16, 149174
1.16, 149046
1.16, 148884
1.16, 148565
1.16, 148165
1.20, 147847
1.23, 147463
1.23, 146899
1.24, 146679
1.24, 145841
1.24, 145578
1.25, 144482
1.25, 144432
1.25, 144234
1.25, 143749
1.25, 143539
1.25, 143534
1.25, 143167
1.25, 142774
1.25, 142515
1.25, 142456
1.25, 142400
1.25, 142216
1.25, 141931
1.25, 141895
1.25, 141251
1.26, 140790
1.31, 140542
1.31, 140446
1.31, 140017
1.31, 139885
1.31, 139659
1.34, 139565
1.34, 139317
1.34, 139116
1.34, 139051
1.35, 138822
1.35, 138557
1.35, 138242
1.35, 138114
1.35, 137720
1.35, 137609
1.36, 137438
1.36, 137357
1.36, 137257
1.36, 137112
1.38, 136625
1.38, 136467
1.38, 136305
1.38, 135910
1.41, 135784
1.44, 135715
1.44, 135520
1.45, 135482
1.45, 135298
1.47, 134919
1.47, 134754
1.47, 134699
1.50, 134688
1.50, 134504
1.64, 134493
1.74, 134372
1.74, 134317
1.74, 134104
1.74, 134049
1.75, 133766
1.75, 133711
1.76, 133672
