0.00,710510
0.00,728975
0.00,688627
0.00,665467
0.00,644074
0.00,664329
0.00,645272
0.00,622445
0.00,615020
0.00,593249
0.00,579058
0.00,584410
0.00,573912
0.00,557722
0.00,545298
0.00,539393
0.00,531868
0.00,533786
0.00,521341
0.00,506240
0.00,496340
0.00,492549
0.00,518488
0.00,501804
0.00,485706
0.00,489897
0.00,483853
0.00,462480
0.00,451848
0.00,452196
0.00,458066
0.00,443598
0.00,439102
0.00,429928
0.00,410399
0.00,412642
0.00,411911
0.00,410379
0.00,415931
0.00,410002
0.00,408316
0.00,409773
0.00,395680
0.00,385721
0.00,388874
0.00,408674
0.00,375242
0.00,362066
0.00,358743
0.00,346548
0.00,340167
0.00,341441
0.00,339088
0.00,341290
0.00,335078
0.00,326047
0.00,335484
0.00,318367
0.00,315682
0.01,318361
0.01,320518
0.01,321880
0.01,321956
0.01,328965
0.01,334521
0.01,350168
0.01,334819
0.01,335100
0.01,332196
0.01,331232
0.01,335676
0.01,334912
0.01,310355
0.01,297449
0.01,297983
0.01,299535
0.01,298432
0.01,300409
0.01,304075
0.01,304333
0.01,315442
0.01,304547
0.01,301899
0.01,300709
0.01,302181
0.01,305024
0.01,307722
0.01,298314
0.01,295574
0.01,288298
0.01,292732
0.01,304362
0.01,299929
0.01,299849
0.01,301425
0.01,301429
0.01,307865
0.01,326949
0.01,308523
0.01,303969
0.01,295444
0.01,295453
0.01,286328
0.01,285732
0.01,287629
0.01,279076
0.01,284142
0.01,288076
0.01,282372
0.01,276086
0.01,270715
0.01,275661
0.01,286107
0.01,280665
0.01,276082
0.01,269442
0.01,277311
0.01,277566
0.01,276920
0.01,271065
0.01,262855
0.01,260509
0.01,262357
0.01,264191
0.01,268032
0.01,263562
0.01,263534
0.01,266639
0.01,271767
0.01,266026
0.01,258571
0.01,257520
0.01,264964
0.01,263690
0.01,261685
0.01,260368
0.01,262796
0.01,267240
0.01,260371
0.01,261761
0.01,261648
0.01,258893
0.01,257228
0.01,257631
0.01,259514
0.01,258511
0.01,260441
0.01,262640
0.01,259979
0.01,248173
0.01,247356
0.01,245968
0.01,242994
0.01,245570
0.01,248048
0.01,249689
0.01,250810
0.01,253653
0.01,256872
0.01,248735
0.01,249518
0.01,247751
0.01,248649
0.01,245558
0.01,245336
0.01,248059
0.01,249337
0.01,249117
0.01,251133
0.01,248687
0.01,246833
0.01,247877
0.01,247307
0.01,248394
0.01,249936
0.01,252128
0.01,245769
0.01,247179
0.01,249084
0.01,247319
0.01,246675
0.01,243456
0.01,243080
0.01,238028
0.01,237922
0.01,239016
0.01,239115
0.01,234811
0.01,235242
0.01,250924
0.01,230916
0.01,230838
0.01,227189
0.01,228239
0.01,224744
0.01,225017
0.01,221457
0.01,220303
0.01,219837
0.01,221181
0.01,221543
0.01,220748
0.01,219867
0.01,219993
0.01,222605
0.01,222550
0.01,219646
0.01,214167
0.01,215106
0.01,215937
0.01,214328
0.01,211398
0.01,208773
0.01,208980
0.01,209033
0.01,210533
0.01,210913
0.01,210479
0.01,211453
0.01,212964
0.01,209879
0.01,211306
0.01,210305
0.01,208430
0.01,204583
0.01,203785
0.01,203873
0.01,204285
0.01,203963
0.01,204420
0.01,203219
0.01,203073
0.01,201308
0.01,200982
0.01,200096
0.01,197341
0.01,195985
0.01,194930
0.01,194165
0.01,193356
0.01,197395
0.01,190088
0.01,187806
0.01,187767
0.01,190348
0.01,192801
0.01,194340
0.01,193002
0.01,196593
0.01,196737
0.01,196477
0.01,196554
0.01,197852
0.01,197538
0.01,196679
0.01,192991
0.01,193372
0.02,197627
0.02,193720
0.02,194859
0.02,194435
0.02,191510
0.02,190904
0.02,188216
0.02,186400
0.02,183789
0.02,184002
0.02,183588
0.02,184996
0.02,184947
0.02,181195
0.02,179170
0.02,179048
0.02,182847
0.02,179593
0.02,176866
0.02,176257
0.02,174561
0.02,172422
0.02,175988
0.02,173649
0.02,170932
0.02,169486
0.02,169959
0.02,169258
0.02,171328
0.02,173580
0.02,172916
0.02,169855
0.02,169821
0.02,169495
0.02,169954
0.02,170438
0.02,171387
0.02,170634
0.02,170562
0.02,167844
0.02,168009
0.02,169191
0.02,168790
0.02,167204
0.02,165781
0.02,164323
0.02,165237
0.02,165878
0.02,166886
0.02,170098
0.02,166477
0.02,165717
0.02,163273
0.02,165416
0.02,165871
0.02,165937
0.02,162256
0.02,162293
0.02,161468
0.02,169362
0.02,164716
0.02,162728
0.02,164345
0.02,159886
0.02,159211
0.02,158635
0.02,157471
0.02,163285
0.02,165777
0.02,173083
0.02,178760
0.02,191433
0.02,172946
0.02,170297
0.02,167938
0.02,163207
0.02,160991
0.02,161106
0.02,160443
0.02,162338
0.02,160427
0.02,160885
0.02,164213
0.02,169512
0.02,176380
0.02,172193
0.02,169570
0.02,168427
0.02,168026
0.02,167882
0.02,167594
0.02,167236
0.02,166926
0.02,166878
0.02,166761
0.02,168405
0.02,167861
0.02,167189
0.02,164999
0.02,163447
0.02,158316
0.02,161767
0.02,163667
0.02,162989
0.02,163687
0.02,161907
0.02,159855
0.02,158979
0.02,161419
0.02,160333
0.02,160715
0.02,162820
0.02,160445
0.02,159891
0.02,159360
0.02,157300
0.02,156691
0.02,156155
0.02,155625
0.02,154945
0.02,154417
0.02,153992
0.02,153661
0.02,153348
0.02,152955
0.02,153226
0.02,152305
0.02,152041
0.02,151815
0.02,151597
0.02,151385
0.02,151123
0.02,151627
0.02,150408
0.02,150194
0.02,150018
0.02,149850
0.02,149683
0.02,149581
0.02,151121
0.02,149542
0.02,151345
0.02,153450
0.02,153296
0.02,152999
0.02,151340
0.02,150372
0.02,150896
0.02,152527
0.02,152649
0.02,152769
0.02,151471
0.02,149897
0.02,149430
0.02,149061
0.02,149620
0.02,150149
0.02,149056
0.02,149949
0.02,150298
0.02,151596
0.02,151949
0.02,152442
0.02,152291
0.02,151395
0.02,151327
0.02,148864
0.02,148052
0.02,147868
0.02,147701
0.02,150292
0.02,149464
0.02,149992
0.02,150359
0.02,150472
0.02,151599
0.02,152827
0.02,155002
0.02,151436
0.02,149319
0.02,147676
0.02,148598
0.02,150403
0.02,149575
0.02,149459
0.02,149920
0.02,150861
0.02,151552
0.02,153892
0.02,152043
0.02,149749
0.02,147666
0.02,147138
