0.00,706158
0.00,693039
0.00,664142
0.00,645443
0.00,623995
0.00,607085
0.00,600820
0.00,584502
0.00,562697
0.00,549554
0.00,528310
0.00,527428
0.00,519526
0.00,511221
0.00,500501
0.00,488038
0.00,484508
0.00,464725
0.00,463278
0.00,451903
0.00,448444
0.00,438858
0.00,437349
0.00,436582
0.00,425704
0.00,425587
0.00,420109
0.00,411815
0.00,409843
0.00,395000
0.00,389474
0.00,390729
0.00,386389
0.00,377982
0.00,372409
0.00,373003
0.00,368786
0.00,367098
0.00,371814
0.00,369476
0.00,356540
0.00,358456
0.00,358744
0.00,355102
0.00,352727
0.00,354570
0.00,361305
0.00,357729
0.00,348356
0.00,340068
0.00,332402
0.00,324844
0.00,327308
0.00,327295
0.00,330738
0.00,318956
0.00,318116
0.00,317877
0.01,325360
0.01,327826
0.01,327847
0.01,339143
0.01,322873
0.01,321217
0.01,321695
0.01,329887
0.01,323975
0.01,313040
0.01,309636
0.01,302561
0.01,301789
0.01,298303
0.01,300172
0.01,295325
0.01,292117
0.01,286916
0.01,284914
0.01,292507
0.01,290090
0.01,291825
0.01,295547
0.01,287338
0.01,288097
0.01,286376
0.01,280358
0.01,281667
0.01,286352
0.01,283540
0.01,284098
0.01,281298
0.01,274979
0.01,274468
0.01,271917
0.01,268637
0.01,268219
0.01,264738
0.01,265378
0.01,260393
0.01,257184
0.01,265655
0.01,264866
0.01,262750
0.01,260369
0.01,264649
0.01,266307
0.01,264812
0.01,265605
0.01,262336
0.01,258380
0.01,255273
0.01,257738
0.01,259837
0.01,270221
0.01,269219
0.01,261027
0.01,258440
0.01,263011
0.01,279681
0.01,257365
0.01,249959
0.01,251951
0.01,254258
0.01,263219
0.01,268727
0.01,263371
0.01,254754
0.01,251957
0.01,246145
0.01,244404
0.01,245246
0.01,247925
0.01,251403
0.01,249030
0.01,247992
0.01,248345
0.01,250105
0.01,250202
0.01,252238
0.01,247156
0.01,245695
0.01,247214
0.01,256905
0.01,250153
0.01,250199
0.01,250346
0.01,248693
0.01,248271
0.01,252926
0.01,252283
0.01,251209
0.01,251108
0.01,261271
0.01,273921
0.01,259035
0.01,250391
0.01,251799
0.01,243110
0.01,247483
0.01,240819
0.01,236173
0.01,238453
0.01,237216
0.01,238755
0.01,241879
0.01,248191
0.01,238164
0.01,240015
0.01,242767
0.01,235599
0.01,233005
0.01,231119
0.01,230379
0.01,228365
0.01,228913
0.01,231755
0.01,237196
0.01,239455
0.01,235319
0.01,231622
0.01,232742
0.01,236590
0.01,242573
0.01,248383
0.01,244263
0.01,238447
0.01,235009
0.01,230650
0.01,231303
0.01,227871
0.01,225276
0.01,224825
0.01,224796
0.01,224117
0.01,223790
0.01,222602
0.01,226701
0.01,225118
0.01,223256
0.01,221067
0.01,218549
0.01,218607
0.01,219175
0.01,214720
0.01,211780
0.01,212829
0.01,213465
0.01,208679
0.01,204845
0.01,208003
0.01,208941
0.01,211339
0.01,209800
0.01,213071
0.01,212029
0.01,210542
0.01,211859
0.01,204067
0.01,209127
0.01,212239
0.01,213868
0.01,215362
0.01,219087
0.01,221443
0.01,224712
0.01,225629
0.01,228583
0.01,243589
0.01,228393
0.01,220326
0.01,218164
0.01,212040
0.01,214100
0.01,218970
0.01,215078
0.01,211414
0.01,211452
0.01,212522
0.01,214864
0.01,206600
0.01,212374
0.01,213621
0.01,218235
0.01,210466
0.01,204929
0.01,205835
0.01,201674
0.01,199027
0.01,196494
0.01,198851
0.01,196674
0.01,197019
0.01,197078
0.01,199798
0.01,198068
0.01,196064
0.01,198268
0.01,199864
0.01,198673
0.01,196597
0.01,194182
0.01,192198
0.01,192529
0.01,189776
0.01,187469
0.01,186007
0.01,183184
0.01,184802
0.01,188677
0.01,188537
0.01,186825
0.01,182294
0.01,180192
0.01,178575
0.01,177019
0.01,175497
0.01,172913
0.01,173044
0.01,178217
0.01,181857
0.01,176734
0.01,171234
0.01,173786
0.01,177185
0.01,174686
0.01,171114
0.01,169315
0.01,173015
0.01,177384
0.01,170756
0.01,167764
0.01,167699
0.01,166005
0.01,165062
0.01,166023
0.01,167828
0.01,167264
0.01,172218
0.01,171743
0.01,171134
0.01,171167
0.01,171384
0.01,168373
0.01,167106
0.01,165179
0.01,165760
0.01,169198
0.01,171364
0.01,173152
0.01,173725
0.01,171661
0.01,174555
0.01,175114
0.01,175012
0.01,176466
0.01,176374
0.01,177068
0.01,178242
0.01,178110
0.01,178548
0.01,181985
0.01,187533
0.01,184242
0.01,181462
0.01,181877
0.01,179599
0.01,175863
0.02,175794
0.02,174802
0.02,173584
0.02,173018
0.02,171522
0.02,173126
0.02,172664
0.02,177074
0.02,178982
0.02,186643
0.02,196242
0.02,175080
0.02,169956
0.02,166760
0.02,162844
0.02,164988
0.02,167708
0.02,168537
0.02,170108
0.02,173401
0.02,174009
0.02,174653
0.02,173815
0.02,171628
0.02,171858
0.02,170902
0.02,170105
0.02,172267
0.02,172586
0.02,173814
0.02,176654
0.02,178790
0.02,179687
0.02,182477
0.02,187590
0.02,184457
0.02,179503
0.02,179256
0.02,178143
0.02,173907
0.02,178381
0.02,177237
0.02,176004
0.02,173976
0.02,181250
0.02,191495
0.02,170920
0.02,168882
0.02,171743
0.02,170614
0.02,166531
0.02,160551
0.02,161069
0.02,162993
0.02,159306
0.02,158181
0.02,158374
0.02,157910
0.02,159266
0.02,161476
0.02,161259
0.02,163970
0.02,164485
0.02,164026
0.02,164899
0.02,165226
0.02,165024
0.02,163066
0.02,164634
0.02,162626
0.02,165213
0.02,163687
0.02,165602
0.02,166295
0.02,166041
0.02,164161
0.02,162073
0.02,165854
0.02,168159
0.02,170754
0.02,173084
0.02,171281
0.02,172065
0.02,171557
0.02,172444
0.02,172494
0.02,170590
0.02,171604
0.02,175456
0.02,179370
0.02,180240
0.02,182504
0.02,181935
0.02,189834
0.02,204154
0.02,190301
0.02,179596
0.02,174085
0.02,172071
0.02,169256
0.02,166194
0.02,163377
0.02,163998
0.02,163244
0.02,161406
0.02,159725
0.02,156824
0.02,155610
0.02,156521
0.02,154627
0.02,153656
0.02,153904
0.02,152732
0.02,151813
0.02,153714
0.02,153852
0.02,156486
0.02,156480
0.02,158347
0.02,158136
0.02,158954
0.02,161095
0.02,162297
0.02,163388
0.02,162041
0.02,159716
0.02,159088
0.02,158287
0.02,158220
0.02,158426
0.02,159868
0.02,158577
0.02,157414
0.02,158006
0.02,159583
0.02,163256
0.02,163841
0.02,165260
0.02,166832
0.02,168280
0.02,169790
0.02,169479
0.02,169400
0.02,168419
0.02,170895
0.02,172007
0.02,177060
0.02,175018
0.02,182358
0.02,197025
0.02,179017
0.02,172434
0.02,174072
0.02,176074
0.02,169765
0.02,164367
0.02,160019
0.02,159873
0.02,159934
0.02,158103
0.02,154771
0.02,153086
0.02,152220
0.02,151003
0.02,150235
0.02,153546
0.02,153392
0.02,155040
0.02,155556
0.02,154969
0.02,152144
0.02,150950
0.02,152782
0.02,149861
0.02,148430
0.02,148093
0.02,147476
0.02,148611
0.02,150489
0.02,152868
0.02,151987
0.02,152712
0.02,150893
0.02,153680
0.02,153763
0.02,153454
0.02,154545
0.02,155464
0.02,161811
0.02,164366
0.02,166458
0.02,166395
0.02,174011
0.02,191111
0.02,174302
0.02,167705
0.02,167129
0.02,162728
0.02,161138
0.02,161709
0.02,161951
0.02,165604
0.02,166278
0.02,160873
0.02,160225
0.02,160596
0.02,160750
0.02,158790
0.02,156674
0.02,150771
0.02,147658
0.02,149538
0.02,148757
0.02,146690
0.02,147533
0.02,148134
0.02,146451
0.02,145673
0.02,144954
0.02,144353
0.02,145302
0.02,143797
0.02,143348
0.02,142812
0.02,142387
0.02,141966
0.02,141580
0.02,141328
0.02,141102
0.02,140884
0.02,141845
0.02,140681
0.02,140444
0.02,140147
0.02,139963
0.02,140558
0.02,141694
0.02,140883
0.02,140113
0.02,140480
0.02,140295
0.02,139551
0.02,139409
0.02,139477
0.02,139234
0.02,138957
0.02,138902
