0.00,674332
0.00,688358
0.00,656186
0.00,638779
0.00,626778
0.00,635621
0.00,647477
0.00,625195
0.00,643730
0.00,632115
0.00,625387
0.00,605790
0.00,602457
0.00,579725
0.00,563384
0.00,548103
0.00,548964
0.00,539005
0.00,538647
0.00,554807
0.00,551768
0.00,542048
0.00,536002
0.00,533285
0.00,513083
0.00,506062
0.00,505024
0.00,487797
0.00,471916
0.00,479541
0.00,476697
0.00,472200
0.00,482847
0.00,468490
0.00,464180
0.00,453106
0.00,451036
0.00,455025
0.00,453316
0.00,440043
0.00,433888
0.00,428257
0.00,424536
0.00,423040
0.00,426397
0.00,418180
0.00,423624
0.00,430522
0.00,416666
0.00,409332
0.00,414897
0.00,420027
0.00,419229
0.01,423725
0.01,440803
0.01,406188
0.01,405527
0.01,406920
0.01,398706
0.01,397681
0.01,401064
0.01,398459
0.01,400413
0.01,404847
0.01,398651
0.01,387465
0.01,380614
0.01,369748
0.01,368781
0.01,372006
0.01,377031
0.01,370328
0.01,371894
0.01,367264
0.01,374357
0.01,373959
0.01,400940
0.01,381748
0.01,383068
0.01,377154
0.01,359537
0.01,359859
0.01,363836
0.01,374656
0.01,376321
0.01,376592
0.01,389047
0.01,362270
0.01,365793
0.01,367959
0.01,368982
0.01,360711
0.01,343395
0.01,342061
0.01,338212
0.01,334729
0.01,336541
0.01,325048
0.01,325088
0.01,320516
0.01,320193
0.01,316111
0.01,316528
0.01,312156
0.01,307556
0.01,310472
0.01,315783
0.01,312898
0.01,311825
0.01,315428
0.01,310905
0.01,316956
0.01,319197
0.01,324636
0.01,339707
0.01,324377
0.01,320177
0.01,316756
0.01,318585
0.01,312384
0.01,317447
0.01,322086
0.01,309440
0.01,304876
0.01,304044
0.01,306406
0.01,302335
0.01,296951
0.01,292330
0.01,292469
0.01,290274
0.01,288437
0.01,294305
0.01,287597
0.01,287049
0.01,286533
0.01,280959
0.01,274608
0.01,269227
0.01,266880
0.01,265572
0.01,262294
0.01,261110
0.01,262244
0.01,260398
0.01,259830
0.01,254305
0.01,251725
0.01,253952
0.01,254571
0.01,255309
0.01,257780
0.01,259407
0.01,257646
0.01,257936
0.01,249770
0.01,249977
0.01,248237
0.01,252988
0.01,250037
0.01,247423
0.01,246652
0.01,249214
0.01,247400
0.01,250584
0.01,250636
0.01,245854
0.01,246148
0.01,247379
0.01,242338
0.01,238520
0.01,237363
0.01,241768
0.01,245326
0.01,242574
0.01,240365
0.01,241752
0.01,243912
0.01,246428
0.01,257377
0.01,260096
0.01,260744
0.01,277001
0.01,265656
0.01,258421
0.01,254892
0.01,249530
0.01,244397
0.01,243501
0.01,246144
0.01,241594
0.01,239693
0.01,233953
0.01,230106
0.01,230405
0.01,226913
0.01,226972
0.01,235322
0.01,232645
0.01,226056
0.01,222078
0.01,228161
0.01,227617
0.01,227953
0.01,226864
0.01,222604
0.01,222187
0.01,219375
0.01,220501
0.01,217165
0.01,213926
0.01,215711
0.01,212402
0.01,215616
0.01,216890
0.01,215807
0.01,215649
0.01,218833
0.01,218885
0.01,214103
0.01,214397
0.01,215628
0.01,209115
0.01,205874
0.01,204301
0.01,201849
0.01,195665
0.01,195886
0.01,201937
0.01,205894
0.01,205296
0.01,216272
0.01,221401
0.01,235984
0.01,221122
0.01,216570
0.01,212628
0.01,212185
0.01,209908
0.01,210829
0.01,204205
0.01,200885
0.01,201249
0.01,199501
0.01,197482
0.01,199661
0.01,200778
0.01,200012
0.01,197407
0.01,200590
0.01,204905
0.01,202062
0.01,200249
0.01,198952
0.01,196101
0.01,192461
0.01,191112
0.01,191397
0.01,191433
0.01,193136
0.01,192676
0.01,191347
0.01,191735
0.01,191926
0.01,190013
0.01,187144
0.01,184734
0.01,186178
0.01,185534
0.01,186204
0.01,188998
0.01,196239
0.01,198547
0.01,199617
0.01,194362
0.01,196547
0.01,195905
0.01,194312
0.01,191749
0.01,186278
0.01,186234
0.01,190528
0.01,195678
0.01,194722
0.01,193388
0.01,188806
0.01,188401
0.01,189683
0.01,189332
0.01,189826
0.01,188125
0.01,186519
0.01,186771
0.01,188152
0.01,188600
0.01,193132
0.01,196446
0.01,205470
0.01,200834
0.01,198663
0.01,199674
0.01,203890
0.01,202401
0.01,200032
0.01,199806
0.01,218869
0.02,203937
0.02,197529
0.02,189538
0.02,182386
0.02,182305
0.02,180180
0.02,182052
0.02,182521
0.02,185794
0.02,185418
0.02,200072
0.02,202094
0.02,203663
0.02,209210
0.02,226878
0.02,214963
0.02,207632
0.02,203303
0.02,200059
0.02,194944
0.02,196065
0.02,195434
0.02,189023
0.02,185403
0.02,182056
0.02,181490
0.02,180884
0.02,178817
0.02,182977
0.02,176992
0.02,175368
0.02,175545
0.02,175154
0.02,173568
0.02,172024
0.02,174743
0.02,174359
0.02,170871
0.02,169271
0.02,169435
0.02,167808
0.02,166352
0.02,167745
0.02,166866
0.02,166235
0.02,168082
0.02,168888
0.02,170313
0.02,173449
0.02,176115
0.02,176337
0.02,178035
0.02,182088
0.02,180685
0.02,177968
0.02,181386
0.02,186508
0.02,187553
0.02,195774
0.02,210648
0.02,192139
0.02,188235
0.02,187357
0.02,182046
0.02,180579
0.02,173869
0.02,175117
0.02,177119
0.02,171462
0.02,169622
0.02,172822
0.02,171048
0.02,170060
0.02,173220
0.02,174659
0.02,170316
0.02,170638
0.02,170684
0.02,176724
0.02,173539
0.02,170945
0.02,169118
0.02,168097
0.02,166675
0.02,168142
0.02,166914
0.02,165239
0.02,165757
0.02,164574
0.02,165602
0.02,165302
0.02,164567
0.02,166465
0.02,163532
0.02,163100
0.02,161996
0.02,162294
0.02,163932
0.02,165558
0.02,170097
0.02,167445
0.02,166727
0.02,164639
0.02,164091
0.02,164120
0.02,164766
0.02,163002
0.02,162361
0.02,164249
0.02,164073
0.02,161664
0.02,161185
0.02,160058
0.02,159051
0.02,159605
0.02,158079
0.02,157622
0.02,158970
0.02,161161
0.02,164296
0.02,166192
0.02,168467
0.02,170229
0.02,170649
0.02,171241
0.02,171725
0.02,179422
0.02,182365
0.02,188783
0.02,202911
0.02,186716
0.02,183886
0.02,180390
0.02,176111
0.02,175356
0.02,172372
0.02,173572
0.02,177327
0.02,176760
0.02,174018
0.02,176733
0.02,172980
0.02,172819
0.02,170415
0.02,169621
0.02,169381
0.02,166918
0.02,169172
0.02,172843
0.02,167728
0.02,165023
0.02,164672
0.02,169213
0.02,171000
0.02,171797
0.02,170815
0.02,168757
0.02,164624
0.02,161421
0.02,160494
0.02,159556
0.02,158274
0.02,156741
0.02,155869
0.02,155529
0.02,154218
0.02,153509
0.02,156000
0.02,156157
0.02,155414
0.02,157412
0.02,156918
0.02,158644
0.02,161527
0.02,165484
0.02,168035
0.02,174602
0.02,191801
0.02,177068
0.02,175494
0.02,178277
0.02,174301
0.02,172325
0.02,168393
0.02,168605
0.02,169858
0.02,167172
0.02,164469
0.02,163214
0.02,161472
0.02,157996
0.02,156639
0.02,157332
0.02,155976
0.02,155511
0.02,153509
0.02,152849
0.02,152205
0.02,151589
0.02,155946
0.02,160613
0.02,153852
0.02,150993
0.02,152675
0.02,153324
0.02,156172
0.02,157155
0.02,158135
0.02,158716
0.02,160026
0.02,161790
0.02,164695
0.02,167251
0.02,168365
0.02,169258
0.02,169958
0.02,167381
0.02,163970
0.02,162781
0.02,160926
0.02,161942
0.02,160908
0.02,160290
0.02,161812
0.02,161885
0.02,162247
0.02,163616
0.02,167528
0.02,165119
0.02,165121
0.02,164505
0.02,162807
0.02,163726
0.02,162098
0.02,161206
0.02,163926
0.02,163952
0.02,166920
0.02,169263
0.02,175833
0.02,180089
0.02,189303
0.02,197765
0.02,174848
0.02,172327
0.02,173281
0.02,165453
0.02,161660
0.02,154526
0.02,150468
0.02,149950
0.02,149129
0.02,148901
0.02,148436
0.02,147984
0.02,147585
0.02,147202
0.02,147309
0.02,146778
0.02,146474
0.02,146122
0.02,148111
0.02,149031
0.02,150363
0.02,150100
0.02,147511
0.02,145854
0.02,147408
0.02,150014
0.02,153229
0.02,154133
0.02,154389
0.02,154476
0.02,156989
0.02,155770
0.02,153910
0.02,152076
0.02,151992
0.02,151527
0.02,150085
0.02,151999
0.02,151687
0.02,149114
0.02,146542
0.02,145092
0.02,149845
0.02,151431
0.02,150963
0.02,157235
0.02,161789
0.02,157164
0.02,152504
0.02,150778
0.02,151412
0.02,150646
0.02,154160
0.02,155124
0.02,153400
0.02,151842
0.02,151650
0.02,150820
0.02,147069
0.02,145596
0.02,144350
0.02,143062
0.02,144431
0.02,148738
0.02,151600
0.02,155520
0.02,160245
0.02,165093
0.02,160016
0.02,157675
0.02,155708
0.02,152910
0.02,150996
0.02,149538
0.02,150777
0.02,147366
0.02,145310
0.02,143273
0.02,143367
0.02,145501
0.02,146418
0.02,146127
0.02,145880
0.02,143086
0.02,144750
0.02,142960
0.02,142940
0.02,141975
0.02,141216
0.02,140521
0.02,140135
0.02,139909
0.02,139691
0.02,139493
0.02,139309
0.02,139181
0.02,139054
0.02,138936
0.02,138852
