0.00,655104
0.00,614951
0.00,605857
0.00,577744
0.00,560640
0.00,557112
0.00,542939
0.00,550106
0.00,534236
0.00,522901
0.00,511588
0.00,507882
0.00,494606
0.00,486048
0.00,467385
0.00,470225
0.00,463026
0.00,455036
0.00,477115
0.00,464743
0.00,456484
0.00,449196
0.00,448084
0.00,441874
0.00,438862
0.00,434847
0.00,426683
0.00,423569
0.00,418446
0.00,406209
0.00,403213
0.00,403975
0.00,394733
0.00,392013
0.00,389429
0.00,389190
0.00,388967
0.00,388958
0.00,372041
0.00,370214
0.00,373444
0.00,363991
0.00,363735
0.00,362130
0.00,359968
0.00,345811
0.00,346932
0.00,342477
0.00,346036
0.00,342416
0.00,347158
0.01,346113
0.01,342668
0.01,349842
0.01,340587
0.01,343376
0.01,339105
0.01,338024
0.01,330867
0.01,346293
0.01,330239
0.01,323885
0.01,323945
0.01,317819
0.01,313619
0.01,312128
0.01,309299
0.01,302163
0.01,299795
0.01,302607
0.01,299603
0.01,303891
0.01,302615
0.01,303149
0.01,304904
0.01,299295
0.01,294773
0.01,291742
0.01,300854
0.01,301077
0.01,299208
0.01,300119
0.01,314493
0.01,301746
0.01,296388
0.01,293225
0.01,289527
0.01,286469
0.01,285241
0.01,278719
0.01,270722
0.01,268720
0.01,273904
0.01,263831
0.01,260615
0.01,263692
0.01,263000
0.01,263544
0.01,263740
0.01,262341
0.01,264311
0.01,267531
0.01,264680
0.01,260445
0.01,264512
0.01,263256
0.01,258116
0.01,256147
0.01,256746
0.01,257580
0.01,250907
0.01,247598
0.01,245961
0.01,241701
0.01,237622
0.01,235320
0.01,231222
0.01,231900
0.01,232684
0.01,237187
0.01,239131
0.01,235062
0.01,232239
0.01,230827
0.01,232784
0.01,234848
0.01,232852
0.01,234190
0.01,235266
0.01,232571
0.01,233792
0.01,224275
0.01,222608
0.01,218952
0.01,218401
0.01,222619
0.01,228378
0.01,227754
0.01,234817
0.01,239061
0.01,239816
0.01,241484
0.01,244383
0.01,261783
0.01,244837
0.01,236823
0.01,236009
0.01,227044
0.01,219047
0.01,219787
0.01,220191
0.01,222350
0.01,222921
0.01,215610
0.01,216062
0.01,212031
0.01,213779
0.01,214635
0.01,210528
0.01,211622
0.01,212656
0.01,216991
0.01,214738
0.01,207488
0.01,206441
0.01,202044
0.01,200010
0.01,201914
0.01,203646
0.01,208635
0.01,207385
0.01,204796
0.01,205354
0.01,206781
0.01,207275
0.01,208367
0.01,210624
0.01,210181
0.01,208672
0.01,212463
0.01,217955
0.01,215441
0.01,210583
0.01,207916
0.01,206704
0.01,209861
0.01,205927
0.01,207554
0.01,202994
0.01,206757
0.01,206440
0.01,202889
0.01,206684
0.01,212873
0.01,215035
0.01,226051
0.01,243083
0.01,227307
0.01,219816
0.01,214688
0.01,210263
0.01,200015
0.01,197402
0.01,197612
0.01,202316
0.01,199683
0.01,199957
0.01,196895
0.01,197539
0.01,195637
0.01,193373
0.01,190959
0.01,191659
0.01,197964
0.01,196997
0.01,188804
0.01,185725
0.01,183704
0.01,185422
0.01,181841
0.01,180780
0.01,182507
0.01,182581
0.01,184074
0.01,185266
0.01,184206
0.01,193441
0.01,195889
0.01,191898
0.01,189466
0.01,190685
0.01,191155
0.01,190449
0.01,190178
0.01,191538
0.01,189503
0.01,184831
0.01,184273
0.01,183136
0.01,187504
0.01,189338
0.01,194214
0.01,188439
0.01,181565
0.01,179109
0.01,177462
0.01,175765
0.01,176422
0.01,177779
0.01,179368
0.01,179681
0.01,179271
0.01,179106
0.01,181080
0.01,178389
0.01,180029
0.01,181716
0.01,184330
0.01,182035
0.02,185254
0.02,187990
0.02,185517
0.02,185834
0.02,188784
0.02,190109
0.02,189397
0.02,187440
0.02,186095
0.02,184298
0.02,177665
0.02,177648
0.02,176747
0.02,177650
0.02,178805
0.02,183365
0.02,173729
0.02,175284
0.02,171957
0.02,173397
0.02,169929
0.02,168922
0.02,171921
0.02,175378
0.02,174292
0.02,173856
0.02,175988
0.02,176876
0.02,169668
0.02,167299
0.02,167653
0.02,167549
0.02,171965
0.02,165724
0.02,165224
0.02,164105
0.02,162556
0.02,165992
0.02,167222
0.02,164763
0.02,163486
0.02,161794
0.02,165821
0.02,167653
0.02,160002
0.02,160110
0.02,158513
0.02,156966
0.02,156759
0.02,155685
0.02,157025
0.02,157897
0.02,155262
0.02,154255
0.02,153257
0.02,152294
0.02,151785
0.02,150925
0.02,151716
0.02,152578
0.02,155852
0.02,155695
0.02,154721
0.02,155770
0.02,156831
0.02,156268
0.02,155277
0.02,156057
0.02,155968
0.02,158069
0.02,158917
0.02,159171
0.02,161551
0.02,160429
0.02,159659
0.02,158699
0.02,158906
0.02,159959
0.02,162200
0.02,163310
0.02,166811
0.02,168928
0.02,170236
0.02,176881
0.02,183245
0.02,183720
0.02,193219
0.02,174059
0.02,170529
0.02,169945
0.02,165771
0.02,163498
0.02,159641
0.02,157153
0.02,155242
0.02,151203
0.02,150993
0.02,152274
0.02,151366
0.02,150068
0.02,148736
0.02,146611
0.02,146401
0.02,145401
0.02,145565
0.02,145422
0.02,145246
0.02,146294
0.02,147894
0.02,152220
0.02,150600
0.02,150551
0.02,150417
0.02,154321
0.02,155244
0.02,158495
0.02,162849
0.02,164115
0.02,171080
0.02,174180
0.02,179912
0.02,193878
0.02,174753
0.02,170971
0.02,169528
0.02,164578
0.02,164297
0.02,161003
0.02,157965
0.02,157611
0.02,154978
0.02,155823
0.02,158062
0.02,162477
0.02,157153
0.02,152246
0.02,148404
0.02,147541
0.02,146030
0.02,147319
0.02,147890
0.02,145864
0.02,144154
0.02,145261
0.02,145712
0.02,143331
0.02,142614
0.02,141995
0.02,141283
0.02,140760
0.02,141332
0.02,142906
0.02,144874
0.02,145239
0.02,145338
0.02,145865
0.02,147088
0.02,148436
0.02,150810
0.02,150924
0.02,150661
0.02,147402
0.02,146884
0.02,146160
0.02,149227
0.02,150659
0.02,152575
0.02,159200
0.02,161410
0.02,169560
0.02,183756
0.02,165279
0.02,162060
0.02,161928
0.02,158701
0.02,160634
0.02,154649
0.02,152160
0.02,152404
0.02,151685
0.02,151875
0.02,153441
0.02,157081
0.02,159064
0.02,159738
0.02,155257
0.02,153684
0.02,150059
0.02,149490
0.02,150326
0.02,147876
0.02,146703
0.02,147084
0.02,146095
0.02,143715
0.02,143103
0.02,142621
0.02,143430
0.02,144821
0.02,145053
0.02,140329
0.02,139906
0.02,139290
0.02,138904
0.02,138518
0.02,138133
0.02,137293
0.02,136996
0.02,136713
0.02,137187
0.02,138495
0.02,140752
0.02,142013
0.02,142330
0.02,141914
0.02,142984
0.02,144044
0.02,146643
0.02,148488
0.02,147357
0.02,145064
0.02,143709
0.02,143643
0.02,146018
0.02,147652
0.02,149168
0.02,155419
0.02,157285
0.02,164488
0.02,180578
0.02,162726
0.02,158905
0.02,157761
0.02,153445
0.02,153375
0.02,150854
0.02,149188
0.02,150613
0.02,147362
0.02,148099
0.02,149684
0.02,151516
0.02,155150
0.02,155699
0.02,152035
0.02,151062
0.02,146671
0.02,146890
0.02,147834
0.02,145384
0.02,142664
0.02,142344
0.02,142209
0.02,139663
0.02,139305
0.02,138641
0.02,138788
0.02,139540
0.02,137625
0.02,136560
0.02,136457
0.02,136407
