0.00,690202
0.00,661273
0.00,637338
0.00,659840
0.00,631682
0.00,649274
0.00,629007
0.00,595185
0.00,576645
0.00,577413
0.00,575287
0.00,568348
0.00,573277
0.00,597685
0.00,567405
0.00,545388
0.00,540520
0.00,530643
0.00,521925
0.00,527013
0.00,529334
0.00,547593
0.00,524626
0.00,506495
0.00,492734
0.00,480517
0.00,473955
0.00,460470
0.00,465919
0.00,454653
0.00,441389
0.00,436016
0.00,428119
0.00,409885
0.00,404390
0.00,396719
0.00,404282
0.00,390440
0.00,375060
0.00,374890
0.00,370041
0.00,361242
0.00,355802
0.00,351661
0.00,342532
0.00,346865
0.00,339377
0.00,338272
0.00,330604
0.00,321456
0.00,319161
0.00,318337
0.00,317952
0.01,319878
0.01,316202
0.01,308781
0.01,302104
0.01,298881
0.01,296487
0.01,289122
0.01,289302
0.01,296397
0.01,294891
0.01,294836
0.01,298416
0.01,292241
0.01,290723
0.01,292021
0.01,291755
0.01,284252
0.01,290667
0.01,291440
0.01,291436
0.01,289984
0.01,289282
0.01,289818
0.01,291441
0.01,293159
0.01,280975
0.01,280526
0.01,281531
0.01,281728
0.01,277881
0.01,278982
0.01,279187
0.01,277203
0.01,277167
0.01,277274
0.01,278375
0.01,278580
0.01,267344
0.01,269855
0.01,259492
0.01,257962
0.01,261949
0.01,264554
0.01,259663
0.01,261563
0.01,266134
0.01,261004
0.01,259950
0.01,267731
0.01,259720
0.01,254165
0.01,254642
0.01,252704
0.01,248765
0.01,244224
0.01,237842
0.01,236104
0.01,232417
0.01,237836
0.01,248099
0.01,255123
0.01,253394
0.01,244294
0.01,242870
0.01,247958
0.01,254798
0.01,274760
0.01,249619
0.01,252205
0.01,244704
0.01,247948
0.01,241691
0.01,237863
0.01,235866
0.01,241272
0.01,241802
0.01,244932
0.01,240206
0.01,238592
0.01,233170
0.01,237860
0.01,233672
0.01,232026
0.01,230323
0.01,230842
0.01,236342
0.01,242110
0.01,235281
0.01,240296
0.01,236614
0.01,235247
0.01,238464
0.01,239264
0.01,235943
0.01,233878
0.01,232709
0.01,233402
0.01,238439
0.01,240715
0.01,238597
0.01,248256
0.01,250895
0.01,248897
0.01,250212
0.01,251374
0.01,255495
0.01,269033
0.01,249854
0.01,253590
0.01,241879
0.01,235739
0.01,231150
0.01,229132
0.01,229078
0.01,228065
0.01,231645
0.01,234716
0.01,227372
0.01,225061
0.01,222532
0.01,219641
0.01,219773
0.01,217128
0.01,213065
0.01,212384
0.01,230772
0.01,209257
0.01,207718
0.01,208302
0.01,213860
0.01,209123
0.01,207978
0.01,228022
0.01,211770
0.01,204855
0.01,208441
0.01,212579
0.01,214842
0.01,218894
0.01,224728
0.01,234691
0.01,251609
0.01,229753
0.01,229785
0.01,227635
0.01,218037
0.01,218016
0.01,215746
0.01,213186
0.01,213313
0.01,215899
0.01,207001
0.01,203726
0.01,199882
0.01,200740
0.01,202226
0.01,209087
0.01,207147
0.01,205295
0.01,201098
0.01,202470
0.01,201502
0.01,199148
0.01,201502
0.01,202331
0.01,202338
0.01,206801
0.01,202280
0.01,203760
0.01,204957
0.01,201313
0.01,199760
0.01,206883
0.01,203693
0.01,198075
0.01,198936
0.01,198102
0.01,198637
0.01,197400
0.01,199191
0.01,201021
0.01,203518
0.01,205934
0.01,207461
0.01,207581
0.01,207818
0.01,200790
0.01,201491
0.01,202512
0.01,208085
0.01,210278
0.01,210384
0.01,213533
0.01,216795
0.01,212681
0.01,213335
0.01,215240
0.01,222258
0.01,235680
0.02,213633
0.02,213532
0.02,219040
0.02,210336
0.02,210016
0.02,207917
0.02,206439
0.02,205280
0.02,205415
0.02,205430
0.02,196513
0.02,203188
0.02,200679
0.02,194553
0.02,194406
0.02,195087
0.02,193526
0.02,191509
0.02,193573
0.02,195336
0.02,195465
0.02,197624
0.02,202843
0.02,200876
0.02,209207
0.02,210728
0.02,196592
0.02,198026
0.02,198539
0.02,199630
0.02,201110
0.02,201915
0.02,204022
0.02,203045
0.02,204720
0.02,212166
0.02,203315
0.02,202890
0.02,205187
0.02,203388
0.02,204691
0.02,207644
0.02,209405
0.02,218221
0.02,198651
0.02,190578
0.02,196615
0.02,196991
0.02,192904
0.02,192888
0.02,191456
0.02,190352
0.02,189465
0.02,189303
0.02,191528
0.02,198148
0.02,196592
0.02,195580
0.02,200984
0.02,199223
0.02,198106
0.02,198082
0.02,195675
0.02,193821
0.02,194282
0.02,188370
0.02,185664
0.02,190388
0.02,193732
0.02,194674
0.02,195299
0.02,193564
0.02,192477
0.02,191343
0.02,189521
0.02,186803
0.02,186702
0.02,186213
0.02,188122
0.02,190048
0.02,190976
0.02,185842
0.02,185330
0.02,184831
0.02,183840
0.02,181571
0.02,180210
0.02,179708
0.02,183106
0.02,185651
0.02,187790
0.02,192408
0.02,192985
0.02,192025
0.02,191527
0.02,200157
0.02,199707
0.02,201464
0.02,217484
0.02,202514
0.02,196581
0.02,196852
0.02,194644
0.02,193740
0.02,189320
0.02,185292
0.02,184406
0.02,177631
0.02,179301
0.02,177879
0.02,177453
0.02,178855
0.02,177839
0.02,184896
0.02,178130
0.02,174941
0.02,173035
0.02,171656
0.02,172764
0.02,175407
0.02,176725
0.02,179318
0.02,178152
0.02,175052
0.02,176689
0.02,174894
0.02,177995
0.02,180750
0.02,181220
0.02,182241
0.02,183355
0.02,190736
0.02,203820
0.02,186342
0.02,184435
0.02,186207
0.02,177815
0.02,180453
0.02,178290
0.02,176789
0.02,176049
0.02,174710
0.02,169880
0.02,169517
0.02,170712
0.02,170912
0.02,174352
0.02,176207
0.02,180169
0.02,182218
0.02,181148
0.02,182434
0.02,180990
0.02,182977
0.02,186916
0.02,186169
0.02,189369
0.02,192321
0.02,199255
0.02,214424
0.02,197419
0.02,192780
0.02,193656
0.02,181897
0.02,180987
0.02,178672
0.02,175045
0.02,173501
0.02,178789
0.02,172260
0.02,172224
0.02,172191
0.02,172969
0.02,174040
0.02,171740
0.02,173545
0.02,178199
0.02,177385
0.02,179223
0.02,181985
0.02,183055
0.02,181447
0.02,174904
0.02,173282
0.02,173432
0.02,173000
0.02,171107
0.02,168786
0.02,167122
0.02,168180
0.02,171891
0.02,174342
0.02,177338
0.02,179715
0.02,178141
0.02,181989
0.02,180699
0.02,183451
0.02,186106
0.02,184525
0.02,185944
0.02,188313
0.02,194998
0.02,210950
0.02,194050
0.02,190448
0.02,191429
0.02,181957
0.02,180941
0.02,177916
0.02,174700
0.02,174238
0.02,173767
0.02,167351
0.02,166766
0.02,174010
0.02,171491
0.02,174084
0.02,173857
0.02,170349
0.02,169474
0.02,171869
0.02,173200
0.02,175074
0.02,177654
0.02,180548
0.02,179657
0.02,177150
0.02,176579
0.02,171685
0.02,171321
0.02,170168
0.02,168302
0.02,165728
0.02,166261
0.02,166537
0.02,164295
0.02,164749
0.02,163085
0.02,161905
0.02,162156
0.02,162790
0.02,163699
0.02,163797
0.02,163707
0.02,163187
0.02,161837
0.02,161277
0.02,160113
0.02,159038
0.02,157968
0.02,156928
0.02,155983
0.02,155123
0.02,154756
0.02,153910
0.02,156347
0.02,157041
0.02,159052
0.02,167456
0.02,153146
0.02,155289
0.02,155744
0.02,155810
0.02,152129
0.02,151465
0.02,150400
0.02,150322
0.02,147928
0.02,147405
0.02,157589
0.02,151812
0.02,150876
0.02,146847
0.02,145943
0.02,149604
0.02,149697
0.02,148782
0.02,149904
0.02,148566
0.02,147514
0.02,148873
0.02,149611
0.02,151854
0.02,156254
0.02,154700
0.02,153652
0.02,153542
0.02,151450
0.02,151456
0.02,152372
0.02,149874
0.02,149291
0.02,147667
0.02,145849
0.02,146821
0.02,147117
0.02,147045
0.02,150048
0.02,150542
0.02,150763
0.02,156081
0.02,154407
0.02,153824
0.02,150977
0.02,148985
0.02,148139
0.02,148552
0.02,147558
0.02,148289
0.02,148523
0.02,146444
0.02,146400
0.03,144296
0.03,143773
0.03,143257
0.03,142752
0.03,142273
0.03,141854
0.03,141468
0.03,141110
0.03,140758
0.03,143207
0.03,140436
0.03,140123
0.03,139810
0.03,139584
0.03,139400
0.03,141619
0.03,144004
0.03,149502
0.03,153259
0.03,152847
0.03,156438
0.03,155797
0.03,157162
0.03,160250
0.03,161418
0.03,162632
0.03,171456
0.03,184949
0.03,166708
0.03,164107
0.03,163048
0.03,158381
0.03,154702
0.03,156520
0.03,158310
0.03,154696
0.03,153897
0.03,150828
0.03,147540
0.03,145681
0.03,145840
0.03,146100
0.03,145699
0.03,146601
0.03,147710
0.03,148577
0.03,149429
0.03,150966
0.03,153205
0.03,155411
0.03,155021
0.03,151826
0.03,151706
0.03,150531
0.03,148306
0.03,148261
0.03,148905
0.03,148419
0.03,147711
0.03,147220
0.03,144998
0.03,143805
0.03,142185
0.03,141285
0.03,141050
0.03,139297
0.03,139203
0.03,138534
0.03,138282
0.03,138192
0.03,138006
0.03,137999
0.03,137873
