0.00,687909
0.00,662271
0.00,631046
0.00,628978
0.00,601538
0.00,584704
0.00,571098
0.00,556556
0.00,529525
0.00,519262
0.00,509913
0.00,500680
0.00,480126
0.00,478725
0.00,460114
0.00,450311
0.00,440220
0.00,431410
0.00,418094
0.00,404511
0.00,403713
0.00,392926
0.00,385847
0.00,370150
0.00,361172
0.00,359103
0.00,356256
0.00,355090
0.00,347471
0.00,338625
0.00,341883
0.00,338040
0.00,337561
0.01,335586
0.01,336653
0.01,336443
0.01,336059
0.01,333616
0.01,333832
0.01,337416
0.01,334162
0.01,326979
0.01,320520
0.01,322327
0.01,331602
0.01,321174
0.01,320911
0.01,331383
0.01,328211
0.01,325763
0.01,321295
0.01,325346
0.01,327028
0.01,329390
0.01,317903
0.01,322928
0.01,324265
0.01,321149
0.01,313818
0.01,319559
0.01,319855
0.01,316512
0.01,314604
0.01,307229
0.01,302508
0.01,306452
0.01,315655
0.01,308377
0.01,305141
0.01,303914
0.01,303340
0.01,303858
0.01,299548
0.01,315151
0.01,308377
0.01,305600
0.01,296370
0.01,293341
0.01,295269
0.01,300786
0.01,310669
0.01,304450
0.01,301073
0.01,298643
0.01,292459
0.01,298913
0.01,300987
0.01,295578
0.01,295043
0.01,295317
0.01,285565
0.01,283865
0.01,278651
0.01,277127
0.01,278857
0.01,276077
0.01,275934
0.01,277352
0.01,278887
0.01,273916
0.01,271670
0.01,268730
0.01,272318
0.01,277153
0.01,273243
0.01,272368
0.01,268415
0.01,268327
0.01,270094
0.01,266584
0.01,265653
0.01,265179
0.01,269421
0.01,269800
0.01,270733
0.01,270353
0.01,267504
0.01,268002
0.01,266037
0.01,267991
0.01,269764
0.01,266465
0.01,271926
0.01,273622
0.01,280244
0.01,272276
0.01,274951
0.01,271978
0.01,269630
0.01,269134
0.01,271092
0.01,268006
0.01,268743
0.01,268027
0.01,268485
0.01,266942
0.01,266310
0.01,263831
0.01,264400
0.01,270878
0.01,272185
0.01,281462
0.01,275435
0.01,271312
0.01,266088
0.01,266353
0.01,264621
0.01,265208
0.01,264555
0.01,268809
0.01,258387
0.01,258861
0.01,257188
0.01,256606
0.01,250348
0.01,253583
0.01,252289
0.01,252072
0.01,245696
0.01,246401
0.01,250229
0.01,249125
0.01,250559
0.01,250713
0.01,249587
0.01,251459
0.01,249360
0.01,252059
0.01,255330
0.01,253803
0.01,253631
0.01,254212
0.01,251978
0.01,252003
0.01,251078
0.01,246477
0.01,247324
0.01,246133
0.01,243143
0.01,243059
0.01,246089
0.01,248401
0.01,242729
0.01,238238
0.01,241018
0.01,239288
0.01,235199
0.01,233720
0.01,232884
0.01,230974
0.01,230049
0.01,229191
0.01,230220
0.01,226113
0.01,232317
0.01,240036
0.01,236135
0.01,227419
0.01,222326
0.01,221469
0.01,223095
0.01,219114
0.01,219673
0.01,220971
0.01,218588
0.01,214423
0.01,215550
0.01,219840
0.01,220030
0.01,217621
0.01,220751
0.01,216732
0.01,217154
0.01,220036
0.01,221499
0.01,226662
0.01,225728
0.01,219712
0.01,222320
0.01,222863
0.01,221191
0.01,219963
0.01,218932
0.01,213391
0.01,214657
0.01,210962
0.01,207320
0.01,209170
0.01,216522
0.01,220183
0.01,213809
0.01,208030
0.01,204081
0.01,201520
0.01,199811
0.01,198564
0.01,200582
0.01,198438
0.01,197630
0.01,199853
0.01,204131
0.01,201490
0.02,201193
0.02,203721
0.02,201358
0.02,194583
0.02,193735
0.02,194487
0.02,192292
0.02,192127
0.02,192623
0.02,191143
0.02,191894
0.02,191750
0.02,193967
0.02,196375
0.02,197180
0.02,190988
0.02,198440
0.02,191812
0.02,188820
0.02,185965
0.02,186485
0.02,186465
0.02,187387
0.02,191536
0.02,189499
0.02,185920
0.02,185391
0.02,185331
0.02,184516
0.02,182744
0.02,181435
0.02,180999
0.02,179047
0.02,180253
0.02,180337
0.02,176117
0.02,174855
0.02,175222
0.02,173274
0.02,172641
0.02,170639
0.02,171946
0.02,171638
0.02,172063
0.02,173879
0.02,173506
0.02,177774
0.02,169286
0.02,167944
0.02,166605
0.02,165316
0.02,165930
0.02,166827
0.02,165679
0.02,164232
0.02,163019
0.02,161837
0.02,161603
0.02,160640
0.02,162228
0.02,163024
0.02,163513
0.02,163008
0.02,163959
0.02,162779
0.02,160951
0.02,159345
0.02,159555
0.02,158582
0.02,158098
0.02,156809
0.02,157401
0.02,157357
0.02,158980
0.02,156922
0.02,156380
0.02,157757
0.02,158441
0.02,157012
0.02,155461
0.02,157044
0.02,157296
0.02,155317
0.02,154438
0.02,153579
0.02,152821
0.02,155801
0.02,151077
0.02,150342
0.02,149911
0.02,149199
0.02,148848
0.02,150473
0.02,151107
0.02,149156
0.02,149155
0.02,148597
0.02,149341
0.02,149455
0.02,148297
0.02,148897
0.02,148470
0.02,147881
0.02,147498
0.02,147215
0.02,146971
0.02,146736
0.02,146535
0.02,146348
0.02,146479
0.02,147264
0.02,145011
0.02,143547
0.02,143391
0.02,143616
0.02,143280
0.02,142696
0.02,142765
0.02,142312
0.02,142602
0.02,142255
0.02,144192
0.02,145067
0.02,147527
0.02,147859
0.02,148672
0.02,151659
0.02,154053
0.02,156233
0.02,156767
0.02,160377
0.02,165582
0.02,162193
0.02,161698
0.02,160286
0.02,159361
0.02,159857
0.02,158155
0.02,156607
0.02,155130
0.02,153509
0.02,153755
0.02,155701
0.02,155557
0.02,154919
0.02,154311
0.02,152583
0.02,152199
0.02,150116
0.02,150660
0.02,149201
0.02,146959
0.02,146309
0.02,146580
0.02,146350
0.02,144301
0.02,143809
0.02,142237
0.02,142991
0.02,144091
0.02,144125
0.02,146720
0.02,147295
0.02,148057
0.02,150929
0.02,153468
0.02,155550
0.02,156051
0.02,161201
0.02,168180
0.02,163796
0.02,160587
0.02,159907
0.02,158316
0.02,157308
0.02,156140
0.02,153515
0.02,152148
0.02,152546
0.02,153349
0.02,154209
0.02,153879
0.02,153683
0.02,154539
0.02,151596
0.02,149544
0.02,147677
0.02,148104
0.02,147413
0.02,145218
0.02,144332
0.02,143634
0.02,142794
0.02,141596
0.02,141390
0.02,140769
0.02,140568
0.02,140465
0.02,140446
0.02,140443
