0.01, 743398
0.01, 734882
0.01, 732186
0.01, 728294
0.01, 724398
0.01, 722437
0.01, 716411
0.01, 711519
0.01, 708605
0.01, 703546
0.01, 701323
0.01, 693020
0.01, 689608
0.01, 689287
0.01, 688352
0.01, 685379
0.01, 684367
0.01, 679109
0.01, 678703
0.01, 678333
0.01, 674359
0.01, 674100
0.01, 658012
0.01, 653460
0.01, 653184
0.01, 649059
0.01, 635212
0.01, 632452
0.01, 631634
0.01, 631365
0.01, 631034
0.01, 628328
0.01, 623306
0.01, 618859
0.01, 615896
0.01, 613288
0.01, 612538
0.01, 611132
0.01, 610174
0.01, 608474
0.03, 608303
0.04, 602216
0.04, 599135
0.04, 598551
0.04, 587520
0.04, 585284
0.04, 579878
0.04, 578376
0.09, 577658
0.09, 575804
0.09, 571054
0.09, 569204
0.17, 567302
0.17, 566617
0.17, 563117
0.17, 560379
0.17, 558600
0.17, 556820
0.17, 555321
0.22, 554906
0.22, 550693
0.22, 547775
0.22, 546245
0.22, 545993
0.22, 545801
0.22, 541146
0.22, 535797
0.26, 533480
0.26, 533112
0.26, 525210
0.26, 525111
0.26, 523614
0.26, 514005
0.26, 513466
0.31, 511976
0.31, 511336
0.31, 502673
0.40, 500244
0.40, 494021
0.40, 491029
0.40, 488513
0.40, 487953
0.44, 487189
0.44, 482697
0.44, 477070
0.44, 473283
0.44, 472670
0.44, 472664
0.44, 472388
0.44, 471780
0.44, 471120
0.44, 470271
0.44, 457857
0.44, 455923
0.44, 453983
0.44, 452951
0.44, 450267
0.44, 449419
0.44, 446808
0.44, 437232
0.44, 436027
0.44, 434982
0.44, 426551
0.54, 424678
0.54, 421487
0.54, 421254
0.55, 421168
0.56, 419919
0.56, 418995
0.56, 416601
0.56, 416109
0.56, 411701
0.56, 411257
0.56, 402759
0.56, 401907
0.57, 398810
0.57, 398285
0.57, 397951
0.57, 395407
0.59, 393320
0.59, 392846
0.59, 391903
0.59, 387659
0.59, 385250
0.59, 382294
0.59, 381340
0.59, 375128
0.59, 369143
0.59, 366645
0.63, 364852
0.63, 362572
0.63, 360290
0.63, 358083
0.63, 356781
0.63, 355812
0.63, 355652
0.63, 353349
0.63, 352342
0.65, 349122
0.65, 348110
0.65, 346699
0.65, 340670
0.65, 339821
0.65, 337779
0.65, 337287
0.65, 335355
0.65, 333429
0.65, 331298
0.68, 331103
0.68, 329074
0.68, 328713
0.68, 328030
0.68, 327944
0.68, 319610
0.70, 319362
0.70, 317395
0.70, 316446
0.73, 309110
0.73, 307785
0.73, 306338
0.73, 305467
0.73, 305100
0.73, 303604
0.74, 303382
0.74, 301601
0.74, 299410
0.74, 297715
0.74, 297147
0.74, 296911
0.74, 296664
0.74, 295561
0.74, 294192
0.74, 293219
0.75, 292970
0.75, 291544
0.75, 289295
0.77, 287129
0.77, 286612
0.77, 285789
0.77, 280928
0.77, 280285
0.77, 279889
0.78, 278790
0.78, 278161
0.78, 275038
0.78, 274960
0.79, 273660
0.79, 271334
0.79, 271331
0.79, 270716
0.81, 269772
0.81, 268558
0.81, 267753
0.82, 267678
0.82, 266763
0.83, 265790
0.83, 264657
0.83, 264525
0.83, 264259
0.83, 263900
0.83, 262446
0.83, 260296
0.83, 259462
0.83, 258067
0.83, 257199
0.83, 255305
0.83, 254595
0.83, 252316
0.83, 250992
0.83, 250275
0.85, 249623
0.85, 248649
0.85, 248490
0.85, 247715
0.85, 247211
0.85, 246823
0.85, 246201
0.85, 244403
0.85, 244271
0.85, 244065
0.85, 243659
0.85, 242142
0.85, 241348
0.86, 240528
0.86, 237875
0.86, 237222
0.86, 234468
0.87, 230195
0.87, 230040
0.87, 228558
0.91, 227154
0.91, 226189
0.91, 225394
0.91, 224879
0.91, 224809
0.91, 224220
0.91, 223228
0.91, 222885
0.91, 222242
0.91, 221592
0.91, 220921
0.91, 218745
0.91, 218723
0.93, 218040
0.93, 214617
0.93, 214579
0.93, 213771
0.93, 213740
0.93, 211220
0.93, 209231
0.93, 205411
0.93, 205066
0.93, 205042
0.95, 203558
0.95, 202176
0.95, 201581
0.95, 200141
0.95, 199907
0.95, 199899
0.95, 199469
0.95, 198041
0.95, 197678
0.95, 197243
0.98, 196231
0.98, 195564
0.98, 195246
0.98, 194655
0.99, 194592
0.99, 194484
0.99, 192948
0.99, 191641
0.99, 190877
0.99, 190863
0.99, 190644
0.99, 190586
1.01, 190388
1.01, 189742
1.01, 188436
1.01, 188041
1.01, 187317
1.01, 187005
1.01, 186312
1.01, 186286
1.03, 185768
1.03, 184092
1.03, 183754
1.03, 180656
1.03, 179075
1.03, 177983
1.03, 177275
1.03, 177076
1.03, 174095
1.05, 172733
1.06, 172343
1.06, 172026
1.06, 171617
1.06, 170409
1.07, 169143
1.07, 168254
1.07, 167846
1.09, 167626
1.09, 167411
1.09, 166123
1.09, 166029
1.09, 165948
1.09, 165686
1.09, 165285
1.09, 163290
1.09, 162725
1.09, 162488
1.09, 162452
1.09, 162042
1.10, 161436
1.13, 160708
1.13, 158798
1.13, 158694
1.13, 158468
1.13, 158376
1.13, 157456
1.13, 156188
1.13, 156050
1.13, 155461
1.13, 155227
1.13, 154873
1.13, 154747
1.13, 154636
1.13, 154417
1.13, 153340
1.13, 153107
1.18, 152629
1.18, 151847
1.18, 151637
1.18, 151533
1.18, 151464
1.18, 150853
1.18, 150782
1.18, 150489
1.18, 150169
1.18, 149469
1.20, 149452
1.20, 149247
1.20, 149191
1.21, 148547
1.21, 148025
1.21, 147837
1.21, 147807
1.21, 147012
1.21, 146632
1.21, 146176
1.21, 146100
1.21, 146091
1.21, 145763
1.24, 145506
1.25, 145474
1.25, 144516
1.25, 144305
1.26, 144174
1.26, 144157
1.26, 143749
1.26, 143579
1.26, 143528
1.27, 142905
1.29, 142355
1.29, 142084
1.29, 141639
1.29, 140500
1.29, 140129
1.32, 140117
1.32, 139924
1.32, 139387
1.32, 139128
1.32, 139092
1.32, 139057
1.32, 138903
1.35, 138444
1.36, 138358
1.36, 137119
1.36, 136833
1.36, 136826
1.37, 136497
1.37, 136471
1.43, 136184
1.45, 136040
1.45, 135929
1.45, 135887
1.52, 135529
1.52, 135317
1.52, 135214
1.54, 135059
1.54, 134875
1.54, 134736
5.24, 134672
5.25, 134655
5.32, 134471
5.32, 134399
5.32, 134387
5.32, 134215
5.53, 134203
5.53, 134186
8.29, 134160
8.32, 133847
8.33, 133823
8.33, 133794
8.35, 133664
8.35, 133525
8.39, 133515
8.43, 133502
8.43, 133472
8.43, 133354
8.44, 133304
13.68, 133259
13.76, 133224
17.13, 133122
17.18, 133066
17.18, 133063
17.32, 133057
18.82, 133008
18.89, 132850
18.89, 132833
18.89, 132764
18.92, 132735
