0.00,696540
0.00,682856
0.00,653914
0.00,627806
0.00,623722
0.00,622613
0.00,609678
0.00,601644
0.00,602114
0.00,608969
0.00,576579
0.00,573901
0.00,559722
0.00,550263
0.00,542506
0.00,532833
0.00,512250
0.00,501597
0.00,491949
0.00,490119
0.00,485977
0.00,475156
0.00,480086
0.00,479900
0.00,479411
0.00,479652
0.00,482379
0.00,457499
0.00,447611
0.00,442766
0.00,439716
0.00,433731
0.00,423733
0.00,430908
0.00,459975
0.00,419303
0.00,412371
0.00,403353
0.00,404263
0.00,408321
0.00,414755
0.00,412623
0.00,409099
0.00,410712
0.00,402479
0.00,394165
0.00,386413
0.00,387346
0.00,394544
0.00,394497
0.00,391222
0.00,390358
0.00,387797
0.00,379384
0.00,374083
0.00,367158
0.00,367415
0.00,369092
0.00,368399
0.00,364211
0.00,359965
0.00,352632
0.00,347997
0.00,350418
0.00,354317
0.00,352311
0.00,349582
0.00,355243
0.00,349157
0.00,340102
0.00,340840
0.00,339887
0.00,341825
0.00,344339
0.00,342153
0.00,335618
0.00,345842
0.00,327950
0.00,319040
0.00,321153
0.00,312665
0.00,316258
0.00,312983
0.00,323207
0.00,307369
0.00,303386
0.00,298110
0.00,297078
0.00,298542
0.00,297306
0.00,303425
0.00,306186
0.00,306388
0.00,302362
0.00,295856
0.00,300623
0.00,305349
0.00,300499
0.00,295478
0.00,294343
0.00,291867
0.00,286477
0.00,280466
0.00,275456
0.00,274836
0.00,271561
0.00,267658
0.00,263357
0.00,260666
0.00,258286
0.00,256557
0.00,255525
0.00,251470
0.00,254140
0.00,251088
0.00,249889
0.00,246047
0.00,250861
0.01,247651
0.01,250481
0.01,246902
0.01,245862
0.01,246319
0.01,247690
0.01,248451
0.01,245038
0.01,245067
0.01,240242
0.01,241271
0.01,236649
0.01,237744
0.01,234734
0.01,231804
0.01,232875
0.01,235895
0.01,240024
0.01,256927
0.01,239345
0.01,228519
0.01,233225
0.01,229100
0.01,224354
0.01,225564
0.01,226520
0.01,227504
0.01,227051
0.01,226387
0.01,223917
0.01,225483
0.01,227474
0.01,222320
0.01,220693
0.01,217999
0.01,219258
0.01,221214
0.01,221623
0.01,222832
0.01,224121
0.01,221898
0.01,217286
0.01,219467
0.01,220309
0.01,223391
0.01,226794
0.01,231571
0.01,230178
0.01,230709
0.01,219409
0.01,212180
0.01,212383
0.01,214206
0.01,215187
0.01,216103
0.01,221985
0.01,220606
0.01,219468
0.01,220764
0.01,215359
0.01,215355
0.01,217058
0.01,214902
0.01,208130
0.01,209662
0.01,212906
0.01,216319
0.01,215681
0.01,218872
0.01,216574
0.01,216394
0.01,213930
0.01,215447
0.01,213006
0.01,206918
0.01,209009
0.01,215434
0.01,210832
0.01,204689
0.01,204564
0.01,206099
0.01,207904
0.01,202531
0.01,200120
0.01,196416
0.01,194134
0.01,192267
0.01,189490
0.01,187302
0.01,188300
0.01,186846
0.01,188259
0.01,188077
0.01,192400
0.01,194980
0.01,195030
0.01,194285
0.01,200256
0.01,199740
0.01,198392
0.01,204232
0.01,204278
0.01,204503
0.01,225439
0.01,210458
0.01,203306
0.01,201874
0.01,197237
0.01,194496
0.01,188855
0.01,186649
0.01,186945
0.01,187887
0.01,191196
0.01,190903
0.01,191614
0.01,192861
0.01,192085
0.01,192999
0.01,193678
0.01,190506
0.01,185610
0.01,186567
0.01,186347
0.01,183875
0.01,183262
0.01,183715
0.01,180942
0.01,187347
0.01,184673
0.01,179171
0.01,180777
0.01,193266
0.01,195827
0.01,196873
0.01,214158
0.01,198424
0.01,191139
0.01,190738
0.01,192325
0.01,193482
0.01,191646
0.01,191515
0.01,192981
0.01,189331
0.01,188111
0.01,185202
0.01,185577
0.01,185794
0.01,183744
0.01,183841
0.01,185607
0.01,188969
0.01,183527
0.01,181191
0.01,176618
0.01,175042
0.01,173069
0.01,171951
0.01,170457
0.01,170050
0.01,170620
0.01,171459
0.01,171745
0.01,173593
0.01,173604
0.01,173108
0.01,174165
0.01,172093
0.01,168463
0.01,171237
0.01,169121
0.01,169552
0.01,169591
0.01,167882
0.01,166164
0.01,166578
0.01,168652
0.01,167679
0.01,168569
0.01,164634
0.01,163649
0.01,162246
0.01,163189
0.01,168541
0.01,167056
0.01,167024
0.01,168587
0.01,169680
0.01,170829
0.01,166961
0.01,166301
0.01,163385
0.01,162968
0.01,162675
0.01,162409
0.01,163944
0.01,164013
0.01,160133
0.01,158802
0.01,159929
0.01,162212
0.01,164440
0.01,166815
0.01,167490
0.01,167398
0.01,167225
0.01,169007
0.01,181330
0.01,179795
0.01,182295
0.01,198986
0.01,179920
0.01,172527
0.01,171454
0.01,169185
0.01,168758
0.01,164888
0.01,164574
0.01,167870
0.01,163141
0.01,161590
0.01,161553
0.01,165598
0.01,161263
0.01,159607
0.01,162568
0.01,170184
0.01,173823
0.01,167653
0.01,164981
0.01,162393
0.01,160133
0.01,159443
0.01,158942
0.01,157243
0.01,157365
0.01,157745
0.01,156801
0.01,155119
0.01,155083
0.01,158027
0.01,157523
0.01,155503
0.01,154471
0.01,153372
0.01,152275
0.01,152637
0.01,152184
0.01,151986
0.01,151736
0.01,150553
0.01,152716
0.01,153171
0.01,153237
0.01,149556
0.01,151476
0.01,152431
0.01,152495
0.01,151722
0.01,148559
0.01,147687
0.01,146862
0.01,146043
0.01,145282
0.01,144537
0.01,143814
0.01,143255
0.01,142815
0.01,142231
0.01,141806
0.01,141448
0.01,141149
0.01,140725
0.01,140570
0.01,140299
0.01,140220
0.01,140529
0.01,140119
0.01,140201
0.01,140271
0.01,139614
0.01,139388
0.01,139170
0.01,138979
0.01,139528
0.01,138790
0.01,138428
0.01,138164
0.01,137946
0.01,137829
0.01,138422
0.01,137271
0.01,137196
