0.03, 735198
0.03, 733718
0.03, 722546
0.03, 721005
0.03, 716950
0.03, 715047
0.03, 707157
0.03, 707108
0.03, 697624
0.03, 693789
0.03, 686924
0.03, 685674
0.03, 682542
0.03, 669924
0.03, 664732
0.03, 664546
0.03, 661224
0.03, 658889
0.03, 657105
0.03, 655502
0.03, 653607
0.03, 652100
0.03, 650790
0.03, 649963
0.03, 643747
0.03, 643086
0.03, 642264
0.03, 638695
0.03, 636170
0.03, 632254
0.03, 631029
0.03, 630627
0.03, 629350
0.03, 628268
0.03, 621095
0.03, 617931
0.03, 615878
0.03, 606041
0.04, 605052
0.04, 602536
0.04, 602192
0.04, 598145
0.04, 596498
0.04, 594364
0.05, 589467
0.05, 588953
0.05, 588919
0.05, 588617
0.05, 586901
0.05, 584064
0.05, 583895
0.05, 582272
0.05, 578783
0.16, 577592
0.16, 577583
0.16, 575846
0.16, 574667
0.16, 571019
0.16, 568588
0.16, 567201
0.16, 567087
0.16, 564152
0.16, 563188
0.16, 562368
0.16, 562142
0.22, 560862
0.22, 559886
0.22, 559716
0.25, 552998
0.25, 552111
0.25, 550310
0.25, 549715
0.27, 544857
0.29, 543520
0.29, 543472
0.29, 542289
0.30, 540494
0.30, 538709
0.30, 532980
0.30, 531508
0.33, 524603
0.33, 524413
0.33, 524094
0.33, 522614
0.33, 522294
0.36, 521248
0.36, 519340
0.36, 515605
0.36, 513395
0.36, 512499
0.36, 510907
0.37, 509756
0.37, 506722
0.38, 505231
0.38, 497084
0.40, 494655
0.41, 490639
0.41, 488930
0.41, 474787
0.41, 470767
0.41, 468687
0.41, 468533
0.41, 467918
0.41, 466717
0.41, 466312
0.44, 465451
0.44, 462478
0.44, 460049
0.44, 459353
0.44, 455595
0.44, 454442
0.44, 453693
0.44, 451135
0.44, 450453
0.44, 449011
0.44, 448680
0.49, 448553
0.51, 446753
0.51, 446404
0.51, 446222
0.51, 445400
0.51, 444860
0.51, 444798
0.51, 442485
0.51, 441475
0.53, 440866
0.53, 438568
0.53, 435830
0.53, 430615
0.53, 430132
0.53, 429611
0.54, 429413
0.54, 421201
0.55, 415289
0.55, 415156
0.55, 414227
0.55, 413690
0.55, 412962
0.55, 410980
0.55, 410515
0.56, 410112
0.58, 408969
0.58, 407419
0.58, 405578
0.58, 403878
0.58, 400932
0.58, 397943
0.60, 397310
0.61, 397233
0.61, 392352
0.61, 391344
0.61, 388581
0.61, 386627
0.61, 386574
0.61, 385250
0.61, 384852
0.61, 384555
0.61, 384225
0.61, 384204
0.61, 377560
0.61, 374720
0.61, 373250
0.61, 371262
0.63, 364526
0.65, 359366
0.66, 356872
0.67, 356578
0.67, 355438
0.68, 354342
0.68, 352415
0.68, 351383
0.68, 346190
0.68, 346096
0.68, 346047
0.68, 345454
0.68, 344706
0.68, 344395
0.69, 342755
0.69, 341495
0.69, 340710
0.69, 340169
0.69, 339592
0.70, 337635
0.70, 335670
0.70, 335646
0.70, 329892
0.70, 327893
0.70, 325396
0.70, 323835
0.70, 323635
0.70, 323585
0.70, 323022
0.70, 322180
0.70, 320358
0.70, 316493
0.70, 315823
0.71, 314153
0.71, 311376
0.72, 311065
0.72, 308086
0.72, 306308
0.72, 305231
0.72, 304113
0.72, 303504
0.72, 302749
0.72, 302585
0.72, 302536
0.72, 298704
0.72, 296145
0.72, 293414
0.78, 291411
0.78, 290110
0.78, 287981
0.78, 286966
0.78, 286710
0.78, 285050
0.78, 279018
0.78, 274577
0.78, 271812
0.78, 270532
0.78, 269706
0.78, 269056
0.78, 266901
0.78, 265994
0.82, 265061
0.82, 260493
0.82, 259334
0.82, 257815
0.82, 257600
0.82, 257562
0.85, 256438
0.85, 255888
0.85, 255480
0.85, 254776
0.86, 252440
0.86, 252190
0.86, 252183
0.86, 251142
0.86, 250794
0.86, 250147
0.86, 249792
0.87, 249662
0.87, 248832
0.87, 248521
0.87, 246924
0.87, 245468
0.87, 245291
0.87, 245163
0.87, 245159
0.87, 244049
0.87, 243889
0.87, 243780
0.87, 243254
0.87, 243092
0.87, 240855
0.87, 240580
0.87, 239451
0.87, 238068
0.87, 236554
0.87, 236323
0.87, 236128
0.87, 235912
0.87, 235456
0.87, 234917
0.89, 234494
0.90, 233431
0.90, 233100
0.90, 232618
0.90, 229131
0.90, 229015
0.90, 228320
0.90, 228133
0.90, 225676
0.90, 225447
0.90, 224236
0.90, 224224
0.90, 223390
0.90, 222724
0.90, 222625
0.90, 218331
0.90, 216231
0.90, 215917
0.90, 215845
0.93, 214733
0.93, 213431
0.93, 212982
0.93, 211856
0.93, 210698
0.93, 210649
0.93, 210538
0.93, 210445
0.93, 210342
0.93, 208851
0.93, 206822
0.93, 206488
0.97, 205471
0.97, 205235
0.98, 205058
0.98, 202507
0.98, 202438
0.98, 201574
0.98, 201571
0.98, 201101
0.98, 200627
0.98, 200580
0.98, 199466
0.99, 198790
0.99, 198547
0.99, 197333
0.99, 196567
0.99, 196533
0.99, 196447
0.99, 194218
1.01, 193702
1.01, 193689
1.02, 193482
1.02, 191170
1.03, 191002
1.03, 190699
1.03, 190268
1.03, 189556
1.03, 189037
1.03, 188410
1.03, 187465
1.03, 187305
1.03, 186428
1.03, 186225
1.03, 185849
1.04, 185236
1.04, 185167
1.04, 185158
1.04, 184866
1.06, 184575
1.06, 183172
1.06, 182838
1.06, 182568
1.06, 180682
1.06, 179393
1.06, 179124
1.06, 178528
1.06, 178484
1.06, 178028
1.06, 176587
1.06, 176417
1.06, 175679
1.06, 174043
1.06, 173779
1.07, 173479
1.07, 172142
1.07, 172088
1.07, 171688
1.07, 170768
1.07, 170672
1.07, 170517
1.08, 170512
1.08, 170230
1.09, 170205
1.11, 169777
1.11, 169274
1.11, 168977
1.11, 168359
1.12, 168267
1.12, 168205
1.12, 166837
1.13, 165342
1.13, 165311
1.13, 165236
1.13, 165087
1.13, 164895
1.13, 164859
1.13, 163982
1.13, 163377
1.13, 162951
1.13, 162615
1.13, 162468
1.13, 161273
1.14, 161187
1.16, 160772
1.16, 159961
1.16, 159723
1.16, 158469
1.16, 157815
1.16, 157470
1.16, 156732
1.16, 156668
1.16, 156629
1.16, 156574
1.16, 156442
1.16, 155954
1.16, 155638
1.16, 155128
1.16, 154757
1.16, 154236
1.16, 152936
1.16, 152450
1.16, 152086
1.16, 151780
1.16, 151581
1.19, 151084
1.19, 151019
1.19, 150351
1.19, 150196
1.20, 149610
1.20, 148952
1.20, 148932
1.20, 148230
1.20, 147714
1.20, 147702
1.20, 147476
1.20, 147418
1.21, 147110
1.21, 146897
1.21, 145409
1.21, 145310
1.21, 145101
1.21, 143670
1.21, 143290
1.21, 143273
1.23, 142708
1.23, 142473
1.23, 141654
1.27, 141470
1.27, 141415
1.37, 141003
1.37, 140842
1.37, 140658
1.38, 140161
1.38, 140153
1.38, 140117
1.38, 139718
1.38, 139534
1.39, 139471
1.39, 139466
1.39, 139084
1.39, 139064
1.39, 138440
1.39, 138390
1.39, 138249
1.39, 137912
1.41, 137880
1.44, 137833
1.44, 137805
1.44, 137642
1.44, 137329
1.44, 136967
1.45, 136811
1.46, 136527
1.50, 136309
1.51, 136267
1.51, 136217
1.52, 136160
1.52, 135969
1.52, 135953
1.52, 135752
1.53, 135697
1.61, 135696
1.63, 135490
1.63, 135318
1.63, 135095
3.15, 135086
3.15, 134834
3.16, 134807
3.17, 134505
3.17, 134147
3.27, 133920
3.35, 133874
3.36, 133611
3.36, 133561
