0.02,745989
0.02,748780
0.02,719860
0.02,684410
0.02,665269
0.02,642104
0.02,608381
0.02,579129
0.02,561475
0.02,565779
0.02,557069
0.02,565626
0.02,578598
0.02,555740
0.02,539825
0.02,526699
0.02,521261
0.02,522904
0.02,526230
0.02,539998
0.02,524308
0.02,529582
0.02,511846
0.02,514255
0.02,501395
0.02,501544
0.02,496224
0.02,497303
0.02,492081
0.02,478333
0.02,479949
0.02,480551
0.02,489360
0.02,507160
0.02,487425
0.02,467965
0.02,466367
0.02,454899
0.02,446842
0.02,448924
0.02,448855
0.02,461281
0.02,477015
0.02,463120
0.02,449932
0.02,444790
0.02,443247
0.02,443811
0.02,444883
0.02,454051
0.02,460511
0.02,446831
0.02,443604
0.02,441946
0.02,466801
0.02,437625
0.02,432329
0.02,432777
0.02,426546
0.02,420829
0.02,420327
0.02,422534
0.02,413134
0.02,415816
0.02,405565
0.02,402024
0.02,396132
0.02,385433
0.02,379180
0.02,381301
0.02,388019
0.02,380910
0.02,378153
0.02,363512
0.02,355235
0.02,354860
0.02,350457
0.02,343251
0.02,343329
0.02,342590
0.02,337729
0.02,336984
0.02,331905
0.02,331092
0.02,326193
0.02,338839
0.02,319541
0.02,317957
0.02,321334
0.02,324570
0.02,312798
0.02,317479
0.02,305354
0.02,306300
0.02,306360
0.02,304980
0.02,301953
0.03,299789
0.03,302179
0.03,299301
0.03,297452
0.03,301328
0.03,309822
0.03,299034
0.03,296304
0.03,294961
0.03,297514
0.03,296269
0.03,296422
0.03,290731
0.03,291102
0.03,287421
0.03,284924
0.03,283972
0.03,288930
0.03,289810
0.03,294417
0.03,302134
0.03,294777
0.03,286661
0.03,287024
0.03,286683
0.03,286609
0.03,283469
0.03,284047
0.03,283949
0.03,283311
0.03,286364
0.03,286309
0.03,279423
0.03,275897
0.03,279131
0.03,280298
0.03,282142
0.03,281120
0.03,289571
0.03,289338
0.03,285428
0.03,281419
0.03,287054
0.03,290345
0.03,286668
0.03,287239
0.03,289770
0.03,312365
0.03,298116
0.03,284305
0.03,279553
0.03,278137
0.03,274521
0.03,267341
0.03,274015
0.03,274077
0.03,269704
0.03,269990
0.03,278338
0.03,282081
0.03,285310
0.03,289225
0.03,293509
0.03,305796
0.03,293493
0.03,286770
0.03,282968
0.03,278456
0.03,267464
0.03,270724
0.03,268702
0.03,267890
0.03,258716
0.03,254137
0.03,251599
0.03,250284
0.03,246564
0.03,242941
0.03,242711
0.03,244142
0.03,249708
0.03,239496
0.03,236152
0.03,232705
0.03,234572
0.03,232063
0.03,233249
0.03,236131
0.03,239731
0.03,235253
0.03,231172
0.03,228743
0.03,225486
0.03,224021
0.03,225709
0.03,220910
0.03,223173
0.03,221945
0.03,218950
0.03,219564
0.03,216795
0.03,212998
0.03,209376
0.03,210000
0.03,220722
0.03,216333
0.03,212563
0.03,205780
0.03,212287
0.03,231955
0.03,219905
0.03,213035
0.03,215379
0.03,211747
0.03,212603
0.03,206402
0.03,203754
0.03,199815
0.03,198997
0.03,197807
0.03,199444
0.03,203167
0.03,206515
0.03,205487
0.03,204511
0.03,205560
0.03,205333
0.03,205958
0.03,210552
0.03,213742
0.03,221184
0.03,215924
0.03,212917
0.03,212120
0.03,210131
0.03,210959
0.03,214386
0.03,218998
0.03,213335
0.03,209050
0.03,219375
0.03,215024
0.03,213925
0.03,213863
0.03,216292
0.03,229928
0.03,217442
0.03,207348
0.03,206321
0.03,201069
0.03,195156
0.03,193025
0.03,197895
0.03,190772
0.03,206434
0.03,188096
0.03,186388
0.03,184712
0.03,185091
0.03,188257
0.03,190347
0.03,192104
0.03,193939
0.03,195962
0.03,195627
0.03,196928
0.03,200034
0.03,204166
0.03,198570
0.03,198289
0.03,197113
0.03,197769
0.03,197694
0.03,201228
0.03,207405
0.03,204991
0.03,203561
0.03,210988
0.03,226145
0.03,210672
0.03,202883
0.03,203351
0.03,204932
0.03,201227
0.03,195457
0.03,197905
0.03,188564
0.03,187267
0.03,185535
0.03,182561
0.03,181785
0.03,181975
0.03,186120
0.03,184640
0.03,180902
0.03,189235
0.03,187928
0.03,184651
0.03,184608
0.03,188256
0.03,185300
0.03,183586
0.03,181983
0.03,180165
0.03,177990
0.03,178124
0.03,177933
0.03,180737
0.03,186857
0.03,192846
0.03,188184
0.03,190262
0.03,193523
0.03,196783
0.03,200382
0.03,199418
0.03,200382
0.03,205290
0.03,200941
0.03,201608
0.03,208551
0.03,222131
0.03,203866
0.03,190550
0.03,188687
0.03,188137
0.03,179944
0.03,178250
0.03,184924
0.03,180162
0.03,176144
0.03,176920
0.03,176666
0.03,176251
0.03,174215
0.03,176047
0.03,172630
0.03,175502
0.03,176997
0.03,175344
0.03,172541
0.03,172018
0.03,170366
0.03,168806
0.03,168594
0.03,169143
0.03,167107
0.03,165728
0.03,164384
0.03,163063
0.03,161749
0.03,167002
0.03,169030
0.03,168172
0.03,170416
0.03,170013
0.03,171973
0.03,177260
0.03,173958
0.03,175312
0.03,182040
0.03,181279
0.03,180811
0.03,188600
0.03,204073
0.03,188264
0.03,179338
0.03,180696
0.03,184143
0.03,179801
0.03,179547
0.03,177791
0.03,176658
0.03,177229
0.03,179369
0.03,183453
0.03,176384
0.03,174356
0.03,173470
0.03,173264
0.03,172064
0.03,170032
0.03,168275
0.03,166185
0.03,165701
0.03,166411
0.03,170073
0.03,166677
0.03,165700
0.03,166339
0.03,165146
0.03,163132
0.03,159977
0.03,158467
0.03,157250
0.03,156081
0.03,154918
0.03,154394
0.03,154223
0.03,154192
0.03,153294
0.03,154157
0.03,152435
0.03,151608
0.03,150612
0.03,149772
0.03,149254
0.03,149040
0.03,149079
0.03,148418
0.03,147912
0.03,147526
0.03,147371
0.03,147153
0.03,147702
0.03,146964
0.03,146602
0.03,146338
0.03,146120
0.03,146012
0.03,145921
0.03,145320
0.03,145247
0.03,145022
0.03,147502
0.03,146846
0.03,145724
0.03,146394
0.03,147746
0.03,145166
0.03,144394
0.03,143682
0.03,143650
