0.02, 765041
0.02, 763592
0.02, 760978
0.02, 746905
0.02, 743693
0.02, 740205
0.02, 739982
0.02, 725944
0.02, 721670
0.02, 719480
0.02, 717640
0.02, 715061
0.02, 714347
0.02, 713646
0.02, 713490
0.02, 712151
0.02, 709750
0.02, 708301
0.02, 703702
0.02, 695062
0.02, 690322
0.02, 675225
0.02, 667118
0.02, 665316
0.02, 650750
0.02, 638854
0.02, 637857
0.02, 637781
0.02, 627860
0.02, 624188
0.02, 615868
0.04, 602909
0.05, 598041
0.05, 596835
0.05, 596795
0.05, 594315
0.05, 593054
0.05, 591145
0.05, 589620
0.05, 588708
0.09, 586631
0.09, 584031
0.09, 579878
0.09, 577651
0.12, 572239
0.12, 570519
0.13, 566368
0.13, 564214
0.16, 553768
0.16, 545863
0.16, 540984
0.16, 538206
0.16, 538109
0.28, 537336
0.28, 537177
0.28, 531185
0.28, 529942
0.31, 529436
0.31, 526476
0.31, 519050
0.31, 517579
0.33, 511790
0.33, 510227
0.33, 509374
0.33, 508721
0.33, 502647
0.33, 495598
0.33, 494757
0.33, 488342
0.33, 486139
0.33, 486134
0.43, 483183
0.43, 481546
0.43, 480546
0.43, 480445
0.43, 473304
0.43, 463579
0.43, 460566
0.43, 460461
0.43, 460420
0.43, 456392
0.43, 456349
0.43, 448436
0.43, 446871
0.43, 445485
0.49, 444670
0.49, 442115
0.49, 438989
0.49, 432317
0.49, 424890
0.49, 424690
0.49, 421817
0.56, 418831
0.56, 416902
0.56, 414331
0.56, 412614
0.57, 410178
0.57, 407810
0.57, 403501
0.59, 402065
0.60, 401154
0.60, 397429
0.60, 397426
0.60, 394017
0.60, 393182
0.60, 393060
0.61, 392208
0.61, 391787
0.61, 391688
0.61, 383677
0.61, 380162
0.61, 379209
0.61, 378590
0.62, 378481
0.62, 376183
0.62, 375056
0.62, 371896
0.62, 370033
0.62, 369852
0.65, 358785
0.65, 356741
0.65, 356191
0.65, 355910
0.65, 352645
0.65, 347380
0.65, 346319
0.65, 345175
0.65, 344535
0.65, 343652
0.70, 342884
0.70, 342795
0.70, 342661
0.70, 341515
0.70, 336278
0.70, 336270
0.70, 335198
0.70, 333196
0.70, 332744
0.70, 331724
0.70, 331265
0.70, 331199
0.71, 327397
0.71, 325854
0.71, 325762
0.72, 325669
0.72, 324487
0.73, 322450
0.73, 320923
0.73, 319932
0.73, 313640
0.73, 312883
0.73, 312645
0.73, 311036
0.73, 308191
0.76, 304146
0.76, 302581
0.76, 301175
0.76, 297832
0.76, 293356
0.79, 287777
0.79, 287696
0.81, 281088
0.81, 280519
0.81, 280405
0.82, 278633
0.82, 278297
0.82, 277682
0.82, 272677
0.82, 271689
0.83, 271047
0.83, 270326
0.83, 269440
0.83, 268457
0.85, 268038
0.85, 267894
0.85, 267228
0.85, 264792
0.85, 263359
0.85, 263299
0.85, 263149
0.85, 262924
0.85, 262096
0.85, 262093
0.85, 261662
0.85, 259153
0.85, 258424
0.85, 257308
0.88, 256877
0.88, 255469
0.88, 254700
0.88, 253910
0.88, 252763
0.88, 250081
0.88, 249343
0.88, 248224
0.88, 246282
0.88, 244840
0.89, 243822
0.89, 243548
0.89, 242206
0.90, 239778
0.90, 239705
0.90, 239304
0.90, 238596
0.90, 237662
0.90, 237546
0.90, 237376
0.90, 237078
0.90, 233053
0.91, 231552
0.91, 230888
0.91, 230340
0.91, 228450
0.91, 227354
0.91, 225983
0.91, 223935
0.91, 222144
0.91, 221880
0.91, 221821
0.91, 220785
0.91, 219979
0.91, 219153
0.95, 217705
0.95, 217098
0.95, 215958
0.95, 215170
0.95, 214443
0.95, 214238
0.95, 213720
0.95, 212584
0.95, 210387
0.95, 208710
0.95, 207176
0.95, 206900
0.95, 206652
0.97, 206630
0.97, 206569
0.97, 206506
0.97, 203525
0.97, 203460
0.97, 202329
0.97, 201250
0.97, 200979
1.00, 200856
1.00, 199890
1.00, 197651
1.00, 197054
1.01, 196263
1.02, 196234
1.02, 194780
1.02, 194068
1.02, 194024
1.02, 193782
1.02, 193656
1.02, 193364
1.02, 193143
1.02, 192715
1.02, 192618
1.02, 192372
1.02, 191732
1.02, 191185
1.02, 190916
1.03, 190246
1.03, 189586
1.03, 189441
1.03, 188991
1.03, 188804
1.03, 187929
1.03, 187902
1.03, 187803
1.03, 187341
1.03, 186997
1.04, 186988
1.04, 184534
1.05, 184199
1.05, 183569
1.05, 183442
1.05, 182925
1.06, 182640
1.06, 180471
1.09, 179667
1.09, 179375
1.09, 179291
1.09, 178307
1.09, 178222
1.09, 177602
1.09, 176998
1.09, 175719
1.10, 174826
1.10, 173823
1.10, 173793
1.10, 173142
1.10, 172256
1.10, 171770
1.10, 171736
1.10, 171482
1.10, 171300
1.10, 170424
1.10, 170310
1.10, 169265
1.10, 169149
1.10, 168448
1.10, 167504
1.10, 167012
1.10, 166618
1.10, 164566
1.10, 163476
1.10, 162715
1.10, 162520
1.15, 162122
1.15, 162083
1.15, 161613
1.15, 161531
1.15, 160991
1.15, 160633
1.15, 159610
1.17, 158828
1.17, 158585
1.17, 157488
1.17, 157270
1.17, 156813
1.17, 156377
1.17, 156352
1.17, 156306
1.17, 156275
1.19, 154826
1.19, 154005
1.19, 153532
1.19, 152688
1.20, 152038
1.20, 150862
1.20, 150844
1.20, 148815
1.21, 148522
1.21, 147290
1.21, 147217
1.21, 146539
1.24, 146506
1.25, 146485
1.27, 146433
1.27, 146401
1.27, 145637
1.27, 144823
1.27, 144597
1.27, 144562
1.27, 144204
1.28, 143960
1.28, 143940
1.28, 143774
1.28, 143624
1.28, 143040
1.28, 142126
1.28, 141897
1.29, 141707
1.29, 141626
1.29, 141067
1.29, 140431
1.29, 140311
1.29, 140303
1.29, 140283
1.29, 140229
1.29, 139960
1.29, 139285
1.29, 139086
1.29, 138958
1.29, 138938
1.29, 138622
1.34, 138348
1.34, 138284
1.35, 137776
1.35, 137678
1.43, 137425
1.43, 137128
1.43, 136328
1.44, 135881
1.46, 135686
1.46, 135631
1.46, 135604
1.46, 135493
1.46, 135281
1.46, 134967
1.47, 134878
1.47, 134507
1.47, 134466
1.49, 134332
1.50, 134271
1.50, 134142
1.50, 134087
1.50, 133903
1.56, 133360
1.56, 133176
