0.00, 634658
0.00, 627959
0.00, 624250
0.00, 620534
0.00, 619713
0.00, 616109
0.00, 614843
0.00, 614495
0.00, 604048
0.00, 601517
0.00, 599816
0.00, 595202
0.00, 595057
0.00, 593417
0.02, 593361
0.02, 587623
0.02, 583832
0.02, 574342
0.13, 573946
0.13, 568015
0.13, 563974
0.13, 559526
0.13, 558778
0.20, 551598
0.20, 545135
0.20, 544326
0.20, 537881
0.23, 537483
0.23, 534523
0.23, 532308
0.23, 530206
0.26, 525513
0.26, 522781
0.28, 522257
0.28, 514436
0.28, 514286
0.28, 513552
0.28, 492742
0.36, 487992
0.36, 486948
0.38, 484511
0.40, 483590
0.40, 481867
0.40, 481417
0.41, 480423
0.42, 479853
0.42, 477660
0.42, 472743
0.43, 464527
0.43, 462422
0.43, 458799
0.43, 457654
0.43, 455070
0.43, 453460
0.43, 453189
0.43, 449238
0.43, 441207
0.43, 440336
0.50, 440016
0.51, 439777
0.51, 439011
0.51, 437588
0.52, 436647
0.52, 434319
0.52, 430044
0.52, 429631
0.52, 425396
0.52, 423453
0.53, 422857
0.53, 420282
0.53, 420223
0.53, 418245
0.53, 412871
0.53, 412062
0.55, 411298
0.55, 409234
0.56, 406531
0.56, 406512
0.56, 404376
0.57, 404256
0.57, 398888
0.57, 397271
0.57, 397135
0.57, 390708
0.57, 389618
0.57, 387599
0.57, 385983
0.57, 385321
0.57, 381640
0.57, 381164
0.57, 379881
0.60, 375844
0.60, 374440
0.61, 372987
0.61, 372479
0.61, 364979
0.61, 362525
0.61, 362372
0.62, 362256
0.62, 361058
0.62, 360709
0.62, 358837
0.62, 357866
0.62, 356925
0.62, 356301
0.63, 355491
0.63, 352848
0.63, 352348
0.63, 349120
0.63, 344585
0.63, 343004
0.63, 342186
0.68, 341290
0.68, 335817
0.68, 335008
0.68, 334467
0.68, 333329
0.69, 332832
0.69, 328458
0.69, 326551
0.71, 325685
0.71, 325660
0.71, 325100
0.71, 324736
0.71, 323969
0.71, 323508
0.72, 323301
0.72, 321979
0.72, 319555
0.72, 319478
0.72, 315068
0.72, 312958
0.72, 312352
0.72, 311484
0.73, 310399
0.73, 307966
0.73, 307372
0.73, 306965
0.73, 306421
0.73, 297720
0.74, 297194
0.74, 296850
0.74, 295386
0.74, 295023
0.74, 294651
0.74, 294471
0.74, 290725
0.76, 287561
0.76, 286346
0.76, 283910
0.76, 283222
0.78, 281255
0.78, 281235
0.78, 279191
0.78, 278191
0.78, 278024
0.78, 277680
0.78, 277439
0.78, 273837
0.78, 273693
0.78, 272863
0.78, 271082
0.78, 270580
0.78, 269912
0.78, 268548
0.78, 267796
0.78, 267325
0.78, 266783
0.78, 262917
0.78, 262159
0.78, 261973
0.81, 259263
0.81, 258519
0.81, 255532
0.81, 255436
0.81, 254693
0.81, 254548
0.81, 253801
0.81, 253664
0.81, 253458
0.81, 253029
0.81, 252594
0.82, 251700
0.82, 251187
0.82, 248181
0.82, 247770
0.85, 245558
0.85, 244303
0.86, 244186
0.86, 242491
0.86, 242424
0.86, 242344
0.86, 241865
0.86, 241367
0.86, 240396
0.86, 239026
0.87, 238204
0.87, 237758
0.88, 236674
0.88, 234924
0.88, 233486
0.88, 233397
0.88, 231325
0.88, 231133
0.88, 229670
0.89, 229017
0.90, 229001
0.90, 228724
0.90, 226451
0.90, 224428
0.90, 224320
0.91, 223797
0.91, 222704
0.91, 220803
0.91, 220223
0.91, 219616
0.91, 219611
0.92, 219497
0.92, 219349
0.92, 218357
0.92, 218355
0.92, 218137
0.92, 216206
0.92, 214602
0.92, 214573
0.92, 214478
0.92, 213844
0.92, 213608
0.92, 212515
0.92, 211925
0.92, 211912
0.92, 211838
0.92, 211400
0.93, 211325
0.93, 211139
0.93, 210634
0.93, 208800
0.93, 208354
0.93, 207190
0.93, 206146
0.93, 203869
0.93, 202805
0.93, 201497
0.97, 198760
0.97, 195435
0.97, 195161
0.97, 194717
0.97, 192763
0.97, 192507
0.97, 191957
0.99, 191062
0.99, 189972
0.99, 188836
0.99, 188660
0.99, 188104
0.99, 187485
0.99, 186008
0.99, 184840
0.99, 183817
1.00, 183256
1.00, 182236
1.00, 180542
1.00, 180027
1.02, 178609
1.02, 177934
1.02, 177908
1.02, 176746
1.03, 176322
1.03, 174844
1.03, 174691
1.03, 174182
1.03, 174155
1.03, 173513
1.03, 171305
1.03, 170637
1.03, 170209
1.03, 169991
1.03, 169567
1.06, 169112
1.06, 167673
1.06, 166125
1.06, 166119
1.06, 165980
1.06, 164658
1.06, 163944
1.06, 163385
1.10, 162103
1.12, 162007
1.12, 158887
1.12, 158376
1.15, 157842
1.16, 157581
1.16, 157349
1.16, 156140
1.16, 155229
1.16, 155092
1.16, 155070
1.16, 154880
1.16, 154449
1.16, 154089
1.16, 153824
1.16, 153519
1.16, 153183
1.16, 152922
1.19, 152083
1.19, 151745
1.19, 151036
1.19, 150726
1.19, 150031
1.19, 149444
1.19, 149122
1.19, 149032
1.19, 148380
1.19, 148147
1.19, 147625
1.22, 147504
1.25, 147450
1.25, 146524
1.25, 146008
1.25, 145971
1.25, 145269
1.25, 145204
1.28, 145048
1.28, 144974
1.28, 144651
1.29, 144221
1.29, 144133
1.29, 144109
1.29, 143928
1.29, 143449
1.29, 143062
1.29, 142632
1.29, 142320
1.29, 141536
1.29, 141341
1.29, 141273
1.32, 140731
1.32, 140454
1.32, 139615
1.32, 139608
1.32, 139558
1.32, 139307
1.32, 137707
1.32, 137516
1.32, 137458
1.33, 137156
1.33, 137106
1.35, 137009
1.37, 136855
1.37, 136693
1.37, 136638
1.42, 136092
1.42, 136041
1.43, 135937
1.43, 135554
1.46, 135430
1.48, 135331
1.48, 134878
1.48, 134823
3.32, 134700
3.32, 134663
3.36, 134227
3.38, 134130
3.38, 133571
3.38, 133521
3.39, 133393
3.42, 133339
5.44, 133202
