0.01, 697935
0.01, 693320
0.01, 688473
0.01, 686995
0.01, 681001
0.01, 677346
0.01, 673016
0.01, 669597
0.02, 667759
0.02, 666755
0.02, 666506
0.02, 663990
0.02, 662727
0.02, 659265
0.02, 658693
0.02, 657848
0.02, 654660
0.02, 654566
0.02, 653605
0.02, 650969
0.02, 647844
0.02, 644843
0.02, 638433
0.02, 629443
0.02, 614661
0.02, 613842
0.02, 607516
0.02, 602069
0.02, 597751
0.06, 596945
0.07, 593141
0.07, 591880
0.07, 590457
0.07, 585665
0.07, 582831
0.07, 582200
0.13, 578355
0.13, 578159
0.13, 577429
0.13, 576134
0.13, 571180
0.15, 570941
0.15, 570597
0.15, 570174
0.16, 568237
0.16, 566747
0.16, 561346
0.20, 556201
0.23, 552110
0.23, 551538
0.23, 549937
0.23, 540324
0.26, 533340
0.26, 531325
0.26, 531172
0.27, 530568
0.27, 522720
0.27, 515529
0.27, 505476
0.27, 503162
0.27, 502270
0.34, 498462
0.34, 495860
0.34, 493933
0.34, 490725
0.34, 489033
0.34, 488463
0.34, 487919
0.38, 487311
0.38, 486034
0.38, 485769
0.38, 485607
0.38, 482742
0.38, 482592
0.38, 476870
0.43, 472216
0.43, 471748
0.45, 471277
0.45, 468279
0.45, 465927
0.45, 462685
0.45, 461331
0.46, 461033
0.46, 459960
0.46, 459109
0.46, 458535
0.46, 456108
0.46, 453310
0.46, 451456
0.46, 451206
0.47, 450057
0.47, 449778
0.47, 445361
0.47, 442003
0.47, 441684
0.50, 433337
0.51, 431688
0.51, 430853
0.51, 424126
0.54, 423810
0.54, 418546
0.54, 416938
0.55, 413134
0.55, 412557
0.55, 411660
0.55, 410257
0.57, 409536
0.57, 409371
0.57, 408347
0.57, 408328
0.57, 406672
0.57, 406361
0.58, 404275
0.58, 404020
0.58, 403715
0.59, 403468
0.59, 401401
0.59, 400295
0.59, 399336
0.59, 393520
0.59, 389300
0.59, 387190
0.59, 386308
0.59, 386125
0.59, 386070
0.59, 385283
0.60, 384067
0.60, 383846
0.60, 382191
0.60, 381555
0.60, 381490
0.60, 378775
0.60, 377030
0.62, 373907
0.62, 367487
0.62, 367235
0.62, 364078
0.62, 360782
0.62, 360179
0.64, 358104
0.64, 348740
0.64, 348154
0.64, 343339
0.64, 342587
0.64, 338748
0.64, 337406
0.64, 337094
0.64, 337059
0.64, 336608
0.64, 335296
0.64, 334633
0.66, 333810
0.66, 332565
0.66, 330959
0.66, 327006
0.66, 321870
0.71, 312920
0.72, 312743
0.72, 312468
0.72, 311831
0.72, 311534
0.72, 311165
0.72, 310307
0.72, 310042
0.72, 310025
0.72, 308493
0.72, 308348
0.72, 305347
0.73, 304908
0.73, 303866
0.73, 298873
0.73, 295149
0.73, 294846
0.73, 294422
0.73, 292853
0.77, 288771
0.77, 288413
0.77, 286945
0.77, 286501
0.77, 286261
0.77, 284730
0.77, 284630
0.77, 283896
0.78, 282546
0.78, 280305
0.78, 279965
0.78, 279165
0.78, 277352
0.78, 275062
0.78, 274994
0.78, 272427
0.78, 271439
0.78, 271171
0.78, 270885
0.78, 266467
0.80, 265368
0.80, 260214
0.81, 259683
0.81, 256273
0.84, 255542
0.84, 254932
0.84, 251930
0.84, 250540
0.85, 249244
0.85, 248214
0.85, 247508
0.85, 247225
0.85, 247194
0.85, 247183
0.85, 246905
0.85, 246588
0.85, 245231
0.85, 245136
0.85, 244985
0.85, 240542
0.85, 237055
0.85, 235798
0.85, 232692
0.85, 232389
0.86, 231069
0.86, 229686
0.86, 226699
0.88, 225930
0.88, 225710
0.91, 221820
0.91, 221105
0.91, 220917
0.91, 220476
0.91, 220409
0.91, 219863
0.91, 217966
0.91, 217224
0.91, 215718
0.91, 215415
0.91, 214311
0.91, 211784
0.95, 211183
0.95, 209313
0.95, 208888
0.95, 208173
0.95, 207600
0.95, 207140
0.95, 205679
0.95, 204885
0.95, 204689
0.95, 204171
0.95, 203087
0.96, 202495
0.96, 201441
0.96, 201246
0.96, 200557
0.96, 196791
1.00, 196381
1.00, 196233
1.00, 195784
1.00, 195254
1.00, 194573
1.00, 193993
1.00, 193975
1.00, 193457
1.00, 192637
1.00, 192289
1.01, 191401
1.02, 190923
1.02, 189732
1.02, 189501
1.02, 189368
1.02, 186405
1.02, 186377
1.02, 184686
1.02, 182517
1.02, 182505
1.02, 181792
1.02, 180756
1.02, 180110
1.02, 179319
1.02, 179280
1.02, 178559
1.08, 178464
1.08, 178206
1.08, 176805
1.08, 176634
1.08, 176474
1.08, 176335
1.08, 175806
1.08, 175635
1.09, 175376
1.09, 175079
1.09, 174231
1.09, 173761
1.09, 173681
1.09, 173602
1.09, 173076
1.09, 171976
1.09, 171112
1.09, 170492
1.09, 170137
1.09, 169826
1.09, 169508
1.09, 168721
1.09, 168294
1.10, 168247
1.10, 168084
1.10, 168072
1.10, 165484
1.10, 165448
1.10, 165290
1.11, 164861
1.11, 164301
1.12, 163847
1.12, 163465
1.12, 163085
1.12, 162582
1.12, 161314
1.12, 160660
1.12, 160621
1.15, 159394
1.15, 159081
1.15, 155974
1.15, 155703
1.15, 155596
1.15, 155479
1.15, 155314
1.15, 155228
1.15, 154351
1.15, 153967
1.15, 153921
1.15, 153300
1.15, 153045
1.15, 152434
1.15, 152296
1.15, 151778
1.15, 151369
1.15, 151198
1.17, 151032
1.17, 150494
1.17, 150349
1.17, 149970
1.17, 149516
1.17, 149095
1.17, 148080
1.17, 147884
1.19, 147656
1.19, 146796
1.19, 146303
1.19, 146299
1.20, 145970
1.20, 145761
1.20, 145668
1.20, 145406
1.23, 145287
1.23, 144726
1.23, 144638
1.25, 142539
1.25, 141990
1.25, 141603
1.25, 141348
1.25, 140732
1.25, 140447
1.26, 140313
1.26, 140144
1.30, 139414
1.33, 139244
1.33, 139060
1.33, 139003
1.33, 138953
1.33, 138366
1.34, 138305
1.34, 138221
1.35, 138137
1.35, 137819
1.35, 137513
1.35, 137175
1.41, 136655
1.41, 136343
1.41, 136326
1.42, 136295
1.42, 136152
1.42, 136136
1.42, 135932
1.42, 135685
1.42, 135645
1.43, 135347
1.43, 135163
1.43, 134985
1.48, 134485
1.61, 134429
1.62, 134394
1.62, 134350
1.63, 134229
1.67, 134208
1.70, 134176
1.72, 134159
4.73, 134077
4.80, 133909
4.81, 133801
4.81, 133772
4.84, 133760
4.86, 133743
4.86, 133531
4.86, 133193
4.99, 133156
