0.00, 740646
0.00, 733830
0.00, 713415
0.00, 712811
0.00, 708701
0.00, 704620
0.00, 699047
0.00, 698654
0.00, 698580
0.00, 689611
0.00, 680317
0.00, 675099
0.00, 670844
0.00, 668147
0.00, 661097
0.00, 659947
0.00, 659671
0.00, 657226
0.00, 652665
0.00, 652571
0.00, 652175
0.01, 652139
0.01, 648229
0.01, 646314
0.01, 645998
0.01, 636905
0.01, 632898
0.01, 632844
0.01, 627188
0.01, 613292
0.01, 612973
0.01, 612943
0.01, 610538
0.02, 609114
0.02, 608615
0.02, 606381
0.02, 605517
0.02, 603778
0.02, 599083
0.02, 593083
0.05, 591106
0.05, 583306
0.09, 580526
0.12, 577597
0.12, 574271
0.14, 570571
0.14, 568230
0.17, 566801
0.17, 566746
0.17, 561415
0.17, 556849
0.17, 555174
0.17, 554525
0.17, 549057
0.17, 546118
0.17, 545677
0.17, 544574
0.22, 538677
0.22, 538047
0.22, 537196
0.22, 536659
0.22, 536105
0.22, 530406
0.25, 529013
0.28, 524824
0.32, 517556
0.33, 514405
0.33, 509293
0.33, 508394
0.33, 504122
0.33, 503987
0.38, 500100
0.38, 499151
0.38, 498007
0.38, 497722
0.38, 497123
0.40, 489006
0.40, 488015
0.40, 487926
0.40, 486065
0.42, 486056
0.42, 483981
0.42, 483131
0.45, 481413
0.45, 480009
0.45, 473741
0.45, 473446
0.45, 470494
0.45, 469158
0.45, 468071
0.45, 467636
0.45, 462715
0.45, 461371
0.45, 453666
0.45, 447329
0.45, 436915
0.45, 433858
0.45, 433292
0.45, 433064
0.45, 431308
0.45, 430310
0.50, 428241
0.50, 426367
0.50, 423981
0.52, 422589
0.52, 420513
0.53, 420108
0.56, 418826
0.56, 413199
0.57, 412167
0.57, 409823
0.57, 408703
0.57, 406583
0.57, 405805
0.57, 405761
0.57, 405422
0.57, 405146
0.57, 402743
0.57, 402320
0.57, 401506
0.57, 398714
0.57, 398593
0.57, 392222
0.57, 391334
0.57, 388001
0.57, 382057
0.57, 378433
0.57, 377411
0.57, 375509
0.57, 374822
0.57, 371008
0.57, 369246
0.62, 367717
0.62, 367589
0.62, 366426
0.62, 363760
0.62, 363199
0.64, 359631
0.64, 358392
0.64, 354956
0.64, 351778
0.64, 350613
0.64, 348592
0.64, 347571
0.64, 347250
0.64, 347207
0.65, 344626
0.65, 341498
0.65, 340631
0.65, 339085
0.65, 338809
0.65, 337594
0.65, 335769
0.65, 335289
0.65, 333593
0.65, 330465
0.65, 326701
0.65, 325577
0.65, 325249
0.69, 325072
0.69, 319436
0.69, 318971
0.69, 317999
0.69, 317861
0.69, 317830
0.69, 314888
0.69, 314264
0.69, 312298
0.69, 310326
0.69, 310289
0.69, 309934
0.69, 307028
0.70, 306313
0.70, 306040
0.70, 305748
0.70, 305553
0.70, 303745
0.70, 301343
0.70, 300575
0.72, 300105
0.73, 299040
0.73, 298166
0.73, 297109
0.73, 294354
0.73, 293172
0.73, 291490
0.73, 290529
0.73, 289566
0.73, 287745
0.73, 287326
0.73, 285813
0.73, 285596
0.73, 284348
0.73, 283660
0.73, 282974
0.73, 282133
0.73, 281858
0.73, 277848
0.73, 275033
0.73, 272986
0.73, 268634
0.73, 266129
0.81, 266113
0.81, 265589
0.81, 264683
0.81, 264554
0.81, 264362
0.81, 263003
0.81, 261196
0.81, 260006
0.81, 258093
0.81, 255829
0.81, 253211
0.82, 252591
0.84, 252426
0.84, 251535
0.84, 249306
0.84, 248573
0.84, 247251
0.84, 246283
0.84, 245260
0.84, 242987
0.84, 241762
0.85, 241075
0.85, 239741
0.85, 239435
0.85, 239161
0.85, 235429
0.85, 235059
0.85, 232693
0.85, 231234
0.85, 230189
0.85, 230165
0.85, 229996
0.85, 228721
0.85, 223028
0.85, 223018
0.85, 222423
0.85, 222407
0.85, 222226
0.89, 221970
0.89, 221840
0.89, 221607
0.89, 221508
0.89, 219174
0.89, 218924
0.89, 218828
0.89, 217516
0.89, 216587
0.89, 216163
0.89, 215984
0.89, 215914
0.89, 214526
0.89, 214056
0.90, 213729
0.90, 213654
0.91, 212543
0.91, 210387
0.91, 209285
0.95, 209224
0.96, 208773
0.96, 208248
0.96, 207864
0.96, 207121
0.96, 206953
0.96, 206907
0.96, 203570
0.96, 200725
0.96, 199031
0.96, 197293
0.96, 196872
0.96, 196723
0.96, 196524
0.97, 195347
0.97, 195027
0.97, 194476
0.99, 194107
0.99, 193438
0.99, 192934
0.99, 192628
0.99, 192100
0.99, 191600
0.99, 190855
0.99, 190649
1.00, 190027
1.00, 187010
1.00, 186799
1.00, 186421
1.00, 186082
1.00, 185418
1.00, 184866
1.00, 183435
1.00, 182445
1.00, 181819
1.00, 179537
1.00, 178149
1.00, 178089
1.00, 177868
1.00, 177499
1.00, 177427
1.01, 176963
1.01, 175808
1.01, 175451
1.06, 175170
1.06, 174167
1.06, 173917
1.06, 173833
1.07, 173713
1.07, 173605
1.07, 173492
1.07, 173371
1.07, 173093
1.07, 172302
1.07, 170427
1.07, 169946
1.07, 169152
1.07, 168921
1.07, 166509
1.07, 165058
1.12, 164868
1.12, 163927
1.12, 163471
1.12, 163141
1.12, 162429
1.12, 161528
1.12, 161506
1.12, 161283
1.12, 160767
1.12, 159663
1.12, 159208
1.12, 158161
1.12, 157737
1.12, 156739
1.12, 156593
1.14, 156037
1.15, 155669
1.15, 155590
1.15, 155234
1.15, 154794
1.15, 154427
1.15, 154052
1.15, 153818
1.15, 153743
1.15, 153276
1.15, 151763
1.15, 151072
1.15, 150956
1.15, 150638
1.18, 150206
1.18, 149638
1.18, 149549
1.18, 148584
1.19, 148491
1.19, 147572
1.19, 147085
1.19, 146734
1.19, 146606
1.19, 146213
1.19, 146028
1.19, 145561
1.19, 145415
1.19, 145313
1.19, 145283
1.19, 144340
1.19, 144306
1.21, 143757
1.22, 143493
1.23, 143192
1.23, 142843
1.23, 142276
1.23, 142111
1.23, 141791
1.28, 141723
1.28, 141605
1.29, 141281
1.29, 140932
1.31, 140842
1.31, 140767
1.31, 140184
1.31, 140056
1.32, 139882
1.32, 139809
1.32, 139456
1.32, 139408
1.32, 138691
1.33, 138379
1.33, 137954
1.33, 137736
1.33, 137580
1.33, 137530
1.33, 136953
1.33, 136905
1.33, 136496
1.33, 136222
1.33, 136153
1.33, 135836
1.37, 135828
1.37, 135759
1.37, 135709
1.37, 135625
1.38, 135273
1.38, 135225
1.38, 135108
1.39, 134917
1.39, 134796
1.39, 134623
1.54, 134511
3.33, 134281
3.33, 134264
3.34, 133968
3.34, 133840
3.46, 133811
5.04, 133661
5.08, 133634
5.12, 133619
5.12, 133368
5.13, 133260
5.15, 133165
5.16, 133091
5.16, 132963
5.16, 132866
5.19, 132807
5.19, 132726
5.20, 132709
