0.00, 757235
0.00, 756237
0.00, 754689
0.00, 750208
0.00, 747942
0.00, 747315
0.00, 741556
0.00, 739716
0.00, 738399
0.00, 729355
0.00, 727337
0.00, 714424
0.00, 701635
0.00, 701530
0.01, 699737
0.01, 697718
0.01, 688143
0.01, 680861
0.01, 673720
0.01, 670878
0.01, 668465
0.01, 667056
0.01, 665362
0.01, 661153
0.01, 659869
0.01, 658396
0.01, 657250
0.01, 655046
0.01, 653408
0.01, 649760
0.01, 646497
0.01, 645885
0.01, 640558
0.01, 639525
0.01, 635331
0.01, 631633
0.01, 629278
0.01, 619146
0.01, 619132
0.01, 614200
0.03, 608208
0.03, 604552
0.03, 604301
0.03, 603258
0.08, 594857
0.08, 589565
0.08, 588869
0.08, 588760
0.08, 588197
0.09, 586651
0.09, 579368
0.09, 578206
0.09, 576039
0.10, 575559
0.10, 574308
0.10, 567999
0.10, 564406
0.18, 563722
0.18, 563412
0.20, 553841
0.20, 553509
0.20, 540447
0.24, 540399
0.24, 538311
0.25, 536196
0.25, 532935
0.25, 532815
0.25, 531238
0.26, 530799
0.28, 529952
0.32, 529476
0.32, 529218
0.32, 526639
0.32, 525404
0.32, 523952
0.33, 520678
0.33, 519180
0.34, 518764
0.34, 518763
0.34, 506095
0.34, 505910
0.34, 499055
0.39, 497704
0.39, 492528
0.39, 485343
0.39, 482607
0.39, 481870
0.39, 481524
0.39, 481264
0.39, 480841
0.39, 474524
0.39, 468238
0.39, 468132
0.39, 466912
0.39, 466430
0.41, 462778
0.41, 462725
0.41, 462021
0.41, 461398
0.41, 458319
0.41, 457373
0.41, 452857
0.41, 451448
0.41, 448752
0.41, 448507
0.47, 446784
0.47, 446628
0.47, 443838
0.47, 443735
0.48, 441600
0.50, 438459
0.50, 436033
0.50, 435967
0.50, 433733
0.50, 432907
0.50, 432258
0.50, 430939
0.50, 427911
0.50, 423461
0.50, 420211
0.50, 409446
0.50, 408405
0.50, 404705
0.50, 403901
0.50, 403258
0.50, 398911
0.50, 390372
0.50, 386181
0.50, 384116
0.50, 380447
0.59, 374556
0.59, 366338
0.59, 365933
0.59, 364705
0.59, 360499
0.59, 359734
0.59, 358552
0.59, 357346
0.63, 355416
0.64, 355314
0.64, 349742
0.64, 348824
0.64, 341479
0.64, 340995
0.64, 340783
0.67, 337133
0.67, 334312
0.67, 332819
0.67, 332508
0.67, 330536
0.67, 329734
0.67, 329695
0.67, 326560
0.67, 323207
0.69, 322200
0.69, 317742
0.69, 317474
0.69, 315528
0.69, 314112
0.69, 311817
0.70, 311384
0.72, 310228
0.72, 308660
0.72, 305854
0.72, 303787
0.72, 301967
0.72, 299627
0.72, 296637
0.72, 295983
0.72, 295612
0.72, 294619
0.72, 290055
0.72, 285356
0.77, 285282
0.77, 282191
0.77, 280709
0.77, 280447
0.77, 278368
0.77, 278335
0.79, 276269
0.79, 273526
0.79, 271554
0.80, 271474
0.80, 270238
0.80, 269233
0.80, 269213
0.80, 269011
0.80, 266816
0.80, 265954
0.80, 265643
0.80, 262873
0.80, 258378
0.80, 257370
0.80, 255426
0.82, 252551
0.82, 252343
0.83, 251061
0.83, 251035
0.83, 250093
0.83, 248317
0.83, 247665
0.83, 245714
0.83, 245246
0.83, 244926
0.83, 243894
0.83, 239061
0.83, 238621
0.87, 237944
0.88, 236910
0.88, 236785
0.88, 234571
0.88, 233893
0.88, 231997
0.88, 231875
0.88, 231043
0.88, 230965
0.88, 230217
0.88, 229683
0.88, 228791
0.90, 227766
0.90, 227340
0.90, 225365
0.90, 225141
0.90, 223877
0.90, 221480
0.90, 220577
0.90, 220141
0.90, 220096
0.90, 218334
0.90, 218243
0.90, 217648
0.91, 217187
0.91, 215852
0.91, 215687
0.91, 215504
0.91, 215336
0.91, 215057
0.91, 211292
0.91, 210620
0.91, 210613
0.91, 209208
0.91, 209190
0.92, 209133
0.92, 209046
0.92, 207315
0.92, 207005
0.92, 205009
0.92, 204398
0.93, 203400
0.93, 202239
0.93, 202074
0.93, 201154
0.99, 200328
0.99, 199964
0.99, 199547
0.99, 198671
0.99, 197155
0.99, 196963
0.99, 195617
0.99, 195174
0.99, 194558
0.99, 193769
0.99, 192947
0.99, 192024
0.99, 191387
0.99, 191357
1.00, 191170
1.01, 189828
1.01, 188472
1.01, 188372
1.01, 187282
1.01, 187244
1.01, 187045
1.01, 186389
1.01, 186171
1.01, 181979
1.01, 180473
1.01, 180398
1.03, 178420
1.03, 178190
1.03, 176456
1.03, 175159
1.03, 174985
1.03, 174470
1.03, 174105
1.03, 173766
1.03, 173680
1.03, 172625
1.03, 172104
1.03, 171519
1.03, 171418
1.03, 170562
1.03, 170470
1.08, 170198
1.08, 170166
1.08, 169940
1.08, 169066
1.08, 168674
1.08, 168266
1.08, 168085
1.08, 167078
1.08, 165950
1.08, 165930
1.08, 165525
1.08, 165383
1.08, 164668
1.08, 164021
1.08, 163910
1.10, 161277
1.10, 161021
1.10, 159859
1.12, 159564
1.12, 159141
1.12, 158810
1.12, 158437
1.13, 158075
1.13, 157986
1.13, 157770
1.13, 157676
1.13, 156055
1.13, 155945
1.13, 155066
1.13, 154697
1.13, 154375
1.13, 152259
1.13, 151740
1.13, 151212
1.13, 150117
1.13, 149640
1.17, 149575
1.17, 149456
1.17, 148963
1.19, 148248
1.19, 148185
1.21, 147984
1.22, 147672
1.22, 147516
1.22, 147486
1.22, 147013
1.22, 146560
1.22, 146308
1.22, 146248
1.22, 145673
1.22, 144913
1.22, 144811
1.22, 144270
1.22, 143781
1.22, 143475
1.23, 142674
1.26, 142627
1.26, 142269
1.26, 142214
1.26, 141762
1.26, 141300
1.27, 140472
1.27, 140035
1.33, 139963
1.33, 139645
1.33, 139470
1.33, 139173
1.36, 138694
1.36, 138639
1.36, 138399
1.36, 137940
1.39, 137661
1.40, 137419
1.41, 137050
1.41, 137005
1.42, 136920
1.42, 136878
1.42, 136724
1.44, 136639
1.44, 136548
1.44, 136491
1.45, 136454
1.50, 136227
1.50, 136215
1.50, 136214
1.50, 136193
1.50, 135682
1.50, 135593
1.51, 135490
1.51, 135384
1.51, 135358
1.55, 135257
1.59, 135121
1.62, 135052
1.62, 134708
1.63, 134541
1.63, 134509
1.63, 134492
1.64, 134442
1.97, 134435
2.83, 134395
2.88, 134022
2.89, 133972
2.89, 133774
2.97, 133700
3.13, 133686
6.16, 133563
6.16, 133494
6.17, 133434
6.17, 133274
6.17, 133090
6.17, 133011
