0.00, 707707
0.00, 699273
0.00, 696715
0.00, 689624
0.00, 683344
0.00, 681338
0.00, 678012
0.00, 677428
0.00, 675013
0.00, 674916
0.00, 673777
0.00, 673387
0.00, 673355
0.00, 668414
0.00, 666323
0.00, 665380
0.00, 662040
0.01, 657419
0.01, 650919
0.01, 649523
0.01, 649364
0.01, 649338
0.01, 643707
0.01, 642497
0.01, 635254
0.01, 633845
0.01, 632618
0.01, 630343
0.01, 630230
0.01, 617182
0.01, 607133
0.01, 607000
0.01, 594420
0.01, 589713
0.01, 586179
0.10, 585774
0.10, 579376
0.10, 577459
0.13, 572591
0.15, 572560
0.15, 571712
0.15, 571391
0.15, 570197
0.15, 565328
0.15, 563651
0.15, 562860
0.18, 560205
0.18, 556026
0.18, 555035
0.18, 554679
0.24, 552591
0.24, 552441
0.25, 549075
0.27, 546848
0.27, 546755
0.27, 545150
0.27, 544677
0.28, 538720
0.28, 537899
0.28, 536118
0.28, 521911
0.34, 515552
0.35, 513322
0.35, 512403
0.35, 511409
0.35, 511166
0.35, 509041
0.35, 502980
0.35, 500702
0.37, 498535
0.37, 493830
0.37, 491776
0.37, 491450
0.37, 489468
0.37, 481077
0.37, 478886
0.37, 477552
0.37, 476850
0.37, 475808
0.37, 472685
0.37, 472055
0.47, 471561
0.47, 470414
0.47, 469333
0.47, 468563
0.47, 466410
0.47, 465872
0.47, 459580
0.49, 453023
0.49, 452186
0.49, 449861
0.49, 448544
0.49, 446631
0.49, 446566
0.49, 446062
0.50, 441935
0.50, 436206
0.50, 434888
0.50, 433995
0.50, 430375
0.52, 429285
0.52, 424791
0.52, 423082
0.53, 420463
0.53, 418987
0.53, 415770
0.53, 413700
0.53, 413630
0.53, 413240
0.56, 412886
0.56, 411537
0.56, 408305
0.56, 407415
0.56, 395961
0.56, 392207
0.57, 390631
0.57, 388386
0.59, 381410
0.59, 375798
0.59, 374979
0.59, 374282
0.59, 373348
0.59, 371809
0.59, 371714
0.62, 368975
0.62, 366092
0.62, 365447
0.62, 364714
0.62, 364668
0.62, 363912
0.63, 362918
0.63, 361579
0.63, 357247
0.66, 356251
0.66, 350590
0.66, 346840
0.66, 346467
0.66, 345980
0.66, 345671
0.66, 344829
0.66, 344665
0.67, 342863
0.67, 342435
0.67, 342279
0.67, 342231
0.67, 338625
0.67, 335334
0.67, 333013
0.67, 326224
0.67, 325894
0.67, 325175
0.67, 322579
0.67, 321758
0.67, 321756
0.68, 320926
0.68, 318660
0.68, 317957
0.68, 317847
0.68, 317326
0.68, 310551
0.73, 304148
0.73, 299863
0.73, 299832
0.73, 298738
0.73, 298720
0.73, 297749
0.73, 295140
0.73, 294564
0.74, 293131
0.74, 290135
0.74, 289928
0.74, 289547
0.78, 289110
0.78, 288672
0.78, 286806
0.78, 286305
0.78, 286245
0.79, 283947
0.79, 282647
0.79, 281730
0.79, 280651
0.79, 279662
0.79, 278357
0.79, 274694
0.79, 272971
0.79, 271796
0.79, 271579
0.80, 268587
0.80, 266583
0.80, 261870
0.80, 261550
0.80, 259953
0.80, 258259
0.80, 257705
0.80, 257514
0.81, 257403
0.81, 257070
0.81, 256241
0.81, 255447
0.81, 254615
0.82, 253305
0.82, 250760
0.85, 249171
0.87, 247513
0.88, 247135
0.88, 245499
0.88, 245119
0.88, 241905
0.88, 241113
0.88, 241077
0.88, 240621
0.88, 240266
0.88, 238912
0.88, 238620
0.88, 238015
0.88, 236862
0.88, 236859
0.88, 235175
0.88, 234565
0.88, 233593
0.88, 232281
0.88, 231897
0.88, 231353
0.88, 231233
0.88, 229917
0.88, 227612
0.88, 225401
0.88, 225386
0.88, 224135
0.88, 223165
0.88, 220371
0.88, 220306
0.88, 220078
0.88, 219890
0.88, 219420
0.88, 218436
0.88, 217204
0.88, 215651
0.88, 214394
0.88, 212452
0.92, 212018
0.92, 211170
0.93, 211109
0.93, 210105
0.93, 206028
0.93, 204409
0.93, 203761
0.93, 203747
0.95, 203668
0.95, 203175
0.95, 202104
0.98, 201090
0.98, 199447
1.00, 199214
1.00, 198936
1.00, 198801
1.00, 198633
1.00, 196802
1.00, 196440
1.00, 195351
1.00, 194612
1.00, 194063
1.00, 193547
1.00, 193525
1.00, 192450
1.00, 191637
1.02, 190765
1.02, 190692
1.02, 190275
1.02, 190003
1.02, 189801
1.02, 189468
1.02, 189094
1.02, 188254
1.02, 188108
1.02, 187198
1.02, 185038
1.02, 184807
1.02, 183424
1.02, 183222
1.02, 182036
1.02, 180583
1.04, 179926
1.04, 179712
1.04, 179240
1.04, 179018
1.04, 178898
1.04, 177974
1.04, 177955
1.04, 177582
1.04, 177233
1.04, 176324
1.04, 176225
1.05, 175550
1.05, 175257
1.05, 175079
1.05, 174336
1.05, 173719
1.05, 173718
1.05, 173638
1.05, 173528
1.05, 173455
1.05, 172448
1.07, 172291
1.07, 171360
1.07, 170537
1.07, 169986
1.07, 169747
1.07, 169170
1.07, 168901
1.07, 168468
1.08, 167744
1.10, 167536
1.10, 167511
1.10, 166266
1.10, 165970
1.11, 165769
1.11, 165620
1.11, 165360
1.11, 165356
1.11, 164808
1.11, 164661
1.11, 164285
1.11, 163889
1.11, 163379
1.11, 163288
1.11, 162489
1.11, 162083
1.11, 161995
1.15, 161577
1.15, 161169
1.15, 160060
1.15, 159572
1.15, 158761
1.15, 157171
1.15, 156977
1.15, 156868
1.15, 156842
1.15, 156686
1.15, 155948
1.15, 155909
1.15, 155767
1.15, 155319
1.15, 154820
1.15, 154379
1.15, 153873
1.15, 152958
1.15, 152447
1.15, 152103
1.15, 151720
1.15, 151078
1.15, 150608
1.17, 150311
1.20, 149911
1.20, 149882
1.21, 149603
1.21, 148935
1.22, 148854
1.23, 148593
1.23, 147905
1.23, 147646
1.23, 145914
1.23, 145745
1.23, 145697
1.23, 145588
1.23, 145437
1.23, 145118
1.23, 144623
1.27, 143947
1.27, 143702
1.28, 143679
1.28, 143094
1.28, 143019
1.28, 142804
1.28, 142782
1.29, 142572
1.29, 142298
1.29, 141677
1.30, 141279
1.30, 141223
1.30, 141133
1.30, 141095
1.30, 140861
1.30, 140008
1.30, 139675
1.30, 139620
1.30, 139294
1.33, 138703
1.33, 138624
1.33, 138489
1.33, 138439
1.38, 138425
1.39, 137780
1.39, 137402
1.39, 136874
1.42, 136410
1.43, 136359
1.43, 136354
1.43, 136304
1.43, 136017
1.43, 136009
1.47, 135929
1.47, 135745
1.50, 135669
1.53, 135626
1.53, 134957
1.53, 134929
1.53, 134879
1.53, 134695
1.53, 134494
1.54, 134233
1.54, 134013
1.61, 133963
8.80, 133927
8.81, 133835
8.81, 133785
8.84, 133780
12.56, 133752
13.72, 133600
13.72, 133547
13.72, 133436
13.76, 133386
13.76, 133336
13.76, 133255
13.76, 133091
13.81, 133029
13.86, 132926
13.86, 132735
