0.00, 709486
0.00, 709001
0.00, 707128
0.00, 700202
0.00, 698223
0.00, 697762
0.00, 690362
0.00, 690247
0.01, 682515
0.01, 676002
0.01, 673780
0.01, 667249
0.01, 663215
0.01, 660733
0.01, 650002
0.01, 644836
0.01, 644496
0.01, 643519
0.01, 637970
0.01, 637716
0.01, 637202
0.01, 636070
0.01, 635040
0.01, 634445
0.01, 632360
0.01, 632223
0.01, 629832
0.01, 625980
0.01, 625091
0.02, 621785
0.02, 618043
0.02, 617745
0.04, 604399
0.04, 602377
0.04, 602112
0.04, 593673
0.04, 583636
0.04, 579382
0.04, 579301
0.04, 575938
0.04, 575906
0.13, 575290
0.13, 573032
0.13, 571664
0.16, 570983
0.16, 567153
0.16, 565835
0.16, 560024
0.16, 557884
0.16, 555791
0.16, 549521
0.16, 548962
0.16, 548726
0.16, 546719
0.16, 546180
0.16, 545382
0.19, 543738
0.19, 535604
0.19, 534886
0.19, 531115
0.19, 527414
0.19, 527181
0.19, 526455
0.31, 516110
0.31, 514060
0.31, 514042
0.31, 512558
0.31, 507834
0.31, 502768
0.31, 501595
0.31, 500918
0.34, 499180
0.34, 499091
0.34, 498466
0.34, 497753
0.35, 492291
0.35, 490860
0.36, 488666
0.36, 487911
0.36, 485182
0.36, 480560
0.41, 479627
0.41, 479436
0.41, 477704
0.41, 476779
0.43, 476714
0.44, 475101
0.44, 471002
0.44, 470131
0.46, 469001
0.46, 464009
0.46, 462966
0.46, 461431
0.46, 458979
0.46, 455256
0.46, 453516
0.46, 448646
0.46, 443112
0.46, 440883
0.46, 440862
0.46, 439337
0.48, 438035
0.48, 431215
0.48, 425118
0.48, 422066
0.48, 419155
0.48, 418056
0.48, 414139
0.48, 413167
0.48, 410975
0.48, 410707
0.48, 410005
0.48, 409672
0.50, 409271
0.50, 405087
0.50, 404620
0.50, 397414
0.50, 394004
0.55, 393279
0.55, 391795
0.55, 388344
0.58, 383996
0.58, 379516
0.59, 375243
0.59, 374176
0.59, 368195
0.59, 365621
0.59, 362102
0.59, 361179
0.59, 358597
0.59, 356741
0.59, 355541
0.59, 353852
0.62, 352325
0.62, 352105
0.62, 351657
0.62, 351569
0.62, 348085
0.63, 347806
0.66, 347231
0.66, 344402
0.66, 342060
0.66, 340377
0.66, 338634
0.66, 334156
0.66, 332201
0.66, 331478
0.66, 330584
0.68, 329070
0.68, 324554
0.68, 324383
0.69, 324132
0.69, 322870
0.69, 319604
0.70, 319059
0.70, 318608
0.70, 317362
0.71, 316368
0.71, 313703
0.71, 313190
0.71, 310523
0.73, 307067
0.73, 306331
0.73, 304682
0.73, 299093
0.73, 298195
0.73, 293798
0.74, 290763
0.74, 290499
0.74, 290121
0.74, 289599
0.74, 286765
0.74, 285108
0.74, 284912
0.74, 280682
0.76, 280167
0.76, 279940
0.78, 278709
0.78, 276608
0.78, 276434
0.78, 275867
0.78, 275112
0.78, 273932
0.78, 272588
0.78, 271037
0.78, 268519
0.81, 268412
0.81, 267859
0.81, 266038
0.81, 265634
0.81, 265604
0.81, 265219
0.81, 263376
0.81, 263129
0.81, 262442
0.81, 262076
0.81, 261942
0.81, 261661
0.81, 260870
0.82, 259361
0.82, 259140
0.82, 258926
0.82, 257677
0.82, 252215
0.82, 252133
0.82, 251987
0.82, 249970
0.82, 248951
0.82, 247177
0.82, 245044
0.82, 242430
0.82, 242249
0.82, 242061
0.82, 240526
0.82, 240439
0.82, 239500
0.82, 239238
0.82, 238579
0.83, 237692
0.83, 235249
0.83, 234567
0.83, 230465
0.83, 229543
0.83, 228922
0.87, 227272
0.89, 226482
0.89, 226478
0.89, 225638
0.89, 225417
0.89, 222513
0.89, 222256
0.89, 220437
0.89, 220016
0.89, 219985
0.89, 218478
0.89, 217005
0.89, 216432
0.89, 216371
0.90, 216142
0.90, 215330
0.90, 214175
0.90, 212795
0.90, 210870
0.92, 210003
0.92, 209597
0.92, 209132
0.92, 208958
0.93, 208187
0.93, 207725
0.93, 206994
0.93, 206455
0.93, 205800
0.93, 204777
0.93, 203935
0.93, 202345
0.93, 202189
0.93, 202183
0.93, 200034
0.93, 198868
0.96, 198374
0.96, 197346
0.96, 197049
0.96, 195894
0.96, 195854
0.96, 195510
0.96, 194758
0.96, 194734
0.98, 194696
0.98, 194689
0.98, 194428
0.98, 194106
1.00, 193199
1.00, 193073
1.00, 192271
1.00, 191596
1.00, 189170
1.01, 188061
1.01, 186156
1.01, 185827
1.02, 185449
1.02, 184926
1.02, 183717
1.02, 183679
1.02, 183063
1.02, 180713
1.02, 179868
1.02, 179699
1.02, 178861
1.02, 178773
1.04, 177343
1.04, 177335
1.04, 177330
1.04, 176910
1.04, 176814
1.04, 176057
1.04, 174927
1.04, 174520
1.04, 174401
1.04, 172862
1.04, 171367
1.04, 171351
1.04, 171091
1.04, 171030
1.04, 170846
1.04, 170550
1.04, 169691
1.09, 169299
1.09, 168647
1.09, 168421
1.09, 167438
1.09, 167302
1.09, 167241
1.10, 166909
1.10, 166161
1.10, 165856
1.10, 165024
1.10, 164722
1.10, 163847
1.11, 162856
1.11, 162225
1.11, 161440
1.11, 161369
1.11, 160684
1.11, 160551
1.11, 160444
1.11, 159728
1.11, 159704
1.12, 159227
1.12, 158566
1.12, 157065
1.12, 156486
1.12, 156482
1.12, 156380
1.12, 156352
1.12, 156319
1.14, 155925
1.16, 155909
1.16, 155686
1.16, 155393
1.16, 155103
1.16, 153840
1.16, 152980
1.16, 152183
1.16, 151471
1.16, 151281
1.16, 150956
1.17, 149155
1.17, 148810
1.17, 148117
1.17, 147972
1.17, 147186
1.17, 147008
1.18, 146687
1.18, 146645
1.18, 145385
1.20, 145242
1.20, 145033
1.20, 144814
1.20, 144397
1.20, 143910
1.20, 143819
1.20, 143751
1.20, 143623
1.20, 142491
1.20, 142307
1.20, 141114
1.20, 140098
1.27, 139967
1.27, 139176
1.27, 139074
1.27, 138817
1.36, 138444
1.36, 138152
1.36, 138095
1.36, 137642
1.36, 137243
1.39, 137221
1.39, 137030
1.39, 136803
1.39, 136568
1.39, 136372
1.39, 136070
1.40, 135937
1.40, 135711
1.41, 135686
1.41, 135529
1.42, 135453
1.42, 135349
1.55, 135014
1.55, 134816
1.56, 134810
1.63, 134632
3.31, 134588
3.31, 134529
3.32, 134460
4.91, 134454
4.91, 134228
4.91, 134044
4.99, 133900
5.12, 133836
6.78, 133819
6.78, 133719
6.80, 133700
6.82, 133661
6.86, 133660
6.88, 133610
11.95, 133576
11.98, 133550
11.99, 133495
11.99, 133484
12.03, 133398
12.04, 133307
12.04, 133257
12.07, 133202
