0.00,759156
0.00,717277
0.00,726302
0.00,696978
0.00,665626
0.00,642844
0.00,620906
0.00,596012
0.00,595324
0.00,577802
0.00,572948
0.00,558570
0.00,561739
0.00,560321
0.00,562390
0.00,572898
0.00,561342
0.00,539511
0.00,536050
0.00,512818
0.00,497197
0.00,501540
0.00,490257
0.00,487285
0.00,484619
0.00,487789
0.00,464879
0.00,452557
0.00,456046
0.00,465894
0.00,481747
0.00,467007
0.00,461701
0.00,466597
0.00,441085
0.00,443204
0.00,435905
0.00,419902
0.00,426199
0.00,425955
0.00,425730
0.00,421280
0.00,414252
0.00,419264
0.00,416460
0.00,408305
0.00,406096
0.00,399215
0.00,392669
0.00,396894
0.00,388977
0.00,377566
0.00,371944
0.00,358693
0.00,354689
0.00,350941
0.00,343194
0.00,341464
0.00,337795
0.00,332216
0.00,344336
0.00,348579
0.01,355879
0.01,367380
0.01,349389
0.01,340866
0.01,338399
0.01,330798
0.01,331139
0.01,343327
0.01,354455
0.01,340826
0.01,339811
0.01,346220
0.01,339558
0.01,327334
0.01,333094
0.01,321935
0.01,311586
0.01,312196
0.01,315739
0.01,315171
0.01,316463
0.01,326383
0.01,325181
0.01,324021
0.01,325612
0.01,334689
0.01,323166
0.01,318207
0.01,313668
0.01,308823
0.01,306114
0.01,304062
0.01,308477
0.01,301442
0.01,301572
0.01,304749
0.01,300807
0.01,293023
0.01,280792
0.01,279473
0.01,281635
0.01,277329
0.01,273180
0.01,270077
0.01,267403
0.01,268405
0.01,273038
0.01,272458
0.01,276251
0.01,279242
0.01,271021
0.01,269327
0.01,267979
0.01,259841
0.01,259512
0.01,257571
0.01,256330
0.01,259071
0.01,254890
0.01,261266
0.01,263195
0.01,265041
0.01,269218
0.01,277967
0.01,272111
0.01,275229
0.01,292599
0.01,281737
0.01,269741
0.01,264166
0.01,264460
0.01,258292
0.01,261139
0.01,256656
0.01,258736
0.01,253099
0.01,252005
0.01,252874
0.01,254134
0.01,256709
0.01,254093
0.01,249682
0.01,249300
0.01,257557
0.01,255953
0.01,244459
0.01,245792
0.01,243456
0.01,238882
0.01,242628
0.01,241105
0.01,246315
0.01,242090
0.01,237347
0.01,233759
0.01,234013
0.01,232816
0.01,234923
0.01,243686
0.01,243270
0.01,243423
0.01,244717
0.01,247729
0.01,242173
0.01,243037
0.01,242516
0.01,235718
0.01,228989
0.01,231595
0.01,235291
0.01,237182
0.01,233717
0.01,233249
0.01,231699
0.01,224705
0.01,224421
0.01,225528
0.01,228624
0.01,227676
0.01,225202
0.01,221184
0.01,219118
0.01,219097
0.01,218097
0.01,220650
0.01,215910
0.01,214246
0.01,214334
0.01,209366
0.01,208442
0.01,209048
0.01,207978
0.01,206105
0.01,202839
0.01,202887
0.01,202977
0.01,198873
0.01,198235
0.01,199465
0.01,202664
0.01,209768
0.01,214195
0.01,213870
0.01,210902
0.01,214020
0.01,210548
0.01,209028
0.01,204588
0.01,203733
0.01,203025
0.01,203967
0.01,198620
0.01,207132
0.01,206031
0.01,206592
0.01,211076
0.01,217575
0.01,214038
0.01,220123
0.01,240746
0.01,226704
0.01,219312
0.01,222175
0.01,219648
0.01,212368
0.01,209501
0.01,204583
0.01,204063
0.01,205303
0.01,206763
0.01,200845
0.01,199839
0.01,199873
0.01,197984
0.01,195744
0.01,195272
0.01,192508
0.01,190349
0.01,192165
0.01,195410
0.01,196135
0.01,201311
0.01,192009
0.01,190019
0.01,188183
0.01,186168
0.01,185711
0.01,183978
0.01,183423
0.01,184175
0.01,191511
0.01,202286
0.01,198850
0.01,198467
0.01,191772
0.01,197660
0.01,200568
0.01,197041
0.01,192913
0.01,192987
0.01,189127
0.01,182816
0.02,186379
0.02,194395
0.02,192788
0.02,195007
0.02,192188
0.02,191916
0.02,190100
0.02,194425
0.02,196314
0.02,193236
0.02,188798
0.02,186612
0.02,184018
0.02,184231
0.02,189064
0.02,194506
0.02,196142
0.02,199699
0.02,200580
0.02,198442
0.02,202400
0.02,207685
0.02,208561
0.02,210716
0.02,226313
0.02,210020
0.02,203489
0.02,202910
0.02,198858
0.02,191216
0.02,190808
0.02,186934
0.02,189787
0.02,192784
0.02,192739
0.02,187290
0.02,185551
0.02,183994
0.02,184335
0.02,183975
0.02,183933
0.02,182950
0.02,181322
0.02,183353
0.02,189438
0.02,191116
0.02,189496
0.02,190890
0.02,185362
0.02,180651
0.02,179983
0.02,179733
0.02,179226
0.02,177743
0.02,178786
0.02,179282
0.02,176986
0.02,175922
0.02,175087
0.02,173024
0.02,174180
0.02,174491
0.02,175272
0.02,178457
0.02,182472
0.02,186301
0.02,187952
0.02,186633
0.02,182861
0.02,178643
0.02,175681
0.02,172325
0.02,169339
0.02,169977
0.02,170664
0.02,175054
0.02,176522
0.02,176033
0.02,179384
0.02,184301
0.02,184697
0.02,186125
0.02,205168
0.02,186825
0.02,177615
0.02,174285
0.02,170477
0.02,167625
0.02,166071
0.02,167381
0.02,165696
0.02,164218
0.02,162829
0.02,160386
0.02,159166
0.02,158847
0.02,158385
0.02,156989
0.02,156379
0.02,156107
0.02,158199
0.02,160185
0.02,157996
0.02,160219
0.02,158277
0.02,158746
0.02,166246
0.02,171883
0.02,172317
0.02,176033
0.02,191911
0.02,176385
0.02,170151
0.02,166258
0.02,163266
0.02,158241
0.02,157138
0.02,154831
0.02,156165
0.02,159140
0.02,160484
0.02,160895
0.02,162553
0.02,162302
0.02,160376
0.02,163223
0.02,166019
0.02,170384
0.02,169452
0.02,171825
0.02,172699
0.02,170699
0.02,172456
0.02,176565
0.02,172037
0.02,169540
0.02,167760
0.02,168470
0.02,169330
0.02,167099
0.02,165023
0.02,165527
0.02,165036
0.02,165860
0.02,168701
0.02,171459
0.02,173062
0.02,172045
0.02,168857
0.02,168034
0.02,171208
0.02,175362
0.02,175767
0.02,177184
0.02,193652
0.02,179219
0.02,173936
0.02,170274
0.02,168250
0.02,162603
0.02,158929
0.02,157951
0.02,157239
0.02,166137
0.02,165327
0.02,162228
0.02,162572
0.02,157148
0.02,153394
0.02,152846
0.02,154017
0.02,153671
0.02,154009
0.02,155577
0.02,154500
0.02,154314
0.02,155051
0.02,155146
0.02,155131
0.02,154310
0.02,152889
0.02,151105
0.02,151463
0.02,151694
0.02,150468
0.02,150827
0.02,150560
0.02,152227
0.02,152451
0.02,150580
0.02,149949
0.02,149322
0.02,148706
0.02,148203
0.02,148551
0.02,148212
0.02,148334
0.02,147647
0.02,147400
0.02,146945
0.02,146417
0.02,146031
0.02,148109
0.02,150318
0.02,151062
0.02,153079
0.02,158480
0.02,161075
0.02,164058
0.02,170678
0.02,166927
0.02,164577
0.02,165599
0.02,162564
0.02,159790
0.02,159779
0.02,155681
0.02,154235
0.02,154314
0.02,155029
0.02,159185
0.02,163863
0.02,165929
0.02,169377
0.02,166970
0.02,163177
0.02,162638
0.02,167076
0.02,168750
0.02,171501
0.02,189697
0.02,174274
0.02,167049
0.02,163523
0.02,161568
0.02,157406
0.02,154057
0.02,153538
0.02,151414
0.02,156541
0.02,154629
0.02,155862
0.02,156596
0.02,152360
0.02,151803
0.02,152642
0.02,154127
0.02,152038
0.02,145679
0.02,146103
0.02,147735
0.02,150277
0.02,150488
0.02,153168
0.02,158927
0.02,162564
0.02,167542
0.02,165032
0.02,162924
0.02,163794
0.02,162258
0.02,159304
0.02,158600
0.02,155124
0.02,154603
0.02,153262
0.02,153186
0.02,157521
0.02,161486
0.02,163561
0.02,167704
0.02,164849
0.02,163145
0.02,164100
0.02,165568
0.02,166640
0.02,169865
0.02,187356
0.02,173305
0.02,166146
0.02,163536
0.02,160587
0.02,156462
0.02,153924
0.02,152924
0.02,149547
0.02,153519
0.02,153745
0.02,152823
0.02,155117
0.02,150719
0.02,149495
0.02,150043
0.02,150132
0.02,152283
0.02,149395
0.02,144398
0.02,144172
0.02,143954
0.02,143768
0.02,143584
0.02,143428
0.02,144156
0.02,146283
0.02,147552
0.02,148641
0.02,147121
0.02,145237
0.02,144108
0.02,149145
0.02,151795
0.02,151903
0.02,153122
0.02,153365
0.02,154074
0.02,157120
0.02,157740
0.02,155456
0.02,154175
0.02,153713
0.02,153878
0.02,153566
0.02,150833
0.02,150685
0.02,150077
0.02,151078
0.02,148847
0.02,148124
0.02,145753
0.02,143093
0.02,143904
0.02,144547
0.02,144268
0.02,144559
0.02,143857
0.02,142259
0.02,142915
0.02,141830
0.02,144296
0.02,144765
0.02,146280
0.02,145400
0.02,144690
0.02,145097
0.02,145182
0.02,142807
0.02,141314
0.02,141019
0.02,140818
0.02,141292
0.02,140261
0.02,142429
0.02,143181
0.02,141266
0.02,140201
0.02,141784
0.02,142036
0.02,140165
0.02,139534
0.02,139316
0.02,139297
