0.00, 737566
0.00, 731051
0.00, 726799
0.00, 726351
0.00, 724057
0.00, 714379
0.00, 709229
0.00, 702812
0.00, 698780
0.00, 696721
0.00, 690047
0.00, 689691
0.00, 687275
0.00, 686959
0.00, 681901
0.00, 680144
0.00, 676653
0.00, 676193
0.00, 672056
0.00, 668813
0.00, 667406
0.00, 663642
0.01, 662910
0.01, 661044
0.01, 660308
0.01, 657868
0.01, 656674
0.01, 647593
0.01, 647332
0.01, 642301
0.01, 641988
0.01, 640085
0.01, 635493
0.01, 632279
0.01, 623066
0.02, 616231
0.02, 615806
0.02, 612363
0.02, 606995
0.02, 603512
0.02, 597001
0.02, 595717
0.04, 589886
0.04, 587260
0.04, 585773
0.08, 577912
0.15, 577354
0.15, 574514
0.15, 572437
0.17, 569817
0.17, 569206
0.17, 565267
0.17, 564151
0.17, 560327
0.17, 560293
0.17, 559490
0.20, 557926
0.21, 557546
0.24, 555446
0.24, 553148
0.24, 547950
0.25, 545411
0.25, 541315
0.25, 541108
0.29, 534400
0.31, 533725
0.32, 533514
0.32, 529989
0.32, 521916
0.32, 519980
0.32, 514409
0.32, 512781
0.32, 512636
0.32, 511952
0.32, 509127
0.32, 507689
0.32, 504320
0.34, 499083
0.34, 490544
0.34, 485010
0.34, 483458
0.39, 481852
0.39, 479858
0.41, 475234
0.41, 471892
0.41, 471701
0.41, 467948
0.41, 467184
0.41, 464249
0.41, 461815
0.41, 460752
0.46, 460491
0.46, 459126
0.46, 458679
0.46, 457167
0.46, 456914
0.47, 455612
0.47, 455340
0.47, 450236
0.47, 449228
0.47, 447967
0.48, 446699
0.48, 441737
0.48, 440619
0.48, 439805
0.48, 438707
0.48, 435836
0.48, 431931
0.50, 429448
0.50, 429119
0.50, 424184
0.50, 420575
0.50, 418469
0.50, 415396
0.50, 414967
0.50, 412495
0.50, 411383
0.55, 410854
0.56, 410031
0.56, 409777
0.57, 404427
0.57, 403702
0.57, 402831
0.57, 400038
0.57, 397990
0.57, 397824
0.57, 395413
0.57, 394316
0.57, 391116
0.57, 390058
0.60, 385824
0.60, 380978
0.60, 379914
0.60, 379193
0.60, 378446
0.60, 376811
0.60, 376490
0.60, 373326
0.60, 373224
0.60, 371332
0.60, 371067
0.60, 369286
0.60, 368263
0.60, 365290
0.60, 361333
0.60, 360153
0.60, 360123
0.60, 358367
0.62, 357686
0.65, 356450
0.66, 355958
0.66, 352258
0.66, 349043
0.67, 348286
0.67, 348093
0.67, 345514
0.68, 345349
0.68, 344953
0.68, 344628
0.68, 344627
0.68, 342366
0.68, 341504
0.68, 339744
0.68, 336468
0.68, 334906
0.68, 334801
0.68, 333369
0.68, 332390
0.68, 331108
0.68, 328923
0.68, 324949
0.68, 324437
0.68, 321133
0.68, 320497
0.68, 318892
0.68, 318534
0.68, 315648
0.68, 310089
0.68, 308296
0.68, 307577
0.70, 306234
0.70, 305164
0.70, 304580
0.70, 301056
0.70, 299287
0.72, 295533
0.72, 295366
0.72, 293052
0.72, 293016
0.73, 292889
0.73, 292820
0.73, 290963
0.73, 290782
0.73, 289787
0.73, 289428
0.74, 288796
0.74, 285998
0.74, 281002
0.74, 278571
0.74, 274477
0.74, 271567
0.74, 270519
0.79, 269343
0.79, 268089
0.80, 265598
0.80, 265519
0.80, 265179
0.81, 263595
0.81, 263196
0.81, 262129
0.81, 259197
0.81, 257673
0.81, 254735
0.81, 254680
0.82, 254275
0.82, 252497
0.84, 250917
0.84, 249887
0.84, 249391
0.84, 248812
0.84, 248179
0.84, 247524
0.84, 244863
0.84, 243767
0.84, 243428
0.84, 243327
0.84, 241716
0.84, 241457
0.84, 240778
0.84, 238643
0.84, 237748
0.84, 237005
0.84, 235618
0.84, 235318
0.84, 234952
0.84, 233379
0.84, 233244
0.84, 231432
0.84, 230653
0.84, 229266
0.84, 228864
0.84, 228844
0.91, 228437
0.91, 228416
0.91, 228151
0.92, 228114
0.92, 227666
0.92, 227592
0.92, 227099
0.92, 226474
0.92, 224719
0.92, 224023
0.92, 223573
0.92, 223094
0.92, 222887
0.92, 221955
0.92, 221949
0.92, 219835
0.92, 217923
0.92, 217504
0.92, 217116
0.92, 216046
0.92, 215650
0.92, 215455
0.92, 215190
0.92, 213909
0.92, 211216
0.92, 209622
0.92, 209301
0.92, 209231
0.95, 209034
0.95, 208385
0.95, 206506
0.95, 206437
0.95, 206245
0.95, 205521
0.95, 203259
0.95, 202774
0.95, 200870
0.95, 198622
0.98, 198499
0.98, 198003
0.98, 197184
0.98, 196847
0.98, 196435
0.98, 196137
0.98, 194104
0.99, 193588
0.99, 193139
0.99, 191575
0.99, 191127
0.99, 191093
0.99, 190972
0.99, 190511
0.99, 190414
0.99, 189139
0.99, 189015
0.99, 188694
0.99, 188330
0.99, 187680
0.99, 187506
0.99, 187035
0.99, 186733
0.99, 185550
1.03, 185452
1.03, 183981
1.04, 182954
1.04, 182689
1.04, 181947
1.04, 181060
1.04, 180389
1.04, 179096
1.05, 178639
1.05, 178324
1.07, 177830
1.07, 177128
1.07, 175576
1.07, 175406
1.07, 174295
1.07, 174201
1.07, 172371
1.07, 171408
1.07, 171108
1.07, 170543
1.07, 170324
1.07, 170073
1.07, 169772
1.09, 168758
1.09, 168049
1.09, 167247
1.09, 167241
1.09, 166844
1.09, 166051
1.09, 165818
1.09, 164619
1.09, 163961
1.10, 163531
1.10, 163241
1.10, 163038
1.10, 161870
1.10, 161838
1.10, 161409
1.10, 159796
1.10, 159280
1.12, 158786
1.12, 158561
1.12, 158348
1.12, 157242
1.12, 156763
1.12, 156150
1.12, 155818
1.12, 155573
1.13, 155059
1.13, 154888
1.13, 154810
1.13, 154783
1.13, 154767
1.13, 154099
1.13, 154031
1.13, 153695
1.13, 152234
1.13, 151593
1.14, 151524
1.14, 150649
1.16, 150539
1.22, 150179
1.22, 149574
1.23, 149360
1.24, 149020
1.24, 148967
1.24, 148206
1.24, 147996
1.24, 147982
1.24, 147260
1.24, 146995
1.24, 146772
1.24, 146660
1.24, 146383
1.24, 146274
1.24, 145647
1.24, 145311
1.24, 145157
1.24, 144864
1.24, 144859
1.24, 144663
1.25, 144504
1.25, 143937
1.29, 143380
1.29, 142685
1.29, 142368
1.29, 142184
1.29, 142041
1.29, 141798
1.29, 141762
1.32, 141685
1.32, 141613
1.32, 141491
1.32, 140822
1.32, 140579
1.32, 140547
1.32, 140391
1.32, 140119
1.37, 140110
1.37, 139858
1.38, 139099
1.38, 138859
1.38, 138790
1.38, 138527
1.38, 137447
1.41, 137084
1.46, 137061
1.46, 137036
1.46, 136851
1.46, 136770
1.47, 136663
1.47, 136077
1.47, 136074
1.47, 135858
1.48, 135732
1.48, 135698
1.48, 135670
1.51, 135445
1.51, 135335
1.51, 135317
1.51, 135262
1.53, 135259
1.59, 135191
1.61, 135056
1.61, 134863
1.61, 134763
1.67, 134743
1.87, 134731
1.87, 134714
3.13, 134622
4.69, 134479
4.69, 133905
4.69, 133741
4.69, 133672
4.69, 133554
4.70, 133426
4.84, 133210
4.85, 133026
4.85, 132976
6.69, 132960
6.80, 132948
6.80, 132931
6.83, 132898
6.84, 132881
