0.00,671302
0.00,648105
0.00,631220
0.00,602721
0.00,604955
0.00,585810
0.00,581940
0.00,581370
0.00,550680
0.00,537351
0.00,527058
0.00,519370
0.00,524558
0.00,508441
0.00,499745
0.00,485376
0.00,484527
0.00,488785
0.00,491670
0.00,485253
0.00,474639
0.00,471511
0.00,478773
0.00,463862
0.00,455127
0.00,451601
0.00,455963
0.00,442915
0.00,449684
0.00,454867
0.00,449972
0.00,447072
0.00,446675
0.00,430747
0.00,428377
0.00,423506
0.00,426271
0.00,428200
0.00,418536
0.00,409615
0.00,399450
0.00,394634
0.00,397559
0.00,392429
0.00,399434
0.00,391246
0.00,384926
0.00,383806
0.00,388659
0.00,387325
0.01,388939
0.01,386609
0.01,378043
0.01,373318
0.01,372192
0.01,368159
0.01,366104
0.01,362284
0.01,361206
0.01,361394
0.01,352743
0.01,343915
0.01,337792
0.01,335492
0.01,333464
0.01,334484
0.01,332178
0.01,331696
0.01,331600
0.01,324994
0.01,327108
0.01,328346
0.01,336575
0.01,334306
0.01,335455
0.01,325799
0.01,327948
0.01,321555
0.01,322149
0.01,343144
0.01,332458
0.01,326451
0.01,323096
0.01,317439
0.01,311713
0.01,313788
0.01,309305
0.01,311659
0.01,311409
0.01,310054
0.01,312707
0.01,311720
0.01,309891
0.01,306818
0.01,305564
0.01,310145
0.01,314200
0.01,327700
0.01,320821
0.01,313827
0.01,307160
0.01,308310
0.01,308588
0.01,310855
0.01,306343
0.01,301002
0.01,303123
0.01,299915
0.01,301002
0.01,305378
0.01,299956
0.01,295006
0.01,292213
0.01,290809
0.01,287253
0.01,283275
0.01,296060
0.01,299661
0.01,296572
0.01,293616
0.01,290747
0.01,286124
0.01,290537
0.01,287862
0.01,280512
0.01,277178
0.01,272006
0.01,269433
0.01,267851
0.01,266847
0.01,264200
0.01,262796
0.01,259664
0.01,259552
0.01,257001
0.01,252678
0.01,247645
0.01,241333
0.01,241904
0.01,242865
0.01,247085
0.01,245526
0.01,244430
0.01,245333
0.01,242364
0.01,237793
0.01,234868
0.01,233043
0.01,232758
0.01,235303
0.01,232761
0.01,231814
0.01,227615
0.01,227373
0.01,220939
0.01,217869
0.01,214763
0.01,216510
0.01,218424
0.01,221967
0.01,218753
0.01,217703
0.01,219732
0.01,221585
0.01,218542
0.01,218088
0.01,220738
0.01,221554
0.01,224396
0.01,228662
0.01,226491
0.01,233585
0.01,237720
0.01,235539
0.01,227470
0.01,223610
0.01,220296
0.01,223307
0.01,220092
0.01,216003
0.01,212204
0.01,209696
0.01,219405
0.01,214618
0.01,218076
0.01,220568
0.01,218136
0.01,221218
0.01,224626
0.01,225064
0.01,223435
0.01,224203
0.01,217658
0.01,218472
0.01,218464
0.01,222556
0.01,214531
0.01,214144
0.01,213760
0.01,215503
0.01,231180
0.01,226694
0.01,226247
0.01,221890
0.01,222645
0.01,220173
0.01,219088
0.01,215013
0.01,212717
0.01,210321
0.01,204415
0.01,201780
0.01,198765
0.01,199270
0.01,196013
0.01,193793
0.01,193681
0.01,193357
0.01,193384
0.01,204470
0.01,191046
0.01,194849
0.01,191473
0.01,190570
0.01,191493
0.01,192261
0.01,192679
0.01,197405
0.01,198135
0.01,201549
0.01,199881
0.01,198855
0.01,197304
0.01,197632
0.01,198751
0.01,203787
0.01,202618
0.01,204545
0.01,209488
0.01,202816
0.01,200968
0.01,198886
0.01,200611
0.01,201534
0.01,206202
0.01,207027
0.01,214697
0.01,201299
0.01,197938
0.01,197542
0.01,199940
0.01,196607
0.01,194368
0.01,193132
0.01,191262
0.01,191309
0.01,190238
0.01,189117
0.01,188835
0.01,190468
0.01,188148
0.02,187486
0.02,184862
0.02,184280
0.02,181420
0.02,181269
0.02,191153
0.02,199141
0.02,204751
0.02,218694
0.02,205184
0.02,201944
0.02,199594
0.02,199841
0.02,198880
0.02,193494
0.02,189232
0.02,190327
0.02,187293
0.02,181907
0.02,179662
0.02,180359
0.02,181988
0.02,182053
0.02,181597
0.02,181795
0.02,185328
0.02,185467
0.02,187478
0.02,193121
0.02,193647
0.02,194829
0.02,196349
0.02,204977
0.02,199852
0.02,200593
0.02,196408
0.02,196597
0.02,189201
0.02,187833
0.02,190549
0.02,192532
0.02,185284
0.02,184308
0.02,192248
0.02,202717
0.02,183693
0.02,177582
0.02,177360
0.02,175450
0.02,171914
0.02,169947
0.02,169679
0.02,168185
0.02,169028
0.02,166710
0.02,169058
0.02,165980
0.02,164517
0.02,168677
0.02,162692
0.02,164223
0.02,166260
0.02,167964
0.02,167169
0.02,165024
0.02,163984
0.02,162118
0.02,160777
0.02,159758
0.02,157993
0.02,156860
0.02,155756
0.02,158022
0.02,160076
0.02,160081
0.02,163502
0.02,164113
0.02,165091
0.02,165006
0.02,164045
0.02,161440
0.02,161133
0.02,158430
0.02,156601
0.02,155212
0.02,158434
0.02,160565
0.02,161964
0.02,163369
0.02,162680
0.02,158286
0.02,157206
0.02,155644
0.02,153944
0.02,152866
0.02,156137
0.02,155059
0.02,154781
0.02,152304
0.02,151297
0.02,150434
0.02,150746
0.02,151582
0.02,149898
0.02,148658
0.02,150890
0.02,153978
0.02,155144
0.02,154992
0.02,158355
0.02,160201
0.02,164449
0.02,167021
0.02,173186
0.02,167736
0.02,165991
0.02,167063
0.02,166469
0.02,168826
0.02,168914
0.02,170862
0.02,167239
0.02,163182
0.02,162020
0.02,160851
0.02,166040
0.02,170315
0.02,171468
0.02,172597
0.02,189288
0.02,172667
0.02,165608
0.02,162248
0.02,159487
0.02,155082
0.02,152733
0.02,153295
0.02,155001
0.02,152012
0.02,149727
0.02,150967
0.02,152975
0.02,153458
0.02,154103
0.02,153980
0.02,156223
0.02,159591
0.02,165626
0.02,161627
0.02,160555
0.02,161854
0.02,163006
0.02,164940
0.02,168054
0.02,171240
0.02,169988
0.02,164492
0.02,164241
0.02,164234
0.02,169873
0.02,173528
0.02,174189
0.02,178035
0.02,193567
0.02,176885
0.02,168109
0.02,166084
0.02,165065
0.02,159891
0.02,156592
0.02,156056
0.02,154565
0.02,152661
0.02,153449
0.02,154718
0.02,155264
0.02,151076
0.02,148346
0.02,147217
0.02,146141
0.02,145275
0.02,145388
0.02,144237
0.02,144346
0.02,144955
0.02,145110
0.02,144055
0.02,143477
0.02,142971
0.02,142468
0.02,142081
0.02,141824
0.02,141582
0.02,141356
0.02,142232
0.02,146557
0.02,145033
0.02,141509
0.02,143208
0.02,146850
0.02,140782
0.02,142925
0.02,143380
0.02,143451
0.02,139765
0.02,139609
