0.00,691913
0.00,677329
0.00,657372
0.00,642575
0.00,625083
0.00,601420
0.00,608225
0.00,564894
0.00,543856
0.00,544838
0.00,536317
0.00,527276
0.00,527629
0.00,519096
0.00,515973
0.00,494214
0.00,473971
0.00,469014
0.00,468464
0.00,463530
0.00,466731
0.00,462388
0.00,461011
0.00,454419
0.00,447455
0.00,431375
0.00,426643
0.00,424935
0.00,418758
0.00,418357
0.00,412032
0.00,414182
0.00,416730
0.00,421517
0.00,415655
0.00,406796
0.00,412574
0.00,420340
0.00,415165
0.00,412736
0.00,402596
0.00,401776
0.00,404756
0.00,405175
0.00,393978
0.00,391138
0.00,388418
0.00,376871
0.00,370753
0.00,372302
0.00,369761
0.00,369772
0.00,365577
0.00,367462
0.01,359652
0.01,363712
0.01,360661
0.01,364891
0.01,362793
0.01,356970
0.01,353713
0.01,343096
0.01,346928
0.01,342022
0.01,334008
0.01,332817
0.01,342811
0.01,325281
0.01,323652
0.01,331141
0.01,326874
0.01,328595
0.01,322910
0.01,316629
0.01,318047
0.01,315975
0.01,318547
0.01,310694
0.01,310170
0.01,307570
0.01,311348
0.01,312764
0.01,298681
0.01,296046
0.01,304031
0.01,307250
0.01,301143
0.01,294178
0.01,288837
0.01,284101
0.01,282979
0.01,281007
0.01,281105
0.01,276340
0.01,272912
0.01,278136
0.01,285790
0.01,276806
0.01,276087
0.01,275610
0.01,281443
0.01,277120
0.01,271659
0.01,270542
0.01,271274
0.01,270387
0.01,274633
0.01,276508
0.01,273659
0.01,266415
0.01,261510
0.01,259561
0.01,259558
0.01,257734
0.01,253257
0.01,251943
0.01,251386
0.01,250407
0.01,246831
0.01,245200
0.01,246172
0.01,244789
0.01,239583
0.01,236552
0.01,235752
0.01,232237
0.01,229246
0.01,228067
0.01,225351
0.01,225336
0.01,230896
0.01,233719
0.01,231375
0.01,227679
0.01,225594
0.01,222817
0.01,221012
0.01,219305
0.01,217283
0.01,215822
0.01,218890
0.01,221827
0.01,222551
0.01,220555
0.01,221324
0.01,218454
0.01,213451
0.01,210027
0.01,210566
0.01,206503
0.01,206098
0.01,209838
0.01,215120
0.01,217403
0.01,222897
0.01,219397
0.01,217989
0.01,217564
0.01,219742
0.01,218806
0.01,217031
0.01,214848
0.01,212259
0.01,208354
0.01,207729
0.01,207569
0.01,209092
0.01,213509
0.01,211868
0.01,213713
0.01,214793
0.01,214267
0.01,214869
0.01,212315
0.01,212853
0.01,214120
0.01,211943
0.01,213458
0.01,205687
0.01,203010
0.01,200471
0.01,201158
0.01,203738
0.01,204146
0.01,199142
0.01,203669
0.01,205926
0.01,211716
0.01,214304
0.01,210716
0.01,208500
0.01,207255
0.01,203777
0.01,203537
0.01,204858
0.01,204783
0.01,206165
0.01,213375
0.01,211084
0.01,208066
0.01,202912
0.01,199503
0.01,195984
0.01,192068
0.01,189558
0.01,187088
0.01,189397
0.01,190917
0.01,188030
0.01,189805
0.01,190028
0.01,190079
0.01,194003
0.01,195751
0.01,191440
0.01,188871
0.01,188667
0.01,184984
0.01,186319
0.01,188809
0.01,192685
0.01,193015
0.01,193226
0.01,196715
0.01,200121
0.01,195452
0.01,194840
0.01,192861
0.01,188618
0.01,188832
0.01,190344
0.01,193179
0.01,192575
0.01,197163
0.01,191128
0.01,187905
0.01,185713
0.01,183065
0.01,185362
0.01,185773
0.01,187807
0.01,189443
0.01,191953
0.01,193894
0.01,193460
0.01,202319
0.01,205150
0.01,199767
0.01,199466
0.01,198451
0.01,194869
0.01,196288
0.01,197388
0.01,192369
0.01,194697
0.02,203059
0.02,198518
0.02,198395
0.02,196605
0.02,192190
0.02,186199
0.02,183789
0.02,182873
0.02,182584
0.02,183887
0.02,183504
0.02,181815
0.02,180664
0.02,178535
0.02,180877
0.02,182593
0.02,180700
0.02,181910
0.02,182999
0.02,181949
0.02,181175
0.02,180622
0.02,181456
0.02,181161
0.02,181081
0.02,181035
0.02,180613
0.02,178613
0.02,175067
0.02,171931
0.02,173778
0.02,169397
0.02,167469
0.02,168455
0.02,169756
0.02,171407
0.02,172247
0.02,170803
0.02,169061
0.02,165670
0.02,167535
0.02,172670
0.02,168926
0.02,167574
0.02,166500
0.02,164068
0.02,162504
0.02,161296
0.02,162095
0.02,162425
0.02,162079
0.02,163926
0.02,160753
0.02,160044
0.02,158771
0.02,157702
0.02,156637
0.02,155733
0.02,156505
0.02,160665
0.02,154680
0.02,153576
0.02,153118
0.02,152893
0.02,151775
0.02,150948
0.02,151098
0.02,150154
0.02,149386
0.02,148792
0.02,148207
0.02,148850
0.02,147714
0.02,147661
0.02,146509
0.02,145545
0.02,145101
0.02,144670
0.02,144284
0.02,143925
0.02,143567
0.02,143902
0.02,142863
0.02,142600
0.02,142374
0.02,142169
0.02,142041
0.02,141936
0.02,141833
0.02,141749
0.02,141506
0.02,145317
0.02,146645
0.02,145137
0.02,143955
0.02,144272
0.02,146453
0.02,148538
0.02,150737
0.02,152619
0.02,155999
0.02,161018
0.02,159685
0.02,154994
0.02,155359
0.02,155006
0.02,152965
0.02,149015
0.02,148133
0.02,148978
0.02,146606
0.02,149474
0.02,155776
0.02,151327
0.02,146631
0.02,143830
0.02,142413
0.02,141095
0.02,141716
0.02,142796
0.02,143944
0.02,144928
0.02,146952
0.02,151327
0.02,149646
0.02,152077
0.02,154574
0.02,156784
0.02,159071
0.02,158483
0.02,152665
0.02,152857
0.02,152163
0.02,148171
0.02,145441
0.02,147006
0.02,147364
0.02,144938
0.02,146958
0.02,150184
0.02,145178
0.02,141971
0.02,139724
0.02,139299
0.02,138875
0.02,138644
0.02,138563
0.02,139713
0.02,139722
0.02,142188
0.02,144056
0.02,143646
0.02,141392
0.02,140659
0.02,138422
0.02,140065
0.02,141473
0.02,140552
0.02,139659
0.02,138097
0.02,136220
0.02,136191
0.02,136052
0.02,136024
0.02,135711
0.02,135686
